run 50000
Neighbor list info ...
  update every 20 steps, delay 0 steps, check no
  max neighbors/atom: 2000, page size: 100000
  master list distance cutoff = 2.8
  ghost atom cutoff = 2.8
  binsize = 1.4, bins = 11 11 11
  1 neighbor lists, perpetual/occasional/extra = 1 0 0
  (1) pair lj/cut, perpetual
      attributes: half, newton on
      pair build: half/bin/atomonly/newton
      stencil: half/bin/3d/newton
      bin: standard
Per MPI rank memory allocation (min/avg/max) = 2.735 | 2.735 | 2.735 Mbytes
Step Temp Press TotEng 
       0          1.1   -1.0961368  -0.57811025 
    1000    1.1358598   0.12197112  -0.73735079 
    2000    1.0616525   0.20222442  -0.82171463 
    3000    1.1167718  0.092484495  -0.76666098 
    4000    1.0634857  0.093581169  -0.88448225 
    5000    1.1363454   0.10555411  -0.80513084 
    6000    1.1084134   0.10941602  -0.84727127 
    7000    1.0971889   0.10597524  -0.85000748 
    8000    1.1162848  0.050987854  -0.83174014 
    9000    1.0733348  0.055412393  -0.92377132 
   10000    1.1526702   0.11490137  -0.77378934 
   11000    1.0735409  0.084033991  -0.81896933 
   12000    1.1159378  0.091131582  -0.79200968 
   13000    1.0769062  0.084190128  -0.85479104 
   14000    1.0897433   0.14271669  -0.83730351 
   15000    1.1315023   0.11756338  -0.80446736 
   16000    1.1278561  0.077694884  -0.85767794 
   17000    1.1315536  0.093829247  -0.76084872 
   18000    1.1117526     0.125594  -0.76848514 
   19000    1.0904034  0.098741101  -0.86397346 
   20000     1.120243  0.059950388  -0.79984096 
   21000    1.1149853   0.16015061  -0.71511177 
   22000      1.08036  0.095018709  -0.80772786 
   23000    1.0906046  0.016725307  -0.87709972 
   24000    1.0738125    0.1050046  -0.89801851 
   25000    1.1194713  0.029040718   -0.7715182 
   26000    1.0722696   0.13966757  -0.84934246 
   27000    1.1589867   0.13203528   -0.7420118 
   28000    1.0976179   0.14611842  -0.85021576 
   29000    1.1084521 -0.019420417   -0.8393284 
   30000    1.1274344   0.10509533  -0.83241458 
   31000    1.0967919   0.16536247    -0.856071 
   32000    1.0997054  0.097155696  -0.87304133 
   33000    1.1274325   0.15689728  -0.83600578 
   34000    1.0857275  0.057424033   -0.8771296 
   35000     1.087474  0.097007203  -0.86665502 
   36000    1.1118265   0.17745871  -0.82620377 
   37000    1.0135356  0.060136985  -0.98396329 
   38000    1.0669757  0.075285407  -0.91337889 
   39000    1.1148817   0.00788189  -0.81790619 
   40000    1.0979461   0.10572852   -0.8253191 
   41000    1.0679178   0.11478792  -0.85759696 
   42000    1.1181472   0.10708273  -0.75687313 
   43000    1.0941112  0.072987584  -0.82566842 
   44000    1.0958672  0.049570109  -0.89790541 
   45000    1.1037031   0.16202881  -0.81887014 
   46000    1.1052261   0.11831466  -0.78693422 
   47000     1.145214   0.12002877  -0.70377716 
   48000    1.0754105   0.15777459  -0.81693196 
   49000    1.1022687   0.15060608  -0.79446299 
   50000    1.1011913 -0.0077870544  -0.85751908 
Loop time of 20.3598 on 1 procs for 50000 steps with 1331 atoms

Performance: 848731.648 tau/day, 2455.821 timesteps/s
99.9% CPU use with 1 MPI tasks x no OpenMP threads

MPI task timing breakdown:
Section |  min time  |  avg time  |  max time  |%varavg| %total
---------------------------------------------------------------
Pair    | 15.489     | 15.489     | 15.489     |   0.0 | 76.08
Neigh   | 3.3368     | 3.3368     | 3.3368     |   0.0 | 16.39
Comm    | 0.55887    | 0.55887    | 0.55887    |   0.0 |  2.74
Output  | 0.022692   | 0.022692   | 0.022692   |   0.0 |  0.11
Modify  | 0.8384     | 0.8384     | 0.8384     |   0.0 |  4.12
Other   |            | 0.1138     |            |       |  0.56

Nlocal:    1331 ave 1331 max 1331 min
Histogram: 1 0 0 0 0 0 0 0 0 0
Nghost:    2146 ave 2146 max 2146 min
Histogram: 1 0 0 0 0 0 0 0 0 0
Neighs:    24710 ave 24710 max 24710 min
Histogram: 1 0 0 0 0 0 0 0 0 0

Total # of neighbors = 24710
Ave neighs/atom = 18.565
Neighbor list builds = 2500
Dangerous builds not checked

write_restart NVT/sim1/T_1.10__v_2.20/end1.restart
Total wall time: 0:00:20
