run 50000
Neighbor list info ...
  update every 20 steps, delay 0 steps, check no
  max neighbors/atom: 2000, page size: 100000
  master list distance cutoff = 2.8
  ghost atom cutoff = 2.8
  binsize = 1.4, bins = 16 16 16
  1 neighbor lists, perpetual/occasional/extra = 1 0 0
  (1) pair lj/cut, perpetual
      attributes: half, newton on
      pair build: half/bin/atomonly/newton
      stencil: half/bin/3d/newton
      bin: standard
Per MPI rank memory allocation (min/avg/max) = 2.7 | 2.7 | 2.7 Mbytes
Step Temp Press Volume Density PotEng KinEng TotEng 
       0          1.6   0.15443958        10648        0.125  -0.13561964    2.3981968    2.2625772 
    1000    1.5413434    0.1411372    12653.163   0.10519109  -0.61455206    2.3102781    1.6957261 
    2000    1.5761189   0.12569755    14104.619  0.094366253  -0.58124366    2.3624021    1.7811584 
    3000    1.6091018    0.1103385    15554.966  0.085567528   -0.5492814    2.4118393    1.8625579 
    4000    1.5980457   0.10888229    16863.938   0.07892581  -0.47414172    2.3952676    1.9211259 
    5000    1.6230855   0.11034015    17939.839  0.074192415   -0.4699109    2.4327991    1.9628882 
    6000    1.6849395   0.10944793    18934.997  0.070293119  -0.43965278    2.5255104    2.0858576 
    7000    1.5735905  0.096369559    19631.095  0.067800598  -0.43105017    2.3586124    1.9275623 
    8000    1.6357861   0.10066242    19306.139  0.068941801  -0.45156251    2.4518357    2.0002732 
    9000    1.5449158  0.092599955    19285.389  0.069015978  -0.43247588    2.3156327    1.8831568 
   10000    1.6572317   0.10906607    18648.256  0.071373966  -0.46064877    2.4839799    2.0233311 
   11000     1.541272   0.10286797    19079.081  0.069762272  -0.43088363     2.310171    1.8792873 
   12000    1.6057657   0.10594875    19103.145  0.069674391  -0.41967923    2.4068389    1.9871597 
   13000    1.5846177  0.094747074    19414.733  0.068556182  -0.41468637    2.3751407    1.9604543 
   14000    1.6223437   0.09819742    20097.533  0.066227032   -0.4043874    2.4316872    2.0272998 
   15000     1.573432  0.092152465    20792.699  0.064012853  -0.39219711    2.3583748    1.9661777 
   16000    1.6565643  0.099729949    19443.703  0.068454039  -0.42050096    2.4829796    2.0624786 
   17000    1.6051998  0.096997162    18965.307  0.070180778  -0.44555753    2.4059907    1.9604332 
   18000    1.6016226   0.11082062    18816.997  0.070733924  -0.43160025     2.400629    1.9690287 
   19000    1.5741011  0.094653919    19061.209  0.069827681   -0.4334678    2.3593777    1.9259099 
   20000    1.6070535   0.10477082     19808.08  0.067194802  -0.42827593    2.4087692    1.9804933 
   21000    1.6569193  0.097175806    20386.114  0.065289539  -0.38920409    2.4835116    2.0943075 
   22000    1.6121236  0.095291829    19940.919  0.066747175  -0.41040861    2.4163686      2.00596 
   23000    1.6179604   0.10025563    18785.763  0.070851527  -0.43288181    2.4251172    1.9922354 
   24000    1.5521242  0.098692716    18189.344  0.073174712  -0.43685186    2.3264371    1.8895852 
   25000    1.5872039  0.098445209    18654.685   0.07134937  -0.43798349    2.3790171    1.9410336 
   26000    1.6089914  0.092008802    20033.613  0.066438342  -0.40251641    2.4116738    2.0091574 
   27000    1.5885921  0.098850421    20126.878  0.066130474  -0.38537595    2.3810978    1.9957219 
   28000    1.5507296   0.10265999    19171.671   0.06942535  -0.40107089    2.3243468    1.9232759 
   29000    1.6348595   0.10027418    18985.554  0.070105934  -0.43337627    2.4504469    2.0170706 
   30000    1.5362023  0.097252021    19249.645  0.069144134  -0.40374028    2.3025722    1.8988319 
   31000    1.6302418   0.10579441    18748.981  0.070990523  -0.43597744    2.4435254     2.007548 
   32000    1.5575432  0.095918916    19207.731  0.069295015  -0.40676483    2.3345595    1.9277946 
   33000    1.5957383   0.09468654    19691.686  0.067591979    -0.406975    2.3918091    1.9848341 
   34000    1.6083123    0.1020758    20457.085  0.065063032  -0.37919471    2.4106559    2.0314612 
   35000    1.5805944   0.10148332    20421.635  0.065175976  -0.39135435    2.3691103    1.9777559 
   36000    1.6264103    0.1005391    18988.261  0.070095938  -0.41781929    2.4377825    2.0199632 
   37000    1.5440503   0.09318314    18940.971   0.07027095  -0.42762204    2.3143353    1.8867133 
   38000    1.6055963   0.10510708    18931.803  0.070304979  -0.43241134    2.4065849    1.9741736 
   39000    1.5883584  0.096196756    19418.254  0.068543753   -0.4159633    2.3807476    1.9647843 
   40000     1.638976  0.092025487    20330.347  0.065468631  -0.42396812    2.4566168    2.0326487 
   41000    1.5994121  0.096044513    20803.905  0.063978374   -0.4024728    2.3973157    1.9948429 
   42000    1.5979625  0.098532923    19414.945  0.068555434   -0.3990321    2.3951428    1.9961107 
   43000    1.5800879   0.10477203    19083.869  0.069744767  -0.41266164    2.3683512    1.9556896 
   44000    1.6465406   0.11309909    19349.918  0.068785821  -0.39391701    2.4679554    2.0740383 
   45000    1.5426849  0.097675099    20432.154  0.065142421  -0.38404747    2.3122888    1.9282413 
   46000    1.6780545   0.10901691    19727.845  0.067468089  -0.39820929    2.5151906    2.1169813 
   47000     1.577661  0.098898861    19738.417  0.067431953  -0.37367915    2.3647135    1.9910344 
   48000    1.6019868   0.10229297      19461.2  0.068392493  -0.40736022    2.4011748    1.9938146 
   49000    1.5391533  0.099740816    18823.327  0.070710135  -0.40732207    2.3069954    1.8996733 
   50000    1.6434235  0.099062753    18796.945  0.070809378  -0.40866956    2.4632832    2.0546136 
Loop time of 8.6308 on 1 procs for 50000 steps with 1331 atoms

Performance: 2002132.786 tau/day, 5793.208 timesteps/s
99.6% CPU use with 1 MPI tasks x no OpenMP threads

MPI task timing breakdown:
Section |  min time  |  avg time  |  max time  |%varavg| %total
---------------------------------------------------------------
Pair    | 4.258      | 4.258      | 4.258      |   0.0 | 49.33
Neigh   | 1.5603     | 1.5603     | 1.5603     |   0.0 | 18.08
Comm    | 0.35741    | 0.35741    | 0.35741    |   0.0 |  4.14
Output  | 0.026941   | 0.026941   | 0.026941   |   0.0 |  0.31
Modify  | 2.323      | 2.323      | 2.323      |   0.0 | 26.91
Other   |            | 0.1053     |            |       |  1.22

Nlocal:    1331 ave 1331 max 1331 min
Histogram: 1 0 0 0 0 0 0 0 0 0
Nghost:    1018 ave 1018 max 1018 min
Histogram: 1 0 0 0 0 0 0 0 0 0
Neighs:    4378 ave 4378 max 4378 min
Histogram: 1 0 0 0 0 0 0 0 0 0

Total # of neighbors = 4378
Ave neighs/atom = 3.28926
Neighbor list builds = 2500
Dangerous builds not checked

write_restart lattice_11_11_11__2_2_2/sim1/T_1.60__P_0.10/end1.restart
Total wall time: 0:00:08
