run 50000
Neighbor list info ...
  update every 20 steps, delay 0 steps, check no
  max neighbors/atom: 2000, page size: 100000
  master list distance cutoff = 2.8
  ghost atom cutoff = 2.8
  binsize = 1.4, bins = 11 11 11
  1 neighbor lists, perpetual/occasional/extra = 1 0 0
  (1) pair lj/cut, perpetual
      attributes: half, newton on
      pair build: half/bin/atomonly/newton
      stencil: half/bin/3d/newton
      bin: standard
Per MPI rank memory allocation (min/avg/max) = 2.735 | 2.735 | 2.735 Mbytes
Step Temp Press TotEng 
       0          0.4   -1.3719886   -1.6273214 
    1000   0.76931476 -0.0028231934   -2.4143005 
    2000   0.62722141 -0.052374817   -3.2970127 
    3000   0.52660509  0.025962022   -3.9439984 
    4000   0.43834899 -0.039694193   -4.3813284 
    5000   0.38909301 -0.070355004   -4.6315801 
    6000   0.38462488 -0.0033465069   -4.7004938 
    7000   0.40743086 -0.095546776   -4.6458544 
    8000   0.39139204 0.0059598751   -4.6356902 
    9000   0.40282106  0.016939479   -4.6860288 
   10000   0.39446848 -0.0052155585   -4.6951666 
   11000   0.41950588 -0.031623062   -4.6764866 
   12000   0.39671763 -0.055140959   -4.7193636 
   13000   0.39341266 -0.062375206   -4.7097098 
   14000   0.40739921 -0.022830672   -4.6930931 
   15000   0.39652584 -0.016358525   -4.7024689 
   16000   0.39370651  -0.10400241   -4.6914576 
   17000   0.38929488  -0.12333397    -4.654565 
   18000   0.39428398 -0.063604398   -4.6865548 
   19000   0.40598795 -0.013613364   -4.7098604 
   20000   0.40964465 -0.059781689   -4.7116843 
   21000   0.39607022 -0.0077223164   -4.7184507 
   22000   0.40027502 -0.057046819   -4.7365645 
   23000   0.40302994 -0.079600494     -4.77228 
   24000    0.4085857 -0.070407796   -4.7858156 
   25000   0.40054523  -0.10317645   -4.7796363 
   26000   0.39422739 -0.058388116   -4.7784734 
   27000   0.41038087  -0.14493386   -4.7907162 
   28000   0.40375842  -0.12529115   -4.8447497 
   29000   0.40514128 -0.017114358   -4.8713705 
   30000   0.40405012 -0.061951684    -4.861606 
   31000   0.41055234 -0.085544669   -4.8339925 
   32000   0.39017928  -0.14738266   -4.8886296 
   33000   0.39219053  -0.06223526   -4.9018977 
   34000   0.39298701  -0.11606551   -4.9034535 
   35000   0.40157776  -0.09372608      -4.9562 
   36000   0.39357229 -0.0048884476   -4.9781037 
   37000    0.4170257 -0.030153392   -4.9291184 
   38000   0.40741989 -0.082490959   -4.9428267 
   39000   0.39602469   -0.1200366   -4.9976668 
   40000   0.38975567  -0.16936209   -5.0118003 
   41000   0.40920751  -0.10157616   -4.9893268 
   42000   0.40647185  -0.13557339   -5.0316888 
   43000   0.38454593 -0.074825518   -5.0706461 
   44000   0.39700619  -0.10497692   -5.0634098 
   45000   0.41765981 -0.057789472   -5.0289948 
   46000   0.39324713  -0.14189081   -5.0646127 
   47000   0.39004236  -0.13111059   -5.0604932 
   48000   0.40411239  -0.10454496   -5.0269133 
   49000   0.39313288 -0.018512527   -5.0658707 
   50000    0.4011884 0.0012449605   -5.0688465 
Loop time of 37.3655 on 1 procs for 50000 steps with 1331 atoms

Performance: 462458.642 tau/day, 1338.133 timesteps/s
99.9% CPU use with 1 MPI tasks x no OpenMP threads

MPI task timing breakdown:
Section |  min time  |  avg time  |  max time  |%varavg| %total
---------------------------------------------------------------
Pair    | 31.082     | 31.082     | 31.082     |   0.0 | 83.18
Neigh   | 4.8029     | 4.8029     | 4.8029     |   0.0 | 12.85
Comm    | 0.25981    | 0.25981    | 0.25981    |   0.0 |  0.70
Output  | 0.025968   | 0.025968   | 0.025968   |   0.0 |  0.07
Modify  | 1.0979     | 1.0979     | 1.0979     |   0.0 |  2.94
Other   |            | 0.09703    |            |       |  0.26

Nlocal:    1331 ave 1331 max 1331 min
Histogram: 1 0 0 0 0 0 0 0 0 0
Nghost:    630 ave 630 max 630 min
Histogram: 1 0 0 0 0 0 0 0 0 0
Neighs:    45475 ave 45475 max 45475 min
Histogram: 1 0 0 0 0 0 0 0 0 0

Total # of neighbors = 45475
Ave neighs/atom = 34.166
Neighbor list builds = 2500
Dangerous builds not checked

write_restart NVT/sim1/T_0.40__v_2.20/end1.restart
Total wall time: 0:00:37
