run 50000
Neighbor list info ...
  update every 20 steps, delay 0 steps, check no
  max neighbors/atom: 2000, page size: 100000
  master list distance cutoff = 2.8
  ghost atom cutoff = 2.8
  binsize = 1.4, bins = 13 13 13
  1 neighbor lists, perpetual/occasional/extra = 1 0 0
  (1) pair lj/cut, perpetual
      attributes: half, newton on
      pair build: half/bin/atomonly/newton
      stencil: half/bin/3d/newton
      bin: standard
Per MPI rank memory allocation (min/avg/max) = 2.742 | 2.742 | 2.742 Mbytes
Step Temp Press TotEng 
       0          1.7  0.052286868    1.9030112 
    1000    1.7625169   0.35858541    1.3761103 
    2000    1.6203769   0.33074274    1.1332219 
    3000    1.7343071   0.33720605    1.3061097 
    4000    1.6683419   0.32927059    1.2246162 
    5000    1.7268982    0.3373739     1.264936 
    6000    1.7601872   0.34038702    1.3262555 
    7000    1.6523388   0.29508148    1.1844797 
    8000    1.7282279   0.31840837    1.3104631 
    9000     1.720019   0.34248275    1.2384586 
   10000    1.6856762   0.35585599    1.2536623 
   11000    1.7381696   0.29320406    1.2689198 
   12000    1.6626402   0.32273836    1.1827898 
   13000    1.7108235   0.34033627    1.2763666 
   14000    1.7052994   0.30833339    1.2582571 
   15000    1.7220516   0.29987473    1.2813263 
   16000    1.6719158   0.30778563    1.1633675 
   17000     1.766844   0.28670832    1.3490709 
   18000    1.7043383   0.31894083    1.2234777 
   19000    1.6916214   0.33180079    1.2642104 
   20000    1.8053336   0.37489528    1.4424127 
   21000    1.6747664   0.32524206    1.2449411 
   22000    1.6798343   0.30555793    1.2332248 
   23000    1.7693701   0.33418166    1.3620426 
   24000    1.6692104   0.27825866    1.1732222 
   25000    1.7191661   0.36736747    1.2840397 
   26000    1.6142759   0.29939763    1.0905121 
   27000    1.6878157   0.34578218    1.2404045 
   28000    1.7329892   0.35055478    1.2803704 
   29000    1.6396615   0.32690065    1.1708032 
   30000    1.7404814    0.3122035    1.3436082 
   31000    1.6853932   0.33007671    1.2289865 
   32000     1.679509   0.33283907     1.275517 
   33000    1.7580189   0.34991634         1.35 
   34000    1.6780832   0.31593914    1.1799803 
   35000    1.7396503   0.36466313    1.3319584 
   36000    1.6956551   0.34727526    1.2405052 
   37000    1.7207573   0.29575161    1.2513147 
   38000    1.6276445   0.29306301    1.1060041 
   39000    1.7153708    0.3170604    1.2456627 
   40000    1.7170715   0.34797822    1.2721665 
   41000    1.6336271    0.2621724     1.114543 
   42000    1.7205121   0.35556247    1.2871999 
   43000    1.6808755   0.28989323    1.2134143 
   44000    1.7271686   0.30514571    1.2952967 
   45000     1.706554    0.3319184    1.2681321 
   46000     1.652991   0.33005992    1.2064511 
   47000    1.7288828   0.29200154    1.2975868 
   48000    1.6827063   0.32697948    1.2352904 
   49000     1.690534    0.3447525    1.2628073 
   50000    1.6840749   0.30746774    1.1911011 
Loop time of 13.3535 on 1 procs for 50000 steps with 1331 atoms

Performance: 1294037.965 tau/day, 3744.323 timesteps/s
99.9% CPU use with 1 MPI tasks x no OpenMP threads

MPI task timing breakdown:
Section |  min time  |  avg time  |  max time  |%varavg| %total
---------------------------------------------------------------
Pair    | 9.2241     | 9.2241     | 9.2241     |   0.0 | 69.08
Neigh   | 2.713      | 2.713      | 2.713      |   0.0 | 20.32
Comm    | 0.45214    | 0.45214    | 0.45214    |   0.0 |  3.39
Output  | 0.023151   | 0.023151   | 0.023151   |   0.0 |  0.17
Modify  | 0.84062    | 0.84062    | 0.84062    |   0.0 |  6.30
Other   |            | 0.1005     |            |       |  0.75

Nlocal:    1331 ave 1331 max 1331 min
Histogram: 1 0 0 0 0 0 0 0 0 0
Nghost:    1779 ave 1779 max 1779 min
Histogram: 1 0 0 0 0 0 0 0 0 0
Neighs:    14092 ave 14092 max 14092 min
Histogram: 1 0 0 0 0 0 0 0 0 0

Total # of neighbors = 14092
Ave neighs/atom = 10.5875
Neighbor list builds = 2500
Dangerous builds not checked

write_restart NVT/sim1/T_1.70__v_4.10/end1.restart
Total wall time: 0:00:13
