run 50000
Neighbor list info ...
  update every 20 steps, delay 0 steps, check no
  max neighbors/atom: 2000, page size: 100000
  master list distance cutoff = 2.8
  ghost atom cutoff = 2.8
  binsize = 1.4, bins = 10 10 10
  1 neighbor lists, perpetual/occasional/extra = 1 0 0
  (1) pair lj/cut, perpetual
      attributes: half, newton on
      pair build: half/bin/atomonly/newton
      stencil: half/bin/3d/newton
      bin: standard
Per MPI rank memory allocation (min/avg/max) = 2.742 | 2.742 | 2.742 Mbytes
Step Temp Press TotEng 
       0          1.7   -1.3144263   -0.6818872 
    1000    1.5762616    0.8507675  -0.25872484 
    2000    1.7759757   0.89568012  0.023015581 
    3000    1.6541202    0.7699222  -0.17948355 
    4000    1.7123773   0.82320983 -0.032503249 
    5000    1.7069842   0.84442219 -0.081198081 
    6000    1.7028972   0.74779591  -0.11906305 
    7000    1.7635464   0.98718992  0.036216814 
    8000    1.7098331   0.80510811 -0.091732679 
    9000     1.679974   0.89929027  -0.11775611 
   10000    1.7905626    0.8470779 -0.0033074382 
   11000    1.6601687   0.82777137  -0.18691933 
   12000    1.6934847   0.93013292 -0.077107733 
   13000    1.7056633   0.86344744 -0.086972693 
   14000    1.6578496   0.71255215  -0.18159655 
   15000     1.753741   0.88012308 -0.035506123 
   16000    1.6868377   0.79994351  -0.12260788 
   17000    1.6654265   0.94002194  -0.12278946 
   18000    1.7384232   0.81990983 -0.066778221 
   19000    1.6524273   0.78478893  -0.15323906 
   20000     1.746689   0.99261179  0.015663462 
   21000    1.6712253   0.78752755  -0.14440333 
   22000    1.7455389   0.87070398 -0.046140112 
   23000    1.6720977   0.80418177  -0.12433553 
   24000    1.6784196   0.86089128  -0.13571486 
   25000    1.7174778   0.88906014 -0.066065532 
   26000    1.6612127   0.85356477  -0.17693121 
   27000    1.6998639   0.93402242 -0.086482765 
   28000    1.7213337   0.82949105 -0.083004276 
   29000    1.6495584     0.833152   -0.1571741 
   30000    1.7647537   0.81512422 -0.0075838055 
   31000     1.657717   0.96719698  -0.12968771 
   32000    1.7569327   0.83521918 -0.019363806 
   33000    1.7231823   0.96440661 0.0084198768 
   34000    1.7089253   0.78170694  -0.13183401 
   35000    1.7136701   0.98319043 -0.056181062 
   36000    1.6723967   0.85321622  -0.12010757 
   37000    1.6691949   0.96470525  -0.12298275 
   38000    1.7253335   0.87486083 -0.052833379 
   39000    1.6239367    0.7783304  -0.23524885 
   40000     1.721124    0.8528411 -0.041895809 
   41000    1.6785206   0.85143151  -0.13878565 
   42000    1.7105781   0.94540938 -0.054010024 
   43000    1.7251314   0.89714183 -0.061265888 
   44000    1.6737672   0.89370734  -0.10941473 
   45000    1.6728637   0.97066658 -0.075802405 
   46000    1.7016523   0.78167734  -0.10530843 
   47000    1.6995901    0.9846436  -0.10280722 
   48000    1.7236516    1.0466859 -0.024404023 
   49000    1.6959083   0.66310638  -0.19105289 
   50000    1.7248502   0.81504663 -0.049352862 
Loop time of 23.7845 on 1 procs for 50000 steps with 1331 atoms

Performance: 726524.570 tau/day, 2102.212 timesteps/s
99.9% CPU use with 1 MPI tasks x no OpenMP threads

MPI task timing breakdown:
Section |  min time  |  avg time  |  max time  |%varavg| %total
---------------------------------------------------------------
Pair    | 18.77      | 18.77      | 18.77      |   0.0 | 78.92
Neigh   | 3.4004     | 3.4004     | 3.4004     |   0.0 | 14.30
Comm    | 0.61589    | 0.61589    | 0.61589    |   0.0 |  2.59
Output  | 0.024129   | 0.024129   | 0.024129   |   0.0 |  0.10
Modify  | 0.85151    | 0.85151    | 0.85151    |   0.0 |  3.58
Other   |            | 0.1229     |            |       |  0.52

Nlocal:    1331 ave 1331 max 1331 min
Histogram: 1 0 0 0 0 0 0 0 0 0
Nghost:    2316 ave 2316 max 2316 min
Histogram: 1 0 0 0 0 0 0 0 0 0
Neighs:    29267 ave 29267 max 29267 min
Histogram: 1 0 0 0 0 0 0 0 0 0

Total # of neighbors = 29267
Ave neighs/atom = 21.9887
Neighbor list builds = 2500
Dangerous builds not checked

write_restart NVT/sim1/T_1.70__v_1.73/end1.restart
Total wall time: 0:00:23
