run 50000
Neighbor list info ...
  update every 20 steps, delay 0 steps, check no
  max neighbors/atom: 2000, page size: 100000
  master list distance cutoff = 2.8
  ghost atom cutoff = 2.8
  binsize = 1.4, bins = 16 16 16
  1 neighbor lists, perpetual/occasional/extra = 1 0 0
  (1) pair lj/cut, perpetual
      attributes: half, newton on
      pair build: half/bin/atomonly/newton
      stencil: half/bin/3d/newton
      bin: standard
Per MPI rank memory allocation (min/avg/max) = 2.7 | 2.7 | 2.7 Mbytes
Step Temp Press Volume Density PotEng KinEng TotEng 
       0          0.3 -0.0079383306        10648        0.125  -0.13561964   0.44966191   0.31404227 
    1000   0.85764992  0.094431545    4308.5193   0.30892284   -1.9719239    1.2855083  -0.68641555 
    2000   0.74318704  -0.12426716    2430.2748    0.5476747   -3.6113985     1.113943   -2.4974555 
    3000   0.68145112   0.47986963    1617.4448   0.82290288   -5.1045662    1.0214087   -4.0831575 
    4000   0.48421764   0.79359908    1446.6486   0.92005754   -5.8696612   0.72578077   -5.1438805 
    5000   0.33610334   0.99401096    1384.6471   0.96125577   -6.2060815   0.50377623   -5.7023053 
    6000   0.27420757    1.0495734    1359.5562   0.97899593   -6.3570043   0.41100232    -5.946002 
    7000   0.29060781   0.98006423    1358.1114   0.98003743   -6.3817057    0.4355842   -5.9461215 
    8000   0.32260771    1.0060949    1364.7242   0.97528865   -6.3342575   0.48354799   -5.8507095 
    9000   0.29263256    1.0680544      1359.85   0.97878443   -6.3558529   0.43861905   -5.9172339 
   10000    0.2852065   0.98120008    1354.2264   0.98284892   -6.4079191   0.42748833   -5.9804308 
   11000   0.30676262   0.93540273    1360.0053   0.97867267   -6.3791424   0.45979822   -5.9193441 
   12000    0.3119631   0.90155411      1359.92   0.97873404   -6.3881859   0.46759307   -5.9205928 
   13000   0.29323933   0.87780633    1354.1693   0.98289037   -6.4301508   0.43952852   -5.9906223 
   14000   0.30577447   0.85395516    1357.0583   0.98079795   -6.4125923    0.4583171   -5.9542752 
   15000   0.31211599   0.83963578    1361.3283   0.97772151   -6.3854318   0.46782223   -5.9176095 
   16000    0.2869717   0.83556763    1356.0701   0.98151271   -6.4195835   0.43013414   -5.9894494 
   17000   0.29404473   0.84083682    1353.6444    0.9832715    -6.436164   0.44073571   -5.9954283 
   18000    0.3097163   0.84414847    1358.1405   0.98001645    -6.405902   0.46422541   -5.9416766 
   19000   0.29318296   0.85851907    1356.4886    0.9812099   -6.4153705   0.43944403   -5.9759265 
   20000   0.30032488   0.82734228    1351.3213   0.98496188   -6.4623686   0.45014887   -6.0122197 
   21000   0.30426954   0.93054027    1352.8569   0.98384392   -6.4283162    0.4560614   -5.9722548 
   22000   0.30406298    1.0365748    1351.2715   0.98499823   -6.4206235   0.45575179   -5.9648717 
   23000   0.29601658   0.95585007     1347.461   0.98778368   -6.4601524   0.44369127   -6.0164611 
   24000   0.29054117    1.0091039    1349.7956   0.98607525    -6.438541   0.43548433   -6.0030566 
   25000   0.30939035   0.89851825    1353.2778   0.98353788   -6.4347219   0.46373685   -5.9709851 
   26000    0.2896893    0.9230623    1350.1761   0.98579737   -6.4485655   0.43420748   -6.0143581 
   27000   0.28802187   0.84863405    1349.2676   0.98646106   -6.4695656   0.43170822   -6.0378574 
   28000   0.30091264   0.89160728    1351.6131   0.98474923    -6.443204   0.45102984   -5.9921742 
   29000   0.30848276   0.83706416    1350.7249   0.98539683   -6.4632453   0.46237648   -6.0008688 
   30000   0.29727022   0.95225151    1343.5986   0.99062321   -6.4906825   0.44557032   -6.0451122 
   31000   0.29660912    1.0907697    1340.8795   0.99263205   -6.4905816   0.44457941   -6.0460022 
   32000   0.30097603    1.0531892    1339.7712   0.99345319   -6.4982848   0.45112485   -6.0471599 
   33000   0.29279805    1.0833795    1334.7035   0.99722523   -6.5329279    0.4388671   -6.0940608 
   34000   0.29679091    1.1570683    1332.6429   0.99876719   -6.5395392   0.44485189   -6.0946874 
   35000   0.30670935    1.1104635    1336.6186   0.99579644   -6.5147533   0.45971837   -6.0550349 
   36000   0.30187018    1.0554162    1336.1591   0.99613887   -6.5329901   0.45246508    -6.080525 
   37000   0.30092844   0.91065282      1335.36   0.99673498   -6.5600479   0.45105352   -6.1089944 
   38000   0.30717418   0.98775917    1337.7384   0.99496287   -6.5318923   0.46041509   -6.0714772 
   39000   0.30110466   0.99626211    1337.9007   0.99484217   -6.5289387   0.45131765   -6.0776211 
   40000   0.30073908    1.0045419    1332.1393   0.99914473     -6.57101    0.4507697   -6.1202403 
   41000   0.29372114    1.0970206    1332.0674    0.9991987   -6.5487398    0.4402507   -6.1084891 
   42000    0.3109301    1.1153328    1331.5384   0.99959563   -6.5571853   0.46604475   -6.0911406 
   43000   0.30680609     1.173804    1326.6934    1.0032461   -6.5833298   0.45986337   -6.1234665 
   44000   0.30211406    1.1720538    1326.9396      1.00306    -6.579793   0.45283061   -6.1269624 
   45000   0.30141398    1.1708903    1330.9764    1.0000178   -6.5492518   0.45178128   -6.0974705 
   46000   0.30345022    1.0263118    1330.3972    1.0004531   -6.5763126   0.45483335   -6.1214793 
   47000   0.29024144    1.0421882    1329.8138     1.000892   -6.5806658   0.43503506   -6.1456307 
   48000   0.30256013    1.0221126    1332.4296   0.99892704    -6.563669   0.45349923   -6.1101698 
   49000   0.30140996    1.0090479    1333.0199   0.99848474   -6.5625144   0.45177526   -6.1107391 
   50000    0.2975419   0.93375849    1330.7248    1.0002068   -6.5908689   0.44597753   -6.1448914 
Loop time of 43.5605 on 1 procs for 50000 steps with 1331 atoms

Performance: 396689.496 tau/day, 1147.828 timesteps/s
99.9% CPU use with 1 MPI tasks x no OpenMP threads

MPI task timing breakdown:
Section |  min time  |  avg time  |  max time  |%varavg| %total
---------------------------------------------------------------
Pair    | 35.369     | 35.369     | 35.369     |   0.0 | 81.20
Neigh   | 5.1389     | 5.1389     | 5.1389     |   0.0 | 11.80
Comm    | 0.74732    | 0.74732    | 0.74732    |   0.0 |  1.72
Output  | 0.025033   | 0.025033   | 0.025033   |   0.0 |  0.06
Modify  | 2.0535     | 2.0535     | 2.0535     |   0.0 |  4.71
Other   |            | 0.2267     |            |       |  0.52

Nlocal:    1331 ave 1331 max 1331 min
Histogram: 1 0 0 0 0 0 0 0 0 0
Nghost:    3215 ave 3215 max 3215 min
Histogram: 1 0 0 0 0 0 0 0 0 0
Neighs:    58923 ave 58923 max 58923 min
Histogram: 1 0 0 0 0 0 0 0 0 0

Total # of neighbors = 58923
Ave neighs/atom = 44.2697
Neighbor list builds = 2500
Dangerous builds not checked

write_restart lattice_11_11_11__2_2_2/sim1/T_0.30__P_1.00/end1.restart
Total wall time: 0:00:43
