run 50000
Neighbor list info ...
  update every 20 steps, delay 0 steps, check no
  max neighbors/atom: 2000, page size: 100000
  master list distance cutoff = 2.8
  ghost atom cutoff = 2.8
  binsize = 1.4, bins = 21 21 21
  1 neighbor lists, perpetual/occasional/extra = 1 0 0
  (1) pair lj/cut, perpetual
      attributes: half, newton on
      pair build: half/bin/atomonly/newton
      stencil: half/bin/3d/newton
      bin: standard
Per MPI rank memory allocation (min/avg/max) = 2.731 | 2.731 | 2.731 Mbytes
Step Temp Press TotEng 
       0          0.5   0.02546406   0.73710746 
    1000   0.59682198  0.023776483   0.51639293 
    2000   0.53798559  0.014540198   0.25251373 
    3000   0.50105491 0.0073558939   0.08818132 
    4000    0.5180698 0.0037994334 -0.059575682 
    5000   0.51663389  0.011047096  -0.22119725 
    6000   0.51271321 0.0081697251  -0.38291331 
    7000   0.51686629 0.0069202144  -0.55396263 
    8000   0.53489321 0.0038452228  -0.73944517 
    9000   0.55179059   0.01303647  -0.93384402 
   10000   0.53732406 0.00064730279   -1.1387159 
   11000    0.5299146 -0.0063891489   -1.3366069 
   12000   0.51519129 0.0043032296    -1.516816 
   13000   0.50896827 -0.0006188708   -1.6704743 
   14000   0.52746261 0.0054512269   -1.8110059 
   15000   0.48178995 0.0036642116   -1.9205057 
   16000   0.49872387   0.00458492   -2.0162174 
   17000   0.48718073 0.0032879318   -2.0935777 
   18000   0.49466407 0.0012210924   -2.1191847 
   19000   0.50714954 -0.0010643397   -2.2019886 
   20000   0.50775577 0.0054293249   -2.2757344 
   21000   0.50271626 0.0013502987   -2.3341009 
   22000   0.53125616 -0.0030670238   -2.4026447 
   23000   0.49387306 0.0092505231   -2.4501945 
   24000   0.50005465 0.0016528497   -2.5103975 
   25000   0.51352734 -0.00022680876   -2.5444578 
   26000   0.50449233 0.0093522558   -2.6086286 
   27000   0.50285003 0.00036565398   -2.6497559 
   28000   0.49283812 -0.0014964839   -2.7061067 
   29000   0.50307197 -0.00016110907   -2.7480477 
   30000   0.52439283 -0.0020440659   -2.8169515 
   31000   0.50987739 -0.0082299726   -2.8912338 
   32000   0.50991601 0.0060369392   -2.9675844 
   33000   0.51805871 0.0046251618   -3.0305843 
   34000   0.50629091 -0.0039130479   -3.0790572 
   35000   0.48699106 -0.0063056466    -3.075699 
   36000   0.50301818 -0.0017980324   -3.0457323 
   37000   0.50383078 -0.0029293475   -3.0868331 
   38000   0.49696093 0.00033507182   -3.1234012 
   39000   0.47865814  0.016528818   -3.1883448 
   40000   0.49742884  0.011019805   -3.1861274 
   41000   0.50495934 -0.0070356282   -3.1398803 
   42000   0.51098259 -0.0081969881   -3.1273616 
   43000   0.51443049 -0.0098034161   -3.1920308 
   44000   0.48162741 -0.0096558597   -3.2571965 
   45000   0.50794358 -0.0029721894   -3.2915551 
   46000   0.48605328 0.0075143447   -3.3060749 
   47000   0.50925342 -0.0018618969    -3.258104 
   48000   0.47734022 -0.0006037035   -3.2775079 
   49000   0.47676348 -0.0064254253    -3.324704 
   50000   0.49189841 -0.005579806   -3.2723872 
Loop time of 15.6527 on 1 procs for 50000 steps with 1331 atoms

Performance: 1103965.713 tau/day, 3194.345 timesteps/s
99.9% CPU use with 1 MPI tasks x no OpenMP threads

MPI task timing breakdown:
Section |  min time  |  avg time  |  max time  |%varavg| %total
---------------------------------------------------------------
Pair    | 12.197     | 12.197     | 12.197     |   0.0 | 77.92
Neigh   | 2.1436     | 2.1436     | 2.1436     |   0.0 | 13.69
Comm    | 0.34493    | 0.34493    | 0.34493    |   0.0 |  2.20
Output  | 0.023702   | 0.023702   | 0.023702   |   0.0 |  0.15
Modify  | 0.8503     | 0.8503     | 0.8503     |   0.0 |  5.43
Other   |            | 0.09315    |            |       |  0.60

Nlocal:    1331 ave 1331 max 1331 min
Histogram: 1 0 0 0 0 0 0 0 0 0
Nghost:    1728 ave 1728 max 1728 min
Histogram: 1 0 0 0 0 0 0 0 0 0
Neighs:    30256 ave 30256 max 30256 min
Histogram: 1 0 0 0 0 0 0 0 0 0

Total # of neighbors = 30256
Ave neighs/atom = 22.7318
Neighbor list builds = 2500
Dangerous builds not checked

write_restart NVT/sim1/T_0.50__v_19.68/end1.restart
Total wall time: 0:00:15
