run 50000
Neighbor list info ...
  update every 20 steps, delay 0 steps, check no
  max neighbors/atom: 2000, page size: 100000
  master list distance cutoff = 2.8
  ghost atom cutoff = 2.8
  binsize = 1.4, bins = 16 16 16
  1 neighbor lists, perpetual/occasional/extra = 1 0 0
  (1) pair lj/cut, perpetual
      attributes: half, newton on
      pair build: half/bin/atomonly/newton
      stencil: half/bin/3d/newton
      bin: standard
Per MPI rank memory allocation (min/avg/max) = 2.7 | 2.7 | 2.7 Mbytes
Step Temp Press Volume Density PotEng KinEng TotEng 
       0          1.4   0.12945836        10648        0.125  -0.13561964    2.0984222    1.9628026 
    1000    1.7552046   0.27687451    7867.6537   0.16917369  -0.93725753    2.6308289    1.6935714 
    2000    1.5291266   0.27232895     6311.298   0.21089164   -1.2222028    2.2919666    1.0697637 
    3000    1.4580301   0.25627282    5219.1602   0.25502187   -1.5487891     2.185402   0.63661291 
    4000    1.4183697   0.22544677    4425.0182   0.30078972   -1.7683521    2.1259561   0.35760395 
    5000    1.4178265    0.3542987    3868.5773   0.34405413    -1.996249    2.1251418   0.12889288 
    6000    1.3937869   0.39951513    3471.8979   0.38336381   -2.1784311    2.0891096 -0.089321534 
    7000     1.388407    0.4627645    3179.2708   0.41864946   -2.3874521    2.0810458  -0.30640632 
    8000    1.4026997   0.35505253    2984.1195   0.44602772   -2.5411807    2.1024688  -0.43871185 
    9000    1.3973961   0.44029187    2852.4577   0.46661516   -2.6494836    2.0945193  -0.55496435 
   10000    1.3632742   0.50238807    2767.2746   0.48097865   -2.7102411     2.043375  -0.66686612 
   11000    1.3844588   0.51621837     2730.541   0.48744918    -2.750813    2.0751279  -0.67568504 
   12000    1.4008081   0.43522316    2771.2479   0.48028905   -2.7483856    2.0996335  -0.64875209 
   13000    1.4035217   0.52220022    2748.6288   0.48424145   -2.7207667    2.1037008   -0.6170659 
   14000    1.3911962   0.56041604    2797.9291   0.47570898   -2.6819806    2.0852264   -0.5967542 
   15000     1.412823   0.62221191    2819.5109   0.47206769   -2.6189913    2.1176423  -0.50134902 
   16000     1.407934    0.4184093    2817.7984   0.47235458   -2.7130379    2.1103144  -0.60272351 
   17000    1.4092052   0.46507315    2741.1311   0.48556598   -2.7482511    2.1122197  -0.63603141 
   18000    1.3643926    0.4547278    2769.5701      0.48058   -2.7547491    2.0450513  -0.70969783 
   19000    1.4230658   0.47079249    2719.5051   0.48942728   -2.7667764    2.1329949  -0.63378147 
   20000    1.4030318   0.56338187    2763.3039   0.48166978   -2.6960066    2.1029666  -0.59304004 
   21000     1.350277   0.50265461     2814.424   0.47292093   -2.6748524    2.0238938  -0.65095852 
   22000    1.4720829   0.58721939     2754.894   0.48314019   -2.7581374    2.2064653  -0.55167214 
   23000     1.382594   0.60875808    2803.4618   0.47477015   -2.6943149    2.0723328  -0.62198206 
   24000    1.3806954   0.47815766    2783.9533   0.47809711   -2.6850554    2.0694872  -0.61556825 
   25000     1.417249   0.63083768    2626.9581   0.50666967   -2.8659114    2.1242763  -0.74163508 
   26000    1.3615747   0.46230114    2669.3244   0.49862804   -2.8195066    2.0408276  -0.77867898 
   27000    1.3964523   0.47538194    2761.1771   0.48204079   -2.7638512    2.0931047  -0.67074659 
   28000    1.3961848   0.48685531    2787.4762   0.47749287   -2.7365848    2.0927037  -0.64388118 
   29000    1.4533074   0.62540619    2735.6631   0.48653652   -2.7323117    2.1783232  -0.55398851 
   30000    1.4045714   0.44189875    2807.3717   0.47410893   -2.7500177    2.1052742  -0.64474355 
   31000    1.3898625    0.4695593    2755.3952    0.4830523   -2.7318707    2.0832274  -0.64864331 
   32000    1.4654933   0.52812441    2700.9776   0.49278454   -2.8112341    2.1965884   -0.6146457 
   33000    1.3712813   0.50051733    2758.5224   0.48250469   -2.7823731    2.0553766  -0.72699651 
   34000     1.402919   0.47678548    2736.1655   0.48644719   -2.7658217    2.1027975  -0.66302415 
   35000       1.4447   0.50836231    2756.9224   0.48278472   -2.7237315    2.1654219  -0.55830954 
   36000    1.3675522   0.42332307    2803.8655    0.4747018   -2.7073317    2.0497872  -0.65754451 
   37000    1.4227754   0.64483656    2740.0762   0.48575291   -2.7218619    2.1325597  -0.58930228 
   38000    1.4385622   0.42272821    2660.5764   0.50026754   -2.8562055    2.1562221  -0.69998339 
   39000    1.3345559   0.41970804    2714.1072   0.49040068   -2.8089116    2.0003298  -0.80858178 
   40000     1.416489   0.54080194    2737.6913   0.48617607   -2.7894186    2.1231371  -0.66628148 
   41000    1.4113396   0.49172061    2777.7107   0.47917157   -2.6839505    2.1154189  -0.56853159 
   42000    1.3636735   0.45269344    2804.8249   0.47453943   -2.6827625    2.0439735  -0.63878905 
   43000     1.475804   0.56113409    2762.2011   0.48186209   -2.7153527    2.2120428  -0.50330995 
   44000    1.4341488   0.40168981    2889.1125    0.4606951   -2.6494375     2.149607  -0.49983048 
   45000    1.3923957   0.49178771    2861.2309   0.46518441   -2.6533461    2.0870244  -0.56632175 
   46000    1.3933825   0.49506017    2757.7313    0.4826431   -2.7164116    2.0885035  -0.62790808 
   47000    1.3449489    0.3973755    2765.2641   0.48132834   -2.7348233    2.0159076  -0.71891572 
   48000    1.4033052   0.71619313    2649.6502   0.50233046   -2.7705853    2.1033763  -0.66720903 
   49000    1.3680883   0.55734485    2701.3096   0.49272397   -2.7844455    2.0505907  -0.73385479 
   50000    1.3714906      0.54401    2783.5939   0.47815882   -2.6831685    2.0556903   -0.6274782 
Loop time of 28.3888 on 1 procs for 50000 steps with 1331 atoms

Performance: 608691.239 tau/day, 1761.259 timesteps/s
99.6% CPU use with 1 MPI tasks x no OpenMP threads

MPI task timing breakdown:
Section |  min time  |  avg time  |  max time  |%varavg| %total
---------------------------------------------------------------
Pair    | 21.166     | 21.166     | 21.166     |   0.0 | 74.56
Neigh   | 4.0151     | 4.0151     | 4.0151     |   0.0 | 14.14
Comm    | 0.69865    | 0.69865    | 0.69865    |   0.0 |  2.46
Output  | 0.02848    | 0.02848    | 0.02848    |   0.0 |  0.10
Modify  | 2.3334     | 2.3334     | 2.3334     |   0.0 |  8.22
Other   |            | 0.1469     |            |       |  0.52

Nlocal:    1331 ave 1331 max 1331 min
Histogram: 1 0 0 0 0 0 0 0 0 0
Nghost:    2324 ave 2324 max 2324 min
Histogram: 1 0 0 0 0 0 0 0 0 0
Neighs:    28853 ave 28853 max 28853 min
Histogram: 1 0 0 0 0 0 0 0 0 0

Total # of neighbors = 28853
Ave neighs/atom = 21.6777
Neighbor list builds = 2500
Dangerous builds not checked

write_restart lattice_11_11_11__2_2_2/sim1/T_1.40__P_0.50/end1.restart
Total wall time: 0:00:28
