run 50000
Neighbor list info ...
  update every 20 steps, delay 0 steps, check no
  max neighbors/atom: 2000, page size: 100000
  master list distance cutoff = 2.8
  ghost atom cutoff = 2.8
  binsize = 1.4, bins = 16 16 16
  1 neighbor lists, perpetual/occasional/extra = 1 0 0
  (1) pair lj/cut, perpetual
      attributes: half, newton on
      pair build: half/bin/atomonly/newton
      stencil: half/bin/3d/newton
      bin: standard
Per MPI rank memory allocation (min/avg/max) = 2.7 | 2.7 | 2.7 Mbytes
Step Temp Press Volume Density PotEng KinEng TotEng 
       0          0.5  0.017042887        10648        0.125  -0.13561964   0.74943651   0.61381687 
    1000    1.1998876   0.20336743    4177.8917   0.31858174   -1.8996102    1.7984792  -0.10113101 
    2000    1.0309198   0.15603418    2407.4139   0.55287542   -3.3198146    1.5452179   -1.7745967 
    3000   0.94279978    1.1634874    1696.8501   0.78439458   -4.6625213    1.4131372   -3.2493842 
    4000   0.69616639    1.7545407    1504.0082   0.88496857   -5.3924777     1.043465   -4.3490126 
    5000   0.54406968    1.8393792    1425.6667   0.93359828   -5.8073255   0.81549137   -4.9918341 
    6000   0.47162655    1.9729682    1389.6705   0.95778099     -6.00765   0.70690831   -5.3007417 
    7000   0.47152752     1.992274    1389.9224   0.95760742   -6.0055913   0.70675989   -5.2988314 
    8000   0.53286932    1.8788834    1400.1304   0.95062575   -5.9617096   0.79870345   -5.1630061 
    9000   0.50144423    1.8471119    1394.5698   0.95441617   -5.9973034   0.75160124   -5.2457022 
   10000   0.49665804    1.7992562    1385.9919   0.96032309   -6.0661564   0.74442735    -5.321729 
   11000   0.49193278    1.9572942    1393.9132   0.95486576   -5.9790469   0.73734478   -5.2417021 
   12000   0.50269187    2.0481112     1396.291   0.95323966   -5.9482891   0.75347128   -5.1948179 
   13000   0.48800002    2.0792754    1387.3732   0.95936696   -6.0082705   0.73145007   -5.2768204 
   14000   0.49586276    1.8395191    1387.3067   0.95941297   -6.0523518   0.74323532   -5.3091165 
   15000   0.48815764    1.9084135    1397.1352   0.95266371   -5.9616468   0.73168632   -5.2299605 
   16000   0.52378846    1.9658654    1393.4313   0.95519603   -5.9899815   0.78509239   -5.2048891 
   17000   0.48255571    2.3389677    1379.2856   0.96499234   -6.0180749   0.72328974   -5.2947851 
   18000   0.49487079    1.5668945    1390.9088   0.95692831   -6.0710851   0.74174847   -5.3293366 
   19000   0.50984512    1.9602886    1385.1843   0.96088293   -6.0396051    0.7641931    -5.275412 
   20000   0.50595607    2.0366568    1380.3086   0.96427711   -6.0649337   0.75836391   -5.3065698 
   21000   0.48492278    1.8539312    1380.4035   0.96421084   -6.0933239   0.72683768   -5.3664862 
   22000   0.50588536    1.7373742    1384.5432   0.96132786   -6.0887809   0.75825792    -5.330523 
   23000    0.5195805    1.9503968    1383.1297   0.96231034   -6.0589583   0.77878519   -5.2801731 
   24000   0.49977519    2.0255738    1374.8822   0.96808296   -6.1035639   0.74909955   -5.3544643 
   25000   0.47962041    1.8734575    1376.7829   0.96674647   -6.1170518    0.7188901   -5.3981618 
   26000   0.50926814    1.9053853      1375.31   0.96778182   -6.1201177   0.76332828   -5.3567894 
   27000   0.51383073    2.0014815    1370.2405    0.9713623   -6.1390474   0.77016702   -5.3688804 
   28000   0.48293494    1.7348451    1378.0664   0.96584604   -6.1283567   0.72385816   -5.4044985 
   29000   0.48891036    1.8416154    1374.2726   0.96851238   -6.1391525   0.73281456   -5.4063379 
   30000   0.49602351      2.08523    1368.4548   0.97262985   -6.1308224   0.74347626   -5.3873462 
   31000   0.50909711    1.8328198     1370.198   0.97139245   -6.1707324   0.76307193   -5.4076605 
   32000   0.50085201    1.9324369    1365.5315   0.97471203   -6.1894653   0.75071357   -5.4387517 
   33000   0.49395714    1.6934113    1370.3828   0.97126147   -6.1885486   0.74037904   -5.4481696 
   34000   0.51136747    2.0560132    1363.3083   0.97630152   -6.1763542    0.7664749   -5.4098793 
   35000   0.50568069     2.139882    1359.6412   0.97893471   -6.1902878   0.75795114   -5.4323367 
   36000   0.49536024    1.6908449    1368.3597   0.97269745   -6.2101421    0.7424821     -5.46766 
   37000   0.49235477    1.8784375    1364.5973   0.97537932   -6.2021102   0.73797729   -5.4641329 
   38000   0.48878767    2.0921361    1360.1733   0.97855178   -6.1933219   0.73263066   -5.4606913 
   39000   0.50246639    1.8716721    1363.0233   0.97650569   -6.2176851   0.75313332   -5.4645517 
   40000   0.49290949     1.941543    1361.5883   0.97753481   -6.2087692   0.73880874   -5.4699604 
   41000   0.51019359    2.1026769    1349.0074   0.98665138   -6.2762309   0.76471541   -5.5115155 
   42000   0.51482191    1.8058023    1352.2149   0.98431098   -6.3078256   0.77165267   -5.5361729 
   43000   0.50104463     1.686063    1360.4771   0.97833328   -6.2681402   0.75100228   -5.5171379 
   44000   0.50697514    2.0099377    1344.5348   0.98993347   -6.3285415   0.75989137   -5.5686501 
   45000   0.49383713    1.8864808    1338.4899   0.99440418   -6.3939632   0.74019915   -5.6537641 
   46000   0.49326967    1.8204027     1331.526     0.999605   -6.4616951   0.73934861   -5.7223465 
   47000   0.48961203    1.9275758    1322.7847    1.0062106   -6.5111013   0.73386627    -5.777235 
   48000   0.50844252    1.9435929    1325.9111     1.003838   -6.4888608   0.76209078     -5.72677 
   49000   0.50995144    1.6582459     1334.807   0.99714789   -6.4713704   0.76435246    -5.707018 
   50000   0.48750931    2.2561499    1317.4866     1.010257   -6.4906794   0.73071456   -5.7599649 
Loop time of 42.7711 on 1 procs for 50000 steps with 1331 atoms

Performance: 404011.019 tau/day, 1169.013 timesteps/s
99.9% CPU use with 1 MPI tasks x no OpenMP threads

MPI task timing breakdown:
Section |  min time  |  avg time  |  max time  |%varavg| %total
---------------------------------------------------------------
Pair    | 34.606     | 34.606     | 34.606     |   0.0 | 80.91
Neigh   | 5.1101     | 5.1101     | 5.1101     |   0.0 | 11.95
Comm    | 0.74523    | 0.74523    | 0.74523    |   0.0 |  1.74
Output  | 0.02388    | 0.02388    | 0.02388    |   0.0 |  0.06
Modify  | 2.0571     | 2.0571     | 2.0571     |   0.0 |  4.81
Other   |            | 0.2285     |            |       |  0.53

Nlocal:    1331 ave 1331 max 1331 min
Histogram: 1 0 0 0 0 0 0 0 0 0
Nghost:    3255 ave 3255 max 3255 min
Histogram: 1 0 0 0 0 0 0 0 0 0
Neighs:    59428 ave 59428 max 59428 min
Histogram: 1 0 0 0 0 0 0 0 0 0

Total # of neighbors = 59428
Ave neighs/atom = 44.6491
Neighbor list builds = 2500
Dangerous builds not checked

write_restart lattice_11_11_11__2_2_2/sim1/T_0.50__P_1.90/end1.restart
Total wall time: 0:00:42
