run 50000
Neighbor list info ...
  update every 20 steps, delay 0 steps, check no
  max neighbors/atom: 2000, page size: 100000
  master list distance cutoff = 2.8
  ghost atom cutoff = 2.8
  binsize = 1.4, bins = 12 12 12
  1 neighbor lists, perpetual/occasional/extra = 1 0 0
  (1) pair lj/cut, perpetual
      attributes: half, newton on
      pair build: half/bin/atomonly/newton
      stencil: half/bin/3d/newton
      bin: standard
Per MPI rank memory allocation (min/avg/max) = 2.738 | 2.738 | 2.738 Mbytes
Step Temp Press TotEng 
       0          1.8  -0.37476296    1.2185489 
    1000    1.8429216   0.46088281   0.95835986 
    2000    1.7844196    0.5178059    0.8784942 
    3000    1.8458865   0.57568548    1.0251539 
    4000    1.7404056   0.57279452   0.83377322 
    5000    1.8334127   0.50692325   0.97234948 
    6000    1.7537892   0.50807479   0.83719635 
    7000    1.7804702   0.50989771   0.86869806 
    8000    1.8190843   0.57037683   0.95874045 
    9000    1.7212023   0.48374625   0.77579798 
   10000    1.8456302   0.48418414   0.95478591 
   11000    1.7859294   0.49175631   0.91505881 
   12000    1.8506474   0.49219593    1.0013071 
   13000    1.7406556   0.50951565   0.85394979 
   14000    1.8450023   0.57186652   0.97242351 
   15000    1.7057762   0.56848929   0.80030134 
   16000    1.8248652   0.50842839   0.95140432 
   17000    1.7854853    0.5544205   0.89851636 
   18000    1.7503796   0.51791017   0.87009153 
   19000    1.8294005   0.51262435   0.97744497 
   20000     1.783321   0.51316992   0.88128947 
   21000    1.8874255   0.57918168    1.0694242 
   22000    1.7849133   0.51082003   0.86814181 
   23000    1.8139044   0.54675127   0.96448761 
   24000    1.7530793   0.47569877   0.88049211 
   25000    1.8059033   0.48279918   0.91342197 
   26000     1.821971   0.54894282     0.960885 
   27000    1.7613518   0.57867836   0.89666505 
   28000    1.8016429    0.5727818    0.9474362 
   29000    1.8315392   0.50832193   0.95158827 
   30000    1.7802943   0.43350204   0.85134671 
   31000    1.8405258   0.53013384    1.0010016 
   32000     1.773666    0.5344586   0.88705375 
   33000    1.8280259   0.46707998   0.93435242 
   34000    1.7895687   0.53624286   0.90755295 
   35000    1.7949705   0.56858034   0.91605409 
   36000    1.7859646   0.58313601   0.93367388 
   37000    1.8306817   0.55104295   0.94830056 
   38000    1.8450166    0.5266958   0.98957524 
   39000     1.771993   0.46354919   0.86262588 
   40000    1.8444037   0.53901887    1.0172902 
   41000    1.7469262   0.59129825   0.87269541 
   42000    1.8008868   0.51870447   0.93322575 
   43000    1.8094779   0.52006975   0.95006937 
   44000    1.7775842    0.6196981   0.90455102 
   45000    1.8568758   0.56679405    1.0377868 
   46000    1.7780582   0.47311157   0.86071185 
   47000    1.8495966   0.56525283    1.0156882 
   48000    1.7400287   0.45294112   0.80953809 
   49000    1.8141088   0.45545754   0.94274224 
   50000    1.7734504   0.45210435   0.85472593 
Loop time of 17.2889 on 1 procs for 50000 steps with 1331 atoms

Performance: 999482.802 tau/day, 2892.022 timesteps/s
99.9% CPU use with 1 MPI tasks x no OpenMP threads

MPI task timing breakdown:
Section |  min time  |  avg time  |  max time  |%varavg| %total
---------------------------------------------------------------
Pair    | 12.837     | 12.837     | 12.837     |   0.0 | 74.25
Neigh   | 2.9534     | 2.9534     | 2.9534     |   0.0 | 17.08
Comm    | 0.52009    | 0.52009    | 0.52009    |   0.0 |  3.01
Output  | 0.023393   | 0.023393   | 0.023393   |   0.0 |  0.14
Modify  | 0.84694    | 0.84694    | 0.84694    |   0.0 |  4.90
Other   |            | 0.1082     |            |       |  0.63

Nlocal:    1331 ave 1331 max 1331 min
Histogram: 1 0 0 0 0 0 0 0 0 0
Nghost:    1840 ave 1840 max 1840 min
Histogram: 1 0 0 0 0 0 0 0 0 0
Neighs:    19883 ave 19883 max 19883 min
Histogram: 1 0 0 0 0 0 0 0 0 0

Total # of neighbors = 19883
Ave neighs/atom = 14.9384
Neighbor list builds = 2500
Dangerous builds not checked

write_restart NVT/sim1/T_1.80__v_2.74/end1.restart
Total wall time: 0:00:17
