run 50000
Neighbor list info ...
  update every 20 steps, delay 0 steps, check no
  max neighbors/atom: 2000, page size: 100000
  master list distance cutoff = 2.8
  ghost atom cutoff = 2.8
  binsize = 1.4, bins = 16 16 16
  1 neighbor lists, perpetual/occasional/extra = 1 0 0
  (1) pair lj/cut, perpetual
      attributes: half, newton on
      pair build: half/bin/atomonly/newton
      stencil: half/bin/3d/newton
      bin: standard
Per MPI rank memory allocation (min/avg/max) = 2.7 | 2.7 | 2.7 Mbytes
Step Temp Press Volume Density PotEng KinEng TotEng 
       0          0.2 -0.020428939        10648        0.125  -0.13561964   0.29977461   0.16415497 
    1000   0.90064867 -0.014771923    3018.9762   0.44087794   -2.7585582     1.349958   -1.4086002 
    2000   0.75673317    1.0597223    1624.9424   0.81910594   -4.9647819    1.1342469   -3.8305349 
    3000   0.43282534    1.5936105    1405.0705    0.9472834   -5.9648518   0.64875022   -5.3161016 
    4000   0.26163455    1.6600019    1343.5166   0.99068373   -6.3651533   0.39215697   -5.9729964 
    5000   0.18741807    1.6950288    1322.1682    1.0066798   -6.5120041   0.28091589   -6.2310882 
    6000   0.18055269    1.7341803    1319.5815    1.0086531   -6.5246925   0.27062556    -6.254067 
    7000   0.22033384    1.6669065    1324.6651    1.0047823   -6.5005341   0.33025245   -6.1702817 
    8000   0.19756969     1.682346    1319.6758    1.0085811    -6.533618   0.29613188   -6.2374861 
    9000    0.1845326    1.7073323     1316.959    1.0106617   -6.5505358   0.27659093   -6.2739449 
   10000    0.2117155    1.7170591    1321.0692    1.0075172   -6.5203716   0.31733466   -6.2030369 
   11000   0.20654638    1.6498315    1320.1778    1.0081976   -6.5346523    0.3095868   -6.2250655 
   12000   0.18283513    1.7381308    1315.1059    1.0120858   -6.5549811   0.27404664   -6.2809345 
   13000   0.20111275    1.6861551    1318.3437    1.0096001   -6.5431187   0.30144248   -6.2416762 
   14000   0.21081192    1.6825715    1318.2532    1.0096695   -6.5457272    0.3159803   -6.2297469 
   15000   0.19017172    1.7081621    1313.6809    1.0131836   -6.5755232   0.28504326     -6.29048 
   16000   0.19765193    1.7965472    1313.7999    1.0130919   -6.5595079   0.29625515   -6.2632528 
   17000   0.21255002    1.7389645    1317.6323    1.0101453   -6.5448332   0.31858549   -6.2262478 
   18000   0.19286557    1.7886543    1312.9651     1.013736   -6.5674852   0.28908099   -6.2784042 
   19000   0.19343136    1.5781494     1316.855    1.0107415   -6.5737973   0.28992904   -6.2838682 
   20000    0.2095249    1.5501979    1320.8861    1.0076569   -6.5505144   0.31405122   -6.2364632 
   21000   0.19181208    1.6845589    1316.2181    1.0112306   -6.5573706   0.28750196   -6.2698687 
   22000   0.18858374     1.637992    1315.2541    1.0119717   -6.5731657   0.28266309   -6.2905026 
   23000   0.21525493     1.615727    1317.6306    1.0101465   -6.5653107    0.3226398   -6.2426709 
   24000   0.20914748    1.6708819     1315.764    1.0115796   -6.5684283   0.31348552   -6.2549428 
   25000   0.19207826    1.7106896    1313.3427    1.0134445   -6.5768255   0.28790092   -6.2889246 
   26000   0.20287398    1.6314523    1316.8495    1.0107457    -6.562281   0.30408234   -6.2581987 
   27000   0.19964369    1.6657159    1317.6539    1.0101287   -6.5513017   0.29924055   -6.2520611 
   28000   0.19019916    1.5710933    1316.3321     1.011143   -6.5779256   0.28508439   -6.2928412 
   29000   0.20157578    1.7081638    1314.4019    1.0126279   -6.5704023    0.3021365   -6.2682657 
   30000   0.21154591    1.7947427    1314.1176    1.0128469   -6.5598561   0.31708046   -6.2427756 
   31000   0.19590703    1.7917488    1312.1407    1.0143729   -6.5720666   0.29363976   -6.2784268 
   32000   0.19712389    1.7463833    1313.0185    1.0136947    -6.572213   0.29546368   -6.2767493 
   33000    0.2052138    1.6954512    1316.4401      1.01106   -6.5548761   0.30758942   -6.2472867 
   34000   0.19840181    1.7409723    1314.0681    1.0128851   -6.5677898   0.29737912   -6.2704107 
   35000   0.18775442     1.821351    1312.3276    1.0142284   -6.5652644   0.28142004   -6.2838443 
   36000   0.20144329      1.83902    1313.6719    1.0131906   -6.5505993   0.30193792   -6.2486614 
   37000    0.2034753    1.8527734    1312.2656    1.0142764   -6.5608121   0.30498364   -6.2558285 
   38000   0.19461332    1.9093223    1309.5773    1.0163585   -6.5716256   0.29170065    -6.279925 
   39000   0.20570033      1.81633    1312.9294    1.0137636   -6.5677306   0.30831868   -6.2594119 
   40000   0.20809455    1.6845775    1315.6952    1.0116325   -6.5658595    0.3119073   -6.2539522 
   41000   0.19222881    1.6781975    1314.6311    1.0124513   -6.5719076   0.28812657    -6.283781 
   42000   0.20043887    1.7028324    1314.6891    1.0124066   -6.5707863   0.30043242   -6.2703539 
   43000   0.20568388    1.7337049    1315.2957    1.0119397   -6.5583892   0.30829401   -6.2500952 
   44000   0.19980732    1.7024195    1313.7744    1.0131115   -6.5741566    0.2994858   -6.2746708 
   45000   0.19419715    1.7138753    1314.1504    1.0128217   -6.5684092   0.29107687   -6.2773323 
   46000   0.20706457     1.607984    1317.2661     1.010426   -6.5656352   0.31036349   -6.2552717 
   47000   0.19908018    1.5746891    1317.5904    1.0101774    -6.569677   0.29839592    -6.271281 
   48000   0.19608334     1.565931    1316.4558     1.011048   -6.5772755   0.29390403   -6.2833714 
   49000   0.20139524    1.6564245     1316.936    1.0106793   -6.5604839    0.3018659    -6.258618 
   50000   0.20280666    1.6987015    1315.5113    1.0117739   -6.5646079   0.30398143   -6.2606265 
Loop time of 45.2286 on 1 procs for 50000 steps with 1331 atoms

Performance: 382059.270 tau/day, 1105.496 timesteps/s
99.9% CPU use with 1 MPI tasks x no OpenMP threads

MPI task timing breakdown:
Section |  min time  |  avg time  |  max time  |%varavg| %total
---------------------------------------------------------------
Pair    | 36.932     | 36.932     | 36.932     |   0.0 | 81.66
Neigh   | 5.1873     | 5.1873     | 5.1873     |   0.0 | 11.47
Comm    | 0.76818    | 0.76818    | 0.76818    |   0.0 |  1.70
Output  | 0.025286   | 0.025286   | 0.025286   |   0.0 |  0.06
Modify  | 2.0871     | 2.0871     | 2.0871     |   0.0 |  4.61
Other   |            | 0.2292     |            |       |  0.51

Nlocal:    1331 ave 1331 max 1331 min
Histogram: 1 0 0 0 0 0 0 0 0 0
Nghost:    3240 ave 3240 max 3240 min
Histogram: 1 0 0 0 0 0 0 0 0 0
Neighs:    60477 ave 60477 max 60477 min
Histogram: 1 0 0 0 0 0 0 0 0 0

Total # of neighbors = 60477
Ave neighs/atom = 45.4373
Neighbor list builds = 2500
Dangerous builds not checked

write_restart lattice_11_11_11__2_2_2/sim1/T_0.20__P_1.70/end1.restart
Total wall time: 0:00:45
