run 50000
Neighbor list info ...
  update every 20 steps, delay 0 steps, check no
  max neighbors/atom: 2000, page size: 100000
  master list distance cutoff = 2.8
  ghost atom cutoff = 2.8
  binsize = 1.4, bins = 16 16 16
  1 neighbor lists, perpetual/occasional/extra = 1 0 0
  (1) pair lj/cut, perpetual
      attributes: half, newton on
      pair build: half/bin/atomonly/newton
      stencil: half/bin/3d/newton
      bin: standard
Per MPI rank memory allocation (min/avg/max) = 2.7 | 2.7 | 2.7 Mbytes
Step Temp Press Volume Density PotEng KinEng TotEng 
       0          1.9   0.19191141        10648        0.125  -0.13561964    2.8478588    2.7122391 
    1000    2.3920089   0.45499847    7279.0367   0.18285386  -0.93771317    3.5853176    2.6476044 
    2000    2.1167272   0.53090789    5656.0843   0.23532181   -1.2463927    3.1727053    1.9263126 
    3000     1.978047   0.53410271    4607.7596   0.28886056   -1.5599728    2.9648413    1.4048685 
    4000    1.9267111   0.68427574    3923.0957   0.33927288   -1.8429269    2.8878953    1.0449684 
    5000    1.9366148   0.68873083    3457.4594   0.38496475   -2.0896887    2.9027397   0.81305101 
    6000    1.9211209   0.80411516    3161.9924   0.42093713   -2.2709387    2.8795163   0.60857766 
    7000    1.8938056   0.90168169    2987.9251   0.44545963   -2.3739289    2.8385741    0.4646452 
    8000     1.860546    1.1106606    2918.1975   0.45610347   -2.3972159    2.7887222   0.39150636 
    9000    1.9172865    0.9412698    2896.5476   0.45951256   -2.4577431     2.873769   0.41602594 
   10000    1.9051145   0.99928724    2889.1835   0.46068379   -2.4460023    2.8555247   0.40952238 
   11000    1.8937359    1.0432846    2893.2673   0.46003354   -2.4476427    2.8384697   0.39082703 
   12000    1.9039197    1.1177928    2912.5295   0.45699107   -2.3916171     2.853734   0.46211688 
   13000    1.8852619    0.9127199    2933.4219    0.4537363   -2.4328736    2.8257683   0.39289467 
   14000    1.8924296    1.1797652    2846.8287   0.46753778   -2.4381123    2.8365117   0.39839939 
   15000    1.8845794   0.90476566     2869.753   0.46380298   -2.5133174    2.8247453   0.31142784 
   16000    1.8286806   0.96240488    2960.1167   0.44964444   -2.3633008    2.7409601   0.37765933 
   17000    1.9771981   0.97972079    2927.2271   0.45469652   -2.4442106    2.9635688   0.51935827 
   18000    1.8723927   0.94154524    2937.8104   0.45305851   -2.4488357     2.806479    0.3576433 
   19000    1.8942164    1.0087415    2898.2802   0.45923787   -2.4238618    2.8391899   0.41532808 
   20000    1.9004345    1.1657872    2808.8194   0.47386458   -2.4918419    2.8485099   0.35666803 
   21000    1.8301975   0.93786297    2908.4847   0.45762662   -2.4296071    2.7432336   0.31362655 
   22000    1.8936512    1.0733092    2929.0682   0.45441072   -2.3462091    2.8383427   0.49213358 
   23000     1.899082    1.0159227    2916.0247   0.45644333   -2.4238399    2.8464828   0.42264297 
   24000    1.8641184    1.0750874    2831.0717   0.47013998    -2.489864    2.7940768   0.30421279 
   25000    1.9542514   0.98069571    2889.0842   0.46069962    -2.459365    2.9291748   0.46980975 
   26000    1.9308096   0.99989378    2962.7639   0.44924268   -2.3686789    2.8940384   0.52535958 
   27000    1.8508754   0.99233737    2967.0093   0.44859987   -2.3826529    2.7742272   0.39157433 
   28000    1.9436075    0.9474558    2842.5589   0.46824008   -2.5155114    2.9132209   0.39770948 
   29000    1.8535109    1.0827686    2857.4763   0.46579564   -2.4411042    2.7781775    0.3370733 
   30000    1.8670787   0.92793845     2966.016   0.44875011   -2.3816506    2.7985139   0.41686333 
   31000    1.9187637   0.98407153    2937.3959   0.45312244   -2.3847206    2.8759832    0.4912626 
   32000    1.9060534    1.0414283    2833.6739   0.46970825   -2.5029887    2.8569321   0.35394341 
   33000    1.8481285   0.98063347    2868.4453   0.46401442   -2.4751921    2.7701099   0.29491782 
   34000    1.8821647   0.94083927    2995.6685   0.44430818   -2.3810457     2.821126   0.44008028 
   35000    1.9535197    1.0334371    2963.7103   0.44909923   -2.3620123     2.928078   0.56606578 
   36000    1.9481123   0.94647873    2888.4696   0.46079764   -2.5095769     2.919973   0.41039605 
   37000    1.8491629   0.93840556    2893.1212   0.46005678   -2.4507808    2.7716604   0.32087961 
   38000    1.9807795    1.0231745    2910.8715   0.45725138   -2.4279478     2.968937   0.54098919 
   39000    1.9247535   0.96298162    2994.7382   0.44444619   -2.3485598    2.8849611   0.53640126 
   40000    1.8774322   0.89882169    2949.8692   0.45120645   -2.4126686    2.8140325   0.40136388 
   41000    1.8718697    1.0705218    2883.7333   0.46155447    -2.435341     2.805695   0.37035397 
   42000    1.9692595    1.0764004    2857.5393   0.46578537   -2.4754351      2.95167   0.47623483 
   43000    1.8392924   0.94390274    2966.9334   0.44861135   -2.3637266    2.7568658    0.3931392 
   44000    1.9559611   0.90686749    2957.2233   0.45008438   -2.4471039    2.9317374   0.48463345 
   45000    1.9154811    1.1171378      2896.33   0.45954709    -2.379909     2.871063   0.49115397 
   46000      1.83041   0.97873341    2935.0513   0.45348441   -2.3908742    2.7435522   0.35267795 
   47000     1.927251    1.0914668    2905.9242   0.45802984    -2.379633    2.8887045   0.50907152 
   48000     1.836952   0.81074737    2921.3638   0.45560912   -2.4650251    2.7533579   0.28833281 
   49000    1.8798195    1.1061832    2867.0005   0.46424827   -2.4320446    2.8176108   0.38556623 
   50000    1.9252857   0.82605354    2873.0789   0.46326608   -2.5032267    2.8857588   0.38253207 
Loop time of 28.0425 on 1 procs for 50000 steps with 1331 atoms

Performance: 616207.537 tau/day, 1783.008 timesteps/s
99.8% CPU use with 1 MPI tasks x no OpenMP threads

MPI task timing breakdown:
Section |  min time  |  avg time  |  max time  |%varavg| %total
---------------------------------------------------------------
Pair    | 20.8       | 20.8       | 20.8       |   0.0 | 74.17
Neigh   | 3.9524     | 3.9524     | 3.9524     |   0.0 | 14.09
Comm    | 0.72461    | 0.72461    | 0.72461    |   0.0 |  2.58
Output  | 0.025938   | 0.025938   | 0.025938   |   0.0 |  0.09
Modify  | 2.3867     | 2.3867     | 2.3867     |   0.0 |  8.51
Other   |            | 0.1527     |            |       |  0.54

Nlocal:    1331 ave 1331 max 1331 min
Histogram: 1 0 0 0 0 0 0 0 0 0
Nghost:    2330 ave 2330 max 2330 min
Histogram: 1 0 0 0 0 0 0 0 0 0
Neighs:    27982 ave 27982 max 27982 min
Histogram: 1 0 0 0 0 0 0 0 0 0

Total # of neighbors = 27982
Ave neighs/atom = 21.0233
Neighbor list builds = 2500
Dangerous builds not checked

write_restart lattice_11_11_11__2_2_2/sim1/T_1.90__P_1.00/end1.restart
Total wall time: 0:00:28
