run 50000
Neighbor list info ...
  update every 20 steps, delay 0 steps, check no
  max neighbors/atom: 2000, page size: 100000
  master list distance cutoff = 2.8
  ghost atom cutoff = 2.8
  binsize = 1.4, bins = 16 16 16
  1 neighbor lists, perpetual/occasional/extra = 1 0 0
  (1) pair lj/cut, perpetual
      attributes: half, newton on
      pair build: half/bin/atomonly/newton
      stencil: half/bin/3d/newton
      bin: standard
Per MPI rank memory allocation (min/avg/max) = 2.7 | 2.7 | 2.7 Mbytes
Step Temp Press Volume Density PotEng KinEng TotEng 
       0          1.2   0.10447715        10648        0.125  -0.13561964    1.7986476     1.663028 
    1000    1.8436223   0.34943088    5798.6774    0.2295351   -1.2636568    2.7633558     1.499699 
    2000    1.5777343   0.43002131    3948.7244   0.33707088   -1.8762497    2.3648234   0.48857371 
    3000    1.4330605    0.5222241    2931.0896   0.45409734   -2.5618987    2.1479758  -0.41392291 
    4000    1.3673367   0.74978867    2329.5983   0.57134314   -3.2365049     2.049464   -1.1870409 
    5000    1.3127672    1.1084758    1999.9438   0.66551871   -3.7995105    1.9676713   -1.8318392 
    6000    1.1873663    1.5631635    1843.2419   0.72209731   -4.1079348    1.7797113   -2.3282235 
    7000    1.1522247    1.6278261    1777.2807   0.74889689   -4.2919094    1.7270385   -2.5648709 
    8000    1.1886665    1.6659501    1784.9077   0.74569681   -4.2410349    1.7816601   -2.4593748 
    9000    1.2207268    1.6087923    1822.5252   0.73030539   -4.1553106    1.8297144   -2.3255962 
   10000     1.221398    1.7432747    1808.2289   0.73607936   -4.1983919    1.8307205   -2.3676714 
   11000    1.2076643    1.5825417    1778.7499   0.74827834   -4.3016456    1.8101355   -2.4915102 
   12000    1.1854131    1.7477416    1791.9025   0.74278595   -4.2225449    1.7767837   -2.4457612 
   13000    1.2302483    1.6897584    1817.1419   0.73246896   -4.1651772    1.8439859   -2.3211912 
   14000    1.2274636     1.687439    1809.4211   0.73559438   -4.2020399    1.8398121   -2.3622279 
   15000      1.13812    1.8043519    1795.3749   0.74134935   -4.1899921    1.7058973   -2.4840948 
   16000    1.1935205    1.4047334    1802.9149   0.73824892   -4.2630685    1.7889358   -2.4741328 
   17000      1.20463    1.4061897    1828.2809   0.72800631   -4.1878025    1.8055874    -2.382215 
   18000    1.1900499    1.3232938    1834.1892   0.72566123   -4.1991548    1.7837337   -2.4154211 
   19000     1.201212    1.4191698    1809.1646   0.73569867   -4.2539399    1.8004643   -2.4534756 
   20000    1.1670249    1.6239097    1803.4282   0.73803881   -4.2146384    1.7492221   -2.4654163 
   21000    1.2129329    1.5595823    1815.8907   0.73297362   -4.1737398    1.8180324   -2.3557073 
   22000    1.2214487    1.8249371     1812.073   0.73451785   -4.1724679    1.8307966   -2.3416713 
   23000    1.1920501    1.5592835    1795.1878   0.74142661   -4.2483014    1.7867317   -2.4615697 
   24000    1.1763889    1.6109381      1796.14   0.74103355   -4.2367608    1.7632576   -2.4735032 
   25000    1.2046847    1.3333842    1829.0419   0.72770341   -4.1994248    1.8056694   -2.3937554 
   26000    1.1713403    1.3078864    1836.6541   0.72468736   -4.1780078    1.7556904   -2.4223175 
   27000    1.1744762    1.2180788    1821.1127   0.73087186   -4.2540099    1.7603907   -2.4936193 
   28000    1.1723913    1.6165519    1815.2002   0.73325243   -4.1727199    1.7572657   -2.4154542 
   29000    1.2369369    1.5147511    1818.4229   0.73195296   -4.1943286    1.8540114   -2.3403172 
   30000     1.172739    1.8402885    1787.9734   0.74441823    -4.208059    1.7577869   -2.4502721 
   31000     1.232489    1.6716949    1782.5312     0.746691   -4.2838069    1.8473445   -2.4364624 
   32000    1.2135861    1.8894338    1789.7734   0.74366957   -4.2052901    1.8190115   -2.3862786 
   33000    1.1691474    1.9278125    1794.8077   0.74158362   -4.1571381    1.7524035   -2.4047346 
   34000    1.2482245    1.6580108    1788.9352   0.74401799   -4.2539233      1.87093   -2.3829933 
   35000    1.2641348    1.6918767    1808.3866   0.73601517   -4.1787979    1.8947776   -2.2840203 
   36000     1.220536    1.6126893    1804.3158   0.73767576    -4.221918    1.8294285   -2.3924896 
   37000    1.1842242    1.3954254    1811.6649   0.73468333    -4.224261    1.7750017   -2.4492593 
   38000    1.1862116    1.5764443    1813.1835   0.73406802   -4.2009514    1.7779806   -2.4229707 
   39000    1.2331074    1.4438261    1816.2807   0.73281624   -4.2239682    1.8482714   -2.3756968 
   40000     1.207579    1.5615103    1806.4292    0.7368127   -4.2396716    1.8100076    -2.429664 
   41000    1.2127119    1.6094607    1780.3968   0.74758615    -4.315252    1.8177011   -2.4975509 
   42000    1.2083035    1.6709161    1808.2363   0.73607638   -4.1804147    1.8110935   -2.3693211 
   43000    1.2002415    1.4813831    1816.5612   0.73270308   -4.2107273    1.7990097   -2.4117176 
   44000     1.142737    1.5571154    1805.5111   0.73718739   -4.2296476    1.7128177   -2.5168299 
   45000    1.1741623    1.3204055     1833.945   0.72575784   -4.1805792    1.7599202    -2.420659 
   46000    1.1989652    1.4380327     1828.749   0.72781995   -4.1771049    1.7970967   -2.3800082 
   47000    1.1882031    1.5986077    1798.5867   0.74002548   -4.2512386    1.7809656    -2.470273 
   48000    1.1480275    1.7812501    1763.7207   0.75465465   -4.3159159    1.7207475   -2.5951684 
   49000     1.182753    1.7663262    1773.6277   0.75043935   -4.2859606    1.7727966    -2.513164 
   50000    1.2219765    1.7326123     1798.413   0.74009695   -4.2240824    1.8315877   -2.3924947 
Loop time of 39.9111 on 1 procs for 50000 steps with 1331 atoms

Performance: 432962.556 tau/day, 1252.785 timesteps/s
99.5% CPU use with 1 MPI tasks x no OpenMP threads

MPI task timing breakdown:
Section |  min time  |  avg time  |  max time  |%varavg| %total
---------------------------------------------------------------
Pair    | 31.498     | 31.498     | 31.498     |   0.0 | 78.92
Neigh   | 5.029      | 5.029      | 5.029      |   0.0 | 12.60
Comm    | 0.80738    | 0.80738    | 0.80738    |   0.0 |  2.02
Output  | 0.033783   | 0.033783   | 0.033783   |   0.0 |  0.08
Modify  | 2.3641     | 2.3641     | 2.3641     |   0.0 |  5.92
Other   |            | 0.1788     |            |       |  0.45

Nlocal:    1331 ave 1331 max 1331 min
Histogram: 1 0 0 0 0 0 0 0 0 0
Nghost:    2847 ave 2847 max 2847 min
Histogram: 1 0 0 0 0 0 0 0 0 0
Neighs:    44285 ave 44285 max 44285 min
Histogram: 1 0 0 0 0 0 0 0 0 0

Total # of neighbors = 44285
Ave neighs/atom = 33.272
Neighbor list builds = 2500
Dangerous builds not checked

write_restart lattice_11_11_11__2_2_2/sim1/T_1.20__P_1.60/end1.restart
Total wall time: 0:00:39
