run 50000
Neighbor list info ...
  update every 20 steps, delay 0 steps, check no
  max neighbors/atom: 2000, page size: 100000
  master list distance cutoff = 2.8
  ghost atom cutoff = 2.8
  binsize = 1.4, bins = 10 10 10
  1 neighbor lists, perpetual/occasional/extra = 1 0 0
  (1) pair lj/cut, perpetual
      attributes: half, newton on
      pair build: half/bin/atomonly/newton
      stencil: half/bin/3d/newton
      bin: standard
Per MPI rank memory allocation (min/avg/max) = 2.732 | 2.732 | 2.732 Mbytes
Step Temp Press TotEng 
       0          0.9  -0.59143942   -2.7899667 
    1000   0.86047109  -0.19124258   -2.5371286 
    2000   0.90583223    -0.171033   -2.3276828 
    3000   0.88326388  0.082970074   -2.3074733 
    4000   0.88305284   -0.1763203   -2.3706521 
    5000   0.93024565   -0.1348631   -2.2872554 
    6000   0.89479729   -0.0930823   -2.3550664 
    7000   0.91188517 -0.0010949394    -2.324206 
    8000   0.95059676 -0.049702152   -2.2108795 
    9000   0.91070131  -0.15806885   -2.3096442 
   10000   0.90840354  -0.10976265   -2.3302828 
   11000   0.91497013   -0.1506748   -2.3116043 
   12000     0.881018  -0.15201009   -2.3918653 
   13000   0.91451181 -0.076075751     -2.29268 
   14000   0.86705298 -0.026259726   -2.3471995 
   15000   0.92615725 -0.094446208   -2.2781018 
   16000   0.90389446 -0.024480107    -2.320137 
   17000   0.90279712  0.030142408   -2.3535132 
   18000    0.8693614  -0.10037879   -2.3983174 
   19000   0.92936362  -0.10891932   -2.3033894 
   20000   0.89282148  -0.19896234   -2.3722612 
   21000   0.85838679  -0.14825892   -2.4337534 
   22000    0.9116298 -0.067285225   -2.3006133 
   23000   0.89517546  -0.14016484   -2.3352393 
   24000    0.8879733  -0.10920546   -2.3605475 
   25000   0.93285362 -0.053108113   -2.2721659 
   26000   0.89213155 -0.062963623   -2.3585398 
   27000   0.90726575  0.049819257   -2.2837156 
   28000   0.93273915 -0.094271205   -2.2974005 
   29000   0.88579886  -0.16110215   -2.3642108 
   30000   0.88266317 -0.032909773   -2.3497134 
   31000   0.91610333 -0.093767573    -2.361492 
   32000   0.89876692  -0.12618948    -2.370306 
   33000   0.90526705 -0.064785135   -2.3064391 
   34000   0.90568928  -0.18121047   -2.3821587 
   35000   0.89868044  -0.25679381   -2.3329048 
   36000   0.91368436  -0.12298752   -2.2904897 
   37000   0.88785221  -0.14342698   -2.3308238 
   38000   0.91557267   -0.1620365   -2.3409162 
   39000   0.87579789  -0.16811309   -2.3853983 
   40000    0.9113205 -0.019174862   -2.2990173 
   41000   0.87993419  -0.13794183   -2.3633535 
   42000     0.910254  -0.17058813   -2.3340743 
   43000   0.88559771 -0.090703146    -2.315323 
   44000   0.89897737   -0.1517658   -2.3481108 
   45000   0.92049529  -0.20300548   -2.3055361 
   46000   0.90003774 -0.026807744   -2.3748714 
   47000   0.87974014  -0.12758908    -2.376408 
   48000   0.93022701  -0.18563935   -2.3199768 
   49000   0.88877157  -0.18273931   -2.3997314 
   50000   0.90679634  -0.18887186   -2.3737473 
Loop time of 27.8353 on 1 procs for 50000 steps with 1331 atoms

Performance: 620794.009 tau/day, 1796.279 timesteps/s
99.9% CPU use with 1 MPI tasks x no OpenMP threads

MPI task timing breakdown:
Section |  min time  |  avg time  |  max time  |%varavg| %total
---------------------------------------------------------------
Pair    | 22.404     | 22.404     | 22.404     |   0.0 | 80.49
Neigh   | 3.8038     | 3.8038     | 3.8038     |   0.0 | 13.67
Comm    | 0.63457    | 0.63457    | 0.63457    |   0.0 |  2.28
Output  | 0.024214   | 0.024214   | 0.024214   |   0.0 |  0.09
Modify  | 0.84266    | 0.84266    | 0.84266    |   0.0 |  3.03
Other   |            | 0.1257     |            |       |  0.45

Nlocal:    1331 ave 1331 max 1331 min
Histogram: 1 0 0 0 0 0 0 0 0 0
Nghost:    2460 ave 2460 max 2460 min
Histogram: 1 0 0 0 0 0 0 0 0 0
Neighs:    36492 ave 36492 max 36492 min
Histogram: 1 0 0 0 0 0 0 0 0 0

Total # of neighbors = 36492
Ave neighs/atom = 27.417
Neighbor list builds = 2500
Dangerous builds not checked

write_restart NVT/sim1/T_0.90__v_1.33/end1.restart
Total wall time: 0:00:27
