run 50000
Neighbor list info ...
  update every 20 steps, delay 0 steps, check no
  max neighbors/atom: 2000, page size: 100000
  master list distance cutoff = 2.8
  ghost atom cutoff = 2.8
  binsize = 1.4, bins = 13 13 13
  1 neighbor lists, perpetual/occasional/extra = 1 0 0
  (1) pair lj/cut, perpetual
      attributes: half, newton on
      pair build: half/bin/atomonly/newton
      stencil: half/bin/3d/newton
      bin: standard
Per MPI rank memory allocation (min/avg/max) = 2.742 | 2.742 | 2.742 Mbytes
Step Temp Press TotEng 
       0          0.5  -0.22137568    0.1043636 
    1000   0.77260845 0.0051462421  -0.57617059 
    2000   0.68828749 -0.036710188   -1.2984924 
    3000     0.660541 -0.043337506   -1.9641507 
    4000   0.61186633 -0.014877587   -2.5681938 
    5000   0.58678757  0.045537753   -3.1010267 
    6000   0.53044296 -0.044635798   -3.5390306 
    7000   0.49147947 -0.029052588   -3.8073376 
    8000   0.49021018  -0.01349473   -3.9055929 
    9000    0.4926678  -0.02304033   -3.8787317 
   10000   0.52370132 -0.025651774   -3.8648357 
   11000   0.48200441 -0.051087226    -3.992478 
   12000   0.48891693 -0.072498848   -4.0297669 
   13000   0.50961542 -0.044395137    -3.955236 
   14000   0.51794651 -0.043046694   -3.9904254 
   15000   0.50581348 -0.0096095278      -4.0691 
   16000   0.48523598 -0.0068642766   -4.0616034 
   17000   0.49483587  -0.05648018   -3.9701294 
   18000   0.50851091 -0.023587973   -3.9639945 
   19000   0.49305267 -0.055933157   -4.0454674 
   20000   0.48638155 -0.058741374   -4.0901694 
   21000   0.51512387 -0.0013302341   -4.0470551 
   22000   0.50567263  -0.04178244    -3.991273 
   23000   0.49699836  0.026802099   -3.9859981 
   24000   0.49273815 -0.042027162   -4.0182209 
   25000   0.50789763 -0.047156779   -4.0354032 
   26000   0.49380443   0.01884937   -4.0475748 
   27000   0.51088747  -0.00971769   -4.0269063 
   28000   0.51119515 -0.013589619   -4.0148272 
   29000   0.51333004  0.017786845   -4.0416974 
   30000   0.50642933 -0.024850656   -4.0571922 
   31000    0.4842142 -0.0043766871   -4.0361899 
   32000   0.51553223 -0.091552418   -3.9939958 
   33000   0.50042477  -0.05517816   -4.0356664 
   34000   0.49774009  0.035365378   -4.0648936 
   35000    0.4912773 0.0092902482   -4.0252872 
   36000   0.51396803 -0.044952973   -4.0011241 
   37000   0.49141278  -0.11238137   -4.0393396 
   38000   0.51656703 -0.020551766   -4.0405258 
   39000   0.51390466 -0.017414648   -4.0405561 
   40000   0.49781505  0.035918677   -4.0043522 
   41000    0.5185198 -0.037513968   -3.9776677 
   42000   0.49996882 -0.038368735   -4.0352889 
   43000   0.49993574 -0.077959966   -4.0695689 
   44000   0.50383146 -0.045551966   -4.0056099 
   45000   0.49123029  -0.03420422   -4.0101265 
   46000   0.47304444 -0.032659525   -4.0570682 
   47000   0.51845192 0.0040507013   -3.9961211 
   48000   0.50712992 -0.021444443   -4.0033466 
   49000    0.4843109 -0.070097263   -4.0639703 
   50000   0.49493142 -0.029800919   -4.0479958 
Loop time of 26.6493 on 1 procs for 50000 steps with 1331 atoms

Performance: 648422.404 tau/day, 1876.222 timesteps/s
99.9% CPU use with 1 MPI tasks x no OpenMP threads

MPI task timing breakdown:
Section |  min time  |  avg time  |  max time  |%varavg| %total
---------------------------------------------------------------
Pair    | 21.94      | 21.94      | 21.94      |   0.0 | 82.33
Neigh   | 3.5118     | 3.5118     | 3.5118     |   0.0 | 13.18
Comm    | 0.24732    | 0.24732    | 0.24732    |   0.0 |  0.93
Output  | 0.026011   | 0.026011   | 0.026011   |   0.0 |  0.10
Modify  | 0.84276    | 0.84276    | 0.84276    |   0.0 |  3.16
Other   |            | 0.08157    |            |       |  0.31

Nlocal:    1331 ave 1331 max 1331 min
Histogram: 1 0 0 0 0 0 0 0 0 0
Nghost:    869 ave 869 max 869 min
Histogram: 1 0 0 0 0 0 0 0 0 0
Neighs:    39756 ave 39756 max 39756 min
Histogram: 1 0 0 0 0 0 0 0 0 0

Total # of neighbors = 39756
Ave neighs/atom = 29.8693
Neighbor list builds = 2500
Dangerous builds not checked

write_restart NVT/sim1/T_0.50__v_4.10/end1.restart
Total wall time: 0:00:26
