run 50000
Neighbor list info ...
  update every 20 steps, delay 0 steps, check no
  max neighbors/atom: 2000, page size: 100000
  master list distance cutoff = 2.8
  ghost atom cutoff = 2.8
  binsize = 1.4, bins = 16 16 16
  1 neighbor lists, perpetual/occasional/extra = 1 0 0
  (1) pair lj/cut, perpetual
      attributes: half, newton on
      pair build: half/bin/atomonly/newton
      stencil: half/bin/3d/newton
      bin: standard
Per MPI rank memory allocation (min/avg/max) = 2.7 | 2.7 | 2.7 Mbytes
Step Temp Press Volume Density PotEng KinEng TotEng 
       0          0.4  0.004552278        10648        0.125  -0.13561964   0.59954921   0.46392957 
    1000   0.98360989   0.11731014    4498.7473   0.29586014   -1.8231593    1.4743063  -0.34885296 
    2000   0.83578057 0.0013186316    2609.9919   0.50996327   -3.2404056     1.252729   -1.9876766 
    3000   0.78894683   0.26010837    1748.9876   0.76101168   -4.6668647    1.1825311   -3.4843335 
    4000   0.60574837    1.0718461      1506.86   0.88329373   -5.4893296    0.9079399   -4.5813897 
    5000    0.4692841    1.0828274     1425.542   0.93367999   -5.9422565   0.70339728   -5.2388592 
    6000   0.38858401    1.2011114    1387.4332   0.95932544   -6.1533254    0.5824381   -5.5708873 
    7000   0.38301832    1.1421276    1382.3149   0.96287753   -6.1982126   0.57409582   -5.6241168 
    8000   0.42350843    1.1461855    1392.8634   0.95558544   -6.1338765   0.63478537   -5.4990911 
    9000   0.41596252    1.1691817    1388.1505   0.95882978   -6.1540757     0.623475   -5.5306007 
   10000   0.38572598    1.2081851    1377.1324   0.96650114   -6.2186578   0.57815427   -5.6405035 
   11000   0.37771041    1.3218142    1381.5663   0.96339929    -6.165744   0.56613995    -5.599604 
   12000   0.42159617    1.1739676    1389.5514   0.95786311   -6.1406504   0.63191913   -5.5087312 
   13000   0.38929054    1.3064271    1380.9681   0.96381664   -6.1748113   0.58349708   -5.5913142 
   14000    0.3834455    1.1130279    1379.1101   0.96511508   -6.2232463   0.57473611   -5.6485102 
   15000   0.41505197    1.1588602    1385.0583   0.96097038   -6.1826869    0.6221102   -5.5605767 
   16000   0.41504831    1.2492163      1384.51   0.96135092   -6.1662862   0.62210472   -5.5441814 
   17000   0.38731905    1.0855025    1380.1058   0.96441879   -6.2182664   0.58054207   -5.6377243 
   18000   0.40984587    1.4210815    1371.2017   0.97068143   -6.2254075   0.61430693   -5.6111005 
   19000    0.3998104   0.97683105    1391.3821   0.95660278   -6.1629655   0.59926503   -5.5637004 
   20000   0.38983425    1.3422545    1377.5972     0.966175   -6.1882156   0.58431204   -5.6039035 
   21000   0.39234175    1.1545098    1376.9801   0.96660804   -6.2316497   0.58807046   -5.6435793 
   22000   0.40434187      1.22227    1380.0966   0.96442524   -6.1975811   0.60605712    -5.591524 
   23000   0.40694466    1.2116836    1380.5676   0.96409622   -6.1973628   0.60995837   -5.5874044 
   24000   0.37907578    1.1830499    1377.4295   0.96629267   -6.2205959   0.56818646   -5.6524095 
   25000   0.39899898    1.3598718    1371.2001   0.97068257   -6.2342172   0.59804881   -5.6361684 
   26000   0.41735043    1.0399552    1381.3342   0.96356117   -6.2252084    0.6255553   -5.5996531 
   27000   0.39766478    1.4015072    1368.5365   0.97257182   -6.2468756   0.59604902   -5.6508266 
   28000   0.39290401   0.99418724     1375.187   0.96786836   -6.2753908   0.58891323   -5.6864776 
   29000   0.40603635    1.4210862    1369.2881   0.97203794   -6.2374552   0.60859693   -5.6288583 
   30000   0.40196096    1.1271857    1374.3453   0.96846115   -6.2553016   0.60248844   -5.6528132 
   31000   0.39178694    1.2206982    1365.4779   0.97475033   -6.2958619   0.58723888    -5.708623 
   32000   0.39548513    1.1779389    1369.9299   0.97158253   -6.2743594     0.592782   -5.6815774 
   33000   0.41340177    1.1749256    1371.7881   0.97026648   -6.2633363   0.61963677   -5.6436996 
   34000   0.39562397    1.2507246    1364.0363   0.97578047    -6.306915    0.5929901   -5.7139249 
   35000   0.39866391     1.224627    1357.4579   0.98050923    -6.358962   0.59754658   -5.7614154 
   36000   0.40709993    1.0924084    1362.3558   0.97698411   -6.3537825    0.6101911   -5.7435914 
   37000   0.41540042    1.2192406    1350.7724   0.98536214   -6.4178333   0.62263248   -5.7952008 
   38000   0.38632922    1.0465656    1348.6106   0.98694169   -6.4542001   0.57905845   -5.8751416 
   39000   0.39055669    1.4097348    1338.6281   0.99430154   -6.4739277   0.58539489   -5.8885328 
   40000   0.41108285    1.0749489    1344.8741   0.98968375   -6.4887396   0.61616099   -5.8725787 
   41000   0.40777704    1.1645055    1339.5357   0.99362783   -6.5103209   0.61120601   -5.8991149 
   42000   0.39600512    1.1459752    1336.8974   0.99558873   -6.5293191    0.5935614   -5.9357577 
   43000   0.40056493    1.2247665    1337.2538   0.99532342   -6.5164277   0.60039597   -5.9160317 
   44000   0.39757065     1.236691    1340.1921   0.99314121   -6.4868684   0.59590793   -5.8909605 
   45000   0.38733109     1.174782    1337.6339   0.99504055   -6.5179021   0.58056013    -5.937342 
   46000   0.40584733      1.31464    1331.3769   0.99971691   -6.5434904   0.60831361   -5.9351767 
   47000   0.40237511     1.082817    1342.3146   0.99157079   -6.5018337    0.6031092   -5.8987245 
   48000   0.41848644    1.2037538    1334.0987   0.99767734    -6.544912   0.62725804    -5.917654 
   49000   0.39210687    1.1148474    1335.8413   0.99637586   -6.5399634   0.58771841    -5.952245 
   50000   0.39568639    1.2890092     1336.504   0.99588179   -6.5085103   0.59308366   -5.9154267 
Loop time of 42.6624 on 1 procs for 50000 steps with 1331 atoms

Performance: 405040.338 tau/day, 1171.992 timesteps/s
99.9% CPU use with 1 MPI tasks x no OpenMP threads

MPI task timing breakdown:
Section |  min time  |  avg time  |  max time  |%varavg| %total
---------------------------------------------------------------
Pair    | 34.482     | 34.482     | 34.482     |   0.0 | 80.82
Neigh   | 5.1232     | 5.1232     | 5.1232     |   0.0 | 12.01
Comm    | 0.74682    | 0.74682    | 0.74682    |   0.0 |  1.75
Output  | 0.026789   | 0.026789   | 0.026789   |   0.0 |  0.06
Modify  | 2.0581     | 2.0581     | 2.0581     |   0.0 |  4.82
Other   |            | 0.2257     |            |       |  0.53

Nlocal:    1331 ave 1331 max 1331 min
Histogram: 1 0 0 0 0 0 0 0 0 0
Nghost:    3243 ave 3243 max 3243 min
Histogram: 1 0 0 0 0 0 0 0 0 0
Neighs:    57866 ave 57866 max 57866 min
Histogram: 1 0 0 0 0 0 0 0 0 0

Total # of neighbors = 57866
Ave neighs/atom = 43.4756
Neighbor list builds = 2500
Dangerous builds not checked

write_restart lattice_11_11_11__2_2_2/sim1/T_0.40__P_1.20/end1.restart
Total wall time: 0:00:42
