run 50000
Neighbor list info ...
  update every 20 steps, delay 0 steps, check no
  max neighbors/atom: 2000, page size: 100000
  master list distance cutoff = 2.8
  ghost atom cutoff = 2.8
  binsize = 1.4, bins = 16 16 16
  1 neighbor lists, perpetual/occasional/extra = 1 0 0
  (1) pair lj/cut, perpetual
      attributes: half, newton on
      pair build: half/bin/atomonly/newton
      stencil: half/bin/3d/newton
      bin: standard
Per MPI rank memory allocation (min/avg/max) = 2.7 | 2.7 | 2.7 Mbytes
Step Temp Press Volume Density PotEng KinEng TotEng 
       0          1.4   0.12945836        10648        0.125  -0.13561964    2.0984222    1.9628026 
    1000    2.0433351   0.39467843    6149.8902   0.21642663   -1.1935152    3.0626999    1.8691847 
    2000     1.720987   0.50940131    4321.0392   0.30802776   -1.6407106     2.579541   0.93883042 
    3000    1.5465766   0.74502832    3280.7601   0.40569866   -2.1803007    2.3181219   0.13782129 
    4000    1.5135327   0.70724014    2643.6495   0.50347068   -2.7896154    2.2685933   -0.5210221 
    5000    1.4635566    1.1319759     2259.952   0.58895057   -3.2637425    2.1936855    -1.070057 
    6000    1.4185903    1.2466635     2061.717   0.64557841   -3.6300509    2.1262867   -1.5037642 
    7000    1.3759226    1.5610447    1967.8077   0.67638723   -3.7896868    2.0623332   -1.7273536 
    8000    1.3882842    1.4579091    1965.1148   0.67731413   -3.8033648    2.0808617   -1.7225031 
    9000    1.4204498    1.4258052    1995.6837   0.66693934   -3.7366802    2.1290738   -1.6076064 
   10000    1.3437402    1.7395069    2005.3976   0.66370879   -3.6183768     2.014096   -1.6042808 
   11000    1.3940717    1.4650021    1979.7199   0.67231735   -3.7537625    2.0895365    -1.664226 
   12000    1.3761099    1.6694952    1954.6847   0.68092825   -3.7818838    2.0626141   -1.7192697 
   13000    1.3767596    1.6977828    1976.0642   0.67356112   -3.7182402    2.0635878   -1.6546524 
   14000    1.3979734    1.5814771    1996.1502   0.66678348   -3.6903406    2.0953846    -1.594956 
   15000    1.4191264    1.4133645    1979.5445   0.67237691   -3.7744784    2.1270903   -1.6473881 
   16000    1.3486258    1.3819045    1971.7361   0.67503961   -3.7755954    2.0214188   -1.7541766 
   17000    1.3581515    1.3024599    2000.1677   0.66544422   -3.7352864    2.0356966   -1.6995898 
   18000    1.3878879    1.4209413    2000.0703   0.66547661   -3.7125606    2.0802678   -1.6322928 
   19000    1.3907332    1.4106031    1972.1785    0.6748882   -3.7875943    2.0845326   -1.7030618 
   20000    1.3845295    1.4551015    1969.1032   0.67594223   -3.7924636    2.0752339   -1.7172298 
   21000    1.4206685    1.4384652    1981.6454   0.67166407   -3.7598547    2.1294017    -1.630453 
   22000    1.4256254    1.7089996    1996.1428   0.66678596   -3.6932658    2.1368315   -1.5564343 
   23000      1.41322    1.7582667    1961.0878   0.67870496    -3.740494    2.1182374   -1.6222566 
   24000    1.4436861    1.5746333     1953.607   0.68130386   -3.8156566    2.1639021   -1.6517545 
   25000    1.4417121     1.573154    1980.0266    0.6722132   -3.7348722    2.1609434   -1.5739288 
   26000    1.4242167    1.6435326    1986.1012   0.67015718   -3.7031305      2.13472   -1.5684105 
   27000    1.4004991    1.4932975    1963.1401   0.67799541   -3.8019583    2.0991703    -1.702788 
   28000    1.3861972    1.6946389     1975.911   0.67361335   -3.7182092    2.0777336   -1.6404756 
   29000    1.4423022    1.4806502    2002.3908    0.6647054   -3.6978834    2.1618279   -1.5360555 
   30000     1.402544    1.5462965    1992.7855   0.66790933   -3.7197604    2.1022353    -1.617525 
   31000    1.3722497    1.4784384      1968.05   0.67630394   -3.7810186    2.0568281   -1.7241905 
   32000    1.3968076    1.4131202    1991.9497   0.66818957   -3.7501592    2.0936373   -1.6565219 
   33000    1.4116898    1.3357825    2009.2218   0.66244551    -3.701028    2.1159438   -1.5850841 
   34000    1.3891022    1.4372364    1976.7858   0.67331524   -3.7820885    2.0820878   -1.7000007 
   35000    1.3626819    1.3030015    1985.6811   0.67029897   -3.7665533    2.0424871   -1.7240662 
   36000    1.4184751    1.3796196    1998.4945   0.66600134   -3.7407428     2.126114   -1.6146288 
   37000    1.4512514    1.5302874    1973.3124   0.67450041   -3.7795305    2.1752416   -1.6042889 
   38000     1.436653    1.7622604    1960.2582   0.67899219   -3.7630821    2.1533604   -1.6097217 
   39000    1.4683258    1.5344682    1965.0966   0.67732038   -3.8041938    2.2008339   -1.6033598 
   40000    1.4323789     1.635016    2010.1147   0.66215126   -3.6409825    2.1469541   -1.4940284 
   41000    1.3952699    1.3927204    2001.6302   0.66495798   -3.7117151    2.0913324   -1.6203827 
   42000    1.3735537    1.5627001    1970.9273   0.67531663   -3.7525621    2.0587826   -1.6937795 
   43000    1.3856931    1.5394131    1973.8719   0.67430922   -3.7710002     2.076978   -1.6940222 
   44000    1.4028069    1.5153385    2006.0646   0.66348809    -3.680562    2.1026294   -1.5779326 
   45000    1.4034263    1.2083202    1989.6653   0.66895673   -3.8002468    2.1035578    -1.696689 
   46000    1.3906378    1.4248194    1989.4137   0.66904133   -3.7655785    2.0843894   -1.6811891 
   47000    1.4101759    1.2034695    2032.5862   0.65483076   -3.6942755    2.1136746   -1.5806009 
   48000    1.3747757    1.3608334    2048.1809   0.64984496   -3.6187009    2.0606143   -1.5580866 
   49000    1.3888337    1.3967154    1982.6805   0.67131342   -3.7649989    2.0816854   -1.6833135 
   50000    1.4078245    1.5202083    1979.1363   0.67251557   -3.7572872    2.1101501   -1.6471371 
Loop time of 36.9357 on 1 procs for 50000 steps with 1331 atoms

Performance: 467840.151 tau/day, 1353.704 timesteps/s
99.6% CPU use with 1 MPI tasks x no OpenMP threads

MPI task timing breakdown:
Section |  min time  |  avg time  |  max time  |%varavg| %total
---------------------------------------------------------------
Pair    | 28.798     | 28.798     | 28.798     |   0.0 | 77.97
Neigh   | 4.8143     | 4.8143     | 4.8143     |   0.0 | 13.03
Comm    | 0.7799     | 0.7799     | 0.7799     |   0.0 |  2.11
Output  | 0.029383   | 0.029383   | 0.029383   |   0.0 |  0.08
Modify  | 2.3464     | 2.3464     | 2.3464     |   0.0 |  6.35
Other   |            | 0.1674     |            |       |  0.45

Nlocal:    1331 ave 1331 max 1331 min
Histogram: 1 0 0 0 0 0 0 0 0 0
Nghost:    2707 ave 2707 max 2707 min
Histogram: 1 0 0 0 0 0 0 0 0 0
Neighs:    40305 ave 40305 max 40305 min
Histogram: 1 0 0 0 0 0 0 0 0 0

Total # of neighbors = 40305
Ave neighs/atom = 30.2817
Neighbor list builds = 2500
Dangerous builds not checked

write_restart lattice_11_11_11__2_2_2/sim1/T_1.40__P_1.50/end1.restart
Total wall time: 0:00:36
