run 50000
Neighbor list info ...
  update every 20 steps, delay 0 steps, check no
  max neighbors/atom: 2000, page size: 100000
  master list distance cutoff = 2.8
  ghost atom cutoff = 2.8
  binsize = 1.4, bins = 11 11 11
  1 neighbor lists, perpetual/occasional/extra = 1 0 0
  (1) pair lj/cut, perpetual
      attributes: half, newton on
      pair build: half/bin/atomonly/newton
      stencil: half/bin/3d/newton
      bin: standard
Per MPI rank memory allocation (min/avg/max) = 2.735 | 2.735 | 2.735 Mbytes
Step Temp Press TotEng 
       0          1.9  -0.78087751   0.62098818 
    1000    1.9197008    0.8918596   0.80563213 
    2000    1.8685532   0.77549045   0.72555411 
    3000    1.8673134   0.79434648   0.70398783 
    4000    1.9934833   0.72133266   0.81801627 
    5000    1.8590167   0.75297415   0.66136425 
    6000    1.9373804   0.70574723   0.78565781 
    7000    1.9044632   0.67968704   0.72159746 
    8000    1.9348001   0.68283736   0.74803002 
    9000    1.9168223   0.76032401   0.75722763 
   10000    1.8839342   0.77401034   0.67230638 
   11000    1.9330432   0.75132894   0.76806389 
   12000    1.8009032   0.73218838   0.57334441 
   13000      1.91262   0.75065952   0.76145122 
   14000    1.8926379   0.87469255   0.74798818 
   15000    1.8901581   0.68479046   0.67834382 
   16000    1.9654923   0.73771522   0.80856342 
   17000    1.8740941    0.7087364   0.69281212 
   18000    1.9427859   0.75950447   0.78242219 
   19000    1.7855898   0.65090922   0.55049316 
   20000     1.958267   0.64697821   0.79383211 
   21000    1.8718772   0.79940062   0.68080611 
   22000    1.9460486   0.77261277   0.78875413 
   23000     1.889039   0.87898494   0.74532307 
   24000    1.8904154   0.77686576    0.7188819 
   25000    1.9583946   0.86181724   0.87336851 
   26000    1.8342524   0.76144717   0.65158447 
   27000     1.929389   0.81097591   0.82051366 
   28000    1.8364441   0.76051632   0.65229041 
   29000    1.9610021   0.85973244   0.82918228 
   30000    1.8979385   0.68309241   0.71170164 
   31000    1.8831372   0.77928583    0.7477483 
   32000    1.9311927   0.77772672   0.78495604 
   33000    1.8482459   0.87475106   0.72107632 
   34000    1.9258005   0.77412723   0.78346462 
   35000    1.8177425   0.66298656   0.60764057 
   36000    1.9320181   0.79559491   0.80386988 
   37000    1.8708398   0.71042478   0.67513388 
   38000    1.9408258   0.89973012   0.84957483 
   39000    1.9148023    0.8008637   0.74967917 
   40000    1.8841941   0.77135418   0.72934114 
   41000    1.9747253   0.93420141   0.88500366 
   42000    1.8612981   0.77086886   0.68355319 
   43000    1.9203647   0.90116903   0.81183344 
   44000    1.8549408   0.68832287   0.61466736 
   45000    1.9315004   0.72528807   0.79541715 
   46000    1.9194292   0.69570007   0.72550889 
   47000    1.9098554   0.71054421   0.76291821 
   48000    1.9061342    0.7818069   0.75598004 
   49000    1.8678722   0.71744029   0.69921801 
   50000    1.9526909   0.69031958   0.76991595 
Loop time of 20.1459 on 1 procs for 50000 steps with 1331 atoms

Performance: 857743.108 tau/day, 2481.896 timesteps/s
99.9% CPU use with 1 MPI tasks x no OpenMP threads

MPI task timing breakdown:
Section |  min time  |  avg time  |  max time  |%varavg| %total
---------------------------------------------------------------
Pair    | 15.328     | 15.328     | 15.328     |   0.0 | 76.08
Neigh   | 3.2839     | 3.2839     | 3.2839     |   0.0 | 16.30
Comm    | 0.55484    | 0.55484    | 0.55484    |   0.0 |  2.75
Output  | 0.022848   | 0.022848   | 0.022848   |   0.0 |  0.11
Modify  | 0.84408    | 0.84408    | 0.84408    |   0.0 |  4.19
Other   |            | 0.1123     |            |       |  0.56

Nlocal:    1331 ave 1331 max 1331 min
Histogram: 1 0 0 0 0 0 0 0 0 0
Nghost:    2045 ave 2045 max 2045 min
Histogram: 1 0 0 0 0 0 0 0 0 0
Neighs:    23880 ave 23880 max 23880 min
Histogram: 1 0 0 0 0 0 0 0 0 0

Total # of neighbors = 23880
Ave neighs/atom = 17.9414
Neighbor list builds = 2500
Dangerous builds not checked

write_restart NVT/sim1/T_1.90__v_2.20/end1.restart
Total wall time: 0:00:20
