run 50000
Neighbor list info ...
  update every 20 steps, delay 0 steps, check no
  max neighbors/atom: 2000, page size: 100000
  master list distance cutoff = 2.8
  ghost atom cutoff = 2.8
  binsize = 1.4, bins = 20 20 20
  1 neighbor lists, perpetual/occasional/extra = 1 0 0
  (1) pair lj/cut, perpetual
      attributes: half, newton on
      pair build: half/bin/atomonly/newton
      stencil: half/bin/3d/newton
      bin: standard
Per MPI rank memory allocation (min/avg/max) = 2.748 | 2.748 | 2.748 Mbytes
Step Temp Press TotEng 
       0          1.5  0.088877686    2.2359805 
    1000    1.5266612  0.088654782    1.9538871 
    2000     1.456901  0.075305948    1.8276269 
    3000    1.5275389  0.083758659    1.9304895 
    4000    1.4586843  0.076251867     1.807656 
    5000    1.5544396  0.087753832    1.9626518 
    6000    1.4875394  0.083714378    1.8310245 
    7000    1.5229612  0.086292788    1.9250912 
    8000     1.521001  0.080559421    1.8788993 
    9000    1.4904172  0.081121536    1.8620293 
   10000    1.5358022  0.086852372    1.9443512 
   11000    1.4661126  0.081705689    1.8206601 
   12000    1.5327595  0.079725257    1.9262353 
   13000    1.4922353   0.08242049    1.8429797 
   14000    1.5062873  0.079104102     1.876191 
   15000     1.490495  0.075614685    1.8245508 
   16000     1.490614   0.07701858    1.8461526 
   17000    1.5202948   0.08295105    1.8772593 
   18000    1.4848723  0.083382995     1.838534 
   19000    1.5478844  0.083603102    1.9195967 
   20000    1.4678414  0.081424123    1.8163641 
   21000    1.5376432  0.082927934    1.9224552 
   22000    1.4377681  0.070622666     1.774439 
   23000    1.5271174  0.086836389     1.911259 
   24000    1.4407966  0.078790414    1.7954971 
   25000    1.5321691  0.087008905     1.924578 
   26000    1.4779462  0.080838095    1.8365038 
   27000    1.5348184   0.08642398    1.9234846 
   28000    1.4894689  0.080737504    1.8384443 
   29000    1.5258029   0.08120254    1.9000839 
   30000    1.4884695   0.08396273    1.8520904 
   31000    1.5124266  0.083475367    1.8921088 
   32000    1.5183016   0.08346132    1.8915775 
   33000    1.5130376  0.079450078    1.8599307 
   34000    1.5705052  0.086850802     1.979805 
   35000    1.4594545  0.077900957    1.8153336 
   36000    1.5375478  0.075653438    1.9269444 
   37000    1.4198399  0.081410199    1.7690127 
   38000    1.5121663   0.08246411    1.8969508 
   39000    1.4559647    0.0819996    1.8027477 
   40000    1.5612512  0.087430196    1.9650675 
   41000     1.468885  0.080628618    1.8461118 
   42000    1.5244798   0.08748792    1.9243384 
   43000    1.4895051  0.086212541    1.8527939 
   44000    1.4925491  0.082385868    1.8598694 
   45000    1.5341656   0.08127856    1.9133456 
   46000    1.4585388  0.078934251    1.7810659 
   47000    1.5072915  0.083751948    1.8823974 
   48000    1.4793547   0.07402545    1.8424847 
   49000     1.563134  0.090651998    1.9736855 
   50000    1.4577622   0.08136885    1.8235641 
Loop time of 5.21737 on 1 procs for 50000 steps with 1331 atoms

Performance: 3312011.959 tau/day, 9583.368 timesteps/s
99.7% CPU use with 1 MPI tasks x no OpenMP threads

MPI task timing breakdown:
Section |  min time  |  avg time  |  max time  |%varavg| %total
---------------------------------------------------------------
Pair    | 2.7948     | 2.7948     | 2.7948     |   0.0 | 53.57
Neigh   | 1.2031     | 1.2031     | 1.2031     |   0.0 | 23.06
Comm    | 0.27617    | 0.27617    | 0.27617    |   0.0 |  5.29
Output  | 0.022667   | 0.022667   | 0.022667   |   0.0 |  0.43
Modify  | 0.84132    | 0.84132    | 0.84132    |   0.0 | 16.13
Other   |            | 0.07939    |            |       |  1.52

Nlocal:    1331 ave 1331 max 1331 min
Histogram: 1 0 0 0 0 0 0 0 0 0
Nghost:    933 ave 933 max 933 min
Histogram: 1 0 0 0 0 0 0 0 0 0
Neighs:    3829 ave 3829 max 3829 min
Histogram: 1 0 0 0 0 0 0 0 0 0

Total # of neighbors = 3829
Ave neighs/atom = 2.87678
Neighbor list builds = 2500
Dangerous builds not checked

write_restart NVT/sim1/T_1.50__v_17.58/end1.restart
Total wall time: 0:00:05
