run 50000
Neighbor list info ...
  update every 20 steps, delay 0 steps, check no
  max neighbors/atom: 2000, page size: 100000
  master list distance cutoff = 2.8
  ghost atom cutoff = 2.8
  binsize = 1.4, bins = 14 14 14
  1 neighbor lists, perpetual/occasional/extra = 1 0 0
  (1) pair lj/cut, perpetual
      attributes: half, newton on
      pair build: half/bin/atomonly/newton
      stencil: half/bin/3d/newton
      bin: standard
Per MPI rank memory allocation (min/avg/max) = 2.746 | 2.746 | 2.746 Mbytes
Step Temp Press TotEng 
       0          1.4  0.064736229    1.6760882 
    1000     1.513468   0.20680243    1.1020448 
    2000    1.3397154   0.17399001   0.81383491 
    3000    1.4409925   0.21447057   0.99628582 
    4000    1.3787917   0.13712193   0.86245345 
    5000    1.4170167   0.19418926   0.92422362 
    6000    1.3928604   0.19224751   0.87811355 
    7000    1.3814755   0.16413678   0.83723133 
    8000    1.4378393   0.17561422   0.92663644 
    9000    1.3509276   0.19479153    0.7769048 
   10000     1.420574   0.18076978   0.94266641 
   11000     1.388095   0.17188956   0.85927181 
   12000    1.4106061   0.22005094   0.93014231 
   13000    1.4061474   0.17174548   0.92441314 
   14000    1.3794274   0.18774626   0.85546163 
   15000     1.396436   0.21382131   0.92587107 
   16000    1.4129224   0.21188263   0.90364052 
   17000    1.3725069   0.18351612   0.85550311 
   18000    1.4143677   0.17800525   0.89952698 
   19000     1.360843   0.20112749   0.85363571 
   20000    1.4499371   0.20281586   0.97295598 
   21000    1.3800339   0.19118865   0.84397289 
   22000    1.4046916   0.18518138   0.90640204 
   23000    1.3856656   0.16939035    0.8956166 
   24000    1.4116424   0.21129807   0.91324307 
   25000    1.4347048   0.21055101   0.93770478 
   26000    1.3755447   0.17782841   0.83703906 
   27000    1.4500183   0.22154256   0.96044857 
   28000    1.4015964   0.17601124     0.862428 
   29000    1.3884745   0.17309648    0.8815884 
   30000    1.4255871   0.19355754   0.96635993 
   31000    1.3630306   0.19770352   0.86479997 
   32000    1.5096246    0.2069256    1.0748364 
   33000    1.3905311   0.18429771   0.88455987 
   34000    1.4464261   0.19531997   0.93518869 
   35000    1.3602953   0.20721623    0.8843171 
   36000    1.3778274   0.19089451   0.82478897 
   37000    1.4175098   0.19052083   0.95685802 
   38000    1.3620593   0.18490175    0.8501711 
   39000    1.4764412   0.21275957    1.0360305 
   40000    1.4187164   0.19336526    0.9322364 
   41000    1.3727165   0.18429166   0.86052223 
   42000    1.4481286   0.19286967   0.98148619 
   43000    1.3401096   0.15037225   0.82842519 
   44000    1.4109008   0.19291298   0.93046684 
   45000    1.3689698   0.18511857   0.81315098 
   46000    1.3761075   0.20982513   0.89979002 
   47000    1.4120512   0.21990135   0.93686003 
   48000    1.3781786   0.17040344    0.8315928 
   49000    1.4415527   0.19310715   0.94927797 
   50000    1.3845305   0.19687628   0.87683648 
Loop time of 11.881 on 1 procs for 50000 steps with 1331 atoms

Performance: 1454419.492 tau/day, 4208.390 timesteps/s
99.8% CPU use with 1 MPI tasks x no OpenMP threads

MPI task timing breakdown:
Section |  min time  |  avg time  |  max time  |%varavg| %total
---------------------------------------------------------------
Pair    | 7.9864     | 7.9864     | 7.9864     |   0.0 | 67.22
Neigh   | 2.5148     | 2.5148     | 2.5148     |   0.0 | 21.17
Comm    | 0.41581    | 0.41581    | 0.41581    |   0.0 |  3.50
Output  | 0.02261    | 0.02261    | 0.02261    |   0.0 |  0.19
Modify  | 0.84458    | 0.84458    | 0.84458    |   0.0 |  7.11
Other   |            | 0.0968     |            |       |  0.81

Nlocal:    1331 ave 1331 max 1331 min
Histogram: 1 0 0 0 0 0 0 0 0 0
Nghost:    1467 ave 1467 max 1467 min
Histogram: 1 0 0 0 0 0 0 0 0 0
Neighs:    12299 ave 12299 max 12299 min
Histogram: 1 0 0 0 0 0 0 0 0 0

Total # of neighbors = 12299
Ave neighs/atom = 9.24042
Neighbor list builds = 2500
Dangerous builds not checked

write_restart NVT/sim1/T_1.40__v_4.91/end1.restart
Total wall time: 0:00:11
