run 50000
Neighbor list info ...
  update every 20 steps, delay 0 steps, check no
  max neighbors/atom: 2000, page size: 100000
  master list distance cutoff = 2.8
  ghost atom cutoff = 2.8
  binsize = 1.4, bins = 20 20 20
  1 neighbor lists, perpetual/occasional/extra = 1 0 0
  (1) pair lj/cut, perpetual
      attributes: half, newton on
      pair build: half/bin/atomonly/newton
      stencil: half/bin/3d/newton
      bin: standard
Per MPI rank memory allocation (min/avg/max) = 2.724 | 2.724 | 2.724 Mbytes
Step Temp Press TotEng 
       0          1.8   0.11939455    2.6856424 
    1000     1.823209    0.1170782    2.3697987 
    2000    1.7607826   0.11276175    2.2518389 
    3000    1.8437332   0.11594722    2.3732647 
    4000    1.7423355   0.10766105    2.2036087 
    5000    1.8120496    0.1167868    2.3484442 
    6000    1.7747451   0.11249345    2.2580512 
    7000    1.8661062   0.11951946    2.4076845 
    8000    1.7706811   0.11381882    2.2685715 
    9000    1.8335845   0.11590184    2.3498365 
   10000    1.7511463   0.10561092    2.2289559 
   11000    1.7777665   0.11052251    2.3036059 
   12000    1.8089155   0.11319153    2.3227603 
   13000    1.7536769   0.11089903    2.2159507 
   14000    1.8413683     0.123136    2.3855695 
   15000    1.7501974   0.10233099    2.2278198 
   16000    1.7983648   0.11678013     2.306303 
   17000    1.8102892   0.10443328    2.3003934 
   18000    1.7743602   0.11368769    2.2476042 
   19000    1.8605746   0.11445589    2.3789127 
   20000    1.7730912   0.10654865    2.2729333 
   21000    1.8138506   0.11496559    2.3313321 
   22000    1.7222865   0.11132162    2.1778475 
   23000    1.8500068   0.11136195    2.3454131 
   24000    1.7852232   0.11153408    2.2795773 
   25000    1.8218872   0.11596157    2.3261145 
   26000    1.8040572    0.1164312    2.3056564 
   27000    1.7800531   0.11101638    2.2709193 
   28000    1.7827477   0.11095102    2.3205679 
   29000    1.7793021   0.11872657    2.3048196 
   30000    1.8655911   0.12258945    2.4093026 
   31000    1.7536899   0.11270991    2.2503825 
   32000    1.8532648   0.11487172     2.365171 
   33000    1.6926116    0.1045995    2.1453235 
   34000     1.812484   0.11551447    2.3133925 
   35000     1.763887   0.11473105    2.2353397 
   36000    1.8318678   0.11488991    2.3774716 
   37000    1.7826424   0.10789596    2.2800444 
   38000    1.8275947   0.11280285    2.3539999 
   39000    1.7604675   0.10790926    2.2429991 
   40000    1.8020322   0.11373363      2.31672 
   41000    1.7939866   0.10711062    2.2821619 
   42000    1.7983764   0.11153429    2.3220347 
   43000    1.8121623   0.11564864    2.3080766 
   44000    1.7824627   0.11498802    2.2801399 
   45000    1.8463105   0.11412469    2.3764043 
   46000    1.8000605   0.11410994    2.3092515 
   47000    1.8153701   0.11464345    2.3376754 
   48000    1.7958461   0.11205188    2.3089076 
   49000    1.7745457   0.11044095    2.2672253 
   50000    1.8240861   0.11651964    2.3597968 
Loop time of 5.62109 on 1 procs for 50000 steps with 1331 atoms

Performance: 3074135.535 tau/day, 8895.068 timesteps/s
99.6% CPU use with 1 MPI tasks x no OpenMP threads

MPI task timing breakdown:
Section |  min time  |  avg time  |  max time  |%varavg| %total
---------------------------------------------------------------
Pair    | 3.076      | 3.076      | 3.076      |   0.0 | 54.72
Neigh   | 1.301      | 1.301      | 1.301      |   0.0 | 23.14
Comm    | 0.29605    | 0.29605    | 0.29605    |   0.0 |  5.27
Output  | 0.022293   | 0.022293   | 0.022293   |   0.0 |  0.40
Modify  | 0.84514    | 0.84514    | 0.84514    |   0.0 | 15.04
Other   |            | 0.0806     |            |       |  1.43

Nlocal:    1331 ave 1331 max 1331 min
Histogram: 1 0 0 0 0 0 0 0 0 0
Nghost:    998 ave 998 max 998 min
Histogram: 1 0 0 0 0 0 0 0 0 0
Neighs:    4158 ave 4158 max 4158 min
Histogram: 1 0 0 0 0 0 0 0 0 0

Total # of neighbors = 4158
Ave neighs/atom = 3.12397
Neighbor list builds = 2500
Dangerous builds not checked

write_restart NVT/sim1/T_1.80__v_15.62/end1.restart
Total wall time: 0:00:05
