run 50000
Neighbor list info ...
  update every 20 steps, delay 0 steps, check no
  max neighbors/atom: 2000, page size: 100000
  master list distance cutoff = 2.8
  ghost atom cutoff = 2.8
  binsize = 1.4, bins = 23 23 23
  1 neighbor lists, perpetual/occasional/extra = 1 0 0
  (1) pair lj/cut, perpetual
      attributes: half, newton on
      pair build: half/bin/atomonly/newton
      stencil: half/bin/3d/newton
      bin: standard
Per MPI rank memory allocation (min/avg/max) = 2.748 | 2.748 | 2.748 Mbytes
Step Temp Press TotEng 
       0          0.5  0.020846664   0.73710746 
    1000   0.57921593   0.01849054   0.55062991 
    2000   0.51293053  0.013779067   0.32999903 
    3000   0.50655548  0.010263894   0.19661227 
    4000   0.50361597  0.010287773   0.10386875 
    5000   0.50468474 0.0075345807 -0.0021155519 
    6000   0.49688857 0.0055377095 -0.098008697 
    7000   0.51334401  0.010437952   -0.1739522 
    8000   0.53005429 0.0063738561  -0.26968188 
    9000   0.52033865 0.0071599716  -0.38460679 
   10000   0.52188116 0.0052427285  -0.49714879 
   11000   0.53995608  0.003168508  -0.62009041 
   12000   0.50107903 0.0051964104  -0.75143735 
   13000   0.52460789 0.00061520077  -0.87000797 
   14000   0.53138198 -0.0010068947    -1.001394 
   15000   0.51206812 0.0027192278   -1.1379015 
   16000   0.51038216  0.004268583    -1.258714 
   17000   0.50518145 0.0056182603   -1.3838599 
   18000   0.52376698 -0.00088312717   -1.4983544 
   19000   0.51539619 -0.0019408316   -1.6121498 
   20000   0.49777107 0.0076436497   -1.7084972 
   21000   0.50324733 -0.0016460694   -1.7965279 
   22000   0.50154929 0.0050759036   -1.8729041 
   23000   0.50674271 8.1338706e-05   -1.9416624 
   24000   0.52722931 -0.00063210119   -2.0017138 
   25000   0.50414639 0.00046670641    -2.071434 
   26000   0.53334624 0.0029616663    -2.152503 
   27000   0.48989339 -0.0011362121   -2.2168402 
   28000   0.49548427 0.0061760193   -2.2455695 
   29000   0.50074548 -0.0028623814   -2.3170484 
   30000   0.51868797 -0.0022457041   -2.3728949 
   31000   0.49383084 0.0049866021   -2.4005505 
   32000   0.51420582 -0.0022572141   -2.3931464 
   33000   0.51934217 -0.0044997977   -2.4761542 
   34000   0.49064918 -0.0027701818    -2.536998 
   35000   0.50462914 0.0046679122   -2.5438659 
   36000   0.49328345 -0.001515693    -2.610458 
   37000   0.52001794 0.0032053821   -2.5751461 
   38000   0.48371778 0.0013082091   -2.6210316 
   39000   0.51545097 -0.0016847677   -2.6458136 
   40000   0.51150859 0.0051965096   -2.7098206 
   41000   0.50089805 -0.0013829805   -2.7061859 
   42000   0.52175314 0.0035696873   -2.6670044 
   43000   0.50499774 -0.0011790101   -2.7336919 
   44000   0.50218111 0.0060632451   -2.7292847 
   45000   0.51858403 0.0038433084   -2.6666974 
   46000   0.48394866 -0.0035580666   -2.6981244 
   47000   0.52053696 0.0022660244   -2.7520102 
   48000   0.49863092 -7.8191749e-05   -2.7369322 
   49000   0.49056599 0.00041579275   -2.7073971 
   50000   0.50465944 0.0034283123   -2.6616768 
Loop time of 12.3893 on 1 procs for 50000 steps with 1331 atoms

Performance: 1394749.996 tau/day, 4035.735 timesteps/s
99.9% CPU use with 1 MPI tasks x no OpenMP threads

MPI task timing breakdown:
Section |  min time  |  avg time  |  max time  |%varavg| %total
---------------------------------------------------------------
Pair    | 9.4614     | 9.4614     | 9.4614     |   0.0 | 76.37
Neigh   | 1.735      | 1.735      | 1.735      |   0.0 | 14.00
Comm    | 0.23881    | 0.23881    | 0.23881    |   0.0 |  1.93
Output  | 0.016921   | 0.016921   | 0.016921   |   0.0 |  0.14
Modify  | 0.85917    | 0.85917    | 0.85917    |   0.0 |  6.93
Other   |            | 0.07799    |            |       |  0.63

Nlocal:    1331 ave 1331 max 1331 min
Histogram: 1 0 0 0 0 0 0 0 0 0
Nghost:    723 ave 723 max 723 min
Histogram: 1 0 0 0 0 0 0 0 0 0
Neighs:    23691 ave 23691 max 23691 min
Histogram: 1 0 0 0 0 0 0 0 0 0

Total # of neighbors = 23691
Ave neighs/atom = 17.7994
Neighbor list builds = 2500
Dangerous builds not checked

write_restart NVT/sim1/T_0.50__v_24.39/end1.restart
Total wall time: 0:00:12
