run 50000
Neighbor list info ...
  update every 20 steps, delay 0 steps, check no
  max neighbors/atom: 2000, page size: 100000
  master list distance cutoff = 2.8
  ghost atom cutoff = 2.8
  binsize = 1.4, bins = 16 16 16
  1 neighbor lists, perpetual/occasional/extra = 1 0 0
  (1) pair lj/cut, perpetual
      attributes: half, newton on
      pair build: half/bin/atomonly/newton
      stencil: half/bin/3d/newton
      bin: standard
Per MPI rank memory allocation (min/avg/max) = 2.7 | 2.7 | 2.7 Mbytes
Step Temp Press Volume Density PotEng KinEng TotEng 
       0          1.4   0.12945836        10648        0.125  -0.13561964    2.0984222    1.9628026 
    1000    2.0615276   0.44650264    5866.4477   0.22688347   -1.1703026    3.0899681    1.9196656 
    2000    1.8135665   0.57692653    4035.0017   0.32986355   -1.7983382    2.7183059   0.91996765 
    3000    1.6376722   0.74769411    3038.2641    0.4380791   -2.4192695    2.4546626  0.035393152 
    4000    1.5243794    1.0277892    2437.3275   0.54608994    -2.976562    2.2848511  -0.69171087 
    5000    1.4742968    1.3265817    2101.3651   0.63339777   -3.5100376    2.2097837   -1.3002539 
    6000    1.4004818     1.634653     1933.779   0.68828962   -3.8478141    2.0991444   -1.7486696 
    7000    1.3278493    1.9500873    1874.3275   0.71012137   -3.9326788    1.9902775   -1.9424013 
    8000    1.4018217    1.7283929    1888.3962   0.70483091   -3.9448947    2.1011528    -1.843742 
    9000    1.4080007    1.8395508    1916.8327   0.69437464   -3.8453097    2.1104143   -1.7348953 
   10000    1.4036564    1.9201021    1912.0811   0.69610018   -3.8564655    2.1039028   -1.7525628 
   11000    1.4144977    1.7126781     1896.754   0.70172517   -3.9315165    2.1201525    -1.811364 
   12000    1.4175388    1.6843799    1887.6202   0.70512067   -3.9726237    2.1247107   -1.8479131 
   13000    1.3990575    1.6166935    1909.6896   0.69697189   -3.9141482    2.0970096   -1.8171386 
   14000    1.3970156    1.6708788    1923.7258   0.69188653    -3.862589    2.0939491   -1.7686399 
   15000    1.4008727    1.7027841    1906.5781   0.69810934   -3.8953852    2.0997303   -1.7956549 
   16000    1.3919139    1.6366451    1886.3311   0.70560253     -3.95883    2.0863022   -1.8725277 
   17000    1.3765577    1.7950531    1908.9578   0.69723908    -3.882458    2.0632853   -1.8191728 
   18000    1.3990146    1.6135554    1936.7195   0.68724458   -3.8380858    2.0969453   -1.7411405 
   19000    1.3357425    1.5335889    1929.2946   0.68988947   -3.8698956    2.0021085   -1.8677872 
   20000    1.3407488    1.8907105    1900.8571   0.70021044    -3.905299    2.0096122   -1.8956868 
   21000    1.3780549    1.8829516    1905.2557    0.6985939    -3.866902    2.0655293   -1.8013727 
   22000    1.3624354    1.8139869    1914.9953   0.69504087    -3.845627    2.0421177   -1.8035093 
   23000     1.368644    1.8887988    1901.9262   0.69981685   -3.8614672    2.0514235   -1.8100436 
   24000     1.386277    1.8023421    1901.8049    0.6998615   -3.8939341    2.0778532   -1.8160808 
   25000    1.4147818    1.7445907    1915.0546   0.69501935   -3.8817161    2.1205783   -1.7611378 
   26000    1.4456104    1.8792702    1904.1689   0.69899261   -3.8847964    2.1667864   -1.7180099 
   27000    1.3996456    2.0924546    1877.4453   0.70894211   -3.9051639    2.0978911   -1.8072728 
   28000    1.4729149    1.7973423    1886.1795   0.70565925   -3.9606405    2.2077124   -1.7529281 
   29000    1.4378661    1.9158518    1896.5766   0.70179079   -3.9043704    2.1551788   -1.7491916 
   30000    1.4094447    1.8686469    1899.1135   0.70085331   -3.8800748    2.1125786   -1.7674962 
   31000    1.4407441    1.7860117     1909.058    0.6972025   -3.8753396    2.1594924   -1.7158472 
   32000    1.4212657    1.7897108    1888.9558   0.70462209   -3.9139592    2.1302968   -1.7836623 
   33000    1.4079044    1.8454523    1880.5727   0.70776311   -3.9636321    2.1102699   -1.8533622 
   34000    1.4174345    1.8015812    1904.6868   0.69880255   -3.8717571    2.1245544   -1.7472027 
   35000    1.4053029    1.6612325    1928.8329   0.69005459   -3.8668001    2.1063706   -1.7604294 
   36000    1.3688469    1.5289857    1917.1411   0.69426292    -3.903662    2.0517277   -1.8519342 
   37000    1.3370587     1.740073    1909.7179   0.69696158   -3.8723308    2.0040812   -1.8682496 
   38000    1.3757311    1.6839464    1911.8003   0.69620244   -3.8840625    2.0620463   -1.8220163 
   39000     1.420384    1.6727676    1941.1435   0.68567831   -3.8305813    2.1289753   -1.7016061 
   40000    1.4050597    1.6439728    1936.1978   0.68742975   -3.8133255    2.1060061   -1.7073194 
   41000     1.360132    1.9626085    1903.1341    0.6993727   -3.8526771    2.0386651    -1.814012 
   42000    1.4231654    1.6572619    1903.3959    0.6992765   -3.9282697    2.1331442   -1.7951256 
   43000    1.3969679    1.9117465    1919.0977   0.69355511     -3.83103    2.0938775   -1.7371524 
   44000    1.4292407     1.845067    1924.0424   0.69177269   -3.8296485    2.1422503   -1.6873982 
   45000    1.4028243    1.8690935    1888.5223   0.70478386   -3.9198215    2.1026556   -1.8171659 
   46000    1.4251232    1.7140499    1883.5793   0.70663338   -3.9696928    2.1360787   -1.8336141 
   47000    1.4039026    1.6935832    1897.8237   0.70132962   -3.9044872    2.1042717   -1.8002155 
   48000    1.4107313    1.8812556    1920.6188   0.69300582     -3.82321    2.1145071   -1.7087029 
   49000    1.4134233    1.7426778    1891.5436    0.7036581   -3.9472361    2.1185421    -1.828694 
   50000    1.3748762    1.7708322    1897.9314   0.70128983   -3.8966284    2.0607648   -1.8358636 
Loop time of 38.6062 on 1 procs for 50000 steps with 1331 atoms

Performance: 447596.279 tau/day, 1295.128 timesteps/s
99.8% CPU use with 1 MPI tasks x no OpenMP threads

MPI task timing breakdown:
Section |  min time  |  avg time  |  max time  |%varavg| %total
---------------------------------------------------------------
Pair    | 30.214     | 30.214     | 30.214     |   0.0 | 78.26
Neigh   | 4.9958     | 4.9958     | 4.9958     |   0.0 | 12.94
Comm    | 0.80944    | 0.80944    | 0.80944    |   0.0 |  2.10
Output  | 0.030277   | 0.030277   | 0.030277   |   0.0 |  0.08
Modify  | 2.3828     | 2.3828     | 2.3828     |   0.0 |  6.17
Other   |            | 0.1738     |            |       |  0.45

Nlocal:    1331 ave 1331 max 1331 min
Histogram: 1 0 0 0 0 0 0 0 0 0
Nghost:    2692 ave 2692 max 2692 min
Histogram: 1 0 0 0 0 0 0 0 0 0
Neighs:    42051 ave 42051 max 42051 min
Histogram: 1 0 0 0 0 0 0 0 0 0

Total # of neighbors = 42051
Ave neighs/atom = 31.5935
Neighbor list builds = 2500
Dangerous builds not checked

write_restart lattice_11_11_11__2_2_2/sim1/T_1.40__P_1.80/end1.restart
Total wall time: 0:00:38
