run 50000
Neighbor list info ...
  update every 20 steps, delay 0 steps, check no
  max neighbors/atom: 2000, page size: 100000
  master list distance cutoff = 2.8
  ghost atom cutoff = 2.8
  binsize = 1.4, bins = 16 16 16
  1 neighbor lists, perpetual/occasional/extra = 1 0 0
  (1) pair lj/cut, perpetual
      attributes: half, newton on
      pair build: half/bin/atomonly/newton
      stencil: half/bin/3d/newton
      bin: standard
Per MPI rank memory allocation (min/avg/max) = 2.7 | 2.7 | 2.7 Mbytes
Step Temp Press Volume Density PotEng KinEng TotEng 
       0          1.2   0.10447715        10648        0.125  -0.13561964    1.7986476     1.663028 
    1000     1.670139   0.30953062    6867.9717   0.19379812   -1.0982959    2.5033264    1.4050305 
    2000    1.4444303   0.25532984    5079.7644   0.26202003   -1.5453134    2.1650177   0.61970424 
    3000    1.3284243   0.24205637    3948.1399   0.33712078   -2.0229016    1.9911393 -0.031762307 
    4000    1.2698182   0.23508595    3186.6706   0.41767731   -2.4576613    1.9032962  -0.55436504 
    5000    1.2789825    0.3547617    2676.2931   0.49732968   -2.9168361    1.9170324  -0.99980371 
    6000    1.2376295   0.51830432    2339.4561   0.56893567   -3.2710958    1.8550494   -1.4160464 
    7000     1.207483   0.68444986    2140.0835   0.62193836   -3.5689565    1.8098637   -1.7590928 
    8000    1.1935128   0.86545212    2047.5924   0.65003172   -3.7708303    1.7889241   -1.9819061 
    9000    1.1796003   0.85958152    2021.9826   0.65826482    -3.780143    1.7680711   -2.0120719 
   10000    1.2079674   0.76613046    2039.3734   0.65265144    -3.762495    1.8105897   -1.9519053 
   11000    1.1850195   0.84954132    2042.4946   0.65165411   -3.7532731    1.7761938   -1.9770793 
   12000     1.205778   0.69338012    2024.1032   0.65757516   -3.8234528    1.8073082   -2.0161446 
   13000    1.1827022   0.87791845     2032.238   0.65494297   -3.7547794    1.7727204    -1.982059 
   14000    1.2251624    0.9302167    2050.1151   0.64923183   -3.7234494    1.8363629   -1.8870864 
   15000    1.2441191   0.79366117    2047.3719   0.65010173   -3.7595658    1.8647766   -1.8947892 
   16000    1.1789631   0.73935191    2040.5028   0.65229022   -3.7578816     1.767116   -1.9907656 
   17000    1.1600203   0.70687321    2061.8793   0.64552759   -3.7313138    1.7387232   -1.9925906 
   18000    1.1870902   0.80976258    2058.2718     0.646659   -3.6825138    1.7792976   -1.9032163 
   19000    1.1822424    1.0770537     2019.365   0.65911808   -3.7296895    1.7720312   -1.9576583 
   20000    1.2123853    1.0281633    1998.7612   0.66591247   -3.7981547    1.8172116   -1.9809431 
   21000    1.2238063   0.89573181    2019.2475   0.65915643   -3.7684407    1.8343302   -1.9341105 
   22000    1.2061508   0.82178226    2051.7211   0.64872366   -3.7324339    1.8078669    -1.924567 
   23000     1.146688   0.72133645    2092.6546   0.63603425   -3.6408045    1.7187397   -1.9220647 
   24000    1.1769425     0.658868    2026.0572   0.65694097   -3.8027574    1.7640874     -2.03867 
   25000    1.1613122   0.86730865    2030.3727   0.65554466   -3.7617636    1.7406595   -2.0211041 
   26000    1.2274462   0.71604679     2057.256   0.64697832   -3.7375907    1.8397859   -1.8978048 
   27000    1.1667803   0.84763226    2040.7438   0.65221317   -3.7265478    1.7488556   -1.9776923 
   28000    1.1632158   0.75901829    2020.8764   0.65862513   -3.8025595    1.7435128   -2.0590467 
   29000    1.1954452   0.67650625     2005.575   0.66365007   -3.8652013    1.7918206   -2.0733807 
   30000    1.2235127   0.58485886    2042.5459   0.65163774   -3.7886851    1.8338903   -1.9547948 
   31000    1.2201902   0.66789386    2050.8488   0.64899959   -3.7522742    1.8289102    -1.923364 
   32000    1.1937716   0.90563696    1993.3711   0.66771309   -3.8394184    1.7893121   -2.0501063 
   33000    1.1948509   0.82889841    2011.0437   0.66184537   -3.8160767    1.7909298   -2.0251468 
   34000    1.2002673   0.70953825     2045.456   0.65071064   -3.7922111    1.7990483   -1.9931628 
   35000    1.1567934   0.52100915    2075.5669   0.64127059   -3.7271542    1.7338864   -1.9932678 
   36000    1.1766837   0.63127993    2094.4442   0.63549078   -3.6818033    1.7636994   -1.9181039 
   37000    1.2166443   0.64790199    2040.6106   0.65225574   -3.7989248    1.8235954   -1.9753294 
   38000    1.1949412   0.94993145    2006.6643    0.6632898   -3.8076738    1.7910651   -2.0166086 
   39000    1.2813314    0.7566728    2019.5733   0.65905011   -3.8260036    1.9205531   -1.9054506 
   40000    1.2299633   0.79716438    2037.3755   0.65329146   -3.7802613    1.8435589   -1.9367024 
   41000    1.1756796   0.76507418      2035.03   0.65404443   -3.7863118    1.7621945   -2.0241174 
   42000    1.1784804   0.63193928    2004.3801   0.66404572   -3.8798638    1.7663925   -2.1134713 
   43000    1.1948085   0.80299038    2033.4392    0.6545561   -3.7763786    1.7908662   -1.9855124 
   44000    1.1933029    1.0545295    2041.2105   0.65206404    -3.683066    1.7886096   -1.8944564 
   45000    1.2447297    1.0197586    2041.9648   0.65182318   -3.7141814    1.8656918   -1.8484896 
   46000    1.2171033   0.90302386    2051.4606   0.64880601   -3.6837117    1.8242833   -1.8594285 
   47000    1.1939534   0.84460717    2031.5168   0.65517549   -3.7725864    1.7895845   -1.9830019 
   48000     1.220321   0.81713894    2033.8714     0.654417   -3.7757774    1.8291062   -1.9466712 
   49000    1.2234634   0.81006596    2048.7345   0.64966935   -3.7620967    1.8338163   -1.9282804 
   50000    1.2001227   0.83710374    2038.4975   0.65293189    -3.740016    1.7988315   -1.9411845 
Loop time of 35.4691 on 1 procs for 50000 steps with 1331 atoms

Performance: 487183.940 tau/day, 1409.676 timesteps/s
99.8% CPU use with 1 MPI tasks x no OpenMP threads

MPI task timing breakdown:
Section |  min time  |  avg time  |  max time  |%varavg| %total
---------------------------------------------------------------
Pair    | 27.747     | 27.747     | 27.747     |   0.0 | 78.23
Neigh   | 4.4073     | 4.4073     | 4.4073     |   0.0 | 12.43
Comm    | 0.77665    | 0.77665    | 0.77665    |   0.0 |  2.19
Output  | 0.028975   | 0.028975   | 0.028975   |   0.0 |  0.08
Modify  | 2.3468     | 2.3468     | 2.3468     |   0.0 |  6.62
Other   |            | 0.1621     |            |       |  0.46

Nlocal:    1331 ave 1331 max 1331 min
Histogram: 1 0 0 0 0 0 0 0 0 0
Nghost:    2669 ave 2669 max 2669 min
Histogram: 1 0 0 0 0 0 0 0 0 0
Neighs:    39214 ave 39214 max 39214 min
Histogram: 1 0 0 0 0 0 0 0 0 0

Total # of neighbors = 39214
Ave neighs/atom = 29.4621
Neighbor list builds = 2500
Dangerous builds not checked

write_restart lattice_11_11_11__2_2_2/sim1/T_1.20__P_0.80/end1.restart
Total wall time: 0:00:35
