run 50000
Neighbor list info ...
  update every 20 steps, delay 0 steps, check no
  max neighbors/atom: 2000, page size: 100000
  master list distance cutoff = 2.8
  ghost atom cutoff = 2.8
  binsize = 1.4, bins = 20 20 20
  1 neighbor lists, perpetual/occasional/extra = 1 0 0
  (1) pair lj/cut, perpetual
      attributes: half, newton on
      pair build: half/bin/atomonly/newton
      stencil: half/bin/3d/newton
      bin: standard
Per MPI rank memory allocation (min/avg/max) = 2.724 | 2.724 | 2.724 Mbytes
Step Temp Press TotEng 
       0          0.4  0.024795152   0.58722015 
    1000   0.54134906  0.014915701   0.31343846 
    2000   0.48351761 0.0080804738  -0.04885493 
    3000   0.45901272 0.0015002435   -0.3621548 
    4000   0.47437146 -0.0010535167  -0.69572461 
    5000   0.49392915 -0.0029571171   -1.0740026 
    6000    0.4745282 0.0015779262   -1.4603245 
    7000    0.4591523 -0.0020169706   -1.8345289 
    8000   0.42866463 -0.0015999263   -2.1386644 
    9000   0.43606458  0.014381079   -2.4026683 
   10000    0.4134434 -0.0012045111   -2.6313736 
   11000   0.39693371 -0.0028855479   -2.7880109 
   12000   0.39474817 -0.0008768007   -2.8891157 
   13000   0.39467019 0.0090387284   -2.9671597 
   14000   0.41680092 0.0037240102   -3.0409708 
   15000   0.40075682 0.0022012282   -3.0822148 
   16000   0.39233753 0.0012946266   -3.0829939 
   17000   0.40422377 -0.0046925189   -3.0791872 
   18000   0.39346485 -0.0028330181   -3.0834548 
   19000    0.3907887 0.0053656526   -3.1349021 
   20000   0.39512116 0.0044859688   -3.1436605 
   21000    0.4113736 0.0036936024   -3.1368267 
   22000   0.40442099 -0.0016016578   -3.1837019 
   23000   0.40377927 -0.0057548267   -3.2454268 
   24000   0.38464148 -0.0085305028   -3.3220428 
   25000   0.40870896 0.0017462963   -3.3452935 
   26000    0.3988722 -0.0068716834   -3.3269894 
   27000   0.39397152  0.003208101   -3.3271957 
   28000   0.39753632 0.00056548614   -3.3374952 
   29000   0.38860791 -0.0005694657   -3.3323587 
   30000   0.41811221 0.0071963241   -3.3190817 
   31000   0.39419241 -0.0064266985   -3.3692758 
   32000   0.38880092 0.0012778333   -3.3967046 
   33000   0.39892549 0.0017669342   -3.3558749 
   34000   0.39911919 0.0087535607   -3.3889982 
   35000   0.40973645 0.0018613884    -3.400783 
   36000   0.41801845 0.0033304026   -3.3992219 
   37000   0.39017793 -0.0019313711   -3.4490045 
   38000   0.39228826 0.0054867816   -3.4720226 
   39000    0.3845437 -0.013719523     -3.52066 
   40000   0.41060666 -0.0078413659    -3.519018 
   41000   0.42001788 0.0099415883    -3.508374 
   42000   0.39021652 -0.0025612635   -3.5741356 
   43000    0.3975448  0.013350181   -3.5964224 
   44000   0.40212013 -0.0042743648   -3.6244836 
   45000   0.40145129 -0.0019819808   -3.6012779 
   46000   0.40322636 0.0080414134   -3.5747482 
   47000   0.38970827 -0.003527305   -3.6305848 
   48000   0.38764023 -0.0021943311    -3.665963 
   49000   0.39804952 -0.010275525   -3.6902088 
   50000   0.40142104  0.015125367   -3.7258926 
Loop time of 16.743 on 1 procs for 50000 steps with 1331 atoms

Performance: 1032073.636 tau/day, 2986.324 timesteps/s
99.9% CPU use with 1 MPI tasks x no OpenMP threads

MPI task timing breakdown:
Section |  min time  |  avg time  |  max time  |%varavg| %total
---------------------------------------------------------------
Pair    | 13.331     | 13.331     | 13.331     |   0.0 | 79.62
Neigh   | 2.1305     | 2.1305     | 2.1305     |   0.0 | 12.72
Comm    | 0.32729    | 0.32729    | 0.32729    |   0.0 |  1.95
Output  | 0.022792   | 0.022792   | 0.022792   |   0.0 |  0.14
Modify  | 0.84019    | 0.84019    | 0.84019    |   0.0 |  5.02
Other   |            | 0.0914     |            |       |  0.55

Nlocal:    1331 ave 1331 max 1331 min
Histogram: 1 0 0 0 0 0 0 0 0 0
Nghost:    1278 ave 1278 max 1278 min
Histogram: 1 0 0 0 0 0 0 0 0 0
Neighs:    30477 ave 30477 max 30477 min
Histogram: 1 0 0 0 0 0 0 0 0 0

Total # of neighbors = 30477
Ave neighs/atom = 22.8978
Neighbor list builds = 2500
Dangerous builds not checked

write_restart NVT/sim1/T_0.40__v_15.62/end1.restart
Total wall time: 0:00:16
