run 50000
Neighbor list info ...
  update every 20 steps, delay 0 steps, check no
  max neighbors/atom: 2000, page size: 100000
  master list distance cutoff = 2.8
  ghost atom cutoff = 2.8
  binsize = 1.4, bins = 16 16 16
  1 neighbor lists, perpetual/occasional/extra = 1 0 0
  (1) pair lj/cut, perpetual
      attributes: half, newton on
      pair build: half/bin/atomonly/newton
      stencil: half/bin/3d/newton
      bin: standard
Per MPI rank memory allocation (min/avg/max) = 2.7 | 2.7 | 2.7 Mbytes
Step Temp Press Volume Density PotEng KinEng TotEng 
       0          0.8  0.054514712        10648        0.125  -0.13561964    1.1990984    1.0634788 
    1000       1.3616   0.24869269    5468.4937   0.24339427   -1.3792202    2.0408655   0.66164532 
    2000    1.2132758   0.14179585    3566.8726   0.37315602   -2.2949743    1.8185463  -0.47642799 
    3000    1.0732325   0.16415611    2533.5962   0.52534023   -3.1431049    1.6086392   -1.5344657 
    4000    1.0226202   0.64439884    1951.4711   0.68204956   -4.0204544    1.5327778   -2.4876766 
    5000   0.92493542   0.93343537    1711.1792    0.7778262   -4.6520904    1.3863608   -3.2657296 
    6000   0.80848238    1.2328248    1604.2023   0.82969586   -5.0142568    1.2118124   -3.8024444 
    7000   0.75452303    1.4180299    1564.1131   0.85096147   -5.1604161    1.1309342   -4.0294819 
    8000    0.7984758    1.2178313    1581.6876   0.84150626   -5.1100716    1.1968138   -3.9132577 
    9000    0.8178641    1.3815335    1604.3251   0.82963234   -4.9859089    1.2258744   -3.7600345 
   10000   0.79573933    1.5009766    1587.1265   0.83862251   -5.0350313    1.1927122    -3.842319 
   11000    0.7726344    1.2739475    1576.8764   0.84407376   -5.1299156    1.1580809   -3.9718347 
   12000   0.79234081    1.4009251    1580.4451   0.84216779   -5.0764904    1.1876183   -3.8888721 
   13000   0.83605083    1.4028312    1589.9225   0.83714774   -5.0518821     1.253134    -3.798748 
   14000   0.77600527     1.181757    1597.4125   0.83322249   -5.0437333    1.1631334   -3.8805999 
   15000    0.7860619    1.2500435    1582.2931    0.8411842   -5.1084192     1.178207   -3.9302122 
   16000   0.80535819    1.1800916    1586.7094   0.83884295   -5.1036916    1.2071297    -3.896562 
   17000   0.81920039    1.2315158    1588.7043   0.83778962   -5.0728846    1.2278774   -3.8450072 
   18000   0.79500269    1.4990133    1583.5882   0.84049627   -5.0425925    1.1916081   -3.8509844 
   19000   0.80739666    1.1449074    1589.4179    0.8374135    -5.091109    1.2101851   -3.8809239 
   20000   0.79801528    1.1560803    1591.4455   0.83634657   -5.0783906    1.1961236   -3.8822671 
   21000   0.83064509    1.2547857    1577.7477   0.84360763   -5.1357236    1.2450315   -3.8906921 
   22000   0.77036001     1.266209    1586.9116   0.83873606   -5.0708776    1.1546718   -3.9162057 
   23000   0.81016717    1.4445788    1577.5513   0.84371266   -5.0891578    1.2143377   -3.8748201 
   24000   0.81197067    1.1096988    1593.9614    0.8350265   -5.0874317    1.2170409   -3.8703907 
   25000   0.81505162    1.5320624    1572.0543   0.84666286   -5.0987313    1.2216589   -3.8770724 
   26000   0.76587077    1.1083461    1589.9676   0.83712399    -5.094982     1.147943    -3.947039 
   27000   0.80871874    1.2456896    1583.0617   0.84077581   -5.0929055    1.2121667   -3.8807388 
   28000   0.79660668    1.2838614    1591.8153   0.83615231   -5.0535543    1.1940123   -3.8595421 
   29000   0.82002438     1.468585    1578.4698    0.8432217    -5.090381    1.2291124   -3.8612686 
   30000   0.78293634     1.120745    1592.3873   0.83585195   -5.0781651    1.1735222    -3.904643 
   31000   0.81757191    1.3421974    1577.4713   0.84375545   -5.1143813    1.2254365   -3.8889448 
   32000    0.8105538     1.239678    1584.3642    0.8400846   -5.0986471    1.2149172   -3.8837299 
   33000   0.77917499    1.1228228    1594.7761   0.83459992   -5.0659502    1.1678844   -3.8980658 
   34000   0.80350351    1.4719834    1579.4649   0.84269044   -5.0891709    1.2043497   -3.8848211 
   35000   0.80950295    0.8678798    1598.0888   0.83286988   -5.1043958    1.2133421   -3.8910536 
   36000   0.80302831    1.5509617    1568.0304   0.84883558   -5.1159015    1.2036375    -3.912264 
   37000   0.76948182    1.2424485    1588.8719   0.83770125   -5.0780117    1.1533555   -3.9246562 
   38000    0.8068997    1.3026603    1589.5944   0.83732053   -5.0487407    1.2094402   -3.8393005 
   39000   0.80360077    1.1967123    1599.6101   0.83207779   -5.0441363    1.2044955   -3.8396407 
   40000   0.79474104    1.4837923    1576.7081   0.84416386   -5.0908916    1.1912159   -3.8996757 
   41000   0.77556288     1.131899     1594.809   0.83458269   -5.0607963    1.1624703    -3.898326 
   42000   0.81899581    1.5569089    1585.7415   0.83935495   -5.0340165    1.2275707   -3.8064457 
   43000     0.791421    1.2181447    1587.3299   0.83851505   -5.0865502    1.1862396   -3.9003106 
   44000   0.79795129    1.2407756     1585.258   0.83961097   -5.0901801    1.1960277   -3.8941524 
   45000   0.79965009    1.2629623    1593.6179   0.83520648   -5.0508166    1.1985739   -3.8522427 
   46000   0.82891658    1.4069647    1593.2727   0.83538743   -5.0390802    1.2424407   -3.7966395 
   47000   0.77915815    1.0152679    1597.7746   0.83303363   -5.0735262    1.1678591   -3.9056671 
   48000   0.80222776    1.5553284    1573.3463   0.84596758   -5.0795794    1.2024376   -3.8771419 
   49000   0.80913884    1.0968153     1607.805   0.82783673   -5.0306305    1.2127964   -3.8178342 
   50000   0.82897473    1.4998506    1583.7709   0.84039933   -5.0547304    1.2425279   -3.8122025 
Loop time of 37.8483 on 1 procs for 50000 steps with 1331 atoms

Performance: 456559.418 tau/day, 1321.063 timesteps/s
100.0% CPU use with 1 MPI tasks x no OpenMP threads

MPI task timing breakdown:
Section |  min time  |  avg time  |  max time  |%varavg| %total
---------------------------------------------------------------
Pair    | 30.372     | 30.372     | 30.372     |   0.0 | 80.25
Neigh   | 4.5103     | 4.5103     | 4.5103     |   0.0 | 11.92
Comm    | 0.72195    | 0.72195    | 0.72195    |   0.0 |  1.91
Output  | 0.021061   | 0.021061   | 0.021061   |   0.0 |  0.06
Modify  | 2.0321     | 2.0321     | 2.0321     |   0.0 |  5.37
Other   |            | 0.1912     |            |       |  0.51

Nlocal:    1331 ave 1331 max 1331 min
Histogram: 1 0 0 0 0 0 0 0 0 0
Nghost:    2998 ave 2998 max 2998 min
Histogram: 1 0 0 0 0 0 0 0 0 0
Neighs:    49896 ave 49896 max 49896 min
Histogram: 1 0 0 0 0 0 0 0 0 0

Total # of neighbors = 49896
Ave neighs/atom = 37.4876
Neighbor list builds = 2500
Dangerous builds not checked

write_restart lattice_11_11_11__2_2_2/sim1/T_0.80__P_1.30/end1.restart
Total wall time: 0:00:37
