run 50000
Neighbor list info ...
  update every 20 steps, delay 0 steps, check no
  max neighbors/atom: 2000, page size: 100000
  master list distance cutoff = 2.8
  ghost atom cutoff = 2.8
  binsize = 1.4, bins = 23 23 23
  1 neighbor lists, perpetual/occasional/extra = 1 0 0
  (1) pair lj/cut, perpetual
      attributes: half, newton on
      pair build: half/bin/atomonly/newton
      stencil: half/bin/3d/newton
      bin: standard
Per MPI rank memory allocation (min/avg/max) = 2.748 | 2.748 | 2.748 Mbytes
Step Temp Press TotEng 
       0          1.3  0.056562149    1.9362059 
    1000    1.3214419  0.051127586    1.7299754 
    2000    1.2802926  0.049134183    1.6169144 
    3000    1.3439488  0.050582262    1.7041699 
    4000     1.243296  0.047115501    1.5679693 
    5000    1.3150646  0.051889901    1.6564233 
    6000    1.2787121  0.053730555    1.6324763 
    7000    1.3187943    0.0521629    1.6958838 
    8000     1.284074  0.049623757    1.6271067 
    9000    1.2986822  0.050417071    1.6299925 
   10000    1.3206467  0.054043418    1.6755384 
   11000    1.2728855  0.049503984    1.5916342 
   12000    1.3172733  0.051325457    1.6785507 
   13000     1.256331  0.048122066    1.5749552 
   14000    1.3371312  0.054636923    1.7157062 
   15000    1.2776247  0.049621566    1.6161864 
   16000    1.3639435  0.051608561    1.7330117 
   17000      1.31421  0.050661232    1.6628201 
   18000    1.2918792   0.05181542    1.6384297 
   19000     1.323969  0.049867214    1.6796163 
   20000    1.2811949  0.051226224    1.6168439 
   21000    1.3144526  0.054569148    1.6597256 
   22000    1.2866793  0.051585845    1.6170742 
   23000    1.3583838  0.054041562    1.7260384 
   24000    1.2717052  0.050516175    1.6093847 
   25000    1.3397868  0.052136216    1.7143049 
   26000       1.2539  0.051460384    1.5768863 
   27000    1.3288558  0.052509439    1.6776143 
   28000    1.2557741  0.046841199    1.5692286 
   29000    1.3519425  0.051119201    1.7101354 
   30000    1.2720087  0.052601865    1.5937542 
   31000    1.3364464  0.053253493    1.6923296 
   32000    1.2604642   0.05038896    1.5940013 
   33000    1.3027964  0.050744793    1.6578514 
   34000    1.2912036  0.052597549    1.6469592 
   35000    1.2816373  0.052903545    1.6308051 
   36000    1.3125788  0.052533499    1.6500617 
   37000    1.2979364  0.049094856    1.6123042 
   38000    1.3375867  0.052007761    1.7131658 
   39000    1.2725675  0.051922494    1.5986304 
   40000    1.3142747  0.054705102    1.6774495 
   41000     1.221971  0.046526451    1.5226375 
   42000    1.2974796   0.05495495    1.6411535 
   43000    1.2972094  0.057240967    1.6617865 
   44000     1.272769  0.052866291    1.6266723 
   45000    1.3439692  0.054267506    1.7239956 
   46000    1.2574755  0.051525224    1.5836217 
   47000    1.3164556  0.053711817    1.6743542 
   48000    1.2718849  0.050342879    1.6109917 
   49000    1.2615525  0.050078324    1.6042464 
   50000    1.3198138  0.051671089    1.6821376 
Loop time of 4.37445 on 1 procs for 50000 steps with 1331 atoms

Performance: 3950214.307 tau/day, 11430.018 timesteps/s
99.6% CPU use with 1 MPI tasks x no OpenMP threads

MPI task timing breakdown:
Section |  min time  |  avg time  |  max time  |%varavg| %total
---------------------------------------------------------------
Pair    | 2.1335     | 2.1335     | 2.1335     |   0.0 | 48.77
Neigh   | 1.0414     | 1.0414     | 1.0414     |   0.0 | 23.81
Comm    | 0.24922    | 0.24922    | 0.24922    |   0.0 |  5.70
Output  | 0.022729   | 0.022729   | 0.022729   |   0.0 |  0.52
Modify  | 0.8512     | 0.8512     | 0.8512     |   0.0 | 19.46
Other   |            | 0.07642    |            |       |  1.75

Nlocal:    1331 ave 1331 max 1331 min
Histogram: 1 0 0 0 0 0 0 0 0 0
Nghost:    772 ave 772 max 772 min
Histogram: 1 0 0 0 0 0 0 0 0 0
Neighs:    2759 ave 2759 max 2759 min
Histogram: 1 0 0 0 0 0 0 0 0 0

Total # of neighbors = 2759
Ave neighs/atom = 2.07288
Neighbor list builds = 2500
Dangerous builds not checked

write_restart NVT/sim1/T_1.30__v_24.39/end1.restart
Total wall time: 0:00:04
