run 50000
Neighbor list info ...
  update every 20 steps, delay 0 steps, check no
  max neighbors/atom: 2000, page size: 100000
  master list distance cutoff = 2.8
  ghost atom cutoff = 2.8
  binsize = 1.4, bins = 16 16 16
  1 neighbor lists, perpetual/occasional/extra = 1 0 0
  (1) pair lj/cut, perpetual
      attributes: half, newton on
      pair build: half/bin/atomonly/newton
      stencil: half/bin/3d/newton
      bin: standard
Per MPI rank memory allocation (min/avg/max) = 2.7 | 2.7 | 2.7 Mbytes
Step Temp Press Volume Density PotEng KinEng TotEng 
       0          0.5  0.017042887        10648        0.125  -0.13561964   0.74943651   0.61381687 
    1000    1.1870487   0.18747221    4257.1687   0.31264911   -1.8724896    1.7792353 -0.093254231 
    2000    1.0005172   0.14188795    2469.9356   0.53888045   -3.2438522    1.4996482    -1.744204 
    3000    0.9088117    1.1457618    1725.7114   0.77127613   -4.5742595    1.3621933   -3.2120661 
    4000    0.7080178    1.6913624    1511.3544   0.88066706    -5.361587    1.0612288   -4.3003582 
    5000   0.54395943    1.7406387    1431.4133   0.92985022   -5.7804799   0.81532611   -4.9651538 
    6000   0.47466174    1.7884154    1394.3657   0.95455587   -6.0024977   0.71145769     -5.29104 
    7000   0.48698349    1.6789444     1392.565   0.95579024   -6.0415863   0.72992642   -5.3116599 
    8000   0.50417889      1.88386    1404.7269   0.94751511   -5.9245091   0.75570014    -5.168809 
    9000   0.49809001     1.929036    1399.1841    0.9512687   -5.9600392   0.74657369   -5.2134655 
   10000   0.48215077    1.7356732    1393.4255   0.95519996   -6.0290111   0.72268278   -5.3063283 
   11000   0.51276455    1.9116169    1393.7444    0.9549814   -6.0003958   0.76856895   -5.2318269 
   12000   0.50821089    1.9235069     1396.936   0.95279954   -5.9672296   0.76174359    -5.205486 
   13000   0.48342563    1.7118025    1393.4604   0.95517603   -6.0288929   0.72459363   -5.3042993 
   14000   0.51136285    1.6375431     1395.585   0.95372189   -6.0375571   0.76646798   -5.2710891 
   15000   0.51578701    2.0710723    1394.9837   0.95413302   -5.9528021   0.77309924   -5.1797029 
   16000   0.50471481    1.8396556     1393.049   0.95545816   -6.0075997   0.75650342   -5.2510962 
   17000   0.48801643    1.7462308    1391.5848   0.95646348   -6.0405178   0.73147467   -5.3090431 
   18000   0.50738328      1.72689     1399.575   0.95100297   -5.9881397   0.76050311   -5.2276366 
   19000   0.51673402    1.8654029    1401.6365   0.94960427   -5.9532216   0.77451868   -5.1787029 
   20000   0.48868897    1.8521657    1394.0132   0.95479727    -5.998502   0.73248271   -5.2660193 
   21000   0.47626229    1.6960775    1392.1196   0.95609603   -6.0403684   0.71385671   -5.3265117 
   22000   0.51478075    1.9272472    1389.5977   0.95783118   -6.0237735   0.77159099   -5.2521825 
   23000   0.52015053    2.0443804     1387.855   0.95903392   -6.0114385    0.7796396   -5.2317989 
   24000   0.48871054    1.6118893    1395.1424   0.95402445   -6.0366053   0.73251505   -5.3040902 
   25000   0.49582873    1.8200463    1394.1701   0.95468983    -6.005331    0.7431843   -5.2621467 
   26000   0.50829613    1.9259803    1391.7525    0.9563482   -6.0090326   0.76187136   -5.2471612 
   27000   0.49580242    1.8150534    1391.8325   0.95629325   -6.0212109   0.74314487    -5.278066 
   28000   0.49044426    1.8137486    1397.2825   0.95256329   -5.9888841   0.73511367   -5.2537704 
   29000   0.50262165    1.6072729    1397.7204   0.95226483   -6.0232968   0.75336604   -5.2699308 
   30000   0.49102843    1.8029219    1382.7157   0.96259847   -6.0806295   0.73598926   -5.3446403 
   31000    0.5068566    1.8881766    1381.1435    0.9636942   -6.0827663   0.75971369   -5.3230526 
   32000   0.53283983    1.6774508    1391.1729   0.95674661   -6.0640578   0.79865925   -5.2653986 
   33000   0.49343047    1.6580781    1386.6081   0.95989632   -6.0853191   0.73958962   -5.3457295 
   34000   0.48186894    1.7311609    1382.0798   0.96304132   -6.1033986   0.72226036   -5.3811382 
   35000   0.52467677    2.0546811    1375.7668   0.96746044    -6.099897   0.78642386   -5.3134731 
   36000   0.50067718    1.7326176    1376.1779   0.96717147    -6.147898   0.75045153   -5.3974465 
   37000    0.4886187    1.5065798    1368.3943   0.97267283   -6.2473085   0.73237739   -5.5149311 
   38000   0.49641095    1.9949164    1355.0255   0.98226936    -6.260044   0.74405698    -5.515987 
   39000    0.5237403    1.6315598    1357.0163   0.98082829   -6.3226836   0.78502021   -5.5376634 
   40000   0.49370277    1.7207365    1346.6718   0.98836255   -6.3743092   0.73999777   -5.6343114 
   41000   0.48648251    1.8300865    1342.4052   0.99150393   -6.3893127   0.72917552   -5.6601372 
   42000   0.50643247    1.7837959    1345.9979   0.98885738   -6.3678032   0.75907797   -5.6087252 
   43000   0.50985257    1.7567994    1341.6174    0.9920861   -6.4087228   0.76420426   -5.6445186 
   44000   0.49578006    1.7049858    1338.0913   0.99470041   -6.4331483   0.74311136    -5.690037 
   45000   0.50020167    1.9039496    1340.0133    0.9932737   -6.3921659   0.74973879   -5.6424271 
   46000   0.50623956    1.7830074      1343.91   0.99039372   -6.3844642   0.75878882   -5.6256754 
   47000   0.48110946    1.4117262    1348.5222   0.98700633   -6.4135891     0.721122   -5.6924671 
   48000    0.5050136    2.0376172    1331.2403   0.99981948   -6.4265538   0.75695126   -5.6696025 
   49000    0.5101411    1.8657937    1340.5552   0.99287219   -6.3908244   0.76463674   -5.6261876 
   50000   0.49903964    1.8228007    1340.4169   0.99297466   -6.4040316   0.74799706   -5.6560346 
Loop time of 42.5697 on 1 procs for 50000 steps with 1331 atoms

Performance: 405922.681 tau/day, 1174.545 timesteps/s
99.9% CPU use with 1 MPI tasks x no OpenMP threads

MPI task timing breakdown:
Section |  min time  |  avg time  |  max time  |%varavg| %total
---------------------------------------------------------------
Pair    | 34.383     | 34.383     | 34.383     |   0.0 | 80.77
Neigh   | 5.12       | 5.12       | 5.12       |   0.0 | 12.03
Comm    | 0.75854    | 0.75854    | 0.75854    |   0.0 |  1.78
Output  | 0.024052   | 0.024052   | 0.024052   |   0.0 |  0.06
Modify  | 2.0582     | 2.0582     | 2.0582     |   0.0 |  4.83
Other   |            | 0.2255     |            |       |  0.53

Nlocal:    1331 ave 1331 max 1331 min
Histogram: 1 0 0 0 0 0 0 0 0 0
Nghost:    3200 ave 3200 max 3200 min
Histogram: 1 0 0 0 0 0 0 0 0 0
Neighs:    58165 ave 58165 max 58165 min
Histogram: 1 0 0 0 0 0 0 0 0 0

Total # of neighbors = 58165
Ave neighs/atom = 43.7002
Neighbor list builds = 2500
Dangerous builds not checked

write_restart lattice_11_11_11__2_2_2/sim1/T_0.50__P_1.80/end1.restart
Total wall time: 0:00:42
