run 50000
Neighbor list info ...
  update every 20 steps, delay 0 steps, check no
  max neighbors/atom: 2000, page size: 100000
  master list distance cutoff = 2.8
  ghost atom cutoff = 2.8
  binsize = 1.4, bins = 16 16 16
  1 neighbor lists, perpetual/occasional/extra = 1 0 0
  (1) pair lj/cut, perpetual
      attributes: half, newton on
      pair build: half/bin/atomonly/newton
      stencil: half/bin/3d/newton
      bin: standard
Per MPI rank memory allocation (min/avg/max) = 2.7 | 2.7 | 2.7 Mbytes
Step Temp Press Volume Density PotEng KinEng TotEng 
       0          1.2   0.10447715        10648        0.125  -0.13561964    1.7986476     1.663028 
    1000    1.8210789   0.37084801    5893.0412   0.22585961   -1.2304736    2.7295661    1.4990925 
    2000    1.5720251   0.37146868    4045.2578   0.32902724   -1.8410831    2.3562661   0.51518297 
    3000    1.4315422   0.35390095    3019.8593   0.44074901   -2.5122358    2.1457001  -0.36653576 
    4000    1.3498729   0.67752545     2393.541   0.55607989   -3.1494268    2.0232881   -1.1261386 
    5000    1.3046942    0.9858744    2040.7995   0.65219538   -3.7194096    1.9555709   -1.7638386 
    6000    1.2295256    1.2230112     1873.425   0.71046347   -4.1012752    1.8429027   -2.2583725 
    7000      1.16282    1.4160353     1812.753   0.73424234   -4.2269583    1.7429195   -2.4840389 
    8000    1.2076246    1.4794005    1820.3054   0.73119598   -4.2127556     1.810076   -2.4026797 
    9000    1.2371895    1.4934776    1844.8991   0.72144868   -4.1145282      1.85439   -2.2601381 
   10000    1.2182355    1.3851398    1830.4732   0.72713437   -4.1837532    1.8259803   -2.3577729 
   11000    1.1817417    1.4676193    1816.1349   0.73287508   -4.2093507    1.7712808   -2.4380699 
   12000    1.2152316    1.3478586    1834.1559   0.72567442   -4.1836134    1.8214778   -2.3621356 
   13000    1.1879771    1.5604365    1842.1849   0.72251161   -4.0973668    1.7806268     -2.31674 
   14000    1.1967036    1.2929125    1829.9486   0.72734285   -4.2076507    1.7937067    -2.413944 
   15000    1.2010213    1.2594835    1816.2677   0.73282148   -4.2639925    1.8001785    -2.463814 
   16000    1.1593182    1.4537302    1823.0491   0.73009553   -4.1717353    1.7376708   -2.4340645 
   17000     1.175816     1.472346    1841.5722   0.72275199   -4.1302664    1.7623988   -2.3678676 
   18000    1.2060077    1.6258137    1831.2435   0.72682851   -4.1458714    1.8076524    -2.338219 
   19000    1.2239091    1.3824036    1812.9179   0.73417557   -4.2328661    1.8344844   -2.3983817 
   20000    1.1802983    1.6167801    1804.0043   0.73780312   -4.2195025    1.7691172   -2.4503853 
   21000    1.2044286    1.2732164    1835.2295   0.72524989   -4.1891222    1.8052855   -2.3838366 
   22000    1.1859111    1.2962568    1854.8278   0.71758683   -4.1356923    1.7775301   -2.3581622 
   23000    1.1771412    1.3017604    1844.4465   0.72162569   -4.1535733    1.7643852   -2.3891881 
   24000    1.1629762    1.6941605    1816.1166   0.73288246   -4.1672593    1.7431536   -2.4241057 
   25000    1.2110281    1.7602954    1809.3085   0.73564016   -4.1832424    1.8151773   -2.3680651 
   26000    1.2171742     1.612393    1824.5906   0.72947873   -4.1527084    1.8243896   -2.3283188 
   27000     1.233608    1.4985574    1820.1264   0.73126791   -4.1818414    1.8490218   -2.3328196 
   28000    1.2054891    1.5691865    1808.0061    0.7361701   -4.2169425    1.8068751   -2.4100674 
   29000    1.2240539     1.540811    1816.5762   0.73269705   -4.1895385    1.8347014   -2.3548371 
   30000     1.269396    1.5145707    1824.3738   0.72956542    -4.196125    1.9026634   -2.2934617 
   31000    1.2133736    1.4935819    1822.3726   0.73036654   -4.1728868     1.818693   -2.3541938 
   32000    1.2108589    1.5205821    1817.3081   0.73240195   -4.1895434    1.8149238   -2.3746196 
   33000    1.2287762    1.4239875    1828.4633   0.72793367   -4.2028055    1.8417795    -2.361026 
   34000    1.2164384    1.5431885    1849.6504   0.71959546   -4.1191527    1.8232866    -2.295866 
   35000    1.1570011    1.4078467    1840.9796   0.72298466   -4.1484046    1.7341977   -2.4142069 
   36000    1.1997841    1.4388652    1824.7331   0.72942176   -4.1963618    1.7983241   -2.3980377 
   37000    1.2343076    1.4913973    1843.7035    0.7219165   -4.1234006    1.8500704   -2.2733302 
   38000    1.2373904    1.6695346    1825.8277   0.72898445   -4.1262109    1.8546911   -2.2715198 
   39000     1.207828    1.7351016    1816.8657   0.73258031   -4.1461118    1.8103808    -2.335731 
   40000    1.1850816    1.5641984    1811.3062    0.7348288   -4.1947749    1.7762869    -2.418488 
   41000    1.2116467    1.4649167    1801.7388   0.73873082   -4.2634285    1.8161046   -2.4473239 
   42000    1.2130747    1.3802754    1831.4627   0.72674154   -4.1730993    1.8182449   -2.3548544 
   43000    1.1781498    1.3301624    1836.8645   0.72460433   -4.1703412     1.765897   -2.4044442 
   44000    1.1764764    1.1052929    1844.4666   0.72161784   -4.2218976    1.7633887   -2.4585089 
   45000    1.1698434    1.3832468    1838.3358    0.7240244   -4.1403869    1.7534467   -2.3869402 
   46000    1.1579012    1.5837134    1828.7575   0.72781657   -4.1236177    1.7355469   -2.3880707 
   47000    1.1578747    1.5461406    1799.8697   0.73949796   -4.2236746    1.7355072   -2.4881674 
   48000    1.1882028    1.5296469    1824.9001   0.72935499   -4.1655971    1.7809652   -2.3846319 
   49000    1.2166062     1.452253    1823.8312   0.72978246    -4.184123    1.8235383   -2.3605847 
   50000    1.2021808    1.5387167    1805.6411   0.73713429   -4.2228423    1.8019164   -2.4209259 
Loop time of 39.333 on 1 procs for 50000 steps with 1331 atoms

Performance: 439325.364 tau/day, 1271.196 timesteps/s
99.6% CPU use with 1 MPI tasks x no OpenMP threads

MPI task timing breakdown:
Section |  min time  |  avg time  |  max time  |%varavg| %total
---------------------------------------------------------------
Pair    | 30.997     | 30.997     | 30.997     |   0.0 | 78.81
Neigh   | 4.9718     | 4.9718     | 4.9718     |   0.0 | 12.64
Comm    | 0.80987    | 0.80987    | 0.80987    |   0.0 |  2.06
Output  | 0.028754   | 0.028754   | 0.028754   |   0.0 |  0.07
Modify  | 2.352      | 2.352      | 2.352      |   0.0 |  5.98
Other   |            | 0.1736     |            |       |  0.44

Nlocal:    1331 ave 1331 max 1331 min
Histogram: 1 0 0 0 0 0 0 0 0 0
Nghost:    2796 ave 2796 max 2796 min
Histogram: 1 0 0 0 0 0 0 0 0 0
Neighs:    44048 ave 44048 max 44048 min
Histogram: 1 0 0 0 0 0 0 0 0 0

Total # of neighbors = 44048
Ave neighs/atom = 33.0939
Neighbor list builds = 2500
Dangerous builds not checked

write_restart lattice_11_11_11__2_2_2/sim1/T_1.20__P_1.50/end1.restart
Total wall time: 0:00:39
