run 50000
Neighbor list info ...
  update every 20 steps, delay 0 steps, check no
  max neighbors/atom: 2000, page size: 100000
  master list distance cutoff = 2.8
  ghost atom cutoff = 2.8
  binsize = 1.4, bins = 16 16 16
  1 neighbor lists, perpetual/occasional/extra = 1 0 0
  (1) pair lj/cut, perpetual
      attributes: half, newton on
      pair build: half/bin/atomonly/newton
      stencil: half/bin/3d/newton
      bin: standard
Per MPI rank memory allocation (min/avg/max) = 2.7 | 2.7 | 2.7 Mbytes
Step Temp Press Volume Density PotEng KinEng TotEng 
       0          1.4   0.12945836        10648        0.125  -0.13561964    2.0984222    1.9628026 
    1000     1.393187   0.11685108    12428.971   0.10708851  -0.69777021    2.0882104    1.3904402 
    2000    1.3758147   0.11832325     13379.19  0.099482854  -0.64106829    2.0621715    1.4211032 
    3000    1.4110472    0.1052515    14293.078  0.093122001  -0.58352634    2.1149806    1.5314543 
    4000    1.3972179   0.10005578    15032.486  0.088541575  -0.54714979    2.0942522    1.5471024 
    5000    1.3892936    0.1013174    15562.678  0.085525124  -0.55395739    2.0823748    1.5284174 
    6000    1.4091444   0.10256127    15533.255  0.085687126   -0.5270933    2.1121285    1.5850352 
    7000    1.3699647  0.094226367    15961.283  0.083389287    -0.537425    2.0534031    1.5159781 
    8000    1.3972047   0.10431616     15679.74   0.08488661  -0.51338633    2.0942324    1.5808461 
    9000    1.3763443  0.097887999    15825.839  0.084102965  -0.52449049    2.0629654    1.5384749 
   10000    1.4041076   0.10726685     16012.55  0.083122303  -0.51366451     2.104579    1.5909145 
   11000    1.4050114  0.097457228    16028.654  0.083038786   -0.5174768    2.1059337    1.5884569 
   12000     1.403732   0.10451062    16025.214  0.083056613  -0.52429613    2.1040161    1.5797199 
   13000    1.4040412   0.10492541    15462.898  0.086077009  -0.57386935    2.1044795    1.5306101 
   14000    1.4194799   0.10638313    14609.977  0.091102131  -0.58747164    2.1276202    1.5401485 
   15000    1.3299074  0.099763395     14897.43  0.089344267  -0.57330146    1.9933624    1.4200609 
   16000    1.4037361   0.11153721     15341.27  0.086759442  -0.56113919    2.1040222     1.542883 
   17000    1.3986538   0.10274575     15997.71   0.08319941  -0.55352376    2.0964045    1.5428808 
   18000    1.4330423   0.10380962    16333.282  0.081490054  -0.52415437    2.1479484     1.623794 
   19000    1.3736743  0.090778085    16354.065  0.081386495  -0.53081276    2.0589633    1.5281505 
   20000    1.4516555   0.11495356    15211.658  0.087498678  -0.57151213    2.1758473    1.6043352 
   21000    1.3668906   0.10029612    15089.531  0.088206852  -0.53881955    2.0487954    1.5099759 
   22000    1.4437082   0.10065085    15502.515  0.085857036  -0.56130852    2.1639353    1.6026268 
   23000    1.3590545  0.087013415    16440.628  0.080957978  -0.53396887    2.0370502    1.5030813 
   24000    1.4587508   0.09381817    15953.069  0.083432223  -0.55330071    2.1864822    1.6331815 
   25000    1.3640583  0.098828434    15923.367  0.083587852  -0.53776118    2.0445502    1.5067891 
   26000    1.4198077   0.10261657    15369.595  0.086599552  -0.53320524    2.1281115    1.5949062 
   27000    1.3298692   0.10230759    15194.166  0.087599412  -0.55802009    1.9933051     1.435285 
   28000    1.4381394   0.10921304    14657.139  0.090808993  -0.58864519    2.1555884    1.5669432 
   29000    1.3218649  0.098319935    15566.849  0.085502208  -0.54295278    1.9813076    1.4383549 
   30000    1.4020728   0.10503543    16048.913  0.082933967  -0.52723598    2.1015291    1.5742931 
   31000     1.383842   0.10396489    15979.339  0.083295058  -0.53180046    2.0742034     1.542403 
   32000    1.3957868   0.10836388    15070.688  0.088317135  -0.54230399    2.0921072    1.5498033 
   33000    1.3758929  0.089378954    14654.008  0.090828396  -0.62045068    2.0622887     1.441838 
   34000    1.4172202   0.10736888     14775.92  0.090078992  -0.56367191    2.1242331    1.5605612 
   35000    1.3881749  0.091592503    15858.568  0.083929396  -0.55985318     2.080698    1.5208448 
   36000    1.4160119   0.09533554     15908.68  0.083665017  -0.54583633    2.1224221    1.5765857 
   37000    1.4074137  0.095071246    15770.979  0.084395523  -0.54353901    2.1095344    1.5659954 
   38000    1.3947781   0.10484567    15601.114   0.08531442  -0.52973087    2.0905952    1.5608643 
   39000    1.3957539   0.08577391    15594.113  0.085352723  -0.54910387    2.0920578    1.5429539 
   40000    1.4303687   0.11063206    15762.137  0.084442866  -0.52703814    2.1439411    1.6169029 
   41000    1.3588064  0.091505613    16498.615  0.080673437  -0.52438634    2.0366783    1.5122919 
   42000    1.4628355   0.10437833    15876.815  0.083832935   -0.5212031    2.1926046    1.6714015 
   43000    1.3711314  0.098394906    15961.626  0.083387492  -0.53004615    2.0551519    1.5251058 
   44000    1.4194436   0.10052943    15476.625  0.086000663  -0.55110279    2.1275657    1.5764629 
   45000    1.3673265   0.10281824    14926.117  0.089172558  -0.57442223    2.0494488    1.4750266 
   46000    1.4353228    0.1185094     14708.13  0.090494171   -0.5792848    2.1513667    1.5720819 
   47000    1.3856268  0.096767696    15915.508  0.083629123  -0.57204102    2.0768786    1.5048376 
   48000    1.4159732   0.10671132    16210.867  0.082105415  -0.52692161     2.122364    1.5954424 
   49000    1.4107421  0.098054215    16164.016  0.082343397  -0.55581742    2.1145233    1.5587059 
   50000    1.4544889  0.094822899    15750.586  0.084504795  -0.52839952    2.1800941    1.6516946 
Loop time of 9.78619 on 1 procs for 50000 steps with 1331 atoms

Performance: 1765753.843 tau/day, 5109.241 timesteps/s
99.7% CPU use with 1 MPI tasks x no OpenMP threads

MPI task timing breakdown:
Section |  min time  |  avg time  |  max time  |%varavg| %total
---------------------------------------------------------------
Pair    | 5.1096     | 5.1096     | 5.1096     |   0.0 | 52.21
Neigh   | 1.8259     | 1.8259     | 1.8259     |   0.0 | 18.66
Comm    | 0.38158    | 0.38158    | 0.38158    |   0.0 |  3.90
Output  | 0.026951   | 0.026951   | 0.026951   |   0.0 |  0.28
Modify  | 2.3325     | 2.3325     | 2.3325     |   0.0 | 23.83
Other   |            | 0.1097     |            |       |  1.12

Nlocal:    1331 ave 1331 max 1331 min
Histogram: 1 0 0 0 0 0 0 0 0 0
Nghost:    1107 ave 1107 max 1107 min
Histogram: 1 0 0 0 0 0 0 0 0 0
Neighs:    5259 ave 5259 max 5259 min
Histogram: 1 0 0 0 0 0 0 0 0 0

Total # of neighbors = 5259
Ave neighs/atom = 3.95116
Neighbor list builds = 2500
Dangerous builds not checked

write_restart lattice_11_11_11__2_2_2/sim1/T_1.40__P_0.10/end1.restart
Total wall time: 0:00:09
