run 50000
Neighbor list info ...
  update every 20 steps, delay 0 steps, check no
  max neighbors/atom: 2000, page size: 100000
  master list distance cutoff = 2.8
  ghost atom cutoff = 2.8
  binsize = 1.4, bins = 16 16 16
  1 neighbor lists, perpetual/occasional/extra = 1 0 0
  (1) pair lj/cut, perpetual
      attributes: half, newton on
      pair build: half/bin/atomonly/newton
      stencil: half/bin/3d/newton
      bin: standard
Per MPI rank memory allocation (min/avg/max) = 2.7 | 2.7 | 2.7 Mbytes
Step Temp Press Volume Density PotEng KinEng TotEng 
       0          0.5  0.017042887        10648        0.125  -0.13561964   0.74943651   0.61381687 
    1000    1.0127621  0.038857854    5647.3711   0.23568488   -1.5364108    1.5180017 -0.018409072 
    2000   0.86326784  -0.02313452    3641.2926   0.36552954   -2.5424259    1.2939289    -1.248497 
    3000   0.77189233  -0.11311621    2539.1931   0.52418227   -3.5940603    1.1569686   -2.4370917 
    4000   0.70979942 -0.0088958795    1865.9299   0.71331725   -4.5644721    1.0638992   -3.5005729 
    5000    0.6466509   0.47100837    1575.6935   0.84470744   -5.2876444   0.96924759   -4.3183968 
    6000   0.53689483   0.62030107    1485.0741   0.89625158   -5.6830569   0.80473718   -4.8783197 
    7000   0.46356533    0.7534208    1449.8237   0.91804268   -5.8529371   0.69482556   -5.1581115 
    8000   0.47673311   0.82617135    1444.6152   0.92135264   -5.8691712    0.7145624   -5.1546088 
    9000   0.50560448   0.73296993    1464.1699   0.90904754   -5.7717718   0.75783692   -5.0139349 
   10000   0.51673866     0.598191    1465.0241   0.90851748   -5.7998356   0.77452563   -5.0253099 
   11000   0.47820945   0.71223401    1450.4486   0.91764715   -5.8557573   0.71677524   -5.1389821 
   12000   0.49673396    0.6195257    1451.8595   0.91675538   -5.8695854   0.74454113   -5.1250443 
   13000   0.51482531   0.82559314       1458.3   0.91270658   -5.7960813   0.77165778   -5.0244235 
   14000   0.50546271   0.78668996    1457.1744    0.9134116   -5.8008026   0.75762443   -5.0431782 
   15000    0.5015662   0.83510847    1441.8488   0.92312039   -5.8893349   0.75178405   -5.1375508 
   16000   0.51061889   0.87475372    1442.4542   0.92273294   -5.8839317   0.76535289   -5.1185788 
   17000   0.51145092   0.93694434    1448.5266   0.91886476   -5.8299253   0.76659999   -5.0633253 
   18000   0.48520292   0.76598256    1447.4768   0.91953114   -5.8552512   0.72725757   -5.1279937 
   19000   0.49347379   0.49827945    1455.0721   0.91473131   -5.8692975   0.73965455   -5.1296429 
   20000   0.49448399   0.59628027    1463.1953   0.90965299   -5.8055922   0.74116872   -5.0644235 
   21000   0.50115818   0.53635456    1460.5371   0.91130858   -5.8285455   0.75117248   -5.0773731 
   22000   0.46915692   0.66744402    1456.1815   0.91403438   -5.8272915   0.70320666   -5.1240849 
   23000     0.489644   0.49422002    1460.6302   0.91125049   -5.8392375   0.73391419   -5.1053233 
   24000    0.5026304   0.57789363    1463.0216   0.90976098   -5.8115755   0.75337915   -5.0581964 
   25000   0.50933671   0.58758379     1454.449   0.91512319   -5.8544474   0.76343106   -5.0910164 
   26000   0.50849056   0.73515005    1444.3677   0.92151052   -5.8903399   0.76216278   -5.1281772 
   27000   0.49939164   0.84731613    1443.7007   0.92193626   -5.8673919   0.74852466   -5.1188672 
   28000   0.51315166    1.0816267    1446.3576   0.92024266   -5.8265563   0.76914919   -5.0574071 
   29000    0.5127499   0.85126504    1452.6679   0.91624521   -5.8265824     0.768547   -5.0580354 
   30000   0.50775335    0.6440487    1449.7283    0.9181031   -5.8769938   0.76105781    -5.115936 
   31000   0.49995188   0.71171669    1449.3145   0.91836519    -5.861545    0.7493644   -5.1121806 
   32000   0.51155221   0.79474652    1454.1799   0.91529254   -5.8313225   0.76675181   -5.0645707 
   33000   0.49953845   0.81270686    1452.1412   0.91657751   -5.8303284   0.74874471   -5.0815837 
   34000   0.49575312   0.65434017     1447.162   0.91973118    -5.882812   0.74307098    -5.139741 
   35000   0.47547734   0.77621056    1452.3724   0.91643161    -5.831235   0.71268017   -5.1185548 
   36000   0.51598755   0.44070239     1465.478   0.90823606   -5.8294046   0.77339982   -5.0560048 
   37000   0.50449226    0.4590294    1464.1118   0.90908357    -5.830546   0.75616984   -5.0743762 
   38000     0.486719   0.45748021    1456.3596    0.9139226   -5.8706467   0.72952997   -5.1411168 
   39000   0.49202685   0.67912758    1454.5612   0.91505257   -5.8419497   0.73748578   -5.1044639 
   40000   0.49561263   0.74168056     1456.645   0.91374357   -5.8143134    0.7428604    -5.071453 
   41000   0.51697884   0.64045166    1452.1222    0.9165895   -5.8605576   0.77488563    -5.085672 
   42000   0.49646857   0.80980443     1450.171   0.91782278   -5.8433143   0.74414335    -5.099171 
   43000   0.51893192   0.67341151    1454.5588   0.91505413   -5.8457427   0.77781306   -5.0679296 
   44000   0.49426199   0.69747603    1452.9927    0.9160404   -5.8430127   0.74083597   -5.1021767 
   45000   0.50336231   0.65822162    1452.8022   0.91616048   -5.8552791   0.75447619   -5.1008029 
   46000   0.50969281   0.63508328    1458.4763   0.91259622   -5.8240024    0.7639648   -5.0600376 
   47000    0.5139122   0.56393484    1456.9854   0.91353011   -5.8537568   0.77028913   -5.0834677 
   48000   0.49229499   0.74619555    1445.6651   0.92068348   -5.8857365   0.73788768   -5.1478488 
   49000   0.49033834   0.81515845    1446.9596   0.91985979    -5.855206   0.73495491   -5.1202511 
   50000   0.51026097    1.0943517    1444.2973   0.92155543   -5.8270418    0.7648164   -5.0622254 
Loop time of 38.9985 on 1 procs for 50000 steps with 1331 atoms

Performance: 443094.424 tau/day, 1282.102 timesteps/s
99.4% CPU use with 1 MPI tasks x no OpenMP threads

MPI task timing breakdown:
Section |  min time  |  avg time  |  max time  |%varavg| %total
---------------------------------------------------------------
Pair    | 31.59      | 31.59      | 31.59      |   0.0 | 81.00
Neigh   | 4.4768     | 4.4768     | 4.4768     |   0.0 | 11.48
Comm    | 0.70974    | 0.70974    | 0.70974    |   0.0 |  1.82
Output  | 0.025386   | 0.025386   | 0.025386   |   0.0 |  0.07
Modify  | 2.0089     | 2.0089     | 2.0089     |   0.0 |  5.15
Other   |            | 0.1881     |            |       |  0.48

Nlocal:    1331 ave 1331 max 1331 min
Histogram: 1 0 0 0 0 0 0 0 0 0
Nghost:    3118 ave 3118 max 3118 min
Histogram: 1 0 0 0 0 0 0 0 0 0
Neighs:    54195 ave 54195 max 54195 min
Histogram: 1 0 0 0 0 0 0 0 0 0

Total # of neighbors = 54195
Ave neighs/atom = 40.7175
Neighbor list builds = 2500
Dangerous builds not checked

write_restart lattice_11_11_11__2_2_2/sim1/T_0.50__P_0.70/end1.restart
Total wall time: 0:00:39
