run 50000
Neighbor list info ...
  update every 20 steps, delay 0 steps, check no
  max neighbors/atom: 2000, page size: 100000
  master list distance cutoff = 2.8
  ghost atom cutoff = 2.8
  binsize = 1.4, bins = 18 18 18
  1 neighbor lists, perpetual/occasional/extra = 1 0 0
  (1) pair lj/cut, perpetual
      attributes: half, newton on
      pair build: half/bin/atomonly/newton
      stencil: half/bin/3d/newton
      bin: standard
Per MPI rank memory allocation (min/avg/max) = 2.711 | 2.711 | 2.711 Mbytes
Step Temp Press TotEng 
       0          0.8  0.055586734    1.1359015 
    1000   0.93054157  0.063525558    0.7385205 
    2000   0.80677564  0.037608694    0.3826978 
    3000   0.80358227  0.046870159    0.2908338 
    4000   0.82804721   0.02764773   0.27284905 
    5000   0.77730205  0.028387461   0.21382001 
    6000   0.79459676  0.027070293   0.22771357 
    7000   0.79985071  0.032967134   0.18192354 
    8000   0.78801584     0.023696   0.11676084 
    9000   0.81856447  0.035044466  0.074056432 
   10000    0.7852636  0.028294464  0.056187881 
   11000   0.82672935  0.030661207  0.049780319 
   12000     0.813598  0.024199816 -0.017736366 
   13000   0.77341212  0.018915774  -0.06170149 
   14000    0.8093355  0.040138643 -0.028930545 
   15000   0.79454922  0.020061936  -0.12105493 
   16000   0.81079269  0.027663944 -0.084918076 
   17000   0.77348068  0.025264305  -0.20358594 
   18000   0.81764696  0.025775355  -0.21700131 
   19000   0.80527579  0.032791536  -0.27902201 
   20000   0.79120936  0.037868348  -0.30104537 
   21000    0.7890227  0.011355777  -0.37146484 
   22000   0.80770317  0.028429144  -0.38914815 
   23000   0.76135143  0.020538057  -0.45492129 
   24000    0.8411865  0.034295755  -0.38003303 
   25000   0.78832864  0.023184143  -0.48352426 
   26000   0.79940701  0.016729244  -0.50395065 
   27000   0.79131658  0.026189605  -0.60795469 
   28000   0.78387936  0.027800253  -0.61787394 
   29000   0.83434994  0.026869958  -0.53842412 
   30000    0.8176048  0.017193956  -0.64474388 
   31000   0.80141254  0.015250859  -0.65082344 
   32000   0.78258046  0.025357824  -0.69395277 
   33000   0.77634422  0.006894255  -0.76137656 
   34000   0.82030811  0.048626202  -0.68640442 
   35000   0.77294461  0.019645255  -0.69372888 
   36000    0.8007001  0.021924661  -0.72423934 
   37000   0.78829554  0.023462606  -0.76301297 
   38000   0.82102809  0.037261575  -0.72404948 
   39000   0.79736808  0.025490496  -0.84420323 
   40000   0.82121575  0.030057389  -0.84830818 
   41000   0.74843789  0.032540375  -0.89740843 
   42000   0.77682544  0.014779381   -0.8513809 
   43000   0.79739846  0.010516756  -0.83382715 
   44000   0.82486518  0.029106247  -0.90070593 
   45000   0.79049665  0.019728471  -0.89866767 
   46000   0.82951922  0.025860131  -0.77468972 
   47000   0.79004336  0.024669653  -0.81753894 
   48000   0.78118844   0.01916593  -0.85813834 
   49000   0.77357944  0.024159136   -0.8871953 
   50000   0.80453673  0.012003333  -0.84656511 
Loop time of 11.3203 on 1 procs for 50000 steps with 1331 atoms

Performance: 1526457.707 tau/day, 4416.834 timesteps/s
99.8% CPU use with 1 MPI tasks x no OpenMP threads

MPI task timing breakdown:
Section |  min time  |  avg time  |  max time  |%varavg| %total
---------------------------------------------------------------
Pair    | 8.0973     | 8.0973     | 8.0973     |   0.0 | 71.53
Neigh   | 2.0048     | 2.0048     | 2.0048     |   0.0 | 17.71
Comm    | 0.2687     | 0.2687     | 0.2687     |   0.0 |  2.37
Output  | 0.023093   | 0.023093   | 0.023093   |   0.0 |  0.20
Modify  | 0.84435    | 0.84435    | 0.84435    |   0.0 |  7.46
Other   |            | 0.0821     |            |       |  0.73

Nlocal:    1331 ave 1331 max 1331 min
Histogram: 1 0 0 0 0 0 0 0 0 0
Nghost:    555 ave 555 max 555 min
Histogram: 1 0 0 0 0 0 0 0 0 0
Neighs:    17412 ave 17412 max 17412 min
Histogram: 1 0 0 0 0 0 0 0 0 0

Total # of neighbors = 17412
Ave neighs/atom = 13.0819
Neighbor list builds = 2500
Dangerous builds not checked

write_restart NVT/sim1/T_0.80__v_10.65/end1.restart
Total wall time: 0:00:11
