run 50000
Neighbor list info ...
  update every 20 steps, delay 0 steps, check no
  max neighbors/atom: 2000, page size: 100000
  master list distance cutoff = 2.8
  ghost atom cutoff = 2.8
  binsize = 1.4, bins = 10 10 10
  1 neighbor lists, perpetual/occasional/extra = 1 0 0
  (1) pair lj/cut, perpetual
      attributes: half, newton on
      pair build: half/bin/atomonly/newton
      stencil: half/bin/3d/newton
      bin: standard
Per MPI rank memory allocation (min/avg/max) = 2.732 | 2.732 | 2.732 Mbytes
Step Temp Press TotEng 
       0          0.6  -0.77305071   -3.2396286 
    1000   0.70043184  -0.29814079   -3.2556916 
    2000   0.65601945  -0.27151291   -3.4897274 
    3000   0.62960245  -0.31902952   -3.6849125 
    4000    0.6121426  -0.13010307   -3.8335761 
    5000   0.59778119  -0.35895226    -3.896417 
    6000   0.60043626  -0.18534916   -3.8478223 
    7000   0.61048801  -0.11637234   -3.7924426 
    8000   0.61469325   -0.3056862   -3.8484849 
    9000   0.60085789  -0.31352998   -3.8719722 
   10000   0.61070911  -0.21617784   -3.8108459 
   11000   0.62356704  -0.35354852    -3.829448 
   12000   0.58127359  -0.29296965   -3.8869227 
   13000    0.6121404   -0.1595265   -3.8325292 
   14000   0.60329555    -0.149073   -3.8511268 
   15000   0.57386417  -0.18651042   -3.9240711 
   16000   0.56855387  -0.27754136   -3.9457181 
   17000   0.59913245  -0.18357526   -3.8591649 
   18000   0.59671737  -0.14970292   -3.8695648 
   19000   0.59033606  -0.30226235   -3.9062428 
   20000   0.59675882  -0.25103124   -3.8289868 
   21000    0.5951972  -0.20451588   -3.8417247 
   22000   0.58558121  -0.26879281   -3.9102124 
   23000   0.62063656  -0.13962471   -3.8851058 
   24000   0.60843068  -0.33756892   -3.8813877 
   25000   0.59428727 -0.088173806   -3.8259905 
   26000   0.58819255  -0.20228155   -3.8165627 
   27000   0.60553142  -0.37625106   -3.8711695 
   28000   0.59580126  -0.21601326   -3.8366987 
   29000   0.63310649  -0.21960443   -3.7703441 
   30000   0.58753595  -0.28764805    -3.846024 
   31000   0.60298357  -0.32180138   -3.8554265 
   32000   0.62449906  -0.20574975   -3.8230281 
   33000   0.60894649  -0.22571243   -3.8521415 
   34000   0.61363267  -0.23610764    -3.882891 
   35000   0.59728682   -0.2204944   -3.8735606 
   36000   0.59486115  -0.26834817   -3.8326127 
   37000   0.59970538   -0.3429423   -3.8431751 
   38000   0.61844508  -0.33151894   -3.8355738 
   39000   0.59269213  -0.34497434   -3.8607552 
   40000   0.56960688  -0.24860467   -3.8977785 
   41000   0.59406964 -0.035106436   -3.8405415 
   42000   0.60251792  -0.23725652   -3.8243464 
   43000   0.60415759  -0.19826938   -3.7994146 
   44000   0.60201581  -0.27984867   -3.8602203 
   45000    0.6129631  -0.22139841   -3.9105194 
   46000   0.59480649  -0.17851725   -3.8947922 
   47000   0.60978273  -0.23938752   -3.8573819 
   48000   0.63078739  -0.23050662   -3.8239967 
   49000   0.60341474  -0.20574499    -3.860804 
   50000   0.58383748  -0.30844692   -3.9090847 
Loop time of 30.6614 on 1 procs for 50000 steps with 1331 atoms

Performance: 563574.860 tau/day, 1630.714 timesteps/s
99.9% CPU use with 1 MPI tasks x no OpenMP threads

MPI task timing breakdown:
Section |  min time  |  avg time  |  max time  |%varavg| %total
---------------------------------------------------------------
Pair    | 25.301     | 25.301     | 25.301     |   0.0 | 82.52
Neigh   | 3.9288     | 3.9288     | 3.9288     |   0.0 | 12.81
Comm    | 0.44455    | 0.44455    | 0.44455    |   0.0 |  1.45
Output  | 0.026053   | 0.026053   | 0.026053   |   0.0 |  0.08
Modify  | 0.85605    | 0.85605    | 0.85605    |   0.0 |  2.79
Other   |            | 0.1045     |            |       |  0.34

Nlocal:    1331 ave 1331 max 1331 min
Histogram: 1 0 0 0 0 0 0 0 0 0
Nghost:    1758 ave 1758 max 1758 min
Histogram: 1 0 0 0 0 0 0 0 0 0
Neighs:    43097 ave 43097 max 43097 min
Histogram: 1 0 0 0 0 0 0 0 0 0

Total # of neighbors = 43097
Ave neighs/atom = 32.3794
Neighbor list builds = 2500
Dangerous builds not checked

write_restart NVT/sim1/T_0.60__v_1.33/end1.restart
Total wall time: 0:00:30
