run 50000
Neighbor list info ...
  update every 20 steps, delay 0 steps, check no
  max neighbors/atom: 2000, page size: 100000
  master list distance cutoff = 2.8
  ghost atom cutoff = 2.8
  binsize = 1.4, bins = 16 16 16
  1 neighbor lists, perpetual/occasional/extra = 1 0 0
  (1) pair lj/cut, perpetual
      attributes: half, newton on
      pair build: half/bin/atomonly/newton
      stencil: half/bin/3d/newton
      bin: standard
Per MPI rank memory allocation (min/avg/max) = 2.711 | 2.711 | 2.711 Mbytes
Step Temp Press TotEng 
       0          1.7   0.17557655    2.3533026 
    1000    1.7374072   0.25165239    1.8534601 
    2000     1.649213    0.1901389    1.6043423 
    3000    1.7573239   0.23124891     1.782404 
    4000    1.6901928   0.19116804    1.6758964 
    5000    1.7337333   0.23227293    1.7506766 
    6000    1.6759923   0.21877342    1.6666752 
    7000    1.6897271   0.20668119     1.687536 
    8000    1.7171936   0.23130954    1.7247357 
    9000    1.6458541   0.19627425    1.6232329 
   10000    1.7249539    0.2247403    1.7594652 
   11000     1.694127   0.19071572    1.6568587 
   12000    1.8185192    0.2212221    1.8569106 
   13000    1.7017672    0.1974873    1.6977746 
   14000    1.7201819   0.21813855    1.7459131 
   15000    1.6956558   0.21336457    1.7206463 
   16000    1.6855226   0.21446542    1.7110815 
   17000    1.7051068   0.20622735     1.722873 
   18000    1.6816353   0.20999486    1.6950463 
   19000    1.6879156    0.2275887    1.7041231 
   20000    1.6885681   0.20641942    1.6943495 
   21000    1.7593494   0.23565014    1.8020221 
   22000    1.6496795   0.20630451    1.6363798 
   23000    1.7210354   0.21307694    1.7401787 
   24000     1.704465   0.21297301    1.7023247 
   25000    1.6641761   0.21253102    1.6631277 
   26000    1.7531177   0.22047572    1.7810592 
   27000    1.6594532   0.21009824    1.6567151 
   28000      1.73528   0.20118067     1.761654 
   29000    1.6733366   0.20419828    1.6967543 
   30000    1.7249904    0.2443006    1.7734486 
   31000    1.6492646   0.19494072    1.6252017 
   32000    1.7446506   0.22946097    1.7741562 
   33000    1.6885848   0.22189609    1.6989014 
   34000    1.7223848    0.1976905    1.7257646 
   35000    1.7087343    0.2196077    1.7652538 
   36000    1.6924052   0.20257055    1.6800987 
   37000     1.738783   0.20893767    1.7902539 
   38000    1.6236979   0.17648886    1.6087386 
   39000     1.697896   0.20610373    1.7350993 
   40000      1.69617   0.21825745    1.7204196 
   41000    1.6615206   0.21293958    1.6439759 
   42000     1.722523   0.23440714    1.7917804 
   43000     1.625129    0.1905064    1.5906315 
   44000    1.7511169   0.23055228    1.7925645 
   45000    1.6553676   0.19198393    1.6556364 
   46000    1.7690136   0.21295148    1.7783719 
   47000    1.6399598   0.19572366     1.601441 
   48000    1.7199072   0.20227515      1.72906 
   49000     1.671407   0.21711386     1.686763 
   50000    1.6391214   0.19564498    1.6248446 
Loop time of 9.47141 on 1 procs for 50000 steps with 1331 atoms

Performance: 1824438.226 tau/day, 5279.046 timesteps/s
99.8% CPU use with 1 MPI tasks x no OpenMP threads

MPI task timing breakdown:
Section |  min time  |  avg time  |  max time  |%varavg| %total
---------------------------------------------------------------
Pair    | 6.0928     | 6.0928     | 6.0928     |   0.0 | 64.33
Neigh   | 2.0369     | 2.0369     | 2.0369     |   0.0 | 21.51
Comm    | 0.38188    | 0.38188    | 0.38188    |   0.0 |  4.03
Output  | 0.023698   | 0.023698   | 0.023698   |   0.0 |  0.25
Modify  | 0.84275    | 0.84275    | 0.84275    |   0.0 |  8.90
Other   |            | 0.09334    |            |       |  0.99

Nlocal:    1331 ave 1331 max 1331 min
Histogram: 1 0 0 0 0 0 0 0 0 0
Nghost:    1407 ave 1407 max 1407 min
Histogram: 1 0 0 0 0 0 0 0 0 0
Neighs:    8893 ave 8893 max 8893 min
Histogram: 1 0 0 0 0 0 0 0 0 0

Total # of neighbors = 8893
Ave neighs/atom = 6.68144
Neighbor list builds = 2500
Dangerous builds not checked

write_restart NVT/sim1/T_1.70__v_6.86/end1.restart
Total wall time: 0:00:09
