run 50000
Neighbor list info ...
  update every 20 steps, delay 0 steps, check no
  max neighbors/atom: 2000, page size: 100000
  master list distance cutoff = 2.8
  ghost atom cutoff = 2.8
  binsize = 1.4, bins = 16 16 16
  1 neighbor lists, perpetual/occasional/extra = 1 0 0
  (1) pair lj/cut, perpetual
      attributes: half, newton on
      pair build: half/bin/atomonly/newton
      stencil: half/bin/3d/newton
      bin: standard
Per MPI rank memory allocation (min/avg/max) = 2.7 | 2.7 | 2.7 Mbytes
Step Temp Press Volume Density PotEng KinEng TotEng 
       0          1.5   0.14194897        10648        0.125  -0.13561964    2.2483095    2.1126899 
    1000    1.9976608   0.34173844    6876.6637   0.19355316   -1.0373436    2.9942399    1.9568962 
    2000    1.7462556   0.37870679    5137.4484   0.25907803   -1.4280174    2.6174154     1.189398 
    3000    1.6139472   0.41555746    4060.3766    0.3278021   -1.8448695    2.4191019   0.57423243 
    4000    1.5572697   0.49028449    3345.5595   0.39784079   -2.2311391    2.3341495   0.10301038 
    5000     1.530869   0.63112293     2871.906   0.46345528   -2.5801002    2.2945782  -0.28552192 
    6000    1.5239986   0.74667418    2570.2999    0.5178384   -2.8900569    2.2842803  -0.60577654 
    7000    1.5106282   0.84055121    2393.9962   0.55597415   -3.0977725    2.2642399  -0.83353268 
    8000    1.4646726    1.0478288    2306.6931   0.57701651   -3.1843888    2.1953582  -0.98903054 
    9000    1.4763408    1.0534762    2299.9524   0.57870763    -3.190496    2.2128474  -0.97764856 
   10000    1.5106377     1.050873    2320.8318   0.57350128   -3.1731649    2.2642541  -0.90891083 
   11000     1.478554    1.2631778    2304.4527   0.57757748   -3.1448103    2.2161647  -0.92864558 
   12000    1.4947272   0.77538831    2324.3671     0.572629   -3.2293174    2.2404062  -0.98891117 
   13000    1.4973238   0.90237597    2315.4331   0.57483847   -3.1919686    2.2442983  -0.94767025 
   14000      1.53688   0.97647002     2281.394   0.58341522   -3.2804932    2.3035879  -0.97690531 
   15000    1.5250837    1.1498541    2277.7418   0.58435068   -3.2173141    2.2859069  -0.93140721 
   16000    1.5066998   0.95901262     2320.938   0.57347503   -3.2219576    2.2583516  -0.96360594 
   17000    1.5061607   0.99809733    2315.2266   0.57488974   -3.2173634    2.2575436  -0.95981981 
   18000    1.5063524   0.83799598    2289.0663    0.5814598   -3.2545689     2.257831  -0.99673789 
   19000    1.5310297    1.1098648     2265.729   0.58744889   -3.2652055    2.2948191  -0.97038638 
   20000     1.552957   0.99310104     2335.223   0.56996698   -3.1534334    2.3276854  -0.82574798 
   21000    1.5165936   0.97322465    2307.2584   0.57687515   -3.2070134    2.2731812  -0.93383221 
   22000    1.4289503     1.032854    2311.3985   0.57584185   -3.1475331    2.1418151    -1.005718 
   23000     1.510657   0.93943286      2297.06   0.57943632   -3.2324578    2.2642831   -0.9681747 
   24000    1.5351457    1.1580434    2309.4962   0.57631616    -3.181264    2.3009884  -0.88027554 
   25000    1.4816144   0.81333465    2379.5571   0.55934779   -3.1275619    2.2207519  -0.90680994 
   26000     1.472117   0.89934512    2314.9216   0.57496548   -3.2261984    2.2065164    -1.019682 
   27000    1.5314125    1.1657073      2280.44    0.5836593   -3.2114657    2.2953929  -0.91607278 
   28000    1.5234505    1.0814056    2340.5675   0.56866551   -3.1074517    2.2834589  -0.82399278 
   29000    1.4585763    1.1137579     2352.773   0.56571542   -3.0967164    2.1862207   -0.9104957 
   30000    1.4805914   0.97614468    2318.0278   0.57419501   -3.1743764    2.2192185  -0.95515788 
   31000    1.4866425   0.99840059    2244.3992   0.59303177    -3.314205    2.2282884   -1.0859166 
   32000    1.4730149    1.1083793    2251.7818   0.59108746   -3.2718156    2.2078623   -1.0639533 
   33000    1.5293016   0.88578572    2315.3846    0.5748505   -3.2327075     2.292229  -0.94047856 
   34000    1.4324031   0.86036306    2362.2899   0.56343635    -3.107598    2.1469903  -0.96060763 
   35000    1.4816905   0.99816075     2357.427   0.56459861   -3.1317201    2.2208659  -0.91085414 
   36000    1.5492046    1.0774289     2282.351   0.58317061   -3.2273803    2.3220611   -0.9053192 
   37000    1.4817699   0.94475801    2328.9212   0.57150926   -3.1894018    2.2209849  -0.96841693 
   38000    1.4895596     1.075124    2293.4357   0.58035201    -3.204213    2.2326607  -0.97155224 
   39000    1.4879073   0.98855928    2276.8811    0.5845716   -3.2679965    2.2301841   -1.0378124 
   40000    1.5007323   0.96906585    2344.6439   0.56767682   -3.1522687    2.2494071  -0.90286156 
   41000    1.5384417    1.1080671    2327.0321    0.5719732   -3.1380678    2.3059288  -0.83213904 
   42000    1.5017403    1.1452751    2287.8331    0.5817732   -3.2093337    2.2509181  -0.95841565 
   43000    1.4827287   0.99719698    2306.9684   0.57694764   -3.1954776     2.222422  -0.97305561 
   44000    1.5068279   0.95880309    2361.5779   0.56360623   -3.1247573    2.2585437  -0.86621358 
   45000    1.5511257    1.0677912    2355.7486   0.56500087   -3.0777215    2.3249405  -0.75278099 
   46000    1.5715653    1.0655723    2293.2426   0.58040087   -3.2463048    2.3555769  -0.89072792 
   47000    1.4406112    1.0609405    2311.6066   0.57579001    -3.165888    2.1592933   -1.0065947 
   48000    1.4846052   0.85903116    2344.8408   0.56762915   -3.1619321    2.2252347  -0.93669735 
   49000    1.4833171    1.0886844     2385.235    0.5580163   -3.0372794    2.2233041  -0.81397538 
   50000    1.5002794   0.99355132    2319.8407   0.57374629   -3.1585052    2.2487283  -0.90977692 
Loop time of 32.6404 on 1 procs for 50000 steps with 1331 atoms

Performance: 529404.635 tau/day, 1531.842 timesteps/s
99.9% CPU use with 1 MPI tasks x no OpenMP threads

MPI task timing breakdown:
Section |  min time  |  avg time  |  max time  |%varavg| %total
---------------------------------------------------------------
Pair    | 24.993     | 24.993     | 24.993     |   0.0 | 76.57
Neigh   | 4.348      | 4.348      | 4.348      |   0.0 | 13.32
Comm    | 0.75299    | 0.75299    | 0.75299    |   0.0 |  2.31
Output  | 0.026344   | 0.026344   | 0.026344   |   0.0 |  0.08
Modify  | 2.3632     | 2.3632     | 2.3632     |   0.0 |  7.24
Other   |            | 0.1565     |            |       |  0.48

Nlocal:    1331 ave 1331 max 1331 min
Histogram: 1 0 0 0 0 0 0 0 0 0
Nghost:    2413 ave 2413 max 2413 min
Histogram: 1 0 0 0 0 0 0 0 0 0
Neighs:    34524 ave 34524 max 34524 min
Histogram: 1 0 0 0 0 0 0 0 0 0

Total # of neighbors = 34524
Ave neighs/atom = 25.9384
Neighbor list builds = 2500
Dangerous builds not checked

write_restart lattice_11_11_11__2_2_2/sim1/T_1.50__P_1.00/end1.restart
Total wall time: 0:00:32
