run 50000
Neighbor list info ...
  update every 20 steps, delay 0 steps, check no
  max neighbors/atom: 2000, page size: 100000
  master list distance cutoff = 2.8
  ghost atom cutoff = 2.8
  binsize = 1.4, bins = 22 22 22
  1 neighbor lists, perpetual/occasional/extra = 1 0 0
  (1) pair lj/cut, perpetual
      attributes: half, newton on
      pair build: half/bin/atomonly/newton
      stencil: half/bin/3d/newton
      bin: standard
Per MPI rank memory allocation (min/avg/max) = 2.739 | 2.739 | 2.739 Mbytes
Step Temp Press TotEng 
       0          0.1 0.0032978877   0.13755824 
    1000   0.21492906 0.0020670636 -0.010321924 
    2000    0.2391839 0.0013139388  -0.37170855 
    3000   0.28240318 0.0035904485  -0.89416184 
    4000   0.24649406 0.0015196997   -1.5103303 
    5000   0.20907317 0.0014499337   -2.0443188 
    6000   0.16525312 -0.0031233848    -2.426061 
    7000   0.12340642 -0.0017965364   -2.6717059 
    8000   0.10307271 0.0016485216   -2.8035759 
    9000  0.099744908 -0.0027238886   -2.8625637 
   10000   0.10173113 0.0010672024   -2.8983587 
   11000  0.093490963 -0.00040863604   -2.9411544 
   12000  0.098177901 -0.00076292431   -2.9669523 
   13000  0.098214327 0.0022477995   -2.9914928 
   14000  0.099228195 0.0015156357   -3.0160159 
   15000  0.097931604 -0.0013799273   -3.0223815 
   16000   0.10498664 -2.6601442e-05   -3.0088373 
   17000   0.10545462 9.7541234e-05   -3.0260231 
   18000  0.095105738 -0.0029274219   -3.0505905 
   19000  0.099495001 0.00097645475   -3.0557973 
   20000    0.1032381 0.0039735375   -3.0719267 
   21000   0.09804633 -0.002005186   -3.0791062 
   22000  0.097759338 -0.0012376814   -3.0709082 
   23000  0.098010675 0.00040141093   -3.0751605 
   24000  0.097494802 -0.0017437257   -3.0848955 
   25000  0.097859831 -0.0017148495   -3.0722244 
   26000   0.10442936 -0.00095958013   -3.0636964 
   27000   0.10104956 -0.0051557522   -3.0708662 
   28000  0.098839021 -0.00040753983   -3.0792909 
   29000   0.10370403 0.0017763959   -3.0716676 
   30000   0.10568578 0.0018020997   -3.0666899 
   31000    0.1027481 0.00083738874   -3.0872488 
   32000   0.10325476 -0.0023104885   -3.1085196 
   33000   0.10141178 0.0011755068   -3.1120824 
   34000   0.10018097 0.00076549738   -3.0944394 
   35000   0.10290763 -0.0033277573   -3.0880516 
   36000  0.095779341 -0.0034706075   -3.1052449 
   37000   0.09613878 0.0019531989   -3.1146988 
   38000   0.10542444 -0.0018772155   -3.1041087 
   39000   0.10188915 -0.0013247448   -3.0996399 
   40000  0.098285123 -0.0019723768   -3.1178672 
   41000  0.098599594 0.0016749087   -3.1175858 
   42000   0.10531418 0.0020565134   -3.1029763 
   43000    0.1016239 0.0026574572   -3.1170757 
   44000  0.096805001 0.00069297772   -3.1314061 
   45000  0.097714349 0.0018088525   -3.1107436 
   46000   0.10490543 -0.001601341   -3.1101614 
   47000  0.098362669 0.0010594885   -3.1322541 
   48000  0.098497285 -0.005182915   -3.1279186 
   49000    0.1029268 -0.00025916626   -3.1087719 
   50000   0.10182119 -3.9470109e-05    -3.122423 
Loop time of 8.89441 on 1 procs for 50000 steps with 1331 atoms

Performance: 1942793.914 tau/day, 5621.510 timesteps/s
99.8% CPU use with 1 MPI tasks x no OpenMP threads

MPI task timing breakdown:
Section |  min time  |  avg time  |  max time  |%varavg| %total
---------------------------------------------------------------
Pair    | 6.5417     | 6.5417     | 6.5417     |   0.0 | 73.55
Neigh   | 1.1024     | 1.1024     | 1.1024     |   0.0 | 12.39
Comm    | 0.27291    | 0.27291    | 0.27291    |   0.0 |  3.07
Output  | 0.024764   | 0.024764   | 0.024764   |   0.0 |  0.28
Modify  | 0.86891    | 0.86891    | 0.86891    |   0.0 |  9.77
Other   |            | 0.0837     |            |       |  0.94

Nlocal:    1331 ave 1331 max 1331 min
Histogram: 1 0 0 0 0 0 0 0 0 0
Nghost:    1030 ave 1030 max 1030 min
Histogram: 1 0 0 0 0 0 0 0 0 0
Neighs:    12537 ave 12537 max 12537 min
Histogram: 1 0 0 0 0 0 0 0 0 0

Total # of neighbors = 12537
Ave neighs/atom = 9.41923
Neighbor list builds = 2500
Dangerous builds not checked

write_restart NVT/sim1/T_0.10__v_21.95/end1.restart
Total wall time: 0:00:08
