run 50000
Neighbor list info ...
  update every 20 steps, delay 0 steps, check no
  max neighbors/atom: 2000, page size: 100000
  master list distance cutoff = 2.8
  ghost atom cutoff = 2.8
  binsize = 1.4, bins = 16 16 16
  1 neighbor lists, perpetual/occasional/extra = 1 0 0
  (1) pair lj/cut, perpetual
      attributes: half, newton on
      pair build: half/bin/atomonly/newton
      stencil: half/bin/3d/newton
      bin: standard
Per MPI rank memory allocation (min/avg/max) = 2.7 | 2.7 | 2.7 Mbytes
Step Temp Press TotEng 
       0          1.1  0.091986538    1.5131407 
    1000    1.2084057   0.11887438    1.0367862 
    2000    1.0772979  0.085403177   0.70213271 
    3000     1.131595  0.086609503   0.78699653 
    4000    1.0642266   0.08094697   0.74110209 
    5000    1.1113299  0.094375267   0.80115306 
    6000    1.0952647  0.090431006   0.76797255 
    7000    1.0893283  0.076342655   0.71511185 
    8000    1.1335621  0.083453227   0.78513909 
    9000    1.0832391  0.080609671   0.68430611 
   10000    1.1745572  0.091783025   0.81216835 
   11000    1.0858355  0.089279822   0.67910653 
   12000    1.0955942  0.078006301   0.71637371 
   13000    1.1081632   0.08890202   0.74322725 
   14000    1.0684934  0.073498103   0.70871688 
   15000    1.1329308  0.082425597   0.75578641 
   16000    1.0671266  0.072299635   0.65170612 
   17000    1.1310063  0.093417179   0.75427052 
   18000    1.0937029  0.098483578   0.71365989 
   19000    1.1252154  0.092199775   0.80390088 
   20000    1.1156872  0.081095803   0.71661225 
   21000    1.1124146  0.088445081   0.70304145 
   22000     1.085319  0.090716434   0.70699669 
   23000    1.1151311  0.080556867   0.75853237 
   24000    1.1110944  0.069247775   0.75537839 
   25000    1.0791292  0.085013293   0.69657014 
   26000    1.1232619  0.088874972   0.76902666 
   27000    1.0559127  0.077919475    0.6584527 
   28000    1.1188444  0.076891673   0.76927293 
   29000    1.0699176  0.070708002   0.67910115 
   30000    1.1237389  0.081180089   0.70985381 
   31000    1.1107213  0.068645709   0.72394588 
   32000    1.0913986  0.083329932   0.69481434 
   33000    1.1182181  0.084832878   0.76668658 
   34000    1.0850699   0.07557409   0.70124143 
   35000    1.1187011    0.1007732   0.74834866 
   36000    1.0642552   0.08102464   0.65190143 
   37000    1.1175988  0.085310482   0.71103816 
   38000     1.101483   0.09696075   0.70876392 
   39000    1.0772157  0.082443783   0.68254383 
   40000    1.1552534   0.10346383   0.78565551 
   41000    1.0948465  0.099125494   0.70983315 
   42000    1.0613415  0.065834434   0.64993391 
   43000    1.1407873  0.084628363   0.76202477 
   44000    1.0626638  0.095123948   0.66117199 
   45000    1.0857467  0.072447536    0.6512077 
   46000     1.131846  0.072508776   0.72034482 
   47000    1.1164412  0.082002148   0.71570395 
   48000    1.0818836  0.060390937    0.6750836 
   49000    1.1167464  0.088699018   0.71847652 
   50000    1.1029007   0.10548268   0.77490194 
Loop time of 8.98137 on 1 procs for 50000 steps with 1331 atoms

Performance: 1923981.845 tau/day, 5567.077 timesteps/s
99.8% CPU use with 1 MPI tasks x no OpenMP threads

MPI task timing breakdown:
Section |  min time  |  avg time  |  max time  |%varavg| %total
---------------------------------------------------------------
Pair    | 5.6523     | 5.6523     | 5.6523     |   0.0 | 62.93
Neigh   | 2.0017     | 2.0017     | 2.0017     |   0.0 | 22.29
Comm    | 0.35032    | 0.35032    | 0.35032    |   0.0 |  3.90
Output  | 0.023236   | 0.023236   | 0.023236   |   0.0 |  0.26
Modify  | 0.86387    | 0.86387    | 0.86387    |   0.0 |  9.62
Other   |            | 0.08997    |            |       |  1.00

Nlocal:    1331 ave 1331 max 1331 min
Histogram: 1 0 0 0 0 0 0 0 0 0
Nghost:    1246 ave 1246 max 1246 min
Histogram: 1 0 0 0 0 0 0 0 0 0
Neighs:    8252 ave 8252 max 8252 min
Histogram: 1 0 0 0 0 0 0 0 0 0

Total # of neighbors = 8252
Ave neighs/atom = 6.19985
Neighbor list builds = 2500
Dangerous builds not checked

write_restart NVT/sim1/T_1.10__v_8.00/end1.restart
Total wall time: 0:00:08
