run 50000
Neighbor list info ...
  update every 20 steps, delay 0 steps, check no
  max neighbors/atom: 2000, page size: 100000
  master list distance cutoff = 2.8
  ghost atom cutoff = 2.8
  binsize = 1.4, bins = 10 10 10
  1 neighbor lists, perpetual/occasional/extra = 1 0 0
  (1) pair lj/cut, perpetual
      attributes: half, newton on
      pair build: half/bin/atomonly/newton
      stencil: half/bin/3d/newton
      bin: standard
Per MPI rank memory allocation (min/avg/max) = 2.732 | 2.732 | 2.732 Mbytes
Step Temp Press TotEng 
       0          1.5  -0.22821684   -1.8906428 
    1000    1.3250872   0.83383675   -1.4286517 
    2000    1.5521858    1.2609015   -1.0012593 
    3000      1.51027    1.1224023   -1.1289749 
    4000    1.4717197    1.2063347   -1.1392231 
    5000     1.508777    1.3860652   -1.0422906 
    6000    1.4510436     1.046639   -1.1839529 
    7000    1.5034443    1.4025018   -1.0394539 
    8000    1.4605695     1.328171   -1.1437236 
    9000    1.5389394    1.1924536   -1.0649963 
   10000    1.5103395    1.2093571   -1.0696289 
   11000    1.5049419    1.0823894   -1.1568102 
   12000    1.5629248    1.3494297  -0.98160491 
   13000    1.5015956    1.0784167   -1.1179397 
   14000    1.5154864    1.0949686   -1.1010249 
   15000    1.6003416    1.1793826  -0.97121266 
   16000    1.4686204    1.1931556   -1.1458637 
   17000    1.5114825     1.380857   -1.0464635 
   18000    1.4694573    1.0447318   -1.1864791 
   19000    1.5243612    1.1631978   -1.1057668 
   20000    1.5279419     1.048628   -1.0853818 
   21000    1.4477168   0.97248802   -1.2112107 
   22000    1.4672519    1.3091203   -1.1422457 
   23000    1.5103678    1.2455152   -1.0831796 
   24000    1.4813538    0.9158449   -1.2040406 
   25000    1.5108712    1.3397798   -1.0436461 
   26000    1.5174795    1.0484833   -1.1227446 
   27000    1.5194025    1.1904477   -1.0791626 
   28000    1.5176245    1.2472414   -1.0755354 
   29000    1.4923766    1.0915704   -1.1338455 
   30000    1.5892957    1.2336181  -0.97799284 
   31000    1.4683433    1.2213808   -1.1498531 
   32000    1.4950283    1.2158662   -1.1027624 
   33000     1.535122    1.4427925   -1.0265071 
   34000     1.450018    1.1822614   -1.1693562 
   35000    1.5227369    1.2079842    -1.062596 
   36000    1.4558045    1.0643809   -1.1989823 
   37000    1.4732986   0.95775696   -1.1870028 
   38000    1.5277518    1.2284703   -1.0650252 
   39000    1.4688266    1.2134592   -1.1398409 
   40000    1.4980475    1.1994526   -1.1200168 
   41000    1.5140714    1.1676677   -1.0765631 
   42000    1.4670678    1.1827975   -1.1647997 
   43000    1.5370146    1.3985246    -1.001629 
   44000    1.5082583    1.0450242   -1.1323093 
   45000    1.4956195    1.3980177   -1.0868254 
   46000    1.4980956    1.1204105   -1.1276687 
   47000    1.5216713     1.156226     -1.10725 
   48000    1.5401348     1.089528   -1.0591655 
   49000    1.4926509     1.015383   -1.1636004 
   50000    1.5080846    1.2610957   -1.0599195 
Loop time of 28.0522 on 1 procs for 50000 steps with 1331 atoms

Performance: 615995.055 tau/day, 1782.393 timesteps/s
99.9% CPU use with 1 MPI tasks x no OpenMP threads

MPI task timing breakdown:
Section |  min time  |  avg time  |  max time  |%varavg| %total
---------------------------------------------------------------
Pair    | 22.605     | 22.605     | 22.605     |   0.0 | 80.58
Neigh   | 3.8124     | 3.8124     | 3.8124     |   0.0 | 13.59
Comm    | 0.64436    | 0.64436    | 0.64436    |   0.0 |  2.30
Output  | 0.024639   | 0.024639   | 0.024639   |   0.0 |  0.09
Modify  | 0.83977    | 0.83977    | 0.83977    |   0.0 |  2.99
Other   |            | 0.1259     |            |       |  0.45

Nlocal:    1331 ave 1331 max 1331 min
Histogram: 1 0 0 0 0 0 0 0 0 0
Nghost:    2560 ave 2560 max 2560 min
Histogram: 1 0 0 0 0 0 0 0 0 0
Neighs:    36514 ave 36514 max 36514 min
Histogram: 1 0 0 0 0 0 0 0 0 0

Total # of neighbors = 36514
Ave neighs/atom = 27.4335
Neighbor list builds = 2500
Dangerous builds not checked

write_restart NVT/sim1/T_1.50__v_1.33/end1.restart
Total wall time: 0:00:28
