run 50000
Neighbor list info ...
  update every 20 steps, delay 0 steps, check no
  max neighbors/atom: 2000, page size: 100000
  master list distance cutoff = 2.8
  ghost atom cutoff = 2.8
  binsize = 1.4, bins = 16 16 16
  1 neighbor lists, perpetual/occasional/extra = 1 0 0
  (1) pair lj/cut, perpetual
      attributes: half, newton on
      pair build: half/bin/atomonly/newton
      stencil: half/bin/3d/newton
      bin: standard
Per MPI rank memory allocation (min/avg/max) = 2.7 | 2.7 | 2.7 Mbytes
Step Temp Press Volume Density PotEng KinEng TotEng 
       0          0.9  0.067005321        10648        0.125  -0.13561964    1.3489857    1.2133661 
    1000    1.3399416   0.20012057    6839.0038   0.19461899    -1.175856    2.0084024   0.83254639 
    2000    1.1271949   0.16136803    4980.1799   0.26725942   -1.6817684     1.689522  0.007753516 
    3000    1.0378993  0.071001174    3782.4626   0.35188716   -2.2474091    1.5556792  -0.69172986 
    4000    1.0010779  0.067405144    2952.2375   0.45084448   -2.8238439    1.5004887   -1.3233552 
    5000   0.99900087  -0.02185391    2387.5689   0.55747083    -3.407195    1.4973755   -1.9098196 
    6000   0.97368579   0.35807103    2018.6111   0.65936426   -3.9011078    1.4594314   -2.4416764 
    7000   0.95166835   0.38097535    1841.6371   0.72272652   -4.3521647      1.42643   -2.9257347 
    8000   0.87394981   0.65776696    1763.6452   0.75468696   -4.5302315    1.3099398   -3.2202917 
    9000   0.86989581   0.61510953    1749.5045   0.76078683    -4.573823    1.3038634   -3.2699597 
   10000   0.91468045    0.5385914     1776.055   0.74941371   -4.5154214    1.3709899   -3.1444316 
   11000   0.91238373   0.48779935     1783.313   0.74636364   -4.4837881    1.3675474   -3.1162407 
   12000   0.88484308   0.70985993    1761.8169   0.75547012   -4.5197845    1.3262674    -3.193517 
   13000   0.89783876   0.60977238     1756.913   0.75757878   -4.5595306    1.3457463   -3.2137843 
   14000   0.92257495   0.64997222    1760.2442   0.75614509   -4.5322276    1.3828227   -3.1494049 
   15000    0.9319917   0.43570716    1779.1291   0.74811882   -4.5079433    1.3969372   -3.1110061 
   16000    0.8787808   0.75246353     1770.834   0.75162324   -4.4836842    1.3171808   -3.1665034 
   17000   0.88513849    0.4869354    1764.6598   0.75425303   -4.5534083    1.3267102   -3.2266981 
   18000   0.86886404   0.60665986    1770.5764    0.7517326   -4.5195633    1.3023169   -3.2172464 
   19000   0.90994188    0.5393455    1788.6654   0.74413023    -4.469713    1.3638873   -3.1058257 
   20000   0.91010043   0.82299122     1769.572   0.75215928   -4.4668734     1.364125   -3.1027484 
   21000   0.87431477   0.74433829    1752.6266   0.75943158   -4.5358781    1.3104868   -3.2253913 
   22000   0.85703157   0.46143444    1777.1088   0.74896935   -4.5140685    1.2845815    -3.229487 
   23000   0.89100077   0.44119033    1797.5041    0.7404712   -4.4694239     1.335497   -3.1339269 
   24000   0.90132171   0.55074767    1785.7162   0.74535919   -4.4750741    1.3509668   -3.1241073 
   25000   0.90187003    0.5232492    1764.5653   0.75429342    -4.558637    1.3517887   -3.2068484 
   26000   0.92033926    0.5526097    1754.2922   0.75871054   -4.5931869    1.3794717   -3.2137152 
   27000    0.8952784   0.76895411    1765.9487   0.75370255   -4.4961674    1.3419086   -3.1542587 
   28000   0.92204511   0.63770913    1785.7408   0.74534892   -4.4729318    1.3820285   -3.0909033 
   29000   0.91879058    0.5291786    1797.0351   0.74066444   -4.4386893    1.3771504   -3.0615389 
   30000   0.86829266   0.57448934    1780.3274   0.74761529     -4.48545    1.3014605   -3.1839896 
   31000   0.86813423   0.40205033    1783.0427   0.74647679   -4.5108115     1.301223   -3.2095885 
   32000   0.90066421   0.54555126    1787.4621   0.74463119   -4.4641089    1.3499813   -3.1141276 
   33000   0.93606544   0.43520481    1788.6234   0.74414771   -4.5065609    1.4030432   -3.1035176 
   34000    0.8997455    0.7689961    1772.6044   0.75087254   -4.4902348    1.3486043   -3.1416306 
   35000   0.87772071   0.48570298    1770.4988   0.75176555      -4.5243    1.3155919   -3.2087081 
   36000   0.86305374   0.60531355    1762.5345   0.75516252   -4.5511797     1.293608   -3.2575718 
   37000   0.90400505   0.51102063     1766.226   0.75358418   -4.5536363    1.3549888   -3.1986475 
   38000   0.93162836   0.61261649    1775.8113   0.74951655   -4.4963388    1.3963926   -3.0999462 
   39000   0.93947246   0.64724784    1810.5701   0.73512759   -4.3831439    1.4081499   -2.9749939 
   40000   0.90807094    0.7421265     1788.632   0.74414415   -4.4346828     1.361083   -3.0735998 
   41000   0.88726904   0.59225596    1770.4752   0.75177557   -4.5116126    1.3299036    -3.181709 
   42000   0.85918935   0.60058321    1768.5999   0.75257272   -4.5164324    1.2878157   -3.2286167 
   43000   0.90269759   0.66046566    1756.5603    0.7577309   -4.5525993    1.3530291   -3.1995702 
   44000   0.89525963   0.92145469    1761.9496    0.7554132   -4.4675592    1.3418805   -3.1256787 
   45000   0.91616968   0.84314707     1766.409   0.75350613   -4.4725643     1.373222   -3.0993422 
   46000   0.88639653   0.85955949    1759.9783   0.75625932   -4.5091483    1.3285959   -3.1805524 
   47000   0.90354658   0.54173846    1759.9553   0.75626921   -4.5659745    1.3543016   -3.2116729 
   48000   0.89196542   0.51503355    1768.1607   0.75275963   -4.5247225    1.3369429   -3.1877796 
   49000   0.92983808   0.59388285    1782.4061   0.74674342   -4.4990738    1.3937092   -3.1053646 
   50000   0.89895387   0.54408861    1778.6691   0.74831233    -4.503319    1.3474177   -3.1559013 
Loop time of 34.3623 on 1 procs for 50000 steps with 1331 atoms

Performance: 502876.523 tau/day, 1455.083 timesteps/s
99.9% CPU use with 1 MPI tasks x no OpenMP threads

MPI task timing breakdown:
Section |  min time  |  avg time  |  max time  |%varavg| %total
---------------------------------------------------------------
Pair    | 27.133     | 27.133     | 27.133     |   0.0 | 78.96
Neigh   | 4.3704     | 4.3704     | 4.3704     |   0.0 | 12.72
Comm    | 0.68644    | 0.68644    | 0.68644    |   0.0 |  2.00
Output  | 0.025223   | 0.025223   | 0.025223   |   0.0 |  0.07
Modify  | 2.009      | 2.009      | 2.009      |   0.0 |  5.85
Other   |            | 0.138      |            |       |  0.40

Nlocal:    1331 ave 1331 max 1331 min
Histogram: 1 0 0 0 0 0 0 0 0 0
Nghost:    2859 ave 2859 max 2859 min
Histogram: 1 0 0 0 0 0 0 0 0 0
Neighs:    44529 ave 44529 max 44529 min
Histogram: 1 0 0 0 0 0 0 0 0 0

Total # of neighbors = 44529
Ave neighs/atom = 33.4553
Neighbor list builds = 2500
Dangerous builds not checked

write_restart lattice_11_11_11__2_2_2/sim1/T_0.90__P_0.60/end1.restart
Total wall time: 0:00:34
