run 50000
Neighbor list info ...
  update every 20 steps, delay 0 steps, check no
  max neighbors/atom: 2000, page size: 100000
  master list distance cutoff = 2.8
  ghost atom cutoff = 2.8
  binsize = 1.4, bins = 16 16 16
  1 neighbor lists, perpetual/occasional/extra = 1 0 0
  (1) pair lj/cut, perpetual
      attributes: half, newton on
      pair build: half/bin/atomonly/newton
      stencil: half/bin/3d/newton
      bin: standard
Per MPI rank memory allocation (min/avg/max) = 2.7 | 2.7 | 2.7 Mbytes
Step Temp Press Volume Density PotEng KinEng TotEng 
       0            1  0.079495929        10648        0.125  -0.13561964     1.498873    1.3632534 
    1000    1.5082233   0.26498013    6225.1951   0.21380856   -1.1938308    2.2606352    1.0668044 
    2000    1.3210302   0.18419958    4358.7781   0.30536081   -1.8598933    1.9800565   0.12016327 
    3000    1.1529154   0.18548869    3245.4209    0.4101163   -2.4473801    1.7280738  -0.71930626 
    4000    1.1264348   0.22055885    2532.5368   0.52555999   -3.1082505    1.6883827   -1.4198678 
    5000    1.1014415   0.60447424    2093.0965   0.63589998   -3.7079634     1.650921   -2.0570424 
    6000    1.0647348   0.69747689    1873.8715   0.71029417    -4.189176    1.5959023   -2.5932737 
    7000    0.9849764   0.87121798     1775.152   0.74979494   -4.4483838    1.4763546   -2.9720292 
    8000    0.9870311   0.99260046    1742.4486   0.76386757   -4.5349569    1.4794343   -3.0555226 
    9000    1.0182222    0.7959933    1776.8711   0.74906953   -4.4588195    1.5261858   -2.9326337 
   10000    1.0335126   0.97334861    1790.3738   0.74342018   -4.3849802    1.5491041   -2.8358761 
   11000    1.0340749   0.86926542    1780.1184   0.74770307   -4.4401244     1.549947   -2.8901774 
   12000    1.0314151   0.90760629    1756.9458   0.75756465   -4.5192711    1.5459603   -2.9733108 
   13000   0.98464954    1.0523377     1755.433   0.75821748   -4.4734168    1.4758646   -2.9975521 
   14000    1.0113497   0.97325591    1782.9101   0.74653232   -4.4104021    1.5158848   -2.8945173 
   15000    1.0148441    0.9364749     1784.098   0.74603526   -4.4071325    1.5211224   -2.8860101 
   16000   0.99248264    1.0849112    1767.6406   0.75298111   -4.4465545    1.4876055   -2.9589491 
   17000   0.96831732   0.81464236    1779.1486   0.74811064   -4.4423178    1.4513847   -2.9909331 
   18000    0.9968338   0.94819142    1784.9793   0.74566693   -4.4051645    1.4941273   -2.9110373 
   19000    1.0008682   0.97682993    1782.1506   0.74685048   -4.4085467    1.5001743   -2.9083724 
   20000    1.0307786    1.3240571    1738.3752    0.7656575   -4.4933039    1.5450063   -2.9482976 
   21000    1.0549132    1.0355504    1748.6172   0.76117288    -4.511086    1.5811809   -2.9299051 
   22000    1.0220168   0.92578505    1781.2626   0.74722279   -4.4131682    1.5318734   -2.8812947 
   23000   0.99591879   0.95863569    1782.5995   0.74666237   -4.4109198    1.4927558    -2.918164 
   24000   0.99152879    1.0503611    1761.9538   0.75541142   -4.4411554    1.4861758   -2.9549796 
   25000   0.97393145    1.2699963    1764.2525   0.75442718   -4.4036381    1.4597996   -2.9438385 
   26000    1.0037392   0.85396728    1791.1989   0.74307771   -4.4023219    1.5044777   -2.8978442 
   27000    1.0071502   0.88244729    1787.0757   0.74479219    -4.398339    1.5095902   -2.8887488 
   28000   0.99670819    1.0972062     1757.387   0.75737442   -4.4613558     1.493939   -2.9674167 
   29000   0.98195727    1.0702385    1765.9727   0.75369228   -4.4473544    1.4718293   -2.9755252 
   30000   0.97605423   0.97528937    1791.4686   0.74296585   -4.3625023    1.4629814    -2.899521 
   31000   0.95797972    1.0597761    1781.2787   0.74721602   -4.3847843      1.43589   -2.9488943 
   32000   0.96898625   0.73626455    1769.5024   0.75218885   -4.4919942    1.4523874   -3.0396069 
   33000    0.9705177   0.94749049    1770.1777   0.75190191    -4.443326    1.4546828   -2.9886432 
   34000   0.99667075    1.0852441    1776.0395   0.74942028   -4.3943407    1.4938829   -2.9004578 
   35000    0.9947297   0.87203202     1772.106   0.75108375   -4.4533917    1.4909735   -2.9624181 
   36000   0.96602111   0.95770066    1760.3151   0.75611463   -4.4702076     1.447943   -3.0222646 
   37000    1.0091345     1.135479    1756.9852   0.75754766   -4.4525448    1.5125645   -2.9399803 
   38000    1.0075025    1.1972176    1768.3869   0.75266336   -4.4323988    1.5101183   -2.9222805 
   39000     1.002288   0.95053998    1774.3373   0.75013924   -4.4298075    1.5023025   -2.9275051 
   40000    1.0009266   0.92367416    1777.7201   0.74871179   -4.4412842    1.5002619   -2.9410223 
   41000   0.95340873   0.98971544    1757.7922   0.75719986   -4.4860704    1.4290386   -3.0570318 
   42000    1.0026762   0.88965612    1765.2752   0.75399007   -4.4783892    1.5028844   -2.9755048 
   43000   0.98778584    1.1180888    1769.0261   0.75239139   -4.4134987    1.4805656   -2.9329332 
   44000   0.99586445    1.0234704    1779.7192   0.74787079   -4.4216878    1.4926744   -2.9290134 
   45000   0.95172307   0.78796247    1780.0567   0.74772898   -4.4352198     1.426512   -3.0087078 
   46000   0.97896921   0.81375529    1777.4993    0.7488048   -4.4444178    1.4673505   -2.9770672 
   47000    1.0252472   0.93407879    1784.8747   0.74571062   -4.4123457    1.5367154   -2.8756303 
   48000    1.0211166    1.1962122    1759.9498   0.75627156   -4.4395279    1.5305242   -2.9090037 
   49000    1.0064421    1.0354531    1765.6542   0.75382826   -4.4421526    1.5085289   -2.9336238 
   50000   0.99039588     1.034841    1770.5609   0.75173918   -4.4262881    1.4844777   -2.9418104 
Loop time of 36.9202 on 1 procs for 50000 steps with 1331 atoms

Performance: 468036.656 tau/day, 1354.273 timesteps/s
99.9% CPU use with 1 MPI tasks x no OpenMP threads

MPI task timing breakdown:
Section |  min time  |  avg time  |  max time  |%varavg| %total
---------------------------------------------------------------
Pair    | 29.163     | 29.163     | 29.163     |   0.0 | 78.99
Neigh   | 4.6581     | 4.6581     | 4.6581     |   0.0 | 12.62
Comm    | 0.75199    | 0.75199    | 0.75199    |   0.0 |  2.04
Output  | 0.025946   | 0.025946   | 0.025946   |   0.0 |  0.07
Modify  | 2.1608     | 2.1608     | 2.1608     |   0.0 |  5.85
Other   |            | 0.1606     |            |       |  0.43

Nlocal:    1331 ave 1331 max 1331 min
Histogram: 1 0 0 0 0 0 0 0 0 0
Nghost:    2822 ave 2822 max 2822 min
Histogram: 1 0 0 0 0 0 0 0 0 0
Neighs:    44792 ave 44792 max 44792 min
Histogram: 1 0 0 0 0 0 0 0 0 0

Total # of neighbors = 44792
Ave neighs/atom = 33.6529
Neighbor list builds = 2500
Dangerous builds not checked

write_restart lattice_11_11_11__2_2_2/sim1/T_1.00__P_1.00/end1.restart
Total wall time: 0:00:36
