run 50000
Neighbor list info ...
  update every 20 steps, delay 0 steps, check no
  max neighbors/atom: 2000, page size: 100000
  master list distance cutoff = 2.8
  ghost atom cutoff = 2.8
  binsize = 1.4, bins = 16 16 16
  1 neighbor lists, perpetual/occasional/extra = 1 0 0
  (1) pair lj/cut, perpetual
      attributes: half, newton on
      pair build: half/bin/atomonly/newton
      stencil: half/bin/3d/newton
      bin: standard
Per MPI rank memory allocation (min/avg/max) = 2.7 | 2.7 | 2.7 Mbytes
Step Temp Press Volume Density PotEng KinEng TotEng 
       0          1.2   0.10447715        10648        0.125  -0.13561964    1.7986476     1.663028 
    1000    1.6395896   0.28339945    7077.5979   0.18805815   -1.0690598    2.4575367    1.3884768 
    2000    1.4225315   0.25858531      5322.02   0.25009301   -1.5017656     2.132194   0.63042847 
    3000    1.2963492   0.25822264    4172.0685    0.3190264   -1.9297225    1.9430628  0.013340288 
    4000    1.2617007   0.18962823    3394.3354   0.39212389   -2.3590251    1.8911291  -0.46789601 
    5000    1.2334837   0.36009481    2847.5815    0.4674142   -2.7095151    1.8488354  -0.86067972 
    6000    1.2347401   0.40196313    2475.5989   0.53764767   -3.0999346    1.8507186    -1.249216 
    7000    1.2000768   0.52336422    2250.7036   0.59137064   -3.4014377    1.7987627    -1.602675 
    8000    1.1946431   0.70322211    2116.5666   0.62884862   -3.6423255    1.7906183   -1.8517072 
    9000    1.1996434   0.67774761    2055.3198   0.64758778   -3.7710213    1.7981131   -1.9729082 
   10000    1.1867437   0.72785627    2075.4062   0.64132024   -3.6684477    1.7787781   -1.8896696 
   11000    1.1810638   0.68386389    2119.8365   0.62787862   -3.6023211    1.7702647   -1.8320564 
   12000    1.2234254   0.60883644    2112.7036   0.62999845   -3.6571859    1.8337593   -1.8234265 
   13000     1.178234   0.81899229    2080.9723   0.63960486   -3.6527959    1.7660231   -1.8867728 
   14000    1.1840877   0.84292202    2068.3687   0.64350229   -3.7198773    1.7747971   -1.9450802 
   15000    1.2165606   0.79405345    2080.3994   0.63978098   -3.6735763    1.8234698   -1.8501065 
   16000     1.239248   0.68454645     2099.475   0.63396802   -3.6490539    1.8574753   -1.7915786 
   17000    1.1933151    0.6797247    2091.0228    0.6365306   -3.6699033    1.7886278   -1.8812754 
   18000    1.1693846    0.6449233    2081.0962   0.63956678   -3.7156248    1.7527591   -1.9628657 
   19000    1.2213326   0.57191159    2085.7917     0.638127   -3.7085728    1.8306225   -1.8779503 
   20000    1.2135455   0.77345168    2114.8668   0.62935405   -3.5917682    1.8189506   -1.7728176 
   21000    1.2358932   0.72922891    2081.6176   0.63940658   -3.6797393    1.8524469   -1.8272924 
   22000    1.1710197       0.6537    2076.0659   0.64111645   -3.6984674    1.7552098   -1.9432575 
   23000    1.1697238   0.55893906     2127.274    0.6256834   -3.6275251    1.7532675   -1.8742576 
   24000     1.212584   0.48132824    2125.8028   0.62611641   -3.6419901    1.8175094   -1.8244807 
   25000    1.1545957   0.57727637     2098.383   0.63429793   -3.6519009    1.7305924   -1.9213086 
   26000    1.1915996   0.89217134    2067.5177   0.64376717   -3.6971737    1.7860566   -1.9111172 
   27000    1.2267076   0.91293473    2071.3684   0.64257038   -3.6747466    1.8386789   -1.8360677 
   28000    1.2440328   0.64602877    2115.3497   0.62921039   -3.6301111    1.8646472   -1.7654639 
   29000    1.1874899   0.68942775    2124.7028   0.62644054   -3.6089183    1.7798966   -1.8290218 
   30000    1.1575669   0.82903334    2068.3164   0.64351855   -3.6841573    1.7350458   -1.9491115 
   31000    1.2110399   0.79254061    2061.7327   0.64557351   -3.7066176     1.815195   -1.8914226 
   32000    1.2487603   0.72933054    2105.7239   0.63208667   -3.6458221    1.8717332   -1.7740889 
   33000    1.2055377    0.8360245    2109.3072   0.63101288   -3.6124779     1.806948   -1.8055299 
   34000     1.177759   0.78115752    2093.9943   0.63562733   -3.6603023    1.7653112   -1.8949911 
   35000    1.1705784   0.74616471    2051.6901   0.64873345   -3.7253577    1.7545483   -1.9708094 
   36000    1.2174357   0.85317315    2045.0834    0.6508292   -3.7394166    1.8247815   -1.9146351 
   37000    1.2541308   0.75595413    2083.5086   0.63882625   -3.6901334    1.8797828   -1.8103506 
   38000    1.1927275   0.79173671    2107.1898   0.63164693   -3.6271221    1.7877471    -1.839375 
   39000    1.1602677   0.68512017    2094.4796   0.63548005   -3.6852676    1.7390939   -1.9461737 
   40000    1.1437107   0.50519192    2076.3848   0.64101798   -3.7126904    1.7142771   -1.9984133 
   41000    1.1945957    0.6996796    2081.5036   0.63944159    -3.711798    1.7905472   -1.9212507 
   42000    1.2063644   0.80224916    2077.7579   0.64059437   -3.6731409    1.8081871   -1.8649538 
   43000     1.243597   0.55100984    2104.9694   0.63231324   -3.6663312     1.863994   -1.8023372 
   44000     1.245873   0.60210337    2127.3069   0.62567371   -3.6121281    1.8674054   -1.7447226 
   45000    1.2046824    0.7264065     2097.491   0.63456769   -3.6512679    1.8056659   -1.8456019 
   46000    1.1777172   0.55619022    2084.9835   0.63837435   -3.7028933    1.7652485   -1.9376448 
   47000    1.1618987   0.65983916    2089.3275   0.63704708   -3.6598847    1.7415386   -1.9183461 
   48000    1.2472645   0.71335572    2094.9887   0.63532563   -3.6582398    1.8694912   -1.7887486 
   49000    1.1720554   0.66160218    2115.9543   0.62903061   -3.6273676    1.7567622   -1.8706053 
   50000    1.1520678   0.52096464    2103.2996   0.63281522   -3.6808586    1.7268034   -1.9540552 
Loop time of 35.0149 on 1 procs for 50000 steps with 1331 atoms

Performance: 493503.687 tau/day, 1427.962 timesteps/s
99.5% CPU use with 1 MPI tasks x no OpenMP threads

MPI task timing breakdown:
Section |  min time  |  avg time  |  max time  |%varavg| %total
---------------------------------------------------------------
Pair    | 27.221     | 27.221     | 27.221     |   0.0 | 77.74
Neigh   | 4.4215     | 4.4215     | 4.4215     |   0.0 | 12.63
Comm    | 0.79685    | 0.79685    | 0.79685    |   0.0 |  2.28
Output  | 0.027212   | 0.027212   | 0.027212   |   0.0 |  0.08
Modify  | 2.385      | 2.385      | 2.385      |   0.0 |  6.81
Other   |            | 0.163      |            |       |  0.47

Nlocal:    1331 ave 1331 max 1331 min
Histogram: 1 0 0 0 0 0 0 0 0 0
Nghost:    2598 ave 2598 max 2598 min
Histogram: 1 0 0 0 0 0 0 0 0 0
Neighs:    38004 ave 38004 max 38004 min
Histogram: 1 0 0 0 0 0 0 0 0 0

Total # of neighbors = 38004
Ave neighs/atom = 28.553
Neighbor list builds = 2500
Dangerous builds not checked

write_restart lattice_11_11_11__2_2_2/sim1/T_1.20__P_0.70/end1.restart
Total wall time: 0:00:35
