run 50000
Neighbor list info ...
  update every 20 steps, delay 0 steps, check no
  max neighbors/atom: 2000, page size: 100000
  master list distance cutoff = 2.8
  ghost atom cutoff = 2.8
  binsize = 1.4, bins = 16 16 16
  1 neighbor lists, perpetual/occasional/extra = 1 0 0
  (1) pair lj/cut, perpetual
      attributes: half, newton on
      pair build: half/bin/atomonly/newton
      stencil: half/bin/3d/newton
      bin: standard
Per MPI rank memory allocation (min/avg/max) = 2.7 | 2.7 | 2.7 Mbytes
Step Temp Press Volume Density PotEng KinEng TotEng 
       0          0.9  0.067005321        10648        0.125  -0.13561964    1.3489857    1.2133661 
    1000    1.4474553   0.25047449    5779.6525   0.23029066   -1.2932125    2.1695518   0.87633927 
    2000    1.2475583   0.14267794    3880.3246   0.34301254   -2.0391311    1.8699315  -0.16919964 
    3000    1.1236693   0.26241152    2810.2881   0.47361693   -2.8131149    1.6842376   -1.1288772 
    4000    1.0854454   0.31766419    2165.2521   0.61470903   -3.6126125    1.6269448   -1.9856677 
    5000    1.0035285    0.8094519    1844.3081   0.72167987   -4.2214526    1.5041618   -2.7172908 
    6000   0.90655963    1.1392679    1702.3032   0.78188187   -4.6338141    1.3588178   -3.2749963 
    7000   0.89823536    1.0170609    1643.6202   0.80979778    -4.897297    1.3463407   -3.5509562 
    8000   0.87421824    1.2861381    1643.5968   0.80980929   -4.8347449    1.3103421   -3.5244028 
    9000   0.91733591    1.1882522    1674.4972   0.79486546   -4.7311306    1.3749701   -3.3561606 
   10000   0.91569601    1.1492153    1678.6773   0.79288615   -4.7326899     1.372512   -3.3601778 
   11000   0.88376302    1.2948395    1656.8456   0.80333374   -4.7897609    1.3246486   -3.4651123 
   12000   0.88209148    1.3278863    1641.2893   0.81094783   -4.8378186    1.3221431   -3.5156755 
   13000   0.88085356    1.1429989    1668.3101   0.79781332   -4.7549017    1.3202876   -3.4346141 
   14000   0.92443236    1.2517769    1672.0789   0.79601509   -4.7417606    1.3856067   -3.3561538 
   15000    0.8974211    1.1181519    1665.9742   0.79893192   -4.7887033    1.3451203    -3.443583 
   16000   0.90156438    1.1127204    1647.3167   0.80798066   -4.8521302    1.3513305   -3.5007997 
   17000   0.92433199    1.1150502     1664.157   0.79980436   -4.7931146    1.3854563   -3.4076583 
   18000   0.91096374    1.2187764    1670.6912   0.79667625   -4.7392976     1.365419   -3.3738786 
   19000   0.90275862    1.0664296     1660.111   0.80175361   -4.8238001    1.3531206   -3.4706795 
   20000   0.83553003    1.0126114    1675.6852   0.79430193   -4.7551416    1.2523534   -3.5027881 
   21000   0.91210446     1.393281    1655.2924   0.80408755   -4.7808141    1.3671288   -3.4136854 
   22000   0.89026672    1.2749281    1672.1886   0.79596284   -4.7217352    1.3343968   -3.3873384 
   23000   0.89696953    1.1301049     1673.575   0.79530346   -4.7607027    1.3444434   -3.4162592 
   24000   0.90121282    1.3576949     1643.985   0.80961809   -4.8274202    1.3508036   -3.4766166 
   25000   0.89958614    1.1382061     1651.316   0.80602382   -4.8328473    1.3483654   -3.4844819 
   26000   0.90712751    1.2524338    1671.4436    0.7963176   -4.7401249     1.359669   -3.3804559 
   27000   0.89801271    1.3571991    1668.7785   0.79758938   -4.7249715     1.346007   -3.3789645 
   28000   0.88584306    1.3281759    1654.2662   0.80458637   -4.8000373    1.3277663    -3.472271 
   29000   0.87943683   0.91702483    1665.7213   0.79905324   -4.8166835    1.3181641   -3.4985194 
   30000   0.92988984    1.2218785     1662.654   0.80052735   -4.7926466    1.3937868   -3.3988598 
   31000   0.91292392    1.2500991    1666.9114   0.79848274   -4.7503247     1.368357   -3.3819676 
   32000   0.86579388    1.0770156    1665.6133   0.79910507   -4.7917676    1.2977151   -3.4940525 
   33000    0.8866139    1.4227969     1647.971   0.80765986    -4.793594    1.3289217   -3.4646723 
   34000   0.90833468     1.134551    1663.6617   0.80004246   -4.7792496    1.3614784   -3.4177713 
   35000   0.89587412    1.0254847    1684.8269   0.78999213   -4.7413511    1.3428015   -3.3985496 
   36000   0.92333648    1.1776722    1655.1267   0.80416802   -4.8199136    1.3839641   -3.4359495 
   37000    0.8910995    1.1047978    1660.5428   0.80154514    -4.815145     1.335645      -3.4795 
   38000    0.9032861     1.236864      1668.37   0.79778467   -4.7565254    1.3539112   -3.4026142 
   39000   0.91748695     1.470206    1651.0083   0.80617401   -4.7695753    1.3751964   -3.3943789 
   40000   0.87531421   0.97070415    1679.4421   0.79252508   -4.7590329    1.3119849    -3.447048 
   41000   0.89577848    1.3899478    1667.1772   0.79835544   -4.7277174    1.3426582   -3.3850592 
   42000   0.88952246    1.3494429    1678.9478   0.79275841    -4.683398    1.3332812   -3.3501167 
   43000   0.89672566    1.3612544     1655.319   0.80407462    -4.777568    1.3440779   -3.4334901 
   44000   0.87877272    1.0174953    1665.6843   0.79907098   -4.7954989    1.3171687   -3.4783302 
   45000   0.92401756    1.2233197    1670.8704    0.7965908   -4.7549959     1.384985   -3.3700109 
   46000    0.8964276    1.3049948    1667.6014   0.79815235    -4.733593    1.3436312   -3.3899619 
   47000   0.89007881   0.93412931    1667.1661   0.79836077   -4.8167724    1.3341151   -3.4826573 
   48000   0.91676454   0.94190966    1662.5756   0.80056512   -4.8262496    1.3741136    -3.452136 
   49000   0.94694565    1.1735797    1668.3123   0.79781227   -4.7784208    1.4193513   -3.3590695 
   50000   0.90264752     1.356009    1676.2604   0.79402936   -4.6922523     1.352954   -3.3392983 
Loop time of 36.3162 on 1 procs for 50000 steps with 1331 atoms

Performance: 475821.214 tau/day, 1376.797 timesteps/s
99.9% CPU use with 1 MPI tasks x no OpenMP threads

MPI task timing breakdown:
Section |  min time  |  avg time  |  max time  |%varavg| %total
---------------------------------------------------------------
Pair    | 28.971     | 28.971     | 28.971     |   0.0 | 79.77
Neigh   | 4.4621     | 4.4621     | 4.4621     |   0.0 | 12.29
Comm    | 0.702      | 0.702      | 0.702      |   0.0 |  1.93
Output  | 0.024682   | 0.024682   | 0.024682   |   0.0 |  0.07
Modify  | 2.0071     | 2.0071     | 2.0071     |   0.0 |  5.53
Other   |            | 0.1492     |            |       |  0.41

Nlocal:    1331 ave 1331 max 1331 min
Histogram: 1 0 0 0 0 0 0 0 0 0
Nghost:    2949 ave 2949 max 2949 min
Histogram: 1 0 0 0 0 0 0 0 0 0
Neighs:    47246 ave 47246 max 47246 min
Histogram: 1 0 0 0 0 0 0 0 0 0

Total # of neighbors = 47246
Ave neighs/atom = 35.4966
Neighbor list builds = 2500
Dangerous builds not checked

write_restart lattice_11_11_11__2_2_2/sim1/T_0.90__P_1.20/end1.restart
Total wall time: 0:00:36
