run 50000
Neighbor list info ...
  update every 20 steps, delay 0 steps, check no
  max neighbors/atom: 2000, page size: 100000
  master list distance cutoff = 2.8
  ghost atom cutoff = 2.8
  binsize = 1.4, bins = 16 16 16
  1 neighbor lists, perpetual/occasional/extra = 1 0 0
  (1) pair lj/cut, perpetual
      attributes: half, newton on
      pair build: half/bin/atomonly/newton
      stencil: half/bin/3d/newton
      bin: standard
Per MPI rank memory allocation (min/avg/max) = 2.7 | 2.7 | 2.7 Mbytes
Step Temp Press Volume Density PotEng KinEng TotEng 
       0          1.2   0.10447715        10648        0.125  -0.13561964    1.7986476     1.663028 
    1000    1.6165599   0.24715873    7312.1589   0.18202558   -1.0532451    2.4230181     1.369773 
    2000    1.3731734   0.24578419    5598.3867   0.23774707   -1.3943052    2.0582125   0.66390733 
    3000    1.2589479   0.21555872    4446.3278   0.29934815   -1.7799597     1.887003    0.1070433 
    4000    1.2530528   0.22483712    3641.7869   0.36547993   -2.1839792     1.878167  -0.30581218 
    5000    1.2328721   0.18586405    3074.8565   0.43286573   -2.5528261    1.8479187  -0.70490737 
    6000     1.208467   0.36317694    2669.6519   0.49856687   -2.8721256    1.8113386   -1.0607869 
    7000    1.2140408   0.37364621    2390.7553   0.55672782   -3.2177619     1.819693   -1.3980689 
    8000    1.1904214   0.65258053    2221.4254   0.59916484   -3.4498453    1.7842905   -1.6655548 
    9000    1.1902085   0.64609031    2131.7408   0.62437235   -3.5969655    1.7839715    -1.812994 
   10000    1.2184961   0.47808469    2116.0374    0.6290059   -3.6635388    1.8263709   -1.8371678 
   11000    1.1866399   0.61404442    2139.1826   0.62220028   -3.5839823    1.7786225   -1.8053598 
   12000    1.2125422    0.5879255    2179.1479   0.61078919    -3.552139    1.8174468   -1.7346922 
   13000    1.2009062   0.65299363    2174.4812   0.61210001   -3.5181383    1.8000059   -1.7181323 
   14000     1.161329   0.61297034    2148.9393   0.61937535   -3.5418287    1.7406847    -1.801144 
   15000    1.2038435   0.73769714    2139.0678   0.62223366   -3.5785581    1.8044085   -1.7741497 
   16000    1.2062202   0.39158393    2182.1768    0.6099414   -3.5490804    1.8079709   -1.7411095 
   17000    1.2215324   0.52364698    2198.4051   0.60543893   -3.5184544    1.8309219   -1.6875325 
   18000    1.1862148   0.65437259    2193.0467   0.60691823   -3.5041876    1.7779854   -1.7262021 
   19000    1.2124735   0.69455376    2118.4862   0.62827882   -3.6414796    1.8173439   -1.8241358 
   20000    1.2195801   0.54885994    2121.5411   0.62737412   -3.6388527    1.8279957   -1.8108569 
   21000    1.1980626   0.57788508    2180.9419   0.61028679   -3.5342792    1.7957437   -1.7385356 
   22000    1.1968577   0.45185153    2218.3351   0.59999954   -3.5018082    1.7939377   -1.7078705 
   23000    1.2077601   0.36445535    2157.3356   0.61696475   -3.6245439     1.810279   -1.8142649 
   24000    1.1843712   0.74780783    2125.4098   0.62623216    -3.562303    1.7752221   -1.7870809 
   25000    1.2431615   0.76231268    2134.6944   0.62350847   -3.5810826    1.8633413   -1.7177413 
   26000    1.1977669   0.64713613    2196.5277   0.60595639   -3.4972899    1.7953005   -1.7019894 
   27000    1.1801076   0.39865691    2235.7011   0.59533897   -3.4544472    1.7688314   -1.6856158 
   28000    1.2191406   0.64542764    2120.1024   0.62779988    -3.638454    1.8273369   -1.8111171 
   29000    1.2149248   0.49723919    2130.7281   0.62466909   -3.6328988    1.8210181   -1.8118807 
   30000    1.1747875   0.64397864    2196.0271   0.60609453   -3.4747124    1.7608572   -1.7138552 
   31000    1.2150985   0.48118103    2192.2595   0.60713615   -3.5271671    1.8212783   -1.7058888 
   32000    1.1878673   0.68162548    2171.1829   0.61302989   -3.5193388    1.7804623   -1.7388765 
   33000    1.2269195   0.85351506    2106.5889   0.63182712   -3.5932121    1.8389966   -1.7542155 
   34000    1.2036172   0.70366463    2109.7356   0.63088475   -3.6246835    1.8040693   -1.8206142 
   35000    1.1931778   0.67976819     2152.423   0.61837287   -3.5461561    1.7884221    -1.757734 
   36000    1.2002709   0.40867767    2204.6798   0.60371579    -3.500997    1.7990537   -1.7019432 
   37000    1.1928874   0.56058354    2233.9911   0.59579467   -3.4280767    1.7879867     -1.64009 
   38000    1.2253107   0.47704152    2164.4569   0.61493485   -3.5800493    1.8365852   -1.7434641 
   39000    1.2119889   0.49055553    2152.7295   0.61828484    -3.582102    1.8166175   -1.7654845 
   40000    1.1996611   0.71780867    2137.4019   0.62271864   -3.5738391    1.7981396   -1.7756995 
   41000    1.1850074   0.39101214    2174.8085   0.61200792   -3.5567593    1.7761757   -1.7805836 
   42000    1.1694393   0.56087617    2204.4517   0.60377826   -3.4905161     1.752841   -1.7376751 
   43000     1.219343   0.61469026    2201.0538   0.60471035   -3.4883393    1.8276403   -1.6606991 
   44000    1.2360452   0.62266665     2148.535   0.61949187     -3.56721    1.8526749   -1.7145352 
   45000    1.1895696   0.69572077    2149.1539   0.61931349   -3.5678797    1.7830138   -1.7848659 
   46000    1.2243776   0.67971117    2176.9441   0.61140753   -3.5134673    1.8351866   -1.6782808 
   47000    1.2308593   0.53212036    2215.5823   0.60074502   -3.4780178    1.8449018    -1.633116 
   48000    1.1852752   0.58375316    2168.1375   0.61389095    -3.512962     1.776577    -1.736385 
   49000    1.1860448   0.52240461    2153.0343    0.6181973   -3.5769584    1.7777305   -1.7992279 
   50000    1.2235414   0.61924326    2129.1695   0.62512636   -3.6129263    1.8339332    -1.778993 
Loop time of 33.5924 on 1 procs for 50000 steps with 1331 atoms

Performance: 514402.106 tau/day, 1488.432 timesteps/s
99.6% CPU use with 1 MPI tasks x no OpenMP threads

MPI task timing breakdown:
Section |  min time  |  avg time  |  max time  |%varavg| %total
---------------------------------------------------------------
Pair    | 25.971     | 25.971     | 25.971     |   0.0 | 77.31
Neigh   | 4.3355     | 4.3355     | 4.3355     |   0.0 | 12.91
Comm    | 0.75199    | 0.75199    | 0.75199    |   0.0 |  2.24
Output  | 0.031882   | 0.031882   | 0.031882   |   0.0 |  0.09
Modify  | 2.3447     | 2.3447     | 2.3447     |   0.0 |  6.98
Other   |            | 0.1568     |            |       |  0.47

Nlocal:    1331 ave 1331 max 1331 min
Histogram: 1 0 0 0 0 0 0 0 0 0
Nghost:    2645 ave 2645 max 2645 min
Histogram: 1 0 0 0 0 0 0 0 0 0
Neighs:    37572 ave 37572 max 37572 min
Histogram: 1 0 0 0 0 0 0 0 0 0

Total # of neighbors = 37572
Ave neighs/atom = 28.2284
Neighbor list builds = 2500
Dangerous builds not checked

write_restart lattice_11_11_11__2_2_2/sim1/T_1.20__P_0.60/end1.restart
Total wall time: 0:00:33
