run 50000
Neighbor list info ...
  update every 20 steps, delay 0 steps, check no
  max neighbors/atom: 2000, page size: 100000
  master list distance cutoff = 2.8
  ghost atom cutoff = 2.8
  binsize = 1.4, bins = 20 20 20
  1 neighbor lists, perpetual/occasional/extra = 1 0 0
  (1) pair lj/cut, perpetual
      attributes: half, newton on
      pair build: half/bin/atomonly/newton
      stencil: half/bin/3d/newton
      bin: standard
Per MPI rank memory allocation (min/avg/max) = 2.748 | 2.748 | 2.748 Mbytes
Step Temp Press TotEng 
       0          0.9  0.052525645    1.3366567 
    1000   0.96272101  0.049207522    1.0668835 
    2000   0.88081635  0.043535838    0.8423003 
    3000   0.91653929  0.041317027   0.89091968 
    4000   0.89659946  0.040779443   0.83385824 
    5000   0.90267663  0.037538265   0.82085185 
    6000   0.92693941  0.039673343   0.86172591 
    7000   0.86969583  0.036953051   0.78914042 
    8000   0.90327202  0.040078943   0.83772245 
    9000   0.89682682  0.039666313   0.83063232 
   10000   0.86756664  0.034533168   0.79837525 
   11000   0.91831972  0.044772321   0.84896984 
   12000   0.87965251  0.033476878   0.79610613 
   13000   0.90994661  0.044699506   0.81730808 
   14000    0.8980234  0.041367514   0.80165379 
   15000    0.9121532  0.040123806   0.82018624 
   16000   0.86694277  0.035844479   0.75694087 
   17000   0.93941142  0.042878608   0.84677302 
   18000   0.86571598   0.03765373   0.77043276 
   19000   0.90388111  0.038116674   0.79347405 
   20000   0.90454226  0.043763271   0.79263791 
   21000   0.92277085  0.043364108   0.84982794 
   22000   0.88317386  0.039762864   0.77336941 
   23000   0.93592498  0.040295465   0.85498941 
   24000   0.89411386  0.040558707   0.78752519 
   25000   0.89786207  0.033440893   0.80939781 
   26000   0.91238507  0.037578709   0.81823155 
   27000   0.88226634  0.037196465   0.77625912 
   28000   0.90192035  0.039354263   0.84727667 
   29000   0.90336128  0.039662804   0.85419956 
   30000   0.88197686  0.035376951   0.78027596 
   31000   0.89691398  0.035727607   0.81124338 
   32000   0.87279857  0.031479639   0.74744283 
   33000   0.90321865  0.039434029   0.79347203 
   34000   0.90208935  0.039135764   0.78981308 
   35000   0.89760504  0.037577156   0.76657954 
   36000   0.89869736  0.034136043   0.77915434 
   37000   0.91650607  0.046725329   0.82746369 
   38000    0.8934502  0.033454273    0.7661767 
   39000   0.88844581  0.038689098   0.78462963 
   40000   0.89249243  0.038221959    0.7682588 
   41000   0.88328127   0.03538572   0.73244989 
   42000   0.90513901  0.035405797   0.77143381 
   43000   0.86488017  0.031254304   0.68293091 
   44000   0.91965394  0.039461652   0.79546822 
   45000   0.88205918  0.037935836   0.73215823 
   46000   0.87447984  0.038011623   0.73087328 
   47000   0.88749595  0.038656125   0.77056825 
   48000   0.92944465  0.039963514   0.80800368 
   49000   0.89277004  0.040301276   0.72206978 
   50000   0.91795026   0.04022162   0.77580446 
Loop time of 5.54258 on 1 procs for 50000 steps with 1331 atoms

Performance: 3117682.212 tau/day, 9021.071 timesteps/s
99.7% CPU use with 1 MPI tasks x no OpenMP threads

MPI task timing breakdown:
Section |  min time  |  avg time  |  max time  |%varavg| %total
---------------------------------------------------------------
Pair    | 3.084      | 3.084      | 3.084      |   0.0 | 55.64
Neigh   | 1.2377     | 1.2377     | 1.2377     |   0.0 | 22.33
Comm    | 0.2787     | 0.2787     | 0.2787     |   0.0 |  5.03
Output  | 0.022986   | 0.022986   | 0.022986   |   0.0 |  0.41
Modify  | 0.84035    | 0.84035    | 0.84035    |   0.0 | 15.16
Other   |            | 0.07889    |            |       |  1.42

Nlocal:    1331 ave 1331 max 1331 min
Histogram: 1 0 0 0 0 0 0 0 0 0
Nghost:    1024 ave 1024 max 1024 min
Histogram: 1 0 0 0 0 0 0 0 0 0
Neighs:    4767 ave 4767 max 4767 min
Histogram: 1 0 0 0 0 0 0 0 0 0

Total # of neighbors = 4767
Ave neighs/atom = 3.58152
Neighbor list builds = 2500
Dangerous builds not checked

write_restart NVT/sim1/T_0.90__v_17.58/end1.restart
Total wall time: 0:00:05
