run 50000
Neighbor list info ...
  update every 20 steps, delay 0 steps, check no
  max neighbors/atom: 2000, page size: 100000
  master list distance cutoff = 2.8
  ghost atom cutoff = 2.8
  binsize = 1.4, bins = 16 16 16
  1 neighbor lists, perpetual/occasional/extra = 1 0 0
  (1) pair lj/cut, perpetual
      attributes: half, newton on
      pair build: half/bin/atomonly/newton
      stencil: half/bin/3d/newton
      bin: standard
Per MPI rank memory allocation (min/avg/max) = 2.7 | 2.7 | 2.7 Mbytes
Step Temp Press Volume Density PotEng KinEng TotEng 
       0          0.2 -0.020428939        10648        0.125  -0.13561964   0.29977461   0.16415497 
    1000   0.83747465 -0.063778024    3353.4407   0.39690579   -2.5161314    1.2552682   -1.2608632 
    2000   0.72788671   0.18538805    1745.5976   0.76248959   -4.7047735    1.0910098   -3.6137638 
    3000   0.46958281    1.1954461    1431.0129   0.93011043   -5.8829922     0.703845   -5.1791471 
    4000   0.27533182    1.2711935    1358.4797   0.97977174   -6.3246263   0.41268743   -5.9119389 
    5000   0.19075715    1.3283167    1333.1625    0.9983779   -6.4917089   0.28592075   -6.2057881 
    6000   0.18367323     1.323181    1326.0258    1.0037512   -6.5464458   0.27530285   -6.2711429 
    7000   0.20856597    1.3352542    1331.8891   0.99933248   -6.5047089   0.31261391    -6.192095 
    8000    0.2105049    1.2805711    1330.2292    1.0005795   -6.5237065   0.31552011   -6.2081864 
    9000   0.18484101    1.2883414    1324.9801    1.0045434   -6.5587159    0.2770532   -6.2816627 
   10000   0.19812594    1.3280603    1328.2139    1.0020976   -6.5306567   0.29696563   -6.2336911 
   11000   0.20583731    1.3363314    1330.3974    1.0004529    -6.513469   0.30852399    -6.204945 
   12000   0.19379505    1.2542064    1326.1441    1.0036617   -6.5576555   0.29047418   -6.2671813 
   13000   0.19670344    1.3522071    1325.7867    1.0039322   -6.5443455   0.29483349    -6.249512 
   14000   0.20958673    1.3590798    1328.8804     1.001595   -6.5194913   0.31414389   -6.2053474 
   15000    0.1988726    1.2227703    1327.6049    1.0025573    -6.553219   0.29808477   -6.2551342 
   16000   0.19632965    1.1844734    1327.5469    1.0026011   -6.5628448   0.29427322   -6.2685716 
   17000    0.2099561    1.2324835    1330.0503    1.0007141   -6.5332634   0.31469754   -6.2185659 
   18000   0.20498543    1.3994405    1324.5136    1.0048972   -6.5460182   0.30724714    -6.238771 
   19000   0.19221684    1.3903964    1322.7935    1.0062039   -6.5585377   0.28810864    -6.270429 
   20000   0.20536499    1.2556866    1327.7649    1.0024365   -6.5443784   0.30781604   -6.2365623 
   21000   0.21323693    1.1198828    1329.9072    1.0008217   -6.5589826   0.31961509   -6.2393675 
   22000   0.19195707    1.1597794    1327.5311     1.002613   -6.5650147   0.28771928   -6.2772954 
   23000   0.20230752    1.3157855    1325.8778    1.0038633   -6.5527942   0.30323328    -6.249561 
   24000   0.20613479    1.4374173    1324.9123    1.0045948   -6.5365405   0.30896987   -6.2275706 
   25000   0.19604343    1.2556776    1325.8167    1.0039095   -6.5606393   0.29384421   -6.2667951 
   26000   0.19439409    1.1954113    1328.3095    1.0020255    -6.555756   0.29137205    -6.264384 
   27000   0.20206739    1.3669462    1326.8917    1.0030962   -6.5359359   0.30287336   -6.2330626 
   28000   0.19499495    1.4803462    1322.7196    1.0062601   -6.5450341   0.29227267   -6.2527614 
   29000   0.19660469    1.3285771    1324.6469    1.0047961   -6.5588143   0.29468547   -6.2641288 
   30000   0.20473825    1.2575128    1328.2359     1.002081   -6.5454739   0.30687665   -6.2385972 
   31000   0.19846705    1.3323663    1326.2276    1.0035985   -6.5449729   0.29747691   -6.2474959 
   32000   0.19303517    1.3438522    1324.3836    1.0049958   -6.5571398   0.28933521   -6.2678046 
   33000   0.20764936    1.2878943    1326.0452    1.0037365   -6.5559844   0.31124002   -6.2447444 
   34000   0.19995789    1.0867232    1331.9146   0.99931332   -6.5439563   0.29971149   -6.2442449 
   35000   0.19986603    1.1624829    1327.3174    1.0027744   -6.5668431   0.29957381   -6.2672693 
   36000   0.20127847    1.2748044    1326.2383    1.0035904   -6.5545385   0.30169087   -6.2528476 
   37000   0.20786911    1.2490883    1327.6329    1.0025362   -6.5510889    0.3115694   -6.2395195 
   38000   0.19563504    1.3381429    1325.1413    1.0044212   -6.5530212   0.29323208   -6.2597891 
   39000   0.20006773    1.2581031    1325.8662     1.003872   -6.5591764   0.29987612   -6.2593003 
   40000   0.20006608    1.2894864     1327.323    1.0027702   -6.5443518   0.29987366   -6.2444782 
   41000   0.20662996    1.2402454    1326.2418    1.0035877   -6.5637849   0.30971207   -6.2540728 
   42000   0.19810988    1.4724732    1321.6021     1.007111   -6.5536866   0.29694156    -6.256745 
   43000   0.20403441    1.4914566    1321.4662    1.0072145   -6.5545576   0.30582167    -6.248736 
   44000   0.20244342      1.23615    1326.8087    1.0031589   -6.5582117   0.30343699   -6.2547747 
   45000   0.19238082    1.2239769    1326.9478    1.0030537    -6.553762   0.28835442   -6.2654076 
   46000   0.19810722    1.2186598    1327.4481    1.0026757   -6.5546803   0.29693757   -6.2577427 
   47000   0.20642211    1.2912697    1325.4156    1.0042133   -6.5607465   0.30940054    -6.251346 
   48000   0.20098184    1.2801596    1324.9205    1.0045886   -6.5676594   0.30124626   -6.2664132 
   49000   0.19438343    1.2296218    1327.2351    1.0028367   -6.5544005   0.29135608   -6.2630444 
   50000   0.20320965    1.3168264    1325.3483    1.0042643    -6.552639   0.30458546   -6.2480536 
Loop time of 44.76 on 1 procs for 50000 steps with 1331 atoms

Performance: 386058.775 tau/day, 1117.068 timesteps/s
100.0% CPU use with 1 MPI tasks x no OpenMP threads

MPI task timing breakdown:
Section |  min time  |  avg time  |  max time  |%varavg| %total
---------------------------------------------------------------
Pair    | 36.528     | 36.528     | 36.528     |   0.0 | 81.61
Neigh   | 5.1735     | 5.1735     | 5.1735     |   0.0 | 11.56
Comm    | 0.75118    | 0.75118    | 0.75118    |   0.0 |  1.68
Output  | 0.024836   | 0.024836   | 0.024836   |   0.0 |  0.06
Modify  | 2.0501     | 2.0501     | 2.0501     |   0.0 |  4.58
Other   |            | 0.2323     |            |       |  0.52

Nlocal:    1331 ave 1331 max 1331 min
Histogram: 1 0 0 0 0 0 0 0 0 0
Nghost:    3256 ave 3256 max 3256 min
Histogram: 1 0 0 0 0 0 0 0 0 0
Neighs:    59897 ave 59897 max 59897 min
Histogram: 1 0 0 0 0 0 0 0 0 0

Total # of neighbors = 59897
Ave neighs/atom = 45.0015
Neighbor list builds = 2500
Dangerous builds not checked

write_restart lattice_11_11_11__2_2_2/sim1/T_0.20__P_1.30/end1.restart
Total wall time: 0:00:44
