run 50000
Neighbor list info ...
  update every 20 steps, delay 0 steps, check no
  max neighbors/atom: 2000, page size: 100000
  master list distance cutoff = 2.8
  ghost atom cutoff = 2.8
  binsize = 1.4, bins = 15 15 15
  1 neighbor lists, perpetual/occasional/extra = 1 0 0
  (1) pair lj/cut, perpetual
      attributes: half, newton on
      pair build: half/bin/atomonly/newton
      stencil: half/bin/3d/newton
      bin: standard
Per MPI rank memory allocation (min/avg/max) = 2.75 | 2.75 | 2.75 Mbytes
Step Temp Press TotEng 
       0          1.8    0.1933048    2.4188329 
    1000    1.8761113   0.28799915    1.8787826 
    2000    1.7472083   0.22689267    1.6768901 
    3000    1.8517009   0.26669307     1.850939 
    4000    1.7431339    0.2742923    1.6869509 
    5000    1.8290776   0.28187918    1.8281501 
    6000    1.7164853   0.27178733    1.6461691 
    7000    1.7899187   0.25529008    1.7438638 
    8000    1.8176231   0.25833547    1.7701477 
    9000      1.73239   0.23906715    1.6389113 
   10000    1.8537569   0.28436831    1.8303798 
   11000      1.80652    0.2369779    1.7363076 
   12000    1.8714709   0.27891934     1.885373 
   13000    1.8033911    0.2862699    1.7821706 
   14000     1.790122   0.25889106    1.7290525 
   15000    1.8676088   0.31044429    1.8735725 
   16000    1.7489803   0.24366771    1.6771472 
   17000    1.8515803   0.25584697    1.7909357 
   18000    1.7071747   0.22148922    1.5748048 
   19000    1.8030183    0.2680841    1.7379566 
   20000    1.8291025   0.25897474    1.7836864 
   21000     1.728496   0.25544468    1.6484973 
   22000     1.844079   0.28990148    1.8441819 
   23000    1.7776281   0.27087236     1.733974 
   24000     1.842868   0.28775521     1.820878 
   25000     1.808674   0.27461115     1.780067 
   26000    1.8031785   0.25446711    1.7700587 
   27000    1.7993656   0.25780787    1.7570799 
   28000    1.7565756   0.25902005    1.7209205 
   29000    1.7886873   0.28509924    1.7775428 
   30000    1.7761629   0.25933761    1.7384574 
   31000    1.7922866   0.26662709     1.770972 
   32000    1.8095637   0.27262302    1.7547214 
   33000    1.7836651    0.2675528     1.723934 
   34000    1.8093183   0.26585183    1.7737161 
   35000    1.7661565   0.28149103    1.7127424 
   36000     1.832552   0.28254387    1.8291562 
   37000      1.75809    0.2558429    1.6878736 
   38000    1.8409339   0.28193507    1.8168066 
   39000    1.8025527   0.27248278    1.7911581 
   40000    1.7589539   0.28881861    1.7351766 
   41000    1.8450455    0.2576811    1.8072373 
   42000    1.7630302   0.25121289    1.6833694 
   43000    1.8307793   0.27126509    1.8015572 
   44000     1.791443    0.2569499    1.7307763 
   45000    1.8814055   0.28626893    1.9051335 
   46000    1.7389101   0.27285359    1.6991336 
   47000    1.8346394   0.25690474    1.7963416 
   48000    1.7321405   0.27210419    1.6812697 
   49000    1.8298443    0.2792025    1.8008721 
   50000    1.7851561   0.25582758    1.7379711 
Loop time of 10.6128 on 1 procs for 50000 steps with 1331 atoms

Performance: 1628228.648 tau/day, 4711.310 timesteps/s
99.8% CPU use with 1 MPI tasks x no OpenMP threads

MPI task timing breakdown:
Section |  min time  |  avg time  |  max time  |%varavg| %total
---------------------------------------------------------------
Pair    | 6.9503     | 6.9503     | 6.9503     |   0.0 | 65.49
Neigh   | 2.2883     | 2.2883     | 2.2883     |   0.0 | 21.56
Comm    | 0.40658    | 0.40658    | 0.40658    |   0.0 |  3.83
Output  | 0.022803   | 0.022803   | 0.022803   |   0.0 |  0.21
Modify  | 0.84792    | 0.84792    | 0.84792    |   0.0 |  7.99
Other   |            | 0.09684    |            |       |  0.91

Nlocal:    1331 ave 1331 max 1331 min
Histogram: 1 0 0 0 0 0 0 0 0 0
Nghost:    1467 ave 1467 max 1467 min
Histogram: 1 0 0 0 0 0 0 0 0 0
Neighs:    10206 ave 10206 max 10206 min
Histogram: 1 0 0 0 0 0 0 0 0 0

Total # of neighbors = 10206
Ave neighs/atom = 7.66792
Neighbor list builds = 2500
Dangerous builds not checked

write_restart NVT/sim1/T_1.80__v_5.83/end1.restart
Total wall time: 0:00:10
