run 50000
Neighbor list info ...
  update every 20 steps, delay 0 steps, check no
  max neighbors/atom: 2000, page size: 100000
  master list distance cutoff = 2.8
  ghost atom cutoff = 2.8
  binsize = 1.4, bins = 16 16 16
  1 neighbor lists, perpetual/occasional/extra = 1 0 0
  (1) pair lj/cut, perpetual
      attributes: half, newton on
      pair build: half/bin/atomonly/newton
      stencil: half/bin/3d/newton
      bin: standard
Per MPI rank memory allocation (min/avg/max) = 2.7 | 2.7 | 2.7 Mbytes
Step Temp Press Volume Density PotEng KinEng TotEng 
       0          0.7  0.042024104        10648        0.125  -0.13561964    1.0492111   0.91359148 
    1000    1.2008532   0.16383445    5804.9002   0.22928904    -1.360768    1.7999265   0.43915848 
    2000    1.0295908  0.037086494    3870.8819   0.34384929   -2.2170547    1.5432259  -0.67382884 
    3000   0.92072037 -0.057289465    2746.0781   0.48469124   -3.0656613    1.3800429   -1.6856183 
    4000   0.89484866   0.18512665    2066.8641   0.64397075   -3.9471558    1.3412645   -2.6058913 
    5000   0.82302692   0.73812379    1727.6235   0.77042247   -4.6236569    1.2336129    -3.390044 
    6000   0.74037828    0.8267007     1603.373   0.83012501   -5.0911679     1.109733   -3.9814349 
    7000    0.6903725   0.71340039    1552.5494   0.85729961   -5.3359431    1.0347807   -4.3011623 
    8000   0.68058261   0.82588127    1549.7615   0.85884185   -5.3322023    1.0201069   -4.3120954 
    9000   0.71306269   0.85410667    1572.3746   0.84649038   -5.2255949    1.0687904   -4.1568045 
   10000   0.71215463   0.95715243    1569.5097   0.84803555   -5.2260755    1.0674294   -4.1586462 
   11000   0.67930376    0.8720564    1557.1402   0.85477208   -5.2767761    1.0181901    -4.258586 
   12000   0.68815932   0.96444102    1549.0276   0.85924872   -5.3049424    1.0314634    -4.273479 
   13000   0.71145156   0.85800914    1564.6986   0.85064305   -5.2580086    1.0663756   -4.1916331 
   14000   0.72183042    0.9233471    1567.1694   0.84930194   -5.2394407    1.0819321   -4.1575086 
   15000   0.67974355    1.0780007     1557.726   0.85445068   -5.2397687    1.0188493   -4.2209195 
   16000   0.69744357   0.93561376    1553.2041   0.85693822   -5.2964668    1.0453794   -4.2510875 
   17000   0.70613648   0.75664088    1567.1074   0.84933552   -5.2666971    1.0584089   -4.2082882 
   18000   0.72598816     0.828232    1565.4463   0.85023676   -5.2483744    1.0881641   -4.1602103 
   19000   0.68340488   0.71938068    1570.5885   0.84745306   -5.2511574    1.0243371   -4.2268202 
   20000   0.72822009   0.92353957    1544.8767   0.86155742   -5.3400585    1.0915094   -4.2485491 
   21000   0.70165256   0.63697578    1568.7058   0.84847013   -5.2708816    1.0516881   -4.2191935 
   22000   0.70787927   0.87998329    1564.1259   0.85095453   -5.2474639    1.0610211   -4.1864428 
   23000   0.69499543    1.0874631    1552.3433   0.85741345   -5.2712394    1.0417099   -4.2295295 
   24000   0.66882349   0.96713453    1558.1428   0.85422209   -5.2554054    1.0024815   -4.2529239 
   25000   0.71787464   0.85728254    1560.0687   0.85316758   -5.2792002    1.0760029   -4.2031973 
   26000   0.70636081   0.78751327    1571.2987   0.84707003   -5.2297113    1.0587452   -4.1709662 
   27000   0.70895596   0.86458965     1561.206   0.85254605   -5.2825711     1.062635   -4.2199361 
   28000   0.69041137    1.1450239    1548.6091   0.85948092   -5.2771688     1.034839   -4.2423298 
   29000   0.70294102   0.70007745    1574.7648   0.84520557   -5.2350042    1.0536193   -4.1813849 
   30000     0.711374   0.87458341    1566.8815   0.84945798   -5.2366615    1.0662593   -4.1704022 
   31000   0.69207763    1.0080716    1558.3866   0.85408848   -5.2571837    1.0373365   -4.2198473 
   32000   0.68379901   0.67836842    1568.9156   0.84835666   -5.2677118    1.0249279   -4.2427839 
   33000   0.70644819   0.90389983    1560.8924   0.85271733   -5.2598248    1.0588761   -4.2009487 
   34000   0.71809006   0.66315976    1575.7396   0.84468274   -5.2354094    1.0763258   -4.1590836 
   35000   0.72242601   0.90368941    1559.3948   0.85353628   -5.2703652    1.0828249   -4.1875404 
   36000   0.69748071   0.78633605    1556.8113   0.85495268   -5.3004582     1.045435   -4.2550232 
   37000   0.70073333   0.83134395     1559.447   0.85350767   -5.2843744    1.0503103   -4.2340642 
   38000   0.70734048   0.65825703    1567.5662   0.84908695   -5.2855103    1.0602136   -4.2252967 
   39000   0.70646029    1.2296604    1552.3475   0.85741112    -5.256111    1.0588943   -4.1972167 
   40000   0.69149041    0.7658196    1571.8594   0.84676784   -5.2328348    1.0364563   -4.1963785 
   41000   0.69030465   0.83090116    1564.0907   0.85097369   -5.2622997     1.034679   -4.2276207 
   42000   0.71049232   0.79978143    1559.2378   0.85362218   -5.3003421    1.0649378   -4.2354044 
   43000   0.71937445   0.78633876    1571.1598   0.84714488   -5.2363634     1.078251   -4.1581124 
   44000   0.70139588   0.85442476    1567.7372   0.84899434   -5.2445938    1.0513034   -4.1932905 
   45000   0.70129664   0.77520763    1557.4238   0.85461647   -5.3057688    1.0511546   -4.2546142 
   46000   0.67292889    0.7828629    1566.3681   0.84973643   -5.2631421     1.008635   -4.2545072 
   47000   0.72275694    1.2082071    1553.9785   0.85651122   -5.2480869    1.0833209    -4.164766 
   48000   0.66795701   0.76270696    1576.1428   0.84446662   -5.2069835    1.0011828   -4.2058007 
   49000   0.69546288    1.0182467    1551.5865   0.85783166   -5.2893942    1.0424105   -4.2469837 
   50000   0.69616045   0.84750114    1560.2992   0.85304152   -5.2760131    1.0434561    -4.232557 
Loop time of 38.1496 on 1 procs for 50000 steps with 1331 atoms

Performance: 452953.231 tau/day, 1310.629 timesteps/s
99.9% CPU use with 1 MPI tasks x no OpenMP threads

MPI task timing breakdown:
Section |  min time  |  avg time  |  max time  |%varavg| %total
---------------------------------------------------------------
Pair    | 30.609     | 30.609     | 30.609     |   0.0 | 80.23
Neigh   | 4.5218     | 4.5218     | 4.5218     |   0.0 | 11.85
Comm    | 0.73684    | 0.73684    | 0.73684    |   0.0 |  1.93
Output  | 0.023569   | 0.023569   | 0.023569   |   0.0 |  0.06
Modify  | 2.0533     | 2.0533     | 2.0533     |   0.0 |  5.38
Other   |            | 0.2055     |            |       |  0.54

Nlocal:    1331 ave 1331 max 1331 min
Histogram: 1 0 0 0 0 0 0 0 0 0
Nghost:    3017 ave 3017 max 3017 min
Histogram: 1 0 0 0 0 0 0 0 0 0
Neighs:    50520 ave 50520 max 50520 min
Histogram: 1 0 0 0 0 0 0 0 0 0

Total # of neighbors = 50520
Ave neighs/atom = 37.9564
Neighbor list builds = 2500
Dangerous builds not checked

write_restart lattice_11_11_11__2_2_2/sim1/T_0.70__P_0.90/end1.restart
Total wall time: 0:00:38
