run 50000
Neighbor list info ...
  update every 20 steps, delay 0 steps, check no
  max neighbors/atom: 2000, page size: 100000
  master list distance cutoff = 2.8
  ghost atom cutoff = 2.8
  binsize = 1.4, bins = 20 20 20
  1 neighbor lists, perpetual/occasional/extra = 1 0 0
  (1) pair lj/cut, perpetual
      attributes: half, newton on
      pair build: half/bin/atomonly/newton
      stencil: half/bin/3d/newton
      bin: standard
Per MPI rank memory allocation (min/avg/max) = 2.748 | 2.748 | 2.748 Mbytes
Step Temp Press TotEng 
       0          0.2  0.010114931   0.28744555 
    1000   0.34760736 0.0013413377  0.062794158 
    2000   0.34884016 4.3371522e-05  -0.34422732 
    3000    0.3673812 0.0034756179   -0.8638167 
    4000   0.37508694 -0.0064311686   -1.4731406 
    5000   0.34373754 -0.0019224626   -2.0722132 
    6000   0.27177505 0.0011348709    -2.554216 
    7000   0.23550718 -0.0028989787   -2.8874055 
    8000    0.2124359 -0.0010723741   -3.1034659 
    9000   0.18967545 -0.0063432097   -3.2079284 
   10000    0.2010704 0.0038852707   -3.1996981 
   11000   0.20682614 0.0011738357   -3.1866542 
   12000   0.19413286 -0.0073305064   -3.2481038 
   13000   0.18851117 -0.0026815326   -3.2761404 
   14000   0.21142662 -0.002853011   -3.2449177 
   15000   0.20334688 0.00067636906   -3.2717922 
   16000   0.19582614 -0.0063175331   -3.3327231 
   17000   0.20211411 0.0028330414   -3.3209092 
   18000   0.20646362 -0.0062547564   -3.2923769 
   19000   0.19584524 0.0028799722   -3.3191099 
   20000   0.20179256 -0.0029386325   -3.3304725 
   21000   0.20776255 -0.0058041171   -3.3150794 
   22000   0.20431416 0.0024381081   -3.3293754 
   23000    0.1939881 0.0019090378   -3.3533529 
   24000   0.19363974 -0.0041391388   -3.3620621 
   25000   0.20785126 0.00033318419   -3.3446723 
   26000   0.20843422 0.0011164034   -3.3350203 
   27000   0.19495461 1.5180676e-05   -3.3667845 
   28000   0.19243044 -0.0020795278   -3.3929879 
   29000   0.19762827 0.0021961771   -3.3864321 
   30000   0.20306901 0.0046628109    -3.379268 
   31000   0.20051437 0.00020369917   -3.3999231 
   32000   0.20128219 -0.0035392566   -3.4072167 
   33000   0.20513416 -0.0096737908     -3.39464 
   34000    0.1973212 0.00067885903   -3.3997593 
   35000   0.20536962 -0.0021364361   -3.4172441 
   36000   0.20046466 0.0025174716    -3.416732 
   37000   0.20173131 0.0043328586   -3.3971008 
   38000   0.20530633 0.00071595272   -3.4004032 
   39000   0.19888438 -0.0066319784   -3.4225915 
   40000   0.18956424 -0.00046296866   -3.4372634 
   41000   0.19663997 -0.00049710493   -3.4386086 
   42000     0.213407 -0.0015205008   -3.4389323 
   43000   0.19625914 -0.0021366725   -3.4877712 
   44000   0.19023474 -0.0069254524   -3.5066013 
   45000   0.20305039 -0.0012545274   -3.4723665 
   46000   0.20689555 0.0047565656   -3.4750443 
   47000   0.19534097 3.1986766e-05   -3.5256928 
   48000    0.1920775 0.0058295724   -3.5538115 
   49000   0.20625488 1.5576381e-05   -3.5581739 
   50000   0.20041529 0.0020237464   -3.6064668 
Loop time of 14.796 on 1 procs for 50000 steps with 1331 atoms

Performance: 1167881.560 tau/day, 3379.287 timesteps/s
99.7% CPU use with 1 MPI tasks x no OpenMP threads

MPI task timing breakdown:
Section |  min time  |  avg time  |  max time  |%varavg| %total
---------------------------------------------------------------
Pair    | 11.607     | 11.607     | 11.607     |   0.0 | 78.44
Neigh   | 1.5981     | 1.5981     | 1.5981     |   0.0 | 10.80
Comm    | 0.36347    | 0.36347    | 0.36347    |   0.0 |  2.46
Output  | 0.035269   | 0.035269   | 0.035269   |   0.0 |  0.24
Modify  | 1.0876     | 1.0876     | 1.0876     |   0.0 |  7.35
Other   |            | 0.1049     |            |       |  0.71

Nlocal:    1331 ave 1331 max 1331 min
Histogram: 1 0 0 0 0 0 0 0 0 0
Nghost:    1169 ave 1169 max 1169 min
Histogram: 1 0 0 0 0 0 0 0 0 0
Neighs:    20148 ave 20148 max 20148 min
Histogram: 1 0 0 0 0 0 0 0 0 0

Total # of neighbors = 20148
Ave neighs/atom = 15.1375
Neighbor list builds = 2500
Dangerous builds not checked

write_restart NVT/sim1/T_0.20__v_17.58/end1.restart
Total wall time: 0:00:14
