run 50000
Neighbor list info ...
  update every 20 steps, delay 0 steps, check no
  max neighbors/atom: 2000, page size: 100000
  master list distance cutoff = 2.8
  ghost atom cutoff = 2.8
  binsize = 1.4, bins = 16 16 16
  1 neighbor lists, perpetual/occasional/extra = 1 0 0
  (1) pair lj/cut, perpetual
      attributes: half, newton on
      pair build: half/bin/atomonly/newton
      stencil: half/bin/3d/newton
      bin: standard
Per MPI rank memory allocation (min/avg/max) = 2.7 | 2.7 | 2.7 Mbytes
Step Temp Press Volume Density PotEng KinEng TotEng 
       0            1  0.079495929        10648        0.125  -0.13561964     1.498873    1.3632534 
    1000    1.5079011   0.24494761    6392.1023    0.2082257   -1.2057953    2.2601524    1.0543571 
    2000    1.2828542   0.24834648     4525.027   0.29414189   -1.7651439    1.9228356   0.15769164 
    3000    1.1740463   0.15163151    3404.2879   0.39097751   -2.3995309    1.7597464  -0.63978451 
    4000    1.0998631  0.057350377    2668.0721   0.49886209   -2.9668272    1.6485551   -1.3182721 
    5000    1.0987809   0.32608365    2191.3897   0.60737713   -3.5706573     1.646933   -1.9237243 
    6000    1.0572442   0.67381946    1921.3401   0.69274565   -4.0667414    1.5846748   -2.4820665 
    7000    0.9795298   0.90868632    1806.4714   0.73679549    -4.341691    1.4681908   -2.8735002 
    8000   0.97824767   0.83473987     1761.154   0.75575445   -4.4947446     1.466269   -3.0284756 
    9000   0.99919488    1.0752119    1776.1365   0.74937933   -4.4092759    1.4976663   -2.9116096 
   10000    1.0150735   0.85564821    1814.1734   0.73366745   -4.3205909    1.5214664   -2.7991245 
   11000    1.0263419   0.78207293    1802.9247   0.73824492   -4.3942038    1.5383561   -2.8558477 
   12000   0.97550887    0.8889653    1782.6482   0.74664201   -4.4199474    1.4621639   -2.9577834 
   13000    1.0081596    1.0588787    1788.3295   0.74426999   -4.3892728    1.5111033   -2.8781695 
   14000    1.0263403   0.97782446    1807.3141   0.73645195   -4.3381223    1.5383538   -2.7997684 
   15000     1.017259   0.81390602    1795.2154   0.74141519   -4.3912823    1.5247421   -2.8665402 
   16000   0.97445958   0.83027942    1788.1447   0.74434693   -4.4150264    1.4605912   -2.9544352 
   17000   0.96945879   0.93409154     1798.693   0.73998175   -4.3651576    1.4530956    -2.912062 
   18000    1.0004157    1.1364494    1800.6958   0.73915871   -4.3183267    1.4994961   -2.8188306 
   19000     1.004037    1.0389986    1795.6891   0.74121961   -4.3413381     1.504924    -2.836414 
   20000    1.0189824    1.0535159    1769.3235   0.75226491   -4.4261173    1.5273252   -2.8987921 
   21000    1.0068338   0.90900774     1773.757   0.75038464   -4.4458153    1.5091161   -2.9366992 
   22000    0.9921042     1.030638    1794.3362   0.74177849   -4.3450436    1.4870382   -2.8580054 
   23000    1.0046466   0.83866156    1805.5711   0.73716287   -4.3472255    1.5058377   -2.8413878 
   24000   0.99029405   0.95995155     1791.444   0.74297608    -4.378466     1.484325    -2.894141 
   25000   0.97966612   0.83997088    1778.0584   0.74856933    -4.425622    1.4683951   -2.9572268 
   26000    1.0135077     0.927916    1786.9083   0.74486193   -4.4009536    1.5191193   -2.8818344 
   27000    1.0346735    1.0931817     1782.565   0.74667682   -4.3795275    1.5508442   -2.8286833 
   28000     1.014112    1.2408992    1764.9182    0.7541426   -4.4071839    1.5200252   -2.8871587 
   29000   0.99652811   0.99310324    1773.9547     0.750301   -4.4240994    1.4936691   -2.9304304 
   30000    0.9896562   0.97625008    1792.2072   0.74265967   -4.3710038     1.483369   -2.8876348 
   31000    1.0126778   0.84809175    1789.8405   0.74364168   -4.4141498    1.5178754   -2.8962744 
   32000    0.9809733    0.9308188    1779.3486   0.74802654   -4.4173878    1.4703544   -2.9470334 
   33000   0.99731803   0.87682302    1784.4305   0.74589626   -4.4132696    1.4948531   -2.9184165 
   34000    1.0027401   0.85884688    1810.3168   0.73523044   -4.3373709    1.5029801   -2.8343908 
   35000   0.98374992     1.076082    1801.8039   0.73870415     -4.33713    1.4745162   -2.8626137 
   36000   0.97775886    1.3917035    1760.7192    0.7559411   -4.4080849    1.4655364   -2.9425485 
   37000    1.0324896   0.97746424    1785.0154   0.74565182   -4.4076878    1.5475708    -2.860117 
   38000   0.99814204   0.85485995    1803.0553   0.73819145   -4.3702339    1.4960882   -2.8741457 
   39000   0.96018723   0.93359561    1775.2857   0.74973846   -4.4313824    1.4391987   -2.9921836 
   40000   0.97495311   0.80213344    1789.8851   0.74362316   -4.4179573    1.4613309   -2.9566264 
   41000   0.99321152    0.9333696     1798.652   0.73999862   -4.3765995     1.488698   -2.8879015 
   42000   0.98834762    0.8190162    1806.3376    0.7368501   -4.3744525    1.4814076   -2.8930449 
   43000   0.95810495   0.89893519    1781.5919   0.74708467   -4.4310275    1.4360777   -2.9949499 
   44000   0.98930304   0.85256191    1795.4741   0.74130837   -4.3882275    1.4828396   -2.9053879 
   45000     0.977724     0.824161    1808.9628   0.73578073   -4.3571741    1.4654841   -2.8916899 
   46000   0.99375995    0.6953333    1826.2111    0.7288314   -4.3249096      1.48952   -2.8353896 
   47000   0.99609869   0.70182005    1834.1467   0.72567806   -4.3033347    1.4930255   -2.8103092 
   48000     1.003354   0.81447685    1786.1919   0.74516071   -4.4235257    1.5039002   -2.9196256 
   49000    1.0025542   0.72812919    1792.4502   0.74255899   -4.4087624    1.5027014    -2.906061 
   50000   0.99800967    1.0843602    1802.1117   0.73857798    -4.308379    1.4958898   -2.8124893 
Loop time of 34.8021 on 1 procs for 50000 steps with 1331 atoms

Performance: 496522.176 tau/day, 1436.696 timesteps/s
99.9% CPU use with 1 MPI tasks x no OpenMP threads

MPI task timing breakdown:
Section |  min time  |  avg time  |  max time  |%varavg| %total
---------------------------------------------------------------
Pair    | 27.415     | 27.415     | 27.415     |   0.0 | 78.78
Neigh   | 4.4424     | 4.4424     | 4.4424     |   0.0 | 12.76
Comm    | 0.70047    | 0.70047    | 0.70047    |   0.0 |  2.01
Output  | 0.026596   | 0.026596   | 0.026596   |   0.0 |  0.08
Modify  | 2.0744     | 2.0744     | 2.0744     |   0.0 |  5.96
Other   |            | 0.1428     |            |       |  0.41

Nlocal:    1331 ave 1331 max 1331 min
Histogram: 1 0 0 0 0 0 0 0 0 0
Nghost:    2822 ave 2822 max 2822 min
Histogram: 1 0 0 0 0 0 0 0 0 0
Neighs:    44176 ave 44176 max 44176 min
Histogram: 1 0 0 0 0 0 0 0 0 0

Total # of neighbors = 44176
Ave neighs/atom = 33.1901
Neighbor list builds = 2500
Dangerous builds not checked

write_restart lattice_11_11_11__2_2_2/sim1/T_1.00__P_0.90/end1.restart
Total wall time: 0:00:34
