run 50000
Neighbor list info ...
  update every 20 steps, delay 0 steps, check no
  max neighbors/atom: 2000, page size: 100000
  master list distance cutoff = 2.8
  ghost atom cutoff = 2.8
  binsize = 1.4, bins = 16 16 16
  1 neighbor lists, perpetual/occasional/extra = 1 0 0
  (1) pair lj/cut, perpetual
      attributes: half, newton on
      pair build: half/bin/atomonly/newton
      stencil: half/bin/3d/newton
      bin: standard
Per MPI rank memory allocation (min/avg/max) = 2.7 | 2.7 | 2.7 Mbytes
Step Temp Press Volume Density PotEng KinEng TotEng 
       0          0.1 -0.032919548        10648        0.125  -0.13561964    0.1498873  0.014267664 
    1000   0.61558741  -0.16559989    3818.1998    0.3485936   -2.5235187   0.92268737   -1.6008314 
    2000   0.50330712  -0.27336468    1874.6381   0.71000372   -4.8709546   0.75439347   -4.1165611 
    3000   0.30158962   0.37424691    1417.5497   0.93894414   -6.1268175   0.45204454    -5.674773 
    4000   0.15554485    0.3876192    1352.4354   0.98415049   -6.5161694   0.23314198   -6.2830275 
    5000  0.098294772   0.40654008    1334.3005   0.99752641   -6.6379816   0.14733138   -6.4906502 
    6000  0.088157641   0.38579898    1330.9837    1.0000123   -6.6673877   0.13213711   -6.5352506 
    7000   0.10589994   0.41229777    1333.1776   0.99836661   -6.6459497   0.15873057   -6.4872191 
    8000   0.10486446    0.3744858    1331.9095   0.99931716   -6.6627377    0.1571785   -6.5055592 
    9000  0.092238222   0.38244798    1327.0296    1.0029919   -6.6948644   0.13825338    -6.556611 
   10000  0.099724711   0.41955053    1327.5294    1.0026144   -6.6851701   0.14947468   -6.5356954 
   11000   0.10736185   0.36490962    1329.4764     1.001146   -6.6799547   0.16092179   -6.5190329 
   12000  0.093405609   0.37218172    1326.4488    1.0034312   -6.7034364   0.14000315   -6.5634333 
   13000  0.098301385   0.39243571     1326.433    1.0034431   -6.6977534   0.14734129   -6.5504121 
   14000   0.10990242   0.32566222    1329.5649    1.0010794   -6.6868997   0.16472977     -6.52217 
   15000  0.095527601   0.43256305    1324.6244    1.0048131    -6.703367   0.14318374   -6.5601832 
   16000  0.095087548   0.50354077    1322.1957    1.0066589   -6.7090327   0.14252416   -6.5665085 
   17000   0.10559782   0.30721707    1328.4851    1.0018931   -6.6960922   0.15827772   -6.5378145 
   18000  0.095269409   0.40006533     1324.524    1.0048893   -6.7070983   0.14279675   -6.5643015 
   19000  0.096595383   0.47833139    1320.9045    1.0076429   -6.7236485   0.14478421   -6.5788643 
   20000   0.10767152   0.48310554    1323.0464    1.0060116   -6.7090397   0.16138593   -6.5476537 
   21000   0.10147996   0.38805385    1324.6936    1.0047606   -6.7127285   0.15210558   -6.5606229 
   22000  0.095904242   0.33712351    1323.9175    1.0053496     -6.72755   0.14374828   -6.5838018 
   23000   0.10417366   0.37666926    1324.5575    1.0048639   -6.7146508   0.15614309   -6.5585077 
   24000   0.10455523   0.42256778    1323.3621    1.0057716   -6.7158205   0.15671502   -6.5591054 
   25000  0.095779901   0.41758418    1321.7315    1.0070124   -6.7270184   0.14356191   -6.5834565 
   26000  0.099875968   0.37820527    1324.2591    1.0050903     -6.71466    0.1497014   -6.5649586 
   27000   0.10204408   0.37782116    1325.2503    1.0043386   -6.7094023   0.15295111   -6.5564512 
   28000  0.090282516   0.26879658    1326.6415    1.0032854   -6.7166463   0.13532203   -6.5813243 
   29000   0.10157476   0.49163235    1320.7917    1.0077289   -6.7215119   0.15224767   -6.5692642 
   30000   0.10238653   0.49043948    1322.6652    1.0063015   -6.7090557    0.1534644   -6.5555913 
   31000  0.095529138   0.36765332    1323.7907    1.0054459   -6.7216598   0.14318605   -6.5784738 
   32000  0.099404461   0.35075176    1323.7184    1.0055009   -6.7272553   0.14899467   -6.5782607 
   33000   0.10358532    0.4425007    1323.4073    1.0057373   -6.7140345   0.15526124   -6.5587732 
   34000  0.099317714   0.41020972    1322.7854    1.0062101   -6.7218216   0.14886464    -6.572957 
   35000  0.095380931   0.34336856    1323.6352     1.005564   -6.7244772    0.1429639   -6.5815133 
   36000   0.10192103   0.39967029     1324.259    1.0050904   -6.7140453   0.15276668   -6.5612786 
   37000   0.10330741   0.46348563    1321.7331    1.0070111   -6.7221411   0.15484469   -6.5672964 
   38000  0.095085773   0.37645514    1323.2255    1.0058754    -6.725353    0.1425215   -6.5828315 
   39000    0.1025652   0.23079214    1327.3761    1.0027301   -6.7196363   0.15373221   -6.5659041 
   40000   0.10428865    0.4313445    1322.7998    1.0061992   -6.7200595   0.15631544   -6.5637441 
   41000   0.09663377   0.47443462    1320.7946    1.0077267   -6.7258597   0.14484175   -6.5810179 
   42000  0.098995278   0.40060885    1323.6102    1.0055831   -6.7174825   0.14838135   -6.5691012 
   43000   0.10243944   0.39151595    1324.3439    1.0050259   -6.7151795   0.15354371   -6.5616358 
   44000  0.094594224   0.45068494    1321.7425     1.007004   -6.7215764   0.14178473   -6.5797917 
   45000  0.098899648   0.33740131    1324.5837     1.004844   -6.7217217   0.14823801   -6.5734837 
   46000   0.10317556   0.28526806    1326.7939    1.0031701   -6.7161965   0.15464706   -6.5615495 
   47000   0.10036767   0.47827765    1320.6255    1.0078557   -6.7269963   0.15043839   -6.5765579 
   48000  0.098278049   0.44258589     1322.153    1.0066913   -6.7234017   0.14730632   -6.5760954 
   49000   0.10161999   0.43333907    1323.2707     1.005841   -6.7135852   0.15231546   -6.5612698 
   50000  0.097688605   0.40100258    1322.8776    1.0061399   -6.7208754   0.14642282   -6.5744526 
Loop time of 44.6186 on 1 procs for 50000 steps with 1331 atoms

Performance: 387282.362 tau/day, 1120.609 timesteps/s
100.0% CPU use with 1 MPI tasks x no OpenMP threads

MPI task timing breakdown:
Section |  min time  |  avg time  |  max time  |%varavg| %total
---------------------------------------------------------------
Pair    | 36.383     | 36.383     | 36.383     |   0.0 | 81.54
Neigh   | 5.172      | 5.172      | 5.172      |   0.0 | 11.59
Comm    | 0.75463    | 0.75463    | 0.75463    |   0.0 |  1.69
Output  | 0.024546   | 0.024546   | 0.024546   |   0.0 |  0.06
Modify  | 2.0618     | 2.0618     | 2.0618     |   0.0 |  4.62
Other   |            | 0.2222     |            |       |  0.50

Nlocal:    1331 ave 1331 max 1331 min
Histogram: 1 0 0 0 0 0 0 0 0 0
Nghost:    3255 ave 3255 max 3255 min
Histogram: 1 0 0 0 0 0 0 0 0 0
Neighs:    59749 ave 59749 max 59749 min
Histogram: 1 0 0 0 0 0 0 0 0 0

Total # of neighbors = 59749
Ave neighs/atom = 44.8903
Neighbor list builds = 2500
Dangerous builds not checked

write_restart lattice_11_11_11__2_2_2/sim1/T_0.10__P_0.40/end1.restart
Total wall time: 0:00:44
