run 50000
Neighbor list info ...
  update every 20 steps, delay 0 steps, check no
  max neighbors/atom: 2000, page size: 100000
  master list distance cutoff = 2.8
  ghost atom cutoff = 2.8
  binsize = 1.4, bins = 21 21 21
  1 neighbor lists, perpetual/occasional/extra = 1 0 0
  (1) pair lj/cut, perpetual
      attributes: half, newton on
      pair build: half/bin/atomonly/newton
      stencil: half/bin/3d/newton
      bin: standard
Per MPI rank memory allocation (min/avg/max) = 2.731 | 2.731 | 2.731 Mbytes
Step Temp Press TotEng 
       0          0.8  0.041823895    1.1867694 
    1000   0.86796558  0.039637512   0.94881524 
    2000   0.79297602  0.026802994   0.73178034 
    3000   0.79429233  0.032202646   0.70314861 
    4000    0.8324056  0.038792427    0.7470542 
    5000   0.80303996  0.027212487   0.65686959 
    6000   0.80420815  0.032923634    0.6935445 
    7000   0.79183419  0.034939284   0.68449251 
    8000   0.78487769   0.03031741   0.63690187 
    9000   0.82663766  0.030683457   0.68917279 
   10000   0.78965625  0.027194383   0.58675642 
   11000   0.80266726  0.031561302   0.59301296 
   12000   0.80755802  0.026334927   0.60708177 
   13000   0.80648687  0.031659471   0.64421118 
   14000   0.80730406  0.025725302   0.64785897 
   15000   0.78146209  0.029392557   0.56739791 
   16000   0.82484482  0.033953985   0.64624094 
   17000   0.79472586  0.025940876      0.58433 
   18000    0.8125869  0.025909826   0.57830801 
   19000   0.80330647  0.028072828     0.604171 
   20000   0.79577322   0.02509118   0.60105591 
   21000   0.79184048   0.02951413   0.59033959 
   22000   0.82069332  0.028074252   0.64928195 
   23000   0.77218291  0.025683967   0.56725055 
   24000   0.84115556  0.033638354   0.65719973 
   25000   0.79735024  0.027967382   0.59819446 
   26000   0.79823484   0.02507308   0.62324631 
   27000   0.79878989  0.030090031    0.6242578 
   28000   0.79047972  0.023933562   0.56893505 
   29000   0.80044749  0.025014231   0.60853275 
   30000    0.8080606  0.028841033   0.61217306 
   31000   0.76187511  0.022672943    0.5775004 
   32000   0.81297114  0.029885709   0.65721382 
   33000   0.78852533  0.029974451   0.61226276 
   34000   0.84536876  0.029094071   0.69614893 
   35000   0.80143767  0.032645058   0.61888449 
   36000   0.79835406  0.024910459   0.60278642 
   37000   0.82061426  0.027566078   0.66435487 
   38000   0.78267195  0.032113513    0.5827936 
   39000   0.78900623  0.026094045   0.64369869 
   40000   0.79825606  0.027888006   0.61522466 
   41000   0.78359754  0.026173981   0.57794021 
   42000   0.78407472  0.028155398   0.59323881 
   43000    0.8271943  0.027346396   0.62877493 
   44000   0.78903263  0.028869709   0.55909752 
   45000   0.81807003   0.02706319    0.6141851 
   46000   0.78296424  0.026117327   0.54008507 
   47000    0.8201138  0.031170465   0.58210934 
   48000   0.79698429  0.025853603   0.54282069 
   49000   0.79063016  0.028366229   0.51495764 
   50000   0.81348069  0.025908554   0.57432321 
Loop time of 5.38149 on 1 procs for 50000 steps with 1331 atoms

Performance: 3211008.225 tau/day, 9291.112 timesteps/s
99.7% CPU use with 1 MPI tasks x no OpenMP threads

MPI task timing breakdown:
Section |  min time  |  avg time  |  max time  |%varavg| %total
---------------------------------------------------------------
Pair    | 2.9384     | 2.9384     | 2.9384     |   0.0 | 54.60
Neigh   | 1.2236     | 1.2236     | 1.2236     |   0.0 | 22.74
Comm    | 0.27053    | 0.27053    | 0.27053    |   0.0 |  5.03
Output  | 0.022687   | 0.022687   | 0.022687   |   0.0 |  0.42
Modify  | 0.84704    | 0.84704    | 0.84704    |   0.0 | 15.74
Other   |            | 0.07923    |            |       |  1.47

Nlocal:    1331 ave 1331 max 1331 min
Histogram: 1 0 0 0 0 0 0 0 0 0
Nghost:    988 ave 988 max 988 min
Histogram: 1 0 0 0 0 0 0 0 0 0
Neighs:    4752 ave 4752 max 4752 min
Histogram: 1 0 0 0 0 0 0 0 0 0

Total # of neighbors = 4752
Ave neighs/atom = 3.57025
Neighbor list builds = 2500
Dangerous builds not checked

write_restart NVT/sim1/T_0.80__v_19.68/end1.restart
Total wall time: 0:00:05
