run 50000
Neighbor list info ...
  update every 20 steps, delay 0 steps, check no
  max neighbors/atom: 2000, page size: 100000
  master list distance cutoff = 2.8
  ghost atom cutoff = 2.8
  binsize = 1.4, bins = 16 16 16
  1 neighbor lists, perpetual/occasional/extra = 1 0 0
  (1) pair lj/cut, perpetual
      attributes: half, newton on
      pair build: half/bin/atomonly/newton
      stencil: half/bin/3d/newton
      bin: standard
Per MPI rank memory allocation (min/avg/max) = 2.7 | 2.7 | 2.7 Mbytes
Step Temp Press Volume Density PotEng KinEng TotEng 
       0          0.1 -0.032919548        10648        0.125  -0.13561964    0.1498873  0.014267664 
    1000   0.63377232   -0.2039586    3542.3654   0.37573763   -2.6573312   0.94994424    -1.707387 
    2000   0.52097758  -0.17333034    1722.2322   0.77283423   -5.0815158   0.78087924   -4.3006366 
    3000   0.28444048   0.48698414    1394.6732   0.95434542   -6.2273289   0.42634017   -5.8009887 
    4000   0.14661515    0.5150595    1342.4747   0.99145255   -6.5667089   0.21975749   -6.3469514 
    5000  0.092485566   0.51935212    1327.3511     1.002749   -6.6716099   0.13862412   -6.5329858 
    6000  0.090945454   0.47543209    1325.1852    1.0043879   -6.6948502   0.13631569   -6.5585345 
    7000   0.11094465   0.48343141    1327.9227    1.0023173   -6.6711716   0.16629195   -6.5048797 
    8000   0.10110029   0.45406428    1325.5882    1.0040825   -6.6937254    0.1515365   -6.5421889 
    9000  0.089901358   0.49158231    1322.9461    1.0060878   -6.7077632   0.13475072   -6.5730125 
   10000   0.10464434    0.5018312    1325.8593    1.0038772   -6.6865406   0.15684859    -6.529692 
   11000   0.10440086   0.52781411    1323.4792    1.0056826   -6.6997383   0.15648363   -6.5432547 
   12000  0.090717459   0.52981985    1320.7948    1.0077265   -6.7196053   0.13597395   -6.5836314 
   13000   0.10202084   0.41018772     1325.131     1.004429   -6.7056311   0.15291629   -6.5527148 
   14000   0.10501817   0.44385533    1324.4232    1.0049658   -6.7076437    0.1574089   -6.5502348 
   15000  0.094275823   0.54227116    1318.2492    1.0096725    -6.734084   0.14130749   -6.5927766 
   16000  0.097054998   0.53550327    1319.7687    1.0085101   -6.7246488   0.14547312   -6.5791757 
   17000   0.10629196   0.49628356    1321.7947    1.0069642   -6.7156296   0.15931815   -6.5563115 
   18000  0.096000886   0.43013336    1319.9984    1.0083345   -6.7394019   0.14389314   -6.5955088 
   19000  0.097171432   0.55412999    1316.8867    1.0107172   -6.7417778   0.14564764   -6.5961302 
   20000   0.10394969   0.52506087    1319.7369    1.0085344   -6.7264986   0.15580739   -6.5706912 
   21000  0.095558831   0.37398082    1321.1577    1.0074498   -6.7421275   0.14323055    -6.598897 
   22000  0.097032289   0.58551337    1315.6489    1.0116681    -6.748723   0.14543908   -6.6032839 
   23000   0.10711079   0.50854913    1319.2884    1.0088772   -6.7355469   0.16054547   -6.5750014 
   24000    0.1011897   0.42656667    1319.9533     1.008369   -6.7431696   0.15167051   -6.5914991 
   25000  0.095467273   0.59005378    1315.6934    1.0116339   -6.7477028   0.14309332   -6.6046095 
   26000    0.1046403   0.48843573     1319.247    1.0089089   -6.7372768   0.15684253   -6.5804342 
   27000   0.10353236   0.48650743    1319.1174     1.009008   -6.7400506   0.15518187   -6.5848687 
   28000  0.093744633   0.34699586    1321.0923    1.0074996   -6.7466059    0.1405113   -6.6060946 
   29000   0.10157541   0.53153659    1317.8319    1.0099922    -6.739288   0.15224864   -6.5870394 
   30000   0.10274832   0.55328724    1318.0094    1.0098562   -6.7348697   0.15400668    -6.580863 
   31000   0.09478636   0.52392137    1317.3771    1.0103409   -6.7439507   0.14207272    -6.601878 
   32000   0.10089228   0.41562852    1319.9151    1.0083982   -6.7444289   0.15122472   -6.5932041 
   33000   0.10173922   0.61231762    1317.3058    1.0103956     -6.73077   0.15249418   -6.5782758 
   34000  0.097940711   0.51459902    1317.4315    1.0102992   -6.7453416   0.14680069   -6.5985409 
   35000  0.097173604   0.39881598    1320.4933    1.0079567   -6.7433031   0.14565089   -6.5976522 
   36000   0.10037359   0.57051096    1318.2024    1.0097084    -6.729229   0.15044726   -6.5787817 
   37000  0.098717373   0.51653561    1317.3698    1.0103466   -6.7429185   0.14796481   -6.5949537 
   38000  0.098268895   0.43022678    1318.8792    1.0091902   -6.7504322    0.1472926   -6.6031396 
   39000   0.10182925   0.55142442    1317.7543    1.0100517   -6.7384123   0.15262911   -6.5857832 
   40000   0.10027189   0.55543309    1317.1683    1.0105011   -6.7414147   0.15029484   -6.5911199 
   41000  0.095959633   0.48303598    1318.0627    1.0098154    -6.748088   0.14383131   -6.6042567 
   42000   0.10175728   0.46941308    1318.7945    1.0092551   -6.7437217   0.15252124   -6.5912005 
   43000   0.09892487   0.56403912    1317.5157    1.0102347   -6.7373385   0.14827582   -6.5890627 
   44000  0.098502397   0.68009961    1313.6453    1.0132111   -6.7495391   0.14764259   -6.6018965 
   45000    0.1006794   0.38336259    1320.4161    1.0080156   -6.7467598   0.15090563   -6.5958542 
   46000   0.10181046     0.489484    1318.4663    1.0095063   -6.7439247   0.15260095   -6.5913238 
   47000  0.098618102   0.56475988    1315.6866    1.0116391    -6.751921   0.14781601    -6.604105 
   48000   0.10129607   0.49274768    1317.6374    1.0101414    -6.750624   0.15182994    -6.598794 
   49000   0.10297534   0.47666487    1319.0072    1.0090923   -6.7444739   0.15434697    -6.590127 
   50000  0.097553188   0.49643847    1317.4406    1.0102922   -6.7497872   0.14621984   -6.6035673 
Loop time of 44.7229 on 1 procs for 50000 steps with 1331 atoms

Performance: 386379.325 tau/day, 1117.996 timesteps/s
99.9% CPU use with 1 MPI tasks x no OpenMP threads

MPI task timing breakdown:
Section |  min time  |  avg time  |  max time  |%varavg| %total
---------------------------------------------------------------
Pair    | 36.515     | 36.515     | 36.515     |   0.0 | 81.65
Neigh   | 5.1444     | 5.1444     | 5.1444     |   0.0 | 11.50
Comm    | 0.75838    | 0.75838    | 0.75838    |   0.0 |  1.70
Output  | 0.023596   | 0.023596   | 0.023596   |   0.0 |  0.05
Modify  | 2.0489     | 2.0489     | 2.0489     |   0.0 |  4.58
Other   |            | 0.2329     |            |       |  0.52

Nlocal:    1331 ave 1331 max 1331 min
Histogram: 1 0 0 0 0 0 0 0 0 0
Nghost:    3242 ave 3242 max 3242 min
Histogram: 1 0 0 0 0 0 0 0 0 0
Neighs:    60008 ave 60008 max 60008 min
Histogram: 1 0 0 0 0 0 0 0 0 0

Total # of neighbors = 60008
Ave neighs/atom = 45.0849
Neighbor list builds = 2500
Dangerous builds not checked

write_restart lattice_11_11_11__2_2_2/sim1/T_0.10__P_0.50/end1.restart
Total wall time: 0:00:44
