run 50000
Neighbor list info ...
  update every 20 steps, delay 0 steps, check no
  max neighbors/atom: 2000, page size: 100000
  master list distance cutoff = 2.8
  ghost atom cutoff = 2.8
  binsize = 1.4, bins = 16 16 16
  1 neighbor lists, perpetual/occasional/extra = 1 0 0
  (1) pair lj/cut, perpetual
      attributes: half, newton on
      pair build: half/bin/atomonly/newton
      stencil: half/bin/3d/newton
      bin: standard
Per MPI rank memory allocation (min/avg/max) = 2.7 | 2.7 | 2.7 Mbytes
Step Temp Press Volume Density PotEng KinEng TotEng 
       0          0.3 -0.0079383306        10648        0.125  -0.13561964   0.44966191   0.31404227 
    1000   0.88486786  0.019728929    4641.8343    0.2867401   -1.9742736    1.3263046  -0.64796905 
    2000   0.71572202    -0.198522    2686.7371   0.49539645   -3.4502377    1.0727764   -2.3774612 
    3000   0.63546413 -0.075913353    1769.8451   0.75204321   -4.8651657   0.95248004   -3.9126857 
    4000   0.50136496   0.68507085     1470.465   0.90515584   -5.7558447   0.75148241   -5.0043623 
    5000   0.35475231   0.69957401    1399.7272   0.95089959   -6.1555804   0.53172867   -5.6238518 
    6000   0.28342274   0.81126713     1370.577   0.97112387   -6.3253246    0.4248147   -5.9005099 
    7000   0.28670341   0.77071024    1368.4443   0.97263731   -6.3474327   0.42973201   -5.9177007 
    8000   0.31546449   0.86262785    1375.0042   0.96799704   -6.2900734   0.47284122   -5.8172322 
    9000   0.30788568    0.7839914    1367.9072   0.97301924   -6.3544549   0.46148154   -5.8929734 
   10000   0.28031778   0.81407444    1363.5089   0.97615789   -6.3766525   0.42016076   -5.9564918 
   11000   0.30909579   0.77966416    1368.4249   0.97265113   -6.3424693   0.46329534    -5.879174 
   12000   0.31761088   0.81793222    1368.2478   0.97277699   -6.3464541   0.47605838   -5.8703958 
   13000   0.28786045   0.85228688     1360.855   0.97806158   -6.3808586   0.43146626   -5.9493924 
   14000   0.29421947   0.86258165    1365.4156   0.97479475    -6.357617   0.44099762   -5.9166193 
   15000   0.30641498   0.87817867    1368.9429   0.97228308   -6.3241082   0.45927714    -5.864831 
   16000   0.28386291   0.89972459    1364.2866   0.97560146   -6.3498933   0.42547446   -5.9244188 
   17000   0.29477462   0.96222458    1359.0828   0.97933694   -6.3761449   0.44182972   -5.9343152 
   18000   0.31503493    1.0956993    1358.2874   0.97991047   -6.3619034   0.47219735    -5.889706 
   19000   0.30323395    0.9884056    1357.5869   0.98041607   -6.3869989   0.45450918   -5.9324897 
   20000   0.29096359   0.86393801    1357.7752   0.98028006   -6.4027251   0.43611748   -5.9666077 
   21000   0.30672119   0.83102468    1362.8461   0.97663266   -6.3774197   0.45973613   -5.9176836 
   22000   0.30921634   0.77565174    1363.4542   0.97619711   -6.3809516   0.46347603   -5.9174756 
   23000   0.28967299   0.73176134    1360.7591   0.97813048   -6.4062022   0.43418303   -5.9720192 
   24000   0.28912392   0.65281962    1364.9153   0.97515205    -6.389099   0.43336005   -5.9557389 
   25000   0.30761301   0.61042927    1368.0066   0.97294855   -6.3765939   0.46107284    -5.915521 
   26000    0.2926568   0.74098367    1361.8932   0.97731597   -6.3972336   0.43865539   -5.9585783 
   27000   0.28305694   0.78415356    1360.0701   0.97862603   -6.4008146   0.42426641   -5.9765482 
   28000   0.30276905     0.657992    1365.5654   0.97468784   -6.3855047   0.45381236   -5.9316924 
   29000   0.30370187   0.78225643    1361.3677   0.97769326   -6.3932621   0.45521055   -5.9380516 
   30000    0.2852725   0.93434578    1356.0617   0.98151877   -6.4078684   0.42758725   -5.9802812 
   31000   0.30371203   0.85770842     1358.058   0.98007598   -6.4074186   0.45522576   -5.9521929 
   32000   0.31006753    0.9159843    1358.8355   0.97951516   -6.3902007   0.46475186   -5.9254489 
   33000   0.29810132    1.0384609     1352.623   0.98401405   -6.4161193   0.44681603   -5.9693032 
   34000   0.28636145    1.0620417    1353.2172   0.98358193   -6.4023062   0.42921945   -5.9730868 
   35000   0.30695334   0.85083483    1360.1671   0.97855627   -6.3971351   0.46008408    -5.937051 
   36000   0.30471376    0.7054919    1359.8554   0.97878051   -6.4209535   0.45672724   -5.9642262 
   37000   0.29675197   0.72882578    1357.1199   0.98075341   -6.4323987   0.44479352   -5.9876052 
   38000   0.29634919   0.82507699    1360.9541   0.97799036    -6.391296   0.44418981   -5.9471062 
   39000   0.30683834   0.82410677    1359.2766   0.97919732    -6.402262   0.45991172   -5.9423502 
   40000     0.297692   0.97985815    1352.2935   0.98425375   -6.4270366    0.4462025   -5.9808341 
   41000   0.30274388    1.0629863    1350.9645   0.98522202   -6.4211165   0.45377463   -5.9673418 
   42000   0.31206647   0.90435903    1357.5831   0.98041877   -6.4049157   0.46774802   -5.9371677 
   43000   0.30231457   0.85905216     1356.291   0.98135279   -6.4222936   0.45313116   -5.9691624 
   44000   0.29315537    0.7485407    1357.7739   0.98028105   -6.4232692   0.43940268   -5.9838665 
   45000   0.30078578   0.71933017    1362.4047   0.97694908   -6.3948655   0.45083969   -5.9440258 
   46000   0.30807015   0.63882631    1362.1195    0.9771536   -6.4160521   0.46175804    -5.954294 
   47000   0.29288317   0.70050606    1359.3346   0.97915557   -6.4216195   0.43899469   -5.9826248 
   48000   0.30689935   0.76905464    1357.9115   0.98018168   -6.4240183   0.46000316   -5.9640151 
   49000   0.30845204   0.87401772      1357.11   0.98076057   -6.4123375   0.46233045   -5.9500071 
   50000   0.30512821   0.90699937    1352.7305    0.9839358   -6.4407593   0.45734845   -5.9834109 
Loop time of 42.9485 on 1 procs for 50000 steps with 1331 atoms

Performance: 402342.518 tau/day, 1164.186 timesteps/s
99.9% CPU use with 1 MPI tasks x no OpenMP threads

MPI task timing breakdown:
Section |  min time  |  avg time  |  max time  |%varavg| %total
---------------------------------------------------------------
Pair    | 34.831     | 34.831     | 34.831     |   0.0 | 81.10
Neigh   | 5.0872     | 5.0872     | 5.0872     |   0.0 | 11.84
Comm    | 0.73329    | 0.73329    | 0.73329    |   0.0 |  1.71
Output  | 0.023878   | 0.023878   | 0.023878   |   0.0 |  0.06
Modify  | 2.0487     | 2.0487     | 2.0487     |   0.0 |  4.77
Other   |            | 0.2247     |            |       |  0.52

Nlocal:    1331 ave 1331 max 1331 min
Histogram: 1 0 0 0 0 0 0 0 0 0
Nghost:    3229 ave 3229 max 3229 min
Histogram: 1 0 0 0 0 0 0 0 0 0
Neighs:    58117 ave 58117 max 58117 min
Histogram: 1 0 0 0 0 0 0 0 0 0

Total # of neighbors = 58117
Ave neighs/atom = 43.6642
Neighbor list builds = 2500
Dangerous builds not checked

write_restart lattice_11_11_11__2_2_2/sim1/T_0.30__P_0.80/end1.restart
Total wall time: 0:00:42
