run 50000
Neighbor list info ...
  update every 20 steps, delay 0 steps, check no
  max neighbors/atom: 2000, page size: 100000
  master list distance cutoff = 2.8
  ghost atom cutoff = 2.8
  binsize = 1.4, bins = 23 23 23
  1 neighbor lists, perpetual/occasional/extra = 1 0 0
  (1) pair lj/cut, perpetual
      attributes: half, newton on
      pair build: half/bin/atomonly/newton
      stencil: half/bin/3d/newton
      bin: standard
Per MPI rank memory allocation (min/avg/max) = 2.748 | 2.748 | 2.748 Mbytes
Step Temp Press TotEng 
       0          0.4  0.016382228   0.58722015 
    1000     0.495585  0.012788002   0.41107143 
    2000   0.43299076  0.011042151   0.18304804 
    3000   0.42582821 0.0037887511  0.011896392 
    4000   0.43194558 0.0064059123  -0.16135198 
    5000   0.43125432 0.0088689622  -0.34493675 
    6000   0.44007028 0.0073836569  -0.53622758 
    7000   0.45683714 0.00015550254  -0.75964904 
    8000   0.45387841 -0.0016089475   -1.0029276 
    9000   0.43718178 -0.001229628   -1.2522824 
   10000   0.44439308 -0.0038950173   -1.4934003 
   11000   0.43655047 -0.0037492816   -1.6978743 
   12000   0.42088791 -0.0024108688   -1.9163672 
   13000   0.40867152 -0.0010372355   -2.0969324 
   14000   0.40103058 0.0029126887   -2.2228077 
   15000   0.39927026 0.00070626629   -2.2957502 
   16000   0.39768889 -0.0030364728    -2.373412 
   17000   0.40733771 -0.002865684   -2.4468986 
   18000   0.41280439 0.0066049893   -2.4944513 
   19000   0.39339315 -0.0040770945   -2.5666803 
   20000   0.40725404 0.0087712985   -2.5919927 
   21000   0.39848565 -0.0051780602   -2.6310252 
   22000   0.39356763 -0.0065147093   -2.6848524 
   23000   0.39762882 -0.0026107758   -2.7092551 
   24000   0.40207703 -0.008390679   -2.6886399 
   25000   0.41410369 -0.0032763207   -2.6934317 
   26000   0.42554939 0.0042802819   -2.7649163 
   27000   0.39110914 -0.0061950666   -2.8288335 
   28000   0.40199727 -0.00069500576   -2.8480476 
   29000   0.43013397 -0.0049682044   -2.8109018 
   30000   0.41305602 -0.00036016185   -2.8674762 
   31000   0.39114898 -0.0034347075   -2.9110341 
   32000   0.40113916 -0.0023084825    -2.926163 
   33000   0.40680257 0.0089616342   -2.8778308 
   34000   0.41975802 0.0021620178   -2.9065735 
   35000   0.40648374 0.0019628792   -2.9572421 
   36000   0.41573823 -0.0050509922   -3.0154136 
   37000   0.39984185 -0.0035983746   -3.0557922 
   38000   0.39637235 0.0040049018   -3.0952801 
   39000    0.3888716 0.0019166029    -3.106478 
   40000     0.400216 0.00042468672    -3.082206 
   41000   0.41555286 0.0040316516   -3.0882446 
   42000   0.39115048 0.0025001117   -3.1369555 
   43000   0.39843906 0.0033491146   -3.1652019 
   44000   0.40844532 -0.0035714596   -3.1466432 
   45000   0.41141067 -0.00099283606   -3.0975147 
   46000   0.40369974 0.0018461806   -3.1511899 
   47000   0.40170218 0.0034990485    -3.190137 
   48000   0.39950608 -0.002224307   -3.2114766 
   49000   0.40731533 -0.0067591829   -3.2145664 
   50000   0.39350164 -0.0010751051     -3.25538 
Loop time of 12.9617 on 1 procs for 50000 steps with 1331 atoms

Performance: 1333155.429 tau/day, 3857.510 timesteps/s
99.9% CPU use with 1 MPI tasks x no OpenMP threads

MPI task timing breakdown:
Section |  min time  |  avg time  |  max time  |%varavg| %total
---------------------------------------------------------------
Pair    | 10.1       | 10.1       | 10.1       |   0.0 | 77.92
Neigh   | 1.6647     | 1.6647     | 1.6647     |   0.0 | 12.84
Comm    | 0.23568    | 0.23568    | 0.23568    |   0.0 |  1.82
Output  | 0.023498   | 0.023498   | 0.023498   |   0.0 |  0.18
Modify  | 0.85765    | 0.85765    | 0.85765    |   0.0 |  6.62
Other   |            | 0.08044    |            |       |  0.62

Nlocal:    1331 ave 1331 max 1331 min
Histogram: 1 0 0 0 0 0 0 0 0 0
Nghost:    866 ave 866 max 866 min
Histogram: 1 0 0 0 0 0 0 0 0 0
Neighs:    24773 ave 24773 max 24773 min
Histogram: 1 0 0 0 0 0 0 0 0 0

Total # of neighbors = 24773
Ave neighs/atom = 18.6123
Neighbor list builds = 2500
Dangerous builds not checked

write_restart NVT/sim1/T_0.40__v_24.39/end1.restart
Total wall time: 0:00:12
