run 50000
Neighbor list info ...
  update every 20 steps, delay 0 steps, check no
  max neighbors/atom: 2000, page size: 100000
  master list distance cutoff = 2.8
  ghost atom cutoff = 2.8
  binsize = 1.4, bins = 17 17 17
  1 neighbor lists, perpetual/occasional/extra = 1 0 0
  (1) pair lj/cut, perpetual
      attributes: half, newton on
      pair build: half/bin/atomonly/newton
      stencil: half/bin/3d/newton
      bin: standard
Per MPI rank memory allocation (min/avg/max) = 2.705 | 2.705 | 2.705 Mbytes
Step Temp Press TotEng 
       0          0.6  0.034794404   0.80578262 
    1000   0.78020431  0.030909972   0.36206997 
    2000   0.65418353 0.0093563339 -0.086618794 
    3000   0.65880422 0.0043870601  -0.41259957 
    4000   0.62546166 -0.0040162709  -0.72687036 
    5000   0.65359058 0.0018326472   -1.0484444 
    6000   0.64782286 0.0023966332   -1.3754117 
    7000   0.65351518 0.00033630058   -1.7009191 
    8000   0.61701315 0.0017061348   -1.9847443 
    9000   0.60099486  0.013055565   -2.2187409 
   10000   0.61983211  0.024814572   -2.3856604 
   11000   0.57959668 -0.0018595005   -2.5258572 
   12000    0.5992856 -0.0054393232    -2.623226 
   13000   0.58361463 -0.021585051   -2.6337895 
   14000   0.61713137  -0.02351939   -2.5715874 
   15000   0.61134238 -0.024194815   -2.6515512 
   16000   0.61034818 -0.0081230921   -2.7604878 
   17000   0.58409303 -0.0032519141   -2.8620145 
   18000   0.62116344  0.024398647   -2.8841638 
   19000   0.60870454 0.00055175999   -2.9355388 
   20000     0.573531 -0.010296343   -2.9396322 
   21000    0.6007623 -0.018701063   -2.8616601 
   22000   0.59754076 -0.014138542   -2.9009833 
   23000   0.59770659  0.012650032   -2.9220778 
   24000   0.59188889  -0.01118463   -2.9701056 
   25000   0.59452102 -0.020586705   -2.9772182 
   26000   0.60351381 -0.0099813877   -2.9145631 
   27000   0.57819434 0.0072580536   -2.9056296 
   28000   0.61745537 -0.0097678203    -2.845573 
   29000   0.59406333 -0.0062569969   -2.9133901 
   30000   0.60205303 -0.0079519846   -2.9391127 
   31000    0.6032324  0.012375085   -3.0043067 
   32000   0.61044713   -0.0110079   -3.0617347 
   33000   0.59306281 -0.0071160589   -3.0962676 
   34000   0.61396276 -0.0063630891   -3.1075502 
   35000   0.59689478  0.010955612   -3.1094757 
   36000   0.60968201 -0.0010748162   -3.0595466 
   37000   0.60621592  0.027370411   -3.0971031 
   38000   0.61778715 0.0096168208   -3.1295602 
   39000   0.59473269 0.0022245516    -3.100138 
   40000   0.60618303 0.0013668555   -3.0569144 
   41000   0.60427733 -0.012835861   -3.1004112 
   42000   0.59238884 -0.0033621459   -3.1787961 
   43000   0.60226482 -0.015745675   -3.1514204 
   44000   0.60312453 -0.0079774438   -3.1560308 
   45000   0.61474482  0.011900423   -3.2117619 
   46000   0.59792967 0.00057246333   -3.2782121 
   47000   0.60912783   0.03660126   -3.2637664 
   48000   0.61597476 0.0051353868   -3.1960416 
   49000   0.61676304 -0.0019886231    -3.258744 
   50000   0.58930022 -0.0061631031   -3.3081336 
Loop time of 20.8692 on 1 procs for 50000 steps with 1331 atoms

Performance: 828015.240 tau/day, 2395.877 timesteps/s
99.9% CPU use with 1 MPI tasks x no OpenMP threads

MPI task timing breakdown:
Section |  min time  |  avg time  |  max time  |%varavg| %total
---------------------------------------------------------------
Pair    | 16.669     | 16.669     | 16.669     |   0.0 | 79.88
Neigh   | 2.8854     | 2.8854     | 2.8854     |   0.0 | 13.83
Comm    | 0.3519     | 0.3519     | 0.3519     |   0.0 |  1.69
Output  | 0.024313   | 0.024313   | 0.024313   |   0.0 |  0.12
Modify  | 0.84382    | 0.84382    | 0.84382    |   0.0 |  4.04
Other   |            | 0.09425    |            |       |  0.45

Nlocal:    1331 ave 1331 max 1331 min
Histogram: 1 0 0 0 0 0 0 0 0 0
Nghost:    1028 ave 1028 max 1028 min
Histogram: 1 0 0 0 0 0 0 0 0 0
Neighs:    35590 ave 35590 max 35590 min
Histogram: 1 0 0 0 0 0 0 0 0 0

Total # of neighbors = 35590
Ave neighs/atom = 26.7393
Neighbor list builds = 2500
Dangerous builds not checked

write_restart NVT/sim1/T_0.60__v_9.26/end1.restart
Total wall time: 0:00:20
