run 50000
Neighbor list info ...
  update every 20 steps, delay 0 steps, check no
  max neighbors/atom: 2000, page size: 100000
  master list distance cutoff = 2.8
  ghost atom cutoff = 2.8
  binsize = 1.4, bins = 16 16 16
  1 neighbor lists, perpetual/occasional/extra = 1 0 0
  (1) pair lj/cut, perpetual
      attributes: half, newton on
      pair build: half/bin/atomonly/newton
      stencil: half/bin/3d/newton
      bin: standard
Per MPI rank memory allocation (min/avg/max) = 2.7 | 2.7 | 2.7 Mbytes
Step Temp Press Volume Density PotEng KinEng TotEng 
       0          0.8  0.054514712        10648        0.125  -0.13561964    1.1990984    1.0634788 
    1000    1.3829542    0.2924484    5355.3481    0.2485366    -1.392323    2.0728727   0.68054975 
    2000    1.1950605   0.17379268    3463.8901   0.38425007   -2.2850605    1.7912439   -0.4938166 
    3000     1.069474   0.12366835    2444.0962   0.54457759   -3.1976976    1.6030057   -1.5946919 
    4000    1.0571517   0.64420785     1900.214   0.70044742   -4.1374113    1.5845362   -2.5528751 
    5000   0.89707824    1.3183108    1682.0283   0.79130652   -4.6950089    1.3446064   -3.3504026 
    6000   0.80613506    1.2753077    1588.8487    0.8377135   -5.0664224    1.2082941   -3.8581283 
    7000   0.76389217    1.3776828    1554.6649   0.85613304   -5.2160874    1.1449774   -4.0711101 
    8000   0.80944048    1.3688621    1563.8039   0.85112972   -5.1688179    1.2132485   -3.9555694 
    9000   0.82415868    1.3529356    1588.7149   0.83778404   -5.0596613    1.2353092   -3.8243521 
   10000   0.81139863    1.2443143    1583.1571   0.84072516   -5.1084825    1.2161835    -3.892299 
   11000   0.79704173    1.3513776    1562.2851   0.85195718   -5.1811356    1.1946644   -3.9864712 
   12000    0.8051362    1.2793056    1573.2395   0.84602504   -5.1427801    1.2067969   -3.9359831 
   13000   0.81841572    1.4632872    1580.1443   0.84232815   -5.0812331    1.2267013   -3.8545318 
   14000   0.80100486    1.4372396    1577.3845   0.84380187   -5.1045111    1.2006046   -3.9039065 
   15000   0.79134751    1.4019684    1568.3949   0.84863831    -5.142195    1.1861294   -3.9560656 
   16000   0.81164307    1.4050515    1562.6515   0.85175743   -5.1628756    1.2165499   -3.9463257 
   17000   0.81385972     1.210544    1591.7785   0.83617159   -5.0690011    1.2198724   -3.8491288 
   18000   0.82548041    1.6208754    1565.7166   0.85008997   -5.1152268    1.2372903   -3.8779365 
   19000   0.75243295    1.1319777    1582.4787   0.84108558   -5.1159445    1.1278015   -3.9881431 
   20000   0.81964989    1.5713146    1569.3082   0.84814441   -5.1149069    1.2285511   -3.8863558 
   21000   0.81731465    1.2273074     1584.284   0.84012717   -5.0992653    1.2250509   -3.8742144 
   22000   0.78374967    1.3837061    1577.7094   0.84362813   -5.0917561    1.1747412   -3.9170149 
   23000   0.81202267    1.4434552    1565.8806   0.85000096    -5.150865    1.2171189   -3.9337461 
   24000     0.785232    1.3354721    1571.4104    0.8470098   -5.1307255    1.1769631   -3.9537624 
   25000   0.80338444    1.3977647    1577.1718   0.84391568   -5.1069243    1.2041713    -3.902753 
   26000    0.8026101    1.4068148    1590.9291   0.83661807   -5.0404976    1.2030106   -3.8374869 
   27000   0.82579703    1.5482599    1565.3104   0.85031056   -5.1233238    1.2377649   -3.8855589 
   28000   0.76956397    1.4513965    1573.6987   0.84577817   -5.1035044    1.1534787   -3.9500257 
   29000   0.81106287    1.3108122    1577.8475   0.84355429   -5.1119846    1.2156803   -3.8963043 
   30000   0.83929175    1.2239473    1586.2661   0.83907738   -5.0992829    1.2579918   -3.8412911 
   31000   0.78987307    1.3734602    1578.3482   0.84328666   -5.0977809    1.1839194   -3.9138615 
   32000   0.78075573    1.3912664    1570.5046    0.8474983   -5.1316993    1.1702537   -3.9614456 
   33000   0.80168918    1.4035375    1578.0837   0.84342803   -5.1102003    1.2016303     -3.90857 
   34000   0.80347788    1.5721162    1582.1988   0.84123434   -5.0448464    1.2043113    -3.840535 
   35000   0.82414656     1.295525      1575.54   0.84478971   -5.1319251    1.2352911   -3.8966341 
   36000   0.78275693    1.5859712    1565.9575   0.84995921   -5.1112082    1.1732532   -3.9379549 
   37000   0.80087244    1.4547847    1569.3135   0.84814156    -5.134269    1.2004061   -3.9338629 
   38000   0.80509445    1.4989161    1569.5428   0.84801767   -5.1212403    1.2067344   -3.9145059 
   39000   0.78535162    1.5492498    1578.4623   0.84322571   -5.0621233    1.1771424   -3.8849809 
   40000   0.81374203       1.4124    1575.7109    0.8446981   -5.0977349     1.219696    -3.878039 
   41000   0.80652704    1.4076816    1570.2382   0.84764208   -5.1275341    1.2088816   -3.9186525 
   42000   0.79252891    1.4833286    1563.9916   0.85102761   -5.1479731    1.1879002   -3.9600729 
   43000    0.7621971    1.2049777    1591.1202   0.83651756   -5.0758941    1.1424367   -3.9334574 
   44000   0.85026603    1.4723074    1568.6055   0.84852437   -5.1312233    1.2744408   -3.8567825 
   45000   0.79846838    1.3387208    1570.7771   0.84735129   -5.1502001    1.1968027   -3.9533974 
   46000   0.79945436    1.3351015    1571.3593   0.84703735   -5.1471045    1.1982806   -3.9488239 
   47000    0.7971921     1.427164    1579.0604   0.84290633   -5.0800441    1.1948897   -3.8851543 
   48000   0.79509148    1.3800243    1587.3789   0.83848918   -5.0691365    1.1917412   -3.8773953 
   49000   0.81287481    1.3935183    1570.5414   0.84747844   -5.1332629    1.2183961   -3.9148668 
   50000   0.78624228    1.3156274    1562.3263   0.85193471   -5.1762008    1.1784773   -3.9977235 
Loop time of 38.0134 on 1 procs for 50000 steps with 1331 atoms

Performance: 454576.906 tau/day, 1315.327 timesteps/s
99.9% CPU use with 1 MPI tasks x no OpenMP threads

MPI task timing breakdown:
Section |  min time  |  avg time  |  max time  |%varavg| %total
---------------------------------------------------------------
Pair    | 30.508     | 30.508     | 30.508     |   0.0 | 80.26
Neigh   | 4.5173     | 4.5173     | 4.5173     |   0.0 | 11.88
Comm    | 0.72418    | 0.72418    | 0.72418    |   0.0 |  1.91
Output  | 0.024514   | 0.024514   | 0.024514   |   0.0 |  0.06
Modify  | 2.0417     | 2.0417     | 2.0417     |   0.0 |  5.37
Other   |            | 0.1979     |            |       |  0.52

Nlocal:    1331 ave 1331 max 1331 min
Histogram: 1 0 0 0 0 0 0 0 0 0
Nghost:    2990 ave 2990 max 2990 min
Histogram: 1 0 0 0 0 0 0 0 0 0
Neighs:    50371 ave 50371 max 50371 min
Histogram: 1 0 0 0 0 0 0 0 0 0

Total # of neighbors = 50371
Ave neighs/atom = 37.8445
Neighbor list builds = 2500
Dangerous builds not checked

write_restart lattice_11_11_11__2_2_2/sim1/T_0.80__P_1.40/end1.restart
Total wall time: 0:00:38
