run 50000
Neighbor list info ...
  update every 20 steps, delay 0 steps, check no
  max neighbors/atom: 2000, page size: 100000
  master list distance cutoff = 2.8
  ghost atom cutoff = 2.8
  binsize = 1.4, bins = 22 22 22
  1 neighbor lists, perpetual/occasional/extra = 1 0 0
  (1) pair lj/cut, perpetual
      attributes: half, newton on
      pair build: half/bin/atomonly/newton
      stencil: half/bin/3d/newton
      bin: standard
Per MPI rank memory allocation (min/avg/max) = 2.739 | 2.739 | 2.739 Mbytes
Step Temp Press TotEng 
       0          0.3   0.01314974   0.43733285 
    1000   0.40360838  0.012509851   0.25794948 
    2000   0.36878033 0.0083350923 -0.005539853 
    3000    0.3814348 0.0038187015  -0.29515285 
    4000   0.39548263 0.0019340018  -0.59902467 
    5000   0.40954088 0.0045201331  -0.96892168 
    6000   0.38632279 -0.0043122781   -1.3560261 
    7000   0.38487341 0.0045385214   -1.7232103 
    8000   0.37564104  0.012210544   -2.0621469 
    9000    0.3381481 -0.0030636558   -2.3627797 
   10000   0.30534245 0.0016310643   -2.5883753 
   11000   0.29949855 0.00014925254   -2.7286763 
   12000   0.29457721  0.002499334   -2.7727086 
   13000   0.30071564 -0.0052939756   -2.8182131 
   14000   0.30457917 0.0051248564    -2.890339 
   15000   0.30348777 -0.0087812003   -2.8778547 
   16000   0.29619974 -0.0084464441   -2.8742068 
   17000   0.31146267 0.0013652062   -2.9019548 
   18000   0.29739956 -0.0019695863   -2.9458587 
   19000    0.2995839 0.0010327949    -2.972816 
   20000   0.30765331 0.0014943781   -2.9852992 
   21000   0.30014374   0.00553152    -3.018449 
   22000   0.28465219 -0.00054158678   -3.0340372 
   23000   0.29220874 0.0026590585   -3.0356575 
   24000    0.2980848 0.00024998884   -3.0701543 
   25000   0.29848268 -0.0081006339   -3.0814629 
   26000   0.29535134 -0.0019042333   -3.0713161 
   27000   0.30674034 -0.0026034795   -3.0654119 
   28000   0.29625983 0.0047160232   -3.0920767 
   29000   0.30247013 0.0043580714    -3.132128 
   30000   0.31258872 0.00038020067   -3.1646781 
   31000   0.29733934 0.0054279138   -3.2081624 
   32000   0.29481166 0.00059363699   -3.2270429 
   33000   0.31121926 0.0075435133   -3.2407476 
   34000   0.30169787 -7.7949163e-05   -3.2498786 
   35000   0.29898535 0.0028765654   -3.2620945 
   36000    0.3037241 6.8426862e-05   -3.2874008 
   37000    0.2896615 0.00032609395   -3.2921428 
   38000   0.29911052 -0.0055618572   -3.2564392 
   39000   0.30596463 -0.00037673934   -3.2691639 
   40000   0.30297653  0.003372996   -3.3093214 
   41000   0.29504479 -0.0061147711   -3.3196441 
   42000    0.3029623 -0.0014917062   -3.2851355 
   43000   0.30087068 -0.0011954364   -3.3006111 
   44000   0.30137432 0.0024378276   -3.3122208 
   45000   0.29906658 -0.0023785018   -3.2899548 
   46000   0.30889229 -0.00058396068   -3.2537567 
   47000   0.30300108 -0.0025782683    -3.288526 
   48000   0.30391335 -0.0031689805    -3.332992 
   49000   0.29710509 0.00036627021   -3.3481766 
   50000   0.28804659 0.0084576144   -3.3773377 
Loop time of 15.0658 on 1 procs for 50000 steps with 1331 atoms

Performance: 1146971.304 tau/day, 3318.783 timesteps/s
99.8% CPU use with 1 MPI tasks x no OpenMP threads

MPI task timing breakdown:
Section |  min time  |  avg time  |  max time  |%varavg| %total
---------------------------------------------------------------
Pair    | 11.836     | 11.836     | 11.836     |   0.0 | 78.56
Neigh   | 1.799      | 1.799      | 1.799      |   0.0 | 11.94
Comm    | 0.26949    | 0.26949    | 0.26949    |   0.0 |  1.79
Output  | 0.027201   | 0.027201   | 0.027201   |   0.0 |  0.18
Modify  | 1.0416     | 1.0416     | 1.0416     |   0.0 |  6.91
Other   |            | 0.09279    |            |       |  0.62

Nlocal:    1331 ave 1331 max 1331 min
Histogram: 1 0 0 0 0 0 0 0 0 0
Nghost:    687 ave 687 max 687 min
Histogram: 1 0 0 0 0 0 0 0 0 0
Neighs:    21453 ave 21453 max 21453 min
Histogram: 1 0 0 0 0 0 0 0 0 0

Total # of neighbors = 21453
Ave neighs/atom = 16.118
Neighbor list builds = 2500
Dangerous builds not checked

write_restart NVT/sim1/T_0.30__v_21.95/end1.restart
Total wall time: 0:00:15
