run 50000
Neighbor list info ...
  update every 20 steps, delay 0 steps, check no
  max neighbors/atom: 2000, page size: 100000
  master list distance cutoff = 2.8
  ghost atom cutoff = 2.8
  binsize = 1.4, bins = 10 10 10
  1 neighbor lists, perpetual/occasional/extra = 1 0 0
  (1) pair lj/cut, perpetual
      attributes: half, newton on
      pair build: half/bin/atomonly/newton
      stencil: half/bin/3d/newton
      bin: standard
Per MPI rank memory allocation (min/avg/max) = 2.742 | 2.742 | 2.742 Mbytes
Step Temp Press TotEng 
       0          0.5    -1.896059   -2.4805348 
    1000   0.65683749   -0.3217336   -2.8926256 
    2000    0.6325319  -0.17245516   -3.4334816 
    3000   0.56140552  -0.11415813   -3.8604082 
    4000   0.49528491  -0.17994639   -4.1579695 
    5000   0.49204888 -0.094484741   -4.3030102 
    6000    0.4837729 -0.057228595   -4.2827387 
    7000   0.52046434 -0.024285271   -4.1821387 
    8000    0.5057213  -0.18794474   -4.2077189 
    9000   0.47730589  -0.10421817   -4.2484994 
   10000   0.50785315   -0.1381974   -4.2178804 
   11000   0.49741669  -0.11928679   -4.1871741 
   12000   0.50150386  -0.19134956    -4.196462 
   13000   0.50566702  -0.17456142   -4.2503103 
   14000   0.49599871  -0.14163676   -4.2769263 
   15000   0.49574934  -0.11796513   -4.2156067 
   16000   0.50409977  -0.12746138   -4.1852961 
   17000   0.49510913  -0.11276994   -4.2248218 
   18000   0.48732639 -0.094489323   -4.2698196 
   19000   0.53381707 -0.088882623   -4.2210479 
   20000   0.51390827 -0.098405357   -4.1748486 
   21000   0.48435424  -0.11776155   -4.2162107 
   22000   0.51789315  -0.11661825   -4.2601095 
   23000   0.49262359  -0.11575107   -4.2560644 
   24000   0.50121576  -0.17085185   -4.2035499 
   25000   0.50439023 -0.027807789   -4.2230225 
   26000   0.49983824  -0.16949402   -4.2335739 
   27000   0.49882419  -0.20065695    -4.213669 
   28000   0.50077956  -0.09979622   -4.1649916 
   29000   0.49062774  -0.17025473   -4.2245568 
   30000    0.4971795  -0.17156148   -4.2424929 
   31000   0.48856895  -0.15008606   -4.2205228 
   32000   0.51354554 -0.091608948   -4.1760342 
   33000   0.47949289  -0.07961478    -4.226348 
   34000   0.52120604  -0.16266374   -4.2248143 
   35000   0.50982685  -0.13057348   -4.1835467 
   36000   0.49033844    -0.177864   -4.2123948 
   37000    0.4952014  -0.12775648   -4.2512914 
   38000   0.50120779 -0.058850473   -4.2466174 
   39000    0.5162016  -0.26588619   -4.1971144 
   40000   0.50018039 -0.076219431   -4.2188436 
   41000   0.49188934 -0.096591359   -4.2883864 
   42000   0.50553253 -0.096226103   -4.2453524 
   43000   0.51491967  -0.22212736   -4.2167157 
   44000   0.48970995  -0.10121556   -4.2490225 
   45000   0.48702347  -0.14830521   -4.2618093 
   46000   0.50729854 -0.085086774    -4.185883 
   47000   0.50085349  -0.17439679    -4.191985 
   48000   0.49799098  -0.17006475   -4.2388961 
   49000   0.50997306 -0.084851714   -4.2624879 
   50000   0.49027538  -0.25171602   -4.2076593 
Loop time of 29.7115 on 1 procs for 50000 steps with 1331 atoms

Performance: 581592.136 tau/day, 1682.848 timesteps/s
99.9% CPU use with 1 MPI tasks x no OpenMP threads

MPI task timing breakdown:
Section |  min time  |  avg time  |  max time  |%varavg| %total
---------------------------------------------------------------
Pair    | 24.706     | 24.706     | 24.706     |   0.0 | 83.15
Neigh   | 3.7965     | 3.7965     | 3.7965     |   0.0 | 12.78
Comm    | 0.25938    | 0.25938    | 0.25938    |   0.0 |  0.87
Output  | 0.025065   | 0.025065   | 0.025065   |   0.0 |  0.08
Modify  | 0.84152    | 0.84152    | 0.84152    |   0.0 |  2.83
Other   |            | 0.08333    |            |       |  0.28

Nlocal:    1331 ave 1331 max 1331 min
Histogram: 1 0 0 0 0 0 0 0 0 0
Nghost:    975 ave 975 max 975 min
Histogram: 1 0 0 0 0 0 0 0 0 0
Neighs:    42092 ave 42092 max 42092 min
Histogram: 1 0 0 0 0 0 0 0 0 0

Total # of neighbors = 42092
Ave neighs/atom = 31.6243
Neighbor list builds = 2500
Dangerous builds not checked

write_restart NVT/sim1/T_0.50__v_1.73/end1.restart
Total wall time: 0:00:29
