run 50000
Neighbor list info ...
  update every 20 steps, delay 0 steps, check no
  max neighbors/atom: 2000, page size: 100000
  master list distance cutoff = 2.8
  ghost atom cutoff = 2.8
  binsize = 1.4, bins = 18 18 18
  1 neighbor lists, perpetual/occasional/extra = 1 0 0
  (1) pair lj/cut, perpetual
      attributes: half, newton on
      pair build: half/bin/atomonly/newton
      stencil: half/bin/3d/newton
      bin: standard
Per MPI rank memory allocation (min/avg/max) = 2.711 | 2.711 | 2.711 Mbytes
Step Temp Press TotEng 
       0          0.5  0.026723887   0.68623955 
    1000   0.67873955  0.022299646   0.28404954 
    2000   0.62581019  0.020263619  -0.18628665 
    3000   0.57629707 -0.0062300224  -0.59901233 
    4000   0.58274175 0.0048735939  -0.98624162 
    5000   0.57476024 0.0026882875   -1.3999988 
    6000   0.57139572  0.005579451   -1.8276216 
    7000   0.51409061 -0.018722762   -2.1851953 
    8000   0.53696688 0.0020801934   -2.4596649 
    9000    0.5127109 -0.0091388351   -2.7157336 
   10000   0.51262511 -7.5061594e-05   -2.9107869 
   11000    0.5036403 0.0086983044   -3.0656022 
   12000   0.50453297 -0.0091091308   -3.1506038 
   13000   0.49266899 0.0017550498   -3.1599309 
   14000   0.51693797  0.010110272   -3.1468245 
   15000   0.49163562 -0.0049623726   -3.2338232 
   16000   0.48419874  0.018239919   -3.2861806 
   17000    0.5120653  0.012440897   -3.2463351 
   18000   0.51021568 -0.015885481   -3.1811934 
   19000   0.50232616 -0.0048699008   -3.2217389 
   20000   0.48904455  -0.00797168   -3.2972367 
   21000   0.49923794 0.00013891312   -3.2701037 
   22000    0.5173408 0.0087546059    -3.209491 
   23000   0.51013076 0.0048206922   -3.2635415 
   24000    0.4942228 -0.0081790316   -3.3635503 
   25000   0.45884846  0.010700529    -3.378245 
   26000   0.52622758 -0.0003363565   -3.3497636 
   27000   0.49765453 0.0050328477   -3.3953767 
   28000   0.49120888 -0.0034053571    -3.428612 
   29000   0.51006707 -0.00070463223   -3.4161855 
   30000   0.51992462  0.012128889   -3.3803215 
   31000   0.48902768  0.011907177   -3.4517592 
   32000   0.49656187  0.010674624   -3.4183633 
   33000   0.49662054 -0.012186816   -3.3940319 
   34000   0.53752146 0.0023115638   -3.3388474 
   35000   0.50361221 0.0025672874    -3.387771 
   36000    0.4962462  0.018653901   -3.4192721 
   37000   0.49995928 -0.0049775234   -3.4668492 
   38000   0.49120522 -0.0039595565   -3.4722427 
   39000   0.51538346 -0.0065580525   -3.4293476 
   40000   0.50605272 -0.0052575308   -3.4873255 
   41000   0.50374049 0.0011877605   -3.5272987 
   42000   0.48982449 0.00019937266   -3.5625913 
   43000   0.48565411 0.0018226422   -3.5864534 
   44000   0.45948839  0.021030911   -3.6558463 
   45000   0.49707235 0.0046499563   -3.6361652 
   46000   0.49761912  0.011898142   -3.6016932 
   47000    0.5097159 0.0099482325   -3.5554008 
   48000   0.51400912 0.00054623033   -3.5648107 
   49000   0.48881878 -0.0027277637   -3.6259562 
   50000    0.5118444 0.0070846786    -3.589129 
Loop time of 20.3324 on 1 procs for 50000 steps with 1331 atoms

Performance: 849875.288 tau/day, 2459.130 timesteps/s
99.9% CPU use with 1 MPI tasks x no OpenMP threads

MPI task timing breakdown:
Section |  min time  |  avg time  |  max time  |%varavg| %total
---------------------------------------------------------------
Pair    | 16.443     | 16.443     | 16.443     |   0.0 | 80.87
Neigh   | 2.68       | 2.68       | 2.68       |   0.0 | 13.18
Comm    | 0.26047    | 0.26047    | 0.26047    |   0.0 |  1.28
Output  | 0.02313    | 0.02313    | 0.02313    |   0.0 |  0.11
Modify  | 0.84382    | 0.84382    | 0.84382    |   0.0 |  4.15
Other   |            | 0.08222    |            |       |  0.40

Nlocal:    1331 ave 1331 max 1331 min
Histogram: 1 0 0 0 0 0 0 0 0 0
Nghost:    891 ave 891 max 891 min
Histogram: 1 0 0 0 0 0 0 0 0 0
Neighs:    34102 ave 34102 max 34102 min
Histogram: 1 0 0 0 0 0 0 0 0 0

Total # of neighbors = 34102
Ave neighs/atom = 25.6213
Neighbor list builds = 2500
Dangerous builds not checked

write_restart NVT/sim1/T_0.50__v_10.65/end1.restart
Total wall time: 0:00:20
