run 50000
Neighbor list info ...
  update every 20 steps, delay 0 steps, check no
  max neighbors/atom: 2000, page size: 100000
  master list distance cutoff = 2.8
  ghost atom cutoff = 2.8
  binsize = 1.4, bins = 8 8 8
  1 neighbor lists, perpetual/occasional/extra = 1 0 0
  (1) pair lj/cut, perpetual
      attributes: half, newton on
      pair build: half/bin/atomonly/newton
      stencil: half/bin/3d/newton
      bin: standard
Per MPI rank memory allocation (min/avg/max) = 2.797 | 2.797 | 2.797 Mbytes
Step Temp Press TotEng 
       0            1    105.77995    14.615765 
    1000    2.6342417    20.622791   0.71481229 
    2000    1.2218977    11.340488   -2.9703829 
    3000    0.8997298    7.8582295   -4.0632589 
    4000   0.96607327    8.2095644   -3.9140942 
    5000     1.097029     9.306576   -3.5400552 
    6000   0.95879768    8.2548784    -3.912182 
    7000   0.96666931     8.247802   -3.9010113 
    8000    1.0781036    8.9906746   -3.6214042 
    9000   0.95678701    8.5633831   -3.8581831 
   10000   0.97578159    8.4425064   -3.8531289 
   11000    1.0587931    8.9184139   -3.6553472 
   12000   0.95760323    8.7651341   -3.8139796 
   13000   0.97737566    8.3950896   -3.8651842 
   14000    1.0417849    8.9043872   -3.6748795 
   15000   0.98472921    8.5388309   -3.8266074 
   16000   0.97511243    8.1682801   -3.9066731 
   17000    1.0539844    8.9115066   -3.6590742 
   18000    1.0434885     8.450585   -3.7637194 
   19000   0.95586506    8.2031058   -3.9309759 
   20000   0.97913515    9.1146958   -3.7308118 
   21000    1.0181288    8.9110876   -3.7068716 
   22000   0.96623369    8.2051397   -3.8996735 
   23000    1.0012629    8.6371206   -3.7868124 
   24000    1.0307215    8.7573867   -3.7305433 
   25000   0.99712288    8.3198589   -3.8516374 
   26000    1.0175515    8.3903085    -3.809917 
   27000   0.99996516     8.881214   -3.7420533 
   28000   0.99153922    8.7216679   -3.7876422 
   29000    1.0183334    8.5167728   -3.7867015 
   30000   0.99184868    8.6993087   -3.7823338 
   31000    0.9956354    8.4797978   -3.8126287 
   32000   0.98208803    8.8138218   -3.7797207 
   33000    1.0144284    8.6783869    -3.756203 
   34000   0.97107418    8.7228117    -3.818397 
   35000    1.0056214    8.6685347   -3.7663909 
   36000   0.99420701    8.6420821   -3.7890643 
   37000    1.0021614    8.2988274   -3.8457313 
   38000   0.99026351    8.8232881   -3.7690667 
   39000    1.0161678    8.7177415   -3.7496224 
   40000    0.9576598    8.6265164   -3.8447473 
   41000   0.97269017    8.7969899   -3.7917276 
   42000      1.04011    8.5589603   -3.7515757 
   43000   0.96601288    8.5195711   -3.8507568 
   44000   0.97523606    8.8665925   -3.7795435 
   45000    1.0143322     8.881217   -3.7243212 
   46000   0.98595406    8.5224322   -3.8221564 
   47000    1.0033966    8.4672327   -3.8114233 
   48000    1.0048922    8.7627346   -3.7531907 
   49000   0.98190012    8.6373214   -3.8031581 
   50000   0.97026548    8.6552737   -3.8243078 
Loop time of 42.9318 on 1 procs for 50000 steps with 1331 atoms

Performance: 402499.037 tau/day, 1164.638 timesteps/s
99.9% CPU use with 1 MPI tasks x no OpenMP threads

MPI task timing breakdown:
Section |  min time  |  avg time  |  max time  |%varavg| %total
---------------------------------------------------------------
Pair    | 35.893     | 35.893     | 35.893     |   0.0 | 83.61
Neigh   | 5.1632     | 5.1632     | 5.1632     |   0.0 | 12.03
Comm    | 0.75616    | 0.75616    | 0.75616    |   0.0 |  1.76
Output  | 0.026543   | 0.026543   | 0.026543   |   0.0 |  0.06
Modify  | 0.85953    | 0.85953    | 0.85953    |   0.0 |  2.00
Other   |            | 0.233      |            |       |  0.54

Nlocal:    1331 ave 1331 max 1331 min
Histogram: 1 0 0 0 0 0 0 0 0 0
Nghost:    3245 ave 3245 max 3245 min
Histogram: 1 0 0 0 0 0 0 0 0 0
Neighs:    59757 ave 59757 max 59757 min
Histogram: 1 0 0 0 0 0 0 0 0 0

Total # of neighbors = 59757
Ave neighs/atom = 44.8963
Neighbor list builds = 2500
Dangerous builds not checked

write_restart NVT/sim1/T_1.00__v_0.73/end1.restart
Total wall time: 0:00:42
