run 50000
Neighbor list info ...
  update every 20 steps, delay 0 steps, check no
  max neighbors/atom: 2000, page size: 100000
  master list distance cutoff = 2.8
  ghost atom cutoff = 2.8
  binsize = 1.4, bins = 16 16 16
  1 neighbor lists, perpetual/occasional/extra = 1 0 0
  (1) pair lj/cut, perpetual
      attributes: half, newton on
      pair build: half/bin/atomonly/newton
      stencil: half/bin/3d/newton
      bin: standard
Per MPI rank memory allocation (min/avg/max) = 2.7 | 2.7 | 2.7 Mbytes
Step Temp Press Volume Density PotEng KinEng TotEng 
       0          0.3 -0.0079383306        10648        0.125  -0.13561964   0.44966191   0.31404227 
    1000    1.0102563   0.14037017    3438.7568   0.38705849    -2.363028     1.514246    -0.848782 
    2000   0.86992396   0.64831228    1868.2235   0.71244151   -4.2865689    1.3039056   -2.9826633 
    3000   0.64114864    1.6006365    1482.0524   0.89807893    -5.536338    0.9610004   -4.5753376 
    4000   0.41834907    1.8569547    1380.0726     0.964442   -6.0900238   0.62705214   -5.4629716 
    5000   0.29988195     1.951027    1342.2366   0.99162846    -6.324314   0.44948497    -5.874829 
    6000   0.27128431    1.9288006    1331.8483   0.99936305   -6.4047636   0.40662074   -5.9981429 
    7000   0.30394349    1.9628347    1338.8928   0.99410496   -6.3527782    0.4555727   -5.8972055 
    8000    0.3220317    1.8696056    1339.6742   0.99352511   -6.3665311   0.48268463   -5.8838465 
    9000   0.28111122    1.9527102    1330.1131    1.0006668   -6.4141558   0.42135002   -5.9928057 
   10000   0.29809755    1.8453419    1333.3809   0.99821441   -6.4114864   0.44681038   -5.9646761 
   11000   0.30805667     1.928531    1338.0624   0.99472189   -6.3605336   0.46173783   -5.8987958 
   12000   0.28942604    1.9345194    1332.0029   0.99924706   -6.4044215   0.43381288   -5.9706086 
   13000   0.29256633    1.8776899    1329.5945    1.0010571   -6.4321797   0.43851978   -5.9936599 
   14000   0.31145954    1.8132155    1336.2191   0.99609415   -6.3961098    0.4668383   -5.9292715 
   15000   0.29256896    1.8128047    1335.5757   0.99657398   -6.3958217   0.43852372    -5.957298 
   16000   0.29156931    1.7727788    1330.8425    1.0001184   -6.4403599   0.43702538   -6.0033345 
   17000   0.30105785    1.9041963    1332.2688   0.99904761    -6.408719   0.45124749   -5.9574715 
   18000   0.31230647    2.1021229    1328.1625    1.0021364   -6.4085787   0.46810774   -5.9404709 
   19000   0.28944642    2.1492832    1324.4215    1.0049671   -6.4251095   0.43384344    -5.991266 
   20000   0.29923704    1.9563123    1329.5967    1.0010554   -6.4181121   0.44851833   -5.9695937 
   21000    0.3117451    1.8702521    1333.4906   0.99813229   -6.4063864   0.46726632   -5.9391201 
   22000   0.28740288    1.7773742    1331.7757   0.99941755   -6.4292757   0.43078042   -5.9984953 
   23000    0.2924564    1.7866473    1330.0824    1.0006899     -6.44017   0.43835502   -6.0018149 
   24000   0.30980323    1.8894308    1331.3727   0.99972006   -6.4134782    0.4643557   -5.9491225 
   25000   0.30347113    2.0865182    1325.7254    1.0039787   -6.4232892   0.45486469   -5.9684245 
   26000   0.29922154    2.0675863    1322.9403    1.0060923   -6.4506448   0.44849509   -6.0021497 
   27000   0.30356897    1.8960834    1330.5219    1.0003593   -6.4207959   0.45501134   -5.9657846 
   28000   0.29482199    1.8629461     1333.293    0.9982802   -6.4047495   0.44190073   -5.9628487 
   29000   0.28717804    1.7839595    1330.0636     1.000704   -6.4456202   0.43044342   -6.0151768 
   30000   0.29622342    1.7944094    1329.5403    1.0010979   -6.4472202   0.44400129    -6.003219 
   31000   0.30329639    1.8798695    1331.2299   0.99982728   -6.4177335   0.45460278   -5.9631307 
   32000   0.29230383    1.9098196    1327.8474    1.0023742   -6.4373504   0.43812633   -5.9992241 
   33000   0.29453318    2.0271255    1324.0977    1.0052129   -6.4488931   0.44146783   -6.0074253 
   34000   0.30328678    2.0644578    1326.1256    1.0036757   -6.4244686   0.45458838   -5.9698802 
   35000   0.29716663    1.9074662    1328.8187    1.0016415   -6.4317146   0.44541505   -5.9862995 
   36000   0.28944991    1.7507786    1329.6708    1.0009997   -6.4542415   0.43384866   -6.0203928 
   37000   0.29419786    1.8763445    1329.0274    1.0014842   -6.4387442   0.44096524    -5.997779 
   38000   0.29666001    1.9398991    1327.5086      1.00263   -6.4371703   0.44465569   -5.9925146 
   39000   0.30098372    1.9088573    1324.2548    1.0050936   -6.4728666   0.45113638   -6.0217302 
   40000   0.29667748    1.9628784    1325.5017    1.0041481   -6.4513956   0.44468187   -6.0067137 
   41000   0.31323628    1.7508335    1329.9285    1.0008057   -6.4567241   0.46950141   -5.9872227 
   42000   0.29395202    1.5952891     1331.708   0.99946837   -6.4697605   0.44059675   -6.0291637 
   43000   0.28667905    1.6948173    1330.8531    1.0001104   -6.4569849    0.4296955   -6.0272894 
   44000   0.30881833    1.7948483    1330.0339    1.0007264   -6.4459043   0.46287947   -5.9830248 
   45000   0.29855184    1.9327221    1325.5792    1.0040894   -6.4529097   0.44749131   -6.0054184 
   46000   0.29560972    1.8965668    1324.1973    1.0051373   -6.4698787   0.44308143   -6.0267972 
   47000   0.31024262    1.9660628    1325.9841    1.0037828   -6.4490699   0.46501429   -5.9840556 
   48000   0.30174533    2.0635028    1324.3365    1.0050316   -6.4411227   0.45227794   -5.9888448 
   49000   0.29237937    1.8384365    1326.2549    1.0035778    -6.467202   0.43823955   -6.0289625 
   50000   0.29910669    1.7001589    1330.5232    1.0003583   -6.4587369   0.44832295    -6.010414 
Loop time of 44.4978 on 1 procs for 50000 steps with 1331 atoms

Performance: 388334.094 tau/day, 1123.652 timesteps/s
99.9% CPU use with 1 MPI tasks x no OpenMP threads

MPI task timing breakdown:
Section |  min time  |  avg time  |  max time  |%varavg| %total
---------------------------------------------------------------
Pair    | 36.265     | 36.265     | 36.265     |   0.0 | 81.50
Neigh   | 5.1615     | 5.1615     | 5.1615     |   0.0 | 11.60
Comm    | 0.7527     | 0.7527     | 0.7527     |   0.0 |  1.69
Output  | 0.02515    | 0.02515    | 0.02515    |   0.0 |  0.06
Modify  | 2.0627     | 2.0627     | 2.0627     |   0.0 |  4.64
Other   |            | 0.231      |            |       |  0.52

Nlocal:    1331 ave 1331 max 1331 min
Histogram: 1 0 0 0 0 0 0 0 0 0
Nghost:    3240 ave 3240 max 3240 min
Histogram: 1 0 0 0 0 0 0 0 0 0
Neighs:    59423 ave 59423 max 59423 min
Histogram: 1 0 0 0 0 0 0 0 0 0

Total # of neighbors = 59423
Ave neighs/atom = 44.6454
Neighbor list builds = 2500
Dangerous builds not checked

write_restart lattice_11_11_11__2_2_2/sim1/T_0.30__P_1.90/end1.restart
Total wall time: 0:00:44
