run 50000
Neighbor list info ...
  update every 20 steps, delay 0 steps, check no
  max neighbors/atom: 2000, page size: 100000
  master list distance cutoff = 2.8
  ghost atom cutoff = 2.8
  binsize = 1.4, bins = 21 21 21
  1 neighbor lists, perpetual/occasional/extra = 1 0 0
  (1) pair lj/cut, perpetual
      attributes: half, newton on
      pair build: half/bin/atomonly/newton
      stencil: half/bin/3d/newton
      bin: standard
Per MPI rank memory allocation (min/avg/max) = 2.731 | 2.731 | 2.731 Mbytes
Step Temp Press TotEng 
       0            1  0.052730451     1.486544 
    1000    1.0537425  0.045690075    1.2318168 
    2000   0.97300861  0.043406956    1.0499437 
    3000    1.0215812  0.044143776    1.1046252 
    4000   0.99105543  0.039723703    1.0498534 
    5000    1.0114717  0.045153177    1.0880553 
    6000    1.0008187  0.043592274    1.0875257 
    7000    0.9949837  0.040215875    1.0557318 
    8000    1.0137845  0.045354278    1.0778527 
    9000   0.96094506  0.042039304   0.98818367 
   10000    1.0204576  0.043114582     1.105961 
   11000   0.97550984  0.040774856    1.0277028 
   12000    1.0533636  0.045105292    1.1226331 
   13000    1.0013576  0.044889596    1.0550275 
   14000     1.003925  0.042290976    1.0707779 
   15000    0.9968462  0.042751532    1.0634549 
   16000   0.97131565  0.040334693    1.0382463 
   17000    1.0219216  0.038499597    1.0854043 
   18000   0.97790458  0.040984532    1.0480541 
   19000     1.064215  0.043231248    1.1528398 
   20000   0.98268756  0.039999649    1.0434257 
   21000    1.0221477  0.041650309    1.1051379 
   22000   0.98095559  0.040974238     1.030218 
   23000    1.0130842  0.041735896    1.0957066 
   24000    1.0091274   0.04106578    1.0682212 
   25000   0.98796558  0.047302109    1.0703262 
   26000    1.0062099  0.044184487    1.0739037 
   27000    1.0062919  0.038144674    1.0593463 
   28000    1.0060382  0.044735422    1.0648723 
   29000    1.0025714  0.042816613    1.0374389 
   30000    1.0089901  0.039524131    1.0916952 
   31000   0.97362243  0.045127401    1.0145305 
   32000    1.0008265  0.041674476      1.06094 
   33000   0.97051272  0.036548997    1.0214556 
   34000   0.99322133  0.044484595    1.0331683 
   35000    1.0073455  0.040719196    1.0611017 
   36000   0.97243372  0.042402797    1.0051472 
   37000    1.0191889  0.046189183     1.078149 
   38000   0.97480542  0.041811446    1.0113287 
   39000     1.019912  0.043204126    1.1261526 
   40000   0.97492949  0.044678241    1.0414116 
   41000    1.0242528  0.047361966    1.1089549 
   42000     1.023095  0.044664423    1.0918394 
   43000   0.98828308  0.045508009    1.0440001 
   44000    1.0577973  0.046224256    1.1313625 
   45000   0.97249935  0.040078214    1.0336983 
   46000    1.0154164  0.043348208    1.0909391 
   47000   0.95033349  0.039978677   0.97808963 
   48000   0.98813354  0.050179189    1.0469249 
   49000    1.0060775  0.041065184    1.0740689 
   50000   0.97869421  0.038433458    1.0246577 
Loop time of 5.0293 on 1 procs for 50000 steps with 1331 atoms

Performance: 3435868.051 tau/day, 9941.748 timesteps/s
99.7% CPU use with 1 MPI tasks x no OpenMP threads

MPI task timing breakdown:
Section |  min time  |  avg time  |  max time  |%varavg| %total
---------------------------------------------------------------
Pair    | 2.6315     | 2.6315     | 2.6315     |   0.0 | 52.32
Neigh   | 1.1857     | 1.1857     | 1.1857     |   0.0 | 23.58
Comm    | 0.26948    | 0.26948    | 0.26948    |   0.0 |  5.36
Output  | 0.023328   | 0.023328   | 0.023328   |   0.0 |  0.46
Modify  | 0.84021    | 0.84021    | 0.84021    |   0.0 | 16.71
Other   |            | 0.07907    |            |       |  1.57

Nlocal:    1331 ave 1331 max 1331 min
Histogram: 1 0 0 0 0 0 0 0 0 0
Nghost:    986 ave 986 max 986 min
Histogram: 1 0 0 0 0 0 0 0 0 0
Neighs:    3747 ave 3747 max 3747 min
Histogram: 1 0 0 0 0 0 0 0 0 0

Total # of neighbors = 3747
Ave neighs/atom = 2.81518
Neighbor list builds = 2500
Dangerous builds not checked

write_restart NVT/sim1/T_1.00__v_19.68/end1.restart
Total wall time: 0:00:05
