run 50000
Neighbor list info ...
  update every 20 steps, delay 0 steps, check no
  max neighbors/atom: 2000, page size: 100000
  master list distance cutoff = 2.8
  ghost atom cutoff = 2.8
  binsize = 1.4, bins = 21 21 21
  1 neighbor lists, perpetual/occasional/extra = 1 0 0
  (1) pair lj/cut, perpetual
      attributes: half, newton on
      pair build: half/bin/atomonly/newton
      stencil: half/bin/3d/newton
      bin: standard
Per MPI rank memory allocation (min/avg/max) = 2.731 | 2.731 | 2.731 Mbytes
Step Temp Press TotEng 
       0          0.4  0.020010782   0.58722015 
    1000   0.51626305  0.014210408     0.372142 
    2000   0.45844153 0.0063308444  0.092282544 
    3000   0.45819342 0.0099613827   -0.1624831 
    4000   0.44626474 0.0042390076  -0.39533211 
    5000   0.49368304 -0.00072306128  -0.67371006 
    6000   0.47425537 0.0052645713  -0.98802687 
    7000   0.47826438 0.00063044726   -1.3119935 
    8000   0.45193779 -0.002141141   -1.6358307 
    9000   0.43907946 -0.0019351451   -1.9348741 
   10000   0.44287534 0.0069582841   -2.1888575 
   11000   0.40349107 0.0041108935   -2.3920456 
   12000   0.39324818 -0.0016477664   -2.5459755 
   13000    0.3962447 -0.0035415628   -2.6557816 
   14000   0.39688567 -0.0038704564    -2.717232 
   15000   0.41256678  0.011785756   -2.7745742 
   16000   0.38862002 -0.005990094   -2.8608946 
   17000   0.40337084 -0.0081060063   -2.8856736 
   18000   0.39895996 0.0067540977   -2.8742189 
   19000   0.41547992 -0.0071868217   -2.8303192 
   20000   0.40779138 -0.0083232608   -2.8897385 
   21000    0.4096972 -0.0034687852   -2.9933781 
   22000    0.4023046 0.0024919571   -3.0511941 
   23000   0.40989209 -0.0039391799   -3.0688066 
   24000   0.39936864 -0.008977677   -3.1142089 
   25000    0.3849267 -0.0070214722   -3.1526951 
   26000   0.40425182 -0.003086856   -3.1321976 
   27000   0.40908146 -0.00067315903   -3.1278107 
   28000   0.40634045 -0.0020215545   -3.1597029 
   29000   0.39321309 -0.0074160128   -3.2064976 
   30000   0.39490968 -0.00020156799   -3.2230188 
   31000   0.41011198 0.0029359982   -3.2148151 
   32000   0.40103936 -0.00074353536   -3.1746657 
   33000   0.41135163 9.0459794e-05   -3.1686771 
   34000   0.40619008 -0.0033287863   -3.2194213 
   35000   0.39929647 0.0039619583   -3.2185666 
   36000   0.40917292 -0.0015264696   -3.1851899 
   37000   0.40457363 0.0071618996   -3.2346107 
   38000   0.40728591 0.0037261804   -3.2415038 
   39000   0.39364334 -0.0062365658   -3.2604245 
   40000   0.39975947 0.0092898464   -3.2535973 
   41000   0.41205395 -0.0081465398   -3.2140947 
   42000   0.39936316  0.010609734   -3.2511891 
   43000   0.40520285 -0.0067411374   -3.2656607 
   44000   0.41086518 0.0010218686   -3.3190657 
   45000   0.41408541 -0.0050551943   -3.3649663 
   46000   0.39627594 0.0058654347    -3.398238 
   47000   0.38639247 -0.0067158796   -3.4353975 
   48000   0.39655754 -0.0081128641   -3.4885454 
   49000   0.39301859 -0.0039862603    -3.461414 
   50000   0.40040914 0.00096881225    -3.454927 
Loop time of 15.0626 on 1 procs for 50000 steps with 1331 atoms

Performance: 1147214.500 tau/day, 3319.486 timesteps/s
99.9% CPU use with 1 MPI tasks x no OpenMP threads

MPI task timing breakdown:
Section |  min time  |  avg time  |  max time  |%varavg| %total
---------------------------------------------------------------
Pair    | 11.869     | 11.869     | 11.869     |   0.0 | 78.80
Neigh   | 1.9231     | 1.9231     | 1.9231     |   0.0 | 12.77
Comm    | 0.31103    | 0.31103    | 0.31103    |   0.0 |  2.06
Output  | 0.022473   | 0.022473   | 0.022473   |   0.0 |  0.15
Modify  | 0.84705    | 0.84705    | 0.84705    |   0.0 |  5.62
Other   |            | 0.08968    |            |       |  0.60

Nlocal:    1331 ave 1331 max 1331 min
Histogram: 1 0 0 0 0 0 0 0 0 0
Nghost:    1565 ave 1565 max 1565 min
Histogram: 1 0 0 0 0 0 0 0 0 0
Neighs:    27322 ave 27322 max 27322 min
Histogram: 1 0 0 0 0 0 0 0 0 0

Total # of neighbors = 27322
Ave neighs/atom = 20.5274
Neighbor list builds = 2500
Dangerous builds not checked

write_restart NVT/sim1/T_0.40__v_19.68/end1.restart
Total wall time: 0:00:15
