run 50000
Neighbor list info ...
  update every 20 steps, delay 0 steps, check no
  max neighbors/atom: 2000, page size: 100000
  master list distance cutoff = 2.8
  ghost atom cutoff = 2.8
  binsize = 1.4, bins = 11 11 11
  1 neighbor lists, perpetual/occasional/extra = 1 0 0
  (1) pair lj/cut, perpetual
      attributes: half, newton on
      pair build: half/bin/atomonly/newton
      stencil: half/bin/3d/newton
      bin: standard
Per MPI rank memory allocation (min/avg/max) = 2.735 | 2.735 | 2.735 Mbytes
Step Temp Press TotEng 
       0          1.5  -0.93850714  0.021438964 
    1000    1.5085285   0.51156612  0.052726616 
    2000    1.4911463   0.41188879 -0.017598573 
    3000    1.5159931   0.32194385 -0.010944122 
    4000    1.5110879   0.49335372  0.055658251 
    5000    1.4680244   0.51606992 -0.019412849 
    6000    1.5764936   0.48479742   0.15537859 
    7000    1.4607231   0.47521153  0.008953292 
    8000    1.4924293   0.43884033 -0.003170741 
    9000     1.534522   0.42554073  0.069591583 
   10000    1.4376625    0.4271753 -0.041064019 
   11000    1.5121607   0.46067083  0.024442831 
   12000    1.4575007   0.44912868 -0.019374874 
   13000    1.4098628   0.53496468 -0.083409248 
   14000    1.5083492   0.46766819   0.07750981 
   15000    1.4665382    0.3353952 -0.062359241 
   16000     1.537422   0.37383397  0.034669751 
   17000    1.4955132    0.4628794  0.015732711 
   18000    1.4794815   0.40746948 -0.0049336953 
   19000    1.5340127   0.52303009  0.093843042 
   20000    1.4657321    0.3726755 -0.038401919 
   21000    1.5187072    0.4649784   0.04977358 
   22000    1.4215258   0.36474616  -0.11321058 
   23000    1.4976334   0.45725754 -0.011281585 
   24000    1.5076578   0.53468519  0.053001618 
   25000    1.4582614   0.37328685 -0.066850248 
   26000    1.5335286   0.56488427  0.090082811 
   27000    1.4757872    0.4538948  -0.02073805 
   28000    1.5071055   0.43810484  0.015105713 
   29000    1.5700593   0.53577085    0.1746049 
   30000    1.4801101   0.40842732 0.0086255978 
   31000     1.495985   0.39906414 -0.018248375 
   32000    1.5478648   0.57654646   0.10527164 
   33000    1.4700217   0.39745437 -0.037866351 
   34000    1.5117421   0.47642661   0.03227595 
   35000    1.4762546   0.40461633  -0.01305827 
   36000    1.4688949   0.33454176 -0.088976605 
   37000    1.5234297   0.52958948  0.067101982 
   38000    1.4625212   0.32373983 -0.041876437 
   39000    1.5872792    0.4187726   0.14144472 
   40000    1.4625797   0.36281459 -0.062320795 
   41000    1.5114946   0.51800019  0.067030769 
   42000    1.4551771   0.39654892 -0.058520938 
   43000    1.4928271   0.38635986  0.019576583 
   44000    1.4934092   0.41306341  0.011570649 
   45000    1.5226386   0.36771151 0.0029250578 
   46000    1.5472459   0.40795482   0.11116295 
   47000    1.4809317   0.38193892  -0.04190422 
   48000    1.5095028   0.40703841  0.026018535 
   49000    1.4242651   0.33628081  -0.11798935 
   50000    1.5164763   0.48308793  0.036452098 
Loop time of 20.0509 on 1 procs for 50000 steps with 1331 atoms

Performance: 861804.615 tau/day, 2493.648 timesteps/s
99.9% CPU use with 1 MPI tasks x no OpenMP threads

MPI task timing breakdown:
Section |  min time  |  avg time  |  max time  |%varavg| %total
---------------------------------------------------------------
Pair    | 15.21      | 15.21      | 15.21      |   0.0 | 75.86
Neigh   | 3.2978     | 3.2978     | 3.2978     |   0.0 | 16.45
Comm    | 0.55609    | 0.55609    | 0.55609    |   0.0 |  2.77
Output  | 0.024335   | 0.024335   | 0.024335   |   0.0 |  0.12
Modify  | 0.84984    | 0.84984    | 0.84984    |   0.0 |  4.24
Other   |            | 0.1125     |            |       |  0.56

Nlocal:    1331 ave 1331 max 1331 min
Histogram: 1 0 0 0 0 0 0 0 0 0
Nghost:    2176 ave 2176 max 2176 min
Histogram: 1 0 0 0 0 0 0 0 0 0
Neighs:    23966 ave 23966 max 23966 min
Histogram: 1 0 0 0 0 0 0 0 0 0

Total # of neighbors = 23966
Ave neighs/atom = 18.006
Neighbor list builds = 2500
Dangerous builds not checked

write_restart NVT/sim1/T_1.50__v_2.20/end1.restart
Total wall time: 0:00:20
