run 50000
Neighbor list info ...
  update every 20 steps, delay 0 steps, check no
  max neighbors/atom: 2000, page size: 100000
  master list distance cutoff = 2.8
  ghost atom cutoff = 2.8
  binsize = 1.4, bins = 16 16 16
  1 neighbor lists, perpetual/occasional/extra = 1 0 0
  (1) pair lj/cut, perpetual
      attributes: half, newton on
      pair build: half/bin/atomonly/newton
      stencil: half/bin/3d/newton
      bin: standard
Per MPI rank memory allocation (min/avg/max) = 2.7 | 2.7 | 2.7 Mbytes
Step Temp Press Volume Density PotEng KinEng TotEng 
       0          0.7  0.042024104        10648        0.125  -0.13561964    1.0492111   0.91359148 
    1000    1.2733063   0.20521251    5378.1582   0.24748249   -1.4723178    1.9085245   0.43620671 
    2000    1.0868116   0.17671155     3462.979   0.38435116   -2.3816247    1.6289925  -0.75263212 
    3000   0.96071662 -0.038517748    2420.1341   0.54996952   -3.3382672    1.4399922   -1.8982749 
    4000   0.95584535   0.43538599    1859.9464   0.71561201    -4.314093    1.4326908   -2.8814022 
    5000    0.8201021    0.9812059    1638.2075   0.81247338   -4.9138189    1.2292289   -3.6845899 
    6000   0.69542566    1.2423033    1553.5337   0.85675644   -5.2423866    1.0423548   -4.2000319 
    7000   0.68897712    1.1315026    1515.0808   0.87850101   -5.4406519    1.0326892   -4.4079627 
    8000   0.68695288    1.1846466    1521.6834   0.87468919   -5.3946499    1.0296551   -4.3649948 
    9000   0.71288856    1.1829212    1548.0693   0.85978061   -5.2728122    1.0685294   -4.2042827 
   10000    0.7320808    1.1021462    1540.6914   0.86389787    -5.322686    1.0972962   -4.2253898 
   11000   0.68821718    1.2643912    1522.3868   0.87428502   -5.3886337    1.0315502   -4.3570835 
   12000    0.7071825    1.0852943    1534.8324   0.86719567   -5.3610422    1.0599768   -4.3010654 
   13000   0.73173833    1.1921234    1540.4631   0.86402589   -5.3097677    1.0967828   -4.2129848 
   14000   0.70518612    1.1336222    1539.6823   0.86446407   -5.3272022    1.0569845   -4.2702178 
   15000   0.69371085    1.2105118    1525.7978   0.87233056   -5.3678118    1.0397845   -4.3280273 
   16000   0.68897434   0.89001926    1540.7815   0.86384734   -5.3602728    1.0326851   -4.3275878 
   17000   0.73135625     1.340846    1533.4324   0.86798741   -5.3093327    1.0962102   -4.2131225 
   18000    0.7036972   0.97629124     1544.973   0.86150373   -5.3300291    1.0547527   -4.2752763 
   19000   0.69761384    1.0753864    1531.9822   0.86880903   -5.3722002    1.0456346   -4.3265656 
   20000    0.6956469    1.4224869    1528.6649    0.8706944   -5.3288142    1.0426864   -4.2861278 
   21000      0.69155    1.2277832     1543.061   0.86257123   -5.2932049    1.0365456   -4.2566592 
   22000   0.70342982    1.2461039    1532.5551   0.86848425   -5.3356376     1.054352   -4.2812857 
   23000   0.70411539    1.1831853    1527.8184   0.87117684   -5.3706791    1.0553796   -4.3152996 
   24000   0.68459805   0.96413898    1540.8056   0.86383382    -5.344164    1.0261256   -4.3180385 
   25000   0.71006902    1.3457155    1527.8187   0.87117669   -5.3520761    1.0643033   -4.2877728 
   26000   0.70217574    1.1761466    1530.6087   0.86958866   -5.3612902    1.0524723   -4.3088179 
   27000   0.70577906   0.96863688    1537.7298   0.86556171   -5.3626008    1.0578732   -4.3047276 
   28000   0.69459061    1.3049156    1526.9331   0.87168196   -5.3438857    1.0411031   -4.3027826 
   29000   0.68068761    1.1828319    1542.8856   0.86266926     -5.29247    1.0202643   -4.2722057 
   30000   0.70011002    1.3997546    1532.4298   0.86855528   -5.3157767     1.049376   -4.2664007 
   31000   0.70432361    1.1923785    1525.1735   0.87268761   -5.3844051    1.0556917   -4.3287135 
   32000   0.69518698    1.1660043    1529.3307   0.87031538   -5.3780864     1.041997   -4.3360894 
   33000   0.70180156    1.3065134    1538.1952   0.86529983   -5.3022108    1.0519114   -4.2502994 
   34000   0.71064467    1.2484487    1544.0572   0.86201471   -5.2816028    1.0651661   -4.2164367 
   35000   0.68242219    1.0323616    1538.8144   0.86495164   -5.3402691    1.0228642   -4.3174049 
   36000   0.67666086     0.942542    1535.9647   0.86655638   -5.3658488    1.0142287     -4.35162 
   37000   0.72868885    1.2802359    1525.7249   0.87237223   -5.3704341    1.0922121   -4.2782221 
   38000   0.71265119    1.1874818    1540.2948   0.86412029   -5.3072674    1.0681736   -4.2390937 
   39000     0.692567    1.2204862    1537.2109   0.86585388   -5.3138029      1.03807   -4.2757329 
   40000   0.68402408   0.98013813     1541.625   0.86337471   -5.3348046    1.0252652   -4.3095394 
   41000   0.70394865    1.3124275    1531.7057   0.86896587   -5.3251261    1.0551296   -4.2699965 
   42000   0.69453021    1.2457341    1544.0415   0.86202345   -5.2797661    1.0410126   -4.2387535 
   43000   0.69966822    1.2087972    1538.9585   0.86487064   -5.3079651    1.0487138   -4.2592513 
   44000   0.67991436    1.2715483    1530.0107   0.86992856   -5.3471913    1.0191053    -4.328086 
   45000   0.67222713    1.1480998     1539.842   0.86437439   -5.3155907    1.0075831   -4.3080075 
   46000   0.73359321    1.3650196    1529.9894   0.86994065   -5.3286799    1.0995631   -4.2291168 
   47000   0.66795117    1.2927331    1540.4115   0.86405481   -5.2843694     1.001174   -4.2831954 
   48000   0.69323046    1.1095884    1524.1179   0.87329201    -5.407856    1.0390644   -4.3687915 
   49000   0.70723752    1.2886427    1526.7251   0.87180071   -5.3649184    1.0600593   -4.3048591 
   50000   0.67796275    1.1257175    1543.9119   0.86209582   -5.3022904    1.0161801   -4.2861103 
Loop time of 38.7779 on 1 procs for 50000 steps with 1331 atoms

Performance: 445614.611 tau/day, 1289.394 timesteps/s
99.9% CPU use with 1 MPI tasks x no OpenMP threads

MPI task timing breakdown:
Section |  min time  |  avg time  |  max time  |%varavg| %total
---------------------------------------------------------------
Pair    | 31.226     | 31.226     | 31.226     |   0.0 | 80.53
Neigh   | 4.5388     | 4.5388     | 4.5388     |   0.0 | 11.70
Comm    | 0.7312     | 0.7312     | 0.7312     |   0.0 |  1.89
Output  | 0.026157   | 0.026157   | 0.026157   |   0.0 |  0.07
Modify  | 2.0395     | 2.0395     | 2.0395     |   0.0 |  5.26
Other   |            | 0.216      |            |       |  0.56

Nlocal:    1331 ave 1331 max 1331 min
Histogram: 1 0 0 0 0 0 0 0 0 0
Nghost:    3008 ave 3008 max 3008 min
Histogram: 1 0 0 0 0 0 0 0 0 0
Neighs:    50997 ave 50997 max 50997 min
Histogram: 1 0 0 0 0 0 0 0 0 0

Total # of neighbors = 50997
Ave neighs/atom = 38.3148
Neighbor list builds = 2500
Dangerous builds not checked

write_restart lattice_11_11_11__2_2_2/sim1/T_0.70__P_1.20/end1.restart
Total wall time: 0:00:38
