run 50000
Neighbor list info ...
  update every 20 steps, delay 0 steps, check no
  max neighbors/atom: 2000, page size: 100000
  master list distance cutoff = 2.8
  ghost atom cutoff = 2.8
  binsize = 1.4, bins = 17 17 17
  1 neighbor lists, perpetual/occasional/extra = 1 0 0
  (1) pair lj/cut, perpetual
      attributes: half, newton on
      pair build: half/bin/atomonly/newton
      stencil: half/bin/3d/newton
      bin: standard
Per MPI rank memory allocation (min/avg/max) = 2.705 | 2.705 | 2.705 Mbytes
Step Temp Press TotEng 
       0          1.2   0.10038165    1.7051064 
    1000    1.2793424   0.10105082    1.2636434 
    2000    1.1958038  0.094710161   0.99809588 
    3000    1.2088726    0.1011173    1.0467052 
    4000    1.2060376   0.09686098    1.0278109 
    5000     1.195345  0.090126238    1.0394141 
    6000    1.1999081  0.090919012    1.0491253 
    7000    1.1864394  0.085784659     1.036671 
    8000    1.2273636   0.10233141    1.0802064 
    9000    1.1905429   0.11195442    1.0260182 
   10000    1.2143048   0.10497138    1.0930383 
   11000    1.1639288  0.089673793   0.96100528 
   12000    1.2252576  0.090943142    1.0638034 
   13000    1.1710703  0.086545569   0.98160123 
   14000    1.2297464  0.086073232      1.07852 
   15000    1.2132056  0.093274638    1.0575312 
   16000     1.204063  0.094929067    1.0243432 
   17000     1.255632   0.10638514    1.1412434 
   18000    1.1749902  0.088681773    1.0060855 
   19000    1.2229633   0.10189214    1.0570363 
   20000    1.1399533  0.083868384   0.92577631 
   21000    1.1935494  0.096101009    1.0190864 
   22000    1.2079234  0.089373042    1.0663019 
   23000    1.2175282   0.09716278    1.0900126 
   24000     1.198897   0.08942593    1.0143348 
   25000    1.1927283  0.094380523    1.0486072 
   26000    1.1751494  0.085085398   0.96672029 
   27000    1.2308533  0.096345036    1.0874411 
   28000    1.1531298  0.089302031   0.96318265 
   29000    1.2089395    0.1035326    1.0242413 
   30000    1.1831214   0.09591747    1.0130522 
   31000    1.1986568  0.093059298    1.0380109 
   32000    1.2228675  0.092793987    1.0895908 
   33000    1.1736564   0.10263507    1.0308194 
   34000     1.188734   0.11273764    1.0602508 
   35000    1.2107012  0.091362504    1.0398035 
   36000    1.1943227  0.087633722    1.0350282 
   37000    1.2143667   0.10130381    1.0597046 
   38000    1.1616976  0.088453085   0.99280041 
   39000     1.246021  0.089750021    1.0952435 
   40000    1.1644285  0.089253275   0.97519446 
   41000    1.2020371  0.094481135    1.0182599 
   42000     1.229776   0.10911609    1.0816676 
   43000    1.1829488   0.09201437     1.022381 
   44000    1.1748018   0.11394705    1.0029661 
   45000    1.2536948  0.094162896    1.0946898 
   46000    1.1587346  0.084434481   0.98572304 
   47000     1.237239  0.097665056    1.0689224 
   48000    1.1827631  0.087855456   0.99682922 
   49000    1.2133457  0.087588625    1.0665455 
   50000      1.14078  0.091459997   0.95678396 
Loop time of 7.94551 on 1 procs for 50000 steps with 1331 atoms

Performance: 2174812.671 tau/day, 6292.861 timesteps/s
99.8% CPU use with 1 MPI tasks x no OpenMP threads

MPI task timing breakdown:
Section |  min time  |  avg time  |  max time  |%varavg| %total
---------------------------------------------------------------
Pair    | 4.8747     | 4.8747     | 4.8747     |   0.0 | 61.35
Neigh   | 1.7699     | 1.7699     | 1.7699     |   0.0 | 22.28
Comm    | 0.33634    | 0.33634    | 0.33634    |   0.0 |  4.23
Output  | 0.022597   | 0.022597   | 0.022597   |   0.0 |  0.28
Modify  | 0.85343    | 0.85343    | 0.85343    |   0.0 | 10.74
Other   |            | 0.08858    |            |       |  1.11

Nlocal:    1331 ave 1331 max 1331 min
Histogram: 1 0 0 0 0 0 0 0 0 0
Nghost:    1182 ave 1182 max 1182 min
Histogram: 1 0 0 0 0 0 0 0 0 0
Neighs:    7201 ave 7201 max 7201 min
Histogram: 1 0 0 0 0 0 0 0 0 0

Total # of neighbors = 7201
Ave neighs/atom = 5.41022
Neighbor list builds = 2500
Dangerous builds not checked

write_restart NVT/sim1/T_1.20__v_9.26/end1.restart
Total wall time: 0:00:07
