run 50000
Neighbor list info ...
  update every 20 steps, delay 0 steps, check no
  max neighbors/atom: 2000, page size: 100000
  master list distance cutoff = 2.8
  ghost atom cutoff = 2.8
  binsize = 1.4, bins = 12 12 12
  1 neighbor lists, perpetual/occasional/extra = 1 0 0
  (1) pair lj/cut, perpetual
      attributes: half, newton on
      pair build: half/bin/atomonly/newton
      stencil: half/bin/3d/newton
      bin: standard
Per MPI rank memory allocation (min/avg/max) = 2.738 | 2.738 | 2.738 Mbytes
Step Temp Press TotEng 
       0          1.1  -0.60205788   0.16933783 
    1000     1.183251   0.11095103  -0.22649735 
    2000    1.0887526   0.11389231  -0.50127658 
    3000    1.0926966  0.066149045   -0.4900938 
    4000    1.1289596  0.091794179   -0.4165811 
    5000    1.0483547   0.13075978  -0.50644184 
    6000    1.1177756   0.10856817  -0.41734918 
    7000    1.0887761  0.094711553  -0.50912229 
    8000    1.0900596   0.15666159  -0.48222513 
    9000    1.1396977    0.1079831   -0.4456672 
   10000    1.0617777   0.12792605  -0.50919642 
   11000    1.1178035   0.14782759  -0.44026027 
   12000    1.0810094   0.10048722  -0.52276617 
   13000    1.0899665  0.087899424  -0.49070426 
   14000     1.118853   0.10707234  -0.46772749 
   15000    1.1194766   0.13523512  -0.46090625 
   16000    1.0811141   0.14588025  -0.53328288 
   17000    1.0982128  0.051038161  -0.49461479 
   18000    1.1008474   0.12040215   -0.4604015 
   19000    1.1066958   0.18737064  -0.47299067 
   20000    1.0947476  0.074506649  -0.46800537 
   21000    1.1312007   0.14727473   -0.4377186 
   22000    1.1190661  0.093277585  -0.50213722 
   23000    1.0987963  0.089179615  -0.46400847 
   24000    1.0506227  0.063558281  -0.58581149 
   25000    1.1296393  0.065581095   -0.4912787 
   26000    1.0948843   0.13897641  -0.45456244 
   27000    1.1086578   0.11129884  -0.44249616 
   28000    1.0695693  0.066979462  -0.53525702 
   29000    1.1288238  0.084508797  -0.42791924 
   30000    1.1128386  0.057401161  -0.47701787 
   31000    1.0354696  0.046664671  -0.58102183 
   32000    1.0955234   0.13323737  -0.48275057 
   33000    1.0864531   0.14858763  -0.46421004 
   34000    1.1566297   0.13668982  -0.37279217 
   35000     1.090573   0.12771361  -0.49344625 
   36000     1.080665    0.1200587  -0.47446213 
   37000    1.0886976   0.11639168  -0.44815914 
   38000    1.1194553  0.080397126  -0.49149524 
   39000    1.0867162   0.10402506  -0.57547825 
   40000    1.0982595   0.10970497  -0.47176808 
   41000    1.1458693  0.094136179  -0.48321886 
   42000    1.1053278  0.082808423  -0.50924487 
   43000    1.1158407  0.067825182  -0.49216207 
   44000    1.0508818  0.068538705  -0.59083542 
   45000     1.126822  0.078823131  -0.49891026 
   46000    1.1204582  0.043882726  -0.46623255 
   47000    1.0931838   0.13957862  -0.49882611 
   48000    1.1071118   0.12018566  -0.48960273 
   49000    1.1361236   0.16002835  -0.44236651 
   50000     1.095693   0.13026399  -0.48128948 
Loop time of 17.7451 on 1 procs for 50000 steps with 1331 atoms

Performance: 973790.180 tau/day, 2817.680 timesteps/s
99.8% CPU use with 1 MPI tasks x no OpenMP threads

MPI task timing breakdown:
Section |  min time  |  avg time  |  max time  |%varavg| %total
---------------------------------------------------------------
Pair    | 13.203     | 13.203     | 13.203     |   0.0 | 74.40
Neigh   | 3.0459     | 3.0459     | 3.0459     |   0.0 | 17.16
Comm    | 0.51684    | 0.51684    | 0.51684    |   0.0 |  2.91
Output  | 0.024645   | 0.024645   | 0.024645   |   0.0 |  0.14
Modify  | 0.84466    | 0.84466    | 0.84466    |   0.0 |  4.76
Other   |            | 0.1102     |            |       |  0.62

Nlocal:    1331 ave 1331 max 1331 min
Histogram: 1 0 0 0 0 0 0 0 0 0
Nghost:    1897 ave 1897 max 1897 min
Histogram: 1 0 0 0 0 0 0 0 0 0
Neighs:    21213 ave 21213 max 21213 min
Histogram: 1 0 0 0 0 0 0 0 0 0

Total # of neighbors = 21213
Ave neighs/atom = 15.9376
Neighbor list builds = 2500
Dangerous builds not checked

write_restart NVT/sim1/T_1.10__v_2.74/end1.restart
Total wall time: 0:00:17
