run 50000
Neighbor list info ...
  update every 20 steps, delay 0 steps, check no
  max neighbors/atom: 2000, page size: 100000
  master list distance cutoff = 2.8
  ghost atom cutoff = 2.8
  binsize = 1.4, bins = 16 16 16
  1 neighbor lists, perpetual/occasional/extra = 1 0 0
  (1) pair lj/cut, perpetual
      attributes: half, newton on
      pair build: half/bin/atomonly/newton
      stencil: half/bin/3d/newton
      bin: standard
Per MPI rank memory allocation (min/avg/max) = 2.7 | 2.7 | 2.7 Mbytes
Step Temp Press Volume Density PotEng KinEng TotEng 
       0          0.9  0.067005321        10648        0.125  -0.13561964    1.3489857    1.2133661 
    1000    1.3094419   0.16963709    7118.9171   0.18696664   -1.1406725    1.9626871   0.82201457 
    2000     1.120289   0.15981954    5298.7734   0.25119021   -1.6389253     1.679171  0.040245678 
    3000   0.99792649  0.062143911    4085.0285   0.32582392    -2.142299    1.4957651  -0.64653394 
    4000   0.99087568 -0.031069488     3233.595   0.41161618   -2.7202933    1.4851968   -1.2350965 
    5000   0.95128704  0.062569445    2622.2897   0.50757169    -3.200982    1.4258585   -1.7751235 
    6000   0.96104033  0.074198501    2190.4563   0.60763595    -3.694783    1.4404774   -2.2543056 
    7000   0.97243461   0.19907528    1930.1158   0.68959593    -4.159877     1.457556    -2.702321 
    8000   0.89551684   0.43952162    1811.8873   0.73459316   -4.4144767     1.342266   -3.0722107 
    9000   0.87694497   0.42383687    1769.9128   0.75201446   -4.5388849    1.3144292   -3.2244557 
   10000   0.89369499   0.60147207    1778.1478   0.74853172   -4.4894998    1.3395353   -3.1499645 
   11000   0.92001336   0.50762171    1811.1327    0.7348992   -4.4089093    1.3789832   -3.0299261 
   12000   0.89361831   0.40878094    1815.0419   0.73331639   -4.4072722    1.3394204   -3.0678518 
   13000   0.88654166   0.43827132    1787.1206   0.74477347   -4.4945032    1.3288134   -3.1656898 
   14000   0.89930715   0.42873067    1790.2736   0.74346179    -4.486745    1.3479472   -3.1387978 
   15000   0.89245742   0.52978995    1805.0691    0.7373679   -4.4138402    1.3376803   -3.0761598 
   16000   0.89039622   0.58447692    1795.7085   0.74121162   -4.4160384    1.3345909   -3.0814475 
   17000   0.87341007    0.4642672    1791.1162   0.74311204    -4.474243    1.3091308   -3.1651122 
   18000   0.87729909   0.40138924    1802.2255   0.73853134   -4.4668314    1.3149599   -3.1518714 
   19000   0.86967669    0.4416048    1822.6955   0.73023718   -4.3737295    1.3035349   -3.0701946 
   20000   0.88499413   0.49427356    1812.8656   0.73419675   -4.4099043    1.3264938   -3.0834105 
   21000   0.88813307   0.56051298    1790.6128   0.74332095   -4.4524453    1.3311987   -3.1212466 
   22000   0.91856532   0.46290411    1784.0664   0.74604847   -4.5060485    1.3768128   -3.1292357 
   23000   0.88505124   0.49848818    1807.6681   0.73630775    -4.415581    1.3265794   -3.0890016 
   24000   0.90619238   0.31830949    1816.8079    0.7326036   -4.4372929    1.3582673   -3.0790256 
   25000   0.89129299   0.56204752    1787.3261   0.74468784   -4.4651159     1.335935   -3.1291809 
   26000   0.91255468   0.53574792    1776.9693   0.74902813   -4.5140625    1.3678036   -3.1462589 
   27000   0.90407499   0.37760374     1819.189   0.73164469     -4.41364    1.3550936   -3.0585464 
   28000   0.91122087    0.2567424    1814.0023   0.73373666   -4.4478562    1.3658044   -3.0820518 
   29000    0.8887757   0.29099711    1809.0382   0.73575009   -4.4497177    1.3321619   -3.1175558 
   30000   0.85296628   0.44971699    1797.8922   0.74031135   -4.4596887    1.2784881   -3.1812006 
   31000   0.89568765   0.44297821    1790.7435    0.7432667   -4.4905117    1.3425221   -3.1479897 
   32000   0.87638482   0.60980531    1807.4398   0.73640073   -4.3990171    1.3135896   -3.0854275 
   33000   0.90149398   0.22255912    1807.4402   0.73640057   -4.4649998     1.351225   -3.1137747 
   34000   0.86870552     0.423461    1786.3163   0.74510882   -4.4908859    1.3020793   -3.1888066 
   35000   0.91485101   0.55452611    1790.4445    0.7433908   -4.4692767    1.3712455   -3.0980312 
   36000   0.89219232    0.4864535     1798.545   0.74004265    -4.448563     1.337283     -3.11128 
   37000   0.90580642   0.30962106    1793.5637   0.74209797   -4.4987471    1.3576888   -3.1410583 
   38000   0.87398172   0.44907671    1785.3188   0.74552512   -4.5179178    1.3099876   -3.2079302 
   39000   0.89533189   0.53287062    1800.5489   0.73921904    -4.442536    1.3419888   -3.1005472 
   40000   0.93036061   0.49137876    1789.5382    0.7437673   -4.4617134    1.3944924    -3.067221 
   41000   0.88699944   0.71892087    1769.4202   0.75222379    -4.489855    1.3294995   -3.1603554 
   42000   0.89790796     0.504695    1780.7949   0.74741903   -4.4922592      1.34585   -3.1464092 
   43000   0.91042209   0.59869263    1792.0408   0.74272864   -4.4489599    1.3646071   -3.0843527 
   44000   0.91252336    0.2214299     1798.776   0.73994761   -4.4936139    1.3677567   -3.1258573 
   45000   0.85605032   0.48452247    1790.7769   0.74325284   -4.4755999    1.2831107   -3.1924892 
   46000   0.91846037   0.40920491    1791.5646   0.74292606    -4.484731    1.3766555   -3.1080755 
   47000   0.91414623   0.67088365    1797.3624   0.74052955   -4.4254255    1.3701891   -3.0552363 
   48000   0.91432299   0.44711217    1788.5743   0.74416814   -4.4644148    1.3704541   -3.0939607 
   49000   0.92404833   0.48525592    1765.7121   0.75380354   -4.5431878    1.3850311   -3.1581567 
   50000   0.91675176   0.61661965    1776.7461   0.74912225   -4.4831755    1.3740945    -3.109081 
Loop time of 33.9018 on 1 procs for 50000 steps with 1331 atoms

Performance: 509707.782 tau/day, 1474.849 timesteps/s
99.9% CPU use with 1 MPI tasks x no OpenMP threads

MPI task timing breakdown:
Section |  min time  |  avg time  |  max time  |%varavg| %total
---------------------------------------------------------------
Pair    | 26.673     | 26.673     | 26.673     |   0.0 | 78.68
Neigh   | 4.3442     | 4.3442     | 4.3442     |   0.0 | 12.81
Comm    | 0.6835     | 0.6835     | 0.6835     |   0.0 |  2.02
Output  | 0.026344   | 0.026344   | 0.026344   |   0.0 |  0.08
Modify  | 2.0364     | 2.0364     | 2.0364     |   0.0 |  6.01
Other   |            | 0.1381     |            |       |  0.41

Nlocal:    1331 ave 1331 max 1331 min
Histogram: 1 0 0 0 0 0 0 0 0 0
Nghost:    2807 ave 2807 max 2807 min
Histogram: 1 0 0 0 0 0 0 0 0 0
Neighs:    44652 ave 44652 max 44652 min
Histogram: 1 0 0 0 0 0 0 0 0 0

Total # of neighbors = 44652
Ave neighs/atom = 33.5477
Neighbor list builds = 2500
Dangerous builds not checked

write_restart lattice_11_11_11__2_2_2/sim1/T_0.90__P_0.50/end1.restart
Total wall time: 0:00:33
