run 50000
Neighbor list info ...
  update every 20 steps, delay 0 steps, check no
  max neighbors/atom: 2000, page size: 100000
  master list distance cutoff = 2.8
  ghost atom cutoff = 2.8
  binsize = 1.4, bins = 16 16 16
  1 neighbor lists, perpetual/occasional/extra = 1 0 0
  (1) pair lj/cut, perpetual
      attributes: half, newton on
      pair build: half/bin/atomonly/newton
      stencil: half/bin/3d/newton
      bin: standard
Per MPI rank memory allocation (min/avg/max) = 2.7 | 2.7 | 2.7 Mbytes
Step Temp Press TotEng 
       0          1.9   0.19191141    2.7122391 
    1000    1.9654913   0.21725242     2.246384 
    2000    1.8512774    0.2099532    2.0656021 
    3000    1.9386395   0.23106948    2.2268087 
    4000     1.832728   0.22149712    2.0622555 
    5000    1.9413768   0.25134047    2.2389745 
    6000    1.8064331    0.1903513    2.0160194 
    7000    1.9322794   0.23092508    2.2072124 
    8000    1.8537288    0.2018112    2.0720543 
    9000     2.004741   0.21804204    2.2827731 
   10000    1.8690996   0.23105321    2.1026087 
   11000    1.9098604   0.23968266    2.1953867 
   12000    1.8806762   0.21621621    2.1072606 
   13000    1.9087851   0.20542073    2.1582612 
   14000    1.9069234   0.21609205    2.1580918 
   15000    1.8605986   0.21945019    2.0523794 
   16000    1.9434332   0.21464367     2.189619 
   17000    1.8851127   0.20580584    2.0843366 
   18000    1.9897595   0.22369433    2.2946701 
   19000     1.907506   0.23128571    2.1534628 
   20000    1.8903843    0.2115493    2.1327996 
   21000    1.9469006   0.22483411    2.2222685 
   22000    1.8936128   0.20688768    2.0970012 
   23000    1.9145345   0.23119552    2.1654816 
   24000     1.828299    0.1936366     1.997987 
   25000     1.953068   0.21210032    2.1797898 
   26000    1.8897883   0.20617845    2.1061452 
   27000    1.8695663   0.21223879    2.0986813 
   28000    1.9393924    0.2179828    2.1934563 
   29000     1.844901   0.23116888      2.10015 
   30000    1.9159005   0.22691518    2.1834759 
   31000    1.8845947   0.22795022    2.1403867 
   32000    1.9043086   0.20020926    2.1376291 
   33000    1.8813763   0.20035711    2.1060628 
   34000    1.9802905   0.22651109    2.2414681 
   35000     1.837638   0.21041538    2.0564061 
   36000     1.934551    0.2089337    2.2021227 
   37000    1.8020469   0.20061868    2.0039128 
   38000    1.9268984   0.22865064    2.1997023 
   39000     1.857602   0.20003567    2.0877051 
   40000    1.9531308   0.21141365      2.23925 
   41000    1.8224422   0.20597988     2.050316 
   42000    1.9098434   0.22672334    2.1685832 
   43000    1.8954054   0.22037545    2.1407891 
   44000    1.8703817   0.21392079    2.1053219 
   45000    1.9165854   0.22061682    2.1615035 
   46000    1.8461744   0.20283145    2.0658478 
   47000    1.9784789    0.2266348    2.2476413 
   48000     1.863644   0.22004772     2.106102 
   49000      1.91557   0.21502275    2.1752292 
   50000    1.8508049   0.21330486    2.0717563 
Loop time of 8.61663 on 1 procs for 50000 steps with 1331 atoms

Performance: 2005423.387 tau/day, 5802.730 timesteps/s
99.7% CPU use with 1 MPI tasks x no OpenMP threads

MPI task timing breakdown:
Section |  min time  |  avg time  |  max time  |%varavg| %total
---------------------------------------------------------------
Pair    | 5.3231     | 5.3231     | 5.3231     |   0.0 | 61.78
Neigh   | 1.9759     | 1.9759     | 1.9759     |   0.0 | 22.93
Comm    | 0.36438    | 0.36438    | 0.36438    |   0.0 |  4.23
Output  | 0.022746   | 0.022746   | 0.022746   |   0.0 |  0.26
Modify  | 0.83876    | 0.83876    | 0.83876    |   0.0 |  9.73
Other   |            | 0.09178    |            |       |  1.07

Nlocal:    1331 ave 1331 max 1331 min
Histogram: 1 0 0 0 0 0 0 0 0 0
Nghost:    1221 ave 1221 max 1221 min
Histogram: 1 0 0 0 0 0 0 0 0 0
Neighs:    7990 ave 7990 max 7990 min
Histogram: 1 0 0 0 0 0 0 0 0 0

Total # of neighbors = 7990
Ave neighs/atom = 6.00301
Neighbor list builds = 2500
Dangerous builds not checked

write_restart NVT/sim1/T_1.90__v_8.00/end1.restart
Total wall time: 0:00:08
