run 50000
Neighbor list info ...
  update every 20 steps, delay 0 steps, check no
  max neighbors/atom: 2000, page size: 100000
  master list distance cutoff = 2.8
  ghost atom cutoff = 2.8
  binsize = 1.4, bins = 19 19 19
  1 neighbor lists, perpetual/occasional/extra = 1 0 0
  (1) pair lj/cut, perpetual
      attributes: half, newton on
      pair build: half/bin/atomonly/newton
      stencil: half/bin/3d/newton
      bin: standard
Per MPI rank memory allocation (min/avg/max) = 2.717 | 2.717 | 2.717 Mbytes
Step Temp Press TotEng 
       0          0.6  0.034346459    0.8747092 
    1000    0.7246049  0.024759488   0.55859054 
    2000   0.63440355  0.017190715   0.22147375 
    3000   0.61207561  0.021418695  0.015394285 
    4000   0.60910458  0.010033082  -0.13247816 
    5000   0.63130977  0.021905407  -0.29025404 
    6000   0.60574294  0.016211122  -0.46380535 
    7000   0.61108745   0.01010586  -0.62038678 
    8000   0.63788691  0.012026378  -0.79022645 
    9000    0.6340374 0.0027546418  -0.96780561 
   10000    0.6271535  0.018031585     -1.15854 
   11000   0.63690351  0.016946752   -1.3364161 
   12000   0.62650033 0.0050367149   -1.4964514 
   13000    0.6033477  0.010684331   -1.6220796 
   14000   0.58079321 -0.00016157962   -1.7134239 
   15000   0.59232415 -0.0065232707     -1.78093 
   16000   0.59655214 -0.0056607968   -1.8894304 
   17000    0.6135203 -0.0040498088   -1.9674842 
   18000   0.60245419 0.0025838629   -2.0368672 
   19000   0.60403431 0.00088237665   -2.1041164 
   20000   0.60640351 -0.0019008928   -2.1752598 
   21000   0.64002692  0.013919042   -2.2375981 
   22000   0.61603579  0.012036152   -2.2979895 
   23000   0.59865286 -0.0019833679   -2.3780035 
   24000   0.60091071 0.0091676548   -2.4462678 
   25000   0.62696151 0.0088520188     -2.47381 
   26000   0.60450576  0.010042742   -2.5470199 
   27000    0.6178245  0.013603305   -2.5712811 
   28000   0.59782491  0.003525784   -2.6405203 
   29000   0.61157811  0.010536784   -2.6718309 
   30000   0.58964914 0.0060107079   -2.7345434 
   31000   0.60249711 0.0027317208   -2.7554579 
   32000   0.58473856 -0.0071096672   -2.8206444 
   33000   0.60447437 -0.00031133082    -2.820468 
   34000    0.6206839  0.032867909   -2.7901115 
   35000   0.62271487 0.0025367451   -2.8075326 
   36000   0.59620399 -0.009979611   -2.8816451 
   37000   0.60080105 -0.0034955208   -2.8567044 
   38000   0.61100359 0.0056496703   -2.8006077 
   39000   0.62970728 0.00016840744   -2.8345571 
   40000   0.60422894 -0.0017210887   -2.8497152 
   41000   0.60840093 -0.0054514609   -2.7867273 
   42000    0.6093425 0.0034384117   -2.7724138 
   43000   0.59249645 -0.0066080214   -2.8391687 
   44000     0.606425 0.00038750933   -2.8513884 
   45000    0.5971164   0.01031665   -2.9069334 
   46000    0.5802262 0.0045074542   -2.9025349 
   47000   0.60888298  0.010936304   -2.8402226 
   48000   0.60407884 0.0043903244   -2.8721927 
   49000   0.60936893  0.015310339   -2.9358325 
   50000   0.57903385 -0.011330518   -2.9376792 
Loop time of 17.429 on 1 procs for 50000 steps with 1331 atoms

Performance: 991449.935 tau/day, 2868.779 timesteps/s
99.9% CPU use with 1 MPI tasks x no OpenMP threads

MPI task timing breakdown:
Section |  min time  |  avg time  |  max time  |%varavg| %total
---------------------------------------------------------------
Pair    | 13.631     | 13.631     | 13.631     |   0.0 | 78.21
Neigh   | 2.4854     | 2.4854     | 2.4854     |   0.0 | 14.26
Comm    | 0.34723    | 0.34723    | 0.34723    |   0.0 |  1.99
Output  | 0.023265   | 0.023265   | 0.023265   |   0.0 |  0.13
Modify  | 0.8485     | 0.8485     | 0.8485     |   0.0 |  4.87
Other   |            | 0.09349    |            |       |  0.54

Nlocal:    1331 ave 1331 max 1331 min
Histogram: 1 0 0 0 0 0 0 0 0 0
Nghost:    1875 ave 1875 max 1875 min
Histogram: 1 0 0 0 0 0 0 0 0 0
Neighs:    30830 ave 30830 max 30830 min
Histogram: 1 0 0 0 0 0 0 0 0 0

Total # of neighbors = 30830
Ave neighs/atom = 23.163
Neighbor list builds = 2500
Dangerous builds not checked

write_restart NVT/sim1/T_0.60__v_13.82/end1.restart
Total wall time: 0:00:17
