run 50000
Neighbor list info ...
  update every 20 steps, delay 0 steps, check no
  max neighbors/atom: 2000, page size: 100000
  master list distance cutoff = 2.8
  ghost atom cutoff = 2.8
  binsize = 1.4, bins = 23 23 23
  1 neighbor lists, perpetual/occasional/extra = 1 0 0
  (1) pair lj/cut, perpetual
      attributes: half, newton on
      pair build: half/bin/atomonly/newton
      stencil: half/bin/3d/newton
      bin: standard
Per MPI rank memory allocation (min/avg/max) = 2.748 | 2.748 | 2.748 Mbytes
Step Temp Press TotEng 
       0          0.1 0.0029889218   0.13755824 
    1000   0.19934406  0.001501595  0.017606795 
    2000   0.22162192 -0.0017394694  -0.28635712 
    3000   0.25401291 0.0010113995  -0.74740187 
    4000   0.26129375 0.0016161802   -1.3066202 
    5000   0.22216357 -0.0037608377   -1.8150963 
    6000   0.16770863 0.0035250895   -2.2155926 
    7000   0.13749538 0.0011988494   -2.4831787 
    8000   0.11120648 0.00086232835    -2.652536 
    9000  0.096513015 -0.001340848   -2.7402536 
   10000  0.094094625 0.00053996513   -2.7877881 
   11000  0.098157363 0.0023079886   -2.7884917 
   12000   0.10318365 0.0024654288   -2.7884012 
   13000  0.097737282 0.0010574042   -2.8297784 
   14000  0.099777621 0.0015594681   -2.8540799 
   15000   0.10003024 -0.00051962146   -2.8652975 
   16000   0.10793101 -0.00078374882   -2.8584027 
   17000   0.10271214 -0.0037465109    -2.875652 
   18000  0.095953234 0.00054936252   -2.9033251 
   19000   0.10056122 0.0002366994   -2.8878177 
   20000   0.10189384 -0.0025955215   -2.8731336 
   21000  0.097948678 -0.0015566495   -2.8909519 
   22000  0.098826074 0.00038035768   -2.8982996 
   23000   0.10239077 -0.00055160333   -2.8833502 
   24000   0.10299161 0.0034642586   -2.8812884 
   25000   0.10097302 -0.0027043202   -2.9045053 
   26000  0.097150939 -0.0023586049   -2.9031488 
   27000   0.10044812 -0.002563997   -2.8903463 
   28000   0.10280593 0.00071158563   -2.9069806 
   29000  0.098053324 -0.0046370273   -2.9222271 
   30000  0.098753022 0.00078347978   -2.9101252 
   31000   0.10112684 -0.0004935916   -2.9048106 
   32000  0.098805161 -0.001231362   -2.9204255 
   33000   0.10062206 -0.00011464647   -2.9189953 
   34000   0.10220344 0.00046734878   -2.9089928 
   35000   0.10183951 0.0015049361   -2.9121107 
   36000   0.10047363  0.001806297   -2.9327068 
   37000  0.099933497 0.0020492369   -2.9395874 
   38000  0.096805285 -0.00088083381   -2.9274946 
   39000  0.098920425 0.0061874056   -2.9437276 
   40000  0.094891878 -0.0022916411   -2.9614389 
   41000   0.10489757 -0.0027209908   -2.9417453 
   42000   0.10379807 -0.004394837   -2.9418769 
   43000   0.10000973 -0.00044574212   -2.9627668 
   44000   0.10180879 0.00020895342   -2.9625741 
   45000   0.10197658 -0.0029301453   -2.9507656 
   46000   0.10336166 -0.0025146866   -2.9657767 
   47000  0.092534536 0.0024851954   -2.9933379 
   48000    0.0981917 -4.5859022e-05   -2.9852791 
   49000   0.10435738 -0.00080990065   -2.9646546 
   50000  0.098771106 -0.0018841174   -2.9827516 
Loop time of 7.91578 on 1 procs for 50000 steps with 1331 atoms

Performance: 2182980.405 tau/day, 6316.494 timesteps/s
99.8% CPU use with 1 MPI tasks x no OpenMP threads

MPI task timing breakdown:
Section |  min time  |  avg time  |  max time  |%varavg| %total
---------------------------------------------------------------
Pair    | 5.6864     | 5.6864     | 5.6864     |   0.0 | 71.84
Neigh   | 1.0147     | 1.0147     | 1.0147     |   0.0 | 12.82
Comm    | 0.25245    | 0.25245    | 0.25245    |   0.0 |  3.19
Output  | 0.022538   | 0.022538   | 0.022538   |   0.0 |  0.28
Modify  | 0.85973    | 0.85973    | 0.85973    |   0.0 | 10.86
Other   |            | 0.08002    |            |       |  1.01

Nlocal:    1331 ave 1331 max 1331 min
Histogram: 1 0 0 0 0 0 0 0 0 0
Nghost:    930 ave 930 max 930 min
Histogram: 1 0 0 0 0 0 0 0 0 0
Neighs:    11353 ave 11353 max 11353 min
Histogram: 1 0 0 0 0 0 0 0 0 0

Total # of neighbors = 11353
Ave neighs/atom = 8.52968
Neighbor list builds = 2500
Dangerous builds not checked

write_restart NVT/sim1/T_0.10__v_24.39/end1.restart
Total wall time: 0:00:07
