run 50000
Neighbor list info ...
  update every 20 steps, delay 0 steps, check no
  max neighbors/atom: 2000, page size: 100000
  master list distance cutoff = 2.8
  ghost atom cutoff = 2.8
  binsize = 1.4, bins = 19 19 19
  1 neighbor lists, perpetual/occasional/extra = 1 0 0
  (1) pair lj/cut, perpetual
      attributes: half, newton on
      pair build: half/bin/atomonly/newton
      stencil: half/bin/3d/newton
      bin: standard
Per MPI rank memory allocation (min/avg/max) = 2.717 | 2.717 | 2.717 Mbytes
Step Temp Press TotEng 
       0          0.1 -0.0034892263   0.12527269 
    1000   0.29057306 -0.0072372171  -0.17879969 
    2000   0.35563279 -0.0035476099  -0.90095319 
    3000   0.32749406 0.0028188553   -1.8351758 
    4000   0.26408453 0.0028160663   -2.6328571 
    5000   0.18426011 -0.0057464049   -3.1822927 
    6000   0.13142468 0.0052255129   -3.4818163 
    7000   0.11072399 0.0043236719   -3.6536164 
    8000  0.097320122 -0.0012550001   -3.7559802 
    9000   0.10010009 0.0028533778   -3.8045484 
   10000   0.10325757 0.0002308601   -3.8125863 
   11000   0.10056998 -0.0054875255   -3.8299616 
   12000  0.092686185 0.0042697742   -3.8805972 
   13000  0.098376882 -0.0026574686    -3.872046 
   14000   0.11007569 0.0018770745   -3.8645918 
   15000  0.098204537 -0.0037601078    -3.929642 
   16000  0.092725009 -0.0067641041   -3.9497102 
   17000   0.10887661 -0.0018861564   -3.9218182 
   18000   0.10085185 -0.0084548634   -3.9476513 
   19000  0.095479277 0.0053362695   -3.9750133 
   20000   0.10544171 -0.0040489051   -3.9455016 
   21000   0.10770417 -0.0062845364   -3.9526309 
   22000  0.095712698 -0.0036498808   -4.0002154 
   23000   0.10151448 0.00012233871    -3.994196 
   24000    0.1052401 -0.00037513697   -3.9809774 
   25000  0.097416078 0.00081612326   -4.0050814 
   26000  0.094080545 -0.00081138086   -4.0059614 
   27000   0.10703802 0.0058136918   -3.9861884 
   28000  0.098679599 -0.0012534779   -4.0108581 
   29000   0.09416655 0.0033104669   -4.0262139 
   30000   0.10095604 -0.0054392909   -4.0026865 
   31000   0.10214009 -0.0056102956   -4.0061546 
   32000  0.094668358 -0.00041021948    -4.026002 
   33000   0.10185264 0.0025951032   -4.0149653 
   34000   0.10251006 -0.0052435965   -4.0076087 
   35000  0.097148849 -0.00055868817    -4.026004 
   36000  0.099922874 0.0021504492   -4.0252726 
   37000   0.10178462  0.004003874   -4.0092632 
   38000   0.10103361 0.0023075562   -4.0198499 
   39000  0.091629685 0.0056357164   -4.0337305 
   40000    0.1002005 -0.0059852182   -4.0199042 
   41000   0.10209309 -0.0014638563   -4.0214824 
   42000  0.097406656 -0.0048818585   -4.0406669 
   43000  0.097802085 -0.00060212759   -4.0307147 
   44000   0.10300554 -0.0038174161   -4.0166826 
   45000   0.09702617 0.0047662247   -4.0326313 
   46000  0.098970748 -0.001099661   -4.0366528 
   47000   0.10674614 0.0056342904   -4.0185423 
   48000   0.10235474 0.0014483838   -4.0311369 
   49000  0.099738141 0.0037382649   -4.0430398 
   50000   0.10401848 0.0013779139   -4.0258065 
Loop time of 14.5248 on 1 procs for 50000 steps with 1331 atoms

Performance: 1189687.156 tau/day, 3442.382 timesteps/s
99.9% CPU use with 1 MPI tasks x no OpenMP threads

MPI task timing breakdown:
Section |  min time  |  avg time  |  max time  |%varavg| %total
---------------------------------------------------------------
Pair    | 11.604     | 11.604     | 11.604     |   0.0 | 79.89
Neigh   | 1.6322     | 1.6322     | 1.6322     |   0.0 | 11.24
Comm    | 0.31868    | 0.31868    | 0.31868    |   0.0 |  2.19
Output  | 0.024843   | 0.024843   | 0.024843   |   0.0 |  0.17
Modify  | 0.85487    | 0.85487    | 0.85487    |   0.0 |  5.89
Other   |            | 0.09065    |            |       |  0.62

Nlocal:    1331 ave 1331 max 1331 min
Histogram: 1 0 0 0 0 0 0 0 0 0
Nghost:    1263 ave 1263 max 1263 min
Histogram: 1 0 0 0 0 0 0 0 0 0
Neighs:    21747 ave 21747 max 21747 min
Histogram: 1 0 0 0 0 0 0 0 0 0

Total # of neighbors = 21747
Ave neighs/atom = 16.3388
Neighbor list builds = 2500
Dangerous builds not checked

write_restart NVT/sim1/T_0.10__v_13.82/end1.restart
Total wall time: 0:00:14
