run 50000
Neighbor list info ...
  update every 20 steps, delay 0 steps, check no
  max neighbors/atom: 2000, page size: 100000
  master list distance cutoff = 2.8
  ghost atom cutoff = 2.8
  binsize = 1.4, bins = 15 15 15
  1 neighbor lists, perpetual/occasional/extra = 1 0 0
  (1) pair lj/cut, perpetual
      attributes: half, newton on
      pair build: half/bin/atomonly/newton
      stencil: half/bin/3d/newton
      bin: standard
Per MPI rank memory allocation (min/avg/max) = 2.75 | 2.75 | 2.75 Mbytes
Step Temp Press TotEng 
       0          1.5    0.1434298    1.9691709 
    1000    1.6038984   0.22110073    1.4241379 
    2000    1.4383184   0.14722506    1.1758899 
    3000    1.5349474   0.21789166      1.31964 
    4000     1.472187   0.20246042    1.1660681 
    5000    1.4866326   0.20060045     1.246138 
    6000    1.5102089   0.19043147    1.2648117 
    7000    1.4957055   0.19032064    1.2090688 
    8000    1.5637042   0.17653413    1.2947139 
    9000    1.4926858   0.18656002    1.1969085 
   10000    1.5014338   0.18005214    1.2497758 
   11000    1.4955386   0.20331159    1.2511485 
   12000     1.515564    0.1889734    1.2183067 
   13000    1.5144682   0.17137307    1.2335883 
   14000    1.4513725   0.17480668    1.1457886 
   15000    1.5349964   0.20065292    1.2889037 
   16000    1.4546249   0.17306765    1.1606281 
   17000    1.5582102   0.19967025    1.3290933 
   18000    1.4654065   0.19311309    1.2127441 
   19000    1.5843791   0.20996492     1.368071 
   20000    1.4940448   0.21970982    1.2271906 
   21000    1.4952889   0.18836958    1.2627154 
   22000    1.5217344   0.20729499    1.2606072 
   23000    1.4921858   0.18656714    1.2018048 
   24000    1.4946151   0.21923013    1.2495748 
   25000    1.4853844   0.16430535    1.1772987 
   26000    1.4669964   0.19808065    1.1856588 
   27000    1.5232816   0.20237751     1.271624 
   28000    1.4535444   0.18020528    1.1507963 
   29000    1.5528708    0.1892036    1.3159685 
   30000    1.4786484   0.17916344    1.1990384 
   31000     1.506194   0.20022713    1.2594216 
   32000    1.4882989   0.19449545    1.2421277 
   33000    1.4446692   0.16590368    1.1728906 
   34000    1.5233804   0.19090082    1.2932493 
   35000    1.4819321   0.19342923    1.2132324 
   36000      1.48546   0.21821156    1.2185822 
   37000    1.5297159   0.20512686    1.2572764 
   38000    1.4770011    0.1800515    1.1851021 
   39000    1.5487407   0.21836421     1.307174 
   40000    1.4804406   0.18380962    1.1864382 
   41000    1.5188871   0.21401028    1.2701647 
   42000      1.52145   0.16496447    1.2844838 
   43000    1.4768195   0.20641965    1.2214718 
   44000    1.5373796   0.19515719    1.3327156 
   45000    1.4707972   0.18612446    1.1628505 
   46000    1.5145654   0.21204879    1.2842421 
   47000    1.4904902   0.20349321    1.2429967 
   48000    1.5016632    0.1942103    1.2315833 
   49000    1.4786217   0.15820715    1.1843384 
   50000    1.5307282   0.18623053    1.3021642 
Loop time of 10.5614 on 1 procs for 50000 steps with 1331 atoms

Performance: 1636152.065 tau/day, 4734.236 timesteps/s
99.7% CPU use with 1 MPI tasks x no OpenMP threads

MPI task timing breakdown:
Section |  min time  |  avg time  |  max time  |%varavg| %total
---------------------------------------------------------------
Pair    | 6.9214     | 6.9214     | 6.9214     |   0.0 | 65.53
Neigh   | 2.2801     | 2.2801     | 2.2801     |   0.0 | 21.59
Comm    | 0.39656    | 0.39656    | 0.39656    |   0.0 |  3.75
Output  | 0.022546   | 0.022546   | 0.022546   |   0.0 |  0.21
Modify  | 0.84561    | 0.84561    | 0.84561    |   0.0 |  8.01
Other   |            | 0.0952     |            |       |  0.90

Nlocal:    1331 ave 1331 max 1331 min
Histogram: 1 0 0 0 0 0 0 0 0 0
Nghost:    1435 ave 1435 max 1435 min
Histogram: 1 0 0 0 0 0 0 0 0 0
Neighs:    10389 ave 10389 max 10389 min
Histogram: 1 0 0 0 0 0 0 0 0 0

Total # of neighbors = 10389
Ave neighs/atom = 7.80541
Neighbor list builds = 2500
Dangerous builds not checked

write_restart NVT/sim1/T_1.50__v_5.83/end1.restart
Total wall time: 0:00:10
