run 50000
Neighbor list info ...
  update every 20 steps, delay 0 steps, check no
  max neighbors/atom: 2000, page size: 100000
  master list distance cutoff = 2.8
  ghost atom cutoff = 2.8
  binsize = 1.4, bins = 19 19 19
  1 neighbor lists, perpetual/occasional/extra = 1 0 0
  (1) pair lj/cut, perpetual
      attributes: half, newton on
      pair build: half/bin/atomonly/newton
      stencil: half/bin/3d/newton
      bin: standard
Per MPI rank memory allocation (min/avg/max) = 2.717 | 2.717 | 2.717 Mbytes
Step Temp Press TotEng 
       0          1.3  0.087316418    1.9239203 
    1000    1.3575077  0.085377696    1.5899981 
    2000    1.2632728  0.081792779     1.393778 
    3000    1.3450323  0.090773413    1.5238793 
    4000    1.2684031  0.080375256    1.3920648 
    5000    1.3156846  0.083825524    1.4940266 
    6000    1.2889448  0.081749241    1.4400531 
    7000    1.3153462  0.077614947    1.4552705 
    8000    1.2819348   0.08500118     1.424953 
    9000     1.267385  0.077521223    1.3903313 
   10000    1.3123543  0.079317937    1.4486055 
   11000    1.2592815   0.07807241     1.363158 
   12000    1.3260075  0.081964555    1.4944487 
   13000    1.2912859  0.085303508    1.4178936 
   14000    1.3486645  0.087160248    1.5390261 
   15000    1.2541047  0.080505559    1.4124314 
   16000    1.3228319  0.091733205    1.4735463 
   17000    1.2197481  0.080470895    1.3017586 
   18000    1.3118266  0.084992706     1.471759 
   19000    1.2888848  0.085356772    1.4329933 
   20000    1.3108515  0.080064323     1.456955 
   21000    1.2980355  0.087302332     1.427041 
   22000    1.2813705  0.081175563    1.3748255 
   23000    1.3047798  0.085780613    1.4742474 
   24000    1.2925327  0.086166425    1.4362511 
   25000    1.3668473  0.086427557    1.5616831 
   26000    1.2900536  0.085808744     1.413966 
   27000    1.3270496  0.086887729    1.4682535 
   28000    1.2973463  0.081987408    1.4547963 
   29000    1.2853132  0.080669149    1.4247191 
   30000    1.3033808  0.084575904    1.4711342 
   31000    1.2834245  0.079930811    1.4165952 
   32000    1.3224705  0.090992772     1.484182 
   33000     1.255685  0.069277261    1.3598391 
   34000     1.289545  0.084863289    1.4467491 
   35000    1.2917266  0.088438556    1.4480778 
   36000    1.2784572  0.080377082    1.4131214 
   37000    1.3487355  0.078260239     1.489513 
   38000     1.269695  0.088179162    1.4200316 
   39000    1.3029534  0.087760184    1.4567083 
   40000    1.2234485  0.071817702    1.3001206 
   41000    1.3050151  0.086853695    1.4557566 
   42000    1.3175363  0.074001021    1.4591514 
   43000    1.2646912  0.082012681    1.4070042 
   44000    1.3262623  0.084605469    1.4988469 
   45000    1.2996012  0.080677372    1.4357541 
   46000    1.3167882  0.091228952    1.4871296 
   47000    1.2969149  0.078208318     1.418226 
   48000    1.3213404  0.080976807    1.4503747 
   49000    1.2769049  0.076048907    1.3854935 
   50000     1.309281  0.087298614    1.4371418 
Loop time of 6.08341 on 1 procs for 50000 steps with 1331 atoms

Performance: 2840514.250 tau/day, 8219.081 timesteps/s
99.7% CPU use with 1 MPI tasks x no OpenMP threads

MPI task timing breakdown:
Section |  min time  |  avg time  |  max time  |%varavg| %total
---------------------------------------------------------------
Pair    | 3.4159     | 3.4159     | 3.4159     |   0.0 | 56.15
Neigh   | 1.4128     | 1.4128     | 1.4128     |   0.0 | 23.22
Comm    | 0.30368    | 0.30368    | 0.30368    |   0.0 |  4.99
Output  | 0.022472   | 0.022472   | 0.022472   |   0.0 |  0.37
Modify  | 0.84367    | 0.84367    | 0.84367    |   0.0 | 13.87
Other   |            | 0.08491    |            |       |  1.40

Nlocal:    1331 ave 1331 max 1331 min
Histogram: 1 0 0 0 0 0 0 0 0 0
Nghost:    1067 ave 1067 max 1067 min
Histogram: 1 0 0 0 0 0 0 0 0 0
Neighs:    5047 ave 5047 max 5047 min
Histogram: 1 0 0 0 0 0 0 0 0 0

Total # of neighbors = 5047
Ave neighs/atom = 3.79189
Neighbor list builds = 2500
Dangerous builds not checked

write_restart NVT/sim1/T_1.30__v_13.82/end1.restart
Total wall time: 0:00:06
