run 50000
Neighbor list info ...
  update every 20 steps, delay 0 steps, check no
  max neighbors/atom: 2000, page size: 100000
  master list distance cutoff = 2.8
  ghost atom cutoff = 2.8
  binsize = 1.4, bins = 16 16 16
  1 neighbor lists, perpetual/occasional/extra = 1 0 0
  (1) pair lj/cut, perpetual
      attributes: half, newton on
      pair build: half/bin/atomonly/newton
      stencil: half/bin/3d/newton
      bin: standard
Per MPI rank memory allocation (min/avg/max) = 2.7 | 2.7 | 2.7 Mbytes
Step Temp Press Volume Density PotEng KinEng TotEng 
       0          0.2 -0.020428939        10648        0.125  -0.13561964   0.29977461   0.16415497 
    1000   0.78662972 -0.043809338    4004.6698   0.33236199   -2.2696065    1.1790581   -1.0905485 
    2000    0.6442205  -0.11612961    2147.0753   0.61991305   -4.1858765   0.96560473   -3.2202718 
    3000   0.52719726   0.48163556    1506.1988    0.8836815   -5.6165402   0.79020176   -4.8263385 
    4000   0.32964861   0.69394257    1389.3431   0.95800667   -6.2269369   0.49410142   -5.7328355 
    5000   0.20773972   0.85464754    1351.3448   0.98494479   -6.4464703   0.31137546   -6.1350948 
    6000    0.1885693   0.79958877    1338.9555   0.99405846   -6.5458942   0.28264144   -6.2632528 
    7000   0.20167405   0.78415643    1342.2511   0.99161776   -6.5204074    0.3022838   -6.2181236 
    8000    0.2150711   0.76614096    1343.7222    0.9905321   -6.5130304   0.32236427   -6.1906661 
    9000   0.19344516   0.76636694    1338.3972   0.99447308   -6.5517584   0.28994973   -6.2618087 
   10000   0.19643826   0.87366457     1337.446   0.99518037   -6.5431576   0.29443601   -6.2487216 
   11000   0.20756911   0.82183586    1341.9424   0.99184583   -6.5158729   0.31111973   -6.2047531 
   12000   0.19476591   0.82371948    1337.3143   0.99527836   -6.5486342   0.29192938   -6.2567049 
   13000   0.19511915   0.77324591    1336.0125   0.99624817   -6.5691185   0.29245883   -6.2766597 
   14000   0.21166909   0.76351711    1340.1186   0.99319565   -6.5420609   0.31726509   -6.2247958 
   15000   0.19859116   0.77662802    1338.8694   0.99412237   -6.5448643   0.29766294   -6.2472014 
   16000    0.1837098   0.76787581    1335.2208   0.99683888    -6.573673   0.27535767   -6.2983154 
   17000   0.19988301    1.0582301    1331.7539    0.9994339   -6.5498213   0.29959925   -6.2502221 
   18000     0.206235   0.87580967    1336.9943   0.99551659   -6.5423968   0.30912008   -6.2332767 
   19000   0.18298532   0.80057144    1335.2071   0.99684907    -6.564787   0.27427176   -6.2905152 
   20000   0.19746065    0.8538489    1333.4437   0.99816738   -6.5713462   0.29596845   -6.2753777 
   21000   0.20882399   0.75111654    1338.6901   0.99425549   -6.5524244   0.31300065   -6.2394237 
   22000   0.19961934   0.69338368    1336.2726   0.99605422   -6.5787997   0.29920405   -6.2795956 
   23000   0.19144577   0.84628925     1333.532   0.99810126   -6.5744575    0.2869529   -6.2875046 
   24000    0.2106303   0.91528949     1333.972   0.99777205   -6.5593381   0.31570808     -6.24363 
   25000   0.19862417   0.64144128    1339.3384   0.99377421   -6.5685264   0.29771242    -6.270814 
   26000   0.19094932   0.68075277    1335.9548   0.99629116   -6.5812022   0.28620878   -6.2949935 
   27000   0.20536976   0.88191322    1334.2654   0.99755268   -6.5637864   0.30782319   -6.2559632 
   28000   0.20684032   0.75936325    1336.4655    0.9959105   -6.5671829   0.31002738   -6.2571555 
   29000   0.19417087   0.73831364    1334.1521    0.9976374   -6.5853531   0.29103748   -6.2943157 
   30000   0.19818546   0.76033889    1336.2312   0.99608508   -6.5702316   0.29705485   -6.2731767 
   31000   0.20846867   0.94712333    1332.6526   0.99875993   -6.5628438   0.31246807   -6.2503757 
   32000   0.19219168   0.70946943     1335.826   0.99638726   -6.5782857   0.28807092   -6.2902148 
   33000   0.19256247    0.7897317      1334.47   0.99739972   -6.5746981   0.28862669   -6.2860715 
   34000   0.20770973   0.92552181    1332.8892   0.99858261   -6.5664358   0.31133051   -6.2551053 
   35000    0.1909843   0.84100149    1334.2833   0.99753927   -6.5700209   0.28626122   -6.2837597 
   36000   0.19480318   0.81072001    1333.0023   0.99849791   -6.5870487   0.29198523   -6.2950634 
   37000   0.20918119   0.87307526    1332.7284   0.99870311    -6.576167   0.31353605    -6.262631 
   38000   0.19942376   0.64470859    1337.7184   0.99497773   -6.5777095   0.29891089   -6.2787987 
   39000   0.19304633   0.77901803    1332.8445    0.9986161   -6.5918296   0.28935194   -6.3024776 
   40000   0.20598298   0.86708237    1332.3359   0.99899736   -6.5822326   0.30874233   -6.2734903 
   41000   0.20532996   0.73252456    1336.0338    0.9962323   -6.5753818   0.30776353   -6.2676183 
   42000   0.18989732   0.82924443    1332.2955    0.9990276   -6.5849722   0.28463196   -6.3003402 
   43000   0.20141665   0.96985367    1329.2618    1.0013076   -6.5868242   0.30189799   -6.2849262 
   44000   0.20656494   0.60031422    1339.0498   0.99398846   -6.5791183   0.30961461   -6.2695036 
   45000   0.20150257   0.74843682    1333.0788    0.9984406   -6.5936977   0.30202677   -6.2916709 
   46000   0.19491276   0.92975817     1330.402    1.0004495    -6.584992   0.29214948   -6.2928425 
   47000   0.20523936   0.72387937    1335.7983   0.99640792   -6.5777674   0.30762774   -6.2701397 
   48000   0.19527571   0.77080205    1334.8138   0.99714281   -6.5772759   0.29269349   -6.2845824 
   49000   0.19516509   0.86479362    1330.7672    1.0001749    -6.591593   0.29252769   -6.2990653 
   50000   0.20094447   0.80034665    1334.2844   0.99753845   -6.5785088   0.30119024   -6.2773186 
Loop time of 44.0399 on 1 procs for 50000 steps with 1331 atoms

Performance: 392371.752 tau/day, 1135.335 timesteps/s
100.0% CPU use with 1 MPI tasks x no OpenMP threads

MPI task timing breakdown:
Section |  min time  |  avg time  |  max time  |%varavg| %total
---------------------------------------------------------------
Pair    | 35.836     | 35.836     | 35.836     |   0.0 | 81.37
Neigh   | 5.145      | 5.145      | 5.145      |   0.0 | 11.68
Comm    | 0.74944    | 0.74944    | 0.74944    |   0.0 |  1.70
Output  | 0.025141   | 0.025141   | 0.025141   |   0.0 |  0.06
Modify  | 2.0542     | 2.0542     | 2.0542     |   0.0 |  4.66
Other   |            | 0.2298     |            |       |  0.52

Nlocal:    1331 ave 1331 max 1331 min
Histogram: 1 0 0 0 0 0 0 0 0 0
Nghost:    3237 ave 3237 max 3237 min
Histogram: 1 0 0 0 0 0 0 0 0 0
Neighs:    59111 ave 59111 max 59111 min
Histogram: 1 0 0 0 0 0 0 0 0 0

Total # of neighbors = 59111
Ave neighs/atom = 44.411
Neighbor list builds = 2500
Dangerous builds not checked

write_restart lattice_11_11_11__2_2_2/sim1/T_0.20__P_0.80/end1.restart
Total wall time: 0:00:44
