run 50000
Neighbor list info ...
  update every 20 steps, delay 0 steps, check no
  max neighbors/atom: 2000, page size: 100000
  master list distance cutoff = 2.8
  ghost atom cutoff = 2.8
  binsize = 1.4, bins = 16 16 16
  1 neighbor lists, perpetual/occasional/extra = 1 0 0
  (1) pair lj/cut, perpetual
      attributes: half, newton on
      pair build: half/bin/atomonly/newton
      stencil: half/bin/3d/newton
      bin: standard
Per MPI rank memory allocation (min/avg/max) = 2.7 | 2.7 | 2.7 Mbytes
Step Temp Press Volume Density PotEng KinEng TotEng 
       0          0.6  0.029533495        10648        0.125  -0.13561964   0.89932382   0.76370418 
    1000    1.0760315  0.087942643    6169.6744   0.21573262   -1.3856044    1.6128346   0.22723016 
    2000   0.92749121   0.07406922    4192.3869   0.31748024   -2.2117608    1.3901916  -0.82156924 
    3000   0.80843443 -0.081129826    3002.5535   0.44328935   -3.0440049    1.2117406   -1.8322644 
    4000   0.79879638  -0.20772437    2229.7574   0.59692592   -3.9665922    1.1972943   -2.7692979 
    5000   0.75158521   0.12482657     1773.266   0.75059241   -4.6914317    1.1265308   -3.5649009 
    6000     0.681603   0.48343896    1589.0199   0.83762324   -5.2221305    1.0216364   -4.2004941 
    7000   0.57792536   0.59424153    1530.0445   0.86990934   -5.4526409   0.86623673   -4.5864042 
    8000   0.57584713   0.63659374    1503.2716   0.88540222   -5.5782033   0.86312172   -4.7150816 
    9000   0.60977186   0.52943816    1519.9212   0.87570329   -5.5327356   0.91397059    -4.618765 
   10000   0.61458614   0.71105114     1533.112   0.86816879   -5.4291321   0.92118658   -4.5079455 
   11000   0.61105867   0.53639966    1525.0746   0.87274417   -5.5032284   0.91589936    -4.587329 
   12000   0.57997038   0.63615338    1513.8285   0.87922773   -5.5396714   0.86930195   -4.6703695 
   13000   0.61486755   0.49863462    1520.8429    0.8751726   -5.5291436   0.92160839   -4.6075352 
   14000   0.61163064   0.65474464    1533.9126   0.86771569   -5.4355603   0.91675667   -4.5188036 
   15000   0.61147039    0.4029173    1527.9995   0.87107358   -5.5059868   0.91651647   -4.5894703 
   16000   0.57448965   0.48186773    1520.5581   0.87533648   -5.5222811   0.86108705    -4.661194 
   17000   0.57637036   0.47220291    1528.3959   0.87084767   -5.4849828   0.86390598   -4.6210768 
   18000   0.61157756   0.84977072    1520.1693   0.87556035   -5.4646371   0.91667711     -4.54796 
   19000   0.61347307   0.55093502    1527.9674   0.87109188   -5.4802101   0.91951824   -4.5606918 
   20000   0.59134863   0.42543743    1522.5604   0.87418535   -5.5333282   0.88635651   -4.6469717 
   21000   0.58670147   0.67688349    1516.5628   0.87764252   -5.5188893   0.87939101   -4.6394983 
   22000   0.62344889   0.63361988    1526.0885   0.87216434   -5.4790781   0.93447072   -4.5446074 
   23000   0.61970254   0.39008297    1534.2672   0.86751511   -5.4837327   0.92885543   -4.5548773 
   24000   0.57930104   0.53272263     1527.458   0.87138237   -5.4877082    0.8682987   -4.6194095 
   25000   0.60674341   0.76042284    1510.4543   0.88119186   -5.5281713   0.90943133     -4.61874 
   26000   0.59888068   0.85303337    1518.3923   0.87658505   -5.4807995    0.8976461   -4.5831534 
   27000   0.58953709   0.48003178    1537.1569    0.8658843   -5.4479491   0.88364125   -4.5643079 
   28000   0.62018855   0.48425051    1529.4927   0.87022317   -5.4992648   0.92958388   -4.5696809 
   29000   0.59323454    0.5580035    1524.5749   0.87303025   -5.4875154   0.88918326   -4.5983321 
   30000   0.58942993   0.69488815    1521.9953   0.87450994   -5.4788688   0.88348062   -4.5953881 
   31000   0.58409291   0.60256586    1532.8735    0.8683039   -5.4450541   0.87548111    -4.569573 
   32000   0.59126297     0.547893    1530.4172   0.86969749   -5.4572688   0.88622812   -4.5710407 
   33000   0.59456109   0.64181318    1516.2632   0.87781591   -5.5207844   0.89117158   -4.6296128 
   34000   0.59590545   0.89286523    1514.7251   0.87870733   -5.4777154    0.8931866   -4.5845288 
   35000   0.58907712   0.50365677    1533.9485   0.86769534   -5.4539184   0.88295181   -4.5709666 
   36000    0.6000809   0.52844442    1523.7641   0.87349477   -5.5087971   0.89944508    -4.609352 
   37000    0.6108261    0.6855585    1516.1187   0.87789961   -5.5135648   0.91555076    -4.598014 
   38000   0.59215793    0.7012174     1519.287   0.87606884   -5.4934524   0.88756954   -4.6058829 
   39000   0.59822874   0.45331296    1528.9173   0.87055067   -5.4967432   0.89666893   -4.6000742 
   40000   0.60588433   0.63727939    1526.5988   0.87187284   -5.4727069   0.90814368   -4.5645632 
   41000   0.61124206   0.84581898    1511.2563   0.88072421   -5.5111609   0.91617423   -4.5949866 
   42000   0.59548465   0.44180782     1518.025   0.87679714   -5.5457158   0.89255588   -4.6531599 
   43000   0.59039551   0.38295049    1530.0459   0.86990852   -5.5046575   0.88492791   -4.6197296 
   44000   0.61088358   0.50474138    1533.8916   0.86772753   -5.4665121   0.91563691   -4.5508752 
   45000   0.61451547   0.62301202    1522.6472   0.87413553   -5.5038053   0.92108066   -4.5827247 
   46000   0.60025081   0.77477138    1509.8101   0.88156785   -5.5200937   0.89969975    -4.620394 
   47000   0.62263589   0.57280301    1521.2932   0.87491354   -5.5197393   0.93325215   -4.5864871 
   48000   0.61342412   0.48566033    1537.1663   0.86587898   -5.4513191   0.91944487   -4.5318742 
   49000   0.58041756   0.54169559    1526.8201   0.87174644   -5.4809828   0.86997222   -4.6110106 
   50000   0.60667226   0.63914582    1520.1654   0.87556259   -5.5005833   0.90932469   -4.5912586 
Loop time of 38.2962 on 1 procs for 50000 steps with 1331 atoms

Performance: 451220.274 tau/day, 1305.614 timesteps/s
99.9% CPU use with 1 MPI tasks x no OpenMP threads

MPI task timing breakdown:
Section |  min time  |  avg time  |  max time  |%varavg| %total
---------------------------------------------------------------
Pair    | 30.806     | 30.806     | 30.806     |   0.0 | 80.44
Neigh   | 4.5017     | 4.5017     | 4.5017     |   0.0 | 11.76
Comm    | 0.71067    | 0.71067    | 0.71067    |   0.0 |  1.86
Output  | 0.02653    | 0.02653    | 0.02653    |   0.0 |  0.07
Modify  | 2.0405     | 2.0405     | 2.0405     |   0.0 |  5.33
Other   |            | 0.2109     |            |       |  0.55

Nlocal:    1331 ave 1331 max 1331 min
Histogram: 1 0 0 0 0 0 0 0 0 0
Nghost:    3023 ave 3023 max 3023 min
Histogram: 1 0 0 0 0 0 0 0 0 0
Neighs:    51635 ave 51635 max 51635 min
Histogram: 1 0 0 0 0 0 0 0 0 0

Total # of neighbors = 51635
Ave neighs/atom = 38.7941
Neighbor list builds = 2500
Dangerous builds not checked

write_restart lattice_11_11_11__2_2_2/sim1/T_0.60__P_0.60/end1.restart
Total wall time: 0:00:38
