run 50000
Neighbor list info ...
  update every 20 steps, delay 0 steps, check no
  max neighbors/atom: 2000, page size: 100000
  master list distance cutoff = 2.8
  ghost atom cutoff = 2.8
  binsize = 1.4, bins = 16 16 16
  1 neighbor lists, perpetual/occasional/extra = 1 0 0
  (1) pair lj/cut, perpetual
      attributes: half, newton on
      pair build: half/bin/atomonly/newton
      stencil: half/bin/3d/newton
      bin: standard
Per MPI rank memory allocation (min/avg/max) = 2.7 | 2.7 | 2.7 Mbytes
Step Temp Press TotEng 
       0          0.8  0.054514712    1.0634788 
    1000    0.9764719  0.073319304   0.57659265 
    2000   0.80460808  0.039219411   0.15771768 
    3000   0.79355904  0.024513685 -0.0014930235 
    4000   0.81141485  0.019599137 -0.030843466 
    5000   0.80281828  0.033201851 -0.090483519 
    6000   0.80469012  0.015840252  -0.21166391 
    7000   0.80613951  0.029410428  -0.27984327 
    8000   0.79482904  0.017523115  -0.37635682 
    9000   0.79075212   0.01094268  -0.47946763 
   10000   0.82928762  0.025914052  -0.51611673 
   11000   0.81264776  0.003394076  -0.62278449 
   12000   0.79439735   0.01752949  -0.71122198 
   13000   0.77336707  0.017096846  -0.78030982 
   14000   0.80899418  0.021827219  -0.90786896 
   15000   0.82729873  0.034683645  -0.89171015 
   16000   0.80995952  0.018034909   -0.9595435 
   17000   0.80921786  0.015812729   -1.0236726 
   18000   0.81962781 0.0050908125   -1.1122977 
   19000   0.81515943  0.021002387   -1.1709227 
   20000   0.80115223 -0.0036116598   -1.2266921 
   21000   0.82556424  0.026134454   -1.1598979 
   22000    0.8054538   0.02660972   -1.1779189 
   23000   0.80583524   0.03026778   -1.2639036 
   24000   0.81277299  0.023790683     -1.29806 
   25000   0.80923377  0.023670514   -1.3201739 
   26000    0.7805939  0.026452717   -1.3759205 
   27000   0.79383911  0.012833788   -1.4217436 
   28000   0.82578409  0.027647525   -1.3841207 
   29000   0.83005426  0.016731607   -1.3341233 
   30000   0.77748245  0.021656016   -1.4141719 
   31000   0.80571361   0.01258786   -1.4047804 
   32000   0.80074436  0.025304269   -1.3437216 
   33000   0.78338832    0.0116143     -1.43413 
   34000   0.77356058  0.026827308   -1.4270163 
   35000   0.80131898  0.018647928   -1.4146914 
   36000   0.77651485   0.02019257   -1.5017727 
   37000   0.81334504  0.014065694   -1.4507066 
   38000   0.82318369  0.027300243   -1.3919399 
   39000   0.82072644  0.012839056   -1.4505664 
   40000   0.79980611 0.0072021874   -1.5170847 
   41000   0.81579536  0.032321074   -1.5452106 
   42000   0.75723061   0.03753594   -1.6240263 
   43000   0.79727083  0.031468717   -1.5701451 
   44000   0.79630524 0.0092099376   -1.5669236 
   45000   0.76432491  0.018992483   -1.6054109 
   46000   0.79309716  0.024784643    -1.596863 
   47000   0.82050204  0.034327477   -1.5628612 
   48000   0.81402145  0.021755331   -1.6515771 
   49000   0.79172652  0.011051241   -1.6279069 
   50000   0.80435169  0.014022598   -1.6195879 
Loop time of 16.1629 on 1 procs for 50000 steps with 1331 atoms

Performance: 1069117.585 tau/day, 3093.512 timesteps/s
99.9% CPU use with 1 MPI tasks x no OpenMP threads

MPI task timing breakdown:
Section |  min time  |  avg time  |  max time  |%varavg| %total
---------------------------------------------------------------
Pair    | 12.173     | 12.173     | 12.173     |   0.0 | 75.31
Neigh   | 2.6282     | 2.6282     | 2.6282     |   0.0 | 16.26
Comm    | 0.393      | 0.393      | 0.393      |   0.0 |  2.43
Output  | 0.022601   | 0.022601   | 0.022601   |   0.0 |  0.14
Modify  | 0.85075    | 0.85075    | 0.85075    |   0.0 |  5.26
Other   |            | 0.09576    |            |       |  0.59

Nlocal:    1331 ave 1331 max 1331 min
Histogram: 1 0 0 0 0 0 0 0 0 0
Nghost:    1697 ave 1697 max 1697 min
Histogram: 1 0 0 0 0 0 0 0 0 0
Neighs:    25047 ave 25047 max 25047 min
Histogram: 1 0 0 0 0 0 0 0 0 0

Total # of neighbors = 25047
Ave neighs/atom = 18.8182
Neighbor list builds = 2500
Dangerous builds not checked

write_restart NVT/sim1/T_0.80__v_8.00/end1.restart
Total wall time: 0:00:16
