run 50000
Neighbor list info ...
  update every 20 steps, delay 0 steps, check no
  max neighbors/atom: 2000, page size: 100000
  master list distance cutoff = 2.8
  ghost atom cutoff = 2.8
  binsize = 1.4, bins = 16 16 16
  1 neighbor lists, perpetual/occasional/extra = 1 0 0
  (1) pair lj/cut, perpetual
      attributes: half, newton on
      pair build: half/bin/atomonly/newton
      stencil: half/bin/3d/newton
      bin: standard
Per MPI rank memory allocation (min/avg/max) = 2.7 | 2.7 | 2.7 Mbytes
Step Temp Press Volume Density PotEng KinEng TotEng 
       0          0.2 -0.020428939        10648        0.125  -0.13561964   0.29977461   0.16415497 
    1000   0.86608216 -0.025561063    3270.5118   0.40696995   -2.6066864    1.2981472   -1.3085392 
    2000   0.75096972   0.34637916    1726.7007   0.77083421   -4.7877412    1.1256083    -3.662133 
    3000   0.45832235    1.3240207    1425.9136   0.93343664   -5.8885232   0.68696701   -5.2015562 
    4000   0.27558797    1.3822963    1354.9639   0.98231397   -6.3348187   0.41307137   -5.9217473 
    5000   0.19409726    1.3567865    1331.5938   0.99955404   -6.5026271   0.29092714      -6.2117 
    6000   0.18245628    1.3934356    1324.3859    1.0049941   -6.5464979    0.2734788   -6.2730191 
    7000   0.20740317    1.4314051     1329.326    1.0012593   -6.5087734   0.31087101   -6.1979024 
    8000   0.19471269    1.5098202    1326.5608    1.0033464   -6.5085722    0.2918496   -6.2167226 
    9000   0.18254039    1.4304916    1323.1214    1.0059545   -6.5505049   0.27360487      -6.2769 
   10000   0.19930874    1.4556818    1325.7263     1.003978   -6.5279777   0.29873849   -6.2292392 
   11000   0.20119237    1.4562946    1326.5088    1.0033857   -6.5188541   0.30156181   -6.2172922 
   12000    0.1862199    1.4630424    1322.0295    1.0067854   -6.5555027   0.27911999   -6.2763827 
   13000   0.19241541    1.3770669    1324.8007    1.0046794   -6.5484069   0.28840627   -6.2600006 
   14000    0.2088194    1.4033177    1326.8261    1.0031458   -6.5332232   0.31299376   -6.2202294 
   15000   0.19387877    1.4639818    1321.9597    1.0068386    -6.558381   0.29059966   -6.2677813 
   16000   0.19480132    1.4971615    1320.0866    1.0082672   -6.5645059   0.29198244   -6.2725235 
   17000   0.20861994    1.6096078    1321.5369    1.0071607   -6.5347019    0.3126948   -6.2220071 
   18000   0.19835572    1.3585707    1324.3486    1.0050224   -6.5544781   0.29731005   -6.2571681 
   19000   0.18977258    1.2898981    1323.6841    1.0055269   -6.5712572     0.284445   -6.2868122 
   20000    0.2028218    1.3804081    1325.0343    1.0045023   -6.5447436   0.30400413   -6.2407394 
   21000   0.20182635    1.5139476    1322.3353    1.0065526   -6.5444103   0.30251207   -6.2418982 
   22000   0.19384293    1.4141724    1320.4051     1.008024   -6.5741481   0.29054594   -6.2836022 
   23000   0.20075218    1.4618758    1321.8556    1.0069179   -6.5563525   0.30090203   -6.2554505 
   24000   0.20630466    1.2194948    1328.4676    1.0019062    -6.551334    0.3092245   -6.2421095 
   25000    0.1909636    1.2952246    1323.0306    1.0060236   -6.5759975   0.28623018   -6.2897673 
   26000   0.20433375    1.3832127    1320.2771    1.0081217   -6.5839336   0.30627035   -6.2776633 
   27000   0.20873482    1.4068897    1321.5575     1.007145   -6.5677176     0.312867   -6.2548506 
   28000   0.19880902    1.4169752    1319.0341    1.0090717   -6.5863552   0.29798948   -6.2883658 
   29000   0.19435747    1.4572653    1318.5228     1.009463   -6.5833199   0.29131717   -6.2920027 
   30000   0.20274752    1.3870233    1321.1441    1.0074602   -6.5743089   0.30389278   -6.2704161 
   31000   0.20065858    1.2472652     1320.053    1.0082928   -6.6102956   0.30076174   -6.3095338 
   32000   0.19388691    1.2051429    1319.9877    1.0083427   -6.6177486   0.29061185   -6.3271368 
   33000    0.1997869    1.4035533    1316.7717    1.0108055   -6.6104313    0.2994552   -6.3109761 
   34000   0.20918163     1.488464     1308.146    1.0174705   -6.6668045    0.3135367   -6.3532678 
   35000   0.19756472    1.4741467    1298.9308    1.0246889   -6.7485922   0.29612443   -6.4524678 
   36000   0.20890826    1.4240645    1286.8874    1.0342785   -6.8578167   0.31312695   -6.5446897 
   37000   0.19111124    1.4307852     1277.262    1.0420728   -6.9401488   0.28645148   -6.6536973 
   38000   0.19671731    1.4077943    1274.3568    1.0444484   -6.9638394   0.29485427   -6.6689851 
   39000   0.20586214    1.3827061    1274.9492    1.0439631   -6.9617522   0.30856122    -6.653191 
   40000   0.19462581    1.4040902    1273.4505    1.0451918   -6.9716467   0.29171937   -6.6799273 
   41000   0.19971358    1.3157492    1274.4437    1.0443773   -6.9778479    0.2993453   -6.6785026 
   42000   0.20717601    1.2637989    1277.2251    1.0421029   -6.9651759   0.31053054   -6.6546454 
   43000   0.19846719    1.2969636    1275.4441    1.0435581     -6.97254   0.29747712   -6.6750628 
   44000   0.20292025    1.1921278    1275.7422    1.0433142   -6.9893497   0.30415169    -6.685198 
   45000   0.20211544     1.315359     1276.283    1.0428721   -6.9595685   0.30294538   -6.6566232 
   46000   0.20199778    1.3173698    1275.0943    1.0438443   -6.9700093   0.30276903   -6.6672403 
   47000   0.19400908    1.3763068    1273.3364    1.0452855    -6.977433   0.29079498   -6.6866381 
   48000   0.20159311    1.4980639    1272.6087    1.0458831   -6.9611392   0.30216247   -6.6589767 
   49000   0.20615581    1.5905876    1271.7401    1.0465975   -6.9642512   0.30900138   -6.6552498 
   50000   0.19392495    1.5678169    1270.7522    1.0474112   -6.9750264   0.29066887   -6.6843575 
Loop time of 44.2454 on 1 procs for 50000 steps with 1331 atoms

Performance: 390549.468 tau/day, 1130.062 timesteps/s
100.0% CPU use with 1 MPI tasks x no OpenMP threads

MPI task timing breakdown:
Section |  min time  |  avg time  |  max time  |%varavg| %total
---------------------------------------------------------------
Pair    | 35.966     | 35.966     | 35.966     |   0.0 | 81.29
Neigh   | 5.2016     | 5.2016     | 5.2016     |   0.0 | 11.76
Comm    | 0.76079    | 0.76079    | 0.76079    |   0.0 |  1.72
Output  | 0.026006   | 0.026006   | 0.026006   |   0.0 |  0.06
Modify  | 2.0593     | 2.0593     | 2.0593     |   0.0 |  4.65
Other   |            | 0.2318     |            |       |  0.52

Nlocal:    1331 ave 1331 max 1331 min
Histogram: 1 0 0 0 0 0 0 0 0 0
Nghost:    3310 ave 3310 max 3310 min
Histogram: 1 0 0 0 0 0 0 0 0 0
Neighs:    58559 ave 58559 max 58559 min
Histogram: 1 0 0 0 0 0 0 0 0 0

Total # of neighbors = 58559
Ave neighs/atom = 43.9962
Neighbor list builds = 2500
Dangerous builds not checked

write_restart lattice_11_11_11__2_2_2/sim1/T_0.20__P_1.40/end1.restart
Total wall time: 0:00:44
