run 50000
Neighbor list info ...
  update every 20 steps, delay 0 steps, check no
  max neighbors/atom: 2000, page size: 100000
  master list distance cutoff = 2.8
  ghost atom cutoff = 2.8
  binsize = 1.4, bins = 13 13 13
  1 neighbor lists, perpetual/occasional/extra = 1 0 0
  (1) pair lj/cut, perpetual
      attributes: half, newton on
      pair build: half/bin/atomonly/newton
      stencil: half/bin/3d/newton
      bin: standard
Per MPI rank memory allocation (min/avg/max) = 2.742 | 2.742 | 2.742 Mbytes
Step Temp Press TotEng 
       0            1  -0.28139347   0.52303331 
    1000    1.1156378   0.10970318 0.0032483147 
    2000    0.9853649  0.010260685  -0.39109958 
    3000    1.0110904  0.038717346  -0.45432574 
    4000    1.0042579  0.075580341   -0.4780004 
    5000    1.0177057  0.034671099  -0.52317476 
    6000    1.0009716  0.086070264  -0.56315294 
    7000   0.99774878  0.068669404  -0.54154835 
    8000   0.97404737   0.10287076  -0.61324528 
    9000    1.0231827  0.051002993  -0.55229065 
   10000   0.99516272  0.034048171  -0.64448195 
   11000   0.98092131  0.054633293  -0.67423658 
   12000    1.0493101  0.083130115  -0.55682052 
   13000   0.97943422  0.020081607  -0.63493671 
   14000    1.0199409  0.073090212  -0.53551781 
   15000    1.0240547  0.097919767  -0.52469028 
   16000    1.0279302  0.015462012  -0.59144671 
   17000   0.98670468  0.090399043  -0.70784349 
   18000    1.0118969  0.016987791  -0.70253654 
   19000    1.0203664  0.049366899   -0.6657443 
   20000   0.98309972 0.0077269249  -0.64192335 
   21000    1.0230153   0.11022405  -0.62091892 
   22000   0.96731171  0.045218361  -0.68345601 
   23000    1.0391607  0.089220587  -0.58144321 
   24000   0.98312524   0.05893348  -0.63619294 
   25000   0.97818572  0.071801331   -0.6179239 
   26000   0.97995241  0.070310346  -0.64127393 
   27000   0.98063653  0.067414668  -0.69744278 
   28000    1.0031408  0.088526029  -0.62377572 
   29000    1.0107382  0.030757509   -0.6036832 
   30000    1.0324499  0.097018351  -0.68877457 
   31000   0.99367896  0.042586558  -0.68008873 
   32000    1.0003765  0.065255864  -0.67975629 
   33000   0.99105064  0.039161273  -0.72160511 
   34000    1.0279163  0.099538804  -0.61790261 
   35000   0.98576589  0.084532154  -0.70381612 
   36000   0.99685721  0.092558344  -0.70160087 
   37000   0.96766568  0.045091653  -0.73365811 
   38000    1.0138138   0.06273419  -0.65432003 
   39000    1.0118201  0.045222937   -0.7264229 
   40000    0.9949076   0.03782063  -0.74900547 
   41000    1.0292337  0.054761414  -0.62970938 
   42000   0.98331672  0.068447135   -0.6819359 
   43000   0.99639212 -0.00026650902  -0.67573774 
   44000   0.99513142 0.0088714726  -0.70035278 
   45000    1.0432114   0.14411111  -0.62421197 
   46000     1.000046   0.12977599  -0.69666387 
   47000    1.0122385  0.095260421  -0.63779707 
   48000   0.95733683   0.10821105  -0.68754939 
   49000    1.0301486   0.02679552   -0.5637893 
   50000   0.98845177  0.080375018   -0.6428227 
Loop time of 16.9159 on 1 procs for 50000 steps with 1331 atoms

Performance: 1021521.145 tau/day, 2955.790 timesteps/s
99.9% CPU use with 1 MPI tasks x no OpenMP threads

MPI task timing breakdown:
Section |  min time  |  avg time  |  max time  |%varavg| %total
---------------------------------------------------------------
Pair    | 12.568     | 12.568     | 12.568     |   0.0 | 74.29
Neigh   | 2.914      | 2.914      | 2.914      |   0.0 | 17.23
Comm    | 0.46378    | 0.46378    | 0.46378    |   0.0 |  2.74
Output  | 0.022766   | 0.022766   | 0.022766   |   0.0 |  0.13
Modify  | 0.84335    | 0.84335    | 0.84335    |   0.0 |  4.99
Other   |            | 0.1044     |            |       |  0.62

Nlocal:    1331 ave 1331 max 1331 min
Histogram: 1 0 0 0 0 0 0 0 0 0
Nghost:    2005 ave 2005 max 2005 min
Histogram: 1 0 0 0 0 0 0 0 0 0
Neighs:    20421 ave 20421 max 20421 min
Histogram: 1 0 0 0 0 0 0 0 0 0

Total # of neighbors = 20421
Ave neighs/atom = 15.3426
Neighbor list builds = 2500
Dangerous builds not checked

write_restart NVT/sim1/T_1.00__v_3.38/end1.restart
Total wall time: 0:00:16
