run 50000
Neighbor list info ...
  update every 20 steps, delay 0 steps, check no
  max neighbors/atom: 2000, page size: 100000
  master list distance cutoff = 2.8
  ghost atom cutoff = 2.8
  binsize = 1.4, bins = 14 14 14
  1 neighbor lists, perpetual/occasional/extra = 1 0 0
  (1) pair lj/cut, perpetual
      attributes: half, newton on
      pair build: half/bin/atomonly/newton
      stencil: half/bin/3d/newton
      bin: standard
Per MPI rank memory allocation (min/avg/max) = 2.746 | 2.746 | 2.746 Mbytes
Step Temp Press TotEng 
       0          1.3  0.045345647    1.5262009 
    1000     1.415194   0.20061728   0.96455027 
    2000    1.2293526   0.16251876    0.6192824 
    3000    1.3166253   0.18407113   0.72914273 
    4000    1.3128666   0.15101551   0.72784556 
    5000    1.2951215   0.13950387   0.66671991 
    6000    1.3184273   0.17058983   0.75349425 
    7000    1.2985641   0.14468752   0.68108519 
    8000    1.3177716    0.1459968   0.74097198 
    9000    1.2799609    0.1763142   0.73537706 
   10000    1.3094205   0.15894396   0.69879549 
   11000    1.2843219   0.12966476   0.69371801 
   12000    1.2975222   0.15831342   0.70011799 
   13000    1.3019135   0.16246887   0.71196449 
   14000    1.2576268   0.16222042   0.60005923 
   15000    1.2875805   0.16158381   0.70878495 
   16000    1.3331248   0.15852732   0.75836995 
   17000    1.2882535   0.14732397   0.66689056 
   18000     1.295288   0.16980553   0.73945253 
   19000    1.2915132   0.15113862   0.69206723 
   20000       1.3287   0.15960522   0.73584696 
   21000    1.2900393   0.18151737   0.71477996 
   22000    1.2651386   0.14741287   0.68038211 
   23000    1.3188975   0.15930493   0.72264626 
   24000    1.2819135   0.17809384    0.6746655 
   25000    1.3546237   0.18112346   0.80284891 
   26000    1.2707967   0.19067356   0.64378366 
   27000    1.3020706   0.16229054   0.70544256 
   28000    1.2982769   0.13309233    0.6871103 
   29000     1.295731   0.16300792   0.69067555 
   30000     1.267576   0.19366114   0.68424873 
   31000    1.2914556   0.16973793   0.69529426 
   32000    1.3729012    0.1595643   0.82337009 
   33000    1.3098455   0.15671902   0.73337717 
   34000    1.2839442   0.15044327   0.68783005 
   35000    1.3159432   0.15316913   0.76358348 
   36000    1.2474879   0.15250226   0.63295104 
   37000     1.306127   0.18239524    0.7292344 
   38000    1.2372976   0.15172797   0.65560412 
   39000    1.3127488   0.23133311   0.73841643 
   40000    1.2866406   0.17742332   0.67986246 
   41000    1.2836423   0.14942562   0.70462682 
   42000    1.3220747   0.17141862   0.76710381 
   43000    1.2383781   0.12095219   0.61247698 
   44000    1.3198822   0.16346897   0.73505577 
   45000    1.2775834   0.14624535   0.61487368 
   46000    1.2962436   0.14287783    0.6920057 
   47000     1.306556   0.17615853   0.74399955 
   48000    1.2775151   0.16967313   0.66408596 
   49000    1.3387365   0.18679787   0.74161984 
   50000    1.2685291   0.16039848   0.63245949 
Loop time of 12.0078 on 1 procs for 50000 steps with 1331 atoms

Performance: 1439062.440 tau/day, 4163.954 timesteps/s
99.7% CPU use with 1 MPI tasks x no OpenMP threads

MPI task timing breakdown:
Section |  min time  |  avg time  |  max time  |%varavg| %total
---------------------------------------------------------------
Pair    | 8.0872     | 8.0872     | 8.0872     |   0.0 | 67.35
Neigh   | 2.524      | 2.524      | 2.524      |   0.0 | 21.02
Comm    | 0.42507    | 0.42507    | 0.42507    |   0.0 |  3.54
Output  | 0.02344    | 0.02344    | 0.02344    |   0.0 |  0.20
Modify  | 0.84903    | 0.84903    | 0.84903    |   0.0 |  7.07
Other   |            | 0.09907    |            |       |  0.83

Nlocal:    1331 ave 1331 max 1331 min
Histogram: 1 0 0 0 0 0 0 0 0 0
Nghost:    1738 ave 1738 max 1738 min
Histogram: 1 0 0 0 0 0 0 0 0 0
Neighs:    12625 ave 12625 max 12625 min
Histogram: 1 0 0 0 0 0 0 0 0 0

Total # of neighbors = 12625
Ave neighs/atom = 9.48535
Neighbor list builds = 2500
Dangerous builds not checked

write_restart NVT/sim1/T_1.30__v_4.91/end1.restart
Total wall time: 0:00:12
