run 50000
Neighbor list info ...
  update every 20 steps, delay 0 steps, check no
  max neighbors/atom: 2000, page size: 100000
  master list distance cutoff = 2.8
  ghost atom cutoff = 2.8
  binsize = 1.4, bins = 10 10 10
  1 neighbor lists, perpetual/occasional/extra = 1 0 0
  (1) pair lj/cut, perpetual
      attributes: half, newton on
      pair build: half/bin/atomonly/newton
      stencil: half/bin/3d/newton
      bin: standard
Per MPI rank memory allocation (min/avg/max) = 2.742 | 2.742 | 2.742 Mbytes
Step Temp Press TotEng 
       0          1.5   -1.4113651   -0.9816618 
    1000    1.4221633   0.46620067  -0.61802088 
    2000    1.5412365   0.71793241  -0.36607028 
    3000    1.4504179   0.58375621  -0.53581271 
    4000    1.5229508   0.66537175  -0.41469928 
    5000    1.5042386   0.63486003  -0.46091168 
    6000    1.4845841   0.59624554  -0.48822369 
    7000     1.477616   0.85100021   -0.4347254 
    8000    1.4894334   0.51169276   -0.4966713 
    9000    1.5435556   0.68770411  -0.37638118 
   10000    1.4762912   0.60010417   -0.5289443 
   11000    1.5282662   0.59011446  -0.45130262 
   12000    1.5089432   0.68177813  -0.47247176 
   13000     1.485727   0.67579633  -0.45791432 
   14000    1.5228139   0.68409451  -0.42108821 
   15000    1.4922652   0.59179723  -0.49396537 
   16000     1.515265   0.76079683  -0.36233582 
   17000    1.4549119   0.65667089  -0.51704358 
   18000    1.5364679   0.71691011  -0.39973573 
   19000     1.464397   0.72385425  -0.53334968 
   20000    1.4772786   0.59533302  -0.49004444 
   21000     1.506797     0.519355  -0.45207101 
   22000    1.5491346   0.60525622   -0.4011991 
   23000    1.4662638   0.55461718  -0.52654549 
   24000    1.5276393   0.78606881  -0.37982389 
   25000    1.5050027   0.62031841  -0.46120289 
   26000    1.4915588   0.47661974  -0.48666973 
   27000    1.4985243   0.62268585  -0.46426151 
   28000    1.5031819   0.63097082  -0.44171384 
   29000    1.4674471   0.45050818  -0.52346322 
   30000    1.5384404   0.70002409  -0.37709942 
   31000    1.4897904   0.58650566  -0.50926741 
   32000    1.5121282   0.62682985  -0.44273254 
   33000    1.4933082   0.52562102  -0.46271716 
   34000    1.4543601   0.57729367  -0.52663657 
   35000    1.5214748   0.65332302  -0.40746689 
   36000    1.4946114   0.51929364  -0.50350239 
   37000    1.5932272   0.71688154  -0.29938649 
   38000    1.4952124   0.65727853  -0.46261253 
   39000     1.499819   0.58084917  -0.51322717 
   40000    1.5494665   0.69923508  -0.35633499 
   41000      1.47885   0.72042623  -0.49761882 
   42000    1.4960113   0.72089724  -0.43902107 
   43000     1.494833   0.70378681  -0.46121684 
   44000    1.4891092   0.56826892  -0.51773105 
   45000    1.4971354   0.69165474  -0.42918927 
   46000     1.484042   0.54866059  -0.49855648 
   47000    1.5357884   0.68856759  -0.42624624 
   48000    1.4853939   0.57684209  -0.48175833 
   49000    1.5160791   0.69703742   -0.4377391 
   50000     1.536342   0.52188269  -0.41514384 
Loop time of 23.4354 on 1 procs for 50000 steps with 1331 atoms

Performance: 737346.074 tau/day, 2133.525 timesteps/s
100.0% CPU use with 1 MPI tasks x no OpenMP threads

MPI task timing breakdown:
Section |  min time  |  avg time  |  max time  |%varavg| %total
---------------------------------------------------------------
Pair    | 18.451     | 18.451     | 18.451     |   0.0 | 78.73
Neigh   | 3.3979     | 3.3979     | 3.3979     |   0.0 | 14.50
Comm    | 0.60214    | 0.60214    | 0.60214    |   0.0 |  2.57
Output  | 0.017403   | 0.017403   | 0.017403   |   0.0 |  0.07
Modify  | 0.8507     | 0.8507     | 0.8507     |   0.0 |  3.63
Other   |            | 0.1166     |            |       |  0.50

Nlocal:    1331 ave 1331 max 1331 min
Histogram: 1 0 0 0 0 0 0 0 0 0
Nghost:    2357 ave 2357 max 2357 min
Histogram: 1 0 0 0 0 0 0 0 0 0
Neighs:    29181 ave 29181 max 29181 min
Histogram: 1 0 0 0 0 0 0 0 0 0

Total # of neighbors = 29181
Ave neighs/atom = 21.9241
Neighbor list builds = 2500
Dangerous builds not checked

write_restart NVT/sim1/T_1.50__v_1.73/end1.restart
Total wall time: 0:00:23
