run 50000
Neighbor list info ...
  update every 20 steps, delay 0 steps, check no
  max neighbors/atom: 2000, page size: 100000
  master list distance cutoff = 2.8
  ghost atom cutoff = 2.8
  binsize = 1.4, bins = 10 10 10
  1 neighbor lists, perpetual/occasional/extra = 1 0 0
  (1) pair lj/cut, perpetual
      attributes: half, newton on
      pair build: half/bin/atomonly/newton
      stencil: half/bin/3d/newton
      bin: standard
Per MPI rank memory allocation (min/avg/max) = 2.732 | 2.732 | 2.732 Mbytes
Step Temp Press TotEng 
       0          0.8  -0.65197651    -2.939854 
    1000   0.77158213  -0.19771691   -2.7525057 
    2000   0.83767326  -0.27670901   -2.7032305 
    3000   0.80228897  -0.14954238    -2.807286 
    4000   0.77045362 -0.025299678   -2.8351022 
    5000   0.81226478  -0.12427639   -2.7695716 
    6000   0.81323217  -0.24833839   -2.7961406 
    7000   0.80248091  -0.13640019   -2.8315395 
    8000   0.80380939  -0.17345074     -2.75685 
    9000   0.80907291  -0.23807726   -2.7330033 
   10000   0.82853256  -0.18530297   -2.6437242 
   11000   0.79482457  -0.25034023   -2.6342701 
   12000   0.78024833   -0.1366453   -2.7184556 
   13000   0.80366209  -0.25996272   -2.7586271 
   14000   0.78100901  -0.13908045   -2.7643713 
   15000   0.81394718  -0.14183012   -2.7585795 
   16000   0.78188474  -0.28789218   -2.8073841 
   17000   0.81070782  -0.22412934   -2.7776028 
   18000   0.82387577 -0.0088681217    -2.669649 
   19000   0.78403994  -0.20187036   -2.7368816 
   20000    0.8047124  -0.34880265   -2.7515322 
   21000   0.80311119  -0.24968451   -2.7179778 
   22000   0.79040473  -0.11217162     -2.75865 
   23000   0.77240931  -0.23801579   -2.8130991 
   24000   0.79887555 -0.063293712   -2.7497913 
   25000   0.79926286  -0.17330653   -2.8289737 
   26000   0.78731469  -0.14252753   -2.8235763 
   27000   0.82355352  -0.18094239   -2.7586915 
   28000   0.78443126  -0.11381464   -2.7860139 
   29000   0.81870733  -0.24948282   -2.7801023 
   30000   0.76380127    -0.306125   -2.8196152 
   31000   0.81173457  -0.12233397   -2.7461901 
   32000   0.78914052  -0.10023685   -2.7154904 
   33000   0.81003442 -0.026003558    -2.674391 
   34000   0.79744714 -0.099378418    -2.735705 
   35000   0.78812795  -0.17995948   -2.6847361 
   36000    0.8090401   -0.1555243   -2.6816384 
   37000   0.82999849  -0.17855204   -2.7680295 
   38000    0.8076487 -0.0011130265   -2.7536203 
   39000    0.7863188  -0.23896257   -2.8144365 
   40000   0.79999457  -0.21768814   -2.7875358 
   41000   0.80022243  -0.08857894   -2.7473478 
   42000   0.78216222  -0.30714905   -2.7790039 
   43000   0.80784898 -0.026729653   -2.7507639 
   44000   0.79906185   -0.2284464   -2.8381651 
   45000   0.82167095  -0.23174865   -2.8162454 
   46000   0.83023648 -0.058576251   -2.7181091 
   47000   0.78836856 -0.094743668   -2.8113372 
   48000   0.77637359  -0.23159549   -2.7995739 
   49000   0.82084795  -0.17788756    -2.749661 
   50000   0.79032772  -0.19738114   -2.8028081 
Loop time of 28.6667 on 1 procs for 50000 steps with 1331 atoms

Performance: 602790.065 tau/day, 1744.184 timesteps/s
99.9% CPU use with 1 MPI tasks x no OpenMP threads

MPI task timing breakdown:
Section |  min time  |  avg time  |  max time  |%varavg| %total
---------------------------------------------------------------
Pair    | 23.155     | 23.155     | 23.155     |   0.0 | 80.77
Neigh   | 3.8697     | 3.8697     | 3.8697     |   0.0 | 13.50
Comm    | 0.64472    | 0.64472    | 0.64472    |   0.0 |  2.25
Output  | 0.025161   | 0.025161   | 0.025161   |   0.0 |  0.09
Modify  | 0.84373    | 0.84373    | 0.84373    |   0.0 |  2.94
Other   |            | 0.1283     |            |       |  0.45

Nlocal:    1331 ave 1331 max 1331 min
Histogram: 1 0 0 0 0 0 0 0 0 0
Nghost:    2727 ave 2727 max 2727 min
Histogram: 1 0 0 0 0 0 0 0 0 0
Neighs:    38439 ave 38439 max 38439 min
Histogram: 1 0 0 0 0 0 0 0 0 0

Total # of neighbors = 38439
Ave neighs/atom = 28.8798
Neighbor list builds = 2500
Dangerous builds not checked

write_restart NVT/sim1/T_0.80__v_1.33/end1.restart
Total wall time: 0:00:28
