run 50000
Neighbor list info ...
  update every 20 steps, delay 0 steps, check no
  max neighbors/atom: 2000, page size: 100000
  master list distance cutoff = 2.8
  ghost atom cutoff = 2.8
  binsize = 1.4, bins = 22 22 22
  1 neighbor lists, perpetual/occasional/extra = 1 0 0
  (1) pair lj/cut, perpetual
      attributes: half, newton on
      pair build: half/bin/atomonly/newton
      stencil: half/bin/3d/newton
      bin: standard
Per MPI rank memory allocation (min/avg/max) = 2.739 | 2.739 | 2.739 Mbytes
Step Temp Press TotEng 
       0          1.5  0.072260851    2.2359805 
    1000    1.5092488  0.067054299    2.0060446 
    2000    1.4735244   0.06373436    1.9096848 
    3000    1.5494689  0.068382106    2.0135168 
    4000    1.4468965  0.064213636    1.8604836 
    5000    1.5097366  0.071417529    1.9631393 
    6000    1.4687837  0.067944202    1.9189119 
    7000    1.4921977  0.065952969    1.9375523 
    8000    1.5105053  0.072812509    1.9639156 
    9000    1.4701443  0.068631021     1.904531 
   10000    1.5171219  0.067642547    1.9872442 
   11000    1.4793787  0.067900694    1.9133911 
   12000    1.5642285  0.073851382    2.0286733 
   13000    1.4499815  0.064910241    1.8800844 
   14000    1.5276281  0.069982855     1.988729 
   15000    1.4450829  0.065810678    1.8594322 
   16000    1.5513968  0.072507892    2.0302111 
   17000    1.4712811  0.069684296    1.8976395 
   18000    1.5583985  0.072786963     2.021417 
   19000    1.4636794  0.067933438    1.8778001 
   20000    1.5200782  0.064280991    1.9645854 
   21000    1.4665082  0.066387882    1.8839191 
   22000    1.5007794  0.068733621    1.9511996 
   23000    1.4918894  0.064510162    1.9307877 
   24000    1.4801976  0.063531056     1.922097 
   25000    1.5303335  0.070843344    1.9870507 
   26000    1.4706593  0.065932162     1.907566 
   27000    1.5273357  0.069216315    1.9788091 
   28000    1.4299865  0.069139653    1.8114782 
   29000    1.5067806  0.066618939    1.9409879 
   30000    1.4944865  0.069012889    1.9469667 
   31000    1.4659707  0.067431273    1.8951821 
   32000     1.536457  0.073036542    2.0039696 
   33000    1.4528502  0.065971728    1.8673648 
   34000    1.5075919  0.067128699    1.9465423 
   35000    1.4815949  0.068600622    1.9348741 
   36000    1.4788578  0.066776429    1.8959844 
   37000    1.5154296  0.067405772    1.9697535 
   38000    1.4822704  0.063942141    1.8989052 
   39000    1.5431681   0.06789982     2.001223 
   40000    1.4662713  0.064579404    1.9034091 
   41000    1.5537078  0.072837299    2.0259663 
   42000    1.4615113  0.064375535    1.8822849 
   43000    1.5246648  0.065356016    1.9681659 
   44000    1.4490649  0.064031381    1.8837262 
   45000    1.5207512  0.066587723     1.984893 
   46000    1.4907659  0.065093409     1.926011 
   47000    1.5240085  0.067983623    1.9683536 
   48000    1.5295582  0.068573164    1.9699672 
   49000    1.4959009  0.069264751    1.9150111 
   50000    1.5495424  0.070110515    1.9997974 
Loop time of 4.6125 on 1 procs for 50000 steps with 1331 atoms

Performance: 3746342.218 tau/day, 10840.111 timesteps/s
99.7% CPU use with 1 MPI tasks x no OpenMP threads

MPI task timing breakdown:
Section |  min time  |  avg time  |  max time  |%varavg| %total
---------------------------------------------------------------
Pair    | 2.3076     | 2.3076     | 2.3076     |   0.0 | 50.03
Neigh   | 1.101      | 1.101      | 1.101      |   0.0 | 23.87
Comm    | 0.26355    | 0.26355    | 0.26355    |   0.0 |  5.71
Output  | 0.016919   | 0.016919   | 0.016919   |   0.0 |  0.37
Modify  | 0.84504    | 0.84504    | 0.84504    |   0.0 | 18.32
Other   |            | 0.07837    |            |       |  1.70

Nlocal:    1331 ave 1331 max 1331 min
Histogram: 1 0 0 0 0 0 0 0 0 0
Nghost:    914 ave 914 max 914 min
Histogram: 1 0 0 0 0 0 0 0 0 0
Neighs:    3104 ave 3104 max 3104 min
Histogram: 1 0 0 0 0 0 0 0 0 0

Total # of neighbors = 3104
Ave neighs/atom = 2.33208
Neighbor list builds = 2500
Dangerous builds not checked

write_restart NVT/sim1/T_1.50__v_21.95/end1.restart
Total wall time: 0:00:04
