run 50000
Neighbor list info ...
  update every 20 steps, delay 0 steps, check no
  max neighbors/atom: 2000, page size: 100000
  master list distance cutoff = 2.8
  ghost atom cutoff = 2.8
  binsize = 1.4, bins = 11 11 11
  1 neighbor lists, perpetual/occasional/extra = 1 0 0
  (1) pair lj/cut, perpetual
      attributes: half, newton on
      pair build: half/bin/atomonly/newton
      stencil: half/bin/3d/newton
      bin: standard
Per MPI rank memory allocation (min/avg/max) = 2.735 | 2.735 | 2.735 Mbytes
Step Temp Press TotEng 
       0          0.9   -1.1749516  -0.87788485 
    1000   0.97420742 -0.030833172   -1.1348124 
    2000   0.91274173  -0.10907053   -1.3704177 
    3000   0.95908351  -0.06034469   -1.5505483 
    4000   0.90176656 -0.039544502   -1.7222039 
    5000   0.87380347 -0.034622306   -1.7643088 
    6000   0.93871862 -0.0035199593   -1.7309277 
    7000    0.9020452  -0.08825242   -1.8029716 
    8000   0.91113854   0.10198217   -1.7944152 
    9000   0.91694242 -0.038233844   -1.8063305 
   10000   0.88325208 -0.032520216    -1.861114 
   11000   0.92024459 0.0035957126   -1.8196717 
   12000   0.87930704 -0.050774523   -1.8051671 
   13000   0.90124094  0.043661371   -1.7399963 
   14000   0.86949943 -0.052250239   -1.8167488 
   15000   0.89237748 -0.050547452   -1.9013213 
   16000   0.88698967 -0.033052036   -1.9168999 
   17000   0.88532543 -0.027181367   -1.8916979 
   18000   0.93072418  0.026383223   -1.7995879 
   19000   0.88594194 -0.042466403   -1.9026407 
   20000   0.88440189 -0.0054043757   -1.9051848 
   21000   0.90754905 -0.024700498    -1.863738 
   22000   0.86791946  0.053192407   -1.9722795 
   23000   0.92701372 -0.027159714   -1.8865122 
   24000   0.91302868 -0.026882921   -1.8649344 
   25000   0.89806921 -0.037422184   -1.8468669 
   26000     0.895889  0.039014995   -1.8343511 
   27000   0.90137593  0.060922855   -1.8988556 
   28000   0.92841439 -0.021433532   -1.8404437 
   29000   0.90763351 -0.019752103   -1.8737567 
   30000   0.86596632  0.030840708   -1.8623738 
   31000   0.88637711  0.025483925   -1.8001142 
   32000    0.9078785 0.0074504923   -1.7672879 
   33000   0.89758076 -0.002826013   -1.8508985 
   34000   0.89238687  0.020307493   -1.9543195 
   35000   0.89743839 -0.0078889392   -1.9651806 
   36000   0.92196483  0.026359273   -1.8806698 
   37000   0.90746077 -0.033248958   -1.8634497 
   38000   0.90513397 -0.033555014   -1.8690466 
   39000   0.88984241 -0.0019913492   -1.9017256 
   40000   0.92830211  0.036650966   -1.8688206 
   41000   0.89906058 -0.013960454   -1.9402636 
   42000   0.89050214  0.087875264   -1.9442811 
   43000   0.85704531 -0.079024742   -2.0185541 
   44000   0.90795112  0.055429113   -1.9715827 
   45000   0.90802954 -0.020133103   -1.8811446 
   46000   0.88786779  0.076392984   -1.9221405 
   47000   0.87041861  0.069138733   -1.9193358 
   48000   0.89966663  0.040256459   -1.8711474 
   49000   0.88665101 -0.0015285935   -1.7955952 
   50000   0.87494706  0.037146328   -1.8376752 
Loop time of 23.4803 on 1 procs for 50000 steps with 1331 atoms

Performance: 735935.335 tau/day, 2129.443 timesteps/s
99.9% CPU use with 1 MPI tasks x no OpenMP threads

MPI task timing breakdown:
Section |  min time  |  avg time  |  max time  |%varavg| %total
---------------------------------------------------------------
Pair    | 18.475     | 18.475     | 18.475     |   0.0 | 78.68
Neigh   | 3.5992     | 3.5992     | 3.5992     |   0.0 | 15.33
Comm    | 0.43105    | 0.43105    | 0.43105    |   0.0 |  1.84
Output  | 0.023965   | 0.023965   | 0.023965   |   0.0 |  0.10
Modify  | 0.84934    | 0.84934    | 0.84934    |   0.0 |  3.62
Other   |            | 0.1019     |            |       |  0.43

Nlocal:    1331 ave 1331 max 1331 min
Histogram: 1 0 0 0 0 0 0 0 0 0
Nghost:    2105 ave 2105 max 2105 min
Histogram: 1 0 0 0 0 0 0 0 0 0
Neighs:    30617 ave 30617 max 30617 min
Histogram: 1 0 0 0 0 0 0 0 0 0

Total # of neighbors = 30617
Ave neighs/atom = 23.003
Neighbor list builds = 2500
Dangerous builds not checked

write_restart NVT/sim1/T_0.90__v_2.20/end1.restart
Total wall time: 0:00:23
