run 50000
Neighbor list info ...
  update every 20 steps, delay 0 steps, check no
  max neighbors/atom: 2000, page size: 100000
  master list distance cutoff = 2.8
  ghost atom cutoff = 2.8
  binsize = 1.4, bins = 18 18 18
  1 neighbor lists, perpetual/occasional/extra = 1 0 0
  (1) pair lj/cut, perpetual
      attributes: half, newton on
      pair build: half/bin/atomonly/newton
      stencil: half/bin/3d/newton
      bin: standard
Per MPI rank memory allocation (min/avg/max) = 2.711 | 2.711 | 2.711 Mbytes
Step Temp Press TotEng 
       0          1.2  0.086945575    1.7576248 
    1000    1.2738094  0.088295605    1.3845804 
    2000     1.148397  0.069805212    1.1816697 
    3000    1.2376099  0.077442665    1.2698847 
    4000    1.1626093  0.084721708    1.1675096 
    5000    1.2318884  0.085402062    1.2604376 
    6000    1.1550103  0.072555567     1.154543 
    7000    1.2239916  0.075268968    1.2390448 
    8000    1.1909671  0.076763702    1.2054838 
    9000    1.2177895  0.084766355    1.2353486 
   10000    1.2016104  0.078015851    1.1892877 
   11000    1.2127499  0.076458593    1.2038684 
   12000    1.2296825  0.082201999    1.2157715 
   13000    1.1649705  0.068116649    1.1479523 
   14000    1.2161708  0.073394744    1.2097377 
   15000    1.1883261  0.083362488    1.1688049 
   16000    1.2321947  0.086155869    1.2804958 
   17000    1.1755408  0.075426034    1.1633966 
   18000    1.2321758   0.07270602    1.2303416 
   19000    1.1760546  0.081736149    1.1436154 
   20000     1.200899   0.08206979    1.2109762 
   21000    1.2091676  0.078855626    1.2151818 
   22000    1.1813388  0.078066429    1.1522644 
   23000    1.2287257  0.085201039    1.2359593 
   24000     1.151665  0.068365916    1.1680912 
   25000    1.2380195  0.078521771    1.2735596 
   26000    1.2020061  0.070346149    1.1899657 
   27000    1.2478702  0.083269736    1.2584821 
   28000    1.2189443  0.082447928    1.2534358 
   29000    1.1981535  0.074790004    1.1659647 
   30000    1.2480308  0.075470153    1.2694402 
   31000    1.1610166  0.078572357    1.1379934 
   32000    1.2184875  0.085323157     1.235655 
   33000    1.1712118   0.08161661    1.1631593 
   34000    1.1952831  0.081247247    1.2222173 
   35000    1.2092468  0.075778607    1.2285607 
   36000     1.181471  0.073370487    1.1637849 
   37000    1.2550878  0.086555492    1.2869476 
   38000    1.2018552  0.066957433    1.2156013 
   39000    1.2207891  0.077698285     1.231584 
   40000    1.1664762  0.071084162    1.1475476 
   41000    1.2035901  0.079342025    1.2190497 
   42000    1.1877437  0.071836907     1.185084 
   43000    1.2304488  0.076310277    1.2500237 
   44000    1.1689107  0.077327553    1.1428924 
   45000    1.2300087  0.080495152    1.2311735 
   46000    1.2051836  0.075704016     1.204279 
   47000    1.1554118  0.067525554    1.1427732 
   48000    1.2339601  0.089267669    1.2607786 
   49000    1.2108339  0.078272927    1.1833275 
   50000    1.1855098  0.082964563    1.2010251 
Loop time of 6.75365 on 1 procs for 50000 steps with 1331 atoms

Performance: 2558615.598 tau/day, 7403.402 timesteps/s
99.7% CPU use with 1 MPI tasks x no OpenMP threads

MPI task timing breakdown:
Section |  min time  |  avg time  |  max time  |%varavg| %total
---------------------------------------------------------------
Pair    | 3.9252     | 3.9252     | 3.9252     |   0.0 | 58.12
Neigh   | 1.5576     | 1.5576     | 1.5576     |   0.0 | 23.06
Comm    | 0.31346    | 0.31346    | 0.31346    |   0.0 |  4.64
Output  | 0.022984   | 0.022984   | 0.022984   |   0.0 |  0.34
Modify  | 0.84753    | 0.84753    | 0.84753    |   0.0 | 12.55
Other   |            | 0.08685    |            |       |  1.29

Nlocal:    1331 ave 1331 max 1331 min
Histogram: 1 0 0 0 0 0 0 0 0 0
Nghost:    1150 ave 1150 max 1150 min
Histogram: 1 0 0 0 0 0 0 0 0 0
Neighs:    5534 ave 5534 max 5534 min
Histogram: 1 0 0 0 0 0 0 0 0 0

Total # of neighbors = 5534
Ave neighs/atom = 4.15778
Neighbor list builds = 2500
Dangerous builds not checked

write_restart NVT/sim1/T_1.20__v_12.17/end1.restart
Total wall time: 0:00:06
