run 50000
Neighbor list info ...
  update every 20 steps, delay 0 steps, check no
  max neighbors/atom: 2000, page size: 100000
  master list distance cutoff = 2.8
  ghost atom cutoff = 2.8
  binsize = 1.4, bins = 13 13 13
  1 neighbor lists, perpetual/occasional/extra = 1 0 0
  (1) pair lj/cut, perpetual
      attributes: half, newton on
      pair build: half/bin/atomonly/newton
      stencil: half/bin/3d/newton
      bin: standard
Per MPI rank memory allocation (min/avg/max) = 2.742 | 2.742 | 2.742 Mbytes
Step Temp Press TotEng 
       0          0.7  -0.36260658  0.073371397 
    1000   0.90137353  0.044789486  -0.53730318 
    2000   0.77726996 -0.0026927478   -1.0770079 
    3000   0.77769616 -0.041925734   -1.4912577 
    4000   0.76991695  0.047993768   -1.9172874 
    5000   0.72790741 -0.058904134   -2.3185421 
    6000   0.71012986 -0.074854249   -2.6342328 
    7000   0.68976929 -0.047151858   -2.7883784 
    8000   0.68339411 0.0017244157   -2.8335277 
    9000    0.7056374 -0.054790826   -2.8076874 
   10000   0.67660612 -0.042758666   -2.8712731 
   11000   0.71376564  -0.01650255   -2.9276141 
   12000   0.70077325 -0.0015548962   -2.9131782 
   13000   0.68517914 -0.0018552566   -2.9210428 
   14000   0.71411972 -0.015585926   -2.8904636 
   15000   0.69189582 -0.042361746   -2.9346261 
   16000    0.7131155 0.0030311118   -2.9015447 
   17000   0.71997507 -0.0096278839    -2.924118 
   18000    0.6636739 -0.002423295   -2.9686055 
   19000   0.67915748 -0.059476628   -2.9232625 
   20000   0.70856357 -0.050190188   -2.9175371 
   21000   0.67858684 -0.020454251   -2.9763764 
   22000   0.70418212 -0.015182222   -2.9694521 
   23000   0.70786761 -0.038549325    -2.915543 
   24000    0.6923622  -0.06348318   -2.8580489 
   25000    0.7110886  0.051658662    -2.936679 
   26000   0.71993101  0.038343071   -2.9399983 
   27000   0.71954048 -0.040284904   -2.8943688 
   28000   0.68503012  0.022275815   -2.9085897 
   29000   0.72963158 -0.099719072   -2.9205645 
   30000   0.69296232  -0.00449087   -2.9562421 
   31000   0.69301062 -0.0014730296   -3.0080018 
   32000    0.7127895 -0.031906299   -2.9207898 
   33000   0.67503922 -0.053622042   -2.9235543 
   34000   0.71369163  -0.01373625   -2.8951314 
   35000   0.70487846 0.0021785616   -2.8880176 
   36000   0.68386731 -0.023179716   -2.9676051 
   37000   0.68387337 -0.037307994   -2.9055822 
   38000   0.68416726  -0.05171643   -2.8854081 
   39000   0.69739856 -0.034374024   -2.9378214 
   40000   0.70214656 -0.052118638   -2.9967089 
   41000   0.70082869 0.0089021701   -3.0144858 
   42000   0.69741444 -0.066939941   -2.9306351 
   43000   0.71962742  0.032518667   -2.9003877 
   44000   0.72927466 -0.031862576   -2.8942434 
   45000   0.68558499  -0.05610213   -2.9346843 
   46000   0.71744026 0.0028653818   -2.9348092 
   47000   0.68072163 -0.0010172923   -3.0136708 
   48000   0.69779114 -0.0012580581   -2.9998557 
   49000   0.72127106 -0.072871889   -2.9325808 
   50000   0.69815465 -0.0033946004   -2.9158114 
Loop time of 24.5733 on 1 procs for 50000 steps with 1331 atoms

Performance: 703202.878 tau/day, 2034.731 timesteps/s
99.9% CPU use with 1 MPI tasks x no OpenMP threads

MPI task timing breakdown:
Section |  min time  |  avg time  |  max time  |%varavg| %total
---------------------------------------------------------------
Pair    | 20.056     | 20.056     | 20.056     |   0.0 | 81.62
Neigh   | 3.335      | 3.335      | 3.335      |   0.0 | 13.57
Comm    | 0.23708    | 0.23708    | 0.23708    |   0.0 |  0.96
Output  | 0.0252     | 0.0252     | 0.0252     |   0.0 |  0.10
Modify  | 0.8413     | 0.8413     | 0.8413     |   0.0 |  3.42
Other   |            | 0.07841    |            |       |  0.32

Nlocal:    1331 ave 1331 max 1331 min
Histogram: 1 0 0 0 0 0 0 0 0 0
Nghost:    673 ave 673 max 673 min
Histogram: 1 0 0 0 0 0 0 0 0 0
Neighs:    35567 ave 35567 max 35567 min
Histogram: 1 0 0 0 0 0 0 0 0 0

Total # of neighbors = 35567
Ave neighs/atom = 26.722
Neighbor list builds = 2500
Dangerous builds not checked

write_restart NVT/sim1/T_0.70__v_3.38/end1.restart
Total wall time: 0:00:24
