run 50000
Neighbor list info ...
  update every 20 steps, delay 0 steps, check no
  max neighbors/atom: 2000, page size: 100000
  master list distance cutoff = 2.8
  ghost atom cutoff = 2.8
  binsize = 1.4, bins = 16 16 16
  1 neighbor lists, perpetual/occasional/extra = 1 0 0
  (1) pair lj/cut, perpetual
      attributes: half, newton on
      pair build: half/bin/atomonly/newton
      stencil: half/bin/3d/newton
      bin: standard
Per MPI rank memory allocation (min/avg/max) = 2.7 | 2.7 | 2.7 Mbytes
Step Temp Press TotEng 
       0          0.1 -0.032919548  0.014267664 
    1000   0.40138393 -0.027453835  -0.61381113 
    2000   0.40338914 -0.024028731   -1.8046241 
    3000   0.32044467 -0.019764972   -2.9205818 
    4000   0.23043112 -0.018201978    -3.717951 
    5000   0.16271778  0.004102297   -4.1953529 
    6000   0.12651693 -0.011333229   -4.4687248 
    7000   0.10853255 -0.0045304017   -4.6378656 
    8000  0.094763941 0.0019026618   -4.7244299 
    9000  0.099297916 -0.0021816375   -4.7674257 
   10000  0.097251642 -0.0037735142   -4.7986425 
   11000   0.10043623 -0.0098907337   -4.8277674 
   12000  0.096920768 0.0050825249   -4.8778374 
   13000  0.094843069 -0.00036479055   -4.9058818 
   14000   0.10674255 -0.00072289271   -4.9049034 
   15000   0.10271415 0.0064417736   -4.9445567 
   16000  0.092404687 -0.0068324081   -4.9969431 
   17000   0.10151982 -0.0063546465   -5.0096384 
   18000  0.099651831 -0.0095951724   -5.0486468 
   19000  0.096017077 -0.0078661934   -5.0799051 
   20000   0.10743072  0.015093366   -5.0792187 
   21000   0.10232127 -0.0044780017    -5.111362 
   22000  0.098426238 0.0019696046   -5.1489886 
   23000   0.10074138 -0.0054617359   -5.1500675 
   24000   0.10235068 0.0093325512   -5.1559895 
   25000   0.10027113 0.0042955979   -5.1853934 
   26000  0.098840242 -0.0055697207   -5.1938217 
   27000     0.100278 -0.0087554345   -5.1906457 
   28000  0.099580556 -0.011124403   -5.1963105 
   29000   0.09765329 -0.0054125359   -5.2095443 
   30000    0.1004824  0.013278399     -5.20994 
   31000   0.10395828 -0.0021156119   -5.2334525 
   32000  0.093766703 -0.0040617748   -5.2850813 
   33000    0.1033636 0.0067532313   -5.3127614 
   34000  0.098122802 0.0089719534   -5.3653833 
   35000  0.096070031 -0.0066852872   -5.3801598 
   36000   0.10548379 -0.0020304832   -5.3737656 
   37000  0.098086774 0.0036505883   -5.4096492 
   38000  0.097834785   0.01221536   -5.4127283 
   39000   0.10551231 -0.0026093761   -5.3921147 
   40000  0.097187672  0.013240831   -5.4222979 
   41000  0.096898131 0.0021406815   -5.4426096 
   42000   0.10071959 0.0091098679   -5.4215999 
   43000   0.10078983 0.0045756658    -5.423707 
   44000  0.096789209 0.00084055375   -5.4426522 
   45000  0.097191421 0.0016692707   -5.4322743 
   46000   0.10459881 -0.0014846612   -5.4188386 
   47000  0.093128849 -0.0077594701   -5.4428792 
   48000  0.094745685 0.0013460556   -5.4447101 
   49000   0.10776293  0.031312352   -5.4195847 
   50000   0.10102956 -0.0073795544   -5.4388732 
Loop time of 24.4652 on 1 procs for 50000 steps with 1331 atoms

Performance: 706308.950 tau/day, 2043.718 timesteps/s
99.9% CPU use with 1 MPI tasks x no OpenMP threads

MPI task timing breakdown:
Section |  min time  |  avg time  |  max time  |%varavg| %total
---------------------------------------------------------------
Pair    | 20.316     | 20.316     | 20.316     |   0.0 | 83.04
Neigh   | 2.9179     | 2.9179     | 2.9179     |   0.0 | 11.93
Comm    | 0.25632    | 0.25632    | 0.25632    |   0.0 |  1.05
Output  | 0.027036   | 0.027036   | 0.027036   |   0.0 |  0.11
Modify  | 0.865      | 0.865      | 0.865      |   0.0 |  3.54
Other   |            | 0.08283    |            |       |  0.34

Nlocal:    1331 ave 1331 max 1331 min
Histogram: 1 0 0 0 0 0 0 0 0 0
Nghost:    863 ave 863 max 863 min
Histogram: 1 0 0 0 0 0 0 0 0 0
Neighs:    40143 ave 40143 max 40143 min
Histogram: 1 0 0 0 0 0 0 0 0 0

Total # of neighbors = 40143
Ave neighs/atom = 30.16
Neighbor list builds = 2500
Dangerous builds not checked

write_restart NVT/sim1/T_0.10__v_8.00/end1.restart
Total wall time: 0:00:24
