run 50000
Neighbor list info ...
  update every 20 steps, delay 0 steps, check no
  max neighbors/atom: 2000, page size: 100000
  master list distance cutoff = 2.8
  ghost atom cutoff = 2.8
  binsize = 1.4, bins = 18 18 18
  1 neighbor lists, perpetual/occasional/extra = 1 0 0
  (1) pair lj/cut, perpetual
      attributes: half, newton on
      pair build: half/bin/atomonly/newton
      stencil: half/bin/3d/newton
      bin: standard
Per MPI rank memory allocation (min/avg/max) = 2.711 | 2.711 | 2.711 Mbytes
Step Temp Press TotEng 
       0          0.7  0.044385575    1.0081883 
    1000   0.83883745  0.045030181   0.65123996 
    2000   0.69902563  0.019197615   0.29328613 
    3000   0.69615318  0.016052491   0.15762019 
    4000   0.73580227  0.036471769  0.096340832 
    5000   0.69526302  0.027686467 -0.032510957 
    6000   0.71644605  0.015261911 -0.099169824 
    7000   0.71110756  0.020499464  -0.17834336 
    8000   0.71216405  0.018155852   -0.2838099 
    9000   0.70462809  0.023087976  -0.37647504 
   10000   0.72793684  0.020751184  -0.44375065 
   11000   0.71714578  0.017736141  -0.55094188 
   12000   0.70824188   0.01914452  -0.65633744 
   13000   0.68487311  0.010810956  -0.71136721 
   14000   0.71126455  0.010210804  -0.78512351 
   15000   0.72992196  0.015124116  -0.81361876 
   16000   0.72960778  0.019339927  -0.94384489 
   17000   0.71359648  0.011775527   -1.0631236 
   18000   0.70064287 0.0083265206   -1.1912187 
   19000   0.71085664 0.0055895605   -1.3115437 
   20000   0.70152379 -0.006066137   -1.4218105 
   21000   0.70448907 -0.0020467265   -1.5111394 
   22000   0.72239317 -0.0009108339   -1.5696704 
   23000     0.660926 0.0078132982   -1.6279299 
   24000   0.69890532 0.0082760422   -1.5953355 
   25000   0.70576874 -0.0021679607   -1.6793029 
   26000   0.69922761 0.0034666655   -1.7241867 
   27000   0.70851658  0.016372436   -1.7403494 
   28000   0.70036995  0.011244298   -1.8438686 
   29000   0.70585604  0.001639272   -1.8301697 
   30000   0.71383317 -0.0088426209    -1.827367 
   31000   0.70297522  0.014617007   -1.8501911 
   32000   0.71970809 0.0032339758    -1.795264 
   33000   0.72516196  0.016175766   -1.8155383 
   34000   0.70856309  0.010107339   -1.8977141 
   35000     0.695444  0.013672606   -1.9436345 
   36000   0.69607396 0.0029259937   -1.8723495 
   37000   0.72859856 0.0070109805   -1.8575925 
   38000   0.68258972 0.0055683926   -1.9529761 
   39000    0.6741386  0.011099758   -2.0009475 
   40000   0.68224733  0.010197941    -2.037177 
   41000   0.71921668  0.014516701   -1.9295462 
   42000   0.70138406 -0.00013977604   -1.9705148 
   43000   0.69066321 0.0077074106   -2.0376759 
   44000   0.69916714 0.0038295169   -2.0559757 
   45000   0.72986304 0.0027220164   -2.0798142 
   46000   0.67965224  0.016075151   -2.1838527 
   47000     0.704728 -0.0015379289   -2.1992057 
   48000   0.70255469 0.0014274552   -2.1894763 
   49000   0.72574803 0.0080269124    -2.248249 
   50000   0.69840654 -0.0024142642   -2.2550421 
Loop time of 15.5839 on 1 procs for 50000 steps with 1331 atoms

Performance: 1108835.713 tau/day, 3208.437 timesteps/s
99.9% CPU use with 1 MPI tasks x no OpenMP threads

MPI task timing breakdown:
Section |  min time  |  avg time  |  max time  |%varavg| %total
---------------------------------------------------------------
Pair    | 11.78      | 11.78      | 11.78      |   0.0 | 75.59
Neigh   | 2.4277     | 2.4277     | 2.4277     |   0.0 | 15.58
Comm    | 0.39143    | 0.39143    | 0.39143    |   0.0 |  2.51
Output  | 0.02345    | 0.02345    | 0.02345    |   0.0 |  0.15
Modify  | 0.86424    | 0.86424    | 0.86424    |   0.0 |  5.55
Other   |            | 0.09669    |            |       |  0.62

Nlocal:    1331 ave 1331 max 1331 min
Histogram: 1 0 0 0 0 0 0 0 0 0
Nghost:    1325 ave 1325 max 1325 min
Histogram: 1 0 0 0 0 0 0 0 0 0
Neighs:    28527 ave 28527 max 28527 min
Histogram: 1 0 0 0 0 0 0 0 0 0

Total # of neighbors = 28527
Ave neighs/atom = 21.4328
Neighbor list builds = 2500
Dangerous builds not checked

write_restart NVT/sim1/T_0.70__v_12.17/end1.restart
Total wall time: 0:00:15
