run 50000
Neighbor list info ...
  update every 20 steps, delay 0 steps, check no
  max neighbors/atom: 2000, page size: 100000
  master list distance cutoff = 2.8
  ghost atom cutoff = 2.8
  binsize = 1.4, bins = 16 16 16
  1 neighbor lists, perpetual/occasional/extra = 1 0 0
  (1) pair lj/cut, perpetual
      attributes: half, newton on
      pair build: half/bin/atomonly/newton
      stencil: half/bin/3d/newton
      bin: standard
Per MPI rank memory allocation (min/avg/max) = 2.7 | 2.7 | 2.7 Mbytes
Step Temp Press Volume Density PotEng KinEng TotEng 
       0          0.1 -0.032919548        10648        0.125  -0.13561964    0.1498873  0.014267664 
    1000   0.79890484  0.090444694    2189.4934   0.60790318   -3.7375215    1.1974569   -2.5400646 
    2000   0.44797606     1.612624    1414.9313   0.94068174   -5.9108044   0.67145923   -5.2393452 
    3000   0.19228904    1.7082618    1326.7177    1.0032277   -6.4778201   0.28821685   -6.1896032 
    4000    0.1077211    1.7166272    1303.7933    1.0208673   -6.6423826   0.16146026   -6.4809224 
    5000  0.086482537    1.7048651    1298.4374    1.0250783   -6.6875538   0.12962634   -6.5579275 
    6000    0.1035487    1.7140488    1300.7034    1.0232925   -6.6701134   0.15520635   -6.5149071 
    7000   0.11121208    1.6945619    1299.2955    1.0244013   -6.6854323   0.16669279   -6.5187395 
    8000  0.089802412    1.6978315    1296.5255    1.0265899   -6.7059291   0.13460241   -6.5713267 
    9000   0.10316281    1.7247233     1297.513    1.0258086   -6.6922208   0.15462795   -6.5375928 
   10000   0.10705741     1.742384     1297.742    1.0256276   -6.6883036   0.16046547   -6.5278381 
   11000  0.092210602    1.7106093    1295.2299    1.0276168   -6.7115044   0.13821198   -6.5732924 
   12000   0.10042695    1.6894726    1296.4112    1.0266804   -6.7062042   0.15052725   -6.5556769 
   13000   0.10671895    1.6784408    1297.1144    1.0261238   -6.7048181   0.15995816   -6.5448599 
   14000  0.095201654    1.6932928    1294.0894    1.0285224    -6.726448   0.14269519   -6.5837528 
   15000   0.09946982    1.6165009     1296.115     1.026915   -6.7247169   0.14909263   -6.5756243 
   16000   0.10848094    1.7161158    1295.3964    1.0274847   -6.7138681   0.16259915    -6.551269 
   17000  0.097734935    1.7520203    1291.9439    1.0302305   -6.7337437   0.14649226   -6.5872514 
   18000  0.094126636    1.5802147    1295.3604    1.0275133   -6.7369283   0.14108388   -6.5958444 
   19000    0.1089277    1.6671827    1294.9058     1.027874    -6.725526   0.16326879   -6.5622572 
   20000  0.099412962    1.7981351    1291.0956    1.0309074   -6.7334272   0.14900741   -6.5844198 
   21000  0.094795537    1.5933023    1293.6468    1.0288743   -6.7479878   0.14208647   -6.6059013 
   22000   0.10694738    1.6094275    1294.4541    1.0282327    -6.738696   0.16030054   -6.5783955 
   23000   0.09927618    1.8585597    1288.8465    1.0327063   -6.7411453   0.14880239    -6.592343 
   24000   0.09012032    1.6753587    1290.5517    1.0313419   -6.7601022   0.13507892   -6.6250233 
   25000   0.10216421    1.7148398    1291.1821    1.0308384   -6.7506676   0.15313118   -6.5975364 
   26000   0.10510945    1.7123369    1290.2606    1.0315745    -6.756149   0.15754571   -6.5986033 
   27000  0.094602773     1.748495    1286.8828    1.0342822   -6.7765106   0.14179754    -6.634713 
   28000   0.10016883    1.7719986    1287.3188    1.0339319   -6.7674816   0.15014036   -6.6173412 
   29000   0.11045683    1.6434138    1290.4537    1.0314202   -6.7665255   0.16556076   -6.6009648 
   30000  0.092197425    1.5768835    1289.4687    1.0322081   -6.7825275   0.13819223   -6.6443353 
   31000  0.095075085     1.770215    1285.1471    1.0356791   -6.7849679   0.14250548   -6.6424624 
   32000   0.10610399    1.7144738    1288.1484     1.033266   -6.7713086   0.15903641   -6.6122722 
   33000   0.10248173    1.6576866    1287.5822    1.0337204   -6.7876323   0.15360709   -6.6340252 
   34000   0.09425796    1.7055996     1286.315    1.0347387   -6.7883506   0.14128071   -6.6470699 
   35000   0.10556613     1.755971    1286.5848    1.0345218   -6.7782425   0.15823023   -6.6200123 
   36000    0.1009554    1.7397316    1286.6485    1.0344705   -6.7790697   0.15131933   -6.6277504 
   37000  0.093304166    1.5559161    1288.9535    1.0326207   -6.7904544    0.1398511   -6.6506034 
   38000   0.10433704    1.6288362    1288.3055      1.03314   -6.7845847   0.15638798   -6.6281967 
   39000   0.10690832     1.825566    1284.0361    1.0365752   -6.7901177   0.16024199   -6.6298757 
   40000   0.09418198    1.6993223    1283.7821    1.0367803   -6.8125661   0.14116683   -6.6713993 
   41000   0.11436573    1.6636712    1281.2775     1.038807   -6.8503498   0.17141971   -6.6789301 
   42000  0.096743244    1.7586052    1273.0938    1.0454847    -6.908083   0.14500584   -6.7630771 
   43000   0.10731799    1.6157723    1269.5292    1.0484201   -6.9705561   0.16085604   -6.8097001 
   44000  0.092243879    1.6622045    1265.9959    1.0513462   -6.9901372   0.13826186   -6.8518754 
   45000   0.09902469    1.8549257    1261.8109    1.0548332   -6.9910932   0.14842544   -6.8426678 
   46000   0.10659004    1.7752186    1262.4211    1.0543233   -6.9972206   0.15976493   -6.8374557 
   47000  0.097653216     1.607193    1263.4176    1.0534918   -7.0198183   0.14636977   -6.8734485 
   48000   0.10467375    1.6199825    1259.0811    1.0571201   -7.0594993   0.15689267   -6.9026067 
   49000  0.092847636    1.7470337    1254.5221    1.0609618    -7.075492   0.13916682   -6.9363252 
   50000   0.10394165    1.7271202    1255.5384     1.060103   -7.0698138   0.15579533   -6.9140184 
Loop time of 46.0633 on 1 procs for 50000 steps with 1331 atoms

Performance: 375136.053 tau/day, 1085.463 timesteps/s
100.0% CPU use with 1 MPI tasks x no OpenMP threads

MPI task timing breakdown:
Section |  min time  |  avg time  |  max time  |%varavg| %total
---------------------------------------------------------------
Pair    | 37.702     | 37.702     | 37.702     |   0.0 | 81.85
Neigh   | 5.2683     | 5.2683     | 5.2683     |   0.0 | 11.44
Comm    | 0.76091    | 0.76091    | 0.76091    |   0.0 |  1.65
Output  | 0.025816   | 0.025816   | 0.025816   |   0.0 |  0.06
Modify  | 2.07       | 2.07       | 2.07       |   0.0 |  4.49
Other   |            | 0.2364     |            |       |  0.51

Nlocal:    1331 ave 1331 max 1331 min
Histogram: 1 0 0 0 0 0 0 0 0 0
Nghost:    3344 ave 3344 max 3344 min
Histogram: 1 0 0 0 0 0 0 0 0 0
Neighs:    60686 ave 60686 max 60686 min
Histogram: 1 0 0 0 0 0 0 0 0 0

Total # of neighbors = 60686
Ave neighs/atom = 45.5943
Neighbor list builds = 2500
Dangerous builds not checked

write_restart lattice_11_11_11__2_2_2/sim1/T_0.10__P_1.70/end1.restart
Total wall time: 0:00:46
