run 50000
Neighbor list info ...
  update every 20 steps, delay 0 steps, check no
  max neighbors/atom: 2000, page size: 100000
  master list distance cutoff = 2.8
  ghost atom cutoff = 2.8
  binsize = 1.4, bins = 16 16 16
  1 neighbor lists, perpetual/occasional/extra = 1 0 0
  (1) pair lj/cut, perpetual
      attributes: half, newton on
      pair build: half/bin/atomonly/newton
      stencil: half/bin/3d/newton
      bin: standard
Per MPI rank memory allocation (min/avg/max) = 2.7 | 2.7 | 2.7 Mbytes
Step Temp Press Volume Density PotEng KinEng TotEng 
       0          1.1  0.091986538        10648        0.125  -0.13561964    1.6487603    1.5131407 
    1000    1.6748908   0.26949002    5981.5219   0.22251862   -1.2337787    2.5104487      1.27667 
    2000    1.4479215   0.28198117    4112.9737   0.32361014   -1.8626543    2.1702505    0.3075962 
    3000    1.3103813   0.27930292    3056.1719   0.43551215   -2.5300423    1.9640952  -0.56594703 
    4000    1.2191827   0.52920761    2403.0057   0.55388966   -3.1457778    1.8274001   -1.3183778 
    5000    1.2060845    0.7965714    2036.3841   0.65360951     -3.76677    1.8077675   -1.9590025 
    6000    1.1303094    1.1107181    1849.7748   0.71954706   -4.1850881    1.6941903   -2.4908977 
    7000    1.0700489    1.2311515    1769.7646   0.75207741   -4.3909882    1.6038675   -2.7871207 
    8000    1.0794385    1.3270948    1763.1191   0.75491212   -4.3971953    1.6179412   -2.7792541 
    9000    1.1372527    1.1366069    1803.6661   0.73794148   -4.3204587    1.7045974   -2.6158613 
   10000    1.1255413    1.3815558     1799.896   0.73948715   -4.2799518    1.6870435   -2.5929082 
   11000    1.0804988    1.3574871    1778.8644   0.74823015   -4.3423322    1.6195305   -2.7228016 
   12000    1.0681175    1.2669909    1784.7606   0.74575827   -4.3327025    1.6009725     -2.73173 
   13000    1.1121532    1.3344464    1800.4974   0.73924018   -4.2925181    1.6669764   -2.6255417 
   14000    1.1159217     1.266258    1796.7364   0.74078758   -4.3026462    1.6726249   -2.6300214 
   15000    1.0979185    1.3788781    1777.3214   0.74887976   -4.3507698    1.6456405   -2.7051293 
   16000    1.0849457    1.3974713    1779.5292   0.74795063   -4.3394052    1.6261958   -2.7132094 
   17000    1.1105198    1.3508259    1799.4594   0.73966661   -4.2675364    1.6645281   -2.6030083 
   18000     1.065119    1.3511486    1807.8273   0.73624291   -4.2443874    1.5964781   -2.6479093 
   19000    1.0715664   0.91261924    1807.0613   0.73655497    -4.339016    1.6061419   -2.7328741 
   20000    1.0674257    1.1454753    1791.6033      0.74291   -4.3401172    1.5999357   -2.7401816 
   21000    1.1020588    1.4309736    1789.8369   0.74364316   -4.3011314    1.6518462   -2.6492852 
   22000    1.1370885    1.2803754    1801.8684   0.73867768   -4.2878014    1.7043513   -2.5834502 
   23000    1.0968179    1.3917185    1792.5896   0.74250126   -4.2992699    1.6439908   -2.6552791 
   24000     1.081644    1.1742635    1791.3837   0.74300107   -4.3413696     1.621247   -2.7201226 
   25000    1.0872766    1.2037778    1806.6199   0.73673493    -4.287156    1.6296896   -2.6574664 
   26000    1.0711536    1.2865127     1811.487   0.73475547   -4.2439773    1.6055232   -2.6384542 
   27000    1.0809545    1.2476006    1789.8848   0.74362329   -4.3227134    1.6202135   -2.7024999 
   28000    1.0804038    1.2893623     1779.962   0.74776879   -4.3519666    1.6193881   -2.7325785 
   29000    1.0905143    1.2986277    1800.6093   0.73919422   -4.2887764    1.6345425   -2.6542339 
   30000    1.0836841    1.1600341    1817.3836   0.73237153   -4.2581541    1.6243049   -2.6338492 
   31000    1.0800472    1.1984294    1780.7438   0.74744047   -4.3663817    1.6188537    -2.747528 
   32000    1.0702469    1.3619997    1792.9769   0.74234086   -4.2832605    1.6041642   -2.6790963 
   33000    1.1321073     1.223457    1794.5172   0.74170367   -4.3263574    1.6968851   -2.6294723 
   34000    1.1098928    1.5034905     1780.228   0.74765703   -4.3134931    1.6635884   -2.6499047 
   35000    1.0940657    1.3212929    1775.7742   0.74953222   -4.3710121    1.6398655   -2.7311466 
   36000    1.1152676    1.1375121    1799.4609   0.73966598   -4.3223501    1.6716445   -2.6507056 
   37000     1.121501    1.1001217    1809.8748   0.73540998   -4.3021875    1.6809876   -2.6211999 
   38000     1.076992    1.1799494    1803.3926    0.7380534   -4.2870935    1.6142743   -2.6728192 
   39000    1.0983845    1.3241646     1791.466   0.74296692   -4.3145786    1.6463389   -2.6682397 
   40000    1.0754453    1.2117485    1787.9863   0.74441287   -4.3307652    1.6119559   -2.7188093 
   41000    1.0603081    1.2334838     1770.752   0.75165806   -4.4049541    1.5892672   -2.8156869 
   42000    1.0789558    1.0259654    1801.3449   0.73889238   -4.3422935    1.6172177   -2.7250757 
   43000    1.0856068   0.95639775    1816.1301   0.73287703   -4.3008623    1.6271868   -2.6736755 
   44000    1.1219878    1.1646623    1803.3711   0.73806218    -4.300983    1.6817173   -2.6192657 
   45000    1.0857134    1.1711681     1799.352   0.73971076   -4.3108701    1.6273466   -2.6835235 
   46000    1.0830564    1.2841799    1777.3679   0.74886017   -4.3710583    1.6233641   -2.7476942 
   47000    1.0839497     1.448404    1776.0837   0.74940161   -4.3203904     1.624703   -2.6956874 
   48000    1.0806728    1.5349041    1788.8952   0.74403463   -4.2862911    1.6197912   -2.6664998 
   49000    1.1043607    1.4534286    1797.7943   0.74035168   -4.2524798    1.6552965   -2.5971833 
   50000    1.1298485    1.3387845    1810.7091   0.73507112   -4.2361141    1.6934994   -2.5426147 
Loop time of 39.8234 on 1 procs for 50000 steps with 1331 atoms

Performance: 433916.045 tau/day, 1255.544 timesteps/s
99.6% CPU use with 1 MPI tasks x no OpenMP threads

MPI task timing breakdown:
Section |  min time  |  avg time  |  max time  |%varavg| %total
---------------------------------------------------------------
Pair    | 31.414     | 31.414     | 31.414     |   0.0 | 78.88
Neigh   | 5.0353     | 5.0353     | 5.0353     |   0.0 | 12.64
Comm    | 0.80784    | 0.80784    | 0.80784    |   0.0 |  2.03
Output  | 0.026526   | 0.026526   | 0.026526   |   0.0 |  0.07
Modify  | 2.3596     | 2.3596     | 2.3596     |   0.0 |  5.93
Other   |            | 0.1799     |            |       |  0.45

Nlocal:    1331 ave 1331 max 1331 min
Histogram: 1 0 0 0 0 0 0 0 0 0
Nghost:    2802 ave 2802 max 2802 min
Histogram: 1 0 0 0 0 0 0 0 0 0
Neighs:    43991 ave 43991 max 43991 min
Histogram: 1 0 0 0 0 0 0 0 0 0

Total # of neighbors = 43991
Ave neighs/atom = 33.0511
Neighbor list builds = 2500
Dangerous builds not checked

write_restart lattice_11_11_11__2_2_2/sim1/T_1.10__P_1.30/end1.restart
Total wall time: 0:00:39
