run 50000
Neighbor list info ...
  update every 20 steps, delay 0 steps, check no
  max neighbors/atom: 2000, page size: 100000
  master list distance cutoff = 2.8
  ghost atom cutoff = 2.8
  binsize = 1.4, bins = 12 12 12
  1 neighbor lists, perpetual/occasional/extra = 1 0 0
  (1) pair lj/cut, perpetual
      attributes: half, newton on
      pair build: half/bin/atomonly/newton
      stencil: half/bin/3d/newton
      bin: standard
Per MPI rank memory allocation (min/avg/max) = 2.738 | 2.738 | 2.738 Mbytes
Step Temp Press TotEng 
       0          0.7   -0.7319407  -0.43021138 
    1000   0.87241267 -0.077194964  -0.94209817 
    2000   0.81077191  -0.03092669   -1.4386084 
    3000   0.80332606  -0.07211383   -1.8837086 
    4000   0.78035209 -0.029068588   -2.3307503 
    5000   0.74218025 -0.00035816128   -2.6776571 
    6000   0.71224422 -0.089132191    -2.943226 
    7000   0.69268578 -0.050319503   -3.0459459 
    8000   0.70054888 -0.086661779   -2.9925135 
    9000   0.71403853  -0.11854549   -2.8883533 
   10000   0.69826377 -0.00049783224   -2.9264437 
   11000   0.70263455 -0.052491357   -2.9860244 
   12000   0.70570916  -0.01918302   -2.9538478 
   13000   0.69827163 0.0010316416   -2.9368995 
   14000   0.70998363 -0.048810762   -2.9123821 
   15000    0.6859486  -0.03917368   -2.9484621 
   16000   0.69567029 -0.088446888    -2.958152 
   17000   0.73384652  -0.04924667   -2.8965766 
   18000   0.68315344 -0.050673342   -2.9733125 
   19000   0.67420271 -0.029250023   -2.9868622 
   20000    0.6965177 -0.055864663   -2.9338623 
   21000   0.71633372 -0.053713012   -2.8714648 
   22000   0.70909801   -0.0823356   -2.8669382 
   23000   0.68748697  0.004805963   -2.9418007 
   24000   0.66192635 -0.071620649   -2.9934809 
   25000   0.69457458  0.036719196    -2.991277 
   26000   0.71028544  -0.04007654   -2.9237492 
   27000   0.70393192 -0.063531609   -2.9120216 
   28000   0.69677549  0.010606958   -2.9976852 
   29000   0.72263577 -0.033080067   -2.9432152 
   30000   0.71833935 -0.056049958   -2.8810955 
   31000   0.72160623 0.0073623153   -2.8433561 
   32000   0.70168664 -0.023361708   -2.9291988 
   33000   0.70628776 -0.050842785   -2.9660808 
   34000   0.70425757 -0.022867449   -3.0028327 
   35000   0.69051371 -0.075217455    -3.018901 
   36000   0.70391789 -0.055730918   -2.9517898 
   37000   0.69672985 0.0042080335    -2.883301 
   38000   0.72531506 0.0093472423   -2.9295299 
   39000   0.69011472 -0.057191489   -2.9843113 
   40000   0.67330555  0.021952721   -2.9827278 
   41000    0.6594866 -0.060854506   -3.0571348 
   42000   0.70618771  0.014797823   -2.9928724 
   43000   0.68492809  -0.11645291    -2.994508 
   44000   0.71572474 -0.078113116   -2.9158221 
   45000   0.71149068 -0.063327706   -2.8780691 
   46000   0.68131046  -0.10799946   -2.8828985 
   47000   0.70095014 -0.0091831186   -2.9545554 
   48000   0.70613753 -0.0081063284   -2.9625125 
   49000   0.71427086  0.027465217    -2.930508 
   50000      0.69575  -0.08346003    -3.011168 
Loop time of 25.3008 on 1 procs for 50000 steps with 1331 atoms

Performance: 682982.514 tau/day, 1976.223 timesteps/s
99.9% CPU use with 1 MPI tasks x no OpenMP threads

MPI task timing breakdown:
Section |  min time  |  avg time  |  max time  |%varavg| %total
---------------------------------------------------------------
Pair    | 20.597     | 20.597     | 20.597     |   0.0 | 81.41
Neigh   | 3.5258     | 3.5258     | 3.5258     |   0.0 | 13.94
Comm    | 0.22551    | 0.22551    | 0.22551    |   0.0 |  0.89
Output  | 0.024825   | 0.024825   | 0.024825   |   0.0 |  0.10
Modify  | 0.84944    | 0.84944    | 0.84944    |   0.0 |  3.36
Other   |            | 0.07817    |            |       |  0.31

Nlocal:    1331 ave 1331 max 1331 min
Histogram: 1 0 0 0 0 0 0 0 0 0
Nghost:    705 ave 705 max 705 min
Histogram: 1 0 0 0 0 0 0 0 0 0
Neighs:    35857 ave 35857 max 35857 min
Histogram: 1 0 0 0 0 0 0 0 0 0

Total # of neighbors = 35857
Ave neighs/atom = 26.9399
Neighbor list builds = 2500
Dangerous builds not checked

write_restart NVT/sim1/T_0.70__v_2.74/end1.restart
Total wall time: 0:00:25
