run 50000
Neighbor list info ...
  update every 20 steps, delay 0 steps, check no
  max neighbors/atom: 2000, page size: 100000
  master list distance cutoff = 2.8
  ghost atom cutoff = 2.8
  binsize = 1.4, bins = 16 16 16
  1 neighbor lists, perpetual/occasional/extra = 1 0 0
  (1) pair lj/cut, perpetual
      attributes: half, newton on
      pair build: half/bin/atomonly/newton
      stencil: half/bin/3d/newton
      bin: standard
Per MPI rank memory allocation (min/avg/max) = 2.7 | 2.7 | 2.7 Mbytes
Step Temp Press Volume Density PotEng KinEng TotEng 
       0          0.8  0.054514712        10648        0.125  -0.13561964    1.1990984    1.0634788 
    1000    1.4030066   0.27867244    5249.4597    0.2535499   -1.4328974    2.1029288    0.6700314 
    2000    1.2063649   0.25166916    3368.1395   0.39517366   -2.3334542    1.8081878  -0.52526638 
    3000    1.1067264   0.30398615    2385.5811   0.55793533   -3.3039291    1.6588424   -1.6450866 
    4000    1.0625247   0.73897734    1865.1526   0.71361453   -4.2207444    1.5925897   -2.6281547 
    5000    0.8948049    1.3626621    1659.5294   0.80203462    -4.760919    1.3411989   -3.4197201 
    6000   0.80225009    1.4864396    1570.1939   0.84766603   -5.1107203     1.202471   -3.9082493 
    7000   0.76920338    1.5603118    1544.6281   0.86169611   -5.2209834    1.1529382   -4.0680452 
    8000   0.80785437    1.4744602    1560.4202   0.85297538   -5.1620603    1.2108711   -3.9511892 
    9000    0.8262312    1.4743818    1578.5568   0.84317524    -5.081282    1.2384157   -3.8428663 
   10000   0.80365928    1.4452841    1570.5162   0.84749208   -5.1275723    1.2045832   -3.9229891 
   11000   0.80210574    1.4306669    1557.3039   0.85468226   -5.1929529    1.2022547   -3.9906982 
   12000   0.81253838    1.3109621    1569.8732   0.84783916   -5.1547901    1.2178919   -3.9368983 
   13000   0.82542427    1.6224387    1567.3042    0.8492289   -5.1075528    1.2372062   -3.8703466 
   14000   0.77935961    1.3546674    1575.1216   0.84501415   -5.1140638    1.1681611   -3.9459027 
   15000   0.77219744    1.8200024    1554.0794   0.85645562   -5.1214164    1.1574259   -3.9639905 
   16000   0.81981364    1.4396827     1562.691    0.8517359   -5.1620023    1.2287966   -3.9332058 
   17000   0.80041439    1.3380501    1575.5005   0.84481093   -5.1235228    1.1997195   -3.9238032 
   18000   0.80371252    1.6944793    1560.1247   0.85313694   -5.1206923     1.204663   -3.9160293 
   19000   0.77745507    1.4511678    1573.4807   0.84589535   -5.1068983    1.1653064   -3.9415919 
   20000    0.8021851    1.7444665    1552.5356   0.85730722   -5.1517516    1.2023736    -3.949378 
   21000   0.77890731     1.261158    1579.9375    0.8424384   -5.1174194    1.1674832   -3.9499362 
   22000   0.80606671    1.5705026    1568.6811   0.84848347   -5.1036216    1.2081916   -3.8954299 
   23000    0.8063982    1.4137637    1569.3951   0.84809747   -5.1318915    1.2086885    -3.923203 
   24000   0.80348109     1.348293    1567.4693   0.84913944   -5.1530528    1.2043161   -3.9487366 
   25000   0.78932074    1.6297883    1562.7305   0.85171434   -5.1165122    1.1830916   -3.9334207 
   26000   0.78456367    1.3836576    1574.0053   0.84561339   -5.1175157    1.1759613   -3.9415544 
   27000    0.8026859    1.7178256    1557.5488   0.85454786     -5.12509    1.2031242   -3.9219657 
   28000   0.78037039    1.2864095    1579.8111    0.8425058   -5.0970107    1.1696761   -3.9273345 
   29000   0.82055572    1.7203869    1553.1382   0.85697459   -5.1516399    1.2299088   -3.9217311 
   30000   0.75746489    1.3858887    1575.9531   0.84456827   -5.1030722    1.1353437   -3.9677285 
   31000   0.80887231    1.7047589    1561.0924   0.85260807   -5.1128284    1.2123969   -3.9004315 
   32000   0.81279105     1.265377    1571.0796   0.84718813   -5.1571709    1.2182706   -3.9389003 
   33000   0.77953066    1.5377998    1560.6954   0.85282494   -5.1482046    1.1684175   -3.9797871 
   34000   0.80323188     1.473541    1562.2832   0.85195819   -5.1573511    1.2039426   -3.9534085 
   35000   0.78867349    1.3597551    1578.8374   0.84302538   -5.0883186    1.1821214   -3.9061972 
   36000   0.80687985    1.7149997    1564.1987   0.85091492   -5.1003906    1.2094104   -3.8909801 
   37000    0.8090343    1.3753709    1564.6298   0.85068048   -5.1739811    1.2126397   -3.9613414 
   38000   0.79148855    1.5682025    1556.0126   0.85539156   -5.1634975    1.1863408   -3.9771567 
   39000   0.82472046    1.6940276    1561.5261    0.8523713   -5.1128475    1.2361513   -3.8766963 
   40000   0.78144741    1.3703434    1587.4883   0.83843135   -5.0583469    1.1712904   -3.8870565 
   41000   0.81149088    1.5100281    1562.3536   0.85191982     -5.15173    1.2163218   -3.9354082 
   42000   0.80889979    1.3435597    1558.5684   0.85398881   -5.1969818    1.2124381   -3.9845437 
   43000   0.76521431    1.4854793    1559.7512   0.85334121   -5.1610073    1.1469591   -4.0140482 
   44000   0.81352571    1.3695061    1569.2587   0.84817119   -5.1446377    1.2193718    -3.925266 
   45000   0.78950457    1.2928592    1578.4985   0.84320637    -5.112877    1.1833671   -3.9295098 
   46000   0.81207597    1.8005828    1543.9395    0.8620804   -5.1800466    1.2171988   -3.9628478 
   47000   0.80442365    1.2057008     1575.532   0.84479403   -5.1532761    1.2057289   -3.9475472 
   48000   0.81052261    1.6114847    1568.5019   0.84858042   -5.1055713    1.2148705   -3.8907008 
   49000   0.78254994      1.45999    1565.3648   0.85028106   -5.1433598     1.172943   -3.9704168 
   50000   0.78977178    1.4321632    1560.3051   0.85303829   -5.1600883    1.1837676   -3.9763207 
Loop time of 38.152 on 1 procs for 50000 steps with 1331 atoms

Performance: 452925.028 tau/day, 1310.547 timesteps/s
99.9% CPU use with 1 MPI tasks x no OpenMP threads

MPI task timing breakdown:
Section |  min time  |  avg time  |  max time  |%varavg| %total
---------------------------------------------------------------
Pair    | 30.658     | 30.658     | 30.658     |   0.0 | 80.36
Neigh   | 4.5228     | 4.5228     | 4.5228     |   0.0 | 11.85
Comm    | 0.71527    | 0.71527    | 0.71527    |   0.0 |  1.87
Output  | 0.024864   | 0.024864   | 0.024864   |   0.0 |  0.07
Modify  | 2.0289     | 2.0289     | 2.0289     |   0.0 |  5.32
Other   |            | 0.202      |            |       |  0.53

Nlocal:    1331 ave 1331 max 1331 min
Histogram: 1 0 0 0 0 0 0 0 0 0
Nghost:    2960 ave 2960 max 2960 min
Histogram: 1 0 0 0 0 0 0 0 0 0
Neighs:    50437 ave 50437 max 50437 min
Histogram: 1 0 0 0 0 0 0 0 0 0

Total # of neighbors = 50437
Ave neighs/atom = 37.8941
Neighbor list builds = 2500
Dangerous builds not checked

write_restart lattice_11_11_11__2_2_2/sim1/T_0.80__P_1.50/end1.restart
Total wall time: 0:00:38
