run 50000
Neighbor list info ...
  update every 20 steps, delay 0 steps, check no
  max neighbors/atom: 2000, page size: 100000
  master list distance cutoff = 2.8
  ghost atom cutoff = 2.8
  binsize = 1.4, bins = 18 18 18
  1 neighbor lists, perpetual/occasional/extra = 1 0 0
  (1) pair lj/cut, perpetual
      attributes: half, newton on
      pair build: half/bin/atomonly/newton
      stencil: half/bin/3d/newton
      bin: standard
Per MPI rank memory allocation (min/avg/max) = 2.711 | 2.711 | 2.711 Mbytes
Step Temp Press TotEng 
       0          0.4  0.017102938   0.53635224 
    1000   0.60749247  0.024228004   0.13433332 
    2000   0.51904418  0.013551244   -0.3664875 
    3000   0.53542386   0.00700438    -0.845755 
    4000   0.52645818 -0.0016216603   -1.3630302 
    5000   0.51478866 -0.00062694547   -1.8867991 
    6000   0.49452013 -0.0065540488   -2.4031739 
    7000   0.45334231 0.0030515536    -2.834972 
    8000    0.4186363 -0.00088502479   -3.1831644 
    9000    0.4048061 -0.00066784178   -3.4154843 
   10000   0.39289518 0.0038584559   -3.5434233 
   11000   0.39663311 -0.015455295   -3.5558853 
   12000   0.40389206  0.012542452   -3.5421656 
   13000   0.39718806 -0.0086713569   -3.6003916 
   14000   0.39752981 0.0034560073   -3.6489617 
   15000   0.39986352 0.0053124559   -3.6600296 
   16000   0.38721926 -0.013710618   -3.6931463 
   17000   0.40455757 -0.016922772   -3.7391423 
   18000    0.4023606 -0.0024077849   -3.7842097 
   19000   0.41524083 -0.0021628034    -3.794483 
   20000   0.39799945 -0.011495578   -3.8583801 
   21000   0.40491273  0.016472286   -3.8951349 
   22000   0.40884398  0.019544016   -3.8879022 
   23000   0.40275131 -0.0064935423   -3.8763065 
   24000   0.41038428 5.9276473e-05   -3.9072448 
   25000    0.3979171 0.0030096168   -3.9476714 
   26000   0.40399078 -0.013139227   -3.9516607 
   27000   0.40217154 -0.002234258   -3.9644722 
   28000   0.40376252 -0.0062529003   -4.0153795 
   29000   0.39209576 -0.0024772009   -4.0453038 
   30000   0.39164909 0.0038313741   -4.0229506 
   31000   0.40224278 -0.027798907   -3.9951087 
   32000   0.40655313 -0.0055209963     -3.98402 
   33000   0.39824501  0.019633384   -4.0230469 
   34000   0.38603566 -0.0071922642   -4.0479469 
   35000   0.41643754 0.0030423816   -3.9976288 
   36000   0.40339798 -0.0092358948   -3.9826479 
   37000   0.38982956  0.041370924   -4.0285659 
   38000   0.39504601 0.0026199241   -4.0688712 
   39000   0.39421375 0.0025056109   -4.0828721 
   40000   0.39672765 -0.0067750876   -4.1128482 
   41000   0.37977555 0.0093836552   -4.1294136 
   42000   0.40515739  0.024550363   -4.0850336 
   43000   0.40128281 -0.0052515594   -4.0987043 
   44000   0.40750522 -0.0020063789    -4.129741 
   45000   0.40118654 -0.031279269   -4.1524729 
   46000    0.4063785 -0.00014265094   -4.1739389 
   47000   0.40449377 -0.014993399   -4.1199744 
   48000   0.40259523 -4.1187585e-05   -4.1318519 
   49000   0.39377699 -0.013487556   -4.1764255 
   50000   0.39702162 -0.0025474791   -4.1566629 
Loop time of 21.6688 on 1 procs for 50000 steps with 1331 atoms

Performance: 797460.515 tau/day, 2307.467 timesteps/s
99.9% CPU use with 1 MPI tasks x no OpenMP threads

MPI task timing breakdown:
Section |  min time  |  avg time  |  max time  |%varavg| %total
---------------------------------------------------------------
Pair    | 17.664     | 17.664     | 17.664     |   0.0 | 81.52
Neigh   | 2.7567     | 2.7567     | 2.7567     |   0.0 | 12.72
Comm    | 0.28282    | 0.28282    | 0.28282    |   0.0 |  1.31
Output  | 0.025534   | 0.025534   | 0.025534   |   0.0 |  0.12
Modify  | 0.85284    | 0.85284    | 0.85284    |   0.0 |  3.94
Other   |            | 0.08645    |            |       |  0.40

Nlocal:    1331 ave 1331 max 1331 min
Histogram: 1 0 0 0 0 0 0 0 0 0
Nghost:    1271 ave 1271 max 1271 min
Histogram: 1 0 0 0 0 0 0 0 0 0
Neighs:    36492 ave 36492 max 36492 min
Histogram: 1 0 0 0 0 0 0 0 0 0

Total # of neighbors = 36492
Ave neighs/atom = 27.417
Neighbor list builds = 2500
Dangerous builds not checked

write_restart NVT/sim1/T_0.40__v_10.65/end1.restart
Total wall time: 0:00:21
