run 50000
Neighbor list info ...
  update every 20 steps, delay 0 steps, check no
  max neighbors/atom: 2000, page size: 100000
  master list distance cutoff = 2.8
  ghost atom cutoff = 2.8
  binsize = 1.4, bins = 22 22 22
  1 neighbor lists, perpetual/occasional/extra = 1 0 0
  (1) pair lj/cut, perpetual
      attributes: half, newton on
      pair build: half/bin/atomonly/newton
      stencil: half/bin/3d/newton
      bin: standard
Per MPI rank memory allocation (min/avg/max) = 2.739 | 2.739 | 2.739 Mbytes
Step Temp Press TotEng 
       0          1.7  0.082112703    2.5357551 
    1000     1.722159  0.084197237    2.2959463 
    2000    1.6746004  0.077140514    2.2269532 
    3000    1.7388682  0.081261035    2.3085152 
    4000    1.6534248  0.081865416    2.1846117 
    5000    1.7101202  0.079800375    2.2885081 
    6000    1.6392987  0.079627515    2.1619534 
    7000     1.715515  0.078609751    2.2837892 
    8000    1.6783009  0.080531557    2.2183802 
    9000    1.7111993   0.07995728    2.2844902 
   10000    1.7197963  0.073165055    2.2813844 
   11000     1.687648  0.077643376    2.2314948 
   12000    1.7732625  0.079443304     2.362777 
   13000    1.6473425  0.076731633    2.1745433 
   14000    1.7281084  0.079703265    2.3059107 
   15000    1.6768949  0.075621179    2.2161385 
   16000    1.7365889  0.080420825    2.2979515 
   17000    1.6951256  0.077822065    2.2258036 
   18000    1.6963355  0.077965259    2.2479488 
   19000    1.7270827  0.082633867    2.2959242 
   20000    1.6864904  0.076424149    2.2178186 
   21000    1.7735942   0.07922022    2.3551143 
   22000    1.6603632  0.075064897    2.1947666 
   23000    1.7116833  0.081950512    2.2841836 
   24000    1.6441552  0.073239841    2.1610817 
   25000    1.7009818  0.080275048    2.2482416 
   26000    1.6978378  0.081682285    2.2576093 
   27000    1.6568451  0.079610044    2.1827314 
   28000    1.7500223  0.082230025    2.3375139 
   29000    1.6410636  0.078228065    2.1815646 
   30000    1.7098288  0.079312314    2.2756735 
   31000    1.6652511   0.07617738     2.192492 
   32000    1.7009848  0.078698123    2.2571401 
   33000    1.6879757  0.081040448     2.231131 
   34000    1.7262062  0.081121543    2.2888293 
   35000    1.6827109  0.078698348    2.2387977 
   36000    1.7012406  0.083646055    2.2534756 
   37000    1.6958194  0.076971809    2.2275505 
   38000    1.6749305  0.079561275    2.2209854 
   39000    1.7019389  0.080270782    2.2650808 
   40000    1.6886025  0.078979117    2.2304159 
   41000    1.7473216   0.08353255    2.3136341 
   42000    1.6871341  0.077580106    2.2252741 
   43000    1.7206796   0.08270865    2.2752574 
   44000    1.6718797   0.07706601     2.207966 
   45000    1.7422975  0.083506113    2.3023856 
   46000    1.6506411  0.071957147    2.1626551 
   47000    1.6975797  0.078035614    2.2444543 
   48000    1.6863455  0.081610808    2.2394348 
   49000    1.5977072  0.073332978    2.0818269 
   50000    1.7133508  0.078943007    2.2828148 
Loop time of 4.61574 on 1 procs for 50000 steps with 1331 atoms

Performance: 3743715.664 tau/day, 10832.511 timesteps/s
99.6% CPU use with 1 MPI tasks x no OpenMP threads

MPI task timing breakdown:
Section |  min time  |  avg time  |  max time  |%varavg| %total
---------------------------------------------------------------
Pair    | 2.3004     | 2.3004     | 2.3004     |   0.0 | 49.84
Neigh   | 1.1012     | 1.1012     | 1.1012     |   0.0 | 23.86
Comm    | 0.26535    | 0.26535    | 0.26535    |   0.0 |  5.75
Output  | 0.022774   | 0.022774   | 0.022774   |   0.0 |  0.49
Modify  | 0.84698    | 0.84698    | 0.84698    |   0.0 | 18.35
Other   |            | 0.07908    |            |       |  1.71

Nlocal:    1331 ave 1331 max 1331 min
Histogram: 1 0 0 0 0 0 0 0 0 0
Nghost:    984 ave 984 max 984 min
Histogram: 1 0 0 0 0 0 0 0 0 0
Neighs:    3062 ave 3062 max 3062 min
Histogram: 1 0 0 0 0 0 0 0 0 0

Total # of neighbors = 3062
Ave neighs/atom = 2.30053
Neighbor list builds = 2500
Dangerous builds not checked

write_restart NVT/sim1/T_1.70__v_21.95/end1.restart
Total wall time: 0:00:04
