run 50000
Neighbor list info ...
  update every 20 steps, delay 0 steps, check no
  max neighbors/atom: 2000, page size: 100000
  master list distance cutoff = 2.8
  ghost atom cutoff = 2.8
  binsize = 1.4, bins = 14 14 14
  1 neighbor lists, perpetual/occasional/extra = 1 0 0
  (1) pair lj/cut, perpetual
      attributes: half, newton on
      pair build: half/bin/atomonly/newton
      stencil: half/bin/3d/newton
      bin: standard
Per MPI rank memory allocation (min/avg/max) = 2.746 | 2.746 | 2.746 Mbytes
Step Temp Press TotEng 
       0          1.8   0.14229856    2.2756374 
    1000    1.8479337   0.33736863    1.7283402 
    2000    1.7280719    0.3119901    1.5347744 
    3000    1.8407908   0.33863875    1.6935681 
    4000     1.761882   0.27043676    1.5155749 
    5000    1.8296028   0.31308438    1.6586933 
    6000    1.7649354   0.31109522    1.5594821 
    7000    1.8773404   0.31617422    1.7175878 
    8000     1.780546   0.28233835    1.5678491 
    9000     1.791905   0.32742547    1.6498974 
   10000    1.8182468   0.29507762    1.6219634 
   11000    1.8006338   0.30159687     1.589277 
   12000     1.808512   0.30682099    1.6443629 
   13000    1.7394557   0.28099246    1.4971409 
   14000    1.8311875   0.31267919    1.6746967 
   15000    1.7701031   0.31276644    1.5573622 
   16000    1.8379551   0.29769789    1.6518921 
   17000    1.7842766   0.29620022    1.5970573 
   18000    1.8296857   0.24245804    1.5724292 
   19000     1.859771   0.31321425    1.7160456 
   20000     1.760027   0.29790014     1.553413 
   21000    1.8195977   0.31233364    1.6218571 
   22000    1.8166585   0.32590168    1.6505459 
   23000     1.765372   0.26827211    1.5340413 
   24000    1.8313016   0.35513964    1.6398771 
   25000     1.732576   0.27924885    1.4975701 
   26000    1.8252656   0.30744318    1.6656127 
   27000    1.7918012   0.30600719    1.5777867 
   28000    1.7907471   0.29542763    1.6008002 
   29000    1.8346871   0.29116173    1.6594327 
   30000    1.7814214   0.27210123    1.5711813 
   31000     1.857145    0.3094701    1.6790388 
   32000    1.7548851   0.30136952    1.5689125 
   33000    1.7615821    0.3086648    1.5822399 
   34000    1.8188859   0.31635102    1.6185403 
   35000    1.7864563   0.28651801    1.5547187 
   36000      1.84232   0.35555793    1.6994845 
   37000    1.7651422   0.29089984    1.5341197 
   38000    1.8105806   0.33978221    1.6204429 
   39000    1.7854993   0.30832321    1.6490252 
   40000    1.7958461   0.29480828    1.5901684 
   41000    1.8197391   0.28907522    1.6569608 
   42000    1.7656188   0.31304532    1.5682632 
   43000    1.8304889   0.34267896    1.6944829 
   44000    1.7494695   0.30981285     1.553156 
   45000        1.826     0.339246    1.6972887 
   46000    1.8301365   0.27724224    1.6759013 
   47000    1.7663196    0.3301019    1.5738529 
   48000    1.8627398    0.3058764    1.6873504 
   49000    1.7572815   0.28109125     1.522245 
   50000     1.818315   0.31217969    1.6431777 
Loop time of 11.869 on 1 procs for 50000 steps with 1331 atoms

Performance: 1455898.279 tau/day, 4212.669 timesteps/s
99.9% CPU use with 1 MPI tasks x no OpenMP threads

MPI task timing breakdown:
Section |  min time  |  avg time  |  max time  |%varavg| %total
---------------------------------------------------------------
Pair    | 7.9625     | 7.9625     | 7.9625     |   0.0 | 67.09
Neigh   | 2.5212     | 2.5212     | 2.5212     |   0.0 | 21.24
Comm    | 0.4284     | 0.4284     | 0.4284     |   0.0 |  3.61
Output  | 0.016834   | 0.016834   | 0.016834   |   0.0 |  0.14
Modify  | 0.84239    | 0.84239    | 0.84239    |   0.0 |  7.10
Other   |            | 0.09763    |            |       |  0.82

Nlocal:    1331 ave 1331 max 1331 min
Histogram: 1 0 0 0 0 0 0 0 0 0
Nghost:    1568 ave 1568 max 1568 min
Histogram: 1 0 0 0 0 0 0 0 0 0
Neighs:    11880 ave 11880 max 11880 min
Histogram: 1 0 0 0 0 0 0 0 0 0

Total # of neighbors = 11880
Ave neighs/atom = 8.92562
Neighbor list builds = 2500
Dangerous builds not checked

write_restart NVT/sim1/T_1.80__v_4.91/end1.restart
Total wall time: 0:00:11
