run 50000
Neighbor list info ...
  update every 20 steps, delay 0 steps, check no
  max neighbors/atom: 2000, page size: 100000
  master list distance cutoff = 2.8
  ghost atom cutoff = 2.8
  binsize = 1.4, bins = 16 16 16
  1 neighbor lists, perpetual/occasional/extra = 1 0 0
  (1) pair lj/cut, perpetual
      attributes: half, newton on
      pair build: half/bin/atomonly/newton
      stencil: half/bin/3d/newton
      bin: standard
Per MPI rank memory allocation (min/avg/max) = 2.7 | 2.7 | 2.7 Mbytes
Step Temp Press Volume Density PotEng KinEng TotEng 
       0          1.5   0.14194897        10648        0.125  -0.13561964    2.2483095    2.1126899 
    1000    1.9197247   0.35919657    7456.6737   0.17849782   -0.9687136    2.8774235    1.9087099 
    2000    1.6563368   0.38221902    5801.7639   0.22941299   -1.2597452    2.4826385    1.2228933 
    3000    1.5744162   0.32272749    4709.9508   0.28259318   -1.6281882      2.35985   0.73166181 
    4000    1.5259234   0.34313843    3963.8597   0.33578383   -1.9064764    2.2871654   0.38068894 
    5000    1.5349917   0.39908783    3449.9242   0.38580558   -2.1933855    2.3007577   0.10737219 
    6000    1.5085508   0.57574723    3087.8068   0.43105028   -2.4187791    2.2611261    -0.157653 
    7000    1.5087291   0.55678619     2842.353     0.468274   -2.6259748    2.2613933  -0.36458156 
    8000    1.5145375   0.56170196    2693.2232   0.49420338   -2.7741992    2.2700993  -0.50409986 
    9000    1.4797041   0.65340199    2662.2158   0.49995946   -2.8108838    2.2178885  -0.59299532 
   10000    1.5039746   0.80294346    2619.6101   0.50809087   -2.7899866     2.254267  -0.53571961 
   11000    1.5044253   0.81520364    2612.8023   0.50941474   -2.8218342    2.2549424  -0.56689175 
   12000     1.498137   0.59178934    2619.6641    0.5080804   -2.8906808    2.2455171  -0.64516363 
   13000    1.5265601   0.64569479     2600.034   0.51191638    -2.867315    2.2881197  -0.57919525 
   14000     1.485409   0.64726857    2634.5313    0.5052132   -2.8147595    2.2264395  -0.58831998 
   15000    1.4827362   0.71749692    2600.2239   0.51187899   -2.8515489    2.2224333   -0.6291156 
   16000    1.5438921   0.76229201    2562.3035   0.51945448   -2.8921637    2.3140983   -0.5780654 
   17000    1.4774729   0.60123648    2647.3335   0.50277005   -2.8431405    2.2145442   -0.6285963 
   18000    1.4884326    0.6751544    2625.3113    0.5069875    -2.835991    2.2309715  -0.60501955 
   19000    1.5303055   0.82009699    2620.8766   0.50784535   -2.8112732    2.2937337  -0.51753956 
   20000    1.4825358   0.72918617    2675.6847   0.49744276   -2.7282349     2.222133  -0.50610196 
   21000    1.4572842   0.52077527     2728.745   0.48777002   -2.7425459     2.184284  -0.55826186 
   22000    1.5300693   0.89070259    2613.1825   0.50934063   -2.7969459    2.2933796  -0.50356627 
   23000    1.5168985   0.55806705    2616.3292   0.50872802    -2.891065    2.2736382  -0.61742677 
   24000    1.4771655   0.60702477    2608.1456   0.51032427   -2.8681806    2.2140836  -0.65409706 
   25000    1.4959434    0.6670854      2557.42   0.52044638   -2.9112069    2.2422293  -0.66897762 
   26000    1.4838779   0.66268006    2674.5157    0.4976602   -2.7816954    2.2241446  -0.55755084 
   27000    1.5653159   0.58997403    2636.1612   0.50490084   -2.8291772    2.3462097   -0.4829675 
   28000    1.4678296   0.75602607    2613.6834   0.50924301    -2.835216    2.2000902  -0.63512583 
   29000     1.479367   0.80552916    2592.3368   0.51343638   -2.8539454    2.2173833  -0.63656201 
   30000    1.5497311   0.83255055    2608.7818   0.51019981   -2.8053643    2.3228502  -0.48251411 
   31000    1.5070912    0.5793833    2686.6363   0.49541504   -2.7811754    2.2589384  -0.52223708 
   32000    1.4648137   0.53923756    2669.2835   0.49863569   -2.7875866    2.1955697  -0.59201689 
   33000    1.5328376   0.60186279     2564.982   0.51891201    -2.923847    2.2975289  -0.62631815 
   34000    1.4719732   0.68487853    2541.7058   0.52366407   -2.9367199    2.2063009  -0.73041902 
   35000    1.4834111   0.73560091    2550.5876   0.52184053   -2.9259948    2.2234449  -0.70254988 
   36000     1.485144   0.58568038    2660.1653   0.50034485   -2.7920199    2.2260423  -0.56597762 
   37000    1.5364775   0.63101436    2657.8794   0.50077516   -2.8048921    2.3029846  -0.50190744 
   38000    1.4870453   0.75175966    2562.2476   0.51946581   -2.8682481    2.2288922  -0.63935597 
   39000    1.4421022   0.46882009    2597.5686   0.51240226   -2.8835512     2.161528  -0.72202317 
   40000    1.5039436   0.59459347    2609.1887   0.51012025   -2.8356494    2.2542204    -0.581429 
   41000    1.4959835   0.73370652    2625.6102   0.50692978   -2.8004758    2.2422893  -0.55818643 
   42000    1.5034504   0.69898392    2611.1467   0.50973773   -2.8310882    2.2534813   -0.5776069 
   43000    1.4397848   0.73283577    2656.5616   0.50102358   -2.8178096    2.1580546    -0.659755 
   44000    1.5998403    0.6658845    2580.7025   0.51575103   -2.8840931    2.3979575  -0.48613563 
   45000    1.4776347   0.67229637    2677.7619   0.49705689   -2.8037472    2.2147868  -0.58896042 
   46000    1.4886361   0.83400902    2634.6886   0.50518304   -2.7720761    2.2312765  -0.54079963 
   47000    1.5080662   0.63792532    2650.8469   0.50210369   -2.8095821    2.2603997  -0.54918241 
   48000    1.5258447   0.77384665    2643.3431   0.50352904   -2.8150081    2.2870475  -0.52796064 
   49000    1.4643885   0.73126534     2614.634   0.50905786   -2.8032194    2.1949324    -0.608287 
   50000    1.4782562    0.5914029    2586.4158   0.51461176    -2.880422    2.2157183  -0.66470376 
Loop time of 29.82 on 1 procs for 50000 steps with 1331 atoms

Performance: 579476.179 tau/day, 1676.725 timesteps/s
99.7% CPU use with 1 MPI tasks x no OpenMP threads

MPI task timing breakdown:
Section |  min time  |  avg time  |  max time  |%varavg| %total
---------------------------------------------------------------
Pair    | 22.337     | 22.337     | 22.337     |   0.0 | 74.91
Neigh   | 4.2476     | 4.2476     | 4.2476     |   0.0 | 14.24
Comm    | 0.72169    | 0.72169    | 0.72169    |   0.0 |  2.42
Output  | 0.028886   | 0.028886   | 0.028886   |   0.0 |  0.10
Modify  | 2.3321     | 2.3321     | 2.3321     |   0.0 |  7.82
Other   |            | 0.1527     |            |       |  0.51

Nlocal:    1331 ave 1331 max 1331 min
Histogram: 1 0 0 0 0 0 0 0 0 0
Nghost:    2429 ave 2429 max 2429 min
Histogram: 1 0 0 0 0 0 0 0 0 0
Neighs:    30937 ave 30937 max 30937 min
Histogram: 1 0 0 0 0 0 0 0 0 0

Total # of neighbors = 30937
Ave neighs/atom = 23.2434
Neighbor list builds = 2500
Dangerous builds not checked

write_restart lattice_11_11_11__2_2_2/sim1/T_1.50__P_0.70/end1.restart
Total wall time: 0:00:29
