run 50000
Neighbor list info ...
  update every 20 steps, delay 0 steps, check no
  max neighbors/atom: 2000, page size: 100000
  master list distance cutoff = 2.8
  ghost atom cutoff = 2.8
  binsize = 1.4, bins = 16 16 16
  1 neighbor lists, perpetual/occasional/extra = 1 0 0
  (1) pair lj/cut, perpetual
      attributes: half, newton on
      pair build: half/bin/atomonly/newton
      stencil: half/bin/3d/newton
      bin: standard
Per MPI rank memory allocation (min/avg/max) = 2.7 | 2.7 | 2.7 Mbytes
Step Temp Press Volume Density PotEng KinEng TotEng 
       0          1.6   0.15443958        10648        0.125  -0.13561964    2.3981968    2.2625772 
    1000     2.203482    0.4818951     6364.002   0.20914513   -1.0664376    3.3027397    2.2363022 
    2000    1.9428922   0.59292692    4576.8551   0.29081104   -1.5491896    2.9121488    1.3629592 
    3000    1.7532245   0.72828596    3539.3402   0.37605879   -2.0233794    2.6278609   0.60448146 
    4000    1.7174335   0.70247802    2887.4277   0.46096392   -2.5593809    2.5742148  0.014833834 
    5000    1.6630214   0.89137889     2492.419   0.53401936   -2.9330996     2.492658  -0.44044167 
    6000    1.5881834    1.3737532    2259.0878   0.58917585   -3.1860804    2.3804852   -0.8055952 
    7000    1.5638044    1.5093507    2153.1996   0.61814984   -3.3719023    2.3439442   -1.0279581 
    8000    1.5731163    1.5730514    2139.4492   0.62212275   -3.3736748    2.3579016   -1.0157732 
    9000     1.591612    1.6000453    2155.7052   0.61743136   -3.3265523    2.3856242  -0.94092801 
   10000    1.6426231    1.2296996    2157.9197   0.61679774   -3.4386469    2.4620835  -0.97656342 
   11000       1.5792    1.5356182    2161.5672   0.61575693   -3.3408606    2.3670202  -0.97384039 
   12000    1.6088744    1.4032053     2153.517   0.61805873   -3.4088446    2.4114985  -0.99734614 
   13000    1.6218126    1.4488716    2132.3565   0.62419207   -3.4500009    2.4308912   -1.0191097 
   14000    1.6127036    1.6250243    2150.8098   0.61883668   -3.3406475     2.417238  -0.92340947 
   15000    1.6226442    1.5115116    2167.8957   0.61395942   -3.3243195    2.4321376  -0.89218185 
   16000    1.5467511    1.2831194    2168.2767   0.61385155   -3.3789229    2.3183834   -1.0605395 
   17000    1.5537645    1.4339726    2146.3805   0.62011372   -3.3979278    2.3288956   -1.0690322 
   18000     1.612225    1.7258817    2142.4966   0.62123785   -3.3435174    2.4165206  -0.92699684 
   19000    1.6189075    1.4826941    2162.6656   0.61544419   -3.3440492    2.4265368   -0.9175124 
   20000    1.6267529    1.5319799    2139.5195   0.62210231   -3.4200605    2.4382961  -0.98176444 
   21000    1.5822527    1.5019281    2115.6102   0.62913292    -3.447593    2.3715959   -1.0759971 
   22000    1.6360287     1.450537    2151.3982   0.61866742   -3.3828351    2.4521992  -0.93063585 
   23000    1.5980135    1.4425459    2179.8489   0.61059279   -3.3178598    2.3952193  -0.92264055 
   24000    1.5635461     1.173381    2173.8464   0.61227878   -3.4068867     2.343557   -1.0633297 
   25000    1.5368595     1.374225     2153.454   0.61807683   -3.3874635    2.3035572   -1.0839063 
   26000     1.582889    1.5471684    2167.5904   0.61404591   -3.3189096    2.3725496  -0.94636001 
   27000    1.6464779    1.6649093    2147.4879   0.61979396   -3.3698716    2.4678613  -0.90201026 
   28000    1.5934691    1.6531463    2115.6504   0.62912096   -3.4154202    2.3884078   -1.0270124 
   29000    1.5645837     1.481897    2111.0203   0.63050081   -3.4920513    2.3451124   -1.1469389 
   30000     1.590821    1.3429846    2160.4141    0.6160856   -3.3925513    2.3844387   -1.0081127 
   31000     1.604235    1.2700727    2174.7832   0.61201504   -3.3716871    2.4045445  -0.96714257 
   32000    1.5625269    1.5368567    2127.1639   0.62571576   -3.4181912    2.3420294   -1.0761617 
   33000    1.5667061    1.3966014    2140.1028   0.62193274   -3.4226602    2.3482935   -1.0743667 
   34000    1.5993369    1.4411187    2165.2176    0.6147188   -3.3482719    2.3972029  -0.95106898 
   35000    1.6212049    1.5649322    2143.8149   0.62085585   -3.3573658    2.4299803  -0.92738551 
   36000    1.6370887     1.633374    2082.8239   0.63903625   -3.4664652    2.4537881    -1.012677 
   37000    1.6101566    1.4754033    2117.0824   0.62869542   -3.4703494    2.4134204    -1.056929 
   38000    1.5617728    1.5552635    2152.1465   0.61845234   -3.3478236    2.3408991   -1.0069245 
   39000    1.5738316    1.6101128      2187.28   0.60851834   -3.2728204    2.3589737  -0.91384677 
   40000    1.6379534    1.3582935    2192.4945   0.60707109   -3.3468719    2.4550842  -0.89178768 
   41000    1.5895128    1.4681923    2130.0931   0.62485533   -3.4425504    2.3824778   -1.0600725 
   42000    1.6020497    1.5613295    2128.4844   0.62532757   -3.4043151     2.401269    -1.003046 
   43000    1.6385413    1.5114176    2187.0215   0.60859027   -3.3144012    2.4559654  -0.85843583 
   44000    1.6600351    1.2412315    2194.5341   0.60650685   -3.3408162    2.4881819  -0.85263431 
   45000    1.5920865    1.3446406    2138.1603   0.62249776   -3.4234024    2.3863355   -1.0370669 
   46000    1.6167173    1.3398238     2141.542   0.62151477   -3.4640593    2.4232539   -1.0408054 
   47000    1.6047355    1.4658065    2186.5554      0.60872   -3.3198081    2.4052947  -0.91451333 
   48000    1.5791592    1.6241809    2161.6881   0.61572249   -3.3130232    2.3669592  -0.94606403 
   49000    1.5918976    1.7838076    2118.9441   0.62814306   -3.3614833    2.3860524  -0.97543083 
   50000    1.6786073    1.5212234    2141.0117   0.62166873   -3.4208639    2.5160192  -0.90484468 
Loop time of 34.6462 on 1 procs for 50000 steps with 1331 atoms

Performance: 498756.409 tau/day, 1443.161 timesteps/s
99.9% CPU use with 1 MPI tasks x no OpenMP threads

MPI task timing breakdown:
Section |  min time  |  avg time  |  max time  |%varavg| %total
---------------------------------------------------------------
Pair    | 26.85      | 26.85      | 26.85      |   0.0 | 77.50
Neigh   | 4.4472     | 4.4472     | 4.4472     |   0.0 | 12.84
Comm    | 0.78221    | 0.78221    | 0.78221    |   0.0 |  2.26
Output  | 0.026942   | 0.026942   | 0.026942   |   0.0 |  0.08
Modify  | 2.3772     | 2.3772     | 2.3772     |   0.0 |  6.86
Other   |            | 0.1623     |            |       |  0.47

Nlocal:    1331 ave 1331 max 1331 min
Histogram: 1 0 0 0 0 0 0 0 0 0
Nghost:    2649 ave 2649 max 2649 min
Histogram: 1 0 0 0 0 0 0 0 0 0
Neighs:    37261 ave 37261 max 37261 min
Histogram: 1 0 0 0 0 0 0 0 0 0

Total # of neighbors = 37261
Ave neighs/atom = 27.9947
Neighbor list builds = 2500
Dangerous builds not checked

write_restart lattice_11_11_11__2_2_2/sim1/T_1.60__P_1.50/end1.restart
Total wall time: 0:00:34
