run 50000
Neighbor list info ...
  update every 20 steps, delay 0 steps, check no
  max neighbors/atom: 2000, page size: 100000
  master list distance cutoff = 2.8
  ghost atom cutoff = 2.8
  binsize = 1.4, bins = 16 16 16
  1 neighbor lists, perpetual/occasional/extra = 1 0 0
  (1) pair lj/cut, perpetual
      attributes: half, newton on
      pair build: half/bin/atomonly/newton
      stencil: half/bin/3d/newton
      bin: standard
Per MPI rank memory allocation (min/avg/max) = 2.7 | 2.7 | 2.7 Mbytes
Step Temp Press Volume Density PotEng KinEng TotEng 
       0          1.4   0.12945836        10648        0.125  -0.13561964    2.0984222    1.9628026 
    1000    1.5637518   0.17027307    9884.8239   0.13465086  -0.81749571    2.3438654    1.5263697 
    2000    1.4163422   0.15276399    8766.9064   0.15182094  -0.95634128    2.1229171    1.1665758 
    3000    1.3986392   0.16851539    7875.0574   0.16901464   -1.0633409    2.0963825    1.0330416 
    4000    1.4037687   0.17765431    7278.9816   0.18285525   -1.1513238     2.104071   0.95274717 
    5000    1.4005297   0.17499577    6844.1412    0.1944729   -1.2073312    2.0992162   0.89188506 
    6000    1.3932116   0.16528895      6686.27   0.19906465   -1.2403535    2.0882472   0.84789371 
    7000    1.3769968   0.19057085    6478.0886   0.20546184   -1.2868775    2.0639433   0.77706584 
    8000    1.4344396   0.18824778     6213.118   0.21422416   -1.3319814    2.1500428    0.8180614 
    9000    1.3697469   0.21030586    6266.3086   0.21240575   -1.3119199    2.0530766   0.74115675 
   10000    1.4314163    0.1871226    6322.1563   0.21052944   -1.3126648    2.1455113   0.83284648 
   11000     1.400111   0.19411003    6552.1691   0.20313884   -1.2438076    2.0985886   0.85478107 
   12000     1.425737   0.16880969    6846.7577   0.19439858   -1.2335121    2.1369988    0.9034867 
   13000     1.372821   0.14960674    6784.7224   0.19617604   -1.2190661    2.0576843   0.83861827 
   14000    1.4362759   0.19932521    6513.3741   0.20434877    -1.246464    2.1527952   0.90633117 
   15000    1.3960045   0.21345142    6502.5084   0.20469024   -1.2413615    2.0924335   0.85107194 
   16000    1.4022662   0.18690552    6481.6031   0.20535043   -1.2337679     2.101819   0.86805109 
   17000     1.419596   0.19892496    6391.4642   0.20824649   -1.2809237    2.1277941   0.84687034 
   18000    1.3650554   0.19740819    6373.6141   0.20882971   -1.2798837    2.0460447   0.76616094 
   19000    1.4076537   0.21593036    6265.7583   0.21242441   -1.2594298    2.1098941   0.85046438 
   20000    1.3781093   0.22064787    6326.2782   0.21039226   -1.3257642    2.0656108    0.7398466 
   21000    1.4215669   0.17850349    6495.6118   0.20490756   -1.3171478    2.1307483   0.81360055 
   22000    1.3777685   0.20507614    6541.0578   0.20348391   -1.2739754    2.0651001   0.79112466 
   23000    1.4532966   0.21591792    6571.2658    0.2025485   -1.2558035    2.1783071   0.92250361 
   24000    1.3835488    0.2134159    6590.1684   0.20196753   -1.2434221     2.073764   0.83034193 
   25000    1.3823558   0.19052216    6395.5565   0.20811324   -1.2851952    2.0719758   0.78678055 
   26000    1.3879929   0.22081208    6001.2535     0.221787   -1.3557356    2.0804251   0.72468947 
   27000    1.3839587   0.19902235     5997.326   0.22193224   -1.3784223    2.0743784   0.69595607 
   28000    1.3877881   0.20427831     6130.762   0.21710189   -1.3455332    2.0801181   0.73458493 
   29000    1.3914892   0.17826087    6347.1216   0.20970136    -1.321056    2.0856656    0.7646096 
   30000    1.4272831   0.22450313    6484.7796   0.20524984    -1.237874    2.1393162   0.90144217 
   31000    1.3611535   0.19456684    6661.1872   0.19981423   -1.1952234    2.0401962   0.84497277 
   32000    1.4214511   0.16626563    6584.6944   0.20213543   -1.2596547    2.1305747   0.87092004 
   33000    1.3824049   0.18787841    6211.3154   0.21428633   -1.3238957    2.0720494   0.74815365 
   34000    1.4158737   0.17640972    6068.8074   0.21931822   -1.3547425    2.1222149   0.76747238 
   35000    1.3809134   0.21866494    6155.4025   0.21623281   -1.3389382    2.0698138   0.73087568 
   36000    1.4033668   0.17833527    6419.5648   0.20733493    -1.267032    2.1034687    0.8364367 
   37000    1.4292303   0.20449909    6606.5254   0.20146748   -1.2621876    2.1422348   0.88004716 
   38000    1.3907995   0.20162336    6708.8686   0.19839411   -1.1940166    2.0846319   0.89061533 
   39000    1.3513748    0.1995601    6637.7041   0.20052114   -1.2018556    2.0255392   0.82368369 
   40000    1.4441651   0.26377468    6366.5589   0.20906113   -1.2523558    2.1646201   0.91226431 
   41000     1.365656     0.177278    6375.8515   0.20875643    -1.285609    2.0469449   0.76133588 
   42000     1.423913   0.21432189    6277.2603   0.21203518   -1.2786219    2.1342647   0.85564286 
   43000    1.2978183   0.16600675     6662.257   0.19978215   -1.2199499    1.9452648   0.72531492 
   44000    1.4027774   0.17143553    6724.5853   0.19793042   -1.1898085    2.1025852   0.91277678 
   45000    1.4223661   0.17744715    6321.9611   0.21053594   -1.2984726    2.1319461   0.83347349 
   46000    1.4186067   0.20979394    6247.6823     0.213039   -1.3300513    2.1263113   0.79625996 
   47000    1.4122362   0.21802165     6437.652    0.2067524   -1.2475802    2.1167628   0.86918255 
   48000    1.4288364   0.20330753    6860.0787    0.1940211   -1.1775997    2.1416443   0.96404459 
   49000    1.3359443    0.1859986    6950.7235   0.19149086   -1.2056424    2.0024109   0.79676845 
   50000    1.3972783   0.19294722    6494.5519   0.20494101   -1.2102068    2.0943427    0.8841359 
Loop time of 16.1635 on 1 procs for 50000 steps with 1331 atoms

Performance: 1069078.186 tau/day, 3093.398 timesteps/s
99.6% CPU use with 1 MPI tasks x no OpenMP threads

MPI task timing breakdown:
Section |  min time  |  avg time  |  max time  |%varavg| %total
---------------------------------------------------------------
Pair    | 10.208     | 10.208     | 10.208     |   0.0 | 63.16
Neigh   | 3.0224     | 3.0224     | 3.0224     |   0.0 | 18.70
Comm    | 0.50576    | 0.50576    | 0.50576    |   0.0 |  3.13
Output  | 0.027584   | 0.027584   | 0.027584   |   0.0 |  0.17
Modify  | 2.2761     | 2.2761     | 2.2761     |   0.0 | 14.08
Other   |            | 0.1231     |            |       |  0.76

Nlocal:    1331 ave 1331 max 1331 min
Histogram: 1 0 0 0 0 0 0 0 0 0
Nghost:    1595 ave 1595 max 1595 min
Histogram: 1 0 0 0 0 0 0 0 0 0
Neighs:    12736 ave 12736 max 12736 min
Histogram: 1 0 0 0 0 0 0 0 0 0

Total # of neighbors = 12736
Ave neighs/atom = 9.56875
Neighbor list builds = 2500
Dangerous builds not checked

write_restart lattice_11_11_11__2_2_2/sim1/T_1.40__P_0.20/end1.restart
Total wall time: 0:00:16
