run 50000
Neighbor list info ...
  update every 20 steps, delay 0 steps, check no
  max neighbors/atom: 2000, page size: 100000
  master list distance cutoff = 2.8
  ghost atom cutoff = 2.8
  binsize = 1.4, bins = 16 16 16
  1 neighbor lists, perpetual/occasional/extra = 1 0 0
  (1) pair lj/cut, perpetual
      attributes: half, newton on
      pair build: half/bin/atomonly/newton
      stencil: half/bin/3d/newton
      bin: standard
Per MPI rank memory allocation (min/avg/max) = 2.7 | 2.7 | 2.7 Mbytes
Step Temp Press Volume Density PotEng KinEng TotEng 
       0          1.4   0.12945836        10648        0.125  -0.13561964    2.0984222    1.9628026 
    1000    1.9552871   0.39372752    6371.1742   0.20890969   -1.0796005    2.9307271    1.8511266 
    2000    1.7320565    0.4289504    4571.7713   0.29113442   -1.6210588    2.5961328   0.97507403 
    3000    1.5631987   0.56646887     3499.878   0.38029897   -2.1199223    2.3430364   0.22311407 
    4000    1.5299005   0.51589876    2824.5107   0.47123206   -2.6789075    2.2931266  -0.38578089 
    5000    1.4664919   0.84275777    2399.4817   0.55470313   -3.0996198    2.1980852  -0.90153469 
    6000    1.4265564    1.0850842    2160.2975   0.61611885   -3.4532534    2.1382269   -1.3150265 
    7000    1.3711438    1.3316098    2051.7094   0.64872735   -3.6514531    2.0551704   -1.5962827 
    8000    1.3666988     1.462448     2015.836   0.66027197   -3.6634252     2.048508   -1.6149172 
    9000    1.4199152    1.2730716    2049.3453   0.64947572   -3.6408161    2.1282726   -1.5125435 
   10000    1.3874456    1.2543973    2074.2619   0.64167403   -3.5611649    2.0796048   -1.4815601 
   11000    1.3919732    1.3818251    2046.1644   0.65048536   -3.6115079    2.0863911   -1.5251168 
   12000    1.3759814    1.3602678    2038.5304   0.65292133   -3.6538304    2.0624213   -1.5914091 
   13000    1.4123704    1.0822937    2056.2778   0.64728607   -3.6487248    2.1169638    -1.531761 
   14000    1.4184534    1.1387857    2066.6432   0.64403956   -3.6065531    2.1260816   -1.4804716 
   15000    1.3801053    1.2280488    2040.4638   0.65230267    -3.654273    2.0686027   -1.5856703 
   16000     1.346542    1.3553277    2030.0286    0.6556558   -3.6703652    2.0182954   -1.6520698 
   17000    1.4165303    1.4462339    2050.9653   0.64896273   -3.6077927     2.123199   -1.4845937 
   18000    1.4529926    1.3892873    2058.1574   0.64669495   -3.6097772    2.1778515   -1.4319257 
   19000    1.4646286    1.6259621    1999.8681   0.66554389   -3.6809839    2.1952923   -1.4856915 
   20000     1.392224    1.6251692    2005.1545   0.66378925   -3.6573126     2.086767   -1.5705456 
   21000    1.4043584    1.2887076    2046.8453   0.65026897   -3.6101464    2.1049549   -1.5051915 
   22000    1.4241743    1.1566559    2065.0591   0.64453362   -3.6158502    2.1346564   -1.4811938 
   23000    1.3624151    1.2656517    2051.3988   0.64882556   -3.6352542    2.0420873   -1.5931669 
   24000    1.3831181    1.1770825    2046.8636   0.65026316   -3.6811059    2.0731184   -1.6079875 
   25000    1.3833779    1.4132852    2045.4094   0.65072549   -3.6044051    2.0735078   -1.5308973 
   26000    1.4174922    1.2648798    2059.6736    0.6462189   -3.6184165    2.1246409   -1.4937756 
   27000    1.4028262    1.2907954    2049.0375   0.64957327   -3.6345175    2.1026583   -1.5318592 
   28000    1.3929465    1.2540365    2022.6547   0.65804609   -3.7016402    2.0878499   -1.6137902 
   29000    1.4335224    1.3696832    2026.4454   0.65681512   -3.6780026     2.148668   -1.5293346 
   30000    1.4748362    1.2974146    2060.9781   0.64580988   -3.6285853    2.2105922   -1.4179931 
   31000    1.4230663    1.4873145    2049.8476   0.64931656   -3.5819989    2.1329958   -1.4490031 
   32000    1.3713424    1.2622129    2070.8787   0.64272235   -3.5855009    2.0554681   -1.5300328 
   33000    1.3721896    1.1524308    2064.7447   0.64463176    -3.639233    2.0567379   -1.5824951 
   34000    1.3553165    1.1924658    2035.3614   0.65393793   -3.6865126    2.0314474   -1.6550652 
   35000    1.4047235    1.3155572     2057.766   0.64681797   -3.6206763    2.1055022   -1.5151741 
   36000    1.4253946    1.3396355    2048.6121   0.64970815   -3.6302128    2.1364855   -1.4937273 
   37000    1.3951258    1.4270333    2012.1361   0.66148609   -3.6756811    2.0911165   -1.5845647 
   38000    1.4164938    1.3643205    2015.7463   0.66030134   -3.6935604    2.1231444   -1.5704161 
   39000    1.4115343    1.3659585    2061.6739   0.64559192   -3.5594674    2.1157107   -1.4437567 
   40000    1.3854376    1.1128988    2060.8063    0.6458637   -3.6272393     2.076595   -1.5506443 
   41000    1.3399533    1.1275123    2036.9811   0.65341794   -3.6904564    2.0084199   -1.6820365 
   42000    1.3522462    1.2921556    2017.2991   0.65979309    -3.706358    2.0268454   -1.6795126 
   43000    1.4002875     1.284866    2029.5201   0.65582006   -3.6656611    2.0988531    -1.566808 
   44000    1.4048181    1.4081437    2053.8536   0.64805009   -3.5772356     2.105644   -1.4715916 
   45000    1.3853501    1.4173419    2033.4322   0.65455833   -3.6569397     2.076464   -1.5804758 
   46000     1.354827    1.2475071    2037.3323   0.65330531    -3.668505    2.0307136   -1.6377914 
   47000    1.3523563    1.1414513    2081.9824   0.63929454   -3.5864628    2.0270103   -1.5594525 
   48000     1.396298     1.122491    2069.3654   0.64319234   -3.6119011    2.0928734   -1.5190277 
   49000     1.372422    1.5336901    2048.4099   0.64977228   -3.5980949    2.0570863   -1.5410086 
   50000    1.4553669    1.4630727     2040.871   0.65217254   -3.6187849    2.1814102   -1.4373746 
Loop time of 35.6565 on 1 procs for 50000 steps with 1331 atoms

Performance: 484624.745 tau/day, 1402.271 timesteps/s
99.9% CPU use with 1 MPI tasks x no OpenMP threads

MPI task timing breakdown:
Section |  min time  |  avg time  |  max time  |%varavg| %total
---------------------------------------------------------------
Pair    | 27.933     | 27.933     | 27.933     |   0.0 | 78.34
Neigh   | 4.4378     | 4.4378     | 4.4378     |   0.0 | 12.45
Comm    | 0.78106    | 0.78106    | 0.78106    |   0.0 |  2.19
Output  | 0.02343    | 0.02343    | 0.02343    |   0.0 |  0.07
Modify  | 2.3202     | 2.3202     | 2.3202     |   0.0 |  6.51
Other   |            | 0.1607     |            |       |  0.45

Nlocal:    1331 ave 1331 max 1331 min
Histogram: 1 0 0 0 0 0 0 0 0 0
Nghost:    2695 ave 2695 max 2695 min
Histogram: 1 0 0 0 0 0 0 0 0 0
Neighs:    39111 ave 39111 max 39111 min
Histogram: 1 0 0 0 0 0 0 0 0 0

Total # of neighbors = 39111
Ave neighs/atom = 29.3847
Neighbor list builds = 2500
Dangerous builds not checked

write_restart lattice_11_11_11__2_2_2/sim1/T_1.40__P_1.30/end1.restart
Total wall time: 0:00:35
