run 50000
Neighbor list info ...
  update every 20 steps, delay 0 steps, check no
  max neighbors/atom: 2000, page size: 100000
  master list distance cutoff = 2.8
  ghost atom cutoff = 2.8
  binsize = 1.4, bins = 9 9 9
  1 neighbor lists, perpetual/occasional/extra = 1 0 0
  (1) pair lj/cut, perpetual
      attributes: half, newton on
      pair build: half/bin/atomonly/newton
      stencil: half/bin/3d/newton
      bin: standard
Per MPI rank memory allocation (min/avg/max) = 2.73 | 2.73 | 2.73 Mbytes
Step Temp Press TotEng 
       0          1.4    13.393185   -0.6206489 
    1000    1.6432914    3.6431879   -1.6368024 
    2000    1.3557302    2.6139277   -2.2429792 
    3000    1.3689467    2.9302924   -2.1586981 
    4000    1.4565819    3.0663007   -2.0273095 
    5000     1.347705    2.7005217   -2.2327884 
    6000    1.4316448    2.9599538   -2.0850642 
    7000    1.3842614    3.0619983   -2.1197011 
    8000    1.3412854    2.9705663   -2.1965514 
    9000    1.4425643     2.972382   -2.0540488 
   10000    1.3503286    3.0803397   -2.1684578 
   11000    1.3895321    2.9140473   -2.1465277 
   12000    1.4340784    2.8302495   -2.0907239 
   13000    1.3622013    2.7438305   -2.2098717 
   14000    1.4295993    3.0921833   -2.0427809 
   15000    1.3920254    2.8059621   -2.1690704 
   16000    1.3706985    3.1561149     -2.12526 
   17000    1.3974063    3.2194232   -2.0620939 
   18000    1.4055438    2.7093359   -2.1484777 
   19000    1.3963792    2.8265625   -2.1569535 
   20000    1.4479592    2.9277714   -2.0622457 
   21000    1.3811151     2.749926   -2.1942229 
   22000    1.4109831    2.9098702   -2.1166624 
   23000    1.3967776    2.8475204   -2.1390227 
   24000    1.4366611    2.7239866    -2.114331 
   25000    1.4136681     2.894572    -2.096967 
   26000    1.3400189    2.9934451   -2.2062137 
   27000    1.4538472    3.0164769   -2.0378798 
   28000    1.4008077    2.7661323   -2.1477374 
   29000    1.3930586    2.7854049   -2.1561836 
   30000    1.4225999    3.1425452   -2.0397057 
   31000    1.4295689    2.6795232   -2.1333062 
   32000    1.3907269    2.9449656   -2.1353127 
   33000    1.4415291    3.1469217   -2.0142431 
   34000    1.3733998    2.8726595   -2.1742357 
   35000    1.4478413    2.7504399   -2.0933037 
   36000    1.4072999    3.1038016    -2.088095 
   37000     1.382427    2.6993033   -2.1869531 
   38000    1.4526252      2.87645   -2.0625474 
   39000    1.3515031    2.6178142   -2.2517679 
   40000    1.3784975     2.994948   -2.1461742 
   41000    1.4242425    2.9164479   -2.0861386 
   42000    1.3622796    2.6487636   -2.2209063 
   43000    1.4074647    3.0095108   -2.0973772 
   44000    1.3879025    2.8772381   -2.1563444 
   45000    1.4154441    2.9221465   -2.1114901 
   46000     1.447273    2.8671404   -2.0737001 
   47000    1.3730321    2.7479681   -2.1801971 
   48000    1.4260703    2.9827545   -2.0731679 
   49000    1.3367014    2.7814235   -2.2455862 
   50000    1.4043277    2.8161041   -2.1329568 
Loop time of 34.1366 on 1 procs for 50000 steps with 1331 atoms

Performance: 506201.395 tau/day, 1464.703 timesteps/s
99.9% CPU use with 1 MPI tasks x no OpenMP threads

MPI task timing breakdown:
Section |  min time  |  avg time  |  max time  |%varavg| %total
---------------------------------------------------------------
Pair    | 28.037     | 28.037     | 28.037     |   0.0 | 82.13
Neigh   | 4.4031     | 4.4031     | 4.4031     |   0.0 | 12.90
Comm    | 0.69614    | 0.69614    | 0.69614    |   0.0 |  2.04
Output  | 0.024718   | 0.024718   | 0.024718   |   0.0 |  0.07
Modify  | 0.84164    | 0.84164    | 0.84164    |   0.0 |  2.47
Other   |            | 0.1337     |            |       |  0.39

Nlocal:    1331 ave 1331 max 1331 min
Histogram: 1 0 0 0 0 0 0 0 0 0
Nghost:    2875 ave 2875 max 2875 min
Histogram: 1 0 0 0 0 0 0 0 0 0
Neighs:    46073 ave 46073 max 46073 min
Histogram: 1 0 0 0 0 0 0 0 0 0

Total # of neighbors = 46073
Ave neighs/atom = 34.6153
Neighbor list builds = 2500
Dangerous builds not checked

write_restart NVT/sim1/T_1.40__v_1.00/end1.restart
Total wall time: 0:00:34
