run 50000
Neighbor list info ...
  update every 20 steps, delay 0 steps, check no
  max neighbors/atom: 2000, page size: 100000
  master list distance cutoff = 2.8
  ghost atom cutoff = 2.8
  binsize = 1.4, bins = 13 13 13
  1 neighbor lists, perpetual/occasional/extra = 1 0 0
  (1) pair lj/cut, perpetual
      attributes: half, newton on
      pair build: half/bin/atomonly/newton
      stencil: half/bin/3d/newton
      bin: standard
Per MPI rank memory allocation (min/avg/max) = 2.742 | 2.742 | 2.742 Mbytes
Step Temp Press TotEng 
       0          1.2   -0.2272514   0.82280791 
    1000    1.3089743   0.20419116   0.31067261 
    2000    1.1585859   0.11267705 -0.0031778799 
    3000    1.2144632    0.1700045  0.091989941 
    4000    1.2444908   0.16554659   0.14032543 
    5000    1.2017273   0.14694396   0.03063919 
    6000    1.2114461   0.16025685  0.085122159 
    7000     1.187471   0.15522117  0.041575107 
    8000    1.2488714   0.21258096   0.11501072 
    9000    1.1812779   0.14853333 -0.015389442 
   10000    1.2010364   0.14111067  0.042872032 
   11000    1.2763926   0.18316496   0.16113671 
   12000    1.1903894   0.14729907   0.03035758 
   13000    1.2292029   0.15458208   0.14539828 
   14000    1.1940271  0.089883125  0.067174313 
   15000    1.1808413   0.11763559  0.050839232 
   16000    1.2190394   0.18457008   0.10945981 
   17000    1.1779698   0.12496264 -0.015524574 
   18000    1.2138052   0.14392278  0.071562897 
   19000    1.2192833   0.18650876   0.09578251 
   20000    1.1665781   0.18594557 -0.012639689 
   21000    1.2210654   0.20881313   0.12747783 
   22000    1.2138657   0.14735801  0.034597362 
   23000    1.1686373   0.15844747 -0.011571947 
   24000    1.2390879   0.16209934   0.11961172 
   25000    1.1975259   0.12861615  0.012877733 
   26000    1.2141428   0.16001363  0.052343215 
   27000    1.2333921   0.17158025   0.12943198 
   28000    1.1864916   0.13505653  0.029700599 
   29000    1.2096747   0.16302295  0.072987096 
   30000    1.1726722   0.15708809 -0.038074253 
   31000    1.2199387    0.2202202  0.037268916 
   32000    1.2068022   0.16595119  0.045171266 
   33000    1.1985261    0.1463127  0.079385961 
   34000    1.1943637   0.15805767  0.013030043 
   35000    1.1690194   0.19176908 -0.0012296129 
   36000    1.2147877   0.16520442   0.09640672 
   37000     1.171244   0.15832082 -0.010699765 
   38000    1.2528305   0.18948693   0.11757404 
   39000    1.1712097   0.11343584  0.030436522 
   40000    1.1946564    0.1717105 0.0082024234 
   41000    1.2219573   0.16968617   0.10979922 
   42000    1.2052854   0.14709031  0.068213271 
   43000    1.1635336   0.14005796  0.025079989 
   44000    1.2333146   0.16569257   0.11717611 
   45000    1.1803367   0.14705691  0.018323191 
   46000    1.2404438   0.19751982   0.12454211 
   47000    1.1481988   0.13562353 -0.0072957663 
   48000    1.2320415   0.13603669  0.049197892 
   49000    1.1727174   0.15468224  0.015787379 
   50000    1.2234688   0.15202191   0.11495202 
Loop time of 15.4266 on 1 procs for 50000 steps with 1331 atoms

Performance: 1120142.357 tau/day, 3241.153 timesteps/s
99.9% CPU use with 1 MPI tasks x no OpenMP threads

MPI task timing breakdown:
Section |  min time  |  avg time  |  max time  |%varavg| %total
---------------------------------------------------------------
Pair    | 11.148     | 11.148     | 11.148     |   0.0 | 72.26
Neigh   | 2.8168     | 2.8168     | 2.8168     |   0.0 | 18.26
Comm    | 0.48322    | 0.48322    | 0.48322    |   0.0 |  3.13
Output  | 0.023439   | 0.023439   | 0.023439   |   0.0 |  0.15
Modify  | 0.84909    | 0.84909    | 0.84909    |   0.0 |  5.50
Other   |            | 0.1064     |            |       |  0.69

Nlocal:    1331 ave 1331 max 1331 min
Histogram: 1 0 0 0 0 0 0 0 0 0
Nghost:    1855 ave 1855 max 1855 min
Histogram: 1 0 0 0 0 0 0 0 0 0
Neighs:    17207 ave 17207 max 17207 min
Histogram: 1 0 0 0 0 0 0 0 0 0

Total # of neighbors = 17207
Ave neighs/atom = 12.9279
Neighbor list builds = 2500
Dangerous builds not checked

write_restart NVT/sim1/T_1.20__v_3.38/end1.restart
Total wall time: 0:00:15
