run 50000
Neighbor list info ...
  update every 20 steps, delay 0 steps, check no
  max neighbors/atom: 2000, page size: 100000
  master list distance cutoff = 2.8
  ghost atom cutoff = 2.8
  binsize = 1.4, bins = 16 16 16
  1 neighbor lists, perpetual/occasional/extra = 1 0 0
  (1) pair lj/cut, perpetual
      attributes: half, newton on
      pair build: half/bin/atomonly/newton
      stencil: half/bin/3d/newton
      bin: standard
Per MPI rank memory allocation (min/avg/max) = 2.7 | 2.7 | 2.7 Mbytes
Step Temp Press Volume Density PotEng KinEng TotEng 
       0          1.8    0.1794208        10648        0.125  -0.13561964    2.6979715    2.5623518 
    1000    2.3729121   0.49096435    6776.3972   0.19641706    -1.013136    3.5566939    2.5435579 
    2000    2.0670777   0.56801279    5047.2956   0.26370558    -1.359685    3.0982871    1.7386021 
    3000    1.9232921   0.57668864     3995.234   0.33314695   -1.7839234    2.8827707    1.0988474 
    4000    1.8357735   0.84138951    3330.9558   0.39958501    -2.112722    2.7515914   0.63886945 
    5000    1.8488973   0.87045725    2903.2692   0.45844871   -2.4943612    2.7712623   0.27690112 
    6000    1.8110104    1.0360869    2642.9684   0.50360042   -2.7179936    2.7144747 -0.0035189279 
    7000    1.7855224     1.215669      2491.13   0.53429567   -2.8709944    2.6762714  -0.19472302 
    8000     1.815304    1.2188459    2439.4106    0.5456236   -2.9594242    2.7209102  -0.23851408 
    9000    1.7964704    1.3842287    2455.4416   0.54206135   -2.9013744     2.692681   -0.2086934 
   10000    1.8091649     1.282247    2483.1002   0.53602348   -2.8549659    2.7117085  -0.14325736 
   11000    1.8094656    1.3544703    2474.5072   0.53788489   -2.8671046    2.7121592  -0.15494538 
   12000    1.8011045    1.2333409    2447.8016   0.54375323   -2.9383559    2.6996269  -0.23872896 
   13000    1.7854019    1.1971764    2443.6055   0.54468695   -2.9258754    2.6760908  -0.24978455 
   14000     1.836056    1.2527653     2458.552   0.54137558   -2.9324396    2.7520149  -0.18042476 
   15000    1.8062875    1.3087675    2496.7999   0.53308236   -2.8582679    2.7073956  -0.15087234 
   16000    1.7915588    1.2796413    2491.7654   0.53415944    -2.843223    2.6853192  -0.15790385 
   17000     1.822064    1.4449927    2411.4043   0.55196053    -2.930977    2.7310426  -0.19993442 
   18000    1.7881999    1.3162021    2426.3206   0.54856725   -2.9108166    2.6802846  -0.23053197 
   19000    1.7450616   0.96895422    2503.2128   0.53171668   -2.9030714    2.6156258  -0.28744565 
   20000    1.8162317    1.2879956    2471.0716   0.53863271   -2.9002237    2.7223007  -0.17792298 
   21000    1.8398543    1.3975577     2445.298   0.54430993   -2.8964533     2.757708   -0.1387453 
   22000    1.7727291    1.4159989    2463.2815   0.54033613   -2.8759637    2.6570958  -0.21886792 
   23000    1.7662998    1.3190186    2465.0139   0.53995639   -2.8769979    2.6474591  -0.22953874 
   24000    1.8553054    1.6274875    2419.0084   0.55022546   -2.9023452    2.7808672  -0.12147794 
   25000    1.8169311    1.2015582    2484.9723   0.53561965   -2.8747322     2.723349   -0.1513832 
   26000    1.7806221    1.0053431    2509.3606     0.530414   -2.8933478    2.6689264  -0.22442136 
   27000    1.8226972    1.2600664    2442.5671   0.54491851   -2.9439397    2.7319917  -0.21194805 
   28000    1.8020725    1.3870276    2450.9696   0.54305039    -2.881792    2.7010778  -0.18071415 
   29000     1.851355    1.3431613    2536.0992   0.52482174   -2.7780161    2.7749461 -0.0030700073 
   30000    1.8306185    1.5891365    2476.7201   0.53740428   -2.8249425    2.7438647  -0.08107781 
   31000    1.7752198    1.2168879    2485.3915   0.53552932   -2.8870664    2.6608291  -0.22623729 
   32000    1.8311495    1.3003741    2467.4585   0.53942143   -2.8871832    2.7446605  -0.14252263 
   33000    1.7993688    1.4154926    2393.7618    0.5560286   -2.9524052    2.6970254  -0.25537976 
   34000    1.7083311    1.1817009    2431.4513   0.54740969   -2.9705028    2.5605714  -0.40993135 
   35000     1.791882    1.2156634    2461.6947   0.54068442   -2.9364422    2.6858036  -0.25063858 
   36000    1.8385563    1.3965193    2481.3868   0.53639361   -2.8567154    2.7557624  -0.10095305 
   37000    1.8186238    1.2252761    2485.4135   0.53552457    -2.885038    2.7258862  -0.15915177 
   38000    1.7944801    1.2150696    2460.5652   0.54093263   -2.8933666    2.6896979  -0.20366871 
   39000    1.8106557    1.3829344    2451.0992   0.54302167   -2.8631195     2.713943  -0.14917648 
   40000    1.7405096    1.3568153    2486.3591    0.5353209    -2.849712     2.608803  -0.24090906 
   41000    1.7628771    1.3193699    2431.3551   0.54743136   -2.9337293     2.642329  -0.29140031 
   42000     1.831303    1.5473417    2409.5893   0.55237629   -2.9149325    2.7448907  -0.17004177 
   43000    1.8175562    1.2658115    2502.8101   0.53180223   -2.8827341    2.7242859  -0.15844818 
   44000    1.7961419     1.131388    2487.2104   0.53513769   -2.9051593    2.6921887  -0.21297062 
   45000    1.8151941    1.3622661    2423.3852   0.54923171   -2.9257522    2.7207455   -0.2050067 
   46000    1.7838238    1.5283941    2375.0223    0.5604158   -2.9709996    2.6737253  -0.29727422 
   47000    1.7326664     1.264901    2455.6076   0.54202471   -2.8964187     2.597047  -0.29937169 
   48000     1.765608    1.4258785    2441.7075   0.54511034   -2.8789919    2.6464222   -0.2325697 
   49000    1.8576552    1.4778146    2451.9258   0.54283861   -2.8571409    2.7843893 -0.072751605 
   50000    1.8079013    1.2176578    2509.5957   0.53036432   -2.8316526    2.7098145  -0.12183807 
Loop time of 32.003 on 1 procs for 50000 steps with 1331 atoms

Performance: 539948.721 tau/day, 1562.352 timesteps/s
99.8% CPU use with 1 MPI tasks x no OpenMP threads

MPI task timing breakdown:
Section |  min time  |  avg time  |  max time  |%varavg| %total
---------------------------------------------------------------
Pair    | 24.273     | 24.273     | 24.273     |   0.0 | 75.85
Neigh   | 4.3913     | 4.3913     | 4.3913     |   0.0 | 13.72
Comm    | 0.75497    | 0.75497    | 0.75497    |   0.0 |  2.36
Output  | 0.02629    | 0.02629    | 0.02629    |   0.0 |  0.08
Modify  | 2.4003     | 2.4003     | 2.4003     |   0.0 |  7.50
Other   |            | 0.1568     |            |       |  0.49

Nlocal:    1331 ave 1331 max 1331 min
Histogram: 1 0 0 0 0 0 0 0 0 0
Nghost:    2504 ave 2504 max 2504 min
Histogram: 1 0 0 0 0 0 0 0 0 0
Neighs:    31831 ave 31831 max 31831 min
Histogram: 1 0 0 0 0 0 0 0 0 0

Total # of neighbors = 31831
Ave neighs/atom = 23.9151
Neighbor list builds = 2500
Dangerous builds not checked

write_restart lattice_11_11_11__2_2_2/sim1/T_1.80__P_1.30/end1.restart
Total wall time: 0:00:32
