run 50000
Neighbor list info ...
  update every 20 steps, delay 0 steps, check no
  max neighbors/atom: 2000, page size: 100000
  master list distance cutoff = 2.8
  ghost atom cutoff = 2.8
  binsize = 1.4, bins = 16 16 16
  1 neighbor lists, perpetual/occasional/extra = 1 0 0
  (1) pair lj/cut, perpetual
      attributes: half, newton on
      pair build: half/bin/atomonly/newton
      stencil: half/bin/3d/newton
      bin: standard
Per MPI rank memory allocation (min/avg/max) = 2.7 | 2.7 | 2.7 Mbytes
Step Temp Press Volume Density PotEng KinEng TotEng 
       0          0.5  0.017042887        10648        0.125  -0.13561964   0.74943651   0.61381687 
    1000    1.1422327   0.13894182    4522.3726   0.29431453   -1.7888144    1.7120618 -0.076752675 
    2000   0.95332756   0.10640139    2670.4257    0.4984224   -3.0569967     1.428917   -1.6280798 
    3000   0.89469849   0.61222747    1814.8253   0.73340391   -4.3944491    1.3410394   -3.0534097 
    4000   0.73569495    1.2761941    1548.5655   0.85950514   -5.2599638    1.1027133   -4.1572505 
    5000   0.56512057    1.4957522    1454.7055   0.91496183   -5.7067895   0.84704398   -4.8597455 
    6000   0.47807086    1.5498131    1412.5041   0.94229815   -5.9366688   0.71656752   -5.2201013 
    7000   0.46667696    1.5845332    1402.5282   0.94900051   -5.9850514   0.69948951   -5.2855618 
    8000   0.51171496    1.4624522    1417.6709   0.93886385   -5.9162069   0.76699575   -5.1492112 
    9000   0.52416943    1.4206135     1420.169   0.93721239   -5.9135385   0.78566341   -5.1278751 
   10000    0.4818657    1.5741737    1407.8554    0.9454096   -5.9635813   0.72225551   -5.2413258 
   11000   0.50575775    1.5160314    1406.1002   0.94658975   -5.9872167   0.75806665   -5.2291501 
   12000   0.49416375    1.4970997    1415.0543   0.94059995   -5.9264181   0.74068871   -5.1857294 
   13000   0.49853423    1.5432352    1411.4585   0.94299622   -5.9446279   0.74723951   -5.1973884 
   14000   0.49237655    1.7216312    1401.2935   0.94983668   -5.9748028   0.73800994   -5.2367929 
   15000    0.5090705    1.4556058    1402.6212   0.94893761   -6.0202163   0.76303204   -5.2571842 
   16000   0.48596476    1.4151882    1414.1768   0.94118362   -5.9432357   0.72839948   -5.2148362 
   17000   0.49794944    1.3772669    1421.1401   0.93657198   -5.9080555   0.74636299   -5.1616926 
   18000    0.4982702    1.6555215    1407.1756   0.94586632   -5.9464079   0.74684377   -5.1995641 
   19000   0.50008363    1.5970173    1396.9303   0.95280348   -6.0274127   0.74956187   -5.2778509 
   20000   0.50763885    1.4593057    1403.0803   0.94862713   -6.0178906   0.76088617   -5.2570044 
   21000   0.48388961    1.5190544    1413.4347   0.94167771   -5.9337586   0.72528909   -5.2084695 
   22000    0.5118375    1.1870489    1417.5294   0.93895758   -5.9708786   0.76717943   -5.2036991 
   23000   0.49018934     1.367296     1407.995   0.94531588   -5.9960345   0.73473158   -5.2613029 
   24000    0.4977263    1.6179042    1402.0783   0.94930505   -5.9907674   0.74602853   -5.2447388 
   25000   0.53223117    1.5415235    1400.8891   0.95011091   -6.0187562   0.79774695   -5.2210092 
   26000   0.49237297    1.5321479      1400.02    0.9507007   -6.0187515   0.73800456   -5.2807469 
   27000   0.47755318    1.4645848    1404.8745   0.94741559    -6.004947   0.71579158   -5.2891554 
   28000   0.49544379    1.4899782    1408.4153   0.94503377   -5.9806831   0.74260734   -5.2380758 
   29000   0.49610388    1.5918252    1396.6924    0.9529657   -6.0349048   0.74359672   -5.2913081 
   30000   0.51019301    1.4954077    1391.2884   0.95666723   -6.1004173   0.76471454   -5.3357027 
   31000   0.52024574    1.4710479    1392.6139   0.95575663   -6.0964097   0.77978231   -5.3166274 
   32000   0.49274581    1.2072509    1389.3857   0.95797733   -6.1569059    0.7385634   -5.4183425 
   33000   0.48518518    1.5390653    1365.1775   0.97496476   -6.2562625   0.72723098   -5.5290316 
   34000   0.50439362    1.6913739    1347.4794    0.9877702    -6.366452     0.756022     -5.61043 
   35000   0.48280165     1.505306    1345.2371   0.98941667   -6.4137921   0.72365837   -5.6901337 
   36000   0.50128401     1.412914     1342.577   0.99137701   -6.4439842   0.75136108   -5.6926231 
   37000   0.49458013    1.6597361    1339.0544   0.99398502   -6.4275359   0.74131281   -5.6862231 
   38000   0.48214769    1.6576491    1334.8786   0.99709438   -6.4573928   0.72267817   -5.7347146 
   39000   0.49622892    1.1731243    1342.4696   0.99145631   -6.4864857   0.74378415   -5.7427016 
   40000   0.52334928    1.4905159    1336.7827   0.99567414   -6.4788349   0.78443412   -5.6944007 
   41000   0.49910662    1.6505245    1333.0291   0.99847782   -6.4731934   0.74809745    -5.725096 
   42000   0.48055784    1.4678887    1334.9928   0.99700914   -6.4885061   0.72029518   -5.7682109 
   43000   0.49648407    1.4572309    1337.8769   0.99485987   -6.4769123   0.74416658   -5.7327458 
   44000   0.48961051    1.7505586    1333.0777   0.99844143    -6.459343   0.73386398    -5.725479 
   45000   0.50157548     1.438433     1332.226   0.99907972    -6.521684   0.75179795    -5.769886 
   46000   0.48071832    1.4054671    1337.7722   0.99493771   -6.4847348   0.72053573   -5.7641991 
   47000   0.50162707    1.8050132    1330.5391    1.0003464   -6.4687092   0.75187528   -5.7168339 
   48000   0.50192764    1.5561076    1333.1489   0.99838807   -6.4929195    0.7523258   -5.7405937 
   49000   0.47545229    1.4868861    1334.9122   0.99706933   -6.4887605   0.71264261   -5.7761179 
   50000   0.47283932    1.7528002    1332.8231   0.99863216   -6.4531313    0.7087261   -5.7444052 
Loop time of 42.1594 on 1 procs for 50000 steps with 1331 atoms

Performance: 409872.761 tau/day, 1185.974 timesteps/s
99.9% CPU use with 1 MPI tasks x no OpenMP threads

MPI task timing breakdown:
Section |  min time  |  avg time  |  max time  |%varavg| %total
---------------------------------------------------------------
Pair    | 34.198     | 34.198     | 34.198     |   0.0 | 81.12
Neigh   | 4.9036     | 4.9036     | 4.9036     |   0.0 | 11.63
Comm    | 0.74131    | 0.74131    | 0.74131    |   0.0 |  1.76
Output  | 0.025378   | 0.025378   | 0.025378   |   0.0 |  0.06
Modify  | 2.0673     | 2.0673     | 2.0673     |   0.0 |  4.90
Other   |            | 0.2238     |            |       |  0.53

Nlocal:    1331 ave 1331 max 1331 min
Histogram: 1 0 0 0 0 0 0 0 0 0
Nghost:    3214 ave 3214 max 3214 min
Histogram: 1 0 0 0 0 0 0 0 0 0
Neighs:    58087 ave 58087 max 58087 min
Histogram: 1 0 0 0 0 0 0 0 0 0

Total # of neighbors = 58087
Ave neighs/atom = 43.6416
Neighbor list builds = 2500
Dangerous builds not checked

write_restart lattice_11_11_11__2_2_2/sim1/T_0.50__P_1.50/end1.restart
Total wall time: 0:00:42
