run 50000
Neighbor list info ...
  update every 20 steps, delay 0 steps, check no
  max neighbors/atom: 2000, page size: 100000
  master list distance cutoff = 2.8
  ghost atom cutoff = 2.8
  binsize = 1.4, bins = 16 16 16
  1 neighbor lists, perpetual/occasional/extra = 1 0 0
  (1) pair lj/cut, perpetual
      attributes: half, newton on
      pair build: half/bin/atomonly/newton
      stencil: half/bin/3d/newton
      bin: standard
Per MPI rank memory allocation (min/avg/max) = 2.7 | 2.7 | 2.7 Mbytes
Step Temp Press Volume Density PotEng KinEng TotEng 
       0          0.8  0.054514712        10648        0.125  -0.13561964    1.1990984    1.0634788 
    1000    1.3131115   0.20711052      5861.96   0.22705716   -1.3122486    1.9681874   0.65593878 
    2000    1.1405902   0.14658347    3943.2115   0.33754213   -2.0979396    1.7095999  -0.38833969 
    3000    1.0342502  0.035563024    2840.3812   0.46859907   -2.9203692    1.5502097   -1.3701595 
    4000   0.98780244  0.068172974     2167.052   0.61419846   -3.7155905    1.4805904   -2.2350001 
    5000    0.9478019   0.63849346    1805.5638   0.73716586   -4.4098402    1.4206347   -2.9892055 
    6000   0.83732297   0.92291944    1663.6843   0.80003161   -4.8311397    1.2550408   -3.5760988 
    7000   0.76730793   0.96981302    1610.1131   0.82665002   -5.0376518    1.1500972   -3.8875546 
    8000    0.7713802    1.1542524    1603.8746   0.82986538    -5.032509     1.156201    -3.876308 
    9000   0.81988499     1.004007    1625.6188   0.81876513   -4.9602586    1.2289035   -3.7313551 
   10000   0.82263529   0.81181658    1635.6599   0.81373885   -4.9533257    1.2330258   -3.7202998 
   11000   0.79240752    1.1147736    1611.1781   0.82610358   -5.0089593    1.1877183    -3.821241 
   12000   0.79906447    0.9777655    1611.7466   0.82581221   -5.0368482    1.1976962   -3.8391521 
   13000   0.83250317     0.818207    1629.2819    0.8169243   -4.9947538    1.2478165   -3.7469373 
   14000   0.79570105    1.0168445      1623.37   0.81989934   -4.9547915    1.1926548   -3.7621367 
   15000   0.79606455   0.98852155     1610.337   0.82653508   -5.0262058    1.1931997   -3.8330061 
   16000    0.8285147    1.1620914    1604.0959   0.82975089   -5.0404125    1.2418383   -3.7985742 
   17000   0.80316602   0.70343021    1637.6423   0.81275379   -4.9695872    1.2038439   -3.7657433 
   18000   0.82316624   0.92546821    1622.1573   0.82051228   -4.9930842    1.2338217   -3.7592626 
   19000   0.77976125   0.89652009    1613.4507   0.82494001   -5.0264449    1.1687631   -3.8576818 
   20000   0.79030904    1.1494747     1604.376   0.82960604   -5.0329592    1.1845729   -3.8483863 
   21000   0.78897627   0.91939641    1627.4106   0.81786367   -4.9639799    1.1825753   -3.7814046 
   22000   0.77896199    1.1798166    1622.4423   0.82036816   -4.9363395    1.1675651   -3.7687744 
   23000   0.80161872   0.90012798    1616.3322   0.82346933   -5.0168877    1.2015247    -3.815363 
   24000   0.83083831    0.9785448    1609.1623   0.82713843   -5.0535463    1.2453211   -3.8082251 
   25000   0.79577145   0.76189623    1630.5771   0.81627542     -4.98225    1.1927604   -3.7894896 
   26000   0.82238874    1.0901486    1611.1683   0.82610859   -5.0275658    1.2326563   -3.7949095 
   27000   0.77924703   0.81657143    1629.3813   0.81687448   -4.9740847    1.1679924   -3.8060924 
   28000   0.81774851    1.0453632    1614.5728   0.82436669   -4.9966866    1.2257012   -3.7709855 
   29000   0.79542099   0.80929441    1635.6552   0.81374119     -4.95379    1.1922351   -3.7615549 
   30000   0.79166316    1.0413022    1626.0528   0.81854659   -4.9593401    1.1866026   -3.7727375 
   31000   0.80352423   0.75715019    1623.9771   0.81959284   -5.0087032    1.2043808   -3.8043224 
   32000   0.78752377    1.0669694    1611.0766   0.82615561   -5.0100596    1.1803981   -3.8296615 
   33000   0.80198228      1.17968    1607.2657    0.8281145   -5.0123189    1.2020696   -3.8102493 
   34000   0.80900872   0.96435776    1626.1663   0.81848948   -4.9705071    1.2126014   -3.7579057 
   35000   0.82825771   0.86613742    1622.5747   0.82030121   -5.0161661    1.2414531   -3.7747129 
   36000   0.81154152    1.1070943    1606.4837   0.82851759   -5.0388694    1.2163977   -3.8224717 
   37000   0.75835618   0.92759788    1626.7108   0.81821549   -4.9695514    1.1366796   -3.8328718 
   38000   0.81448159   0.98347513    1626.1005   0.81852259   -4.9673445    1.2208045   -3.7465401 
   39000   0.78370284    1.1691753     1612.869   0.82523753   -4.9716149     1.174671   -3.7969438 
   40000   0.79766267   0.70142265    1618.7191   0.82225509   -5.0452126    1.1955951   -3.8496176 
   41000    0.7911923    1.2367735    1616.4506   0.82340901    -4.955148    1.1858968   -3.7692512 
   42000   0.80498691   0.69127447    1632.4627   0.81533256   -4.9927055    1.2065732   -3.7861324 
   43000    0.7996047    1.0221072    1603.5747    0.8300206   -5.0551315    1.1985059   -3.8566255 
   44000   0.78868746    1.0957514    1619.4822   0.82186763   -4.9676763    1.1821424   -3.7855339 
   45000   0.79533082    1.1585022     1620.918   0.82113961    -4.955507    1.1920999   -3.7634071 
   46000   0.79569324   0.92677683    1632.4757   0.81532609   -4.9410241    1.1926431    -3.748381 
   47000   0.82075584    1.0886855    1621.7029   0.82074218   -4.9684399    1.2302088   -3.7382311 
   48000   0.77503138    0.9537202    1623.0933   0.82003911   -4.9696925    1.1616736   -3.8080189 
   49000   0.79424959    1.2312237    1603.0661   0.83028391   -5.0210966    1.1904793   -3.8306173 
   50000   0.79629204   0.89777878     1637.645   0.81275244   -4.9331664    1.1935407   -3.7396258 
Loop time of 36.9645 on 1 procs for 50000 steps with 1331 atoms

Performance: 467475.232 tau/day, 1352.648 timesteps/s
99.9% CPU use with 1 MPI tasks x no OpenMP threads

MPI task timing breakdown:
Section |  min time  |  avg time  |  max time  |%varavg| %total
---------------------------------------------------------------
Pair    | 29.572     | 29.572     | 29.572     |   0.0 | 80.00
Neigh   | 4.4757     | 4.4757     | 4.4757     |   0.0 | 12.11
Comm    | 0.70598    | 0.70598    | 0.70598    |   0.0 |  1.91
Output  | 0.024219   | 0.024219   | 0.024219   |   0.0 |  0.07
Modify  | 2.0206     | 2.0206     | 2.0206     |   0.0 |  5.47
Other   |            | 0.1663     |            |       |  0.45

Nlocal:    1331 ave 1331 max 1331 min
Histogram: 1 0 0 0 0 0 0 0 0 0
Nghost:    2945 ave 2945 max 2945 min
Histogram: 1 0 0 0 0 0 0 0 0 0
Neighs:    48288 ave 48288 max 48288 min
Histogram: 1 0 0 0 0 0 0 0 0 0

Total # of neighbors = 48288
Ave neighs/atom = 36.2795
Neighbor list builds = 2500
Dangerous builds not checked

write_restart lattice_11_11_11__2_2_2/sim1/T_0.80__P_1.00/end1.restart
Total wall time: 0:00:36
