run 50000
Neighbor list info ...
  update every 20 steps, delay 0 steps, check no
  max neighbors/atom: 2000, page size: 100000
  master list distance cutoff = 2.8
  ghost atom cutoff = 2.8
  binsize = 1.4, bins = 17 17 17
  1 neighbor lists, perpetual/occasional/extra = 1 0 0
  (1) pair lj/cut, perpetual
      attributes: half, newton on
      pair build: half/bin/atomonly/newton
      stencil: half/bin/3d/newton
      bin: standard
Per MPI rank memory allocation (min/avg/max) = 2.705 | 2.705 | 2.705 Mbytes
Step Temp Press TotEng 
       0            1  0.078519233    1.4053318 
    1000    1.1165262  0.082309992   0.96159859 
    2000   0.96148295  0.051260529   0.62428293 
    3000    1.0021685  0.072657646   0.65937861 
    4000   0.98621358  0.069806773   0.61414934 
    5000    1.0008348  0.053327863   0.60769158 
    6000    1.0236498  0.076067379   0.66850522 
    7000   0.99529065  0.065721832   0.58037789 
    8000    1.0202562  0.072015256   0.62328441 
    9000    1.0105327  0.070360891   0.59262543 
   10000   0.97307209  0.066195567   0.53861569 
   11000    1.0070686  0.067617994   0.60761474 
   12000    1.0046755  0.059105214   0.59059717 
   13000   0.98304503  0.061973841   0.55425238 
   14000     1.024054  0.083657049   0.58429667 
   15000   0.98856604   0.06092348   0.56493953 
   16000    0.9995576  0.055615125   0.55835474 
   17000   0.93962818  0.060166783   0.45112195 
   18000    1.0094299  0.059091415   0.56876879 
   19000   0.99067209  0.058293302    0.5434523 
   20000    1.0181546  0.060193804   0.59833307 
   21000   0.99927318  0.076130246   0.61329829 
   22000   0.98042443  0.068887964   0.54584415 
   23000    1.0170084  0.065092971   0.65981925 
   24000     1.026714  0.072469865    0.6187332 
   25000   0.99390435  0.069786775   0.59105535 
   26000    1.0536888  0.066416515   0.67182039 
   27000   0.99056199  0.063954885   0.55904581 
   28000   0.97833222  0.070938941   0.53478696 
   29000    1.0436574  0.081367664   0.58348278 
   30000   0.97356962  0.051150583   0.52313339 
   31000    1.0120898  0.079964699   0.61967798 
   32000    1.0021354  0.070062609   0.55434579 
   33000    1.0082968  0.070306378   0.57129388 
   34000    1.0556911  0.062374821   0.66680359 
   35000     1.011448  0.053523911   0.59110983 
   36000   0.98501894  0.062527203   0.54280955 
   37000    1.0256768  0.070453034   0.65529554 
   38000   0.99975393  0.048100226    0.5628717 
   39000   0.99626845  0.061686361   0.61295379 
   40000    1.0108224  0.063419976   0.67572382 
   41000   0.98415283  0.054749742   0.62447301 
   42000   0.96235967  0.059164482   0.58027342 
   43000    0.9864687  0.053767293    0.6249943 
   44000    0.9887034   0.06527815   0.62979013 
   45000   0.92236899  0.067825957   0.50427224 
   46000   0.98031948  0.055542253   0.57906097 
   47000    1.0193562   0.07270288   0.67798326 
   48000   0.98578593  0.057067537   0.59786655 
   49000      1.00418  0.061616853   0.63170706 
   50000   0.99277756   0.06488942   0.63741773 
Loop time of 8.30176 on 1 procs for 50000 steps with 1331 atoms

Performance: 2081486.184 tau/day, 6022.819 timesteps/s
99.8% CPU use with 1 MPI tasks x no OpenMP threads

MPI task timing breakdown:
Section |  min time  |  avg time  |  max time  |%varavg| %total
---------------------------------------------------------------
Pair    | 5.2045     | 5.2045     | 5.2045     |   0.0 | 62.69
Neigh   | 1.8031     | 1.8031     | 1.8031     |   0.0 | 21.72
Comm    | 0.33004    | 0.33004    | 0.33004    |   0.0 |  3.98
Output  | 0.022688   | 0.022688   | 0.022688   |   0.0 |  0.27
Modify  | 0.8524     | 0.8524     | 0.8524     |   0.0 | 10.27
Other   |            | 0.08902    |            |       |  1.07

Nlocal:    1331 ave 1331 max 1331 min
Histogram: 1 0 0 0 0 0 0 0 0 0
Nghost:    1306 ave 1306 max 1306 min
Histogram: 1 0 0 0 0 0 0 0 0 0
Neighs:    7590 ave 7590 max 7590 min
Histogram: 1 0 0 0 0 0 0 0 0 0

Total # of neighbors = 7590
Ave neighs/atom = 5.70248
Neighbor list builds = 2500
Dangerous builds not checked

write_restart NVT/sim1/T_1.00__v_9.26/end1.restart
Total wall time: 0:00:08
