run 50000
Neighbor list info ...
  update every 20 steps, delay 0 steps, check no
  max neighbors/atom: 2000, page size: 100000
  master list distance cutoff = 2.8
  ghost atom cutoff = 2.8
  binsize = 1.4, bins = 16 16 16
  1 neighbor lists, perpetual/occasional/extra = 1 0 0
  (1) pair lj/cut, perpetual
      attributes: half, newton on
      pair build: half/bin/atomonly/newton
      stencil: half/bin/3d/newton
      bin: standard
Per MPI rank memory allocation (min/avg/max) = 2.7 | 2.7 | 2.7 Mbytes
Step Temp Press Volume Density PotEng KinEng TotEng 
       0          0.9  0.067005321        10648        0.125  -0.13561964    1.3489857    1.2133661 
    1000    1.5812355   0.29576732     5255.768   0.25324557    -1.457673    2.3700712   0.91239823 
    2000    1.3027386   0.40217689    3395.3184   0.39201037    -2.229134    1.9526398   -0.2764942 
    3000    1.2146364   0.40925733    2420.1196   0.54997283   -3.1908819    1.8205858   -1.3702961 
    4000    1.1644845    0.8656242    1913.8162   0.69546909   -4.0728157    1.7454144   -2.3274014 
    5000    1.0269568    1.3639554    1696.1544   0.78471629   -4.6399647    1.5392779   -3.1006868 
    6000   0.87420827    1.7116574    1607.7325   0.82787404   -4.9012678    1.3103272   -3.5909406 
    7000   0.85200925    1.7507007     1578.418   0.84324935   -5.0291274    1.2770537   -3.7520737 
    8000   0.88475111    1.8670693     1599.143    0.8323208   -4.9099277    1.3261296   -3.5837981 
    9000   0.95337885    1.5587681     1624.709   0.81922364   -4.8945498    1.4289939   -3.4655559 
   10000   0.89482388    1.6261403    1605.8533   0.82884282   -4.9349128    1.3412274   -3.5936855 
   11000   0.88576322    1.7768552    1584.2972   0.84012015   -5.0007888    1.3276466   -3.6731423 
   12000    0.8874667    1.6935943    1607.1089   0.82819526   -4.9073491    1.3301999   -3.5771492 
   13000   0.93708567    1.7305095    1613.3653   0.82498365   -4.8898053    1.4045724   -3.4852329 
   14000   0.88901312    1.6059234     1607.309   0.82809219   -4.9218491    1.3325178   -3.5893314 
   15000    0.8573812    1.7231885    1593.6213   0.83520468   -4.9633948    1.2851056   -3.6782892 
   16000   0.92275127    1.7641741    1605.0187   0.82927381   -4.9182397     1.383087   -3.5351527 
   17000   0.90714176    1.5423045    1627.7419   0.81769718   -4.8582418    1.3596903   -3.4985515 
   18000   0.90986071     1.946201    1587.3659   0.83849602    -4.953278    1.3637657   -3.5895123 
   19000   0.86497563    1.4360647    1600.4218   0.83165574   -4.9918355    1.2964886   -3.6953469 
   20000    0.9097512    1.7229375    1601.1158   0.83129529   -4.9450893    1.3636015   -3.5814877 
   21000   0.91252116    1.5925969    1620.9458   0.82112555    -4.879083    1.3677534   -3.5113297 
   22000   0.90177595     1.724218    1604.6683    0.8294549   -4.9278832    1.3516476   -3.5762356 
   23000   0.86935146    1.7621119    1590.0904   0.83705931   -4.9739247    1.3030475   -3.6708772 
   24000    0.9070492    1.6849409     1601.818   0.83093087    -4.943837    1.3595516   -3.5842854 
   25000   0.89044179    1.3621028    1637.8912   0.81263031   -4.8465936    1.3346592   -3.5119344 
   26000   0.93923689    1.6904121    1600.6315   0.83154678   -4.9417001    1.4077968   -3.5339032 
   27000    0.8662587    1.5603355    1600.9775   0.83136711   -4.9614697    1.2984118   -3.6630579 
   28000   0.89168431    1.8184037    1595.5383   0.83420121   -4.9393099    1.3365216   -3.6027884 
   29000   0.93383138    1.5884845    1613.9121   0.82470415   -4.9073214    1.3996947   -3.5076267 
   30000   0.91164257    1.6961594    1607.5156   0.82798576   -4.9135497    1.3664365   -3.5471133 
   31000   0.89261812    1.7025354     1594.117   0.83494501   -4.9826156    1.3379212   -3.6446943 
   32000    0.8976664    1.5729964    1598.0821   0.83287338   -4.9707812     1.345488   -3.6252933 
   33000   0.91965944    1.6950358    1605.7749   0.82888331   -4.9091368    1.3784527   -3.5306841 
   34000   0.85616223    1.4020736     1624.426   0.81936634   -4.8856232    1.2832785   -3.6023447 
   35000   0.92438084    1.8441802    1587.4759   0.83843793   -4.9790057    1.3855295   -3.5934762 
   36000   0.91334124    1.5587446    1602.7432   0.83045119   -4.9637779    1.3689826   -3.5947953 
   37000   0.89236482    1.7511386    1605.1821   0.82918943   -4.9077741    1.3375416   -3.5702325 
   38000   0.89178836    1.5077382    1612.9028   0.82522024   -4.9118867    1.3366775   -3.5752092 
   39000   0.92202396    1.8191195    1592.4997   0.83579291   -4.9696225    1.3819968   -3.5876256 
   40000    0.9098069     1.699131    1599.1771   0.83230307   -4.9516761     1.363685    -3.587991 
   41000   0.90894485    1.7113994    1610.8175   0.82628851   -4.8928311    1.3623929   -3.5304382 
   42000   0.90784331    1.6632283    1607.0615   0.82821968   -4.9370897    1.3607418   -3.5763478 
   43000   0.94226627    1.7093418    1597.5896   0.83313013   -4.9649737    1.4123375   -3.5526362 
   44000   0.91904224    1.3755482    1630.6884    0.8162197   -4.8867948    1.3775276   -3.5092672 
   45000   0.91040531    1.9713819    1599.3882   0.83219324   -4.9090017     1.364582   -3.5444198 
   46000   0.89693626    1.6037498     1606.313   0.82860562    -4.938291    1.3443936   -3.5938974 
   47000   0.91420895    1.6609913    1612.4711   0.82544115   -4.9056598    1.3702831   -3.5353767 
   48000   0.91928134    1.7198356    1614.6289   0.82433805    -4.883775     1.377886    -3.505889 
   49000   0.90498654    1.4660038    1611.1504   0.82611777   -4.9499105    1.3564599   -3.5934506 
   50000     0.905841    1.7360517    1603.4181   0.83010162   -4.9235449    1.3577406   -3.5658043 
Loop time of 37.4999 on 1 procs for 50000 steps with 1331 atoms

Performance: 460801.015 tau/day, 1333.336 timesteps/s
99.5% CPU use with 1 MPI tasks x no OpenMP threads

MPI task timing breakdown:
Section |  min time  |  avg time  |  max time  |%varavg| %total
---------------------------------------------------------------
Pair    | 30.046     | 30.046     | 30.046     |   0.0 | 80.12
Neigh   | 4.5125     | 4.5125     | 4.5125     |   0.0 | 12.03
Comm    | 0.71609    | 0.71609    | 0.71609    |   0.0 |  1.91
Output  | 0.026673   | 0.026673   | 0.026673   |   0.0 |  0.07
Modify  | 2.0213     | 2.0213     | 2.0213     |   0.0 |  5.39
Other   |            | 0.1775     |            |       |  0.47

Nlocal:    1331 ave 1331 max 1331 min
Histogram: 1 0 0 0 0 0 0 0 0 0
Nghost:    2934 ave 2934 max 2934 min
Histogram: 1 0 0 0 0 0 0 0 0 0
Neighs:    49271 ave 49271 max 49271 min
Histogram: 1 0 0 0 0 0 0 0 0 0

Total # of neighbors = 49271
Ave neighs/atom = 37.018
Neighbor list builds = 2500
Dangerous builds not checked

write_restart lattice_11_11_11__2_2_2/sim1/T_0.90__P_1.70/end1.restart
Total wall time: 0:00:37
