run 50000
Neighbor list info ...
  update every 20 steps, delay 0 steps, check no
  max neighbors/atom: 2000, page size: 100000
  master list distance cutoff = 2.8
  ghost atom cutoff = 2.8
  binsize = 1.4, bins = 16 16 16
  1 neighbor lists, perpetual/occasional/extra = 1 0 0
  (1) pair lj/cut, perpetual
      attributes: half, newton on
      pair build: half/bin/atomonly/newton
      stencil: half/bin/3d/newton
      bin: standard
Per MPI rank memory allocation (min/avg/max) = 2.7 | 2.7 | 2.7 Mbytes
Step Temp Press Volume Density PotEng KinEng TotEng 
       0          1.7   0.16693019        10648        0.125  -0.13561964    2.5480841    2.4124645 
    1000     1.950911   0.30756811     8639.663   0.15405694  -0.80484193    2.9241679    2.1193259 
    2000    1.7642376   0.27788088    7356.4673   0.18092923   -1.0215971    2.6443682     1.622771 
    3000    1.6832267   0.29654017    6408.4044     0.207696   -1.1454194    2.5229431    1.3775237 
    4000    1.7231462   0.28746964    5750.8256   0.23144503   -1.3133873    2.5827774    1.2693901 
    5000     1.690719   0.34766179    5299.5155   0.25115504   -1.4017899    2.5341732    1.1323833 
    6000    1.6902487   0.40553106     4991.495   0.26665358   -1.5049953    2.5334682    1.0284729 
    7000    1.6833078   0.39182542    4797.2167   0.27745255   -1.5449591    2.5230646    0.9781055 
    8000    1.6863373   0.40065379    4668.0491   0.28512982   -1.5735556    2.5276054    0.9540498 
    9000    1.6692843   0.43365563    4689.4503   0.28382857   -1.5870444    2.5020452   0.91500073 
   10000    1.7345461   0.43774964    4642.0053   0.28672953   -1.5828729    2.5998644    1.0169915 
   11000    1.6333394   0.36744615    4760.2839   0.27960517   -1.5774396    2.4481684   0.87072882 
   12000    1.7459926   0.41766502    4560.6809   0.29184239   -1.6095449    2.6170212    1.0074763 
   13000    1.6704781   0.35695984    4694.8053   0.28350484   -1.5843645    2.5038345      0.91947 
   14000    1.7556397   0.41326268    4692.2877   0.28365695   -1.5316515     2.631481    1.0998295 
   15000    1.6460174   0.33825432    4885.1706   0.27245722   -1.5664188     2.467171   0.90075225 
   16000    1.7995073    0.4029686    4651.8113   0.28612511   -1.6287462    2.6972329    1.0684867 
   17000    1.6995457   0.33833357    4708.6393    0.2826719   -1.6185365    2.5474032   0.92886666 
   18000    1.7112204   0.41600077    4575.3103   0.29090923   -1.6120239    2.5649021   0.95287816 
   19000    1.5947612   0.35413091    4555.0783   0.29220135   -1.6585258    2.3903446   0.73181877 
   20000    1.7667181   0.38392638    4286.1807   0.31053287   -1.7331611    2.6480862   0.91492505 
   21000    1.6558511   0.36503144    4478.9661   0.29716679   -1.6909952    2.4819106   0.79091539 
   22000    1.6568631   0.50088363    4607.2096   0.28889504   -1.6005917    2.4834274   0.88283567 
   23000    1.6803911   0.45023486    4774.0889   0.27879665    -1.540682    2.5186929   0.97801095 
   24000    1.7099642   0.39704187    4857.5487   0.27400652   -1.5313771    2.5630192    1.0316421 
   25000    1.6631703   0.40173701    4802.9603   0.27712076   -1.5352962    2.4928811   0.95758493 
   26000    1.7110183   0.45971797    4556.7691   0.29209292   -1.6279193    2.5645991    0.9366798 
   27000    1.6536487   0.41062197    4454.7177   0.29878436   -1.6343673    2.4786095   0.84424222 
   28000       1.6898   0.39512041    4519.4553   0.29450452   -1.6316573    2.5327957   0.90113843 
   29000    1.6825668   0.37643843    4644.9075   0.28655038   -1.5995071     2.521954   0.92244691 
   30000     1.710988   0.40987106    4894.5869   0.27193306   -1.5366015    2.5645538    1.0279523 
   31000    1.7155126   0.37854634    4914.4122   0.27083605   -1.5182282    2.5713356    1.0531074 
   32000    1.6743555   0.42941183     4656.526   0.28583541   -1.5509122    2.5096463   0.95873411 
   33000    1.6719722   0.44539376    4582.2032   0.29047162    -1.594196     2.506074   0.91187808 
   34000    1.7240416   0.36238373     4659.653   0.28564359   -1.5955618    2.5841194   0.98855763 
   35000    1.6935261   0.33520068    4866.1602   0.27352162    -1.563312    2.5383806   0.97506868 
   36000    1.7725354   0.37845328     4851.989   0.27432049    -1.512711    2.6568055    1.1440945 
   37000     1.725343   0.34103761     4874.542   0.27305129   -1.5364832      2.58607    1.0495869 
   38000    1.6949623   0.43445342    4665.2006   0.28530392   -1.5718622    2.5405332   0.96867104 
   39000    1.7044065   0.43231173    4456.1252   0.29868999   -1.6737695    2.5546889   0.88091938 
   40000    1.6901137   0.45615555    4576.7615   0.29081699   -1.6348948    2.5332659   0.89837109 
   41000    1.6684421   0.38425136    4727.6589   0.28153469   -1.5748496    2.5007829   0.92593322 
   42000    1.7310997   0.37123508    4738.9915   0.28086144   -1.5722524    2.5946987    1.0224463 
   43000     1.678607   0.35751572    4739.0215   0.28085967   -1.5895811    2.5160188   0.92643769 
   44000    1.7456356    0.4082944    4483.4755   0.29686791    -1.687539    2.6164861   0.92894712 
   45000    1.6176782   0.37660915    4479.2953   0.29714495   -1.6416568    2.4246941   0.78303737 
   46000    1.6718858   0.40449869    4555.6523   0.29216453   -1.6198345    2.5059446   0.88611007 
   47000     1.689656   0.46098278    4731.7843   0.28128924    -1.557519    2.5325798   0.97506085 
   48000    1.7004206   0.41151798    4765.5004   0.27929911   -1.5539779    2.5487146   0.99473669 
   49000    1.6882521   0.43039599    4476.2939    0.2973442   -1.6657393    2.5304755    0.8647362 
   50000    1.6767742   0.34684527    4455.1624   0.29875454    -1.698525    2.5132717   0.81474665 
Loop time of 17.4925 on 1 procs for 50000 steps with 1331 atoms

Performance: 987852.990 tau/day, 2858.371 timesteps/s
99.9% CPU use with 1 MPI tasks x no OpenMP threads

MPI task timing breakdown:
Section |  min time  |  avg time  |  max time  |%varavg| %total
---------------------------------------------------------------
Pair    | 11.84      | 11.84      | 11.84      |   0.0 | 67.69
Neigh   | 2.9605     | 2.9605     | 2.9605     |   0.0 | 16.92
Comm    | 0.50443    | 0.50443    | 0.50443    |   0.0 |  2.88
Output  | 0.024229   | 0.024229   | 0.024229   |   0.0 |  0.14
Modify  | 2.0525     | 2.0525     | 2.0525     |   0.0 | 11.73
Other   |            | 0.111      |            |       |  0.63

Nlocal:    1331 ave 1331 max 1331 min
Histogram: 1 0 0 0 0 0 0 0 0 0
Nghost:    1827 ave 1827 max 1827 min
Histogram: 1 0 0 0 0 0 0 0 0 0
Neighs:    18106 ave 18106 max 18106 min
Histogram: 1 0 0 0 0 0 0 0 0 0

Total # of neighbors = 18106
Ave neighs/atom = 13.6033
Neighbor list builds = 2500
Dangerous builds not checked

write_restart lattice_11_11_11__2_2_2/sim1/T_1.70__P_0.40/end1.restart
Total wall time: 0:00:17
