run 50000
Neighbor list info ...
  update every 20 steps, delay 0 steps, check no
  max neighbors/atom: 2000, page size: 100000
  master list distance cutoff = 2.8
  ghost atom cutoff = 2.8
  binsize = 1.4, bins = 13 13 13
  1 neighbor lists, perpetual/occasional/extra = 1 0 0
  (1) pair lj/cut, perpetual
      attributes: half, newton on
      pair build: half/bin/atomonly/newton
      stencil: half/bin/3d/newton
      bin: standard
Per MPI rank memory allocation (min/avg/max) = 2.742 | 2.742 | 2.742 Mbytes
Step Temp Press TotEng 
       0          1.1  -0.25432243   0.67292061 
    1000    1.2193542   0.18479344   0.15848594 
    2000     1.071063  0.092883328  -0.19099456 
    3000    1.0847985  0.096148178  -0.17691336 
    4000    1.1106504     0.111964 -0.078095502 
    5000    1.0964319   0.15856231  -0.19023832 
    6000    1.0864947   0.11850278  -0.21718862 
    7000     1.113981   0.12182533   -0.1823801 
    8000    1.1051338   0.13033948  -0.24741248 
    9000    1.0873082  0.076680831  -0.26966193 
   10000    1.1399787   0.13316808  -0.16043408 
   11000    1.0881154   0.07512825  -0.25738938 
   12000    1.1048627   0.15868999  -0.21021499 
   13000    1.1641266    0.1098372   -0.1359428 
   14000    1.0874685   0.11198111  -0.23730319 
   15000    1.1178586  0.096138462  -0.25274069 
   16000    1.0717164  0.067564907  -0.33350217 
   17000    1.0927647  0.092078766  -0.23153652 
   18000    1.0965758   0.13150693  -0.20081365 
   19000     1.087211   0.13456986  -0.24183724 
   20000     1.102429   0.16950621  -0.25749812 
   21000    1.0877404  0.059232986  -0.25449815 
   22000    1.0708263   0.10477829  -0.23901865 
   23000    1.1178719   0.11636382  -0.17927705 
   24000    1.0846442  0.061603769  -0.25767804 
   25000    1.1014807   0.10528847  -0.17453326 
   26000    1.1326775   0.11583207  -0.13044484 
   27000    1.1019753   0.07615948  -0.22101104 
   28000    1.0758583   0.11409009  -0.27192593 
   29000    1.1072553   0.10171414  -0.13277706 
   30000    1.1230686  0.077107084  -0.15233632 
   31000      1.09201   0.12709521  -0.20100291 
   32000    1.1042633    0.1165552  -0.19535897 
   33000    1.0877241  0.061861967  -0.28865132 
   34000    1.1493288  0.071355023  -0.17030917 
   35000    1.1039433  0.094500214  -0.22909878 
   36000    1.1086436   0.11113007  -0.24158645 
   37000    1.0903074  0.075081069   -0.1988108 
   38000    1.1130814  0.083902485  -0.17941607 
   39000    1.0629802   0.10500369  -0.28649185 
   40000    1.0782449  0.060333955  -0.22671676 
   41000    1.1105127    0.1007581  -0.15823401 
   42000    1.1048408   0.11802664  -0.26287039 
   43000    1.1242257   0.10546481  -0.13532849 
   44000    1.1071516   0.14254741  -0.14109685 
   45000    1.0857308  0.097479867  -0.18956834 
   46000    1.0711065    0.1103613  -0.22053372 
   47000    1.1353699   0.12014548  -0.12221443 
   48000    1.0894287   0.15077193  -0.22748779 
   49000    1.1225859  0.093168217  -0.16313619 
   50000    1.0746427   0.11084091  -0.24129532 
Loop time of 15.7379 on 1 procs for 50000 steps with 1331 atoms

Performance: 1097984.866 tau/day, 3177.040 timesteps/s
99.9% CPU use with 1 MPI tasks x no OpenMP threads

MPI task timing breakdown:
Section |  min time  |  avg time  |  max time  |%varavg| %total
---------------------------------------------------------------
Pair    | 11.443     | 11.443     | 11.443     |   0.0 | 72.71
Neigh   | 2.8384     | 2.8384     | 2.8384     |   0.0 | 18.04
Comm    | 0.47754    | 0.47754    | 0.47754    |   0.0 |  3.03
Output  | 0.023709   | 0.023709   | 0.023709   |   0.0 |  0.15
Modify  | 0.85136    | 0.85136    | 0.85136    |   0.0 |  5.41
Other   |            | 0.1044     |            |       |  0.66

Nlocal:    1331 ave 1331 max 1331 min
Histogram: 1 0 0 0 0 0 0 0 0 0
Nghost:    1842 ave 1842 max 1842 min
Histogram: 1 0 0 0 0 0 0 0 0 0
Neighs:    18076 ave 18076 max 18076 min
Histogram: 1 0 0 0 0 0 0 0 0 0

Total # of neighbors = 18076
Ave neighs/atom = 13.5808
Neighbor list builds = 2500
Dangerous builds not checked

write_restart NVT/sim1/T_1.10__v_3.38/end1.restart
Total wall time: 0:00:15
