run 50000
Neighbor list info ...
  update every 20 steps, delay 0 steps, check no
  max neighbors/atom: 2000, page size: 100000
  master list distance cutoff = 2.8
  ghost atom cutoff = 2.8
  binsize = 1.4, bins = 16 16 16
  1 neighbor lists, perpetual/occasional/extra = 1 0 0
  (1) pair lj/cut, perpetual
      attributes: half, newton on
      pair build: half/bin/atomonly/newton
      stencil: half/bin/3d/newton
      bin: standard
Per MPI rank memory allocation (min/avg/max) = 2.7 | 2.7 | 2.7 Mbytes
Step Temp Press Volume Density PotEng KinEng TotEng 
       0          0.1 -0.032919548        10648        0.125  -0.13561964    0.1498873  0.014267664 
    1000   0.67445082  -0.20156397    2977.4099   0.44703285   -2.9864967    1.0109161   -1.9755805 
    2000   0.53632673   0.50629883    1532.6395   0.86843642   -5.5159931   0.80388567   -4.7121074 
    3000   0.24110091   0.73971264    1369.4579   0.97191739   -6.3449592   0.36137965   -5.9835795 
    4000   0.12527255   0.79672415    1332.6933   0.99872943   -6.5833981   0.18776764   -6.3956305 
    5000  0.093324839   0.80325243    1320.2555    1.0081382   -6.6742174   0.13988208   -6.5343353 
    6000  0.091658084   0.79441248    1318.5666    1.0094295   -6.6848806   0.13738383   -6.5474968 
    7000   0.10843772   0.81136231    1320.4897    1.0079594   -6.6709717   0.16253437   -6.5084373 
    8000   0.10038011   0.81673404     1318.253    1.0096696    -6.686036   0.15045704   -6.5355789 
    9000   0.09430187   0.81104632    1317.8909     1.009947    -6.691316   0.14134653   -6.5499694 
   10000   0.10795544   0.75371389    1320.9924    1.0075759   -6.6789438    0.1618115   -6.5171323 
   11000  0.099976195   0.80337865    1319.0979    1.0090229   -6.6816857   0.14985162   -6.5318341 
   12000  0.093842492   0.79522538    1316.7597    1.0108147   -6.6982082   0.14065798   -6.5575502 
   13000   0.10138428    0.7641093    1318.7539    1.0092861   -6.6891156   0.15196216   -6.5371534 
   14000   0.10544671    0.8788944    1315.4568    1.0118158   -6.6969955   0.15805123   -6.5389442 
   15000  0.093983083   0.77364668    1315.7902    1.0115594   -6.7120749   0.14086871   -6.5712062 
   16000   0.10039357   0.84077087    1315.5228     1.011765   -6.7026067   0.15047722   -6.5521295 
   17000   0.10492807   0.85423019    1315.5799    1.0117212   -6.7017733   0.15727385   -6.5444995 
   18000  0.093625519   0.76893888    1314.7983    1.0123226   -6.7201455   0.14033277   -6.5798128 
   19000   0.10046902   0.92436013    1311.4524    1.0149053   -6.7200512   0.15059031   -6.5694609 
   20000   0.10413311   0.81969533    1315.4427    1.0118267   -6.7054629    0.1560823   -6.5493806 
   21000  0.097001918   0.77112608    1314.5292    1.0125298   -6.7227159   0.14539356   -6.5773224 
   22000  0.095764107   0.85256958     1312.804    1.0138604    -6.721134   0.14353824   -6.5775957 
   23000   0.10706906     0.806814     1315.074    1.0121104   -6.7125054   0.16048292   -6.5520225 
   24000  0.097108912   0.83574215    1313.9314    1.0129905   -6.7154819   0.14555393   -6.5699279 
   25000  0.094938876   0.78554473    1313.9456    1.0129795   -6.7232525   0.14230132   -6.5809511 
   26000   0.10419865   0.86201039    1313.7779    1.0131088   -6.7123925   0.15618055   -6.5562119 
   27000   0.10044343   0.77445288     1315.111    1.0120819   -6.7156916   0.15055195   -6.5651396 
   28000   0.09593024   0.78861481     1314.025    1.0129183   -6.7247673   0.14378725     -6.58098 
   29000   0.10239974     0.896828    1312.7475     1.013904   -6.7131612   0.15348421    -6.559677 
   30000   0.10270672   0.70291935    1316.9959    1.0106333   -6.7160241   0.15394433   -6.5620797 
   31000  0.096038354    0.8435961    1312.7176    1.0139271   -6.7232372    0.1439493   -6.5792879 
   32000   0.10089375    0.8306478    1313.8748    1.0130341   -6.7168482   0.15122692   -6.5656213 
   33000    0.1036662   0.86838471    1313.8303    1.0130684    -6.712545   0.15538247   -6.5571625 
   34000  0.095399551   0.65955317    1316.8786    1.0107234   -6.7219357   0.14299181   -6.5789439 
   35000   0.10237828   0.86423285    1312.4378    1.0141433   -6.7220933   0.15345204   -6.5686413 
   36000   0.10423989    0.7276752    1316.4243    1.0110722   -6.7145118   0.15624236   -6.5582695 
   37000  0.099671488   0.76584867    1314.3991      1.01263   -6.7239435   0.14939491   -6.5745486 
   38000  0.097938892   0.83153893     1313.658    1.0132013   -6.7203066   0.14679796   -6.5735086 
   39000   0.10224731   0.76131605    1316.3984    1.0110921   -6.7116407   0.15325573   -6.5583849 
   40000  0.099329071   0.87769064     1312.747    1.0139044   -6.7185503   0.14888167   -6.5696686 
   41000  0.097090682   0.75354935    1314.5516    1.0125125   -6.7247714    0.1455266   -6.5792448 
   42000   0.10109537   0.75979465    1315.4076    1.0118537   -6.7183715   0.15152912   -6.5668423 
   43000  0.099279864   0.93077784    1311.2246    1.0150816   -6.7206041   0.14880791   -6.5717962 
   44000  0.097998627   0.73006966    1314.5129    1.0125423   -6.7297055    0.1468875    -6.582818 
   45000   0.10119781   0.79176195    1314.3027    1.0127043   -6.7206078   0.15168267   -6.5689252 
   46000   0.10137966   0.82618165    1313.4267    1.0133797   -6.7218138   0.15195524   -6.5698585 
   47000  0.098931003   0.79535755    1313.4826    1.0133366   -6.7301215   0.14828501   -6.5818364 
   48000  0.098394725   0.71456058    1315.2854    1.0119476   -6.7237151    0.1474812   -6.5762339 
   49000    0.1028544   0.95556604    1310.2356    1.0158479   -6.7241329   0.15416569   -6.5699672 
   50000  0.097725831    0.6944294    1313.7261    1.0131488   -6.7390202   0.14647861   -6.5925416 
Loop time of 45.1527 on 1 procs for 50000 steps with 1331 atoms

Performance: 382701.654 tau/day, 1107.354 timesteps/s
99.9% CPU use with 1 MPI tasks x no OpenMP threads

MPI task timing breakdown:
Section |  min time  |  avg time  |  max time  |%varavg| %total
---------------------------------------------------------------
Pair    | 36.914     | 36.914     | 36.914     |   0.0 | 81.75
Neigh   | 5.1577     | 5.1577     | 5.1577     |   0.0 | 11.42
Comm    | 0.75983    | 0.75983    | 0.75983    |   0.0 |  1.68
Output  | 0.024849   | 0.024849   | 0.024849   |   0.0 |  0.06
Modify  | 2.0629     | 2.0629     | 2.0629     |   0.0 |  4.57
Other   |            | 0.2334     |            |       |  0.52

Nlocal:    1331 ave 1331 max 1331 min
Histogram: 1 0 0 0 0 0 0 0 0 0
Nghost:    3249 ave 3249 max 3249 min
Histogram: 1 0 0 0 0 0 0 0 0 0
Neighs:    60319 ave 60319 max 60319 min
Histogram: 1 0 0 0 0 0 0 0 0 0

Total # of neighbors = 60319
Ave neighs/atom = 45.3186
Neighbor list builds = 2500
Dangerous builds not checked

write_restart lattice_11_11_11__2_2_2/sim1/T_0.10__P_0.80/end1.restart
Total wall time: 0:00:45
