run 50000
Neighbor list info ...
  update every 20 steps, delay 0 steps, check no
  max neighbors/atom: 2000, page size: 100000
  master list distance cutoff = 2.8
  ghost atom cutoff = 2.8
  binsize = 1.4, bins = 16 16 16
  1 neighbor lists, perpetual/occasional/extra = 1 0 0
  (1) pair lj/cut, perpetual
      attributes: half, newton on
      pair build: half/bin/atomonly/newton
      stencil: half/bin/3d/newton
      bin: standard
Per MPI rank memory allocation (min/avg/max) = 2.7 | 2.7 | 2.7 Mbytes
Step Temp Press Volume Density PotEng KinEng TotEng 
       0          0.3 -0.0079383306        10648        0.125  -0.13561964   0.44966191   0.31404227 
    1000   0.76398918 -0.0065394789    5308.2177    0.2507433   -1.6912395    1.1451228  -0.54611675 
    2000   0.70218018  -0.15732306    3233.3122   0.41165218    -3.106819    1.0524789     -2.05434 
    3000   0.62188462  -0.12477029    2160.4347   0.61607972   -4.4392223   0.93212608   -3.5070963 
    4000   0.51459378   0.23011817    1603.1889    0.8302203   -5.4023359   0.77131074   -4.6310252 
    5000   0.41957194   0.34281051    1437.5367   0.92588939   -5.9995369   0.62888506   -5.3706518 
    6000   0.31043066   0.52495033    1390.3481   0.95731423   -6.2480204   0.46529614   -5.7827242 
    7000   0.27937902   0.52384135    1375.2789   0.96780367   -6.3455913   0.41875368   -5.9268377 
    8000   0.30945587   0.51006786    1379.7739   0.96465083   -6.3146802   0.46383506   -5.8508452 
    9000   0.31366349   0.55184188     1381.639    0.9633486   -6.2997225   0.47014175   -5.8295807 
   10000   0.28643201   0.54679068     1370.897   0.97089717   -6.3660402   0.42932522    -5.936715 
   11000   0.29045418   0.46877597    1373.8153   0.96883472   -6.3616587   0.43535393   -5.9263048 
   12000   0.31761932   0.44671465    1379.5407   0.96481383   -6.3270898   0.47607103   -5.8510188 
   13000   0.30108162    0.5432395    1373.3807   0.96914132   -6.3547665   0.45128312   -5.9034834 
   14000   0.29094029   0.47017453    1371.4131   0.97053175   -6.3820864   0.43608256   -5.9460039 
   15000   0.30692438   0.39251495    1378.1088   0.96581633   -6.3457658   0.46004068   -5.8857251 
   16000   0.31540486   0.51798267    1374.5404   0.96832367   -6.3521581   0.47275183   -5.8794063 
   17000    0.2878505   0.59826914    1368.5965   0.97252918   -6.3750444   0.43145135   -5.9435931 
   18000   0.30020997   0.51283211    1371.6066   0.97039485   -6.3732591   0.44997663   -5.9232825 
   19000   0.31119091   0.27152646    1380.1257   0.96440494   -6.3594313   0.46643566   -5.8929956 
   20000   0.29306964   0.30091174     1375.536   0.96762281    -6.380678   0.43927418   -5.9414038 
   21000   0.29413605   0.40992248    1372.8356   0.96952611   -6.3823007    0.4408726   -5.9414281 
   22000   0.29622178    0.5794809    1373.9219   0.96875958   -6.3433667   0.44399884   -5.8993678 
   23000   0.30182493   0.49336288    1371.8856   0.97019752   -6.3723236   0.45239725   -5.9199264 
   24000   0.29164508   0.53710676    1367.8319   0.97307277   -6.3876955   0.43713894   -5.9505565 
   25000   0.30669931   0.40524934     1374.326   0.96847474   -6.3746609   0.45970332   -5.9149575 
   26000   0.30952003   0.24356951    1377.2209   0.96643904    -6.380186   0.46393122   -5.9162548 
   27000   0.29266005   0.39603199    1368.4005   0.97266844    -6.413528   0.43866025   -5.9748678 
   28000    0.2974684   0.52642061    1364.5375   0.97542208   -6.4165156   0.44586736   -5.9706482 
   29000    0.3144114   0.59336267    1366.3161   0.97415234   -6.3982294   0.47126276   -5.9269666 
   30000   0.29625431   0.55056251     1363.739    0.9759932   -6.4185065    0.4440476   -5.9744589 
   31000   0.28770511   0.37272268    1364.8936   0.97516757   -6.4406854   0.43123343    -6.009452 
   32000   0.31471931   0.25091422    1366.1062   0.97430198   -6.4658781   0.47172429   -5.9941538 
   33000   0.29865112   0.45359625    1358.0312   0.98009527   -6.4823202    0.4476401   -6.0346801 
   34000   0.29801885   0.59491525    1349.5687   0.98624101   -6.5171233   0.44669242   -6.0704309 
   35000   0.30609799   0.49703987    1348.0394   0.98735988   -6.5462204   0.45880202   -6.0874184 
   36000   0.30745282   0.46584813    1344.1907   0.99018689   -6.5849712   0.46083274   -6.1241384 
   37000   0.30312648   0.46276152    1340.5664   0.99286392   -6.6127948   0.45434811   -6.1584467 
   38000   0.28924575   0.43325569    1337.3968   0.99521701   -6.6338476   0.43354265    -6.200305 
   39000   0.28738265   0.34429125    1336.8469   0.99562632   -6.6537565    0.4307501   -6.2230064 
   40000   0.29920294   0.33353987    1334.2266   0.99758168   -6.6749908   0.44846722   -6.2265235 
   41000   0.29400979   0.53908183    1328.5791    1.0018222   -6.6843434   0.44068334     -6.24366 
   42000    0.2984813    0.5174063    1323.8952    1.0053666   -6.7255999   0.44738557   -6.2782143 
   43000   0.29955998   0.51578183    1321.8045    1.0069568   -6.7439493   0.44900237    -6.294947 
   44000   0.30074306   0.50553027    1320.2346    1.0081541   -6.7567088   0.45077566   -6.3059332 
   45000    0.3032263   0.51317442    1319.5266    1.0086951   -6.7585002   0.45449772   -6.3040025 
   46000   0.30393068   0.56098088    1319.2505    1.0089062    -6.752039    0.4555535   -6.2964855 
   47000   0.30450708    0.6639772    1316.3666    1.0111165   -6.7551333   0.45641745   -6.2987159 
   48000   0.30050302   0.74711049    1314.8918    1.0122506   -6.7519654   0.45041587   -6.3015495 
   49000   0.30579586   0.69806236     1315.882    1.0114889   -6.7596769   0.45834916   -6.3013277 
   50000   0.29776157   0.60556824    1318.8017    1.0092495   -6.7521948   0.44630678    -6.305888 
Loop time of 41.36 on 1 procs for 50000 steps with 1331 atoms

Performance: 417794.764 tau/day, 1208.897 timesteps/s
99.9% CPU use with 1 MPI tasks x no OpenMP threads

MPI task timing breakdown:
Section |  min time  |  avg time  |  max time  |%varavg| %total
---------------------------------------------------------------
Pair    | 33.507     | 33.507     | 33.507     |   0.0 | 81.01
Neigh   | 4.9106     | 4.9106     | 4.9106     |   0.0 | 11.87
Comm    | 0.72363    | 0.72363    | 0.72363    |   0.0 |  1.75
Output  | 0.024453   | 0.024453   | 0.024453   |   0.0 |  0.06
Modify  | 2.005      | 2.005      | 2.005      |   0.0 |  4.85
Other   |            | 0.1888     |            |       |  0.46

Nlocal:    1331 ave 1331 max 1331 min
Histogram: 1 0 0 0 0 0 0 0 0 0
Nghost:    3239 ave 3239 max 3239 min
Histogram: 1 0 0 0 0 0 0 0 0 0
Neighs:    57453 ave 57453 max 57453 min
Histogram: 1 0 0 0 0 0 0 0 0 0

Total # of neighbors = 57453
Ave neighs/atom = 43.1653
Neighbor list builds = 2500
Dangerous builds not checked

write_restart lattice_11_11_11__2_2_2/sim1/T_0.30__P_0.50/end1.restart
Total wall time: 0:00:41
