run 50000
Neighbor list info ...
  update every 20 steps, delay 0 steps, check no
  max neighbors/atom: 2000, page size: 100000
  master list distance cutoff = 2.8
  ghost atom cutoff = 2.8
  binsize = 1.4, bins = 16 16 16
  1 neighbor lists, perpetual/occasional/extra = 1 0 0
  (1) pair lj/cut, perpetual
      attributes: half, newton on
      pair build: half/bin/atomonly/newton
      stencil: half/bin/3d/newton
      bin: standard
Per MPI rank memory allocation (min/avg/max) = 2.7 | 2.7 | 2.7 Mbytes
Step Temp Press Volume Density PotEng KinEng TotEng 
       0          0.9  0.067005321        10648        0.125  -0.13561964    1.3489857    1.2133661 
    1000    1.5215472   0.31604058    5440.0931   0.24466493   -1.3866693     2.280606   0.89393674 
    2000    1.3101441   0.21832753    3559.5511   0.37392356   -2.2203618    1.9637397  -0.25662208 
    3000    1.1513308    0.2244758    2551.9628   0.52155933   -3.0338365    1.7256987   -1.3081378 
    4000    1.1132874   0.77979165    1989.4787   0.66901946   -3.8804187    1.6686765   -2.2117422 
    5000     1.007551    1.2551543    1741.2869   0.76437721   -4.4952467     1.510191   -2.9850557 
    6000   0.91477882    1.3110944    1639.3668   0.81189886   -4.8633753    1.3711373    -3.492238 
    7000   0.85499448    1.5398123    1608.2722   0.82759623   -4.9447264    1.2815282   -3.6631982 
    8000   0.91069961    1.6030085    1621.3862   0.82090249   -4.8721786    1.3650231   -3.5071555 
    9000   0.91178348    1.5596803    1638.2244     0.812465   -4.8160748    1.3666477   -3.4494272 
   10000   0.88479461    1.5096932    1624.6734   0.81924157   -4.8919426    1.3261948   -3.5657478 
   11000   0.87589706     1.550315    1613.5564   0.82488597   -4.9233927    1.3128585   -3.6105342 
   12000   0.90882884    1.5432125    1631.9432   0.81559211   -4.8357581     1.362219    -3.473539 
   13000   0.92608872    1.6625674    1629.5918   0.81676896   -4.8241975    1.3880894   -3.4361081 
   14000   0.89414583    1.5842432    1616.1139   0.82358056   -4.8901334    1.3402111   -3.5499224 
   15000    0.8555119    1.3115474    1624.9335   0.81911045   -4.9051686    1.2823037   -3.6228649 
   16000   0.92429962    1.6626217    1620.2707   0.82146766   -4.8718465    1.3854078   -3.4864387 
   17000   0.89695692    1.4886513    1636.1007    0.8135196   -4.8212748    1.3444245   -3.4768502 
   18000   0.89914556    1.4645974    1616.5063   0.82338063   -4.9285597     1.347705   -3.5808547 
   19000   0.89427775    1.6733539    1614.9198   0.82418955   -4.8841426    1.3404088   -3.5437338 
   20000   0.89950733    1.4088279     1633.554   0.81478787    -4.857904    1.3482473   -3.5096567 
   21000   0.87531834    1.7321264    1626.8904   0.81812519   -4.8136023     1.311991   -3.5016112 
   22000   0.87676385    1.4475251    1626.0965   0.81852459   -4.8762321    1.3141577   -3.5620745 
   23000   0.89383901    1.5274717    1624.5052   0.81932642   -4.8795698    1.3397512   -3.5398186 
   24000   0.92542831    1.7009422    1622.7434   0.82021594   -4.8435264    1.3870995   -3.4564269 
   25000   0.91456949    1.3074525    1637.6403   0.81275477   -4.8716056    1.3708235   -3.5007821 
   26000   0.92175543    1.4326923    1613.7328   0.82479579   -4.9372734    1.3815944   -3.5556791 
   27000   0.89548949    1.4395709    1620.0848   0.82156195   -4.9009589     1.342225   -3.5587339 
   28000   0.88251723    1.2968127    1645.3122   0.80896503   -4.8295466    1.3227813   -3.5067653 
   29000   0.95384583    1.6634301    1621.3229   0.82093458   -4.8796524    1.4296938   -3.4499586 
   30000   0.87232695    1.6390933    1614.6961    0.8243037   -4.8780114    1.3075073   -3.5705041 
   31000   0.89133539    1.4392475    1617.3221   0.82296533   -4.9232129    1.3359986   -3.5872143 
   32000   0.91914581    1.6099605    1627.2276   0.81795565   -4.8446288    1.3776829    -3.466946 
   33000   0.91687732      1.25895    1638.7606   0.81219915   -4.8620197    1.3742827    -3.487737 
   34000   0.88643191    1.5766409    1614.3223   0.82449459    -4.895195    1.3286489   -3.5665461 
   35000   0.89546775    1.2877276    1632.2292    0.8154492    -4.884609    1.3421925   -3.5424166 
   36000   0.92320601    1.6583906     1626.358   0.81839302   -4.8555261    1.3837686   -3.4717575 
   37000   0.86729272    1.2709614    1639.6317   0.81176765   -4.8527693    1.2999617   -3.5528077 
   38000   0.92449306    1.3627864    1611.7326   0.82581935   -4.9731811    1.3856977   -3.5874834 
   39000   0.92154786     1.399316     1624.659   0.81924883   -4.9040317    1.3812832   -3.5227484 
   40000   0.90734649    1.5402892    1632.3731   0.81537733   -4.8540536    1.3599972   -3.4940565 
   41000   0.87758607    1.6018248    1617.4104    0.8229204   -4.8920706    1.3153901   -3.5766805 
   42000   0.89472949    1.4496416    1626.6071   0.81826767   -4.8901392    1.3410859   -3.5490533 
   43000   0.94057527    1.4715923    1633.1261   0.81500134   -4.8542287    1.4098029   -3.4444258 
   44000   0.90066301    1.4545777    1639.6557   0.81175578   -4.8157209    1.3499795   -3.4657415 
   45000   0.87112394    1.2839453    1637.9881   0.81258221   -4.8604541    1.3057042   -3.5547499 
   46000   0.90076816    1.5434453    1616.8436   0.82320888   -4.9033301    1.3501371   -3.5531929 
   47000   0.90673897    1.6526262    1620.2681   0.82146901   -4.8638993    1.3590866   -3.5048128 
   48000   0.90983953    1.4311876    1649.1769   0.80706929   -4.7843078    1.3637339   -3.4205739 
   49000   0.91117143    1.6822549    1618.5998   0.82231567   -4.8638807    1.3657303   -3.4981505 
   50000   0.90966836    1.5440845    1617.4546   0.82289788   -4.9022637    1.3634774   -3.5387863 
Loop time of 36.9858 on 1 procs for 50000 steps with 1331 atoms

Performance: 467205.791 tau/day, 1351.869 timesteps/s
99.9% CPU use with 1 MPI tasks x no OpenMP threads

MPI task timing breakdown:
Section |  min time  |  avg time  |  max time  |%varavg| %total
---------------------------------------------------------------
Pair    | 29.601     | 29.601     | 29.601     |   0.0 | 80.03
Neigh   | 4.4758     | 4.4758     | 4.4758     |   0.0 | 12.10
Comm    | 0.7086     | 0.7086     | 0.7086     |   0.0 |  1.92
Output  | 0.023499   | 0.023499   | 0.023499   |   0.0 |  0.06
Modify  | 2.0116     | 2.0116     | 2.0116     |   0.0 |  5.44
Other   |            | 0.1654     |            |       |  0.45

Nlocal:    1331 ave 1331 max 1331 min
Histogram: 1 0 0 0 0 0 0 0 0 0
Nghost:    2934 ave 2934 max 2934 min
Histogram: 1 0 0 0 0 0 0 0 0 0
Neighs:    48967 ave 48967 max 48967 min
Histogram: 1 0 0 0 0 0 0 0 0 0

Total # of neighbors = 48967
Ave neighs/atom = 36.7896
Neighbor list builds = 2500
Dangerous builds not checked

write_restart lattice_11_11_11__2_2_2/sim1/T_0.90__P_1.50/end1.restart
Total wall time: 0:00:37
