run 50000
Neighbor list info ...
  update every 20 steps, delay 0 steps, check no
  max neighbors/atom: 2000, page size: 100000
  master list distance cutoff = 2.8
  ghost atom cutoff = 2.8
  binsize = 1.4, bins = 16 16 16
  1 neighbor lists, perpetual/occasional/extra = 1 0 0
  (1) pair lj/cut, perpetual
      attributes: half, newton on
      pair build: half/bin/atomonly/newton
      stencil: half/bin/3d/newton
      bin: standard
Per MPI rank memory allocation (min/avg/max) = 2.7 | 2.7 | 2.7 Mbytes
Step Temp Press Volume Density PotEng KinEng TotEng 
       0          1.4   0.12945836        10648        0.125  -0.13561964    2.0984222    1.9628026 
    1000    1.9949849   0.41643701    6250.7038   0.21293602   -1.1391656    2.9902291    1.8510635 
    2000    1.7362078   0.46831817    4434.3135    0.3001592   -1.6491572     2.602355   0.95319782 
    3000    1.5971064   0.49975381    3390.5669   0.39255973   -2.2118342    2.3938596   0.18202541 
    4000    1.5292065   0.64658032    2732.0733    0.4871758   -2.7449539    2.2920863  -0.45286755 
    5000    1.4695779    0.8848285    2338.8433   0.56908472   -3.1800634    2.2027107  -0.97735277 
    6000    1.3981324    1.1906805    2116.0404   0.62900502   -3.5023076    2.0956229   -1.4066847 
    7000    1.3724589    1.3304354    2011.3133   0.66175668   -3.7090402    2.0571417   -1.6518985 
    8000    1.3680866    1.5199287    1988.3462   0.66940053   -3.7263359    2.0505881   -1.6757478 
    9000    1.4135044    1.3733564    2014.9906   0.66054898   -3.6915194    2.1186636   -1.5728558 
   10000     1.402118    1.4123287    2028.6494   0.65610154   -3.6482768    2.1015968   -1.5466799 
   11000    1.4073204    1.3379827    2021.0557    0.6585667   -3.6837238    2.1093946   -1.5743292 
   12000    1.4093856    1.3175889    1992.6132   0.66796706   -3.7498349      2.11249   -1.6373449 
   13000    1.4247047     1.562912    1994.0293   0.66749268   -3.7293979    2.1354515   -1.5939465 
   14000    1.4336897    1.4873002    2013.0004   0.66120204   -3.6753861    2.1489189   -1.5264672 
   15000    1.4207701    1.3720528    2002.0451   0.66482018   -3.7325278     2.129554   -1.6029738 
   16000    1.3638397    1.6155134    1999.9053   0.66553152   -3.6862084    2.0442225   -1.6419859 
   17000     1.396258    1.4394987    2015.3179    0.6604417   -3.6816591    2.0928135   -1.5888456 
   18000    1.4180606    1.3990235    2024.6094   0.65741076    -3.680938    2.1254928   -1.5554452 
   19000    1.4161065    1.4390754    2005.7558   0.66359027   -3.7050354    2.1225638   -1.5824716 
   20000    1.4081577    1.8101042    1957.4152   0.67997837   -3.7419434    2.1106495   -1.6312939 
   21000    1.4507548    1.7029593    1961.1543   0.67868193   -3.7576285    2.1744973   -1.5831312 
   22000     1.419537     1.569084    2002.4951   0.66467079    -3.687253    2.1277058   -1.5595472 
   23000    1.3876518    1.5360456    2008.9647   0.66253032   -3.6884274    2.0799138   -1.6085136 
   24000    1.3848978    1.3474862    1995.0068   0.66716564   -3.7719663    2.0757859   -1.6961804 
   25000    1.4042453    1.3352261     2022.851   0.65798221   -3.6908485    2.1047854   -1.5860631 
   26000    1.4011213    1.4798165    2019.5198   0.65906757   -3.6567889     2.100103    -1.556686 
   27000    1.3953532     1.463916    1973.0236   0.67459914    -3.780431    2.0914573   -1.6889738 
   28000      1.39124    1.5461746    1987.1608   0.66979985   -3.7393868    2.0852921   -1.6540947 
   29000    1.4629994    1.2343449     2016.977   0.65989847   -3.7424807    2.1928504   -1.5496303 
   30000    1.3746068    1.3430533    2030.4176   0.65553018   -3.6549279     2.060361   -1.5945669 
   31000    1.3585232    1.4983533    1988.2436   0.66943506   -3.7537565    2.0362538   -1.7175027 
   32000    1.3804529    1.0120331    2037.5623   0.65323157   -3.7239343    2.0691236   -1.6548107 
   33000     1.370006    1.0776373    2056.8995   0.64709045   -3.6535816     2.053465   -1.6001165 
   34000    1.3416796    1.2524815    2033.9408   0.65439465   -3.6419608    2.0110074   -1.6309534 
   35000    1.3432921    1.4292013    2010.4016   0.66205677   -3.6774446    2.0134242   -1.6640204 
   36000    1.4272909    1.1607329    2048.1101   0.64986742   -3.6550381    2.1393279   -1.5157102 
   37000    1.3945329    1.2515093    2017.8781   0.65960378   -3.6967642    2.0902277   -1.6065365 
   38000    1.3674905    1.5863319    2004.5212   0.66399895   -3.6769935    2.0496946   -1.6272989 
   39000    1.4506348    1.3963869    2016.6438   0.66000747   -3.6909413    2.1743174   -1.5166239 
   40000    1.4330876    1.5043463    2028.2611   0.65622715   -3.6205824    2.1480164   -1.4725661 
   41000    1.4144821    1.4559181    1992.8051   0.66790273   -3.7341366    2.1201291   -1.6140075 
   42000    1.3955628    1.6457629    1986.3744   0.67006501   -3.7051187    2.0917714   -1.6133473 
   43000    1.4137253    1.2026979    2061.0185   0.64579723   -3.6175744    2.1189948   -1.4985796 
   44000    1.3999309    1.3689708    2039.6225   0.65257173   -3.6380657    2.0983187    -1.539747 
   45000     1.367203    1.3642824     2014.737   0.66063213   -3.7038492    2.0492637   -1.6545855 
   46000    1.3474611    1.4456616    2025.8805   0.65699828   -3.6674034    2.0196731   -1.6477303 
   47000    1.4463914    1.1693392    2046.5329   0.65036825   -3.6873392     2.167957   -1.5193822 
   48000    1.4028854    1.5247975    2012.2193   0.66145872   -3.6810869     2.102747   -1.5783398 
   49000    1.3956823     1.541723    1985.2338      0.67045   -3.7172947    2.0919506   -1.6253441 
   50000    1.4514216    1.4459276    1994.5374   0.66732266   -3.7445984    2.1754967   -1.5691017 
Loop time of 36.3194 on 1 procs for 50000 steps with 1331 atoms

Performance: 475779.049 tau/day, 1376.675 timesteps/s
99.7% CPU use with 1 MPI tasks x no OpenMP threads

MPI task timing breakdown:
Section |  min time  |  avg time  |  max time  |%varavg| %total
---------------------------------------------------------------
Pair    | 28.38      | 28.38      | 28.38      |   0.0 | 78.14
Neigh   | 4.6112     | 4.6112     | 4.6112     |   0.0 | 12.70
Comm    | 0.79034    | 0.79034    | 0.79034    |   0.0 |  2.18
Output  | 0.024875   | 0.024875   | 0.024875   |   0.0 |  0.07
Modify  | 2.3483     | 2.3483     | 2.3483     |   0.0 |  6.47
Other   |            | 0.165      |            |       |  0.45

Nlocal:    1331 ave 1331 max 1331 min
Histogram: 1 0 0 0 0 0 0 0 0 0
Nghost:    2665 ave 2665 max 2665 min
Histogram: 1 0 0 0 0 0 0 0 0 0
Neighs:    40030 ave 40030 max 40030 min
Histogram: 1 0 0 0 0 0 0 0 0 0

Total # of neighbors = 40030
Ave neighs/atom = 30.0751
Neighbor list builds = 2500
Dangerous builds not checked

write_restart lattice_11_11_11__2_2_2/sim1/T_1.40__P_1.40/end1.restart
Total wall time: 0:00:36
