run 50000
Neighbor list info ...
  update every 20 steps, delay 0 steps, check no
  max neighbors/atom: 2000, page size: 100000
  master list distance cutoff = 2.8
  ghost atom cutoff = 2.8
  binsize = 1.4, bins = 21 21 21
  1 neighbor lists, perpetual/occasional/extra = 1 0 0
  (1) pair lj/cut, perpetual
      attributes: half, newton on
      pair build: half/bin/atomonly/newton
      stencil: half/bin/3d/newton
      bin: standard
Per MPI rank memory allocation (min/avg/max) = 2.731 | 2.731 | 2.731 Mbytes
Step Temp Press TotEng 
       0          1.5  0.079996842    2.2359805 
    1000    1.5352386   0.08102094    1.9816515 
    2000    1.4737201  0.075951999    1.8906748 
    3000    1.5208943  0.070854634      1.95421 
    4000    1.4838891  0.070769177    1.8494013 
    5000     1.551058  0.080720145     2.002789 
    6000     1.488245  0.072815646    1.8723901 
    7000    1.5102219  0.074303069    1.9279984 
    8000    1.4958883  0.076185276    1.9085581 
    9000    1.4935859  0.069202222    1.8855595 
   10000    1.5062864   0.07157055    1.9300486 
   11000     1.412145  0.069112588    1.7749081 
   12000    1.5088231  0.071598777     1.923466 
   13000    1.4845516  0.074948244     1.889979 
   14000    1.5126488   0.07052127    1.9026066 
   15000    1.5096742  0.072152663     1.917075 
   16000    1.4899349  0.069120614    1.8735341 
   17000    1.5066698   0.07588113    1.9334589 
   18000    1.4586614  0.072962076     1.830866 
   19000    1.5324579  0.069391605     1.951934 
   20000    1.4739612  0.075942288    1.8809601 
   21000    1.5105714  0.072087154    1.9330873 
   22000    1.5981756  0.078474155    2.0660712 
   23000    1.4791296  0.071307202    1.8801127 
   24000      1.52711  0.075567732    1.9497326 
   25000    1.4737256  0.071079203    1.8486935 
   26000    1.5060672  0.077856713    1.8995345 
   27000    1.4813942  0.075048712    1.8780395 
   28000    1.5194808  0.072469713    1.9429528 
   29000    1.5256261  0.075555593     1.934515 
   30000    1.5044201  0.073884601    1.8866134 
   31000    1.5477054  0.077714095    1.9845646 
   32000    1.4481338  0.070333183    1.8318684 
   33000    1.5272585  0.078647286    1.9419917 
   34000    1.4328784  0.066961772    1.7894265 
   35000    1.5109025  0.078497115    1.9192893 
   36000    1.4901415  0.072335037    1.8920341 
   37000    1.4952427   0.07920755    1.9040158 
   38000    1.5045604  0.072857374    1.9166866 
   39000    1.4858628  0.073868813    1.8920886 
   40000    1.6254883  0.081190149    2.0875872 
   41000    1.4819891  0.072827986    1.8922744 
   42000    1.5074859    0.0815966    1.9386037 
   43000     1.488672   0.06789674     1.886372 
   44000    1.5067343  0.075516138    1.9234553 
   45000    1.5015882  0.077002212    1.9229333 
   46000    1.4749273  0.068293578    1.8518575 
   47000    1.5585095  0.081956031    1.9921045 
   48000    1.4669416  0.071080296    1.8545425 
   49000    1.5003464  0.080121362    1.9267261 
   50000    1.4798182  0.074354018    1.8976011 
Loop time of 4.99147 on 1 procs for 50000 steps with 1331 atoms

Performance: 3461906.530 tau/day, 10017.091 timesteps/s
99.7% CPU use with 1 MPI tasks x no OpenMP threads

MPI task timing breakdown:
Section |  min time  |  avg time  |  max time  |%varavg| %total
---------------------------------------------------------------
Pair    | 2.5893     | 2.5893     | 2.5893     |   0.0 | 51.88
Neigh   | 1.1779     | 1.1779     | 1.1779     |   0.0 | 23.60
Comm    | 0.27442    | 0.27442    | 0.27442    |   0.0 |  5.50
Output  | 0.02254    | 0.02254    | 0.02254    |   0.0 |  0.45
Modify  | 0.84713    | 0.84713    | 0.84713    |   0.0 | 16.97
Other   |            | 0.08017    |            |       |  1.61

Nlocal:    1331 ave 1331 max 1331 min
Histogram: 1 0 0 0 0 0 0 0 0 0
Nghost:    917 ave 917 max 917 min
Histogram: 1 0 0 0 0 0 0 0 0 0
Neighs:    3505 ave 3505 max 3505 min
Histogram: 1 0 0 0 0 0 0 0 0 0

Total # of neighbors = 3505
Ave neighs/atom = 2.63336
Neighbor list builds = 2500
Dangerous builds not checked

write_restart NVT/sim1/T_1.50__v_19.68/end1.restart
Total wall time: 0:00:05
