run 50000
Neighbor list info ...
  update every 20 steps, delay 0 steps, check no
  max neighbors/atom: 2000, page size: 100000
  master list distance cutoff = 2.8
  ghost atom cutoff = 2.8
  binsize = 1.4, bins = 16 16 16
  1 neighbor lists, perpetual/occasional/extra = 1 0 0
  (1) pair lj/cut, perpetual
      attributes: half, newton on
      pair build: half/bin/atomonly/newton
      stencil: half/bin/3d/newton
      bin: standard
Per MPI rank memory allocation (min/avg/max) = 2.7 | 2.7 | 2.7 Mbytes
Step Temp Press Volume Density PotEng KinEng TotEng 
       0          0.3 -0.0079383306        10648        0.125  -0.13561964   0.44966191   0.31404227 
    1000   0.95883382  0.090862497    3584.5889   0.37131176   -2.2590651    1.4371701  -0.82189498 
    2000   0.85194077   0.13822057    1933.9137   0.68824167   -4.1749477     1.276951   -2.8979967 
    3000   0.67470764    1.2698821    1496.7501   0.88925998   -5.5237355    1.0113011   -4.5124344 
    4000   0.42636217    1.5996294    1389.6408   0.95780145   -6.0653874   0.63906276   -5.4263246 
    5000   0.30580904    1.7024019     1350.009   0.98591935   -6.3158383   0.45836892   -5.8574693 
    6000   0.27252562    1.7193635    1338.8059   0.99416953   -6.3883237   0.40848131   -5.9798424 
    7000   0.30858396    1.6725068    1345.6776   0.98909275   -6.3501315   0.46252817   -5.8876034 
    8000   0.32005899    1.6675675    1345.1798   0.98945878   -6.3561897   0.47972778    -5.876462 
    9000   0.28164217    1.6871874    1337.9955   0.99477163   -6.4023422   0.42214585   -5.9801964 
   10000   0.30053949    1.6760226    1338.8877   0.99410876    -6.403007   0.45047054   -5.9525365 
   11000    0.3102503    1.7998617    1341.4157   0.99223533   -6.3597758   0.46502581     -5.89475 
   12000   0.29528932    1.6638196    1338.1542   0.99465368   -6.4040694    0.4426012   -5.9614682 
   13000   0.28652005    1.7617377    1334.9803   0.99701846   -6.4099687   0.42945718   -5.9805115 
   14000    0.3123248    1.7843151    1338.5359   0.99437007   -6.3858134   0.46813521   -5.9176782 
   15000   0.29756896    1.6182271     1340.245   0.99310199   -6.3959668   0.44601809   -5.9499487 
   16000   0.28187209    1.6645676    1336.0262   0.99623797    -6.415853   0.42249047   -5.9933625 
   17000   0.29893996    1.7271435    1337.9383   0.99481421   -6.3948964   0.44807304   -5.9468233 
   18000   0.31130435     1.878939    1334.8416   0.99712202   -6.3977008   0.46660569   -5.9310951 
   19000   0.29314031    1.8679576    1331.1037   0.99992206   -6.4236749    0.4393801   -5.9842948 
   20000   0.30626571    1.9366141     1330.258    1.0005578   -6.4193092   0.45905342   -5.9602558 
   21000   0.31411059    1.8194386    1335.6556   0.99651439   -6.3993794    0.4708119   -5.9285675 
   22000    0.2916966    1.7618219     1334.864    0.9971053   -6.4106098   0.43721617   -5.9733936 
   23000   0.29290633    1.6573056    1335.9781   0.99627381   -6.4199885    0.4390294   -5.9809591 
   24000   0.29933923    1.6613286    1340.2646   0.99308749   -6.3876402   0.44867149   -5.9389687 
   25000   0.30541336    1.4427629    1339.9021   0.99335616   -6.4326706   0.45777585   -5.9748947 
   26000    0.2830782    1.6133869    1336.7066   0.99573083   -6.4223113   0.42429828    -5.998013 
   27000   0.30725466    1.7340522     1336.802   0.99565982   -6.4072709   0.46053573   -5.9467352 
   28000   0.29520529    1.7950613    1334.9125   0.99706913   -6.4068605   0.44247524   -5.9643853 
   29000   0.28231441    1.6727127    1333.2862   0.99828532   -6.4407864   0.42315346   -6.0176329 
   30000   0.29724568    1.5702421    1337.4368   0.99518719   -6.4281854   0.44553353   -5.9826519 
   31000   0.30306427    1.6275531     1338.321   0.99452973   -6.4121195   0.45425486   -5.9578647 
   32000   0.29551468    1.7818385    1329.6681    1.0010016    -6.451399   0.44293898     -6.00846 
   33000    0.2981012     1.890507    1327.8483    1.0023735   -6.4459857   0.44681585   -5.9991699 
   34000   0.31451985     1.797487    1332.4548   0.99890819   -6.4278223   0.47142532   -5.9563969 
   35000   0.29597722    1.7282313    1332.1875   0.99910863   -6.4418987   0.44363227   -5.9982664 
   36000   0.29104887    1.7342955    1329.8619    1.0008558   -6.4551545    0.4362453   -6.0189092 
   37000   0.30762924    1.6930506    1334.1026   0.99767441   -6.4370722   0.46109717    -5.975975 
   38000   0.30303182    1.7340543    1333.0111    0.9984913   -6.4361157   0.45420622   -5.9819095 
   39000   0.29620913    1.5276237    1332.6109    0.9987912   -6.4758764   0.44397988   -6.0318965 
   40000   0.29427337    1.4601769    1337.9423   0.99481123   -6.4418737   0.44107842   -6.0007953 
   41000   0.30050967    1.4631979    1339.1732   0.99389682   -6.4344664   0.45042584   -5.9840406 
   42000    0.2942154    1.5910172    1329.9107    1.0008191   -6.4816074   0.44099153   -6.0406159 
   43000   0.30168141     1.688828      1328.33      1.00201   -6.4764833   0.45218213   -6.0243012 
   44000   0.31290106    1.8177871     1329.689     1.000986   -6.4469917   0.46899896   -5.9779927 
   45000   0.29484237    1.7046346    1327.8268    1.0023897   -6.4758961   0.44193128   -6.0339648 
   46000    0.2816471    1.7790621    1326.9271    1.0030694   -6.4700301   0.42215324   -6.0478768 
   47000   0.29530588    1.8106259    1328.8135    1.0016455   -6.4520291   0.44262602   -6.0094031 
   48000   0.29574967    1.7167502    1326.9919    1.0030204   -6.4811143    0.4432912   -6.0378231 
   49000   0.28762875     1.656116    1325.8527    1.0038823     -6.50211   0.43111898   -6.0709911 
   50000   0.29811834    1.5732325    1327.6355    1.0025342     -6.50235   0.44684154   -6.0555085 
Loop time of 44.3301 on 1 procs for 50000 steps with 1331 atoms

Performance: 389803.277 tau/day, 1127.903 timesteps/s
99.9% CPU use with 1 MPI tasks x no OpenMP threads

MPI task timing breakdown:
Section |  min time  |  avg time  |  max time  |%varavg| %total
---------------------------------------------------------------
Pair    | 36.128     | 36.128     | 36.128     |   0.0 | 81.50
Neigh   | 5.1544     | 5.1544     | 5.1544     |   0.0 | 11.63
Comm    | 0.74604    | 0.74604    | 0.74604    |   0.0 |  1.68
Output  | 0.023242   | 0.023242   | 0.023242   |   0.0 |  0.05
Modify  | 2.0479     | 2.0479     | 2.0479     |   0.0 |  4.62
Other   |            | 0.2309     |            |       |  0.52

Nlocal:    1331 ave 1331 max 1331 min
Histogram: 1 0 0 0 0 0 0 0 0 0
Nghost:    3225 ave 3225 max 3225 min
Histogram: 1 0 0 0 0 0 0 0 0 0
Neighs:    59155 ave 59155 max 59155 min
Histogram: 1 0 0 0 0 0 0 0 0 0

Total # of neighbors = 59155
Ave neighs/atom = 44.444
Neighbor list builds = 2500
Dangerous builds not checked

write_restart lattice_11_11_11__2_2_2/sim1/T_0.30__P_1.70/end1.restart
Total wall time: 0:00:44
