run 50000
Neighbor list info ...
  update every 20 steps, delay 0 steps, check no
  max neighbors/atom: 2000, page size: 100000
  master list distance cutoff = 2.8
  ghost atom cutoff = 2.8
  binsize = 1.4, bins = 16 16 16
  1 neighbor lists, perpetual/occasional/extra = 1 0 0
  (1) pair lj/cut, perpetual
      attributes: half, newton on
      pair build: half/bin/atomonly/newton
      stencil: half/bin/3d/newton
      bin: standard
Per MPI rank memory allocation (min/avg/max) = 2.7 | 2.7 | 2.7 Mbytes
Step Temp Press Volume Density PotEng KinEng TotEng 
       0          1.3   0.11696776        10648        0.125  -0.13561964    1.9485349    1.8129153 
    1000     1.292579   0.10750455    12214.225    0.1089713  -0.67529292    1.9374118    1.2621189 
    2000    1.2799093   0.11017884    12853.899   0.10354835  -0.70410086    1.9184215    1.2143206 
    3000    1.3166329   0.10409863    13306.697   0.10002482  -0.66718118    1.9734656    1.3062844 
    4000    1.2798288  0.096699681    13684.147  0.097265837  -0.65164492    1.9183009     1.266656 
    5000     1.314434   0.10104571     13693.61  0.097198621  -0.66097084    1.9701697    1.3091989 
    6000    1.2652461  0.095088225    13669.999  0.097366505  -0.64785703    1.8964433    1.2485863 
    7000    1.3239854   0.10152019    13549.854  0.098229842   -0.6384369     1.984486    1.3460491 
    8000    1.2665931  0.097314104    14135.363  0.094161009  -0.61793979    1.8984622    1.2805225 
    9000     1.319218  0.096583335     14012.75  0.094984923  -0.63465103    1.9773402    1.3426892 
   10000    1.2719554  0.093809203    13431.598  0.099094688  -0.63560964    1.9064996      1.27089 
   11000    1.2965974   0.10639321    12715.928   0.10467188  -0.66172688    1.9434349     1.281708 
   12000    1.2904373   0.10301303    12971.801   0.10260718  -0.67810077    1.9342017    1.2561009 
   13000    1.2963108  0.091739822    13928.914  0.095556621  -0.60225874    1.9430053    1.3407466 
   14000    1.3095521   0.10091764    14204.842  0.093700442  -0.62908771    1.9628524    1.3337646 
   15000    1.2944339   0.10089964    13996.082  0.095098043  -0.61218322     1.940192    1.3280088 
   16000    1.2907022  0.095659168    13462.444  0.098867633  -0.66810002    1.9345987    1.2664986 
   17000    1.2480075   0.11102348    12906.019   0.10313017  -0.68227064    1.8706048    1.1883342 
   18000    1.3512407   0.11579041    12842.684   0.10363877  -0.70039905    2.0253382    1.3249392 
   19000    1.2631044  0.097205787    13367.391  0.099570662  -0.63898056    1.8932331    1.2542526 
   20000    1.3349757    0.1044932    13644.435  0.097548929  -0.62363813    2.0009591     1.377321 
   21000    1.2893095  0.099497966    14185.505  0.093828173  -0.61823615    1.9325113    1.3142751 
   22000    1.3306276   0.10196476    14099.436  0.094400938  -0.60523617    1.9944418    1.3892056 
   23000    1.2591468   0.10156567    13915.777  0.095646831  -0.64236284    1.8873011    1.2449383 
   24000    1.3444886   0.10518634    12788.445   0.10407833  -0.68561942    2.0152177    1.3295983 
   25000    1.2735282  0.093858631    12890.947   0.10325075  -0.69252764     1.908857    1.2163294 
   26000    1.2923695   0.10036514     13332.47  0.099831463  -0.65724717    1.9370978    1.2798506 
   27000    1.3554129   0.10428945    14013.786  0.094977901  -0.63937991    2.0315918    1.3922119 
   28000     1.293343  0.083364394     14405.57  0.092394818  -0.60263516     1.938557    1.3359218 
   29000    1.3140212   0.10126694    13965.706  0.095304884  -0.64335175    1.9695509    1.3261992 
   30000    1.2865259   0.09211437    13252.419   0.10043449  -0.67222367    1.9283389    1.2561152 
   31000    1.2784269   0.10842577     13060.07    0.1019137  -0.63991599    1.9161996    1.2762836 
   32000    1.2835127  0.092236467    13239.461   0.10053279  -0.69767897    1.9238225    1.2261435 
   33000    1.3183351   0.10086586    13335.798   0.09980655  -0.67153692     1.976017      1.30448 
   34000    1.2497457  0.087141916    13779.033  0.096596039  -0.66260596    1.8732102    1.2106042 
   35000     1.341337   0.11167843    13313.665  0.099972475  -0.67287834    2.0104939    1.3376156 
   36000    1.2688549  0.096958829    13542.409  0.098283843  -0.64566237    1.9018524      1.25619 
   37000    1.2991149  0.098025404    13973.658  0.095250652  -0.64530792    1.9472083    1.3019003 
   38000    1.2975904  0.095698458    14244.391   0.09344029  -0.63447866    1.9449232    1.3104445 
   39000     1.321246  0.097432324    13808.964  0.096386663  -0.63618108    1.9803799    1.3441989 
   40000    1.3326685   0.10562833    13200.566   0.10082901  -0.70186266    1.9975008    1.2956382 
   41000    1.2725214  0.091444269    12969.779   0.10262318  -0.68085899     1.907348     1.226489 
   42000      1.33284   0.11055587    12930.803   0.10293251  -0.69158323     1.997758    1.3061747 
   43000    1.2707012  0.096838749    14083.311  0.094509028  -0.63178922    1.9046197    1.2728305 
   44000    1.3392451  0.091980583    14233.945  0.093508861  -0.61054485    2.0073583    1.3968134 
   45000    1.2801651  0.091991401    14181.572  0.093854195  -0.62250726    1.9188049    1.2962977 
   46000    1.3015256  0.098687421    13396.487  0.099354408  -0.64166765    1.9508217     1.309154 
   47000    1.2973876   0.10600131    13346.273  0.099728217  -0.67688566    1.9446193    1.2677336 
   48000    1.3078354  0.099769028    13442.693  0.099012896  -0.69162851    1.9602791    1.2686506 
   49000    1.3126449  0.091789505    13856.912  0.096053144  -0.64081991    1.9674881    1.3266682 
   50000    1.2984919  0.088724491    14496.759  0.091813623  -0.62599358    1.9462745     1.320281 
Loop time of 10.3591 on 1 procs for 50000 steps with 1331 atoms

Performance: 1668105.168 tau/day, 4826.693 timesteps/s
99.6% CPU use with 1 MPI tasks x no OpenMP threads

MPI task timing breakdown:
Section |  min time  |  avg time  |  max time  |%varavg| %total
---------------------------------------------------------------
Pair    | 5.579      | 5.579      | 5.579      |   0.0 | 53.86
Neigh   | 1.9445     | 1.9445     | 1.9445     |   0.0 | 18.77
Comm    | 0.38953    | 0.38953    | 0.38953    |   0.0 |  3.76
Output  | 0.025648   | 0.025648   | 0.025648   |   0.0 |  0.25
Modify  | 2.3116     | 2.3116     | 2.3116     |   0.0 | 22.32
Other   |            | 0.1088     |            |       |  1.05

Nlocal:    1331 ave 1331 max 1331 min
Histogram: 1 0 0 0 0 0 0 0 0 0
Nghost:    1214 ave 1214 max 1214 min
Histogram: 1 0 0 0 0 0 0 0 0 0
Neighs:    6070 ave 6070 max 6070 min
Histogram: 1 0 0 0 0 0 0 0 0 0

Total # of neighbors = 6070
Ave neighs/atom = 4.56048
Neighbor list builds = 2500
Dangerous builds not checked

write_restart lattice_11_11_11__2_2_2/sim1/T_1.30__P_0.10/end1.restart
Total wall time: 0:00:10
