run 50000
Neighbor list info ...
  update every 20 steps, delay 0 steps, check no
  max neighbors/atom: 2000, page size: 100000
  master list distance cutoff = 2.8
  ghost atom cutoff = 2.8
  binsize = 1.4, bins = 16 16 16
  1 neighbor lists, perpetual/occasional/extra = 1 0 0
  (1) pair lj/cut, perpetual
      attributes: half, newton on
      pair build: half/bin/atomonly/newton
      stencil: half/bin/3d/newton
      bin: standard
Per MPI rank memory allocation (min/avg/max) = 2.7 | 2.7 | 2.7 Mbytes
Step Temp Press Volume Density PotEng KinEng TotEng 
       0          0.5  0.017042887        10648        0.125  -0.13561964   0.74943651   0.61381687 
    1000    1.0847746   0.10426126    4972.3056   0.26768266   -1.6725466    1.6259394 -0.046607214 
    2000   0.91669473  0.011851466    3051.5833   0.43616702   -2.8191165     1.374009   -1.4451075 
    3000   0.82383263 0.00075747705    2072.3181    0.6422759   -4.0312595    1.2348205    -2.796439 
    4000   0.73701186   0.84788836    1628.7034   0.81721445   -4.9826794    1.1046872   -3.8779922 
    5000   0.60352569   0.87507245    1500.8958   0.88680376   -5.5625637   0.90460837   -4.6579553 
    6000   0.50963911    1.0319508    1439.1933   0.92482368    -5.865545   0.76388432   -5.1016607 
    7000   0.47729013   0.95798509    1421.0331    0.9366425   -5.9862995    0.7153973   -5.2709022 
    8000   0.50252414    1.1583213    1431.5223   0.92977942   -5.8963327   0.75321988   -5.1431128 
    9000   0.51559952    1.0249908    1442.7015   0.92257475   -5.8450932   0.77281821    -5.072275 
   10000   0.49960419     1.098541    1430.3315    0.9305535    -5.911096   0.74884324   -5.1622528 
   11000   0.48951951   0.99969256    1424.5726   0.93431533   -5.9591943   0.73372759   -5.2254667 
   12000   0.49341644    1.1525664    1430.6662   0.93033579   -5.8975778    0.7395686   -5.1580092 
   13000   0.52131701    1.2767064    1427.8439   0.93217474   -5.8965865   0.78138801   -5.1151985 
   14000   0.50625453    1.0776671    1426.4598   0.93307922   -5.9440271   0.75881126   -5.1852158 
   15000   0.50119811   0.87403689     1430.277   0.93058898   -5.9454356   0.75123233   -5.1942033 
   16000   0.49238529    1.1645938    1430.8868   0.93019239   -5.8906694   0.73802303   -5.1526464 
   17000   0.49716886     1.086468    1427.9287    0.9321194   -5.9271039     0.745193   -5.1819109 
   18000   0.50772959    1.1802678    1420.3392   0.93710007   -5.9497151   0.76102219   -5.1886929 
   19000   0.50206962    1.2743103    1425.7689    0.9335314   -5.9014723   0.75253862   -5.1489337 
   20000   0.51095467    1.1711491    1430.3929    0.9305136    -5.899535   0.76585618   -5.1336788 
   21000   0.49594024    1.0069042    1432.6614   0.92904017   -5.9123587   0.74335145   -5.1690073 
   22000   0.49198265   0.86593402    1437.2389   0.92608128   -5.9087403   0.73741952   -5.1713208 
   23000   0.49330672   0.86884774    1439.3828   0.92470191   -5.8975311   0.73940414    -5.158127 
   24000   0.49802338    1.0537536    1431.6827   0.92967529   -5.9053247   0.74647381   -5.1588509 
   25000   0.49147199    1.3520023    1425.9844   0.93339028   -5.8904812    0.7366541   -5.1538271 
   26000   0.51682484    1.0913037    1428.9769   0.93143561   -5.9157667   0.77465482   -5.1411119 
   27000   0.49617214    1.0536897    1432.8022   0.92894887   -5.9018126   0.74369903   -5.1581136 
   28000   0.48756418    1.2542506    1429.1099   0.93134893   -5.8866707   0.73079679   -5.1558739 
   29000    0.5032142    1.1115365    1431.2178   0.92997723   -5.9026347   0.75425419   -5.1483806 
   30000   0.49444409    0.9980474    1435.6249   0.92712239   -5.8956584   0.74110891   -5.1545495 
   31000   0.50529764   0.91686973    1434.1113    0.9281009   -5.9184336   0.75737701   -5.1610566 
   32000   0.48943407   0.74922579    1439.6789   0.92451171   -5.9121512   0.73359953   -5.1785517 
   33000   0.48649032   0.97749704    1438.1717   0.92548061   -5.8821606   0.72918722   -5.1529734 
   34000   0.52058094    1.0882941    1433.7638   0.92832587   -5.8962103   0.78028474   -5.1159256 
   35000   0.49125595    1.1763219    1427.6839   0.93227917   -5.9090217   0.73633029   -5.1726914 
   36000   0.48241348    1.1856824    1425.8994   0.93344595   -5.9163906   0.72307656    -5.193314 
   37000    0.5050392    0.9610317    1440.6125   0.92391258   -5.8762456   0.75698964    -5.119256 
   38000   0.50709187   0.88668646    1442.0329    0.9230025   -5.8796995   0.76006632   -5.1196331 
   39000   0.47863209    1.0312037    1430.2526   0.93060486   -5.9217044   0.71740873   -5.2042957 
   40000   0.49839208    1.1573559    1422.2652   0.93583108   -5.9462682   0.74702644   -5.1992418 
   41000   0.49926817    1.2748032    1425.8828   0.93345678    -5.899614   0.74833959   -5.1512745 
   42000   0.50265569    1.2090494    1427.5827   0.93234528    -5.898711   0.75341705   -5.1452939 
   43000     0.493386    1.0181214    1429.6744   0.93098122   -5.9273912   0.73952297   -5.1878682 
   44000   0.49705142    0.9746732    1433.6727   0.92838484   -5.9112843   0.74501697   -5.1662673 
   45000   0.50158835    1.0385801    1437.1322   0.92614998   -5.8779708   0.75181725   -5.1261535 
   46000   0.48726433    1.1384882    1432.4902   0.92915121   -5.8860891   0.73034736   -5.1557417 
   47000   0.51048512     1.201424     1424.805   0.93416292   -5.9263144   0.76515237    -5.161162 
   48000   0.50515105    1.5017548     1423.682   0.93489977   -5.8739753   0.75715729    -5.116818 
   49000   0.49502128    1.3406371    1428.1062   0.93200351   -5.8785781   0.74197404   -5.1366041 
   50000   0.50458538    1.0571886    1430.5653   0.93040144   -5.9138657   0.75630942   -5.1575563 
Loop time of 40.7407 on 1 procs for 50000 steps with 1331 atoms

Performance: 424145.566 tau/day, 1227.273 timesteps/s
100.0% CPU use with 1 MPI tasks x no OpenMP threads

MPI task timing breakdown:
Section |  min time  |  avg time  |  max time  |%varavg| %total
---------------------------------------------------------------
Pair    | 33.105     | 33.105     | 33.105     |   0.0 | 81.26
Neigh   | 4.6049     | 4.6049     | 4.6049     |   0.0 | 11.30
Comm    | 0.73752    | 0.73752    | 0.73752    |   0.0 |  1.81
Output  | 0.025721   | 0.025721   | 0.025721   |   0.0 |  0.06
Modify  | 2.0485     | 2.0485     | 2.0485     |   0.0 |  5.03
Other   |            | 0.2193     |            |       |  0.54

Nlocal:    1331 ave 1331 max 1331 min
Histogram: 1 0 0 0 0 0 0 0 0 0
Nghost:    3109 ave 3109 max 3109 min
Histogram: 1 0 0 0 0 0 0 0 0 0
Neighs:    54894 ave 54894 max 54894 min
Histogram: 1 0 0 0 0 0 0 0 0 0

Total # of neighbors = 54894
Ave neighs/atom = 41.2427
Neighbor list builds = 2500
Dangerous builds not checked

write_restart lattice_11_11_11__2_2_2/sim1/T_0.50__P_1.10/end1.restart
Total wall time: 0:00:40
