run 50000
Neighbor list info ...
  update every 20 steps, delay 0 steps, check no
  max neighbors/atom: 2000, page size: 100000
  master list distance cutoff = 2.8
  ghost atom cutoff = 2.8
  binsize = 1.4, bins = 16 16 16
  1 neighbor lists, perpetual/occasional/extra = 1 0 0
  (1) pair lj/cut, perpetual
      attributes: half, newton on
      pair build: half/bin/atomonly/newton
      stencil: half/bin/3d/newton
      bin: standard
Per MPI rank memory allocation (min/avg/max) = 2.7 | 2.7 | 2.7 Mbytes
Step Temp Press Volume Density PotEng KinEng TotEng 
       0          0.6  0.029533495        10648        0.125  -0.13561964   0.89932382   0.76370418 
    1000    1.1257746   0.12767473    5567.4337   0.23906886   -1.4780859    1.6873933    0.2093074 
    2000   0.95643976 -0.011537322    3601.4878   0.36956949    -2.421484    1.4335818  -0.98790223 
    3000   0.86477054 -0.075389646    2511.7637   0.52990653   -3.4290642    1.2961812   -2.1328829 
    4000   0.82578585   0.11690776    1886.2046   0.70564986     -4.38405    1.2377481   -3.1463018 
    5000   0.75466645   0.63431667    1614.5217   0.82439278   -5.0780395    1.1311492   -3.9468903 
    6000   0.62576372   0.77249014    1529.0366   0.87048278   -5.4359619   0.93794037   -4.4980216 
    7000   0.57373092   0.86934692     1488.346   0.89428132   -5.6236119   0.85994981   -4.7636621 
    8000   0.59177724   0.87271212    1489.5354    0.8935672   -5.6109517   0.88699895   -4.7239528 
    9000   0.58964279   0.93980476    1509.7642   0.88159461   -5.4938516   0.88379967   -4.6100519 
   10000   0.61191484   0.85127128    1503.9606   0.88499657   -5.5424488   0.91718265   -4.6252661 
   11000   0.59455607   0.70920593    1500.0659   0.88729435   -5.5959077   0.89116406   -4.7047436 
   12000   0.60087632   0.87535804     1496.117   0.88963632   -5.5940999   0.90063731   -4.6934626 
   13000   0.61059614    1.0190718    1498.8953   0.88798734   -5.5387892   0.91520608   -4.6235831 
   14000   0.60535433   0.77404787    1504.1694   0.88487372    -5.568404   0.90734928   -4.6610547 
   15000   0.57470307   0.80176103    1500.8562   0.88682711   -5.5671661   0.86140694   -4.7057592 
   16000   0.59847153    0.8223361    1501.1772    0.8866375   -5.5570438   0.89703283    -4.660011 
   17000   0.60994698   0.75998438    1507.5673   0.88287933   -5.5459092   0.91423307   -4.6316762 
   18000   0.60531769   0.83685657    1500.1108   0.88726778   -5.5725991   0.90729436   -4.6653047 
   19000   0.57633375   0.84226228    1499.6354   0.88754904   -5.5672681   0.86385111    -4.703417 
   20000   0.60168597   0.83697142    1499.9225   0.88737917   -5.5716185   0.90185087   -4.6697676 
   21000   0.62250348    1.2291698    1488.6948   0.89407179   -5.5496304   0.93305367   -4.6165768 
   22000   0.58896179   0.88905279    1499.8909   0.88739786   -5.5621321   0.88277894   -4.6793531 
   23000   0.58107106   0.86371037    1502.3443    0.8859487    -5.560948   0.87095174   -4.6899963 
   24000   0.60337643   0.85127763    1501.6501   0.88635827   -5.5588421   0.90438466   -4.6544574 
   25000   0.60102518    1.0539005    1489.4387   0.89362524   -5.5870944   0.90086044   -4.6862339 
   26000   0.58930498   0.96591652    1495.7621   0.88984739    -5.566131   0.88329333   -4.6828376 
   27000   0.60660378   0.83148557     1506.851   0.88329902   -5.5347563   0.90922204   -4.6255342 
   28000   0.60649398     0.999671    1499.6235   0.88755608   -5.5437569   0.90905746   -4.6346994 
   29000   0.61354578    1.2019811    1483.2245    0.8973692   -5.5967012   0.91962723    -4.677074 
   30000   0.58849361   0.91078152    1499.0226   0.88791188   -5.5645528    0.8820772   -4.6824756 
   31000   0.60100631   0.82311864    1509.5974   0.88169205   -5.5304673   0.90083214   -4.6296351 
   32000   0.59276083   0.81902328    1505.1985   0.88426873   -5.5473209   0.88847323   -4.6588477 
   33000   0.60380883   0.92991139     1492.197   0.89197339    -5.599796   0.90503277   -4.6947632 
   34000   0.60270844    1.0321151     1494.675   0.89049461   -5.5654538   0.90338343   -4.6620704 
   35000   0.61165726   0.99586228    1497.7709   0.88865395   -5.5486164   0.91679657   -4.6318198 
   36000   0.59456629   0.80476465    1501.8248   0.88625517   -5.5687077   0.89117937   -4.6775283 
   37000   0.58763489    0.7901332    1495.1126   0.89023393   -5.5947821   0.88079009    -4.713992 
   38000   0.60179358    1.1561358    1494.8567   0.89038637   -5.5367125   0.90201216   -4.6347003 
   39000   0.62968332   0.88817781    1502.7953   0.88568284   -5.5565369   0.94381534   -4.6127215 
   40000    0.6027492   0.85762294    1500.7599   0.88688406   -5.5647665   0.90344452   -4.6613219 
   41000   0.60013525   0.87422918    1497.5042   0.88881221   -5.5801229   0.89952654   -4.6805963 
   42000   0.62124917    1.1285832    1491.2758   0.89252438   -5.5612707   0.93117362   -4.6300971 
   43000   0.60302498    1.1940613    1493.8447   0.89098951   -5.5389601   0.90385787   -4.6351022 
   44000   0.60430091   0.84755858    1499.4214   0.88767573   -5.5734602   0.90577033   -4.6676899 
   45000   0.58686104   0.82772597    1503.2385   0.88542173   -5.5561983   0.87963018   -4.6765682 
   46000   0.59342228   0.93233873    1503.0697   0.88552112   -5.5318395   0.88946465   -4.6423748 
   47000   0.61071381   0.90406632    1496.8312    0.8892118   -5.5805447   0.91538246   -4.6651622 
   48000   0.56455996   0.95867634    1498.2942   0.88834358   -5.5537503    0.8462037   -4.7075466 
   49000    0.6025431   0.84430237    1502.6684   0.88575763   -5.5535023    0.9031356   -4.6503667 
   50000   0.60129268   0.92988751    1501.0762   0.88669716   -5.5496005   0.90126139   -4.6483391 
Loop time of 39.0674 on 1 procs for 50000 steps with 1331 atoms

Performance: 442312.419 tau/day, 1279.839 timesteps/s
99.9% CPU use with 1 MPI tasks x no OpenMP threads

MPI task timing breakdown:
Section |  min time  |  avg time  |  max time  |%varavg| %total
---------------------------------------------------------------
Pair    | 31.518     | 31.518     | 31.518     |   0.0 | 80.68
Neigh   | 4.5429     | 4.5429     | 4.5429     |   0.0 | 11.63
Comm    | 0.7175     | 0.7175     | 0.7175     |   0.0 |  1.84
Output  | 0.02826    | 0.02826    | 0.02826    |   0.0 |  0.07
Modify  | 2.047      | 2.047      | 2.047      |   0.0 |  5.24
Other   |            | 0.2138     |            |       |  0.55

Nlocal:    1331 ave 1331 max 1331 min
Histogram: 1 0 0 0 0 0 0 0 0 0
Nghost:    3061 ave 3061 max 3061 min
Histogram: 1 0 0 0 0 0 0 0 0 0
Neighs:    52295 ave 52295 max 52295 min
Histogram: 1 0 0 0 0 0 0 0 0 0

Total # of neighbors = 52295
Ave neighs/atom = 39.29
Neighbor list builds = 2500
Dangerous builds not checked

write_restart lattice_11_11_11__2_2_2/sim1/T_0.60__P_0.90/end1.restart
Total wall time: 0:00:39
