run 50000
Neighbor list info ...
  update every 20 steps, delay 0 steps, check no
  max neighbors/atom: 2000, page size: 100000
  master list distance cutoff = 2.8
  ghost atom cutoff = 2.8
  binsize = 1.4, bins = 10 10 10
  1 neighbor lists, perpetual/occasional/extra = 1 0 0
  (1) pair lj/cut, perpetual
      attributes: half, newton on
      pair build: half/bin/atomonly/newton
      stencil: half/bin/3d/newton
      bin: standard
Per MPI rank memory allocation (min/avg/max) = 2.742 | 2.742 | 2.742 Mbytes
Step Temp Press TotEng 
       0          1.6   -1.3628957   -0.8317745 
    1000    1.5162486   0.72306797  -0.44048413 
    2000    1.6444907   0.86249002  -0.17231045 
    3000    1.5326491   0.78251375  -0.35167909 
    4000     1.651292   0.65828987  -0.23454219 
    5000    1.5647554   0.85536403  -0.29612297 
    6000    1.5937793   0.71059852  -0.28860459 
    7000    1.6161466   0.84503103  -0.22164716 
    8000    1.5879134   0.71394017  -0.31917077 
    9000    1.6667017   0.77174111  -0.17567791 
   10000    1.5884289   0.75265355  -0.27823178 
   11000    1.6074931   0.81063917  -0.26444576 
   12000     1.582824   0.83918677  -0.27930065 
   13000    1.5818629   0.78937901  -0.29115642 
   14000    1.6261875   0.81072077   -0.2047867 
   15000    1.5441185   0.73084569  -0.36998216 
   16000    1.6205661   0.74994114   -0.2201748 
   17000    1.5789279   0.68876837  -0.29338475 
   18000    1.6126278   0.71493377  -0.26012056 
   19000    1.6334661   0.63813002  -0.23210868 
   20000    1.5746091   0.73901198  -0.29384112 
   21000    1.6207488   0.91673667  -0.19547438 
   22000    1.5917949   0.66508222  -0.29432015 
   23000     1.600328    0.6524145  -0.28397559 
   24000    1.6276175   0.68083447  -0.24925086 
   25000    1.5745102   0.74158287  -0.30609602 
   26000    1.6224734    0.8534253  -0.23592786 
   27000    1.5661299   0.76043731  -0.31920327 
   28000     1.630314   0.70709214  -0.26216396 
   29000    1.5929121   0.83868742  -0.25495142 
   30000    1.5954163   0.68937671  -0.29701985 
   31000    1.6619217   0.92518083  -0.13047809 
   32000    1.5747591   0.71862442   -0.2923692 
   33000    1.6183075    0.8729429   -0.2357929 
   34000    1.5892586    0.7903481  -0.30415711 
   35000    1.6210588   0.73908974  -0.28026252 
   36000    1.6316455   0.65339975  -0.23438145 
   37000    1.5942627   0.68634761  -0.29423414 
   38000     1.679302    0.8343649  -0.12705261 
   39000    1.6025436   0.74385412  -0.28808817 
   40000    1.6239869   0.63707972  -0.25781208 
   41000     1.584911    0.7759005  -0.29307636 
   42000    1.5670962   0.66424122  -0.32980771 
   43000    1.6600045   0.56317305  -0.25359211 
   44000    1.5761808    0.6701237  -0.33751731 
   45000    1.6256568   0.83521312  -0.22771513 
   46000    1.5852368   0.72651669  -0.29486394 
   47000    1.5809967   0.71928799  -0.29663869 
   48000    1.6153116   0.83724358   -0.2238502 
   49000    1.5424842   0.56107218  -0.39545725 
   50000    1.6313654   0.73797707  -0.27007531 
Loop time of 23.4062 on 1 procs for 50000 steps with 1331 atoms

Performance: 738264.923 tau/day, 2136.183 timesteps/s
99.9% CPU use with 1 MPI tasks x no OpenMP threads

MPI task timing breakdown:
Section |  min time  |  avg time  |  max time  |%varavg| %total
---------------------------------------------------------------
Pair    | 18.417     | 18.417     | 18.417     |   0.0 | 78.68
Neigh   | 3.4063     | 3.4063     | 3.4063     |   0.0 | 14.55
Comm    | 0.59818    | 0.59818    | 0.59818    |   0.0 |  2.56
Output  | 0.024029   | 0.024029   | 0.024029   |   0.0 |  0.10
Modify  | 0.84287    | 0.84287    | 0.84287    |   0.0 |  3.60
Other   |            | 0.1181     |            |       |  0.50

Nlocal:    1331 ave 1331 max 1331 min
Histogram: 1 0 0 0 0 0 0 0 0 0
Nghost:    2301 ave 2301 max 2301 min
Histogram: 1 0 0 0 0 0 0 0 0 0
Neighs:    29314 ave 29314 max 29314 min
Histogram: 1 0 0 0 0 0 0 0 0 0

Total # of neighbors = 29314
Ave neighs/atom = 22.024
Neighbor list builds = 2500
Dangerous builds not checked

write_restart NVT/sim1/T_1.60__v_1.73/end1.restart
Total wall time: 0:00:23
