run 50000
Neighbor list info ...
  update every 20 steps, delay 0 steps, check no
  max neighbors/atom: 2000, page size: 100000
  master list distance cutoff = 2.8
  ghost atom cutoff = 2.8
  binsize = 1.4, bins = 14 14 14
  1 neighbor lists, perpetual/occasional/extra = 1 0 0
  (1) pair lj/cut, perpetual
      attributes: half, newton on
      pair build: half/bin/atomonly/newton
      stencil: half/bin/3d/newton
      bin: standard
Per MPI rank memory allocation (min/avg/max) = 2.746 | 2.746 | 2.746 Mbytes
Step Temp Press TotEng 
       0          1.2  0.025955066    1.3763136 
    1000    1.3269448   0.16137953   0.79919033 
    2000    1.1597682   0.12537766   0.46261841 
    3000    1.2005186   0.16099958   0.56168171 
    4000    1.2023977   0.12666122   0.55706284 
    5000    1.1862666   0.11468337   0.46170242 
    6000    1.2255144   0.13541125   0.56087475 
    7000     1.186777   0.10682145   0.49501975 
    8000    1.2430074   0.11746843   0.58500198 
    9000    1.1848646   0.15462947    0.4730956 
   10000    1.1742717   0.15366759   0.45892429 
   11000    1.2045145  0.099000512   0.50808794 
   12000    1.2055018   0.12570591   0.46510179 
   13000    1.1406706   0.12331788   0.33530389 
   14000    1.1702718   0.14262007   0.48165235 
   15000    1.2029704    0.1342353   0.55094342 
   16000    1.1463998   0.12661486   0.42605795 
   17000    1.2528758   0.13438139   0.54210008 
   18000    1.1622221   0.12424862   0.44387272 
   19000    1.2335712   0.13351487   0.55771833 
   20000    1.1942625   0.14757946   0.51391416 
   21000    1.2196052   0.12691692   0.48744727 
   22000    1.1403691    0.1216806   0.39636765 
   23000     1.207153   0.13163776    0.5185152 
   24000    1.2243295   0.11714641   0.54021829 
   25000    1.1766695     0.114031   0.44122897 
   26000    1.2412535   0.11845229   0.58120772 
   27000     1.204845   0.15884123   0.47626979 
   28000    1.2498438   0.11347988   0.53815855 
   29000    1.2263083   0.15479241   0.51068129 
   30000    1.1957548   0.15505018   0.49068078 
   31000    1.1975212   0.12042175   0.48838413 
   32000    1.1684751   0.11043034   0.42549992 
   33000    1.1935973   0.14015264   0.50204161 
   34000    1.1903742   0.13237098    0.4884859 
   35000    1.2241716   0.13780417   0.52882254 
   36000    1.1704203   0.14823769   0.44650764 
   37000    1.2083816   0.13738022   0.50285455 
   38000    1.2285534   0.13568223   0.49752932 
   39000    1.2012626   0.13743319    0.4829007 
   40000    1.1540102   0.14343893   0.44999879 
   41000     1.189406   0.14939876   0.45515337 
   42000    1.2040914   0.12915658   0.47113821 
   43000    1.2509574   0.15386421   0.57284211 
   44000    1.1797128   0.15268186   0.44358496 
   45000    1.2031687   0.14834308   0.49252835 
   46000    1.2287076   0.14316111   0.54773865 
   47000    1.1691367  0.094381809    0.4322465 
   48000    1.2063413   0.12731071    0.5267351 
   49000    1.2000527   0.13259381   0.50894019 
   50000    1.1861541   0.12043897   0.45056227 
Loop time of 12.1688 on 1 procs for 50000 steps with 1331 atoms

Performance: 1420029.055 tau/day, 4108.880 timesteps/s
99.8% CPU use with 1 MPI tasks x no OpenMP threads

MPI task timing breakdown:
Section |  min time  |  avg time  |  max time  |%varavg| %total
---------------------------------------------------------------
Pair    | 8.266      | 8.266      | 8.266      |   0.0 | 67.93
Neigh   | 2.5217     | 2.5217     | 2.5217     |   0.0 | 20.72
Comm    | 0.42288    | 0.42288    | 0.42288    |   0.0 |  3.48
Output  | 0.024112   | 0.024112   | 0.024112   |   0.0 |  0.20
Modify  | 0.83713    | 0.83713    | 0.83713    |   0.0 |  6.88
Other   |            | 0.09693    |            |       |  0.80

Nlocal:    1331 ave 1331 max 1331 min
Histogram: 1 0 0 0 0 0 0 0 0 0
Nghost:    1568 ave 1568 max 1568 min
Histogram: 1 0 0 0 0 0 0 0 0 0
Neighs:    12563 ave 12563 max 12563 min
Histogram: 1 0 0 0 0 0 0 0 0 0

Total # of neighbors = 12563
Ave neighs/atom = 9.43877
Neighbor list builds = 2500
Dangerous builds not checked

write_restart NVT/sim1/T_1.20__v_4.91/end1.restart
Total wall time: 0:00:12
