run 50000
Neighbor list info ...
  update every 20 steps, delay 0 steps, check no
  max neighbors/atom: 2000, page size: 100000
  master list distance cutoff = 2.8
  ghost atom cutoff = 2.8
  binsize = 1.4, bins = 11 11 11
  1 neighbor lists, perpetual/occasional/extra = 1 0 0
  (1) pair lj/cut, perpetual
      attributes: half, newton on
      pair build: half/bin/atomonly/newton
      stencil: half/bin/3d/newton
      bin: standard
Per MPI rank memory allocation (min/avg/max) = 2.735 | 2.735 | 2.735 Mbytes
Step Temp Press TotEng 
       0          1.6  -0.89909974   0.17132627 
    1000    1.6416154   0.51823325   0.26318099 
    2000    1.5890117   0.51338335     0.163396 
    3000    1.5922841   0.57184356   0.21621691 
    4000    1.6240558   0.51984489   0.23308944 
    5000    1.5600794   0.59414257   0.19809028 
    6000    1.6557222    0.5620336   0.33098423 
    7000    1.5789014   0.54774681   0.17717083 
    8000    1.5914943   0.61707939   0.21318537 
    9000    1.6412832   0.59536619   0.30421839 
   10000    1.5624835   0.48416991   0.13574112 
   11000    1.6519908   0.48216183   0.27069254 
   12000    1.5401448   0.47390723  0.098857966 
   13000    1.6176207   0.47223933   0.21161671 
   14000    1.5953979   0.56147024   0.19645066 
   15000    1.5884321   0.52113212   0.22582102 
   16000    1.6134667   0.53801755   0.24000054 
   17000    1.5999234   0.52112672   0.19707285 
   18000    1.6236411   0.56278592   0.26729753 
   19000    1.5317206   0.54969253   0.12663705 
   20000    1.6485526   0.54883597   0.27118575 
   21000    1.5598026   0.54632363   0.15948481 
   22000     1.584771   0.56660187   0.21910809 
   23000    1.5965187   0.48301303   0.20916595 
   24000    1.5652495     0.443037   0.14030602 
   25000    1.6191092   0.49714983   0.25014053 
   26000    1.5830835   0.47149351   0.14381592 
   27000    1.6764521   0.56549342   0.31041818 
   28000    1.5681827   0.53480515   0.15133207 
   29000     1.598035   0.51272678   0.21117944 
   30000     1.617855   0.57689026   0.22625858 
   31000    1.5515918   0.43397854   0.11980188 
   32000    1.6494162   0.47462569   0.25391697 
   33000    1.5516875   0.54950877   0.11961602 
   34000    1.6752191   0.59966372    0.3216102 
   35000    1.5782386   0.54212534   0.15797312 
   36000    1.6405621   0.47106815   0.22597131 
   37000    1.6096555   0.60757041   0.21740615 
   38000    1.5404755   0.63374868   0.17217932 
   39000    1.6296195   0.51878708   0.26886093 
   40000    1.5961564   0.31187291   0.14708537 
   41000     1.601478   0.60291214   0.23165934 
   42000    1.6074087   0.42149743   0.21444324 
   43000     1.606462   0.50747745   0.20967258 
   44000    1.6166414   0.49233125   0.19968996 
   45000     1.575565   0.52696785   0.21427478 
   46000    1.6174077   0.50617047   0.19756968 
   47000    1.6019663   0.50631276   0.16762864 
   48000    1.6124068   0.49392407    0.2703645 
   49000    1.5116006   0.44245698  0.079522643 
   50000    1.5981561   0.57371873   0.23733032 
Loop time of 20.2356 on 1 procs for 50000 steps with 1331 atoms

Performance: 853939.233 tau/day, 2470.889 timesteps/s
99.9% CPU use with 1 MPI tasks x no OpenMP threads

MPI task timing breakdown:
Section |  min time  |  avg time  |  max time  |%varavg| %total
---------------------------------------------------------------
Pair    | 15.404     | 15.404     | 15.404     |   0.0 | 76.12
Neigh   | 3.2932     | 3.2932     | 3.2932     |   0.0 | 16.27
Comm    | 0.55925    | 0.55925    | 0.55925    |   0.0 |  2.76
Output  | 0.023821   | 0.023821   | 0.023821   |   0.0 |  0.12
Modify  | 0.84183    | 0.84183    | 0.84183    |   0.0 |  4.16
Other   |            | 0.1135     |            |       |  0.56

Nlocal:    1331 ave 1331 max 1331 min
Histogram: 1 0 0 0 0 0 0 0 0 0
Nghost:    2126 ave 2126 max 2126 min
Histogram: 1 0 0 0 0 0 0 0 0 0
Neighs:    23855 ave 23855 max 23855 min
Histogram: 1 0 0 0 0 0 0 0 0 0

Total # of neighbors = 23855
Ave neighs/atom = 17.9226
Neighbor list builds = 2500
Dangerous builds not checked

write_restart NVT/sim1/T_1.60__v_2.20/end1.restart
Total wall time: 0:00:20
