run 50000
Neighbor list info ...
  update every 20 steps, delay 0 steps, check no
  max neighbors/atom: 2000, page size: 100000
  master list distance cutoff = 2.8
  ghost atom cutoff = 2.8
  binsize = 1.4, bins = 16 16 16
  1 neighbor lists, perpetual/occasional/extra = 1 0 0
  (1) pair lj/cut, perpetual
      attributes: half, newton on
      pair build: half/bin/atomonly/newton
      stencil: half/bin/3d/newton
      bin: standard
Per MPI rank memory allocation (min/avg/max) = 2.711 | 2.711 | 2.711 Mbytes
Step Temp Press TotEng 
       0          0.1 -0.054204256 -0.044894252 
    1000   0.44158233 -0.031363611  -0.80525466 
    2000   0.39791043 -0.018926177    -2.075894 
    3000   0.30342679 -0.022360962   -3.1921934 
    4000   0.20229422 -0.011839935    -3.884172 
    5000   0.14825423 -0.013112716   -4.2676699 
    6000   0.11612274 -0.012023472   -4.4986062 
    7000   0.10169282 -0.014501173   -4.6337474 
    8000  0.098039783 0.0006624772   -4.7013569 
    9000   0.10605312 0.0077686241   -4.7635946 
   10000  0.096311784 -0.021106828   -4.8087452 
   11000   0.10187552  0.002444201   -4.8218559 
   12000   0.10112243 0.0079072382    -4.855967 
   13000   0.10041516 -0.010057105   -4.8972394 
   14000  0.096912015 -0.0024577481   -4.9423853 
   15000  0.098474347 -0.0078492235    -4.963312 
   16000   0.10377369 -0.017242587   -4.9709351 
   17000  0.097833628 -0.0083805554   -5.0004794 
   18000   0.10013523 -0.0091854303   -5.0281508 
   19000   0.10404967  -0.02045623   -5.0474811 
   20000    0.1021738 -0.014821154   -5.0622687 
   21000   0.10629267 -0.017872495   -5.0763075 
   22000  0.098827203 -0.019901307   -5.1053048 
   23000  0.099702905 -0.016325897   -5.1176869 
   24000   0.10469834 -0.023752578   -5.1329944 
   25000  0.092506925 -0.023041172    -5.177091 
   26000     0.101338 -0.0055451983   -5.1814433 
   27000   0.10580753 -0.010999133   -5.1901722 
   28000  0.095792111 -0.0058706086   -5.2439468 
   29000  0.098047787 -0.0052793243   -5.2662957 
   30000   0.10195454 -0.015275641   -5.2820784 
   31000  0.097285976 -0.015239316   -5.3155971 
   32000   0.09878352 4.8147005e-05   -5.3047151 
   33000   0.10517415 -0.017163096    -5.295851 
   34000  0.096956085 -0.0062380711   -5.3306936 
   35000  0.098607921 -0.0078562654   -5.3302053 
   36000   0.10845743   -0.0230038   -5.3142172 
   37000  0.095130421 -0.022663879   -5.3442794 
   38000   0.10004807 -0.010944621   -5.3523194 
   39000   0.10559815 -0.012857181   -5.3463126 
   40000   0.09851832 -0.018239477    -5.361907 
   41000  0.098288393 -0.032431411   -5.3689988 
   42000   0.10087566 -0.0065087503   -5.3782262 
   43000  0.097568747  -0.01690539   -5.4009832 
   44000  0.097188725 -0.007304773   -5.3959207 
   45000   0.10775108 -0.014201412   -5.3906539 
   46000  0.095107743 0.0047294624   -5.4374486 
   47000  0.095036155 -0.010759326   -5.4403095 
   48000   0.10422354 -0.0064298536   -5.4130022 
   49000  0.099453693 -0.014575093   -5.4395952 
   50000  0.094238515 -0.012690186   -5.4553874 
Loop time of 24.4192 on 1 procs for 50000 steps with 1331 atoms

Performance: 707639.810 tau/day, 2047.569 timesteps/s
99.9% CPU use with 1 MPI tasks x no OpenMP threads

MPI task timing breakdown:
Section |  min time  |  avg time  |  max time  |%varavg| %total
---------------------------------------------------------------
Pair    | 20.239     | 20.239     | 20.239     |   0.0 | 82.88
Neigh   | 2.9237     | 2.9237     | 2.9237     |   0.0 | 11.97
Comm    | 0.29386    | 0.29386    | 0.29386    |   0.0 |  1.20
Output  | 0.027157   | 0.027157   | 0.027157   |   0.0 |  0.11
Modify  | 0.8471     | 0.8471     | 0.8471     |   0.0 |  3.47
Other   |            | 0.08858    |            |       |  0.36

Nlocal:    1331 ave 1331 max 1331 min
Histogram: 1 0 0 0 0 0 0 0 0 0
Nghost:    1113 ave 1113 max 1113 min
Histogram: 1 0 0 0 0 0 0 0 0 0
Neighs:    40081 ave 40081 max 40081 min
Histogram: 1 0 0 0 0 0 0 0 0 0

Total # of neighbors = 40081
Ave neighs/atom = 30.1134
Neighbor list builds = 2500
Dangerous builds not checked

write_restart NVT/sim1/T_0.10__v_6.86/end1.restart
Total wall time: 0:00:24
