run 50000
Neighbor list info ...
  update every 20 steps, delay 0 steps, check no
  max neighbors/atom: 2000, page size: 100000
  master list distance cutoff = 2.8
  ghost atom cutoff = 2.8
  binsize = 1.4, bins = 16 16 16
  1 neighbor lists, perpetual/occasional/extra = 1 0 0
  (1) pair lj/cut, perpetual
      attributes: half, newton on
      pair build: half/bin/atomonly/newton
      stencil: half/bin/3d/newton
      bin: standard
Per MPI rank memory allocation (min/avg/max) = 2.7 | 2.7 | 2.7 Mbytes
Step Temp Press TotEng 
       0          0.4  0.004552278   0.46392957 
    1000   0.66110961  0.014348522 -0.060955313 
    2000   0.58807166 0.00013293269  -0.71249961 
    3000   0.56402511 5.8575954e-05   -1.3387481 
    4000   0.54892419  0.013228108   -1.9428429 
    5000   0.51734851 -0.013409115   -2.5251074 
    6000   0.46359262  0.011117107    -3.023557 
    7000   0.42511455 -0.0033974751    -3.396475 
    8000   0.39175125 -0.0018935969   -3.6556349 
    9000   0.38062257 0.0059371674   -3.7664832 
   10000   0.38753372 -0.0092771205   -3.7323779 
   11000   0.40408958  0.015448891   -3.6907318 
   12000   0.40308688  0.028377114   -3.7742814 
   13000   0.38910809 -0.018013729   -3.8432082 
   14000   0.40224891 -0.0091249518   -3.7926493 
   15000   0.41382563 0.0082581759   -3.7453767 
   16000     0.405532 -0.0099907052   -3.8097504 
   17000   0.37786063  0.012623839    -3.862903 
   18000   0.39542128 0.0070443921   -3.8136926 
   19000   0.40137444 0.0039607292   -3.7700124 
   20000   0.41125632 -0.0013036354   -3.8222531 
   21000   0.37442174 -0.0039043336   -3.8845967 
   22000   0.40065615 -0.0096546507   -3.8226453 
   23000   0.41177853 -0.0010252887   -3.7728464 
   24000   0.40049933 -0.003990642   -3.8667288 
   25000   0.40758349 -0.0040785432   -3.9781056 
   26000   0.37036973 0.0051902676   -3.9977115 
   27000   0.41514263 0.0029255387   -3.9152556 
   28000   0.40978563  0.025135115   -3.9608766 
   29000   0.38939571 -0.011930388   -4.0570038 
   30000   0.39819861 -0.006592604   -4.0525335 
   31000   0.40346383 -0.0040337858   -4.0161942 
   32000   0.41591223 0.0086348291   -4.0568602 
   33000   0.39174272 -0.0054989308   -4.1094984 
   34000   0.39338306 0.0088697681   -4.0635722 
   35000   0.41411884  0.033089328    -4.021487 
   36000   0.40223611 -0.0016331661   -4.0752425 
   37000   0.38267443 -0.0049688222   -4.1033687 
   38000    0.4105042  0.023044621   -4.0624627 
   39000   0.40020033 -0.0042851171   -4.0504152 
   40000   0.40482796 0.0020801919    -4.079361 
   41000   0.39675374 -0.0050824361   -4.0874982 
   42000   0.40162945 0.0046376072   -4.0727456 
   43000   0.39416215 0.0067073432   -4.0458303 
   44000   0.39615368 -0.0016235502    -4.069766 
   45000    0.3995964 0.0022984259   -4.1072972 
   46000   0.39759906 0.0099477908   -4.0948255 
   47000   0.40244052 -0.0022053589   -4.0499976 
   48000   0.41648649 0.0037530227   -4.0279791 
   49000   0.40046322  0.013806373   -4.0624183 
   50000    0.4053138 0.0040405864   -4.0736611 
Loop time of 22.5294 on 1 procs for 50000 steps with 1331 atoms

Performance: 766997.270 tau/day, 2219.321 timesteps/s
99.9% CPU use with 1 MPI tasks x no OpenMP threads

MPI task timing breakdown:
Section |  min time  |  avg time  |  max time  |%varavg| %total
---------------------------------------------------------------
Pair    | 18.201     | 18.201     | 18.201     |   0.0 | 80.79
Neigh   | 2.8707     | 2.8707     | 2.8707     |   0.0 | 12.74
Comm    | 0.48173    | 0.48173    | 0.48173    |   0.0 |  2.14
Output  | 0.018095   | 0.018095   | 0.018095   |   0.0 |  0.08
Modify  | 0.84571    | 0.84571    | 0.84571    |   0.0 |  3.75
Other   |            | 0.1124     |            |       |  0.50

Nlocal:    1331 ave 1331 max 1331 min
Histogram: 1 0 0 0 0 0 0 0 0 0
Nghost:    1991 ave 1991 max 1991 min
Histogram: 1 0 0 0 0 0 0 0 0 0
Neighs:    35106 ave 35106 max 35106 min
Histogram: 1 0 0 0 0 0 0 0 0 0

Total # of neighbors = 35106
Ave neighs/atom = 26.3757
Neighbor list builds = 2500
Dangerous builds not checked

write_restart NVT/sim1/T_0.40__v_8.00/end1.restart
Total wall time: 0:00:22
