run 50000
Neighbor list info ...
  update every 20 steps, delay 0 steps, check no
  max neighbors/atom: 2000, page size: 100000
  master list distance cutoff = 2.8
  ghost atom cutoff = 2.8
  binsize = 1.4, bins = 17 17 17
  1 neighbor lists, perpetual/occasional/extra = 1 0 0
  (1) pair lj/cut, perpetual
      attributes: half, newton on
      pair build: half/bin/atomonly/newton
      stencil: half/bin/3d/newton
      bin: standard
Per MPI rank memory allocation (min/avg/max) = 2.705 | 2.705 | 2.705 Mbytes
Step Temp Press TotEng 
       0          1.8   0.16596889    2.6044303 
    1000    1.8666541   0.17995764    2.1651241 
    2000    1.7673722    0.1705154    2.0094569 
    3000    1.8476815   0.17836643    2.1305671 
    4000    1.7649309   0.16593896    1.9995098 
    5000    1.8785898   0.18448053    2.1741848 
    6000    1.7387719   0.16396465     1.976764 
    7000    1.8220726   0.17977897    2.0986238 
    8000    1.7391492   0.17059789    1.9601597 
    9000    1.8529009   0.17824832     2.135914 
   10000     1.765926   0.17363698    2.0425734 
   11000    1.8590884    0.1767255    2.1519416 
   12000    1.8011865   0.16366258    2.0696982 
   13000    1.8054233   0.17561909    2.0555758 
   14000    1.8614243   0.17740296     2.162635 
   15000    1.7642588   0.18172066    2.0092473 
   16000    1.8005259   0.16068028     2.097132 
   17000    1.8038513    0.1866184    2.0900163 
   18000     1.799743   0.17105733    2.0681268 
   19000    1.8100262   0.17852374    2.0919921 
   20000    1.7770966   0.17183791    2.0320204 
   21000    1.8382263   0.17542195    2.1243841 
   22000    1.7720765   0.16148808    2.0176813 
   23000    1.8732743    0.1851926    2.1829249 
   24000    1.7706975   0.18070871     2.013074 
   25000    1.7945944   0.18693164    2.0826688 
   26000    1.7603697    0.1768518    1.9895215 
   27000    1.7931208   0.16819956    2.0665197 
   28000    1.8398669   0.17902943    2.0694388 
   29000    1.7859381   0.17250976    2.0572123 
   30000    1.8421673   0.17137327    2.1552498 
   31000    1.7617332   0.17777053    2.0129043 
   32000    1.8589087   0.18725888    2.1394704 
   33000    1.7329116   0.17968712    1.9722156 
   34000    1.7957712   0.18790733    2.0722194 
   35000    1.7843851   0.17301836    2.0366205 
   36000    1.7502917   0.16408575    1.9658486 
   37000    1.8175422   0.20041008    2.1170231 
   38000    1.7574364   0.18539919    2.0029754 
   39000    1.8788274   0.18318693    2.1956819 
   40000     1.798987   0.17437943    2.0353589 
   41000    1.8071524   0.17997331     2.072074 
   42000    1.8295958   0.17424366    2.0860508 
   43000    1.7819045   0.17630551    2.0249759 
   44000    1.8303361   0.18243849    2.1210172 
   45000    1.7963706   0.17312746    2.0600353 
   46000    1.8980347   0.20603742     2.208907 
   47000    1.7582207   0.17921807    2.0113949 
   48000    1.8365731   0.18211206    2.1382195 
   49000    1.7159732   0.16340334     1.948909 
   50000    1.8199077   0.17587018    2.1038041 
Loop time of 7.90655 on 1 procs for 50000 steps with 1331 atoms

Performance: 2185529.915 tau/day, 6323.871 timesteps/s
99.8% CPU use with 1 MPI tasks x no OpenMP threads

MPI task timing breakdown:
Section |  min time  |  avg time  |  max time  |%varavg| %total
---------------------------------------------------------------
Pair    | 4.7924     | 4.7924     | 4.7924     |   0.0 | 60.61
Neigh   | 1.7816     | 1.7816     | 1.7816     |   0.0 | 22.53
Comm    | 0.35254    | 0.35254    | 0.35254    |   0.0 |  4.46
Output  | 0.023523   | 0.023523   | 0.023523   |   0.0 |  0.30
Modify  | 0.86578    | 0.86578    | 0.86578    |   0.0 | 10.95
Other   |            | 0.09069    |            |       |  1.15

Nlocal:    1331 ave 1331 max 1331 min
Histogram: 1 0 0 0 0 0 0 0 0 0
Nghost:    1148 ave 1148 max 1148 min
Histogram: 1 0 0 0 0 0 0 0 0 0
Neighs:    6789 ave 6789 max 6789 min
Histogram: 1 0 0 0 0 0 0 0 0 0

Total # of neighbors = 6789
Ave neighs/atom = 5.10068
Neighbor list builds = 2500
Dangerous builds not checked

write_restart NVT/sim1/T_1.80__v_9.26/end1.restart
Total wall time: 0:00:07
