run 50000
Neighbor list info ...
  update every 20 steps, delay 0 steps, check no
  max neighbors/atom: 2000, page size: 100000
  master list distance cutoff = 2.8
  ghost atom cutoff = 2.8
  binsize = 1.4, bins = 11 11 11
  1 neighbor lists, perpetual/occasional/extra = 1 0 0
  (1) pair lj/cut, perpetual
      attributes: half, newton on
      pair build: half/bin/atomonly/newton
      stencil: half/bin/3d/newton
      bin: standard
Per MPI rank memory allocation (min/avg/max) = 2.735 | 2.735 | 2.735 Mbytes
Step Temp Press TotEng 
       0          1.4  -0.97791455  -0.12844834 
    1000     1.394959    0.3760262  -0.18049528 
    2000    1.3619788    0.3697012  -0.20516483 
    3000    1.4036975   0.37978686  -0.14002447 
    4000    1.4014292   0.28626836  -0.19553775 
    5000    1.3615242   0.33242454  -0.25883928 
    6000    1.4153387   0.42088211  -0.13804411 
    7000    1.3614709   0.35850935  -0.23857541 
    8000     1.460674   0.38646424 -0.075445262 
    9000    1.3550209   0.37085145  -0.22343598 
   10000    1.3957462   0.47111591  -0.15684168 
   11000    1.3919555   0.30403287  -0.22076805 
   12000    1.4224409   0.46232403  -0.15664333 
   13000    1.4035461   0.39304006  -0.12295096 
   14000     1.325606    0.3726561   -0.2734603 
   15000    1.3966469   0.33829458   -0.1706645 
   16000    1.4247269   0.44283043   -0.1560702 
   17000    1.4002089   0.32856924  -0.23889327 
   18000    1.4590128   0.35302472  -0.13164131 
   19000    1.3752988   0.39253381  -0.19099483 
   20000    1.4120806   0.32875376  -0.16001711 
   21000    1.4313318   0.41809113 -0.095177727 
   22000    1.3789559   0.43251822  -0.18679471 
   23000    1.4439766   0.38327244 -0.095082073 
   24000    1.4028722   0.25388893  -0.21157468 
   25000    1.4105804   0.40821105  -0.15042817 
   26000    1.3891837    0.3338152  -0.15786311 
   27000    1.3905133   0.32800532  -0.16722498 
   28000    1.4700374   0.42441338  -0.02643135 
   29000    1.3968548   0.26838652   -0.1884976 
   30000    1.4200646   0.25412125  -0.14067912 
   31000    1.4177201   0.46394521  -0.10210083 
   32000    1.3657505   0.27670056  -0.24163592 
   33000    1.4354391   0.31785413   -0.1260209 
   34000    1.3820249   0.30487985  -0.19805536 
   35000    1.4574422   0.43680864 -0.021145428 
   36000    1.4113505   0.26825774  -0.18891516 
   37000    1.3975057   0.37509904  -0.14598218 
   38000    1.4332712   0.31537946  -0.12205277 
   39000    1.4091877   0.37275202  -0.19595199 
   40000    1.3842273   0.45930609  -0.14609616 
   41000    1.3773692     0.280983  -0.21598124 
   42000    1.4354455   0.36999812 -0.082827285 
   43000     1.386835   0.33771925  -0.23958225 
   44000     1.372737   0.37743204  -0.18566907 
   45000    1.4266053   0.44394881  -0.13855475 
   46000    1.3654597    0.2971496  -0.26306221 
   47000     1.427756   0.29221557  -0.17813512 
   48000    1.3918033   0.25621797  -0.21417616 
   49000    1.4869812   0.44350501 -0.068087478 
   50000    1.3955245   0.30119792   -0.1975296 
Loop time of 20.1012 on 1 procs for 50000 steps with 1331 atoms

Performance: 859649.808 tau/day, 2487.413 timesteps/s
99.9% CPU use with 1 MPI tasks x no OpenMP threads

MPI task timing breakdown:
Section |  min time  |  avg time  |  max time  |%varavg| %total
---------------------------------------------------------------
Pair    | 15.256     | 15.256     | 15.256     |   0.0 | 75.90
Neigh   | 3.3015     | 3.3015     | 3.3015     |   0.0 | 16.42
Comm    | 0.55245    | 0.55245    | 0.55245    |   0.0 |  2.75
Output  | 0.024952   | 0.024952   | 0.024952   |   0.0 |  0.12
Modify  | 0.85529    | 0.85529    | 0.85529    |   0.0 |  4.25
Other   |            | 0.1108     |            |       |  0.55

Nlocal:    1331 ave 1331 max 1331 min
Histogram: 1 0 0 0 0 0 0 0 0 0
Nghost:    2057 ave 2057 max 2057 min
Histogram: 1 0 0 0 0 0 0 0 0 0
Neighs:    24160 ave 24160 max 24160 min
Histogram: 1 0 0 0 0 0 0 0 0 0

Total # of neighbors = 24160
Ave neighs/atom = 18.1518
Neighbor list builds = 2500
Dangerous builds not checked

write_restart NVT/sim1/T_1.40__v_2.20/end1.restart
Total wall time: 0:00:20
