run 50000
Neighbor list info ...
  update every 20 steps, delay 0 steps, check no
  max neighbors/atom: 2000, page size: 100000
  master list distance cutoff = 2.8
  ghost atom cutoff = 2.8
  binsize = 1.4, bins = 9 9 9
  1 neighbor lists, perpetual/occasional/extra = 1 0 0
  (1) pair lj/cut, perpetual
      attributes: half, newton on
      pair build: half/bin/atomonly/newton
      stencil: half/bin/3d/newton
      bin: standard
Per MPI rank memory allocation (min/avg/max) = 2.73 | 2.73 | 2.73 Mbytes
Step Temp Press TotEng 
       0          1.3    13.316217   -0.7705362 
    1000    1.5354047    3.4546203   -1.8223199 
    2000    1.2406829    2.4366631   -2.4499126 
    3000    1.2862676     2.374742   -2.3951521 
    4000    1.3276095    2.7522302   -2.2566903 
    5000    1.2499345    2.4054655   -2.4541235 
    6000    1.3052764     2.615358   -2.3111319 
    7000    1.3139453    2.5154125   -2.3307932 
    8000    1.2506064    2.4717022   -2.4227903 
    9000    1.3403894    2.6505266   -2.2811273 
   10000    1.2842173    2.4774086   -2.3767477 
   11000    1.3057438    2.3925718   -2.3750974 
   12000    1.3305244    2.5243276   -2.3063512 
   13000    1.2845825    2.3183035   -2.4005608 
   14000    1.3426385    2.6018238   -2.2968134 
   15000    1.2929172    2.5786671   -2.3505336 
   16000    1.2898493     2.433262   -2.3774887 
   17000    1.3260451    2.5152065   -2.3159491 
   18000    1.2727733    2.3525606   -2.4013525 
   19000    1.2593778    2.8173603   -2.3391635 
   20000    1.3127661     2.583911   -2.3139232 
   21000    1.3163342    2.2965598   -2.3831846 
   22000    1.3399412    2.7956962   -2.2449901 
   23000    1.3280464    2.4979678   -2.3246429 
   24000    1.2771342    2.4394909   -2.3927343 
   25000    1.3475769     2.600578   -2.2564244 
   26000    1.2933215    2.3751474   -2.3911146 
   27000    1.3239045     2.358194    -2.353176 
   28000    1.3240645    2.6516862   -2.2846558 
   29000    1.2532475    2.4616791    -2.433366 
   30000    1.3398406    2.4630939   -2.3229981 
   31000     1.308194    2.4850252   -2.3375594 
   32000    1.2934725     2.515239   -2.3583005 
   33000    1.3176443    2.5020346   -2.3238875 
   34000    1.3053978    2.4836462   -2.3404213 
   35000    1.2655091    2.4794387   -2.4083383 
   36000    1.3642858    2.5198721   -2.2655997 
   37000    1.2894938    2.5166008   -2.3624923 
   38000    1.2969464    2.5196807   -2.3430018 
   39000    1.3662272    2.7214318   -2.2251853 
   40000    1.2838303    2.6080255   -2.3633764 
   41000    1.3086834     2.382674   -2.3539684 
   42000    1.3321435    2.7023696   -2.2685758 
   43000    1.2886833    2.2880793   -2.4135247 
   44000    1.3242313    2.4973336   -2.3213929 
   45000    1.3302884    2.3204717   -2.3597434 
   46000    1.2794534    2.4006719   -2.4038279 
   47000    1.3702239      2.44121   -2.2992788 
   48000    1.2704224    2.2939692   -2.4307034 
   49000    1.3127994    2.3156084   -2.3754624 
   50000    1.3200428    2.5239378   -2.3319234 
Loop time of 34.1062 on 1 procs for 50000 steps with 1331 atoms

Performance: 506652.364 tau/day, 1466.008 timesteps/s
99.9% CPU use with 1 MPI tasks x no OpenMP threads

MPI task timing breakdown:
Section |  min time  |  avg time  |  max time  |%varavg| %total
---------------------------------------------------------------
Pair    | 28.008     | 28.008     | 28.008     |   0.0 | 82.12
Neigh   | 4.4033     | 4.4033     | 4.4033     |   0.0 | 12.91
Comm    | 0.69331    | 0.69331    | 0.69331    |   0.0 |  2.03
Output  | 0.02534    | 0.02534    | 0.02534    |   0.0 |  0.07
Modify  | 0.8426     | 0.8426     | 0.8426     |   0.0 |  2.47
Other   |            | 0.1335     |            |       |  0.39

Nlocal:    1331 ave 1331 max 1331 min
Histogram: 1 0 0 0 0 0 0 0 0 0
Nghost:    2811 ave 2811 max 2811 min
Histogram: 1 0 0 0 0 0 0 0 0 0
Neighs:    45961 ave 45961 max 45961 min
Histogram: 1 0 0 0 0 0 0 0 0 0

Total # of neighbors = 45961
Ave neighs/atom = 34.5312
Neighbor list builds = 2500
Dangerous builds not checked

write_restart NVT/sim1/T_1.30__v_1.00/end1.restart
Total wall time: 0:00:34
