run 50000
Neighbor list info ...
  update every 20 steps, delay 0 steps, check no
  max neighbors/atom: 2000, page size: 100000
  master list distance cutoff = 2.8
  ghost atom cutoff = 2.8
  binsize = 1.4, bins = 13 13 13
  1 neighbor lists, perpetual/occasional/extra = 1 0 0
  (1) pair lj/cut, perpetual
      attributes: half, newton on
      pair build: half/bin/atomonly/newton
      stencil: half/bin/3d/newton
      bin: standard
Per MPI rank memory allocation (min/avg/max) = 2.742 | 2.742 | 2.742 Mbytes
Step Temp Press TotEng 
       0          0.6  -0.38967761 -0.076515906 
    1000   0.84655344 -0.020550545  -0.71384198 
    2000    0.7379837 -0.024532099   -1.3484525 
    3000   0.71725229 -0.038586855   -1.9213712 
    4000   0.70431635  0.014781868   -2.4192064 
    5000   0.63354304 -0.031023645   -2.8906035 
    6000   0.60836461 -0.017016392   -3.2138218 
    7000   0.59244742 -0.0027150031   -3.3925851 
    8000   0.60711041 -0.051980991   -3.4221423 
    9000   0.59876289 -0.029053924   -3.4601155 
   10000   0.62172124 -0.076654294   -3.4838507 
   11000   0.61595727 -0.0076240587   -3.4997211 
   12000   0.59052301  -0.03943474   -3.5294833 
   13000   0.59633768   -0.0246985   -3.5437339 
   14000   0.60160478 -0.0079956808   -3.5043965 
   15000   0.61474652 -0.023321956   -3.4601178 
   16000   0.59733835 -0.087379994   -3.4998876 
   17000    0.5960037 -0.027182067   -3.5737574 
   18000     0.594122 -0.045074771    -3.558453 
   19000   0.59770851 -0.019412583   -3.5081018 
   20000   0.59448523 -0.0061737763   -3.5435306 
   21000   0.56186905 -0.026429991   -3.5512969 
   22000   0.59805272 -0.044309847   -3.5110986 
   23000   0.57158791 -0.084281609   -3.5155677 
   24000   0.58924754 -0.050908283   -3.5203491 
   25000     0.613065 -0.076971295   -3.5063115 
   26000   0.60803938 -0.095650193   -3.4934951 
   27000   0.59793249 -0.032238702   -3.5488902 
   28000   0.57976413 -0.026504064   -3.5975835 
   29000   0.61225673 -0.095979606   -3.5253089 
   30000   0.60346552 -0.017225501   -3.5176142 
   31000   0.60661383 -0.034945861   -3.5656582 
   32000   0.58929073 -0.052177103   -3.5851164 
   33000   0.58741295 -0.056126852   -3.5172683 
   34000   0.60247382 -0.027811694   -3.5103507 
   35000   0.60070619  -0.02544144   -3.5694305 
   36000    0.5972037 0.0086449992   -3.5444634 
   37000   0.61254773 -0.091912396   -3.4946716 
   38000   0.59572042 -0.025361233    -3.551513 
   39000   0.59228132 -0.046011447   -3.5544124 
   40000   0.59487149 -0.035149849   -3.5296253 
   41000   0.60036929  -0.02573199    -3.496892 
   42000    0.6190201 -0.046389748   -3.5059298 
   43000   0.58871461 -0.0070150462   -3.5692833 
   44000   0.60232355  -0.04445517   -3.5616303 
   45000   0.59838646  0.017323011    -3.539722 
   46000   0.60013512 -0.0072671071   -3.5227155 
   47000   0.59309565 -0.060241729   -3.5699813 
   48000   0.58145504 -0.015027658   -3.5626118 
   49000    0.6172197 -0.045316512    -3.492728 
   50000   0.60708077  0.027628311    -3.492259 
Loop time of 26.0232 on 1 procs for 50000 steps with 1331 atoms

Performance: 664022.563 tau/day, 1921.362 timesteps/s
99.9% CPU use with 1 MPI tasks x no OpenMP threads

MPI task timing breakdown:
Section |  min time  |  avg time  |  max time  |%varavg| %total
---------------------------------------------------------------
Pair    | 21.422     | 21.422     | 21.422     |   0.0 | 82.32
Neigh   | 3.4143     | 3.4143     | 3.4143     |   0.0 | 13.12
Comm    | 0.23971    | 0.23971    | 0.23971    |   0.0 |  0.92
Output  | 0.025965   | 0.025965   | 0.025965   |   0.0 |  0.10
Modify  | 0.84233    | 0.84233    | 0.84233    |   0.0 |  3.24
Other   |            | 0.07847    |            |       |  0.30

Nlocal:    1331 ave 1331 max 1331 min
Histogram: 1 0 0 0 0 0 0 0 0 0
Nghost:    722 ave 722 max 722 min
Histogram: 1 0 0 0 0 0 0 0 0 0
Neighs:    38307 ave 38307 max 38307 min
Histogram: 1 0 0 0 0 0 0 0 0 0

Total # of neighbors = 38307
Ave neighs/atom = 28.7806
Neighbor list builds = 2500
Dangerous builds not checked

write_restart NVT/sim1/T_0.60__v_3.38/end1.restart
Total wall time: 0:00:26
