run 50000
Neighbor list info ...
  update every 20 steps, delay 0 steps, check no
  max neighbors/atom: 2000, page size: 100000
  master list distance cutoff = 2.8
  ghost atom cutoff = 2.8
  binsize = 1.4, bins = 11 11 11
  1 neighbor lists, perpetual/occasional/extra = 1 0 0
  (1) pair lj/cut, perpetual
      attributes: half, newton on
      pair build: half/bin/atomonly/newton
      stencil: half/bin/3d/newton
      bin: standard
Per MPI rank memory allocation (min/avg/max) = 2.735 | 2.735 | 2.735 Mbytes
Step Temp Press TotEng 
       0          0.8    -1.214359   -1.0277722 
    1000   0.89746794  -0.05832584   -1.3278685 
    2000   0.87159279  -0.07652303   -1.6609074 
    3000   0.84143352 -0.065764237   -1.9366708 
    4000   0.80122599 -0.014443145   -2.1930286 
    5000    0.8109554 -0.028898113   -2.3585507 
    6000   0.82600612   -0.0133319   -2.5064971 
    7000   0.80524684 -0.038279998   -2.6034672 
    8000   0.81993403 -0.036985967   -2.5615789 
    9000   0.82845024 -0.019117549   -2.5157114 
   10000   0.80533869    0.0182856   -2.5081775 
   11000   0.82480687 -0.063205301   -2.4826492 
   12000   0.82290278 -0.031564867   -2.4901409 
   13000   0.78515311 -0.037346829   -2.5414391 
   14000   0.77051584 -0.051882523   -2.5576259 
   15000   0.79107488  0.015382375    -2.503605 
   16000   0.78179231 -0.065777406   -2.5674209 
   17000   0.77676779 -0.038831674   -2.6116664 
   18000   0.80653171  0.012179126   -2.5372857 
   19000   0.78811065  -0.08625432   -2.5699161 
   20000   0.78596312 -0.087864717   -2.6062979 
   21000   0.78940912 -0.095022002   -2.6618881 
   22000   0.81522839 -0.017318615    -2.562345 
   23000   0.77123558  0.099849938   -2.5669875 
   24000   0.81508326 -0.0074824589   -2.5335031 
   25000    0.8321486 -0.041777093   -2.4822623 
   26000   0.80126039 -0.009202811    -2.578123 
   27000   0.80657885  0.061108592   -2.5539393 
   28000   0.79925907 -0.026199774   -2.5596579 
   29000   0.80785724  0.010696786   -2.5374936 
   30000   0.76501254  0.042319168   -2.6034118 
   31000   0.83195525 0.0014769122   -2.5416576 
   32000   0.82386315 -0.028438155   -2.4405595 
   33000    0.8250798 -0.062843568   -2.4888801 
   34000   0.78110241  -0.05701983   -2.5452014 
   35000   0.81910992 -0.0016023935   -2.4730466 
   36000   0.83053414 -0.064236754   -2.4169972 
   37000   0.81882875 0.0054922439   -2.4964611 
   38000   0.81065111  0.025033443   -2.5466544 
   39000   0.80846712 -0.0096056603   -2.6053356 
   40000   0.79620454 -0.014341492   -2.6661131 
   41000   0.79173031 -0.020530881   -2.5737088 
   42000   0.80306515 0.0025791098   -2.5681714 
   43000   0.81783474 -0.044338118   -2.5160086 
   44000   0.82967194  0.024059803   -2.4536731 
   45000   0.82455073 -0.030056759   -2.4780915 
   46000   0.75705693 -0.057623202   -2.6052338 
   47000   0.78813788  0.020328114   -2.5840262 
   48000   0.82122393 -0.027473346   -2.5226744 
   49000   0.80934861 -0.007037199   -2.5386425 
   50000   0.78872044 -0.035324494   -2.6143646 
Loop time of 25.5672 on 1 procs for 50000 steps with 1331 atoms

Performance: 675865.576 tau/day, 1955.630 timesteps/s
99.9% CPU use with 1 MPI tasks x no OpenMP threads

MPI task timing breakdown:
Section |  min time  |  avg time  |  max time  |%varavg| %total
---------------------------------------------------------------
Pair    | 20.607     | 20.607     | 20.607     |   0.0 | 80.60
Neigh   | 3.6469     | 3.6469     | 3.6469     |   0.0 | 14.26
Comm    | 0.34802    | 0.34802    | 0.34802    |   0.0 |  1.36
Output  | 0.023889   | 0.023889   | 0.023889   |   0.0 |  0.09
Modify  | 0.84918    | 0.84918    | 0.84918    |   0.0 |  3.32
Other   |            | 0.09175    |            |       |  0.36

Nlocal:    1331 ave 1331 max 1331 min
Histogram: 1 0 0 0 0 0 0 0 0 0
Nghost:    1275 ave 1275 max 1275 min
Histogram: 1 0 0 0 0 0 0 0 0 0
Neighs:    35312 ave 35312 max 35312 min
Histogram: 1 0 0 0 0 0 0 0 0 0

Total # of neighbors = 35312
Ave neighs/atom = 26.5304
Neighbor list builds = 2500
Dangerous builds not checked

write_restart NVT/sim1/T_0.80__v_2.20/end1.restart
Total wall time: 0:00:25
