run 50000
Neighbor list info ...
  update every 20 steps, delay 0 steps, check no
  max neighbors/atom: 2000, page size: 100000
  master list distance cutoff = 2.8
  ghost atom cutoff = 2.8
  binsize = 1.4, bins = 16 16 16
  1 neighbor lists, perpetual/occasional/extra = 1 0 0
  (1) pair lj/cut, perpetual
      attributes: half, newton on
      pair build: half/bin/atomonly/newton
      stencil: half/bin/3d/newton
      bin: standard
Per MPI rank memory allocation (min/avg/max) = 2.7 | 2.7 | 2.7 Mbytes
Step Temp Press Volume Density PotEng KinEng TotEng 
       0          0.1 -0.032919548        10648        0.125  -0.13561964    0.1498873  0.014267664 
    1000   0.77519591  -0.14344461    2369.1433   0.56180645   -3.5680443    1.1619202    -2.406124 
    2000   0.47970159    1.2300035    1437.2932   0.92604624   -5.8428239   0.71901177   -5.1238122 
    3000   0.20963275     1.344625    1338.2026   0.99461771   -6.4555423   0.31421287   -6.1413294 
    4000   0.11090726    1.4185226    1313.5997    1.0132463    -6.622869   0.16623589   -6.4566331 
    5000  0.087183486    1.4034827    1306.7474    1.0185595    -6.674709   0.13067698   -6.5440321 
    6000   0.10220622    1.4237399    1307.5783    1.0179123   -6.6668206   0.15319415   -6.5136265 
    7000    0.1063429    1.4203727    1308.7308    1.0170159   -6.6571664   0.15939451   -6.4977719 
    8000  0.094130442    1.4110513    1304.6603     1.020189   -6.6894105   0.14108958   -6.5483209 
    9000  0.096691428    1.4006544    1305.3558    1.0196453   -6.6866798   0.14492817   -6.5417516 
   10000   0.10537042    1.4539992    1305.5773    1.0194724   -6.6739662   0.15793688   -6.5160293 
   11000  0.095489569    1.4168225    1303.3989    1.0211762   -6.6980051   0.14312674   -6.5548784 
   12000  0.096094571    1.3867617     1303.786     1.020873   -6.7012419   0.14403356   -6.5572084 
   13000   0.10679175     1.414795     1305.671    1.0193992   -6.6839055   0.16006727   -6.5238383 
   14000   0.10030723    1.4260404    1303.3574    1.0212088   -6.6973664   0.15034781   -6.5470186 
   15000  0.094986256    1.3180388      1304.92    1.0199859   -6.7040246   0.14237234   -6.5616522 
   16000    0.1060105    1.4323776    1304.4414    1.0203602   -6.6874099   0.15889627   -6.5285136 
   17000   0.10188518    1.3601059    1304.9566    1.0199573    -6.694651   0.15271295   -6.5419381 
   18000   0.09281687    1.3747921    1303.9259    1.0207635   -6.7024527    0.1391207    -6.563332 
   19000   0.10317377    1.4387068    1304.2834    1.0204838   -6.6907318   0.15464438   -6.5360875 
   20000   0.10265456    1.4257306    1304.2628    1.0204998   -6.6920297   0.15386616   -6.5381635 
   21000  0.093138159    1.3926215    1303.4792    1.0211133    -6.701775   0.13960228   -6.5621728 
   22000   0.10197998    1.4266294    1303.5377    1.0210675   -6.6961188   0.15285504   -6.5432638 
   23000   0.10186946    1.2611543    1307.7896    1.0177478   -6.6912004   0.15268939    -6.538511 
   24000  0.095572275    1.6237445    1298.9167       1.0247   -6.6979493   0.14325071   -6.5546986 
   25000  0.098575376    1.3172404     1305.537    1.0195039   -6.6995845   0.14775197   -6.5518325 
   26000   0.10185626    1.4892442    1303.4239    1.0211567   -6.6858598    0.1526696   -6.5331902 
   27000  0.099726342    1.3410139    1304.1241    1.0206084    -6.705682   0.14947712   -6.5562048 
   28000  0.096642524    1.3784581    1303.7242    1.0209214   -6.6990423   0.14485487   -6.5541875 
   29000   0.10220516    1.4497929    1303.8887    1.0207927   -6.6887137   0.15319255   -6.5355211 
   30000  0.099620752    1.3329481    1304.3976    1.0203944   -6.7037866   0.14931886   -6.5544677 
   31000  0.096978753     1.433299     1301.962    1.0223032   -6.7076848   0.14535884    -6.562326 
   32000   0.10295103    1.3425121    1304.2744    1.0204908   -6.7053776   0.15431052   -6.5510671 
   33000    0.1019011    1.3704433    1303.2212    1.0213155   -6.7076994    0.1527368   -6.5549626 
   34000  0.096674202    1.4770724     1301.185    1.0229137   -6.7077917   0.14490235   -6.5628894 
   35000   0.10023941    1.3260883    1304.9852    1.0199349   -6.7040719   0.15024614   -6.5538258 
   36000   0.10115217    1.5566554    1300.3901     1.023539   -6.7004089   0.15161426   -6.5487946 
   37000   0.09579865     1.349432    1303.6818    1.0209547   -6.7096241   0.14359001   -6.5660341 
   38000   0.10059442    1.3884908    1302.9729    1.0215101   -6.7061911   0.15077826   -6.5554128 
   39000   0.10548526    1.4056292    1302.6146    1.0217911   -6.7074235   0.15810901   -6.5493145 
   40000  0.095906083    1.4375277    1301.7767    1.0224488   -6.7067555   0.14375104   -6.5630044 
   41000  0.096686796     1.353867    1303.9234    1.0207655   -6.7047498   0.14492123   -6.5598285 
   42000   0.10436826     1.388322    1303.2095    1.0213247   -6.7046217   0.15643477   -6.5481869 
   43000  0.098871062    1.3914591    1302.4898     1.021889   -6.7099807   0.14819517   -6.5617855 
   44000  0.098881179    1.4283703    1301.9412    1.0223196   -6.7087361   0.14821033   -6.5605258 
   45000   0.10418137    1.3100967    1304.7967    1.0200823   -6.7070055   0.15615465   -6.5508509 
   46000  0.098649709    1.5309051    1299.9522    1.0238838   -6.7077336   0.14786339   -6.5598703 
   47000  0.096207821    1.3265943    1303.9841     1.020718    -6.710795   0.14420331   -6.5665917 
   48000   0.10308033    1.4154677    1302.7173    1.0217105    -6.705282   0.15450433   -6.5507777 
   49000  0.096106519    1.3837766     1302.727    1.0217029   -6.7098231   0.14405147   -6.5657716 
   50000  0.096088696    1.4356988    1300.7734    1.0232374   -6.7156231   0.14402475   -6.5715983 
Loop time of 45.4653 on 1 procs for 50000 steps with 1331 atoms

Performance: 380069.945 tau/day, 1099.739 timesteps/s
99.8% CPU use with 1 MPI tasks x no OpenMP threads

MPI task timing breakdown:
Section |  min time  |  avg time  |  max time  |%varavg| %total
---------------------------------------------------------------
Pair    | 37.262     | 37.262     | 37.262     |   0.0 | 81.96
Neigh   | 5.1705     | 5.1705     | 5.1705     |   0.0 | 11.37
Comm    | 0.75505    | 0.75505    | 0.75505    |   0.0 |  1.66
Output  | 0.026446   | 0.026446   | 0.026446   |   0.0 |  0.06
Modify  | 2.0255     | 2.0255     | 2.0255     |   0.0 |  4.46
Other   |            | 0.2254     |            |       |  0.50

Nlocal:    1331 ave 1331 max 1331 min
Histogram: 1 0 0 0 0 0 0 0 0 0
Nghost:    3286 ave 3286 max 3286 min
Histogram: 1 0 0 0 0 0 0 0 0 0
Neighs:    61158 ave 61158 max 61158 min
Histogram: 1 0 0 0 0 0 0 0 0 0

Total # of neighbors = 61158
Ave neighs/atom = 45.9489
Neighbor list builds = 2500
Dangerous builds not checked

write_restart lattice_11_11_11__2_2_2/sim1/T_0.10__P_1.40/end1.restart
Total wall time: 0:00:45
