run 50000
Neighbor list info ...
  update every 20 steps, delay 0 steps, check no
  max neighbors/atom: 2000, page size: 100000
  master list distance cutoff = 2.8
  ghost atom cutoff = 2.8
  binsize = 1.4, bins = 16 16 16
  1 neighbor lists, perpetual/occasional/extra = 1 0 0
  (1) pair lj/cut, perpetual
      attributes: half, newton on
      pair build: half/bin/atomonly/newton
      stencil: half/bin/3d/newton
      bin: standard
Per MPI rank memory allocation (min/avg/max) = 2.7 | 2.7 | 2.7 Mbytes
Step Temp Press Volume Density PotEng KinEng TotEng 
       0          1.3   0.11696776        10648        0.125  -0.13561964    1.9485349    1.8129153 
    1000    1.9693254   0.43040377    5746.5674   0.23161653   -1.2184721    2.9517687    1.7332966 
    2000    1.7089397    0.5152559     3907.523   0.34062499   -1.8488977    2.5614836    0.7125859 
    3000    1.5419904   0.56614133    2915.0445    0.4565968   -2.5314187    2.3112478  -0.22017085 
    4000    1.4759148   0.91476064     2333.801   0.57031427   -3.2134422    2.2122089   -1.0012334 
    5000    1.3787443    1.3790457    2011.0213   0.66185275   -3.7004017    2.0665627    -1.633839 
    6000    1.2609554    1.8146139    1866.0484   0.71327195   -3.9847089     1.890012   -2.0946969 
    7000    1.2783817    1.7715326    1809.3191   0.73563585   -4.1804697    1.9161318   -2.2643378 
    8000    1.2828688    1.9329528     1826.514   0.72871052   -4.0819336    1.9228575   -2.1590761 
    9000    1.3204635    1.8754051    1852.3311   0.71855403   -4.0179791    1.9792071    -2.038772 
   10000    1.2718696    1.8300267    1845.4796   0.72122173   -4.0313019    1.9063711   -2.1249309 
   11000    1.2644306     1.798801    1827.7403   0.72822161   -4.1039398    1.8952209   -2.2087189 
   12000    1.3227196     1.810887    1823.2395   0.73001929    -4.124633    1.9825888   -2.1420442 
   13000    1.3191144    1.7623216    1843.4273   0.72202467   -4.0817754    1.9771851   -2.1045903 
   14000    1.2904516    1.7782957    1845.8532   0.72107577   -4.0680818    1.9342232   -2.1338586 
   15000    1.2708246    1.7853845    1836.4486   0.72476843   -4.0790484    1.9048048   -2.1742436 
   16000    1.2539409    1.7740686    1837.4736   0.72436416   -4.0723408    1.8794983   -2.1928425 
   17000    1.2703994    1.7120903    1848.3623   0.72009692   -4.0737068    1.9041674   -2.1695394 
   18000    1.2925437    1.9289525    1839.4471     0.723587   -4.0563615    1.9373589   -2.1190026 
   19000     1.287289    1.7128732    1831.9543   0.72654651    -4.112985    1.9294828   -2.1835022 
   20000    1.3130985    1.6495568    1834.2558    0.7256349   -4.1140652    1.9681679   -2.1458973 
   21000    1.3158229      1.77157    1844.3133   0.72167781   -4.0831895    1.9722515    -2.110938 
   22000    1.3075776    1.8883523    1835.5441   0.72512558    -4.076527    1.9598929   -2.1166341 
   23000    1.2658042    1.8200208     1838.559   0.72393652   -4.0771104    1.8972797   -2.1798307 
   24000    1.2549265    1.5232325    1856.4169   0.71697256   -4.0717773    1.8809754   -2.1908018 
   25000    1.2738431    1.3453991    1861.3479   0.71507318   -4.1133344     1.909329   -2.2040054 
   26000    1.2617322    1.6249768    1852.4869   0.71849361    -4.063989    1.8911764   -2.1728126 
   27000    1.3254929    1.7266969    1837.3611   0.72440852   -4.1023928    1.9867456   -2.1156472 
   28000    1.2831528    1.7343044    1828.2872    0.7280038   -4.1146542    1.9232831   -2.1913711 
   29000    1.2922354    1.8215492    1827.0665   0.72849019   -4.1021061    1.9368968   -2.1652093 
   30000    1.2798397    2.1041014    1849.1132    0.7198045   -3.9749952    1.9183172    -2.056678 
   31000    1.3387373    1.5814018    1830.3451   0.72718528   -4.1602417    2.0065972   -2.1536444 
   32000    1.2618635    1.9533851    1825.6668    0.7290487   -4.0789017    1.8913732   -2.1875284 
   33000    1.3095059    1.6504982    1843.7352    0.7219041    -4.085954    1.9627831   -2.1231709 
   34000    1.3146876    1.7877906    1863.3909    0.7142892   -4.0052857    1.9705497   -2.0347359 
   35000     1.265184    2.0124944    1827.6486   0.72825815   -4.0562336    1.8963501   -2.1598835 
   36000    1.2770495    2.0987508    1817.1353   0.73247158   -4.0633327    1.9141351   -2.1491977 
   37000    1.3620262    2.0309837    1827.5125   0.72831239   -4.0615533    2.0415043   -2.0200489 
   38000    1.3364632    2.0719678    1827.3256   0.72838688   -4.0639563    2.0031886   -2.0607677 
   39000    1.3255446    1.8314761    1833.3196   0.72600544   -4.0884564     1.986823   -2.1016334 
   40000    1.2854403    1.7937732    1821.0049   0.73091512   -4.1247988    1.9267118   -2.1980871 
   41000    1.2774273    1.9600196    1806.3154   0.73685914   -4.1448332    1.9147013   -2.2301319 
   42000     1.320991    1.7542598    1841.3111   0.72285449   -4.0838594    1.9799978   -2.1038616 
   43000    1.2943274    1.7035542    1835.1361    0.7252868   -4.1088631    1.9400324   -2.1688307 
   44000    1.2414862    1.8767009    1818.0517   0.73210238   -4.1135285    1.8608301   -2.2526983 
   45000    1.3105216    1.6334007    1836.5792   0.72471689   -4.1314695    1.9643055    -2.167164 
   46000    1.2853581    1.5327951    1863.7917   0.71413558   -4.0402404    1.9265886   -2.1136517 
   47000    1.2692774     1.445885    1855.6537   0.71726745   -4.1142649    1.9024856   -2.2117793 
   48000    1.2736901    1.7247226    1834.2854   0.72562317   -4.1017431    1.9090997   -2.1926434 
   49000    1.3153234    1.7940004    1844.0903   0.72176511   -4.0524224    1.9715028   -2.0809196 
   50000    1.3180147    1.7670042    1848.3163   0.72011486   -4.0451521    1.9755367   -2.0696155 
Loop time of 39.6823 on 1 procs for 50000 steps with 1331 atoms

Performance: 435458.427 tau/day, 1260.007 timesteps/s
99.8% CPU use with 1 MPI tasks x no OpenMP threads

MPI task timing breakdown:
Section |  min time  |  avg time  |  max time  |%varavg| %total
---------------------------------------------------------------
Pair    | 31.2       | 31.2       | 31.2       |   0.0 | 78.62
Neigh   | 5.0639     | 5.0639     | 5.0639     |   0.0 | 12.76
Comm    | 0.82832    | 0.82832    | 0.82832    |   0.0 |  2.09
Output  | 0.025671   | 0.025671   | 0.025671   |   0.0 |  0.06
Modify  | 2.3887     | 2.3887     | 2.3887     |   0.0 |  6.02
Other   |            | 0.1758     |            |       |  0.44

Nlocal:    1331 ave 1331 max 1331 min
Histogram: 1 0 0 0 0 0 0 0 0 0
Nghost:    2786 ave 2786 max 2786 min
Histogram: 1 0 0 0 0 0 0 0 0 0
Neighs:    43102 ave 43102 max 43102 min
Histogram: 1 0 0 0 0 0 0 0 0 0

Total # of neighbors = 43102
Ave neighs/atom = 32.3832
Neighbor list builds = 2500
Dangerous builds not checked

write_restart lattice_11_11_11__2_2_2/sim1/T_1.30__P_1.80/end1.restart
Total wall time: 0:00:39
