run 50000
Neighbor list info ...
  update every 20 steps, delay 0 steps, check no
  max neighbors/atom: 2000, page size: 100000
  master list distance cutoff = 2.8
  ghost atom cutoff = 2.8
  binsize = 1.4, bins = 16 16 16
  1 neighbor lists, perpetual/occasional/extra = 1 0 0
  (1) pair lj/cut, perpetual
      attributes: half, newton on
      pair build: half/bin/atomonly/newton
      stencil: half/bin/3d/newton
      bin: standard
Per MPI rank memory allocation (min/avg/max) = 2.7 | 2.7 | 2.7 Mbytes
Step Temp Press Volume Density PotEng KinEng TotEng 
       0          1.3   0.11696776        10648        0.125  -0.13561964    1.9485349    1.8129153 
    1000    1.8602099   0.31290448      6369.78   0.20895541     -1.14926    2.7882185    1.6389585 
    2000    1.6325754   0.35745655    4542.8509   0.29298783   -1.6963255    2.4470232   0.75069777 
    3000     1.479802   0.34259158    3472.0489   0.38334713   -2.2143742    2.2180353 0.0036611409 
    4000    1.4121038   0.52640641      2787.47   0.47749393   -2.7324278    2.1165643  -0.61586348 
    5000    1.3646624   0.69672416    2358.5733    0.5643242    -3.181853    2.0454556   -1.1363974 
    6000    1.3173686    1.0425416     2114.618   0.62942812   -3.5501272    1.9745682    -1.575559 
    7000    1.3123532    1.0049006    1990.4696   0.66868642   -3.8316544    1.9670508   -1.8646037 
    8000    1.3117759    1.2059012    1951.4437   0.68205914   -3.9051984    1.9661855    -1.939013 
    9000    1.2929595    1.3809829    1979.0352   0.67254995   -3.8001845    1.9379821   -1.8622024 
   10000    1.3187795    1.2207352    2003.1747   0.66444529   -3.7466385     1.976683   -1.7699554 
   11000    1.3120663    1.2437549    1991.8564   0.66822087    -3.781258    1.9666207   -1.8146373 
   12000      1.28181    1.0026988    1993.7996    0.6675696    -3.817916    1.9212705   -1.8966455 
   13000    1.2808231     1.147345     1989.717   0.66893936   -3.7949031    1.9197912   -1.8751119 
   14000    1.2810619    1.1384038    1996.7307   0.66658965   -3.7820962    1.9201492    -1.861947 
   15000    1.3018535    1.1741944    1990.1344   0.66879906   -3.7815641    1.9513131    -1.830251 
   16000    1.2715736    1.2190417    1989.2377   0.66910055   -3.7902221    1.9059274   -1.8842946 
   17000    1.3081646    1.2732289    1977.5064   0.67306987   -3.8166656    1.9607727   -1.8558929 
   18000    1.3279327    1.2144469    1987.0271    0.6698449   -3.7593183    1.9904026   -1.7689158 
   19000    1.3155381    1.4037694    1975.0057   0.67392212   -3.7725703    1.9718246   -1.8007457 
   20000    1.2981659    1.3678028    1953.5527   0.68132282   -3.8535463    1.9457858   -1.9077604 
   21000    1.3098757    1.4325128    1957.6753   0.67988803   -3.8458223    1.9633373    -1.882485 
   22000    1.3299369     1.232451    2003.7401    0.6642578   -3.7527809    1.9934065   -1.7593744 
   23000    1.2993189    1.0544161    2019.1035   0.65920345   -3.7498325    1.9475141   -1.8023183 
   24000    1.2756233    1.2403391    1976.7839   0.67331588   -3.8150964    1.9119974    -1.903099 
   25000    1.2879368    1.1140666    1968.2609   0.67623149   -3.8698888    1.9304538    -1.939435 
   26000    1.2895347    1.6305756    1950.6056   0.68235219    -3.788359    1.9328488   -1.8555102 
   27000    1.3387892    1.5229005    1964.1695   0.67764009   -3.7847647     2.006675   -1.7780897 
   28000     1.355469    1.2121068    1985.3925    0.6703964    -3.796606    2.0316759   -1.7649301 
   29000    1.3349532    1.2322173    2031.6183   0.65514276   -3.6736809    2.0009253   -1.6727556 
   30000    1.3146693    1.2700653    2004.6906   0.66394287   -3.7548902    1.9705224   -1.7843678 
   31000    1.2747982    1.1860202    1993.3553   0.66771841   -3.7866489    1.9107606   -1.8758884 
   32000    1.3075835    1.1769558    1987.8737   0.66955965   -3.7953351    1.9599016   -1.8354335 
   33000    1.3440645     1.204895    1992.5194   0.66799852    -3.769329     2.014582    -1.754747 
   34000    1.3347065    1.1139661    1971.7056   0.67505006   -3.8583224    2.0005556   -1.8577667 
   35000    1.2657266     1.096941    1969.5994   0.67577193   -3.8522634    1.8971635   -1.9550999 
   36000    1.2888241    1.2041693    1974.8251   0.67398374   -3.8333968    1.9317838    -1.901613 
   37000    1.3204193    1.1025382    1999.3886   0.66570351   -3.7972195    1.9791409   -1.8180786 
   38000    1.3126202    1.1917118    2004.0932   0.66414078   -3.7453323     1.967451   -1.7778814 
   39000    1.3018367    1.3528353    1957.9257   0.67980108   -3.8447516    1.9512879   -1.8934637 
   40000     1.308645    1.2383399    1963.5052   0.67786935   -3.8452489    1.9614928   -1.8837561 
   41000     1.312483    1.2305847    1988.6574   0.66929579   -3.7965066    1.9672453   -1.8292613 
   42000    1.2743036   0.95456626    2006.1039   0.66347511   -3.8181471    1.9100193   -1.9081278 
   43000    1.2700082    1.2132996    2020.6968   0.65868366   -3.7196387     1.903581   -1.8160577 
   44000    1.3135681    1.2086917     2024.872    0.6573255   -3.6913291    1.9688718   -1.7224573 
   45000    1.2913654    1.2339928    1988.9479   0.66919803   -3.7582788    1.9355928   -1.8226861 
   46000    1.3044949    1.3080306     1980.664   0.67199686   -3.8240204    1.9552722   -1.8687482 
   47000    1.2999724    1.3987668    1985.2382   0.67044851   -3.7425246    1.9484935   -1.7940311 
   48000    1.3392267    1.3481382    2001.7415   0.66492102   -3.7441791    2.0073307   -1.7368483 
   49000    1.3449939    1.3181553    1959.9875   0.67908597   -3.8538605    2.0159751   -1.8378854 
   50000    1.3332255    1.5529472    1956.8778    0.6801651   -3.8026766    1.9983358   -1.8043408 
Loop time of 36.8176 on 1 procs for 50000 steps with 1331 atoms

Performance: 469341.161 tau/day, 1358.047 timesteps/s
99.8% CPU use with 1 MPI tasks x no OpenMP threads

MPI task timing breakdown:
Section |  min time  |  avg time  |  max time  |%varavg| %total
---------------------------------------------------------------
Pair    | 28.661     | 28.661     | 28.661     |   0.0 | 77.84
Neigh   | 4.8003     | 4.8003     | 4.8003     |   0.0 | 13.04
Comm    | 0.79425    | 0.79425    | 0.79425    |   0.0 |  2.16
Output  | 0.027865   | 0.027865   | 0.027865   |   0.0 |  0.08
Modify  | 2.3678     | 2.3678     | 2.3678     |   0.0 |  6.43
Other   |            | 0.1669     |            |       |  0.45

Nlocal:    1331 ave 1331 max 1331 min
Histogram: 1 0 0 0 0 0 0 0 0 0
Nghost:    2671 ave 2671 max 2671 min
Histogram: 1 0 0 0 0 0 0 0 0 0
Neighs:    40859 ave 40859 max 40859 min
Histogram: 1 0 0 0 0 0 0 0 0 0

Total # of neighbors = 40859
Ave neighs/atom = 30.698
Neighbor list builds = 2500
Dangerous builds not checked

write_restart lattice_11_11_11__2_2_2/sim1/T_1.30__P_1.20/end1.restart
Total wall time: 0:00:36
