run 50000
Neighbor list info ...
  update every 20 steps, delay 0 steps, check no
  max neighbors/atom: 2000, page size: 100000
  master list distance cutoff = 2.8
  ghost atom cutoff = 2.8
  binsize = 1.4, bins = 16 16 16
  1 neighbor lists, perpetual/occasional/extra = 1 0 0
  (1) pair lj/cut, perpetual
      attributes: half, newton on
      pair build: half/bin/atomonly/newton
      stencil: half/bin/3d/newton
      bin: standard
Per MPI rank memory allocation (min/avg/max) = 2.7 | 2.7 | 2.7 Mbytes
Step Temp Press TotEng 
       0          1.6   0.15443958    2.2625772 
    1000    1.6536532   0.19625573    1.7924737 
    2000    1.5612925   0.15571488    1.5764964 
    3000    1.6555086   0.17379908    1.7165434 
    4000    1.5365941   0.18270592    1.5792739 
    5000    1.6297633   0.16713066    1.7039058 
    6000    1.5240197   0.15507776    1.5453579 
    7000    1.6051298   0.18562532    1.6441115 
    8000    1.6212959   0.17108923    1.6518983 
    9000    1.5566761   0.15897799    1.5705069 
   10000    1.6172501   0.18044398    1.7347219 
   11000    1.5628178   0.17110897     1.590554 
   12000    1.6082554   0.17127651    1.6672117 
   13000    1.5847183   0.16739305    1.6402196 
   14000    1.5302635    0.1597112    1.5238469 
   15000    1.6090727   0.15768031    1.7029625 
   16000    1.5811859   0.15189593    1.5881274 
   17000    1.6497256   0.18449456    1.7346408 
   18000    1.5658459   0.16506471    1.6334701 
   19000    1.6089873   0.19010234    1.6781965 
   20000    1.5911369    0.1596689    1.6570051 
   21000    1.5873638   0.17261119    1.6287191 
   22000    1.5999509   0.16453514    1.6615863 
   23000    1.5920273   0.15366936    1.6328522 
   24000    1.6111235   0.16686128     1.661086 
   25000    1.6191689    0.1691216    1.6620718 
   26000    1.5779218   0.16595043    1.5939206 
   27000    1.6395153   0.18218154    1.7145403 
   28000    1.5912396   0.16373337    1.6252181 
   29000    1.6091875   0.17906325    1.6843125 
   30000    1.6411418   0.14779001    1.6927062 
   31000    1.5864393   0.17829731     1.633441 
   32000    1.6226326   0.14540771    1.6882982 
   33000    1.5637877   0.16609922     1.582764 
   34000    1.6428684   0.17291382    1.7294798 
   35000    1.5978285   0.16427083    1.6619626 
   36000    1.5782179   0.14647022    1.5904676 
   37000    1.5883435   0.16998249    1.6163994 
   38000    1.5962454   0.17460539    1.6663511 
   39000    1.5725201   0.16256805    1.6062024 
   40000    1.6655681   0.18319731    1.7429744 
   41000    1.5814053   0.16954154    1.6076374 
   42000    1.6097711   0.16894172    1.6653839 
   43000    1.5968174   0.16349817    1.6510393 
   44000    1.5617431    0.1540868     1.607553 
   45000    1.6370541   0.18410554    1.7114399 
   46000    1.5680348   0.14926743    1.5732252 
   47000    1.6065214   0.16910431     1.650153 
   48000    1.6102789   0.16705919    1.6474571 
   49000    1.5625193   0.15754725    1.5603992 
   50000    1.6407253   0.17657796    1.7370992 
Loop time of 8.7051 on 1 procs for 50000 steps with 1331 atoms

Performance: 1985044.173 tau/day, 5743.762 timesteps/s
99.8% CPU use with 1 MPI tasks x no OpenMP threads

MPI task timing breakdown:
Section |  min time  |  avg time  |  max time  |%varavg| %total
---------------------------------------------------------------
Pair    | 5.3851     | 5.3851     | 5.3851     |   0.0 | 61.86
Neigh   | 1.9902     | 1.9902     | 1.9902     |   0.0 | 22.86
Comm    | 0.36475    | 0.36475    | 0.36475    |   0.0 |  4.19
Output  | 0.022458   | 0.022458   | 0.022458   |   0.0 |  0.26
Modify  | 0.84993    | 0.84993    | 0.84993    |   0.0 |  9.76
Other   |            | 0.09265    |            |       |  1.06

Nlocal:    1331 ave 1331 max 1331 min
Histogram: 1 0 0 0 0 0 0 0 0 0
Nghost:    1306 ave 1306 max 1306 min
Histogram: 1 0 0 0 0 0 0 0 0 0
Neighs:    7660 ave 7660 max 7660 min
Histogram: 1 0 0 0 0 0 0 0 0 0

Total # of neighbors = 7660
Ave neighs/atom = 5.75507
Neighbor list builds = 2500
Dangerous builds not checked

write_restart NVT/sim1/T_1.60__v_8.00/end1.restart
Total wall time: 0:00:08
