run 50000
Neighbor list info ...
  update every 20 steps, delay 0 steps, check no
  max neighbors/atom: 2000, page size: 100000
  master list distance cutoff = 2.8
  ghost atom cutoff = 2.8
  binsize = 1.4, bins = 16 16 16
  1 neighbor lists, perpetual/occasional/extra = 1 0 0
  (1) pair lj/cut, perpetual
      attributes: half, newton on
      pair build: half/bin/atomonly/newton
      stencil: half/bin/3d/newton
      bin: standard
Per MPI rank memory allocation (min/avg/max) = 2.7 | 2.7 | 2.7 Mbytes
Step Temp Press Volume Density PotEng KinEng TotEng 
       0          0.5  0.017042887        10648        0.125  -0.13561964   0.74943651   0.61381687 
    1000     1.171925   0.16598132    4347.0469   0.30618488   -1.8411975    1.7565668 -0.084630683 
    2000   0.98691418   0.12045248     2533.592   0.52534109   -3.1771248    1.4792591   -1.6978658 
    3000   0.92612875    0.8955419    1754.5326    0.7586066   -4.5286144    1.3881494    -3.140465 
    4000   0.71567656    1.5137366    1528.0322   0.87105492   -5.3089552    1.0727083   -4.2362469 
    5000   0.56793249    1.5629019    1440.7393   0.92383126   -5.7716755    0.8512587   -4.9204168 
    6000   0.47092768     1.746049    1401.9265   0.94940783    -5.968452   0.70586079   -5.2625912 
    7000   0.48673461    1.6348116    1395.6155   0.95370107   -6.0306007   0.72955337   -5.3010473 
    8000   0.51498397      1.69222     1408.723   0.94482737   -5.9387647   0.77189558   -5.1668691 
    9000   0.50679716    1.6931541    1407.5623   0.94560644   -5.9423405   0.75962459   -5.1827159 
   10000   0.47990565    1.6713651    1398.0484   0.95204141   -6.0053888   0.71931764   -5.2860711 
   11000   0.50232528    1.7045435    1398.4201   0.95178837    -5.996576   0.75292181   -5.2436542 
   12000   0.51720715    1.7665154    1400.7989    0.9501721   -5.9737952   0.77522784   -5.1985673 
   13000   0.49758719      1.77764    1395.2973   0.95391854   -6.0073717   0.74582002   -5.2615516 
   14000   0.49620081    1.6766469    1393.2354   0.95533034   -6.0371361   0.74374201   -5.2933941 
   15000   0.52544442    1.6354791    1398.2116    0.9519303    -6.014996   0.78757447   -5.2274216 
   16000   0.50557358    1.6571297     1401.389   0.94977197   -5.9861155    0.7577906   -5.2283249 
   17000   0.49413273    1.5103508    1400.9709   0.95005544   -6.0220234   0.74064223   -5.2813812 
   18000   0.51175987     1.897899    1388.8206   0.95836711   -6.0276148   0.76706307   -5.2605518 
   19000   0.50464468    1.9141294    1390.2149   0.95740595    -6.020541    0.7563983   -5.2641427 
   20000   0.49828632    1.5474294    1396.5356   0.95307273   -6.0415894   0.74686793   -5.2947215 
   21000   0.49672015    1.6959455    1393.6033   0.95507811   -6.0356803   0.74452043   -5.2911598 
   22000   0.50568724    1.8577997    1384.4779   0.96137324   -6.0688248   0.75796097   -5.3108638 
   23000   0.49152058    1.7672584    1384.8675    0.9611028    -6.079982   0.73672694   -5.3432551 
   24000   0.50132284    1.5821971    1390.0906   0.95749158   -6.0803505   0.75141928   -5.3289312 
   25000   0.49791094    1.6406063    1389.1867   0.95811456   -6.0780133   0.74630528   -5.3317081 
   26000   0.49411246    2.0392231    1374.3084   0.96848714   -6.0977449   0.74061184   -5.3571331 
   27000   0.50520459    1.7647457    1378.6382    0.9654455   -6.1241356   0.75723754   -5.3668981 
   28000   0.49713288    1.6476512    1383.9212   0.96175993   -6.1108158   0.74513907   -5.3656767 
   29000   0.50107432    1.6621763    1377.5038   0.96624051   -6.1515141   0.75104678   -5.4004673 
   30000   0.50405374    1.7583953    1372.3951   0.96983731   -6.1641761   0.75551256   -5.4086635 
   31000   0.49258827    1.7969853    1375.7456   0.96747538   -6.1306438   0.73832727   -5.3923165 
   32000   0.49048926    1.3489493    1383.8251   0.96182675   -6.1584125   0.73518113   -5.4232314 
   33000   0.50707895    1.8079162    1372.2576   0.96993454   -6.1562128   0.76004696   -5.3961659 
   34000   0.51599348    1.8089315    1371.2724   0.97063133   -6.1654057   0.77340871    -5.391997 
   35000   0.46139941    1.6123014    1373.2335   0.96924525    -6.173519   0.69157913   -5.4819398 
   36000   0.49260498     1.646537    1368.9748   0.97226042   -6.2108651   0.73835231   -5.4725128 
   37000   0.52090886    1.8491678    1369.8607   0.97163162    -6.173433   0.78077623   -5.3926568 
   38000    0.5076498    1.6923085    1370.9099   0.97088801   -6.1932534   0.76090259   -5.4323508 
   39000    0.4755403    1.6841182    1367.2285   0.97350222   -6.2164186   0.71277453   -5.5036441 
   40000   0.49146145    1.7807421    1366.5346   0.97399659   -6.2076036   0.73663831   -5.4709653 
   41000   0.53382613     1.798518    1364.5258   0.97543042   -6.2269078   0.80013759   -5.4267702 
   42000   0.49661899    1.6428278    1366.1699   0.97425656   -6.2309302    0.7443688   -5.4865614 
   43000   0.47675332    1.5901608    1367.3867   0.97338962   -6.2238932    0.7145927   -5.5093005 
   44000   0.49874804    1.9344133    1363.3042   0.97630449   -6.2004545   0.74755999   -5.4528945 
   45000   0.52748811    1.6687476    1364.4549   0.97548116   -6.2446094    0.7906377   -5.4539717 
   46000   0.50101108    1.3646068    1367.5098   0.97330199   -6.2693218   0.75095199   -5.5183698 
   47000   0.49085964    1.8824466    1357.3634   0.98057749    -6.247881   0.73573627   -5.5121447 
   48000   0.50252425    1.8387775     1360.268   0.97848364   -6.2334939   0.75322005   -5.4802739 
   49000   0.48246179    1.7007764    1365.7057   0.97458771   -6.2208273   0.72314896   -5.4976783 
   50000   0.48491066    1.7758118    1358.6438   0.97965338   -6.2575235    0.7268195    -5.530704 
Loop time of 42.5359 on 1 procs for 50000 steps with 1331 atoms

Performance: 406244.816 tau/day, 1175.477 timesteps/s
100.0% CPU use with 1 MPI tasks x no OpenMP threads

MPI task timing breakdown:
Section |  min time  |  avg time  |  max time  |%varavg| %total
---------------------------------------------------------------
Pair    | 34.4       | 34.4       | 34.4       |   0.0 | 80.87
Neigh   | 5.0873     | 5.0873     | 5.0873     |   0.0 | 11.96
Comm    | 0.74173    | 0.74173    | 0.74173    |   0.0 |  1.74
Output  | 0.024639   | 0.024639   | 0.024639   |   0.0 |  0.06
Modify  | 2.0577     | 2.0577     | 2.0577     |   0.0 |  4.84
Other   |            | 0.2246     |            |       |  0.53

Nlocal:    1331 ave 1331 max 1331 min
Histogram: 1 0 0 0 0 0 0 0 0 0
Nghost:    3206 ave 3206 max 3206 min
Histogram: 1 0 0 0 0 0 0 0 0 0
Neighs:    57384 ave 57384 max 57384 min
Histogram: 1 0 0 0 0 0 0 0 0 0

Total # of neighbors = 57384
Ave neighs/atom = 43.1134
Neighbor list builds = 2500
Dangerous builds not checked

write_restart lattice_11_11_11__2_2_2/sim1/T_0.50__P_1.70/end1.restart
Total wall time: 0:00:42
