run 50000
Neighbor list info ...
  update every 20 steps, delay 0 steps, check no
  max neighbors/atom: 2000, page size: 100000
  master list distance cutoff = 2.8
  ghost atom cutoff = 2.8
  binsize = 1.4, bins = 16 16 16
  1 neighbor lists, perpetual/occasional/extra = 1 0 0
  (1) pair lj/cut, perpetual
      attributes: half, newton on
      pair build: half/bin/atomonly/newton
      stencil: half/bin/3d/newton
      bin: standard
Per MPI rank memory allocation (min/avg/max) = 2.7 | 2.7 | 2.7 Mbytes
Step Temp Press Volume Density PotEng KinEng TotEng 
       0          1.3   0.11696776        10648        0.125  -0.13561964    1.9485349    1.8129153 
    1000    1.7435954   0.28127222    7001.5588   0.19010052   -1.0346901    2.6134281     1.578738 
    2000    1.5533316   0.33177178    5247.3882      0.25365   -1.5011599    2.3282468   0.82708693 
    3000    1.3954691   0.29207101    4122.7591   0.32284205   -1.8992613     2.091631   0.19236968 
    4000    1.3614875   0.33855945    3354.9771   0.39672402   -2.2867875    2.0406969  -0.24609064 
    5000    1.3542478   0.43323898    2848.3223   0.46729263   -2.6916401    2.0298455  -0.66179459 
    6000    1.3011501   0.61408675    2512.5987   0.52973043   -2.9888319    1.9502588   -1.0385731 
    7000    1.2989262   0.74394379     2299.303   0.57887108   -3.2943506    1.9469254   -1.3474252 
    8000     1.292292   0.68615476    2187.0095   0.60859362   -3.4891939    1.9369816   -1.5522123 
    9000     1.278315   0.86240146    2143.0842   0.62106752   -3.5085625    1.9160318   -1.5925307 
   10000     1.310505   0.62503315    2164.9251   0.61480188   -3.5177264    1.9642806   -1.5534459 
   11000    1.3203457   0.72093285    2194.4953    0.6065176   -3.4814626    1.9790306   -1.5024319 
   12000    1.3145627   0.84667495    2170.2765    0.6132859   -3.4835935    1.9703625    -1.513231 
   13000    1.3081121    0.7820352     2151.389   0.61867008   -3.5400467    1.9606939   -1.5793528 
   14000    1.2680426   0.75687994    2168.7321   0.61372265   -3.4910411    1.9006349   -1.5904062 
   15000    1.2885763   0.88233519    2198.5762   0.60539181   -3.4273189    1.9314123   -1.4959066 
   16000    1.2864588   0.83921887    2206.8611   0.60311905   -3.4235427    1.9282384   -1.4953044 
   17000     1.296004   0.86576444    2157.9109   0.61680027   -3.5199072    1.9425454   -1.5773618 
   18000    1.3203025   0.95984274    2121.8743   0.62727561   -3.5395229    1.9789658   -1.5605571 
   19000    1.3496044   0.78222608    2171.7207   0.61287808   -3.5042927    2.0228857    -1.481407 
   20000    1.3038112   0.83663772    2184.0092   0.60942967   -3.4599146    1.9542475   -1.5056671 
   21000    1.2854538   0.78652768    2134.1117   0.62367869   -3.5580727     1.926732   -1.6313407 
   22000    1.2953162    0.7323807    2164.1801   0.61501351   -3.5180951    1.9415145   -1.5765806 
   23000    1.2873302   0.71041748    2202.4456    0.6043282   -3.4345232    1.9295445   -1.5049787 
   24000    1.2941831   0.78719367    2184.8728   0.60918878   -3.4798574    1.9398162   -1.5400413 
   25000    1.3782571    1.0044595    2138.2639    0.6224676   -3.5047819    2.0658324   -1.4389494 
   26000    1.3344244   0.88387057    2236.0137   0.59525574   -3.3603875    2.0001327   -1.3602548 
   27000    1.2790935   0.90293543    2235.2495   0.59545925   -3.3359865    1.9171987   -1.4187877 
   28000    1.3192292   0.55608388    2193.5992   0.60676536   -3.4932637    1.9773571   -1.5159066 
   29000     1.293589   0.74920053    2166.8685   0.61425048   -3.5186526    1.9389257   -1.5797269 
   30000    1.2996608   0.69756212    2177.0452   0.61137914   -3.5232368    1.9480266   -1.5752102 
   31000    1.3044023    0.6769399     2182.769   0.60977592   -3.4763145    1.9551334   -1.5211811 
   32000    1.3205361   0.89182046    2209.1122   0.60250449    -3.392637     1.979316   -1.4133211 
   33000    1.3300746   0.88899527     2153.049   0.61819309   -3.4946415    1.9936129   -1.5010286 
   34000    1.3047755   0.78545151    2142.5535   0.62122136   -3.5501131    1.9556928   -1.5944202 
   35000    1.2803589   0.79306146    2178.8403   0.61087541   -3.4789336    1.9190954   -1.5598382 
   36000    1.2788043   0.64717108    2228.4906   0.59726526   -3.4062106    1.9167652   -1.4894454 
   37000    1.3002302   0.62753491     2200.438   0.60487956   -3.4858188      1.94888   -1.5369389 
   38000    1.2825757   0.88719423    2136.0444   0.62311438   -3.5326043    1.9224181   -1.6101861 
   39000    1.3257725    1.0251616    2140.8239   0.62172326   -3.5015644    1.9871646   -1.5143998 
   40000    1.3327443   0.75922043    2162.2259   0.61556936   -3.4959748    1.9976145   -1.4983603 
   41000    1.2521113   0.56824305    2180.2955    0.6104677   -3.5199143    1.8767558   -1.6431585 
   42000    1.2621997    0.7229362    2134.4454   0.62358119   -3.5955569    1.8918771   -1.7036799 
   43000    1.2844596    0.7011751    2161.2712   0.61584127   -3.5072053    1.9252419   -1.5819635 
   44000    1.3015638   0.92096629    2165.9987   0.61449713    -3.464558    1.9508789    -1.513679 
   45000    1.2649603   0.92427365    2140.6006   0.62178811   -3.5208742    1.8960149   -1.6248593 
   46000    1.2850657    0.8601352    2110.2065   0.63074395   -3.5900255    1.9261503   -1.6638752 
   47000    1.2873285   0.77006415    2178.8071   0.61088473   -3.4604608     1.929542   -1.5309188 
   48000    1.3312772   0.78891348    2188.4371   0.60819659   -3.4771592    1.9954156   -1.4817436 
   49000    1.2826387   0.88564618    2142.7065   0.62117701   -3.5387993    1.9225126   -1.6162867 
   50000    1.2562154    0.7382847    2150.7786   0.61884567   -3.5425552    1.8829074   -1.6596478 
Loop time of 33.8416 on 1 procs for 50000 steps with 1331 atoms

Performance: 510613.496 tau/day, 1477.470 timesteps/s
99.9% CPU use with 1 MPI tasks x no OpenMP threads

MPI task timing breakdown:
Section |  min time  |  avg time  |  max time  |%varavg| %total
---------------------------------------------------------------
Pair    | 26.187     | 26.187     | 26.187     |   0.0 | 77.38
Neigh   | 4.3838     | 4.3838     | 4.3838     |   0.0 | 12.95
Comm    | 0.76152    | 0.76152    | 0.76152    |   0.0 |  2.25
Output  | 0.025663   | 0.025663   | 0.025663   |   0.0 |  0.08
Modify  | 2.324      | 2.324      | 2.324      |   0.0 |  6.87
Other   |            | 0.1594     |            |       |  0.47

Nlocal:    1331 ave 1331 max 1331 min
Histogram: 1 0 0 0 0 0 0 0 0 0
Nghost:    2611 ave 2611 max 2611 min
Histogram: 1 0 0 0 0 0 0 0 0 0
Neighs:    37254 ave 37254 max 37254 min
Histogram: 1 0 0 0 0 0 0 0 0 0

Total # of neighbors = 37254
Ave neighs/atom = 27.9895
Neighbor list builds = 2500
Dangerous builds not checked

write_restart lattice_11_11_11__2_2_2/sim1/T_1.30__P_0.80/end1.restart
Total wall time: 0:00:33
