run 50000
Neighbor list info ...
  update every 20 steps, delay 0 steps, check no
  max neighbors/atom: 2000, page size: 100000
  master list distance cutoff = 2.8
  ghost atom cutoff = 2.8
  binsize = 1.4, bins = 16 16 16
  1 neighbor lists, perpetual/occasional/extra = 1 0 0
  (1) pair lj/cut, perpetual
      attributes: half, newton on
      pair build: half/bin/atomonly/newton
      stencil: half/bin/3d/newton
      bin: standard
Per MPI rank memory allocation (min/avg/max) = 2.7 | 2.7 | 2.7 Mbytes
Step Temp Press Volume Density PotEng KinEng TotEng 
       0          1.1  0.091986538        10648        0.125  -0.13561964    1.6487603    1.5131407 
    1000    1.6874499    0.2956748    6097.9259   0.21827094   -1.2560862    2.5292732    1.2731869 
    2000    1.4190632   0.26387577    4243.1085   0.31368512   -1.7994085    2.1269956   0.32758704 
    3000     1.306544   0.24164679    3167.6234   0.42018885    -2.485028    1.9583436  -0.52668447 
    4000     1.227643    0.4305407    2488.8724   0.53478034    -3.085982     1.840081    -1.245901 
    5000    1.2160269   0.61652911    2083.7991   0.63873721   -3.7037907    1.8226699   -1.8811208 
    6000    1.1387603   0.94684616    1882.8786   0.70689635   -4.1167269    1.7068571   -2.4098698 
    7000     1.080882     1.075647     1797.333   0.74054166   -4.3253853    1.6201048   -2.7052805 
    8000    1.0900866    1.2455762    1786.1725   0.74516881   -4.3413943    1.6339014    -2.707493 
    9000    1.1122909    1.1918878      1831.94   0.72655217   -4.2117658    1.6671829   -2.5445829 
   10000      1.10719     1.300744    1835.4471   0.72516389   -4.1749341    1.6595373   -2.5153968 
   11000    1.1042325    1.1361604    1807.4755   0.73638619   -4.2921648    1.6551043   -2.6370606 
   12000    1.0946705    1.2461244    1795.7134   0.74120961   -4.3087523    1.6407721   -2.6679802 
   13000    1.1282399    1.1202285    1799.5773   0.73961812   -4.3313668    1.6910884   -2.6402784 
   14000    1.0930827    1.3523365     1807.651    0.7363147   -4.2500909    1.6383922   -2.6116988 
   15000     1.125563    1.2612124    1816.8473   0.73258769   -4.2539496     1.687076   -2.5668736 
   16000    1.1028371    1.2444019    1814.9662   0.73334698   -4.2506586    1.6530127   -2.5976458 
   17000    1.1081169    1.0924112    1794.6717   0.74163983   -4.3507789    1.6609265   -2.6898524 
   18000    1.1121089    1.1184349    1800.2815   0.73932882   -4.3162627    1.6669101   -2.6493526 
   19000    1.0842308    1.2292052    1830.4657   0.72713735    -4.201613    1.6251243   -2.5764887 
   20000    1.0909073    1.1518772    1827.6377    0.7282625    -4.230276    1.6351315   -2.5951445 
   21000    1.0907107   0.88574271    1800.9633   0.73904894   -4.3613298    1.6348369   -2.7264929 
   22000    1.1197561    1.1496974    1808.1422   0.73611467   -4.3152593    1.6783723    -2.636887 
   23000    1.1134426     1.188558    1825.5063   0.72911278    -4.238843    1.6689091    -2.569934 
   24000    1.1021482    1.1334532    1816.8656   0.73258031   -4.2733956    1.6519802   -2.6214154 
   25000    1.0720805    1.2423879    1806.8555   0.73663888   -4.2811282    1.6069125   -2.6742157 
   26000    1.0928073     1.025784    1831.3816   0.72677372    -4.249254    1.6379794   -2.6112746 
   27000    1.0643413    1.3466483      1825.04   0.72929909   -4.2100809    1.5953125   -2.6147684 
   28000    1.0631307    1.2620899    1805.6716   0.73712187   -4.2730208    1.5934979   -2.6795229 
   29000     1.131475    1.3704039    1804.7653   0.73749202   -4.2755075    1.6959374   -2.5795701 
   30000    1.1246825    1.2292296    1829.5976   0.72748236   -4.2063032    1.6857562    -2.520547 
   31000    1.0931612    1.3879255    1794.4997   0.74171089   -4.2851856    1.6385098   -2.6466758 
   32000    1.1405132    1.2292841    1797.9516   0.74028689   -4.3272224    1.7094845   -2.6177379 
   33000    1.1345533    1.1178082    1823.7223   0.72982602   -4.2473133    1.7005513    -2.546762 
   34000    1.1241775     1.118823    1819.2047   0.73163838   -4.2599491    1.6849993   -2.5749498 
   35000    1.0900732    1.4705246    1790.3171    0.7434437   -4.2883542    1.6338814   -2.6544729 
   36000    1.1116889    1.1890793    1808.2945   0.73605269   -4.2732247    1.6662805   -2.6069442 
   37000    1.1367724    1.4646191    1808.7564   0.73586472   -4.2221793    1.7038775   -2.5183018 
   38000    1.1146553    1.4273658    1790.8609   0.74321795   -4.2770067    1.6707268   -2.6062799 
   39000    1.1405276    1.3315518    1791.3391   0.74301955   -4.3138297     1.709506   -2.6043237 
   40000    1.1054791    1.1048394    1800.3997   0.73928028   -4.3139667    1.6569728   -2.6569939 
   41000    1.0828137    1.0675905    1792.4461   0.74256069   -4.3523449    1.6230002   -2.7293447 
   42000    1.0873116    1.1534196    1819.0573   0.73169769   -4.2589191     1.629742   -2.6291771 
   43000    1.0941734    1.0688099    1817.6891   0.73224844     -4.27258    1.6400269   -2.6325531 
   44000    1.0625479    1.0446686    1797.5533   0.74045094   -4.3468797    1.5926244   -2.7542554 
   45000    1.0555356    1.0441015    1821.0978   0.73087783   -4.2649832    1.5821139   -2.6828693 
   46000    1.0732496   0.95446914    1833.1386   0.72607712   -4.2499443    1.6086649   -2.6412793 
   47000    1.0922225    1.0261384    1837.4214   0.72438472   -4.2422621    1.6371029   -2.6051592 
   48000    1.1099069   0.99751535    1850.0333    0.7194465   -4.2029776    1.6636095   -2.5393681 
   49000    1.1147108    1.1067851    1812.2726   0.73443699    -4.312126    1.6708099   -2.6413161 
   50000    1.0949589    1.1374096    1816.9973   0.73252721   -4.2614712    1.6412044   -2.6202668 
Loop time of 38.9853 on 1 procs for 50000 steps with 1331 atoms

Performance: 443244.433 tau/day, 1282.536 timesteps/s
99.9% CPU use with 1 MPI tasks x no OpenMP threads

MPI task timing breakdown:
Section |  min time  |  avg time  |  max time  |%varavg| %total
---------------------------------------------------------------
Pair    | 30.71      | 30.71      | 30.71      |   0.0 | 78.77
Neigh   | 4.9461     | 4.9461     | 4.9461     |   0.0 | 12.69
Comm    | 0.7944     | 0.7944     | 0.7944     |   0.0 |  2.04
Output  | 0.026057   | 0.026057   | 0.026057   |   0.0 |  0.07
Modify  | 2.3372     | 2.3372     | 2.3372     |   0.0 |  6.00
Other   |            | 0.1716     |            |       |  0.44

Nlocal:    1331 ave 1331 max 1331 min
Histogram: 1 0 0 0 0 0 0 0 0 0
Nghost:    2821 ave 2821 max 2821 min
Histogram: 1 0 0 0 0 0 0 0 0 0
Neighs:    43783 ave 43783 max 43783 min
Histogram: 1 0 0 0 0 0 0 0 0 0

Total # of neighbors = 43783
Ave neighs/atom = 32.8948
Neighbor list builds = 2500
Dangerous builds not checked

write_restart lattice_11_11_11__2_2_2/sim1/T_1.10__P_1.20/end1.restart
Total wall time: 0:00:39
