run 50000
Neighbor list info ...
  update every 20 steps, delay 0 steps, check no
  max neighbors/atom: 2000, page size: 100000
  master list distance cutoff = 2.8
  ghost atom cutoff = 2.8
  binsize = 1.4, bins = 16 16 16
  1 neighbor lists, perpetual/occasional/extra = 1 0 0
  (1) pair lj/cut, perpetual
      attributes: half, newton on
      pair build: half/bin/atomonly/newton
      stencil: half/bin/3d/newton
      bin: standard
Per MPI rank memory allocation (min/avg/max) = 2.7 | 2.7 | 2.7 Mbytes
Step Temp Press Volume Density PotEng KinEng TotEng 
       0          1.2   0.10447715        10648        0.125  -0.13561964    1.7986476     1.663028 
    1000    1.8998556   0.42520976    5537.5185   0.24036037   -1.2888205    2.8476423    1.5588218 
    2000    1.6600869   0.48725726    3699.9147   0.35973802   -2.0248985    2.4882595   0.46336108 
    3000    1.4790241   0.63523304    2718.5466   0.48959985   -2.7494769    2.2168693  -0.53260758 
    4000    1.3959162    1.0039891    2161.0815   0.61589533    -3.468193    2.0923012   -1.3758918 
    5000    1.3120087    1.3594096    1888.3489   0.70484855    -4.030556    1.9665344   -2.0640215 
    6000    1.1496497    1.9070346    1765.9906   0.75368465    -4.267405    1.7231789   -2.5442261 
    7000    1.1555671    1.9649719     1729.871   0.76942153   -4.4145739    1.7320484   -2.6825256 
    8000    1.2320012    1.8123263    1760.4417   0.75606025   -4.3298463    1.8466133    -2.483233 
    9000    1.2140974    1.8021132    1780.0026   0.74775171   -4.2418153    1.8197779   -2.4220374 
   10000    1.1793348    2.1295821    1749.9778   0.76058109   -4.2979969    1.7676732   -2.5303238 
   11000    1.1675042    1.9135957    1740.2252   0.76484354   -4.3710678    1.7499405   -2.6211273 
   12000    1.1959046    1.9579669    1757.1837   0.75746206   -4.3046207    1.7925091   -2.5121115 
   13000    1.2161237    1.8274758    1773.8835   0.75033114   -4.2676179     1.822815   -2.4448029 
   14000      1.16835    1.8923135    1756.3996   0.75780024    -4.304448    1.7512084   -2.5532397 
   15000    1.1768938    1.7724045     1753.811   0.75891871    -4.345729    1.7640144   -2.5817145 
   16000    1.2013739    1.7792177    1772.5351   0.75090194   -4.2904563    1.8007069   -2.4897495 
   17000     1.207712    1.9451169     1763.041   0.75494559   -4.2741976    1.8102069   -2.4639907 
   18000    1.2135358     2.037336    1739.3577     0.765225   -4.3577061    1.8189361     -2.53877 
   19000    1.2351118    1.9103268    1736.1648    0.7666323   -4.3855082    1.8512758   -2.5342324 
   20000    1.2337457    1.9133575     1748.521   0.76121477   -4.3427266    1.8492282   -2.4934984 
   21000    1.2036432    1.9751964    1755.0904    0.7583655   -4.3187677    1.8041083   -2.5146595 
   22000    1.1841133    1.9623068     1746.384   0.76214624   -4.3271448    1.7748355   -2.5523093 
   23000    1.2034761    1.8187844    1746.4142   0.76213308   -4.3515617    1.8038578   -2.5477039 
   24000    1.1994268    1.8588428    1769.3371   0.75225914   -4.2949609    1.7977885   -2.4971724 
   25000    1.1878189    1.6754336     1778.451   0.74840407   -4.2978116    1.7803897   -2.5174219 
   26000    1.1409872    1.8981657    1759.9312   0.75627957   -4.2942165    1.7101949   -2.5840216 
   27000    1.1933967     1.834937    1753.2461   0.75916324   -4.3368241    1.7887501    -2.548074 
   28000    1.2007327     1.944547    1762.9055   0.75500359   -4.2884445    1.7997459   -2.4886986 
   29000    1.2183733    2.0528369    1744.9258   0.76278314    -4.323485    1.8261868   -2.4972982 
   30000    1.2461287    2.0816275    1727.3152   0.77056001   -4.3920718    1.8677886   -2.5242832 
   31000    1.1832721    1.9872633    1751.0151   0.76013052   -4.3176357    1.7735746    -2.544061 
   32000    1.2097872    1.8928124    1767.3428   0.75310799   -4.2862287    1.8133174   -2.4729112 
   33000     1.199978    1.7407685    1746.7216   0.76199893    -4.379777    1.7986147   -2.5811623 
   34000    1.1774151    1.9361578    1744.5962   0.76292725   -4.3631429    1.7647958   -2.5983471 
   35000    1.1945755    1.9647645    1762.5459   0.75515762   -4.2802973     1.790517   -2.4897802 
   36000    1.2100013    2.2825209    1741.8529   0.76412881   -4.3106609    1.8136383   -2.4970226 
   37000    1.1774905    2.2200407    1728.7902   0.76990254   -4.3433511    1.7649087   -2.5784424 
   38000     1.220246     1.983126    1757.5149   0.75731934   -4.2904319    1.8289938   -2.4614381 
   39000    1.1851643     2.158979    1753.5471   0.75903293   -4.2699805    1.7764108   -2.4935697 
   40000    1.2086394     1.810468    1751.0334   0.76012256   -4.3606038     1.811597   -2.5490068 
   41000    1.1798664    1.6972818    1748.0563   0.76141712   -4.3894251    1.7684699   -2.6209552 
   42000    1.1802754    1.5703515    1759.9095    0.7562889    -4.367511     1.769083    -2.598428 
   43000    1.1959572    1.8111881    1767.5559   0.75301721   -4.2940365     1.792588   -2.5014485 
   44000    1.1913494    1.8757081    1750.2304   0.76047131   -4.3335191    1.7856815   -2.5478376 
   45000    1.1879846    1.9663737    1727.1108   0.77065119   -4.3973683    1.7806381   -2.6167302 
   46000    1.2043166    2.0719867    1736.3716   0.76654101   -4.3418873    1.8051177   -2.5367697 
   47000    1.2255925    1.9101866    1756.6241   0.75770338   -4.3353722    1.8370075   -2.4983646 
   48000    1.2207591    2.0248662    1772.5612   0.75089086   -4.2429462    1.8297629   -2.4131834 
   49000    1.1938129    1.8697853    1748.0165   0.76143444   -4.3510313    1.7893739   -2.5616574 
   50000    1.1608156    2.0076937    1750.4395   0.76038046   -4.3056767    1.7399153   -2.5657614 
Loop time of 40.7221 on 1 procs for 50000 steps with 1331 atoms

Performance: 424339.779 tau/day, 1227.835 timesteps/s
99.5% CPU use with 1 MPI tasks x no OpenMP threads

MPI task timing breakdown:
Section |  min time  |  avg time  |  max time  |%varavg| %total
---------------------------------------------------------------
Pair    | 32.258     | 32.258     | 32.258     |   0.0 | 79.21
Neigh   | 5.0521     | 5.0521     | 5.0521     |   0.0 | 12.41
Comm    | 0.8233     | 0.8233     | 0.8233     |   0.0 |  2.02
Output  | 0.029413   | 0.029413   | 0.029413   |   0.0 |  0.07
Modify  | 2.3674     | 2.3674     | 2.3674     |   0.0 |  5.81
Other   |            | 0.1923     |            |       |  0.47

Nlocal:    1331 ave 1331 max 1331 min
Histogram: 1 0 0 0 0 0 0 0 0 0
Nghost:    2805 ave 2805 max 2805 min
Histogram: 1 0 0 0 0 0 0 0 0 0
Neighs:    45302 ave 45302 max 45302 min
Histogram: 1 0 0 0 0 0 0 0 0 0

Total # of neighbors = 45302
Ave neighs/atom = 34.0361
Neighbor list builds = 2500
Dangerous builds not checked

write_restart lattice_11_11_11__2_2_2/sim1/T_1.20__P_1.90/end1.restart
Total wall time: 0:00:40
