run 50000
Neighbor list info ...
  update every 20 steps, delay 0 steps, check no
  max neighbors/atom: 2000, page size: 100000
  master list distance cutoff = 2.8
  ghost atom cutoff = 2.8
  binsize = 1.4, bins = 10 10 10
  1 neighbor lists, perpetual/occasional/extra = 1 0 0
  (1) pair lj/cut, perpetual
      attributes: half, newton on
      pair build: half/bin/atomonly/newton
      stencil: half/bin/3d/newton
      bin: standard
Per MPI rank memory allocation (min/avg/max) = 2.732 | 2.732 | 2.732 Mbytes
Step Temp Press TotEng 
       0          1.6  -0.16767975   -1.7407555 
    1000    1.4393065   0.92370253   -1.2490822 
    2000    1.6783527    1.3737603  -0.79610733 
    3000    1.5929873    1.5322025  -0.91923725 
    4000    1.5705557    1.2743602  -0.97137479 
    5000    1.6529028    1.3795925  -0.82462292 
    6000     1.569202    1.3303634  -0.98312779 
    7000    1.6362071    1.3811069   -0.8661326 
    8000    1.5958969     1.267792  -0.94825372 
    9000    1.5975739    1.4343251  -0.90573669 
   10000    1.6169601    1.4390546  -0.88196139 
   11000    1.6113494       1.2284  -0.93952491 
   12000    1.6909089    1.5259153  -0.73721403 
   13000      1.60276    1.3758171  -0.91290687 
   14000     1.543773    1.5380786  -0.94351422 
   15000    1.6507213    1.4249734   -0.8293661 
   16000    1.5329896    1.4039835    -1.010445 
   17000    1.6009942    1.4666673  -0.89282957 
   18000    1.6015885    1.4836516  -0.90201922 
   19000    1.6185363    1.3135585   -0.9204306 
   20000     1.568571    1.5780647  -0.88813776 
   21000     1.583041    1.5331178  -0.91500101 
   22000    1.5576267    1.3676459  -0.97845827 
   23000    1.6562803     1.397611  -0.83727795 
   24000     1.566122    1.4215695  -0.95338956 
   25000    1.6301413    1.5281442  -0.84848291 
   26000    1.6592907    1.6194906  -0.79101036 
   27000    1.5808187    1.3546351  -0.94981589 
   28000    1.6014227    1.6092683  -0.84648978 
   29000    1.5848272    1.3045825  -0.94933019 
   30000    1.5670115    1.4426536  -0.93673326 
   31000    1.6209502    1.2975334  -0.87881014 
   32000    1.5296696    1.2163692   -1.0417839 
   33000     1.602591    1.4935875  -0.89437389 
   34000    1.6090847    1.5179114  -0.90563168 
   35000    1.5676505    1.3406673   -0.9742769 
   36000    1.6627775    1.3059016  -0.82665619 
   37000    1.5499467    1.3726795  -0.99731966 
   38000    1.6050747     1.341015  -0.91727861 
   39000    1.6042553    1.5292048   -0.8735465 
   40000    1.5407835    1.2955506   -1.0294362 
   41000    1.6281474    1.4105647  -0.87853598 
   42000    1.5882988    1.3363052  -0.95901488 
   43000    1.5729886    1.3693949  -0.98825127 
   44000    1.5940431    1.5205108  -0.87673745 
   45000    1.5647225    1.3701433  -0.98055066 
   46000    1.6695752    1.4302208  -0.80261445 
   47000    1.5825739     1.422112  -0.93892002 
   48000    1.6365247    1.3942428  -0.87621898 
   49000    1.6724209    1.5675817  -0.79981144 
   50000    1.5785698    1.2965656  -0.95794048 
Loop time of 28.1568 on 1 procs for 50000 steps with 1331 atoms

Performance: 613706.875 tau/day, 1775.772 timesteps/s
99.9% CPU use with 1 MPI tasks x no OpenMP threads

MPI task timing breakdown:
Section |  min time  |  avg time  |  max time  |%varavg| %total
---------------------------------------------------------------
Pair    | 22.711     | 22.711     | 22.711     |   0.0 | 80.66
Neigh   | 3.8022     | 3.8022     | 3.8022     |   0.0 | 13.50
Comm    | 0.64508    | 0.64508    | 0.64508    |   0.0 |  2.29
Output  | 0.024719   | 0.024719   | 0.024719   |   0.0 |  0.09
Modify  | 0.84638    | 0.84638    | 0.84638    |   0.0 |  3.01
Other   |            | 0.1279     |            |       |  0.45

Nlocal:    1331 ave 1331 max 1331 min
Histogram: 1 0 0 0 0 0 0 0 0 0
Nghost:    2567 ave 2567 max 2567 min
Histogram: 1 0 0 0 0 0 0 0 0 0
Neighs:    36512 ave 36512 max 36512 min
Histogram: 1 0 0 0 0 0 0 0 0 0

Total # of neighbors = 36512
Ave neighs/atom = 27.432
Neighbor list builds = 2500
Dangerous builds not checked

write_restart NVT/sim1/T_1.60__v_1.33/end1.restart
Total wall time: 0:00:28
