run 50000
Neighbor list info ...
  update every 20 steps, delay 0 steps, check no
  max neighbors/atom: 2000, page size: 100000
  master list distance cutoff = 2.8
  ghost atom cutoff = 2.8
  binsize = 1.4, bins = 16 16 16
  1 neighbor lists, perpetual/occasional/extra = 1 0 0
  (1) pair lj/cut, perpetual
      attributes: half, newton on
      pair build: half/bin/atomonly/newton
      stencil: half/bin/3d/newton
      bin: standard
Per MPI rank memory allocation (min/avg/max) = 2.7 | 2.7 | 2.7 Mbytes
Step Temp Press Volume Density PotEng KinEng TotEng 
       0          0.5  0.017042887        10648        0.125  -0.13561964   0.74943651   0.61381687 
    1000   0.98003274  0.069136588    5873.0646   0.22662785   -1.4766373    1.4689446 -0.0076926755 
    2000   0.86501946 0.0064093072    3866.3597   0.34425146   -2.4885235    1.2965543   -1.1919692 
    3000   0.78505151  -0.12832961    2706.0695   0.49185729   -3.5272164    1.1766925   -2.3505239 
    4000   0.70411488  -0.16183753    1978.3757   0.67277415   -4.4462454    1.0553788   -3.3908666 
    5000   0.63081091   0.31476241    1623.7951   0.81968468   -5.1403448   0.94550547   -4.1948394 
    6000   0.54484543   0.60071621    1502.8562   0.88564693   -5.5891144   0.81665413   -4.7724603 
    7000   0.46823543   0.67241482     1460.601   0.91126874   -5.8023735   0.70182546   -5.1005481 
    8000   0.47983455   0.57931953    1453.7304   0.91557554   -5.8618404   0.71921106   -5.1426294 
    9000   0.50902606   0.61907978    1466.7207   0.90746654   -5.7789589   0.76296543   -5.0159934 
   10000   0.50657276   0.62495699    1465.8821   0.90798569   -5.7982881   0.75928825   -5.0389998 
   11000   0.47482422   0.69730021    1454.6559   0.91499304   -5.8323924   0.71170122   -5.1206911 
   12000   0.50929663   0.45069998    1460.6757    0.9112221   -5.8449979   0.76337098   -5.0816269 
   13000   0.50851484   0.63851543    1458.4923   0.91258624   -5.8255402   0.76219918    -5.063341 
   14000   0.49445752   0.56702532    1453.4318   0.91576362    -5.869352   0.74112904    -5.128223 
   15000   0.49701407   0.64099721    1448.1003   0.91913522   -5.8774397   0.74496098   -5.1324787 
   16000   0.51773105   0.65637363    1456.3844   0.91390705   -5.8325415   0.77601311   -5.0565284 
   17000   0.51202955   0.62205189     1464.937   0.90857152   -5.7943542   0.76746728    -5.026887 
   18000   0.47834461   0.72976682    1455.8977    0.9142126   -5.8168631   0.71697784   -5.0998852 
   19000   0.50347326   0.61404476    1451.3721   0.91706326   -5.8740088   0.75464249   -5.1193663 
   20000   0.50808962   0.58933269    1459.8398   0.91174389   -5.8267479   0.76156183   -5.0651861 
   21000   0.49543414    0.6740637    1462.4499   0.91011665   -5.7962519   0.74259286    -5.053659 
   22000   0.47872023   0.59623874    1461.2659   0.91085407   -5.8125964   0.71754084   -5.0950556 
   23000   0.48454578   0.57804287    1463.0162   0.90976436   -5.8087033   0.72627261   -5.0824307 
   24000   0.51376872   0.46331323    1464.4087   0.90889927   -5.8258376   0.77007407   -5.0557635 
   25000   0.49845342   0.35555344    1472.5164   0.90389483    -5.796065   0.74711838   -5.0489467 
   26000   0.48056868   0.48527539    1468.0074    0.9066712   -5.7970664   0.72031143    -5.076755 
   27000   0.48728114   0.58004915    1466.2569   0.90775359   -5.7991501   0.73037256   -5.0687776 
   28000   0.49167164    0.4398018    1473.0073   0.90359359    -5.782128   0.73695335   -5.0451746 
   29000   0.48450381   0.50911114    1467.4856   0.90699354   -5.7963865   0.72620969   -5.0701768 
   30000   0.49102425   0.50292156    1460.6709    0.9112251   -5.8333259     0.735983   -5.0973429 
   31000   0.50340502    0.5421373    1463.5874   0.90940929   -5.8189088   0.75454021   -5.0643686 
   32000   0.50197857   0.59110086    1461.1142   0.91094866   -5.8194646   0.75240214   -5.0670625 
   33000   0.49247963   0.46112228    1461.7571     0.910548   -5.8379068   0.73816444   -5.0997424 
   34000   0.48837781   0.51230081    1464.0634   0.90911366   -5.8069668   0.73201632   -5.0749504 
   35000   0.49860876   0.33415342    1470.6266   0.90505639   -5.8096936   0.74735122   -5.0623423 
   36000   0.49552795   0.39061155    1461.7236   0.91056885   -5.8433035   0.74273347     -5.10057 
   37000   0.47510599   0.50586275    1461.1384   0.91093354   -5.8272137   0.71212356   -5.1150901 
   38000   0.50703705   0.49457435    1466.1127   0.90784287   -5.8061654   0.75998416   -5.0461812 
   39000   0.52716226   0.48537296    1468.3025   0.90648895   -5.8069742    0.7901493   -5.0168249 
   40000   0.49220974   0.43827157     1462.783   0.90990943   -5.8335379   0.73775991    -5.095778 
   41000    0.4963235   0.34407429    1462.6049   0.91002019   -5.8551242   0.74392591   -5.1111983 
   42000   0.49262318   0.64995873    1460.0573   0.91160803   -5.8060067   0.73837959   -5.0676271 
   43000   0.49140158   0.62654067    1462.3973   0.91014937   -5.8012974   0.73654857   -5.0647488 
   44000   0.49138897   0.54118117    1465.4461   0.90825583    -5.808223   0.73652968   -5.0716933 
   45000   0.49361894   0.56950071    1466.7401   0.90745458   -5.7923155   0.73987212   -5.0524434 
   46000   0.50885627    0.5561154    1462.2537   0.91023877   -5.8222003   0.76271094   -5.0594894 
   47000   0.48491217   0.58362599    1459.6111   0.91188673   -5.8228076   0.72682177   -5.0959858 
   48000   0.50118641   0.61481344    1462.4536   0.91011435   -5.8051526   0.75121479   -5.0539378 
   49000   0.50630871   0.71193779    1463.1465   0.90968335   -5.7808771   0.75889246   -5.0219846 
   50000   0.50100375   0.73375543    1452.1254   0.91658752   -5.8410792   0.75094101   -5.0901382 
Loop time of 39.75 on 1 procs for 50000 steps with 1331 atoms

Performance: 434716.512 tau/day, 1257.860 timesteps/s
100.0% CPU use with 1 MPI tasks x no OpenMP threads

MPI task timing breakdown:
Section |  min time  |  avg time  |  max time  |%varavg| %total
---------------------------------------------------------------
Pair    | 32.18      | 32.18      | 32.18      |   0.0 | 80.96
Neigh   | 4.5492     | 4.5492     | 4.5492     |   0.0 | 11.44
Comm    | 0.72406    | 0.72406    | 0.72406    |   0.0 |  1.82
Output  | 0.024278   | 0.024278   | 0.024278   |   0.0 |  0.06
Modify  | 2.0551     | 2.0551     | 2.0551     |   0.0 |  5.17
Other   |            | 0.2172     |            |       |  0.55

Nlocal:    1331 ave 1331 max 1331 min
Histogram: 1 0 0 0 0 0 0 0 0 0
Nghost:    3140 ave 3140 max 3140 min
Histogram: 1 0 0 0 0 0 0 0 0 0
Neighs:    53940 ave 53940 max 53940 min
Histogram: 1 0 0 0 0 0 0 0 0 0

Total # of neighbors = 53940
Ave neighs/atom = 40.5259
Neighbor list builds = 2500
Dangerous builds not checked

write_restart lattice_11_11_11__2_2_2/sim1/T_0.50__P_0.60/end1.restart
Total wall time: 0:00:39
