run 50000
Neighbor list info ...
  update every 20 steps, delay 0 steps, check no
  max neighbors/atom: 2000, page size: 100000
  master list distance cutoff = 2.8
  ghost atom cutoff = 2.8
  binsize = 1.4, bins = 16 16 16
  1 neighbor lists, perpetual/occasional/extra = 1 0 0
  (1) pair lj/cut, perpetual
      attributes: half, newton on
      pair build: half/bin/atomonly/newton
      stencil: half/bin/3d/newton
      bin: standard
Per MPI rank memory allocation (min/avg/max) = 2.7 | 2.7 | 2.7 Mbytes
Step Temp Press Volume Density PotEng KinEng TotEng 
       0          1.7   0.16693019        10648        0.125  -0.13561964    2.5480841    2.4124645 
    1000    2.2046508   0.39497623    7099.7233    0.1874721  -0.99185589    3.3044916    2.3126358 
    2000    1.9209176   0.47088037      5411.55   0.24595541   -1.3189642    2.8792115    1.5602473 
    3000    1.7850633   0.52333966    4344.1763    0.3063872   -1.6760081    2.6755833    0.9995752 
    4000    1.7136127   0.67819542    3640.5947   0.36559961   -1.9549499    2.5684878   0.61353796 
    5000    1.6880012    0.7562518    3162.3153   0.42089414    -2.256718    2.5300995   0.27338154 
    6000    1.7085456   0.81077428    2860.2843   0.46533836   -2.5246756     2.560893  0.036217361 
    7000    1.6899653   0.96412166    2685.8338   0.49556304   -2.7080451    2.5330434  -0.17500176 
    8000    1.6586004    1.1107046    2606.4253   0.51066109   -2.7493999    2.4860315  -0.26336847 
    9000    1.7076226    1.0630255    2574.8726   0.51691878   -2.8128713    2.5595095  -0.25336179 
   10000    1.6919533    1.0788387    2607.9764   0.51035738   -2.7571357    2.5360232  -0.22111252 
   11000    1.7254226   0.91034283    2609.1121   0.51013523   -2.7743679    2.5861894  -0.18817853 
   12000    1.6955073    1.0686986    2596.4321   0.51262654   -2.7528437    2.5413502  -0.21149356 
   13000    1.6350204    1.0405232    2617.7125    0.5084592   -2.7451007     2.450688  -0.29441267 
   14000    1.6920197     1.044807    2592.8425   0.51333623   -2.7604719    2.5361228  -0.22434918 
   15000    1.6999722       1.0488    2578.0373   0.51628422    -2.766156    2.5480424  -0.21811352 
   16000    1.6786618   0.96040854    2619.1601   0.50817817    -2.740293    2.5161009  -0.22419208 
   17000    1.7546161   0.94278007    2618.8772   0.50823307   -2.7574133    2.6299468  -0.12746649 
   18000    1.6676785    1.2070491    2583.2176   0.51524889   -2.7467003    2.4996383  -0.24706197 
   19000    1.6195828   0.81433692    2595.4779   0.51281499    -2.851072     2.427549  -0.42352303 
   20000    1.7346115    1.0025344    2546.1401   0.52275208   -2.8737503    2.5999623  -0.27378798 
   21000    1.7733977    1.0894895    2590.8442   0.51373217   -2.8077072    2.6580979  -0.14960927 
   22000    1.7023799    1.0488602    2641.5268   0.50387527   -2.7384371    2.5516513  -0.18678581 
   23000    1.7154175    0.9905673    2570.5344   0.51779116   -2.8193566    2.5711931  -0.24816353 
   24000    1.6769597     1.040295    2577.9156    0.5163086   -2.7887893    2.5135497  -0.27523955 
   25000    1.6678999   0.92645851     2603.433   0.51124803    -2.767652    2.4999702  -0.26768177 
   26000    1.7327695    1.0112621    2584.6592   0.51496152   -2.7841592    2.5972015   -0.1869577 
   27000     1.553612    1.0406978    2631.9716   0.50570455   -2.7279211    2.3286671  -0.39925402 
   28000     1.669746     1.104989    2539.9724   0.52402145   -2.8025179    2.5027373  -0.29978064 
   29000    1.7338618    1.0111352    2563.4812   0.51921583   -2.8236412    2.5988386  -0.22480256 
   30000    1.6707359    1.2149377    2598.5498   0.51220877   -2.7631557     2.504221  -0.25893462 
   31000    1.7417784   0.91315302    2569.0363   0.51809311   -2.8443671    2.6107047  -0.23366234 
   32000    1.7013606   0.89161471    2604.8305   0.51097375   -2.7943993    2.5501235  -0.24427581 
   33000    1.7131901   0.85483461    2616.9022   0.50861664    -2.781857    2.5678544  -0.21400258 
   34000     1.695086   0.97907598    2576.0461   0.51668331   -2.7952776    2.5407187   -0.2545589 
   35000    1.5893276   0.88649555    2619.5583   0.50810093   -2.7560156    2.3822003  -0.37381538 
   36000    1.7236677    1.1270923    2575.6942   0.51675389   -2.7914106    2.5835591  -0.20785153 
   37000    1.7174481    1.1248255    2602.2138   0.51148757    -2.744389    2.5742366  -0.17015242 
   38000    1.6784543   0.95378691    2646.1201    0.5030006   -2.7642167    2.5157898  -0.24842692 
   39000     1.708958    1.0208011    2615.3049   0.50892727   -2.7218573    2.5615111  -0.16034627 
   40000    1.6761031    1.0421872    2571.2716    0.5176427   -2.8087045    2.5122657  -0.29643875 
   41000    1.6301448    1.0223479     2557.033   0.52052515   -2.8213769    2.4433801  -0.37799685 
   42000    1.7089558    1.2046186    2566.0784   0.51869032   -2.7712457    2.5615077  -0.20973795 
   43000    1.7264183     1.188473    2603.9933   0.51113803    -2.743974    2.5876818  -0.15629219 
   44000    1.6416869   0.75499548    2685.4889    0.4956267   -2.7528637    2.4606802  -0.29218349 
   45000    1.7210375    1.1388176    2546.4981   0.52267857   -2.8020876    2.5796167   -0.2224709 
   46000    1.6981305   0.93750247    2543.5302   0.52328846   -2.8623581    2.5452821  -0.31707599 
   47000    1.6823692   0.97213416     2595.834   0.51274466   -2.8011014    2.5216578  -0.27944352 
   48000    1.7377515   0.80438244     2661.082   0.50017249   -2.7592776    2.6046688  -0.15460882 
   49000    1.7323591    1.0611519    2599.3843   0.51204434    -2.762428    2.5965864  -0.16584163 
   50000    1.6539384   0.99347432    2604.3455   0.51106891    -2.752964    2.4790436  -0.27392034 
Loop time of 26.6339 on 1 procs for 50000 steps with 1331 atoms

Performance: 648798.036 tau/day, 1877.309 timesteps/s
99.9% CPU use with 1 MPI tasks x no OpenMP threads

MPI task timing breakdown:
Section |  min time  |  avg time  |  max time  |%varavg| %total
---------------------------------------------------------------
Pair    | 20.005     | 20.005     | 20.005     |   0.0 | 75.11
Neigh   | 3.7924     | 3.7924     | 3.7924     |   0.0 | 14.24
Comm    | 0.63128    | 0.63128    | 0.63128    |   0.0 |  2.37
Output  | 0.024338   | 0.024338   | 0.024338   |   0.0 |  0.09
Modify  | 2.0514     | 2.0514     | 2.0514     |   0.0 |  7.70
Other   |            | 0.1292     |            |       |  0.49

Nlocal:    1331 ave 1331 max 1331 min
Histogram: 1 0 0 0 0 0 0 0 0 0
Nghost:    2379 ave 2379 max 2379 min
Histogram: 1 0 0 0 0 0 0 0 0 0
Neighs:    30732 ave 30732 max 30732 min
Histogram: 1 0 0 0 0 0 0 0 0 0

Total # of neighbors = 30732
Ave neighs/atom = 23.0894
Neighbor list builds = 2500
Dangerous builds not checked

write_restart lattice_11_11_11__2_2_2/sim1/T_1.70__P_1.00/end1.restart
Total wall time: 0:00:26
