run 50000
Neighbor list info ...
  update every 20 steps, delay 0 steps, check no
  max neighbors/atom: 2000, page size: 100000
  master list distance cutoff = 2.8
  ghost atom cutoff = 2.8
  binsize = 1.4, bins = 16 16 16
  1 neighbor lists, perpetual/occasional/extra = 1 0 0
  (1) pair lj/cut, perpetual
      attributes: half, newton on
      pair build: half/bin/atomonly/newton
      stencil: half/bin/3d/newton
      bin: standard
Per MPI rank memory allocation (min/avg/max) = 2.7 | 2.7 | 2.7 Mbytes
Step Temp Press Volume Density PotEng KinEng TotEng 
       0          0.2 -0.020428939        10648        0.125  -0.13561964   0.29977461   0.16415497 
    1000   0.60304098 -0.015426579     6866.822   0.19383057   -1.5371786   0.90388186  -0.63329674 
    2000     0.568584 -0.084301498    4611.7738   0.28860912   -2.8888482   0.85223522    -2.036613 
    3000   0.48253018  -0.16152704    3186.1679   0.41774321    -4.112735   0.72325148   -3.3894835 
    4000   0.39542774  -0.06489076    2321.0055   0.57345836   -5.0483805   0.59269598   -4.4556846 
    5000   0.30948578 -0.033729249    1860.4289   0.71542644   -5.6405805   0.46387989   -5.1767006 
    6000   0.24711222  0.084965589    1613.8563   0.82473268   -6.0015961   0.37038984   -5.6312063 
    7000   0.20348208  0.031890977    1512.4942   0.88000338   -6.1983047    0.3049938   -5.8933109 
    8000   0.19578321  0.038480358    1450.0659   0.91788935   -6.3077912   0.29345417   -6.0143371 
    9000   0.20635917   0.11710018    1417.1145   0.93923252   -6.3692255   0.30930619   -6.0599193 
   10000   0.20111718  0.072016772    1391.2171   0.95671626   -6.4226991   0.30144912     -6.12125 
   11000   0.19354994    0.1108368    1373.1336   0.96931576   -6.4537458   0.29010679    -6.163639 
   12000   0.20373872   0.14859588    1365.2662   0.97490145   -6.4831044   0.30537847   -6.1777259 
   13000   0.19753788   0.06658668    1364.4634   0.97547507   -6.4994878    0.2960842   -6.2034036 
   14000   0.20012448    0.1179639    1361.9425   0.97728063   -6.5007307   0.29996119   -6.2007695 
   15000   0.20037039  0.024432561    1364.9873   0.97510064   -6.4928636   0.30032977   -6.1925338 
   16000   0.19603699   0.20383498    1358.2674   0.97992483   -6.5088747   0.29383455   -6.2150402 
   17000   0.19814048  0.015871882     1361.428   0.97764992    -6.519634   0.29698743   -6.2226466 
   18000   0.20365378   0.15660614    1358.7682    0.9795637   -6.5145854   0.30525115   -6.2093342 
   19000    0.1988132  0.007708989    1361.1523   0.97784793   -6.5264151   0.29799574   -6.2284194 
   20000   0.19808209   0.05912926    1358.4243   0.97981171   -6.5327395    0.2968999   -6.2358396 
   21000   0.20804435  0.012504587    1359.9629   0.97870314   -6.5297004   0.31183207   -6.2178683 
   22000   0.20093732  0.011725395    1359.3762   0.97912559   -6.5358186   0.30117953   -6.2346391 
   23000   0.19584279   0.14995779     1354.552   0.98261272   -6.5460046   0.29354347   -6.2524611 
   24000   0.20476052 -0.011105643    1360.3363   0.97843454   -6.5313023   0.30691002   -6.2243922 
   25000   0.20127669   0.22687906    1355.6415   0.98182299   -6.5262212   0.30168821   -6.2245329 
   26000    0.1962051  0.023892203    1357.3928   0.98055624   -6.5491877   0.29408653   -6.2551012 
   27000   0.20039143    0.1493142    1355.1135   0.98220554   -6.5388022   0.30036131   -6.2384408 
   28000   0.20356583   0.10491901    1358.4342   0.97980455   -6.5279744   0.30511933    -6.222855 
   29000   0.19371376   0.15596328    1354.5875   0.98258695   -6.5434259   0.29035233   -6.2530736 
   30000    0.1949864   0.10344515     1356.832   0.98096152   -6.5402409   0.29225985    -6.247981 
   31000   0.20169326   0.18150757    1356.2715   0.98136693   -6.5236295   0.30231259   -6.2213169 
   32000   0.20252337 -0.0096002717    1357.9395   0.98016148   -6.5490556   0.30355681   -6.2454988 
   33000   0.19438212   0.15037032    1354.1535   0.98290188   -6.5488308   0.29135411   -6.2574767 
   34000   0.20176053  0.058615403    1358.9651   0.97942177   -6.5309965   0.30241341   -6.2285831 
   35000   0.20242688   0.17029782    1355.2908   0.98207708   -6.5373171    0.3034122   -6.2339049 
   36000   0.19917348  0.067134123    1354.8043   0.98242974   -6.5562983   0.29853576   -6.2577626 
   37000   0.20022135   0.17814514    1354.6945   0.98250935   -6.5373127   0.30010637   -6.2372064 
   38000   0.20393098  0.028728733    1359.1594   0.97928177   -6.5369184   0.30566665   -6.2312518 
   39000   0.19401072   0.15112646     1353.971   0.98303433   -6.5503597   0.29079743   -6.2595623 
   40000   0.19653047  0.052007536    1357.2021   0.98069403   -6.5448771   0.29457423   -6.2503029 
   41000   0.20289653   0.23569608    1354.6199   0.98256348    -6.534816   0.30411614   -6.2306999 
   42000   0.19318683  0.060142925    1356.9945    0.9808441   -6.5420273   0.28956253   -6.2524648 
   43000   0.19378202   0.18818905    1353.2638   0.98354809   -6.5487781   0.29045465   -6.2583234 
   44000    0.2020556  0.052111604     1357.715   0.98032356    -6.542578   0.30285569   -6.2397223 
   45000   0.20373138  0.059825485    1356.1357   0.98146522     -6.55018   0.30536746   -6.2448126 
   46000   0.19320939  0.053348315    1356.4053    0.9812701   -6.5505413   0.28959634   -6.2609449 
   47000   0.20159369   0.25377387    1352.0965    0.9843972   -6.5470304   0.30216335    -6.244867 
   48000   0.20232727   0.01268637    1359.0345   0.97937176   -6.5417744   0.30326289   -6.2385115 
   49000   0.19467949   0.20500277    1352.4569   0.98413488   -6.5494061   0.29179984   -6.2576062 
   50000   0.19758506  0.046652845    1357.1152   0.98075684   -6.5457487   0.29615491   -6.2495938 
Loop time of 42.1408 on 1 procs for 50000 steps with 1331 atoms

Performance: 410054.365 tau/day, 1186.500 timesteps/s
99.9% CPU use with 1 MPI tasks x no OpenMP threads

MPI task timing breakdown:
Section |  min time  |  avg time  |  max time  |%varavg| %total
---------------------------------------------------------------
Pair    | 34.118     | 34.118     | 34.118     |   0.0 | 80.96
Neigh   | 4.9832     | 4.9832     | 4.9832     |   0.0 | 11.83
Comm    | 0.74282    | 0.74282    | 0.74282    |   0.0 |  1.76
Output  | 0.025585   | 0.025585   | 0.025585   |   0.0 |  0.06
Modify  | 2.0482     | 2.0482     | 2.0482     |   0.0 |  4.86
Other   |            | 0.2225     |            |       |  0.53

Nlocal:    1331 ave 1331 max 1331 min
Histogram: 1 0 0 0 0 0 0 0 0 0
Nghost:    3248 ave 3248 max 3248 min
Histogram: 1 0 0 0 0 0 0 0 0 0
Neighs:    57887 ave 57887 max 57887 min
Histogram: 1 0 0 0 0 0 0 0 0 0

Total # of neighbors = 57887
Ave neighs/atom = 43.4914
Neighbor list builds = 2500
Dangerous builds not checked

write_restart lattice_11_11_11__2_2_2/sim1/T_0.20__P_0.10/end1.restart
Total wall time: 0:00:42
