run 50000
Neighbor list info ...
  update every 20 steps, delay 0 steps, check no
  max neighbors/atom: 2000, page size: 100000
  master list distance cutoff = 2.8
  ghost atom cutoff = 2.8
  binsize = 1.4, bins = 16 16 16
  1 neighbor lists, perpetual/occasional/extra = 1 0 0
  (1) pair lj/cut, perpetual
      attributes: half, newton on
      pair build: half/bin/atomonly/newton
      stencil: half/bin/3d/newton
      bin: standard
Per MPI rank memory allocation (min/avg/max) = 2.7 | 2.7 | 2.7 Mbytes
Step Temp Press Volume Density PotEng KinEng TotEng 
       0          0.4  0.004552278        10648        0.125  -0.13561964   0.59954921   0.46392957 
    1000   0.96772446  0.041554737    4760.6783   0.27958201   -1.7764387    1.4504961  -0.32594261 
    2000   0.84077201  -0.22497682    2829.5329   0.47039565   -3.1323116    1.2602105   -1.8721011 
    3000     0.756081    0.1418161    1887.0843   0.70532089   -4.4791838    1.1332694   -3.3459144 
    4000   0.62685006      0.73736    1538.3319   0.86522293   -5.3870689   0.93956865   -4.4475002 
    5000   0.47178141    1.0003054    1441.1864   0.92354463    -5.866971   0.70714042   -5.1598306 
    6000   0.40263991   0.93277541    1398.5133   0.95172497    -6.129115    0.6035061   -5.5256089 
    7000   0.36907087    1.0639965    1387.1673   0.95950938   -6.1780876   0.55319037   -5.6248973 
    8000    0.4215521   0.92863429    1398.1719   0.95195732   -6.1345963   0.63185307   -5.5027432 
    9000   0.39748939    1.1093795    1398.3042   0.95186724    -6.094592   0.59578612   -5.4988059 
   10000   0.39390504   0.94059466     1387.271    0.9594376   -6.2011347   0.59041365   -5.6107211 
   11000   0.39236471   0.93039937     1391.681   0.95639733   -6.1753463   0.58810488   -5.5872414 
   12000   0.42947819    0.9210779    1398.2453   0.95190736   -6.1331805   0.64373328   -5.4894472 
   13000   0.39188841    1.0588703    1392.0087   0.95617221   -6.1433929   0.58739097   -5.5560019 
   14000   0.38253117    1.0828239    1386.3758   0.96005715   -6.1796736   0.57336566   -5.6063079 
   15000   0.39670816    1.0686675    1392.1874   0.95604943   -6.1429587   0.59461516   -5.5483436 
   16000   0.40799433   0.91392612    1395.5468   0.95374805   -6.1452273    0.6115317   -5.5336956 
   17000   0.39928014   0.98499426    1385.4918   0.96066971   -6.2056984   0.59847024   -5.6072282 
   18000   0.38496743    1.0684937    1385.5726    0.9606137   -6.1908619    0.5770173   -5.6138446 
   19000   0.39072551   0.95950331    1395.2588   0.95394491   -6.1435056   0.58564793   -5.5578577 
   20000   0.40684877    1.2375818    1383.3155   0.96218111    -6.175993   0.60981465   -5.5661783 
   21000   0.40116992   0.79002889    1385.9401   0.96035896   -6.2334888   0.60130277   -5.6321861 
   22000    0.4076212    1.0534113     1379.661   0.96472973   -6.2358011   0.61097243   -5.6248286 
   23000   0.39433106     1.010716    1386.4865   0.95998052   -6.1934902   0.59105219    -5.602438 
   24000   0.39695295   0.98872966    1381.2967    0.9635873     -6.22597   0.59498207   -5.6309879 
   25000   0.38974625    1.1518493    1376.1829   0.96716797    -6.233629   0.58418014   -5.6494489 
   26000   0.40553866    0.8888706    1385.2449   0.96084093   -6.2242733   0.60785096   -5.6164224 
   27000   0.39643721    1.2446776    1375.1023   0.96792802   -6.2256769   0.59420904   -5.6314679 
   28000      0.37775   0.97945996    1378.5923   0.96547761   -6.2465349   0.56619929   -5.6803356 
   29000   0.40051977     1.076542     1376.464   0.96697045   -6.2443442   0.60032828   -5.6440159 
   30000   0.40600473   0.89364363    1384.5507   0.96132267   -6.2231872   0.60854953   -5.6146377 
   31000   0.38947747    1.1744138    1372.3998   0.96983404   -6.2545163   0.58377728    -5.670739 
   32000   0.37388602    1.0621982    1374.2784   0.96850824   -6.2624566   0.56040767   -5.7020489 
   33000   0.40924121   0.99497678    1377.6138   0.96616337   -6.2559604   0.61340061   -5.6425598 
   34000   0.40193565    1.0949726    1377.3637   0.96633883   -6.2445323    0.6024505   -5.6420818 
   35000   0.39246638   0.99404207    1372.4551    0.9697949   -6.2951566   0.58825727   -5.7068994 
   36000   0.40793002   0.97216284    1373.7409   0.96888724   -6.2853995    0.6114353   -5.6739642 
   37000   0.39900363   0.95591829    1379.5624   0.96479868   -6.2471827   0.59805577    -5.649127 
   38000   0.39978895    1.1556996    1366.3847   0.97410339   -6.3059551   0.59923287   -5.7067223 
   39000   0.38042844   0.78673037    1377.6426   0.96614318   -6.2873524   0.57021393   -5.7171384 
   40000   0.40422837    1.2065072    1370.4093   0.97124269   -6.2699096   0.60588701   -5.6640226 
   41000   0.40645151   0.83492927    1374.6163   0.96827023    -6.304932   0.60921921   -5.6957128 
   42000   0.40815671    1.0399876    1362.2494   0.97706044    -6.352974   0.61177509   -5.7411989 
   43000   0.40836667   0.86479536    1373.0311   0.96938811   -6.3151579   0.61208978   -5.7030681 
   44000   0.41322577    1.0272385    1371.5401   0.97044191   -6.2923163   0.61937297   -5.6729433 
   45000   0.39622504   0.89850684    1368.3407   0.97271098   -6.3376213   0.59389102   -5.7437303 
   46000   0.40195495    1.1098134    1362.5198    0.9768665    -6.341934   0.60247943   -5.7394546 
   47000   0.41337193   0.80075656    1372.7083   0.96961606   -6.3273496   0.61959204   -5.7077576 
   48000   0.39953994    1.1457003    1363.5843   0.97610392   -6.3311042   0.59885964   -5.7322446 
   49000   0.38739753   0.95915167     1367.124   0.97357663   -6.3353828   0.58065971   -5.7547231 
   50000   0.42087866    1.0229709    1361.3514   0.97770497   -6.3705753   0.63084368   -5.7397316 
Loop time of 42.1614 on 1 procs for 50000 steps with 1331 atoms

Performance: 409853.647 tau/day, 1185.919 timesteps/s
99.9% CPU use with 1 MPI tasks x no OpenMP threads

MPI task timing breakdown:
Section |  min time  |  avg time  |  max time  |%varavg| %total
---------------------------------------------------------------
Pair    | 34.079     | 34.079     | 34.079     |   0.0 | 80.83
Neigh   | 5.0558     | 5.0558     | 5.0558     |   0.0 | 11.99
Comm    | 0.73666    | 0.73666    | 0.73666    |   0.0 |  1.75
Output  | 0.026864   | 0.026864   | 0.026864   |   0.0 |  0.06
Modify  | 2.0385     | 2.0385     | 2.0385     |   0.0 |  4.83
Other   |            | 0.2244     |            |       |  0.53

Nlocal:    1331 ave 1331 max 1331 min
Histogram: 1 0 0 0 0 0 0 0 0 0
Nghost:    3201 ave 3201 max 3201 min
Histogram: 1 0 0 0 0 0 0 0 0 0
Neighs:    57360 ave 57360 max 57360 min
Histogram: 1 0 0 0 0 0 0 0 0 0

Total # of neighbors = 57360
Ave neighs/atom = 43.0954
Neighbor list builds = 2500
Dangerous builds not checked

write_restart lattice_11_11_11__2_2_2/sim1/T_0.40__P_1.00/end1.restart
Total wall time: 0:00:42
