run 50000
Neighbor list info ...
  update every 20 steps, delay 0 steps, check no
  max neighbors/atom: 2000, page size: 100000
  master list distance cutoff = 2.8
  ghost atom cutoff = 2.8
  binsize = 1.4, bins = 16 16 16
  1 neighbor lists, perpetual/occasional/extra = 1 0 0
  (1) pair lj/cut, perpetual
      attributes: half, newton on
      pair build: half/bin/atomonly/newton
      stencil: half/bin/3d/newton
      bin: standard
Per MPI rank memory allocation (min/avg/max) = 2.7 | 2.7 | 2.7 Mbytes
Step Temp Press Volume Density PotEng KinEng TotEng 
       0          1.1  0.091986538        10648        0.125  -0.13561964    1.6487603    1.5131407 
    1000    1.4054244   0.16302831    8264.9623   0.16104127  -0.96471903    2.1065527    1.1418337 
    2000     1.201604   0.13949184    6723.6051   0.19795927   -1.2337312    1.8010519   0.56732064 
    3000    1.1255181   0.13439793     5582.899   0.23840661   -1.5431359    1.6870088   0.14387291 
    4000    1.1313886   0.10099418     4726.852   0.28158275   -1.8664689    1.6958079  -0.17066098 
    5000    1.1041116   0.14117077    4047.5328    0.3288423   -2.0712638    1.6549231  -0.41634073 
    6000    1.1284252   0.17997322    3517.9049   0.37835019      -2.3773    1.6913661  -0.68593386 
    7000    1.1014413   0.20027874    3136.0971   0.42441288   -2.5971683    1.6509207   -0.9462476 
    8000    1.1285131   0.21535318    2803.7105   0.47472804   -2.8541055    1.6914978   -1.1626077 
    9000    1.1115365   0.28735277    2574.0991   0.51707411   -3.0886641     1.666052    -1.422612 
   10000    1.0986996    0.2844225    2400.8651    0.5543835   -3.2775125    1.6468111   -1.6307014 
   11000    1.0866418   0.21613405    2281.8812   0.58329067   -3.4162136    1.6287381   -1.7874755 
   12000    1.0740304   0.30304779    2229.9731   0.59686818   -3.5320604    1.6098351   -1.9222253 
   13000    1.0982818   0.29012437    2220.9917   0.59928183   -3.4985966    1.6461849   -1.8524117 
   14000    1.0965203   0.31748556    2246.4076   0.59250156   -3.4538558    1.6435447   -1.8103111 
   15000    1.0924485   0.24316408    2256.4808   0.58985656   -3.4814765    1.6374416   -1.8440348 
   16000    1.1035056   0.34095732    2224.9976   0.59820291   -3.4969098    1.6540147   -1.8428951 
   17000    1.0989102   0.35654874     2203.189   0.60412429    -3.549472    1.6471268   -1.9023452 
   18000    1.1349253   0.37631233    2190.3805   0.60765699   -3.5558776    1.7011089   -1.8547686 
   19000    1.1295587   0.35896712    2250.4403   0.59143982   -3.4690687     1.693065   -1.7760036 
   20000    1.1176265   0.27082278    2302.6475   0.57803028   -3.3973924    1.6751803   -1.7222121 
   21000    1.0841947   0.16626789    2341.2084   0.56850983   -3.3290204    1.6250702   -1.7039503 
   22000    1.1062675    0.3625714    2247.4241   0.59223356   -3.4532887    1.6581545   -1.7951342 
   23000    1.0876918   0.46756119    2221.6794   0.59909635   -3.4987564    1.6303118   -1.8684445 
   24000    1.0848438  0.086866378    2257.2437    0.5896572   -3.5034986    1.6260431   -1.8774555 
   25000    1.0976375   0.20313885    2281.3723   0.58342077   -3.4448651    1.6452192   -1.7996459 
   26000    1.1504529   0.28464696    2251.9691   0.59103831   -3.4563675    1.7243828   -1.7319846 
   27000    1.0849158   0.45435342    2290.7494   0.58103257   -3.3679708    1.6261511   -1.7418197 
   28000    1.1015122   0.34890126     2226.238   0.59786959   -3.5142559     1.651027   -1.8632289 
   29000    1.0733826   0.41528298    2201.9288   0.60447004   -3.5171955    1.6088643   -1.9083312 
   30000    1.0734571   0.17145867    2227.0807   0.59764336   -3.5120362     1.608976   -1.9030602 
   31000    1.1000796   0.14786413    2278.2056   0.58423173   -3.4453546    1.6488796    -1.796475 
   32000    1.1244477   0.30123221    2277.6699   0.58436913   -3.4129993    1.6854044   -1.7275949 
   33000    1.1469625   0.45999345    2192.5188   0.60706434   -3.5511128    1.7191511   -1.8319617 
   34000    1.0757548   0.35975936    2215.4655   0.60077667   -3.5220944    1.6124199   -1.9096745 
   35000    1.0903559   0.25859141    2238.2193   0.59466917   -3.5014477    1.6343051   -1.8671426 
   36000    1.0944153    0.2738567    2283.7977   0.58280119   -3.4069061    1.6403896   -1.7665166 
   37000    1.1421499    0.1900757    2239.4402   0.59434497   -3.4856294    1.7119376   -1.7736918 
   38000    1.0909006   0.11375418    2217.5968   0.60019929   -3.5542773    1.6351215   -1.9191558 
   39000    1.0847464   0.13350882    2260.4303   0.58882594   -3.4841315    1.6258972   -1.8582344 
   40000    1.1527404   0.18504539    2275.2452    0.5849919   -3.4999375    1.7278115    -1.772126 
   41000    1.1400621    0.4052587    2245.8921   0.59263755   -3.4532225    1.7088084   -1.7444142 
   42000     1.077096   0.30161506    2285.5133   0.58236371   -3.4035626    1.6144302   -1.7891324 
   43000    1.1241707   0.35890536    2202.9709    0.6041841    -3.575518    1.6849891   -1.8905288 
   44000     1.113473   0.19840279    2197.8251   0.60559868   -3.5687076    1.6689547    -1.899753 
   45000    1.0982191   0.24804696    2222.7507    0.5988076   -3.5238824     1.646091   -1.8777915 
   46000    1.1001842    0.1928067    2280.2149   0.58371691   -3.4423578    1.6490365   -1.7933213 
   47000    1.1518853   0.32819261    2267.0038   0.58711856    -3.429622    1.7265298   -1.7030922 
   48000    1.1073614   0.22898553    2274.9883   0.58505795   -3.4438619    1.6597942   -1.7840677 
   49000    1.0864275   0.28922415    2207.7879   0.60286588   -3.5274768    1.6284169   -1.8990599 
   50000     1.124922   0.30208169    2215.0777   0.60088187   -3.5476119    1.6861153   -1.8614966 
Loop time of 31.587 on 1 procs for 50000 steps with 1331 atoms

Performance: 547059.726 tau/day, 1582.927 timesteps/s
99.6% CPU use with 1 MPI tasks x no OpenMP threads

MPI task timing breakdown:
Section |  min time  |  avg time  |  max time  |%varavg| %total
---------------------------------------------------------------
Pair    | 24.164     | 24.164     | 24.164     |   0.0 | 76.50
Neigh   | 4.2138     | 4.2138     | 4.2138     |   0.0 | 13.34
Comm    | 0.71823    | 0.71823    | 0.71823    |   0.0 |  2.27
Output  | 0.027676   | 0.027676   | 0.027676   |   0.0 |  0.09
Modify  | 2.3122     | 2.3122     | 2.3122     |   0.0 |  7.32
Other   |            | 0.1508     |            |       |  0.48

Nlocal:    1331 ave 1331 max 1331 min
Histogram: 1 0 0 0 0 0 0 0 0 0
Nghost:    2546 ave 2546 max 2546 min
Histogram: 1 0 0 0 0 0 0 0 0 0
Neighs:    36095 ave 36095 max 36095 min
Histogram: 1 0 0 0 0 0 0 0 0 0

Total # of neighbors = 36095
Ave neighs/atom = 27.1187
Neighbor list builds = 2500
Dangerous builds not checked

write_restart lattice_11_11_11__2_2_2/sim1/T_1.10__P_0.30/end1.restart
Total wall time: 0:00:31
