run 50000
Neighbor list info ...
  update every 20 steps, delay 0 steps, check no
  max neighbors/atom: 2000, page size: 100000
  master list distance cutoff = 2.8
  ghost atom cutoff = 2.8
  binsize = 1.4, bins = 16 16 16
  1 neighbor lists, perpetual/occasional/extra = 1 0 0
  (1) pair lj/cut, perpetual
      attributes: half, newton on
      pair build: half/bin/atomonly/newton
      stencil: half/bin/3d/newton
      bin: standard
Per MPI rank memory allocation (min/avg/max) = 2.711 | 2.711 | 2.711 Mbytes
Step Temp Press TotEng 
       0          1.3   0.11813134    1.7537534 
    1000    1.4022963   0.14379129    1.2449569 
    2000    1.2302197    0.1296759   0.93245418 
    3000    1.3160921   0.12907314    1.0479873 
    4000    1.2681685    0.1457788    0.9988431 
    5000     1.290174   0.13731009    1.0111962 
    6000    1.3230367   0.15481832    1.0609104 
    7000    1.2682471   0.12450026   0.92614648 
    8000    1.3143224   0.15283232    1.0623583 
    9000    1.2989247   0.13493327   0.98240473 
   10000    1.3087374    0.1299685    1.0128434 
   11000    1.3062305   0.10267544   0.97296815 
   12000    1.2908996   0.11476246   0.98525106 
   13000    1.3258783   0.15047559    1.0437628 
   14000    1.2514171   0.12281688    0.9502948 
   15000    1.3493076   0.13647673    1.0899956 
   16000    1.2822425   0.11619475   0.99430178 
   17000     1.286502   0.12816278    1.0282004 
   18000    1.3244722    0.1342242    1.0196169 
   19000    1.2688864   0.12249757   0.96421706 
   20000    1.3251115    0.1272734    1.0452392 
   21000    1.2859035   0.12298061   0.98857033 
   22000    1.3443397    0.1389841    1.0694319 
   23000    1.2622853   0.15402241   0.99159544 
   24000    1.3384323    0.1315791     1.051338 
   25000    1.2610211   0.13374202   0.94114243 
   26000    1.2505541   0.14968225    0.9857383 
   27000    1.3121489   0.11681342    1.0283701 
   28000    1.3108301   0.14495847    1.0513745 
   29000    1.3236174   0.14400294    1.0327956 
   30000    1.2858752   0.12123654   0.99338806 
   31000    1.3536122   0.14767755    1.1081306 
   32000    1.2846872   0.12705882   0.98007479 
   33000    1.3076007   0.12403404     1.035673 
   34000    1.2353615   0.12468612   0.93585311 
   35000    1.3167131   0.11949601    1.0328814 
   36000    1.2825543   0.13282529   0.99546034 
   37000    1.3369829   0.14133204    1.1096505 
   38000    1.2858134   0.13545611    1.0164189 
   39000    1.2938244   0.12408939    1.0080659 
   40000     1.365289   0.15822405    1.1488716 
   41000    1.3060277   0.12064629    1.0039253 
   42000    1.3300012   0.11782438    1.0338894 
   43000    1.2943367   0.13746667    1.0144393 
   44000      1.27299   0.13162199   0.95482883 
   45000    1.3127941   0.14740754    1.0528699 
   46000    1.2879209   0.12545058   0.96003021 
   47000    1.2775177   0.14500605    0.9282444 
   48000    1.3140889   0.11643603    1.0014112 
   49000    1.2989212   0.13870792   0.99505496 
   50000     1.340223   0.14691382    1.0816768 
Loop time of 9.61639 on 1 procs for 50000 steps with 1331 atoms

Performance: 1796932.083 tau/day, 5199.456 timesteps/s
99.7% CPU use with 1 MPI tasks x no OpenMP threads

MPI task timing breakdown:
Section |  min time  |  avg time  |  max time  |%varavg| %total
---------------------------------------------------------------
Pair    | 6.2526     | 6.2526     | 6.2526     |   0.0 | 65.02
Neigh   | 2.0375     | 2.0375     | 2.0375     |   0.0 | 21.19
Comm    | 0.3748     | 0.3748     | 0.3748     |   0.0 |  3.90
Output  | 0.022965   | 0.022965   | 0.022965   |   0.0 |  0.24
Modify  | 0.83628    | 0.83628    | 0.83628    |   0.0 |  8.70
Other   |            | 0.09231    |            |       |  0.96

Nlocal:    1331 ave 1331 max 1331 min
Histogram: 1 0 0 0 0 0 0 0 0 0
Nghost:    1340 ave 1340 max 1340 min
Histogram: 1 0 0 0 0 0 0 0 0 0
Neighs:    9258 ave 9258 max 9258 min
Histogram: 1 0 0 0 0 0 0 0 0 0

Total # of neighbors = 9258
Ave neighs/atom = 6.95567
Neighbor list builds = 2500
Dangerous builds not checked

write_restart NVT/sim1/T_1.30__v_6.86/end1.restart
Total wall time: 0:00:09
