run 50000
Neighbor list info ...
  update every 20 steps, delay 0 steps, check no
  max neighbors/atom: 2000, page size: 100000
  master list distance cutoff = 2.8
  ghost atom cutoff = 2.8
  binsize = 1.4, bins = 14 14 14
  1 neighbor lists, perpetual/occasional/extra = 1 0 0
  (1) pair lj/cut, perpetual
      attributes: half, newton on
      pair build: half/bin/atomonly/newton
      stencil: half/bin/3d/newton
      bin: standard
Per MPI rank memory allocation (min/avg/max) = 2.746 | 2.746 | 2.746 Mbytes
Step Temp Press TotEng 
       0          1.7   0.12290797    2.1257501 
    1000    1.7758529   0.33225926    1.5816035 
    2000    1.6292096    0.2733565    1.3263497 
    3000    1.7378983   0.30334256     1.525623 
    4000    1.6925302   0.23096765    1.4010287 
    5000    1.6973464   0.30036572    1.4373308 
    6000    1.7038079   0.30776272    1.4807741 
    7000    1.6748367   0.28367959    1.3777263 
    8000    1.7202028   0.26351917    1.4598752 
    9000    1.6556068   0.28505237    1.3840293 
   10000    1.7260654   0.26799349     1.488296 
   11000    1.6901582   0.26027211     1.443271 
   12000    1.7085084   0.25762547    1.4015973 
   13000    1.7562875   0.27106093    1.5387784 
   14000    1.6798049   0.28185651    1.4211546 
   15000    1.7081842   0.27985276     1.422003 
   16000    1.6323574   0.25494251    1.3539741 
   17000    1.7404223   0.29590127    1.4775809 
   18000    1.6828805   0.25039724    1.3977171 
   19000    1.7857389    0.2833754    1.5747147 
   20000    1.6999629   0.25242217    1.4077025 
   21000      1.69442   0.27398571    1.4452479 
   22000    1.7037767   0.30523319     1.445314 
   23000    1.7002938   0.24087127    1.4122789 
   24000    1.7057177   0.31162931    1.4818565 
   25000    1.6285506   0.28153673     1.306714 
   26000    1.7311502   0.30082205    1.4787822 
   27000    1.6817955   0.30145321     1.384198 
   28000    1.7301771   0.26897581    1.4580903 
   29000    1.6973463   0.32682481    1.4381862 
   30000    1.6975188   0.25316979    1.4472173 
   31000    1.7233099    0.2910931    1.4400137 
   32000    1.6859003   0.25973797    1.3956488 
   33000     1.762985   0.26906731    1.5126709 
   34000    1.6674315   0.29094871    1.4105728 
   35000      1.76562   0.32597111    1.5172141 
   36000    1.6683187   0.27422722    1.3671893 
   37000    1.7134003   0.27539188    1.4640518 
   38000    1.7245575   0.27744994    1.4575503 
   39000    1.6763754   0.29120879     1.437568 
   40000    1.6830371   0.28139971    1.4167916 
   41000    1.7628075   0.29073647    1.5211892 
   42000    1.6540528   0.27278084    1.3805892 
   43000     1.731227   0.27507187    1.4528497 
   44000    1.6999232   0.27698664    1.4430466 
   45000    1.7073316   0.27905811    1.4446283 
   46000    1.6513265   0.27396438    1.3696122 
   47000    1.7095512    0.2913466    1.4882935 
   48000    1.6826346   0.24367288    1.4221249 
   49000    1.6961082   0.25888951    1.4501895 
   50000    1.7674708   0.30864663    1.5246692 
Loop time of 11.813 on 1 procs for 50000 steps with 1331 atoms

Performance: 1462798.412 tau/day, 4232.634 timesteps/s
99.9% CPU use with 1 MPI tasks x no OpenMP threads

MPI task timing breakdown:
Section |  min time  |  avg time  |  max time  |%varavg| %total
---------------------------------------------------------------
Pair    | 7.9109     | 7.9109     | 7.9109     |   0.0 | 66.97
Neigh   | 2.5173     | 2.5173     | 2.5173     |   0.0 | 21.31
Comm    | 0.42247    | 0.42247    | 0.42247    |   0.0 |  3.58
Output  | 0.022094   | 0.022094   | 0.022094   |   0.0 |  0.19
Modify  | 0.84227    | 0.84227    | 0.84227    |   0.0 |  7.13
Other   |            | 0.09796    |            |       |  0.83

Nlocal:    1331 ave 1331 max 1331 min
Histogram: 1 0 0 0 0 0 0 0 0 0
Nghost:    1514 ave 1514 max 1514 min
Histogram: 1 0 0 0 0 0 0 0 0 0
Neighs:    12101 ave 12101 max 12101 min
Histogram: 1 0 0 0 0 0 0 0 0 0

Total # of neighbors = 12101
Ave neighs/atom = 9.09166
Neighbor list builds = 2500
Dangerous builds not checked

write_restart NVT/sim1/T_1.70__v_4.91/end1.restart
Total wall time: 0:00:11
