run 50000
Neighbor list info ...
  update every 20 steps, delay 0 steps, check no
  max neighbors/atom: 2000, page size: 100000
  master list distance cutoff = 2.8
  ghost atom cutoff = 2.8
  binsize = 1.4, bins = 16 16 16
  1 neighbor lists, perpetual/occasional/extra = 1 0 0
  (1) pair lj/cut, perpetual
      attributes: half, newton on
      pair build: half/bin/atomonly/newton
      stencil: half/bin/3d/newton
      bin: standard
Per MPI rank memory allocation (min/avg/max) = 2.7 | 2.7 | 2.7 Mbytes
Step Temp Press Volume Density PotEng KinEng TotEng 
       0          0.7  0.042024104        10648        0.125  -0.13561964    1.0492111   0.91359148 
    1000    1.2525499   0.17905154    5648.0809   0.23565527   -1.4430402    1.8774132   0.43437303 
    2000    1.0299903   0.14333506    3712.4518   0.35852317   -2.2319425    1.5438246  -0.68811782 
    3000   0.94861602 -0.030369736    2619.3507    0.5081412   -3.1823069     1.421855   -1.7604519 
    4000   0.93135948   0.10123912    1980.0956   0.67218977   -4.1025723    1.3959896   -2.7065827 
    5000   0.82939902   0.81020548    1689.8084   0.78766329   -4.7544727    1.2431638   -3.5113089 
    6000   0.72298248   0.93224934    1582.3363   0.84116125   -5.1542843    1.0836589   -4.0706254 
    7000   0.69938717   0.89016365     1537.048   0.86594563   -5.3893846    1.0482926   -4.3410921 
    8000   0.69664805   0.90927903    1539.7173   0.86444439   -5.3742938     1.044187   -4.3301068 
    9000   0.69054358    1.0150541    1565.3863   0.85026933   -5.2075812    1.0350371    -4.172544 
   10000   0.72179646   0.97091413    1566.3315   0.84975627   -5.2193283    1.0818813   -4.1374471 
   11000   0.66780664    1.0468796    1554.5941   0.85617206   -5.2576674    1.0009574     -4.25671 
   12000   0.69887631   0.96326365    1541.5512   0.86341604   -5.3401504    1.0475268   -4.2926235 
   13000   0.70853455    1.1729782    1550.5014   0.85843199   -5.2641478    1.0620033   -4.2021444 
   14000   0.70899904   0.86323681    1567.8525   0.84893188   -5.2422815    1.0626995    -4.179582 
   15000   0.69139873   0.99881811    1549.8181   0.85881048   -5.2913729    1.0363189    -4.255054 
   16000    0.6815792     1.199447    1540.7435   0.86386865   -5.2988829    1.0216007   -4.2772822 
   17000   0.67922384   0.87619606    1566.3725   0.84973405   -5.2322978    1.0180703   -4.2142275 
   18000   0.71411512    1.0840297    1556.3063    0.8552301   -5.2441223    1.0703679   -4.1737544 
   19000   0.69971823    1.1106709    1544.7123   0.86164913    -5.306806    1.0487888   -4.2580173 
   20000   0.68051708   0.84875303    1554.1606   0.85641084    -5.299728    1.0200087   -4.2797193 
   21000   0.73015851    1.0683239     1549.483   0.85899617   -5.2933029    1.0944149    -4.198888 
   22000   0.68759158    1.0721611    1555.5529    0.8556443   -5.2542995    1.0306125   -4.2236871 
   23000   0.70013513    1.0192793    1550.5715    0.8583932   -5.3019089    1.0494137   -4.2524952 
   24000   0.71291025   0.90313669    1555.6149   0.85561021   -5.2943288    1.0685619   -4.2257668 
   25000   0.70124867   0.91041886    1554.3717   0.85629453   -5.2836722    1.0510827   -4.2325895 
   26000   0.69746101   0.95475452    1546.1507   0.86084753   -5.3197718    1.0454055   -4.2743663 
   27000   0.72120782    1.0953365     1539.754   0.86442382     -5.33353     1.080999   -4.2525311 
   28000   0.69031711    0.7064203    1564.0579   0.85099151   -5.2889623    1.0346977   -4.2542646 
   29000   0.72581936    1.1501018    1551.3006   0.85798976   -5.2676185    1.0879111   -4.1797074 
   30000   0.67981429    1.0858775    1555.5568   0.85564217   -5.2405845    1.0189553   -4.2216292 
   31000   0.68906854   0.88718242    1548.5757   0.85949945   -5.3102849    1.0328262   -4.2774587 
   32000   0.70844303   0.99879813     1547.986   0.85982691   -5.3125689    1.0618662   -4.2507027 
   33000   0.69686144   0.78169585    1568.7389   0.84845223   -5.2479909    1.0445068   -4.2034841 
   34000   0.72035808    1.2535719    1543.7438   0.86218972   -5.2858666    1.0797253   -4.2061413 
   35000    0.6751062   0.88025959    1552.9648   0.85707027   -5.3022783    1.0118985   -4.2903798 
   36000   0.70334459   0.83890987    1558.6584   0.85393951   -5.2856613    1.0542242    -4.231437 
   37000   0.73128911    1.0709975    1553.1653   0.85695966   -5.2650032    1.0961095   -4.1688937 
   38000   0.68709242   0.88853369    1554.3506   0.85630619   -5.2917591    1.0298643   -4.2618948 
   39000   0.68665991    1.0654318     1542.807   0.86271324   -5.3157746     1.029216   -4.2865586 
   40000   0.70095811   0.89873053    1555.6074   0.85561434   -5.2910762    1.0506472    -4.240429 
   41000   0.72086814   0.96285503    1555.9421   0.85543027   -5.2683183    1.0804898   -4.1878285 
   42000   0.67249582   0.88154539     1559.772   0.85332984   -5.2627999    1.0079859    -4.254814 
   43000   0.70932729    1.3034592    1531.8573   0.86887988   -5.3232627    1.0631915   -4.2600712 
   44000   0.69484442   0.82409312    1555.1295   0.85587726   -5.3060003    1.0414836   -4.2645168 
   45000   0.72612536    1.0237707    1553.0325   0.85703291   -5.2745576    1.0883697   -4.1861879 
   46000   0.66995199   0.98059641    1561.2333   0.85253115   -5.2344125     1.004173   -4.2302395 
   47000   0.69452324   0.96971519    1539.2296   0.86471828   -5.3551274    1.0410021   -4.3141252 
   48000   0.70551365   0.93212067    1549.2423   0.85912965   -5.3110308    1.0574754   -4.2535554 
   49000   0.69209755   0.87677143    1559.9514   0.85323172   -5.2667027    1.0373663   -4.2293363 
   50000   0.68813538    1.0143847     1544.366   0.86184235   -5.3246102    1.0314276   -4.2931826 
Loop time of 38.028 on 1 procs for 50000 steps with 1331 atoms

Performance: 454401.603 tau/day, 1314.819 timesteps/s
99.9% CPU use with 1 MPI tasks x no OpenMP threads

MPI task timing breakdown:
Section |  min time  |  avg time  |  max time  |%varavg| %total
---------------------------------------------------------------
Pair    | 30.552     | 30.552     | 30.552     |   0.0 | 80.34
Neigh   | 4.5067     | 4.5067     | 4.5067     |   0.0 | 11.85
Comm    | 0.71292    | 0.71292    | 0.71292    |   0.0 |  1.87
Output  | 0.025221   | 0.025221   | 0.025221   |   0.0 |  0.07
Modify  | 2.0305     | 2.0305     | 2.0305     |   0.0 |  5.34
Other   |            | 0.2007     |            |       |  0.53

Nlocal:    1331 ave 1331 max 1331 min
Histogram: 1 0 0 0 0 0 0 0 0 0
Nghost:    3011 ave 3011 max 3011 min
Histogram: 1 0 0 0 0 0 0 0 0 0
Neighs:    50959 ave 50959 max 50959 min
Histogram: 1 0 0 0 0 0 0 0 0 0

Total # of neighbors = 50959
Ave neighs/atom = 38.2863
Neighbor list builds = 2500
Dangerous builds not checked

write_restart lattice_11_11_11__2_2_2/sim1/T_0.70__P_1.00/end1.restart
Total wall time: 0:00:38
