run 50000
Neighbor list info ...
  update every 20 steps, delay 0 steps, check no
  max neighbors/atom: 2000, page size: 100000
  master list distance cutoff = 2.8
  ghost atom cutoff = 2.8
  binsize = 1.4, bins = 14 14 14
  1 neighbor lists, perpetual/occasional/extra = 1 0 0
  (1) pair lj/cut, perpetual
      attributes: half, newton on
      pair build: half/bin/atomonly/newton
      stencil: half/bin/3d/newton
      bin: standard
Per MPI rank memory allocation (min/avg/max) = 2.746 | 2.746 | 2.746 Mbytes
Step Temp Press TotEng 
       0          0.4  -0.12916959   0.17721519 
    1000   0.68186556 -0.032761281  -0.50863942 
    2000   0.63931392 0.0038638002   -1.3481191 
    3000   0.59505225 -0.047926535   -2.1399758 
    4000    0.5189339 -0.039498772   -2.8124297 
    5000   0.47440017 -0.045924351   -3.3526887 
    6000   0.43121709 -0.031329577   -3.7587859 
    7000   0.40390239 -0.017575159   -4.0607971 
    8000   0.39870771 0.00014452462   -4.2312129 
    9000   0.40048495 -0.024344084    -4.316287 
   10000   0.39714242  -0.06639006   -4.3811389 
   11000   0.40607296 -0.021879896   -4.3608873 
   12000   0.38731614 -0.031993472    -4.377617 
   13000   0.39535542 -0.035836449   -4.3986419 
   14000   0.40101791 -0.047143537   -4.3866359 
   15000   0.40826338 -0.071267967   -4.4390514 
   16000   0.38520595   -0.0152884   -4.5008769 
   17000   0.40692821 -0.033764216   -4.4664661 
   18000   0.41294888 -0.030000887   -4.4265569 
   19000   0.39853611 -0.031593217    -4.465888 
   20000   0.39241955 -0.039143455   -4.5144155 
   21000    0.3944969 -0.015400622   -4.5007368 
   22000   0.40683615 -0.010878337   -4.4550218 
   23000   0.40263966 -0.041164005   -4.4755635 
   24000   0.40741666 -0.023227254   -4.4998686 
   25000   0.39586645 -0.010954835   -4.4827791 
   26000   0.39669412 -0.017068402   -4.4781084 
   27000   0.40743779 -0.032830991   -4.5062855 
   28000     0.394942 -0.052572496   -4.4999863 
   29000   0.39785492  0.002353508   -4.5166335 
   30000   0.40697308  0.025917621   -4.5251755 
   31000   0.39419723  -0.02555457    -4.515512 
   32000   0.39128737 -0.046855894   -4.5123616 
   33000    0.4068592 -0.030795219   -4.5107223 
   34000   0.41021384 -0.014561271   -4.5443497 
   35000    0.4123077 -0.00040592982   -4.5509551 
   36000   0.40866411 -0.033489601    -4.520931 
   37000   0.38950537 -0.0011637384   -4.5601495 
   38000   0.39839966 0.0022443245   -4.5935412 
   39000   0.39646964 -0.010201262   -4.5702909 
   40000   0.40358788 -0.043128719   -4.5693922 
   41000   0.40046772 -0.033591505   -4.6013652 
   42000   0.38525598 -0.025702141    -4.631395 
   43000   0.40976098 -0.017119387   -4.6148226 
   44000   0.40949495 -0.039237823   -4.6076125 
   45000   0.39451023  -0.01766482   -4.6555828 
   46000   0.40279801 -0.011803905   -4.6986698 
   47000   0.39687805  -0.03283754   -4.7318255 
   48000   0.41013881 -0.016493701   -4.6980557 
   49000   0.39887227  -0.01872332   -4.7166717 
   50000    0.4083054  0.020764714   -4.7558616 
Loop time of 33.4173 on 1 procs for 50000 steps with 1331 atoms

Performance: 517096.935 tau/day, 1496.230 timesteps/s
99.7% CPU use with 1 MPI tasks x no OpenMP threads

MPI task timing breakdown:
Section |  min time  |  avg time  |  max time  |%varavg| %total
---------------------------------------------------------------
Pair    | 27.572     | 27.572     | 27.572     |   0.0 | 82.51
Neigh   | 4.2645     | 4.2645     | 4.2645     |   0.0 | 12.76
Comm    | 0.3593     | 0.3593     | 0.3593     |   0.0 |  1.08
Output  | 0.02813    | 0.02813    | 0.02813    |   0.0 |  0.08
Modify  | 1.0877     | 1.0877     | 1.0877     |   0.0 |  3.25
Other   |            | 0.1058     |            |       |  0.32

Nlocal:    1331 ave 1331 max 1331 min
Histogram: 1 0 0 0 0 0 0 0 0 0
Nghost:    986 ave 986 max 986 min
Histogram: 1 0 0 0 0 0 0 0 0 0
Neighs:    43180 ave 43180 max 43180 min
Histogram: 1 0 0 0 0 0 0 0 0 0

Total # of neighbors = 43180
Ave neighs/atom = 32.4418
Neighbor list builds = 2500
Dangerous builds not checked

write_restart NVT/sim1/T_0.40__v_4.91/end1.restart
Total wall time: 0:00:33
