run 50000
Neighbor list info ...
  update every 20 steps, delay 0 steps, check no
  max neighbors/atom: 2000, page size: 100000
  master list distance cutoff = 2.8
  ghost atom cutoff = 2.8
  binsize = 1.4, bins = 18 18 18
  1 neighbor lists, perpetual/occasional/extra = 1 0 0
  (1) pair lj/cut, perpetual
      attributes: half, newton on
      pair build: half/bin/atomonly/newton
      stencil: half/bin/3d/newton
      bin: standard
Per MPI rank memory allocation (min/avg/max) = 2.711 | 2.711 | 2.711 Mbytes
Step Temp Press TotEng 
       0          1.6   0.13255433    2.3349999 
    1000    1.6560779   0.13872935    1.9244752 
    2000    1.5499306    0.1249776    1.7508645 
    3000    1.6484025   0.13269855    1.8966216 
    4000    1.5608558   0.13368953    1.7482467 
    5000    1.6393146    0.1316154    1.8856586 
    6000    1.5273893   0.12388218    1.7068263 
    7000    1.6390665   0.12934072    1.8332016 
    8000     1.566462    0.1365952    1.7883067 
    9000    1.6043766   0.13602595    1.7922332 
   10000    1.6101684   0.13913275    1.8261823 
   11000     1.597291   0.13364832    1.7841092 
   12000    1.6827211   0.14980049    1.9607263 
   13000    1.5988211   0.13992528     1.814632 
   14000    1.5893068   0.14566759    1.8140917 
   15000    1.6337074    0.1411615    1.8666981 
   16000    1.5557211   0.12480232    1.7509077 
   17000    1.6541909   0.13803046    1.8512416 
   18000    1.5493418   0.11915165    1.7375572 
   19000    1.6520528    0.1289166    1.9079605 
   20000    1.5695696   0.12998069    1.7558624 
   21000    1.6197972   0.14089644    1.8734926 
   22000    1.5933394   0.14560114    1.8408383 
   23000    1.5718116   0.13246229    1.7993721 
   24000    1.6570742   0.14599247    1.9255197 
   25000    1.5571803   0.12361228    1.7580927 
   26000      1.62551   0.13876764    1.8429469 
   27000    1.4967098   0.12111153    1.6615591 
   28000    1.6076283   0.13221421    1.8270651 
   29000    1.6232721   0.13516913    1.8385848 
   30000     1.567838   0.12395715    1.7161308 
   31000    1.6476513   0.14388105    1.8919384 
   32000    1.5650985     0.137441    1.7828747 
   33000    1.6983239   0.15249019    1.9569457 
   34000    1.5880509   0.13714338    1.8166766 
   35000    1.5996828   0.13744913    1.8225879 
   36000    1.5686295   0.13177596    1.7467079 
   37000    1.6369649   0.12855319     1.877038 
   38000     1.588206   0.13697179    1.8156892 
   39000    1.5850237   0.13216294    1.8074215 
   40000    1.6069456   0.13235668    1.8170399 
   41000    1.6244641   0.13917527    1.8160642 
   42000      1.61094   0.14563902    1.8689864 
   43000     1.548945   0.13232811    1.7468302 
   44000    1.6293982    0.1347255    1.8839297 
   45000    1.5748926   0.12968464    1.7751903 
   46000    1.6711335    0.1445698     1.938006 
   47000    1.6099755   0.12847703    1.8021051 
   48000    1.6005445   0.13625358    1.8087346 
   49000    1.6086227   0.13874298     1.846174 
   50000    1.5578818   0.12568741     1.740207 
Loop time of 7.06485 on 1 procs for 50000 steps with 1331 atoms

Performance: 2445911.528 tau/day, 7077.290 timesteps/s
99.8% CPU use with 1 MPI tasks x no OpenMP threads

MPI task timing breakdown:
Section |  min time  |  avg time  |  max time  |%varavg| %total
---------------------------------------------------------------
Pair    | 4.201      | 4.201      | 4.201      |   0.0 | 59.46
Neigh   | 1.5855     | 1.5855     | 1.5855     |   0.0 | 22.44
Comm    | 0.32943    | 0.32943    | 0.32943    |   0.0 |  4.66
Output  | 0.022439   | 0.022439   | 0.022439   |   0.0 |  0.32
Modify  | 0.84039    | 0.84039    | 0.84039    |   0.0 | 11.90
Other   |            | 0.08617    |            |       |  1.22

Nlocal:    1331 ave 1331 max 1331 min
Histogram: 1 0 0 0 0 0 0 0 0 0
Nghost:    1122 ave 1122 max 1122 min
Histogram: 1 0 0 0 0 0 0 0 0 0
Neighs:    6159 ave 6159 max 6159 min
Histogram: 1 0 0 0 0 0 0 0 0 0

Total # of neighbors = 6159
Ave neighs/atom = 4.62735
Neighbor list builds = 2500
Dangerous builds not checked

write_restart NVT/sim1/T_1.60__v_10.65/end1.restart
Total wall time: 0:00:07
