run 50000
Neighbor list info ...
  update every 20 steps, delay 0 steps, check no
  max neighbors/atom: 2000, page size: 100000
  master list distance cutoff = 2.8
  ghost atom cutoff = 2.8
  binsize = 1.4, bins = 22 22 22
  1 neighbor lists, perpetual/occasional/extra = 1 0 0
  (1) pair lj/cut, perpetual
      attributes: half, newton on
      pair build: half/bin/atomonly/newton
      stencil: half/bin/3d/newton
      bin: standard
Per MPI rank memory allocation (min/avg/max) = 2.739 | 2.739 | 2.739 Mbytes
Step Temp Press TotEng 
       0          1.6  0.077186777    2.3858678 
    1000    1.6162472  0.076344807    2.1496963 
    2000    1.5787157  0.070328683    2.0517701 
    3000    1.6341396  0.080498165    2.1697839 
    4000    1.5394235  0.070052741    1.9929836 
    5000    1.6129853  0.071395444    2.1111295 
    6000     1.588557  0.076568276    2.0865094 
    7000    1.5361678  0.076096468    1.9825438 
    8000    1.6381547     0.075956     2.147448 
    9000    1.5553915  0.073234309    2.0385742 
   10000    1.6740454  0.080979174    2.2171667 
   11000    1.5772436  0.075542361    2.0727635 
   12000    1.6113383   0.07645484    2.1504947 
   13000    1.5937876  0.074839956    2.0962755 
   14000    1.6122113  0.071373476    2.0979526 
   15000    1.5890766  0.073137361     2.098417 
   16000    1.5637407  0.079054229    2.0456062 
   17000    1.6196868  0.073423918    2.1280921 
   18000    1.5833136  0.069330877    2.0599132 
   19000    1.6826262  0.075302127     2.217865 
   20000    1.5903898  0.072807737    2.0745391 
   21000    1.6203371  0.076319008     2.121342 
   22000     1.609778  0.072554283    2.1158684 
   23000    1.6041758  0.069281743    2.0890208 
   24000    1.6004557   0.07203762    2.1004428 
   25000    1.5655332  0.070272044    2.0163696 
   26000    1.6154095  0.073688101    2.1136028 
   27000    1.5509026  0.075259815    2.0469292 
   28000    1.6100727  0.071650375    2.1141135 
   29000    1.6150444  0.073120434      2.11892 
   30000    1.5955146  0.076575297     2.103005 
   31000     1.599271  0.073468762    2.1134457 
   32000    1.5499621  0.067932449     2.021674 
   33000    1.6254399  0.072130076    2.1358991 
   34000    1.5920025  0.076694572    2.0791952 
   35000    1.6105165   0.07246022    2.1017673 
   36000    1.6242569  0.073857131    2.1383584 
   37000    1.5939756  0.076275034      2.08513 
   38000    1.6422148  0.078125866    2.1722258 
   39000    1.5484752  0.068572402    2.0172148 
   40000    1.6493721  0.074025442    2.1741311 
   41000    1.5756561  0.072512011    2.0690505 
   42000    1.6187752  0.076824801    2.1349007 
   43000    1.5950743  0.073816323    2.0938041 
   44000     1.579996  0.070327161     2.068979 
   45000    1.6484968  0.075422036    2.1775368 
   46000    1.5613169  0.073147975    2.0756789 
   47000    1.6193741  0.074607516    2.1313684 
   48000    1.5292405   0.06664226    1.9865419 
   49000    1.6259611  0.075721473    2.1321127 
   50000    1.5849398  0.068698682     2.070056 
Loop time of 4.61595 on 1 procs for 50000 steps with 1331 atoms

Performance: 3743539.213 tau/day, 10832.000 timesteps/s
99.6% CPU use with 1 MPI tasks x no OpenMP threads

MPI task timing breakdown:
Section |  min time  |  avg time  |  max time  |%varavg| %total
---------------------------------------------------------------
Pair    | 2.3035     | 2.3035     | 2.3035     |   0.0 | 49.90
Neigh   | 1.1054     | 1.1054     | 1.1054     |   0.0 | 23.95
Comm    | 0.26248    | 0.26248    | 0.26248    |   0.0 |  5.69
Output  | 0.022279   | 0.022279   | 0.022279   |   0.0 |  0.48
Modify  | 0.84475    | 0.84475    | 0.84475    |   0.0 | 18.30
Other   |            | 0.07751    |            |       |  1.68

Nlocal:    1331 ave 1331 max 1331 min
Histogram: 1 0 0 0 0 0 0 0 0 0
Nghost:    907 ave 907 max 907 min
Histogram: 1 0 0 0 0 0 0 0 0 0
Neighs:    3147 ave 3147 max 3147 min
Histogram: 1 0 0 0 0 0 0 0 0 0

Total # of neighbors = 3147
Ave neighs/atom = 2.36439
Neighbor list builds = 2500
Dangerous builds not checked

write_restart NVT/sim1/T_1.60__v_21.95/end1.restart
Total wall time: 0:00:04
