run 50000
Neighbor list info ...
  update every 20 steps, delay 0 steps, check no
  max neighbors/atom: 2000, page size: 100000
  master list distance cutoff = 2.8
  ghost atom cutoff = 2.8
  binsize = 1.4, bins = 15 15 15
  1 neighbor lists, perpetual/occasional/extra = 1 0 0
  (1) pair lj/cut, perpetual
      attributes: half, newton on
      pair build: half/bin/atomonly/newton
      stencil: half/bin/3d/newton
      bin: standard
Per MPI rank memory allocation (min/avg/max) = 2.75 | 2.75 | 2.75 Mbytes
Step Temp Press TotEng 
       0          1.4    0.1268048    1.8192836 
    1000     1.484546   0.19102581    1.2749903 
    2000    1.3515478   0.15356046   0.99516405 
    3000    1.4362976    0.2037428     1.166521 
    4000    1.3779953   0.17040089    1.0266969 
    5000     1.433494   0.16621787    1.0890625 
    6000    1.3775316    0.1486303    1.0368734 
    7000    1.4019139   0.18391203    1.0786856 
    8000    1.4027701   0.16135692    1.0767477 
    9000    1.4009567   0.17186388    1.0546962 
   10000    1.4136186   0.18129488    1.1170832 
   11000    1.3918568   0.16192902    1.0641264 
   12000     1.391313   0.18164078    1.0491745 
   13000    1.3924326   0.17421182    1.0878269 
   14000    1.3835144   0.17419345    1.0241499 
   15000    1.4026615   0.18490524    1.1037532 
   16000    1.3575305   0.15184898   0.99348368 
   17000    1.4381968   0.15784807    1.1113125 
   18000    1.3932142   0.14918319    1.0322325 
   19000    1.4040835    0.1887614     1.060468 
   20000    1.4729017       0.1993    1.2192476 
   21000    1.3649853   0.14998117    1.0502047 
   22000    1.4233796   0.18842243    1.1148185 
   23000    1.3370932   0.16439215   0.97224262 
   24000    1.3926286   0.16732103    1.0663622 
   25000    1.3732447   0.17022682    1.0214271 
   26000    1.3602623   0.16906362    1.0122116 
   27000    1.3843777   0.17308799    1.0855377 
   28000    1.4436728   0.17163505    1.0938761 
   29000    1.3787104   0.15369411   0.98442581 
   30000    1.4292323    0.1668791    1.0940704 
   31000    1.3756642   0.14874221    1.0550946 
   32000    1.4560122   0.17643873    1.1264148 
   33000      1.38715   0.15249477    1.0068639 
   34000    1.4414552   0.19386713    1.1379379 
   35000    1.3391387   0.14029536   0.97540145 
   36000    1.4276281   0.18896224    1.0877665 
   37000    1.3530784   0.15563342   0.98522882 
   38000    1.3967554   0.18136269    1.0354558 
   39000    1.4087544   0.15611086    1.0931147 
   40000    1.3554026   0.14695065    1.0028965 
   41000    1.4673387   0.17646424    1.1566849 
   42000    1.3850705   0.15751441    1.0341532 
   43000     1.446281   0.17669879    1.1279443 
   44000    1.3716808   0.16839943    1.0151143 
   45000    1.4339092   0.17459674    1.0747921 
   46000    1.4342816   0.17420949    1.1113661 
   47000    1.3476764   0.17249304   0.97277806 
   48000    1.4324445   0.16237433      1.08439 
   49000    1.3689226   0.17392544    1.0606197 
   50000    1.4751893   0.22001549    1.2364588 
Loop time of 10.6699 on 1 procs for 50000 steps with 1331 atoms

Performance: 1619507.171 tau/day, 4686.074 timesteps/s
99.8% CPU use with 1 MPI tasks x no OpenMP threads

MPI task timing breakdown:
Section |  min time  |  avg time  |  max time  |%varavg| %total
---------------------------------------------------------------
Pair    | 7.0331     | 7.0331     | 7.0331     |   0.0 | 65.91
Neigh   | 2.2787     | 2.2787     | 2.2787     |   0.0 | 21.36
Comm    | 0.3958     | 0.3958     | 0.3958     |   0.0 |  3.71
Output  | 0.022345   | 0.022345   | 0.022345   |   0.0 |  0.21
Modify  | 0.84481    | 0.84481    | 0.84481    |   0.0 |  7.92
Other   |            | 0.09525    |            |       |  0.89

Nlocal:    1331 ave 1331 max 1331 min
Histogram: 1 0 0 0 0 0 0 0 0 0
Nghost:    1393 ave 1393 max 1393 min
Histogram: 1 0 0 0 0 0 0 0 0 0
Neighs:    10468 ave 10468 max 10468 min
Histogram: 1 0 0 0 0 0 0 0 0 0

Total # of neighbors = 10468
Ave neighs/atom = 7.86476
Neighbor list builds = 2500
Dangerous builds not checked

write_restart NVT/sim1/T_1.40__v_5.83/end1.restart
Total wall time: 0:00:10
