run 50000
Neighbor list info ...
  update every 20 steps, delay 0 steps, check no
  max neighbors/atom: 2000, page size: 100000
  master list distance cutoff = 2.8
  ghost atom cutoff = 2.8
  binsize = 1.4, bins = 16 16 16
  1 neighbor lists, perpetual/occasional/extra = 1 0 0
  (1) pair lj/cut, perpetual
      attributes: half, newton on
      pair build: half/bin/atomonly/newton
      stencil: half/bin/3d/newton
      bin: standard
Per MPI rank memory allocation (min/avg/max) = 2.7 | 2.7 | 2.7 Mbytes
Step Temp Press Volume Density PotEng KinEng TotEng 
       0          0.1 -0.032919548        10648        0.125  -0.13561964    0.1498873  0.014267664 
    1000   0.68986803  -0.19058781    2707.6681   0.49156689   -3.1848905    1.0340246   -2.1508659 
    2000   0.50120267   0.80999602     1486.873   0.89516722   -5.6530644   0.75123916   -4.9018252 
    3000   0.22838265   0.92488471    1356.3396   0.98131766    -6.404691    0.3423166   -6.0623744 
    4000   0.11977826     1.040884    1323.0442    1.0060133   -6.6159215    0.1795324   -6.4363891 
    5000  0.087134885    1.0098578    1314.4336    1.0126035   -6.6802088   0.13060413   -6.5496047 
    6000  0.098284183    0.9933999    1316.1083     1.011315   -6.6721557   0.14731551   -6.5248402 
    7000   0.11084586   0.99635633    1318.2582    1.0096656    -6.656416   0.16614386   -6.4902722 
    8000  0.091230207    1.0292546    1313.7203    1.0131532   -6.6845127    0.1367425   -6.5477702 
    9000   0.09708374   0.97038317    1313.5188    1.0133087   -6.6947516    0.1455162   -6.5492354 
   10000   0.10555755    1.0340654     1315.176    1.0120319   -6.6704825   0.15821736   -6.5122651 
   11000  0.097233543   0.96755177    1313.8809    1.0130294   -6.6909118   0.14574074   -6.5451711 
   12000  0.094160522    1.0074394    1312.1707    1.0143497   -6.6989737   0.14113467    -6.557839 
   13000   0.10578147   0.99173705    1314.4951     1.012556   -6.6848848     0.158553   -6.5263318 
   14000  0.099883826   0.99328842    1314.1629    1.0128121   -6.6892357   0.14971317   -6.5395225 
   15000  0.097092689    1.0413968    1310.6505    1.0155263   -6.7052945   0.14552961   -6.5597649 
   16000   0.10172702   0.99022404    1313.7104    1.0131609    -6.690756   0.15247589   -6.5382801 
   17000   0.10258582     1.033408    1313.1446    1.0135974   -6.6895458   0.15376311   -6.5357827 
   18000  0.098455235     0.909362    1313.3771     1.013418    -6.707338    0.1475719   -6.5597661 
   19000   0.10022619    1.0840457    1311.4642    1.0148961   -6.6932363   0.15022634     -6.54301 
   20000   0.10246836    1.0028632    1314.1189    1.0128459    -6.686967   0.15358706   -6.5333799 
   21000  0.095608573   0.99237887    1312.5731    1.0140388   -6.6988679   0.14330511   -6.5555628 
   22000  0.096438061    1.0408713    1311.7976    1.0146382   -6.6963088   0.14454841   -6.5517604 
   23000   0.10446525   0.95433697    1314.0101    1.0129298   -6.6961583   0.15658015   -6.5395781 
   24000   0.09809618   0.97417944    1312.7579     1.013896   -6.6997574   0.14703372   -6.5527237 
   25000   0.09892649    0.9881681    1312.3073    1.0142441   -6.7028815   0.14827825   -6.5546033 
   26000   0.10195075    1.0501192    1312.2589    1.0142815    -6.692073   0.15281123   -6.5392617 
   27000  0.097467031   0.83992701     1315.591    1.0117126   -6.6991893    0.1460907   -6.5530986 
   28000  0.099486117    1.1496371    1308.6348    1.0170905   -6.7036443   0.14911706   -6.5545272 
   29000  0.099875659   0.93234354    1314.7534    1.0123571   -6.6929573   0.14970093   -6.5432563 
   30000   0.10000036   0.99047492     1312.832    1.0138388   -6.6979301   0.14988784   -6.5480422 
   31000  0.096791078    1.0542602     1310.625     1.015546   -6.7032331   0.14507754   -6.5581556 
   32000   0.10074896   0.97408452    1313.5441    1.0132892   -6.6981643   0.15100989   -6.5471544 
   33000    0.1027242    1.0268423    1311.9815     1.014496   -6.6996443   0.15397054   -6.5456738 
   34000  0.094680508    1.0145034    1311.8016    1.0146351   -6.7010034   0.14191406   -6.5590894 
   35000   0.10052326    1.0250431    1312.2872    1.0142597   -6.6993911   0.15067161   -6.5487195 
   36000    0.1037243   0.99294594    1312.5144    1.0140841   -6.7001516   0.15546956    -6.544682 
   37000  0.094716407   0.98874595    1312.5459    1.0140597    -6.701497   0.14196787   -6.5595292 
   38000  0.098702877    1.0808287    1310.9475    1.0152962   -6.6993867   0.14794308   -6.5514436 
   39000  0.099837922    1.0079586    1313.1326    1.0136067   -6.6933734   0.14964437    -6.543729 
   40000  0.099625167    1.0521015    1311.1797    1.0151164   -6.7051804   0.14932548   -6.5558549 
   41000  0.096654418   0.96439287    1313.4728    1.0133441    -6.700711    0.1448727   -6.5558383 
   42000   0.10062138    1.0983291    1311.2989    1.0150241    -6.693038   0.15081867   -6.5422193 
   43000  0.098905767   0.94155827    1313.4769     1.013341   -6.7036343   0.14824719   -6.5553871 
   44000  0.098099396    1.0755881    1310.4723    1.0156644   -6.7030187   0.14703854   -6.5559801 
   45000   0.10247493   0.99941363    1312.9912    1.0137158   -6.6979717   0.15359691   -6.5443748 
   46000   0.10009671    1.0310776    1312.0099    1.0144741   -6.7014869   0.15003226   -6.5514546 
   47000  0.096075601   0.96537393    1312.9977    1.0137109   -6.7036025   0.14400513   -6.5595974 
   48000    0.1027209    1.1007791    1310.6583    1.0155202   -6.6982305   0.15396559    -6.544265 
   49000  0.099710253   0.94741663    1313.7265    1.0131485   -6.6990983   0.14945301   -6.5496453 
   50000   0.10026695    1.0063934    1311.5302    1.0148451   -6.7091752   0.15028743   -6.5588877 
Loop time of 45.6442 on 1 procs for 50000 steps with 1331 atoms

Performance: 378580.629 tau/day, 1095.430 timesteps/s
99.9% CPU use with 1 MPI tasks x no OpenMP threads

MPI task timing breakdown:
Section |  min time  |  avg time  |  max time  |%varavg| %total
---------------------------------------------------------------
Pair    | 37.358     | 37.358     | 37.358     |   0.0 | 81.85
Neigh   | 5.21       | 5.21       | 5.21       |   0.0 | 11.41
Comm    | 0.76133    | 0.76133    | 0.76133    |   0.0 |  1.67
Output  | 0.025904   | 0.025904   | 0.025904   |   0.0 |  0.06
Modify  | 2.0557     | 2.0557     | 2.0557     |   0.0 |  4.50
Other   |            | 0.2329     |            |       |  0.51

Nlocal:    1331 ave 1331 max 1331 min
Histogram: 1 0 0 0 0 0 0 0 0 0
Nghost:    3275 ave 3275 max 3275 min
Histogram: 1 0 0 0 0 0 0 0 0 0
Neighs:    60647 ave 60647 max 60647 min
Histogram: 1 0 0 0 0 0 0 0 0 0

Total # of neighbors = 60647
Ave neighs/atom = 45.565
Neighbor list builds = 2500
Dangerous builds not checked

write_restart lattice_11_11_11__2_2_2/sim1/T_0.10__P_1.00/end1.restart
Total wall time: 0:00:45
