run 50000
Neighbor list info ...
  update every 20 steps, delay 0 steps, check no
  max neighbors/atom: 2000, page size: 100000
  master list distance cutoff = 2.8
  ghost atom cutoff = 2.8
  binsize = 1.4, bins = 10 10 10
  1 neighbor lists, perpetual/occasional/extra = 1 0 0
  (1) pair lj/cut, perpetual
      attributes: half, newton on
      pair build: half/bin/atomonly/newton
      stencil: half/bin/3d/newton
      bin: standard
Per MPI rank memory allocation (min/avg/max) = 2.732 | 2.732 | 2.732 Mbytes
Step Temp Press TotEng 
       0          1.8 -0.046605554   -1.4409809 
    1000    1.6080581    1.5003957  -0.89136785 
    2000    1.8968127    1.7581759  -0.39328859 
    3000    1.7632125    1.8264941  -0.57202987 
    4000    1.7673581    1.8780415  -0.54869295 
    5000    1.8489317    1.9206725  -0.44144247 
    6000    1.7602328    1.6350411  -0.61511388 
    7000    1.8544612    1.7584911   -0.4514692 
    8000    1.7703641     1.738632  -0.59389212 
    9000     1.834096    1.9387164  -0.45590857 
   10000    1.8307097    1.7931827  -0.48658265 
   11000    1.7747432    1.6897985  -0.58181622 
   12000    1.8843046    1.8928499  -0.39865392 
   13000    1.7904389    1.7003484  -0.56669455 
   14000    1.8135278    1.9320119  -0.47511322 
   15000    1.7254967    1.7479793  -0.60817956 
   16000    1.7968154    1.9221208  -0.48107592 
   17000    1.7910331    1.8130421  -0.51940681 
   18000    1.7652129    1.8137579  -0.55601597 
   19000    1.8549072    1.8884456  -0.40841454 
   20000    1.7761866     1.738835  -0.56670259 
   21000    1.8224237    1.7980259  -0.49163866 
   22000    1.7968354    1.8376231  -0.52034273 
   23000    1.7708216    1.8125793  -0.56904967 
   24000    1.8470131    1.8314355  -0.45350504 
   25000    1.7856731    1.8228984  -0.54338489 
   26000    1.8241992    1.7487421  -0.49700475 
   27000    1.8102418    1.9635219  -0.48258528 
   28000    1.7454165    1.7068501   -0.6143775 
   29000    1.8285217    1.8726827  -0.45155282 
   30000    1.8062207    1.6209567  -0.55341509 
   31000    1.8511626    1.8655961  -0.44788121 
   32000    1.8439795    1.7095607  -0.51260985 
   33000    1.7819676     1.878063  -0.54028794 
   34000    1.8623469    2.0756445  -0.36956059 
   35000    1.7886354    1.6715017  -0.58663081 
   36000    1.8152615    1.9073233  -0.49547506 
   37000    1.7997483    1.7886353  -0.54200161 
   38000    1.7685361    1.8291984  -0.56351936 
   39000    1.7971474     2.003034  -0.48518171 
   40000    1.7193848    1.6385206  -0.68768541 
   41000    1.8547471     1.678215  -0.51058889 
   42000    1.8058673    1.7124573  -0.53026265 
   43000     1.746407    1.8602351  -0.58377385 
   44000    1.8303956    1.9196843  -0.44556779 
   45000    1.7639083    1.7606332  -0.56169434 
   46000    1.8048508    1.7643659  -0.51168107 
   47000    1.7981084    1.7772634  -0.52885215 
   48000    1.7854091    1.9227163  -0.51375083 
   49000    1.8414491    1.7880335  -0.45113837 
   50000    1.7462122    1.6698415  -0.60926947 
Loop time of 28.146 on 1 procs for 50000 steps with 1331 atoms

Performance: 613941.714 tau/day, 1776.452 timesteps/s
99.9% CPU use with 1 MPI tasks x no OpenMP threads

MPI task timing breakdown:
Section |  min time  |  avg time  |  max time  |%varavg| %total
---------------------------------------------------------------
Pair    | 22.695     | 22.695     | 22.695     |   0.0 | 80.63
Neigh   | 3.8144     | 3.8144     | 3.8144     |   0.0 | 13.55
Comm    | 0.65024    | 0.65024    | 0.65024    |   0.0 |  2.31
Output  | 0.017504   | 0.017504   | 0.017504   |   0.0 |  0.06
Modify  | 0.84377    | 0.84377    | 0.84377    |   0.0 |  3.00
Other   |            | 0.1253     |            |       |  0.45

Nlocal:    1331 ave 1331 max 1331 min
Histogram: 1 0 0 0 0 0 0 0 0 0
Nghost:    2542 ave 2542 max 2542 min
Histogram: 1 0 0 0 0 0 0 0 0 0
Neighs:    36516 ave 36516 max 36516 min
Histogram: 1 0 0 0 0 0 0 0 0 0

Total # of neighbors = 36516
Ave neighs/atom = 27.435
Neighbor list builds = 2500
Dangerous builds not checked

write_restart NVT/sim1/T_1.80__v_1.33/end1.restart
Total wall time: 0:00:28
