run 50000
Neighbor list info ...
  update every 20 steps, delay 0 steps, check no
  max neighbors/atom: 2000, page size: 100000
  master list distance cutoff = 2.8
  ghost atom cutoff = 2.8
  binsize = 1.4, bins = 16 16 16
  1 neighbor lists, perpetual/occasional/extra = 1 0 0
  (1) pair lj/cut, perpetual
      attributes: half, newton on
      pair build: half/bin/atomonly/newton
      stencil: half/bin/3d/newton
      bin: standard
Per MPI rank memory allocation (min/avg/max) = 2.7 | 2.7 | 2.7 Mbytes
Step Temp Press Volume Density PotEng KinEng TotEng 
       0          1.3   0.11696776        10648        0.125  -0.13561964    1.9485349    1.8129153 
    1000    1.8933536   0.38811388    6134.9738   0.21695284   -1.1677318    2.8378966    1.6701648 
    2000    1.6371371   0.45084188    4298.5242   0.30964116   -1.7198744    2.4538607   0.73398626 
    3000    1.4724153   0.51484221    3245.8956   0.41005632   -2.2936939    2.2069636 -0.086730279 
    4000    1.4323845   0.60977153    2591.5408   0.51359408   -2.8990136    2.1469624   -0.7520512 
    5000     1.403473    0.8730871    2206.6198   0.60318503   -3.4309346    2.1036278   -1.3273068 
    6000    1.2969934    1.2344339    2004.4641   0.66401788   -3.7362459    1.9440284   -1.7922176 
    7000    1.2485021    1.5080788    1917.0756   0.69428666   -3.9145464    1.8713461   -2.0432003 
    8000    1.3008057    1.3953844    1904.3923   0.69891062   -3.9678378    1.9497426   -2.0180952 
    9000    1.3083512    1.4519817    1934.2705   0.68811473   -3.8908501    1.9610524   -1.9297977 
   10000    1.3226935    1.3762912    1943.6573    0.6847915   -3.8856841    1.9825496   -1.9031345 
   11000    1.2926573    1.3667766    1921.9951   0.69250956   -3.9250999    1.9375291   -1.9875708 
   12000    1.2842467    1.2507673    1920.8908    0.6929077   -3.9608577    1.9249227    -2.035935 
   13000    1.3075645    1.4242706    1924.3817   0.69165073   -3.9169295    1.9598731   -1.9570564 
   14000    1.2877623    1.3463185     1938.112   0.68675082   -3.8784616    1.9301922   -1.9482695 
   15000    1.2910772    1.3740777    1929.0377   0.68998132    -3.896812    1.9351608   -1.9616512 
   16000    1.3071806    1.2822039    1921.7441   0.69260001   -3.9343688    1.9592977   -1.9750711 
   17000    1.3047154    1.5313745    1927.0305       0.6907   -3.8924517    1.9556027    -1.936849 
   18000    1.2873781    1.4608129    1927.6469   0.69047917   -3.8820156    1.9296163   -1.9523993 
   19000     1.277456    1.5342022    1914.8719   0.69508567   -3.9170134    1.9147444    -2.002269 
   20000     1.298569    1.4615017    1907.5745    0.6977447   -3.9313655    1.9463901   -1.9849754 
   21000    1.3084857    1.4309602    1922.8919   0.69218659   -3.9198597    1.9612539   -1.9586058 
   22000    1.2866714    1.4494537    1925.1014   0.69139215   -3.9104085    1.9285571   -1.9818515 
   23000    1.2699385    1.3661522    1926.4286   0.69091582   -3.9113551    1.9034765   -2.0078786 
   24000    1.3035181    1.4135199    1932.5148   0.68873988    -3.877764    1.9538081   -1.9239559 
   25000    1.3116046      1.40081    1927.7792   0.69043177   -3.9070845    1.9659287   -1.9411558 
   26000    1.2860684    1.2609731    1918.2241   0.69387095   -3.9583768    1.9276533   -2.0307235 
   27000    1.2838168    1.3117325    1911.5428   0.69629621   -3.9815652    1.9242784   -2.0572867 
   28000    1.2698531    1.4717624     1922.057   0.69248728   -3.8952958    1.9033486   -1.9919472 
   29000    1.3023812    1.4344126    1939.1608   0.68637938    -3.889467    1.9521041    -1.937363 
   30000    1.2893237    1.3835959    1946.6252   0.68374745    -3.857287    1.9325325   -1.9247545 
   31000    1.2731782    1.3142007    1932.5891    0.6887134    -3.902068    1.9083325   -1.9937354 
   32000     1.314692    1.2988705    1920.8297   0.69292972   -3.9511456    1.9705564   -1.9805892 
   33000     1.348967    1.5005794    1925.2574   0.69133615    -3.886395    2.0219302   -1.8644648 
   34000    1.2994632    1.7192219    1914.2207   0.69532211   -3.8866972    1.9477304   -1.9389668 
   35000    1.3067113      1.52776    1895.5426   0.70217361   -3.9589793    1.9585943   -2.0003851 
   36000    1.3119673    1.5801388    1915.3413    0.6949153    -3.897022    1.9664724   -1.9305496 
   37000    1.3330691    1.3203729    1932.6137   0.68870463   -3.9252357    1.9981013   -1.9271344 
   38000     1.268346    1.2558855    1929.6938   0.68974675   -3.9146233    1.9010896   -2.0135337 
   39000     1.253311    1.3688302    1893.9967   0.70274674   -4.0128589     1.878554   -2.1343049 
   40000    1.2607885    1.3697514    1910.8504   0.69654852   -3.9587039    1.8897619   -2.0689421 
   41000    1.3022121    1.5104084    1916.5881   0.69446325    -3.914328    1.9518507   -1.9624773 
   42000    1.3451822    1.5155942    1923.9931   0.69179041   -3.8897281    2.0162573   -1.8734707 
   43000    1.3059301     1.507037    1923.6468   0.69191494   -3.8770195    1.9574234   -1.9195961 
   44000    1.3245446    1.4018929    1887.6376   0.70511414   -4.0194545    1.9853242   -2.0341303 
   45000    1.3397565    1.4910146    1913.9258   0.69542927   -3.9404871    2.0081249   -1.9323622 
   46000    1.3634632    1.3041181     1922.935   0.69217109   -3.9508498    2.0436582   -1.9071917 
   47000    1.2786083    1.5736551    1904.6678   0.69880952   -3.9334185    1.9164715    -2.016947 
   48000    1.2554118    1.5530855    1890.4864    0.7040516   -3.9733248    1.8817029   -2.0916218 
   49000    1.2949632    1.5216066    1908.7304   0.69732216   -3.9443063    1.9409854   -2.0033209 
   50000    1.2937681    1.4327731    1927.6579   0.69047522    -3.871244    1.9391941   -1.9320499 
Loop time of 38.1041 on 1 procs for 50000 steps with 1331 atoms

Performance: 453494.177 tau/day, 1312.194 timesteps/s
99.8% CPU use with 1 MPI tasks x no OpenMP threads

MPI task timing breakdown:
Section |  min time  |  avg time  |  max time  |%varavg| %total
---------------------------------------------------------------
Pair    | 29.76      | 29.76      | 29.76      |   0.0 | 78.10
Neigh   | 4.9612     | 4.9612     | 4.9612     |   0.0 | 13.02
Comm    | 0.80504    | 0.80504    | 0.80504    |   0.0 |  2.11
Output  | 0.026338   | 0.026338   | 0.026338   |   0.0 |  0.07
Modify  | 2.3814     | 2.3814     | 2.3814     |   0.0 |  6.25
Other   |            | 0.1698     |            |       |  0.45

Nlocal:    1331 ave 1331 max 1331 min
Histogram: 1 0 0 0 0 0 0 0 0 0
Nghost:    2689 ave 2689 max 2689 min
Histogram: 1 0 0 0 0 0 0 0 0 0
Neighs:    41386 ave 41386 max 41386 min
Histogram: 1 0 0 0 0 0 0 0 0 0

Total # of neighbors = 41386
Ave neighs/atom = 31.0939
Neighbor list builds = 2500
Dangerous builds not checked

write_restart lattice_11_11_11__2_2_2/sim1/T_1.30__P_1.40/end1.restart
Total wall time: 0:00:38
