run 50000
Neighbor list info ...
  update every 20 steps, delay 0 steps, check no
  max neighbors/atom: 2000, page size: 100000
  master list distance cutoff = 2.8
  ghost atom cutoff = 2.8
  binsize = 1.4, bins = 16 16 16
  1 neighbor lists, perpetual/occasional/extra = 1 0 0
  (1) pair lj/cut, perpetual
      attributes: half, newton on
      pair build: half/bin/atomonly/newton
      stencil: half/bin/3d/newton
      bin: standard
Per MPI rank memory allocation (min/avg/max) = 2.7 | 2.7 | 2.7 Mbytes
Step Temp Press Volume Density PotEng KinEng TotEng 
       0          1.8    0.1794208        10648        0.125  -0.13561964    2.6979715    2.5623518 
    1000    2.3530563   0.47930294    6909.2818   0.19263941  -0.99842167    3.5269326    2.5285109 
    2000    2.0830515   0.54206068    5198.7042   0.25602534   -1.3825575    3.1222297    1.7396722 
    3000    1.8958612    0.6424153    4146.7871   0.32097138   -1.7109211    2.8416551    1.1307341 
    4000    1.8315722    0.7231279    3454.4681    0.3852981   -2.0550852    2.7452942     0.690209 
    5000    1.8154946   0.86334924    3012.3073   0.44185399   -2.3668513    2.7211959   0.35434461 
    6000     1.769703    1.0487948    2735.0842   0.48663949   -2.5736012    2.6525601  0.078958922 
    7000    1.8101362    1.0703859    2585.0934   0.51487501   -2.7957117    2.7131643 -0.082547434 
    8000    1.7850829    1.2475135    2525.8949   0.52694196   -2.8162613    2.6756127  -0.14064858 
    9000    1.7749566    1.2590627      2543.31   0.52333376   -2.7715612    2.6604346  -0.11112654 
   10000    1.8221828    1.1938534    2545.4292   0.52289807   -2.8118279    2.7312207 -0.080607284 
   11000    1.7702161    1.2555758    2527.8081   0.52654314   -2.8033237    2.6533291  -0.14999463 
   12000    1.7972183    1.3671457    2538.4499   0.52433573    -2.767251     2.693802 -0.073449065 
   13000    1.8186658    1.0918142    2588.7805   0.51414171   -2.7749996    2.7259491 -0.049050425 
   14000    1.8113686    1.2031575    2542.9277   0.52341243   -2.8151106    2.7150115  -0.10009916 
   15000    1.7866279    1.2804511     2511.849   0.52988855   -2.8612392    2.6779284   -0.1833108 
   16000    1.8336077    1.1754596    2541.5375   0.52369875    -2.820971    2.7483452 -0.072625829 
   17000    1.7972092    1.0924727    2577.1777   0.51645642   -2.7974595    2.6937883   -0.1036712 
   18000    1.8095867    1.2699772    2470.4067   0.53877768   -2.9067639    2.7123406  -0.19442328 
   19000    1.7545517     1.204285    2492.0831   0.53409133    -2.863907    2.6298502  -0.23405678 
   20000    1.7653359    1.1654386    2564.9843   0.51891155   -2.7774655    2.6460144  -0.13145117 
   21000    1.8096737   0.99246164    2518.3759   0.52851522   -2.8778276    2.7124711   -0.1653565 
   22000    1.8596069    1.2442717    2488.6348   0.53483139   -2.8749996    2.7873146 -0.087685016 
   23000    1.8019828    1.1210785    2576.8374   0.51652464   -2.7884154    2.7009433 -0.087472087 
   24000    1.7585278     1.207527     2614.497   0.50908453   -2.7221994    2.6358099 -0.086389506 
   25000    1.8773675    1.3155832    2529.7175    0.5261457   -2.8132909    2.8139356 0.00064470083 
   26000    1.8182073     1.206139    2515.3505    0.5291509    -2.805786    2.7252618  -0.08052418 
   27000    1.7646888    1.0486038    2549.0986   0.52214535   -2.8431783    2.6450444  -0.19813387 
   28000    1.8194996    1.3114422    2520.1168   0.52815013   -2.8092359    2.7271989  -0.08203697 
   29000    1.8441953    1.2387935    2582.4418   0.51540368   -2.7458999    2.7642145  0.018314649 
   30000    1.7289079    1.1756074     2573.682   0.51715791   -2.7393116    2.5914134  -0.14789814 
   31000    1.7606743    1.3507785    2485.3211   0.53554447   -2.8304788    2.6390273  -0.19145146 
   32000    1.8105025    1.0273171    2510.9232   0.53008391   -2.8828583    2.7137133  -0.16914497 
   33000    1.7863643    1.2223291    2559.8902   0.51994418   -2.7887345    2.6775332  -0.11120131 
   34000    1.8066802    1.2307348    2556.8493   0.52056255    -2.783985    2.7079842 -0.076000825 
   35000    1.8264995    1.4356501     2437.243   0.54610886   -2.8979188    2.7376909  -0.16022792 
   36000    1.7824186    1.2531391    2515.4669   0.52912641   -2.8296097    2.6716191  -0.15799063 
   37000    1.7433733      1.29854    2564.9797   0.51891248   -2.7336163    2.6130952  -0.12052104 
   38000    1.8433036    1.4030305    2536.9658   0.52464247   -2.7700632     2.762878 -0.0071851816 
   39000    1.7849435    1.2393258    2560.4982   0.51982071   -2.7685377    2.6754037 -0.093134054 
   40000    1.7085249    1.2640225    2533.2249   0.52541723   -2.7740853    2.5608619  -0.21322333 
   41000    1.8167665    1.3388298     2522.722   0.52760471   -2.8161179    2.7231023   -0.0930156 
   42000    1.7992938    1.1440622    2625.7973   0.50689366   -2.7063507     2.696913 -0.0094377349 
   43000    1.8038075    1.1152717    2557.2052   0.52049011    -2.796386    2.7036784 -0.092707598 
   44000    1.8170823    1.1472817    2528.0692   0.52648876   -2.8382351    2.7235756  -0.11465948 
   45000    1.7388749    1.2413488    2530.4821   0.52598673   -2.7784505    2.6063528  -0.17209777 
   46000    1.7721216    1.1767415    2565.1956   0.51886882   -2.7751378    2.6561853  -0.11895246 
   47000     1.900121    1.2683614    2560.8044   0.51975855   -2.7905426    2.8480401  0.057497502 
   48000    1.8127274    1.2352753     2565.519    0.5188034   -2.7786127    2.7170481 -0.061564546 
   49000    1.7441522    1.2245381    2551.6079   0.52163186   -2.7808096    2.6142626  -0.16654698 
   50000    1.8447202    1.2476608    2518.9656   0.52839149     -2.85162    2.7650014 -0.086618647 
Loop time of 31.4704 on 1 procs for 50000 steps with 1331 atoms

Performance: 549086.676 tau/day, 1588.792 timesteps/s
99.9% CPU use with 1 MPI tasks x no OpenMP threads

MPI task timing breakdown:
Section |  min time  |  avg time  |  max time  |%varavg| %total
---------------------------------------------------------------
Pair    | 23.74      | 23.74      | 23.74      |   0.0 | 75.44
Neigh   | 4.387      | 4.387      | 4.387      |   0.0 | 13.94
Comm    | 0.75581    | 0.75581    | 0.75581    |   0.0 |  2.40
Output  | 0.024234   | 0.024234   | 0.024234   |   0.0 |  0.08
Modify  | 2.4045     | 2.4045     | 2.4045     |   0.0 |  7.64
Other   |            | 0.1586     |            |       |  0.50

Nlocal:    1331 ave 1331 max 1331 min
Histogram: 1 0 0 0 0 0 0 0 0 0
Nghost:    2385 ave 2385 max 2385 min
Histogram: 1 0 0 0 0 0 0 0 0 0
Neighs:    31795 ave 31795 max 31795 min
Histogram: 1 0 0 0 0 0 0 0 0 0

Total # of neighbors = 31795
Ave neighs/atom = 23.8881
Neighbor list builds = 2500
Dangerous builds not checked

write_restart lattice_11_11_11__2_2_2/sim1/T_1.80__P_1.20/end1.restart
Total wall time: 0:00:31
