run 50000
Neighbor list info ...
  update every 20 steps, delay 0 steps, check no
  max neighbors/atom: 2000, page size: 100000
  master list distance cutoff = 2.8
  ghost atom cutoff = 2.8
  binsize = 1.4, bins = 10 10 10
  1 neighbor lists, perpetual/occasional/extra = 1 0 0
  (1) pair lj/cut, perpetual
      attributes: half, newton on
      pair build: half/bin/atomonly/newton
      stencil: half/bin/3d/newton
      bin: standard
Per MPI rank memory allocation (min/avg/max) = 2.732 | 2.732 | 2.732 Mbytes
Step Temp Press TotEng 
       0          1.4  -0.28875394   -2.0405301 
    1000    1.2516975   0.64143737    -1.612977 
    2000    1.4581443    1.0122599   -1.2058284 
    3000      1.38606    1.0423353   -1.3118937 
    4000    1.3697217    1.1019911   -1.3421626 
    5000    1.4324317    1.1775397   -1.2403507 
    6000    1.3718923   0.85905905    -1.368631 
    7000    1.4380074    1.0055308   -1.2387816 
    8000    1.3603766    1.0080398   -1.3425329 
    9000    1.4081762   0.94906776   -1.3102071 
   10000    1.4151124   0.92735278   -1.2769736 
   11000    1.4087782   0.79717569   -1.3197481 
   12000     1.376964    1.0497084   -1.3199357 
   13000    1.4474893    1.1016572   -1.2155595 
   14000    1.3432873    1.0774779   -1.3672422 
   15000    1.4031308    1.0938141   -1.2661445 
   16000    1.3756353   0.86402572   -1.3601995 
   17000    1.3662557   0.88553317   -1.3824155 
   18000    1.3873753    1.0862265   -1.2695822 
   19000    1.3768563   0.93186414   -1.3323936 
   20000    1.4155244   0.81275171    -1.318839 
   21000    1.4271025    1.0126431   -1.2701592 
   22000    1.3714368   0.97460101   -1.3458076 
   23000    1.4849935   0.97138718   -1.1882563 
   24000    1.4300969   0.91246839   -1.3128591 
   25000    1.4130858   0.90433848   -1.3131354 
   26000    1.4338515    1.0377791   -1.2360885 
   27000    1.3889244    1.0060558   -1.3060902 
   28000    1.4166589    0.8962362   -1.2946863 
   29000    1.4192316   0.94766385   -1.2588614 
   30000    1.3472126   0.82832445   -1.3821087 
   31000    1.4477085   0.99373922    -1.228809 
   32000     1.395067    0.9774068   -1.3222851 
   33000    1.4172353    1.0459641   -1.2726352 
   34000    1.4311209    1.0308955   -1.2741036 
   35000    1.3758043   0.93397921   -1.3364856 
   36000    1.4408884   0.99192392   -1.2458433 
   37000    1.4422718    1.0973287   -1.2029932 
   38000    1.3944938   0.86724773   -1.3396669 
   39000    1.4246815    1.0471569   -1.2354752 
   40000    1.3952539   0.86296193   -1.3351707 
   41000    1.4013813   0.95733188   -1.3053571 
   42000    1.4131731   0.92525685   -1.3020796 
   43000    1.3444609   0.96594834   -1.3784907 
   44000    1.4034086    1.0222433   -1.2866689 
   45000    1.3968926   0.83066659   -1.3461333 
   46000    1.4286272   0.85325413   -1.3269032 
   47000    1.4177505    1.0671715   -1.2530823 
   48000    1.3945191    0.8668299   -1.3739315 
   49000    1.4361974     1.221249   -1.1992111 
   50000     1.386531   0.78710723   -1.3440308 
Loop time of 27.9305 on 1 procs for 50000 steps with 1331 atoms

Performance: 618678.559 tau/day, 1790.158 timesteps/s
99.9% CPU use with 1 MPI tasks x no OpenMP threads

MPI task timing breakdown:
Section |  min time  |  avg time  |  max time  |%varavg| %total
---------------------------------------------------------------
Pair    | 22.484     | 22.484     | 22.484     |   0.0 | 80.50
Neigh   | 3.8042     | 3.8042     | 3.8042     |   0.0 | 13.62
Comm    | 0.6522     | 0.6522     | 0.6522     |   0.0 |  2.34
Output  | 0.025581   | 0.025581   | 0.025581   |   0.0 |  0.09
Modify  | 0.83925    | 0.83925    | 0.83925    |   0.0 |  3.00
Other   |            | 0.1252     |            |       |  0.45

Nlocal:    1331 ave 1331 max 1331 min
Histogram: 1 0 0 0 0 0 0 0 0 0
Nghost:    2623 ave 2623 max 2623 min
Histogram: 1 0 0 0 0 0 0 0 0 0
Neighs:    36432 ave 36432 max 36432 min
Histogram: 1 0 0 0 0 0 0 0 0 0

Total # of neighbors = 36432
Ave neighs/atom = 27.3719
Neighbor list builds = 2500
Dangerous builds not checked

write_restart NVT/sim1/T_1.40__v_1.33/end1.restart
Total wall time: 0:00:27
