run 50000
Neighbor list info ...
  update every 20 steps, delay 0 steps, check no
  max neighbors/atom: 2000, page size: 100000
  master list distance cutoff = 2.8
  ghost atom cutoff = 2.8
  binsize = 1.4, bins = 13 13 13
  1 neighbor lists, perpetual/occasional/extra = 1 0 0
  (1) pair lj/cut, perpetual
      attributes: half, newton on
      pair build: half/bin/atomonly/newton
      stencil: half/bin/3d/newton
      bin: standard
Per MPI rank memory allocation (min/avg/max) = 2.742 | 2.742 | 2.742 Mbytes
Step Temp Press TotEng 
       0          1.6  -0.11896725    1.4223571 
    1000    1.6405126   0.39809742   0.94672011 
    2000    1.5672884   0.35480448   0.76662181 
    3000    1.6303877   0.40311884   0.91898516 
    4000    1.5839807   0.28293697   0.80155502 
    5000    1.6165678   0.33942395   0.89081725 
    6000    1.5775522    0.3168765   0.82907413 
    7000    1.5498412   0.29550393   0.78302437 
    8000      1.61131   0.27434202   0.84352115 
    9000    1.6619868   0.30987927   0.93207096 
   10000    1.5331131   0.28083515   0.76220957 
   11000    1.6352905    0.3386981   0.88597494 
   12000    1.5502424   0.30241615   0.80666696 
   13000    1.6801999    0.3655294    0.9798684 
   14000    1.5789921    0.3207032   0.81627553 
   15000    1.6327256   0.32260556   0.89414129 
   16000    1.6216542   0.32332088   0.86801624 
   17000    1.5762228   0.32958545   0.80732908 
   18000    1.6085246   0.35185837   0.87387668 
   19000    1.5585781   0.30219638   0.75695115 
   20000    1.6222994   0.34957022   0.88575689 
   21000    1.5809449   0.34032594   0.84857518 
   22000     1.565067   0.35601855   0.78392793 
   23000    1.5941019   0.32256288   0.88817536 
   24000    1.5825512   0.31853695   0.76545346 
   25000    1.6748838   0.35172278    0.9511707 
   26000     1.578113   0.35636333   0.82055302 
   27000    1.5991549   0.38536045   0.90011674 
   28000    1.5423239   0.33034681   0.77243887 
   29000     1.647043   0.31863461   0.88876203 
   30000    1.5831725   0.30895719   0.79955599 
   31000    1.5938431   0.35093299   0.87550328 
   32000    1.6263477   0.36424539   0.90600289 
   33000    1.5934185   0.35138526   0.83230403 
   34000    1.6378298   0.39702737   0.91039138 
   35000      1.56602   0.28782713   0.79693659 
   36000    1.6459227   0.35007167   0.88424393 
   37000    1.5662761   0.34013523   0.77916649 
   38000    1.5953327   0.34653356   0.85765676 
   39000    1.5840362    0.3590292   0.82653057 
   40000    1.6011296   0.28613086   0.79412254 
   41000    1.6206512   0.36723665   0.87363161 
   42000    1.5531263   0.31394709   0.78044774 
   43000    1.6482898   0.33429759   0.93867208 
   44000    1.5677854   0.37726523    0.7974821 
   45000    1.5891761   0.32696631   0.85620163 
   46000    1.6290789   0.34381206   0.87113337 
   47000    1.5853478   0.32674499    0.8382959 
   48000    1.6090001   0.38210476   0.89902294 
   49000    1.6129115   0.36584809   0.86658899 
   50000    1.5655262   0.27064967   0.79021625 
Loop time of 15.0015 on 1 procs for 50000 steps with 1331 atoms

Performance: 1151884.447 tau/day, 3332.999 timesteps/s
99.8% CPU use with 1 MPI tasks x no OpenMP threads

MPI task timing breakdown:
Section |  min time  |  avg time  |  max time  |%varavg| %total
---------------------------------------------------------------
Pair    | 10.787     | 10.787     | 10.787     |   0.0 | 71.91
Neigh   | 2.7728     | 2.7728     | 2.7728     |   0.0 | 18.48
Comm    | 0.47886    | 0.47886    | 0.47886    |   0.0 |  3.19
Output  | 0.023779   | 0.023779   | 0.023779   |   0.0 |  0.16
Modify  | 0.83545    | 0.83545    | 0.83545    |   0.0 |  5.57
Other   |            | 0.1034     |            |       |  0.69

Nlocal:    1331 ave 1331 max 1331 min
Histogram: 1 0 0 0 0 0 0 0 0 0
Nghost:    1843 ave 1843 max 1843 min
Histogram: 1 0 0 0 0 0 0 0 0 0
Neighs:    16614 ave 16614 max 16614 min
Histogram: 1 0 0 0 0 0 0 0 0 0

Total # of neighbors = 16614
Ave neighs/atom = 12.4823
Neighbor list builds = 2500
Dangerous builds not checked

write_restart NVT/sim1/T_1.60__v_3.38/end1.restart
Total wall time: 0:00:15
