run 50000
Neighbor list info ...
  update every 20 steps, delay 0 steps, check no
  max neighbors/atom: 2000, page size: 100000
  master list distance cutoff = 2.8
  ghost atom cutoff = 2.8
  binsize = 1.4, bins = 21 21 21
  1 neighbor lists, perpetual/occasional/extra = 1 0 0
  (1) pair lj/cut, perpetual
      attributes: half, newton on
      pair build: half/bin/atomonly/newton
      stencil: half/bin/3d/newton
      bin: standard
Per MPI rank memory allocation (min/avg/max) = 2.731 | 2.731 | 2.731 Mbytes
Step Temp Press TotEng 
       0          1.3  0.069090285    1.9362059 
    1000    1.3341029  0.065803683    1.6826313 
    2000    1.2705263  0.059180433    1.5375123 
    3000    1.3435143  0.060046851    1.6489955 
    4000    1.2576363  0.061382252    1.5327499 
    5000    1.3577294  0.063475206    1.6736214 
    6000    1.3099342  0.063958872    1.6099242 
    7000    1.2805116  0.066480024    1.5498197 
    8000    1.3476811  0.061279147    1.6594037 
    9000    1.2647713  0.062485887    1.5350728 
   10000     1.317799  0.063086383     1.610528 
   11000    1.2589102  0.062656087     1.508833 
   12000    1.2831144  0.059584404    1.5604907 
   13000    1.3110421  0.058391217    1.5900602 
   14000    1.2882685  0.060896932    1.5462739 
   15000    1.3345412  0.063475532     1.634599 
   16000    1.2671445  0.059331701    1.5158736 
   17000    1.3014846  0.062120183    1.5769028 
   18000    1.3048153  0.064029475    1.5914983 
   19000    1.2830746  0.063928488     1.556118 
   20000    1.3132213  0.061097679    1.6010416 
   21000    1.3032966  0.061067343    1.5870032 
   22000    1.2745485   0.05751716    1.5445879 
   23000    1.3103646   0.06149672    1.6131548 
   24000    1.2705073  0.058061926    1.5515727 
   25000    1.3254535  0.063127318    1.6199654 
   26000    1.3018465  0.061995015     1.541713 
   27000    1.3254084  0.063351496    1.6046951 
   28000    1.2742818  0.061041021    1.5278351 
   29000    1.2973709  0.060531564    1.5667942 
   30000    1.3154742  0.061097581    1.6103647 
   31000    1.2588078   0.05808124    1.5059226 
   32000    1.3365967  0.061059564    1.6249214 
   33000    1.2745417  0.059498994    1.5405225 
   34000    1.2964479  0.063392698    1.5738924 
   35000    1.3170418  0.061291852    1.5985796 
   36000    1.2393409  0.058317199    1.5081513 
   37000    1.3427742   0.06204743    1.6264228 
   38000    1.2756684  0.063198944     1.538237 
   39000    1.3162723  0.061129593    1.6071093 
   40000    1.2605137  0.062263512    1.5239131 
   41000    1.3199411  0.066806239    1.5998122 
   42000    1.2843873  0.062206757    1.5374908 
   43000    1.3503645  0.067622039    1.6465321 
   44000    1.2867446   0.06883354    1.5491123 
   45000    1.3095461  0.063699975    1.6122771 
   46000    1.2863284  0.063440243    1.5869161 
   47000    1.2846038  0.061348039    1.5843474 
   48000    1.3608611  0.065231683    1.6854621 
   49000    1.2672223  0.063715505    1.5440127 
   50000    1.3100177  0.069995303    1.6376509 
Loop time of 4.99064 on 1 procs for 50000 steps with 1331 atoms

Performance: 3462479.351 tau/day, 10018.748 timesteps/s
99.7% CPU use with 1 MPI tasks x no OpenMP threads

MPI task timing breakdown:
Section |  min time  |  avg time  |  max time  |%varavg| %total
---------------------------------------------------------------
Pair    | 2.581      | 2.581      | 2.581      |   0.0 | 51.72
Neigh   | 1.1827     | 1.1827     | 1.1827     |   0.0 | 23.70
Comm    | 0.27531    | 0.27531    | 0.27531    |   0.0 |  5.52
Output  | 0.022876   | 0.022876   | 0.022876   |   0.0 |  0.46
Modify  | 0.8481     | 0.8481     | 0.8481     |   0.0 | 16.99
Other   |            | 0.08064    |            |       |  1.62

Nlocal:    1331 ave 1331 max 1331 min
Histogram: 1 0 0 0 0 0 0 0 0 0
Nghost:    826 ave 826 max 826 min
Histogram: 1 0 0 0 0 0 0 0 0 0
Neighs:    3456 ave 3456 max 3456 min
Histogram: 1 0 0 0 0 0 0 0 0 0

Total # of neighbors = 3456
Ave neighs/atom = 2.59654
Neighbor list builds = 2500
Dangerous builds not checked

write_restart NVT/sim1/T_1.30__v_19.68/end1.restart
Total wall time: 0:00:05
