run 50000
Neighbor list info ...
  update every 20 steps, delay 0 steps, check no
  max neighbors/atom: 2000, page size: 100000
  master list distance cutoff = 2.8
  ghost atom cutoff = 2.8
  binsize = 1.4, bins = 20 20 20
  1 neighbor lists, perpetual/occasional/extra = 1 0 0
  (1) pair lj/cut, perpetual
      attributes: half, newton on
      pair build: half/bin/atomonly/newton
      stencil: half/bin/3d/newton
      bin: standard
Per MPI rank memory allocation (min/avg/max) = 2.748 | 2.748 | 2.748 Mbytes
Step Temp Press TotEng 
       0          1.1  0.064642992    1.6364313 
    1000    1.1557958  0.061449554    1.3594244 
    2000    1.0672463  0.048139643     1.179724 
    3000    1.1423152  0.056491339    1.2500596 
    4000    1.0623462  0.050335344    1.1330018 
    5000     1.116564  0.051220041    1.2374983 
    6000    1.0862141  0.045713537    1.1721901 
    7000    1.0591309  0.051165865    1.1350546 
    8000    1.1242689  0.053410257    1.2263914 
    9000    1.0700334  0.057152422    1.1416521 
   10000    1.1530656  0.056651882    1.2768231 
   11000    1.0981298   0.05247469     1.177831 
   12000    1.1097799  0.052779429    1.1897948 
   13000    1.1080167  0.049883054    1.2139764 
   14000    1.0685425  0.047909822    1.1441312 
   15000    1.1158483  0.057474242    1.1920197 
   16000    1.0704769  0.050828034    1.1114726 
   17000    1.1377591  0.056482479    1.2344184 
   18000    1.0913906  0.049290348     1.173557 
   19000    1.1245844  0.054165692     1.212256 
   20000    1.0958295  0.053370619    1.2064216 
   21000    1.0820215  0.054817274    1.1505375 
   22000    1.1031263  0.053986682    1.2058111 
   23000     1.111108  0.058717774    1.1997121 
   24000    1.0509157  0.050537966    1.1066425 
   25000    1.1151841  0.048292234    1.2183214 
   26000    1.0622078  0.048650163    1.1407733 
   27000    1.1421495  0.056591298    1.2627694 
   28000    1.0836774   0.05425441    1.1708307 
   29000    1.1244389  0.052709037    1.2212427 
   30000    1.0679209   0.05223886    1.1467474 
   31000    1.1156363  0.051962546    1.1970388 
   32000    1.1054176  0.052678483    1.1799689 
   33000    1.0776239  0.050378045     1.137279 
   34000    1.0911276  0.051870212    1.1864454 
   35000    1.1084745  0.055149684    1.1960441 
   36000    1.0794358  0.048439057    1.1459306 
   37000    1.1270633  0.054241298    1.2474115 
   38000    1.0807616  0.054769304    1.1703261 
   39000    1.1019879  0.054429599    1.1771457 
   40000    1.1129801  0.051822853    1.2225933 
   41000    1.0924732  0.049563241    1.2091995 
   42000    1.1007275  0.050590578    1.1673602 
   43000    1.1290889  0.058909201    1.2333785 
   44000    1.0680784  0.051508588    1.1368515 
   45000    1.1116888  0.052576393    1.2280491 
   46000    1.1002655  0.054988745    1.2014101 
   47000     1.090766  0.055602966    1.1928679 
   48000    1.1090968  0.058907766    1.2362682 
   49000    1.0752367  0.048525107     1.162082 
   50000    1.0985044  0.059141137    1.2042503 
Loop time of 5.28411 on 1 procs for 50000 steps with 1331 atoms

Performance: 3270182.789 tau/day, 9462.334 timesteps/s
99.4% CPU use with 1 MPI tasks x no OpenMP threads

MPI task timing breakdown:
Section |  min time  |  avg time  |  max time  |%varavg| %total
---------------------------------------------------------------
Pair    | 2.853      | 2.853      | 2.853      |   0.0 | 53.99
Neigh   | 1.2124     | 1.2124     | 1.2124     |   0.0 | 22.94
Comm    | 0.27279    | 0.27279    | 0.27279    |   0.0 |  5.16
Output  | 0.023615   | 0.023615   | 0.023615   |   0.0 |  0.45
Modify  | 0.84226    | 0.84226    | 0.84226    |   0.0 | 15.94
Other   |            | 0.08002    |            |       |  1.51

Nlocal:    1331 ave 1331 max 1331 min
Histogram: 1 0 0 0 0 0 0 0 0 0
Nghost:    909 ave 909 max 909 min
Histogram: 1 0 0 0 0 0 0 0 0 0
Neighs:    3935 ave 3935 max 3935 min
Histogram: 1 0 0 0 0 0 0 0 0 0

Total # of neighbors = 3935
Ave neighs/atom = 2.95642
Neighbor list builds = 2500
Dangerous builds not checked

write_restart NVT/sim1/T_1.10__v_17.58/end1.restart
Total wall time: 0:00:05
