run 50000
Neighbor list info ...
  update every 20 steps, delay 0 steps, check no
  max neighbors/atom: 2000, page size: 100000
  master list distance cutoff = 2.8
  ghost atom cutoff = 2.8
  binsize = 1.4, bins = 16 16 16
  1 neighbor lists, perpetual/occasional/extra = 1 0 0
  (1) pair lj/cut, perpetual
      attributes: half, newton on
      pair build: half/bin/atomonly/newton
      stencil: half/bin/3d/newton
      bin: standard
Per MPI rank memory allocation (min/avg/max) = 2.7 | 2.7 | 2.7 Mbytes
Step Temp Press Volume Density PotEng KinEng TotEng 
       0          1.2   0.10447715        10648        0.125  -0.13561964    1.7986476     1.663028 
    1000    1.7401642   0.36900361    6244.5361   0.21314634   -1.1451025    2.6082852    1.4631828 
    2000    1.5033705   0.37973778    4407.7114   0.30197077   -1.6986172    2.2533615   0.55474429 
    3000    1.3821818   0.36686969     3326.911   0.40007082   -2.3076207     2.071715  -0.23590563 
    4000    1.3449527   0.38901658    2644.8635   0.50323958   -2.9077894    2.0159134  -0.89187602 
    5000    1.2730255   0.76309497    2232.5843    0.5961701   -3.3802831    1.9081036   -1.4721794 
    6000    1.2136279    1.0222993    2006.3318   0.66339975   -3.7798984    1.8190741   -1.9608243 
    7000    1.2125331   0.95458204    1898.8769   0.70094066   -4.0825615    1.8174331   -2.2651284 
    8000    1.1851456    1.1092918    1870.1335   0.71171391   -4.1227675    1.7763827   -2.3463848 
    9000    1.2027628    1.2301118    1899.3235   0.70077584   -4.0170437    1.8027888    -2.214255 
   10000    1.1989725    1.2899236    1920.6652   0.69298909   -3.9390109    1.7971076   -2.1419034 
   11000    1.1815527      1.14145    1894.3058   0.70263207    -4.039028    1.7709975   -2.2680305 
   12000    1.1473431    1.2782584    1881.4382   0.70743754    -4.045796    1.7197217   -2.3260744 
   13000    1.2228052   0.90882065    1909.7189   0.69696122    -4.048968    1.8328297   -2.2161383 
   14000    1.2055324    1.0269775    1919.1774   0.69352629   -4.0095204      1.80694   -2.2025804 
   15000    1.1583579    1.3180626    1890.7869   0.70393971   -4.0096925    1.7362315    -2.273461 
   16000    1.2162074    1.0032312    1892.5792   0.70327309   -4.0981576    1.8229405   -2.2752171 
   17000    1.2489714    1.0398078    1905.8936   0.69836006    -4.037079    1.8720495   -2.1650295 
   18000    1.2079865    1.3715267    1894.1023   0.70270754   -3.9867403    1.8106184    -2.176122 
   19000    1.2147568    1.1796833    1879.9863    0.7079839    -4.100688    1.8207662   -2.2799218 
   20000    1.1827624    1.2251061    1890.7234   0.70396336   -4.0338078    1.7728107   -2.2609971 
   21000    1.1936743    1.2588355    1900.0085   0.70052319   -4.0005968    1.7891662   -2.2114306 
   22000    1.1671474    1.1980964    1899.5524   0.70069138   -4.0117627    1.7494058   -2.2623569 
   23000    1.1842182   0.93793314    1915.7373   0.69477168   -4.0213149    1.7749927   -2.2463222 
   24000    1.2324633    1.0471327    1902.3066   0.69967689   -4.0612092    1.8473061   -2.2139032 
   25000     1.176875    1.3392448    1878.7539    0.7084483   -4.0628978    1.7639862   -2.2989116 
   26000    1.2120487    1.2425528    1897.3315   0.70151157   -4.0439338    1.8167071   -2.2272267 
   27000    1.2154114    1.1638572    1913.2382   0.69567919   -4.0021162    1.8217474   -2.1803688 
   28000     1.182375    1.1769036    1892.7454   0.70321131   -4.0675876      1.77223   -2.2953577 
   29000    1.1339119    1.0488562    1900.8013   0.70023099   -4.0588976    1.6995899   -2.3593077 
   30000    1.1373311    1.0401564     1924.676   0.69154498    -3.983642    1.7047149    -2.278927 
   31000    1.1895224    1.0876949     1921.815   0.69257446   -4.0026096     1.782943   -2.2196666 
   32000    1.1567285   0.90350084     1911.479   0.69631944    -4.027915    1.7337892   -2.2941258 
   33000    1.1393767    1.0600274    1877.3263   0.70898703   -4.1000394     1.707781   -2.3922584 
   34000    1.1721659    1.1722041    1864.7189    0.7137805   -4.1271164    1.7569279   -2.3701885 
   35000     1.180558    1.1621802    1902.3267   0.69966953   -4.0198808    1.7695065   -2.2503743 
   36000    1.2092955    1.0664453    1914.6996   0.69514822   -4.0083285    1.8125804   -2.1957481 
   37000    1.1570623    1.2254327    1907.5553   0.69775171    -3.986484    1.7342895   -2.2521945 
   38000    1.1787878    1.0878387    1885.1093   0.70605986   -4.0794322    1.7668532    -2.312579 
   39000    1.1818257      1.18231    1912.6525   0.69589221   -3.9814653    1.7714066   -2.2100586 
   40000    1.2134665    1.1849552    1910.3935    0.6967151   -4.0064251    1.8188322   -2.1875929 
   41000    1.1770375    1.2565735    1876.2486   0.70939426   -4.0616205    1.7642297   -2.2973907 
   42000    1.1702238    1.2007135    1886.4173    0.7055703   -4.0526297    1.7540169   -2.2986129 
   43000    1.1816048    1.1738617    1906.7116   0.69806046   -4.0039763    1.7710755   -2.2329007 
   44000    1.2113209    1.0231078    1922.4118   0.69235945   -3.9913957    1.8156162   -2.1757794 
   45000    1.1556851    0.9269107    1905.5866   0.69847259    -4.057944    1.7322253   -2.3257187 
   46000    1.1474823    1.2601791    1908.9582   0.69723896   -3.9871784    1.7199303   -2.2672482 
   47000    1.1713753       1.1943    1918.7358   0.69368592   -3.9700739    1.7557429    -2.214331 
   48000    1.1426213    1.0169371    1909.4737   0.69705072   -4.0181635    1.7126443   -2.3055192 
   49000     1.158654    1.1139404     1885.751    0.7058196   -4.0805355    1.7366752   -2.3438603 
   50000    1.2142452   0.90058585    1912.5721   0.69592146   -4.0452648    1.8199994   -2.2252654 
Loop time of 37.7388 on 1 procs for 50000 steps with 1331 atoms

Performance: 457883.741 tau/day, 1324.895 timesteps/s
99.8% CPU use with 1 MPI tasks x no OpenMP threads

MPI task timing breakdown:
Section |  min time  |  avg time  |  max time  |%varavg| %total
---------------------------------------------------------------
Pair    | 29.506     | 29.506     | 29.506     |   0.0 | 78.18
Neigh   | 4.936      | 4.936      | 4.936      |   0.0 | 13.08
Comm    | 0.77977    | 0.77977    | 0.77977    |   0.0 |  2.07
Output  | 0.027509   | 0.027509   | 0.027509   |   0.0 |  0.07
Modify  | 2.322      | 2.322      | 2.322      |   0.0 |  6.15
Other   |            | 0.1678     |            |       |  0.44

Nlocal:    1331 ave 1331 max 1331 min
Histogram: 1 0 0 0 0 0 0 0 0 0
Nghost:    2715 ave 2715 max 2715 min
Histogram: 1 0 0 0 0 0 0 0 0 0
Neighs:    41629 ave 41629 max 41629 min
Histogram: 1 0 0 0 0 0 0 0 0 0

Total # of neighbors = 41629
Ave neighs/atom = 31.2765
Neighbor list builds = 2500
Dangerous builds not checked

write_restart lattice_11_11_11__2_2_2/sim1/T_1.20__P_1.20/end1.restart
Total wall time: 0:00:37
