run 50000
Neighbor list info ...
  update every 20 steps, delay 0 steps, check no
  max neighbors/atom: 2000, page size: 100000
  master list distance cutoff = 2.8
  ghost atom cutoff = 2.8
  binsize = 1.4, bins = 19 19 19
  1 neighbor lists, perpetual/occasional/extra = 1 0 0
  (1) pair lj/cut, perpetual
      attributes: half, newton on
      pair build: half/bin/atomonly/newton
      stencil: half/bin/3d/newton
      bin: standard
Per MPI rank memory allocation (min/avg/max) = 2.717 | 2.717 | 2.717 Mbytes
Step Temp Press TotEng 
       0          0.5  0.026779322    0.7248219 
    1000   0.64187203  0.031801778   0.40465144 
    2000   0.56016178  0.011947664  0.031240159 
    3000   0.53278242  0.010780392  -0.25402436 
    4000   0.53500615 0.00060427432  -0.52167698 
    5000   0.55800596 0.0079167274   -0.8147914 
    6000   0.56793579 0.0056483803   -1.1475611 
    7000   0.54166921 -0.0095245484   -1.4803825 
    8000    0.5637003 0.0039825296   -1.7879056 
    9000   0.53396119 0.0046055318   -2.0913925 
   10000   0.50450948 -0.002661312   -2.3281108 
   11000   0.51214297 0.0022992811   -2.5065309 
   12000    0.4952235 -0.0005968712   -2.6465353 
   13000   0.49884921 -0.0079080657    -2.675946 
   14000   0.50559022 -0.017428115   -2.6449092 
   15000   0.50441037 -0.0043619487   -2.6576295 
   16000   0.50623363 0.0015761325   -2.7677284 
   17000    0.4773985 -0.0037323455   -2.8395499 
   18000   0.50910105  0.017818352   -2.8366808 
   19000   0.51004419 0.0027573138   -2.8018569 
   20000   0.50608521 -0.0018388304   -2.8074922 
   21000   0.47705432 0.0067974523   -2.8656029 
   22000    0.5074319 -0.0012570913   -2.9052127 
   23000    0.4775876 0.0014142889   -2.9314403 
   24000    0.4974747 0.0097154356   -2.9134093 
   25000   0.51430478 -0.0079474553   -2.9291869 
   26000   0.51993792 0.0038001866   -2.9865958 
   27000   0.50786262 0.0026765883   -3.0390287 
   28000    0.4927535 -0.0032070468   -3.0914663 
   29000   0.49038918 -0.0038600552   -3.0922632 
   30000   0.50700395 -0.0025454174   -3.0248618 
   31000   0.50079604 -0.0025653179   -3.0535663 
   32000   0.49671954 -0.0037696185   -3.0818612 
   33000   0.49092744 0.0043595332   -3.1447909 
   34000   0.49750612 0.0074890471   -3.1130804 
   35000   0.49667063 -0.0069190135   -3.0802347 
   36000   0.50737438 -0.018674516   -3.0399144 
   37000   0.48307142 -0.005026132   -3.1056456 
   38000   0.49501704 -0.0094245276   -3.1118853 
   39000   0.48996146  0.011262233   -3.1620902 
   40000   0.50280084 0.0019746656   -3.1296715 
   41000   0.52062573 0.0073552472   -3.0718053 
   42000   0.51652972 -0.015083762   -3.1229432 
   43000   0.51193531 -0.0023405911     -3.16387 
   44000   0.53177384  0.014383329   -3.1962493 
   45000   0.48558445 -0.013127891    -3.251645 
   46000   0.50872761 -0.0043552746   -3.2757516 
   47000   0.48149111 -0.028504907   -3.3338257 
   48000   0.50835124 -0.0034567513   -3.2752949 
   49000   0.50359106 -0.0058345097    -3.278209 
   50000   0.50307817 0.0095252584   -3.3381137 
Loop time of 17.7823 on 1 procs for 50000 steps with 1331 atoms

Performance: 971752.098 tau/day, 2811.783 timesteps/s
99.9% CPU use with 1 MPI tasks x no OpenMP threads

MPI task timing breakdown:
Section |  min time  |  avg time  |  max time  |%varavg| %total
---------------------------------------------------------------
Pair    | 14.026     | 14.026     | 14.026     |   0.0 | 78.88
Neigh   | 2.3682     | 2.3682     | 2.3682     |   0.0 | 13.32
Comm    | 0.41544    | 0.41544    | 0.41544    |   0.0 |  2.34
Output  | 0.023059   | 0.023059   | 0.023059   |   0.0 |  0.13
Modify  | 0.84818    | 0.84818    | 0.84818    |   0.0 |  4.77
Other   |            | 0.101      |            |       |  0.57

Nlocal:    1331 ave 1331 max 1331 min
Histogram: 1 0 0 0 0 0 0 0 0 0
Nghost:    1717 ave 1717 max 1717 min
Histogram: 1 0 0 0 0 0 0 0 0 0
Neighs:    31004 ave 31004 max 31004 min
Histogram: 1 0 0 0 0 0 0 0 0 0

Total # of neighbors = 31004
Ave neighs/atom = 23.2938
Neighbor list builds = 2500
Dangerous builds not checked

write_restart NVT/sim1/T_0.50__v_13.82/end1.restart
Total wall time: 0:00:17
