run 50000
Neighbor list info ...
  update every 20 steps, delay 0 steps, check no
  max neighbors/atom: 2000, page size: 100000
  master list distance cutoff = 2.8
  ghost atom cutoff = 2.8
  binsize = 1.4, bins = 17 17 17
  1 neighbor lists, perpetual/occasional/extra = 1 0 0
  (1) pair lj/cut, perpetual
      attributes: half, newton on
      pair build: half/bin/atomonly/newton
      stencil: half/bin/3d/newton
      bin: standard
Per MPI rank memory allocation (min/avg/max) = 2.705 | 2.705 | 2.705 Mbytes
Step Temp Press TotEng 
       0          0.3 0.0020007819   0.35612071 
    1000   0.53643589  0.010831881   -0.1034282 
    2000   0.51000945  0.012640106   -0.7872076 
    3000   0.52739871 -0.005573958   -1.5013227 
    4000   0.47220803 -0.0060772781   -2.2169061 
    5000   0.41146334 -0.0034974588   -2.8276348 
    6000   0.38344198 0.00079723589   -3.3145487 
    7000   0.33973796 -0.0012936918   -3.7021446 
    8000   0.31742976 -0.0083188294   -3.9836619 
    9000   0.29784023 0.0040279123   -4.1666168 
   10000    0.2910427 0.0019094275   -4.2558182 
   11000   0.30330411 -0.0063247783   -4.2577117 
   12000   0.29633676  0.014664605   -4.2920105 
   13000   0.29548253 0.0093526449    -4.371037 
   14000   0.29496008 -0.010977319   -4.4084582 
   15000   0.29735476  0.010438652   -4.4127626 
   16000   0.30683597  0.012163171   -4.4142779 
   17000   0.30730244  0.017016713   -4.4640052 
   18000   0.29448774 -0.012900198   -4.4836825 
   19000   0.30184251 0.0016748663   -4.4698078 
   20000   0.29700282 -0.011130848   -4.4832017 
   21000    0.2988299 -0.0025698672   -4.5167926 
   22000   0.30127757 0.0022328543    -4.522575 
   23000   0.29532772 -0.0022664488   -4.5280323 
   24000   0.29331043 0.0061310171   -4.5470179 
   25000   0.30166082 0.0056103931   -4.5463864 
   26000   0.29480807 -0.003771956   -4.5518707 
   27000    0.3009016 0.0040384596   -4.5735188 
   28000   0.30501042 -0.012084217   -4.5882634 
   29000   0.30097343 -0.037954875   -4.5810358 
   30000   0.29726326   0.00833226    -4.584035 
   31000   0.30400057  0.005015377   -4.6088061 
   32000     0.300465 0.0038064629   -4.6473782 
   33000   0.29976488 -0.020754282   -4.6795074 
   34000   0.31401052 0.0091667367   -4.6479314 
   35000   0.30039084  0.011285401   -4.6499825 
   36000   0.29029773 0.0052330079   -4.6900676 
   37000   0.29332414  0.020148155   -4.6614391 
   38000   0.32371194 -0.0020085117   -4.6280941 
   39000   0.29611348 -0.0045145535    -4.698718 
   40000   0.29327789 0.0057024321   -4.7177814 
   41000   0.30825169  0.011014355    -4.670418 
   42000   0.29813072 0.0095377369   -4.7057347 
   43000   0.30287402 0.0051871565   -4.7416361 
   44000   0.31432034  0.013191372   -4.7250185 
   45000    0.3086462 -0.011201819   -4.7380911 
   46000   0.29473842  0.010733555   -4.7799027 
   47000   0.29800094 -0.0023820703   -4.7581521 
   48000    0.3143899  0.017640008   -4.7471526 
   49000   0.29500453 -0.013704256   -4.8022115 
   50000   0.28623918 -0.0067005096   -4.8357459 
Loop time of 28.1431 on 1 procs for 50000 steps with 1331 atoms

Performance: 614004.981 tau/day, 1776.635 timesteps/s
99.9% CPU use with 1 MPI tasks x no OpenMP threads

MPI task timing breakdown:
Section |  min time  |  avg time  |  max time  |%varavg| %total
---------------------------------------------------------------
Pair    | 23.142     | 23.142     | 23.142     |   0.0 | 82.23
Neigh   | 3.4336     | 3.4336     | 3.4336     |   0.0 | 12.20
Comm    | 0.38346    | 0.38346    | 0.38346    |   0.0 |  1.36
Output  | 0.024021   | 0.024021   | 0.024021   |   0.0 |  0.09
Modify  | 1.051      | 1.051      | 1.051      |   0.0 |  3.73
Other   |            | 0.1095     |            |       |  0.39

Nlocal:    1331 ave 1331 max 1331 min
Histogram: 1 0 0 0 0 0 0 0 0 0
Nghost:    1011 ave 1011 max 1011 min
Histogram: 1 0 0 0 0 0 0 0 0 0
Neighs:    37556 ave 37556 max 37556 min
Histogram: 1 0 0 0 0 0 0 0 0 0

Total # of neighbors = 37556
Ave neighs/atom = 28.2164
Neighbor list builds = 2500
Dangerous builds not checked

write_restart NVT/sim1/T_0.30__v_9.26/end1.restart
Total wall time: 0:00:28
