run 50000
Neighbor list info ...
  update every 20 steps, delay 0 steps, check no
  max neighbors/atom: 2000, page size: 100000
  master list distance cutoff = 2.8
  ghost atom cutoff = 2.8
  binsize = 1.4, bins = 13 13 13
  1 neighbor lists, perpetual/occasional/extra = 1 0 0
  (1) pair lj/cut, perpetual
      attributes: half, newton on
      pair build: half/bin/atomonly/newton
      stencil: half/bin/3d/newton
      bin: standard
Per MPI rank memory allocation (min/avg/max) = 2.742 | 2.742 | 2.742 Mbytes
Step Temp Press TotEng 
       0          0.4  -0.44381968  -0.37629051 
    1000   0.74799332 -0.030502608   -1.1275359 
    2000   0.68604228 -0.016982044    -2.041826 
    3000   0.59068665 -0.030008849   -2.8847448 
    4000   0.53995913 -0.024112979   -3.5807978 
    5000   0.45311424 0.0047916457   -4.0992485 
    6000   0.39124225 -0.027790137   -4.4049461 
    7000   0.37973924 -0.015775798   -4.5345019 
    8000   0.38880469 -0.088094232   -4.5118893 
    9000   0.41198866 -0.047151334    -4.464621 
   10000   0.39749809 -0.061374462   -4.5297581 
   11000   0.40512701 -0.026895461   -4.5752738 
   12000    0.4045722 -0.034309947   -4.5250887 
   13000   0.40356239 -0.063932927   -4.4954782 
   14000    0.4066552 -0.059757497   -4.5243394 
   15000   0.40243522 -0.056688878   -4.5476731 
   16000   0.39697085 -0.050038102   -4.5383882 
   17000   0.41136891 -0.026324297   -4.5284196 
   18000   0.40216215  -0.02583297   -4.5749498 
   19000   0.39937619 -0.040735561   -4.5677947 
   20000   0.40790385 -0.017833129    -4.535069 
   21000   0.41839749 -0.039080745   -4.5482484 
   22000   0.39002388 -0.032490286   -4.5636465 
   23000   0.40752516 -0.029671146   -4.5359053 
   24000   0.40325494 -0.030320104   -4.5260975 
   25000   0.39109945 -0.021643636    -4.569375 
   26000   0.39939728  -0.10302413   -4.5602013 
   27000   0.41538123 0.0047411158   -4.5193327 
   28000   0.39439598 -0.093578006   -4.5343571 
   29000   0.40052168  -0.10465433   -4.5649441 
   30000   0.38907797 -0.094345904   -4.5449544 
   31000   0.41857242 -0.024149078   -4.5225917 
   32000   0.39443151 -0.043689982   -4.5499284 
   33000   0.41011641 -0.015993924   -4.5655306 
   34000   0.39080891 -0.0099638741   -4.5536152 
   35000   0.41384611 0.0099707156   -4.5131946 
   36000   0.40974709 2.8226721e-05   -4.5157391 
   37000   0.38785245 -0.010366939   -4.5779329 
   38000   0.38512014 -0.0035227212   -4.5804356 
   39000   0.39288836 -0.086767182   -4.5253602 
   40000    0.4068101 -0.065175543   -4.5050407 
   41000   0.38666854 -0.076373193   -4.5670978 
   42000   0.40345511 -0.0073405728   -4.5389093 
   43000    0.4057921 0.0048556531   -4.5158229 
   44000   0.39490227 -0.095673666   -4.5508969 
   45000   0.37661621 0.0024890377    -4.565662 
   46000   0.40471346  -0.10096058   -4.5369029 
   47000   0.39501381 -0.092544915   -4.5086903 
   48000   0.39104279 -0.070939241   -4.5321052 
   49000   0.38877566 -0.044442497   -4.5554039 
   50000   0.40996332 -0.048622789    -4.531804 
Loop time of 34.5787 on 1 procs for 50000 steps with 1331 atoms

Performance: 499729.951 tau/day, 1445.978 timesteps/s
99.9% CPU use with 1 MPI tasks x no OpenMP threads

MPI task timing breakdown:
Section |  min time  |  avg time  |  max time  |%varavg| %total
---------------------------------------------------------------
Pair    | 28.913     | 28.913     | 28.913     |   0.0 | 83.61
Neigh   | 4.2042     | 4.2042     | 4.2042     |   0.0 | 12.16
Comm    | 0.23746    | 0.23746    | 0.23746    |   0.0 |  0.69
Output  | 0.027823   | 0.027823   | 0.027823   |   0.0 |  0.08
Modify  | 1.1045     | 1.1045     | 1.1045     |   0.0 |  3.19
Other   |            | 0.09198    |            |       |  0.27

Nlocal:    1331 ave 1331 max 1331 min
Histogram: 1 0 0 0 0 0 0 0 0 0
Nghost:    571 ave 571 max 571 min
Histogram: 1 0 0 0 0 0 0 0 0 0
Neighs:    41539 ave 41539 max 41539 min
Histogram: 1 0 0 0 0 0 0 0 0 0

Total # of neighbors = 41539
Ave neighs/atom = 31.2089
Neighbor list builds = 2500
Dangerous builds not checked

write_restart NVT/sim1/T_0.40__v_3.38/end1.restart
Total wall time: 0:00:34
