run 50000
Neighbor list info ...
  update every 20 steps, delay 0 steps, check no
  max neighbors/atom: 2000, page size: 100000
  master list distance cutoff = 2.8
  ghost atom cutoff = 2.8
  binsize = 1.4, bins = 8 8 8
  1 neighbor lists, perpetual/occasional/extra = 1 0 0
  (1) pair lj/cut, perpetual
      attributes: half, newton on
      pair build: half/bin/atomonly/newton
      stencil: half/bin/3d/newton
      bin: standard
Per MPI rank memory allocation (min/avg/max) = 2.797 | 2.797 | 2.797 Mbytes
Step Temp Press TotEng 
       0          0.2    104.98056    13.416666 
    1000   0.84123517    7.6603592   -4.1857875 
    2000   0.29484398    2.3514063   -5.8987294 
    3000   0.17123867    1.1522694   -6.2774877 
    4000   0.18251417    1.1813792    -6.264065 
    5000   0.22194215    1.5365652   -6.1462317 
    6000   0.18857947    1.0651967    -6.273017 
    7000   0.18633939    1.0432462   -6.2798946 
    8000   0.22281633    1.3075815   -6.1815274 
    9000   0.19033754    1.0986291   -6.2645708 
   10000   0.18607383    1.0021049   -6.2873199 
   11000   0.21684594    1.2244084   -6.2017985 
   12000   0.19131125    1.1330422   -6.2570581 
   13000    0.1876505   0.96691371   -6.2898535 
   14000   0.21858965    1.1598825   -6.2137004 
   15000   0.19699578     1.107325   -6.2511295 
   16000   0.19353591   0.90437135   -6.2943252 
   17000   0.21036371    1.1260959   -6.2309763 
   18000   0.20557976    1.0537074   -6.2502925 
   19000   0.19184097   0.87541402   -6.3024514 
   20000   0.21053491    1.0324437   -6.2473472 
   21000   0.21314735     1.048397   -6.2434882 
   22000   0.19115959   0.90421432   -6.3003083 
   23000   0.19935607    1.0625597   -6.2593504 
   24000   0.21547929    1.0425691   -6.2402955 
   25000   0.19366671   0.89810752   -6.2956412 
   26000   0.19755725    1.0364698   -6.2684077 
   27000   0.20916402    1.0939411   -6.2383147 
   28000   0.19503802   0.90939361   -6.2900557 
   29000    0.2002808   0.96175828   -6.2764181 
   30000   0.20611021    1.0991052   -6.2414492 
   31000    0.1928765   0.94850082   -6.2871528 
   32000   0.19706894   0.92072485   -6.2836333 
   33000   0.21287463    1.0722358   -6.2403326 
   34000   0.19304399   0.96029368   -6.2853223 
   35000   0.19300016   0.95305787   -6.2875132 
   36000   0.20569962    1.1076571   -6.2399262 
   37000   0.19875883   0.94546365    -6.280257 
   38000   0.18963031   0.95428434   -6.2922197 
   39000   0.20788243    1.0768277   -6.2428842 
   40000   0.19719048    1.0053082    -6.272048 
   41000   0.19459215   0.89484515   -6.2939462 
   42000   0.21264782    1.0342404     -6.24662 
   43000   0.19693517    1.0274591   -6.2665903 
   44000   0.18992578   0.91310871   -6.2955744 
   45000    0.2056103    1.0382121   -6.2526569 
   46000   0.20375477    1.0014502   -6.2616729 
   47000   0.18621395   0.94966499   -6.2964256 
   48000     0.205681   0.99714304   -6.2604309 
   49000   0.20494294   0.97917587   -6.2628412 
   50000   0.19120912   0.92521796   -6.2945539 
Loop time of 42.1335 on 1 procs for 50000 steps with 1331 atoms

Performance: 410124.781 tau/day, 1186.704 timesteps/s
99.9% CPU use with 1 MPI tasks x no OpenMP threads

MPI task timing breakdown:
Section |  min time  |  avg time  |  max time  |%varavg| %total
---------------------------------------------------------------
Pair    | 35.179     | 35.179     | 35.179     |   0.0 | 83.50
Neigh   | 5.0977     | 5.0977     | 5.0977     |   0.0 | 12.10
Comm    | 0.74143    | 0.74143    | 0.74143    |   0.0 |  1.76
Output  | 0.025656   | 0.025656   | 0.025656   |   0.0 |  0.06
Modify  | 0.85706    | 0.85706    | 0.85706    |   0.0 |  2.03
Other   |            | 0.2322     |            |       |  0.55

Nlocal:    1331 ave 1331 max 1331 min
Histogram: 1 0 0 0 0 0 0 0 0 0
Nghost:    3233 ave 3233 max 3233 min
Histogram: 1 0 0 0 0 0 0 0 0 0
Neighs:    59385 ave 59385 max 59385 min
Histogram: 1 0 0 0 0 0 0 0 0 0

Total # of neighbors = 59385
Ave neighs/atom = 44.6168
Neighbor list builds = 2500
Dangerous builds not checked

write_restart NVT/sim1/T_0.20__v_0.73/end1.restart
Total wall time: 0:00:42
