run 50000
Neighbor list info ...
  update every 20 steps, delay 0 steps, check no
  max neighbors/atom: 2000, page size: 100000
  master list distance cutoff = 2.8
  ghost atom cutoff = 2.8
  binsize = 1.4, bins = 16 16 16
  1 neighbor lists, perpetual/occasional/extra = 1 0 0
  (1) pair lj/cut, perpetual
      attributes: half, newton on
      pair build: half/bin/atomonly/newton
      stencil: half/bin/3d/newton
      bin: standard
Per MPI rank memory allocation (min/avg/max) = 2.7 | 2.7 | 2.7 Mbytes
Step Temp Press Volume Density PotEng KinEng TotEng 
       0            1  0.079495929        10648        0.125  -0.13561964     1.498873    1.3632534 
    1000    1.0780828  0.092852337    11461.514   0.11612776  -0.74932048    1.6159093   0.86658877 
    2000    1.0373856  0.086170912    10436.656   0.12753127  -0.94586415    1.5549093   0.60904519 
    3000    1.0034933  0.076322704    9273.1766   0.14353226    -1.067185     1.504109   0.43692408 
    4000   0.99669336  0.065141699    8414.3911   0.15818138   -1.1753436    1.4939168   0.31857322 
    5000   0.99081028  0.060339555    7635.7211   0.17431229   -1.2718761    1.4850988   0.21322269 
    6000     1.031546  0.076706478    7002.0446   0.19008733   -1.4048289    1.5461564   0.14132755 
    7000     1.016456    0.0500154    6463.7208   0.20591855   -1.5385475    1.5235385 -0.015008975 
    8000    1.0218727  0.079662894    5950.3833   0.22368307   -1.6648209    1.5316574  -0.13316352 
    9000   0.99974513  0.044008943    5540.1588   0.24024582   -1.7620363     1.498491  -0.26354532 
   10000    1.0229734  0.036137173    5138.7787   0.25901096   -1.9008657    1.5333072  -0.36755854 
   11000   0.99808826  0.067118344    4764.2265   0.27937379   -1.9708255    1.4960076  -0.47481792 
   12000     1.024416  0.017562791    4416.5191   0.30136856   -2.1173483    1.5354696   -0.5818787 
   13000    1.0640896  0.073951744    4070.9869   0.32694775   -2.3031359    1.5949352  -0.70820074 
   14000    1.0466112  0.038978661    3812.2634   0.34913642    -2.383801    1.5687373  -0.81506372 
   15000    1.0288689  0.051533234    3604.6858   0.36924162   -2.5241205    1.5421438  -0.98197667 
   16000    1.0265406  0.075744332    3370.2779   0.39492292   -2.6833884     1.538654   -1.1447345 
   17000    1.0188918   0.14467057     3137.054   0.42428342   -2.8140825    1.5271895    -1.286893 
   18000    1.0447604    0.0330719    2904.6116   0.45823682   -2.9657503    1.5659632   -1.3997871 
   19000    1.0327752   0.15229091    2741.4725    0.4855055   -3.0820283    1.5479989   -1.5340294 
   20000   0.99011849   0.18109607    2618.3611   0.50833325   -3.1360423    1.4840619   -1.6519804 
   21000    1.0279549   0.10274283    2454.0849   0.54236103   -3.2925339    1.5407739   -1.7517601 
   22000    1.0091811   0.11713688    2394.5842   0.55583763   -3.3509082    1.5126344   -1.8382738 
   23000    1.0180805   0.19911719    2326.2376   0.57216856   -3.4693352    1.5259733   -1.9433619 
   24000    1.0086611   0.16130757    2267.3061   0.58704028   -3.4949209    1.5118548    -1.983066 
   25000    1.0075409  0.042480288    2222.0885   0.59898604   -3.5763084    1.5101759   -2.0661326 
   26000    1.0140806   0.13627221    2208.9371   0.60255223    -3.604268    1.5199781   -2.0842899 
   27000    1.0140273  0.015218636    2228.9163   0.59715118   -3.5754539    1.5198981   -2.0555558 
   28000   0.98230735  0.057304552    2289.8687   0.58125604   -3.4667588     1.472354   -1.9944048 
   29000   0.99089755   0.12449335    2293.3218   0.58038083   -3.4177518    1.4852296   -1.9325222 
   30000    1.0242826   0.10112442    2188.2608   0.60824559   -3.5961793    1.5352696   -2.0609097 
   31000   0.99826302  0.055420544    2197.6155   0.60565646   -3.6410665    1.4962695    -2.144797 
   32000   0.98665553 0.0089253203     2236.215   0.59520215    -3.537053    1.4788714   -2.0581817 
   33000   0.99226899  0.041081303    2275.2193   0.58499856   -3.4933378    1.4872852   -2.0060526 
   34000    1.0322586   0.21197703    2210.6541   0.60208424   -3.5886195    1.5472245   -2.0413949 
   35000   0.96793102    0.1910937    2234.0001   0.59579227   -3.5365641    1.4508057   -2.0857584 
   36000   0.96803641   0.18008353    2248.7993   0.59187139   -3.5116658    1.4509637   -2.0607021 
   37000    1.0302227  0.012622799    2247.3787   0.59224553   -3.5567934     1.544173   -2.0126204 
   38000    1.0293005  0.017270635    2284.0724   0.58273109    -3.493256    1.5427908   -1.9504653 
   39000    1.0010446 -0.024400034    2270.5001   0.58621445   -3.5102687    1.5004388   -2.0098299 
   40000   0.99529704  0.014303405    2194.3433   0.60655961   -3.5983292    1.4918239   -2.1065053 
   41000   0.98820205   0.21187906    2169.6334    0.6134677   -3.6450614    1.4811894    -2.163872 
   42000   0.99732891   0.11834861    2182.6968    0.6097961   -3.6112104    1.4948694    -2.116341 
   43000   0.97620107  0.045604962    2293.5041    0.5803347    -3.466529    1.4632015   -2.0033275 
   44000    1.0177201   0.19542988    2290.3822   0.58112571   -3.4494452    1.5254333    -1.924012 
   45000    1.0133035  0.099948702    2330.1743   0.57120191   -3.4491321    1.5188133   -1.9303188 
   46000    1.0179267 -0.031660911    2229.8995   0.59688788   -3.5745258    1.5257428   -2.0487829 
   47000   0.97582224   0.16603377    2205.3425   0.60353436   -3.5810449    1.4626336   -2.1184113 
   48000   0.98020603  0.073585823    2230.1372   0.59682427   -3.5536281    1.4692044   -2.0844237 
   49000    1.0092654    0.1473399    2271.5672   0.58593908   -3.4868784    1.5127606   -1.9741177 
   50000   0.98099758  0.059422631    2255.3082   0.59016325   -3.5405228    1.4703908    -2.070132 
Loop time of 25.1792 on 1 procs for 50000 steps with 1331 atoms

Performance: 686279.989 tau/day, 1985.764 timesteps/s
99.9% CPU use with 1 MPI tasks x no OpenMP threads

MPI task timing breakdown:
Section |  min time  |  avg time  |  max time  |%varavg| %total
---------------------------------------------------------------
Pair    | 18.895     | 18.895     | 18.895     |   0.0 | 75.04
Neigh   | 3.5362     | 3.5362     | 3.5362     |   0.0 | 14.04
Comm    | 0.58823    | 0.58823    | 0.58823    |   0.0 |  2.34
Output  | 0.023071   | 0.023071   | 0.023071   |   0.0 |  0.09
Modify  | 2.0117     | 2.0117     | 2.0117     |   0.0 |  7.99
Other   |            | 0.1251     |            |       |  0.50

Nlocal:    1331 ave 1331 max 1331 min
Histogram: 1 0 0 0 0 0 0 0 0 0
Nghost:    2529 ave 2529 max 2529 min
Histogram: 1 0 0 0 0 0 0 0 0 0
Neighs:    35608 ave 35608 max 35608 min
Histogram: 1 0 0 0 0 0 0 0 0 0

Total # of neighbors = 35608
Ave neighs/atom = 26.7528
Neighbor list builds = 2500
Dangerous builds not checked

write_restart lattice_11_11_11__2_2_2/sim1/T_1.00__P_0.10/end1.restart
Total wall time: 0:00:25
