run 50000
Neighbor list info ...
  update every 20 steps, delay 0 steps, check no
  max neighbors/atom: 2000, page size: 100000
  master list distance cutoff = 2.8
  ghost atom cutoff = 2.8
  binsize = 1.4, bins = 16 16 16
  1 neighbor lists, perpetual/occasional/extra = 1 0 0
  (1) pair lj/cut, perpetual
      attributes: half, newton on
      pair build: half/bin/atomonly/newton
      stencil: half/bin/3d/newton
      bin: standard
Per MPI rank memory allocation (min/avg/max) = 2.7 | 2.7 | 2.7 Mbytes
Step Temp Press Volume Density PotEng KinEng TotEng 
       0          0.5  0.017042887        10648        0.125  -0.13561964   0.74943651   0.61381687 
    1000    1.1427852   0.14229075    4626.2005   0.28770911   -1.8010366      1.71289 -0.088146638 
    2000   0.94644396 -0.0088624297    2758.4151   0.48252345   -3.0248354    1.4185993    -1.606236 
    3000   0.87418101   0.17764487    1862.0844   0.71479037    -4.325589    1.3102863   -3.0153026 
    4000   0.73002028    1.1239464    1566.0461   0.84991114   -5.1986534    1.0942077   -4.1044457 
    5000   0.57683875    1.3544373    1462.7386     0.909937   -5.6816162   0.86460804   -4.8170082 
    6000   0.47568921    1.4253183    1418.6535   0.93821359   -5.9234858   0.71299773   -5.2104881 
    7000   0.46778965    1.4769857    1406.0186   0.94664467   -5.9983105   0.70115729   -5.2971533 
    8000   0.53439902    1.2792385     1417.325   0.93909301    -5.958026   0.80099628   -5.1570297 
    9000   0.51775922    1.4874013    1416.3785   0.93972053   -5.9255402   0.77605533   -5.1494849 
   10000   0.47073766    1.4575569    1407.5515   0.94561374   -5.9829512   0.70557599   -5.2773752 
   11000   0.47937508    1.5115074    1411.5816   0.94291399   -5.9479108   0.71852238   -5.2293884 
   12000   0.52816198    1.4417899    1423.4159   0.93507454   -5.8947661   0.79164774   -5.1031184 
   13000   0.50931886    1.4453601    1414.7169   0.94082426   -5.9395148   0.76340431   -5.1761105 
   14000   0.49610824    1.3713658    1408.8235   0.94475992   -5.9931041   0.74360326   -5.2495009 
   15000   0.50713656    1.3520133    1418.2961      0.93845   -5.9336092   0.76013331   -5.1734759 
   16000   0.51527083    1.2640324    1423.4931   0.93502386   -5.9167823   0.77232555   -5.1444568 
   17000   0.49333614    1.4432561    1414.6671   0.94085742   -5.9377795   0.73944823   -5.1983312 
   18000    0.4974964    1.4558792    1412.6518   0.94219962   -5.9545216   0.74568394   -5.2088377 
   19000   0.49674502    1.5725006    1419.2711   0.93780535   -5.8831511   0.74455771   -5.1385934 
   20000   0.52234373    1.0878699    1428.4529    0.9317773   -5.9264068   0.78292693   -5.1434799 
   21000   0.47460784    1.2619583    1422.4242   0.93572647   -5.9224328   0.71137689   -5.2110559 
   22000   0.50649325    1.2958058    1413.0802   0.94191398   -5.9809468   0.75916908   -5.2217777 
   23000   0.49604395    1.5754079    1411.6887   0.94284241   -5.9314438    0.7435069    -5.187937 
   24000   0.51079516      1.44844    1415.4715   0.94032274   -5.9387653   0.76561708   -5.1731482 
   25000    0.5103341    1.3603065    1414.9098   0.94069604   -5.9542872   0.76492602   -5.1893612 
   26000     0.498639    1.4189117    1413.6393   0.94154144    -5.955853   0.74739655   -5.2084564 
   27000   0.50352736    1.4729387    1414.4191   0.94102238   -5.9354302   0.75472358   -5.1807067 
   28000   0.53050058    1.4754586    1414.4941   0.94097243    -5.947846   0.79515301    -5.152693 
   29000   0.49535157     1.465532    1411.3684    0.9430564   -5.9581966   0.74246911   -5.2157275 
   30000   0.48883172     1.278644    1412.2534    0.9424654   -5.9788298   0.73269668   -5.2461331 
   31000   0.49023674    1.2092339    1424.4001   0.93442846   -5.9222333   0.73480263   -5.1874307 
   32000   0.49065721    1.4708748    1420.1121   0.93724998   -5.9043799   0.73543285   -5.1689471 
   33000   0.49025197    1.5024763    1413.9841   0.94131182   -5.9364305   0.73482545   -5.2016051 
   34000   0.49716249     1.272945     1413.018   0.94195544    -5.976515   0.74518344   -5.2313316 
   35000   0.50833053     1.595133    1402.9279   0.94873013   -5.9957865   0.76192292   -5.2338636 
   36000    0.5137618    1.5928348    1403.7775   0.94815598   -5.9884612   0.77006371   -5.2183975 
   37000   0.49083385    1.3924179    1416.3581    0.9397341    -5.933665   0.73569762   -5.1979674 
   38000   0.50177221    1.2705226    1418.2632   0.93847178   -5.9539345   0.75209283   -5.2018416 
   39000   0.48913809    1.4060498    1415.0161   0.94062535   -5.9407834   0.73315589   -5.2076275 
   40000   0.49776842    1.5341893    1415.2754   0.94045299     -5.92226   0.74609166   -5.1761683 
   41000   0.51597743    1.6735656     1409.753   0.94413705   -5.9350175   0.77338465   -5.1616329 
   42000   0.50839633    1.6564606    1404.5558   0.94763055   -5.9680109   0.76202155   -5.2059893 
   43000   0.48731436    1.2667355    1413.9583   0.94132905   -5.9731117   0.73042236   -5.2426894 
   44000   0.48781684    1.5626105     1416.904   0.93937203   -5.9108707    0.7311755   -5.1796952 
   45000   0.51874862    1.3183453    1418.8264   0.93809925   -5.9422294   0.77753832   -5.1646911 
   46000   0.51208007    1.2226934    1413.0327   0.94194567   -5.9945655   0.76754301   -5.2270225 
   47000   0.50616902    1.3597145    1409.2145   0.94449777   -5.9953437   0.75868309   -5.2366606 
   48000   0.48965633    1.2711762    1419.9256   0.93737304   -5.9357651   0.73393267   -5.2018324 
   49000   0.52049242     1.099317    1418.5465   0.93828437    -5.986502   0.78015205   -5.2063499 
   50000   0.48913822    1.4507852    1407.4334   0.94569306   -5.9883026   0.73315608   -5.2551465 
Loop time of 41.2083 on 1 procs for 50000 steps with 1331 atoms

Performance: 419332.806 tau/day, 1213.347 timesteps/s
99.9% CPU use with 1 MPI tasks x no OpenMP threads

MPI task timing breakdown:
Section |  min time  |  avg time  |  max time  |%varavg| %total
---------------------------------------------------------------
Pair    | 33.515     | 33.515     | 33.515     |   0.0 | 81.33
Neigh   | 4.6401     | 4.6401     | 4.6401     |   0.0 | 11.26
Comm    | 0.73598    | 0.73598    | 0.73598    |   0.0 |  1.79
Output  | 0.025264   | 0.025264   | 0.025264   |   0.0 |  0.06
Modify  | 2.0694     | 2.0694     | 2.0694     |   0.0 |  5.02
Other   |            | 0.2226     |            |       |  0.54

Nlocal:    1331 ave 1331 max 1331 min
Histogram: 1 0 0 0 0 0 0 0 0 0
Nghost:    3169 ave 3169 max 3169 min
Histogram: 1 0 0 0 0 0 0 0 0 0
Neighs:    55797 ave 55797 max 55797 min
Histogram: 1 0 0 0 0 0 0 0 0 0

Total # of neighbors = 55797
Ave neighs/atom = 41.9211
Neighbor list builds = 2500
Dangerous builds not checked

write_restart lattice_11_11_11__2_2_2/sim1/T_0.50__P_1.40/end1.restart
Total wall time: 0:00:41
