run 50000
Neighbor list info ...
  update every 20 steps, delay 0 steps, check no
  max neighbors/atom: 2000, page size: 100000
  master list distance cutoff = 2.8
  ghost atom cutoff = 2.8
  binsize = 1.4, bins = 16 16 16
  1 neighbor lists, perpetual/occasional/extra = 1 0 0
  (1) pair lj/cut, perpetual
      attributes: half, newton on
      pair build: half/bin/atomonly/newton
      stencil: half/bin/3d/newton
      bin: standard
Per MPI rank memory allocation (min/avg/max) = 2.7 | 2.7 | 2.7 Mbytes
Step Temp Press Volume Density PotEng KinEng TotEng 
       0          1.3   0.11696776        10648        0.125  -0.13561964    1.9485349    1.8129153 
    1000    1.4958217   0.16289977    9583.1838   0.13888912  -0.83941102    2.2420468    1.4026357 
    2000    1.3662665   0.14787043    8353.5589   0.15933329   -1.0296375      2.04786    1.0182225 
    3000     1.304026    0.1380941    7389.5116   0.18012016   -1.1381316    1.9545694   0.81643785 
    4000    1.2982455   0.18023236    6692.5884   0.19887671   -1.2160835    1.9459052   0.72982168 
    5000    1.2757166   0.16080485    6261.7694   0.21255973    -1.313295    1.9121372   0.59884221 
    6000     1.316977   0.19527081    5838.6036   0.22796547   -1.4527602    1.9739813    0.5212211 
    7000    1.2999069   0.19761631    5531.5848    0.2406182   -1.5175924    1.9483954   0.43080305 
    8000    1.3222468   0.17736516    5284.1615   0.25188481   -1.5657071      1.98188   0.41617291 
    9000    1.2909558   0.21817956    5148.3387      0.25853    -1.599078    1.9349788   0.33590075 
   10000    1.2849414   0.18806548    5026.1629   0.26481434   -1.6428789     1.925964   0.28308517 
   11000    1.3110946   0.27966969    4826.3874   0.27577563   -1.7099562    1.9651643   0.25520807 
   12000    1.2495706   0.17896497    4786.9753   0.27804614   -1.7569366    1.8729476   0.11601097 
   13000    1.3688861    0.2705207    4610.8557   0.28866659   -1.7875131    2.0517864   0.26427324 
   14000    1.2915752   0.18108845    4770.9611   0.27897943   -1.7431713    1.9359073   0.19273598 
   15000    1.2728838   0.17690497    4795.3132   0.27756268   -1.6845621    1.9078913   0.22332919 
   16000     1.305939   0.22172352    4835.3068   0.27526692   -1.6871363    1.9574367   0.27030039 
   17000    1.3302572   0.20201303    5007.0953   0.26582278   -1.6426363    1.9938866   0.35125031 
   18000     1.276129   0.17069409    5348.6455   0.24884805    -1.584275    1.9127553   0.32848028 
   19000    1.3522324    0.1881472    5293.9574   0.25141872   -1.5615482    2.0268247   0.46527648 
   20000    1.2754725   0.21241611    5214.0832   0.25527019   -1.5849888    1.9117714   0.32678259 
   21000    1.2986525   0.21163176      4936.29    0.2696357   -1.6595901    1.9465152   0.28692512 
   22000    1.3367767   0.18025148    4784.0409   0.27821669   -1.7544893    2.0036585   0.24916925 
   23000    1.3101645   0.17115117    4799.7253   0.27730753   -1.7513558    1.9637702   0.21241444 
   24000    1.3012569   0.26777523     4751.141   0.28014323    -1.681562    1.9504189   0.26885694 
   25000    1.2686062   0.16042636    4982.6322   0.26712788    -1.668663    1.9014796   0.23281659 
   26000    1.2671483   0.15594278    5318.4513   0.25026082   -1.5472851    1.8992945    0.3520094 
   27000    1.3047038   0.19035891    5507.6183   0.24166526   -1.4928412    1.9555853   0.46274416 
   28000    1.3390947   0.19897683     5286.768   0.25176062   -1.6049632     2.007133   0.40216981 
   29000    1.3170952   0.20547878    4948.0017   0.26899748    -1.645021    1.9741584   0.32913741 
   30000    1.2841183   0.18199912    4832.9999   0.27539831   -1.7091882    1.9247302   0.21554199 
   31000    1.3116537   0.22279016    4739.9044   0.28080735   -1.7454181    1.9660023   0.22058422 
   32000    1.2574666   0.20977438    4676.9842   0.28458509   -1.7424284    1.8847827   0.14235431 
   33000    1.3102898   0.20180837    4710.4688   0.28256211    -1.683785     1.963958   0.28017298 
   34000    1.3049645   0.17748498    4903.0001   0.27146644    -1.721159    1.9559761   0.23481715 
   35000    1.2915785   0.21772822    4931.3117    0.2699079   -1.6127741    1.9359121   0.32313805 
   36000    1.2756707   0.19240814    5044.1146   0.26387188   -1.6235987    1.9120684   0.28846974 
   37000    1.3632168   0.16786195    4955.7635   0.26857617   -1.6506731     2.043289    0.3926158 
   38000    1.3150152   0.21716411    4888.9148   0.27224856   -1.6964002    1.9710408   0.27464062 
   39000    1.3366996   0.20031174    4917.9266   0.27064251   -1.6836323     2.003543   0.31991068 
   40000    1.3050601   0.20138688    4976.2337   0.26747136   -1.6231764    1.9561194   0.33294294 
   41000    1.3253113    0.2228601    4988.4496   0.26681637   -1.6397433    1.9864733   0.34672998 
   42000    1.2435151   0.21268346     4980.396   0.26724783   -1.6516356    1.8638712   0.21223562 
   43000    1.3131853    0.2172575    4681.3174   0.28432167   -1.7186112     1.968298   0.24968677 
   44000    1.2826554   0.20810644    4671.8896   0.28489543   -1.7352437    1.9225376   0.18729388 
   45000    1.2674443   0.14918666     4802.669   0.27713756   -1.7334626     1.899738   0.16627541 
   46000    1.2753923   0.19034122    5174.1307   0.25724128   -1.5923995    1.9116511    0.3192516 
   47000    1.3190729   0.22057814    5406.8168   0.24617072   -1.5552674    1.9771228   0.42185536 
   48000    1.2787443   0.15813314    5329.7944   0.24972821   -1.5888002    1.9166754   0.32787515 
   49000    1.3279432   0.15740835    5053.7647   0.26336802   -1.6754865    1.9904183   0.31493178 
   50000    1.2854882   0.19987877    5027.9276    0.2647214   -1.6470802    1.9267836   0.27970342 
Loop time of 19.3653 on 1 procs for 50000 steps with 1331 atoms

Performance: 892318.002 tau/day, 2581.939 timesteps/s
99.9% CPU use with 1 MPI tasks x no OpenMP threads

MPI task timing breakdown:
Section |  min time  |  avg time  |  max time  |%varavg| %total
---------------------------------------------------------------
Pair    | 13.004     | 13.004     | 13.004     |   0.0 | 67.15
Neigh   | 3.2863     | 3.2863     | 3.2863     |   0.0 | 16.97
Comm    | 0.57143    | 0.57143    | 0.57143    |   0.0 |  2.95
Output  | 0.024737   | 0.024737   | 0.024737   |   0.0 |  0.13
Modify  | 2.347      | 2.347      | 2.347      |   0.0 | 12.12
Other   |            | 0.1318     |            |       |  0.68

Nlocal:    1331 ave 1331 max 1331 min
Histogram: 1 0 0 0 0 0 0 0 0 0
Nghost:    1734 ave 1734 max 1734 min
Histogram: 1 0 0 0 0 0 0 0 0 0
Neighs:    16625 ave 16625 max 16625 min
Histogram: 1 0 0 0 0 0 0 0 0 0

Total # of neighbors = 16625
Ave neighs/atom = 12.4906
Neighbor list builds = 2500
Dangerous builds not checked

write_restart lattice_11_11_11__2_2_2/sim1/T_1.30__P_0.20/end1.restart
Total wall time: 0:00:19
