run 50000
Neighbor list info ...
  update every 20 steps, delay 0 steps, check no
  max neighbors/atom: 2000, page size: 100000
  master list distance cutoff = 2.8
  ghost atom cutoff = 2.8
  binsize = 1.4, bins = 16 16 16
  1 neighbor lists, perpetual/occasional/extra = 1 0 0
  (1) pair lj/cut, perpetual
      attributes: half, newton on
      pair build: half/bin/atomonly/newton
      stencil: half/bin/3d/newton
      bin: standard
Per MPI rank memory allocation (min/avg/max) = 2.7 | 2.7 | 2.7 Mbytes
Step Temp Press Volume Density PotEng KinEng TotEng 
       0            1  0.079495929        10648        0.125  -0.13561964     1.498873    1.3632534 
    1000    1.5717797   0.31417625    5704.8377   0.23331076   -1.2759766    2.3558981    1.0799215 
    2000    1.3626049   0.32202187    3834.3526   0.34712509   -2.0148096    2.0423718  0.027562188 
    3000    1.2128214    0.3597035    2798.7757   0.47556509   -2.7567135    1.8178652  -0.93884825 
    4000    1.1726939   0.56913458    2180.5829   0.61038726   -3.5280387    1.7577192   -1.7703195 
    5000    1.1061497    1.0534968    1868.4578   0.71235217   -4.1308239    1.6579779    -2.472846 
    6000   0.97107627    1.5319541    1732.3484   0.76832119   -4.4447946      1.45552   -2.9892745 
    7000   0.97129387    1.4103522    1681.2295    0.7916825   -4.6782348    1.4558462   -3.2223887 
    8000   0.99639318    1.3055034    1695.5116    0.7850138   -4.6488296    1.4934669   -3.1553627 
    9000    1.0477893    1.3878016    1715.6366   0.77580533   -4.5524306    1.5705031   -2.9819275 
   10000    1.0305541    1.2816535    1709.0949   0.77877478    -4.618567    1.5446698   -3.0738972 
   11000   0.97171309    1.5240206    1687.7037   0.78864554   -4.6276432    1.4564745   -3.1711687 
   12000    1.0215757    1.2536866    1699.2915   0.78326761   -4.6520714    1.5312123   -3.1208591 
   13000    1.0206199    1.3099763    1714.9854   0.77609992   -4.5740083    1.5297796   -3.0442287 
   14000    1.0100505    1.3874125    1703.9017   0.78114837   -4.5918394    1.5139375   -3.0779019 
   15000   0.98731408    1.4589254     1690.683   0.78725582    -4.634727    1.4798584   -3.1548685 
   16000    1.0054292    1.4246136    1686.1592   0.78936792    -4.647738    1.5070108   -3.1407273 
   17000   0.97892513    1.4322463    1711.0816   0.77787058    -4.538377    1.4672845   -3.0710926 
   18000   0.95243207    1.3118146     1723.893    0.7720897   -4.5295546    1.4275747   -3.1019799 
   19000   0.99894862    1.4839869    1692.5457   0.78638939   -4.6275193    1.4972971   -3.1302221 
   20000   0.99292933     1.537172    1691.4734   0.78688792   -4.6067324     1.488275   -3.1184574 
   21000    1.0115712    1.3503569    1709.5993   0.77854499   -4.5659857    1.5162168   -3.0497689 
   22000    0.9755188    1.3741353    1713.2916   0.77686717   -4.5487587    1.4621788   -3.0865799 
   23000    1.0213966    1.3029143    1703.0795   0.78152545   -4.6265269    1.5309438    -3.095583 
   24000    1.0127383    1.5328043    1690.2762   0.78744526   -4.6256642    1.5179661   -3.1076981 
   25000   0.99901579    1.4233296    1692.4297   0.78644329   -4.6163982    1.4973978   -3.1190004 
   26000    1.0072596    1.1863542    1714.9974   0.77609446   -4.5918824    1.5097543   -3.0821281 
   27000   0.99001372    1.3788977    1717.6944   0.77487592   -4.5415247    1.4839049   -3.0576198 
   28000    1.0066091    1.1484316    1710.5798   0.77809877   -4.6278059    1.5087792   -3.1190267 
   29000   0.97415335    1.4208122    1695.3971   0.78506681    -4.612016    1.4601322   -3.1518839 
   30000   0.99463052    1.4825567    1698.8368   0.78347725   -4.5788331    1.4908249   -3.0880082 
   31000    1.0599807     1.818359    1686.3183   0.78929347   -4.5843162    1.5887765   -2.9955397 
   32000    1.0150312    1.4046835    1696.3751   0.78461419   -4.6248358    1.5214029   -3.1034329 
   33000    0.9867854    1.1916318    1703.6457   0.78126573   -4.6333193     1.479066   -3.1542533 
   34000    1.0106947    1.5362328    1708.1104   0.77922363   -4.5575913    1.5149031   -3.0426882 
   35000    1.0181778    1.4667206    1703.5872   0.78129257   -4.5975426    1.5261192   -3.0714234 
   36000   0.97857781    1.3948613      1684.28   0.79024865   -4.6644506    1.4667639   -3.1976867 
   37000   0.99088418    1.3084911     1700.557   0.78268474   -4.6208705    1.4852096    -3.135661 
   38000     1.033968    1.5714621    1697.8588   0.78392856   -4.5867024    1.5497867   -3.0369157 
   39000    1.0138305    1.6666691    1696.7037   0.78446227   -4.5621441    1.5196032   -3.0425409 
   40000   0.97681141    1.4061311    1694.7682   0.78535814   -4.6153833    1.4641163    -3.151267 
   41000   0.98703138     1.223787    1717.6092   0.77491434   -4.5594789    1.4794347   -3.0800442 
   42000    1.0164102    1.4138784    1710.2884   0.77823133   -4.5582207    1.5234698   -3.0347508 
   43000   0.98984893     1.577715    1694.6131   0.78543001     -4.59022    1.4836579   -3.1065621 
   44000   0.99283345    1.3408501    1702.4365   0.78182063   -4.6227491    1.4881313   -3.1346178 
   45000   0.97233449    1.1928463     1717.435   0.77499294   -4.5721468    1.4574059   -3.1147408 
   46000    1.0204801    1.4010766      1724.31   0.77190298   -4.5309382    1.5295701   -3.0013681 
   47000    1.0409635    1.3912778    1700.5867   0.78267107   -4.6092754    1.5602721   -3.0490033 
   48000    1.0007346    1.4100089    1692.3229   0.78649291   -4.6206296    1.4999742   -3.1206555 
   49000   0.96569644    1.4190643    1696.5867   0.78451633   -4.6080585    1.4474563   -3.1606021 
   50000    1.0190946    1.4112421    1712.0157   0.77744615   -4.5716024    1.5274934    -3.044109 
Loop time of 40.9638 on 1 procs for 50000 steps with 1331 atoms

Performance: 421836.156 tau/day, 1220.591 timesteps/s
99.8% CPU use with 1 MPI tasks x no OpenMP threads

MPI task timing breakdown:
Section |  min time  |  avg time  |  max time  |%varavg| %total
---------------------------------------------------------------
Pair    | 32.519     | 32.519     | 32.519     |   0.0 | 79.39
Neigh   | 5.0573     | 5.0573     | 5.0573     |   0.0 | 12.35
Comm    | 0.81512    | 0.81512    | 0.81512    |   0.0 |  1.99
Output  | 0.026624   | 0.026624   | 0.026624   |   0.0 |  0.06
Modify  | 2.3357     | 2.3357     | 2.3357     |   0.0 |  5.70
Other   |            | 0.2098     |            |       |  0.51

Nlocal:    1331 ave 1331 max 1331 min
Histogram: 1 0 0 0 0 0 0 0 0 0
Nghost:    2918 ave 2918 max 2918 min
Histogram: 1 0 0 0 0 0 0 0 0 0
Neighs:    46339 ave 46339 max 46339 min
Histogram: 1 0 0 0 0 0 0 0 0 0

Total # of neighbors = 46339
Ave neighs/atom = 34.8152
Neighbor list builds = 2500
Dangerous builds not checked

write_restart lattice_11_11_11__2_2_2/sim1/T_1.00__P_1.40/end1.restart
Total wall time: 0:00:40
