run 50000
Neighbor list info ...
  update every 20 steps, delay 0 steps, check no
  max neighbors/atom: 2000, page size: 100000
  master list distance cutoff = 2.8
  ghost atom cutoff = 2.8
  binsize = 1.4, bins = 16 16 16
  1 neighbor lists, perpetual/occasional/extra = 1 0 0
  (1) pair lj/cut, perpetual
      attributes: half, newton on
      pair build: half/bin/atomonly/newton
      stencil: half/bin/3d/newton
      bin: standard
Per MPI rank memory allocation (min/avg/max) = 2.7 | 2.7 | 2.7 Mbytes
Step Temp Press Volume Density PotEng KinEng TotEng 
       0          0.4  0.004552278        10648        0.125  -0.13561964   0.59954921   0.46392957 
    1000    1.0948071   0.15548437    3849.6179    0.3457486   -2.0819197    1.6409769  -0.44094287 
    2000   0.94465595  0.087492581    2143.8121   0.62085664   -3.7301842    1.4159193   -2.3142649 
    3000   0.79977966    1.4966969    1580.2884   0.84225131   -5.0703027    1.1987682   -3.8715345 
    4000    0.5557942    1.8097146    1438.9434   0.92498424   -5.7320851   0.83306493   -4.8990202 
    5000   0.42874444    1.7896581    1381.9009   0.96316603   -6.0888168   0.64263348   -5.4461834 
    6000   0.36615523    1.9062305    1359.4501   0.97907235   -6.2162997   0.54882019   -5.6674795 
    7000   0.39264983    1.9275844    1361.7516   0.97741759   -6.2026958   0.58853224   -5.6141635 
    8000   0.43097725     1.852752    1369.0725   0.97219101   -6.1702672   0.64598017    -5.524287 
    9000   0.39815661    1.8807322    1360.2945   0.97846462   -6.2218794    0.5967862   -5.6250932 
   10000   0.37644352    1.9507372    1356.1021   0.98148954   -6.2301414   0.56424104   -5.6659004 
   11000     0.424162    1.7247192     1365.323   0.97486092   -6.2117142   0.63576498   -5.5759492 
   12000   0.40372636    1.9436453    1363.0584   0.97648052   -6.1856837   0.60513455   -5.5805492 
   13000   0.39023824    1.9195009    1353.9544   0.98304643   -6.2544301   0.58491757   -5.6695125 
   14000   0.39110503    1.8997664    1357.6073   0.98040132   -6.2275014   0.58621678   -5.6412846 
   15000   0.42183822     1.942889    1359.2048   0.97924901   -6.2158527   0.63228193   -5.5835708 
   16000   0.38718327    1.8740231    1357.8314   0.98023952   -6.2333436   0.58033856   -5.6530051 
   17000   0.38683923    1.7296659    1358.5357   0.97973131   -6.2515622   0.57982288   -5.6717393 
   18000   0.41452831    2.1353158    1354.9133   0.98235066   -6.2107604    0.6213253   -5.5894351 
   19000   0.40697875    1.8637215     1358.556   0.97971673   -6.2339757   0.61000947   -5.6239662 
   20000   0.38380665    1.7834124    1355.3546    0.9820308   -6.2635839   0.57527743   -5.6883064 
   21000   0.41322441    1.9722444    1355.3408   0.98204082   -6.2400918   0.61937093   -5.6207209 
   22000   0.42213931    1.8479609    1358.2886   0.97990959   -6.2393055   0.63273322   -5.6065723 
   23000    0.3920908    1.8693173    1353.0004   0.98373955   -6.2682948   0.58769432   -5.6806005 
   24000   0.40189592    1.9325798    1351.6932   0.98469092   -6.2691878   0.60239095   -5.6667969 
   25000    0.4213957    1.8183802    1357.6287   0.98038589    -6.253902   0.63161865   -5.6222833 
   26000   0.40727149    1.8391818     1353.154   0.98362787   -6.2771764   0.61044825   -5.6667281 
   27000   0.38941974    1.7286458    1355.0165   0.98227586   -6.2813784   0.58369074   -5.6976877 
   28000   0.41274293    2.2365764     1347.028   0.98810121   -6.2518491   0.61864925   -5.6331998 
   29000   0.40104787     1.775123     1357.217   0.98068324   -6.2537901   0.60111984   -5.6526703 
   30000   0.39826884    2.0227712    1348.4507    0.9870587   -6.2754448   0.59695442   -5.6784904 
   31000   0.40528281    1.8080162    1353.7592   0.98318812   -6.2754749   0.60746747   -5.6680075 
   32000   0.39280971    2.0065963    1353.1335   0.98364279    -6.238937   0.58877188   -5.6501652 
   33000    0.3985261    1.9250936    1349.7595   0.98610161   -6.2824494   0.59734003   -5.6851094 
   34000   0.40812856    1.8194171    1348.4267    0.9870763   -6.3101673   0.61173289   -5.6984344 
   35000   0.40245414    1.8191963    1352.6503   0.98399414   -6.2781558   0.60322765   -5.6749282 
   36000   0.40108308    2.0439564    1347.7072   0.98760327    -6.274169   0.60117261   -5.6729963 
   37000   0.39939629    1.8412407    1349.8331   0.98604781   -6.2986796   0.59864432   -5.7000353 
   38000   0.38897392    1.7781236     1355.609   0.98184655   -6.2652755   0.58302252    -5.682253 
   39000   0.40583353    2.1885667    1346.0693   0.98880496   -6.2658107   0.60829293   -5.6575177 
   40000    0.3986534    1.8400552    1350.0323   0.98590236   -6.2957555   0.59753083   -5.6982246 
   41000   0.40079761    1.7167818      1352.58    0.9840453   -6.2989703   0.60074473   -5.6982256 
   42000   0.40072726    2.0014557    1349.3697   0.98638647   -6.2730135   0.60063928   -5.6723742 
   43000   0.40214944    1.8808736    1351.0094   0.98518928   -6.2859103   0.60277095   -5.6831393 
   44000   0.38980742    1.8671167    1351.1021   0.98512169   -6.2838489   0.58427183    -5.699577 
   45000   0.40536061    2.0493264    1346.0601   0.98881174   -6.2878328   0.60758409   -5.6802487 
   46000   0.39419252    1.8023699    1354.0235   0.98299626   -6.2747465   0.59084453   -5.6839019 
   47000   0.40515477    1.8458719    1349.5128   0.98628185   -6.3030998   0.60727555   -5.6958243 
   48000    0.3972613    2.1794417    1344.9481   0.98962928   -6.2723869   0.59544424   -5.6769426 
   49000   0.40349395    1.7509309    1354.3788   0.98273834   -6.2810271    0.6047862   -5.6762409 
   50000   0.40044151    1.8006137    1350.6724   0.98543509   -6.3016936   0.60021098   -5.7014827 
Loop time of 43.6086 on 1 procs for 50000 steps with 1331 atoms

Performance: 396251.736 tau/day, 1146.562 timesteps/s
100.0% CPU use with 1 MPI tasks x no OpenMP threads

MPI task timing breakdown:
Section |  min time  |  avg time  |  max time  |%varavg| %total
---------------------------------------------------------------
Pair    | 35.393     | 35.393     | 35.393     |   0.0 | 81.16
Neigh   | 5.1407     | 5.1407     | 5.1407     |   0.0 | 11.79
Comm    | 0.75973    | 0.75973    | 0.75973    |   0.0 |  1.74
Output  | 0.024567   | 0.024567   | 0.024567   |   0.0 |  0.06
Modify  | 2.0612     | 2.0612     | 2.0612     |   0.0 |  4.73
Other   |            | 0.2289     |            |       |  0.52

Nlocal:    1331 ave 1331 max 1331 min
Histogram: 1 0 0 0 0 0 0 0 0 0
Nghost:    3228 ave 3228 max 3228 min
Histogram: 1 0 0 0 0 0 0 0 0 0
Neighs:    58301 ave 58301 max 58301 min
Histogram: 1 0 0 0 0 0 0 0 0 0

Total # of neighbors = 58301
Ave neighs/atom = 43.8024
Neighbor list builds = 2500
Dangerous builds not checked

write_restart lattice_11_11_11__2_2_2/sim1/T_0.40__P_1.90/end1.restart
Total wall time: 0:00:43
