run 50000
Neighbor list info ...
  update every 20 steps, delay 0 steps, check no
  max neighbors/atom: 2000, page size: 100000
  master list distance cutoff = 2.8
  ghost atom cutoff = 2.8
  binsize = 1.4, bins = 16 16 16
  1 neighbor lists, perpetual/occasional/extra = 1 0 0
  (1) pair lj/cut, perpetual
      attributes: half, newton on
      pair build: half/bin/atomonly/newton
      stencil: half/bin/3d/newton
      bin: standard
Per MPI rank memory allocation (min/avg/max) = 2.7 | 2.7 | 2.7 Mbytes
Step Temp Press Volume Density PotEng KinEng TotEng 
       0          0.7  0.042024104        10648        0.125  -0.13561964    1.0492111   0.91359148 
    1000    1.3276194   0.19866189    4944.2306   0.26920265   -1.5380326    1.9899329   0.45190031 
    2000    1.1345142   0.27836026    3077.8861   0.43243965   -2.5633963    1.7004927  -0.86290364 
    3000    1.0368066   0.35867121    2138.5716   0.62237804   -3.6705078    1.5540414   -2.1164663 
    4000   0.93054337    1.2687752    1716.4338     0.775445   -4.5585972    1.3947664   -3.1638309 
    5000   0.80064839    1.3534728     1570.279   0.84762006   -5.1414331    1.2000703   -3.9413628 
    6000   0.70578293    1.4806745    1504.5284   0.88466259   -5.4471955     1.057879   -4.3893165 
    7000   0.65354467    1.7427423    1483.8401   0.89699689   -5.4908702   0.97958048   -4.5112897 
    8000   0.70239416    1.7932309    1495.8941   0.88976889   -5.4235421    1.0527997   -4.3707425 
    9000   0.73070071    1.4473223    1512.0656   0.88025279   -5.4160349    1.0952276   -4.3208073 
   10000   0.70160674    1.5253689    1504.8334   0.88448329   -5.4265831    1.0516194   -4.3749637 
   11000   0.68838466    1.6236786     1493.037   0.89147154   -5.4683766    1.0318012   -4.4365754 
   12000    0.6831925    1.6093094    1503.5689   0.88522713   -5.4153665    1.0240188   -4.3913477 
   13000   0.75334631    1.3464195    1513.8303   0.87922668   -5.4172806    1.1291705   -4.2881102 
   14000   0.69288668    1.5276208    1503.7544   0.88511797   -5.4368977    1.0385492   -4.3983486 
   15000   0.67288991    1.7271716     1485.568   0.89595359   -5.4838519    1.0085765   -4.4752753 
   16000   0.70711894    1.9231507    1490.2129   0.89316099   -5.4218515    1.0598815     -4.36197 
   17000   0.71617694     1.440845    1519.8202   0.87576149    -5.365465    1.0734583   -4.2920067 
   18000   0.70219968    1.6585543    1500.0679   0.88729318   -5.4290792    1.0525082   -4.3765711 
   19000   0.67233076    1.8949726    1486.7908   0.89521672   -5.4495895    1.0077384   -4.4418511 
   20000   0.71179184    1.4625769    1508.7274   0.88220045   -5.4256532    1.0668856   -4.3587676 
   21000   0.72871025    1.6066437    1512.8558   0.87979302   -5.3712554    1.0922441   -4.2790113 
   22000   0.70043166    1.6250138    1501.9572   0.88617703   -5.4265187    1.0498581   -4.3766606 
   23000   0.66983485    1.6758507    1491.9183      0.89214   -5.4568214    1.0039974    -4.452824 
   24000   0.67568158    1.8600666    1501.0163   0.88673255   -5.3778944    1.0127609   -4.3651335 
   25000   0.70384744    1.2903581    1524.1116   0.87329561   -5.3703303    1.0549779   -4.3153523 
   26000   0.71233362     1.585482    1505.0784   0.88433931   -5.4152389    1.0676977   -4.3475412 
   27000   0.69294892     1.663429    1491.8204   0.89219857   -5.4724416    1.0386424   -4.4337992 
   28000   0.70085622     1.725435     1494.445   0.89063166   -5.4524068    1.0504945   -4.4019123 
   29000   0.67511571    1.5448235    1518.0949   0.87675676   -5.3547502    1.0119127   -4.3428375 
   30000   0.73227674    1.5361392    1503.1841   0.88545373   -5.4393608    1.0975899    -4.341771 
   31000   0.68898498    1.8110882    1493.3916   0.89125987   -5.4391853     1.032701   -4.4064843 
   32000    0.6839293    1.5932111    1507.4943   0.88292208    -5.401429    1.0251232   -4.3763059 
   33000   0.71167143    1.2978193    1520.4561   0.87539519   -5.3904514    1.0667051   -4.3237463 
   34000   0.68094521    1.7264843    1502.9496   0.88559192   -5.3927237    1.0206504   -4.3720733 
   35000   0.71382941    1.7171728     1487.251   0.89493974   -5.4866912    1.0699397   -4.4167516 
   36000   0.70229118    1.6343915    1497.2084   0.88898778   -5.4420528    1.0526453   -4.3894075 
   37000   0.71203456     1.424088    1513.3796   0.87948855   -5.4064173    1.0672494   -4.3391679 
   38000   0.70664213    1.6003595    1507.0159   0.88320235   -5.4033754    1.0591668   -4.3442086 
   39000   0.68133642    1.6610863    1498.8205   0.88803163   -5.4303322    1.0212368   -4.4090954 
   40000   0.70685668    1.3735652    1503.8714   0.88504909   -5.4516314    1.0594884    -4.392143 
   41000    0.7136344    1.5969346    1502.2025   0.88603232   -5.4317404    1.0696474    -4.362093 
   42000   0.69842819     1.788674    1500.6899   0.88692541   -5.3978935    1.0468552   -4.3510383 
   43000    0.7247257    1.8274309    1497.5121   0.88880752   -5.4251435    1.0862718   -4.3388717 
   44000   0.68286467    1.6141241    1505.5752   0.88404752   -5.4000816    1.0235274   -4.3765542 
   45000   0.69804269    1.5047749     1504.295   0.88479984   -5.4323592    1.0462774   -4.3860818 
   46000   0.69185929    1.5705416    1498.3191   0.88832881   -5.4497581    1.0370092   -4.4127488 
   47000    0.7047731    1.3302335    1504.2776   0.88481007    -5.466409    1.0563654   -4.4100436 
   48000   0.70668387    1.5710919    1506.6728   0.88340351   -5.4049813    1.0592294   -4.3457519 
   49000   0.71846186    1.8040476    1489.9059   0.89334504   -5.4587675    1.0768831   -4.3818844 
   50000   0.68323891     1.613011    1498.0512   0.88848766   -5.4400176    1.0240884   -4.4159293 
Loop time of 39.2834 on 1 procs for 50000 steps with 1331 atoms

Performance: 439880.941 tau/day, 1272.804 timesteps/s
99.9% CPU use with 1 MPI tasks x no OpenMP threads

MPI task timing breakdown:
Section |  min time  |  avg time  |  max time  |%varavg| %total
---------------------------------------------------------------
Pair    | 31.732     | 31.732     | 31.732     |   0.0 | 80.78
Neigh   | 4.5611     | 4.5611     | 4.5611     |   0.0 | 11.61
Comm    | 0.71951    | 0.71951    | 0.71951    |   0.0 |  1.83
Output  | 0.026438   | 0.026438   | 0.026438   |   0.0 |  0.07
Modify  | 2.0276     | 2.0276     | 2.0276     |   0.0 |  5.16
Other   |            | 0.2169     |            |       |  0.55

Nlocal:    1331 ave 1331 max 1331 min
Histogram: 1 0 0 0 0 0 0 0 0 0
Nghost:    3061 ave 3061 max 3061 min
Histogram: 1 0 0 0 0 0 0 0 0 0
Neighs:    52382 ave 52382 max 52382 min
Histogram: 1 0 0 0 0 0 0 0 0 0

Total # of neighbors = 52382
Ave neighs/atom = 39.3554
Neighbor list builds = 2500
Dangerous builds not checked

write_restart lattice_11_11_11__2_2_2/sim1/T_0.70__P_1.60/end1.restart
Total wall time: 0:00:39
