run 50000
Neighbor list info ...
  update every 20 steps, delay 0 steps, check no
  max neighbors/atom: 2000, page size: 100000
  master list distance cutoff = 2.8
  ghost atom cutoff = 2.8
  binsize = 1.4, bins = 19 19 19
  1 neighbor lists, perpetual/occasional/extra = 1 0 0
  (1) pair lj/cut, perpetual
      attributes: half, newton on
      pair build: half/bin/atomonly/newton
      stencil: half/bin/3d/newton
      bin: standard
Per MPI rank memory allocation (min/avg/max) = 2.717 | 2.717 | 2.717 Mbytes
Step Temp Press TotEng 
       0            1  0.064615007    1.4742584 
    1000    1.0799924  0.062348975    1.1398004 
    2000   0.96653363   0.05303942   0.91089921 
    3000    1.0213681  0.053403775   0.93291809 
    4000   0.99449329  0.053399662   0.89077712 
    5000   0.99829082  0.054940697   0.88328291 
    6000   0.99074135  0.052168098   0.85151609 
    7000    1.0276343  0.055195425    0.9386588 
    8000   0.95314499  0.058372403   0.84471163 
    9000     1.022485  0.051172689   0.91116369 
   10000   0.99080727  0.053096571   0.87946655 
   11000     1.006034  0.057305438   0.91565487 
   12000    1.0042172  0.053404931   0.93534544 
   13000   0.97851538  0.053517663   0.88408983 
   14000    1.0209403  0.059179159   0.91970047 
   15000   0.98323788  0.054311568   0.86857585 
   16000    1.0131228   0.05830617   0.91036509 
   17000   0.94663617  0.047959022   0.80324099 
   18000    1.0175138  0.053368653   0.94395825 
   19000    1.0033474  0.045454944   0.87568687 
   20000   0.99383935  0.047835977   0.85703577 
   21000    1.0247205  0.055628623    0.9296308 
   22000    1.0155104  0.054618175   0.88760092 
   23000   0.96756518  0.055882902   0.82354535 
   24000    1.0239868  0.059112123   0.88337797 
   25000    1.0161791  0.053100619   0.91754484 
   26000   0.96265125  0.055753089    0.8232238 
   27000   0.99940861  0.052835318   0.89151642 
   28000   0.98563136  0.051838875   0.86388488 
   29000    1.0035968  0.058927609   0.85515147 
   30000    1.0315206  0.057796456    0.9150902 
   31000   0.97489727  0.051647197   0.82615362 
   32000    1.0281412   0.05732673   0.88363832 
   33000   0.97357761  0.050001283   0.78237848 
   34000   0.99774181   0.05600502   0.85902047 
   35000    1.0084815  0.058340308   0.89074947 
   36000    1.0108331  0.054816259   0.90716033 
   37000   0.98237677  0.051414939   0.84685307 
   38000    1.0147283  0.056345572    0.9308169 
   39000    1.0036469  0.057103903   0.93083366 
   40000   0.96028741  0.047928946   0.85555566 
   41000   0.99800529  0.055115822   0.92230231 
   42000    1.0017534  0.050231712   0.90343705 
   43000   0.99531062   0.05372448   0.88271509 
   44000   0.97368075  0.052300354   0.81700005 
   45000    1.0274404  0.061245328   0.92993664 
   46000   0.98731358  0.053349018   0.83737116 
   47000    1.0024332  0.047530782   0.87649834 
   48000   0.96255534  0.058480736   0.77817954 
   49000    1.0081544  0.054358405   0.88219888 
   50000     1.022264   0.05586264   0.89252416 
Loop time of 6.25979 on 1 procs for 50000 steps with 1331 atoms

Performance: 2760473.958 tau/day, 7987.483 timesteps/s
99.6% CPU use with 1 MPI tasks x no OpenMP threads

MPI task timing breakdown:
Section |  min time  |  avg time  |  max time  |%varavg| %total
---------------------------------------------------------------
Pair    | 3.5804     | 3.5804     | 3.5804     |   0.0 | 57.20
Neigh   | 1.4271     | 1.4271     | 1.4271     |   0.0 | 22.80
Comm    | 0.29633    | 0.29633    | 0.29633    |   0.0 |  4.73
Output  | 0.021917   | 0.021917   | 0.021917   |   0.0 |  0.35
Modify  | 0.85024    | 0.85024    | 0.85024    |   0.0 | 13.58
Other   |            | 0.08375    |            |       |  1.34

Nlocal:    1331 ave 1331 max 1331 min
Histogram: 1 0 0 0 0 0 0 0 0 0
Nghost:    1092 ave 1092 max 1092 min
Histogram: 1 0 0 0 0 0 0 0 0 0
Neighs:    5361 ave 5361 max 5361 min
Histogram: 1 0 0 0 0 0 0 0 0 0

Total # of neighbors = 5361
Ave neighs/atom = 4.0278
Neighbor list builds = 2500
Dangerous builds not checked

write_restart NVT/sim1/T_1.00__v_13.82/end1.restart
Total wall time: 0:00:06
