run 50000
Neighbor list info ...
  update every 20 steps, delay 0 steps, check no
  max neighbors/atom: 2000, page size: 100000
  master list distance cutoff = 2.8
  ghost atom cutoff = 2.8
  binsize = 1.4, bins = 16 16 16
  1 neighbor lists, perpetual/occasional/extra = 1 0 0
  (1) pair lj/cut, perpetual
      attributes: half, newton on
      pair build: half/bin/atomonly/newton
      stencil: half/bin/3d/newton
      bin: standard
Per MPI rank memory allocation (min/avg/max) = 2.7 | 2.7 | 2.7 Mbytes
Step Temp Press Volume Density PotEng KinEng TotEng 
       0          1.9   0.19191141        10648        0.125  -0.13561964    2.8478588    2.7122391 
    1000    2.5335689   0.53370561    6645.5347   0.20028486   -1.0272451    3.7974981     2.770253 
    2000    2.2135219   0.65804467    4904.2453   0.27139752   -1.3818146    3.3177883    1.9359737 
    3000    2.0484452   0.69710244    3872.6231   0.34369469   -1.8228944    3.0703592    1.2474648 
    4000    1.9769028   0.87782088    3220.3458   0.41330965   -2.2138359    2.9631263   0.74929034 
    5000    1.9526673    1.0351085    2811.1719   0.47346802   -2.5496859    2.9268003   0.37711445 
    6000    1.8681552    1.5716821    2566.7039   0.51856391   -2.7048106    2.8001274  0.095316754 
    7000    1.8677246    1.4739537     2448.562   0.54358437   -2.8764324    2.7994821 -0.076950346 
    8000    1.9373935    1.4650745    2417.0574   0.55066959   -2.9584705    2.9039068 -0.054563683 
    9000    1.9153011    1.4985216    2438.4795   0.54583195   -2.8895855    2.8707932 -0.018792318 
   10000    1.8545344    1.7043719     2436.614   0.54624983    -2.822495    2.7797116 -0.042783432 
   11000    1.8953268    1.6517259    2427.7507   0.54824411   -2.8847357    2.8408542 -0.043881539 
   12000    1.8989626    1.6067506    2431.3172   0.54743989    -2.853939    2.8463039 -0.0076351516 
   13000    1.9202287    1.6197102    2407.6564   0.55281974   -2.9187223    2.8781791 -0.040543268 
   14000    1.8525102    1.4343625    2433.5168   0.54694506   -2.9005936    2.7766775  -0.12391608 
   15000     1.910611    1.3691409    2448.4802   0.54360252   -2.9008536    2.8637633 -0.037090278 
   16000    1.9432677    1.7055437    2398.6927   0.55488558    -2.882143    2.9127115  0.030568493 
   17000    1.8951434    1.5870425    2417.3875   0.55059439   -2.9117789    2.8405793 -0.071199595 
   18000    1.8369413    1.4859171    2467.4309   0.53942746   -2.8672833    2.7533418  -0.11394151 
   19000    1.9452429    1.4785918    2446.1673    0.5441165   -2.8705026    2.9156722  0.045169585 
   20000    1.9625267    1.7479888    2408.0053   0.55273966    -2.850721    2.9415784  0.090857333 
   21000    1.8790689    1.2770385    2465.9002   0.53976231   -2.9041864    2.8164857 -0.087700706 
   22000    1.8642238    1.4249216    2418.6982   0.55029602   -2.9119107    2.7942347  -0.11767605 
   23000     1.896745    1.6617354    2363.9363   0.56304393   -2.9528496    2.8429799  -0.10986964 
   24000    1.9437134    1.3809355    2457.1363   0.54168749   -2.9044255    2.9133797   0.00895415 
   25000    1.8976318    1.5142327    2454.0361   0.54237181   -2.8341882    2.8443092  0.010121016 
   26000    1.8770934    1.5863171    2418.1398   0.55042309   -2.8691563    2.8135247  -0.05563164 
   27000    1.8389228    1.5632055     2443.435   0.54472496   -2.8394911    2.7563117 -0.083179315 
   28000    1.9617616     1.538775    2458.7208    0.5413384   -2.8868348    2.9404316  0.053596756 
   29000    1.9054248    1.7204297    2424.2053    0.5490459   -2.8676859    2.8559899 -0.011695965 
   30000    1.8626975    1.3967776    2406.3848   0.55311188   -2.9644008    2.7919471  -0.17245378 
   31000     1.863385    1.4563944    2460.2025   0.54101237   -2.8348597    2.7929776 -0.041882102 
   32000    1.9839147    1.6358214    2410.0293   0.55227545   -2.9113988    2.9736362  0.062237433 
   33000    1.8698145      1.53852    2432.7645   0.54711421   -2.8833925    2.8026145 -0.080777962 
   34000    1.8526322    1.3672789    2473.6271   0.53807625   -2.8571777    2.7768605 -0.080317211 
   35000    1.9595225    1.6629639     2442.703   0.54488817   -2.8691444    2.9370755  0.067931058 
   36000    1.9371594    1.6820916    2411.2687   0.55199158   -2.8724933     2.903556  0.031062702 
   37000    1.8343285    1.4149043    2427.1046   0.54839004   -2.9105501    2.7494255   -0.1611246 
   38000    1.8746081    1.4567101    2431.1252   0.54748312   -2.9225264    2.8097995  -0.11272689 
   39000    1.9738008    1.5337409    2416.8818   0.55070959   -2.9072741    2.9584768  0.051202767 
   40000    1.8658276    1.5782171    2436.0559   0.54637497   -2.8598613    2.7966387  -0.06322254 
   41000    1.8543003    1.5822686    2395.3768   0.55565371   -2.9261583    2.7793607  -0.14679759 
   42000    1.8754849    1.4518488    2416.2473   0.55085421   -2.9227007    2.8111138  -0.11158696 
   43000    1.8948298    1.6458415    2459.1922   0.54123464   -2.8048422    2.8401093  0.035267077 
   44000    1.9003755    1.3687539    2412.3425   0.55174585   -2.9445447    2.8484215 -0.096123225 
   45000    1.8613673    1.2816999    2438.5113   0.54582483   -2.9376038    2.7899532  -0.14765055 
   46000    1.9295368    1.5821465    2418.6461   0.55030789    -2.884458    2.8921306 0.0076726858 
   47000    1.9250977    1.4882594     2424.933   0.54888114   -2.8891408     2.885477 -0.0036637968 
   48000     1.799834    1.2633093    2499.6602   0.53247238   -2.8537525    2.6977226   -0.1560299 
   49000    1.8768199    1.8380086    2406.2455   0.55314388   -2.8301649    2.8131148 -0.017050171 
   50000    1.9090313    1.4645475    2412.3589   0.55174213   -2.9089147    2.8613955 -0.047519246 
Loop time of 32.3349 on 1 procs for 50000 steps with 1331 atoms

Performance: 534406.720 tau/day, 1546.316 timesteps/s
99.9% CPU use with 1 MPI tasks x no OpenMP threads

MPI task timing breakdown:
Section |  min time  |  avg time  |  max time  |%varavg| %total
---------------------------------------------------------------
Pair    | 24.589     | 24.589     | 24.589     |   0.0 | 76.04
Neigh   | 4.3965     | 4.3965     | 4.3965     |   0.0 | 13.60
Comm    | 0.77489    | 0.77489    | 0.77489    |   0.0 |  2.40
Output  | 0.025892   | 0.025892   | 0.025892   |   0.0 |  0.08
Modify  | 2.3912     | 2.3912     | 2.3912     |   0.0 |  7.40
Other   |            | 0.1578     |            |       |  0.49

Nlocal:    1331 ave 1331 max 1331 min
Histogram: 1 0 0 0 0 0 0 0 0 0
Nghost:    2398 ave 2398 max 2398 min
Histogram: 1 0 0 0 0 0 0 0 0 0
Neighs:    33232 ave 33232 max 33232 min
Histogram: 1 0 0 0 0 0 0 0 0 0

Total # of neighbors = 33232
Ave neighs/atom = 24.9677
Neighbor list builds = 2500
Dangerous builds not checked

write_restart lattice_11_11_11__2_2_2/sim1/T_1.90__P_1.50/end1.restart
Total wall time: 0:00:32
