run 50000
Neighbor list info ...
  update every 20 steps, delay 0 steps, check no
  max neighbors/atom: 2000, page size: 100000
  master list distance cutoff = 2.8
  ghost atom cutoff = 2.8
  binsize = 1.4, bins = 13 13 13
  1 neighbor lists, perpetual/occasional/extra = 1 0 0
  (1) pair lj/cut, perpetual
      attributes: half, newton on
      pair build: half/bin/atomonly/newton
      stencil: half/bin/3d/newton
      bin: standard
Per MPI rank memory allocation (min/avg/max) = 2.742 | 2.742 | 2.742 Mbytes
Step Temp Press TotEng 
       0          0.9   -0.3084645     0.373146 
    1000    1.0679754  0.085030228  -0.17860186 
    2000   0.94081801 -0.0038821784  -0.65110735 
    3000   0.89983021  0.010398429  -0.91090627 
    4000   0.89407276  0.022212473   -1.0409652 
    5000    0.8879261  0.028037629   -1.0632832 
    6000   0.92420778 -0.0058375258   -1.0122424 
    7000    0.8627136  0.014037451   -1.1420928 
    8000   0.89141777 -0.011229747   -1.1271597 
    9000   0.92431437  0.010323257   -1.1157969 
   10000   0.93417003  0.012198494   -1.1635135 
   11000   0.88899631 -0.034646851   -1.2819628 
   12000   0.91095153  0.064535883   -1.2796936 
   13000   0.89619464 -0.018928702   -1.3862313 
   14000   0.91231113  0.021603683   -1.3916141 
   15000   0.86350855 0.0041069309   -1.5030516 
   16000   0.92648896  0.058866337     -1.40137 
   17000   0.90747844  0.034453722   -1.3956918 
   18000   0.88850137 -0.0091042735   -1.5034798 
   19000   0.93677823 0.0041309431   -1.4304707 
   20000   0.87503312 -0.0079861756   -1.4506623 
   21000   0.90882841  0.013592126   -1.4462867 
   22000   0.89125954   0.03256263   -1.5031089 
   23000   0.86209581 0.0016194899     -1.54933 
   24000   0.95401209 0.0096518148   -1.4416271 
   25000   0.89545999  0.031665446    -1.510205 
   26000    0.8977569  0.073856997   -1.4946929 
   27000   0.92033097  0.049232367   -1.5000479 
   28000   0.88491073  0.046436026   -1.5065751 
   29000   0.89816269  0.035961992   -1.4735983 
   30000   0.93218862  0.001001163   -1.4984791 
   31000    0.9076287  0.036557324   -1.5996663 
   32000   0.85283109  0.018858913   -1.6430021 
   33000   0.90095279 4.3014726e-06   -1.6009924 
   34000   0.90210124  0.021617746   -1.5278882 
   35000   0.86080314 -0.005388051   -1.5221619 
   36000   0.89815575 -0.026811198   -1.4322425 
   37000   0.90732211  0.066829857   -1.4597351 
   38000    0.8669274  0.014650104   -1.5733783 
   39000   0.88831515  0.087757626   -1.4944718 
   40000   0.93142808  0.014085298   -1.4651812 
   41000   0.93064166  0.024547688   -1.5034315 
   42000   0.90085753  0.059580293   -1.5776742 
   43000   0.88609616  0.016710015    -1.580085 
   44000   0.90860963 -0.049588754   -1.5104847 
   45000   0.89701436 -0.010933046   -1.4742216 
   46000   0.87719181  0.041129617   -1.5851855 
   47000   0.90464937  0.025575698   -1.5200772 
   48000   0.89239584 -0.022903859   -1.4824862 
   49000   0.92541006 -0.066767834   -1.4317543 
   50000   0.90133193 -0.0099698427   -1.5343894 
Loop time of 20.0196 on 1 procs for 50000 steps with 1331 atoms

Performance: 863153.841 tau/day, 2497.552 timesteps/s
99.9% CPU use with 1 MPI tasks x no OpenMP threads

MPI task timing breakdown:
Section |  min time  |  avg time  |  max time  |%varavg| %total
---------------------------------------------------------------
Pair    | 15.468     | 15.468     | 15.468     |   0.0 | 77.26
Neigh   | 3.1713     | 3.1713     | 3.1713     |   0.0 | 15.84
Comm    | 0.41072    | 0.41072    | 0.41072    |   0.0 |  2.05
Output  | 0.023344   | 0.023344   | 0.023344   |   0.0 |  0.12
Modify  | 0.84683    | 0.84683    | 0.84683    |   0.0 |  4.23
Other   |            | 0.09925    |            |       |  0.50

Nlocal:    1331 ave 1331 max 1331 min
Histogram: 1 0 0 0 0 0 0 0 0 0
Nghost:    1346 ave 1346 max 1346 min
Histogram: 1 0 0 0 0 0 0 0 0 0
Neighs:    27082 ave 27082 max 27082 min
Histogram: 1 0 0 0 0 0 0 0 0 0

Total # of neighbors = 27082
Ave neighs/atom = 20.3471
Neighbor list builds = 2500
Dangerous builds not checked

write_restart NVT/sim1/T_0.90__v_3.38/end1.restart
Total wall time: 0:00:20
