run 50000
Neighbor list info ...
  update every 20 steps, delay 0 steps, check no
  max neighbors/atom: 2000, page size: 100000
  master list distance cutoff = 2.8
  ghost atom cutoff = 2.8
  binsize = 1.4, bins = 16 16 16
  1 neighbor lists, perpetual/occasional/extra = 1 0 0
  (1) pair lj/cut, perpetual
      attributes: half, newton on
      pair build: half/bin/atomonly/newton
      stencil: half/bin/3d/newton
      bin: standard
Per MPI rank memory allocation (min/avg/max) = 2.7 | 2.7 | 2.7 Mbytes
Step Temp Press Volume Density PotEng KinEng TotEng 
       0          1.9   0.19191141        10648        0.125  -0.13561964    2.8478588    2.7122391 
    1000    2.3158108    0.4155954    7639.3636   0.17422917   -0.8840515    3.4711063    2.5870548 
    2000    2.0841839   0.41167528    6089.3247   0.21857925   -1.1872186    3.1239271    1.9367085 
    3000    1.9446616   0.49282312    5064.8283   0.26279272    -1.402526    2.9148009    1.5122749 
    4000    1.9263364   0.55923221    4374.3307   0.30427512   -1.6494303    2.8873337    1.2379034 
    5000    1.9276574   0.57956595    3913.3142   0.34012091   -1.8554244    2.8893137    1.0338893 
    6000    1.8805204   0.74116701    3615.0657   0.36818141   -1.9565538    2.8186613   0.86210749 
    7000    1.8962265   0.79797348    3432.3684   0.38777889   -2.0681252    2.8422027   0.77407753 
    8000    1.9090976    0.7689542    3337.4371   0.39880901   -2.1666621    2.8614949   0.69483271 
    9000    1.9026518   0.76566255    3265.7064   0.40756879   -2.2105281    2.8518335   0.64130543 
   10000    1.8756334   0.86157384    3265.9698   0.40753592   -2.1662089    2.8113362   0.64512737 
   11000    1.8532987   0.81845342    3334.0664    0.3992122    -2.081556    2.7778594   0.69630348 
   12000    1.9237468   0.72645308    3345.7732   0.39781537   -2.1477177    2.8834521   0.73573439 
   13000    1.8910906    0.8648359    3273.6093   0.40658487   -2.1260084    2.8345047   0.70849632 
   14000    1.8260776   0.70993819    3215.0442   0.41399119   -2.2120174    2.7370585   0.52504108 
   15000    1.9055012    0.7855405     3267.946   0.40728947   -2.1789781    2.8561044   0.67712628 
   16000    1.8883377   0.79024218    3367.8349    0.3952094   -2.0953479    2.8303785   0.73503056 
   17000    1.8849517   0.79338252    3329.2536   0.39978931   -2.0841571    2.8253033   0.74114619 
   18000    1.9337117   0.81607812    3139.2942   0.42398065    -2.257229    2.8983883   0.64115933 
   19000    1.8424031   0.81222258    3191.3982   0.41705858   -2.2370501    2.7615283   0.52447813 
   20000    1.8637035   0.68938873     3338.669   0.39866187   -2.1486192     2.793455   0.64483574 
   21000    1.9378451   0.79612358    3338.3503   0.39869992   -2.1340837    2.9045838   0.77050006 
   22000    1.8949896   0.70232074    3324.9133   0.40031119   -2.1999905    2.8403488   0.64035835 
   23000    1.8510298   0.76983681    3201.0633   0.41579933   -2.2350003    2.7744587   0.53945834 
   24000    1.9279015   0.85809809    3218.2599   0.41357753   -2.2154902    2.8896796   0.67418941 
   25000    1.8864241   0.84703022    3311.9683   0.40187583   -2.1331247    2.8275102   0.69438548 
   26000    1.8992166   0.71613362    3347.0551     0.397663   -2.1228983    2.8466845   0.72378621 
   27000    1.9616785   0.72041293    3379.6112   0.39383228   -2.1554229     2.940307   0.78488406 
   28000    1.9494677    0.8257797    3292.5716    0.4042433   -2.1564212    2.9220046   0.76558334 
   29000     1.854748    0.7029233    3267.4444   0.40735199   -2.2004239    2.7800317   0.57960779 
   30000    1.9427077    0.8187579    3289.0999   0.40466999   -2.1627373    2.9118722   0.74913483 
   31000    1.9100065   0.70975999    3328.9825   0.39982187   -2.1648526    2.8628573   0.69800471 
   32000    1.8800418    0.8699686    3251.2751   0.40937785   -2.1587323    2.8179439   0.65921163 
   33000    1.8529959   0.83413018    3229.3141   0.41216183   -2.2064641    2.7774056   0.57094149 
   34000    1.9193536   0.74337013    3347.0405   0.39766474   -2.1405925    2.8768674   0.73627486 
   35000    1.9277591   0.76478319    3430.5366   0.38798595   -2.0639387    2.8894661   0.82552736 
   36000    1.9487665   0.78430478    3320.4533   0.40084888   -2.1531498    2.9209536   0.76780381 
   37000    1.9124087   0.78302471     3275.661    0.4063302   -2.1890786    2.8664578   0.67737921 
   38000    1.9014001   0.80526358    3158.5905   0.42139049   -2.2420344    2.8499573   0.60792292 
   39000    1.7607463   0.87508269    3203.1237   0.41553188    -2.208857    2.6391352   0.43027814 
   40000    1.9048706   0.70578433    3229.8812   0.41208946   -2.2252398    2.8551592   0.62991948 
   41000    1.8767223   0.74504383    3402.2051   0.39121686   -2.0657065    2.8129684   0.74726185 
   42000    1.9093077    0.8972145     3326.236     0.400152   -2.0897654    2.8618098   0.77204435 
   43000    1.9409639   0.74091783    3250.5384   0.40947063   -2.2150648    2.9092584   0.69419355 
   44000    1.8250639   0.79273492     3290.329   0.40451882   -2.1589807    2.7355391   0.57655837 
   45000    1.9052039   0.86614483    3301.9489   0.40309527   -2.1385372    2.8556588   0.71712154 
   46000    1.8982601   0.71877155    3321.0116    0.4007815   -2.1490513    2.8452508   0.69619951 
   47000     1.868227   0.75847318    3297.6922   0.40361559   -2.1649816    2.8002351   0.63525347 
   48000    1.9594828   0.89564512     3261.902   0.40804414   -2.1723261     2.937016    0.7646899 
   49000    1.8547422   0.65526911    3300.5036   0.40327179   -2.1673682     2.780023   0.61265481 
   50000    1.9493419    0.8479715    3271.5685    0.4068385   -2.1702022    2.9218161   0.75161383 
Loop time of 26.4135 on 1 procs for 50000 steps with 1331 atoms

Performance: 654211.638 tau/day, 1892.973 timesteps/s
99.8% CPU use with 1 MPI tasks x no OpenMP threads

MPI task timing breakdown:
Section |  min time  |  avg time  |  max time  |%varavg| %total
---------------------------------------------------------------
Pair    | 19.148     | 19.148     | 19.148     |   0.0 | 72.49
Neigh   | 3.9422     | 3.9422     | 3.9422     |   0.0 | 14.93
Comm    | 0.69618    | 0.69618    | 0.69618    |   0.0 |  2.64
Output  | 0.026059   | 0.026059   | 0.026059   |   0.0 |  0.10
Modify  | 2.4511     | 2.4511     | 2.4511     |   0.0 |  9.28
Other   |            | 0.1499     |            |       |  0.57

Nlocal:    1331 ave 1331 max 1331 min
Histogram: 1 0 0 0 0 0 0 0 0 0
Nghost:    2201 ave 2201 max 2201 min
Histogram: 1 0 0 0 0 0 0 0 0 0
Neighs:    24482 ave 24482 max 24482 min
Histogram: 1 0 0 0 0 0 0 0 0 0

Total # of neighbors = 24482
Ave neighs/atom = 18.3937
Neighbor list builds = 2500
Dangerous builds not checked

write_restart lattice_11_11_11__2_2_2/sim1/T_1.90__P_0.80/end1.restart
Total wall time: 0:00:26
