run 50000
Neighbor list info ...
  update every 20 steps, delay 0 steps, check no
  max neighbors/atom: 2000, page size: 100000
  master list distance cutoff = 2.8
  ghost atom cutoff = 2.8
  binsize = 1.4, bins = 16 16 16
  1 neighbor lists, perpetual/occasional/extra = 1 0 0
  (1) pair lj/cut, perpetual
      attributes: half, newton on
      pair build: half/bin/atomonly/newton
      stencil: half/bin/3d/newton
      bin: standard
Per MPI rank memory allocation (min/avg/max) = 2.7 | 2.7 | 2.7 Mbytes
Step Temp Press Volume Density PotEng KinEng TotEng 
       0          0.3 -0.0079383306        10648        0.125  -0.13561964   0.44966191   0.31404227 
    1000   0.77707746  0.016205618    5633.7336    0.2362554    -1.667964    1.1647404  -0.50322354 
    2000   0.68952868  -0.14179012     3538.133    0.3761871   -2.9801038    1.0335159   -1.9465879 
    3000   0.61310949   -0.1864379    2408.4851   0.55262954   -4.2760759   0.91897328   -3.3571026 
    4000   0.48235921  0.034357631    1750.1597   0.76050201   -5.1946939   0.72299521   -4.4716987 
    5000    0.4095048    0.3451066    1481.5086   0.89840856   -5.8301336    0.6137957   -5.2163379 
    6000   0.32286041   0.39464093    1405.7701     0.946812   -6.1745707   0.48392676   -5.6906439 
    7000    0.2750246   0.40867793    1382.1593   0.96298598   -6.3215874   0.41222696   -5.9093605 
    8000   0.30023318   0.32319018    1383.3454    0.9621603   -6.3316355   0.45001142    -5.881624 
    9000   0.32371099    0.3952596    1387.2892   0.95942505   -6.2925458   0.48520167   -5.8073442 
   10000   0.28836041   0.44550459    1378.5777   0.96548785   -6.3341913   0.43221564   -5.9019757 
   11000    0.2875824   0.32556592    1378.5742   0.96549028   -6.3530889    0.4310495   -5.9220394 
   12000   0.31623113   0.43987653       1382.1   0.96302729   -6.3155284   0.47399031   -5.8415381 
   13000   0.29090243   0.46474219    1379.8516   0.96459651   -6.3221169    0.4360258   -5.8860911 
   14000   0.28939337   0.35267741    1375.3002   0.96778868   -6.3740252   0.43376391   -5.9402613 
   15000   0.30420588    0.3427702    1378.7606   0.96535973   -6.3526674   0.45596599   -5.8967014 
   16000   0.31021423   0.49157444    1376.0866   0.96723561   -6.3461261   0.46497174   -5.8811543 
   17000   0.28808096   0.61032633    1369.7549   0.97170671   -6.3675747   0.43179678   -5.9357779 
   18000   0.29635337    0.5157899    1372.0755   0.97006324   -6.3667692   0.44419607   -5.9225732 
   19000   0.30799772   0.45414565    1376.3681   0.96703779   -6.3518413   0.46164948   -5.8901919 
   20000   0.29557887   0.22072722    1379.3438   0.96495158   -6.3738827   0.44303519   -5.9308475 
   21000   0.30039588   0.26007507    1376.2904   0.96709239   -6.3905055   0.45025528   -5.9402502 
   22000   0.31625629   0.49970458    1372.7722   0.96957089   -6.3680338   0.47402803   -5.8940057 
   23000    0.3075299   0.54812475    1371.2062   0.97067819   -6.3661438   0.46094828   -5.9051955 
   24000    0.2975372   0.38935719    1372.0687   0.97006806   -6.3887576   0.44597048   -5.9427872 
   25000   0.29436863   0.43545689    1374.5492   0.96831743   -6.3619578    0.4412212   -5.9207366 
   26000    0.3108512   0.20743549    1379.9338     0.964539    -6.369198   0.46592648   -5.9032716 
   27000   0.29950885   0.35208732    1373.5996   0.96898687    -6.387542   0.44892573   -5.9386163 
   28000   0.29713372   0.55641045    1369.2466    0.9720674   -6.3811519   0.44536571   -5.9357862 
   29000   0.30709275   0.52499002    1371.9932   0.97012143   -6.3620998   0.46029305   -5.9018068 
   30000   0.29737455   0.38745006    1374.0818   0.96864681   -6.3775477   0.44572669   -5.9318211 
   31000   0.29994888   0.33667661    1372.5661   0.96971652   -6.3990039   0.44958529   -5.9494186 
   32000   0.30573361   0.38231552    1373.8721   0.96879467   -6.3811773   0.45825586   -5.9229215 
   33000   0.30097839   0.42805117    1372.6253    0.9696747    -6.378099   0.45112838   -5.9269706 
   34000   0.30244586   0.31987533    1371.8144   0.97024784   -6.4025723   0.45332794   -5.9492444 
   35000   0.30353798   0.45942855    1369.4716   0.97190768   -6.3946075   0.45496488   -5.9396426 
   36000   0.30531028   0.58777617    1369.0106   0.97223501   -6.3803991   0.45762134   -5.9227778 
   37000   0.29776826   0.33272975    1374.2324   0.96854072   -6.3839951   0.44631682   -5.9376783 
   38000   0.29617936   0.27236041     1372.705   0.96961835   -6.4074206   0.44393525   -5.9634853 
   39000   0.29263236   0.39466553    1372.0654   0.97007038   -6.3850314   0.43861874   -5.9464127 
   40000   0.30792793   0.32457327    1373.1988   0.96926971   -6.3932595   0.46154487   -5.9317146 
   41000   0.29545939   0.35350012    1371.6479   0.97036565   -6.3981658   0.44285611   -5.9553097 
   42000    0.2911746   0.41757782    1371.6506   0.97036376   -6.3903929   0.43643376   -5.9539591 
   43000   0.30832304   0.38107642    1373.3822   0.96914025   -6.3876791   0.46213709    -5.925542 
   44000   0.30057502   0.63601644    1366.1677   0.97425813   -6.3897557    0.4505238   -5.9392319 
   45000   0.30306736   0.51330648     1365.294   0.97488163   -6.4166676    0.4542595   -5.9624081 
   46000   0.30663297   0.37943395    1371.2893   0.97061939   -6.3978174   0.45960388   -5.9382136 
   47000   0.30080624   0.34749268    1374.6825    0.9682236   -6.3769038   0.45087036   -5.9260334 
   48000   0.29868963   0.28084891    1373.0148   0.96939958   -6.4037493   0.44769783   -5.9560515 
   49000   0.29054504   0.35406161      1371.55   0.97043493   -6.3946625   0.43549012   -5.9591724 
   50000   0.30550456   0.53665351     1369.135   0.97214667    -6.383439   0.45791255   -5.9255264 
Loop time of 42.2439 on 1 procs for 50000 steps with 1331 atoms

Performance: 409053.266 tau/day, 1183.603 timesteps/s
99.9% CPU use with 1 MPI tasks x no OpenMP threads

MPI task timing breakdown:
Section |  min time  |  avg time  |  max time  |%varavg| %total
---------------------------------------------------------------
Pair    | 34.178     | 34.178     | 34.178     |   0.0 | 80.91
Neigh   | 5.036      | 5.036      | 5.036      |   0.0 | 11.92
Comm    | 0.73098    | 0.73098    | 0.73098    |   0.0 |  1.73
Output  | 0.024969   | 0.024969   | 0.024969   |   0.0 |  0.06
Modify  | 2.0519     | 2.0519     | 2.0519     |   0.0 |  4.86
Other   |            | 0.2224     |            |       |  0.53

Nlocal:    1331 ave 1331 max 1331 min
Histogram: 1 0 0 0 0 0 0 0 0 0
Nghost:    3196 ave 3196 max 3196 min
Histogram: 1 0 0 0 0 0 0 0 0 0
Neighs:    57308 ave 57308 max 57308 min
Histogram: 1 0 0 0 0 0 0 0 0 0

Total # of neighbors = 57308
Ave neighs/atom = 43.0563
Neighbor list builds = 2500
Dangerous builds not checked

write_restart lattice_11_11_11__2_2_2/sim1/T_0.30__P_0.40/end1.restart
Total wall time: 0:00:42
