run 50000
Neighbor list info ...
  update every 20 steps, delay 0 steps, check no
  max neighbors/atom: 2000, page size: 100000
  master list distance cutoff = 2.8
  ghost atom cutoff = 2.8
  binsize = 1.4, bins = 18 18 18
  1 neighbor lists, perpetual/occasional/extra = 1 0 0
  (1) pair lj/cut, perpetual
      attributes: half, newton on
      pair build: half/bin/atomonly/newton
      stencil: half/bin/3d/newton
      bin: standard
Per MPI rank memory allocation (min/avg/max) = 2.711 | 2.711 | 2.711 Mbytes
Step Temp Press TotEng 
       0          1.6   0.12099357     2.357174 
    1000    1.6521468   0.12272187    1.9899827 
    2000    1.5640163   0.12083287    1.8348268 
    3000    1.6370184   0.13184258    1.9569426 
    4000    1.5619099   0.11778416    1.8267889 
    5000    1.6837426   0.12029793    1.9885019 
    6000    1.5977119   0.11794571    1.8766486 
    7000    1.6103001   0.11940494    1.8875055 
    8000    1.6305386   0.12090826    1.9248965 
    9000     1.552939   0.11077449    1.7946996 
   10000     1.641796   0.12041601    1.9548902 
   11000     1.593467   0.11902397    1.8710007 
   12000    1.5682101   0.12259777    1.8271053 
   13000    1.6454137   0.12295997     1.951577 
   14000    1.5714872   0.11355066    1.8227192 
   15000     1.640061   0.12598175    1.9297909 
   16000    1.5661634   0.10986946    1.8066694 
   17000    1.5470739   0.12089034    1.8122232 
   18000    1.6464635   0.12391926     1.950026 
   19000    1.5644969   0.12105792    1.8020139 
   20000     1.654721   0.13447703    1.9642564 
   21000    1.6067351   0.11385957    1.8913952 
   22000    1.6107608   0.12225669    1.8996593 
   23000    1.6376732   0.11982794    1.9558153 
   24000    1.5714955   0.11454833    1.8482995 
   25000    1.6597913   0.12768587     1.934793 
   26000    1.5824925   0.11408227    1.8588403 
   27000    1.6138993    0.1235257    1.9333734 
   28000    1.5764783   0.12251568    1.8515928 
   29000    1.5737384   0.12202304    1.8677795 
   30000    1.6508676   0.12741637    1.9405379 
   31000    1.5844344   0.12615766     1.865952 
   32000    1.6033579   0.12299976    1.9120592 
   33000    1.6167797   0.12594345    1.9110559 
   34000    1.5710584   0.12449251    1.8666267 
   35000    1.6060776   0.12030053    1.9155941 
   36000    1.5236562   0.11774348     1.757944 
   37000    1.6082573   0.11868239     1.906035 
   38000    1.5686894   0.12037311    1.8527037 
   39000    1.6038151   0.13037755    1.8852965 
   40000    1.6242889   0.10864527    1.9013465 
   41000    1.5952414   0.12345749    1.8710484 
   42000    1.7295905   0.13634609    2.0866708 
   43000    1.5925021   0.11322008    1.8733568 
   44000    1.6321143    0.1305312    1.9191703 
   45000    1.5655258   0.11016504    1.8335876 
   46000    1.5849219   0.12478962    1.8616955 
   47000    1.6142917    0.1241887    1.9006527 
   48000    1.5406178   0.11990902    1.7738178 
   49000    1.6328433   0.12303398    1.9479551 
   50000    1.5621513   0.12972976    1.8325931 
Loop time of 6.57241 on 1 procs for 50000 steps with 1331 atoms

Performance: 2629173.320 tau/day, 7607.562 timesteps/s
99.8% CPU use with 1 MPI tasks x no OpenMP threads

MPI task timing breakdown:
Section |  min time  |  avg time  |  max time  |%varavg| %total
---------------------------------------------------------------
Pair    | 3.7571     | 3.7571     | 3.7571     |   0.0 | 57.16
Neigh   | 1.5535     | 1.5535     | 1.5535     |   0.0 | 23.64
Comm    | 0.314      | 0.314      | 0.314      |   0.0 |  4.78
Output  | 0.022191   | 0.022191   | 0.022191   |   0.0 |  0.34
Modify  | 0.84008    | 0.84008    | 0.84008    |   0.0 | 12.78
Other   |            | 0.08553    |            |       |  1.30

Nlocal:    1331 ave 1331 max 1331 min
Histogram: 1 0 0 0 0 0 0 0 0 0
Nghost:    1101 ave 1101 max 1101 min
Histogram: 1 0 0 0 0 0 0 0 0 0
Neighs:    5308 ave 5308 max 5308 min
Histogram: 1 0 0 0 0 0 0 0 0 0

Total # of neighbors = 5308
Ave neighs/atom = 3.98798
Neighbor list builds = 2500
Dangerous builds not checked

write_restart NVT/sim1/T_1.60__v_12.17/end1.restart
Total wall time: 0:00:06
