run 50000
Neighbor list info ...
  update every 20 steps, delay 0 steps, check no
  max neighbors/atom: 2000, page size: 100000
  master list distance cutoff = 2.8
  ghost atom cutoff = 2.8
  binsize = 1.4, bins = 23 23 23
  1 neighbor lists, perpetual/occasional/extra = 1 0 0
  (1) pair lj/cut, perpetual
      attributes: half, newton on
      pair build: half/bin/atomonly/newton
      stencil: half/bin/3d/newton
      bin: standard
Per MPI rank memory allocation (min/avg/max) = 2.748 | 2.748 | 2.748 Mbytes
Step Temp Press TotEng 
       0          1.4  0.061026584    2.0860932 
    1000    1.4193298  0.059344023    1.8731248 
    2000    1.3584347  0.056550407     1.767443 
    3000    1.4448876  0.060881064    1.8825912 
    4000    1.3527042  0.052167948    1.7456597 
    5000    1.4174498   0.05740525    1.8170657 
    6000    1.3774184  0.052195595    1.7415684 
    7000    1.4014205  0.057103775    1.8073923 
    8000     1.403601  0.054937365    1.8060751 
    9000    1.3774622  0.061288622    1.7676029 
   10000    1.4238135  0.062170303    1.8618144 
   11000    1.3868557   0.05843847    1.7819654 
   12000    1.4253672   0.05820996    1.8266152 
   13000    1.3833126  0.058773347    1.7884072 
   14000    1.4164235   0.05733312    1.8304654 
   15000    1.3875247  0.056218176    1.7715437 
   16000    1.3846809  0.059044258    1.7784639 
   17000    1.4060344   0.05482192    1.8159878 
   18000     1.391869  0.058251575    1.8072783 
   19000    1.4505499  0.056242264    1.8698196 
   20000    1.3939969  0.057934636    1.7805494 
   21000    1.4233293  0.057726654    1.8418937 
   22000    1.3646643  0.056207444    1.7385366 
   23000    1.4331401  0.057771218    1.8527268 
   24000    1.3967415  0.059826175    1.8107826 
   25000    1.3954615  0.056819282    1.8152376 
   26000    1.4679583   0.05858683    1.9124647 
   27000     1.378814  0.055801337    1.7579395 
   28000    1.4406349  0.057558214    1.8638929 
   29000    1.3461676  0.058748822    1.7113144 
   30000    1.4192541  0.059122898    1.8278398 
   31000    1.3746098  0.054585641    1.7822032 
   32000    1.3779608  0.056247305    1.7619377 
   33000    1.4348363  0.058174495     1.862779 
   34000    1.3711904  0.053085191    1.7680198 
   35000    1.4113432  0.056400177    1.8335321 
   36000    1.3949757  0.055720409    1.7926537 
   37000    1.3798253    0.0567846    1.7475361 
   38000    1.4560935  0.060460246     1.870801 
   39000     1.362933   0.05393189    1.7479431 
   40000    1.4033298  0.056396029    1.8079745 
   41000    1.3973592  0.058087068    1.7912616 
   42000    1.3711601   0.05445622    1.7669355 
   43000    1.4152957  0.060968428    1.8300279 
   44000    1.3731504  0.058819562    1.7678911 
   45000    1.3925985  0.055419996    1.8113981 
   46000    1.4000583  0.058915508     1.814644 
   47000    1.3727701   0.05261256    1.7662988 
   48000    1.4409472   0.05931052    1.8638664 
   49000    1.3810163  0.057092117    1.7582329 
   50000    1.4108103  0.058697644    1.8072106 
Loop time of 4.36341 on 1 procs for 50000 steps with 1331 atoms

Performance: 3960205.549 tau/day, 11458.928 timesteps/s
99.6% CPU use with 1 MPI tasks x no OpenMP threads

MPI task timing breakdown:
Section |  min time  |  avg time  |  max time  |%varavg| %total
---------------------------------------------------------------
Pair    | 2.1301     | 2.1301     | 2.1301     |   0.0 | 48.82
Neigh   | 1.0418     | 1.0418     | 1.0418     |   0.0 | 23.88
Comm    | 0.25292    | 0.25292    | 0.25292    |   0.0 |  5.80
Output  | 0.022082   | 0.022082   | 0.022082   |   0.0 |  0.51
Modify  | 0.83969    | 0.83969    | 0.83969    |   0.0 | 19.24
Other   |            | 0.07682    |            |       |  1.76

Nlocal:    1331 ave 1331 max 1331 min
Histogram: 1 0 0 0 0 0 0 0 0 0
Nghost:    818 ave 818 max 818 min
Histogram: 1 0 0 0 0 0 0 0 0 0
Neighs:    2900 ave 2900 max 2900 min
Histogram: 1 0 0 0 0 0 0 0 0 0

Total # of neighbors = 2900
Ave neighs/atom = 2.17881
Neighbor list builds = 2500
Dangerous builds not checked

write_restart NVT/sim1/T_1.40__v_24.39/end1.restart
Total wall time: 0:00:04
