run 50000
Neighbor list info ...
  update every 20 steps, delay 0 steps, check no
  max neighbors/atom: 2000, page size: 100000
  master list distance cutoff = 2.8
  ghost atom cutoff = 2.8
  binsize = 1.4, bins = 16 16 16
  1 neighbor lists, perpetual/occasional/extra = 1 0 0
  (1) pair lj/cut, perpetual
      attributes: half, newton on
      pair build: half/bin/atomonly/newton
      stencil: half/bin/3d/newton
      bin: standard
Per MPI rank memory allocation (min/avg/max) = 2.7 | 2.7 | 2.7 Mbytes
Step Temp Press Volume Density PotEng KinEng TotEng 
       0          1.6   0.15443958        10648        0.125  -0.13561964    2.3981968    2.2625772 
    1000    2.1341522   0.42380802    6707.4539   0.19843595   -1.0197348    3.1988232    2.1790884 
    2000    1.8592257   0.50624714    4948.6986    0.2689596   -1.4156949    2.7867432    1.3710483 
    3000    1.7477804   0.50782614    3886.4666   0.34247046   -1.9021325     2.619701   0.71756844 
    4000    1.6811967   0.62582347    3199.6785   0.41597929   -2.2961573    2.5199004   0.22374312 
    5000    1.6297913   0.82209112    2757.7014   0.48264834   -2.6283221    2.4428502  -0.18547192 
    6000    1.6308598    1.0086164    2486.1004    0.5353766   -2.9628159    2.4444518  -0.51836411 
    7000    1.5795541    1.1043214     2341.164   0.56852061   -3.1085552    2.3675511  -0.74100413 
    8000    1.6029814     1.130785    2281.2388   0.58345492   -3.2175171    2.4026656  -0.81485149 
    9000    1.5686423    1.3725807    2288.7015   0.58155248   -3.1467782    2.3511956  -0.79558257 
   10000    1.6280876      1.25165    2305.4676   0.57732322   -3.1649035    2.4402966  -0.72460687 
   11000     1.613041    1.1756444    2314.9571   0.57495667   -3.1558899    2.4177437   -0.7381462 
   12000    1.6207403    1.0905291    2323.9866   0.57272275   -3.1887367    2.4292839  -0.75945277 
   13000    1.5995153    1.1596405    2290.3657   0.58112991   -3.1845595    2.3974704  -0.78708915 
   14000    1.5948142    1.3439737    2265.6323   0.58747397   -3.1938443     2.390424  -0.80342033 
   15000    1.5990996    1.2077468    2304.7165   0.57751137   -3.1605173    2.3968473  -0.76367001 
   16000    1.6176303    1.1706234    2344.5675   0.56769532   -3.0989152    2.4246225  -0.67429272 
   17000    1.6285457    1.1648005    2301.1441   0.57840793   -3.1861184    2.4409833  -0.74513508 
   18000    1.5212843    1.1463129    2284.9019   0.58251953   -3.1857521     2.280212  -0.90554012 
   19000    1.6200093    1.4087704    2270.8203   0.58613181   -3.1658584    2.4281882  -0.73767014 
   20000    1.6952912     1.317702    2291.8139   0.58076269   -3.1821757    2.5410262   -0.6411495 
   21000    1.5720651    1.1987907    2349.8413   0.56642122    -3.104796     2.356326  -0.74846999 
   22000    1.5755354    1.1305252    2318.9559   0.57396521   -3.1513646    2.3615276  -0.78983705 
   23000    1.5815084    1.3030848    2262.5049   0.58828602   -3.1876742    2.3704802  -0.81719395 
   24000    1.5995642     1.050925    2293.0611   0.58044682   -3.2108265    2.3975437  -0.81328287 
   25000    1.6228721    1.0747737    2338.5783   0.56914922   -3.1406466    2.4324793  -0.70816729 
   26000     1.609906    1.3495275    2377.3999   0.55985534   -2.9984657    2.4130447  -0.58542099 
   27000    1.6662591    1.3828611    2303.1615    0.5779013   -3.1213165    2.4975109  -0.62380562 
   28000    1.5985915    1.1690709    2300.6399   0.57853469   -3.1886696    2.3960857  -0.79258396 
   29000    1.6098698    1.1675124    2312.9932   0.57544485   -3.1324105    2.4129905     -0.71942 
   30000    1.6323748    1.1650276    2357.3929   0.56460677   -3.0850873    2.4467226  -0.63836467 
   31000    1.6064218   0.89739396    2362.4196   0.56340542   -3.1292206    2.4078223  -0.72139839 
   32000    1.5605258    1.1717544    2292.8976    0.5804882   -3.1772701      2.33903  -0.83824009 
   33000    1.6235717    1.3655392    2273.1026    0.5855433   -3.1736665    2.4335278  -0.74013871 
   34000    1.6621811    1.0583728    2320.8897   0.57348698   -3.1766736    2.4913985  -0.68527516 
   35000    1.5602943    1.0883362    2362.9202   0.56328606   -3.0780539     2.338683  -0.73937097 
   36000    1.5565372    1.1130279    2276.0637   0.58478152   -3.2145374    2.3330517  -0.88148578 
   37000    1.6076357    1.0822035    2279.3829   0.58392997    -3.237641    2.4096417  -0.82799928 
   38000    1.5945573    1.3231285    2323.2378   0.57290733   -3.1119386     2.390039   -0.7218996 
   39000     1.579219    1.2697756    2306.6487   0.57702762   -3.1398509    2.3670488  -0.77280216 
   40000    1.6226348     1.338792    2269.2877   0.58652765    -3.160774    2.4321235  -0.72865052 
   41000    1.6162854    1.4216033    2272.2072   0.58577405   -3.1952843    2.4226066  -0.77267768 
   42000      1.54097    1.2194792    2298.4522   0.57908534   -3.1644394    2.3097184  -0.85472098 
   43000    1.5500654    1.1257141    2342.2015   0.56826879   -3.1110454    2.3233512  -0.78769422 
   44000    1.6505712    1.2417977    2327.8548   0.57177106   -3.0885956    2.4739967  -0.61459891 
   45000    1.6524341    1.2652788    2300.3387   0.57861045   -3.1839552     2.476789  -0.70716628 
   46000    1.5930187    1.2174051    2271.9868   0.58583087   -3.2232488    2.3877327  -0.83551607 
   47000    1.5639579    1.2196395    2304.3099   0.57761329   -3.1711325    2.3441743  -0.82695819 
   48000     1.581222    1.0467135    2314.9219    0.5749654   -3.1683764     2.370051  -0.79832544 
   49000    1.5882388      1.29644    2329.5248   0.57136117   -3.0844179    2.3805683  -0.70384959 
   50000    1.6380781    1.2232824    2318.7519   0.57401569   -3.1327873     2.455271   -0.6775163 
Loop time of 32.9478 on 1 procs for 50000 steps with 1331 atoms

Performance: 524466.406 tau/day, 1517.553 timesteps/s
99.3% CPU use with 1 MPI tasks x no OpenMP threads

MPI task timing breakdown:
Section |  min time  |  avg time  |  max time  |%varavg| %total
---------------------------------------------------------------
Pair    | 25.265     | 25.265     | 25.265     |   0.0 | 76.68
Neigh   | 4.3988     | 4.3988     | 4.3988     |   0.0 | 13.35
Comm    | 0.76376    | 0.76376    | 0.76376    |   0.0 |  2.32
Output  | 0.025948   | 0.025948   | 0.025948   |   0.0 |  0.08
Modify  | 2.3355     | 2.3355     | 2.3355     |   0.0 |  7.09
Other   |            | 0.1588     |            |       |  0.48

Nlocal:    1331 ave 1331 max 1331 min
Histogram: 1 0 0 0 0 0 0 0 0 0
Nghost:    2525 ave 2525 max 2525 min
Histogram: 1 0 0 0 0 0 0 0 0 0
Neighs:    34518 ave 34518 max 34518 min
Histogram: 1 0 0 0 0 0 0 0 0 0

Total # of neighbors = 34518
Ave neighs/atom = 25.9339
Neighbor list builds = 2500
Dangerous builds not checked

write_restart lattice_11_11_11__2_2_2/sim1/T_1.60__P_1.20/end1.restart
Total wall time: 0:00:32
