run 50000
Neighbor list info ...
  update every 20 steps, delay 0 steps, check no
  max neighbors/atom: 2000, page size: 100000
  master list distance cutoff = 2.8
  ghost atom cutoff = 2.8
  binsize = 1.4, bins = 16 16 16
  1 neighbor lists, perpetual/occasional/extra = 1 0 0
  (1) pair lj/cut, perpetual
      attributes: half, newton on
      pair build: half/bin/atomonly/newton
      stencil: half/bin/3d/newton
      bin: standard
Per MPI rank memory allocation (min/avg/max) = 2.7 | 2.7 | 2.7 Mbytes
Step Temp Press Volume Density PotEng KinEng TotEng 
       0            1  0.079495929        10648        0.125  -0.13561964     1.498873    1.3632534 
    1000    1.7107479    0.3746716     5250.102   0.25351889   -1.4273492    2.5641938    1.1368446 
    2000    1.4442044   0.38206677    3398.6614   0.39162478   -2.2029387     2.164679 -0.038259729 
    3000     1.300642   0.57528912    2443.8113   0.54464107   -3.0858011    1.9494972   -1.1363039 
    4000    1.2299172    1.1575491     1952.811   0.68158159   -3.8952138    1.8434897   -2.0517241 
    5000    1.0939824    1.6337559    1734.2617   0.76747355   -4.4503018    1.6397407   -2.8105611 
    6000   0.98483189    1.8342554    1640.9201    0.8111303   -4.7650613     1.476138   -3.2889233 
    7000   0.95337089    1.8463894    1618.2237   0.82250681    -4.841777    1.4289819   -3.4127951 
    8000    1.0048357    1.9458247    1643.9096   0.80965525   -4.7186618    1.5061211   -3.2125406 
    9000    1.0376899    1.9726778    1657.9836   0.80278236   -4.6740914    1.5553654    -3.118726 
   10000   0.99931726    1.7141874    1632.1929   0.81546734   -4.8055346    1.4978497   -3.3076849 
   11000    1.0054772    2.0244272    1616.2923   0.82348967   -4.8457638    1.5070827   -3.3386811 
   12000    1.0295776    1.8476023    1646.0496    0.8086026   -4.7365655    1.5432061   -3.1933594 
   13000    1.0193711    1.9436401    1648.8388   0.80723478   -4.7023159    1.5279078   -3.1744081 
   14000   0.98103218    1.7914177    1637.3129    0.8129173   -4.7758641    1.4704427   -3.3054214 
   15000   0.97007655    2.0093209    1623.7806   0.81969201   -4.7761573    1.4540216   -3.3221358 
   16000    1.0156123    1.9287227    1639.8467   0.81166126   -4.7333485    1.5222739   -3.2110746 
   17000    1.0030614    1.8005116    1650.7685   0.80629112   -4.7188195    1.5034616   -3.2153579 
   18000   0.96400313    1.6494291    1649.5523    0.8068856   -4.7623555    1.4449183   -3.3174372 
   19000   0.98271737    1.9092225    1637.2064    0.8129702   -4.7466296    1.4729686   -3.2736611 
   20000    1.0329565     2.044546    1635.2906   0.81392263   -4.7348469    1.5482706   -3.1865763 
   21000   0.99957091    1.7292375    1649.9069   0.80671217   -4.7355707    1.4982299   -3.2373409 
   22000   0.99721785    1.8186687    1635.9795    0.8135799   -4.7901219    1.4947029    -3.295419 
   23000    1.0090934    1.7654224    1637.8333   0.81265901   -4.7927752    1.5125029   -3.2802723 
   24000     1.051014    2.0656249    1635.5399   0.81379853   -4.7387924    1.5753366   -3.1634559 
   25000   0.96632824    1.8604759    1648.6542   0.80732516   -4.7067028    1.4484033   -3.2582995 
   26000   0.98404258    1.6108445    1642.4536   0.81037298   -4.8037462    1.4749549   -3.3287913 
   27000    1.0252618    1.8180126    1632.0693   0.81552911   -4.7846105    1.5367372   -3.2478733 
   28000    1.0219584     1.871934    1645.3953   0.80892414    -4.724176    1.5317858   -3.1923901 
   29000   0.99992311    1.8826866    1646.1066   0.80857459   -4.7331557    1.4987578   -3.2343979 
   30000   0.97952881    2.0022641    1630.7083   0.81620973   -4.7809986    1.4681893   -3.3128093 
   31000   0.97422961    2.1254565    1631.9747   0.81557637   -4.7211744    1.4602465    -3.260928 
   32000    1.0037942    1.8806324    1647.0856   0.80809399   -4.7147681    1.5045601    -3.210208 
   33000   0.96949197    1.8577451    1649.6463   0.80683962   -4.7096702    1.4531454   -3.2565249 
   34000   0.96834018    1.8555859    1638.2841   0.81243541   -4.7516365     1.451419   -3.3002176 
   35000    1.0077438    2.0120479    1624.2575   0.81945133   -4.7865701      1.51048   -3.2760901 
   36000    1.0220974    1.7650454    1647.9554    0.8076675   -4.7477277    1.5319942   -3.2157335 
   37000   0.98213154    1.9078757    1650.2746   0.80653245   -4.7149415    1.4720905    -3.242851 
   38000    0.9784267    2.0973882    1627.4928   0.81782234   -4.7599054    1.4665374    -3.293368 
   39000    1.0089637    1.7858218     1654.819   0.80431755   -4.7168261    1.5123085   -3.2045177 
   40000   0.97385743    1.8310378    1651.6254   0.80587281   -4.7005842    1.4596886   -3.2408956 
   41000    1.0138138    2.0564059    1624.6943   0.81923106   -4.7765001    1.5195782    -3.256922 
   42000    1.0044242    2.1204278    1626.6297    0.8182563    -4.765551    1.5055043   -3.2600467 
   43000   0.96807448    1.7513143    1648.4204   0.80743966   -4.7231167    1.4510207    -3.272096 
   44000    1.0389423     1.912043    1651.8076   0.80578394   -4.7031883    1.5572426   -3.1459458 
   45000    1.0052719    1.8695643    1638.7334   0.81221263   -4.7433988     1.506775   -3.2366238 
   46000   0.98767827    2.0264396    1636.0723   0.81353372   -4.7347696    1.4804043   -3.2543653 
   47000    1.0087322    2.1207489    1631.8473   0.81564005   -4.7412913    1.5119615   -3.2293298 
   48000    1.0312817    1.7385087    1653.1525   0.80512837   -4.7272513    1.5457603   -3.1814909 
   49000    1.0075496    2.0275322    1628.1427   0.81749592   -4.7663869     1.510189   -3.2561979 
   50000   0.97898019    1.7084129    1642.7752    0.8102143    -4.760327     1.467367     -3.29296 
Loop time of 44.3024 on 1 procs for 50000 steps with 1331 atoms

Performance: 390046.256 tau/day, 1128.606 timesteps/s
99.8% CPU use with 1 MPI tasks x no OpenMP threads

MPI task timing breakdown:
Section |  min time  |  avg time  |  max time  |%varavg| %total
---------------------------------------------------------------
Pair    | 35.34      | 35.34      | 35.34      |   0.0 | 79.77
Neigh   | 5.2719     | 5.2719     | 5.2719     |   0.0 | 11.90
Comm    | 0.9048     | 0.9048     | 0.9048     |   0.0 |  2.04
Output  | 0.029461   | 0.029461   | 0.029461   |   0.0 |  0.07
Modify  | 2.5312     | 2.5312     | 2.5312     |   0.0 |  5.71
Other   |            | 0.2249     |            |       |  0.51

Nlocal:    1331 ave 1331 max 1331 min
Histogram: 1 0 0 0 0 0 0 0 0 0
Nghost:    2938 ave 2938 max 2938 min
Histogram: 1 0 0 0 0 0 0 0 0 0
Neighs:    48220 ave 48220 max 48220 min
Histogram: 1 0 0 0 0 0 0 0 0 0

Total # of neighbors = 48220
Ave neighs/atom = 36.2284
Neighbor list builds = 2500
Dangerous builds not checked

write_restart lattice_11_11_11__2_2_2/sim1/T_1.00__P_1.90/end1.restart
Total wall time: 0:00:44
