run 50000
Neighbor list info ...
  update every 20 steps, delay 0 steps, check no
  max neighbors/atom: 2000, page size: 100000
  master list distance cutoff = 2.8
  ghost atom cutoff = 2.8
  binsize = 1.4, bins = 16 16 16
  1 neighbor lists, perpetual/occasional/extra = 1 0 0
  (1) pair lj/cut, perpetual
      attributes: half, newton on
      pair build: half/bin/atomonly/newton
      stencil: half/bin/3d/newton
      bin: standard
Per MPI rank memory allocation (min/avg/max) = 2.7 | 2.7 | 2.7 Mbytes
Step Temp Press Volume Density PotEng KinEng TotEng 
       0          1.6   0.15443958        10648        0.125  -0.13561964    2.3981968    2.2625772 
    1000    1.6382557   0.18349986    10912.684   0.12196816  -0.69618348    2.4555372    1.7593537 
    2000    1.6019865   0.18588361    9953.9282   0.13371605  -0.78538084    2.4011744    1.6157936 
    3000    1.6102971   0.19811238    9199.5942    0.1446803  -0.89550328    2.4136309    1.5181276 
    4000    1.5854432   0.20863529    8750.6873   0.15210234  -0.88450532     2.376378    1.4918727 
    5000    1.6138301   0.21600919    8632.0472   0.15419285  -0.93252178    2.4189265    1.4864047 
    6000    1.5685105   0.20531322    8705.4218   0.15289322  -0.89908544     2.350998    1.4519126 
    7000    1.5952051   0.21319976    8863.9402   0.15015896  -0.87923537    2.3910099    1.5117746 
    8000    1.6148721   0.17962609    9090.0602   0.14642367  -0.90473867    2.4204883    1.5157496 
    9000    1.5974684   0.19099507    9089.2715   0.14643638  -0.84653891    2.3944023    1.5478634 
   10000    1.6039517   0.19702637      8902.49   0.14950873  -0.86981895      2.40412     1.534301 
   11000    1.5901515   0.17742687    8492.5469   0.15672566  -0.96200998    2.3834352    1.4214252 
   12000    1.6127938   0.22754499    8304.8848   0.16026712  -0.96351202    2.4173731    1.4538611 
   13000    1.6109471    0.1904809    8822.9631   0.15085635  -0.91447717    2.4146052     1.500128 
   14000    1.6385016   0.20297057    9224.4894   0.14428983  -0.87170081    2.4559058     1.584205 
   15000    1.5475326   0.19176757    9099.9473   0.14626458   -0.8750523    2.3195548    1.4445025 
   16000    1.6103248   0.20628711    8528.4477   0.15606592  -0.93964078    2.4136724    1.4740316 
   17000    1.5464188   0.24162964    8625.2623   0.15431415  -0.85732693    2.3178854    1.4605585 
   18000    1.6464088   0.20153758    8711.5648   0.15278541   -0.9033177    2.4677577      1.56444 
   19000    1.5574182   0.17913622    9097.9446   0.14629678  -0.87303482    2.3343721    1.4613372 
   20000    1.6629283   0.20056497    8914.0769    0.1493144  -0.89233985    2.4925184    1.6001785 
   21000    1.5977207    0.1818275    8913.4265   0.14932529  -0.87788132    2.3947804    1.5168991 
   22000    1.6002164   0.20499532    8809.5737   0.15108563  -0.90339845    2.3985212    1.4951228 
   23000     1.592886   0.20363974    8585.7252   0.15502476  -0.92831959    2.3875338    1.4592142 
   24000    1.5917196   0.20873902    8663.0438   0.15364115   -0.8665362    2.3857856    1.5192494 
   25000    1.6112078   0.19328213    8873.9101   0.14999025  -0.91494906    2.4149959    1.5000468 
   26000    1.5904348   0.19575378    8882.5535    0.1498443  -0.87290117    2.3838599    1.5109587 
   27000    1.6221238   0.19898358    8807.8021   0.15111602  -0.89954082    2.4313576    1.5318168 
   28000    1.5829676   0.22707425    8856.3261   0.15028805  -0.86343513    2.3726675    1.5092324 
   29000    1.6078383   0.20619292    8838.9922   0.15058278  -0.87071047    2.4099454     1.539235 
   30000    1.5450836    0.1962559    8599.1843   0.15478212  -0.89388962    2.3158841    1.4219945 
   31000    1.6473277    0.2141863    8317.6446   0.16002126  -0.93255564    2.4691351    1.5365795 
   32000    1.5160985   0.19405897    8636.6114   0.15411137  -0.91675665    2.2724392    1.3556825 
   33000    1.6224523   0.19956324    8508.0429   0.15644021  -0.93177297      2.43185     1.500077 
   34000    1.5787656   0.18743707     9016.329   0.14762106  -0.88318041    2.3663692    1.4831888 
   35000    1.6156717     0.197917    9393.3138   0.14169653  -0.83385344    2.4216868    1.5878334 
   36000    1.5790579   0.19224255     9109.657   0.14610868  -0.84143313    2.3668073    1.5253742 
   37000    1.5778603   0.19209974    8546.2489   0.15574084  -0.92325916    2.3650123    1.4417531 
   38000    1.6559647   0.20201628    8526.2656   0.15610586  -0.91779321    2.4820808    1.5642876 
   39000    1.5478106   0.19601835    8957.8617   0.14858457  -0.87634785    2.3199715    1.4436237 
   40000    1.6631339    0.2022082    8714.9016   0.15272691  -0.90720912    2.4928266    1.5856174 
   41000    1.5483287   0.19105657    8839.7111   0.15057053  -0.88198767    2.3207481    1.4387605 
   42000     1.606415   0.20896099    8812.0001   0.15104403  -0.89245827    2.4078122    1.5153539 
   43000    1.5224786   0.18786301    8762.9045   0.15189028  -0.88228518    2.2820021    1.3997169 
   44000    1.6548126   0.22052524    8244.9503   0.16143214  -0.96021206     2.480354    1.5201419 
   45000    1.5568937    0.2050691    8535.4533   0.15593782  -0.90466859     2.333586    1.4289174 
   46000    1.6388988   0.19030665    8874.1354   0.14998644   -0.9272071    2.4565012    1.5292941 
   47000    1.6084843   0.19217755    9047.0338   0.14712004  -0.87979983    2.4109138     1.531114 
   48000    1.6325764   0.19820776    9176.2665    0.1450481  -0.86343759    2.4470247    1.5835871 
   49000    1.5925412   0.18880661    9033.3213   0.14734337  -0.89780042     2.387017    1.4892166 
   50000    1.5838436   0.19897944    8730.4464   0.15245498  -0.92400775    2.3739804    1.4499727 
Loop time of 13.7025 on 1 procs for 50000 steps with 1331 atoms

Performance: 1261085.937 tau/day, 3648.976 timesteps/s
99.6% CPU use with 1 MPI tasks x no OpenMP threads

MPI task timing breakdown:
Section |  min time  |  avg time  |  max time  |%varavg| %total
---------------------------------------------------------------
Pair    | 8.0525     | 8.0525     | 8.0525     |   0.0 | 58.77
Neigh   | 2.6571     | 2.6571     | 2.6571     |   0.0 | 19.39
Comm    | 0.47302    | 0.47302    | 0.47302    |   0.0 |  3.45
Output  | 0.026164   | 0.026164   | 0.026164   |   0.0 |  0.19
Modify  | 2.3717     | 2.3717     | 2.3717     |   0.0 | 17.31
Other   |            | 0.122      |            |       |  0.89

Nlocal:    1331 ave 1331 max 1331 min
Histogram: 1 0 0 0 0 0 0 0 0 0
Nghost:    1432 ave 1432 max 1432 min
Histogram: 1 0 0 0 0 0 0 0 0 0
Neighs:    9603 ave 9603 max 9603 min
Histogram: 1 0 0 0 0 0 0 0 0 0

Total # of neighbors = 9603
Ave neighs/atom = 7.21488
Neighbor list builds = 2500
Dangerous builds not checked

write_restart lattice_11_11_11__2_2_2/sim1/T_1.60__P_0.20/end1.restart
Total wall time: 0:00:13
