run 50000
Neighbor list info ...
  update every 20 steps, delay 0 steps, check no
  max neighbors/atom: 2000, page size: 100000
  master list distance cutoff = 2.8
  ghost atom cutoff = 2.8
  binsize = 1.4, bins = 20 20 20
  1 neighbor lists, perpetual/occasional/extra = 1 0 0
  (1) pair lj/cut, perpetual
      attributes: half, newton on
      pair build: half/bin/atomonly/newton
      stencil: half/bin/3d/newton
      bin: standard
Per MPI rank memory allocation (min/avg/max) = 2.748 | 2.748 | 2.748 Mbytes
Step Temp Press TotEng 
       0          0.3  0.016173605   0.43733285 
    1000   0.45014307  0.011555597    0.1984204 
    2000     0.418595 0.0044821744  -0.18011459 
    3000   0.42340831 -0.00097212588  -0.56420234 
    4000   0.41428542 -0.0020175552  -0.99922327 
    5000   0.43288528 0.0035373216   -1.4551857 
    6000   0.38377508 6.2729309e-05    -1.901183 
    7000   0.37912251 0.0077211598   -2.3042339 
    8000   0.33366144 -0.0023186097   -2.6300317 
    9000   0.30762223 4.3394229e-05   -2.8514276 
   10000   0.29673909 0.0038549516    -2.984148 
   11000   0.29606983 -0.0080424366   -3.0598812 
   12000   0.30088536 0.0027345361   -3.0833172 
   13000    0.3006321 6.1946765e-05   -3.0910731 
   14000   0.29759092 -0.0061203029   -3.1195434 
   15000   0.30684743 -0.0042207263   -3.1383254 
   16000   0.29029697 0.0051620094   -3.1907331 
   17000   0.29294086 0.0025092141   -3.2214042 
   18000   0.30536651 0.00081028961   -3.2000048 
   19000   0.30500688 0.00047577443   -3.2150328 
   20000   0.29158311 -0.011518517   -3.2741543 
   21000   0.30091265 0.0011060762   -3.3108458 
   22000   0.30331008 0.0076712503   -3.3226139 
   23000   0.29944301 -0.00035889086   -3.3216124 
   24000   0.30926768 -0.010421727   -3.3593992 
   25000   0.29016792   -0.0112514   -3.4286873 
   26000   0.29392862 -0.00065968025   -3.4650187 
   27000   0.28635972 -0.0035406237   -3.4816514 
   28000   0.31237028 -0.0023936964   -3.4522304 
   29000   0.30726072 -0.0043837032    -3.470057 
   30000   0.29996312 -0.001199069   -3.5399939 
   31000   0.28703383 -0.00056525906    -3.596601 
   32000   0.30366856 -0.0055280091   -3.5761883 
   33000   0.30356649 -0.0038124535   -3.5641796 
   34000   0.31064838 -0.0031417112   -3.5994864 
   35000    0.2975905 0.0084249711   -3.6314693 
   36000   0.28773761 0.0032494303   -3.6176075 
   37000   0.30920936 0.0079753444   -3.6010067 
   38000   0.29913345 -0.0019974787   -3.6402617 
   39000   0.30091872  0.002959017   -3.6701097 
   40000   0.30644736 0.00022604685   -3.6477555 
   41000     0.307216 -0.0036761294   -3.6415705 
   42000   0.29008067 -0.0039528196   -3.6741854 
   43000   0.30118743 0.0018647531   -3.6769207 
   44000   0.30187069 -0.0096436577    -3.665643 
   45000   0.28910963 0.00073212612   -3.6767862 
   46000   0.29986424 0.00077472534    -3.688328 
   47000   0.29339391 0.00053463903   -3.7222774 
   48000   0.31110645 -0.0027436826    -3.708911 
   49000   0.30200913  0.010669794   -3.7157185 
   50000   0.30877954 0.0069254533   -3.7648239 
Loop time of 17.8457 on 1 procs for 50000 steps with 1331 atoms

Performance: 968300.447 tau/day, 2801.795 timesteps/s
99.8% CPU use with 1 MPI tasks x no OpenMP threads

MPI task timing breakdown:
Section |  min time  |  avg time  |  max time  |%varavg| %total
---------------------------------------------------------------
Pair    | 14.206     | 14.206     | 14.206     |   0.0 | 79.60
Neigh   | 2.1409     | 2.1409     | 2.1409     |   0.0 | 12.00
Comm    | 0.32199    | 0.32199    | 0.32199    |   0.0 |  1.80
Output  | 0.025301   | 0.025301   | 0.025301   |   0.0 |  0.14
Modify  | 1.0534     | 1.0534     | 1.0534     |   0.0 |  5.90
Other   |            | 0.09856    |            |       |  0.55

Nlocal:    1331 ave 1331 max 1331 min
Histogram: 1 0 0 0 0 0 0 0 0 0
Nghost:    842 ave 842 max 842 min
Histogram: 1 0 0 0 0 0 0 0 0 0
Neighs:    26271 ave 26271 max 26271 min
Histogram: 1 0 0 0 0 0 0 0 0 0

Total # of neighbors = 26271
Ave neighs/atom = 19.7378
Neighbor list builds = 2500
Dangerous builds not checked

write_restart NVT/sim1/T_0.30__v_17.58/end1.restart
Total wall time: 0:00:17
