run 50000
Neighbor list info ...
  update every 20 steps, delay 0 steps, check no
  max neighbors/atom: 2000, page size: 100000
  master list distance cutoff = 2.8
  ghost atom cutoff = 2.8
  binsize = 1.4, bins = 16 16 16
  1 neighbor lists, perpetual/occasional/extra = 1 0 0
  (1) pair lj/cut, perpetual
      attributes: half, newton on
      pair build: half/bin/atomonly/newton
      stencil: half/bin/3d/newton
      bin: standard
Per MPI rank memory allocation (min/avg/max) = 2.7 | 2.7 | 2.7 Mbytes
Step Temp Press Volume Density PotEng KinEng TotEng 
       0          0.4  0.004552278        10648        0.125  -0.13561964   0.59954921   0.46392957 
    1000    1.0846767   0.12140876     4004.699   0.33235956   -2.0538655    1.6257926  -0.42807289 
    2000   0.90372027 -0.031833029    2257.0913   0.58969701    -3.583926    1.3545619   -2.2293641 
    3000   0.81614921    1.1991745    1608.0719    0.8276993   -5.0094588     1.223304   -3.7861547 
    4000   0.56900769    1.6042341    1451.8957   0.91673254   -5.6928585   0.85287028   -4.8399882 
    5000   0.42251866    1.7110315     1391.389   0.95659801   -6.0377358   0.63330182    -5.404434 
    6000   0.37330478    1.6887502    1368.1078   0.97287657   -6.1971202   0.55953647   -5.6375837 
    7000   0.40074257    1.6641424     1370.096    0.9714648   -6.1924557   0.60066223   -5.5917935 
    8000   0.42646672    1.7003545    1373.2097   0.96926202   -6.1629988   0.63921946   -5.5237794 
    9000    0.3848628    1.6878775    1367.1115   0.97358552    -6.200296   0.57686047   -5.6234355 
   10000   0.39436949    1.6378599    1362.9026   0.97659219   -6.2450949   0.59110979   -5.6539852 
   11000   0.40964235     1.803334    1364.3274   0.97557228   -6.2021516   0.61400187   -5.5881497 
   12000    0.4044168    1.6713416    1365.3744   0.97482417   -6.2250065   0.60616944   -5.6188371 
   13000    0.3910553     1.741634    1358.0758   0.98006314   -6.2581319   0.58614225   -5.6719897 
   14000   0.40419649    1.7270582    1361.9691   0.97726155   -6.2346923   0.60583922   -5.6288531 
   15000   0.39667104    1.7041823    1364.1521   0.97569763   -6.2235015   0.59455952    -5.628942 
   16000   0.39760525    1.6246316    1359.8257   0.97880194   -6.2726613   0.59595978   -5.6767015 
   17000   0.40655588    1.7819662    1357.9534   0.98015143   -6.2518124   0.60937564   -5.6424368 
   18000    0.4130963    1.3254454    1371.0624      0.97078   -6.2435312    0.6191789   -5.6243523 
   19000   0.39086378    1.9817931    1355.5375   0.98189835   -6.2343985   0.58585518   -5.6485433 
   20000    0.3872948    1.7010322    1361.1912   0.97782004   -6.2440835   0.58050573   -5.6635778 
   21000   0.39646755    1.8086032    1361.2951    0.9777454   -6.2236202   0.59425451   -5.6293657 
   22000   0.39826682    1.6891259    1359.8208   0.97880545   -6.2581344   0.59695139   -5.6611831 
   23000   0.38627398    1.6903407    1357.9807   0.98013173   -6.2663516   0.57897565   -5.6873759 
   24000   0.40849547    1.7466413    1358.4164   0.97981738   -6.2559192   0.61228285   -5.6436364 
   25000   0.40106636    1.5696052    1362.6645   0.97676283   -6.2539969   0.60114755   -5.6528493 
   26000   0.40430317    1.8753897    1349.0217   0.98664089    -6.296909   0.60599912   -5.6909099 
   27000   0.39372116    1.8420803    1355.0108   0.98227999   -6.2647963   0.59013803   -5.6746582 
   28000    0.4062185    1.5661915     1363.185   0.97638986   -6.2516363   0.60886995   -5.6427664 
   29000    0.4012304    1.7279551    1354.0548    0.9829735    -6.291246   0.60139342   -5.6898525 
   30000   0.39584264    1.6913435    1352.9954   0.98374318   -6.3061986   0.59331785   -5.7128808 
   31000   0.41487812     1.560895    1360.2454   0.97849994   -6.2778022   0.62184962   -5.6559526 
   32000   0.41019829    1.7861144    1353.2119    0.9835858   -6.2827164   0.61483515   -5.6678812 
   33000   0.38997013    1.5480206    1354.1087   0.98293437   -6.3187895   0.58451571   -5.7342738 
   34000   0.39964901    1.9050194    1351.3048    0.9849739   -6.2762315   0.59902312   -5.6772084 
   35000   0.40515656    1.6676743    1359.4371    0.9790817   -6.2629201   0.60727824   -5.6556419 
   36000   0.38784532    1.6352623    1352.7989   0.98388609   -6.3154578   0.58133089   -5.7341269 
   37000   0.39463842    1.9198182    1342.3253   0.99156294   -6.3433258   0.59151288   -5.7518129 
   38000   0.39706186    1.7348387    1351.2484   0.98501501    -6.308969   0.59514531   -5.7138237 
   39000    0.4056455    1.6488338    1349.3218   0.98642145   -6.3381304   0.60801109   -5.7301193 
   40000   0.39673827    1.7574477    1340.8916   0.99262311   -6.3813068   0.59466029   -5.7866465 
   41000   0.40068276    1.6976496    1344.2243    0.9901621     -6.36899   0.60057258   -5.7684174 
   42000   0.43211559    1.4039914    1351.1955   0.98505357    -6.378626    0.6476864   -5.7309396 
   43000   0.40355961    1.8965433    1338.6991   0.99424885   -6.3756029   0.60488462   -5.7707183 
   44000   0.38155729    1.5993003    1343.5431   0.99066419   -6.3823872   0.57190594   -5.8104812 
   45000   0.39064117    1.7280823    1344.6667    0.9898364   -6.3610148   0.58552152   -5.7754933 
   46000    0.4097067    1.8541407    1338.6027   0.99432043   -6.3828912   0.61409833   -5.7687929 
   47000     0.396603    1.6193385    1340.9246    0.9925987   -6.4019782   0.59445754   -5.8075207 
   48000   0.39679057    1.6066094    1343.3193   0.99082917   -6.3883185   0.59473868   -5.7935798 
   49000   0.41570277    1.6788696    1341.9227   0.99186044   -6.3944665   0.62308567   -5.7713809 
   50000   0.38985513    1.7635671    1340.4361   0.99296043   -6.3841592   0.58434334   -5.7998158 
Loop time of 43.6287 on 1 procs for 50000 steps with 1331 atoms

Performance: 396069.178 tau/day, 1146.033 timesteps/s
100.0% CPU use with 1 MPI tasks x no OpenMP threads

MPI task timing breakdown:
Section |  min time  |  avg time  |  max time  |%varavg| %total
---------------------------------------------------------------
Pair    | 35.397     | 35.397     | 35.397     |   0.0 | 81.13
Neigh   | 5.1375     | 5.1375     | 5.1375     |   0.0 | 11.78
Comm    | 0.76928    | 0.76928    | 0.76928    |   0.0 |  1.76
Output  | 0.024283   | 0.024283   | 0.024283   |   0.0 |  0.06
Modify  | 2.073      | 2.073      | 2.073      |   0.0 |  4.75
Other   |            | 0.2281     |            |       |  0.52

Nlocal:    1331 ave 1331 max 1331 min
Histogram: 1 0 0 0 0 0 0 0 0 0
Nghost:    3217 ave 3217 max 3217 min
Histogram: 1 0 0 0 0 0 0 0 0 0
Neighs:    58426 ave 58426 max 58426 min
Histogram: 1 0 0 0 0 0 0 0 0 0

Total # of neighbors = 58426
Ave neighs/atom = 43.8963
Neighbor list builds = 2500
Dangerous builds not checked

write_restart lattice_11_11_11__2_2_2/sim1/T_0.40__P_1.70/end1.restart
Total wall time: 0:00:43
