run 50000
Neighbor list info ...
  update every 20 steps, delay 0 steps, check no
  max neighbors/atom: 2000, page size: 100000
  master list distance cutoff = 2.8
  ghost atom cutoff = 2.8
  binsize = 1.4, bins = 16 16 16
  1 neighbor lists, perpetual/occasional/extra = 1 0 0
  (1) pair lj/cut, perpetual
      attributes: half, newton on
      pair build: half/bin/atomonly/newton
      stencil: half/bin/3d/newton
      bin: standard
Per MPI rank memory allocation (min/avg/max) = 2.7 | 2.7 | 2.7 Mbytes
Step Temp Press TotEng 
       0          1.4   0.12945836    1.9628026 
    1000     1.463511   0.16931303    1.4863775 
    2000    1.3455229   0.12557709    1.2248234 
    3000    1.4370272   0.14417634    1.3592866 
    4000     1.373051   0.11720972    1.2436128 
    5000    1.4109525   0.12516159    1.3241578 
    6000    1.3994235   0.14253384     1.316328 
    7000    1.3993169   0.14134732    1.3027644 
    8000    1.4897458   0.14817049     1.457592 
    9000    1.3899618   0.13169214    1.2793692 
   10000    1.3997676   0.12006222    1.3076333 
   11000    1.4726595   0.13651918    1.3711481 
   12000    1.3702703   0.13452534    1.2664864 
   13000    1.4013495    0.1381122    1.3120204 
   14000    1.3279524   0.12566883    1.1954476 
   15000    1.4193866   0.14069992    1.3187511 
   16000    1.3591699   0.14421364    1.2234852 
   17000    1.3951218   0.15652659    1.3392715 
   18000    1.3887743   0.14135617     1.271512 
   19000    1.4186007   0.14783457    1.3212729 
   20000    1.3935904   0.12259124    1.3044861 
   21000    1.4199556    0.1317768     1.343991 
   22000    1.4268099   0.13653848    1.3325857 
   23000    1.3915791   0.13892331    1.2803858 
   24000    1.4215336   0.14062014    1.3564991 
   25000    1.3638469   0.13739652    1.2502833 
   26000    1.4360183   0.12444322    1.3628947 
   27000    1.3853197   0.13035999    1.3001529 
   28000    1.3981265   0.13086672    1.2723663 
   29000    1.4373994   0.12755406    1.3623188 
   30000    1.3795402   0.13353832    1.2479247 
   31000    1.4567522   0.13596295    1.3782407 
   32000    1.4134569   0.13553181    1.3237056 
   33000     1.378996   0.13304691    1.3001896 
   34000    1.3984199   0.12658721    1.3076955 
   35000    1.4331547   0.13216071    1.3528622 
   36000    1.3347668   0.13495236    1.2162333 
   37000    1.4355502   0.14527287    1.3473466 
   38000    1.3837644   0.12530598    1.2848913 
   39000    1.3839821   0.12775151    1.2721679 
   40000    1.4026324   0.14774789    1.3111889 
   41000    1.3809006   0.13385375    1.2836524 
   42000    1.4100533   0.12753982    1.3167483 
   43000    1.3810301   0.13244958    1.2693811 
   44000    1.4429309   0.14460966    1.3891595 
   45000    1.3576216   0.13358834    1.2509004 
   46000    1.4371822   0.15042408    1.3690959 
   47000    1.3673973   0.12209949    1.2657239 
   48000    1.4015879    0.1307019    1.3014635 
   49000     1.411579   0.12933104    1.3180555 
   50000    1.3977383    0.1298686    1.2874664 
Loop time of 8.7396 on 1 procs for 50000 steps with 1331 atoms

Performance: 1977206.725 tau/day, 5721.084 timesteps/s
99.8% CPU use with 1 MPI tasks x no OpenMP threads

MPI task timing breakdown:
Section |  min time  |  avg time  |  max time  |%varavg| %total
---------------------------------------------------------------
Pair    | 5.4198     | 5.4198     | 5.4198     |   0.0 | 62.01
Neigh   | 1.9914     | 1.9914     | 1.9914     |   0.0 | 22.79
Comm    | 0.36442    | 0.36442    | 0.36442    |   0.0 |  4.17
Output  | 0.02328    | 0.02328    | 0.02328    |   0.0 |  0.27
Modify  | 0.84912    | 0.84912    | 0.84912    |   0.0 |  9.72
Other   |            | 0.0916     |            |       |  1.05

Nlocal:    1331 ave 1331 max 1331 min
Histogram: 1 0 0 0 0 0 0 0 0 0
Nghost:    1180 ave 1180 max 1180 min
Histogram: 1 0 0 0 0 0 0 0 0 0
Neighs:    7931 ave 7931 max 7931 min
Histogram: 1 0 0 0 0 0 0 0 0 0

Total # of neighbors = 7931
Ave neighs/atom = 5.95868
Neighbor list builds = 2500
Dangerous builds not checked

write_restart NVT/sim1/T_1.40__v_8.00/end1.restart
Total wall time: 0:00:08
