run 50000
Neighbor list info ...
  update every 20 steps, delay 0 steps, check no
  max neighbors/atom: 2000, page size: 100000
  master list distance cutoff = 2.8
  ghost atom cutoff = 2.8
  binsize = 1.4, bins = 10 10 10
  1 neighbor lists, perpetual/occasional/extra = 1 0 0
  (1) pair lj/cut, perpetual
      attributes: half, newton on
      pair build: half/bin/atomonly/newton
      stencil: half/bin/3d/newton
      bin: standard
Per MPI rank memory allocation (min/avg/max) = 2.742 | 2.742 | 2.742 Mbytes
Step Temp Press TotEng 
       0          0.9   -1.7021814   -1.8809856 
    1000   0.93646484 -0.0072673387   -1.8591257 
    2000   0.90952468 0.0023542672   -1.8974286 
    3000    0.9004045 -0.098368884   -1.9947396 
    4000   0.93299266 -0.093604322   -2.0033446 
    5000   0.90338796  0.020463848   -2.0577644 
    6000   0.89950491  -0.10314046   -2.0781742 
    7000   0.90174902 -0.066815622   -2.0707166 
    8000    0.9098137  0.059865221   -1.9874905 
    9000   0.87756701 -0.034909267    -2.116898 
   10000   0.89067156  0.013229841   -2.1139378 
   11000   0.90698559 -0.059087435   -2.0234706 
   12000   0.87330528 -0.034874358    -2.073625 
   13000    0.9324623 -0.050254914   -2.0358294 
   14000   0.90262453  0.056797938   -2.0182057 
   15000   0.88353156 -0.069980532   -2.0341635 
   16000   0.90987078   -0.0118308   -1.9855255 
   17000   0.93139195 -0.063104259   -1.9072816 
   18000    0.8794317 -0.069443537    -1.992402 
   19000   0.90063008 -0.0052564597   -1.9451381 
   20000   0.87568385  -0.05726548   -1.9962599 
   21000   0.90905659  0.075683061   -1.9948937 
   22000   0.90384023 -0.068031502   -2.0224496 
   23000   0.94084859 -0.033831052   -2.0017469 
   24000    0.8878758 -0.081336647    -2.072869 
   25000   0.88830475  0.008700858   -2.0065725 
   26000   0.90616673 -0.095518535   -1.9935635 
   27000   0.90134519  -0.02084434   -1.9983396 
   28000   0.92812883 -0.096727666   -1.9089788 
   29000     0.914986 -0.013548273   -2.0182947 
   30000   0.90287292 -0.074350935   -1.9944046 
   31000   0.94575394 -0.014549565   -1.9375661 
   32000   0.90078999 -0.050493374   -2.0406026 
   33000   0.89166244  -0.03449572   -2.1068414 
   34000   0.87127849 -0.062755496   -2.1882288 
   35000   0.88549183  0.021441554    -2.164551 
   36000   0.90310759  0.029270715   -2.0948383 
   37000   0.92275069 -0.070349026   -2.0076506 
   38000   0.92073857  0.018202621   -1.9221849 
   39000   0.90896619 -0.026133715   -2.0155842 
   40000    0.9074286 -0.033096599   -2.0687551 
   41000   0.90906314 -0.025144194   -2.0335584 
   42000   0.90703922 -0.082789231   -2.0281553 
   43000    0.9038055  0.022004976   -2.0187539 
   44000   0.89333565  -0.10184774   -2.0234704 
   45000   0.88415059  0.074532795   -2.0512475 
   46000   0.87519115  -0.11600048   -2.1160584 
   47000   0.90524002 -0.064645022   -2.0230764 
   48000   0.89942085  -0.11368737   -1.9949537 
   49000   0.87773195  -0.13977117   -2.0833779 
   50000   0.91442144  0.034848923   -2.0504026 
Loop time of 24.9837 on 1 procs for 50000 steps with 1331 atoms

Performance: 691651.695 tau/day, 2001.307 timesteps/s
99.9% CPU use with 1 MPI tasks x no OpenMP threads

MPI task timing breakdown:
Section |  min time  |  avg time  |  max time  |%varavg| %total
---------------------------------------------------------------
Pair    | 19.964     | 19.964     | 19.964     |   0.0 | 79.91
Neigh   | 3.5361     | 3.5361     | 3.5361     |   0.0 | 14.15
Comm    | 0.48874    | 0.48874    | 0.48874    |   0.0 |  1.96
Output  | 0.022782   | 0.022782   | 0.022782   |   0.0 |  0.09
Modify  | 0.8637     | 0.8637     | 0.8637     |   0.0 |  3.46
Other   |            | 0.1084     |            |       |  0.43

Nlocal:    1331 ave 1331 max 1331 min
Histogram: 1 0 0 0 0 0 0 0 0 0
Nghost:    2056 ave 2056 max 2056 min
Histogram: 1 0 0 0 0 0 0 0 0 0
Neighs:    33286 ave 33286 max 33286 min
Histogram: 1 0 0 0 0 0 0 0 0 0

Total # of neighbors = 33286
Ave neighs/atom = 25.0083
Neighbor list builds = 2500
Dangerous builds not checked

write_restart NVT/sim1/T_0.90__v_1.73/end1.restart
Total wall time: 0:00:25
