run 50000
Neighbor list info ...
  update every 20 steps, delay 0 steps, check no
  max neighbors/atom: 2000, page size: 100000
  master list distance cutoff = 2.8
  ghost atom cutoff = 2.8
  binsize = 1.4, bins = 16 16 16
  1 neighbor lists, perpetual/occasional/extra = 1 0 0
  (1) pair lj/cut, perpetual
      attributes: half, newton on
      pair build: half/bin/atomonly/newton
      stencil: half/bin/3d/newton
      bin: standard
Per MPI rank memory allocation (min/avg/max) = 2.7 | 2.7 | 2.7 Mbytes
Step Temp Press Volume Density PotEng KinEng TotEng 
       0          1.6   0.15443958        10648        0.125  -0.13561964    2.3981968    2.2625772 
    1000     1.891139   0.23897409     8515.623   0.15630095  -0.86844575    2.8345772    1.9661314 
    2000    1.6548424   0.25772341    7182.1461   0.18532065   -1.0236121    2.4803986    1.4567865 
    3000    1.6196509   0.28474255    6176.1794    0.2155054   -1.2424024     2.427651    1.1852486 
    4000    1.6020996   0.26969184    5494.6615   0.24223512   -1.4092384    2.4013439   0.99210551 
    5000     1.607709   0.33540658    5001.6589   0.26611171   -1.5444163    2.4097516   0.86533526 
    6000    1.5905031   0.36136666    4638.4155   0.28695144   -1.6068675    2.3839623   0.77709476 
    7000    1.5692742   0.39747826    4408.4542   0.30191989    -1.675662    2.3521428   0.67648072 
    8000    1.5740268   0.39375679    4257.4072   0.31263159   -1.7493632    2.3592663    0.6099031 
    9000    1.6432648    0.3371168     4180.635   0.31837269   -1.8125075    2.4630453   0.65053778 
   10000    1.5906461   0.40683147    4206.2753   0.31643198   -1.8407584    2.3841765   0.54341805 
   11000    1.6490514   0.44486455    4155.7707   0.32027754   -1.8165346    2.4717186     0.655184 
   12000    1.5461956   0.33645742    4333.4495   0.30714561   -1.7286495    2.3175509   0.58890134 
   13000    1.6321279   0.53125732    4159.3383   0.32000282   -1.7410544    2.4463525   0.70529805 
   14000    1.5372917   0.36046441    4251.7615   0.31304672   -1.7747957    2.3042051   0.52940948 
   15000    1.6495908   0.45056103    4074.4358     0.326671   -1.8313612    2.4725272   0.64116599 
   16000    1.5391815   0.36074275    4170.0252   0.31918272   -1.7692034    2.3070377    0.5378343 
   17000    1.5852878   0.41869904    4139.6424   0.32152535   -1.7721096    2.3761451   0.60403548 
   18000    1.6082325   0.41176623    4158.4879   0.32006827   -1.8010161    2.4105363   0.60952016 
   19000    1.6043524   0.40603332    4108.3387   0.32397523   -1.8279815    2.4047206   0.57673905 
   20000    1.5783198   0.50426758    3891.6637   0.34201311   -1.9164448     2.365701   0.44925617 
   21000     1.547949   0.38958963    3876.7207   0.34333141   -1.9419283     2.320179   0.37825068 
   22000    1.5982735   0.46967715    3956.3184   0.33642388    -1.889414     2.395609   0.50619501 
   23000    1.6002402   0.41380523    4140.0954   0.32149018   -1.8336915    2.3985569   0.56486541 
   24000    1.6235477    0.4658606    4307.7013    0.3089815   -1.7644505    2.4334919   0.66904146 
   25000    1.6886112   0.38249592    4363.6031   0.30502316   -1.7217868    2.5310137   0.80922695 
   26000    1.5681827    0.3819471    4447.6141   0.29926158   -1.6832396    2.3505067   0.66726708 
   27000    1.6326018   0.43283303    4263.7565   0.31216604    -1.744203    2.4470627   0.70285975 
   28000    1.5949232   0.33878493    4122.9521   0.32282694   -1.8352801    2.3905873   0.55530727 
   29000    1.6011853   0.36791633    4049.0263     0.328721   -1.8660379    2.3999735   0.53393562 
   30000    1.6048525   0.38290314    4032.9156   0.33003419   -1.8716488    2.4054701   0.53382132 
   31000    1.5733397   0.37962122    4171.7491   0.31905083   -1.8172577    2.3582365   0.54097876 
   32000    1.6182384   0.41608031    4249.5172   0.31321205   -1.7449224    2.4255339   0.68061149 
   33000    1.5821236   0.33030678    4219.4194   0.31544624   -1.7937892    2.3714024   0.57761319 
   34000    1.5798804   0.41024843    4077.4223   0.32643173   -1.8515309    2.3680402   0.51650931 
   35000    1.6108886    0.3799961    3971.2722   0.33515708   -1.9224765    2.4145174   0.49204098 
   36000    1.6085602    0.4147201    4181.9009   0.31827632   -1.7996307    2.4110275   0.61139685 
   37000    1.6306119   0.46332607    4416.7044   0.30135592   -1.7045995    2.4440802   0.73948073 
   38000    1.5956479   0.43539327    4329.9698   0.30739245   -1.7205238    2.3916736   0.67114979 
   39000    1.6019596   0.42745063    4183.2417    0.3181743   -1.7473635     2.401134   0.65377047 
   40000    1.5701669   0.35871659    4162.1198   0.31978897   -1.7811372    2.3534809   0.57234369 
   41000    1.5893667   0.34610591    4101.1388     0.324544   -1.8325143    2.3822589   0.54974463 
   42000    1.6121924   0.34408473     3927.592   0.33888448   -1.9357522    2.4164717   0.48071953 
   43000    1.5580112    0.3648323      3853.91   0.34536354   -1.9620134    2.3352609   0.37324753 
   44000    1.5440561   0.35568562    4035.4064   0.32983047   -1.8606752     2.314344   0.45366881 
   45000    1.6087331   0.39480067     4148.086   0.32087088   -1.7956592    2.4112866   0.61562734 
   46000    1.6084167    0.4123415    4377.1183   0.30408134   -1.7178808    2.4108125   0.69293164 
   47000    1.5890507   0.39335276    4391.4639     0.303088   -1.6959549    2.3817852   0.68583029 
   48000    1.6206739   0.38610773    4320.6361   0.30805649    -1.738087    2.4291844   0.69109738 
   49000    1.5900767   0.35301246    4138.4324   0.32161937   -1.8019565    2.3833231   0.58136666 
   50000    1.6083852   0.39484187    4017.3638   0.33131179   -1.8739067    2.4107652   0.53685846 
Loop time of 21.5523 on 1 procs for 50000 steps with 1331 atoms

Performance: 801768.906 tau/day, 2319.933 timesteps/s
99.8% CPU use with 1 MPI tasks x no OpenMP threads

MPI task timing breakdown:
Section |  min time  |  avg time  |  max time  |%varavg| %total
---------------------------------------------------------------
Pair    | 14.982     | 14.982     | 14.982     |   0.0 | 69.51
Neigh   | 3.4551     | 3.4551     | 3.4551     |   0.0 | 16.03
Comm    | 0.61026    | 0.61026    | 0.61026    |   0.0 |  2.83
Output  | 0.025764   | 0.025764   | 0.025764   |   0.0 |  0.12
Modify  | 2.3417     | 2.3417     | 2.3417     |   0.0 | 10.87
Other   |            | 0.1374     |            |       |  0.64

Nlocal:    1331 ave 1331 max 1331 min
Histogram: 1 0 0 0 0 0 0 0 0 0
Nghost:    2017 ave 2017 max 2017 min
Histogram: 1 0 0 0 0 0 0 0 0 0
Neighs:    20354 ave 20354 max 20354 min
Histogram: 1 0 0 0 0 0 0 0 0 0

Total # of neighbors = 20354
Ave neighs/atom = 15.2923
Neighbor list builds = 2500
Dangerous builds not checked

write_restart lattice_11_11_11__2_2_2/sim1/T_1.60__P_0.40/end1.restart
Total wall time: 0:00:21
