run 50000
Neighbor list info ...
  update every 20 steps, delay 0 steps, check no
  max neighbors/atom: 2000, page size: 100000
  master list distance cutoff = 2.8
  ghost atom cutoff = 2.8
  binsize = 1.4, bins = 9 9 9
  1 neighbor lists, perpetual/occasional/extra = 1 0 0
  (1) pair lj/cut, perpetual
      attributes: half, newton on
      pair build: half/bin/atomonly/newton
      stencil: half/bin/3d/newton
      bin: standard
Per MPI rank memory allocation (min/avg/max) = 2.73 | 2.73 | 2.73 Mbytes
Step Temp Press TotEng 
       0          0.7    12.854412     -1.66986 
    1000    1.0039561    1.4084752   -2.9907595 
    2000    0.7127417 -0.021269478   -3.7035601 
    3000   0.66542754  -0.37932474   -3.8623838 
    4000   0.74465447 -0.064117866   -3.6627272 
    5000   0.68680349  -0.19814838   -3.7666772 
    6000   0.66983688  -0.18470048   -3.7961362 
    7000   0.72443394  0.085753169   -3.6726403 
    8000   0.66686654  -0.12554505   -3.7814572 
    9000   0.68851785 -0.086561578   -3.7561225 
   10000   0.73625813  -0.21266099   -3.7036433 
   11000   0.65887946  -0.15153206   -3.7894793 
   12000   0.71384186  -0.13574486   -3.7196965 
   13000   0.70846977 -0.086926358   -3.7254685 
   14000    0.6772504  -0.22029155   -3.7997685 
   15000   0.71262459 -0.068285925   -3.7096873 
   16000   0.70759522  -0.15029439   -3.7429455 
   17000   0.67383645  -0.18112615   -3.7747291 
   18000    0.7300437 -0.096304024   -3.6961615 
   19000   0.68791848   -0.1947779   -3.7673839 
   20000    0.6959017  -0.23053674   -3.7665764 
   21000   0.73309123   -0.1152524   -3.6956464 
   22000   0.69367034  -0.14573523   -3.7855172 
   23000   0.69893883   -0.1355478    -3.751391 
   24000    0.7105209 -0.078827097   -3.7151886 
   25000   0.69497986  -0.26531029   -3.7827644 
   26000   0.70306015 -0.088824202   -3.7398624 
   27000   0.68335639  0.051396444   -3.7214455 
   28000   0.68716187  -0.27564761   -3.7939145 
   29000   0.72369688 -0.029918206    -3.711826 
   30000   0.68623918  -0.14839853   -3.7469312 
   31000   0.68278992  -0.17845303   -3.7722587 
   32000   0.70606292   0.09755613   -3.6989508 
   33000   0.70291784  -0.22260942   -3.7582071 
   34000    0.7002639  -0.14341161   -3.7495637 
   35000   0.74060959  0.022518378   -3.6461611 
   36000   0.69939684 -0.069253781    -3.729313 
   37000   0.68355785  -0.12217265   -3.7614699 
   38000   0.72728585  -0.13981373   -3.6944145 
   39000   0.69289945  -0.32120054   -3.7814339 
   40000   0.71191845 -0.090748704   -3.7204401 
   41000   0.68274877  -0.27466773   -3.7836676 
   42000   0.70055297  -0.33052874   -3.7724278 
   43000   0.69935937  -0.02379256   -3.7274149 
   44000   0.71435312  -0.26539208   -3.7580518 
   45000   0.69117725 -0.078631578   -3.7665916 
   46000   0.71695946  -0.17805941   -3.7290131 
   47000   0.70849878  -0.22189841   -3.7474413 
   48000   0.69907234 -0.087103227   -3.7313896 
   49000   0.72376554 -0.042029638   -3.6833083 
   50000   0.70321849  -0.35132069   -3.7656942 
Loop time of 33.5918 on 1 procs for 50000 steps with 1331 atoms

Performance: 514411.732 tau/day, 1488.460 timesteps/s
99.9% CPU use with 1 MPI tasks x no OpenMP threads

MPI task timing breakdown:
Section |  min time  |  avg time  |  max time  |%varavg| %total
---------------------------------------------------------------
Pair    | 27.541     | 27.541     | 27.541     |   0.0 | 81.99
Neigh   | 4.3595     | 4.3595     | 4.3595     |   0.0 | 12.98
Comm    | 0.68369    | 0.68369    | 0.68369    |   0.0 |  2.04
Output  | 0.025664   | 0.025664   | 0.025664   |   0.0 |  0.08
Modify  | 0.84923    | 0.84923    | 0.84923    |   0.0 |  2.53
Other   |            | 0.1323     |            |       |  0.39

Nlocal:    1331 ave 1331 max 1331 min
Histogram: 1 0 0 0 0 0 0 0 0 0
Nghost:    2852 ave 2852 max 2852 min
Histogram: 1 0 0 0 0 0 0 0 0 0
Neighs:    45643 ave 45643 max 45643 min
Histogram: 1 0 0 0 0 0 0 0 0 0

Total # of neighbors = 45643
Ave neighs/atom = 34.2923
Neighbor list builds = 2500
Dangerous builds not checked

write_restart NVT/sim1/T_0.70__v_1.00/end1.restart
Total wall time: 0:00:33
