run 50000
Neighbor list info ...
  update every 20 steps, delay 0 steps, check no
  max neighbors/atom: 2000, page size: 100000
  master list distance cutoff = 2.8
  ghost atom cutoff = 2.8
  binsize = 1.4, bins = 16 16 16
  1 neighbor lists, perpetual/occasional/extra = 1 0 0
  (1) pair lj/cut, perpetual
      attributes: half, newton on
      pair build: half/bin/atomonly/newton
      stencil: half/bin/3d/newton
      bin: standard
Per MPI rank memory allocation (min/avg/max) = 2.7 | 2.7 | 2.7 Mbytes
Step Temp Press Volume Density PotEng KinEng TotEng 
       0          0.6  0.029533495        10648        0.125  -0.13561964   0.89932382   0.76370418 
    1000    1.1048675   0.13445457    5940.2681   0.22406396   -1.4282402    1.6560561   0.22781581 
    2000   0.90591955 -0.010300798    3962.6585   0.33588562   -2.2184389    1.3578584  -0.86058055 
    3000   0.85007309 -0.094604063    2808.7966   0.47386842   -3.1999155    1.2741516   -1.9257638 
    4000   0.77030926  -0.13291179    2099.5257    0.6339527   -4.0403361    1.1545958   -2.8857403 
    5000   0.75625874   0.33384196    1698.5861   0.78359288   -4.8269469    1.1335358   -3.6934111 
    6000   0.65193642   0.62771464     1562.597   0.85178711   -5.2914926   0.97716992   -4.3143227 
    7000    0.5876893   0.74110005    1507.9815   0.88263682   -5.5542642   0.88087164   -4.6733926 
    8000   0.58174436   0.73217277     1493.003   0.89149182   -5.6278509   0.87196094     -4.75589 
    9000   0.60744947   0.71347702    1514.7453   0.87869555   -5.5196813   0.91048963   -4.6091917 
   10000   0.62888753   0.68231639    1526.3048   0.87204074   -5.4661713   0.94262256   -4.5235487 
   11000   0.59473238    0.5712243    1516.9886   0.87739618   -5.5268055   0.89142832   -4.6353772 
   12000   0.59510496   0.58463058    1507.2586   0.88306017   -5.5756664   0.89198677   -4.6836796 
   13000   0.59974099   0.63907645    1517.2183   0.87726335   -5.5152432    0.8989356   -4.6163076 
   14000   0.60563844    0.6375767    1524.3994   0.87313073    -5.482127   0.90777513   -4.5743519 
   15000   0.58298073   0.69796987    1515.1023   0.87848854   -5.5164727   0.87381409   -4.6426587 
   16000   0.59984917   0.64743103    1510.8117   0.88098337   -5.5496873   0.89909775   -4.6505896 
   17000   0.61718261   0.74289915     1517.187   0.87728142   -5.5014917   0.92507836   -4.5764133 
   18000   0.59951381   0.48368014    1522.6806   0.87411632   -5.5125184   0.89859508   -4.6139233 
   19000   0.57519278   0.61838748    1515.1951    0.8784347   -5.5245795   0.86214094   -4.6624385 
   20000   0.59955211   0.79935081    1512.5316   0.87998164   -5.5117649   0.89865249   -4.6131124 
   21000   0.61615552    0.8913046    1515.3554   0.87834179   -5.4743335    0.9235389   -4.5507946 
   22000   0.60849121    0.6636533    1513.9335   0.87916676   -5.5289444   0.91205107   -4.6168934 
   23000   0.58124914   0.68441561    1509.1843   0.88193337   -5.5486124   0.87121866   -4.6773938 
   24000   0.60024629   0.53725266    1524.4156   0.87312145   -5.4963048   0.89969297   -4.5966119 
   25000    0.6182494   0.82653897    1519.6857   0.87583902   -5.4711753   0.92667735    -4.544498 
   26000   0.61989121   0.70491634    1506.5507   0.88347509   -5.5619726   0.92913821   -4.6328344 
   27000   0.59154775    0.4497921    1508.2811   0.88246152   -5.5974274   0.88665496   -4.7107725 
   28000   0.61184518   0.59972608    1515.3976   0.87831734   -5.5310694   0.91707824   -4.6139911 
   29000   0.60849696   0.74546802    1524.6314   0.87299789   -5.4588903   0.91205969   -4.5468306 
   30000   0.60119486   0.84232714    1511.0737   0.88083061   -5.5114966   0.90111477   -4.6103819 
   31000   0.59325703   0.80802751    1504.6317   0.88460189   -5.5568224   0.88921696   -4.6676055 
   32000   0.59438295   0.81688707    1509.7456   0.88160549   -5.5264537   0.89090458   -4.6355491 
   33000   0.58702116   0.61987495    1519.1208   0.87616469   -5.5107141   0.87987018   -4.6308439 
   34000   0.60541882   0.96769399    1502.5912   0.88580315   -5.5311868   0.90744594   -4.6237409 
   35000   0.61311905   0.82351655    1507.2869   0.88304354   -5.5338892   0.91898761   -4.6149016 
   36000   0.56597307   0.84822486    1513.0311   0.87969111   -5.4948449   0.84832178   -4.6465231 
   37000   0.59887572   0.67507658    1518.3147   0.87662985   -5.5042349   0.89763866   -4.6065963 
   38000   0.60819971   0.52873643    1527.3778   0.87142815      -5.4843   0.91161414   -4.5726859 
   39000    0.6165264   0.65990374    1511.4068   0.88063648   -5.5420552   0.92409479   -4.6179604 
   40000   0.59089474   0.74189345    1503.2115   0.88543759    -5.566288   0.88567618   -4.6806118 
   41000   0.60489016   0.65588468    1511.6708   0.88048274   -5.5518558   0.90665355   -4.6452022 
   42000   0.59139702   0.65257008    1523.8684   0.87343499   -5.4682487   0.88642904   -4.5818197 
   43000   0.62594808   0.72118331    1516.0415   0.87794429   -5.5208184   0.93821669   -4.5826018 
   44000   0.60742163   0.66154095    1511.9613   0.88031352   -5.5398554    0.9104479   -4.6294075 
   45000   0.59250712   0.53192403    1522.3629   0.87429874   -5.5137994   0.88809294   -4.6257065 
   46000   0.56708211   0.66230552    1520.1605   0.87556543   -5.4901284   0.84998408   -4.6401443 
   47000   0.61177525   0.75522655     1514.907   0.87860181    -5.504435   0.91697342   -4.5874616 
   48000   0.60225882   0.72856983     1517.148   0.87730399   -5.4968046   0.90270951   -4.5940951 
   49000   0.57268147   0.57066936    1520.8762   0.87515339   -5.5124759    0.8583768   -4.6540991 
   50000   0.57959682   0.94563229    1513.9338    0.8791666   -5.4644559   0.86874204   -4.5957139 
Loop time of 38.6315 on 1 procs for 50000 steps with 1331 atoms

Performance: 447303.756 tau/day, 1294.282 timesteps/s
100.0% CPU use with 1 MPI tasks x no OpenMP threads

MPI task timing breakdown:
Section |  min time  |  avg time  |  max time  |%varavg| %total
---------------------------------------------------------------
Pair    | 31.122     | 31.122     | 31.122     |   0.0 | 80.56
Neigh   | 4.5243     | 4.5243     | 4.5243     |   0.0 | 11.71
Comm    | 0.71659    | 0.71659    | 0.71659    |   0.0 |  1.85
Output  | 0.023543   | 0.023543   | 0.023543   |   0.0 |  0.06
Modify  | 2.0305     | 2.0305     | 2.0305     |   0.0 |  5.26
Other   |            | 0.215      |            |       |  0.56

Nlocal:    1331 ave 1331 max 1331 min
Histogram: 1 0 0 0 0 0 0 0 0 0
Nghost:    3087 ave 3087 max 3087 min
Histogram: 1 0 0 0 0 0 0 0 0 0
Neighs:    51928 ave 51928 max 51928 min
Histogram: 1 0 0 0 0 0 0 0 0 0

Total # of neighbors = 51928
Ave neighs/atom = 39.0143
Neighbor list builds = 2500
Dangerous builds not checked

write_restart lattice_11_11_11__2_2_2/sim1/T_0.60__P_0.70/end1.restart
Total wall time: 0:00:38
