run 50000
Neighbor list info ...
  update every 20 steps, delay 0 steps, check no
  max neighbors/atom: 2000, page size: 100000
  master list distance cutoff = 2.8
  ghost atom cutoff = 2.8
  binsize = 1.4, bins = 16 16 16
  1 neighbor lists, perpetual/occasional/extra = 1 0 0
  (1) pair lj/cut, perpetual
      attributes: half, newton on
      pair build: half/bin/atomonly/newton
      stencil: half/bin/3d/newton
      bin: standard
Per MPI rank memory allocation (min/avg/max) = 2.711 | 2.711 | 2.711 Mbytes
Step Temp Press TotEng 
       0          1.8   0.18993785    2.5031899 
    1000     1.859073   0.23669068    1.9924374 
    2000    1.7541495   0.24490239    1.7972957 
    3000    1.8845578   0.22711109    1.9675187 
    4000    1.7499688   0.21884211    1.8107948 
    5000    1.8381371   0.23911273    1.9669385 
    6000    1.7657017   0.21748619     1.783448 
    7000    1.7834224   0.23751919     1.841337 
    8000    1.8412495   0.23696548    1.9570764 
    9000    1.7284058   0.20847093    1.7682331 
   10000    1.8192019   0.24072982    1.9219803 
   11000    1.7591036   0.22022285    1.8459891 
   12000     1.760335    0.2281008    1.8152953 
   13000    1.8318186   0.22712966    1.9426674 
   14000    1.7363986   0.19524373    1.7680067 
   15000    1.8563884   0.22275316    1.9828397 
   16000    1.7526556   0.21957104    1.8209314 
   17000    1.8645851   0.24241015    1.9674341 
   18000    1.7523945   0.21331063    1.7939592 
   19000    1.8108618   0.22331154    1.9021178 
   20000    1.7973616   0.22710628    1.8596371 
   21000    1.7753287   0.21646055    1.8739889 
   22000    1.7919395   0.22341411    1.8793613 
   23000    1.7751651   0.23336728    1.8624429 
   24000    1.8328013   0.24142162    1.9446092 
   25000    1.7915746   0.22307359    1.8539775 
   26000    1.8078649   0.24227281    1.9131124 
   27000    1.7659683   0.24119826    1.8527911 
   28000    1.8100766   0.24046902    1.9014514 
   29000    1.8391494   0.24711067    1.9097423 
   30000    1.7883016   0.20327946      1.85693 
   31000    1.8606266   0.25784095     2.003152 
   32000    1.7694544   0.21096787    1.7979584 
   33000    1.8083959   0.27222096    1.9237957 
   34000    1.7548622   0.22060263      1.83144 
   35000    1.7708336   0.22540277    1.8413955 
   36000    1.7984147   0.23718015    1.9058956 
   37000    1.7189573   0.24150074    1.7503106 
   38000    1.8234534   0.22477381    1.9016985 
   39000    1.7928923   0.22965736    1.8515584 
   40000    1.8171101    0.2369446    1.8859888 
   41000    1.8216234   0.22083068    1.9141205 
   42000    1.7720731   0.27557484    1.8670833 
   43000    1.8160909   0.22225129    1.9045285 
   44000    1.7538031   0.21180253    1.7829519 
   45000    1.8462575   0.24191007    1.9469877 
   46000    1.7644862    0.2257185    1.8035399 
   47000    1.7796668   0.25417142     1.850386 
   48000     1.807305   0.23981507    1.8907246 
   49000    1.7797675    0.2225523    1.8421239 
   50000    1.8342397   0.26324926    1.9722704 
Loop time of 9.51171 on 1 procs for 50000 steps with 1331 atoms

Performance: 1816707.781 tau/day, 5256.678 timesteps/s
99.8% CPU use with 1 MPI tasks x no OpenMP threads

MPI task timing breakdown:
Section |  min time  |  avg time  |  max time  |%varavg| %total
---------------------------------------------------------------
Pair    | 6.1322     | 6.1322     | 6.1322     |   0.0 | 64.47
Neigh   | 2.0441     | 2.0441     | 2.0441     |   0.0 | 21.49
Comm    | 0.37854    | 0.37854    | 0.37854    |   0.0 |  3.98
Output  | 0.022299   | 0.022299   | 0.022299   |   0.0 |  0.23
Modify  | 0.8396     | 0.8396     | 0.8396     |   0.0 |  8.83
Other   |            | 0.0949     |            |       |  1.00

Nlocal:    1331 ave 1331 max 1331 min
Histogram: 1 0 0 0 0 0 0 0 0 0
Nghost:    1400 ave 1400 max 1400 min
Histogram: 1 0 0 0 0 0 0 0 0 0
Neighs:    8790 ave 8790 max 8790 min
Histogram: 1 0 0 0 0 0 0 0 0 0

Total # of neighbors = 8790
Ave neighs/atom = 6.60406
Neighbor list builds = 2500
Dangerous builds not checked

write_restart NVT/sim1/T_1.80__v_6.86/end1.restart
Total wall time: 0:00:09
