run 50000
Neighbor list info ...
  update every 20 steps, delay 0 steps, check no
  max neighbors/atom: 2000, page size: 100000
  master list distance cutoff = 2.8
  ghost atom cutoff = 2.8
  binsize = 1.4, bins = 8 8 8
  1 neighbor lists, perpetual/occasional/extra = 1 0 0
  (1) pair lj/cut, perpetual
      attributes: half, newton on
      pair build: half/bin/atomonly/newton
      stencil: half/bin/3d/newton
      bin: standard
Per MPI rank memory allocation (min/avg/max) = 2.797 | 2.797 | 2.797 Mbytes
Step Temp Press TotEng 
       0          0.3    105.08048    13.566554 
    1000    1.1110213    10.563309   -3.2704497 
    2000   0.42807606    3.7860095   -5.4557249 
    3000   0.26561235    2.0601098   -5.9857612 
    4000    0.2755863    2.0454514   -5.9794529 
    5000   0.33606765     2.463197   -5.8206791 
    6000   0.27831056    1.9817959   -5.9854983 
    7000     0.280483    1.9072968   -5.9942332 
    8000   0.32575663    2.2646877    -5.867448 
    9000   0.29669679    1.9139514   -5.9729978 
   10000   0.27540364     1.893594   -6.0031844 
   11000   0.31921289     2.167234     -5.89448 
   12000   0.29580969    1.9561413   -5.9665472 
   13000   0.28732841    1.7795069   -6.0094946 
   14000   0.30662051    2.1297536   -5.9161504 
   15000   0.30577574    1.9017109   -5.9595189 
   16000   0.28084978    1.8081313    -6.012122 
   17000    0.3124123    1.9937005   -5.9342244 
   18000   0.29584204    1.9543486    -5.963194 
   19000   0.28490377    1.6937103   -6.0270823 
   20000   0.30965018    1.8610857   -5.9641305 
   21000   0.30695146    1.6437914   -6.0039949 
   22000   0.28090705    1.4345074   -6.0765432 
   23000   0.32823964    1.3522979   -6.0324812 
   24000   0.30739886    1.0424923   -6.1202866 
   25000   0.29903857   0.23605801   -6.2849142 
   26000   0.28051048  -0.16263714   -6.3777615 
   27000   0.30482671   0.16342503   -6.2884824 
   28000   0.30335051   0.19684684   -6.2899495 
   29000   0.28383474   -0.1124623   -6.3756583 
   30000   0.30448172  0.094728828   -6.3028322 
   31000   0.30687263   0.19963493   -6.2825574 
   32000   0.29200103  -0.17528973   -6.3718095 
   33000   0.29605878   0.10395399   -6.3121013 
   34000   0.32428248  0.094812943   -6.2771795 
   35000   0.27781561 -0.071486976   -6.3657348 
   36000   0.29726621 -0.0081869717   -6.3255911 
   37000   0.31000326   0.11749822   -6.2794613 
   38000   0.28141595 -0.084786067   -6.3568627 
   39000   0.29651077 -0.060801984    -6.331406 
   40000   0.31647737  0.066533257   -6.2803561 
   41000   0.28790367  -0.23253434   -6.3692278 
   42000   0.29537677  -0.34012578   -6.3764817 
   43000     0.314348  -0.09475099   -6.3049797 
   44000    0.2908726  -0.23312426    -6.363985 
   45000   0.28893528  -0.31559839   -6.3802119 
   46000   0.31478118  -0.12557362   -6.3101464 
   47000   0.29733062  -0.26068811   -6.3579083 
   48000   0.28231463  -0.27074646   -6.3813039 
   49000   0.30979574  -0.11119261   -6.3146782 
   50000   0.29759174  -0.22104605   -6.3518578 
Loop time of 50.8545 on 1 procs for 50000 steps with 1331 atoms

Performance: 339792.805 tau/day, 983.197 timesteps/s
99.7% CPU use with 1 MPI tasks x no OpenMP threads

MPI task timing breakdown:
Section |  min time  |  avg time  |  max time  |%varavg| %total
---------------------------------------------------------------
Pair    | 42.313     | 42.313     | 42.313     |   0.0 | 83.20
Neigh   | 6.1486     | 6.1486     | 6.1486     |   0.0 | 12.09
Comm    | 0.97159    | 0.97159    | 0.97159    |   0.0 |  1.91
Output  | 0.026432   | 0.026432   | 0.026432   |   0.0 |  0.05
Modify  | 1.1513     | 1.1513     | 1.1513     |   0.0 |  2.26
Other   |            | 0.2437     |            |       |  0.48

Nlocal:    1331 ave 1331 max 1331 min
Histogram: 1 0 0 0 0 0 0 0 0 0
Nghost:    3247 ave 3247 max 3247 min
Histogram: 1 0 0 0 0 0 0 0 0 0
Neighs:    56984 ave 56984 max 56984 min
Histogram: 1 0 0 0 0 0 0 0 0 0

Total # of neighbors = 56984
Ave neighs/atom = 42.8129
Neighbor list builds = 2500
Dangerous builds not checked

write_restart NVT/sim1/T_0.30__v_0.73/end1.restart
Total wall time: 0:00:50
