run 50000
Neighbor list info ...
  update every 20 steps, delay 0 steps, check no
  max neighbors/atom: 2000, page size: 100000
  master list distance cutoff = 2.8
  ghost atom cutoff = 2.8
  binsize = 1.4, bins = 16 16 16
  1 neighbor lists, perpetual/occasional/extra = 1 0 0
  (1) pair lj/cut, perpetual
      attributes: half, newton on
      pair build: half/bin/atomonly/newton
      stencil: half/bin/3d/newton
      bin: standard
Per MPI rank memory allocation (min/avg/max) = 2.7 | 2.7 | 2.7 Mbytes
Step Temp Press TotEng 
       0          0.5  0.017042887   0.61381687 
    1000    0.7358243  0.020716818   0.13037022 
    2000   0.62476681 -0.0066151134  -0.43394926 
    3000   0.60596529 0.0049498933  -0.92782503 
    4000   0.60646507 -0.011313337   -1.4029855 
    5000   0.59046607 -0.001243039   -1.8961646 
    6000   0.55358607 -0.015319867   -2.3239228 
    7000   0.54695673 0.0051672038   -2.6856285 
    8000   0.52725767  0.011806807    -2.981394 
    9000   0.49879893 -0.0019131941   -3.1708471 
   10000   0.49904501 -0.011402292   -3.2693458 
   11000   0.50288142 -0.012674764   -3.3674641 
   12000   0.49880652  0.020224951   -3.4925868 
   13000   0.48984172 -0.013253552    -3.588002 
   14000   0.51479957 -0.012974079   -3.5982945 
   15000   0.50302964 -0.0051128751   -3.6019753 
   16000   0.49524995 -0.0035778985   -3.6375173 
   17000   0.48563725  0.017060195   -3.6344371 
   18000   0.50055247 -0.016668457   -3.6324927 
   19000   0.49934102 -0.010558531   -3.6632619 
   20000   0.49247267 -0.0032609121    -3.669154 
   21000   0.50844928 -0.0028274719   -3.6138972 
   22000   0.49600051  0.031252809    -3.603814 
   23000    0.5134039 -0.0052117533   -3.6600577 
   24000   0.50646995  0.054401678   -3.6979572 
   25000   0.50910448  0.021086314   -3.6600889 
   26000   0.50472375  0.019105123   -3.5915067 
   27000   0.51441084 -0.002110726   -3.6222317 
   28000   0.49577607 -0.0017157019   -3.6987872 
   29000   0.49291452  0.016470594   -3.6890386 
   30000   0.51673155 -0.0055497396   -3.6419386 
   31000    0.5047961 -0.024284751   -3.7057806 
   32000    0.4951937 -0.013247057   -3.7656373 
   33000   0.49373269  -0.01257882   -3.7972074 
   34000   0.48039968 -0.023192821   -3.8552626 
   35000    0.4884583 0.0052459532   -3.8158607 
   36000   0.51093809  0.012658939   -3.8041001 
   37000   0.49467724 0.0083406569   -3.8292173 
   38000   0.50109584 -0.0093867446   -3.7662523 
   39000   0.50117574 -0.0086542741   -3.7926597 
   40000   0.50906526  0.027116949   -3.8287773 
   41000   0.49268983 0.00084786556   -3.8266934 
   42000   0.50498648  0.019095437   -3.7789345 
   43000   0.50800479  0.021496672   -3.8127717 
   44000   0.49005715 -0.00076784914   -3.8423047 
   45000   0.50750899 -0.023110033   -3.8007868 
   46000   0.48644576  0.018241697   -3.8439879 
   47000   0.49985955  0.019949282   -3.8687796 
   48000    0.5013047  0.023200907   -3.8370674 
   49000   0.50944303 0.0096354275   -3.8074822 
   50000   0.49071312  0.021159481    -3.857821 
Loop time of 23.7707 on 1 procs for 50000 steps with 1331 atoms

Performance: 726946.574 tau/day, 2103.433 timesteps/s
99.9% CPU use with 1 MPI tasks x no OpenMP threads

MPI task timing breakdown:
Section |  min time  |  avg time  |  max time  |%varavg| %total
---------------------------------------------------------------
Pair    | 19.049     | 19.049     | 19.049     |   0.0 | 80.14
Neigh   | 3.1283     | 3.1283     | 3.1283     |   0.0 | 13.16
Comm    | 0.58414    | 0.58414    | 0.58414    |   0.0 |  2.46
Output  | 0.023483   | 0.023483   | 0.023483   |   0.0 |  0.10
Modify  | 0.86126    | 0.86126    | 0.86126    |   0.0 |  3.62
Other   |            | 0.1244     |            |       |  0.52

Nlocal:    1331 ave 1331 max 1331 min
Histogram: 1 0 0 0 0 0 0 0 0 0
Nghost:    3009 ave 3009 max 3009 min
Histogram: 1 0 0 0 0 0 0 0 0 0
Neighs:    37595 ave 37595 max 37595 min
Histogram: 1 0 0 0 0 0 0 0 0 0

Total # of neighbors = 37595
Ave neighs/atom = 28.2457
Neighbor list builds = 2500
Dangerous builds not checked

write_restart NVT/sim1/T_0.50__v_8.00/end1.restart
Total wall time: 0:00:23
