run 50000
Neighbor list info ...
  update every 20 steps, delay 0 steps, check no
  max neighbors/atom: 2000, page size: 100000
  master list distance cutoff = 2.8
  ghost atom cutoff = 2.8
  binsize = 1.4, bins = 16 16 16
  1 neighbor lists, perpetual/occasional/extra = 1 0 0
  (1) pair lj/cut, perpetual
      attributes: half, newton on
      pair build: half/bin/atomonly/newton
      stencil: half/bin/3d/newton
      bin: standard
Per MPI rank memory allocation (min/avg/max) = 2.7 | 2.7 | 2.7 Mbytes
Step Temp Press Volume Density PotEng KinEng TotEng 
       0          0.4  0.004552278        10648        0.125  -0.13561964   0.59954921   0.46392957 
    1000    1.1022501  0.080898471    3931.2568   0.33856857    -2.082364    1.6521329  -0.43023105 
    2000   0.93017652  0.093957598    2204.4736   0.60377224    -3.654737    1.3942165   -2.2605205 
    3000   0.78794088    1.4644167    1592.6344   0.83572226   -5.0070625    1.1810233   -3.8260392 
    4000   0.57956677    1.5844411     1446.278   0.92029331   -5.7253617     0.868697   -4.8566647 
    5000   0.43127351    1.7807486    1383.9916   0.96171106    -6.075427   0.64642423   -5.4290027 
    6000   0.37554703    1.7936436    1362.1099   0.97716053    -6.226022   0.56289731   -5.6631247 
    7000   0.39529646    1.8251504    1365.5031   0.97473234   -6.1897923    0.5924992   -5.5972931 
    8000   0.43380844    1.6990972    1372.3196    0.9698907   -6.1702006   0.65022376   -5.5199768 
    9000   0.38693462    1.8251807    1360.3638   0.97841474   -6.2270189   0.57996587   -5.6470531 
   10000   0.38002156    1.7413898     1361.053   0.97791927   -6.2352644   0.56960407   -5.6656603 
   11000    0.4350743    1.7231739    1368.1885   0.97281914   -6.1976873   0.65212113   -5.5455662 
   12000   0.40884554    1.7004477    1364.4823   0.97546153   -6.2188161   0.61280756   -5.6060085 
   13000   0.38157764    1.7022031    1358.8329   0.97951706   -6.2581746   0.57193643   -5.6862382 
   14000   0.40387722    1.8996015    1362.3149   0.97701347     -6.19929   0.60536068   -5.5939293 
   15000   0.42098363    1.6842898    1365.9284   0.97442882   -6.2189716   0.63100101   -5.5879706 
   16000   0.37551465    1.7111114    1359.4976   0.97903813   -6.2485762   0.56284878   -5.6857274 
   17000   0.39912893     1.919914    1354.9107   0.98235254   -6.2470764   0.59824359   -5.6488329 
   18000   0.41229473    1.7555388    1364.8194   0.97522061   -6.2084669   0.61797744   -5.5904894 
   19000   0.40292496    1.6847625    1360.1879   0.97854125   -6.2528875   0.60393336   -5.6489542 
   20000   0.39114593    2.0435738    1350.6939   0.98541942   -6.2596732   0.58627809   -5.6733951 
   21000   0.40322413    1.6960311    1365.5385   0.97470704   -6.2193693   0.60438177   -5.6149875 
   22000    0.4021784    1.8469984    1362.2116   0.97708753   -6.2129148   0.60281436   -5.6101005 
   23000   0.38197069    1.8973041    1355.2253   0.98212454   -6.2477657   0.57252557   -5.6752402 
   24000   0.39772288    1.6866106    1361.8985   0.97731217   -6.2418093    0.5961361   -5.6456732 
   25000   0.41101251    1.9166758    1359.0867   0.97933413   -6.2244928   0.61605556   -5.6084373 
   26000   0.38887833    1.7611844    1358.2969   0.97990357    -6.255205   0.58287925   -5.6723257 
   27000   0.40450988    1.7242658    1357.9624   0.98014497   -6.2624382   0.60630894   -5.6561292 
   28000   0.41917114    1.8573381     1360.159   0.97856205   -6.2261836   0.62828431   -5.5978993 
   29000   0.39445711    1.5569133     1364.299    0.9755926   -6.2491321   0.59124113   -5.6578909 
   30000   0.39829803    1.9902156    1349.1889   0.98651866   -6.2769722   0.59699817    -5.679974 
   31000   0.40293856    1.8353759    1358.5496   0.97972129    -6.241403   0.60395373   -5.6374492 
   32000   0.40124715    1.8567601    1358.2266    0.9799543   -6.2377918   0.60141853   -5.6363733 
   33000   0.38952863    1.9461401    1351.9453   0.98450729   -6.2662601   0.58385396   -5.6824061 
   34000   0.39314776    1.7637213    1357.7645   0.98028779   -6.2605233   0.58927858   -5.6712447 
   35000   0.41985659    1.8389868    1355.4972   0.98192748   -6.2674381   0.62931172   -5.6381264 
   36000   0.40040142    1.7340175     1355.511   0.98191754   -6.2819365   0.60015089   -5.6817856 
   37000   0.39349495    1.7180048    1354.9643   0.98231371   -6.2855069   0.58979897   -5.6957079 
   38000     0.409477    2.0112993     1350.737   0.98538794   -6.2652775   0.61375403   -5.6515235 
   39000   0.39641838    1.5413152    1360.5414   0.97828702   -6.2761639   0.59418081   -5.6819831 
   40000    0.3904179    1.9641525    1350.1205   0.98583796   -6.2777721   0.58518686   -5.6925852 
   41000   0.40192444    1.8512244    1352.8317   0.98386223   -6.2734275   0.60243371   -5.6709938 
   42000   0.39914811    1.7034171    1358.3288   0.97988054   -6.2642162   0.59827233   -5.6659439 
   43000   0.40684738    1.8388843    1350.7578   0.98537283   -6.3027607   0.60981257   -5.6929481 
   44000   0.39429715    1.7722748    1352.7273   0.98393818   -6.2916282   0.59100136   -5.7006268 
   45000   0.40650374    1.6618352    1355.9724   0.98158341   -6.2864747    0.6092975   -5.6771772 
   46000   0.40921837    1.9377266    1345.5769   0.98916682   -6.3142591   0.61336637   -5.7008927 
   47000   0.38958055    1.6733232    1347.4355   0.98780241   -6.3463639   0.58393179   -5.7624321 
   48000    0.3986653    1.6991545    1347.4709   0.98777644   -6.3499174   0.59754866   -5.7523687 
   49000   0.41347109     1.968685     1340.656   0.99279752   -6.3526369   0.61974066   -5.7328963 
   50000   0.39984986    1.7207698    1342.2547   0.99161506   -6.3873919   0.59932417   -5.7880677 
Loop time of 43.5103 on 1 procs for 50000 steps with 1331 atoms

Performance: 397147.698 tau/day, 1149.154 timesteps/s
100.0% CPU use with 1 MPI tasks x no OpenMP threads

MPI task timing breakdown:
Section |  min time  |  avg time  |  max time  |%varavg| %total
---------------------------------------------------------------
Pair    | 35.311     | 35.311     | 35.311     |   0.0 | 81.15
Neigh   | 5.1306     | 5.1306     | 5.1306     |   0.0 | 11.79
Comm    | 0.75265    | 0.75265    | 0.75265    |   0.0 |  1.73
Output  | 0.025788   | 0.025788   | 0.025788   |   0.0 |  0.06
Modify  | 2.0605     | 2.0605     | 2.0605     |   0.0 |  4.74
Other   |            | 0.23       |            |       |  0.53

Nlocal:    1331 ave 1331 max 1331 min
Histogram: 1 0 0 0 0 0 0 0 0 0
Nghost:    3222 ave 3222 max 3222 min
Histogram: 1 0 0 0 0 0 0 0 0 0
Neighs:    58485 ave 58485 max 58485 min
Histogram: 1 0 0 0 0 0 0 0 0 0

Total # of neighbors = 58485
Ave neighs/atom = 43.9406
Neighbor list builds = 2500
Dangerous builds not checked

write_restart lattice_11_11_11__2_2_2/sim1/T_0.40__P_1.80/end1.restart
Total wall time: 0:00:43
