run 50000
Neighbor list info ...
  update every 20 steps, delay 0 steps, check no
  max neighbors/atom: 2000, page size: 100000
  master list distance cutoff = 2.8
  ghost atom cutoff = 2.8
  binsize = 1.4, bins = 16 16 16
  1 neighbor lists, perpetual/occasional/extra = 1 0 0
  (1) pair lj/cut, perpetual
      attributes: half, newton on
      pair build: half/bin/atomonly/newton
      stencil: half/bin/3d/newton
      bin: standard
Per MPI rank memory allocation (min/avg/max) = 2.7 | 2.7 | 2.7 Mbytes
Step Temp Press Volume Density PotEng KinEng TotEng 
       0          1.9   0.19191141        10648        0.125  -0.13561964    2.8478588    2.7122391 
    1000    2.2614924   0.31780021    8129.0042   0.16373469  -0.87091119    3.3896899    2.5187787 
    2000    1.9994947   0.37558006     6716.836   0.19815878   -1.0577539    2.9969886    1.9392347 
    3000    1.9159678   0.42425429    5730.3064   0.23227379   -1.2615033    2.8717925    1.6102891 
    4000    1.9282508   0.48174554    5063.9566   0.26283795   -1.4202411    2.8902032    1.4699621 
    5000    1.8785069    0.4893408     4625.184   0.28777233   -1.5156226    2.8156433    1.3000207 
    6000    1.9008093   0.57455066    4327.4025   0.30757481   -1.6783946    2.8490717    1.1706772 
    7000    1.8794049   0.58698191    4152.5449   0.32052634   -1.7144356    2.8169893    1.1025537 
    8000     1.893539   0.56257461     4076.928    0.3264713   -1.7417711    2.8381745    1.0964035 
    9000     1.885391   0.51063611     4018.277    0.3312365   -1.7899463    2.8259617    1.0360154 
   10000    1.9225182   0.64303747    3981.3894   0.33430541   -1.7869834    2.8816106    1.0946272 
   11000    1.8825331   0.64091296    4013.2215   0.33165376   -1.7894777    2.8216781    1.0322003 
   12000    1.8857413   0.55236364    4107.3493   0.32405328   -1.7185078    2.8264868     1.107979 
   13000    1.8413246   0.56559176    4049.1902    0.3287077   -1.7686864    2.7599118   0.99122541 
   14000    1.9260656   0.65952524    3976.1868   0.33474282   -1.8033011    2.8869278    1.0836267 
   15000    1.8867547   0.53657076    3962.0285   0.33593903   -1.8093213    2.8280057    1.0186845 
   16000     1.897104   0.55721829    4053.8208   0.32833222   -1.7785673     2.843518    1.0649507 
   17000    1.9303442   0.54250896     4035.269    0.3298417    -1.786243    2.8933408    1.1070978 
   18000    1.9138875   0.52283036     4114.771   0.32346879   -1.7405964    2.8686743    1.1280779 
   19000    1.9197734   0.61520538    4026.2024   0.33058448   -1.7735096    2.8774965    1.1039869 
   20000    1.8361941   0.58484884    3966.6331   0.33554906   -1.7934258    2.7522218   0.95879604 
   21000    1.9052744   0.67364069     3900.211   0.34126358   -1.8075318    2.8557644    1.0482326 
   22000     1.921837   0.59047524    4139.1831   0.32156104    -1.719328    2.8805896    1.1612617 
   23000    1.9433069   0.63177471    4186.9494   0.31789255   -1.6786364    2.9127703    1.2341339 
   24000    1.9278566   0.58657714     4028.076   0.33043071   -1.8340139    2.8896123    1.0555984 
   25000    1.9112436    0.5645675    3882.2232   0.34284479   -1.8697324    2.8647115   0.99497906 
   26000     1.916985   0.63907102    3888.7899   0.34226585   -1.8832117    2.8733172   0.99010549 
   27000    1.9189521   0.61582108     4051.975   0.32848179   -1.7761112    2.8762656    1.1001544 
   28000    1.9101236   0.59886058    4193.8677   0.31736814   -1.6905926    2.8630327    1.1724401 
   29000    1.9515765    0.6104692    4212.6184   0.31595551   -1.7174099    2.9251653    1.2077554 
   30000    1.9052217   0.62263934    3965.6219   0.33563462   -1.7819404    2.8556854     1.073745 
   31000    1.8657696   0.62594847    3890.4328   0.34212132   -1.8381663    2.7965517    0.9583854 
   32000    1.9605174   0.66984215    3930.9221    0.3385974   -1.8024028    2.9385667     1.136164 
   33000    1.9063258   0.53415435    4180.9521   0.31834854    -1.749922    2.8573403    1.1074183 
   34000    2.0482137   0.58847918    4162.5543   0.31975559   -1.7443351    3.0700122    1.3256771 
   35000    1.8601489   0.66669351    4180.3354    0.3183955   -1.6571517     2.788127    1.1309753 
   36000    1.8738278   0.51852937    4026.9977   0.33051919    -1.776629    2.8086299    1.0320009 
   37000    1.9135209   0.58239409    3944.1273   0.33746376   -1.8153425    2.8681248    1.0527823 
   38000    1.8592243   0.55479773    3976.8899   0.33468364   -1.8125976    2.7867412   0.97414357 
   39000    1.9981437   0.53369335    3940.8613   0.33774343   -1.8642955    2.9949638    1.1306683 
   40000    1.8355855   0.54939756    4088.5233   0.32554541    -1.752434    2.7513096    0.9988756 
   41000    1.9433045   0.63815322    4057.6406   0.32802314   -1.7510417    2.9127667     1.161725 
   42000    1.8998302   0.52075239    4160.5749   0.31990771   -1.7460361    2.8476042    1.1015681 
   43000    1.9418044   0.57855316    4019.1726   0.33116269   -1.7801182    2.9105182       1.1304 
   44000    1.8947927   0.67864388     3932.182   0.33848891   -1.8154922    2.8400537    1.0245615 
   45000    1.9458298   0.61235182      4002.32   0.33255712   -1.8420615    2.9165519    1.0744903 
   46000    1.8582688   0.52312448    4180.0104   0.31842026   -1.7285995     2.785309    1.0567095 
   47000    1.9980172   0.58886759    4041.7129   0.32931582    -1.801422     2.994774    1.1933521 
   48000    1.9176355   0.59608702     3919.855   0.33955338   -1.8208116    2.8742921    1.0534805 
   49000    1.7989671   0.55182588    3928.0145   0.33884803   -1.7982225    2.6964233   0.89820081 
   50000    1.8879612   0.62678923    3980.7048    0.3343629   -1.7898762    2.8298141    1.0399379 
Loop time of 22.7506 on 1 procs for 50000 steps with 1331 atoms

Performance: 759540.248 tau/day, 2197.744 timesteps/s
99.8% CPU use with 1 MPI tasks x no OpenMP threads

MPI task timing breakdown:
Section |  min time  |  avg time  |  max time  |%varavg| %total
---------------------------------------------------------------
Pair    | 15.942     | 15.942     | 15.942     |   0.0 | 70.07
Neigh   | 3.5482     | 3.5482     | 3.5482     |   0.0 | 15.60
Comm    | 0.64458    | 0.64458    | 0.64458    |   0.0 |  2.83
Output  | 0.026325   | 0.026325   | 0.026325   |   0.0 |  0.12
Modify  | 2.4447     | 2.4447     | 2.4447     |   0.0 | 10.75
Other   |            | 0.1452     |            |       |  0.64

Nlocal:    1331 ave 1331 max 1331 min
Histogram: 1 0 0 0 0 0 0 0 0 0
Nghost:    1967 ave 1967 max 1967 min
Histogram: 1 0 0 0 0 0 0 0 0 0
Neighs:    20348 ave 20348 max 20348 min
Histogram: 1 0 0 0 0 0 0 0 0 0

Total # of neighbors = 20348
Ave neighs/atom = 15.2878
Neighbor list builds = 2500
Dangerous builds not checked

write_restart lattice_11_11_11__2_2_2/sim1/T_1.90__P_0.60/end1.restart
Total wall time: 0:00:22
