run 50000
Neighbor list info ...
  update every 20 steps, delay 0 steps, check no
  max neighbors/atom: 2000, page size: 100000
  master list distance cutoff = 2.8
  ghost atom cutoff = 2.8
  binsize = 1.4, bins = 15 15 15
  1 neighbor lists, perpetual/occasional/extra = 1 0 0
  (1) pair lj/cut, perpetual
      attributes: half, newton on
      pair build: half/bin/atomonly/newton
      stencil: half/bin/3d/newton
      bin: standard
Per MPI rank memory allocation (min/avg/max) = 2.75 | 2.75 | 2.75 Mbytes
Step Temp Press TotEng 
       0          0.4   -0.0394452   0.32041061 
    1000   0.64992426 0.0072484529  -0.34293918 
    2000   0.62833687 -0.0052071191   -1.0780307 
    3000   0.60154912 -0.0089427337   -1.8347113 
    4000   0.56085111 -0.013149441   -2.5484266 
    5000   0.48198651 -0.014430553   -3.1571953 
    6000   0.45173114 -0.004033941   -3.6026897 
    7000   0.40747237 -0.00057159315   -3.9342404 
    8000   0.39383269  0.021287592     -4.13884 
    9000   0.38881015 0.0053154897   -4.2430077 
   10000   0.39179954  0.024972748   -4.2853532 
   11000    0.4166857 -0.030066654   -4.2804529 
   12000   0.41086407  0.020051006   -4.3286354 
   13000   0.38808798 -0.040209831   -4.4276413 
   14000   0.39981071  0.028341476   -4.4466488 
   15000   0.40562994  0.013639736    -4.408851 
   16000   0.39770161 -0.012899561    -4.410569 
   17000   0.38922943 -0.023980242   -4.4792659 
   18000   0.39960835  0.014231713   -4.4997148 
   19000   0.40946984 -5.9167307e-05     -4.44319 
   20000   0.40522452 -0.014908522   -4.4578607 
   21000   0.38257218 0.0092125862   -4.5554654 
   22000   0.39804114 -0.024071583     -4.53293 
   23000   0.40538621  0.025117103   -4.4556538 
   24000   0.41412857 0.0056071678   -4.4694042 
   25000   0.39968793 -0.051885784   -4.5509997 
   26000   0.38788169 -0.026405981   -4.5715993 
   27000   0.39500601 -0.0056092774   -4.5192532 
   28000   0.40183022   0.01760332   -4.5104248 
   29000   0.39794062 0.0058291422   -4.5407923 
   30000   0.40367613   0.02885573   -4.5545854 
   31000   0.40268572  0.010700993   -4.5542147 
   32000   0.40574486   0.01114477   -4.5334592 
   33000   0.39404719  0.012339432   -4.5416947 
   34000   0.38955605 0.0030938369   -4.5336056 
   35000   0.40720894 -0.018991145   -4.5196077 
   36000   0.39491679 -0.0057643264   -4.5671812 
   37000   0.40892564  0.018401694   -4.5781265 
   38000   0.40073976   0.01517157   -4.5689737 
   39000   0.38380543  0.033931377   -4.5746298 
   40000   0.41679114 0.0023462576   -4.5769317 
   41000   0.40046998 -0.021231942   -4.5965841 
   42000    0.4051273 -0.028646746   -4.6005744 
   43000   0.39233781 -0.0035246191    -4.599201 
   44000   0.40299165 -0.006309246   -4.6215602 
   45000   0.39210888 -0.019090201   -4.6711138 
   46000   0.41035676 -0.0033307972   -4.6656157 
   47000   0.41097076 -0.0066066339   -4.6513517 
   48000   0.40506696 -0.0087542893   -4.6843055 
   49000   0.38806449 -0.053394451   -4.7255604 
   50000   0.41375615  -0.03530051   -4.7275171 
Loop time of 32.9899 on 1 procs for 50000 steps with 1331 atoms

Performance: 523796.630 tau/day, 1515.615 timesteps/s
99.9% CPU use with 1 MPI tasks x no OpenMP threads

MPI task timing breakdown:
Section |  min time  |  avg time  |  max time  |%varavg| %total
---------------------------------------------------------------
Pair    | 27.279     | 27.279     | 27.279     |   0.0 | 82.69
Neigh   | 4.1246     | 4.1246     | 4.1246     |   0.0 | 12.50
Comm    | 0.3759     | 0.3759     | 0.3759     |   0.0 |  1.14
Output  | 0.027356   | 0.027356   | 0.027356   |   0.0 |  0.08
Modify  | 1.0737     | 1.0737     | 1.0737     |   0.0 |  3.25
Other   |            | 0.1093     |            |       |  0.33

Nlocal:    1331 ave 1331 max 1331 min
Histogram: 1 0 0 0 0 0 0 0 0 0
Nghost:    1025 ave 1025 max 1025 min
Histogram: 1 0 0 0 0 0 0 0 0 0
Neighs:    42362 ave 42362 max 42362 min
Histogram: 1 0 0 0 0 0 0 0 0 0

Total # of neighbors = 42362
Ave neighs/atom = 31.8272
Neighbor list builds = 2500
Dangerous builds not checked

write_restart NVT/sim1/T_0.40__v_5.83/end1.restart
Total wall time: 0:00:32
