run 50000
Neighbor list info ...
  update every 20 steps, delay 0 steps, check no
  max neighbors/atom: 2000, page size: 100000
  master list distance cutoff = 2.8
  ghost atom cutoff = 2.8
  binsize = 1.4, bins = 9 9 9
  1 neighbor lists, perpetual/occasional/extra = 1 0 0
  (1) pair lj/cut, perpetual
      attributes: half, newton on
      pair build: half/bin/atomonly/newton
      stencil: half/bin/3d/newton
      bin: standard
Per MPI rank memory allocation (min/avg/max) = 2.73 | 2.73 | 2.73 Mbytes
Step Temp Press TotEng 
       0          0.6    12.777444   -1.8197473 
    1000   0.93967817   0.82761919   -3.2040807 
    2000   0.62762974  -0.48702842     -3.92382 
    3000   0.54517109  -0.82281866   -4.1024423 
    4000   0.62700205  -0.48505218   -3.9224886 
    5000   0.60256713  -0.62916878   -3.9920218 
    6000   0.56823127  -0.82320212   -4.0696607 
    7000   0.62930997   -0.5840177   -3.9417291 
    8000   0.60128113  -0.73284241   -3.9981351 
    9000   0.56858472  -0.66191347   -4.0379314 
   10000   0.61828179  -0.50918857   -3.9432789 
   11000   0.58678867  -0.64090186   -4.0013738 
   12000   0.57846735  -0.61381826   -4.0294577 
   13000   0.61358759  -0.52480414   -3.9420614 
   14000    0.5946833    -0.695161    -4.010095 
   15000   0.58159477  -0.68364017   -4.0220817 
   16000   0.60365109  -0.51014074   -3.9638353 
   17000    0.5951887  -0.67583546   -4.0101749 
   18000   0.57848914  -0.62220705   -4.0039305 
   19000   0.62641367  -0.68543814   -3.9562827 
   20000   0.57439258  -0.61350545    -4.023657 
   21000   0.60571874  -0.71319985   -3.9879745 
   22000    0.6238909  -0.64149143   -3.9524575 
   23000    0.5773256  -0.67506175   -4.0213588 
   24000   0.58859865  -0.51466278   -3.9820702 
   25000   0.61054715  -0.67900563   -3.9720403 
   26000   0.59232798   -0.7140375   -4.0232687 
   27000   0.61784159  -0.59285337   -3.9673676 
   28000   0.59694595  -0.58544151   -3.9956066 
   29000   0.59315571  -0.70379846   -4.0194468 
   30000   0.61381144  -0.63340699   -3.9619529 
   31000   0.58527506  -0.60287787    -4.005276 
   32000   0.59097346  -0.69873976   -3.9984176 
   33000   0.61564278  -0.50731341   -3.9468885 
   34000   0.61305792  -0.69682497   -3.9901331 
   35000   0.58714576  -0.63996325   -4.0081292 
   36000   0.59167762  -0.72205672   -4.0163674 
   37000    0.6091597  -0.45602401   -3.9606306 
   38000   0.57080081  -0.60286697   -4.0292981 
   39000   0.60082503  -0.77854657    -4.006865 
   40000   0.61172118  -0.58520229   -3.9699789 
   41000   0.59833604  -0.63941446   -3.9767417 
   42000   0.58796449  -0.74617555   -4.0171375 
   43000   0.61450012  -0.57772915   -3.9604393 
   44000   0.60012884  -0.62051885   -3.9784925 
   45000   0.59024825  -0.58919188   -4.0090334 
   46000    0.6164914  -0.50785488   -3.9484936 
   47000   0.59416107  -0.65633742   -3.9902519 
   48000   0.58799359  -0.59913846   -3.9857612 
   49000   0.59874413  -0.57248437    -3.988516 
   50000   0.58730379  -0.78204735    -4.034218 
Loop time of 33.4956 on 1 procs for 50000 steps with 1331 atoms

Performance: 515888.817 tau/day, 1492.734 timesteps/s
99.9% CPU use with 1 MPI tasks x no OpenMP threads

MPI task timing breakdown:
Section |  min time  |  avg time  |  max time  |%varavg| %total
---------------------------------------------------------------
Pair    | 27.453     | 27.453     | 27.453     |   0.0 | 81.96
Neigh   | 4.348      | 4.348      | 4.348      |   0.0 | 12.98
Comm    | 0.68569    | 0.68569    | 0.68569    |   0.0 |  2.05
Output  | 0.024612   | 0.024612   | 0.024612   |   0.0 |  0.07
Modify  | 0.84859    | 0.84859    | 0.84859    |   0.0 |  2.53
Other   |            | 0.1352     |            |       |  0.40

Nlocal:    1331 ave 1331 max 1331 min
Histogram: 1 0 0 0 0 0 0 0 0 0
Nghost:    2833 ave 2833 max 2833 min
Histogram: 1 0 0 0 0 0 0 0 0 0
Neighs:    45661 ave 45661 max 45661 min
Histogram: 1 0 0 0 0 0 0 0 0 0

Total # of neighbors = 45661
Ave neighs/atom = 34.3058
Neighbor list builds = 2500
Dangerous builds not checked

write_restart NVT/sim1/T_0.60__v_1.00/end1.restart
Total wall time: 0:00:33
