run 50000
Neighbor list info ...
  update every 20 steps, delay 0 steps, check no
  max neighbors/atom: 2000, page size: 100000
  master list distance cutoff = 2.8
  ghost atom cutoff = 2.8
  binsize = 1.4, bins = 21 21 21
  1 neighbor lists, perpetual/occasional/extra = 1 0 0
  (1) pair lj/cut, perpetual
      attributes: half, newton on
      pair build: half/bin/atomonly/newton
      stencil: half/bin/3d/newton
      bin: standard
Per MPI rank memory allocation (min/avg/max) = 2.731 | 2.731 | 2.731 Mbytes
Step Temp Press TotEng 
       0          1.7  0.090903398    2.5357551 
    1000    1.7239642  0.086720985    2.2730546 
    2000     1.682085  0.081277818    2.1924199 
    3000    1.7546783  0.088883457      2.30903 
    4000    1.6792073  0.079722684    2.1561335 
    5000    1.7126141  0.085606597     2.252249 
    6000    1.6519016  0.086486107    2.1621401 
    7000     1.705808  0.087115559    2.2286185 
    8000    1.7151657  0.087596321    2.2501554 
    9000    1.6090016  0.083592673    2.0763889 
   10000    1.7489492  0.087069846    2.2864395 
   11000      1.66229  0.085308544    2.1648069 
   12000     1.780372  0.089587703    2.3314758 
   13000    1.6932954  0.084373591    2.2122296 
   14000    1.7010525  0.089444793    2.2376619 
   15000     1.696827  0.089521407    2.2251088 
   16000    1.6994318    0.0895646    2.2063648 
   17000    1.7294398  0.095645411    2.2847729 
   18000    1.6555952   0.08069505     2.158906 
   19000    1.7222016  0.084968782    2.2466697 
   20000    1.6252212  0.078072134    2.1003351 
   21000    1.7156374  0.087614379    2.2608128 
   22000    1.6751745  0.089789034    2.1868437 
   23000    1.7284659  0.092014187    2.2690536 
   24000    1.7068575  0.087558168    2.2362693 
   25000    1.6869743  0.086255517    2.2081286 
   26000    1.7867039   0.09197274    2.3621361 
   27000    1.6584921  0.081379033     2.150653 
   28000    1.7439726  0.088275484    2.2927475 
   29000    1.6229634  0.078613428    2.1171095 
   30000    1.7023086  0.089920379    2.2365285 
   31000    1.6958429  0.083540271    2.2131658 
   32000    1.6595448  0.084161149    2.1678038 
   33000    1.7032375  0.085962714     2.242112 
   34000    1.6930089  0.085675473    2.2120866 
   35000    1.7261238  0.093123321    2.2837915 
   36000     1.681571  0.084257523    2.2023926 
   37000    1.7206011   0.08922107     2.258853 
   38000    1.6488489  0.087204916    2.1382546 
   39000      1.71832  0.084706124    2.2361568 
   40000    1.6671176  0.082196306    2.1628489 
   41000    1.7681837  0.095069534    2.3252839 
   42000    1.6682618  0.085621859    2.1844777 
   43000    1.7170068  0.084303774    2.2480875 
   44000     1.616369  0.082201168    2.1059411 
   45000    1.7061285  0.096848335    2.2699362 
   46000    1.6677741  0.087107751     2.176458 
   47000    1.7506836  0.087507785     2.295107 
   48000    1.6924169  0.082751442    2.2206256 
   49000    1.6978604  0.085744271    2.2307183 
   50000    1.6953802  0.087675481    2.2371217 
Loop time of 4.88384 on 1 procs for 50000 steps with 1331 atoms

Performance: 3538199.716 tau/day, 10237.846 timesteps/s
99.7% CPU use with 1 MPI tasks x no OpenMP threads

MPI task timing breakdown:
Section |  min time  |  avg time  |  max time  |%varavg| %total
---------------------------------------------------------------
Pair    | 2.5038     | 2.5038     | 2.5038     |   0.0 | 51.27
Neigh   | 1.175      | 1.175      | 1.175      |   0.0 | 24.06
Comm    | 0.27228    | 0.27228    | 0.27228    |   0.0 |  5.58
Output  | 0.017091   | 0.017091   | 0.017091   |   0.0 |  0.35
Modify  | 0.83682    | 0.83682    | 0.83682    |   0.0 | 17.13
Other   |            | 0.07883    |            |       |  1.61

Nlocal:    1331 ave 1331 max 1331 min
Histogram: 1 0 0 0 0 0 0 0 0 0
Nghost:    920 ave 920 max 920 min
Histogram: 1 0 0 0 0 0 0 0 0 0
Neighs:    3324 ave 3324 max 3324 min
Histogram: 1 0 0 0 0 0 0 0 0 0

Total # of neighbors = 3324
Ave neighs/atom = 2.49737
Neighbor list builds = 2500
Dangerous builds not checked

write_restart NVT/sim1/T_1.70__v_19.68/end1.restart
Total wall time: 0:00:04
