run 50000
Neighbor list info ...
  update every 20 steps, delay 0 steps, check no
  max neighbors/atom: 2000, page size: 100000
  master list distance cutoff = 2.8
  ghost atom cutoff = 2.8
  binsize = 1.4, bins = 10 10 10
  1 neighbor lists, perpetual/occasional/extra = 1 0 0
  (1) pair lj/cut, perpetual
      attributes: half, newton on
      pair build: half/bin/atomonly/newton
      stencil: half/bin/3d/newton
      bin: standard
Per MPI rank memory allocation (min/avg/max) = 2.742 | 2.742 | 2.742 Mbytes
Step Temp Press TotEng 
       0          1.1   -1.6052427    -1.581211 
    1000    1.0715033  0.099593203   -1.3683023 
    2000    1.1009635   0.20144646   -1.2732099 
    3000    1.0819701   0.14560881   -1.2975893 
    4000    1.1230461    0.1634597    -1.234832 
    5000    1.0668409   0.10819274   -1.3595198 
    6000    1.1056305  0.085057319   -1.2864382 
    7000    1.1148275 -0.035413525   -1.2965602 
    8000    1.0894844   0.17727976   -1.2927864 
    9000    1.1110199   0.19746847   -1.2570727 
   10000     1.052256   0.16098358   -1.3332624 
   11000    1.1288281   0.19184701   -1.2022381 
   12000    1.1126631   0.10095378   -1.2588201 
   13000     1.147391  0.069143082   -1.2135431 
   14000    1.0903707   0.20743991   -1.2169642 
   15000    1.0858017   0.14559764   -1.2872569 
   16000    1.1354271   0.16904848   -1.1708301 
   17000    1.0848457   0.18167628    -1.260036 
   18000    1.0888147   0.15922847   -1.2812838 
   19000    1.0608918  0.032569131   -1.3020283 
   20000    1.1114969   0.17597396   -1.2201581 
   21000    1.1013919  0.015064602   -1.3209527 
   22000    1.1003421  0.094821668   -1.2602671 
   23000    1.0762975  0.086807809   -1.2602945 
   24000    1.1692006   0.18656127   -1.1803686 
   25000    1.0729611   0.12652411   -1.2871149 
   26000    1.0963178   0.11640378   -1.2783488 
   27000    1.1166126   0.14860492   -1.1565989 
   28000      1.09261  0.061115351   -1.2451787 
   29000    1.0537443   0.10984345   -1.3313549 
   30000     1.097131   0.14381597   -1.2880393 
   31000    1.1047334   0.12398112   -1.2343809 
   32000    1.0799437   0.11608695   -1.3213815 
   33000    1.1182202   0.13642935   -1.2516751 
   34000    1.1184033  0.069050871   -1.2875069 
   35000    1.0840865   0.12328771   -1.3060094 
   36000    1.1174774   0.13721193   -1.2408215 
   37000    1.0812891  0.067987022   -1.2873967 
   38000    1.0562417    0.1709829   -1.3070725 
   39000    1.1125813   0.23857203   -1.1907228 
   40000    1.0926112  0.093285606   -1.2904854 
   41000    1.1601382   0.10152062   -1.2370403 
   42000    1.1186054   0.23432872   -1.1738936 
   43000    1.0899333   0.17693241   -1.2841707 
   44000    1.1136716  0.031016312   -1.2717781 
   45000    1.0917578   0.10002961   -1.2259901 
   46000    1.0865558  0.059754781   -1.3180867 
   47000    1.1137893   0.23926423   -1.2230348 
   48000    1.1249978   0.24879463   -1.1587947 
   49000    1.0679786  0.097506035   -1.2901711 
   50000    1.1110589   0.16451191   -1.2253664 
Loop time of 23.4629 on 1 procs for 50000 steps with 1331 atoms

Performance: 736480.699 tau/day, 2131.021 timesteps/s
99.9% CPU use with 1 MPI tasks x no OpenMP threads

MPI task timing breakdown:
Section |  min time  |  avg time  |  max time  |%varavg| %total
---------------------------------------------------------------
Pair    | 18.478     | 18.478     | 18.478     |   0.0 | 78.75
Neigh   | 3.4127     | 3.4127     | 3.4127     |   0.0 | 14.54
Comm    | 0.58865    | 0.58865    | 0.58865    |   0.0 |  2.51
Output  | 0.02317    | 0.02317    | 0.02317    |   0.0 |  0.10
Modify  | 0.84229    | 0.84229    | 0.84229    |   0.0 |  3.59
Other   |            | 0.118      |            |       |  0.50

Nlocal:    1331 ave 1331 max 1331 min
Histogram: 1 0 0 0 0 0 0 0 0 0
Nghost:    2429 ave 2429 max 2429 min
Histogram: 1 0 0 0 0 0 0 0 0 0
Neighs:    29633 ave 29633 max 29633 min
Histogram: 1 0 0 0 0 0 0 0 0 0

Total # of neighbors = 29633
Ave neighs/atom = 22.2637
Neighbor list builds = 2500
Dangerous builds not checked

write_restart NVT/sim1/T_1.10__v_1.73/end1.restart
Total wall time: 0:00:23
