run 50000
Neighbor list info ...
  update every 20 steps, delay 0 steps, check no
  max neighbors/atom: 2000, page size: 100000
  master list distance cutoff = 2.8
  ghost atom cutoff = 2.8
  binsize = 1.4, bins = 12 12 12
  1 neighbor lists, perpetual/occasional/extra = 1 0 0
  (1) pair lj/cut, perpetual
      attributes: half, newton on
      pair build: half/bin/atomonly/newton
      stencil: half/bin/3d/newton
      bin: standard
Per MPI rank memory allocation (min/avg/max) = 2.738 | 2.738 | 2.738 Mbytes
Step Temp Press TotEng 
       0          0.5   -0.7968821  -0.72998599 
    1000    0.8183617 -0.035678286    -1.400883 
    2000   0.73340599  0.028837434   -2.2264815 
    3000   0.67756518 -0.018023121   -3.0159777 
    4000   0.56228393 -0.047540907   -3.5917958 
    5000   0.51173424  -0.04588391   -3.9731112 
    6000    0.4696436 -0.079463313   -4.1684664 
    7000   0.48102468 -0.038902044   -4.1482254 
    8000   0.50080234 -0.066751944   -4.0680175 
    9000   0.52321127 -0.027736354   -4.0643274 
   10000   0.49436425  -0.05487179   -4.1718052 
   11000   0.48967319 -0.039398459   -4.1786152 
   12000   0.51299828 -0.059266456    -4.092723 
   13000   0.51537458  0.058935457    -4.079469 
   14000   0.51201437 -0.023068594   -4.1610003 
   15000   0.49598267 -0.0036639487   -4.1895707 
   16000   0.52788387 -0.069669138   -4.1370782 
   17000   0.50508081 -0.057630617   -4.1113074 
   18000   0.48927998 -0.042092702    -4.128868 
   19000    0.4955699  -0.10537001   -4.1520797 
   20000   0.48549975 -0.047260736   -4.1392532 
   21000   0.51504952 -0.069135182   -4.0834169 
   22000   0.50984053  -0.11574418   -4.1168389 
   23000   0.48187467 -0.048782109   -4.1874543 
   24000   0.49597509 -0.064695155   -4.1574092 
   25000   0.49655479 -0.072810856    -4.099349 
   26000   0.52520397 0.0033614191   -4.0927094 
   27000   0.48807948 -0.083079595   -4.1425291 
   28000   0.49488941 -0.032325352   -4.1352069 
   29000   0.51979925 -0.001642175   -4.1094897 
   30000   0.51113245 -0.0051921709   -4.1015566 
   31000   0.50858436 -0.090869609   -4.1370289 
   32000   0.47688704 -0.017469593   -4.1750544 
   33000   0.51713874 -0.065227872   -4.1199474 
   34000   0.48707539 -0.058436646   -4.1163385 
   35000   0.50048598 -0.058477901    -4.136245 
   36000   0.49325076  0.021409344    -4.122038 
   37000   0.49351993 -0.098362034   -4.0892605 
   38000   0.50181016 -0.088476356   -4.0656065 
   39000   0.49688027 -0.064815029    -4.116918 
   40000   0.48532861 -0.047824825   -4.1453984 
   41000   0.51313964 -0.063945957   -4.0945912 
   42000   0.51247036  -0.11655853   -4.0883933 
   43000   0.52312829 -0.043984768   -4.1132615 
   44000   0.49343242 -0.055896146   -4.1424701 
   45000   0.50040892 -0.0094271151   -4.1469651 
   46000   0.50323443  -0.16085154    -4.101214 
   47000   0.51686107 -0.096114115   -4.0831476 
   48000   0.50569317 0.0029644622   -4.1246013 
   49000   0.50006537  -0.09772104   -4.1445491 
   50000    0.4893795 -0.092457793   -4.2006131 
Loop time of 28.1491 on 1 procs for 50000 steps with 1331 atoms

Performance: 613872.959 tau/day, 1776.253 timesteps/s
99.9% CPU use with 1 MPI tasks x no OpenMP threads

MPI task timing breakdown:
Section |  min time  |  avg time  |  max time  |%varavg| %total
---------------------------------------------------------------
Pair    | 23.422     | 23.422     | 23.422     |   0.0 | 83.21
Neigh   | 3.5787     | 3.5787     | 3.5787     |   0.0 | 12.71
Comm    | 0.20352    | 0.20352    | 0.20352    |   0.0 |  0.72
Output  | 0.024103   | 0.024103   | 0.024103   |   0.0 |  0.09
Modify  | 0.84552    | 0.84552    | 0.84552    |   0.0 |  3.00
Other   |            | 0.07507    |            |       |  0.27

Nlocal:    1331 ave 1331 max 1331 min
Histogram: 1 0 0 0 0 0 0 0 0 0
Nghost:    747 ave 747 max 747 min
Histogram: 1 0 0 0 0 0 0 0 0 0
Neighs:    41283 ave 41283 max 41283 min
Histogram: 1 0 0 0 0 0 0 0 0 0

Total # of neighbors = 41283
Ave neighs/atom = 31.0165
Neighbor list builds = 2500
Dangerous builds not checked

write_restart NVT/sim1/T_0.50__v_2.74/end1.restart
Total wall time: 0:00:28
