run 50000
Neighbor list info ...
  update every 20 steps, delay 0 steps, check no
  max neighbors/atom: 2000, page size: 100000
  master list distance cutoff = 2.8
  ghost atom cutoff = 2.8
  binsize = 1.4, bins = 16 16 16
  1 neighbor lists, perpetual/occasional/extra = 1 0 0
  (1) pair lj/cut, perpetual
      attributes: half, newton on
      pair build: half/bin/atomonly/newton
      stencil: half/bin/3d/newton
      bin: standard
Per MPI rank memory allocation (min/avg/max) = 2.7 | 2.7 | 2.7 Mbytes
Step Temp Press Volume Density PotEng KinEng TotEng 
       0            1  0.079495929        10648        0.125  -0.13561964     1.498873    1.3632534 
    1000    1.2362006   0.13780203    8842.4611    0.1505237  -0.90241143    1.8529077    0.9504963 
    2000    1.1022049  0.072742525    7402.4877   0.17980442    -1.227563    1.6520652   0.42450216 
    3000    1.0380941  0.076950111    6203.9451   0.21454091   -1.5142462    1.5559712  0.041725035 
    4000    1.0186277  0.083309468    5277.7801   0.25218936   -1.7916841    1.5267936  -0.26489045 
    5000     1.049005   0.13915805    4529.6707   0.29384034   -2.0956631    1.5723253  -0.52333772 
    6000    1.0346363  0.037581635     3957.157   0.33635259   -2.3588458    1.5507885  -0.80805735 
    7000    1.0392671   0.11263571    3451.3314   0.38564828   -2.6066175    1.5577294   -1.0488881 
    8000    1.0376725  0.022370455    3060.5398    0.4348906   -2.8464825    1.5553392   -1.2911432 
    9000   0.97939428   0.13733419    2734.8706    0.4866775    -2.990411    1.4679877   -1.5224233 
   10000    1.0239224  0.077926891    2468.0706   0.53928764   -3.2766101    1.5347296   -1.7418805 
   11000    1.0158066  0.081231139    2289.5437   0.58133855   -3.4941111    1.5225651    -1.971546 
   12000    1.0213095   0.24523945    2159.4302   0.61636631   -3.6968071    1.5308132   -2.1659938 
   13000   0.99596788   0.17700563    2073.7695    0.6418264   -3.7985563    1.4928294   -2.3057269 
   14000   0.98265835   0.23334477    2056.1021   0.64734139   -3.8493084    1.4728801   -2.3764283 
   15000    1.0238234    0.1514764    2081.4371   0.63946202    -3.833342    1.5345813   -2.2987607 
   16000   0.99605019    0.2300632    2136.2273   0.62306103   -3.7114676    1.4929528   -2.2185148 
   17000   0.97641952   0.12752559    2149.2864    0.6192753   -3.6728379    1.4635289    -2.209309 
   18000   0.99302003  0.074795759    2060.1122   0.64608131   -3.8460877    1.4884109   -2.3576768 
   19000   0.99407792   0.21140638    2060.2593    0.6460352   -3.8687779    1.4899966   -2.3787813 
   20000    1.0151292   0.15980208    2100.9104   0.63353487   -3.7967587    1.5215497    -2.275209 
   21000    1.0086724    0.1853698    2119.8268   0.62788147   -3.7196582    1.5118719   -2.2077863 
   22000     1.018815   0.15664597    2202.8854   0.60420756    -3.604827    1.5270744   -2.0777526 
   23000    1.0295079 -0.0053901764    2191.9418   0.60722416   -3.6338456    1.5431017    -2.090744 
   24000   0.99796151  0.042241391     2145.822   0.62027512   -3.7070106    1.4958176    -2.211193 
   25000   0.98670508   0.13080262    2084.7686   0.63844017   -3.7929142    1.4789456   -2.3139686 
   26000   0.98092699   0.16397858    2076.2216   0.64106837   -3.8079632     1.470285   -2.3376782 
   27000   0.99579102   0.22415935    2119.4464   0.62799419   -3.7105366    1.4925643   -2.2179723 
   28000    1.0208871   0.24152789    2121.6677    0.6273367   -3.7366284    1.5301801   -2.2064483 
   29000    1.0202537   0.53294046    2036.4514    0.6535879   -3.8293202    1.5292308   -2.3000895 
   30000    0.9926241   0.15984789    2079.1865   0.64015422    -3.809211    1.4878175   -2.3213935 
   31000   0.96416596   0.17310298    2101.2832   0.63342248   -3.7640981    1.4451624   -2.3189358 
   32000    1.0200772   0.23078083    2126.1329   0.62601919   -3.7223322    1.5289662    -2.193366 
   33000    1.0438213   0.24832419    2139.8868   0.62199553   -3.7037953    1.5645555   -2.1392398 
   34000    1.0208264   0.23262665    2096.5109   0.63486434   -3.7703618    1.5300892   -2.2402726 
   35000    1.0275877   0.22619521    2079.3359   0.64010823   -3.8113608    1.5402235   -2.2711373 
   36000    1.0146758   0.13628962    2080.5802    0.6397254   -3.8388431    1.5208702   -2.3179729 
   37000   0.97883733   0.28023217    2112.7504    0.6299845   -3.7300101    1.4671529   -2.2628572 
   38000    1.0269422   0.15144404    2100.9369   0.63352687   -3.7875544     1.539256   -2.2482983 
   39000    1.0357168    0.3494723    2058.2911   0.64665294   -3.8237145    1.5524079   -2.2713065 
   40000   0.98099846   0.14340617    2046.8733   0.65026007   -3.8770912    1.4703921    -2.406699 
   41000   0.99132909   0.29848605    2057.7422   0.64682542   -3.8409547    1.4858764   -2.3550783 
   42000    0.9950208   0.39256879    2095.4836   0.63517557   -3.7313956    1.4914098   -2.2399858 
   43000   0.99779955   0.24363569    2106.9308   0.63172459   -3.7402016    1.4955748   -2.2446267 
   44000   0.98943948   0.26303939    2094.8986   0.63535296   -3.7465541    1.4830442   -2.2635099 
   45000   0.95612137   0.12924891    2113.6697   0.62971049   -3.7415908    1.4331045   -2.3084863 
   46000    1.0060795   0.19976836    2108.4565   0.63126747    -3.747313    1.5079855   -2.2393275 
   47000    1.0045216   0.11474663    2172.1266   0.61276354   -3.6543881    1.5056503   -2.1487379 
   48000     1.033625   0.17342813    2174.9145   0.61197808   -3.6657381    1.5492727   -2.1164654 
   49000      1.00575   0.24331058    2081.7036   0.63938016   -3.7615894    1.5074915   -2.2540979 
   50000    1.0021753   0.21073474    2080.2769   0.63981868   -3.8092625    1.5021335   -2.3071289 
Loop time of 28.9402 on 1 procs for 50000 steps with 1331 atoms

Performance: 597092.359 tau/day, 1727.698 timesteps/s
99.9% CPU use with 1 MPI tasks x no OpenMP threads

MPI task timing breakdown:
Section |  min time  |  avg time  |  max time  |%varavg| %total
---------------------------------------------------------------
Pair    | 22.334     | 22.334     | 22.334     |   0.0 | 77.17
Neigh   | 3.7918     | 3.7918     | 3.7918     |   0.0 | 13.10
Comm    | 0.64368    | 0.64368    | 0.64368    |   0.0 |  2.22
Output  | 0.024486   | 0.024486   | 0.024486   |   0.0 |  0.08
Modify  | 2.0155     | 2.0155     | 2.0155     |   0.0 |  6.96
Other   |            | 0.1311     |            |       |  0.45

Nlocal:    1331 ave 1331 max 1331 min
Histogram: 1 0 0 0 0 0 0 0 0 0
Nghost:    2653 ave 2653 max 2653 min
Histogram: 1 0 0 0 0 0 0 0 0 0
Neighs:    38530 ave 38530 max 38530 min
Histogram: 1 0 0 0 0 0 0 0 0 0

Total # of neighbors = 38530
Ave neighs/atom = 28.9482
Neighbor list builds = 2500
Dangerous builds not checked

write_restart lattice_11_11_11__2_2_2/sim1/T_1.00__P_0.20/end1.restart
Total wall time: 0:00:28
