run 50000
Neighbor list info ...
  update every 20 steps, delay 0 steps, check no
  max neighbors/atom: 2000, page size: 100000
  master list distance cutoff = 2.8
  ghost atom cutoff = 2.8
  binsize = 1.4, bins = 16 16 16
  1 neighbor lists, perpetual/occasional/extra = 1 0 0
  (1) pair lj/cut, perpetual
      attributes: half, newton on
      pair build: half/bin/atomonly/newton
      stencil: half/bin/3d/newton
      bin: standard
Per MPI rank memory allocation (min/avg/max) = 2.7 | 2.7 | 2.7 Mbytes
Step Temp Press Volume Density PotEng KinEng TotEng 
       0          1.5   0.14194897        10648        0.125  -0.13561964    2.2483095    2.1126899 
    1000    1.4436197   0.13128256    12533.667   0.10619398  -0.61959183    2.1638026    1.5442107 
    2000    1.4655719   0.12823123    13766.407  0.096684634  -0.59542049    2.1967063    1.6012858 
    3000    1.4992817   0.11309705    14995.105  0.088762297  -0.55036376    2.2472329    1.6968691 
    4000    1.5022042   0.10993128     16038.23  0.082989207  -0.52208968    2.2516134    1.7295237 
    5000    1.5181213   0.10398947     16925.51  0.078638694  -0.51429332    2.2754711    1.7611778 
    6000     1.533897  0.096615205    17674.283  0.075307155  -0.46942842    2.2991169    1.8296884 
    7000    1.4291119  0.099792092    17773.258  0.074887789  -0.44957411    2.1420573    1.6924832 
    8000    1.5249039  0.094530647    17458.132  0.076239544  -0.48678268    2.2856374    1.7988547 
    9000    1.4791949    0.1056774    17670.427  0.075323589  -0.46352123    2.2171253    1.7536041 
   10000    1.5330582  0.094912241    17773.257  0.074887794   -0.4736753    2.2978595    1.8241842 
   11000    1.4796173  0.096722025    17950.361  0.074148927  -0.45518932    2.2177584    1.7625691 
   12000     1.528768   0.10936273    17245.894  0.077177789  -0.47383334    2.2914292    1.8175958 
   13000    1.4596257   0.09985343    16909.812  0.078711695  -0.47732559    2.1877935    1.7104679 
   14000    1.5359949   0.10227507    16742.213  0.079499648  -0.52689873    2.3022613    1.7753625 
   15000    1.4549901  0.095484749      17760.5  0.074941585  -0.48173365    2.1808455    1.6991118 
   16000    1.5437853  0.099793141    17996.786   0.07395765  -0.49675298    2.3139381    1.8171851 
   17000    1.4889178   0.10395663    17712.008  0.075146759  -0.47818638    2.2316987    1.7535124 
   18000    1.5079238   0.10369818    16799.159  0.079230156  -0.49554311    2.2601863    1.7646432 
   19000    1.4914229   0.10496936     16930.95  0.078613425  -0.49528825    2.2354535    1.7401653 
   20000    1.4903802  0.094117973    17953.202  0.074137193  -0.46964702    2.2338906    1.7642436 
   21000    1.5983427  0.099177616     18425.08  0.072238492  -0.49444418    2.3957128    1.9012686 
   22000    1.5137441  0.096091822    18485.309  0.072003126  -0.46213619    2.2689102     1.806774 
   23000     1.475451   0.10286811    17780.289  0.074858175   -0.4518058    2.2115138     1.759708 
   24000    1.5091361   0.10160756    17215.451   0.07731427  -0.44506106    2.2620034    1.8169423 
   25000    1.4439667   0.10568296    17318.603  0.076853773  -0.46889269    2.1643227      1.69543 
   26000    1.5348867    0.1056818    17291.283  0.076975202  -0.47011174    2.3006003    1.8304885 
   27000    1.4644925  0.095837479    18132.383  0.073404581  -0.46080682    2.1950884    1.7342815 
   28000    1.5281336    0.1044243    18101.438  0.073530072  -0.44691765    2.2904783    1.8435606 
   29000    1.4967148   0.10191186    17048.338  0.078072128  -0.49495324    2.2433855    1.7484323 
   30000    1.4729658   0.10289756    16602.898  0.080166727  -0.50387393    2.2077888    1.7039148 
   31000    1.5108908     0.103297    16995.681  0.078314015  -0.51707049    2.2646335     1.747563 
   32000    1.4767444  0.099851264    17571.242  0.075748771  -0.45616483    2.2134524    1.7572875 
   33000     1.499661  0.097038617    18151.785  0.073326122   -0.4571171    2.2478014    1.7906843 
   34000    1.4983634  0.096725738    18648.263  0.071373939  -0.45817038    2.2458565    1.7876861 
   35000    1.5310629  0.098876059    17528.256  0.075934537  -0.47990389    2.2948689     1.814965 
   36000    1.4717791   0.10455889    17247.058  0.077172582  -0.47051743    2.2060101    1.7354926 
   37000    1.5479924    0.1053202    17246.986  0.077172904  -0.50212791    2.3202441    1.8181162 
   38000    1.4427127  0.087256132     18613.93  0.071505587  -0.45238847    2.1624431    1.7100546 
   39000    1.5568108   0.10208922    18524.704  0.071850001  -0.46225417    2.3334617    1.8712075 
   40000    1.4975982  0.098551653    17820.772  0.074688122  -0.47251467    2.2447096    1.7721949 
   41000    1.5130301   0.10338488    17032.232  0.078145954  -0.49621386    2.2678399    1.7716261 
   42000    1.4011934  0.084454637    17011.128  0.078242903  -0.51358869     2.100211    1.5866223 
   43000    1.5304615   0.10954294    16492.003   0.08070578  -0.50995401    2.2939674    1.7840134 
   44000      1.46529   0.09979333    17151.309  0.077603408  -0.49386903    2.1962837    1.7024146 
   45000     1.526907  0.099316663    17690.782  0.075236923  -0.49728944    2.2886397    1.7913502 
   46000     1.501339  0.099217234    17973.351   0.07405408  -0.45969545    2.2503165     1.790621 
   47000    1.5536674    0.1044493     18026.86  0.073834266  -0.46713213    2.3287502     1.861618 
   48000    1.4890546     0.101795    18018.125  0.073870062  -0.45057844    2.2319038    1.7813253 
   49000    1.5267169  0.099649654    17846.039  0.074582375  -0.49479961    2.2883548    1.7935552 
   50000    1.4824548   0.10302907    17569.094  0.075758035  -0.46666838    2.2220116    1.7553432 
Loop time of 9.04567 on 1 procs for 50000 steps with 1331 atoms

Performance: 1910305.531 tau/day, 5527.504 timesteps/s
99.8% CPU use with 1 MPI tasks x no OpenMP threads

MPI task timing breakdown:
Section |  min time  |  avg time  |  max time  |%varavg| %total
---------------------------------------------------------------
Pair    | 4.5521     | 4.5521     | 4.5521     |   0.0 | 50.32
Neigh   | 1.6753     | 1.6753     | 1.6753     |   0.0 | 18.52
Comm    | 0.36555    | 0.36555    | 0.36555    |   0.0 |  4.04
Output  | 0.025798   | 0.025798   | 0.025798   |   0.0 |  0.29
Modify  | 2.3194     | 2.3194     | 2.3194     |   0.0 | 25.64
Other   |            | 0.1074     |            |       |  1.19

Nlocal:    1331 ave 1331 max 1331 min
Histogram: 1 0 0 0 0 0 0 0 0 0
Nghost:    1009 ave 1009 max 1009 min
Histogram: 1 0 0 0 0 0 0 0 0 0
Neighs:    4889 ave 4889 max 4889 min
Histogram: 1 0 0 0 0 0 0 0 0 0

Total # of neighbors = 4889
Ave neighs/atom = 3.67318
Neighbor list builds = 2500
Dangerous builds not checked

write_restart lattice_11_11_11__2_2_2/sim1/T_1.50__P_0.10/end1.restart
Total wall time: 0:00:09
