run 50000
Neighbor list info ...
  update every 20 steps, delay 0 steps, check no
  max neighbors/atom: 2000, page size: 100000
  master list distance cutoff = 2.8
  ghost atom cutoff = 2.8
  binsize = 1.4, bins = 16 16 16
  1 neighbor lists, perpetual/occasional/extra = 1 0 0
  (1) pair lj/cut, perpetual
      attributes: half, newton on
      pair build: half/bin/atomonly/newton
      stencil: half/bin/3d/newton
      bin: standard
Per MPI rank memory allocation (min/avg/max) = 2.7 | 2.7 | 2.7 Mbytes
Step Temp Press Volume Density PotEng KinEng TotEng 
       0          0.3 -0.0079383306        10648        0.125  -0.13561964   0.44966191   0.31404227 
    1000   0.91466781  0.040334154    4061.1256   0.32774165   -2.1106468    1.3709709  -0.73967587 
    2000   0.78000681  -0.14538902    2254.1041    0.5904785   -3.8023494    1.1691312   -2.6332183 
    3000   0.67274727   0.90569716    1567.3086   0.84922652   -5.2387773    1.0083627   -4.2304145 
    4000   0.46413093    1.0421678    1425.7203   0.93356323   -5.9436201   0.69567333   -5.2479468 
    5000     0.330139     1.138558    1372.6196   0.96967873    -6.260408   0.49483644   -5.7655716 
    6000   0.27223305    1.1851248    1353.3808   0.98346303   -6.3750822   0.40804277   -5.9670395 
    7000   0.30144194    1.1599864    1356.2963   0.98134899   -6.3666204   0.45182319   -5.9147972 
    8000   0.31911321    1.2432127    1361.1814   0.97782707   -6.3188686   0.47831018   -5.8405584 
    9000   0.28653604    1.2439395    1353.7022   0.98322951   -6.3670219   0.42948114   -5.9375407 
   10000   0.29202399    1.1356436    1351.9872   0.98447679   -6.3969394   0.43770688   -5.9592326 
   11000   0.31967204    1.1520204    1356.9873   0.98084923   -6.3645589   0.47914781   -5.8854111 
   12000   0.30309621    1.1162422    1355.8156   0.98169693   -6.3728078   0.45430273   -5.9185051 
   13000   0.28343316    1.0827087    1352.5987   0.98403168   -6.4008889   0.42483032   -5.9760586 
   14000    0.3093813    1.0485183     1356.219   0.98140495   -6.3864074   0.46372329   -5.9226841 
   15000   0.30066462    1.1388591     1358.784   0.97955228   -6.3498966   0.45065808   -5.8992385 
   16000   0.28881506    1.2028646    1350.5324   0.98553727   -6.3991451    0.4328971    -5.966248 
   17000   0.29534659     1.276018    1348.9514   0.98669236    -6.397339   0.44268703    -5.954652 
   18000   0.30757953    1.2832931    1352.1311   0.98437204   -6.3690569   0.46102267   -5.9080342 
   19000   0.29979249    1.3155092    1346.4387   0.98853369   -6.4071498   0.44935087    -5.957799 
   20000   0.28804007    1.3643002    1344.6522   0.98984704    -6.407353   0.43173549   -5.9756175 
   21000   0.30497949    1.2629295    1350.0314   0.98590296   -6.3895108   0.45712553   -5.9323852 
   22000   0.30892445    1.2314923    1348.8974   0.98673185   -6.4046269   0.46303853   -5.9415883 
   23000   0.29628873    1.1529158    1347.3924   0.98783395   -6.4267671   0.44409919   -5.9826679 
   24000   0.30493228    1.1821629    1349.8866   0.98600876   -6.4081879   0.45705477   -5.9511331 
   25000   0.31388302    1.1495705    1351.3182   0.98496418   -6.4029899    0.4704708   -5.9325191 
   26000    0.2833402    1.2053786    1349.9761   0.98594335   -6.4010852   0.42469098   -5.9763942 
   27000   0.29069313     1.093836    1351.7992   0.98461366   -6.4056747    0.4357121   -5.9699626 
   28000   0.30504766    1.1968339    1350.7777    0.9853583   -6.3945284    0.4572277   -5.9373007 
   29000   0.29900811    1.2195477    1347.7811   0.98754908   -6.4144492   0.44817519    -5.966274 
   30000   0.28983256    1.2352285    1346.1748   0.98872746   -6.4201735    0.4344222   -5.9857513 
   31000   0.30676412     1.174312    1348.2389    0.9872138    -6.419726   0.45980047   -5.9599255 
   32000   0.29654478    1.1548295    1350.0937   0.98585751   -6.4065082   0.44448297   -5.9620252 
   33000   0.29529627    1.1693954    1345.9728   0.98887584   -6.4340158   0.44261162   -5.9914042 
   34000   0.30052487    1.1480998    1343.7964   0.99047744   -6.4539254   0.45044862   -6.0034768 
   35000   0.29856394    1.1269159    1344.5216   0.98994318   -6.4557255   0.44750944    -6.008216 
   36000   0.29616959    1.1912117    1341.4623   0.99220085   -6.4616779    0.4439206   -6.0177573 
   37000   0.30637557    1.0884849    1339.0746   0.99397003   -6.5025287   0.45921809   -6.0433106 
   38000   0.30860463    1.2316549    1329.7395    1.0009479   -6.5546428   0.46255915   -6.0920836 
   39000    0.2979308     1.402374    1316.3718    1.0111125     -6.61977   0.44656044   -6.1732095 
   40000   0.28923765    1.4444682    1307.1394     1.018254   -6.6956266   0.43353051   -6.2620961 
   41000   0.30800632    1.5327625    1301.7885    1.0224395   -6.7431829   0.46166236   -6.2815205 
   42000   0.30386756    1.3113106    1301.2548    1.0228589   -6.7848808   0.45545889   -6.3294219 
   43000   0.29481216    1.1702106    1300.6158    1.0233614   -6.8090092     0.441886   -6.3671232 
   44000   0.30485245    1.1939328    1301.8429    1.0223968    -6.792565   0.45693512   -6.3356299 
   45000   0.31086142    1.0987588    1300.3147    1.0235983   -6.8213658    0.4659418    -6.355424 
   46000   0.28287835    1.2156878    1297.0001    1.0262142   -6.8253153   0.42399872   -6.4013166 
   47000   0.30090919    1.2088116     1299.174    1.0244971   -6.8082086   0.45102468   -6.3571839 
   48000   0.30734126     1.197779    1300.0452    1.0238106   -6.8018432   0.46066553   -6.3411776 
   49000   0.29025245    1.3900146    1293.5621    1.0289417   -6.8208192   0.43505157   -6.3857676 
   50000   0.31062389    1.5697044    1288.3797    1.0330805   -6.8366266   0.46558578   -6.3710409 
Loop time of 43.8249 on 1 procs for 50000 steps with 1331 atoms

Performance: 394296.254 tau/day, 1140.904 timesteps/s
100.0% CPU use with 1 MPI tasks x no OpenMP threads

MPI task timing breakdown:
Section |  min time  |  avg time  |  max time  |%varavg| %total
---------------------------------------------------------------
Pair    | 35.616     | 35.616     | 35.616     |   0.0 | 81.27
Neigh   | 5.1325     | 5.1325     | 5.1325     |   0.0 | 11.71
Comm    | 0.75596    | 0.75596    | 0.75596    |   0.0 |  1.72
Output  | 0.024866   | 0.024866   | 0.024866   |   0.0 |  0.06
Modify  | 2.0636     | 2.0636     | 2.0636     |   0.0 |  4.71
Other   |            | 0.2322     |            |       |  0.53

Nlocal:    1331 ave 1331 max 1331 min
Histogram: 1 0 0 0 0 0 0 0 0 0
Nghost:    3310 ave 3310 max 3310 min
Histogram: 1 0 0 0 0 0 0 0 0 0
Neighs:    60096 ave 60096 max 60096 min
Histogram: 1 0 0 0 0 0 0 0 0 0

Total # of neighbors = 60096
Ave neighs/atom = 45.151
Neighbor list builds = 2500
Dangerous builds not checked

write_restart lattice_11_11_11__2_2_2/sim1/T_0.30__P_1.20/end1.restart
Total wall time: 0:00:43
