run 50000
Neighbor list info ...
  update every 20 steps, delay 0 steps, check no
  max neighbors/atom: 2000, page size: 100000
  master list distance cutoff = 2.8
  ghost atom cutoff = 2.8
  binsize = 1.4, bins = 13 13 13
  1 neighbor lists, perpetual/occasional/extra = 1 0 0
  (1) pair lj/cut, perpetual
      attributes: half, newton on
      pair build: half/bin/atomonly/newton
      stencil: half/bin/3d/newton
      bin: standard
Per MPI rank memory allocation (min/avg/max) = 2.742 | 2.742 | 2.742 Mbytes
Step Temp Press TotEng 
       0          0.3  -0.47089072  -0.52617781 
    1000   0.70529908  -0.11384211   -1.4065105 
    2000   0.63308155 -0.044978594   -2.5346178 
    3000   0.53164152 -0.0043912668   -3.5254404 
    4000   0.41781122 -0.049573258   -4.2007641 
    5000   0.33098408 -0.029494665   -4.6440235 
    6000    0.2896107 -0.041501024   -4.8909321 
    7000   0.29277832  -0.07487824   -4.9743731 
    8000   0.31276208 -0.0031270325   -4.9207135 
    9000   0.31333871 -0.0012070625   -4.9215635 
   10000   0.28700487  -0.03172401   -5.0437314 
   11000    0.2862095  -0.05056758   -5.0528412 
   12000   0.31631351 -0.017145167   -4.9847077 
   13000   0.29437738 -0.022245981   -5.0366671 
   14000   0.28685577 -0.034822875   -5.0965799 
   15000   0.30682847  -0.03112337   -5.0642612 
   16000   0.29586766 -0.054174557   -5.0599445 
   17000   0.29765053 -0.069434522   -5.1036925 
   18000    0.2950203 -0.069044768   -5.1029099 
   19000   0.29771797 -0.045839654   -5.0789791 
   20000    0.2851619 -0.048950489    -5.104254 
   21000   0.29364868 -0.021552196   -5.1301697 
   22000    0.3059549 -0.024943439   -5.1064215 
   23000   0.31075138 -0.018026732   -5.0992477 
   24000    0.3017132  -0.04196329   -5.1401685 
   25000   0.29383961 -0.030770087   -5.1393899 
   26000   0.29870876 -0.036439662    -5.122026 
   27000   0.30715501 0.0034640464   -5.1316145 
   28000   0.29732168 -0.042356123   -5.1523161 
   29000   0.30511103  -0.01441527   -5.1571693 
   30000   0.29479478 -0.037566563   -5.1720847 
   31000   0.30660788 -0.029614536   -5.1730244 
   32000   0.30154913 -0.081722649   -5.1733066 
   33000   0.29890502 -0.033868536   -5.1974769 
   34000   0.28913299 -0.038373573   -5.2260304 
   35000   0.30900525 -0.032948875   -5.2302227 
   36000   0.31344447 -0.047890403   -5.2062863 
   37000   0.30668369  0.016258836   -5.2590851 
   38000   0.30059704 -0.046910378   -5.2886125 
   39000   0.30666076 -0.043978427   -5.2393532 
   40000   0.31179666 -0.096970879   -5.2460207 
   41000   0.29081296 -0.029618085   -5.3013709 
   42000   0.29256758 -0.046547734    -5.278681 
   43000   0.30996016 -0.043802537   -5.2398459 
   44000   0.29618582 -0.064963208    -5.290121 
   45000   0.29212215 -0.053164592   -5.2973366 
   46000   0.30692588 -0.025444989   -5.2644565 
   47000   0.30602787 0.0012067054   -5.2848219 
   48000   0.29397212 -0.029768631   -5.3176092 
   49000   0.30779245  -0.10080154   -5.2740255 
   50000   0.30366424 -0.0084286441   -5.2754379 
Loop time of 36.3854 on 1 procs for 50000 steps with 1331 atoms

Performance: 474915.404 tau/day, 1374.177 timesteps/s
99.9% CPU use with 1 MPI tasks x no OpenMP threads

MPI task timing breakdown:
Section |  min time  |  avg time  |  max time  |%varavg| %total
---------------------------------------------------------------
Pair    | 30.683     | 30.683     | 30.683     |   0.0 | 84.33
Neigh   | 4.2707     | 4.2707     | 4.2707     |   0.0 | 11.74
Comm    | 0.1948     | 0.1948     | 0.1948     |   0.0 |  0.54
Output  | 0.029173   | 0.029173   | 0.029173   |   0.0 |  0.08
Modify  | 1.1166     | 1.1166     | 1.1166     |   0.0 |  3.07
Other   |            | 0.09064    |            |       |  0.25

Nlocal:    1331 ave 1331 max 1331 min
Histogram: 1 0 0 0 0 0 0 0 0 0
Nghost:    326 ave 326 max 326 min
Histogram: 1 0 0 0 0 0 0 0 0 0
Neighs:    44741 ave 44741 max 44741 min
Histogram: 1 0 0 0 0 0 0 0 0 0

Total # of neighbors = 44741
Ave neighs/atom = 33.6146
Neighbor list builds = 2500
Dangerous builds not checked

write_restart NVT/sim1/T_0.30__v_3.38/end1.restart
Total wall time: 0:00:36
