run 50000
Neighbor list info ...
  update every 20 steps, delay 0 steps, check no
  max neighbors/atom: 2000, page size: 100000
  master list distance cutoff = 2.8
  ghost atom cutoff = 2.8
  binsize = 1.4, bins = 16 16 16
  1 neighbor lists, perpetual/occasional/extra = 1 0 0
  (1) pair lj/cut, perpetual
      attributes: half, newton on
      pair build: half/bin/atomonly/newton
      stencil: half/bin/3d/newton
      bin: standard
Per MPI rank memory allocation (min/avg/max) = 2.7 | 2.7 | 2.7 Mbytes
Step Temp Press Volume Density PotEng KinEng TotEng 
       0          1.9   0.19191141        10648        0.125  -0.13561964    2.8478588    2.7122391 
    1000    1.7937654   0.16710332    12905.344   0.10313557  -0.58441405    2.6886266    2.1042125 
    2000    1.8227463   0.15956859    14859.386  0.089573017  -0.48557339    2.7320653    2.2464919 
    3000    1.8647962   0.14291943    16854.432  0.078970325  -0.43497011    2.7950927    2.3601226 
    4000    1.8829563   0.13518825    18765.659   0.07092743  -0.40365862    2.8223124    2.4186538 
    5000    1.8885316   0.11605985    20497.357  0.064935202  -0.36314957    2.8306691    2.4675196 
    6000    1.8842413   0.11327813    21966.072  0.060593445  -0.33124961    2.8242385    2.4929889 
    7000    1.8982254   0.10531862    23000.467   0.05786839  -0.34146054    2.8451989    2.5037384 
    8000    1.9124334    0.1015208    23811.107  0.055898284  -0.32510503    2.8664948    2.5413898 
    9000    1.9844952   0.09882213     24692.69  0.053902592  -0.31048109    2.9745064    2.6640253 
   10000    1.8634468   0.10058295    24847.922  0.053565848    -0.303392    2.7930701    2.4896781 
   11000    1.9209569  0.096079497    24125.054  0.055170861  -0.32416354    2.8792705     2.555107 
   12000    1.8770879   0.10258064    23685.959  0.056193628  -0.34212591    2.8135164    2.4713905 
   13000    1.8925435   0.10460974      23464.2  0.056724712  -0.30949423    2.8366823    2.5271881 
   14000    1.9342433   0.10659527    24444.289  0.054450346  -0.28771305    2.8991851     2.611472 
   15000    1.8720994  0.087615693    25663.709   0.05186312  -0.29508656    2.8060393    2.5109527 
   16000    1.8645242  0.099281018    24409.199  0.054528622  -0.29724403    2.7946851     2.497441 
   17000    1.9073275   0.10700967    23773.671  0.055986305  -0.29772021    2.8588418    2.5611215 
   18000    1.8669715  0.093045838    23868.404  0.055764096  -0.33499859    2.7983532    2.4633547 
   19000    1.9280805  0.096061558    24128.162  0.055163754  -0.31639079    2.8899478     2.573557 
   20000    1.8893577  0.096095988     24813.99  0.053639096  -0.31698424    2.8319073    2.5149231 
   21000    1.9445947   0.10082795    24483.802  0.054362472  -0.32408817    2.9147006    2.5906124 
   22000    1.8736594   0.10519401     23565.31  0.056481329  -0.29785889    2.8083775    2.5105186 
   23000    1.8797595    0.1032952    23139.708  0.057520172  -0.32562268    2.8175208    2.4918981 
   24000    1.8561031   0.10691874    23800.068  0.055924211  -0.29561377    2.7820629    2.4864491 
   25000    1.9099737   0.09763811    24404.628  0.054538837  -0.30321033    2.8628081    2.5595977 
   26000    1.9059055  0.097683201    25236.385   0.05274131  -0.30503522    2.8567104    2.5516752 
   27000    1.9360069   0.10365364    25150.762  0.052920861  -0.29617767    2.9018286    2.6056509 
   28000    1.9124208   0.10087827    23543.375  0.056533952  -0.32733936    2.8664759    2.5391365 
   29000    1.8566501   0.10607556    22955.368  0.057982082  -0.32397281    2.7828827    2.4589099 
   30000    1.8456101  0.096720642    23190.213  0.057394903  -0.34789873    2.7663352    2.4184365 
   31000    1.9214822   0.10282293    23583.386  0.056438037  -0.33455037    2.8800579    2.5455075 
   32000    1.9278597  0.098037748    24768.649  0.053737286  -0.31927141    2.8896169    2.5703455 
   33000    1.9059778   0.10107314    24917.459  0.053416362   -0.3124377    2.8568187     2.544381 
   34000    1.9034064  0.094465488    24253.639  0.054878362  -0.31374378    2.8529645    2.5392207 
   35000    1.8713572  0.096579939    23733.344  0.056081436  -0.31384805    2.8049268    2.4910788 
   36000    1.8426346  0.098128777    23359.966  0.056977822  -0.32992916    2.7618753    2.4319462 
   37000    1.9187216    0.1054617    23612.329  0.056368857  -0.31286091      2.87592    2.5630591 
   38000    1.8796916   0.10181111    24123.433  0.055174569   -0.3072676     2.817419    2.5101514 
   39000    1.9169266   0.10052866    24737.277  0.053805437  -0.30856952    2.8732295      2.56466 
   40000    1.8965425  0.092055335    24863.983  0.053531246  -0.30805078    2.8426765    2.5346257 
   41000    1.9239241    0.1080328    23761.948  0.056013925  -0.30708054     2.883718    2.5766375 
   42000     1.870031   0.10504638    23764.167  0.056008697    -0.327103     2.802939     2.475836 
   43000    1.9425013   0.10171206    24666.523  0.053959773  -0.28871538    2.9115628    2.6228474 
   44000    1.8928157  0.089208182    25991.802  0.051208454  -0.32810716    2.8370904    2.5089832 
   45000    1.9824531   0.10212622    24572.865  0.054165439  -0.32023291    2.9714454    2.6512125 
   46000    1.8653998   0.10268269    24101.155  0.055225569  -0.32314799    2.7959974    2.4728494 
   47000    1.9685201   0.10537906    23721.586  0.056109234  -0.33724746    2.9505616    2.6133142 
   48000    1.8078811  0.094339087    24301.709   0.05476981  -0.31563508    2.7097842    2.3941491 
   49000    1.9407674    0.1034478    23309.135  0.057102075  -0.30657117    2.9089638    2.6023927 
   50000    1.8642618  0.096106174    23144.073  0.057509325  -0.34100095    2.7942918    2.4532908 
Loop time of 8.04488 on 1 procs for 50000 steps with 1331 atoms

Performance: 2147950.804 tau/day, 6215.135 timesteps/s
99.7% CPU use with 1 MPI tasks x no OpenMP threads

MPI task timing breakdown:
Section |  min time  |  avg time  |  max time  |%varavg| %total
---------------------------------------------------------------
Pair    | 3.6976     | 3.6976     | 3.6976     |   0.0 | 45.96
Neigh   | 1.4719     | 1.4719     | 1.4719     |   0.0 | 18.30
Comm    | 0.35099    | 0.35099    | 0.35099    |   0.0 |  4.36
Output  | 0.025688   | 0.025688   | 0.025688   |   0.0 |  0.32
Modify  | 2.3921     | 2.3921     | 2.3921     |   0.0 | 29.73
Other   |            | 0.1066     |            |       |  1.33

Nlocal:    1331 ave 1331 max 1331 min
Histogram: 1 0 0 0 0 0 0 0 0 0
Nghost:    1010 ave 1010 max 1010 min
Histogram: 1 0 0 0 0 0 0 0 0 0
Neighs:    3606 ave 3606 max 3606 min
Histogram: 1 0 0 0 0 0 0 0 0 0

Total # of neighbors = 3606
Ave neighs/atom = 2.70924
Neighbor list builds = 2500
Dangerous builds not checked

write_restart lattice_11_11_11__2_2_2/sim1/T_1.90__P_0.10/end1.restart
Total wall time: 0:00:08
