run 50000
Neighbor list info ...
  update every 20 steps, delay 0 steps, check no
  max neighbors/atom: 2000, page size: 100000
  master list distance cutoff = 2.8
  ghost atom cutoff = 2.8
  binsize = 1.4, bins = 16 16 16
  1 neighbor lists, perpetual/occasional/extra = 1 0 0
  (1) pair lj/cut, perpetual
      attributes: half, newton on
      pair build: half/bin/atomonly/newton
      stencil: half/bin/3d/newton
      bin: standard
Per MPI rank memory allocation (min/avg/max) = 2.7 | 2.7 | 2.7 Mbytes
Step Temp Press Volume Density PotEng KinEng TotEng 
       0          1.4   0.12945836        10648        0.125  -0.13561964    2.0984222    1.9628026 
    1000    2.0670651   0.47882329    5959.7846   0.22333022   -1.1833169    3.0982682    1.9149513 
    2000    1.7732661   0.57921881    4130.4011   0.32224473   -1.7296965    2.6579008   0.92820432 
    3000     1.619189   0.56372716    3110.8862   0.42785235    -2.356531    2.4269587  0.070427679 
    4000    1.5067455    1.0304866    2499.4631   0.53251435   -2.9044919    2.2584202  -0.64607169 
    5000    1.4817181    1.1613382    2148.3442   0.61954692   -3.4488095    2.2209072   -1.2279023 
    6000    1.3777117    1.6942837    1966.0148   0.67700405    -3.740827     2.065015    -1.675812 
    7000    1.3351521    1.8516078    1900.2473   0.70043515   -3.8916579    2.0012235   -1.8904345 
    8000    1.4053303    1.7758122    1910.5321   0.69666455   -3.8802117    2.1064116   -1.7738001 
    9000    1.4275082    1.7166727     1939.863   0.68613094   -3.8128335    2.1396535     -1.67318 
   10000    1.4252003    1.6782968    1927.1385   0.69066132   -3.8572496    2.1361942   -1.7210553 
   11000    1.3910856    1.7889898    1900.9468    0.7001774   -3.8955563    2.0850607   -1.8104956 
   12000    1.3850106     1.755782    1918.1248   0.69390689   -3.8438213     2.075955   -1.7678663 
   13000    1.4632502    1.5517003    1934.8462   0.68790996   -3.8630038    2.1932263   -1.6697775 
   14000    1.3864653    1.7669861    1922.2152   0.69243027   -3.8239636    2.0781354   -1.7458283 
   15000    1.3925365    1.7724663    1906.6071   0.69809874    -3.873158    2.0872354   -1.7859226 
   16000    1.4624241    1.7313513    1915.3298   0.69491947   -3.9035435    2.1919881   -1.7115555 
   17000    1.4179856    1.9686791    1928.1729    0.6902908   -3.8138049    2.1253803   -1.6884246 
   18000     1.422176    1.5681285     1923.705   0.69189404   -3.9041685    2.1316612   -1.7725073 
   19000    1.3679538     1.911287    1900.1655    0.7004653   -3.8646278    2.0503891   -1.8142387 
   20000    1.3667202    1.8791532     1915.283   0.69493648   -3.8278266      2.04854   -1.7792866 
   21000    1.4259004    1.6451777    1939.8539   0.68613415   -3.8084701    2.1372436   -1.6712265 
   22000     1.386604    1.7706997    1933.9334   0.68823466   -3.8163265    2.0783433   -1.7379832 
   23000    1.3826702    1.5405254    1921.4991   0.69268832   -3.9111777    2.0724471   -1.8387306 
   24000    1.3945158     1.733087    1929.9096   0.68966959   -3.8536281    2.0902021   -1.7634259 
   25000    1.4240027    1.7403891    1943.3999   0.68488219    -3.813727    2.1343993   -1.6793277 
   26000    1.4020237    1.3632123    1943.0364   0.68501033   -3.8890683    2.1014555   -1.7876128 
   27000    1.3553071    1.5692395    1928.3737    0.6902189    -3.877007    2.0314333   -1.8455738 
   28000    1.3573292    1.6317932    1968.7547   0.67606187    -3.766249    2.0344641   -1.7317848 
   29000    1.4015265    1.6176031    1948.6976   0.68302029   -3.7962194    2.1007103   -1.6955091 
   30000    1.4138045    1.4513419    1929.6105   0.68977652   -3.8842809    2.1191134   -1.7651674 
   31000    1.3959332    1.7811895    1918.0619   0.69392962   -3.8402834    2.0923266   -1.7479568 
   32000     1.397931    1.6975854    1898.9109   0.70092811   -3.9207211    2.0953211   -1.8254001 
   33000    1.3706961    1.9092282    1929.8052   0.68970693    -3.790274    2.0544994   -1.7357746 
   34000    1.4323642    1.8030423    1936.9999   0.68714511   -3.8200196     2.146932   -1.6730876 
   35000    1.4295986    1.9645729    1913.3082   0.69565374   -3.8293814    2.1427869   -1.6865945 
   36000    1.4334084    1.7998056    1889.3079   0.70449078   -3.9241498    2.1484971   -1.7756526 
   37000    1.4220707    1.9217334    1905.2877   0.69858217   -3.8528062    2.1315035   -1.7213028 
   38000    1.4489873     1.816052    1926.6984   0.69081907   -3.8597851    2.1718479   -1.6879372 
   39000     1.395752     1.652785    1932.4233   0.68877249   -3.8493441     2.092055   -1.7572891 
   40000    1.3656261    1.6377339    1908.2466   0.69749896   -3.8892741    2.0469001    -1.842374 
   41000    1.4135107    1.7154009    1932.4782   0.68875292   -3.8205483    2.1186731   -1.7018752 
   42000    1.4045993    1.8660408    1932.3232   0.68880815   -3.8128041    2.1053161    -1.707488 
   43000    1.3957684    1.6179327    1909.8717   0.69690546   -3.9201381    2.0920796   -1.8280586 
   44000    1.3754422    1.9025755    1909.0695   0.69719829    -3.855422    2.0616132   -1.7938088 
   45000    1.4060858     2.191769    1905.1289    0.6986404   -3.8011046     2.107544   -1.6935606 
   46000    1.4685383    1.9620128    1906.7846   0.69803374   -3.8396305    2.2011525    -1.638478 
   47000    1.3949734    2.0150779    1904.3784   0.69891571   -3.8581275     2.090888   -1.7672396 
   48000    1.4516335    1.7700236    1916.5371   0.69448174   -3.8879919    2.1758142   -1.7121776 
   49000     1.437566    1.7218993    1937.4895   0.68697146   -3.8130012    2.1547289   -1.6582723 
   50000    1.3867515    1.8401746    1911.1131   0.69645275    -3.872685    2.0785645   -1.7941205 
Loop time of 37.3437 on 1 procs for 50000 steps with 1331 atoms

Performance: 462728.352 tau/day, 1338.913 timesteps/s
99.7% CPU use with 1 MPI tasks x no OpenMP threads

MPI task timing breakdown:
Section |  min time  |  avg time  |  max time  |%varavg| %total
---------------------------------------------------------------
Pair    | 29.163     | 29.163     | 29.163     |   0.0 | 78.09
Neigh   | 4.8899     | 4.8899     | 4.8899     |   0.0 | 13.09
Comm    | 0.7975     | 0.7975     | 0.7975     |   0.0 |  2.14
Output  | 0.026587   | 0.026587   | 0.026587   |   0.0 |  0.07
Modify  | 2.3058     | 2.3058     | 2.3058     |   0.0 |  6.17
Other   |            | 0.1607     |            |       |  0.43

Nlocal:    1331 ave 1331 max 1331 min
Histogram: 1 0 0 0 0 0 0 0 0 0
Nghost:    2754 ave 2754 max 2754 min
Histogram: 1 0 0 0 0 0 0 0 0 0
Neighs:    41654 ave 41654 max 41654 min
Histogram: 1 0 0 0 0 0 0 0 0 0

Total # of neighbors = 41654
Ave neighs/atom = 31.2953
Neighbor list builds = 2500
Dangerous builds not checked

write_restart lattice_11_11_11__2_2_2/sim1/T_1.40__P_1.70/end1.restart
Total wall time: 0:00:37
