run 50000
Neighbor list info ...
  update every 20 steps, delay 0 steps, check no
  max neighbors/atom: 2000, page size: 100000
  master list distance cutoff = 2.8
  ghost atom cutoff = 2.8
  binsize = 1.4, bins = 16 16 16
  1 neighbor lists, perpetual/occasional/extra = 1 0 0
  (1) pair lj/cut, perpetual
      attributes: half, newton on
      pair build: half/bin/atomonly/newton
      stencil: half/bin/3d/newton
      bin: standard
Per MPI rank memory allocation (min/avg/max) = 2.7 | 2.7 | 2.7 Mbytes
Step Temp Press Volume Density PotEng KinEng TotEng 
       0            1  0.079495929        10648        0.125  -0.13561964     1.498873    1.3632534 
    1000    1.5723338   0.29777854    5822.3201   0.22860303   -1.2803772    2.3567288    1.0763516 
    2000    1.3753666   0.25590823    3948.1002   0.33712417   -1.9953384    2.0614999   0.06616151 
    3000    1.2386452   0.25198986    2894.9449   0.45976696   -2.7138524    1.8565719  -0.85728052 
    4000    1.1625511   0.50551381    2259.1945   0.58914804   -3.4099439    1.7425166   -1.6674273 
    5000     1.093747   0.96375534    1913.8875   0.69544318   -4.0175903    1.6393878   -2.3782024 
    6000     1.030321    1.0706372    1758.3378   0.75696491   -4.4625576    1.5443204   -2.9182372 
    7000   0.94810725    1.3227985    1698.4387   0.78366092   -4.6228563    1.4210924   -3.2017639 
    8000    1.0008155    1.3462596    1703.6557   0.78126113   -4.6091031    1.5000954   -3.1090077 
    9000     1.008269    1.3682471    1734.5753   0.76733482   -4.4793508    1.5112672   -2.9680836 
   10000   0.99822695    1.3780216    1729.3927   0.76963435   -4.5203388    1.4962155   -3.0241233 
   11000    1.0134773    1.0658995    1714.2399   0.77643743    -4.636574    1.5190738   -3.1175001 
   12000    1.0200991    1.0832383    1715.6106   0.77581709   -4.6106007    1.5289991   -3.0816016 
   13000    1.0155681     1.178338    1728.6311   0.76997342   -4.5437255    1.5222076   -3.0215179 
   14000     1.015568    1.3023174    1715.9246    0.7756751   -4.5783214    1.5222075    -3.056114 
   15000   0.97360606    1.2438495    1707.2997   0.77959365   -4.6110408    1.4593119    -3.151729 
   16000   0.98504761    1.3020925    1716.3465   0.77548442    -4.575242    1.4764613   -3.0987807 
   17000    1.0276803    1.3524708    1722.8993     0.772535   -4.5323115    1.5403622   -2.9919493 
   18000    1.0181021    1.4550552    1708.4521   0.77906778   -4.5604967    1.5260057    -3.034491 
   19000    1.0168502    1.3883772    1696.1861   0.78470165    -4.618399    1.5241293   -3.0942697 
   20000    1.0085388    1.2707448    1719.9956   0.77383917   -4.5674794    1.5116716   -3.0558078 
   21000   0.99658847     1.299065    1732.8985    0.7680773   -4.5161543    1.4937596   -3.0223947 
   22000   0.95903083    1.3099511    1724.5807    0.7717818     -4.53566    1.4374654   -3.0981946 
   23000    1.0001685    1.4139845    1706.4668   0.77997416   -4.5785084    1.4991255   -3.0793829 
   24000    1.0488041    1.1136469    1720.0177   0.77382923   -4.5930306    1.5720241   -3.0210065 
   25000    1.0265118    1.1695856    1724.6789   0.77173785   -4.5717726    1.5386108   -3.0331618 
   26000   0.96987531     1.297423    1721.4818   0.77317113   -4.5396272    1.4537199   -3.0859073 
   27000    1.0161718    1.5263715    1704.1901   0.78101617   -4.5735654    1.5231124    -3.050453 
   28000    1.0306159    1.3841639    1718.8597   0.77435058   -4.5418853    1.5447624    -2.997123 
   29000   0.99176484    1.3820118    1718.0686   0.77470715   -4.5305601    1.4865296   -3.0440305 
   30000   0.96548733    1.0786596    1716.9413   0.77521577   -4.6013036    1.4471429   -3.1541606 
   31000    0.9873819    1.4894838    1712.5926   0.77718425   -4.5332491    1.4799601    -3.053289 
   32000    1.0278258    1.3787376    1715.8992   0.77568657   -4.5605896    1.5405804   -3.0200093 
   33000    0.9979735    1.1759675    1713.7217   0.77667219   -4.5997946    1.4958356   -3.1039591 
   34000   0.95189776    1.2955836    1715.9095   0.77568194   -4.5645028    1.4267739   -3.1377289 
   35000   0.97003507    1.1930832    1737.5462    0.7660228   -4.5004433    1.4539594   -3.0464839 
   36000    1.0248474    1.3330597    1721.7865   0.77303427   -4.5412385    1.5361162   -3.0051223 
   37000    1.0195977    1.3529715    1696.4078   0.78459906   -4.6226843    1.5282475   -3.0944368 
   38000    1.0141024    1.3000817    1709.1196   0.77876353   -4.5983943    1.5200107   -3.0783836 
   39000   0.99556523    1.3423729    1723.8522   0.77210796   -4.5287899    1.4922259    -3.036564 
   40000     1.052412    1.3071208    1731.4951   0.76869984   -4.5055256     1.577432   -2.9280937 
   41000    1.0379995    1.4231777    1708.0824    0.7792364   -4.5769007    1.5558295   -3.0210712 
   42000    1.0070785    1.3084615    1711.2817   0.77777959   -4.5806385    1.5094827   -3.0711557 
   43000   0.98953987     1.312211    1728.2592   0.77013912   -4.5271403    1.4831946   -3.0439457 
   44000    1.0000152    1.1131756    1748.2394   0.76133737   -4.5009033    1.4988958   -3.0020075 
   45000   0.99570462    1.3155316    1712.7026   0.77713435   -4.5704712    1.4924348   -3.0780364 
   46000     1.011462    1.6085681    1699.3923   0.78322115   -4.5695476    1.5160531   -3.0534945 
   47000    1.0306493    1.2061267    1730.5763   0.76910796   -4.5288473    1.5448124   -2.9840349 
   48000    1.0013597    1.2450226    1733.9124   0.76762818   -4.5206713    1.5009111   -3.0197602 
   49000   0.97716517    1.2890142    1724.2832   0.77191496   -4.5267832    1.4646465   -3.0621367 
   50000   0.98413123     1.310677    1708.7874    0.7789149   -4.5915001    1.4750877   -3.1164124 
Loop time of 40.9358 on 1 procs for 50000 steps with 1331 atoms

Performance: 422124.908 tau/day, 1221.426 timesteps/s
99.9% CPU use with 1 MPI tasks x no OpenMP threads

MPI task timing breakdown:
Section |  min time  |  avg time  |  max time  |%varavg| %total
---------------------------------------------------------------
Pair    | 32.479     | 32.479     | 32.479     |   0.0 | 79.34
Neigh   | 5.0493     | 5.0493     | 5.0493     |   0.0 | 12.33
Comm    | 0.8237     | 0.8237     | 0.8237     |   0.0 |  2.01
Output  | 0.025174   | 0.025174   | 0.025174   |   0.0 |  0.06
Modify  | 2.3599     | 2.3599     | 2.3599     |   0.0 |  5.76
Other   |            | 0.1985     |            |       |  0.49

Nlocal:    1331 ave 1331 max 1331 min
Histogram: 1 0 0 0 0 0 0 0 0 0
Nghost:    2897 ave 2897 max 2897 min
Histogram: 1 0 0 0 0 0 0 0 0 0
Neighs:    46355 ave 46355 max 46355 min
Histogram: 1 0 0 0 0 0 0 0 0 0

Total # of neighbors = 46355
Ave neighs/atom = 34.8272
Neighbor list builds = 2500
Dangerous builds not checked

write_restart lattice_11_11_11__2_2_2/sim1/T_1.00__P_1.30/end1.restart
Total wall time: 0:00:40
