run 50000
Neighbor list info ...
  update every 20 steps, delay 0 steps, check no
  max neighbors/atom: 2000, page size: 100000
  master list distance cutoff = 2.8
  ghost atom cutoff = 2.8
  binsize = 1.4, bins = 16 16 16
  1 neighbor lists, perpetual/occasional/extra = 1 0 0
  (1) pair lj/cut, perpetual
      attributes: half, newton on
      pair build: half/bin/atomonly/newton
      stencil: half/bin/3d/newton
      bin: standard
Per MPI rank memory allocation (min/avg/max) = 2.7 | 2.7 | 2.7 Mbytes
Step Temp Press Volume Density PotEng KinEng TotEng 
       0          1.1  0.091986538        10648        0.125  -0.13561964    1.6487603    1.5131407 
    1000    1.6435742   0.25186738    6230.2521   0.21363501   -1.2117144     2.463509    1.2517946 
    2000    1.3900005   0.29639235    4371.1909   0.30449368   -1.7565988    2.0834343   0.32683551 
    3000    1.2894936   0.24088968     3285.474   0.40511658   -2.4085651    1.9327871  -0.47577801 
    4000     1.200068   0.32927436    2589.5946   0.51398006   -2.9716285    1.7987496   -1.1728789 
    5000    1.1905474   0.68889544    2153.1408   0.61816673   -3.5567839    1.7844793   -1.7723045 
    6000    1.1196675   0.94383977    1935.8156    0.6875655   -3.9585284    1.6782394   -2.2802891 
    7000    1.0810601    1.0343093    1838.5981   0.72392112   -4.2364853    1.6203718   -2.6161136 
    8000    1.0924662   0.99509361    1809.2395   0.73566823   -4.3140587     1.637468   -2.6765906 
    9000    1.1225397    1.0464589    1834.1466    0.7256781   -4.2535623    1.6825444   -2.5710178 
   10000     1.115564    1.0528128    1850.8683   0.71912195    -4.186053    1.6720887   -2.5139642 
   11000    1.1057658    1.0142006    1841.2657    0.7228723   -4.2438577    1.6574025   -2.5864552 
   12000    1.0615323     1.145801    1827.9839   0.72812459   -4.2141022    1.5911021   -2.6230001 
   13000    1.0598727    1.0399564    1836.8728   0.72460108   -4.2196815    1.5886146   -2.6310669 
   14000    1.1326267     0.792737    1852.9457    0.7183157   -4.2394533    1.6976636   -2.5417897 
   15000    1.0764548    1.0954152    1853.4872   0.71810585   -4.1851288    1.6134691   -2.5716597 
   16000    1.1087004   0.99682518    1824.9545   0.72933327   -4.2740079    1.6618011   -2.6122067 
   17000    1.0951399    1.2815374    1818.3741   0.73197261   -4.2385663    1.6414757   -2.5970905 
   18000    1.1202559    1.1877604    1831.9332   0.72655487   -4.2125232    1.6791214   -2.5334018 
   19000     1.169552    1.3041637    1817.3987   0.73236543   -4.2452084      1.75301   -2.4921984 
   20000    1.1203586    1.2631814    1811.5605   0.73472566   -4.2614986    1.6792753   -2.5822233 
   21000    1.1074571    1.2132335    1822.9779   0.73012403   -4.2328094    1.6599375   -2.5728719 
   22000    1.0761093    1.2616582    1845.4416   0.72123658   -4.1536817    1.6129512   -2.5407305 
   23000    1.1010846     1.048083    1847.0571   0.72060576   -4.1760671     1.650386   -2.5256811 
   24000     1.102998    1.0369607     1838.201    0.7240775   -4.2289284     1.653254   -2.5756744 
   25000    1.1009363   0.94433064    1837.8493   0.72421607   -4.2473906    1.6501637    -2.597227 
   26000    1.0649828   0.84804761    1854.6233   0.71766596   -4.2029807     1.596274   -2.6067068 
   27000     1.077593   0.83346371    1853.3125   0.71817355   -4.2403693    1.6151751   -2.6251942 
   28000    1.0834502   0.97035543    1853.3466   0.71816033    -4.193161    1.6239543   -2.5692067 
   29000    1.1194364   0.90488689    1867.1792   0.71283999   -4.1818693     1.677893   -2.5039762 
   30000    1.1005019   0.96666936    1824.1981   0.72963566   -4.2719276    1.6495126    -2.622415 
   31000    1.0895552    1.1361576    1828.4851   0.72792499   -4.2359635    1.6331049   -2.6028586 
   32000     1.142955     1.080602    1841.9728   0.72259481   -4.2231878    1.7131445   -2.5100433 
   33000     1.116023    1.0384462    1818.6926   0.73184439   -4.2851019    1.6727767   -2.6123252 
   34000    1.0738645    1.0812865    1825.4687   0.72912781   -4.2581502    1.6095866   -2.6485637 
   35000    1.1280138    1.0624631    1833.5251   0.72592407   -4.2320491    1.6907495   -2.5412996 
   36000    1.1250829    1.1047124    1818.3166   0.73199573   -4.2904118    1.6863564   -2.6040555 
   37000    1.1017429    1.2503994    1791.2693   0.74304851   -4.3263741    1.6513727   -2.6750014 
   38000    1.1084505    1.3653349    1808.5789   0.73593692   -4.2392661    1.6614266   -2.5778395 
   39000    1.1205022    1.3254357    1823.5932   0.72987768   -4.2054804    1.6794906   -2.5259898 
   40000    1.1234578    1.2607263    1837.3927   0.72439605   -4.1700658    1.6839206   -2.4861453 
   41000    1.1313614    1.3271737    1842.0619   0.72255985   -4.1472018    1.6957671   -2.4514347 
   42000     1.127746    1.0667841    1826.8563     0.728574   -4.2554541    1.6903481    -2.565106 
   43000    1.0827241    1.1433574    1828.9671   0.72773315   -4.2243266     1.622866   -2.6014606 
   44000    1.1168904    1.0512871    1847.3521   0.72049068   -4.2009619    1.6740769   -2.5268849 
   45000    1.1075366    1.0617805    1856.1747   0.71706612   -4.1618746    1.6600568   -2.5018178 
   46000    1.0890982    0.9244969    1834.4274   0.72556702    -4.243184    1.6324199   -2.6107641 
   47000    1.0911765    1.0466001    1842.6986   0.72231019   -4.2182553    1.6355351   -2.5827203 
   48000    1.0980193     1.090793      1863.66   0.71418606   -4.1169271    1.6457916   -2.4711356 
   49000     1.091784   0.97124656    1842.2859   0.72247202   -4.2161375    1.6364456   -2.5796919 
   50000    1.0822699    1.0126238    1821.4561   0.73073406   -4.2597147    1.6221851   -2.6375296 
Loop time of 38.738 on 1 procs for 50000 steps with 1331 atoms

Performance: 446073.492 tau/day, 1290.722 timesteps/s
99.8% CPU use with 1 MPI tasks x no OpenMP threads

MPI task timing breakdown:
Section |  min time  |  avg time  |  max time  |%varavg| %total
---------------------------------------------------------------
Pair    | 30.471     | 30.471     | 30.471     |   0.0 | 78.66
Neigh   | 4.9423     | 4.9423     | 4.9423     |   0.0 | 12.76
Comm    | 0.80119    | 0.80119    | 0.80119    |   0.0 |  2.07
Output  | 0.026803   | 0.026803   | 0.026803   |   0.0 |  0.07
Modify  | 2.3257     | 2.3257     | 2.3257     |   0.0 |  6.00
Other   |            | 0.1713     |            |       |  0.44

Nlocal:    1331 ave 1331 max 1331 min
Histogram: 1 0 0 0 0 0 0 0 0 0
Nghost:    2803 ave 2803 max 2803 min
Histogram: 1 0 0 0 0 0 0 0 0 0
Neighs:    43729 ave 43729 max 43729 min
Histogram: 1 0 0 0 0 0 0 0 0 0

Total # of neighbors = 43729
Ave neighs/atom = 32.8542
Neighbor list builds = 2500
Dangerous builds not checked

write_restart lattice_11_11_11__2_2_2/sim1/T_1.10__P_1.10/end1.restart
Total wall time: 0:00:38
