run 50000
Neighbor list info ...
  update every 20 steps, delay 0 steps, check no
  max neighbors/atom: 2000, page size: 100000
  master list distance cutoff = 2.8
  ghost atom cutoff = 2.8
  binsize = 1.4, bins = 14 14 14
  1 neighbor lists, perpetual/occasional/extra = 1 0 0
  (1) pair lj/cut, perpetual
      attributes: half, newton on
      pair build: half/bin/atomonly/newton
      stencil: half/bin/3d/newton
      bin: standard
Per MPI rank memory allocation (min/avg/max) = 2.746 | 2.746 | 2.746 Mbytes
Step Temp Press TotEng 
       0          0.8 -0.051607261    0.7767644 
    1000   0.99383881  0.060318926   0.17270841 
    2000   0.83815589  0.026812972  -0.33123705 
    3000   0.80396893  0.056167279  -0.62512593 
    4000   0.79107808  0.018655897  -0.79112547 
    5000   0.80200142 -0.017894176  -0.99557578 
    6000   0.81865099  0.018260625   -1.2835792 
    7000   0.81007428 -0.018312377   -1.4817726 
    8000   0.82275645 -0.0012049319   -1.6280533 
    9000    0.7778669  0.022813827   -1.7444069 
   10000   0.80799305 -0.0035128196   -1.8331826 
   11000   0.82668115  0.019780231   -1.8804704 
   12000   0.79420316 -0.013711155   -1.9599322 
   13000   0.80845018   0.01122061   -1.9900171 
   14000   0.83117048 -0.019222261   -1.9741087 
   15000   0.79549312 0.0086918994   -2.0333548 
   16000   0.79084904 -0.031678856   -2.0389684 
   17000   0.82189918  0.018595222   -1.9316321 
   18000   0.78465315  0.030249658   -2.0101538 
   19000   0.80004522 -0.015037238   -2.0454242 
   20000    0.7829227 -0.010240511   -2.0162755 
   21000   0.80025425 0.0097930055   -1.9439187 
   22000   0.78238673 -0.013114502   -2.0028737 
   23000   0.83181241  0.015569628    -1.949895 
   24000   0.78102767 -0.013671761    -2.052364 
   25000   0.77952995 -0.027374258   -2.0356414 
   26000   0.78603011 0.0091079791   -2.0525976 
   27000   0.79591159  0.030388332   -2.1322768 
   28000   0.82028475  0.011660473   -2.1056103 
   29000   0.83382241  0.031548322   -2.0272278 
   30000   0.81531601  -0.01475233   -2.1036009 
   31000   0.80545088 -0.017585823   -2.1000387 
   32000   0.78167092  0.045051049   -2.0858409 
   33000    0.8175558  0.032274114   -2.0000073 
   34000   0.78140969 0.0033086707   -2.0717024 
   35000   0.78767143 0.0087488297   -2.0851492 
   36000   0.79289964  0.032746704   -2.0031268 
   37000   0.82729003  0.019116993    -1.954745 
   38000   0.82458447  0.010806258   -2.0415056 
   39000   0.78851241  0.011653795   -2.0413328 
   40000   0.83691435 0.0059928882   -1.9605401 
   41000   0.81758568 0.0047774199   -2.0532763 
   42000   0.79302156  0.033404249   -2.1269017 
   43000   0.79097336  0.026479096    -2.134172 
   44000   0.80804588  0.031469407   -2.0865822 
   45000   0.77820606 0.0058672033   -2.0984952 
   46000   0.82776989  0.063119348   -2.0444724 
   47000    0.8133052  0.003266513   -2.0554722 
   48000   0.78508363  0.018199956    -2.079943 
   49000   0.78637473 -0.0026031834   -2.1028074 
   50000   0.78294203  0.051928487   -2.1923439 
Loop time of 21.108 on 1 procs for 50000 steps with 1331 atoms

Performance: 818648.430 tau/day, 2368.774 timesteps/s
99.9% CPU use with 1 MPI tasks x no OpenMP threads

MPI task timing breakdown:
Section |  min time  |  avg time  |  max time  |%varavg| %total
---------------------------------------------------------------
Pair    | 16.515     | 16.515     | 16.515     |   0.0 | 78.24
Neigh   | 3.1701     | 3.1701     | 3.1701     |   0.0 | 15.02
Comm    | 0.4497     | 0.4497     | 0.4497     |   0.0 |  2.13
Output  | 0.024211   | 0.024211   | 0.024211   |   0.0 |  0.11
Modify  | 0.84268    | 0.84268    | 0.84268    |   0.0 |  3.99
Other   |            | 0.1059     |            |       |  0.50

Nlocal:    1331 ave 1331 max 1331 min
Histogram: 1 0 0 0 0 0 0 0 0 0
Nghost:    1765 ave 1765 max 1765 min
Histogram: 1 0 0 0 0 0 0 0 0 0
Neighs:    30734 ave 30734 max 30734 min
Histogram: 1 0 0 0 0 0 0 0 0 0

Total # of neighbors = 30734
Ave neighs/atom = 23.0909
Neighbor list builds = 2500
Dangerous builds not checked

write_restart NVT/sim1/T_0.80__v_4.91/end1.restart
Total wall time: 0:00:21
