run 50000
Neighbor list info ...
  update every 20 steps, delay 0 steps, check no
  max neighbors/atom: 2000, page size: 100000
  master list distance cutoff = 2.8
  ghost atom cutoff = 2.8
  binsize = 1.4, bins = 16 16 16
  1 neighbor lists, perpetual/occasional/extra = 1 0 0
  (1) pair lj/cut, perpetual
      attributes: half, newton on
      pair build: half/bin/atomonly/newton
      stencil: half/bin/3d/newton
      bin: standard
Per MPI rank memory allocation (min/avg/max) = 2.7 | 2.7 | 2.7 Mbytes
Step Temp Press Volume Density PotEng KinEng TotEng 
       0          0.8  0.054514712        10648        0.125  -0.13561964    1.1990984    1.0634788 
    1000    1.2947546   0.20601192    6206.3497   0.21445778   -1.2911409    1.9406728   0.64953194 
    2000    1.1077722   0.13532294    4290.2255    0.3102401   -1.9825578    1.6604099  -0.32214787 
    3000   0.99131103  0.036349562    3129.1201   0.42535919   -2.7083203    1.4858494   -1.2224709 
    4000   0.93150135 -0.0030046331    2401.0352   0.55434422   -3.4228401    1.3962022   -2.0266378 
    5000   0.92687858   0.32742145    1935.0649   0.68783224   -4.1202801    1.3892733   -2.7310068 
    6000   0.83943119   0.73235912    1734.7171    0.7672721   -4.5966682    1.2582008   -3.3384674 
    7000   0.78463933   0.70913767     1647.543   0.80786966   -4.9189982    1.1760747   -3.7429235 
    8000   0.77977698   0.76543376    1622.9206    0.8201264   -5.0305573    1.1687867   -3.8617706 
    9000    0.7946613   0.86666509    1646.8409   0.80821407   -4.9019079    1.1910964   -3.7108115 
   10000   0.82484712   0.78232264    1669.8995   0.79705395   -4.8424432    1.2363411   -3.6061021 
   11000   0.81677915   0.71862964    1646.8781   0.80819583   -4.9326806    1.2242482   -3.7084323 
   12000   0.78354292   0.85752026    1627.8596    0.8176381   -4.9793728    1.1744313   -3.8049415 
   13000   0.81313855   0.69802948     1642.754   0.81022479   -4.9475649    1.2187914   -3.7287734 
   14000   0.79483953   0.73232675    1662.7549   0.80047875   -4.8672684    1.1913635   -3.6759049 
   15000   0.81382154   0.93739421    1643.1083   0.81005008   -4.9135496    1.2198152   -3.6937344 
   16000   0.82248452   0.60580788    1633.0392   0.81504474    -5.011191    1.2327999   -3.7783911 
   17000   0.79385495   0.71941416    1638.0446   0.81255419   -4.9638305    1.1898878   -3.7739428 
   18000   0.81949212   0.84669583    1654.3007   0.80456955   -4.8917768    1.2283146   -3.6634621 
   19000   0.80436367   0.81160162    1649.5137   0.80690449   -4.9028025     1.205639   -3.6971635 
   20000   0.79133432   0.62659921    1645.7812   0.80873448    -4.945747    1.1861097   -3.7596374 
   21000   0.80393571   0.75766033    1640.3923   0.81139126    -4.946774    1.2049975   -3.7417765 
   22000    0.7825876   0.78614777    1667.0935   0.79839552   -4.8393382    1.1729995   -3.6663387 
   23000   0.78164121    0.6804254    1665.4871   0.79916562   -4.8680202    1.1715809   -3.6964392 
   24000    0.8204926   0.98024164    1627.2355   0.81795166   -4.9691527    1.2298142   -3.7393385 
   25000   0.79518328   0.82385635    1643.6758   0.80977037   -4.9317696    1.1918788   -3.7398908 
   26000   0.79198112   0.73559955    1660.5557   0.80153892   -4.8808739    1.1870791   -3.6937948 
   27000   0.79304537    0.7148082    1648.1823   0.80755628    -4.917371    1.1886743   -3.7286966 
   28000   0.77041191   0.97530405    1635.2529   0.81394139   -4.9297873    1.1547496   -3.7750377 
   29000   0.76587414   0.72000432    1652.9404   0.80523169   -4.8905712    1.1479481   -3.7426231 
   30000   0.83102991    1.0296006    1648.8938   0.80720786   -4.8676749    1.2456083   -3.6220665 
   31000   0.79213777   0.73704585    1656.2823   0.80360699   -4.8897841    1.1873139   -3.7024702 
   32000    0.7796221   0.92656833    1632.9861   0.81507125   -4.9553773    1.1685545   -3.7868228 
   33000   0.79198954   0.95721223    1635.3985    0.8138689   -4.9311513    1.1870918   -3.7440596 
   34000   0.80544054   0.69089065    1661.9288   0.80087664   -4.8810271    1.2072531    -3.673774 
   35000   0.80216594   0.60731182    1656.2707   0.80361258   -4.9152557    1.2023449   -3.7129109 
   36000   0.81391029    1.0622958    1624.5606   0.81929845   -4.9675234    1.2199482   -3.7475752 
   37000   0.80363843    0.8041873    1645.6086   0.80881928   -4.9228411     1.204552   -3.7182891 
   38000   0.80024154   0.72156638     1668.533   0.79770671   -4.8528756    1.1994605   -3.6534152 
   39000   0.81979487   0.78944038    1650.2124   0.80656283     -4.91892    1.2287684   -3.6901516 
   40000   0.79831935   0.80977432    1644.6522   0.80928965    -4.934121    1.1965793   -3.7375417 
   41000   0.79594971   0.85612072    1637.5738   0.81278781   -4.9274685    1.1930276    -3.734441 
   42000   0.78327183   0.86612301    1643.4305   0.80989128   -4.9153317     1.174025   -3.7413067 
   43000   0.77526723   0.81894448    1654.6961   0.80437729   -4.8759021    1.1620271    -3.713875 
   44000   0.84042424   0.95914122    1645.4526     0.808896   -4.8974711    1.2596892   -3.6377819 
   45000   0.78819137   0.73548132    1643.0742   0.81006687   -4.9275185    1.1813988   -3.7461197 
   46000   0.79352489   0.79473018    1638.6931   0.81223264   -4.9454113     1.189393   -3.7560182 
   47000    0.8132228   0.73082541    1649.0629   0.80712504     -4.91158    1.2189177   -3.6926622 
   48000   0.78385101   0.83072885    1657.1994   0.80316224   -4.8621446    1.1748931   -3.6872514 
   49000   0.80925766    0.8907386    1634.8793   0.81412736   -4.9350504    1.2129745   -3.7220759 
   50000   0.79286191   0.87520206    1642.8292    0.8101877   -4.9258871    1.1883993   -3.7374878 
Loop time of 36.4691 on 1 procs for 50000 steps with 1331 atoms

Performance: 473825.446 tau/day, 1371.023 timesteps/s
99.9% CPU use with 1 MPI tasks x no OpenMP threads

MPI task timing breakdown:
Section |  min time  |  avg time  |  max time  |%varavg| %total
---------------------------------------------------------------
Pair    | 29.116     | 29.116     | 29.116     |   0.0 | 79.84
Neigh   | 4.4533     | 4.4533     | 4.4533     |   0.0 | 12.21
Comm    | 0.70306    | 0.70306    | 0.70306    |   0.0 |  1.93
Output  | 0.026402   | 0.026402   | 0.026402   |   0.0 |  0.07
Modify  | 2.0123     | 2.0123     | 2.0123     |   0.0 |  5.52
Other   |            | 0.1584     |            |       |  0.43

Nlocal:    1331 ave 1331 max 1331 min
Histogram: 1 0 0 0 0 0 0 0 0 0
Nghost:    2963 ave 2963 max 2963 min
Histogram: 1 0 0 0 0 0 0 0 0 0
Neighs:    48087 ave 48087 max 48087 min
Histogram: 1 0 0 0 0 0 0 0 0 0

Total # of neighbors = 48087
Ave neighs/atom = 36.1285
Neighbor list builds = 2500
Dangerous builds not checked

write_restart lattice_11_11_11__2_2_2/sim1/T_0.80__P_0.80/end1.restart
Total wall time: 0:00:36
