run 50000
Neighbor list info ...
  update every 20 steps, delay 0 steps, check no
  max neighbors/atom: 2000, page size: 100000
  master list distance cutoff = 2.8
  ghost atom cutoff = 2.8
  binsize = 1.4, bins = 21 21 21
  1 neighbor lists, perpetual/occasional/extra = 1 0 0
  (1) pair lj/cut, perpetual
      attributes: half, newton on
      pair build: half/bin/atomonly/newton
      stencil: half/bin/3d/newton
      bin: standard
Per MPI rank memory allocation (min/avg/max) = 2.731 | 2.731 | 2.731 Mbytes
Step Temp Press TotEng 
       0          1.9   0.10180995    2.8355297 
    1000    1.9114159  0.098431111    2.5772416 
    2000    1.8768187  0.090119961    2.4728217 
    3000    1.9493337     0.103017    2.6323223 
    4000    1.8254935  0.097856891    2.4264733 
    5000    1.9126859   0.10004594    2.5562531 
    6000    1.8886751  0.099833407    2.5287508 
    7000    1.7923317  0.093259596    2.3808064 
    8000    1.9367092  0.099051448    2.5986792 
    9000    1.8508512   0.09890637    2.4774686 
   10000    1.9916356   0.10666461    2.6672506 
   11000    1.8574157   0.10284628    2.4936014 
   12000    1.9205641  0.097904065    2.5813017 
   13000    1.8235583  0.094527081    2.4182894 
   14000    1.9158488   0.10268387    2.5793559 
   15000    1.8683076  0.096517814    2.5082471 
   16000    1.8917226   0.10096516     2.546483 
   17000    1.9080386  0.099255905    2.5561569 
   18000    1.8878778   0.10189634    2.4947945 
   19000    1.9195268   0.10381916    2.5585845 
   20000     1.752552  0.094601485    2.3317637 
   21000    1.9176526   0.10005169     2.583369 
   22000    1.8741792  0.093647208    2.4967034 
   23000    1.9482209   0.10355314     2.631883 
   24000    1.9052041   0.10132014    2.5437018 
   25000    1.8974648   0.10204377    2.5423675 
   26000      1.99138   0.10424318    2.6653219 
   27000    1.8692417  0.090452465    2.4972592 
   28000    1.9373051   0.10369662    2.6035672 
   29000    1.8210103  0.094793411    2.4229497 
   30000    1.9110663   0.10266384    2.5581671 
   31000    1.8537793  0.092723507     2.474333 
   32000    1.9562064   0.10657054    2.6222498 
   33000    1.8790553   0.10063909    2.4876663 
   34000    1.8983488  0.099245506    2.5366531 
   35000    1.9017537  0.092380628    2.5384431 
   36000    1.8976265  0.097046611    2.5449435 
   37000    1.9119165   0.10025858    2.5746753 
   38000    1.8705246  0.094197239    2.4861743 
   39000     1.953083    0.1064036    2.6228627 
   40000    1.8902056   0.10853708    2.5263949 
   41000    1.9190596   0.10259845    2.5768934 
   42000    1.8601905   0.09480225    2.4723479 
   43000    1.9223159  0.099159428    2.5921502 
   44000    1.9081874  0.093203754    2.5452751 
   45000    1.9108023   0.10131223    2.5382801 
   46000    1.9459614  0.095590426    2.6157658 
   47000    1.8714183   0.10079493    2.4917113 
   48000    1.9393757  0.099552422    2.6064561 
   49000    1.8282685  0.094148903    2.4330199 
   50000     1.964514  0.099981785    2.6140068 
Loop time of 4.95172 on 1 procs for 50000 steps with 1331 atoms

Performance: 3489696.434 tau/day, 10097.501 timesteps/s
99.6% CPU use with 1 MPI tasks x no OpenMP threads

MPI task timing breakdown:
Section |  min time  |  avg time  |  max time  |%varavg| %total
---------------------------------------------------------------
Pair    | 2.5633     | 2.5633     | 2.5633     |   0.0 | 51.76
Neigh   | 1.1771     | 1.1771     | 1.1771     |   0.0 | 23.77
Comm    | 0.26856    | 0.26856    | 0.26856    |   0.0 |  5.42
Output  | 0.022455   | 0.022455   | 0.022455   |   0.0 |  0.45
Modify  | 0.84209    | 0.84209    | 0.84209    |   0.0 | 17.01
Other   |            | 0.07831    |            |       |  1.58

Nlocal:    1331 ave 1331 max 1331 min
Histogram: 1 0 0 0 0 0 0 0 0 0
Nghost:    888 ave 888 max 888 min
Histogram: 1 0 0 0 0 0 0 0 0 0
Neighs:    3389 ave 3389 max 3389 min
Histogram: 1 0 0 0 0 0 0 0 0 0

Total # of neighbors = 3389
Ave neighs/atom = 2.54621
Neighbor list builds = 2500
Dangerous builds not checked

write_restart NVT/sim1/T_1.90__v_19.68/end1.restart
Total wall time: 0:00:04
