run 50000
Neighbor list info ...
  update every 20 steps, delay 0 steps, check no
  max neighbors/atom: 2000, page size: 100000
  master list distance cutoff = 2.8
  ghost atom cutoff = 2.8
  binsize = 1.4, bins = 16 16 16
  1 neighbor lists, perpetual/occasional/extra = 1 0 0
  (1) pair lj/cut, perpetual
      attributes: half, newton on
      pair build: half/bin/atomonly/newton
      stencil: half/bin/3d/newton
      bin: standard
Per MPI rank memory allocation (min/avg/max) = 2.7 | 2.7 | 2.7 Mbytes
Step Temp Press Volume Density PotEng KinEng TotEng 
       0          1.5   0.14194897        10648        0.125  -0.13561964    2.2483095    2.1126899 
    1000      1.74484   0.21773825    8948.9087   0.14873322  -0.84074145    2.6152937    1.7745522 
    2000    1.5464979   0.21212928    7689.4639   0.17309399   -1.0098691     2.318004    1.3081349 
    3000    1.5119549   0.22217337    6729.4093   0.19778853   -1.2050266    2.2662284    1.0612019 
    4000    1.4918755   0.26009017    6062.7996   0.21953554   -1.2961751    2.2361319   0.93995682 
    5000    1.5191309   0.23533504    5620.1031    0.2368284   -1.4380644    2.2769843   0.83891987 
    6000    1.4936143   0.28793177    5271.0496   0.25251138   -1.4733216    2.2387381    0.7654165 
    7000    1.4839713   0.27614677    5003.3193    0.2660234    -1.563948    2.2242846   0.66033658 
    8000    1.4960093   0.28683491    4835.1563   0.27527549   -1.5983274     2.242328   0.64400067 
    9000    1.4898424   0.31971678    4784.0569   0.27821575   -1.6125647    2.2330846   0.62051989 
   10000    1.5067084   0.29704133    4704.4425   0.28292406   -1.6709631    2.2583646   0.58740145 
   11000    1.5261572   0.29938056    4695.5692   0.28345871     -1.69312    2.2875159   0.59439589 
   12000    1.4732135   0.30802529    4737.4319    0.2809539     -1.64811    2.2081599   0.56004994 
   13000    1.4857092   0.32240616    4714.8472   0.28229971   -1.6087531    2.2268895   0.61813645 
   14000    1.4918568   0.31439984    4785.9864   0.27810359   -1.6248235    2.2361039   0.61128046 
   15000    1.5403329   0.29178395    4934.5868   0.26972877   -1.5841248    2.3087634   0.72463859 
   16000    1.4918347   0.29637154    5139.2011   0.25898967   -1.5246456    2.2360708   0.71142523 
   17000    1.5837147    0.3223617    4987.4202   0.26687144   -1.5339047    2.3737872   0.83988252 
   18000    1.5086362   0.32509316    4828.7457   0.27564094   -1.6014578    2.2612541    0.6597963 
   19000    1.4983816   0.21181417    4664.7345   0.28533242   -1.6493828    2.2458837   0.59650091 
   20000    1.4792573   0.29517745    4516.5644   0.29469302   -1.7417623    2.2172189    0.4754566 
   21000    1.4977305   0.34329354    4449.9417   0.29910504   -1.7325036    2.2449079   0.51240425 
   22000    1.5270974   0.32976588    4715.1254   0.28228305   -1.6227131    2.2889252   0.66621207 
   23000    1.4992176   0.26680124    4969.7853   0.26781841   -1.5589085    2.2471369   0.68822836 
   24000    1.4425094   0.32643922    4872.2391   0.27318035   -1.5745428    2.1621385   0.58759569 
   25000    1.5390258   0.31888348    4666.3544   0.28523337   -1.7011757    2.3068043   0.60562855 
   26000    1.4457705   0.25002413    4676.1877   0.28463357   -1.6327345    2.1670264   0.53429197 
   27000    1.4934895   0.31280973     4710.032   0.28258832   -1.5858893    2.2385511   0.65266184 
   28000    1.4898449   0.28400226    4935.4285   0.26968277   -1.5289518    2.2330883   0.70413654 
   29000     1.490649   0.28429109     5055.502   0.26327752   -1.5187301    2.2342936   0.71556359 
   30000    1.4605676   0.27264806    4812.4992   0.27657148   -1.6017526    2.1892054   0.58745276 
   31000    1.5101376   0.24989245    4649.1497   0.28628891   -1.6936763    2.2635045    0.5698282 
   32000    1.5243188   0.35414061    4587.3265   0.29014721   -1.7031151    2.2847604   0.58164525 
   33000    1.4781966   0.34532425    4695.3929   0.28346936   -1.6474481    2.2156291   0.56818099 
   34000    1.5114488   0.33123499    4772.0241   0.27891728   -1.6261563    2.2654698   0.63931354 
   35000    1.4745839   0.30018081    4944.7598   0.26917384   -1.5474793     2.210214   0.66273466 
   36000    1.5663902   0.30724899    5004.7105   0.26594945   -1.5472944      2.34782   0.80052566 
   37000    1.4533884   0.25098769    5081.6272   0.26192397   -1.5379931    2.1784446    0.6404516 
   38000     1.552856   0.29553347    4745.8736   0.28045416    -1.625195     2.327534   0.70233901 
   39000    1.4905708   0.31778378    4749.2535   0.28025457    -1.640494    2.2341764   0.59368235 
   40000    1.5478009    0.2879709    4720.5764   0.28195709   -1.6430161     2.319957   0.67694091 
   41000    1.4352961   0.27490493    4929.8172   0.26998972   -1.5850701    2.1513267   0.56625654 
   42000    1.5767048   0.34228801    4714.2203   0.28233725   -1.6237601    2.3632803    0.7395202 
   43000    1.5091427   0.29185328    4676.5738   0.28461007   -1.6660544    2.2620133    0.5959589 
   44000    1.4944155    0.3039301    4777.8797   0.27857545   -1.6370887    2.2399391   0.60285043 
   45000    1.4942766    0.3199437    4838.4445   0.27508841   -1.5970394    2.2397308   0.64269142 
   46000    1.5045568   0.32089751     4714.075   0.28234596   -1.6389474    2.2551396   0.61619216 
   47000    1.4797207    0.2974575    4682.3464   0.28425919   -1.6197472    2.2179134   0.59816618 
   48000    1.5088211   0.31850022    4729.9734   0.28139693    -1.633422    2.2615312   0.62810922 
   49000    1.5076644   0.25644416    4900.4272   0.27160897     -1.63606    2.2597975   0.62373748 
   50000    1.5043543   0.30634467    5161.5418   0.25786869   -1.5037821    2.2548361   0.75105404 
Loop time of 20.212 on 1 procs for 50000 steps with 1331 atoms

Performance: 854936.162 tau/day, 2473.774 timesteps/s
99.3% CPU use with 1 MPI tasks x no OpenMP threads

MPI task timing breakdown:
Section |  min time  |  avg time  |  max time  |%varavg| %total
---------------------------------------------------------------
Pair    | 13.624     | 13.624     | 13.624     |   0.0 | 67.40
Neigh   | 3.3791     | 3.3791     | 3.3791     |   0.0 | 16.72
Comm    | 0.61295    | 0.61295    | 0.61295    |   0.0 |  3.03
Output  | 0.027473   | 0.027473   | 0.027473   |   0.0 |  0.14
Modify  | 2.4303     | 2.4303     | 2.4303     |   0.0 | 12.02
Other   |            | 0.1383     |            |       |  0.68

Nlocal:    1331 ave 1331 max 1331 min
Histogram: 1 0 0 0 0 0 0 0 0 0
Nghost:    1774 ave 1774 max 1774 min
Histogram: 1 0 0 0 0 0 0 0 0 0
Neighs:    15818 ave 15818 max 15818 min
Histogram: 1 0 0 0 0 0 0 0 0 0

Total # of neighbors = 15818
Ave neighs/atom = 11.8843
Neighbor list builds = 2500
Dangerous builds not checked

write_restart lattice_11_11_11__2_2_2/sim1/T_1.50__P_0.30/end1.restart
Total wall time: 0:00:20
