run 50000
Neighbor list info ...
  update every 20 steps, delay 0 steps, check no
  max neighbors/atom: 2000, page size: 100000
  master list distance cutoff = 2.8
  ghost atom cutoff = 2.8
  binsize = 1.4, bins = 16 16 16
  1 neighbor lists, perpetual/occasional/extra = 1 0 0
  (1) pair lj/cut, perpetual
      attributes: half, newton on
      pair build: half/bin/atomonly/newton
      stencil: half/bin/3d/newton
      bin: standard
Per MPI rank memory allocation (min/avg/max) = 2.7 | 2.7 | 2.7 Mbytes
Step Temp Press Volume Density PotEng KinEng TotEng 
       0          1.8    0.1794208        10648        0.125  -0.13561964    2.6979715    2.5623518 
    1000    2.4080133   0.47146917    6661.2339   0.19981283     -1.03816    3.6093062    2.5711462 
    2000    2.0943616   0.59542105    4919.0473   0.27058085   -1.3957665    3.1391822    1.7434156 
    3000    1.9303275   0.63401247    3877.1252    0.3432956    -1.825741    2.8933158    1.0675748 
    4000    1.8871108   0.72810913    3212.7618   0.41428531   -2.2444114    2.8285395   0.58412813 
    5000    1.8618889   0.91376482    2791.2393   0.47684911   -2.5932621    2.7907351   0.19747304 
    6000    1.7934846      1.35691    2545.7113   0.52284012   -2.7828744    2.6882057 -0.094668775 
    7000    1.7581668    1.4772673    2403.5421   0.55376605   -2.9271506    2.6352688   -0.2918818 
    8000     1.785103    1.3865498    2362.8024   0.56331414   -3.0266432    2.6756427  -0.35100051 
    9000    1.8169345    1.4198463    2379.9129   0.55926417   -2.9735458    2.7233542  -0.25019168 
   10000    1.7631802    1.5214924    2410.4923   0.55216936    -2.915122    2.6427833  -0.27233867 
   11000    1.8310461    1.3481208     2399.856   0.55461662   -2.9856768    2.7445055  -0.24117131 
   12000    1.7967774    1.3201324    2395.5735   0.55560807   -2.9848694    2.6931412  -0.29172819 
   13000    1.8012665    1.4341511    2393.1466   0.55617153    -2.967367    2.6998698  -0.26749723 
   14000    1.7865952    1.4715403    2386.4209     0.557739    -2.957145    2.6778794  -0.27926563 
   15000    1.8087644    1.4891662    2370.0765   0.56158525    -2.991678    2.7111081  -0.28056993 
   16000    1.7708875     1.246597    2410.6386   0.55213586   -2.9784912    2.6543354   -0.3241558 
   17000    1.8115959    1.2994439    2420.6989   0.54984121   -2.9685391    2.7153522   -0.2531869 
   18000    1.9393101    1.5148013    2357.3022    0.5646285    -2.989873    2.9067797 -0.083093313 
   19000    1.8164643    1.1947133    2408.1562     0.552705   -2.9879655    2.7226493  -0.26531621 
   20000    1.7751804    1.1840916    2397.4262   0.55517872   -3.0161796      2.66077  -0.35540962 
   21000    1.8649074    1.4961489     2375.246   0.56036302   -3.0085244    2.7952594  -0.21326505 
   22000    1.7895944    1.5139693    2428.1309   0.54815826   -2.8699334    2.6823748  -0.18755868 
   23000    1.7693068    1.1704097    2416.3862   0.55082254   -2.9893129    2.6519662  -0.33734678 
   24000    1.7947442    1.3928602    2383.3495   0.55845775    -2.992905    2.6900936  -0.30281141 
   25000     1.820933    1.4755781    2440.4869   0.54538298   -2.8849385    2.7293474  -0.15559112 
   26000     1.837295    1.3520964    2403.1791   0.55384969   -3.0017489    2.7538719  -0.24787704 
   27000    1.7912768    1.3137636    2351.8213   0.56594436   -3.0587174    2.6848965  -0.37382093 
   28000    1.7762292    1.4932753    2401.5889   0.55421641   -2.9077427     2.662342  -0.24540068 
   29000    1.7938552    1.3717362    2408.9439   0.55252428   -2.9401052    2.6887612  -0.25134408 
   30000    1.7737036    1.3469439    2385.9906   0.55783958   -3.0102219    2.6585565  -0.35166546 
   31000    1.7634886    1.3207411    2330.4344   0.57113815   -3.0920484    2.6432455  -0.44880287 
   32000    1.8008418     1.606443    2340.3595   0.56871604   -2.9979188    2.6992333  -0.29868549 
   33000    1.8051825    1.3232462    2406.8937   0.55299492    -2.976043    2.7057394   -0.2703036 
   34000    1.7456903    1.2231762    2426.5342   0.54851896   -2.9318636     2.616568  -0.31529553 
   35000    1.7825845    1.3006875    2381.0817   0.55898963   -3.0076191    2.6718678  -0.33575133 
   36000    1.8202171    1.5904761     2318.909   0.57397682   -3.0326544    2.7282743  -0.30438002 
   37000     1.837339    1.3998471    2431.0477   0.54750057   -2.9374359    2.7539378  -0.18349805 
   38000    1.8227894    1.3241304    2423.2426   0.54926404   -2.9251949    2.7321299  -0.19306499 
   39000    1.7419203     1.491878    2385.3475   0.55798998   -2.9183881    2.6109174  -0.30747073 
   40000    1.7706221    1.3322589    2400.5493   0.55445643   -2.9690283    2.6539377  -0.31509067 
   41000      1.81462    1.4812643    2372.0191   0.56112533   -2.9929623     2.719885  -0.27307733 
   42000    1.8330779    1.4829359    2383.7479   0.55836441   -2.9484098    2.7475511   -0.2008587 
   43000    1.7577614    1.1013823    2450.3084   0.54319693   -2.9455388    2.6346612  -0.31087759 
   44000    1.7878171    1.1961228    2410.0155    0.5522786   -2.9940844    2.6797108  -0.31437361 
   45000    1.8361517    1.4579911    2380.0523   0.55923142   -2.9835891    2.7521583  -0.23143086 
   46000    1.8469622    1.4225123    2407.4248   0.55287293   -2.9416565    2.7683618  -0.17329469 
   47000    1.7903337    1.3139287    2451.9075   0.54284266   -2.9096165    2.6834829  -0.22613354 
   48000    1.7474571    1.4011836    2374.3025   0.56058568   -2.9702354    2.6192163  -0.35101907 
   49000    1.8176882    1.4080274    2360.9022   0.56376754   -3.0587891    2.7244838  -0.33430534 
   50000    1.8619734    1.3005266    2433.5104   0.54694649   -2.9522238    2.7908616  -0.16136213 
Loop time of 32.8399 on 1 procs for 50000 steps with 1331 atoms

Performance: 526189.665 tau/day, 1522.540 timesteps/s
99.9% CPU use with 1 MPI tasks x no OpenMP threads

MPI task timing breakdown:
Section |  min time  |  avg time  |  max time  |%varavg| %total
---------------------------------------------------------------
Pair    | 25.048     | 25.048     | 25.048     |   0.0 | 76.27
Neigh   | 4.4175     | 4.4175     | 4.4175     |   0.0 | 13.45
Comm    | 0.77437    | 0.77437    | 0.77437    |   0.0 |  2.36
Output  | 0.025557   | 0.025557   | 0.025557   |   0.0 |  0.08
Modify  | 2.416      | 2.416      | 2.416      |   0.0 |  7.36
Other   |            | 0.1589     |            |       |  0.48

Nlocal:    1331 ave 1331 max 1331 min
Histogram: 1 0 0 0 0 0 0 0 0 0
Nghost:    2505 ave 2505 max 2505 min
Histogram: 1 0 0 0 0 0 0 0 0 0
Neighs:    33049 ave 33049 max 33049 min
Histogram: 1 0 0 0 0 0 0 0 0 0

Total # of neighbors = 33049
Ave neighs/atom = 24.8302
Neighbor list builds = 2500
Dangerous builds not checked

write_restart lattice_11_11_11__2_2_2/sim1/T_1.80__P_1.40/end1.restart
Total wall time: 0:00:32
