run 50000
Neighbor list info ...
  update every 20 steps, delay 0 steps, check no
  max neighbors/atom: 2000, page size: 100000
  master list distance cutoff = 2.8
  ghost atom cutoff = 2.8
  binsize = 1.4, bins = 18 18 18
  1 neighbor lists, perpetual/occasional/extra = 1 0 0
  (1) pair lj/cut, perpetual
      attributes: half, newton on
      pair build: half/bin/atomonly/newton
      stencil: half/bin/3d/newton
      bin: standard
Per MPI rank memory allocation (min/avg/max) = 2.711 | 2.711 | 2.711 Mbytes
Step Temp Press TotEng 
       0          0.2 -0.0021389606   0.23657764 
    1000   0.44219443 0.00048570514  -0.18321464 
    2000   0.42607391 -0.012607701  -0.89243961 
    3000   0.43369201 0.0046114344   -1.7348962 
    4000   0.38508059 0.0083618641   -2.5326917 
    5000   0.31804977 -0.0061588677   -3.1563579 
    6000   0.25025931 -0.0025682834   -3.5878819 
    7000   0.21072586 0.0094469565   -3.8378464 
    8000   0.19449849 -0.0016435269   -3.9658685 
    9000   0.18952613 -0.0013324775   -4.0363291 
   10000    0.2015618 -0.0021315007   -4.0429615 
   11000   0.19961855 -0.003240878   -4.0533502 
   12000   0.19889298 0.0026804363   -4.1014208 
   13000   0.20011676 0.0012557737   -4.1380459 
   14000   0.20896465 -0.0012370445   -4.1631178 
   15000   0.19984894 0.0037671193   -4.2229231 
   16000    0.1982777 0.0046579555   -4.2277728 
   17000   0.20184374 -0.013794886   -4.2100556 
   18000   0.19828909 -0.0076079229    -4.251089 
   19000   0.19495483 -0.0092489136   -4.2845968 
   20000   0.20340459 -0.007699343    -4.277105 
   21000   0.20892059  0.011827948   -4.2800349 
   22000   0.19503438 -0.0079139984   -4.3072737 
   23000   0.19814448 -0.0056599078   -4.3328054 
   24000   0.19810063 -0.0056982783   -4.3172003 
   25000   0.20326689 -0.009973023   -4.3159928 
   26000   0.19637107 -0.0025314384    -4.337556 
   27000   0.19494861  0.002677392   -4.3344764 
   28000   0.20164158  0.004285844   -4.3155451 
   29000   0.21121012  -0.00372587   -4.3371672 
   30000   0.19811026  0.002516474   -4.4052418 
   31000   0.19627666 -0.00067473971    -4.393217 
   32000   0.21018433 0.0032590849    -4.353516 
   33000   0.20351841 0.0019572017   -4.3984306 
   34000    0.1953525 0.0080145099   -4.4411679 
   35000    0.1969543 -0.0072521708    -4.399381 
   36000   0.20339732 -0.0064125688   -4.3899942 
   37000   0.19264088 -0.0079787634    -4.442674 
   38000   0.20380384 0.0071006966   -4.4372922 
   39000   0.19906205 -0.00062513686   -4.4024496 
   40000   0.20135563  0.015315689     -4.41654 
   41000    0.1961273 -0.00076250165   -4.4418679 
   42000    0.1980297 -0.0069196953   -4.4271331 
   43000   0.20347185 -0.00039104404   -4.4130628 
   44000   0.19445142 -0.0042342102   -4.4422037 
   45000   0.18865017 -0.0041110413   -4.4480638 
   46000   0.20886225 0.0015298246    -4.419003 
   47000   0.20008856 -0.0075611617   -4.4312239 
   48000   0.19184262 0.0045450108   -4.4653124 
   49000   0.20578314 -0.012558801   -4.4387295 
   50000   0.20484052  0.002301524   -4.4380299 
Loop time of 21.0369 on 1 procs for 50000 steps with 1331 atoms

Performance: 821413.396 tau/day, 2376.775 timesteps/s
99.9% CPU use with 1 MPI tasks x no OpenMP threads

MPI task timing breakdown:
Section |  min time  |  avg time  |  max time  |%varavg| %total
---------------------------------------------------------------
Pair    | 17.078     | 17.078     | 17.078     |   0.0 | 81.18
Neigh   | 2.4178     | 2.4178     | 2.4178     |   0.0 | 11.49
Comm    | 0.44231    | 0.44231    | 0.44231    |   0.0 |  2.10
Output  | 0.025654   | 0.025654   | 0.025654   |   0.0 |  0.12
Modify  | 0.95966    | 0.95966    | 0.95966    |   0.0 |  4.56
Other   |            | 0.1131     |            |       |  0.54

Nlocal:    1331 ave 1331 max 1331 min
Histogram: 1 0 0 0 0 0 0 0 0 0
Nghost:    1739 ave 1739 max 1739 min
Histogram: 1 0 0 0 0 0 0 0 0 0
Neighs:    29672 ave 29672 max 29672 min
Histogram: 1 0 0 0 0 0 0 0 0 0

Total # of neighbors = 29672
Ave neighs/atom = 22.293
Neighbor list builds = 2500
Dangerous builds not checked

write_restart NVT/sim1/T_0.20__v_10.65/end1.restart
Total wall time: 0:00:21
