run 50000
Neighbor list info ...
  update every 20 steps, delay 0 steps, check no
  max neighbors/atom: 2000, page size: 100000
  master list distance cutoff = 2.8
  ghost atom cutoff = 2.8
  binsize = 1.4, bins = 10 10 10
  1 neighbor lists, perpetual/occasional/extra = 1 0 0
  (1) pair lj/cut, perpetual
      attributes: half, newton on
      pair build: half/bin/atomonly/newton
      stencil: half/bin/3d/newton
      bin: standard
Per MPI rank memory allocation (min/avg/max) = 2.742 | 2.742 | 2.742 Mbytes
Step Temp Press TotEng 
       0          0.3   -1.9929978   -2.7803094 
    1000   0.58481655 0.0093545444   -3.4920234 
    2000   0.46055496  -0.10365926   -4.2222301 
    3000   0.37867724  -0.13427234   -4.7415064 
    4000    0.3072814  -0.13669756    -5.048509 
    5000   0.28687579 -0.069577352   -5.1885825 
    6000   0.30352735  -0.15785506   -5.1599291 
    7000   0.30446301  -0.19449263   -5.1220983 
    8000   0.29300266  -0.15687897   -5.1715885 
    9000   0.29180926  -0.16371112   -5.2080394 
   10000   0.29834479  -0.17514686   -5.1782457 
   11000   0.30324978  -0.10680023    -5.184093 
   12000   0.29495054 -0.095974665   -5.2165441 
   13000   0.31057145 -0.091187328   -5.2035192 
   14000   0.30199538  -0.13350749   -5.2105755 
   15000   0.30838517 -0.040362229   -5.2438941 
   16000   0.28988645 -0.080166928   -5.2626112 
   17000   0.31004427  -0.14823939   -5.2333546 
   18000    0.2978987  -0.14502352   -5.2736123 
   19000   0.30059428 -0.061276626    -5.326918 
   20000   0.30653719  -0.10786844   -5.3214745 
   21000   0.29589729  -0.11497219   -5.3275774 
   22000   0.30260287  -0.21295716   -5.3565281 
   23000   0.30970288   -0.1222297    -5.354473 
   24000   0.29766228  -0.10809231     -5.36467 
   25000    0.2975302  -0.27406736   -5.4000925 
   26000   0.30517888  -0.10819474   -5.4400367 
   27000   0.30121853  -0.14667784   -5.4993689 
   28000   0.29566768  -0.17471012   -5.5517232 
   29000   0.29840234  -0.14021909   -5.5481099 
   30000   0.29738811 -0.097785462   -5.5339008 
   31000   0.29653422  -0.12757714   -5.5609862 
   32000    0.2990185  -0.18308972   -5.5674518 
   33000   0.29359962  -0.10359658   -5.5689946 
   34000   0.29793294  -0.12850392   -5.6118158 
   35000   0.29978303  -0.10071843   -5.6028516 
   36000   0.31379488 -0.083956734   -5.5719327 
   37000   0.30413808  -0.15398296   -5.5957703 
   38000   0.29821217   -0.1227923     -5.61304 
   39000   0.30254003  -0.15290209   -5.5848255 
   40000   0.31236791 -0.085697671   -5.5799009 
   41000   0.29530732  -0.18060909   -5.6123077 
   42000   0.30132789 -0.069633297   -5.5973048 
   43000   0.30556206  -0.17665794   -5.5830679 
   44000   0.29004291  -0.16229359   -5.6137366 
   45000   0.29601259  -0.11409517   -5.6019632 
   46000   0.31405017   -0.0933192   -5.5851072 
   47000   0.29620351   -0.1238707   -5.6217138 
   48000   0.30295389  -0.17542744   -5.6045434 
   49000   0.31100578  -0.14065183   -5.5932069 
   50000   0.30620869   -0.1662942   -5.6047501 
Loop time of 38.6387 on 1 procs for 50000 steps with 1331 atoms

Performance: 447219.607 tau/day, 1294.038 timesteps/s
99.7% CPU use with 1 MPI tasks x no OpenMP threads

MPI task timing breakdown:
Section |  min time  |  avg time  |  max time  |%varavg| %total
---------------------------------------------------------------
Pair    | 32.528     | 32.528     | 32.528     |   0.0 | 84.18
Neigh   | 4.5761     | 4.5761     | 4.5761     |   0.0 | 11.84
Comm    | 0.31347    | 0.31347    | 0.31347    |   0.0 |  0.81
Output  | 0.028096   | 0.028096   | 0.028096   |   0.0 |  0.07
Modify  | 1.0871     | 1.0871     | 1.0871     |   0.0 |  2.81
Other   |            | 0.1064     |            |       |  0.28

Nlocal:    1331 ave 1331 max 1331 min
Histogram: 1 0 0 0 0 0 0 0 0 0
Nghost:    782 ave 782 max 782 min
Histogram: 1 0 0 0 0 0 0 0 0 0
Neighs:    46849 ave 46849 max 46849 min
Histogram: 1 0 0 0 0 0 0 0 0 0

Total # of neighbors = 46849
Ave neighs/atom = 35.1983
Neighbor list builds = 2500
Dangerous builds not checked

write_restart NVT/sim1/T_0.30__v_1.73/end1.restart
Total wall time: 0:00:38
