run 50000
Neighbor list info ...
  update every 20 steps, delay 0 steps, check no
  max neighbors/atom: 2000, page size: 100000
  master list distance cutoff = 2.8
  ghost atom cutoff = 2.8
  binsize = 1.4, bins = 20 20 20
  1 neighbor lists, perpetual/occasional/extra = 1 0 0
  (1) pair lj/cut, perpetual
      attributes: half, newton on
      pair build: half/bin/atomonly/newton
      stencil: half/bin/3d/newton
      bin: standard
Per MPI rank memory allocation (min/avg/max) = 2.724 | 2.724 | 2.724 Mbytes
Step Temp Press TotEng 
       0          0.9  0.058580652    1.3366567 
    1000   0.97556752  0.052172843     1.045162 
    2000   0.89156037  0.036097388   0.80402664 
    3000   0.90322397  0.035424087   0.79268816 
    4000   0.89244599  0.040225409    0.7519973 
    5000   0.88776009  0.038842311   0.72051181 
    6000   0.90866621   0.04439614   0.77185261 
    7000    0.8824219  0.040816412   0.69528302 
    8000   0.86883735  0.042584975   0.69253236 
    9000    0.9182895  0.037918804   0.77436875 
   10000   0.89738239  0.039280405   0.70497714 
   11000   0.90580292  0.036272104   0.68932459 
   12000   0.92236815  0.042761242   0.73753554 
   13000   0.88872374  0.043185164   0.69850065 
   14000   0.94040462  0.042925165   0.80109799 
   15000   0.86717032   0.03857488    0.7130143 
   16000   0.92401146  0.039218208   0.74301411 
   17000   0.86517798  0.038855092   0.65638099 
   18000   0.91452476  0.040740765   0.74399573 
   19000   0.89930871  0.040411501   0.72521889 
   20000   0.93251886  0.042311321   0.77277388 
   21000   0.88526451  0.040892426   0.69981098 
   22000   0.94099084  0.043553114   0.76084652 
   23000    0.8741411  0.042892516   0.64630369 
   24000   0.89552056  0.040717156   0.74233433 
   25000   0.91236616  0.045276041   0.75789981 
   26000   0.87810075   0.03585877   0.66867016 
   27000   0.89804232  0.043036753   0.71945123 
   28000   0.90736918  0.041711368   0.72828696 
   29000   0.88228847  0.035589867   0.70905191 
   30000   0.92726841  0.040950684   0.78250347 
   31000   0.89272062  0.040762454   0.72204875 
   32000   0.89399104   0.04359922   0.73779212 
   33000   0.87536003  0.033397863    0.6766435 
   34000   0.89557031  0.036779861   0.71154194 
   35000   0.90683296  0.040459152   0.74292143 
   36000   0.85183834  0.035654388   0.64121522 
   37000   0.92228422  0.037032805   0.75909908 
   38000   0.88307839  0.043622094   0.71854221 
   39000   0.93265444  0.042556175   0.79164825 
   40000   0.90028027  0.033071409   0.73946552 
   41000   0.91787075  0.038747271   0.75947836 
   42000   0.89700623  0.043836896   0.76660338 
   43000     0.925978   0.04204673   0.79428865 
   44000   0.88671269  0.042513076   0.72953878 
   45000   0.92603844  0.044256289   0.75902467 
   46000    0.8704445  0.037138653   0.69756927 
   47000   0.90895664  0.049792368   0.77606379 
   48000   0.88204526  0.034381979   0.74288805 
   49000   0.94156858  0.046452651   0.81028891 
   50000   0.90026548  0.041050512   0.72318986 
Loop time of 5.91466 on 1 procs for 50000 steps with 1331 atoms

Performance: 2921554.860 tau/day, 8453.573 timesteps/s
99.7% CPU use with 1 MPI tasks x no OpenMP threads

MPI task timing breakdown:
Section |  min time  |  avg time  |  max time  |%varavg| %total
---------------------------------------------------------------
Pair    | 3.3634     | 3.3634     | 3.3634     |   0.0 | 56.87
Neigh   | 1.3171     | 1.3171     | 1.3171     |   0.0 | 22.27
Comm    | 0.28386    | 0.28386    | 0.28386    |   0.0 |  4.80
Output  | 0.021971   | 0.021971   | 0.021971   |   0.0 |  0.37
Modify  | 0.8475     | 0.8475     | 0.8475     |   0.0 | 14.33
Other   |            | 0.08079    |            |       |  1.37

Nlocal:    1331 ave 1331 max 1331 min
Histogram: 1 0 0 0 0 0 0 0 0 0
Nghost:    1057 ave 1057 max 1057 min
Histogram: 1 0 0 0 0 0 0 0 0 0
Neighs:    5052 ave 5052 max 5052 min
Histogram: 1 0 0 0 0 0 0 0 0 0

Total # of neighbors = 5052
Ave neighs/atom = 3.79564
Neighbor list builds = 2500
Dangerous builds not checked

write_restart NVT/sim1/T_0.90__v_15.62/end1.restart
Total wall time: 0:00:05
