run 50000
Neighbor list info ...
  update every 20 steps, delay 0 steps, check no
  max neighbors/atom: 2000, page size: 100000
  master list distance cutoff = 2.8
  ghost atom cutoff = 2.8
  binsize = 1.4, bins = 20 20 20
  1 neighbor lists, perpetual/occasional/extra = 1 0 0
  (1) pair lj/cut, perpetual
      attributes: half, newton on
      pair build: half/bin/atomonly/newton
      stencil: half/bin/3d/newton
      bin: standard
Per MPI rank memory allocation (min/avg/max) = 2.748 | 2.748 | 2.748 Mbytes
Step Temp Press TotEng 
       0          1.3  0.076760339    1.9362059 
    1000    1.3429429  0.069701919    1.6522877 
    2000    1.2545397  0.068567559    1.5038827 
    3000    1.3276449  0.074915357    1.6111017 
    4000    1.2536337  0.060260339    1.4886579 
    5000    1.3464339  0.069890008    1.5940738 
    6000    1.2256453  0.060496619    1.4301414 
    7000    1.3093847  0.071306498    1.5798827 
    8000    1.2821634  0.066293852    1.5266728 
    9000    1.3051524  0.072265858    1.5668343 
   10000     1.299955  0.067766789    1.5469775 
   11000    1.3132482  0.063598468     1.546503 
   12000    1.3076282   0.06940304    1.5394405 
   13000     1.292773  0.065311479    1.5305558 
   14000    1.3081982   0.06592943    1.5518636 
   15000    1.2783072  0.064225586    1.5097477 
   16000    1.3372504  0.072624945    1.6106112 
   17000     1.266562  0.066206455    1.5017169 
   18000    1.3360649  0.065445325    1.5893805 
   19000    1.2315439  0.064381135      1.42321 
   20000    1.3276223  0.067470789    1.5752816 
   21000    1.2639216  0.068746804    1.4986018 
   22000     1.343013  0.076027514    1.6342046 
   23000    1.2740299  0.062759196    1.5185537 
   24000    1.2966539  0.069466624    1.5320267 
   25000    1.3222789  0.068129213    1.5846994 
   26000    1.2543338  0.070976083    1.4897376 
   27000    1.3362801  0.077149882    1.6172824 
   28000    1.2829464  0.065234392    1.5352018 
   29000    1.3192363  0.069406162    1.5925484 
   30000    1.2474839  0.069881466    1.4685248 
   31000     1.314881  0.066117021    1.5673194 
   32000    1.2874747  0.072099173    1.5359362 
   33000    1.2950253   0.06686752    1.5433833 
   34000    1.3152987   0.07174667    1.5969763 
   35000    1.2626683  0.063523276    1.4971017 
   36000    1.3138485  0.067414425    1.5602514 
   37000    1.2814251  0.067444686      1.49977 
   38000    1.2830453  0.064631543    1.5014425 
   39000    1.3147425  0.073476636    1.5619464 
   40000    1.2762338  0.062442139    1.4758657 
   41000    1.3495589  0.076462299    1.6124408 
   42000    1.2782238  0.065146166     1.489766 
   43000    1.3375005  0.072977778    1.5928236 
   44000    1.2494738  0.075261571    1.4881987 
   45000    1.3037999  0.069687408    1.5417596 
   46000    1.3121158  0.067303184    1.5555615 
   47000    1.2728579  0.066899808    1.4798028 
   48000    1.3071259  0.065466927    1.5457597 
   49000    1.3180951  0.069333048    1.5573489 
   50000    1.2702742  0.065431726    1.4791108 
Loop time of 5.24738 on 1 procs for 50000 steps with 1331 atoms

Performance: 3293074.072 tau/day, 9528.571 timesteps/s
99.7% CPU use with 1 MPI tasks x no OpenMP threads

MPI task timing breakdown:
Section |  min time  |  avg time  |  max time  |%varavg| %total
---------------------------------------------------------------
Pair    | 2.8108     | 2.8108     | 2.8108     |   0.0 | 53.57
Neigh   | 1.2042     | 1.2042     | 1.2042     |   0.0 | 22.95
Comm    | 0.27969    | 0.27969    | 0.27969    |   0.0 |  5.33
Output  | 0.023327   | 0.023327   | 0.023327   |   0.0 |  0.44
Modify  | 0.84878    | 0.84878    | 0.84878    |   0.0 | 16.18
Other   |            | 0.08061    |            |       |  1.54

Nlocal:    1331 ave 1331 max 1331 min
Histogram: 1 0 0 0 0 0 0 0 0 0
Nghost:    937 ave 937 max 937 min
Histogram: 1 0 0 0 0 0 0 0 0 0
Neighs:    4015 ave 4015 max 4015 min
Histogram: 1 0 0 0 0 0 0 0 0 0

Total # of neighbors = 4015
Ave neighs/atom = 3.01653
Neighbor list builds = 2500
Dangerous builds not checked

write_restart NVT/sim1/T_1.30__v_17.58/end1.restart
Total wall time: 0:00:05
