run 50000
Neighbor list info ...
  update every 20 steps, delay 0 steps, check no
  max neighbors/atom: 2000, page size: 100000
  master list distance cutoff = 2.8
  ghost atom cutoff = 2.8
  binsize = 1.4, bins = 16 16 16
  1 neighbor lists, perpetual/occasional/extra = 1 0 0
  (1) pair lj/cut, perpetual
      attributes: half, newton on
      pair build: half/bin/atomonly/newton
      stencil: half/bin/3d/newton
      bin: standard
Per MPI rank memory allocation (min/avg/max) = 2.7 | 2.7 | 2.7 Mbytes
Step Temp Press Volume Density PotEng KinEng TotEng 
       0          1.4   0.12945836        10648        0.125  -0.13561964    2.0984222    1.9628026 
    1000    1.7246976    0.2371515     8243.615   0.16145829  -0.94146411    2.5851027    1.6436386 
    2000    1.4791308   0.20779327    6772.2614   0.19653701   -1.1218434    2.2170292    1.0951858 
    3000    1.4260195   0.20921396    5713.3727   0.23296222    -1.385737    2.1374221   0.75168513 
    4000    1.4254875   0.29737784     4942.543   0.26929457   -1.6056767    2.1366248    0.5309481 
    5000    1.4050272   0.26047923    4372.7914   0.30438223   -1.7653495    2.1059573   0.34060785 
    6000    1.4306814   0.27927474    3962.6286   0.33588815   -1.9731317    2.1444098   0.17127806 
    7000    1.3833617   0.34573409    3670.6894   0.36260219   -2.0959678    2.0734835 -0.022484307 
    8000    1.4012794   0.39622575    3425.5712   0.38854834   -2.2226801    2.1003399  -0.12234019 
    9000    1.3679548   0.41675581     3291.934   0.40432159   -2.3161703    2.0503905  -0.26577977 
   10000    1.3958698    0.4326259    3191.8952   0.41699364   -2.3774106    2.0922315  -0.28517905 
   11000    1.3649868   0.38412755    3132.5045   0.42489963   -2.4044568     2.045942   -0.3585148 
   12000    1.4219653   0.33398879    3066.3307    0.4340693   -2.4820743    2.1313455  -0.35072883 
   13000    1.3802884   0.30653284    3030.4778   0.43920467   -2.5194616    2.0688771  -0.45058452 
   14000    1.4337735   0.43254591    3062.1997   0.43465486   -2.4576851    2.1490444  -0.30864067 
   15000    1.4368617   0.40435777    3184.5612   0.41795397    -2.386195    2.1536733  -0.23252177 
   16000    1.4110758   0.41480508    3264.6149   0.40770506   -2.3396873    2.1150235   -0.2246638 
   17000    1.3731913   0.30229199     3165.551   0.42046392    -2.411786    2.0582395  -0.35354654 
   18000    1.3914713   0.39643865    3096.6574   0.42981829   -2.4263785    2.0856388  -0.34073965 
   19000    1.3878532   0.36101719    3098.4459   0.42957019   -2.4797936    2.0802157  -0.39957792 
   20000    1.3938907    0.5153947    2980.0201   0.44664128    -2.525928    2.0892651  -0.43666287 
   21000    1.3440417   0.50013058    2958.8011   0.44984436   -2.5650197    2.0145478  -0.55047186 
   22000    1.3897417   0.32073147    3021.9709   0.44044103   -2.4979421    2.0830464   -0.4148957 
   23000    1.4076454   0.32743065    3141.9546   0.42362165   -2.4563455    2.1098817   -0.3464638 
   24000    1.4080447   0.34775456    3229.3741   0.41215417    -2.356437    2.1104802  -0.24595685 
   25000    1.4007696   0.34754176    3242.4193   0.41049595   -2.3607275    2.0995757  -0.26115177 
   26000    1.3527275   0.40981168    3104.8882   0.42867888   -2.4203633    2.0275667  -0.39279654 
   27000    1.3903214    0.4201135    2956.2565   0.45023157   -2.5657778    2.0839153  -0.48186254 
   28000      1.40262    0.3808915    3017.7023   0.44106405   -2.5390193    2.1023493  -0.43667004 
   29000    1.3951858   0.44309311    3077.4504   0.43250087   -2.4838067    2.0912063   -0.3926004 
   30000    1.4386036   0.43462752    3127.6916   0.42555347   -2.4425428    2.1562841   -0.2862587 
   31000    1.3893382   0.49538221    3172.5165   0.41954076   -2.3861666    2.0824416  -0.30372494 
   32000    1.3644166   0.35875684    3166.2512   0.42037095   -2.4042039    2.0450872  -0.35911661 
   33000    1.4011329   0.45732331    3054.5989   0.43573643   -2.5290802    2.1001203  -0.42895988 
   34000    1.4358619    0.5147652    2986.0485   0.44573957   -2.5239378    2.1521747  -0.37176311 
   35000    1.3682386   0.27928665    3069.7661   0.43358352   -2.5039932     2.050816  -0.45317722 
   36000    1.4227152   0.46113931     3052.363   0.43605561   -2.4781561    2.1324695  -0.34568661 
   37000    1.3993266   0.35166644    3165.9514   0.42041075   -2.4547635    2.0974129  -0.35735059 
   38000    1.4171948    0.4317918    3130.8123   0.42512929   -2.4247283     2.124195  -0.30053321 
   39000    1.3855987   0.45386945    3094.0402   0.43018186   -2.4517407    2.0768366  -0.37490409 
   40000    1.3775607   0.34822891    2988.5078   0.44537278   -2.5567995    2.0647885  -0.49201098 
   41000    1.3853693   0.43688214    2853.6725   0.46641652   -2.6715999    2.0764927  -0.59510722 
   42000     1.399138   0.57521055    2902.9709   0.45849582   -2.5845802    2.0971303  -0.48744997 
   43000    1.4097701   0.32568484    3072.5839   0.43318589   -2.5050246    2.1130664   -0.3919582 
   44000     1.392344   0.42937529    3128.9226   0.42538604   -2.4355858    2.0869469  -0.34863892 
   45000     1.429465   0.40230325    3129.7733   0.42527042    -2.453379    2.1425866  -0.31079238 
   46000    1.4164804   0.43707459    3148.4744   0.42274442   -2.4181088    2.1231243  -0.29498451 
   47000    1.4129113   0.41076421    3067.6608   0.43388108   -2.4948163    2.1177746  -0.37704173 
   48000    1.3877887   0.40597464    2970.3214   0.44809965   -2.5715189    2.0801191  -0.49139979 
   49000    1.3467504   0.43753899    3041.4596   0.43761883    -2.463191    2.0186078  -0.44458315 
   50000    1.3908523   0.35407885    3144.3927   0.42329318   -2.4517375    2.0847109   -0.3670266 
Loop time of 26.6947 on 1 procs for 50000 steps with 1331 atoms

Performance: 647319.408 tau/day, 1873.031 timesteps/s
99.9% CPU use with 1 MPI tasks x no OpenMP threads

MPI task timing breakdown:
Section |  min time  |  avg time  |  max time  |%varavg| %total
---------------------------------------------------------------
Pair    | 19.526     | 19.526     | 19.526     |   0.0 | 73.14
Neigh   | 3.8921     | 3.8921     | 3.8921     |   0.0 | 14.58
Comm    | 0.69338    | 0.69338    | 0.69338    |   0.0 |  2.60
Output  | 0.028132   | 0.028132   | 0.028132   |   0.0 |  0.11
Modify  | 2.4066     | 2.4066     | 2.4066     |   0.0 |  9.02
Other   |            | 0.1489     |            |       |  0.56

Nlocal:    1331 ave 1331 max 1331 min
Histogram: 1 0 0 0 0 0 0 0 0 0
Nghost:    2252 ave 2252 max 2252 min
Histogram: 1 0 0 0 0 0 0 0 0 0
Neighs:    25806 ave 25806 max 25806 min
Histogram: 1 0 0 0 0 0 0 0 0 0

Total # of neighbors = 25806
Ave neighs/atom = 19.3884
Neighbor list builds = 2500
Dangerous builds not checked

write_restart lattice_11_11_11__2_2_2/sim1/T_1.40__P_0.40/end1.restart
Total wall time: 0:00:26
