run 50000
Neighbor list info ...
  update every 20 steps, delay 0 steps, check no
  max neighbors/atom: 2000, page size: 100000
  master list distance cutoff = 2.8
  ghost atom cutoff = 2.8
  binsize = 1.4, bins = 13 13 13
  1 neighbor lists, perpetual/occasional/extra = 1 0 0
  (1) pair lj/cut, perpetual
      attributes: half, newton on
      pair build: half/bin/atomonly/newton
      stencil: half/bin/3d/newton
      bin: standard
Per MPI rank memory allocation (min/avg/max) = 2.742 | 2.742 | 2.742 Mbytes
Step Temp Press TotEng 
       0          0.4   -0.2441809 -0.045523706 
    1000   0.71608384  -0.03192154   -0.7693699 
    2000   0.64987042 -0.066781858    -1.585268 
    3000   0.61132088 -0.064998781   -2.3914714 
    4000    0.5292376 -0.027583241   -3.1077115 
    5000   0.46783209 -0.069235512   -3.6722699 
    6000   0.42812641 -0.063242328   -4.0450998 
    7000   0.39583328 -0.008547018   -4.2856815 
    8000   0.37698655 -0.041080606   -4.4090098 
    9000   0.40309567 -0.020601793   -4.4134057 
   10000   0.40245449 -0.040879605   -4.3856506 
   11000   0.39570572 -0.051938682   -4.4021828 
   12000   0.39784149  0.010411205   -4.4189698 
   13000   0.38873508 -0.033579009   -4.4647302 
   14000   0.39901681 0.0027136596   -4.4467789 
   15000    0.4024705  -0.01518614   -4.4311388 
   16000   0.40348481 -0.030573393   -4.4816296 
   17000   0.40352171 -0.026636207   -4.5306046 
   18000   0.41262117 -0.027723049    -4.490628 
   19000   0.40713772 -0.029242074   -4.4701931 
   20000   0.40710676 -0.013308269   -4.4943118 
   21000   0.39184079 -0.019479976   -4.5037507 
   22000   0.39623192 -0.053821147   -4.4920733 
   23000   0.40966322 -0.044653658   -4.4842708 
   24000    0.3961133  -0.10221685   -4.5149299 
   25000   0.40089267 -0.087693313   -4.5317951 
   26000   0.40601583 -0.024354064   -4.5204041 
   27000   0.41003969 -0.051041034   -4.4705986 
   28000   0.40198332 -0.010931251   -4.4790225 
   29000   0.39652123  -0.02601343   -4.5428391 
   30000   0.40777604  -0.03591326   -4.5364676 
   31000   0.41587588 -0.072649606    -4.504514 
   32000   0.40961824 -0.042470334   -4.5138044 
   33000   0.39275699 -0.027934653   -4.5328223 
   34000   0.39718529 -0.0093378956    -4.542033 
   35000   0.41330902 -0.0090712964   -4.5230873 
   36000   0.40940217 -8.2692479e-07   -4.5401471 
   37000   0.40508202 -0.025157208   -4.5814728 
   38000   0.40013716 -0.0056911349   -4.5344755 
   39000   0.40720755 -0.078314073   -4.5441212 
   40000   0.40811235 -0.016247538   -4.5582716 
   41000   0.40891461   0.01177129   -4.5611331 
   42000   0.40108141  -0.03728542   -4.5658044 
   43000   0.39930176 -0.051749218   -4.5509853 
   44000   0.40062714  -0.04281271   -4.5537535 
   45000    0.3955409  -0.09964441   -4.5557547 
   46000   0.40193132 -0.055070501   -4.5380498 
   47000   0.39658576 -0.033754565    -4.547872 
   48000   0.39438486 -0.063310276   -4.5769876 
   49000   0.41172119 -0.040588299   -4.5525297 
   50000   0.40817291 -0.076617811   -4.5363783 
Loop time of 33.8259 on 1 procs for 50000 steps with 1331 atoms

Performance: 510851.786 tau/day, 1478.159 timesteps/s
99.9% CPU use with 1 MPI tasks x no OpenMP threads

MPI task timing breakdown:
Section |  min time  |  avg time  |  max time  |%varavg| %total
---------------------------------------------------------------
Pair    | 27.94      | 27.94      | 27.94      |   0.0 | 82.60
Neigh   | 4.3342     | 4.3342     | 4.3342     |   0.0 | 12.81
Comm    | 0.33296    | 0.33296    | 0.33296    |   0.0 |  0.98
Output  | 0.027683   | 0.027683   | 0.027683   |   0.0 |  0.08
Modify  | 1.085      | 1.085      | 1.085      |   0.0 |  3.21
Other   |            | 0.1058     |            |       |  0.31

Nlocal:    1331 ave 1331 max 1331 min
Histogram: 1 0 0 0 0 0 0 0 0 0
Nghost:    1036 ave 1036 max 1036 min
Histogram: 1 0 0 0 0 0 0 0 0 0
Neighs:    41482 ave 41482 max 41482 min
Histogram: 1 0 0 0 0 0 0 0 0 0

Total # of neighbors = 41482
Ave neighs/atom = 31.166
Neighbor list builds = 2500
Dangerous builds not checked

write_restart NVT/sim1/T_0.40__v_4.10/end1.restart
Total wall time: 0:00:33
