run 50000
Neighbor list info ...
  update every 20 steps, delay 0 steps, check no
  max neighbors/atom: 2000, page size: 100000
  master list distance cutoff = 2.8
  ghost atom cutoff = 2.8
  binsize = 1.4, bins = 16 16 16
  1 neighbor lists, perpetual/occasional/extra = 1 0 0
  (1) pair lj/cut, perpetual
      attributes: half, newton on
      pair build: half/bin/atomonly/newton
      stencil: half/bin/3d/newton
      bin: standard
Per MPI rank memory allocation (min/avg/max) = 2.7 | 2.7 | 2.7 Mbytes
Step Temp Press Volume Density PotEng KinEng TotEng 
       0          0.6  0.029533495        10648        0.125  -0.13561964   0.89932382   0.76370418 
    1000    1.0503607  0.093804514    6442.0805   0.20661027   -1.3380105    1.5743573   0.23634679 
    2000   0.88884063  0.016871281     4454.559   0.29879501   -2.0895968    1.3322593  -0.75733759 
    3000    0.8269762 -0.012890618    3234.2775   0.41152931   -2.9744931    1.2395323   -1.7349608 
    4000   0.77554425  -0.18869473     2415.571   0.55100843   -3.7901612    1.1624424   -2.6277189 
    5000   0.74436869 -0.075781405    1908.3798   0.69745028   -4.5311881    1.1157141    -3.415474 
    6000   0.69549121   0.11346861    1643.8021   0.80970819   -5.0697637     1.042453   -4.0273107 
    7000   0.62117062   0.42345211    1549.1859   0.85916092   -5.4054869   0.93105589    -4.474431 
    8000   0.58068669   0.47960819    1518.2573   0.87666299   -5.5426905   0.87037561   -4.6723148 
    9000      0.59048   0.47499974    1523.2862   0.87376884   -5.5226328   0.88505455   -4.6375782 
   10000   0.61921831   0.55327365    1529.6066   0.87015841   -5.4728192   0.92812963   -4.5446896 
   11000   0.58426962   0.52304546    1540.9604   0.86374703   -5.4228508   0.87574598   -4.5471049 
   12000   0.61077671   0.51165613    1534.8514   0.86718495   -5.4618641   0.91547674   -4.5463874 
   13000   0.60772558   0.41502577    1525.4171   0.87254825   -5.5208744   0.91090347    -4.609971 
   14000   0.57750528   0.60317744    1520.2944   0.87548831   -5.5051206   0.86560708   -4.6395135 
   15000   0.61949542   0.48415892    1532.5518   0.86848616    -5.484083   0.92854498    -4.555538 
   16000    0.6204038    0.8242394     1533.486   0.86795703   -5.4007588   0.92990652   -4.4708522 
   17000    0.6026466   0.32312197    1543.2064   0.86248995   -5.4552384   0.90329074   -4.5519476 
   18000   0.60415502   0.26910855    1531.8265   0.86889737   -5.5130519   0.90555166   -4.6075003 
   19000   0.60792788   0.37195277    1528.2487   0.87093157    -5.511068    0.9112067   -4.5998613 
   20000   0.59464597   0.60171675    1531.6094   0.86902052   -5.4472808   0.89129881    -4.555982 
   21000   0.60253565   0.41673246    1538.5741   0.86508673   -5.4595598   0.90312443   -4.5564353 
   22000   0.60425632   0.67112732    1522.1382   0.87442784   -5.4851624    0.9057035   -4.5794589 
   23000   0.59462023   0.63095548    1528.1166   0.87100681   -5.4735217   0.89126022   -4.5822615 
   24000   0.60842803    0.4389251     1533.105   0.86817277   -5.4692153   0.91195637   -4.5572589 
   25000   0.59812602   0.44832472    1532.2532   0.86865539   -5.4788165   0.89651496   -4.5823016 
   26000   0.61376842   0.71852012    1515.6049   0.87819723   -5.5088474   0.91996093   -4.5888865 
   27000   0.60511813   0.54269141    1532.1307   0.86872487   -5.4653115   0.90699525   -4.5583163 
   28000   0.59892697   0.43235653    1537.7363   0.86555804   -5.4490959   0.89771548   -4.5513805 
   29000   0.60365423   0.54440873    1528.4645   0.87080856   -5.4732575   0.90480104   -4.5684565 
   30000   0.59967004    0.5986985    1526.3873   0.87199362   -5.4807656   0.89882924   -4.5819364 
   31000   0.59467567   0.29619721     1541.956   0.86318938   -5.4702318   0.89134332   -4.5788884 
   32000   0.61228143   0.49184974    1532.6731   0.86841743   -5.4712152   0.91773212   -4.5534831 
   33000   0.60717904   0.45363559    1538.0325   0.86539132   -5.4502388   0.91008428   -4.5401545 
   34000   0.61547503   0.27190535    1543.8449   0.86213322   -5.4520888   0.92251892   -4.5295699 
   35000   0.61444541   0.40248609    1535.1939   0.86699147   -5.4735992   0.92097565   -4.5526235 
   36000   0.61459838   0.69286502    1518.0581   0.87677803   -5.5118956   0.92120494   -4.5906906 
   37000    0.5831355   0.39482491    1538.1665   0.86531593   -5.4525915   0.87404608   -4.5785454 
   38000   0.60796823   0.41600697    1537.9676   0.86542783    -5.456027   0.91126718   -4.5447598 
   39000    0.5921519   0.67827342    1531.4569   0.86910707   -5.4384963   0.88756051   -4.5509358 
   40000   0.59910283   0.36393252    1530.7576   0.86950407   -5.4955716   0.89797907   -4.5975925 
   41000   0.58073152   0.41736902    1532.9901   0.86823785   -5.4802627   0.87044282   -4.6098199 
   42000   0.59782024   0.42599776    1537.2601   0.86582616   -5.4544794   0.89605663   -4.5584228 
   43000   0.60463796   0.64124333    1534.8449   0.86718863    -5.424097   0.90627553   -4.5178214 
   44000   0.60930304   0.43798875    1530.8919   0.86942782   -5.4939118   0.91326789   -4.5806439 
   45000     0.589893   0.47448936     1531.301   0.86919553   -5.4796628   0.88417471   -4.5954881 
   46000   0.60206209   0.18546118    1553.6815   0.85667495   -5.4225956   0.90241463    -4.520181 
   47000   0.62549416   0.56747013    1532.2768   0.86864204   -5.4632428   0.93753633   -4.5257065 
   48000   0.59341431   0.68030165    1526.3572   0.87201085   -5.4688064   0.88945271   -4.5793537 
   49000   0.60116486   0.62233437    1523.2311   0.87380043   -5.4969625    0.9010698   -4.5958927 
   50000   0.58556755    0.4902737    1527.0695   0.87160405   -5.4966544   0.87769141    -4.618963 
Loop time of 38.2495 on 1 procs for 50000 steps with 1331 atoms

Performance: 451770.159 tau/day, 1307.205 timesteps/s
99.9% CPU use with 1 MPI tasks x no OpenMP threads

MPI task timing breakdown:
Section |  min time  |  avg time  |  max time  |%varavg| %total
---------------------------------------------------------------
Pair    | 30.751     | 30.751     | 30.751     |   0.0 | 80.40
Neigh   | 4.5247     | 4.5247     | 4.5247     |   0.0 | 11.83
Comm    | 0.7034     | 0.7034     | 0.7034     |   0.0 |  1.84
Output  | 0.025177   | 0.025177   | 0.025177   |   0.0 |  0.07
Modify  | 2.0368     | 2.0368     | 2.0368     |   0.0 |  5.33
Other   |            | 0.2081     |            |       |  0.54

Nlocal:    1331 ave 1331 max 1331 min
Histogram: 1 0 0 0 0 0 0 0 0 0
Nghost:    3087 ave 3087 max 3087 min
Histogram: 1 0 0 0 0 0 0 0 0 0
Neighs:    51359 ave 51359 max 51359 min
Histogram: 1 0 0 0 0 0 0 0 0 0

Total # of neighbors = 51359
Ave neighs/atom = 38.5868
Neighbor list builds = 2500
Dangerous builds not checked

write_restart lattice_11_11_11__2_2_2/sim1/T_0.60__P_0.50/end1.restart
Total wall time: 0:00:38
