run 50000
Neighbor list info ...
  update every 20 steps, delay 0 steps, check no
  max neighbors/atom: 2000, page size: 100000
  master list distance cutoff = 2.8
  ghost atom cutoff = 2.8
  binsize = 1.4, bins = 10 10 10
  1 neighbor lists, perpetual/occasional/extra = 1 0 0
  (1) pair lj/cut, perpetual
      attributes: half, newton on
      pair build: half/bin/atomonly/newton
      stencil: half/bin/3d/newton
      bin: standard
Per MPI rank memory allocation (min/avg/max) = 2.742 | 2.742 | 2.742 Mbytes
Step Temp Press TotEng 
       0          0.7   -1.7991202   -2.1807602 
    1000   0.78039863  -0.11321347   -2.4012742 
    2000   0.77518492  -0.11873842   -2.7198611 
    3000   0.70804606 -0.0051489525   -2.9790767 
    4000   0.69850522   -0.1360674   -3.1585333 
    5000   0.69665172  -0.13554151   -3.2265868 
    6000   0.69963671   -0.1484787   -3.1473892 
    7000   0.71462743  -0.12275172   -3.0908932 
    8000   0.69796587  -0.22319718   -3.1574562 
    9000   0.67961165  -0.18160974   -3.2074594 
   10000   0.71660646 -0.044600648   -3.1565302 
   11000   0.67964632  -0.11251221   -3.1511945 
   12000   0.69238681  -0.11313683   -3.0924294 
   13000    0.6942273   -0.1723634   -3.1106904 
   14000   0.67935907 -0.092010557   -3.1762709 
   15000   0.69054867 -0.016310669   -3.1393997 
   16000   0.68844879 -0.034741091   -3.2007081 
   17000   0.70609835 -0.064549496   -3.1750493 
   18000   0.72010602   -0.1885997   -3.1300722 
   19000   0.67385927 -0.046759783   -3.1970136 
   20000   0.70322003  -0.12707946   -3.2121496 
   21000   0.68396074  -0.17822362   -3.1084125 
   22000   0.71210064  -0.11341057   -3.0749136 
   23000   0.72157022  -0.12048582   -3.1690444 
   24000   0.71421598  -0.23300461   -3.1943275 
   25000   0.70448512 -0.084342368   -3.1829172 
   26000   0.70692208  -0.16193306   -3.1312881 
   27000   0.71635712  0.021410875    -3.099061 
   28000   0.69397681  -0.12071757   -3.1571995 
   29000   0.69517742 -0.073209807   -3.1856766 
   30000   0.68470067  -0.14775354   -3.2247009 
   31000    0.6874843  -0.18301967   -3.1395891 
   32000   0.69882007  -0.02218732   -3.1474417 
   33000   0.70069518  -0.13807062   -3.1837151 
   34000   0.70324633 -0.026618387    -3.180767 
   35000   0.71899157  -0.15923449   -3.1074594 
   36000   0.68619624 -0.097920468   -3.1827523 
   37000   0.69810232  -0.08171725    -3.183555 
   38000    0.6891873   -0.0601351    -3.151295 
   39000   0.72030797  -0.11307638   -3.1120828 
   40000   0.72040937  -0.20991117   -3.1716063 
   41000   0.69055346 -0.097740256    -3.229373 
   42000    0.7112997  -0.15335372   -3.2058022 
   43000   0.70080681 -0.050499624   -3.1297183 
   44000   0.71732759 -0.028644794   -3.1642876 
   45000   0.68733815  -0.19074155   -3.2355181 
   46000   0.71124715 -0.098685632   -3.2256535 
   47000   0.68047597  -0.15300302   -3.1402555 
   48000   0.71024311  -0.17527062   -3.1797801 
   49000   0.71178692  -0.14264476   -3.2275415 
   50000   0.67083773 -0.0079564573   -3.2805092 
Loop time of 27.7368 on 1 procs for 50000 steps with 1331 atoms

Performance: 622998.664 tau/day, 1802.658 timesteps/s
99.9% CPU use with 1 MPI tasks x no OpenMP threads

MPI task timing breakdown:
Section |  min time  |  avg time  |  max time  |%varavg| %total
---------------------------------------------------------------
Pair    | 22.723     | 22.723     | 22.723     |   0.0 | 81.92
Neigh   | 3.7009     | 3.7009     | 3.7009     |   0.0 | 13.34
Comm    | 0.34441    | 0.34441    | 0.34441    |   0.0 |  1.24
Output  | 0.024826   | 0.024826   | 0.024826   |   0.0 |  0.09
Modify  | 0.85144    | 0.85144    | 0.85144    |   0.0 |  3.07
Other   |            | 0.09209    |            |       |  0.33

Nlocal:    1331 ave 1331 max 1331 min
Histogram: 1 0 0 0 0 0 0 0 0 0
Nghost:    1345 ave 1345 max 1345 min
Histogram: 1 0 0 0 0 0 0 0 0 0
Neighs:    39339 ave 39339 max 39339 min
Histogram: 1 0 0 0 0 0 0 0 0 0

Total # of neighbors = 39339
Ave neighs/atom = 29.556
Neighbor list builds = 2500
Dangerous builds not checked

write_restart NVT/sim1/T_0.70__v_1.73/end1.restart
Total wall time: 0:00:27
