run 50000
Neighbor list info ...
  update every 20 steps, delay 0 steps, check no
  max neighbors/atom: 2000, page size: 100000
  master list distance cutoff = 2.8
  ghost atom cutoff = 2.8
  binsize = 1.4, bins = 16 16 16
  1 neighbor lists, perpetual/occasional/extra = 1 0 0
  (1) pair lj/cut, perpetual
      attributes: half, newton on
      pair build: half/bin/atomonly/newton
      stencil: half/bin/3d/newton
      bin: standard
Per MPI rank memory allocation (min/avg/max) = 2.711 | 2.711 | 2.711 Mbytes
Step Temp Press TotEng 
       0          0.4 -0.011120356   0.40476766 
    1000   0.66947698 -0.002042489  -0.17532484 
    2000   0.61667003 0.0092392963  -0.86323289 
    3000   0.58698713 -0.0032848793   -1.5349478 
    4000   0.56695519 -0.011978661   -2.1811805 
    5000   0.50565367 -0.020437606   -2.7917322 
    6000   0.44645916 -0.0062523314   -3.2764655 
    7000   0.42598003 -0.0061353947   -3.6126603 
    8000    0.3981726 0.0072441761   -3.8390687 
    9000   0.39008725 0.0077132171   -3.9588602 
   10000   0.40881922 0.0088951852   -4.0159155 
   11000   0.38940575 -0.00088388461   -4.0863662 
   12000   0.37589574 -0.0035195823   -4.1351868 
   13000   0.40148369 -0.021362825   -4.1138796 
   14000   0.39662504 0.0016286904   -4.1368376 
   15000   0.40713749 -0.0042780431   -4.1946641 
   16000   0.38686722 -0.013928731   -4.2000356 
   17000   0.40052263 -0.008035292   -4.1784612 
   18000   0.40535782 -0.0060272458   -4.2207883 
   19000   0.40893709 -0.022481517   -4.2826102 
   20000   0.38703753 -0.032001905   -4.2953275 
   21000   0.39410104 -0.010054251   -4.2744612 
   22000    0.3946303 0.0048323957   -4.2525275 
   23000   0.40299393 -0.021307182   -4.2774294 
   24000   0.41481129  0.015235271   -4.2994318 
   25000   0.40939062 -0.0015646997   -4.3019374 
   26000   0.40527702 3.4655586e-05   -4.2934531 
   27000    0.4127544 -0.010610796   -4.3550198 
   28000   0.38689682 -0.023806457   -4.4366871 
   29000   0.39692788 -0.014775531   -4.4325628 
   30000   0.41574265 -0.006446687   -4.3984501 
   31000   0.40285005 -0.017626915   -4.4675766 
   32000   0.38832031 -0.013847996    -4.489968 
   33000   0.40344136 -0.016325706   -4.4474347 
   34000   0.41786372 -0.028164452   -4.4322805 
   35000   0.39002637 -0.022520401   -4.4840875 
   36000   0.40304712 -0.019636976   -4.5004265 
   37000   0.41699911  -0.01775853   -4.4694916 
   38000   0.39810877  0.025302349   -4.4725045 
   39000    0.3796411 -0.013795442   -4.4973641 
   40000   0.41042883 -0.011105411   -4.4687787 
   41000   0.40770028 -9.0329737e-05   -4.4444593 
   42000   0.40382751 -0.026387417   -4.4782995 
   43000   0.39540268  0.011590219   -4.5217598 
   44000   0.39824273 -0.0064926498   -4.5010609 
   45000   0.40024038 -0.0032800521    -4.469854 
   46000   0.39337255 -0.0074214382   -4.4771146 
   47000   0.38734414 -0.044888874   -4.5122546 
   48000   0.38867009 -0.034824458   -4.5068722 
   49000   0.39810704 -0.017627317   -4.4623411 
   50000   0.39116276 -0.020895502   -4.4861326 
Loop time of 27.0904 on 1 procs for 50000 steps with 1331 atoms

Performance: 637865.012 tau/day, 1845.674 timesteps/s
99.9% CPU use with 1 MPI tasks x no OpenMP threads

MPI task timing breakdown:
Section |  min time  |  avg time  |  max time  |%varavg| %total
---------------------------------------------------------------
Pair    | 22.427     | 22.427     | 22.427     |   0.0 | 82.79
Neigh   | 3.4721     | 3.4721     | 3.4721     |   0.0 | 12.82
Comm    | 0.15456    | 0.15456    | 0.15456    |   0.0 |  0.57
Output  | 0.027916   | 0.027916   | 0.027916   |   0.0 |  0.10
Modify  | 0.93396    | 0.93396    | 0.93396    |   0.0 |  3.45
Other   |            | 0.07506    |            |       |  0.28

Nlocal:    1331 ave 1331 max 1331 min
Histogram: 1 0 0 0 0 0 0 0 0 0
Nghost:    190 ave 190 max 190 min
Histogram: 1 0 0 0 0 0 0 0 0 0
Neighs:    40822 ave 40822 max 40822 min
Histogram: 1 0 0 0 0 0 0 0 0 0

Total # of neighbors = 40822
Ave neighs/atom = 30.6702
Neighbor list builds = 2500
Dangerous builds not checked

write_restart NVT/sim1/T_0.40__v_6.86/end1.restart
Total wall time: 0:00:27
