run 50000
Neighbor list info ...
  update every 20 steps, delay 0 steps, check no
  max neighbors/atom: 2000, page size: 100000
  master list distance cutoff = 2.8
  ghost atom cutoff = 2.8
  binsize = 1.4, bins = 16 16 16
  1 neighbor lists, perpetual/occasional/extra = 1 0 0
  (1) pair lj/cut, perpetual
      attributes: half, newton on
      pair build: half/bin/atomonly/newton
      stencil: half/bin/3d/newton
      bin: standard
Per MPI rank memory allocation (min/avg/max) = 2.7 | 2.7 | 2.7 Mbytes
Step Temp Press Volume Density PotEng KinEng TotEng 
       0          0.2 -0.020428939        10648        0.125  -0.13561964   0.29977461   0.16415497 
    1000   0.76370251 -0.069246165    4186.8821   0.31789766   -2.2030338    1.1446931   -1.0583407 
    2000   0.64532176  -0.19025963    2259.9326   0.58895562   -4.0802645   0.96725538   -3.1130091 
    3000   0.51697411   0.31521881    1541.4836   0.86345386   -5.5140362   0.77487856   -4.7391577 
    4000   0.31639499   0.72582241    1397.2872   0.95256004   -6.1640418   0.47423591   -5.6898059 
    5000   0.22175373   0.69231944    1355.6785   0.98179622   -6.4475263   0.33238068   -6.1151457 
    6000   0.18089665   0.69474925    1343.4211   0.99075413   -6.5278509   0.27114111   -6.2567098 
    7000   0.20273592    0.6855989    1346.7719   0.98828911   -6.5105997    0.3038754   -6.2067243 
    8000   0.21028543    0.7179493    1347.9903   0.98739581   -6.4942304   0.31519115   -6.1790392 
    9000   0.18837229     0.699682    1341.1985   0.99239596   -6.5458196   0.28234615   -6.2634735 
   10000   0.19774324   0.67809964    1342.0992   0.99172995   -6.5429835   0.29639202   -6.2465915 
   11000   0.21071933   0.67441812    1347.5893   0.98768965   -6.5047951   0.31584151   -6.1889536 
   12000   0.19722656   0.77391827    1339.1923   0.99388267   -6.5459903   0.29561757   -6.2503727 
   13000   0.19034582   0.76325428     1336.544   0.99585202   -6.5673025   0.28530421   -6.2819983 
   14000   0.21011734   0.65255447    1343.6144   0.99061158   -6.5359139   0.31493922   -6.2209747 
   15000   0.20532329   0.68748216    1341.8896   0.99188488    -6.542607   0.30775353   -6.2348535 
   16000   0.19157929   0.87011582    1333.6454   0.99801643   -6.5691735   0.28715303   -6.2820205 
   17000   0.20339033   0.64907151    1342.1897    0.9916631   -6.5459571   0.30485629   -6.2411008 
   18000   0.20621955    0.6375094    1344.2559   0.99013886   -6.5338003   0.30909692   -6.2247034 
   19000   0.18893571   0.68556388    1339.1447   0.99391799    -6.560021   0.28319064   -6.2768304 
   20000   0.19505083   0.67057872    1340.8752   0.99263524    -6.549966   0.29235643   -6.2576096 
   21000   0.21102937   0.89376975     1337.299   0.99528973   -6.5387598   0.31630624   -6.2224536 
   22000   0.19321404   0.61228476    1340.3079    0.9930554   -6.5642954   0.28960331    -6.274692 
   23000   0.19787777   0.69440898    1337.2148   0.99535244   -6.5742245   0.29659365   -6.2776308 
   24000   0.20888717   0.69826788    1340.9437   0.99258456   -6.5463709   0.31309534   -6.2332755 
   25000   0.20065661   0.69685354    1339.2928   0.99380808   -6.5632331   0.30075878   -6.2624744 
   26000   0.20056927   0.71007761     1335.888   0.99634099   -6.5846009   0.30062786    -6.283973 
   27000   0.20356024   0.49726472    1345.3421   0.98933946    -6.549437   0.30511096    -6.244326 
   28000   0.20490699   0.81549835    1337.4956   0.99514346   -6.5559987   0.30712957   -6.2488691 
   29000   0.19277225   0.73904307    1336.5426   0.99585301   -6.5736959   0.28894112   -6.2847548 
   30000   0.20157538   0.61239503    1340.9598   0.99257266   -6.5628822    0.3021359   -6.2607463 
   31000   0.20709927   0.65916112    1340.4084   0.99298093   -6.5594372   0.31041551   -6.2490217 
   32000   0.19314799   0.79875272    1335.4061   0.99670058   -6.5680457   0.28950431   -6.2785414 
   33000   0.19638412   0.81295824    1336.1844      0.99612   -6.5621916   0.29435486   -6.2678368 
   34000   0.20512659    0.5231042    1344.3768   0.99004983   -6.5567785   0.30745871   -6.2493198 
   35000   0.19976478   0.73149557     1336.213   0.99609871    -6.574772   0.29942204     -6.27535 
   36000   0.19854418   0.68854178    1336.9668   0.99553704   -6.5781645   0.29759251    -6.280572 
   37000   0.20388943   0.66977207    1340.5277   0.99289258    -6.555123   0.30560437   -6.2495186 
   38000   0.20221914   0.69688967    1338.3531   0.99450589   -6.5697632   0.30310081   -6.2666624 
   39000   0.20189129    0.7961727    1333.6284   0.99802917   -6.5875392   0.30260941   -6.2849298 
   40000   0.20453871   0.64938444    1339.9797   0.99329864   -6.5661219   0.30657756   -6.2595443 
   41000   0.19848825   0.60327316    1341.9603    0.9918326   -6.5566877   0.29750869    -6.259179 
   42000   0.19541052   0.92724147    1332.0592   0.99920486   -6.5733657   0.29289556   -6.2804702 
   43000   0.19562226   0.65408258    1339.5554   0.99361326   -6.5643264   0.29321293   -6.2711135 
   44000   0.20223599   0.70226638    1338.8513   0.99413577   -6.5616686   0.30312607   -6.2585425 
   45000   0.20340975    0.6480501    1337.1271   0.99541775   -6.5835606   0.30488539   -6.2786752 
   46000   0.20398858   0.69581508    1336.5426   0.99585306     -6.58186   0.30575299    -6.276107 
   47000   0.20667692   0.63047234    1339.3769   0.99374571   -6.5710698   0.30978246   -6.2612873 
   48000   0.19691095   0.82602837    1334.5715   0.99732389   -6.5705531   0.29514452   -6.2754086 
   49000   0.19759233   0.56230772    1339.8218    0.9934157   -6.5781086   0.29616582   -6.2819428 
   50000   0.20023355   0.65801807    1339.7589   0.99346236   -6.5625964   0.30012466   -6.2624717 
Loop time of 43.9712 on 1 procs for 50000 steps with 1331 atoms

Performance: 392984.618 tau/day, 1137.108 timesteps/s
99.9% CPU use with 1 MPI tasks x no OpenMP threads

MPI task timing breakdown:
Section |  min time  |  avg time  |  max time  |%varavg| %total
---------------------------------------------------------------
Pair    | 35.776     | 35.776     | 35.776     |   0.0 | 81.36
Neigh   | 5.1285     | 5.1285     | 5.1285     |   0.0 | 11.66
Comm    | 0.76183    | 0.76183    | 0.76183    |   0.0 |  1.73
Output  | 0.024921   | 0.024921   | 0.024921   |   0.0 |  0.06
Modify  | 2.0493     | 2.0493     | 2.0493     |   0.0 |  4.66
Other   |            | 0.2307     |            |       |  0.52

Nlocal:    1331 ave 1331 max 1331 min
Histogram: 1 0 0 0 0 0 0 0 0 0
Nghost:    3262 ave 3262 max 3262 min
Histogram: 1 0 0 0 0 0 0 0 0 0
Neighs:    58897 ave 58897 max 58897 min
Histogram: 1 0 0 0 0 0 0 0 0 0

Total # of neighbors = 58897
Ave neighs/atom = 44.2502
Neighbor list builds = 2500
Dangerous builds not checked

write_restart lattice_11_11_11__2_2_2/sim1/T_0.20__P_0.70/end1.restart
Total wall time: 0:00:43
