run 50000
Neighbor list info ...
  update every 20 steps, delay 0 steps, check no
  max neighbors/atom: 2000, page size: 100000
  master list distance cutoff = 2.8
  ghost atom cutoff = 2.8
  binsize = 1.4, bins = 23 23 23
  1 neighbor lists, perpetual/occasional/extra = 1 0 0
  (1) pair lj/cut, perpetual
      attributes: half, newton on
      pair build: half/bin/atomonly/newton
      stencil: half/bin/3d/newton
      bin: standard
Per MPI rank memory allocation (min/avg/max) = 2.748 | 2.748 | 2.748 Mbytes
Step Temp Press TotEng 
       0          0.9  0.038704406    1.3366567 
    1000   0.95660076  0.034414454    1.1421915 
    2000    0.8774912  0.027943723   0.97928118 
    3000   0.91555554  0.035632645    1.0166199 
    4000   0.89058441  0.027055867   0.96475814 
    5000   0.91015013  0.034781674    1.0065456 
    6000   0.89730746  0.032765839   0.97829553 
    7000   0.91875186  0.029929059    0.9672132 
    8000   0.88899844  0.029684943   0.92351111 
    9000   0.90547962  0.031830238   0.95361364 
   10000   0.89083019  0.032360858   0.94069046 
   11000   0.89293319  0.027670562   0.95155317 
   12000   0.91387513  0.029419059   0.95919472 
   13000    0.8925369  0.028203774    0.9454699 
   14000   0.95258437   0.03346113    1.0181087 
   15000   0.88752515  0.029784773   0.91429061 
   16000   0.91209455  0.030766505   0.97139888 
   17000   0.86126234  0.029826395   0.89942296 
   18000   0.90555981  0.033158368   0.95051225 
   19000   0.89797589  0.032929067   0.94405059 
   20000   0.87617485  0.029832991   0.92025195 
   21000   0.90378525  0.028374767     0.958936 
   22000   0.87285776  0.026355344   0.91798836 
   23000    0.9173261  0.031018661   0.98149516 
   24000   0.88348132  0.030719296   0.94985786 
   25000   0.93197134  0.031981953    1.0184266 
   26000   0.89050816  0.031714473   0.95753388 
   27000   0.89418537  0.031444837   0.93422317 
   28000   0.93196768  0.033828784    1.0144409 
   29000   0.90310936  0.031985464   0.95351732 
   30000   0.91246232  0.028628815     0.967873 
   31000   0.89643514  0.029028232   0.93532711 
   32000   0.88662785  0.032435373   0.92714728 
   33000   0.90630472  0.030058462   0.96752328 
   34000   0.89916311  0.029466888   0.94846695 
   35000   0.96125435   0.03366478    1.0385375 
   36000   0.88565157  0.031495561   0.93883796 
   37000   0.90392402  0.030122488    0.9821064 
   38000   0.91370538  0.029254551   0.98160717 
   39000   0.91288628  0.030946426   0.97303067 
   40000   0.90194017   0.03150316   0.99271887 
   41000   0.90179225  0.031217787   0.98226757 
   42000   0.89154354  0.031537929   0.94740642 
   43000   0.93159517  0.033671642    1.0009769 
   44000   0.87830829  0.028895287   0.92824433 
   45000   0.94071827  0.030738255   0.99171439 
   46000   0.87760332  0.031614511   0.90370299 
   47000   0.91120111  0.028213494   0.96563469 
   48000   0.88847167  0.033420853   0.93125093 
   49000   0.89173807   0.02987899   0.94488109 
   50000    0.9049369  0.031197663   0.93633308 
Loop time of 4.57543 on 1 procs for 50000 steps with 1331 atoms

Performance: 3776692.409 tau/day, 10927.929 timesteps/s
99.6% CPU use with 1 MPI tasks x no OpenMP threads

MPI task timing breakdown:
Section |  min time  |  avg time  |  max time  |%varavg| %total
---------------------------------------------------------------
Pair    | 2.2983     | 2.2983     | 2.2983     |   0.0 | 50.23
Neigh   | 1.0598     | 1.0598     | 1.0598     |   0.0 | 23.16
Comm    | 0.25143    | 0.25143    | 0.25143    |   0.0 |  5.50
Output  | 0.023721   | 0.023721   | 0.023721   |   0.0 |  0.52
Modify  | 0.86456    | 0.86456    | 0.86456    |   0.0 | 18.90
Other   |            | 0.07768    |            |       |  1.70

Nlocal:    1331 ave 1331 max 1331 min
Histogram: 1 0 0 0 0 0 0 0 0 0
Nghost:    883 ave 883 max 883 min
Histogram: 1 0 0 0 0 0 0 0 0 0
Neighs:    3185 ave 3185 max 3185 min
Histogram: 1 0 0 0 0 0 0 0 0 0

Total # of neighbors = 3185
Ave neighs/atom = 2.39294
Neighbor list builds = 2500
Dangerous builds not checked

write_restart NVT/sim1/T_0.90__v_24.39/end1.restart
Total wall time: 0:00:04
