run 50000
Neighbor list info ...
  update every 20 steps, delay 0 steps, check no
  max neighbors/atom: 2000, page size: 100000
  master list distance cutoff = 2.8
  ghost atom cutoff = 2.8
  binsize = 1.4, bins = 15 15 15
  1 neighbor lists, perpetual/occasional/extra = 1 0 0
  (1) pair lj/cut, perpetual
      attributes: half, newton on
      pair build: half/bin/atomonly/newton
      stencil: half/bin/3d/newton
      bin: standard
Per MPI rank memory allocation (min/avg/max) = 2.75 | 2.75 | 2.75 Mbytes
Step Temp Press TotEng 
       0          1.1    0.0769298    1.3696217 
    1000    1.2544788   0.12429351   0.81584656 
    2000     1.062476  0.095026731   0.43759137 
    3000    1.1096258  0.086994378   0.50265298 
    4000    1.1239131  0.088503163   0.49712776 
    5000    1.0671854  0.069010714   0.39161568 
    6000     1.146664  0.088156051   0.47362175 
    7000     1.095363  0.099698483   0.44156492 
    8000     1.058619  0.069292538   0.38378824 
    9000    1.1196994   0.10007149   0.47768623 
   10000    1.0825544   0.10196809   0.36611377 
   11000    1.0862342   0.12195645   0.40925669 
   12000    1.1272657  0.089002324   0.46776976 
   13000    1.0924136  0.076076406   0.38700968 
   14000    1.1428682   0.10347251   0.50482893 
   15000     1.131891  0.066912205   0.41219041 
   16000     1.094452  0.093260812   0.39158083 
   17000    1.1038591  0.095209477   0.42578681 
   18000     1.061469  0.069948694    0.3589777 
   19000    1.1067591  0.088261598   0.48818377 
   20000    1.1013407  0.076875036   0.38844724 
   21000    1.1177769  0.070828112   0.46545801 
   22000    1.0955533  0.070970528   0.45673298 
   23000    1.0838161   0.10317405   0.43636833 
   24000    1.0640297  0.077761396   0.38388501 
   25000    1.1077794   0.08957444   0.47751384 
   26000    1.0990187  0.083338802    0.4396403 
   27000    1.0807893  0.095618357   0.39671595 
   28000    1.1061308  0.096647389   0.47127047 
   29000    1.0709421  0.091895496   0.40420821 
   30000    1.1184961    0.1145553   0.45395738 
   31000    1.0744416   0.11081019   0.41259889 
   32000    1.0854755   0.11247814   0.41999235 
   33000    1.1172535   0.10512444   0.44596345 
   34000    1.1033824  0.093931543   0.39874402 
   35000    1.1260227  0.090086377   0.49408128 
   36000    1.1248275  0.076997338   0.46241708 
   37000    1.0952204  0.098018352   0.44649314 
   38000    1.0974219  0.073892682    0.4091934 
   39000     1.087586   0.10081082   0.43678094 
   40000    1.0942961  0.091159903   0.46923325 
   41000    1.0992071   0.10273365   0.46472383 
   42000    1.1025394   0.11068149   0.44331799 
   43000    1.1070216  0.095718707   0.43427263 
   44000    1.1065655    0.1041765   0.43565593 
   45000    1.0958309  0.091656723    0.3831184 
   46000    1.1144249  0.085097946   0.40671438 
   47000    1.1002843  0.080087552   0.45334252 
   48000    1.0516572  0.070033136   0.35192199 
   49000    1.1074896   0.10989482   0.43514272 
   50000    1.1060253   0.07735437    0.4487111 
Loop time of 10.9585 on 1 procs for 50000 steps with 1331 atoms

Performance: 1576863.476 tau/day, 4562.684 timesteps/s
99.8% CPU use with 1 MPI tasks x no OpenMP threads

MPI task timing breakdown:
Section |  min time  |  avg time  |  max time  |%varavg| %total
---------------------------------------------------------------
Pair    | 7.319      | 7.319      | 7.319      |   0.0 | 66.79
Neigh   | 2.2932     | 2.2932     | 2.2932     |   0.0 | 20.93
Comm    | 0.3823     | 0.3823     | 0.3823     |   0.0 |  3.49
Output  | 0.02307    | 0.02307    | 0.02307    |   0.0 |  0.21
Modify  | 0.84558    | 0.84558    | 0.84558    |   0.0 |  7.72
Other   |            | 0.09534    |            |       |  0.87

Nlocal:    1331 ave 1331 max 1331 min
Histogram: 1 0 0 0 0 0 0 0 0 0
Nghost:    1534 ave 1534 max 1534 min
Histogram: 1 0 0 0 0 0 0 0 0 0
Neighs:    11218 ave 11218 max 11218 min
Histogram: 1 0 0 0 0 0 0 0 0 0

Total # of neighbors = 11218
Ave neighs/atom = 8.42825
Neighbor list builds = 2500
Dangerous builds not checked

write_restart NVT/sim1/T_1.10__v_5.83/end1.restart
Total wall time: 0:00:10
