run 50000
Neighbor list info ...
  update every 20 steps, delay 0 steps, check no
  max neighbors/atom: 2000, page size: 100000
  master list distance cutoff = 2.8
  ghost atom cutoff = 2.8
  binsize = 1.4, bins = 16 16 16
  1 neighbor lists, perpetual/occasional/extra = 1 0 0
  (1) pair lj/cut, perpetual
      attributes: half, newton on
      pair build: half/bin/atomonly/newton
      stencil: half/bin/3d/newton
      bin: standard
Per MPI rank memory allocation (min/avg/max) = 2.7 | 2.7 | 2.7 Mbytes
Step Temp Press Volume Density PotEng KinEng TotEng 
       0          0.9  0.067005321        10648        0.125  -0.13561964    1.3489857    1.2133661 
    1000    1.5132687   0.30053933    5657.9829   0.23524285   -1.3819265    2.2681976   0.88627111 
    2000     1.283193   0.15520342    3771.1471   0.35294301   -2.1124018    1.9233434  -0.18905839 
    3000    1.1388969   0.25747455    2721.0671   0.48914633   -2.8879862    1.7070619   -1.1809242 
    4000    1.0870822   0.55785802      2111.66   0.63030981   -3.6852356    1.6293982   -2.0558373 
    5000    1.0711052   0.77427546    1804.7077   0.73751556    -4.406561    1.6054507   -2.8011103 
    6000   0.93011481    1.0994197    1675.2443   0.79451099   -4.7542308     1.394124   -3.3601068 
    7000   0.87610947     1.356476    1628.7318   0.81720025   -4.9041164    1.3131769   -3.5909395 
    8000   0.88494252    1.3199752    1644.4506   0.80938885   -4.8466098    1.3264165   -3.5201933 
    9000   0.92020195    1.2356332    1666.8557   0.79850944   -4.7560892    1.3792659   -3.3768233 
   10000   0.91328587    1.3173383    1651.9864   0.80569673    -4.799776    1.3688996   -3.4308765 
   11000   0.85256815    1.5293354    1635.3789   0.81387869   -4.8264084    1.2778914    -3.548517 
   12000   0.87138849    1.4600097    1642.9519   0.81012721    -4.808546    1.3061007   -3.5024453 
   13000   0.95479317     1.083315    1662.1547   0.80076785   -4.8141565    1.4311137   -3.3830428 
   14000   0.92974694    1.1986985    1651.4352   0.80596561    -4.829774    1.3935726   -3.4362014 
   15000    0.8796284    1.3062789    1637.8733   0.81263916   -4.8651226    1.3184513   -3.5466713 
   16000   0.86579015    1.3476026    1649.7706   0.80677884   -4.7952899    1.2977095   -3.4975804 
   17000   0.93587626    1.2076391     1662.246   0.80072385   -4.7851168    1.4027597   -3.3823571 
   18000   0.90347628    1.6307854    1637.2591   0.81294403   -4.7931964    1.3541962   -3.4390002 
   19000   0.85393267    1.1113455     1651.499   0.80593449   -4.8291828    1.2799366   -3.5492462 
   20000   0.87892875    1.3334541    1647.8364   0.80772581   -4.8096141    1.3174026   -3.4922115 
   21000   0.92838139    1.4226898    1652.7092   0.80534432   -4.7774067    1.3915258   -3.3858809 
   22000   0.90340924    1.1902588    1664.1279   0.79981834   -4.7837809    1.3540957   -3.4296852 
   23000   0.87479537     1.320976     1643.444   0.80988461    -4.831367    1.3112072   -3.5201598 
   24000   0.88357713    1.4191141    1635.1289   0.81400312   -4.8544309    1.3243699   -3.5300609 
   25000   0.90083489    1.1669803     1661.487   0.80108962   -4.8012898    1.3502371   -3.4510527 
   26000   0.91167066     1.292589    1663.8605   0.79994686    -4.770252    1.3664786   -3.4037734 
   27000   0.89987011    1.4353417    1648.9403    0.8071851   -4.8010087     1.348791   -3.4522176 
   28000   0.89741715    1.0708823    1652.2253    0.8055802   -4.8438131    1.3451144   -3.4986987 
   29000   0.92729865    1.3907346    1638.5143   0.81232125    -4.850681    1.3899029   -3.4607781 
   30000    0.8834954    1.3610196    1656.1601   0.80366628   -4.7706512    1.3242474   -3.4464038 
   31000   0.87151105    1.1884098    1657.5291   0.80300247   -4.7972468    1.3062844   -3.4909624 
   32000   0.92160969    1.3674173    1639.4934   0.81183616   -4.8461328    1.3813759   -3.4647569 
   33000   0.89090307    1.2713117    1656.9197   0.80329783   -4.7857528    1.3353506   -3.4504022 
   34000    0.8929388    1.1811992     1660.078   0.80176955   -4.7830874    1.3384019   -3.4446855 
   35000   0.90832521    1.4844505     1641.416   0.81088524   -4.8127192    1.3614642    -3.451255 
   36000   0.89827463     1.293421    1640.9831   0.81109914    -4.845224    1.3463996   -3.4988243 
   37000   0.89305534    1.1800352    1656.9429   0.80328658   -4.8001131    1.3385766   -3.4615365 
   38000   0.93372865    1.3450918     1655.941   0.80377258   -4.7863663    1.3995407   -3.3868256 
   39000    0.8967692    1.3638761    1647.6481   0.80781812   -4.8030722    1.3441432    -3.458929 
   40000   0.89069976    1.1310617    1647.3459    0.8079663   -4.8541876    1.3350459   -3.5191417 
   41000   0.91734671    1.2986385    1657.7466   0.80289711   -4.7920961    1.3749862   -3.4171099 
   42000    0.9266028    1.2130154    1652.7844   0.80530771   -4.8139957    1.3888599   -3.4251358 
   43000   0.86756023    1.2069695    1653.0852   0.80516114   -4.8105292    1.3003626   -3.5101665 
   44000   0.91537078    1.5184741    1644.1471   0.80953826   -4.7972318    1.3720246   -3.4252072 
   45000   0.89643414    1.2654656    1656.8441   0.80333449   -4.7920005     1.343641   -3.4483595 
   46000   0.88053787    1.2879469     1649.839    0.8067454   -4.8207096    1.3198145   -3.5008952 
   47000   0.88240214   0.93826341    1641.7993   0.81069594   -4.9136974    1.3226088   -3.5910886 
   48000   0.90871254    1.5276321    1630.7573    0.8161852    -4.850872    1.3620447   -3.4888272 
   49000   0.91407328    1.2054194    1656.6543   0.80342651   -4.8074831    1.3700798   -3.4374033 
   50000   0.90118267    1.3089197    1646.2382   0.80850996   -4.8310599    1.3507584   -3.4803016 
Loop time of 36.7387 on 1 procs for 50000 steps with 1331 atoms

Performance: 470348.799 tau/day, 1360.963 timesteps/s
99.9% CPU use with 1 MPI tasks x no OpenMP threads

MPI task timing breakdown:
Section |  min time  |  avg time  |  max time  |%varavg| %total
---------------------------------------------------------------
Pair    | 29.354     | 29.354     | 29.354     |   0.0 | 79.90
Neigh   | 4.4803     | 4.4803     | 4.4803     |   0.0 | 12.20
Comm    | 0.70772    | 0.70772    | 0.70772    |   0.0 |  1.93
Output  | 0.025208   | 0.025208   | 0.025208   |   0.0 |  0.07
Modify  | 2.013      | 2.013      | 2.013      |   0.0 |  5.48
Other   |            | 0.1581     |            |       |  0.43

Nlocal:    1331 ave 1331 max 1331 min
Histogram: 1 0 0 0 0 0 0 0 0 0
Nghost:    2921 ave 2921 max 2921 min
Histogram: 1 0 0 0 0 0 0 0 0 0
Neighs:    48032 ave 48032 max 48032 min
Histogram: 1 0 0 0 0 0 0 0 0 0

Total # of neighbors = 48032
Ave neighs/atom = 36.0872
Neighbor list builds = 2500
Dangerous builds not checked

write_restart lattice_11_11_11__2_2_2/sim1/T_0.90__P_1.30/end1.restart
Total wall time: 0:00:36
