run 50000
Neighbor list info ...
  update every 20 steps, delay 0 steps, check no
  max neighbors/atom: 2000, page size: 100000
  master list distance cutoff = 2.8
  ghost atom cutoff = 2.8
  binsize = 1.4, bins = 18 18 18
  1 neighbor lists, perpetual/occasional/extra = 1 0 0
  (1) pair lj/cut, perpetual
      attributes: half, newton on
      pair build: half/bin/atomonly/newton
      stencil: half/bin/3d/newton
      bin: standard
Per MPI rank memory allocation (min/avg/max) = 2.711 | 2.711 | 2.711 Mbytes
Step Temp Press TotEng 
       0          1.4   0.11331243    2.0352253 
    1000    1.4701717   0.12795911    1.6301158 
    2000    1.3468868   0.10101675    1.4071453 
    3000     1.441652   0.12155447    1.5402696 
    4000    1.3415773   0.11628121    1.4278042 
    5000     1.412377   0.12186594    1.5290045 
    6000    1.3482505   0.10491567    1.4033233 
    7000    1.4307127    0.1203727    1.5452468 
    8000    1.4011586    0.1191366    1.4579983 
    9000    1.4252359   0.11445096    1.5398344 
   10000    1.4285772   0.11135457    1.4888561 
   11000    1.3990007   0.10255922    1.4962876 
   12000    1.3992795   0.11199502    1.5042002 
   13000    1.3810196   0.11324944    1.4282285 
   14000    1.4183287    0.1084105    1.5248424 
   15000    1.4109054    0.1089008    1.4880387 
   16000     1.411656   0.09521349    1.4791105 
   17000    1.4105534   0.12008344    1.5347546 
   18000    1.3416178   0.10903236    1.4046449 
   19000    1.4316017   0.12023333    1.5267203 
   20000    1.3915063   0.10726945    1.4577222 
   21000    1.4361106   0.11042022    1.5530337 
   22000    1.3859584   0.10670373    1.4689625 
   23000    1.3862443   0.11834284    1.4714464 
   24000    1.4170236   0.10160426    1.5208921 
   25000    1.3751925   0.12189982    1.4551109 
   26000    1.4161874   0.11649069    1.5198632 
   27000    1.3402644   0.10654333    1.4019532 
   28000     1.430719   0.11148398    1.5424128 
   29000    1.3672236   0.11546237    1.4573496 
   30000    1.4625252   0.11686007    1.5693806 
   31000    1.3760145   0.10598236    1.4257593 
   32000    1.4352089   0.11228386    1.5336996 
   33000    1.3489421   0.11020267    1.3874146 
   34000    1.4528852   0.12771593    1.5438902 
   35000    1.3768257    0.1020806    1.4312427 
   36000    1.4396218   0.11426257    1.5431405 
   37000    1.3500697   0.10916199    1.3927317 
   38000    1.4106266   0.11394783     1.508604 
   39000    1.4000149   0.10209621     1.471685 
   40000    1.4095307   0.10771272    1.4725029 
   41000    1.4228229  0.099690158    1.5043034 
   42000    1.3905901   0.12351146    1.4458546 
   43000    1.4610044   0.11772858    1.5419412 
   44000    1.3544607   0.10376558    1.4225145 
   45000    1.4030401   0.12139071    1.5106607 
   46000    1.3956746    0.1128393    1.4804481 
   47000    1.4034982   0.10791929    1.4574506 
   48000    1.4170278   0.11628086    1.5057011 
   49000    1.3691792   0.10410813    1.3988745 
   50000    1.4639355   0.12318354    1.5775958 
Loop time of 7.0888 on 1 procs for 50000 steps with 1331 atoms

Performance: 2437649.430 tau/day, 7053.384 timesteps/s
99.8% CPU use with 1 MPI tasks x no OpenMP threads

MPI task timing breakdown:
Section |  min time  |  avg time  |  max time  |%varavg| %total
---------------------------------------------------------------
Pair    | 4.2237     | 4.2237     | 4.2237     |   0.0 | 59.58
Neigh   | 1.5905     | 1.5905     | 1.5905     |   0.0 | 22.44
Comm    | 0.32812    | 0.32812    | 0.32812    |   0.0 |  4.63
Output  | 0.022548   | 0.022548   | 0.022548   |   0.0 |  0.32
Modify  | 0.83751    | 0.83751    | 0.83751    |   0.0 | 11.81
Other   |            | 0.08639    |            |       |  1.22

Nlocal:    1331 ave 1331 max 1331 min
Histogram: 1 0 0 0 0 0 0 0 0 0
Nghost:    1164 ave 1164 max 1164 min
Histogram: 1 0 0 0 0 0 0 0 0 0
Neighs:    6235 ave 6235 max 6235 min
Histogram: 1 0 0 0 0 0 0 0 0 0

Total # of neighbors = 6235
Ave neighs/atom = 4.68445
Neighbor list builds = 2500
Dangerous builds not checked

write_restart NVT/sim1/T_1.40__v_10.65/end1.restart
Total wall time: 0:00:07
