run 50000
Neighbor list info ...
  update every 20 steps, delay 0 steps, check no
  max neighbors/atom: 2000, page size: 100000
  master list distance cutoff = 2.8
  ghost atom cutoff = 2.8
  binsize = 1.4, bins = 17 17 17
  1 neighbor lists, perpetual/occasional/extra = 1 0 0
  (1) pair lj/cut, perpetual
      attributes: half, newton on
      pair build: half/bin/atomonly/newton
      stencil: half/bin/3d/newton
      bin: standard
Per MPI rank memory allocation (min/avg/max) = 2.705 | 2.705 | 2.705 Mbytes
Step Temp Press TotEng 
       0          1.3   0.11131286    1.8549937 
    1000    1.3881714   0.11392673    1.4154263 
    2000    1.2560496   0.11053012    1.1452724 
    3000    1.3303386   0.10983533    1.2301527 
    4000    1.3101758   0.10537663    1.2136771 
    5000    1.2949614   0.10631843     1.216554 
    6000    1.3397362   0.10776731     1.281072 
    7000    1.2749288  0.099495182    1.1681728 
    8000    1.3005848    0.1130092    1.2351597 
    9000    1.2962859   0.11288207    1.2183875 
   10000    1.2329269   0.10011626     1.097728 
   11000    1.3361259   0.11284726    1.2384115 
   12000    1.3062984    0.1073809    1.2108707 
   13000    1.2673469  0.092553792    1.1499805 
   14000    1.3313749   0.11141602    1.2577267 
   15000    1.2959605   0.11552744    1.2200567 
   16000    1.3712779   0.11806621    1.3813927 
   17000    1.2918823   0.10934858    1.2347159 
   18000      1.30279   0.13225611    1.2557682 
   19000    1.2931684   0.10115473    1.2167813 
   20000    1.2872938   0.12299424    1.2142911 
   21000    1.3276787   0.11156074    1.2459616 
   22000    1.2537969  0.097478318    1.1289155 
   23000    1.3236843   0.11015282    1.2395913 
   24000    1.2416723   0.11188754     1.139034 
   25000     1.332776   0.11997841    1.2903322 
   26000    1.2786451     0.106583    1.1901395 
   27000    1.3246863   0.10645873    1.3061462 
   28000    1.2927583   0.11086061    1.2302848 
   29000    1.3013795   0.10387151    1.2015957 
   30000    1.3061152   0.11453723    1.2069145 
   31000    1.3275158   0.10384324    1.2777125 
   32000     1.241918   0.11445507    1.1562675 
   33000    1.3235983   0.11513872     1.247124 
   34000    1.3164686   0.10898591     1.219241 
   35000    1.2225432   0.09666851    1.1194303 
   36000     1.320302   0.10950925    1.2662536 
   37000    1.2582566   0.11307069    1.1649834 
   38000    1.3541155   0.10535963    1.3183422 
   39000    1.2807834   0.10141063    1.2212825 
   40000    1.2878631   0.11700406    1.2267612 
   41000    1.3217787   0.10159685    1.2648579 
   42000    1.2921814  0.093797484     1.194103 
   43000    1.3156951   0.11488305    1.2507217 
   44000    1.2760816   0.11018704    1.1488074 
   45000    1.3453545   0.12081319    1.2526941 
   46000    1.2678591   0.10670036    1.1414107 
   47000    1.2766569   0.11271728    1.1895651 
   48000    1.3135254  0.093185654    1.2490235 
   49000    1.2625811  0.098910151    1.1746374 
   50000    1.3517128   0.11050039    1.2683119 
Loop time of 7.90421 on 1 procs for 50000 steps with 1331 atoms

Performance: 2186176.911 tau/day, 6325.743 timesteps/s
99.8% CPU use with 1 MPI tasks x no OpenMP threads

MPI task timing breakdown:
Section |  min time  |  avg time  |  max time  |%varavg| %total
---------------------------------------------------------------
Pair    | 4.8367     | 4.8367     | 4.8367     |   0.0 | 61.19
Neigh   | 1.7669     | 1.7669     | 1.7669     |   0.0 | 22.35
Comm    | 0.34539    | 0.34539    | 0.34539    |   0.0 |  4.37
Output  | 0.022544   | 0.022544   | 0.022544   |   0.0 |  0.29
Modify  | 0.84276    | 0.84276    | 0.84276    |   0.0 | 10.66
Other   |            | 0.0899     |            |       |  1.14

Nlocal:    1331 ave 1331 max 1331 min
Histogram: 1 0 0 0 0 0 0 0 0 0
Nghost:    1252 ave 1252 max 1252 min
Histogram: 1 0 0 0 0 0 0 0 0 0
Neighs:    7090 ave 7090 max 7090 min
Histogram: 1 0 0 0 0 0 0 0 0 0

Total # of neighbors = 7090
Ave neighs/atom = 5.32682
Neighbor list builds = 2500
Dangerous builds not checked

write_restart NVT/sim1/T_1.30__v_9.26/end1.restart
Total wall time: 0:00:07
