run 50000
Neighbor list info ...
  update every 20 steps, delay 0 steps, check no
  max neighbors/atom: 2000, page size: 100000
  master list distance cutoff = 2.8
  ghost atom cutoff = 2.8
  binsize = 1.4, bins = 20 20 20
  1 neighbor lists, perpetual/occasional/extra = 1 0 0
  (1) pair lj/cut, perpetual
      attributes: half, newton on
      pair build: half/bin/atomonly/newton
      stencil: half/bin/3d/newton
      bin: standard
Per MPI rank memory allocation (min/avg/max) = 2.724 | 2.724 | 2.724 Mbytes
Step Temp Press TotEng 
       0          0.2  0.011280952   0.28744555 
    1000   0.37069902  0.012358609  0.011158381 
    2000   0.36768088 0.0015045917  -0.47235785 
    3000   0.39521731 -0.0089313272   -1.0747663 
    4000   0.37784067 -0.0019212397   -1.7429585 
    5000   0.35482595 -0.0019609224   -2.3825744 
    6000   0.27702064 0.0025906588    -2.874176 
    7000   0.23396751 0.0044219119   -3.2120112 
    8000   0.19702469 0.0028553828   -3.4360787 
    9000   0.18918908 0.0042863134   -3.5395052 
   10000   0.19404799 0.0031995545   -3.5691651 
   11000   0.19607117 -0.0064958928   -3.6087541 
   12000    0.1906931 0.00036689919   -3.6607346 
   13000   0.20607154 0.0012482333    -3.651117 
   14000   0.20679802 -0.0057928012   -3.6411079 
   15000   0.19115988 -0.0022118798   -3.6767435 
   16000   0.20217618 -0.0030436813   -3.6933031 
   17000   0.19056379 -0.0051381973   -3.6807911 
   18000   0.20503115 -0.00033880723    -3.675763 
   19000   0.19878573  0.002189667   -3.7164224 
   20000   0.18528919 0.0030289579   -3.7463371 
   21000    0.1974626 -0.0073170994   -3.7279618 
   22000   0.19594478 0.0053274797   -3.7248575 
   23000    0.1956548 0.0077031998   -3.7515828 
   24000   0.19567092 -0.0054442788   -3.7525688 
   25000    0.2045782 0.0010630183   -3.7407335 
   26000   0.19996171    0.0148173    -3.745321 
   27000   0.20480888 0.0052742217   -3.7649851 
   28000   0.20200773 0.0053678219   -3.7764808 
   29000   0.20360336 -0.0017441278   -3.7682803 
   30000   0.20450282 0.0055625599   -3.7799642 
   31000   0.19208333 0.0053852512   -3.8027583 
   32000   0.20664602 -0.0035690288   -3.7878373 
   33000   0.20227828 0.00042282825   -3.7742937 
   34000   0.19873632 0.0003574879   -3.8091716 
   35000   0.19973132 -0.0041753921   -3.8191246 
   36000   0.20994124 0.0069735797   -3.8152144 
   37000    0.1955178 -0.0078070438   -3.8413265 
   38000   0.20138927 -0.00079703281   -3.8623803 
   39000   0.19831763 0.0028697784   -3.8430943 
   40000   0.21002287 -0.011259163   -3.8300969 
   41000   0.19539772 -0.0064269388   -3.8834075 
   42000   0.19559404 0.0004261387   -3.9017598 
   43000   0.21027316 0.0039725716   -3.8679477 
   44000   0.20406618 0.0042045163    -3.888457 
   45000   0.19774321 -0.0031008064   -3.9501902 
   46000   0.20220919 -0.0093255594   -3.9505449 
   47000   0.20691064 -0.0015049493   -3.9335752 
   48000   0.19538373 0.0075083334   -3.9929548 
   49000    0.1905633 0.0040529021   -4.0337557 
   50000   0.20805777 -0.0068692013   -4.0097663 
Loop time of 15.3373 on 1 procs for 50000 steps with 1331 atoms

Performance: 1126663.016 tau/day, 3260.020 timesteps/s
99.8% CPU use with 1 MPI tasks x no OpenMP threads

MPI task timing breakdown:
Section |  min time  |  avg time  |  max time  |%varavg| %total
---------------------------------------------------------------
Pair    | 12.074     | 12.074     | 12.074     |   0.0 | 78.73
Neigh   | 1.7958     | 1.7958     | 1.7958     |   0.0 | 11.71
Comm    | 0.4428     | 0.4428     | 0.4428     |   0.0 |  2.89
Output  | 0.025112   | 0.025112   | 0.025112   |   0.0 |  0.16
Modify  | 0.8907     | 0.8907     | 0.8907     |   0.0 |  5.81
Other   |            | 0.1084     |            |       |  0.71

Nlocal:    1331 ave 1331 max 1331 min
Histogram: 1 0 0 0 0 0 0 0 0 0
Nghost:    1975 ave 1975 max 1975 min
Histogram: 1 0 0 0 0 0 0 0 0 0
Neighs:    24211 ave 24211 max 24211 min
Histogram: 1 0 0 0 0 0 0 0 0 0

Total # of neighbors = 24211
Ave neighs/atom = 18.1901
Neighbor list builds = 2500
Dangerous builds not checked

write_restart NVT/sim1/T_0.20__v_15.62/end1.restart
Total wall time: 0:00:15
