run 50000
Neighbor list info ...
  update every 20 steps, delay 0 steps, check no
  max neighbors/atom: 2000, page size: 100000
  master list distance cutoff = 2.8
  ghost atom cutoff = 2.8
  binsize = 1.4, bins = 16 16 16
  1 neighbor lists, perpetual/occasional/extra = 1 0 0
  (1) pair lj/cut, perpetual
      attributes: half, newton on
      pair build: half/bin/atomonly/newton
      stencil: half/bin/3d/newton
      bin: standard
Per MPI rank memory allocation (min/avg/max) = 2.7 | 2.7 | 2.7 Mbytes
Step Temp Press Volume Density PotEng KinEng TotEng 
       0          0.6  0.029533495        10648        0.125  -0.13561964   0.89932382   0.76370418 
    1000    1.2040943    0.2333182    4803.0228   0.27711715   -1.6105413    1.8047845   0.19424318 
    2000    1.0396639  0.070279059    2933.0405   0.45379531   -2.7581097    1.5583241   -1.1997855 
    3000   0.94185123   0.32954485     2020.304   0.65881173   -3.9163212    1.4117154   -2.5046058 
    4000   0.84413311    1.2053373    1641.5561   0.81081602   -4.8557553    1.2652483    -3.590507 
    5000   0.69252019    1.3585229    1517.5411   0.87707674   -5.3918632    1.0379998   -4.3538634 
    6000   0.57969354    1.4955583    1460.0963   0.91158371    -5.663429   0.86888702   -4.7945419 
    7000    0.5751168    1.4992593    1442.1425   0.92293236   -5.7760068   0.86202706   -4.9139797 
    8000   0.61665323    1.4283989    1460.5991   0.91126991   -5.6818302   0.92428489   -4.7575453 
    9000   0.62120399    1.5539359    1470.1433   0.90535393   -5.5981186   0.93110591   -4.6670127 
   10000   0.58875433     1.561434    1455.8597   0.91423644   -5.6854723   0.88246798   -4.8030044 
   11000   0.60114828    1.3650874     1453.674   0.91561105   -5.7314746   0.90104494   -4.8304296 
   12000   0.60456867    1.4465977    1469.0115   0.90605143   -5.6273756   0.90617168   -4.7212039 
   13000   0.61389112    1.4204087    1472.0925   0.90415514   -5.6196077   0.92014484   -4.6994628 
   14000   0.57466798    1.4515626    1458.5501   0.91255006   -5.6784227   0.86135433   -4.8170684 
   15000     0.592598    1.4646709    1456.0993   0.91408599   -5.6965919   0.88822915   -4.8083627 
   16000   0.60835295    1.6342049    1459.3595   0.91204396   -5.6563112   0.91184382   -4.7444674 
   17000    0.6209751    1.4111851    1455.2017   0.91464984    -5.707825   0.93076283   -4.7770621 
   18000   0.61083776    1.6292763    1450.0431   0.91790377   -5.7066935   0.91556824   -4.7911253 
   19000   0.60815335    1.4736467    1460.8368   0.91112162   -5.6781322   0.91154465   -4.7665875 
   20000   0.62107252    1.4866669    1465.3445    0.9083188   -5.6435382   0.93090885   -4.7126294 
   21000   0.60020263    1.3908809    1462.7527   0.90992824   -5.6708955   0.89962753    -4.771268 
   22000   0.60317011    1.3481043    1454.1857    0.9152889   -5.7341581    0.9040754   -4.8300827 
   23000   0.57633565    1.6166937    1456.1956   0.91402558   -5.6636177   0.86385396   -4.7997637 
   24000   0.61508032    1.3332183    1468.4581   0.90639291   -5.6492267    0.9219273   -4.7272994 
   25000   0.60259886    1.1813798    1472.4405   0.90394142   -5.6514677   0.90321918   -4.7482485 
   26000   0.60122503    1.2678845    1458.9859   0.91227747   -5.7107499   0.90115998   -4.8095899 
   27000   0.57707832    1.3210669    1458.4777   0.91259538   -5.7011449   0.86496714   -4.8361778 
   28000   0.61412204    1.4165635    1458.5271   0.91256444   -5.6933899   0.92049096   -4.7728989 
   29000   0.59719987    1.3250084    1464.8809   0.90860628   -5.6592701   0.89512677   -4.7641433 
   30000   0.60355979     1.513131    1456.5466   0.91380528   -5.6914465   0.90465949    -4.786787 
   31000   0.58142707    1.4984256    1459.8382    0.9117449   -5.6667181   0.87148536   -4.7952328 
   32000   0.61481902    1.4059204     1461.488   0.91071564   -5.6872397   0.92153565   -4.7657041 
   33000   0.59749121    1.4773719     1462.863   0.90985966   -5.6578632   0.89556345   -4.7622998 
   34000   0.57928639    1.4203773    1465.2913   0.90835184   -5.6485889   0.86827675   -4.7803122 
   35000   0.58333552    1.3005053    1468.1477   0.90658452   -5.6575599   0.87434588    -4.783214 
   36000   0.60198355    1.2304743    1468.4875   0.90637475   -5.6716349   0.90229691    -4.769338 
   37000   0.59489146    1.3406131     1465.421   0.90827138   -5.6636692   0.89166677   -4.7720025 
   38000   0.59376447    1.5233529    1457.3774   0.91328434   -5.6892398   0.88997756   -4.7992622 
   39000   0.60226279    1.5469241    1453.1164   0.91596242   -5.7037774   0.90271545    -4.801062 
   40000   0.61314834    1.6711825    1458.6563    0.9124836   -5.6385107   0.91903151   -4.7194792 
   41000   0.59639968    1.6148019    1462.0259   0.91038056   -5.6344394    0.8939274    -4.740512 
   42000   0.60224636    1.3815954    1457.2786   0.91334626   -5.7077184   0.90269083   -4.8050276 
   43000   0.57551073    1.4180226    1464.9183   0.90858312   -5.6501642   0.86261751   -4.7875467 
   44000   0.60496959     1.250698    1472.0827   0.90416118   -5.6528753   0.90677261   -4.7461027 
   45000   0.60493492    1.5151557    1460.6957   0.91120963   -5.6666352   0.90672064   -4.7599146 
   46000   0.58862773    1.5339143    1451.1764   0.91718692     -5.70998   0.88227823   -4.8277017 
   47000   0.60674694    1.6024752    1450.9337   0.91734035   -5.7040935   0.90943662   -4.7946569 
   48000    0.6233096    1.5226269     1458.633   0.91249821   -5.6796588   0.93426195   -4.7453968 
   49000   0.60227532    1.6228508    1456.0041   0.91414578   -5.6732402   0.90273424    -4.770506 
   50000   0.60474984      1.63662    1449.6244   0.91816886   -5.7070004   0.90644322   -4.8005572 
Loop time of 40.3136 on 1 procs for 50000 steps with 1331 atoms

Performance: 428639.269 tau/day, 1240.276 timesteps/s
99.9% CPU use with 1 MPI tasks x no OpenMP threads

MPI task timing breakdown:
Section |  min time  |  avg time  |  max time  |%varavg| %total
---------------------------------------------------------------
Pair    | 32.689     | 32.689     | 32.689     |   0.0 | 81.09
Neigh   | 4.6024     | 4.6024     | 4.6024     |   0.0 | 11.42
Comm    | 0.73194    | 0.73194    | 0.73194    |   0.0 |  1.82
Output  | 0.025494   | 0.025494   | 0.025494   |   0.0 |  0.06
Modify  | 2.0449     | 2.0449     | 2.0449     |   0.0 |  5.07
Other   |            | 0.2196     |            |       |  0.54

Nlocal:    1331 ave 1331 max 1331 min
Histogram: 1 0 0 0 0 0 0 0 0 0
Nghost:    3111 ave 3111 max 3111 min
Histogram: 1 0 0 0 0 0 0 0 0 0
Neighs:    54256 ave 54256 max 54256 min
Histogram: 1 0 0 0 0 0 0 0 0 0

Total # of neighbors = 54256
Ave neighs/atom = 40.7633
Neighbor list builds = 2500
Dangerous builds not checked

write_restart lattice_11_11_11__2_2_2/sim1/T_0.60__P_1.50/end1.restart
Total wall time: 0:00:40
