run 50000
Neighbor list info ...
  update every 20 steps, delay 0 steps, check no
  max neighbors/atom: 2000, page size: 100000
  master list distance cutoff = 2.8
  ghost atom cutoff = 2.8
  binsize = 1.4, bins = 12 12 12
  1 neighbor lists, perpetual/occasional/extra = 1 0 0
  (1) pair lj/cut, perpetual
      attributes: half, newton on
      pair build: half/bin/atomonly/newton
      stencil: half/bin/3d/newton
      bin: standard
Per MPI rank memory allocation (min/avg/max) = 2.738 | 2.738 | 2.738 Mbytes
Step Temp Press TotEng 
       0          1.4  -0.50464577   0.61899974 
    1000    1.4430609   0.31398434   0.27483074 
    2000    1.3542882   0.26480938   0.13054698 
    3000    1.4680027   0.29228214   0.27507589 
    4000    1.3853273    0.2603116   0.14466315 
    5000    1.4350041   0.31629767   0.25275562 
    6000    1.3929238   0.26431677   0.16857179 
    7000    1.3952594   0.27079803   0.19107803 
    8000    1.4307104   0.30703036   0.25586725 
    9000    1.3776642   0.30299719   0.12521472 
   10000    1.4209698   0.31796405   0.22928669 
   11000    1.3619915   0.22550668  0.093467991 
   12000    1.4243052   0.18298279   0.19766051 
   13000    1.4553576   0.22290485   0.19980016 
   14000    1.3685039   0.28360743    0.1089141 
   15000    1.4476321   0.32922567   0.26463515 
   16000    1.4050499   0.21266603   0.18840883 
   17000    1.4143513   0.28911088   0.20317981 
   18000    1.3884175   0.28421983   0.16361915 
   19000    1.3892668    0.2652116   0.19216465 
   20000    1.4238861   0.27430013   0.24740205 
   21000    1.3964525   0.31179663   0.14334887 
   22000    1.4400691   0.25609509   0.23668225 
   23000    1.4191391   0.25854849   0.19610292 
   24000    1.3764694   0.27213352   0.14773243 
   25000    1.4261463   0.26974414   0.25361104 
   26000    1.3543007   0.28137721    0.1044704 
   27000      1.42157   0.29632153   0.22498639 
   28000    1.3432237   0.20016282  0.078129378 
   29000    1.3879808   0.23043647   0.14619437 
   30000    1.4303875   0.29712372   0.25078271 
   31000    1.3479893   0.25416576    0.1382037 
   32000    1.4318497   0.27738732    0.2512942 
   33000    1.4184488   0.24598155   0.20565316 
   34000    1.3613312   0.28803377   0.16724111 
   35000    1.4313614   0.26291531   0.23938252 
   36000    1.3919935   0.34310424    0.1880313 
   37000    1.4526286   0.30579457   0.27229052 
   38000    1.3894479    0.2408464   0.13769231 
   39000    1.4296107   0.25095307   0.23511999 
   40000    1.4138315   0.28342839    0.1994651 
   41000    1.4336228   0.30777604   0.20306527 
   42000    1.3881824   0.15884774   0.17608152 
   43000    1.3923784   0.28824698   0.23508535 
   44000     1.433676   0.28872855   0.25319971 
   45000    1.3854154   0.26829902   0.15647704 
   46000    1.3856729   0.24940923   0.13909651 
   47000    1.4326427   0.27941859   0.25899331 
   48000    1.3622941   0.27450777   0.13510092 
   49000    1.4475012    0.3622332   0.31220976 
   50000    1.3959649   0.31518524   0.18599369 
Loop time of 17.4198 on 1 procs for 50000 steps with 1331 atoms

Performance: 991975.355 tau/day, 2870.299 timesteps/s
99.9% CPU use with 1 MPI tasks x no OpenMP threads

MPI task timing breakdown:
Section |  min time  |  avg time  |  max time  |%varavg| %total
---------------------------------------------------------------
Pair    | 12.959     | 12.959     | 12.959     |   0.0 | 74.39
Neigh   | 2.9754     | 2.9754     | 2.9754     |   0.0 | 17.08
Comm    | 0.51948    | 0.51948    | 0.51948    |   0.0 |  2.98
Output  | 0.017052   | 0.017052   | 0.017052   |   0.0 |  0.10
Modify  | 0.84128    | 0.84128    | 0.84128    |   0.0 |  4.83
Other   |            | 0.1079     |            |       |  0.62

Nlocal:    1331 ave 1331 max 1331 min
Histogram: 1 0 0 0 0 0 0 0 0 0
Nghost:    2012 ave 2012 max 2012 min
Histogram: 1 0 0 0 0 0 0 0 0 0
Neighs:    20039 ave 20039 max 20039 min
Histogram: 1 0 0 0 0 0 0 0 0 0

Total # of neighbors = 20039
Ave neighs/atom = 15.0556
Neighbor list builds = 2500
Dangerous builds not checked

write_restart NVT/sim1/T_1.40__v_2.74/end1.restart
Total wall time: 0:00:17
