run 50000
Neighbor list info ...
  update every 20 steps, delay 0 steps, check no
  max neighbors/atom: 2000, page size: 100000
  master list distance cutoff = 2.8
  ghost atom cutoff = 2.8
  binsize = 1.4, bins = 20 20 20
  1 neighbor lists, perpetual/occasional/extra = 1 0 0
  (1) pair lj/cut, perpetual
      attributes: half, newton on
      pair build: half/bin/atomonly/newton
      stencil: half/bin/3d/newton
      bin: standard
Per MPI rank memory allocation (min/avg/max) = 2.748 | 2.748 | 2.748 Mbytes
Step Temp Press TotEng 
       0          1.2  0.070701666    1.7863186 
    1000    1.2504244  0.069906747    1.5052648 
    2000    1.1558855  0.060144556    1.3308181 
    3000    1.2358443  0.060671307    1.4305501 
    4000    1.1731374  0.057767831    1.3272907 
    5000    1.2297849  0.065313397    1.4333964 
    6000    1.2087963  0.060045383    1.3898824 
    7000    1.1977685  0.064826327    1.3785362 
    8000    1.2508136  0.068499315    1.4753276 
    9000    1.1951029  0.058935142    1.3456017 
   10000    1.2016887  0.060395625     1.371208 
   11000     1.178006  0.052507121    1.3435676 
   12000    1.1862346  0.064274528     1.356136 
   13000    1.2108193  0.058320952    1.3678954 
   14000    1.1983062  0.058071082     1.353991 
   15000    1.2238938  0.057400937    1.4139567 
   16000    1.1627635   0.05739703     1.333024 
   17000    1.2240038  0.060701754    1.3902041 
   18000    1.1966408  0.058129336    1.3596224 
   19000    1.2101802  0.058006876    1.4018239 
   20000     1.254766  0.066666025    1.4622071 
   21000    1.1632156  0.061701882    1.3400984 
   22000    1.2285747  0.064133115    1.4193233 
   23000    1.1529603  0.056248038     1.293982 
   24000     1.215125  0.058458144    1.3783021 
   25000    1.2035562   0.05919227    1.3842069 
   26000     1.183904  0.062269601    1.3405753 
   27000    1.2155912  0.058195234    1.3878598 
   28000    1.2029189  0.066082638    1.3848439 
   29000    1.1899573  0.059200968    1.3668192 
   30000     1.219269  0.055427031    1.3951287 
   31000    1.1963607  0.067027761    1.3785713 
   32000    1.1921353  0.059734978    1.3831335 
   33000    1.2103103  0.061359152    1.4003335 
   34000    1.1862517  0.059304781    1.3213081 
   35000    1.2147243  0.060803483    1.3927903 
   36000    1.1886547  0.059321176    1.3563653 
   37000    1.1988845  0.061105833    1.3743433 
   38000    1.2316138  0.062150583    1.4230675 
   39000    1.1604253  0.056236308    1.3061421 
   40000    1.2221482  0.067136386    1.4088446 
   41000    1.2013643  0.059455972    1.3729482 
   42000    1.2045586  0.060515388    1.3814944 
   43000    1.1814364   0.06238792    1.3447998 
   44000     1.211974  0.058666435    1.3792176 
   45000     1.204038  0.064576137    1.3762405 
   46000    1.2139699   0.05490899    1.3680959 
   47000    1.2026629  0.059602431    1.3703223 
   48000    1.2082324  0.058771216    1.3742437 
   49000    1.1707962  0.057664622    1.3436292 
   50000    1.2500738  0.062059008    1.4559881 
Loop time of 5.2774 on 1 procs for 50000 steps with 1331 atoms

Performance: 3274340.574 tau/day, 9474.365 timesteps/s
99.6% CPU use with 1 MPI tasks x no OpenMP threads

MPI task timing breakdown:
Section |  min time  |  avg time  |  max time  |%varavg| %total
---------------------------------------------------------------
Pair    | 2.843      | 2.843      | 2.843      |   0.0 | 53.87
Neigh   | 1.2088     | 1.2088     | 1.2088     |   0.0 | 22.90
Comm    | 0.2822     | 0.2822     | 0.2822     |   0.0 |  5.35
Output  | 0.022325   | 0.022325   | 0.022325   |   0.0 |  0.42
Modify  | 0.84084    | 0.84084    | 0.84084    |   0.0 | 15.93
Other   |            | 0.08029    |            |       |  1.52

Nlocal:    1331 ave 1331 max 1331 min
Histogram: 1 0 0 0 0 0 0 0 0 0
Nghost:    907 ave 907 max 907 min
Histogram: 1 0 0 0 0 0 0 0 0 0
Neighs:    3870 ave 3870 max 3870 min
Histogram: 1 0 0 0 0 0 0 0 0 0

Total # of neighbors = 3870
Ave neighs/atom = 2.90759
Neighbor list builds = 2500
Dangerous builds not checked

write_restart NVT/sim1/T_1.20__v_17.58/end1.restart
Total wall time: 0:00:05
