run 50000
Neighbor list info ...
  update every 20 steps, delay 0 steps, check no
  max neighbors/atom: 2000, page size: 100000
  master list distance cutoff = 2.8
  ghost atom cutoff = 2.8
  binsize = 1.4, bins = 11 11 11
  1 neighbor lists, perpetual/occasional/extra = 1 0 0
  (1) pair lj/cut, perpetual
      attributes: half, newton on
      pair build: half/bin/atomonly/newton
      stencil: half/bin/3d/newton
      bin: standard
Per MPI rank memory allocation (min/avg/max) = 2.735 | 2.735 | 2.735 Mbytes
Step Temp Press TotEng 
       0          1.7  -0.85969233   0.32121357 
    1000    1.7580795   0.53588594   0.47681187 
    2000    1.6634302   0.42316253   0.28022592 
    3000    1.7240248   0.59201602   0.43400584 
    4000    1.6656133   0.54117026   0.33517159 
    5000    1.7323923    0.5692823   0.45041693 
    6000    1.6658413   0.69037435   0.38082953 
    7000    1.6963594   0.55122911   0.38524934 
    8000    1.7617891   0.57672087   0.45486986 
    9000    1.6908343    0.5814305   0.36545477 
   10000    1.7154556   0.63413211   0.41636691 
   11000    1.6732577   0.55868567    0.3191452 
   12000    1.7587178   0.72322601   0.48271569 
   13000    1.6433525   0.57050024   0.33178032 
   14000    1.7709158    0.5965168    0.4937976 
   15000    1.6630879   0.54206128   0.29458221 
   16000    1.7516759   0.51277332   0.43022279 
   17000    1.6600729   0.59354456   0.34023991 
   18000    1.6583237   0.51311669   0.30767524 
   19000    1.7152057   0.64731703   0.45361112 
   20000    1.6434743   0.54372532    0.3040267 
   21000    1.7548986   0.58941484   0.44555728 
   22000    1.6602421   0.72490085   0.36629888 
   23000    1.7063462   0.61140608   0.39006502 
   24000      1.70026   0.64875069   0.40833441 
   25000    1.6944172   0.63425336   0.39373067 
   26000    1.7311432   0.72355325   0.47237232 
   27000    1.6628912   0.57103163   0.33894095 
   28000    1.6887677    0.6675283   0.40706941 
   29000    1.6737263   0.59371971   0.35097218 
   30000    1.6872842   0.48455584   0.32612086 
   31000    1.7367933   0.62597418   0.44544783 
   32000    1.6233194   0.60482132   0.25393689 
   33000    1.7119769   0.53542019    0.3671352 
   34000    1.7012107   0.58980109   0.38917331 
   35000    1.6771946   0.54845037   0.32783123 
   36000     1.705038    0.6490092   0.41463965 
   37000     1.697146   0.60094914   0.35709081 
   38000    1.7042369   0.57820267   0.36268005 
   39000    1.6990884   0.58843486   0.40996356 
   40000    1.6799878   0.54676142   0.32401635 
   41000    1.7065904   0.72179628    0.4195343 
   42000    1.6942644   0.54484714   0.37692247 
   43000    1.7193711    0.5865781   0.40771637 
   44000     1.717542   0.59242698   0.41728973 
   45000    1.6968202   0.49125981   0.35125855 
   46000    1.7423181   0.64591146   0.45015919 
   47000    1.6433695   0.59081997   0.29176183 
   48000    1.7325412   0.67262094   0.44315936 
   49000    1.6428838   0.54371837    0.2940148 
   50000    1.7977189   0.54950258   0.48097662 
Loop time of 20.0747 on 1 procs for 50000 steps with 1331 atoms

Performance: 860784.699 tau/day, 2490.696 timesteps/s
99.9% CPU use with 1 MPI tasks x no OpenMP threads

MPI task timing breakdown:
Section |  min time  |  avg time  |  max time  |%varavg| %total
---------------------------------------------------------------
Pair    | 15.252     | 15.252     | 15.252     |   0.0 | 75.98
Neigh   | 3.283      | 3.283      | 3.283      |   0.0 | 16.35
Comm    | 0.56033    | 0.56033    | 0.56033    |   0.0 |  2.79
Output  | 0.023289   | 0.023289   | 0.023289   |   0.0 |  0.12
Modify  | 0.84075    | 0.84075    | 0.84075    |   0.0 |  4.19
Other   |            | 0.1152     |            |       |  0.57

Nlocal:    1331 ave 1331 max 1331 min
Histogram: 1 0 0 0 0 0 0 0 0 0
Nghost:    2103 ave 2103 max 2103 min
Histogram: 1 0 0 0 0 0 0 0 0 0
Neighs:    24023 ave 24023 max 24023 min
Histogram: 1 0 0 0 0 0 0 0 0 0

Total # of neighbors = 24023
Ave neighs/atom = 18.0488
Neighbor list builds = 2500
Dangerous builds not checked

write_restart NVT/sim1/T_1.70__v_2.20/end1.restart
Total wall time: 0:00:20
