run 50000
Neighbor list info ...
  update every 20 steps, delay 0 steps, check no
  max neighbors/atom: 2000, page size: 100000
  master list distance cutoff = 2.8
  ghost atom cutoff = 2.8
  binsize = 1.4, bins = 16 16 16
  1 neighbor lists, perpetual/occasional/extra = 1 0 0
  (1) pair lj/cut, perpetual
      attributes: half, newton on
      pair build: half/bin/atomonly/newton
      stencil: half/bin/3d/newton
      bin: standard
Per MPI rank memory allocation (min/avg/max) = 2.7 | 2.7 | 2.7 Mbytes
Step Temp Press Volume Density PotEng KinEng TotEng 
       0          0.7  0.042024104        10648        0.125  -0.13561964    1.0492111   0.91359148 
    1000    1.1203612  0.090463575    7030.1698   0.18932686   -1.2354335    1.6792791    0.4438456 
    2000   0.95766743   0.10002246    5131.5631   0.25937516   -1.8498179    1.4354219  -0.41439604 
    3000   0.87005623 -0.031935552    3873.8427   0.34358649   -2.5234592    1.3041038   -1.2193554 
    4000   0.81960421  -0.03761999    3001.4155   0.44345743   -3.1849665    1.2284826   -1.9564838 
    5000   0.76488508 -0.035176059     2371.227   0.56131277   -3.7747149    1.1464656   -2.6282493 
    6000   0.76839946 -0.056710049    1950.0176   0.68255795   -4.3620119    1.1517332   -3.2102787 
    7000    0.7446925   0.27055215    1702.9045   0.78160578   -4.8028609    1.1161995   -3.6866614 
    8000   0.69115302   0.33800478    1629.2847   0.81692293   -5.0784443    1.0359506   -4.0424937 
    9000   0.65895024   0.53773101    1599.9141   0.83191966    -5.157466   0.98768274   -4.1697833 
   10000   0.72015256   0.31183444    1617.8266    0.8227087    -5.128357    1.0794172   -4.0489397 
   11000   0.72361001   0.42156034     1629.966   0.81658146   -5.0577632    1.0845995   -3.9731637 
   12000   0.70257643    0.4557869    1622.8692   0.82015235    -5.075528    1.0530729   -4.0224551 
   13000   0.68582229   0.46310612    1613.0377    0.8251512    -5.114944    1.0279605   -4.0869835 
   14000   0.68930379   0.36100446    1618.3274    0.8224541   -5.1147393    1.0331789   -4.0815605 
   15000   0.68980678   0.45412124    1626.2949   0.81842477   -5.0643932    1.0339328   -4.0304604 
   16000   0.70746033   0.50270891    1621.1298   0.82103235   -5.0618719    1.0603932   -4.0014787 
   17000   0.68301857 -0.033736216      1634.52   0.81430636   -5.1128944    1.0237581   -4.0891363 
   18000   0.70007607   0.50275242    1605.1903   0.82918516   -5.1283001    1.0493251    -4.078975 
   19000   0.70255044   0.36987631      1621.29   0.82095121   -5.1050373    1.0530339   -4.0520033 
   20000   0.68544187    0.5125281    1634.1901   0.81447075   -5.0249629    1.0273903   -3.9975726 
   21000   0.72174174   0.30413698    1639.3805   0.81189203   -5.0374026    1.0817992   -3.9556034 
   22000   0.68823733   0.62889919    1611.9977   0.82568357   -5.0922246    1.0315804   -4.0606442 
   23000    0.6839371   0.42692523    1609.7498   0.82683658   -5.1322747    1.0251349   -4.1071398 
   24000   0.70009396   0.44218551    1616.0862   0.82359468   -5.1022101    1.0493519   -4.0528582 
   25000   0.72051872   0.52963826    1619.4107   0.82190392     -5.07911    1.0799661   -3.9991439 
   26000   0.70377262    0.2678669    1622.0098   0.82058692   -5.1131453    1.0548658   -4.0582795 
   27000   0.69545861   0.58910553    1602.9621   0.83033777    -5.132162    1.0424041   -4.0897579 
   28000   0.70631859   0.26934987    1625.4314   0.81885952   -5.0979653    1.0586819   -4.0392834 
   29000   0.71848644   0.46230437    1622.9489   0.82011209   -5.0792016    1.0769199   -4.0022817 
   30000   0.69471321   0.53136196    1618.1917   0.82252309   -5.0744437    1.0412869   -4.0331568 
   31000   0.70756406   0.41761744     1611.405   0.82598725   -5.1327705    1.0605487   -4.0722218 
   32000   0.69740333    0.1456588    1637.3813   0.81288336   -5.0715123     1.045319   -4.0261933 
   33000   0.71885598   0.70911089    1613.7672   0.82477818   -5.0686118    1.0774738   -3.9911379 
   34000   0.69015142   0.33174717    1621.1884   0.82100266     -5.09899    1.0344494   -4.0645406 
   35000   0.67463672   0.52125445    1613.3538   0.82498955   -5.0851061    1.0111948   -4.0739114 
   36000   0.69502591   0.30654987    1636.9698   0.81308772   -5.0476871    1.0417556   -4.0059315 
   37000   0.72740918   0.44179611     1612.503   0.82542483   -5.1263169     1.090294   -4.0360229 
   38000   0.66942986   0.53136552    1616.1994   0.82353701   -5.0902682    1.0033904   -4.0868779 
   39000   0.70949659   0.43960798    1618.9026   0.82216186   -5.0913532    1.0634453    -4.027908 
   40000    0.7220499    0.1978893    1646.9105   0.80817993   -5.0261542    1.0822611    -3.943893 
   41000   0.68218415   0.70638327    1622.3571   0.82041122   -5.0240529    1.0225074   -4.0015455 
   42000   0.69193317   0.40362204    1627.1293   0.81800507   -5.0702131      1.03712   -4.0330932 
   43000    0.6936284   0.42702834    1619.4531   0.82188241   -5.1039013    1.0396609   -4.0642404 
   44000   0.71139066    0.4709872    1602.9935   0.83032152   -5.1549544    1.0662843   -4.0886701 
   45000   0.71370311   0.42502574    1624.1623   0.81949936   -5.0722303    1.0697503     -4.00248 
   46000   0.70279154   0.41132739    1625.8288    0.8186594   -5.0716451    1.0533953   -4.0182498 
   47000   0.68619229    0.2084532    1622.3505   0.82041458   -5.1279881    1.0285151    -4.099473 
   48000    0.6957577    0.6978077    1605.8156   0.82886227   -5.0939461    1.0428525   -4.0510937 
   49000   0.68824584   0.39381041    1630.2816   0.81642337   -5.0516943    1.0315931   -4.0201011 
   50000   0.69966849   0.31571085    1619.8284   0.82169198   -5.1039029    1.0487142   -4.0551887 
Loop time of 35.6711 on 1 procs for 50000 steps with 1331 atoms

Performance: 484425.987 tau/day, 1401.696 timesteps/s
99.7% CPU use with 1 MPI tasks x no OpenMP threads

MPI task timing breakdown:
Section |  min time  |  avg time  |  max time  |%varavg| %total
---------------------------------------------------------------
Pair    | 28.448     | 28.448     | 28.448     |   0.0 | 79.75
Neigh   | 4.3486     | 4.3486     | 4.3486     |   0.0 | 12.19
Comm    | 0.70693    | 0.70693    | 0.70693    |   0.0 |  1.98
Output  | 0.029528   | 0.029528   | 0.029528   |   0.0 |  0.08
Modify  | 1.9935     | 1.9935     | 1.9935     |   0.0 |  5.59
Other   |            | 0.1449     |            |       |  0.41

Nlocal:    1331 ave 1331 max 1331 min
Histogram: 1 0 0 0 0 0 0 0 0 0
Nghost:    2959 ave 2959 max 2959 min
Histogram: 1 0 0 0 0 0 0 0 0 0
Neighs:    48533 ave 48533 max 48533 min
Histogram: 1 0 0 0 0 0 0 0 0 0

Total # of neighbors = 48533
Ave neighs/atom = 36.4636
Neighbor list builds = 2500
Dangerous builds not checked

write_restart lattice_11_11_11__2_2_2/sim1/T_0.70__P_0.40/end1.restart
Total wall time: 0:00:35
