run 50000
Neighbor list info ...
  update every 20 steps, delay 0 steps, check no
  max neighbors/atom: 2000, page size: 100000
  master list distance cutoff = 2.8
  ghost atom cutoff = 2.8
  binsize = 1.4, bins = 10 10 10
  1 neighbor lists, perpetual/occasional/extra = 1 0 0
  (1) pair lj/cut, perpetual
      attributes: half, newton on
      pair build: half/bin/atomonly/newton
      stencil: half/bin/3d/newton
      bin: standard
Per MPI rank memory allocation (min/avg/max) = 2.732 | 2.732 | 2.732 Mbytes
Step Temp Press TotEng 
       0          0.3  -0.95466199   -3.6892905 
    1000   0.50547135  -0.26934408   -4.0712762 
    2000   0.42360553   -0.2856637     -4.59496 
    3000    0.3412858  -0.30460636   -4.9794992 
    4000   0.31355842  -0.17780117   -5.2095325 
    5000   0.29047772  -0.26009256   -5.3107214 
    6000   0.29990093  -0.29554821   -5.2838537 
    7000   0.30539676   -0.2481847   -5.2518739 
    8000   0.30812918   -0.2459777   -5.3019982 
    9000   0.29909856  -0.24895069   -5.3236713 
   10000   0.29984998  -0.18034645    -5.314967 
   11000    0.2955653  -0.25827599   -5.3244627 
   12000   0.29806091  -0.22742385   -5.3250088 
   13000   0.30904968   -0.2711581   -5.3248594 
   14000   0.28996052  -0.31050925   -5.3381147 
   15000   0.29445343  -0.18175498   -5.3408958 
   16000   0.30415038  -0.15627809   -5.3347536 
   17000   0.30493318  -0.30865011   -5.3172576 
   18000   0.29107326  -0.24525058   -5.3292915 
   19000   0.29402635  -0.23615539    -5.342926 
   20000   0.30408578  -0.19995026   -5.3185479 
   21000   0.30690075  -0.23185476   -5.3269495 
   22000   0.29945902  -0.32532262   -5.3440704 
   23000   0.29908682  -0.33278431    -5.318104 
   24000   0.29916864  -0.25495229   -5.3295105 
   25000   0.30803526  -0.32606259   -5.3451589 
   26000   0.30491661  -0.23824598   -5.3242846 
   27000   0.31032494  -0.16009945   -5.3125218 
   28000    0.3017217  -0.27327307   -5.3494613 
   29000   0.30858085  -0.22513061   -5.3352168 
   30000   0.29429739  -0.20158523   -5.3346858 
   31000   0.29478171   -0.2412964   -5.3565134 
   32000   0.30498128  -0.17236192   -5.3334075 
   33000   0.30415175  -0.26874311   -5.3462379 
   34000   0.29025408  -0.27771788   -5.3622574 
   35000   0.31596563  -0.34542829   -5.3219727 
   36000   0.29393678   -0.3013921   -5.3424114 
   37000   0.29762382  -0.34189088    -5.365966 
   38000   0.30663511  -0.28665757   -5.3778356 
   39000   0.29406495   -0.2250298   -5.4051898 
   40000   0.31037733  -0.26049704   -5.3758875 
   41000   0.29588227  -0.29237845   -5.4047607 
   42000   0.29160863  -0.25165019   -5.4048164 
   43000   0.29794514  -0.27656781   -5.3838657 
   44000   0.29437375  -0.30805152   -5.4200451 
   45000    0.2955411   -0.2345209   -5.4068753 
   46000   0.30703501  -0.33045509   -5.3888896 
   47000   0.30346862  -0.33976617   -5.4267217 
   48000   0.30388275  -0.25922959   -5.4018601 
   49000   0.31041984  -0.21755407   -5.4189033 
   50000   0.29169325  -0.32927032   -5.4301896 
Loop time of 40.5161 on 1 procs for 50000 steps with 1331 atoms

Performance: 426497.096 tau/day, 1234.077 timesteps/s
99.8% CPU use with 1 MPI tasks x no OpenMP threads

MPI task timing breakdown:
Section |  min time  |  avg time  |  max time  |%varavg| %total
---------------------------------------------------------------
Pair    | 33.889     | 33.889     | 33.889     |   0.0 | 83.64
Neigh   | 4.9386     | 4.9386     | 4.9386     |   0.0 | 12.19
Comm    | 0.43053    | 0.43053    | 0.43053    |   0.0 |  1.06
Output  | 0.028712   | 0.028712   | 0.028712   |   0.0 |  0.07
Modify  | 1.0981     | 1.0981     | 1.0981     |   0.0 |  2.71
Other   |            | 0.1315     |            |       |  0.32

Nlocal:    1331 ave 1331 max 1331 min
Histogram: 1 0 0 0 0 0 0 0 0 0
Nghost:    1238 ave 1238 max 1238 min
Histogram: 1 0 0 0 0 0 0 0 0 0
Neighs:    48006 ave 48006 max 48006 min
Histogram: 1 0 0 0 0 0 0 0 0 0

Total # of neighbors = 48006
Ave neighs/atom = 36.0676
Neighbor list builds = 2500
Dangerous builds not checked

write_restart NVT/sim1/T_0.30__v_1.33/end1.restart
Total wall time: 0:00:40
