run 50000
Neighbor list info ...
  update every 20 steps, delay 0 steps, check no
  max neighbors/atom: 2000, page size: 100000
  master list distance cutoff = 2.8
  ghost atom cutoff = 2.8
  binsize = 1.4, bins = 16 16 16
  1 neighbor lists, perpetual/occasional/extra = 1 0 0
  (1) pair lj/cut, perpetual
      attributes: half, newton on
      pair build: half/bin/atomonly/newton
      stencil: half/bin/3d/newton
      bin: standard
Per MPI rank memory allocation (min/avg/max) = 2.7 | 2.7 | 2.7 Mbytes
Step Temp Press Volume Density PotEng KinEng TotEng 
       0          0.3 -0.0079383306        10648        0.125  -0.13561964   0.44966191   0.31404227 
    1000   0.96473564  0.035801435    3841.4783    0.3464812   -2.2381965    1.4460162  -0.79218025 
    2000   0.80568351  -0.05074358    2098.7451    0.6341885   -3.9876925    1.2076173   -2.7800752 
    3000   0.64921346    1.1936998    1534.6393   0.86730479   -5.3358205   0.97308855    -4.362732 
    4000   0.43786403    1.4284908    1408.5722   0.94492852   -5.9851435   0.65630259   -5.3288409 
    5000   0.32313595    1.3574365    1362.8577   0.97662431   -6.2885455   0.48433976   -5.8042057 
    6000   0.27428142    1.4106043    1347.0971   0.98805049   -6.3873431   0.41111303   -5.9762301 
    7000   0.30217224     1.442599    1351.3212   0.98496195   -6.3569039   0.45291782   -5.9039861 
    8000   0.32654785    1.3781844    1355.5123   0.98191657   -6.3364602   0.48945376   -5.8470065 
    9000   0.28562097    1.4312349    1346.9141   0.98818476   -6.3793503   0.42810957   -5.9512408 
   10000   0.28938112    1.4355239    1345.2662   0.98939526   -6.3946876   0.43374555    -5.960942 
   11000   0.31333618    1.4523555    1350.1999   0.98577993   -6.3561642   0.46965114    -5.886513 
   12000   0.29541933    1.5002774    1345.7604   0.98903192   -6.3773808   0.44279607   -5.9345847 
   13000   0.28828035    1.4144487    1342.8389   0.99118371   -6.4160979   0.43209564   -5.9840023 
   14000   0.30619779     1.483712    1345.9913   0.98886225   -6.3826114   0.45895161   -5.9236598 
   15000   0.30550772    1.4633712    1347.1691   0.98799772   -6.3820892   0.45791727   -5.9241719 
   16000   0.29064683    1.3587985    1342.3326   0.99155753   -6.4280533    0.4356427   -5.9924106 
   17000   0.29556966    1.2951223    1346.4241    0.9885444   -6.4098635   0.44302139   -5.9668421 
   18000   0.31285597     1.191487      1351.49   0.98483892   -6.3964719   0.46893138   -5.9275405 
   19000   0.28014606    1.2764596    1346.9038   0.98819232   -6.4100799   0.41990337   -5.9901765 
   20000   0.29008157    1.2963093    1344.0474   0.99029249   -6.4244577   0.43479544   -5.9896623 
   21000   0.30959178    1.3427146    1347.5125   0.98774595   -6.3960121   0.46403877   -5.9319733 
   22000   0.29969997     1.409971    1344.2267   0.99016036    -6.409529   0.44921221   -5.9603168 
   23000   0.29387048    1.3296229    1342.3361   0.99155493   -6.4361344   0.44047453   -5.9956599 
   24000   0.30763297    1.3254031    1345.0738   0.98953678   -6.4171086   0.46110275   -5.9560058 
   25000   0.30803142    1.2794212    1346.1594   0.98873879   -6.4188922   0.46169999   -5.9571922 
   26000   0.28775487    1.1880895    1346.3145    0.9886249   -6.4256822   0.43130802   -5.9943742 
   27000   0.29227879    1.1536055    1350.4532   0.98559508   -6.4075958   0.43808879    -5.969507 
   28000   0.30273116    1.2562492    1347.8427   0.98750398   -6.4065436   0.45375557   -5.9527881 
   29000   0.29345996    1.3268094    1341.6697   0.99204748    -6.438832   0.43985921   -5.9989728 
   30000   0.30373264    1.3314759    1341.5436   0.99214068   -6.4421019   0.45525666   -5.9868452 
   31000   0.31294065    1.3181849     1344.953   0.98962567    -6.421921    0.4690583   -5.9528627 
   32000   0.29588558    1.3844413    1341.9824   0.99181625   -6.4259535   0.44349492   -5.9824585 
   33000   0.28968975    1.4415924    1340.2448   0.99310218   -6.4285934   0.43420816   -5.9943853 
   34000   0.30270785    1.5126438    1341.3989   0.99224773   -6.4107144   0.45372064   -5.9569937 
   35000   0.30157633    1.4982567    1340.6603   0.99279439   -6.4202014   0.45202462   -5.9681767 
   36000   0.30035794    1.5167258     1336.988   0.99552128   -6.4431799   0.45019842   -5.9929815 
   37000   0.30176092    1.5899609    1338.0139   0.99475799   -6.4229045   0.45230131   -5.9706032 
   38000   0.30506911    1.5054975    1340.7077    0.9927593    -6.416826   0.45725986   -5.9595661 
   39000   0.30235372    1.4075704    1339.8479   0.99339636    -6.444383   0.45318984   -5.9911931 
   40000   0.29320468    1.4255309    1340.3811   0.99300116   -6.4296408   0.43947659   -5.9901642 
   41000   0.30060118    1.5043018    1340.8815   0.99263061   -6.4144042   0.45056301   -5.9638412 
   42000   0.29832388    1.5807614     1337.826   0.99489773    -6.427195   0.44714962   -5.9800454 
   43000   0.29444275    1.5985037    1336.0759   0.99620088   -6.4332305    0.4413323   -5.9918982 
   44000   0.29982502    1.5601515    1339.4065   0.99372371   -6.4196842   0.44939963   -5.9702846 
   45000   0.29708907    1.3900887    1341.8072    0.9919458   -6.4281193    0.4452988   -5.9828205 
   46000   0.29314992    1.4141739    1339.9858    0.9932941   -6.4375081   0.43939451   -5.9981136 
   47000   0.30925014    1.3904805    1340.2278   0.99311478   -6.4418368   0.46352669   -5.9783101 
   48000   0.30789463    1.4222122    1339.7838   0.99344389   -6.4384972   0.46149496   -5.9770022 
   49000   0.29292027    1.4433574    1339.4328   0.99370422   -6.4340432   0.43905029   -5.9949929 
   50000   0.30359783    1.4137618    1339.9239   0.99334003   -6.4364374    0.4550546   -5.9813828 
Loop time of 43.9048 on 1 procs for 50000 steps with 1331 atoms

Performance: 393578.568 tau/day, 1138.827 timesteps/s
99.9% CPU use with 1 MPI tasks x no OpenMP threads

MPI task timing breakdown:
Section |  min time  |  avg time  |  max time  |%varavg| %total
---------------------------------------------------------------
Pair    | 35.706     | 35.706     | 35.706     |   0.0 | 81.33
Neigh   | 5.142      | 5.142      | 5.142      |   0.0 | 11.71
Comm    | 0.74323    | 0.74323    | 0.74323    |   0.0 |  1.69
Output  | 0.025776   | 0.025776   | 0.025776   |   0.0 |  0.06
Modify  | 2.0577     | 2.0577     | 2.0577     |   0.0 |  4.69
Other   |            | 0.2304     |            |       |  0.52

Nlocal:    1331 ave 1331 max 1331 min
Histogram: 1 0 0 0 0 0 0 0 0 0
Nghost:    3220 ave 3220 max 3220 min
Histogram: 1 0 0 0 0 0 0 0 0 0
Neighs:    58903 ave 58903 max 58903 min
Histogram: 1 0 0 0 0 0 0 0 0 0

Total # of neighbors = 58903
Ave neighs/atom = 44.2547
Neighbor list builds = 2500
Dangerous builds not checked

write_restart lattice_11_11_11__2_2_2/sim1/T_0.30__P_1.40/end1.restart
Total wall time: 0:00:43
