run 50000
Neighbor list info ...
  update every 20 steps, delay 0 steps, check no
  max neighbors/atom: 2000, page size: 100000
  master list distance cutoff = 2.8
  ghost atom cutoff = 2.8
  binsize = 1.4, bins = 16 16 16
  1 neighbor lists, perpetual/occasional/extra = 1 0 0
  (1) pair lj/cut, perpetual
      attributes: half, newton on
      pair build: half/bin/atomonly/newton
      stencil: half/bin/3d/newton
      bin: standard
Per MPI rank memory allocation (min/avg/max) = 2.7 | 2.7 | 2.7 Mbytes
Step Temp Press Volume Density PotEng KinEng TotEng 
       0          1.3   0.11696776        10648        0.125  -0.13561964    1.9485349    1.8129153 
    1000    1.7877823   0.31940153    6644.9739   0.20030177   -1.0677596    2.6796586     1.611899 
    2000    1.5998912   0.31764642    4841.7221   0.27490219    -1.618007    2.3980337   0.78002677 
    3000    1.4044271   0.32871823    3748.9851   0.35502942   -2.0204598    2.1050578  0.084598052 
    4000    1.3723116   0.37185205    3031.5979   0.43904239   -2.5035239    2.0569209    -0.446603 
    5000    1.3338441   0.53861967     2565.268   0.51885417   -2.9040427     1.999263  -0.90477964 
    6000    1.3342702   0.79633833    2277.7133     0.584358   -3.3100903    1.9999016   -1.3101887 
    7000    1.2784569   0.97779774    2109.9492   0.63082087   -3.5650431    1.9162446   -1.6487984 
    8000    1.2655752    1.0530069    2041.1039   0.65209812   -3.6872951    1.8969365   -1.7903586 
    9000    1.2794823    1.0028399    2045.3329   0.65074981    -3.688546    1.9177816   -1.7707645 
   10000    1.2944694    1.1377298    2063.4439   0.64503815   -3.6194623    1.9402453    -1.679217 
   11000    1.2610653    1.1790258    2080.5685   0.63972899   -3.5677572    1.8901768   -1.6775804 
   12000    1.3019916   0.97995608    2062.1788   0.64543386   -3.6837816      1.95152   -1.7322616 
   13000    1.3208786   0.86439348    2062.5974   0.64530287   -3.7041063    1.9798293    -1.724277 
   14000     1.297482    1.2673477    2076.0156   0.64113197   -3.6033765    1.9447607   -1.6586158 
   15000     1.321022    1.1097813    2076.1899   0.64107815   -3.5997226    1.9800443   -1.6196783 
   16000     1.289088    1.3199034       2055.3   0.64759402   -3.6151098    1.9321792   -1.6829306 
   17000    1.2932241    1.1025444    2035.9495   0.65374902   -3.6767025    1.9383788   -1.7383238 
   18000    1.3357852   0.98766321    2067.7864   0.64368351   -3.6427223    2.0021724   -1.6405499 
   19000    1.3180315   0.88452043    2079.5972    0.6400278   -3.6516648    1.9755619   -1.6761029 
   20000    1.2538058   0.95674061    2062.0035   0.64548871   -3.6602664    1.8792958   -1.7809706 
   21000    1.2801645   0.90518406    2079.8151   0.63996075   -3.6536173    1.9188041   -1.7348132 
   22000    1.2926683   0.89267845    2097.6308   0.63452539   -3.6187149    1.9375456   -1.6811693 
   23000    1.2914972   0.92130791    2053.2499   0.64824063   -3.7004707    1.9357903   -1.7646803 
   24000    1.2689758    1.0176082    2049.8536   0.64931466   -3.6732191    1.9020336   -1.7711855 
   25000    1.3076363   0.71537924    2111.2866   0.63042128   -3.6299023    1.9599807   -1.6699216 
   26000    1.3000995   0.98622645    2080.6717   0.63969727   -3.6584885    1.9486841   -1.7098044 
   27000    1.3198307   0.88253446    2053.0162   0.64831441   -3.7066599    1.9782587   -1.7284012 
   28000    1.3494477    1.1567662    2057.9753   0.64675218   -3.6778084    2.0226508   -1.6551576 
   29000    1.3614343   0.83168421    2123.5912   0.62676847   -3.5878868    2.0406172   -1.5472696 
   30000    1.3138656   0.90341679    2081.0469   0.63958192   -3.6422479    1.9693177   -1.6729302 
   31000    1.2779715   0.80157067    2064.1874   0.64480581    -3.701455     1.915517    -1.785938 
   32000    1.2623916   0.84813099    2068.5871   0.64343436   -3.6702397    1.8921647    -1.778075 
   33000    1.3341757   0.85006276    2073.1289   0.64202472    -3.673735      1.99976   -1.6739751 
   34000    1.3601772   0.90114286    2078.9709   0.64022062   -3.6649188     2.038733   -1.6261858 
   35000    1.2982696   0.97015732    2048.8977    0.6496176   -3.6985675    1.9459413   -1.7526262 
   36000    1.2727034    1.0162344    2054.7406   0.64777033   -3.6890202    1.9076208   -1.7813994 
   37000    1.3145215   0.82694219    2069.8338   0.64304679   -3.6881199    1.9703008   -1.7178191 
   38000    1.3194707    1.0147349    2064.7321   0.64463568   -3.6542438     1.977719   -1.6765248 
   39000    1.3701767    1.1780214    2053.6897   0.64810179   -3.6383876    2.0537209   -1.5846667 
   40000    1.3370427    1.0147989    2049.5953   0.64939648   -3.6836717    2.0040572   -1.6796145 
   41000    1.3142192   0.96413125    2031.2781   0.65525246   -3.7637215    1.9698478   -1.7938738 
   42000     1.309632   0.96371907    2061.8763   0.64552855   -3.6755642    1.9629721   -1.7125921 
   43000    1.3161467     1.007212    2076.2897   0.64104733   -3.6275724    1.9727367   -1.6548357 
   44000    1.3106104    1.0998054    2057.9268   0.64676743   -3.6663564    1.9644386   -1.7019177 
   45000    1.3320606    0.9375654    2012.0278   0.66152168   -3.7995696    1.9965896     -1.80298 
   46000    1.3050192   0.98465935    2060.8675   0.64584452   -3.6843952    1.9560581   -1.7283372 
   47000    1.3330425   0.90441685    2072.9447   0.64208176   -3.6821855    1.9980615    -1.684124 
   48000    1.3332861   0.86654124    2086.8762   0.63779538   -3.6497645    1.9984266   -1.6513378 
   49000    1.2793598   0.85596469    2124.1684   0.62659814   -3.5625823    1.9175979   -1.6449844 
   50000    1.2706083   0.87710662    2066.0472   0.64422537   -3.6876456    1.9044805   -1.7831651 
Loop time of 35.6096 on 1 procs for 50000 steps with 1331 atoms

Performance: 485262.862 tau/day, 1404.117 timesteps/s
99.9% CPU use with 1 MPI tasks x no OpenMP threads

MPI task timing breakdown:
Section |  min time  |  avg time  |  max time  |%varavg| %total
---------------------------------------------------------------
Pair    | 27.77      | 27.77      | 27.77      |   0.0 | 77.99
Neigh   | 4.5028     | 4.5028     | 4.5028     |   0.0 | 12.64
Comm    | 0.78058    | 0.78058    | 0.78058    |   0.0 |  2.19
Output  | 0.028186   | 0.028186   | 0.028186   |   0.0 |  0.08
Modify  | 2.3639     | 2.3639     | 2.3639     |   0.0 |  6.64
Other   |            | 0.1637     |            |       |  0.46

Nlocal:    1331 ave 1331 max 1331 min
Histogram: 1 0 0 0 0 0 0 0 0 0
Nghost:    2677 ave 2677 max 2677 min
Histogram: 1 0 0 0 0 0 0 0 0 0
Neighs:    38679 ave 38679 max 38679 min
Histogram: 1 0 0 0 0 0 0 0 0 0

Total # of neighbors = 38679
Ave neighs/atom = 29.0601
Neighbor list builds = 2500
Dangerous builds not checked

write_restart lattice_11_11_11__2_2_2/sim1/T_1.30__P_1.00/end1.restart
Total wall time: 0:00:35
