run 50000
Neighbor list info ...
  update every 20 steps, delay 0 steps, check no
  max neighbors/atom: 2000, page size: 100000
  master list distance cutoff = 2.8
  ghost atom cutoff = 2.8
  binsize = 1.4, bins = 16 16 16
  1 neighbor lists, perpetual/occasional/extra = 1 0 0
  (1) pair lj/cut, perpetual
      attributes: half, newton on
      pair build: half/bin/atomonly/newton
      stencil: half/bin/3d/newton
      bin: standard
Per MPI rank memory allocation (min/avg/max) = 2.7 | 2.7 | 2.7 Mbytes
Step Temp Press TotEng 
       0          1.5   0.14194897    2.1126899 
    1000    1.5609054   0.18431722     1.649305 
    2000    1.4480328   0.13593558    1.3960923 
    3000    1.5285657   0.16644496    1.5568634 
    4000    1.4869564   0.15365719    1.4382696 
    5000    1.5043347   0.14971792     1.463953 
    6000    1.4770693   0.14980981    1.4620744 
    7000    1.4877368   0.14091121    1.3957712 
    8000    1.5082481   0.14877294    1.4986254 
    9000    1.4724472   0.14804135    1.4561885 
   10000    1.5206127   0.17018074    1.5111813 
   11000    1.4908947   0.15913872    1.4906084 
   12000     1.474483   0.15694138    1.4299188 
   13000    1.5671926   0.16485868    1.5509919 
   14000    1.4811627   0.14278922    1.4126239 
   15000    1.5285899   0.15543769    1.5142988 
   16000    1.4531849   0.16367179    1.4177556 
   17000    1.4965216   0.15655983    1.4816989 
   18000     1.534395   0.15789836     1.504592 
   19000    1.4563147   0.16281747    1.4263954 
   20000    1.5057306   0.15005042    1.4912298 
   21000    1.4837074    0.1540455    1.4578146 
   22000    1.5594119   0.16179156    1.5731811 
   23000    1.4697852   0.14745003    1.4312934 
   24000    1.5151201    0.1563208      1.52855 
   25000    1.5085771   0.16133704    1.4700173 
   26000    1.5050521   0.16289248    1.4733886 
   27000     1.505873    0.1491459    1.4981186 
   28000    1.4717176   0.14268775    1.4316703 
   29000    1.5289975   0.15653873    1.5387038 
   30000      1.46167   0.15611464    1.4015155 
   31000     1.526391   0.15316192    1.5403698 
   32000    1.4993499   0.15211064    1.4719034 
   33000    1.5356325    0.1608106     1.543274 
   34000    1.5174087   0.15992968     1.503039 
   35000    1.4958445   0.15254466    1.4852757 
   36000    1.4531353   0.13873585    1.3894853 
   37000    1.5331944   0.14349709    1.5287679 
   38000    1.4913392   0.15119702    1.4786172 
   39000     1.490737   0.14345303    1.4637939 
   40000    1.5460971   0.17299698    1.5352555 
   41000    1.4728423   0.13985937    1.4408176 
   42000    1.5326592   0.16665962    1.5218221 
   43000    1.4574759   0.13974195    1.3817411 
   44000    1.5136082   0.16908642    1.5082192 
   45000    1.4863373   0.14737264     1.437557 
   46000    1.4689394   0.13707593    1.4312246 
   47000    1.5372912   0.15993599    1.5201891 
   48000    1.4584796   0.12850797    1.4060833 
   49000     1.565804   0.15826895    1.5599197 
   50000     1.458717   0.13852164    1.4168025 
Loop time of 8.65547 on 1 procs for 50000 steps with 1331 atoms

Performance: 1996424.736 tau/day, 5776.692 timesteps/s
99.8% CPU use with 1 MPI tasks x no OpenMP threads

MPI task timing breakdown:
Section |  min time  |  avg time  |  max time  |%varavg| %total
---------------------------------------------------------------
Pair    | 5.3808     | 5.3808     | 5.3808     |   0.0 | 62.17
Neigh   | 1.9716     | 1.9716     | 1.9716     |   0.0 | 22.78
Comm    | 0.35989    | 0.35989    | 0.35989    |   0.0 |  4.16
Output  | 0.017099   | 0.017099   | 0.017099   |   0.0 |  0.20
Modify  | 0.83455    | 0.83455    | 0.83455    |   0.0 |  9.64
Other   |            | 0.09152    |            |       |  1.06

Nlocal:    1331 ave 1331 max 1331 min
Histogram: 1 0 0 0 0 0 0 0 0 0
Nghost:    1334 ave 1334 max 1334 min
Histogram: 1 0 0 0 0 0 0 0 0 0
Neighs:    7818 ave 7818 max 7818 min
Histogram: 1 0 0 0 0 0 0 0 0 0

Total # of neighbors = 7818
Ave neighs/atom = 5.87378
Neighbor list builds = 2500
Dangerous builds not checked

write_restart NVT/sim1/T_1.50__v_8.00/end1.restart
Total wall time: 0:00:08
