run 50000
Neighbor list info ...
  update every 20 steps, delay 0 steps, check no
  max neighbors/atom: 2000, page size: 100000
  master list distance cutoff = 2.8
  ghost atom cutoff = 2.8
  binsize = 1.4, bins = 12 12 12
  1 neighbor lists, perpetual/occasional/extra = 1 0 0
  (1) pair lj/cut, perpetual
      attributes: half, newton on
      pair build: half/bin/atomonly/newton
      stencil: half/bin/3d/newton
      bin: standard
Per MPI rank memory allocation (min/avg/max) = 2.738 | 2.738 | 2.738 Mbytes
Step Temp Press TotEng 
       0          0.4  -0.82935281  -0.87987329 
    1000    0.7650225  -0.15699955     -1.63624 
    2000   0.69385995 -0.032004256   -2.6382248 
    3000   0.57889766  0.025825313   -3.4804935 
    4000   0.47272507 -0.086499096   -4.0671363 
    5000   0.43190129  0.033608297   -4.4259204 
    6000    0.3775592  -0.05713241   -4.5935484 
    7000   0.38821972 6.0259234e-05   -4.5994324 
    8000   0.40531656  -0.14073759   -4.5406293 
    9000   0.39970306  -0.03433629   -4.5506791 
   10000    0.3905119 -0.040990915   -4.6302151 
   11000   0.40113449 -0.069895997   -4.6541203 
   12000   0.40749745 -0.040022418    -4.616348 
   13000   0.40867637 -0.068454789   -4.6251412 
   14000   0.41304489 -0.054827584   -4.6445048 
   15000   0.40400881 -0.045376721   -4.6237163 
   16000    0.4045694 0.0033499993   -4.6292643 
   17000   0.40810901 -0.061741477   -4.6402933 
   18000   0.39959028 -0.080840063   -4.6132349 
   19000   0.39927675 -0.069445416   -4.6374723 
   20000   0.39870141 -0.011743182   -4.6649661 
   21000   0.40580407 -0.025888822   -4.6117974 
   22000    0.4084955 -0.089764907    -4.618752 
   23000   0.38348018 -0.055191098   -4.6915354 
   24000   0.40751262 -0.095488871   -4.6601378 
   25000   0.40763509 -0.031457933   -4.6246264 
   26000   0.37947949 -0.097388383   -4.6645239 
   27000   0.41061598 -0.021276231   -4.6570257 
   28000   0.40278528 -0.044751514   -4.6707091 
   29000   0.39954124 -0.074616214   -4.6667627 
   30000    0.4019467 -0.031210951   -4.6376746 
   31000   0.39349376 -0.061594367   -4.6455323 
   32000   0.41469884 -0.0052003507   -4.6461516 
   33000   0.38733227 -0.037239545   -4.6524362 
   34000   0.40071628  -0.10959903   -4.6420022 
   35000   0.40083402  -0.10015366   -4.6564063 
   36000   0.38938406 -0.071230774   -4.6738536 
   37000   0.39435063 -0.052731303   -4.6381159 
   38000   0.40640581 -0.057559717   -4.6107669 
   39000   0.40340992 -0.082230158   -4.6289926 
   40000   0.38696614  -0.10218842    -4.668129 
   41000   0.39862795 -0.078186965   -4.6464794 
   42000   0.40776646 -0.069465352   -4.6066589 
   43000   0.41417336 -0.087018499   -4.6072142 
   44000   0.41334393 -0.039407276   -4.6601287 
   45000   0.38849651 -0.036203573   -4.6950156 
   46000   0.40699358   -0.1056609   -4.6441831 
   47000   0.39508815 0.0039171912   -4.6182079 
   48000   0.38581323 -0.091850147   -4.6574472 
   49000   0.41201562 -0.056041809   -4.6470271 
   50000   0.41182451 -0.031947571   -4.6161443 
Loop time of 35.4359 on 1 procs for 50000 steps with 1331 atoms

Performance: 487640.395 tau/day, 1410.997 timesteps/s
99.9% CPU use with 1 MPI tasks x no OpenMP threads

MPI task timing breakdown:
Section |  min time  |  avg time  |  max time  |%varavg| %total
---------------------------------------------------------------
Pair    | 29.605     | 29.605     | 29.605     |   0.0 | 83.54
Neigh   | 4.4051     | 4.4051     | 4.4051     |   0.0 | 12.43
Comm    | 0.23176    | 0.23176    | 0.23176    |   0.0 |  0.65
Output  | 0.027117   | 0.027117   | 0.027117   |   0.0 |  0.08
Modify  | 1.076      | 1.076      | 1.076      |   0.0 |  3.04
Other   |            | 0.09101    |            |       |  0.26

Nlocal:    1331 ave 1331 max 1331 min
Histogram: 1 0 0 0 0 0 0 0 0 0
Nghost:    557 ave 557 max 557 min
Histogram: 1 0 0 0 0 0 0 0 0 0
Neighs:    43063 ave 43063 max 43063 min
Histogram: 1 0 0 0 0 0 0 0 0 0

Total # of neighbors = 43063
Ave neighs/atom = 32.3539
Neighbor list builds = 2500
Dangerous builds not checked

write_restart NVT/sim1/T_0.40__v_2.74/end1.restart
Total wall time: 0:00:35
