run 50000
Neighbor list info ...
  update every 20 steps, delay 0 steps, check no
  max neighbors/atom: 2000, page size: 100000
  master list distance cutoff = 2.8
  ghost atom cutoff = 2.8
  binsize = 1.4, bins = 10 10 10
  1 neighbor lists, perpetual/occasional/extra = 1 0 0
  (1) pair lj/cut, perpetual
      attributes: half, newton on
      pair build: half/bin/atomonly/newton
      stencil: half/bin/3d/newton
      bin: standard
Per MPI rank memory allocation (min/avg/max) = 2.742 | 2.742 | 2.742 Mbytes
Step Temp Press TotEng 
       0          1.2   -1.5567733   -1.4313237 
    1000    1.1572445   0.17546659     -1.18219 
    2000    1.2376074   0.19499124  -0.99666414 
    3000    1.2005947   0.17548428   -1.0892912 
    4000    1.1852843    0.2243663   -1.0699521 
    5000    1.2114715    0.2656648    -1.013035 
    6000    1.1704163   0.35609076   -1.0782624 
    7000    1.2247018   0.24990552   -1.0108495 
    8000    1.1729263   0.20679899   -1.1002363 
    9000    1.2039657   0.33692577   -1.0615766 
   10000    1.1922304   0.31069531   -1.0235813 
   11000    1.1474566   0.17346946   -1.1128065 
   12000    1.2088756   0.32982529  -0.99725334 
   13000    1.2018646   0.17256943   -1.0429114 
   14000    1.1777471    0.2229493   -1.0577589 
   15000    1.2409316   0.22108336  -0.98195919 
   16000    1.1785275   0.23557158   -1.0725811 
   17000    1.2221776   0.33311788    -1.009089 
   18000      1.13858   0.25285229   -1.1448279 
   19000    1.1940273   0.20176239   -1.0260785 
   20000    1.1863045   0.31057664   -1.0319056 
   21000     1.162008   0.22049607   -1.1359666 
   22000    1.2231518   0.37092104   -1.0118629 
   23000     1.180902   0.31414228   -1.0546115 
   24000    1.2480656   0.32381352  -0.95981578 
   25000    1.1933638   0.14891127   -1.0955839 
   26000    1.2024479   0.33253794   -1.0339705 
   27000    1.1721411   0.32024315   -1.1173767 
   28000    1.1846676   0.31460504   -1.0678589 
   29000    1.2290723   0.24014819   -1.0142869 
   30000    1.1686351   0.15702304   -1.1460267 
   31000    1.2056703   0.32640097   -1.0368633 
   32000    1.1867888   0.23693027    -1.082856 
   33000    1.2032878   0.29515139    -1.016656 
   34000    1.2044153   0.23822082   -1.0345878 
   35000    1.1761464   0.21533934   -1.0879733 
   36000    1.2052669   0.22753506   -1.0158437 
   37000    1.1622897   0.16046456   -1.1017342 
   38000    1.2019733   0.19981057    -1.047154 
   39000     1.227409   0.13894066   -1.0451063 
   40000    1.1800567   0.24823445   -1.0643936 
   41000    1.2559194   0.27590535  -0.98025862 
   42000    1.1725633   0.27122627   -1.1100497 
   43000    1.2066726    0.1380828   -1.0626939 
   44000    1.2377363   0.27280521   -1.0011195 
   45000     1.165022   0.28150896   -1.0810664 
   46000    1.2300941   0.26646814   -1.0064028 
   47000    1.1738821   0.30022457   -1.0341684 
   48000    1.1856506    0.2112587   -1.0519855 
   49000    1.2303293   0.28701629   -1.0073889 
   50000    1.1766637   0.24529344   -1.1183331 
Loop time of 23.4268 on 1 procs for 50000 steps with 1331 atoms

Performance: 737615.218 tau/day, 2134.303 timesteps/s
99.9% CPU use with 1 MPI tasks x no OpenMP threads

MPI task timing breakdown:
Section |  min time  |  avg time  |  max time  |%varavg| %total
---------------------------------------------------------------
Pair    | 18.429     | 18.429     | 18.429     |   0.0 | 78.66
Neigh   | 3.4159     | 3.4159     | 3.4159     |   0.0 | 14.58
Comm    | 0.58691    | 0.58691    | 0.58691    |   0.0 |  2.51
Output  | 0.023763   | 0.023763   | 0.023763   |   0.0 |  0.10
Modify  | 0.85395    | 0.85395    | 0.85395    |   0.0 |  3.65
Other   |            | 0.1177     |            |       |  0.50

Nlocal:    1331 ave 1331 max 1331 min
Histogram: 1 0 0 0 0 0 0 0 0 0
Nghost:    2370 ave 2370 max 2370 min
Histogram: 1 0 0 0 0 0 0 0 0 0
Neighs:    29569 ave 29569 max 29569 min
Histogram: 1 0 0 0 0 0 0 0 0 0

Total # of neighbors = 29569
Ave neighs/atom = 22.2156
Neighbor list builds = 2500
Dangerous builds not checked

write_restart NVT/sim1/T_1.20__v_1.73/end1.restart
Total wall time: 0:00:23
