run 50000
Neighbor list info ...
  update every 20 steps, delay 0 steps, check no
  max neighbors/atom: 2000, page size: 100000
  master list distance cutoff = 2.8
  ghost atom cutoff = 2.8
  binsize = 1.4, bins = 20 20 20
  1 neighbor lists, perpetual/occasional/extra = 1 0 0
  (1) pair lj/cut, perpetual
      attributes: half, newton on
      pair build: half/bin/atomonly/newton
      stencil: half/bin/3d/newton
      bin: standard
Per MPI rank memory allocation (min/avg/max) = 2.748 | 2.748 | 2.748 Mbytes
Step Temp Press TotEng 
       0          0.6  0.034349625   0.88699476 
    1000   0.69386746  0.025591138    0.6216544 
    2000   0.61344366  0.019672907   0.35946589 
    3000   0.60043115  0.016242017   0.25504863 
    4000   0.60298637  0.012530809   0.17229309 
    5000   0.59648102  0.013805122  0.065342644 
    6000   0.60142837  0.015284625 0.0073908247 
    7000   0.60876685  0.014997826 -0.070642705 
    8000   0.61062415 0.0096320485  -0.14760341 
    9000   0.62041898  0.010620372  -0.28195689 
   10000   0.60032059  0.011515007  -0.39446494 
   11000   0.64119278 0.0036347368  -0.49070781 
   12000   0.63527314 0.0035773108   -0.6233241 
   13000   0.60480537 0.0081645713  -0.74812739 
   14000   0.60741811 0.0070632313  -0.84685429 
   15000   0.61410146 0.0025546432  -0.94599976 
   16000   0.62233383 0.0053820578   -1.0420611 
   17000   0.63584006 0.0076110097   -1.1615497 
   18000   0.62564434 0.0043468756   -1.2979044 
   19000   0.61300212  0.014122371    -1.428565 
   20000   0.61350449  0.011246755   -1.5345552 
   21000   0.59007333 -0.0026640414   -1.6337923 
   22000   0.59941814 0.0042241614   -1.6961874 
   23000   0.58064005 -0.0051014676   -1.7501527 
   24000   0.60939357 0.0088016529   -1.7631291 
   25000   0.58851659 -0.00094810689   -1.8007657 
   26000   0.62247381 0.0065173209   -1.8125203 
   27000   0.59322099  0.008123487   -1.8717943 
   28000    0.6035185 0.0058926957   -1.9347591 
   29000   0.60192306 0.00088483188   -2.0059588 
   30000   0.60131242 0.0085150391   -2.0795887 
   31000   0.60650039 0.0008317078   -2.1640948 
   32000   0.58906047 0.0091294545   -2.2389855 
   33000   0.59090073 -9.205559e-05   -2.2988537 
   34000   0.59477091 -0.0021122571   -2.3467556 
   35000   0.61272282 0.0010338083   -2.3823151 
   36000   0.60304612 0.0016363717   -2.4127294 
   37000   0.59405839 -0.00084879993   -2.4955869 
   38000    0.5903995 -0.0067908378   -2.4668786 
   39000   0.60127528  0.010263648   -2.4341606 
   40000    0.5933603 0.0038983381    -2.467426 
   41000   0.58614188 -0.0061257642   -2.4794448 
   42000   0.60503044 0.00068715233   -2.4809702 
   43000   0.64635279  0.009024025   -2.4158179 
   44000   0.60490825 0.0052460589   -2.4435401 
   45000   0.58929024 0.0084105194   -2.5050605 
   46000   0.61674063 -0.0080005206   -2.4772843 
   47000   0.59674825 -0.0055414217   -2.5234221 
   48000   0.59702173  0.013167535   -2.5647969 
   49000   0.60058435 0.0018534092   -2.5329774 
   50000   0.59986797 0.0026811306   -2.4787931 
Loop time of 13.983 on 1 procs for 50000 steps with 1331 atoms

Performance: 1235789.094 tau/day, 3575.779 timesteps/s
99.9% CPU use with 1 MPI tasks x no OpenMP threads

MPI task timing breakdown:
Section |  min time  |  avg time  |  max time  |%varavg| %total
---------------------------------------------------------------
Pair    | 10.752     | 10.752     | 10.752     |   0.0 | 76.89
Neigh   | 2.0798     | 2.0798     | 2.0798     |   0.0 | 14.87
Comm    | 0.21275    | 0.21275    | 0.21275    |   0.0 |  1.52
Output  | 0.022677   | 0.022677   | 0.022677   |   0.0 |  0.16
Modify  | 0.84024    | 0.84024    | 0.84024    |   0.0 |  6.01
Other   |            | 0.07562    |            |       |  0.54

Nlocal:    1331 ave 1331 max 1331 min
Histogram: 1 0 0 0 0 0 0 0 0 0
Nghost:    516 ave 516 max 516 min
Histogram: 1 0 0 0 0 0 0 0 0 0
Neighs:    27005 ave 27005 max 27005 min
Histogram: 1 0 0 0 0 0 0 0 0 0

Total # of neighbors = 27005
Ave neighs/atom = 20.2893
Neighbor list builds = 2500
Dangerous builds not checked

write_restart NVT/sim1/T_0.60__v_17.58/end1.restart
Total wall time: 0:00:14
