run 50000
Neighbor list info ...
  update every 20 steps, delay 0 steps, check no
  max neighbors/atom: 2000, page size: 100000
  master list distance cutoff = 2.8
  ghost atom cutoff = 2.8
  binsize = 1.4, bins = 18 18 18
  1 neighbor lists, perpetual/occasional/extra = 1 0 0
  (1) pair lj/cut, perpetual
      attributes: half, newton on
      pair build: half/bin/atomonly/newton
      stencil: half/bin/3d/newton
      bin: standard
Per MPI rank memory allocation (min/avg/max) = 2.711 | 2.711 | 2.711 Mbytes
Step Temp Press TotEng 
       0          1.8   0.15179622    2.6347745 
    1000    1.8485492   0.15869872    2.2344035 
    2000    1.7409568   0.15822816    2.0785275 
    3000     1.862403   0.16507068    2.2245437 
    4000    1.7498525   0.15327668     2.065099 
    5000    1.8505226   0.15651682    2.2079413 
    6000    1.7939553   0.15681991    2.1323337 
    7000    1.8483544   0.15141279    2.1843417 
    8000    1.7680867   0.14896567    2.0832961 
    9000    1.8145825   0.15254905    2.1541129 
   10000    1.8245889   0.14518194    2.1657451 
   11000    1.7922613   0.16150445    2.1271497 
   12000     1.879402   0.16404319    2.2780464 
   13000    1.7635342   0.15630502     2.086877 
   14000    1.8193635   0.16297598    2.1904332 
   15000    1.7559555   0.15676063    2.0673146 
   16000    1.8173818   0.15653183    2.1577026 
   17000    1.8050729   0.16482362    2.1268045 
   18000    1.7547583   0.15512211    2.0372774 
   19000    1.8330265   0.17381235    2.1931985 
   20000    1.7696797   0.16158326    2.0566297 
   21000    1.8461698   0.16639292    2.2069132 
   22000    1.7599751   0.15794171    2.0968037 
   23000    1.8396194   0.16336211    2.1983904 
   24000    1.7909937   0.16457188    2.1392386 
   25000    1.8044503   0.15865133    2.1655994 
   26000    1.7952048     0.152581    2.1298053 
   27000     1.796626   0.17425013    2.1430035 
   28000    1.8179708   0.16715235    2.1831339 
   29000    1.7754573   0.16094507    2.1216404 
   30000    1.8210162   0.16209346    2.1799642 
   31000    1.7927398   0.16108388    2.1490799 
   32000    1.7614794   0.15673065     2.083767 
   33000    1.8708429   0.16283864    2.2303918 
   34000    1.7667984   0.15402893    2.0851749 
   35000    1.8478106   0.15716307    2.1985085 
   36000    1.7201354   0.14921496    2.0115159 
   37000    1.7869764   0.16178739    2.1397849 
   38000    1.7967399   0.16341341    2.1745687 
   39000    1.7313312   0.13681101    2.0341407 
   40000    1.8463244    0.1616388    2.2186378 
   41000    1.7702694   0.14892658    2.1022426 
   42000    1.8825289   0.16207123    2.2900408 
   43000    1.8187178   0.16665453    2.1649382 
   44000    1.7759448   0.15852396    2.1163858 
   45000    1.8683863    0.1663345    2.2478566 
   46000    1.7600701    0.1526142    2.0679751 
   47000    1.8459405   0.15821476     2.189776 
   48000    1.7048163   0.14826291    1.9840629 
   49000    1.7978576   0.17263051    2.1466445 
   50000    1.8137782   0.16703509    2.1436325 
Loop time of 7.12257 on 1 procs for 50000 steps with 1331 atoms

Performance: 2426090.929 tau/day, 7019.939 timesteps/s
99.8% CPU use with 1 MPI tasks x no OpenMP threads

MPI task timing breakdown:
Section |  min time  |  avg time  |  max time  |%varavg| %total
---------------------------------------------------------------
Pair    | 4.26       | 4.26       | 4.26       |   0.0 | 59.81
Neigh   | 1.5881     | 1.5881     | 1.5881     |   0.0 | 22.30
Comm    | 0.33076    | 0.33076    | 0.33076    |   0.0 |  4.64
Output  | 0.018673   | 0.018673   | 0.018673   |   0.0 |  0.26
Modify  | 0.83739    | 0.83739    | 0.83739    |   0.0 | 11.76
Other   |            | 0.08764    |            |       |  1.23

Nlocal:    1331 ave 1331 max 1331 min
Histogram: 1 0 0 0 0 0 0 0 0 0
Nghost:    1174 ave 1174 max 1174 min
Histogram: 1 0 0 0 0 0 0 0 0 0
Neighs:    6159 ave 6159 max 6159 min
Histogram: 1 0 0 0 0 0 0 0 0 0

Total # of neighbors = 6159
Ave neighs/atom = 4.62735
Neighbor list builds = 2500
Dangerous builds not checked

write_restart NVT/sim1/T_1.80__v_10.65/end1.restart
Total wall time: 0:00:07
