run 50000
Neighbor list info ...
  update every 20 steps, delay 0 steps, check no
  max neighbors/atom: 2000, page size: 100000
  master list distance cutoff = 2.8
  ghost atom cutoff = 2.8
  binsize = 1.4, bins = 12 12 12
  1 neighbor lists, perpetual/occasional/extra = 1 0 0
  (1) pair lj/cut, perpetual
      attributes: half, newton on
      pair build: half/bin/atomonly/newton
      stencil: half/bin/3d/newton
      bin: standard
Per MPI rank memory allocation (min/avg/max) = 2.738 | 2.738 | 2.738 Mbytes
Step Temp Press TotEng 
       0          0.6   -0.7644114  -0.58009868 
    1000   0.84570338 -0.059189587   -1.1636157 
    2000   0.76881799 -0.075837149    -1.793239 
    3000   0.72435806 -0.036964172   -2.3675584 
    4000   0.67569349  -0.05111287   -2.8578088 
    5000   0.62596677  0.024573892   -3.2341031 
    6000   0.59234987 -0.042570038   -3.4888165 
    7000   0.59983936 -0.081017673   -3.5826171 
    8000    0.6239159 -0.048333021   -3.4943426 
    9000   0.64213152 -0.015180638   -3.4533389 
   10000   0.58923204 -0.077611626   -3.5387842 
   11000    0.5737398 -0.031588711   -3.6198743 
   12000   0.60765197 -0.0062053403   -3.5851047 
   13000   0.60489224 -0.022441743   -3.4694387 
   14000   0.61044406 -0.039724653   -3.4946227 
   15000   0.59717696  -0.08411128   -3.5892452 
   16000   0.56686942 -0.093956931   -3.5906129 
   17000   0.61615333  -0.08061649   -3.4821284 
   18000   0.61163297  -0.16042303   -3.4943815 
   19000   0.59816775  -0.11685938   -3.5722323 
   20000   0.59354023 -0.092426446   -3.5701157 
   21000   0.61988807 -0.087630022   -3.4986966 
   22000   0.64099255 -0.067726034   -3.4518044 
   23000   0.58873527 -0.077297032     -3.53921 
   24000   0.58834161 -0.067873616   -3.6039849 
   25000    0.6038121  -0.15880326   -3.5480422 
   26000   0.61752897  -0.12045026   -3.5153515 
   27000   0.60480718 -0.084292265   -3.5834433 
   28000   0.58588064  -0.05353532   -3.5812701 
   29000   0.59784297 -0.040469374   -3.5039943 
   30000   0.60365437 -0.015699924   -3.5492255 
   31000   0.59232288   -0.0935459   -3.5710098 
   32000    0.5924463 0.0062353962   -3.5214263 
   33000   0.60497552 -0.043179454   -3.5393202 
   34000   0.58895339 -0.045231852   -3.5878264 
   35000   0.61284047 -0.094635974   -3.5776217 
   36000   0.59444451  -0.08084269   -3.6456306 
   37000    0.5910761 -0.043395832    -3.618109 
   38000    0.5936845 -0.021515366   -3.5654829 
   39000   0.59196971  0.019759418     -3.56258 
   40000   0.60304407  -0.06505246   -3.6419619 
   41000   0.57847373 -0.047501841    -3.628994 
   42000   0.60256838 0.0047800557   -3.5824059 
   43000   0.61136864 -0.094598907   -3.6032615 
   44000   0.58306865 -0.040314572   -3.6524522 
   45000   0.59424873 -0.055203042   -3.6407051 
   46000   0.60740124  0.029928361   -3.5791692 
   47000   0.60699989 -0.00078599668   -3.6196925 
   48000   0.58380886 -0.033476248   -3.6381675 
   49000   0.58629104 -0.021355064   -3.6006131 
   50000   0.59899455 -0.017953271   -3.6363424 
Loop time of 26.8493 on 1 procs for 50000 steps with 1331 atoms

Performance: 643593.054 tau/day, 1862.248 timesteps/s
99.9% CPU use with 1 MPI tasks x no OpenMP threads

MPI task timing breakdown:
Section |  min time  |  avg time  |  max time  |%varavg| %total
---------------------------------------------------------------
Pair    | 22.024     | 22.024     | 22.024     |   0.0 | 82.03
Neigh   | 3.6676     | 3.6676     | 3.6676     |   0.0 | 13.66
Comm    | 0.20982    | 0.20982    | 0.20982    |   0.0 |  0.78
Output  | 0.025361   | 0.025361   | 0.025361   |   0.0 |  0.09
Modify  | 0.84598    | 0.84598    | 0.84598    |   0.0 |  3.15
Other   |            | 0.07692    |            |       |  0.29

Nlocal:    1331 ave 1331 max 1331 min
Histogram: 1 0 0 0 0 0 0 0 0 0
Nghost:    928 ave 928 max 928 min
Histogram: 1 0 0 0 0 0 0 0 0 0
Neighs:    39377 ave 39377 max 39377 min
Histogram: 1 0 0 0 0 0 0 0 0 0

Total # of neighbors = 39377
Ave neighs/atom = 29.5845
Neighbor list builds = 2500
Dangerous builds not checked

write_restart NVT/sim1/T_0.60__v_2.74/end1.restart
Total wall time: 0:00:26
