run 50000
Neighbor list info ...
  update every 20 steps, delay 0 steps, check no
  max neighbors/atom: 2000, page size: 100000
  master list distance cutoff = 2.8
  ghost atom cutoff = 2.8
  binsize = 1.4, bins = 9 9 9
  1 neighbor lists, perpetual/occasional/extra = 1 0 0
  (1) pair lj/cut, perpetual
      attributes: half, newton on
      pair build: half/bin/atomonly/newton
      stencil: half/bin/3d/newton
      bin: standard
Per MPI rank memory allocation (min/avg/max) = 2.73 | 2.73 | 2.73 Mbytes
Step Temp Press TotEng 
       0          1.7    13.624088  -0.17098699 
    1000    1.8591983    4.7136747    -1.084937 
    2000    1.6063641    3.8980033   -1.6225231 
    3000    1.7452982    3.9178976   -1.4318896 
    4000    1.7364241    4.1465334   -1.3959256 
    5000    1.6853465    3.6613687   -1.5764003 
    6000    1.7051262    4.2551398   -1.4042895 
    7000    1.6637642    4.2252783   -1.4815061 
    8000    1.6743368    4.0364151   -1.5096522 
    9000     1.746595    4.0723001   -1.4014498 
   10000    1.6723543    3.7532638   -1.5835092 
   11000    1.7250154    3.9910259   -1.4533964 
   12000    1.6853557     4.136299   -1.4744583 
   13000    1.6707772    4.0676245   -1.5007993 
   14000    1.7446473    4.2545725   -1.3669796 
   15000    1.6467931    3.9012901   -1.5634102 
   16000    1.6842963    4.1681328   -1.4590439 
   17000    1.6931661     4.141664   -1.4549041 
   18000    1.6403741    3.7649256   -1.6162999 
   19000    1.6712561    4.0017714   -1.5181832 
   20000    1.7440544    4.0213295   -1.4263384 
   21000    1.6666642    3.7278539    -1.576072 
   22000    1.7618552    3.9875524    -1.401776 
   23000    1.7179789    3.9826949   -1.4804481 
   24000    1.6941817    3.9231925   -1.4973274 
   25000    1.7538382    4.2823272    -1.348433 
   26000     1.634651      4.21447   -1.5184355 
   27000    1.7374926    4.1907968   -1.3814526 
   28000    1.7063885    4.2360842   -1.4141402 
   29000    1.6809698    4.1215413   -1.4928824 
   30000    1.7103009    4.0938571   -1.4349277 
   31000    1.7654306    3.9898131   -1.4149795 
   32000    1.6825202    3.8161062   -1.5305341 
   33000    1.7606331    3.8229265   -1.4260965 
   34000    1.6398044    3.5847713   -1.6566352 
   35000     1.715112    3.9871124   -1.4592773 
   36000    1.7091193    3.9786627   -1.4678379 
   37000      1.63508    4.0027224   -1.5643009 
   38000    1.7410669    4.1109033   -1.3884203 
   39000    1.6346405    4.1211965   -1.5346498 
   40000     1.745918    4.0212105   -1.4206794 
   41000    1.6601547    4.2297865   -1.4914891 
   42000    1.7043837    3.8418259   -1.5186206 
   43000    1.7419574    4.0562145    -1.394299 
   44000    1.6662049      3.72007   -1.5824858 
   45000    1.7010499    3.9605485   -1.4924394 
   46000    1.7426881    4.0498306   -1.4378072 
   47000    1.7018591    3.7666449   -1.5195502 
   48000     1.669551    4.1778723    -1.469764 
   49000    1.7027783    4.1811529      -1.4318 
   50000    1.7006565    3.9734721    -1.490259 
Loop time of 34.5771 on 1 procs for 50000 steps with 1331 atoms

Performance: 499753.283 tau/day, 1446.045 timesteps/s
99.9% CPU use with 1 MPI tasks x no OpenMP threads

MPI task timing breakdown:
Section |  min time  |  avg time  |  max time  |%varavg| %total
---------------------------------------------------------------
Pair    | 28.422     | 28.422     | 28.422     |   0.0 | 82.20
Neigh   | 4.4399     | 4.4399     | 4.4399     |   0.0 | 12.84
Comm    | 0.69986    | 0.69986    | 0.69986    |   0.0 |  2.02
Output  | 0.025343   | 0.025343   | 0.025343   |   0.0 |  0.07
Modify  | 0.85504    | 0.85504    | 0.85504    |   0.0 |  2.47
Other   |            | 0.1345     |            |       |  0.39

Nlocal:    1331 ave 1331 max 1331 min
Histogram: 1 0 0 0 0 0 0 0 0 0
Nghost:    2861 ave 2861 max 2861 min
Histogram: 1 0 0 0 0 0 0 0 0 0
Neighs:    46161 ave 46161 max 46161 min
Histogram: 1 0 0 0 0 0 0 0 0 0

Total # of neighbors = 46161
Ave neighs/atom = 34.6814
Neighbor list builds = 2500
Dangerous builds not checked

write_restart NVT/sim1/T_1.70__v_1.00/end1.restart
Total wall time: 0:00:34
