run 50000
Neighbor list info ...
  update every 20 steps, delay 0 steps, check no
  max neighbors/atom: 2000, page size: 100000
  master list distance cutoff = 2.8
  ghost atom cutoff = 2.8
  binsize = 1.4, bins = 20 20 20
  1 neighbor lists, perpetual/occasional/extra = 1 0 0
  (1) pair lj/cut, perpetual
      attributes: half, newton on
      pair build: half/bin/atomonly/newton
      stencil: half/bin/3d/newton
      bin: standard
Per MPI rank memory allocation (min/avg/max) = 2.724 | 2.724 | 2.724 Mbytes
Step Temp Press TotEng 
       0          0.1 0.0045238515   0.13755824 
    1000   0.28439076 -0.0014546054   -0.1264881 
    2000   0.31906728 -0.0015649346  -0.75091666 
    3000   0.31896265 0.0023809084   -1.5624563 
    4000   0.25796379 -0.0010816862   -2.3369914 
    5000   0.19096584 -0.0016523034   -2.8843566 
    6000   0.14495939 -0.0016442933   -3.2120024 
    7000   0.11090074 -0.0045855144   -3.4052767 
    8000   0.09115316 0.0019869198   -3.4951114 
    9000  0.098976192 -0.00076280132   -3.5019618 
   10000    0.1042407 -0.0003817101    -3.526847 
   11000  0.096077404 0.0023864757   -3.5768833 
   12000  0.095991853 0.0051070223   -3.5825543 
   13000   0.10491528 -0.00076343437    -3.557517 
   14000   0.10153705 0.0022892726   -3.5751011 
   15000  0.095746848 -0.0023475239   -3.6016842 
   16000  0.097059543 -0.0023523244    -3.591575 
   17000   0.10364577 -0.0041137951   -3.5814653 
   18000  0.095991743 0.00092337199   -3.6114296 
   19000  0.093954576 -0.0031687764   -3.6220965 
   20000    0.1071298 -0.0028326911   -3.5962976 
   21000   0.10315434 -0.00073370867   -3.6108665 
   22000  0.098367558 0.0049824661   -3.6434977 
   23000   0.10024276 -0.00010534041   -3.6441841 
   24000   0.10743615 0.0012812234   -3.6285676 
   25000   0.10024529 0.00037307933    -3.645227 
   26000  0.095336145 -0.0022929396   -3.6568576 
   27000   0.10716359 0.0010011175   -3.6337256 
   28000    0.0996947 -0.00026235299   -3.6440164 
   29000  0.099340394 0.0036149383   -3.6618987 
   30000  0.099970097 0.0019844778   -3.6451539 
   31000   0.10381035 0.0022976983   -3.6347142 
   32000  0.097911968 0.0023545494   -3.6522875 
   33000  0.095154812 0.00078206645   -3.6561895 
   34000    0.1002807 0.0012774696   -3.6420519 
   35000   0.10350921 0.0019546724   -3.6420662 
   36000  0.093503526 -0.0066932214   -3.6586239 
   37000  0.096723145 0.0020329816    -3.652128 
   38000   0.10105191 -0.0011777712   -3.6403769 
   39000  0.099041057 -0.00079793065   -3.6580476 
   40000   0.10302977 -0.0024610543   -3.6677902 
   41000   0.10380278 -0.00049570622   -3.6733216 
   42000   0.10197273 -0.00064831178   -3.6736124 
   43000    0.1015177 0.0068151151   -3.6822261 
   44000  0.099533048 0.0020305056   -3.6858799 
   45000  0.099443071 -0.0073089948   -3.6726554 
   46000    0.1042065 -0.0024540072    -3.673044 
   47000   0.09777444 0.00095003895   -3.6924364 
   48000  0.099612746 0.0049683064   -3.6935276 
   49000   0.09963973 -0.005834527   -3.6757116 
   50000   0.10294335 0.0017220018   -3.6732432 
Loop time of 12.062 on 1 procs for 50000 steps with 1331 atoms

Performance: 1432603.711 tau/day, 4145.265 timesteps/s
99.8% CPU use with 1 MPI tasks x no OpenMP threads

MPI task timing breakdown:
Section |  min time  |  avg time  |  max time  |%varavg| %total
---------------------------------------------------------------
Pair    | 9.3429     | 9.3429     | 9.3429     |   0.0 | 77.46
Neigh   | 1.3607     | 1.3607     | 1.3607     |   0.0 | 11.28
Comm    | 0.3624     | 0.3624     | 0.3624     |   0.0 |  3.00
Output  | 0.024663   | 0.024663   | 0.024663   |   0.0 |  0.20
Modify  | 0.87735    | 0.87735    | 0.87735    |   0.0 |  7.27
Other   |            | 0.09393    |            |       |  0.78

Nlocal:    1331 ave 1331 max 1331 min
Histogram: 1 0 0 0 0 0 0 0 0 0
Nghost:    1486 ave 1486 max 1486 min
Histogram: 1 0 0 0 0 0 0 0 0 0
Neighs:    17621 ave 17621 max 17621 min
Histogram: 1 0 0 0 0 0 0 0 0 0

Total # of neighbors = 17621
Ave neighs/atom = 13.2389
Neighbor list builds = 2500
Dangerous builds not checked

write_restart NVT/sim1/T_0.10__v_15.62/end1.restart
Total wall time: 0:00:12
