run 50000
Neighbor list info ...
  update every 20 steps, delay 0 steps, check no
  max neighbors/atom: 2000, page size: 100000
  master list distance cutoff = 2.8
  ghost atom cutoff = 2.8
  binsize = 1.4, bins = 16 16 16
  1 neighbor lists, perpetual/occasional/extra = 1 0 0
  (1) pair lj/cut, perpetual
      attributes: half, newton on
      pair build: half/bin/atomonly/newton
      stencil: half/bin/3d/newton
      bin: standard
Per MPI rank memory allocation (min/avg/max) = 2.7 | 2.7 | 2.7 Mbytes
Step Temp Press Volume Density PotEng KinEng TotEng 
       0          0.6  0.029533495        10648        0.125  -0.13561964   0.89932382   0.76370418 
    1000    1.2677716   0.21807961    4616.0997   0.28833866   -1.7074239    1.9002286   0.19280472 
    2000    1.0772712  0.096518872    2785.6487   0.47780613   -2.8853903    1.6146928   -1.2706975 
    3000   0.97527926   0.59893774    1919.6148   0.69336827   -4.0887351    1.4618198   -2.6269153 
    4000    0.8213452    1.4878531    1605.6323   0.82895692   -4.9546835    1.2310922   -3.7235914 
    5000    0.6674874    1.5713113    1496.0465   0.88967825   -5.4530975    1.0004789   -4.4526187 
    6000   0.58528129    1.6402537    1446.5637   0.92011156   -5.7226634   0.87726234   -4.8454011 
    7000   0.57951252    1.7984117    1434.5204   0.92783621   -5.7734063   0.86861569   -4.9047907 
    8000   0.61286415    1.7568761    1452.0022   0.91666525   -5.6718505   0.91860554   -4.7532449 
    9000   0.62368046    1.7096221    1453.3725   0.91580101   -5.6741635   0.93481782   -4.7393457 
   10000   0.59993696    1.5988742    1441.6023    0.9232782   -5.7611864   0.89922933    -4.861957 
   11000   0.59391856    1.6972838    1439.4033    0.9246887   -5.7480804   0.89020852   -4.8578719 
   12000   0.60488765    1.6344637    1448.4491   0.91891386   -5.7084875   0.90664978   -4.8018377 
   13000   0.59390766    1.6001068    1455.4385     0.914501    -5.676227   0.89019217   -4.7860348 
   14000   0.59671454    1.7581478    1446.5401   0.92012656    -5.710229   0.89439932   -4.8158297 
   15000   0.59512296    1.5916279    1443.0914   0.92232552   -5.7463906   0.89201376   -4.8543769 
   16000   0.60665289    1.8512542    1443.1185   0.92230818   -5.7003199   0.90929565   -4.7910243 
   17000   0.59753834    1.7639937    1448.6702   0.91877365   -5.6793942   0.89563411   -4.7837601 
   18000   0.59999134    1.8055938    1436.3582   0.92664906   -5.7496193   0.89931083   -4.8503085 
   19000   0.61632615     2.052246    1431.9551   0.92949844   -5.7347888   0.92379464   -4.8109942 
   20000   0.60409971    1.8544288    1442.1844   0.92290558   -5.7043377   0.90546876    -4.798869 
   21000   0.60327174    1.6834813    1445.7542   0.92062676   -5.7214091   0.90422775   -4.8171814 
   22000   0.60785518    1.6488197    1447.4916   0.91952174   -5.7185481   0.91109773   -4.8074504 
   23000   0.61046137    1.6849524    1449.4087   0.91830553   -5.7064897   0.91500408   -4.7914857 
   24000   0.58239214    1.6736082    1447.4471   0.91955003   -5.7038769   0.87293187   -4.8309451 
   25000   0.60409352    1.5831311    1448.4592   0.91890749   -5.7195821   0.90545949   -4.8141226 
   26000   0.61456713    1.5956707    1453.6527   0.91562447   -5.6976554   0.92115809   -4.7764973 
   27000   0.59234347    1.5279035    1458.4637   0.91260412   -5.6714959   0.88784765   -4.7836483 
   28000   0.58591437    1.4213868    1458.2978   0.91270796   -5.6923179   0.87821125   -4.8141067 
   29000   0.58085418     1.498672    1455.9149   0.91420176   -5.6842527   0.87062666    -4.813626 
   30000   0.59293024    1.5860481    1453.1757   0.91592506   -5.6873494   0.88872714   -4.7986223 
   31000   0.58775477    1.7987135    1446.2034   0.92034083     -5.69226   0.88096977   -4.8112902 
   32000   0.57947512     1.773171    1443.2699   0.92221146   -5.7162771   0.86855962   -4.8477175 
   33000   0.59461391    1.6761285    1451.7519   0.91682335   -5.6850788   0.89125076    -4.793828 
   34000   0.58932234    1.5172721    1459.3653   0.91204032   -5.6702535   0.88331936   -4.7869342 
   35000    0.6007243    1.4115505    1452.3192   0.91646518   -5.7332237   0.90040945   -4.8328143 
   36000   0.58721905    1.5255919    1445.2048   0.92097673   -5.7447663    0.8801668   -4.8645995 
   37000   0.59355151    1.6452716     1450.604   0.91754882   -5.6898379   0.88965835   -4.8001795 
   38000   0.62623124    1.5893329    1451.9907   0.91667251   -5.6929824   0.93864111   -4.7543413 
   39000   0.58123138     1.711003    1447.1529   0.91973696   -5.7069911   0.87119204   -4.8357991 
   40000   0.59845093    1.8604972    1443.8295   0.92185403   -5.6988399   0.89700195    -4.801838 
   41000    0.6220924    1.6568618    1451.6958   0.91685878   -5.6947076   0.93243751   -4.7622701 
   42000   0.59457422    1.7224138    1446.2986   0.92028022   -5.7080561   0.89119127   -4.8168648 
   43000   0.60436642    1.4597206    1449.7121    0.9181133   -5.7436526   0.90586852   -4.8377841 
   44000   0.57183128     1.559947    1456.4083   0.91389205   -5.6798777   0.85710249   -4.8227752 
   45000    0.6060159    1.6527297    1453.0773   0.91598704   -5.6814886   0.90834088   -4.7731477 
   46000   0.59527464    1.4951195    1451.4784   0.91699608   -5.7057411   0.89224111      -4.8135 
   47000   0.56911083    1.5912574    1447.7249   0.91937358   -5.7194671   0.85302488   -4.8664422 
   48000   0.60401389    1.4509363    1453.2085   0.91590436   -5.7149284   0.90534013   -4.8095882 
   49000   0.60298166    1.5436229    1450.6603   0.91751321   -5.7173246   0.90379295   -4.8135316 
   50000   0.59070802    1.4429846    1447.7195   0.91937702   -5.7464844   0.88539632    -4.861088 
Loop time of 40.6143 on 1 procs for 50000 steps with 1331 atoms

Performance: 425465.698 tau/day, 1231.093 timesteps/s
99.9% CPU use with 1 MPI tasks x no OpenMP threads

MPI task timing breakdown:
Section |  min time  |  avg time  |  max time  |%varavg| %total
---------------------------------------------------------------
Pair    | 32.978     | 32.978     | 32.978     |   0.0 | 81.20
Neigh   | 4.6123     | 4.6123     | 4.6123     |   0.0 | 11.36
Comm    | 0.73342    | 0.73342    | 0.73342    |   0.0 |  1.81
Output  | 0.025747   | 0.025747   | 0.025747   |   0.0 |  0.06
Modify  | 2.0431     | 2.0431     | 2.0431     |   0.0 |  5.03
Other   |            | 0.2216     |            |       |  0.55

Nlocal:    1331 ave 1331 max 1331 min
Histogram: 1 0 0 0 0 0 0 0 0 0
Nghost:    3102 ave 3102 max 3102 min
Histogram: 1 0 0 0 0 0 0 0 0 0
Neighs:    54200 ave 54200 max 54200 min
Histogram: 1 0 0 0 0 0 0 0 0 0

Total # of neighbors = 54200
Ave neighs/atom = 40.7213
Neighbor list builds = 2500
Dangerous builds not checked

write_restart lattice_11_11_11__2_2_2/sim1/T_0.60__P_1.70/end1.restart
Total wall time: 0:00:40
