run 50000
Neighbor list info ...
  update every 20 steps, delay 0 steps, check no
  max neighbors/atom: 2000, page size: 100000
  master list distance cutoff = 2.8
  ghost atom cutoff = 2.8
  binsize = 1.4, bins = 15 15 15
  1 neighbor lists, perpetual/occasional/extra = 1 0 0
  (1) pair lj/cut, perpetual
      attributes: half, newton on
      pair build: half/bin/atomonly/newton
      stencil: half/bin/3d/newton
      bin: standard
Per MPI rank memory allocation (min/avg/max) = 2.75 | 2.75 | 2.75 Mbytes
Step Temp Press TotEng 
       0          0.2   -0.0726952  0.020636008 
    1000    0.5521283 -0.039805574  -0.72994862 
    2000   0.51134643 -0.020391663   -1.8290456 
    3000   0.40998387 -0.041704005   -2.8465034 
    4000   0.33744739 -0.044727419   -3.6089556 
    5000    0.2627945 -0.0068308258   -4.1103268 
    6000   0.22308302 -0.0095451818   -4.4351788 
    7000   0.19740259 -0.026207414   -4.6145961 
    8000   0.20172579 -0.0082893192   -4.6774252 
    9000   0.20709731 -0.0031083154   -4.7384633 
   10000    0.1970646 -0.031748816   -4.8579934 
   11000    0.1992136 -0.014154724   -4.9436741 
   12000   0.19509706 -0.024176631   -5.0025782 
   13000   0.20573567 -0.031657503   -5.0265333 
   14000   0.20202707  -0.04098144   -5.0712783 
   15000   0.19448355 -0.023536523   -5.1116375 
   16000   0.20769623 -0.034549298   -5.1373086 
   17000   0.20042069  -0.04741884   -5.1898339 
   18000    0.1919608 -0.036510477   -5.2305594 
   19000   0.20265103 -0.038540097   -5.2264641 
   20000   0.20831879 -0.024198752   -5.2141861 
   21000   0.19461641 -0.038336085   -5.2564093 
   22000   0.19231818 -0.0051817064   -5.2721749 
   23000   0.20574284  -0.03705558   -5.2537187 
   24000   0.20672883 -0.036143044   -5.2918472 
   25000   0.19016654 -0.024069444   -5.3363319 
   26000   0.20682967 -0.035932804   -5.3249024 
   27000   0.20213167 -0.0075458491   -5.3288957 
   28000   0.19537778 -0.018197893   -5.3603226 
   29000   0.19691799 -0.026530112   -5.3614932 
   30000   0.20643339  -0.03122354   -5.3496045 
   31000   0.20770591 -0.022632412   -5.3720087 
   32000   0.19228834 -0.046942779   -5.3996456 
   33000   0.20476659 -0.038501672   -5.3827961 
   34000   0.19950509 -0.0082714255   -5.3739289 
   35000   0.19342829 -0.021682535   -5.3945873 
   36000   0.20082133 -0.034568315    -5.394001 
   37000   0.20197389 -0.0075860723   -5.3738548 
   38000   0.20288243 -0.029579258   -5.3840064 
   39000   0.19315835 -0.017967843   -5.4039327 
   40000   0.19960342 -0.0092384638   -5.3868625 
   41000   0.20529691 -0.0082815346   -5.3847732 
   42000   0.19508964 -0.013909881   -5.4161532 
   43000   0.19788237 -0.017939436   -5.4114086 
   44000   0.20319766 -0.0057672173   -5.3984847 
   45000   0.20122273 -0.031453459   -5.4196967 
   46000    0.1961414 -0.019493475   -5.4262943 
   47000   0.20631414 -0.027119695   -5.4075551 
   48000   0.20701703 -0.0091300917   -5.4172741 
   49000   0.19554501   0.01734435   -5.4403507 
   50000   0.20225032 -0.011289745   -5.4237493 
Loop time of 30.3015 on 1 procs for 50000 steps with 1331 atoms

Performance: 570268.512 tau/day, 1650.082 timesteps/s
99.9% CPU use with 1 MPI tasks x no OpenMP threads

MPI task timing breakdown:
Section |  min time  |  avg time  |  max time  |%varavg| %total
---------------------------------------------------------------
Pair    | 24.871     | 24.871     | 24.871     |   0.0 | 82.08
Neigh   | 3.6577     | 3.6577     | 3.6577     |   0.0 | 12.07
Comm    | 0.63506    | 0.63506    | 0.63506    |   0.0 |  2.10
Output  | 0.026164   | 0.026164   | 0.026164   |   0.0 |  0.09
Modify  | 0.9732     | 0.9732     | 0.9732     |   0.0 |  3.21
Other   |            | 0.1381     |            |       |  0.46

Nlocal:    1331 ave 1331 max 1331 min
Histogram: 1 0 0 0 0 0 0 0 0 0
Nghost:    2785 ave 2785 max 2785 min
Histogram: 1 0 0 0 0 0 0 0 0 0
Neighs:    42362 ave 42362 max 42362 min
Histogram: 1 0 0 0 0 0 0 0 0 0

Total # of neighbors = 42362
Ave neighs/atom = 31.8272
Neighbor list builds = 2500
Dangerous builds not checked

write_restart NVT/sim1/T_0.20__v_5.83/end1.restart
Total wall time: 0:00:30
