run 50000
Neighbor list info ...
  update every 20 steps, delay 0 steps, check no
  max neighbors/atom: 2000, page size: 100000
  master list distance cutoff = 2.8
  ghost atom cutoff = 2.8
  binsize = 1.4, bins = 14 14 14
  1 neighbor lists, perpetual/occasional/extra = 1 0 0
  (1) pair lj/cut, perpetual
      attributes: half, newton on
      pair build: half/bin/atomonly/newton
      stencil: half/bin/3d/newton
      bin: standard
Per MPI rank memory allocation (min/avg/max) = 2.746 | 2.746 | 2.746 Mbytes
Step Temp Press TotEng 
       0          0.5  -0.10977901   0.32710249 
    1000   0.76506788 -0.0012766271  -0.33700651 
    2000   0.66619188 -0.036946548   -1.0181322 
    3000   0.65256579 -0.031032329   -1.6685486 
    4000   0.62880617 -0.043302446   -2.3002391 
    5000   0.60034652 -0.0071204892   -2.8244047 
    6000   0.51360894 -0.041341336   -3.2627849 
    7000   0.50388154 -0.029410062   -3.5485911 
    8000   0.49248176 -0.0061278403     -3.68075 
    9000   0.50564615 -0.025669682    -3.714825 
   10000   0.49918766 -0.041136481   -3.7200643 
   11000   0.49705225 -0.030229714   -3.7017227 
   12000   0.48364779 -0.031892837   -3.7172648 
   13000   0.48672586 -0.038747709    -3.738332 
   14000   0.53188581 -0.054955568   -3.6981183 
   15000   0.50725907 -0.012558714   -3.7178996 
   16000   0.49659997 -0.019595341   -3.7908566 
   17000   0.50113599 -0.030123893   -3.8155719 
   18000   0.50776038 0.0035759741   -3.7951578 
   19000    0.5125671 -0.047454048   -3.8155374 
   20000   0.48963697  -0.03213218   -3.8569201 
   21000   0.49107875 -0.049788696    -3.866754 
   22000   0.51787225 -0.072052222   -3.8400582 
   23000   0.48741395 -0.029094758    -3.873448 
   24000   0.49362077  -0.03294137   -3.9103752 
   25000   0.49387908 -0.022430461    -3.904089 
   26000   0.51495955 -0.027925306   -3.8926663 
   27000   0.49437564 -0.060261906   -3.9346167 
   28000   0.50131959 -0.038045091   -4.0119597 
   29000   0.50280904 -0.0089096809   -4.0371903 
   30000   0.49922275 -0.0046401284   -4.0206191 
   31000   0.50392271 -0.027875776   -3.9714865 
   32000   0.50751756  -0.05197609   -3.9585786 
   33000   0.49706346 0.0009579498   -4.0008568 
   34000   0.50502813 -0.051426979   -4.0094133 
   35000   0.48432052 -0.022966361   -3.9960411 
   36000   0.52638346 -0.012440144   -3.9892183 
   37000   0.49921025  0.016550135   -3.9765443 
   38000   0.51188145 -0.022247546   -3.9469808 
   39000   0.49432694 -0.045865494     -4.00456 
   40000    0.5007373 -0.046552377    -4.009742 
   41000   0.52222291 -0.058635174   -3.9559354 
   42000   0.49555781 -0.053070103   -3.9959058 
   43000    0.4888382 -0.026895758    -4.024149 
   44000   0.49223836 -0.016950909   -3.9904245 
   45000   0.51858156  -0.01826612    -3.954642 
   46000   0.52240394 -0.044647828   -3.9852916 
   47000   0.49680298 -0.0064605282   -4.0367407 
   48000   0.50818593 -0.045149435   -3.9756044 
   49000   0.49129569 -0.064529836    -3.984487 
   50000    0.4881988 -0.045390057   -4.0363194 
Loop time of 25.4305 on 1 procs for 50000 steps with 1331 atoms

Performance: 679500.067 tau/day, 1966.146 timesteps/s
99.9% CPU use with 1 MPI tasks x no OpenMP threads

MPI task timing breakdown:
Section |  min time  |  avg time  |  max time  |%varavg| %total
---------------------------------------------------------------
Pair    | 20.927     | 20.927     | 20.927     |   0.0 | 82.29
Neigh   | 3.3557     | 3.3557     | 3.3557     |   0.0 | 13.20
Comm    | 0.20194    | 0.20194    | 0.20194    |   0.0 |  0.79
Output  | 0.025      | 0.025      | 0.025      |   0.0 |  0.10
Modify  | 0.84558    | 0.84558    | 0.84558    |   0.0 |  3.33
Other   |            | 0.07565    |            |       |  0.30

Nlocal:    1331 ave 1331 max 1331 min
Histogram: 1 0 0 0 0 0 0 0 0 0
Nghost:    470 ave 470 max 470 min
Histogram: 1 0 0 0 0 0 0 0 0 0
Neighs:    39329 ave 39329 max 39329 min
Histogram: 1 0 0 0 0 0 0 0 0 0

Total # of neighbors = 39329
Ave neighs/atom = 29.5485
Neighbor list builds = 2500
Dangerous builds not checked

write_restart NVT/sim1/T_0.50__v_4.91/end1.restart
Total wall time: 0:00:25
