run 50000
Neighbor list info ...
  update every 20 steps, delay 0 steps, check no
  max neighbors/atom: 2000, page size: 100000
  master list distance cutoff = 2.8
  ghost atom cutoff = 2.8
  binsize = 1.4, bins = 16 16 16
  1 neighbor lists, perpetual/occasional/extra = 1 0 0
  (1) pair lj/cut, perpetual
      attributes: half, newton on
      pair build: half/bin/atomonly/newton
      stencil: half/bin/3d/newton
      bin: standard
Per MPI rank memory allocation (min/avg/max) = 2.7 | 2.7 | 2.7 Mbytes
Step Temp Press Volume Density PotEng KinEng TotEng 
       0          1.4   0.12945836        10648        0.125  -0.13561964    2.0984222    1.9628026 
    1000    1.9013348    0.3819011    6776.8795   0.19640308   -1.0559085    2.8498594    1.7939509 
    2000    1.6706599   0.33391675    4999.3526   0.26623447   -1.4970262    2.5041071    1.0070809 
    3000    1.5234217   0.37030061    3911.0784   0.34031535   -1.9327686    2.2834157   0.35064713 
    4000     1.460841   0.40691073    3195.4564   0.41652892    -2.342853    2.1896152   -0.1532378 
    5000    1.4429259   0.73375925    2716.9785   0.48988243   -2.7425065    2.1627627  -0.57974377 
    6000    1.4397541   0.64678025    2417.9408   0.55046839   -3.1206292    2.1580086  -0.96262053 
    7000    1.3694312   0.93621659    2245.4205   0.59276203   -3.3009823    2.0526034   -1.2483789 
    8000    1.3783679   0.98347638    2172.6731   0.61260943   -3.4469156    2.0659984   -1.3809172 
    9000    1.3729894      1.10116    2163.6248   0.61517136   -3.4273408    2.0579367    -1.369404 
   10000    1.3724056    1.0694334    2190.4111   0.60764849   -3.3825401    2.0570617   -1.3254784 
   11000    1.4423449   0.91787591    2190.0839   0.60773926   -3.4012534    2.1618918   -1.2393616 
   12000    1.3815872   0.90885984    2188.8107   0.60809279   -3.4247858    2.0708237   -1.3539621 
   13000    1.3776643    1.0415172    2183.4108    0.6095967   -3.4251335    2.0649438   -1.3601897 
   14000    1.3944491    1.0107415    2180.9021   0.61029793   -3.4183608    2.0901022   -1.3282586 
   15000    1.3666229    1.0516359     2180.276   0.61047316   -3.3716022    2.0483941    -1.323208 
   16000    1.4178821    1.1575068    2170.5183   0.61321758   -3.4113367    2.1252252   -1.2861115 
   17000    1.3545343    1.1681487    2165.1397   0.61474093   -3.4320574    2.0302749   -1.4017826 
   18000    1.3984995   0.99557307    2183.4098   0.60959696   -3.4195238    2.0961731   -1.3233507 
   19000    1.4569071    1.0321555    2190.6869   0.60757198   -3.3700789    2.1837188   -1.1863601 
   20000    1.3958929    1.0246076    2189.4182   0.60792406   -3.4045084    2.0922662   -1.3122422 
   21000    1.3636689   0.73018912    2183.6001   0.60954385   -3.4796568    2.0439665   -1.4356903 
   22000    1.3754981   0.95657384    2164.6306   0.61488552   -3.4673695    2.0616971   -1.4056725 
   23000    1.4343448    1.0621225    2157.7706   0.61684038   -3.4321147    2.1499007   -1.2822139 
   24000    1.4193738   0.95165315     2176.389   0.61156346   -3.4474536    2.1274611   -1.3199926 
   25000    1.4042287    1.0155124    2245.7921   0.59266394    -3.300548    2.1047605   -1.1957875 
   26000    1.4174052   0.95411084    2237.7207   0.59480166   -3.3463695    2.1245104   -1.2218592 
   27000    1.3685455    1.0647267    2177.7972   0.61116802   -3.4073225    2.0512759   -1.3560466 
   28000    1.4012823    1.1389488    2149.3919   0.61924492   -3.4725143    2.1003442   -1.3721701 
   29000    1.3853766    1.3550556    2116.7683    0.6287887   -3.4367957    2.0765036    -1.360292 
   30000    1.4226888   0.89716858    2197.0204    0.6058205   -3.4193426    2.1324299   -1.2869127 
   31000    1.4028689    1.0353144     2202.089   0.60442607   -3.3623812    2.1027223   -1.2596588 
   32000    1.3880734   0.87882854    2160.8677   0.61595627    -3.476905    2.0805458   -1.3963593 
   33000    1.3837868   0.85512526      2180.62   0.61037687   -3.4567831    2.0741207   -1.3826624 
   34000     1.390569   0.94894533    2217.1873   0.60031014   -3.3782525    2.0842864   -1.2939661 
   35000    1.4337739   0.98190256    2242.0261   0.59365946   -3.3068444    2.1490451   -1.1577993 
   36000    1.4484656    1.0885538    2170.6435   0.61318223   -3.4281708     2.171066   -1.2571048 
   37000    1.4370972    1.0674863    2161.1397   0.61587875   -3.4623487    2.1540262   -1.3083225 
   38000    1.3408407   0.96668879    2169.7839   0.61342515   -3.4246641      2.00975   -1.4149142 
   39000    1.3182106   0.93833223    2151.1066   0.61875129   -3.4851912    1.9758303   -1.5093609 
   40000    1.3718391   0.81272151      2188.93   0.60805965   -3.4378496    2.0562126    -1.381637 
   41000    1.3911388   0.95161334    2194.1129   0.60662331   -3.3898682    2.0851405   -1.3047277 
   42000    1.4051392   0.82567922    2204.1388   0.60386396   -3.4313641    2.1061253   -1.3252388 
   43000    1.3929161   0.98647759    2147.1174   0.61990089   -3.5008603    2.0878044   -1.4130559 
   44000    1.4200372    1.0431353    2142.1228   0.62134625   -3.4861684    2.1284554    -1.357713 
   45000    1.4216382    1.0348424    2209.4255   0.60241906   -3.3764858    2.1308552   -1.2456305 
   46000    1.3975583    0.9975428    2192.9487   0.60694534   -3.3997666    2.0947624   -1.3050043 
   47000    1.3732244    1.0453437    2146.8686   0.61997275   -3.4721531    2.0582889   -1.4138642 
   48000    1.3781683     1.016094    2169.1814   0.61359552   -3.4463595    2.0656993   -1.3806602 
   49000    1.3520211   0.97638264    2211.4234   0.60187479   -3.3665255     2.026508   -1.3400175 
   50000    1.3710541    1.1105568    2220.1445   0.59951053   -3.3384363    2.0550361   -1.2834003 
Loop time of 33.8577 on 1 procs for 50000 steps with 1331 atoms

Performance: 510371.352 tau/day, 1476.769 timesteps/s
99.9% CPU use with 1 MPI tasks x no OpenMP threads

MPI task timing breakdown:
Section |  min time  |  avg time  |  max time  |%varavg| %total
---------------------------------------------------------------
Pair    | 26.181     | 26.181     | 26.181     |   0.0 | 77.33
Neigh   | 4.3783     | 4.3783     | 4.3783     |   0.0 | 12.93
Comm    | 0.76453    | 0.76453    | 0.76453    |   0.0 |  2.26
Output  | 0.025601   | 0.025601   | 0.025601   |   0.0 |  0.08
Modify  | 2.3475     | 2.3475     | 2.3475     |   0.0 |  6.93
Other   |            | 0.1605     |            |       |  0.47

Nlocal:    1331 ave 1331 max 1331 min
Histogram: 1 0 0 0 0 0 0 0 0 0
Nghost:    2554 ave 2554 max 2554 min
Histogram: 1 0 0 0 0 0 0 0 0 0
Neighs:    36106 ave 36106 max 36106 min
Histogram: 1 0 0 0 0 0 0 0 0 0

Total # of neighbors = 36106
Ave neighs/atom = 27.127
Neighbor list builds = 2500
Dangerous builds not checked

write_restart lattice_11_11_11__2_2_2/sim1/T_1.40__P_1.00/end1.restart
Total wall time: 0:00:33
