run 50000
Neighbor list info ...
  update every 20 steps, delay 0 steps, check no
  max neighbors/atom: 2000, page size: 100000
  master list distance cutoff = 2.8
  ghost atom cutoff = 2.8
  binsize = 1.4, bins = 14 14 14
  1 neighbor lists, perpetual/occasional/extra = 1 0 0
  (1) pair lj/cut, perpetual
      attributes: half, newton on
      pair build: half/bin/atomonly/newton
      stencil: half/bin/3d/newton
      bin: standard
Per MPI rank memory allocation (min/avg/max) = 2.746 | 2.746 | 2.746 Mbytes
Step Temp Press TotEng 
       0          1.1  0.006564484    1.2264263 
    1000    1.2517689   0.16554828   0.64250842 
    2000    1.0733031  0.097388451   0.28041189 
    3000    1.0977109   0.10244629   0.27783306 
    4000    1.0934606    0.1434165   0.25922093 
    5000     1.099794  0.096236246   0.24696332 
    6000    1.0989884   0.14120041   0.24915398 
    7000    1.0834946   0.15200683   0.24288665 
    8000    1.0814607  0.094680972   0.20399492 
    9000    1.1049377   0.11130349    0.2174252 
   10000    1.1064953  0.087249309   0.22205016 
   11000    1.0978546   0.10920854   0.13850113 
   12000     1.140313   0.11191432   0.25440846 
   13000     1.069502  0.067911001   0.17279763 
   14000    1.1033178   0.11913373   0.20752271 
   15000    1.0931037   0.10500142   0.16515569 
   16000    1.0774217   0.11997217  0.081707554 
   17000    1.1105188   0.10505657   0.19948649 
   18000    1.1086771   0.10071013   0.20307231 
   19000     1.087858  0.085985179   0.19111655 
   20000     1.136766   0.12684382   0.28738431 
   21000    1.0812895   0.11025143   0.17467019 
   22000    1.0763851   0.10266002   0.16576606 
   23000    1.1388762   0.11289379   0.28353958 
   24000    1.0974362   0.10893571   0.21090766 
   25000    1.0777051  0.079463341   0.24141143 
   26000    1.1020567   0.12082477   0.27900332 
   27000    1.0899648  0.091671545   0.19682262 
   28000    1.0438047   0.12709372  0.099879529 
   29000    1.1212762   0.12869047   0.18860257 
   30000    1.1178717   0.10113246   0.18421908 
   31000    1.0505498   0.11444612   0.14571871 
   32000    1.1135947   0.10248225   0.19357834 
   33000    1.0705968   0.11722436   0.10001129 
   34000    1.1215034   0.12579832   0.19958974 
   35000    1.1094123   0.11011806   0.14379527 
   36000    1.0785521   0.11982299  0.099173907 
   37000    1.1381495   0.10110801   0.24843663 
   38000    1.0970864  0.087394744   0.19238594 
   39000    1.1594887  0.085437065   0.27093434 
   40000    1.0728091    0.0726678   0.20012905 
   41000    1.0767534   0.08109527   0.17463025 
   42000    1.1152974   0.12331912   0.27580839 
   43000    1.0812186   0.11906189   0.20625149 
   44000    1.0968667  0.084019214   0.19692312 
   45000    1.1011819   0.12108436   0.26819465 
   46000     1.058269   0.10715135   0.17777884 
   47000    1.1233475  0.070289921   0.29150062 
   48000    1.1000514   0.10145451   0.26638702 
   49000    1.0482126  0.081130647   0.17226022 
   50000    1.1014067   0.09270159   0.30360246 
Loop time of 12.5492 on 1 procs for 50000 steps with 1331 atoms

Performance: 1376982.937 tau/day, 3984.326 timesteps/s
99.8% CPU use with 1 MPI tasks x no OpenMP threads

MPI task timing breakdown:
Section |  min time  |  avg time  |  max time  |%varavg| %total
---------------------------------------------------------------
Pair    | 8.679      | 8.679      | 8.679      |   0.0 | 69.16
Neigh   | 2.5446     | 2.5446     | 2.5446     |   0.0 | 20.28
Comm    | 0.3733     | 0.3733     | 0.3733     |   0.0 |  2.97
Output  | 0.022678   | 0.022678   | 0.022678   |   0.0 |  0.18
Modify  | 0.83742    | 0.83742    | 0.83742    |   0.0 |  6.67
Other   |            | 0.09224    |            |       |  0.74

Nlocal:    1331 ave 1331 max 1331 min
Histogram: 1 0 0 0 0 0 0 0 0 0
Nghost:    1524 ave 1524 max 1524 min
Histogram: 1 0 0 0 0 0 0 0 0 0
Neighs:    13036 ave 13036 max 13036 min
Histogram: 1 0 0 0 0 0 0 0 0 0

Total # of neighbors = 13036
Ave neighs/atom = 9.79414
Neighbor list builds = 2500
Dangerous builds not checked

write_restart NVT/sim1/T_1.10__v_4.91/end1.restart
Total wall time: 0:00:12
