run 50000
Neighbor list info ...
  update every 20 steps, delay 0 steps, check no
  max neighbors/atom: 2000, page size: 100000
  master list distance cutoff = 2.8
  ghost atom cutoff = 2.8
  binsize = 1.4, bins = 16 16 16
  1 neighbor lists, perpetual/occasional/extra = 1 0 0
  (1) pair lj/cut, perpetual
      attributes: half, newton on
      pair build: half/bin/atomonly/newton
      stencil: half/bin/3d/newton
      bin: standard
Per MPI rank memory allocation (min/avg/max) = 2.7 | 2.7 | 2.7 Mbytes
Step Temp Press Volume Density PotEng KinEng TotEng 
       0          0.9  0.067005321        10648        0.125  -0.13561964    1.3489857    1.2133661 
    1000    1.3800821   0.18874954     6605.684   0.20149314   -1.2239511    2.0685678   0.84461673 
    2000    1.1523266   0.13624182    4733.5653    0.2811834   -1.7498979    1.7271912  -0.02270665 
    3000    1.0771154   0.10128517    3555.9039   0.37430708   -2.4033887    1.6144592   -0.7889295 
    4000    1.0171693 -0.0053943431    2778.9795   0.47895279   -2.9939282    1.5246076   -1.4693206 
    5000   0.98768315   0.14774654    2231.1732   0.59654715   -3.5643824    1.4804116   -2.0839708 
    6000   0.96916875    0.4586844     1924.212   0.69171171    -4.098236    1.4526609   -2.6455751 
    7000     0.917867    0.5953259    1785.1799   0.74558314   -4.4783976    1.3757661   -3.1026315 
    8000   0.86117226   0.71668755     1726.568   0.77089346   -4.6356797    1.2907879   -3.3448918 
    9000   0.85851435    0.8887892    1728.6193   0.76997868   -4.5864312     1.286804   -3.2996272 
   10000   0.91680718   0.66277342    1763.3895   0.75479639   -4.5329196    1.3741776   -3.1587421 
   11000   0.90441737    0.6887713     1764.522   0.75431194   -4.5071422    1.3556068   -3.1515354 
   12000   0.88440588   0.79831601     1742.216   0.76396956   -4.5682791    1.3256121    -3.242667 
   13000   0.88102393   0.80764268     1730.292   0.76923433    -4.588435     1.320543   -3.2678919 
   14000   0.91833352   0.67369321    1741.2843   0.76437834   -4.5935616    1.3764653   -3.2170962 
   15000   0.92487923   0.72381663    1749.6382    0.7607287    -4.565835    1.3862765   -3.1795585 
   16000   0.90233085   0.60574794    1748.8903   0.76105401   -4.5713853    1.3524794   -3.2189059 
   17000   0.89396563   0.69027979    1738.2299   0.76572148   -4.6034761     1.339941   -3.2635351 
   18000   0.91672197   0.87800587    1739.1179   0.76533053   -4.5594299    1.3740498     -3.18538 
   19000   0.95512062   0.81184982    1737.1786    0.7661849   -4.5902628    1.4316045   -3.1586582 
   20000   0.90525685   0.75370296    1732.2051   0.76838475   -4.6239393    1.3568651   -3.2670742 
   21000   0.87484947   0.62760324    1744.6172   0.76291809   -4.5892011    1.3112883   -3.2779128 
   22000   0.89002436   0.39901098    1764.5093   0.75431738   -4.5782252    1.3340335   -3.2441917 
   23000    0.9097407    0.6951383    1756.3151   0.75783669   -4.5397959    1.3635858   -3.1762101 
   24000    0.8987796   0.93127648    1744.5538   0.76294582    -4.544426    1.3471565   -3.1972695 
   25000   0.88942824   0.60737819    1740.0014   0.76494191   -4.6053824      1.33314   -3.2722424 
   26000   0.92157534   0.86473432     1727.194   0.77061406   -4.6083027    1.3813244   -3.2269783 
   27000   0.89479759   0.72176021    1749.5746   0.76075635   -4.5479092     1.341188   -3.2067212 
   28000   0.90183937   0.62125308     1756.064   0.75794504   -4.5711181    1.3517427   -3.2193754 
   29000    0.8952757   0.48860069    1744.9257   0.76278318   -4.6231422    1.3419046   -3.2812376 
   30000   0.90137337   0.66164151    1736.6645   0.76641169   -4.6170579    1.3510442   -3.2660136 
   31000   0.93029628   0.81893671    1747.0394   0.76186032    -4.556002     1.394396    -3.161606 
   32000   0.90208383   0.63893126    1759.5402   0.75644761   -4.5378473    1.3521091   -3.1857382 
   33000   0.86024917   0.56747581    1750.1851   0.76049101   -4.5866505    1.2894043   -3.2972462 
   34000     0.872337    0.6085336    1750.1441    0.7605088   -4.5941147    1.3075224   -3.2865923 
   35000   0.89911082   0.61245061    1758.4478   0.75691756   -4.5406394     1.347653   -3.1929864 
   36000   0.90883559   0.65555381     1748.408   0.76126397   -4.5880658    1.3622292   -3.2258366 
   37000   0.88012815   0.70181702    1728.4478   0.77005507    -4.636201    1.3192003   -3.3170007 
   38000    0.9086924   0.70645989    1736.7026   0.76639487   -4.6093384    1.3620145   -3.2473239 
   39000   0.89670532   0.78946611     1748.352   0.76128835   -4.5447153    1.3440474   -3.2006679 
   40000   0.87937325   0.65409278    1760.8738   0.75587473   -4.5427996    1.3180688   -3.2247307 
   41000   0.89394869   0.53327689    1759.8946   0.75629529   -4.5593447    1.3399156   -3.2194291 
   42000   0.90442426   0.72460787    1737.7638   0.76592686   -4.5863699    1.3556171   -3.2307528 
   43000   0.94426076   0.99554446    1700.9484   0.78250461   -4.6913926     1.415327   -3.2760656 
   44000   0.89829499   0.91232718    1735.0099    0.7671426   -4.5631889    1.3464301   -3.2167588 
   45000   0.90596214   0.61491052    1751.4695   0.75993329   -4.5704846    1.3579222   -3.2125623 
   46000   0.87430722   0.64679068    1728.7876    0.7699037   -4.6379046    1.3104755   -3.3274291 
   47000   0.86971769   0.68970725    1744.8081   0.76283462   -4.5820697    1.3035964   -3.2784733 
   48000   0.89709063   0.73015333    1744.7213   0.76287257    -4.573173    1.3446249    -3.228548 
   49000   0.89802424   0.68292964    1743.4345   0.76343561   -4.5886506    1.3460243   -3.2426262 
   50000   0.87301798   0.77897928    1731.3414   0.76876808   -4.6046723    1.3085431   -3.2961292 
Loop time of 34.6944 on 1 procs for 50000 steps with 1331 atoms

Performance: 498062.693 tau/day, 1441.154 timesteps/s
99.9% CPU use with 1 MPI tasks x no OpenMP threads

MPI task timing breakdown:
Section |  min time  |  avg time  |  max time  |%varavg| %total
---------------------------------------------------------------
Pair    | 27.438     | 27.438     | 27.438     |   0.0 | 79.09
Neigh   | 4.3849     | 4.3849     | 4.3849     |   0.0 | 12.64
Comm    | 0.69719    | 0.69719    | 0.69719    |   0.0 |  2.01
Output  | 0.024741   | 0.024741   | 0.024741   |   0.0 |  0.07
Modify  | 2.009      | 2.009      | 2.009      |   0.0 |  5.79
Other   |            | 0.1403     |            |       |  0.40

Nlocal:    1331 ave 1331 max 1331 min
Histogram: 1 0 0 0 0 0 0 0 0 0
Nghost:    2845 ave 2845 max 2845 min
Histogram: 1 0 0 0 0 0 0 0 0 0
Neighs:    45874 ave 45874 max 45874 min
Histogram: 1 0 0 0 0 0 0 0 0 0

Total # of neighbors = 45874
Ave neighs/atom = 34.4658
Neighbor list builds = 2500
Dangerous builds not checked

write_restart lattice_11_11_11__2_2_2/sim1/T_0.90__P_0.70/end1.restart
Total wall time: 0:00:34
