run 50000
Neighbor list info ...
  update every 20 steps, delay 0 steps, check no
  max neighbors/atom: 2000, page size: 100000
  master list distance cutoff = 2.8
  ghost atom cutoff = 2.8
  binsize = 1.4, bins = 23 23 23
  1 neighbor lists, perpetual/occasional/extra = 1 0 0
  (1) pair lj/cut, perpetual
      attributes: half, newton on
      pair build: half/bin/atomonly/newton
      stencil: half/bin/3d/newton
      bin: standard
Per MPI rank memory allocation (min/avg/max) = 2.748 | 2.748 | 2.748 Mbytes
Step Temp Press TotEng 
       0          1.7  0.074419891    2.5357551 
    1000    1.7038562   0.07111789    2.3168056 
    2000    1.6869361  0.068238875    2.2748759 
    3000    1.7464174  0.073762709    2.3501179 
    4000    1.6625309  0.071600624    2.2204179 
    5000    1.7229636  0.071679758    2.3173965 
    6000    1.6771232  0.074660866    2.2573185 
    7000    1.7900119  0.072769301    2.4199129 
    8000    1.6570862  0.070528165     2.231674 
    9000    1.7352823  0.071121554    2.3427156 
   10000    1.6247167  0.070616267    2.1759785 
   11000    1.7385024  0.074198895    2.3296578 
   12000    1.6731183  0.069435604    2.2476403 
   13000    1.7731154  0.080107521    2.3920508 
   14000    1.6623956  0.071855042    2.2411885 
   15000    1.7332839  0.071680897    2.3217962 
   16000     1.656255  0.069341931    2.2151457 
   17000    1.7184609  0.073782649    2.3070679 
   18000    1.6856535  0.070490002    2.2589442 
   19000    1.7501819  0.073189521    2.3672978 
   20000    1.7044587  0.067968462    2.2686351 
   21000    1.7117008  0.075179279    2.2934969 
   22000     1.683236   0.07173528    2.2659991 
   23000    1.6980005  0.072244784     2.263572 
   24000    1.7207917  0.074969538    2.3112583 
   25000    1.6101003  0.069423626    2.1517529 
   26000    1.7442332  0.073197606    2.3486601 
   27000    1.6555579  0.069410855    2.2070965 
   28000    1.7600965  0.075898035    2.3707992 
   29000    1.6961299   0.06726263    2.2657816 
   30000     1.690026  0.071363831     2.281608 
   31000    1.7275684  0.072859968    2.3225635 
   32000    1.6524921  0.074395169    2.2196471 
   33000    1.7558815  0.074051741    2.3556216 
   34000    1.6893886  0.071715059    2.2711962 
   35000    1.7154192  0.073572821    2.3093341 
   36000    1.6857627   0.07391172    2.2650298 
   37000     1.693891  0.075982766    2.2702648 
   38000    1.7310612  0.072634766    2.3257669 
   39000    1.6716385  0.067184555    2.2404926 
   40000    1.7918249  0.075804286    2.4093129 
   41000    1.6902852  0.068728434    2.2534975 
   42000    1.7028709  0.073777222     2.292205 
   43000    1.6807782  0.072314831    2.2638116 
   44000    1.6957096  0.071709339    2.2621966 
   45000    1.7239459  0.071824872    2.3074072 
   46000    1.6597307  0.069709855    2.2166776 
   47000    1.7249179  0.073259527    2.3202757 
   48000    1.6964767  0.069632554     2.267997 
   49000    1.6737684  0.070036538    2.2514123 
   50000    1.7167905  0.074914329    2.2975106 
Loop time of 4.3456 on 1 procs for 50000 steps with 1331 atoms

Performance: 3976434.118 tau/day, 11505.886 timesteps/s
99.6% CPU use with 1 MPI tasks x no OpenMP threads

MPI task timing breakdown:
Section |  min time  |  avg time  |  max time  |%varavg| %total
---------------------------------------------------------------
Pair    | 2.1138     | 2.1138     | 2.1138     |   0.0 | 48.64
Neigh   | 1.0404     | 1.0404     | 1.0404     |   0.0 | 23.94
Comm    | 0.25509    | 0.25509    | 0.25509    |   0.0 |  5.87
Output  | 0.022189   | 0.022189   | 0.022189   |   0.0 |  0.51
Modify  | 0.83761    | 0.83761    | 0.83761    |   0.0 | 19.27
Other   |            | 0.0765     |            |       |  1.76

Nlocal:    1331 ave 1331 max 1331 min
Histogram: 1 0 0 0 0 0 0 0 0 0
Nghost:    853 ave 853 max 853 min
Histogram: 1 0 0 0 0 0 0 0 0 0
Neighs:    2891 ave 2891 max 2891 min
Histogram: 1 0 0 0 0 0 0 0 0 0

Total # of neighbors = 2891
Ave neighs/atom = 2.17205
Neighbor list builds = 2500
Dangerous builds not checked

write_restart NVT/sim1/T_1.70__v_24.39/end1.restart
Total wall time: 0:00:04
