run 50000
Neighbor list info ...
  update every 20 steps, delay 0 steps, check no
  max neighbors/atom: 2000, page size: 100000
  master list distance cutoff = 2.8
  ghost atom cutoff = 2.8
  binsize = 1.4, bins = 16 16 16
  1 neighbor lists, perpetual/occasional/extra = 1 0 0
  (1) pair lj/cut, perpetual
      attributes: half, newton on
      pair build: half/bin/atomonly/newton
      stencil: half/bin/3d/newton
      bin: standard
Per MPI rank memory allocation (min/avg/max) = 2.7 | 2.7 | 2.7 Mbytes
Step Temp Press Volume Density PotEng KinEng TotEng 
       0          0.1 -0.032919548        10648        0.125  -0.13561964    0.1498873  0.014267664 
    1000   0.66626341  -0.21492109     3335.097   0.39908885   -2.8098132   0.99864426    -1.811169 
    2000    0.5132675  0.059480185    1649.4379   0.80694158   -5.2057417   0.76932281   -4.4364189 
    3000   0.26926416    0.6334508     1384.289   0.96150444   -6.2719573   0.40359279   -5.8683645 
    4000   0.13839923    0.6201227    1338.7924   0.99417955   -6.5743787   0.20744287   -6.3669358 
    5000  0.092032691   0.58911434    1325.0316    1.0045043   -6.6722662   0.13794532   -6.5343209 
    6000  0.092312506    0.6068781    1323.6097    1.0055835   -6.6811478   0.13836473   -6.5427831 
    7000   0.11051029   0.58350528     1328.565    1.0018328   -6.6517009    0.1656409     -6.48606 
    8000  0.097505974   0.59877679    1325.4392    1.0041955   -6.6713864   0.14614907   -6.5252373 
    9000  0.091338075    0.6115124    1323.5423    1.0056346   -6.6825432   0.13690418    -6.545639 
   10000   0.10504996   0.57940603    1327.0625    1.0029671   -6.6635875   0.15745655   -6.5061309 
   11000   0.10195746   0.62955116    1324.2563    1.0050924   -6.6753024   0.15282129   -6.5224811 
   12000  0.093348367   0.59991452    1321.9402    1.0068534   -6.6949063   0.13991735    -6.554989 
   13000    0.1020834   0.58062856    1325.0408    1.0044974   -6.6790537   0.15301005   -6.5260436 
   14000   0.10393963    0.6019059    1323.3903    1.0057502   -6.6855088   0.15579231   -6.5297165 
   15000  0.092290251   0.65789665    1320.7644    1.0077498   -6.6965337   0.13833137   -6.5582024 
   16000   0.10141119   0.49964699    1325.6327    1.0040489   -6.6878052    0.1520025   -6.5358027 
   17000   0.10594213   0.51595053    1325.3028    1.0042988   -6.6880312    0.1587938   -6.5292374 
   18000  0.096803133   0.67884572    1319.8665    1.0084353   -6.7015221   0.14509561   -6.5564265 
   19000   0.10079905   0.58884936    1322.7505    1.0062366   -6.6939926   0.15108498   -6.5429076 
   20000   0.10526766   0.58561504    1324.0299    1.0052643   -6.6857452   0.15778285   -6.5279623 
   21000  0.099282718   0.62246619    1321.1517    1.0074543   -6.7010906   0.14881219   -6.5522785 
   22000  0.096907967   0.60941945    1322.1268    1.0067113   -6.6941744   0.14525274   -6.5489217 
   23000   0.10581967   0.56609545    1324.4888     1.004916   -6.6863068   0.15861024   -6.5276965 
   24000   0.10038864   0.65254562    1321.0715    1.0075155   -6.6973134   0.15046982   -6.5468436 
   25000  0.098199502   0.68698222    1319.4239    1.0087736   -6.6999221   0.14718858   -6.5527336 
   26000   0.10534587   0.38292314    1327.9327    1.0023098   -6.6910852   0.15790008   -6.5331851 
   27000   0.10033937   0.56355549    1323.3517    1.0057795   -6.6928448   0.15039598   -6.5424488 
   28000  0.097106879   0.62206926    1321.1431    1.0074609   -6.7005505   0.14555088   -6.5549996 
   29000   0.10135161   0.64912096    1322.2062    1.0066508   -6.6874303   0.15191319   -6.5355171 
   30000    0.1001531   0.61937691     1322.773    1.0062195   -6.6874274   0.15011678   -6.5373106 
   31000  0.094290115   0.58615598    1322.1487    1.0066947    -6.696554   0.14132891   -6.5552251 
   32000   0.10154504   0.61298362    1322.5556    1.0063849   -6.6926668   0.15220313   -6.5404637 
   33000   0.10140892   0.73498184    1320.6182    1.0078613    -6.684828   0.15199909    -6.532829 
   34000  0.097423378   0.59309295    1321.9545    1.0068425   -6.6990702   0.14602527   -6.5530449 
   35000  0.097924104   0.52332905     1324.475    1.0049264   -6.6927063    0.1467758   -6.5459305 
   36000    0.1017204   0.66941536    1322.2566    1.0066125   -6.6842864   0.15246597   -6.5318205 
   37000  0.097024698   0.66343377    1320.7132    1.0077888   -6.6946357    0.1454277    -6.549208 
   38000  0.096925181   0.50043767    1324.5433    1.0048746   -6.6950485   0.14527854   -6.5497699 
   39000   0.10373142   0.65064224    1322.0342    1.0067818   -6.6874946   0.15548023   -6.5320143 
   40000  0.097217238   0.68990736    1320.4852    1.0079628   -6.6914854    0.1457163   -6.5457691 
   41000  0.096414737   0.52227282    1323.8438    1.0054056   -6.6969508   0.14451345   -6.5524373 
   42000   0.10127673   0.61502328    1322.8058    1.0061945   -6.6862839   0.15180097   -6.5344829 
   43000   0.10062591   0.58317791    1322.6651    1.0063016   -6.6938515   0.15082546   -6.5430261 
   44000  0.097391134   0.66852515     1320.398    1.0080294   -6.6978494   0.14597694   -6.5518725 
   45000     0.102049    0.6128466    1323.0156     1.006035   -6.6907164   0.15295849   -6.5377579 
   46000   0.10039559   0.43580902    1326.3477    1.0035076   -6.6909257   0.15048023   -6.5404455 
   47000  0.099528783   0.69376255    1319.2785    1.0088848    -6.700127   0.14918101    -6.550946 
   48000   0.10285209    0.6004557    1322.3466     1.006544   -6.6943037   0.15416222   -6.5401415 
   49000   0.10308176   0.51381027    1324.5019    1.0049061   -6.6915128   0.15450648   -6.5370064 
   50000  0.097919909   0.59664136    1321.5206    1.0071731   -6.6993381   0.14676951   -6.5525686 
Loop time of 44.7895 on 1 procs for 50000 steps with 1331 atoms

Performance: 385804.300 tau/day, 1116.332 timesteps/s
100.0% CPU use with 1 MPI tasks x no OpenMP threads

MPI task timing breakdown:
Section |  min time  |  avg time  |  max time  |%varavg| %total
---------------------------------------------------------------
Pair    | 36.563     | 36.563     | 36.563     |   0.0 | 81.63
Neigh   | 5.1658     | 5.1658     | 5.1658     |   0.0 | 11.53
Comm    | 0.74662    | 0.74662    | 0.74662    |   0.0 |  1.67
Output  | 0.024529   | 0.024529   | 0.024529   |   0.0 |  0.05
Modify  | 2.0575     | 2.0575     | 2.0575     |   0.0 |  4.59
Other   |            | 0.2326     |            |       |  0.52

Nlocal:    1331 ave 1331 max 1331 min
Histogram: 1 0 0 0 0 0 0 0 0 0
Nghost:    3234 ave 3234 max 3234 min
Histogram: 1 0 0 0 0 0 0 0 0 0
Neighs:    60055 ave 60055 max 60055 min
Histogram: 1 0 0 0 0 0 0 0 0 0

Total # of neighbors = 60055
Ave neighs/atom = 45.1202
Neighbor list builds = 2500
Dangerous builds not checked

write_restart lattice_11_11_11__2_2_2/sim1/T_0.10__P_0.60/end1.restart
Total wall time: 0:00:44
