run 50000
Neighbor list info ...
  update every 20 steps, delay 0 steps, check no
  max neighbors/atom: 2000, page size: 100000
  master list distance cutoff = 2.8
  ghost atom cutoff = 2.8
  binsize = 1.4, bins = 16 16 16
  1 neighbor lists, perpetual/occasional/extra = 1 0 0
  (1) pair lj/cut, perpetual
      attributes: half, newton on
      pair build: half/bin/atomonly/newton
      stencil: half/bin/3d/newton
      bin: standard
Per MPI rank memory allocation (min/avg/max) = 2.711 | 2.711 | 2.711 Mbytes
Step Temp Press TotEng 
       0          1.4   0.13249264    1.9036407 
    1000    1.4950932   0.17460858    1.3969288 
    2000    1.3406636   0.14125958    1.1109385 
    3000     1.459983   0.14778225    1.2403563 
    4000    1.3650253   0.15307013    1.1367873 
    5000    1.4395838    0.1561189    1.2261222 
    6000    1.3596935   0.15590496    1.1338048 
    7000    1.4452523    0.1585428    1.2385669 
    8000    1.4107376    0.1412948    1.2081594 
    9000    1.4038706   0.11716879    1.1948517 
   10000    1.4150179    0.1280505    1.1885454 
   11000    1.4013912   0.14678915    1.1870355 
   12000    1.3988116   0.16351294    1.2236253 
   13000    1.3494022   0.13173656    1.1243793 
   14000    1.4571268   0.14166697    1.2849919 
   15000    1.4010287   0.15835195     1.185598 
   16000    1.4004165   0.15645537    1.2107683 
   17000    1.4543287   0.14988149    1.3213872 
   18000    1.3958052   0.13233116    1.1767958 
   19000    1.4574948   0.15304361     1.277228 
   20000    1.3588591   0.13992483    1.1388369 
   21000    1.4225762   0.15729274    1.2136081 
   22000    1.3344004   0.13578223    1.1188577 
   23000    1.4396622   0.16339691    1.2357657 
   24000    1.3925292   0.13615477    1.1799485 
   25000    1.4926696   0.14620243    1.3209008 
   26000    1.3940075   0.13837262    1.1885716 
   27000    1.4104134   0.15739947    1.2112266 
   28000    1.3838588   0.14676501    1.1881812 
   29000    1.3936727   0.16895708    1.1950114 
   30000    1.4019666   0.14890235    1.2366775 
   31000    1.4012629   0.16051641    1.1931388 
   32000    1.3562802   0.13427742    1.0914628 
   33000    1.4579258   0.15461722    1.2395237 
   34000    1.3797313   0.16043125    1.1520857 
   35000    1.4618461   0.16526539    1.3115433 
   36000    1.4052552   0.14397319    1.1924925 
   37000    1.3884866   0.14679097    1.1876277 
   38000    1.4456696   0.16729739    1.3175118 
   39000    1.3921777   0.13770542     1.192466 
   40000    1.4145565   0.15242342    1.1852149 
   41000    1.3617445   0.14785441    1.1357516 
   42000    1.4020536   0.14733832    1.2191164 
   43000    1.3763162   0.16031188    1.1899401 
   44000    1.4295736   0.15609454    1.2528276 
   45000    1.3834278   0.12734274    1.1090719 
   46000    1.4068499   0.14491545    1.2202508 
   47000    1.3910641   0.16661542    1.2035387 
   48000    1.3971103   0.15447931    1.2033965 
   49000    1.4123506   0.15371345    1.2044234 
   50000     1.403738    0.1398692     1.184772 
Loop time of 9.48125 on 1 procs for 50000 steps with 1331 atoms

Performance: 1822544.325 tau/day, 5273.566 timesteps/s
99.7% CPU use with 1 MPI tasks x no OpenMP threads

MPI task timing breakdown:
Section |  min time  |  avg time  |  max time  |%varavg| %total
---------------------------------------------------------------
Pair    | 6.1108     | 6.1108     | 6.1108     |   0.0 | 64.45
Neigh   | 2.0471     | 2.0471     | 2.0471     |   0.0 | 21.59
Comm    | 0.37196    | 0.37196    | 0.37196    |   0.0 |  3.92
Output  | 0.022972   | 0.022972   | 0.022972   |   0.0 |  0.24
Modify  | 0.83679    | 0.83679    | 0.83679    |   0.0 |  8.83
Other   |            | 0.09162    |            |       |  0.97

Nlocal:    1331 ave 1331 max 1331 min
Histogram: 1 0 0 0 0 0 0 0 0 0
Nghost:    1292 ave 1292 max 1292 min
Histogram: 1 0 0 0 0 0 0 0 0 0
Neighs:    9099 ave 9099 max 9099 min
Histogram: 1 0 0 0 0 0 0 0 0 0

Total # of neighbors = 9099
Ave neighs/atom = 6.83621
Neighbor list builds = 2500
Dangerous builds not checked

write_restart NVT/sim1/T_1.40__v_6.86/end1.restart
Total wall time: 0:00:09
