run 50000
Neighbor list info ...
  update every 20 steps, delay 0 steps, check no
  max neighbors/atom: 2000, page size: 100000
  master list distance cutoff = 2.8
  ghost atom cutoff = 2.8
  binsize = 1.4, bins = 21 21 21
  1 neighbor lists, perpetual/occasional/extra = 1 0 0
  (1) pair lj/cut, perpetual
      attributes: half, newton on
      pair build: half/bin/atomonly/newton
      stencil: half/bin/3d/newton
      bin: standard
Per MPI rank memory allocation (min/avg/max) = 2.731 | 2.731 | 2.731 Mbytes
Step Temp Press TotEng 
       0          0.9  0.047277173    1.3366567 
    1000   0.94873047  0.042549528       1.1007 
    2000   0.86265346   0.03748071   0.91647612 
    3000   0.91938323  0.042339761   0.94004584 
    4000    0.8757511   0.03509011   0.86258026 
    5000   0.93974094  0.040517696   0.91119153 
    6000   0.88189727   0.03193867   0.82540241 
    7000   0.89678934  0.033228989   0.83200799 
    8000   0.88672632  0.038781237   0.83167609 
    9000    0.8813827  0.034778563   0.82011346 
   10000   0.92216696   0.03961929   0.87721526 
   11000   0.87317663  0.034518014   0.83180088 
   12000   0.91778675  0.036140693    0.9047111 
   13000   0.89294544  0.039330154   0.84675163 
   14000   0.89986157  0.041324791   0.85076282 
   15000   0.91449629  0.037310646   0.93033642 
   16000   0.86356208  0.031778662   0.84001986 
   17000   0.90824187  0.035825074   0.92397453 
   18000   0.91142696  0.037522168   0.88979418 
   19000    0.8796604  0.037533444   0.82999645 
   20000   0.90371832  0.039539715   0.89276431 
   21000   0.91085285  0.032703357   0.84961061 
   22000   0.95132438  0.039040875   0.93970008 
   23000   0.89514167  0.034652103   0.84215825 
   24000   0.90569411  0.040061453    0.8878727 
   25000   0.87774353  0.032251081    0.8087718 
   26000   0.90005347  0.035629093   0.84147856 
   27000   0.90920975  0.039029689   0.88074097 
   28000   0.86997714  0.034187979     0.825334 
   29000   0.92145268   0.03772264   0.87838658 
   30000   0.87644484   0.03736532   0.82600309 
   31000   0.95330753  0.039946408   0.93335924 
   32000   0.87824429   0.03447737   0.84335721 
   33000   0.91776665  0.035575897    0.8680047 
   34000   0.91353606  0.034104075   0.92693396 
   35000   0.86606327  0.030836922   0.82782024 
   36000   0.89733006  0.038390433   0.89199607 
   37000   0.88122066   0.03444327   0.84802324 
   38000   0.91848238  0.036001483   0.89842357 
   39000   0.92369458  0.040837408   0.89988967 
   40000   0.90420844  0.041904961   0.85866211 
   41000   0.91674978  0.039617892   0.89399894 
   42000   0.90718534  0.032994091   0.85089941 
   43000   0.88434887  0.032791931   0.83400735 
   44000   0.90666407  0.034848255   0.87606847 
   45000    0.8808814  0.034847828   0.85045235 
   46000   0.91270455  0.037595192   0.88296278 
   47000   0.90665416   0.03722944    0.8873286 
   48000   0.89755967  0.038378106    0.8507933 
   49000   0.92842288  0.037388521   0.92868825 
   50000   0.87977802  0.038110729   0.85153215 
Loop time of 5.1458 on 1 procs for 50000 steps with 1331 atoms

Performance: 3358080.962 tau/day, 9716.669 timesteps/s
99.6% CPU use with 1 MPI tasks x no OpenMP threads

MPI task timing breakdown:
Section |  min time  |  avg time  |  max time  |%varavg| %total
---------------------------------------------------------------
Pair    | 2.7309     | 2.7309     | 2.7309     |   0.0 | 53.07
Neigh   | 1.1955     | 1.1955     | 1.1955     |   0.0 | 23.23
Comm    | 0.27146    | 0.27146    | 0.27146    |   0.0 |  5.28
Output  | 0.022824   | 0.022824   | 0.022824   |   0.0 |  0.44
Modify  | 0.84616    | 0.84616    | 0.84616    |   0.0 | 16.44
Other   |            | 0.07898    |            |       |  1.53

Nlocal:    1331 ave 1331 max 1331 min
Histogram: 1 0 0 0 0 0 0 0 0 0
Nghost:    957 ave 957 max 957 min
Histogram: 1 0 0 0 0 0 0 0 0 0
Neighs:    3736 ave 3736 max 3736 min
Histogram: 1 0 0 0 0 0 0 0 0 0

Total # of neighbors = 3736
Ave neighs/atom = 2.80691
Neighbor list builds = 2500
Dangerous builds not checked

write_restart NVT/sim1/T_0.90__v_19.68/end1.restart
Total wall time: 0:00:05
