run 50000
Neighbor list info ...
  update every 20 steps, delay 0 steps, check no
  max neighbors/atom: 2000, page size: 100000
  master list distance cutoff = 2.8
  ghost atom cutoff = 2.8
  binsize = 1.4, bins = 16 16 16
  1 neighbor lists, perpetual/occasional/extra = 1 0 0
  (1) pair lj/cut, perpetual
      attributes: half, newton on
      pair build: half/bin/atomonly/newton
      stencil: half/bin/3d/newton
      bin: standard
Per MPI rank memory allocation (min/avg/max) = 2.7 | 2.7 | 2.7 Mbytes
Step Temp Press Volume Density PotEng KinEng TotEng 
       0          1.1  0.091986538        10648        0.125  -0.13561964    1.6487603    1.5131407 
    1000    1.5453676   0.27172363    6931.6091   0.19201891   -1.1077907    2.3163098    1.2085191 
    2000    1.3175979   0.20617962    5135.0197   0.25920056   -1.5430946    1.9749119   0.43181733 
    3000     1.208994   0.20710822    3974.7711   0.33486205   -2.0266809    1.8121285  -0.21455231 
    4000    1.1601161    0.2267553     3186.058   0.41775761   -2.4996616    1.7388667  -0.76079492 
    5000    1.1685052   0.25895134    2637.6659   0.50461282   -2.9851335     1.751441   -1.2336925 
    6000    1.1709581   0.25475575    2267.6881   0.58694138   -3.4408118    1.7551175   -1.6856944 
    7000    1.1102411   0.56524644     2065.661   0.64434581   -3.7550698    1.6641104   -2.0909594 
    8000    1.0503365   0.79146636    1972.4664   0.67478971   -3.9093831    1.5743211    -2.335062 
    9000    1.0785694   0.77065574    1943.6917   0.68477937   -4.0058083    1.6166386   -2.3891697 
   10000    1.1219651   0.73248235    1959.1374   0.67938063   -3.9649602    1.6816832   -2.2832769 
   11000    1.1337586   0.64068384    1972.9434   0.67462656   -3.9683591    1.6993602   -2.2689988 
   12000    1.1016418   0.63924485    1950.9367   0.68223638   -3.9975299    1.6512212   -2.3463087 
   13000    1.0919765   0.78009911    1934.4109   0.68806479   -4.0075602    1.6367341   -2.3708261 
   14000    1.1214001   0.67290408    1966.6538   0.67678411   -3.9738126    1.6808363   -2.2929762 
   15000    1.1234473   0.66726175    1963.6404   0.67782269   -3.9508472    1.6839048   -2.2669424 
   16000    1.1116338   0.75850405    1942.9108   0.68505463   -4.0194443    1.6661979   -2.3532463 
   17000    1.0564062   0.78149141    1962.0746    0.6783636   -3.9391277    1.5834188   -2.3557089 
   18000    1.1186144   0.42980703    2001.1366   0.66512202   -3.9257763    1.6766609   -2.2491154 
   19000    1.1021901   0.67737638      2001.23   0.66509095   -3.8910952     1.652043   -2.2390523 
   20000    1.0674614   0.76265984    1948.4805   0.68309639   -3.9788514    1.5999891   -2.3788623 
   21000    1.0889996   0.69284024    1950.6857   0.68232418   -3.9875391    1.6322722   -2.3552669 
   22000    1.0711431   0.75649296    1976.3004    0.6734806   -3.8940205    1.6055075    -2.288513 
   23000    1.0678168   0.79851337    1972.3226   0.67483891   -3.8865445    1.6005219   -2.2860226 
   24000    1.0907243   0.63466648    1953.1257   0.68147176   -4.0157236    1.6348573   -2.3808663 
   25000    1.0666281   0.80237367    1950.6111   0.68235028   -3.9709258      1.59874   -2.3721858 
   26000    1.1223575   0.90613792    1958.9178   0.67945678   -3.9209628    1.6822714   -2.2386914 
   27000    1.1361527   0.75348719    1945.3204   0.68420607   -4.0044773    1.7029487   -2.3015286 
   28000    1.0958635   0.94542653    1920.8026   0.69293949   -4.0112645    1.6425603   -2.3687042 
   29000    1.0715873   0.67713699    1923.4342   0.69199146    -4.046294    1.6061733   -2.4401207 
   30000    1.0952689   0.63341433    1962.9366    0.6780657   -3.9729266     1.641669   -2.3312576 
   31000     1.098587   0.79879839    1964.9379   0.67737509   -3.9493107    1.6466424   -2.3026683 
   32000    1.0951638   0.65843441    1986.7167   0.66994958   -3.9120922    1.6415115   -2.2705807 
   33000    1.1336003    0.4683867    1998.0182   0.66616011    -3.916652     1.699123    -2.217529 
   34000    1.1477263   0.58752453    1936.0406   0.68748558   -4.0518491     1.720296   -2.3315531 
   35000    1.1176815   0.84354649    1938.8307   0.68649624   -3.9927222    1.6752627   -2.3174595 
   36000    1.1375459    0.8665825    1942.4891   0.68520332   -3.9867428    1.7050368    -2.281706 
   37000    1.1187112   0.85830928    1958.1261    0.6797315   -3.9338132     1.676806   -2.2570072 
   38000    1.1257748   0.73600647    1922.8118   0.69221543    -4.047031    1.6873934   -2.3596376 
   39000    1.1286556   0.76710072    1940.0547   0.68606312    -3.993715    1.6917114   -2.3020036 
   40000    1.1225725   0.63494313    1965.6226   0.67713914   -3.9566706    1.6825936    -2.274077 
   41000    1.1047517   0.60854027    1950.2401   0.68248006    -3.988493    1.6558826   -2.3326104 
   42000    1.0989482   0.76879515    1919.8284   0.69329114   -4.0573058    1.6471838    -2.410122 
   43000    1.1219054   0.75695107    1937.7104   0.68689314   -4.0218306    1.6815938   -2.3402369 
   44000    1.0906337   0.68100985    1951.8006   0.68193441   -3.9727421    1.6347214   -2.3380207 
   45000    1.1137058   0.86378383    1973.3642   0.67448269   -3.9078894    1.6693036   -2.2385858 
   46000    1.1349661   0.78561924     1970.635   0.67541682   -3.9427295    1.7011701   -2.2415594 
   47000    1.1077302   0.77919585    1948.3502   0.68314208   -3.9774619     1.660347   -2.3171149 
   48000    1.0955997   0.85960389    1943.1218   0.68498022   -3.9840205    1.6421648   -2.3418557 
   49000    1.0975966   0.84382224    1999.6858   0.66560456   -3.8518156     1.645158   -2.2066576 
   50000    1.1071834   0.49424489    1992.5464   0.66798946   -3.9205853    1.6595273    -2.261058 
Loop time of 33.6405 on 1 procs for 50000 steps with 1331 atoms

Performance: 513666.131 tau/day, 1486.302 timesteps/s
99.9% CPU use with 1 MPI tasks x no OpenMP threads

MPI task timing breakdown:
Section |  min time  |  avg time  |  max time  |%varavg| %total
---------------------------------------------------------------
Pair    | 26.155     | 26.155     | 26.155     |   0.0 | 77.75
Neigh   | 4.4601     | 4.4601     | 4.4601     |   0.0 | 13.26
Comm    | 0.71767    | 0.71767    | 0.71767    |   0.0 |  2.13
Output  | 0.027751   | 0.027751   | 0.027751   |   0.0 |  0.08
Modify  | 2.1337     | 2.1337     | 2.1337     |   0.0 |  6.34
Other   |            | 0.1461     |            |       |  0.43

Nlocal:    1331 ave 1331 max 1331 min
Histogram: 1 0 0 0 0 0 0 0 0 0
Nghost:    2657 ave 2657 max 2657 min
Histogram: 1 0 0 0 0 0 0 0 0 0
Neighs:    40126 ave 40126 max 40126 min
Histogram: 1 0 0 0 0 0 0 0 0 0

Total # of neighbors = 40126
Ave neighs/atom = 30.1473
Neighbor list builds = 2500
Dangerous builds not checked

write_restart lattice_11_11_11__2_2_2/sim1/T_1.10__P_0.70/end1.restart
Total wall time: 0:00:33
