run 50000
Neighbor list info ...
  update every 20 steps, delay 0 steps, check no
  max neighbors/atom: 2000, page size: 100000
  master list distance cutoff = 2.8
  ghost atom cutoff = 2.8
  binsize = 1.4, bins = 16 16 16
  1 neighbor lists, perpetual/occasional/extra = 1 0 0
  (1) pair lj/cut, perpetual
      attributes: half, newton on
      pair build: half/bin/atomonly/newton
      stencil: half/bin/3d/newton
      bin: standard
Per MPI rank memory allocation (min/avg/max) = 2.7 | 2.7 | 2.7 Mbytes
Step Temp Press Volume Density PotEng KinEng TotEng 
       0          0.2 -0.020428939        10648        0.125  -0.13561964   0.29977461   0.16415497 
    1000   0.80857336 -0.053565606    3847.7468   0.34591673   -2.3532137    1.2119488   -1.1412649 
    2000   0.65046277  -0.15489524    2029.4741   0.65583492   -4.2864859    0.9749611   -3.3115248 
    3000   0.50228171   0.74538834    1477.3458   0.90094004   -5.7015724   0.75285651   -4.9487159 
    4000    0.3040591   0.80893286    1379.7625   0.96465877   -6.2686508   0.45574598   -5.8129048 
    5000   0.20369513   0.90350313    1346.8872   0.98820449   -6.4692983   0.30531313   -6.1639851 
    6000   0.17941791   0.94143331    1337.2182   0.99534989   -6.5338534   0.26892467   -6.2649287 
    7000   0.20912375    0.8658015    1341.6021    0.9920974    -6.512772   0.31344994    -6.199322 
    8000   0.21026776    0.8681782    1340.1353    0.9931833   -6.5246853   0.31516468   -6.2095206 
    9000   0.18679704   0.93992439    1333.2428   0.99831779   -6.5610518   0.27998505   -6.2810668 
   10000   0.19936158   0.85930971    1337.4702   0.99516239   -6.5451483   0.29881769   -6.2463306 
   11000   0.21195605   0.89340447     1338.871   0.99412117   -6.5302225   0.31769521   -6.2125273 
   12000   0.18864887   0.97429355    1332.8642   0.99860136   -6.5562831    0.2827607   -6.2735224 
   13000   0.20135705   0.84234992    1333.0058   0.99849531   -6.5807063   0.30180864   -6.2788976 
   14000   0.20661401   0.90901677    1336.5036    0.9958821   -6.5437694   0.30968817   -6.2340813 
   15000   0.19832742   0.91828364    1333.3601   0.99822995   -6.5655598   0.29726763   -6.2682921 
   16000   0.19227831   0.95319065    1330.7177    1.0002122   -6.5784484   0.28820077   -6.2902476 
   17000   0.21011225   0.87867438    1334.5071   0.99737201   -6.5619602   0.31493159   -6.2470286 
   18000   0.20049997   0.61812001    1339.6335   0.99355534   -6.5683575     0.300524   -6.2678335 
   19000   0.19084887   0.98586989    1328.6166    1.0017939    -6.585774   0.28605822   -6.2997157 
   20000   0.20206314    1.0433704    1330.0707    1.0006987   -6.5690928   0.30286699   -6.2662258 
   21000   0.20305832   0.87193183    1333.2348   0.99832381   -6.5729015   0.30435865   -6.2685428 
   22000   0.19793885   0.86542309    1329.6938    1.0009823   -6.6026449    0.2966852   -6.3059597 
   23000   0.19834468   0.93125489    1329.4408    1.0011728   -6.5921668    0.2972935   -6.2948733 
   24000   0.20342019    1.0562076    1328.3726    1.0019779   -6.5762534   0.30490104   -6.2713523 
   25000   0.19778424   0.87535881    1329.6241    1.0010348   -6.6008254   0.29645346   -6.3043719 
   26000    0.1968357   0.73078068    1332.3094   0.99901719   -6.6053633   0.29503173   -6.3103315 
   27000   0.20628937   0.94607505    1329.4405    1.0011731    -6.588443   0.30920158   -6.2792414 
   28000    0.2010481   0.89722721    1328.5847    1.0018179   -6.6040687   0.30134557   -6.3027231 
   29000   0.19869806   0.80371449    1328.7443    1.0016976   -6.6188574   0.29782316   -6.3210342 
   30000   0.20876028   0.91674076    1328.7593    1.0016863   -6.6010759   0.31290515   -6.2881708 
   31000    0.2033294    1.0232324    1326.6971    1.0032433   -6.5988467   0.30476495   -6.2940818 
   32000   0.19685071   0.80665184    1329.2422    1.0013224   -6.6166088   0.29505422   -6.3215545 
   33000    0.1997171    0.6936155    1333.1668   0.99837472   -6.6074172   0.29935058   -6.3080666 
   34000   0.20865757    1.0088068    1325.8888    1.0038549   -6.6070322   0.31275121    -6.294281 
   35000   0.20220494   0.93799619    1326.0162    1.0037585   -6.6196862   0.30307953   -6.3166067 
   36000   0.19969141   0.85895701    1328.5223     1.001865   -6.6113548   0.29931206   -6.3120427 
   37000   0.20723122   0.78823661    1331.1965   0.99985237   -6.6056328   0.31061328   -6.2950195 
   38000   0.20059393   0.98974824    1325.2522    1.0043371   -6.6117281   0.30066484   -6.3110633 
   39000    0.1946508   0.88550233    1327.4667    1.0026617   -6.6126036   0.29175683   -6.3208468 
   40000   0.20224268   0.80312951    1331.6596   0.99950465   -6.6013642    0.3031361   -6.2982281 
   41000   0.20813018   0.84796653    1327.7716    1.0024314    -6.618996   0.31196072   -6.3070353 
   42000   0.20144944   0.96523639     1324.278     1.005076   -6.6239932   0.30194714   -6.3220461 
   43000   0.20475698   0.79373146    1329.7803    1.0009172   -6.6126067   0.30690472    -6.305702 
   44000   0.20460648   0.79100458    1330.4619    1.0004044   -6.6102888   0.30667914   -6.3036096 
   45000   0.19846907    1.0555095    1323.5475    1.0056307   -6.6156976   0.29747994   -6.3182176 
   46000   0.20035202   0.92738345    1326.5172    1.0033793   -6.6100612   0.30030225   -6.3097589 
   47000    0.1977016   0.85206106    1330.5074    1.0003702   -6.5971283    0.2963296   -6.3007987 
   48000   0.19784793    0.9202974    1326.5979    1.0033183   -6.6130185   0.29654893   -6.3164696 
   49000   0.19573258    1.0976634     1323.477    1.0056843   -6.6060029   0.29337828   -6.3126246 
   50000   0.20385973   0.88130538    1328.3371    1.0020047   -6.6103915   0.30555985   -6.3048316 
Loop time of 44.1659 on 1 procs for 50000 steps with 1331 atoms

Performance: 391252.045 tau/day, 1132.095 timesteps/s
100.0% CPU use with 1 MPI tasks x no OpenMP threads

MPI task timing breakdown:
Section |  min time  |  avg time  |  max time  |%varavg| %total
---------------------------------------------------------------
Pair    | 35.972     | 35.972     | 35.972     |   0.0 | 81.45
Neigh   | 5.145      | 5.145      | 5.145      |   0.0 | 11.65
Comm    | 0.74429    | 0.74429    | 0.74429    |   0.0 |  1.69
Output  | 0.021036   | 0.021036   | 0.021036   |   0.0 |  0.05
Modify  | 2.0537     | 2.0537     | 2.0537     |   0.0 |  4.65
Other   |            | 0.2302     |            |       |  0.52

Nlocal:    1331 ave 1331 max 1331 min
Histogram: 1 0 0 0 0 0 0 0 0 0
Nghost:    3213 ave 3213 max 3213 min
Histogram: 1 0 0 0 0 0 0 0 0 0
Neighs:    59317 ave 59317 max 59317 min
Histogram: 1 0 0 0 0 0 0 0 0 0

Total # of neighbors = 59317
Ave neighs/atom = 44.5657
Neighbor list builds = 2500
Dangerous builds not checked

write_restart lattice_11_11_11__2_2_2/sim1/T_0.20__P_0.90/end1.restart
Total wall time: 0:00:44
