run 50000
Neighbor list info ...
  update every 20 steps, delay 0 steps, check no
  max neighbors/atom: 2000, page size: 100000
  master list distance cutoff = 2.8
  ghost atom cutoff = 2.8
  binsize = 1.4, bins = 16 16 16
  1 neighbor lists, perpetual/occasional/extra = 1 0 0
  (1) pair lj/cut, perpetual
      attributes: half, newton on
      pair build: half/bin/atomonly/newton
      stencil: half/bin/3d/newton
      bin: standard
Per MPI rank memory allocation (min/avg/max) = 2.7 | 2.7 | 2.7 Mbytes
Step Temp Press Volume Density PotEng KinEng TotEng 
       0          1.7   0.16693019        10648        0.125  -0.13561964    2.5480841    2.4124645 
    1000    2.1183566   0.36363997    7455.4579   0.17852693  -0.90544874    3.1751475    2.2696988 
    2000    1.8870994   0.42744555    5836.2957   0.22805561   -1.2366239    2.8285225    1.5918985 
    3000    1.7499052   0.45292983    4778.5033    0.2785391    -1.523874    2.6228856    1.0990116 
    4000    1.7195654   0.49949058    4055.3503    0.3282084   -1.8086333    2.5774103   0.76877701 
    5000    1.7240089   0.54010733    3579.5316   0.37183636   -2.0450772    2.5840704   0.53899319 
    6000    1.6985667   0.70047193    3246.0866   0.41003219   -2.2307211    2.5459358   0.31521465 
    7000    1.6900519   0.65388891    3033.5959   0.43875323    -2.378139    2.5331732   0.15503416 
    8000    1.6701275   0.76074562    2927.7257    0.4546191   -2.4937885    2.5033091 0.0095205988 
    9000    1.6910929   0.89011103    2848.5897   0.46724876   -2.5381676    2.5347335 -0.0034341328 
   10000    1.6819404   0.72171665    2845.6358   0.46773379   -2.5586415    2.5210151 -0.037626386 
   11000    1.7231267    0.7949654     2875.718   0.46284093   -2.5494113    2.5827482  0.033336906 
   12000     1.699681   0.85019547    2874.5632   0.46302687   -2.5086526     2.547606  0.038953403 
   13000    1.7232569   0.76621988    2861.8894   0.46507737   -2.5417716    2.5829433  0.041171708 
   14000    1.6407703   0.84643652    2902.1488   0.45862569   -2.4944603    2.4593063 -0.035153993 
   15000    1.7540215   0.84902945    2861.5795   0.46512773   -2.5181007    2.6290555    0.1109548 
   16000    1.6530275   0.74163716    2881.6382   0.46189005     -2.51331    2.4776783 -0.035631707 
   17000    1.6845562    0.6392908    2875.5291   0.46287134   -2.5476727    2.5249358 -0.022736819 
   18000    1.7511192   0.83717023    2793.8065   0.47641094   -2.6078349    2.6247053  0.016870432 
   19000    1.6448709   0.70184965     2870.964   0.46360735   -2.5712086    2.4654527  -0.10575592 
   20000    1.7372729   0.82525979    2864.1608   0.46470855   -2.5262466    2.6039514  0.077704836 
   21000    1.7460962   0.70044651    2884.0954   0.46149652    -2.509496    2.6171764   0.10768041 
   22000    1.6164727   0.81124099    2940.1167   0.45270312    -2.436874    2.4228873 -0.013986724 
   23000    1.7273917   0.91080878    2837.5294   0.46907002   -2.5319264    2.5891408  0.057214338 
   24000    1.6491283   0.64286003    2874.1256   0.46309737   -2.5652083    2.4718339 -0.093374378 
   25000     1.704838   0.88222658    2833.1359   0.46979744    -2.527751    2.5553357  0.027584736 
   26000    1.7207486   0.75824624    2858.9459   0.46555621   -2.5649676    2.5791837  0.014216152 
   27000    1.7139275   0.73818216    2927.3805   0.45467269    -2.511198    2.5689597  0.057761683 
   28000    1.7147362    0.8781621    2849.5407   0.46709283   -2.5540837    2.5701718  0.016088084 
   29000    1.6694619   0.70689468    2820.0419    0.4719788   -2.5801641    2.5023115 -0.077852633 
   30000    1.7313042   0.76549501    2882.9093   0.46168639   -2.5304112    2.5950052  0.064594026 
   31000     1.749652   0.98066217    2914.6408   0.45666005   -2.4325115    2.6225062   0.18999471 
   32000     1.689322   0.70239391    2992.3902   0.44479494     -2.44233    2.5320792  0.089749264 
   33000     1.678334   0.95744445    2863.5522   0.46480731   -2.4897296    2.5156096  0.025880058 
   34000    1.7054017   0.77881401     2882.293   0.46178511   -2.5263042    2.5561806  0.029876382 
   35000    1.7104438   0.74872621    2914.5072   0.45668098   -2.4799257    2.5637381  0.083812337 
   36000    1.7397439   0.79328064    2871.3215   0.46354962   -2.5334413    2.6076552  0.074213936 
   37000    1.6919054   0.65688981    2841.5526   0.46840589   -2.6065667    2.5359514 -0.070615338 
   38000     1.719675   0.73774657    2837.2125   0.46912242   -2.6027452    2.5775745 -0.025170689 
   39000    1.7463541   0.78376262    2885.5027   0.46127145   -2.5216597    2.6175631  0.095903407 
   40000    1.6718866   0.69864232    2919.2185   0.45594394   -2.4776306    2.5059457  0.028315095 
   41000    1.7049471   0.78208611     2824.185   0.47128641   -2.5842042    2.5554992 -0.028705052 
   42000    1.6965884   0.94851132    2773.3219   0.47992987   -2.5883272    2.5429706 -0.045356634 
   43000    1.7201069   0.72250821    2932.0195   0.45395332    -2.489399    2.5782218  0.088822803 
   44000    1.7192471    0.7905965    2942.7204   0.45230258   -2.4436645    2.5769331   0.13326857 
   45000    1.6952419   0.77063696    2872.6009   0.46334317   -2.5512584    2.5409523 -0.010306033 
   46000    1.6910713    0.7473157     2812.683   0.47321366   -2.5649174    2.5347011 -0.030216226 
   47000    1.7526974   0.86872303    2864.1116   0.46471654   -2.5270839    2.6270709  0.099987023 
   48000    1.6619503   0.79727906    2975.0489   0.44738761   -2.4004666    2.4910524  0.090585801 
   49000    1.6900279   0.80460571    2932.1863    0.4539275   -2.4656507    2.5331372  0.067486442 
   50000     1.783626   0.85079331    2862.4811   0.46498124   -2.5379019     2.673429   0.13552702 
Loop time of 26.6131 on 1 procs for 50000 steps with 1331 atoms

Performance: 649303.482 tau/day, 1878.772 timesteps/s
99.8% CPU use with 1 MPI tasks x no OpenMP threads

MPI task timing breakdown:
Section |  min time  |  avg time  |  max time  |%varavg| %total
---------------------------------------------------------------
Pair    | 19.769     | 19.769     | 19.769     |   0.0 | 74.28
Neigh   | 3.7502     | 3.7502     | 3.7502     |   0.0 | 14.09
Comm    | 0.67167    | 0.67167    | 0.67167    |   0.0 |  2.52
Output  | 0.026574   | 0.026574   | 0.026574   |   0.0 |  0.10
Modify  | 2.2541     | 2.2541     | 2.2541     |   0.0 |  8.47
Other   |            | 0.1415     |            |       |  0.53

Nlocal:    1331 ave 1331 max 1331 min
Histogram: 1 0 0 0 0 0 0 0 0 0
Nghost:    2303 ave 2303 max 2303 min
Histogram: 1 0 0 0 0 0 0 0 0 0
Neighs:    28161 ave 28161 max 28161 min
Histogram: 1 0 0 0 0 0 0 0 0 0

Total # of neighbors = 28161
Ave neighs/atom = 21.1578
Neighbor list builds = 2500
Dangerous builds not checked

write_restart lattice_11_11_11__2_2_2/sim1/T_1.70__P_0.80/end1.restart
Total wall time: 0:00:26
