run 50000
Neighbor list info ...
  update every 20 steps, delay 0 steps, check no
  max neighbors/atom: 2000, page size: 100000
  master list distance cutoff = 2.8
  ghost atom cutoff = 2.8
  binsize = 1.4, bins = 13 13 13
  1 neighbor lists, perpetual/occasional/extra = 1 0 0
  (1) pair lj/cut, perpetual
      attributes: half, newton on
      pair build: half/bin/atomonly/newton
      stencil: half/bin/3d/newton
      bin: standard
Per MPI rank memory allocation (min/avg/max) = 2.742 | 2.742 | 2.742 Mbytes
Step Temp Press TotEng 
       0          1.6  0.029481656    1.7531239 
    1000    1.6816466   0.31571005    1.2339383 
    2000    1.5336361    0.2754021   0.99096357 
    3000    1.6550854   0.30847468    1.1403241 
    4000    1.5661973   0.27457386   0.99498208 
    5000    1.6262563   0.29415351    1.1329379 
    6000    1.5375804   0.28388719    1.0195241 
    7000    1.6232467   0.27678486    1.0955172 
    8000    1.6885233   0.33597054    1.2312815 
    9000    1.6055734   0.25873741    1.0347568 
   10000     1.588723   0.27566736    1.0377941 
   11000    1.6521662   0.30716798    1.1546598 
   12000    1.5227602   0.24577035   0.97082544 
   13000    1.6133606   0.31206245    1.0947735 
   14000     1.596903   0.23690629    1.0725048 
   15000    1.6230048   0.24074348    1.1308564 
   16000    1.5747308   0.26926336   0.97981204 
   17000    1.6326346    0.3162274    1.0829286 
   18000    1.6056683   0.29080605    1.0908698 
   19000    1.5871155   0.30133677    1.0547633 
   20000    1.5906159   0.27802685     1.048894 
   21000    1.6416949   0.27995037    1.1337015 
   22000    1.5320458   0.22780045   0.97205463 
   23000    1.6183707   0.24246374    1.0890466 
   24000    1.5828189   0.28008023    1.0423473 
   25000    1.6076929   0.28183424    1.0533761 
   26000    1.5964983   0.30044979    1.1313739 
   27000    1.5145846   0.24243077   0.95461331 
   28000    1.6250947   0.28512669    1.0940095 
   29000    1.5745946    0.3064615    1.0826379 
   30000    1.6592429   0.26697778    1.1827981 
   31000    1.5429644   0.29413628    1.0081245 
   32000    1.6216479   0.29248805    1.1403913 
   33000       1.6111   0.29057766    1.1021424 
   34000    1.5846502   0.22329641    1.0839006 
   35000    1.6452439   0.29232535    1.1537475 
   36000    1.5570337   0.26506675    1.0006374 
   37000     1.628696   0.30345102    1.1209422 
   38000    1.5890492   0.32561388    1.0544245 
   39000    1.6094683   0.28071597    1.0932288 
   40000    1.5918555   0.32510572    1.0714449 
   41000    1.6109152   0.24755017    1.0933681 
   42000    1.6072923   0.28364083    1.1062795 
   43000    1.5629039   0.30730247    1.0180741 
   44000    1.6460685   0.32992553    1.1351339 
   45000    1.5672413   0.26211729    1.0416685 
   46000    1.6949447   0.30128006    1.1923905 
   47000    1.5820469   0.27162287    1.0044052 
   48000    1.6260586   0.29886813    1.1418755 
   49000    1.5896779    0.2731363    1.0396955 
   50000    1.6439773   0.29075456    1.1615657 
Loop time of 13.2969 on 1 procs for 50000 steps with 1331 atoms

Performance: 1299550.529 tau/day, 3760.274 timesteps/s
99.9% CPU use with 1 MPI tasks x no OpenMP threads

MPI task timing breakdown:
Section |  min time  |  avg time  |  max time  |%varavg| %total
---------------------------------------------------------------
Pair    | 9.1848     | 9.1848     | 9.1848     |   0.0 | 69.07
Neigh   | 2.7086     | 2.7086     | 2.7086     |   0.0 | 20.37
Comm    | 0.44467    | 0.44467    | 0.44467    |   0.0 |  3.34
Output  | 0.016989   | 0.016989   | 0.016989   |   0.0 |  0.13
Modify  | 0.84212    | 0.84212    | 0.84212    |   0.0 |  6.33
Other   |            | 0.09973    |            |       |  0.75

Nlocal:    1331 ave 1331 max 1331 min
Histogram: 1 0 0 0 0 0 0 0 0 0
Nghost:    1641 ave 1641 max 1641 min
Histogram: 1 0 0 0 0 0 0 0 0 0
Neighs:    14082 ave 14082 max 14082 min
Histogram: 1 0 0 0 0 0 0 0 0 0

Total # of neighbors = 14082
Ave neighs/atom = 10.58
Neighbor list builds = 2500
Dangerous builds not checked

write_restart NVT/sim1/T_1.60__v_4.10/end1.restart
Total wall time: 0:00:13
