run 50000
Neighbor list info ...
  update every 20 steps, delay 0 steps, check no
  max neighbors/atom: 2000, page size: 100000
  master list distance cutoff = 2.8
  ghost atom cutoff = 2.8
  binsize = 1.4, bins = 16 16 16
  1 neighbor lists, perpetual/occasional/extra = 1 0 0
  (1) pair lj/cut, perpetual
      attributes: half, newton on
      pair build: half/bin/atomonly/newton
      stencil: half/bin/3d/newton
      bin: standard
Per MPI rank memory allocation (min/avg/max) = 2.7 | 2.7 | 2.7 Mbytes
Step Temp Press Volume Density PotEng KinEng TotEng 
       0          1.2   0.10447715        10648        0.125  -0.13561964    1.7986476     1.663028 
    1000    1.6792735   0.27251431    6683.8882   0.19913559   -1.1001487    2.5170177     1.416869 
    2000    1.4461255   0.28188602    4874.0812   0.27307711   -1.5736108    2.1675586   0.59394772 
    3000    1.3475897   0.26635338    3753.9576   0.35455914   -2.0900362    2.0198659 -0.070170394 
    4000    1.2768001   0.20086743    3018.8774   0.44089237   -2.5686556    1.9137612  -0.65489433 
    5000     1.253506    0.4555475    2524.0534   0.52732641   -3.0225633    1.8788463    -1.143717 
    6000    1.2404271   0.66434227    2217.6347   0.60018903   -3.4391877    1.8592428    -1.579945 
    7000    1.1886767   0.85282252    2047.0484   0.65020447   -3.7255074    1.7816754    -1.943832 
    8000    1.1790098   0.90812992    1972.8432   0.67466083   -3.9007678     1.767186   -2.1335819 
    9000    1.1931959   0.95640184    1974.6029   0.67405956   -3.8699214    1.7884491   -2.0814724 
   10000    1.2110742   0.81717068    2020.2247   0.65883759   -3.8000403    1.8152465   -1.9847938 
   11000    1.1847604   0.94653377    2006.2374   0.66343097   -3.7898674    1.7758054    -2.014062 
   12000    1.1687075   0.94758644    1981.1314   0.67183833   -3.8511202    1.7517441    -2.099376 
   13000    1.2296044   0.76767316    1985.7891   0.67026251   -3.8879042    1.8430208   -2.0448833 
   14000    1.2139325   0.84188149    2001.3608    0.6650475   -3.8300768    1.8195307   -2.0105462 
   15000    1.1744364   0.98298611    1996.3025   0.66673263   -3.8054125     1.760331   -2.0450816 
   16000    1.2086279   0.69335822    1980.6375   0.67200585   -3.9212647    1.8115798    -2.109685 
   17000    1.1956417   0.89945659    1993.8233   0.66756167   -3.8608087     1.792115   -2.0686937 
   18000    1.2017017   0.97643147    2006.0815   0.66348253   -3.7993217    1.8011983   -1.9981234 
   19000    1.2166347   0.96826893    1998.4363   0.66602073   -3.8678726    1.8235809   -2.0442917 
   20000    1.1596222    1.1389853    1960.8017   0.67880399   -3.8555427    1.7381264   -2.1174163 
   21000    1.2111485    1.0585213    1968.3765   0.67619178   -3.8530351    1.8153578   -2.0376773 
   22000    1.2425627   0.79630056     2003.977   0.66417927   -3.8274663    1.8624438   -1.9650225 
   23000    1.2277454   0.94979186    2002.3265   0.66472677   -3.8103228    1.8402344   -1.9700884 
   24000    1.1855084   0.90602754    1980.6101   0.67201517   -3.8573236    1.7769266    -2.080397 
   25000    1.2100909   0.82359631    1984.3698   0.67074193   -3.8963059    1.8137726   -2.0825332 
   26000    1.2100471   0.76808673    2032.1244    0.6549796   -3.7783018    1.8137069   -1.9645948 
   27000    1.2047601   0.93128202    2002.1593   0.66478226   -3.8299215    1.8057825    -2.024139 
   28000    1.1695623   0.88101294    1992.6019   0.66797084   -3.8311111    1.7530255   -2.0780857 
   29000    1.1807677   0.95888029    1989.3021   0.66907885   -3.8296964    1.7698209   -2.0598755 
   30000    1.1943601   0.84728923    1983.6295   0.67099223    -3.877781    1.7901941   -2.0875869 
   31000    1.2238586   0.71269729    2017.4644   0.65973903   -3.8299485    1.8344086   -1.9955399 
   32000    1.2021097    0.8234932    2039.5917   0.65258159   -3.7644597    1.8018098   -1.9626499 
   33000    1.1818064     0.852512     1992.223   0.66809791   -3.8496605    1.7713777   -2.0782828 
   34000    1.1344391   0.92236837    1998.8121   0.66589552   -3.8279556    1.7003802   -2.1275755 
   35000    1.1635307   0.74578177    2029.6088   0.65579141    -3.779475    1.7439847   -2.0354903 
   36000    1.1809159    1.0579807    2003.4799   0.66434408   -3.7824773    1.7700431   -2.0124342 
   37000    1.2019848    1.0491738    1972.1377   0.67490218   -3.8620221    1.8016226   -2.0603995 
   38000    1.1902866   0.96464659     1987.564   0.66966397   -3.8187232    1.7840884   -2.0346348 
   39000    1.2078721   0.96630889    2004.6668   0.66395075    -3.814134     1.810447    -2.003687 
   40000    1.2104614    0.9090595    2012.8893   0.66123856   -3.8015556    1.8143279   -1.9872277 
   41000    1.1947974   0.80320549     1981.949   0.67156118   -3.8937045    1.7908495   -2.1028549 
   42000    1.2009057   0.76662857    1977.6206   0.67303101   -3.9268468    1.8000051   -2.1268417 
   43000    1.1755477   0.83553685    2009.5291   0.66234422   -3.8167015    1.7619967   -2.0547048 
   44000    1.1826616     1.068773    2003.6309   0.66429402   -3.7972449    1.7726596   -2.0245853 
   45000    1.1835145   0.97202894    1995.9021   0.66686639   -3.8148228     1.773938   -2.0408848 
   46000    1.2312711   0.86849492    1980.9247   0.67190844   -3.8814606    1.8455191   -2.0359415 
   47000    1.2478371   0.88761261    2002.0628   0.66481433   -3.8413139    1.8703494   -1.9709645 
   48000    1.2117533   0.93382518    1999.3379    0.6657204   -3.8067916    1.8162643   -1.9905273 
   49000    1.1723856    1.1774164    1966.0005   0.67700899     -3.84185    1.7572571   -2.0845928 
   50000    1.2145479    1.0153779    1984.7902   0.67059985    -3.842545    1.8204531   -2.0220919 
Loop time of 36.2816 on 1 procs for 50000 steps with 1331 atoms

Performance: 476273.974 tau/day, 1378.108 timesteps/s
99.7% CPU use with 1 MPI tasks x no OpenMP threads

MPI task timing breakdown:
Section |  min time  |  avg time  |  max time  |%varavg| %total
---------------------------------------------------------------
Pair    | 28.26      | 28.26      | 28.26      |   0.0 | 77.89
Neigh   | 4.6956     | 4.6956     | 4.6956     |   0.0 | 12.94
Comm    | 0.78487    | 0.78487    | 0.78487    |   0.0 |  2.16
Output  | 0.031727   | 0.031727   | 0.031727   |   0.0 |  0.09
Modify  | 2.3438     | 2.3438     | 2.3438     |   0.0 |  6.46
Other   |            | 0.1652     |            |       |  0.46

Nlocal:    1331 ave 1331 max 1331 min
Histogram: 1 0 0 0 0 0 0 0 0 0
Nghost:    2703 ave 2703 max 2703 min
Histogram: 1 0 0 0 0 0 0 0 0 0
Neighs:    40128 ave 40128 max 40128 min
Histogram: 1 0 0 0 0 0 0 0 0 0

Total # of neighbors = 40128
Ave neighs/atom = 30.1488
Neighbor list builds = 2500
Dangerous builds not checked

write_restart lattice_11_11_11__2_2_2/sim1/T_1.20__P_0.90/end1.restart
Total wall time: 0:00:36
