run 50000
Neighbor list info ...
  update every 20 steps, delay 0 steps, check no
  max neighbors/atom: 2000, page size: 100000
  master list distance cutoff = 2.8
  ghost atom cutoff = 2.8
  binsize = 1.4, bins = 23 23 23
  1 neighbor lists, perpetual/occasional/extra = 1 0 0
  (1) pair lj/cut, perpetual
      attributes: half, newton on
      pair build: half/bin/atomonly/newton
      stencil: half/bin/3d/newton
      bin: standard
Per MPI rank memory allocation (min/avg/max) = 2.748 | 2.748 | 2.748 Mbytes
Step Temp Press TotEng 
       0          1.1  0.047633277    1.6364313 
    1000    1.1280854  0.048613669    1.4353467 
    2000    1.0724666  0.041351566    1.3099569 
    3000    1.1381795  0.042878887    1.3709484 
    4000    1.0665935  0.040892593    1.2702873 
    5000    1.1488849  0.041774596    1.3819174 
    6000    1.1040985  0.041805325    1.3067243 
    7000    1.1035875  0.042970202    1.3119657 
    8000    1.1298951  0.040492152    1.3531003 
    9000    1.0813347  0.041705995    1.2878302 
   10000    1.1154054  0.042257861    1.3442154 
   11000    1.0362789   0.03603998    1.2254824 
   12000    1.0997717  0.045597668    1.3335585 
   13000    1.0832207  0.039864064    1.2916375 
   14000    1.1288811  0.043431407    1.3393938 
   15000    1.0958597  0.042301053    1.2982131 
   16000    1.1014379  0.043066528    1.2962962 
   17000    1.0954969   0.04182439      1.30137 
   18000     1.139367   0.04092727    1.3662194 
   19000     1.070831  0.038265165    1.2748716 
   20000    1.1126335  0.041315624    1.3385574 
   21000    1.0579749  0.040076744    1.2594858 
   22000    1.1035108  0.044288568    1.3296218 
   23000    1.1099933   0.04024081    1.3052499 
   24000    1.1000243  0.047164143    1.3181713 
   25000    1.0935994   0.04187513    1.3240346 
   26000    1.0950975  0.038426259     1.287198 
   27000    1.1256359  0.040862762    1.3178782 
   28000    1.0955345  0.042463352    1.3066527 
   29000    1.1058275  0.041101103    1.3167254 
   30000    1.1078754  0.043793806    1.3296393 
   31000    1.1071795  0.044010608    1.3355449 
   32000    1.1090672  0.042395718    1.3477044 
   33000    1.0923297  0.041321486    1.3194988 
   34000    1.1181525  0.046744879    1.3391197 
   35000    1.0662705  0.037111665    1.2685996 
   36000    1.1088559  0.041661756    1.3285056 
   37000    1.0854193  0.040053503    1.3012733 
   38000    1.1516149  0.044169024    1.3922841 
   39000    1.0962975  0.039788851    1.3158043 
   40000    1.1285078   0.04234136    1.3529089 
   41000    1.0669468    0.0420663    1.2459557 
   42000    1.1016046  0.042295105    1.3257445 
   43000    1.0905042  0.037862853    1.2971248 
   44000    1.1005135  0.043126764    1.3191723 
   45000    1.1064997  0.043992483    1.3270085 
   46000    1.0707028  0.043003846      1.27718 
   47000    1.1153656  0.038816637    1.3178626 
   48000    1.1147583  0.042522744    1.3204639 
   49000    1.0726862  0.042510049    1.2672909 
   50000     1.133161  0.043893867    1.3609498 
Loop time of 4.41769 on 1 procs for 50000 steps with 1331 atoms

Performance: 3911549.610 tau/day, 11318.141 timesteps/s
99.6% CPU use with 1 MPI tasks x no OpenMP threads

MPI task timing breakdown:
Section |  min time  |  avg time  |  max time  |%varavg| %total
---------------------------------------------------------------
Pair    | 2.1781     | 2.1781     | 2.1781     |   0.0 | 49.30
Neigh   | 1.0418     | 1.0418     | 1.0418     |   0.0 | 23.58
Comm    | 0.25351    | 0.25351    | 0.25351    |   0.0 |  5.74
Output  | 0.022231   | 0.022231   | 0.022231   |   0.0 |  0.50
Modify  | 0.84409    | 0.84409    | 0.84409    |   0.0 | 19.11
Other   |            | 0.07791    |            |       |  1.76

Nlocal:    1331 ave 1331 max 1331 min
Histogram: 1 0 0 0 0 0 0 0 0 0
Nghost:    863 ave 863 max 863 min
Histogram: 1 0 0 0 0 0 0 0 0 0
Neighs:    2858 ave 2858 max 2858 min
Histogram: 1 0 0 0 0 0 0 0 0 0

Total # of neighbors = 2858
Ave neighs/atom = 2.14726
Neighbor list builds = 2500
Dangerous builds not checked

write_restart NVT/sim1/T_1.10__v_24.39/end1.restart
Total wall time: 0:00:04
