run 50000
Neighbor list info ...
  update every 20 steps, delay 0 steps, check no
  max neighbors/atom: 2000, page size: 100000
  master list distance cutoff = 2.8
  ghost atom cutoff = 2.8
  binsize = 1.4, bins = 14 14 14
  1 neighbor lists, perpetual/occasional/extra = 1 0 0
  (1) pair lj/cut, perpetual
      attributes: half, newton on
      pair build: half/bin/atomonly/newton
      stencil: half/bin/3d/newton
      bin: standard
Per MPI rank memory allocation (min/avg/max) = 2.746 | 2.746 | 2.746 Mbytes
Step Temp Press TotEng 
       0            1 -0.012826098     1.076539 
    1000    1.1694586   0.10055891   0.49075031 
    2000    1.0037679  0.072293904   0.07096702 
    3000    1.0341652  0.053820388  0.010626081 
    4000   0.99381305  0.080184787 -0.044627852 
    5000    1.0135542  0.079978304 -0.065980904 
    6000   0.99336229   0.08432729 -0.061293488 
    7000    1.0176854    0.1057226 -0.021969247 
    8000   0.99572835  0.072889863  -0.11981692 
    9000    1.0116439  0.093972971 -0.058249364 
   10000    1.0257601  0.072861424 -0.020810988 
   11000   0.98436921  0.052811039  -0.13376993 
   12000   0.99329939  0.081566888 -0.063177081 
   13000    1.0254641  0.093475686 -0.066625751 
   14000   0.98202522  0.057618404  -0.14878529 
   15000    1.0527019   0.10571157 -0.045507137 
   16000    1.0020266  0.074803873  -0.11435543 
   17000   0.97587122  0.060745288  -0.15359159 
   18000    1.0276612  0.047302049 -0.085544164 
   19000    1.0172394  0.069389629  -0.10818925 
   20000    0.9758345  0.059009429  -0.11989066 
   21000    1.0107362  0.090235627 -0.087351086 
   22000    1.0003489  0.061946974  -0.18175184 
   23000    0.9839771  0.079692775  -0.21436995 
   24000    1.0479951  0.037263207  -0.15002446 
   25000    0.9984212  0.028172003  -0.22178669 
   26000    1.0069109  0.052067477  -0.19735798 
   27000    1.0004174  0.074776359  -0.24020026 
   28000    1.0010595  0.070958823  -0.12337073 
   29000     0.986968   0.03557024  -0.16941718 
   30000   0.98732674  0.057844674  -0.13094245 
   31000    1.0195423  0.089055905 -0.097205505 
   32000    1.0037006  0.067356414  -0.17141456 
   33000   0.99261572  0.056139509  -0.18924344 
   34000    1.0091876  0.064478661  -0.15302866 
   35000    1.0245661  0.061775067 -0.096395718 
   36000    1.0035702  0.040578738  -0.13456719 
   37000    1.0076905  0.069381977   -0.1662469 
   38000   0.99469282  0.066983735  -0.17359288 
   39000      1.03427   0.08683035 -0.068481827 
   40000   0.98399103  0.058808457   -0.1702122 
   41000   0.99212043  0.081994476  -0.18572435 
   42000    1.0056783  0.079449074  -0.12795587 
   43000   0.98470504  0.031854177  -0.12427671 
   44000   0.98339191  0.094571981  -0.19286151 
   45000    1.0345105   0.10853832 -0.099771988 
   46000   0.99488544  0.063082915  -0.16557863 
   47000   0.98613542  0.069295282  -0.18689338 
   48000    1.0163787  0.078976077  -0.19917109 
   49000    1.0131095  0.088293097  -0.18503471 
   50000   0.97099296   0.07110503  -0.25970383 
Loop time of 13.367 on 1 procs for 50000 steps with 1331 atoms

Performance: 1292732.163 tau/day, 3740.544 timesteps/s
99.9% CPU use with 1 MPI tasks x no OpenMP threads

MPI task timing breakdown:
Section |  min time  |  avg time  |  max time  |%varavg| %total
---------------------------------------------------------------
Pair    | 9.4116     | 9.4116     | 9.4116     |   0.0 | 70.41
Neigh   | 2.6013     | 2.6013     | 2.6013     |   0.0 | 19.46
Comm    | 0.39656    | 0.39656    | 0.39656    |   0.0 |  2.97
Output  | 0.022534   | 0.022534   | 0.022534   |   0.0 |  0.17
Modify  | 0.83972    | 0.83972    | 0.83972    |   0.0 |  6.28
Other   |            | 0.09527    |            |       |  0.71

Nlocal:    1331 ave 1331 max 1331 min
Histogram: 1 0 0 0 0 0 0 0 0 0
Nghost:    1439 ave 1439 max 1439 min
Histogram: 1 0 0 0 0 0 0 0 0 0
Neighs:    16126 ave 16126 max 16126 min
Histogram: 1 0 0 0 0 0 0 0 0 0

Total # of neighbors = 16126
Ave neighs/atom = 12.1157
Neighbor list builds = 2500
Dangerous builds not checked

write_restart NVT/sim1/T_1.00__v_4.91/end1.restart
Total wall time: 0:00:13
