run 50000
Neighbor list info ...
  update every 20 steps, delay 0 steps, check no
  max neighbors/atom: 2000, page size: 100000
  master list distance cutoff = 2.8
  ghost atom cutoff = 2.8
  binsize = 1.4, bins = 16 16 16
  1 neighbor lists, perpetual/occasional/extra = 1 0 0
  (1) pair lj/cut, perpetual
      attributes: half, newton on
      pair build: half/bin/atomonly/newton
      stencil: half/bin/3d/newton
      bin: standard
Per MPI rank memory allocation (min/avg/max) = 2.7 | 2.7 | 2.7 Mbytes
Step Temp Press Volume Density PotEng KinEng TotEng 
       0          0.7  0.042024104        10648        0.125  -0.13561964    1.0492111   0.91359148 
    1000    1.1879527   0.18898796    5995.0625   0.22201604    -1.343698    1.7805903   0.43689232 
    2000    1.0095343  0.058610248    4046.1391   0.32895557   -2.1234188    1.5131637  -0.61025513 
    3000   0.91373634 -0.027422745    2889.6496   0.46060947   -2.9599695    1.3695748   -1.5903948 
    4000   0.88300326  -0.13320473    2159.8205   0.61625492   -3.8189633    1.3235098   -2.4954535 
    5000   0.84676577   0.36459102     1771.687   0.75126137   -4.5414161    1.2691944   -3.2722217 
    6000   0.74063985   0.66775849    1632.2737   0.81542698   -4.9993759    1.1101251   -3.8892508 
    7000   0.68508153   0.70444676    1569.0709   0.84827271   -5.2661646    1.0268502   -4.2393144 
    8000   0.67549259   0.82987639    1549.5243   0.85897331   -5.3229403    1.0124776   -4.3104627 
    9000   0.70850535    0.7854963    1570.5569    0.8474701   -5.2436287    1.0619596   -4.1816692 
   10000   0.71899807   0.81235479    1587.3313    0.8385143   -5.1552834    1.0776868   -4.0775966 
   11000   0.70082805   0.72745477    1579.0231   0.84292624    -5.228894    1.0504523   -4.1784417 
   12000    0.6847439   0.74061788    1568.9783   0.84832278   -5.2557064    1.0263442   -4.2293622 
   13000   0.69074799   0.85165348    1581.5112    0.8416001   -5.1844446    1.0353435   -4.1491011 
   14000   0.71782053   0.85741526    1576.0238   0.84453039   -5.2046509    1.0759218    -4.128729 
   15000   0.67906675   0.80592482    1567.1516   0.84931159   -5.2455444    1.0178348   -4.2277096 
   16000   0.68264387   0.81075221    1568.5023   0.84858022   -5.2439324    1.0231965   -4.2207359 
   17000    0.7045955    0.6731955    1585.2592   0.83961034   -5.1991881    1.0560992   -4.1430889 
   18000   0.70435712    1.0056691     1564.652   0.85066841   -5.2188343    1.0557419   -4.1630924 
   19000   0.69224268     0.604379    1572.1214   0.84662674   -5.2678183    1.0375839   -4.2302345 
   20000   0.70517473   0.74874797    1573.6726   0.84579221   -5.2297143    1.0569674   -4.1727469 
   21000   0.70520467   0.91681431    1573.8371   0.84570381   -5.2121377    1.0570123   -4.1551255 
   22000   0.70122891   0.87693511    1564.3411   0.85083747   -5.2598644    1.0510531   -4.2088113 
   23000    0.6882535   0.71393402    1569.4385   0.84807399   -5.2586586    1.0316046    -4.227054 
   24000   0.70759074   0.83244088    1575.9994   0.84454346   -5.2159378    1.0605887   -4.1553492 
   25000   0.70833702   0.84403123    1579.6085   0.84261385   -5.1905809    1.0617073   -4.1288736 
   26000   0.72582606   0.62584654    1569.6596   0.84795456   -5.2728165    1.0879211   -4.1848954 
   27000    0.6894836   0.79596747    1565.7447   0.85007475   -5.2538182    1.0334484   -4.2203698 
   28000   0.70370221   0.78331267    1579.4208   0.84271398   -5.2013208    1.0547603   -4.1465606 
   29000   0.71063252    0.9135076    1575.3456   0.84489395   -5.1929565    1.0651479   -4.1278086 
   30000   0.69596646   0.65156907    1570.9777   0.84724306   -5.2593214    1.0431654    -4.216156 
   31000   0.69483874   0.81148167    1563.3794   0.85136085   -5.2656693     1.041475   -4.2241942 
   32000   0.70414048   0.83407968    1578.7942   0.84304842   -5.2001643    1.0554172   -4.1447471 
   33000   0.73354807   0.69701195    1581.5082   0.84160173   -5.2126847    1.0994954   -4.1131893 
   34000   0.67929482   0.88980622    1569.1339   0.84823863   -5.2224894    1.0181767   -4.2043127 
   35000   0.71632307   0.94446509    1555.5987   0.85561912    -5.288639    1.0736773   -4.2149617 
   36000   0.71452411   0.62715894    1580.2321   0.84228136   -5.2247352    1.0709809   -4.1537543 
   37000     0.715021   0.57221492    1587.6604   0.83834047   -5.1954943    1.0717257   -4.1237686 
   38000   0.70937088   0.78831578    1569.9972   0.84777219    -5.242393    1.0632569   -4.1791361 
   39000   0.69237617   0.74358181    1574.0656     0.845581   -5.2309914     1.037784   -4.1932074 
   40000   0.70228672   0.87841123    1574.2894   0.84546081   -5.2043568    1.0526386   -4.1517182 
   41000   0.70707685   0.64181061    1593.1932   0.83542913   -5.1671958    1.0598184   -4.1073774 
   42000   0.72201317   0.84899182    1575.9631    0.8445629   -5.2119292    1.0822061   -4.1297232 
   43000   0.68228891   0.84033823    1568.5308   0.84856481   -5.2302364    1.0226644    -4.207572 
   44000   0.68371882   0.88063315    1563.4588    0.8513176   -5.2508113    1.0248077   -4.2260036 
   45000   0.71037048   0.58255348    1584.0837   0.84023337   -5.2155898    1.0647552   -4.1508347 
   46000   0.71727704   0.81270538    1572.8749   0.84622114   -5.2329509    1.0751072   -4.1578437 
   47000   0.71260662   0.60001046      1569.74   0.84791112   -5.2878496    1.0681068   -4.2197428 
   48000   0.70351947   0.81511343     1568.515   0.84857333   -5.2488237    1.0544864   -4.1943374 
   49000   0.72560863   0.65525623    1586.0514   0.83919095   -5.2031179    1.0875952   -4.1155227 
   50000   0.70386962   0.83297217    1570.3015    0.8476079   -5.2239581    1.0550112   -4.1689469 
Loop time of 37.6921 on 1 procs for 50000 steps with 1331 atoms

Performance: 458451.059 tau/day, 1326.537 timesteps/s
99.9% CPU use with 1 MPI tasks x no OpenMP threads

MPI task timing breakdown:
Section |  min time  |  avg time  |  max time  |%varavg| %total
---------------------------------------------------------------
Pair    | 30.255     | 30.255     | 30.255     |   0.0 | 80.27
Neigh   | 4.4908     | 4.4908     | 4.4908     |   0.0 | 11.91
Comm    | 0.70274    | 0.70274    | 0.70274    |   0.0 |  1.86
Output  | 0.024342   | 0.024342   | 0.024342   |   0.0 |  0.06
Modify  | 2.0257     | 2.0257     | 2.0257     |   0.0 |  5.37
Other   |            | 0.1935     |            |       |  0.51

Nlocal:    1331 ave 1331 max 1331 min
Histogram: 1 0 0 0 0 0 0 0 0 0
Nghost:    2969 ave 2969 max 2969 min
Histogram: 1 0 0 0 0 0 0 0 0 0
Neighs:    49943 ave 49943 max 49943 min
Histogram: 1 0 0 0 0 0 0 0 0 0

Total # of neighbors = 49943
Ave neighs/atom = 37.5229
Neighbor list builds = 2500
Dangerous builds not checked

write_restart lattice_11_11_11__2_2_2/sim1/T_0.70__P_0.80/end1.restart
Total wall time: 0:00:37
