run 50000
Neighbor list info ...
  update every 20 steps, delay 0 steps, check no
  max neighbors/atom: 2000, page size: 100000
  master list distance cutoff = 2.8
  ghost atom cutoff = 2.8
  binsize = 1.4, bins = 16 16 16
  1 neighbor lists, perpetual/occasional/extra = 1 0 0
  (1) pair lj/cut, perpetual
      attributes: half, newton on
      pair build: half/bin/atomonly/newton
      stencil: half/bin/3d/newton
      bin: standard
Per MPI rank memory allocation (min/avg/max) = 2.7 | 2.7 | 2.7 Mbytes
Step Temp Press Volume Density PotEng KinEng TotEng 
       0          0.8  0.054514712        10648        0.125  -0.13561964    1.1990984    1.0634788 
    1000    1.2073864   0.15983126    6926.9204   0.19214888   -1.1736662     1.809719   0.63605276 
    2000    1.0408619   0.06724498    5039.0206   0.26413863   -1.7688559    1.5601198  -0.20873611 
    3000   0.95551521 -0.0096118951    3802.8549    0.3500002   -2.4033306     1.432196   -0.9711346 
    4000   0.91646015 0.0075016923     2970.111    0.4481314   -3.0242465    1.3736574   -1.6505891 
    5000   0.84396737 -0.091732152    2362.4402    0.5634005   -3.5298078    1.2649999   -2.2648079 
    6000   0.86561044   0.11986894    1955.8233   0.68053181   -4.1139549    1.2974401   -2.8165147 
    7000   0.81988145   0.48930049    1770.3812   0.75181549   -4.5379814    1.2288982   -3.3090832 
    8000   0.78305159   0.55192628    1689.0018   0.78803943   -4.8065053    1.1736949   -3.6328104 
    9000   0.77616805   0.54351109    1671.7519   0.79617077   -4.8784797    1.1633774   -3.7151024 
   10000    0.7950547   0.60845737    1686.5253   0.78919657   -4.7828707     1.191686   -3.5911847 
   11000   0.82060933     0.425984    1715.1986   0.77600343   -4.7476968    1.2299892   -3.5177076 
   12000   0.80033527   0.48845632    1702.1981   0.78193016   -4.7603866    1.1996009   -3.5607856 
   13000   0.75719697   0.67115423    1679.6163   0.79244289   -4.8011089    1.1349421   -3.6661668 
   14000   0.79090521   0.56293674    1682.6035   0.79103604   -4.8279016    1.1854665   -3.6424351 
   15000   0.81125334   0.42420134    1708.8372   0.77889222   -4.7512919    1.2159658   -3.5353261 
   16000   0.80624213   0.53455556    1708.1592    0.7792014   -4.7421125    1.2084546   -3.5336579 
   17000     0.795897   0.67667127    1676.8323   0.79375858   -4.8072943    1.1929485   -3.6143458 
   18000   0.79138424   0.54527128    1686.3184   0.78929339   -4.8089012    1.1861845   -3.6227167 
   19000   0.81691446   0.55904847    1696.3792    0.7846123   -4.7759558     1.224451   -3.5515047 
   20000   0.79222984   0.62795292    1708.4302   0.77907779   -4.7302883    1.1874519   -3.5428363 
   21000   0.78421614   0.19130008    1715.0993   0.77604837   -4.7790843    1.1754404   -3.6036439 
   22000   0.78386402   0.58225476    1688.1143   0.78845372   -4.8072484    1.1749126   -3.6323358 
   23000   0.81138884    0.5364431    1689.3484   0.78787773   -4.8065469    1.2161688    -3.590378 
   24000   0.79790437   0.33342212    1707.1809   0.77964791   -4.7866564    1.1959573   -3.5906991 
   25000   0.80304867   0.62373287     1697.865   0.78392567   -4.7523677     1.203668   -3.5486997 
   26000   0.83720574   0.38831119    1697.9536   0.78388477   -4.8031616    1.2548651   -3.5482965 
   27000   0.78888609   0.41933529    1696.2165   0.78468758   -4.8004003    1.1824401   -3.6179602 
   28000   0.77109741   0.54245405    1702.9507   0.78158458   -4.7487379    1.1557771   -3.5929608 
   29000   0.79630638   0.36906483    1705.0691   0.78061354   -4.7720372    1.1935622    -3.578475 
   30000   0.81114414   0.63176083    1679.8738   0.79232143   -4.8329504    1.2158021   -3.6171483 
   31000   0.79508356   0.48687729    1701.3923   0.78230049   -4.7587843    1.1917293    -3.567055 
   32000   0.76629302   0.52281889     1718.117    0.7746853   -4.7052595    1.1485759   -3.5566836 
   33000   0.79014677   0.45199066    1702.3687   0.78185176   -4.7720168    1.1843297   -3.5876871 
   34000    0.8074277   0.67884001    1679.9783   0.79227215   -4.8228126    1.2102316    -3.612581 
   35000    0.8183704   0.55024867    1707.8018   0.77936445   -4.7437341    1.2266333   -3.5171008 
   36000   0.80381727   0.56846178    1704.6615   0.78080016    -4.742471      1.20482   -3.5376509 
   37000   0.82675799   0.33584327     1690.233   0.78746538   -4.8500646    1.2392052   -3.6108594 
   38000   0.80559696   0.40625257    1683.7002   0.79052078   -4.8442896    1.2074876    -3.636802 
   39000   0.82720646   0.49384652    1693.1795   0.78609501   -4.7969156    1.2398775   -3.5570381 
   40000   0.80056961   0.38094059    1707.5114     0.779497   -4.7717627    1.1999522   -3.5718105 
   41000   0.77072652   0.53052154     1690.778   0.78721156   -4.8148732    1.1552212    -3.659652 
   42000   0.79599777   0.42211001    1695.2713   0.78512508    -4.811446    1.1930996   -3.6183464 
   43000   0.80955419   0.70952758    1682.3535   0.79115359   -4.7905744    1.2134189   -3.5771554 
   44000   0.81537293   0.71160757    1685.1916   0.78982119   -4.7893781    1.2221405   -3.5672376 
   45000   0.76985221   0.35602511    1695.7383   0.78490883   -4.8206046    1.1539107   -3.6666939 
   46000    0.7653443   0.63061576    1690.9241   0.78714357   -4.7717875    1.1471539   -3.6246336 
   47000   0.81392939   0.40114939    1697.0669   0.78429436   -4.7917383    1.2199768   -3.5717615 
   48000   0.78703442   0.63853273    1699.2593   0.78328244   -4.7486596    1.1796647   -3.5689949 
   49000   0.81647402   0.33210181    1718.0839   0.77470024   -4.7401584    1.2237909   -3.5163675 
   50000   0.82845523   0.55646215    1689.4516    0.7878296    -4.808109    1.2417492   -3.5663598 
Loop time of 35.097 on 1 procs for 50000 steps with 1331 atoms

Performance: 492349.258 tau/day, 1424.622 timesteps/s
99.9% CPU use with 1 MPI tasks x no OpenMP threads

MPI task timing breakdown:
Section |  min time  |  avg time  |  max time  |%varavg| %total
---------------------------------------------------------------
Pair    | 27.84      | 27.84      | 27.84      |   0.0 | 79.32
Neigh   | 4.3958     | 4.3958     | 4.3958     |   0.0 | 12.52
Comm    | 0.6952     | 0.6952     | 0.6952     |   0.0 |  1.98
Output  | 0.023025   | 0.023025   | 0.023025   |   0.0 |  0.07
Modify  | 2.0021     | 2.0021     | 2.0021     |   0.0 |  5.70
Other   |            | 0.1409     |            |       |  0.40

Nlocal:    1331 ave 1331 max 1331 min
Histogram: 1 0 0 0 0 0 0 0 0 0
Nghost:    2871 ave 2871 max 2871 min
Histogram: 1 0 0 0 0 0 0 0 0 0
Neighs:    46781 ave 46781 max 46781 min
Histogram: 1 0 0 0 0 0 0 0 0 0

Total # of neighbors = 46781
Ave neighs/atom = 35.1473
Neighbor list builds = 2500
Dangerous builds not checked

write_restart lattice_11_11_11__2_2_2/sim1/T_0.80__P_0.50/end1.restart
Total wall time: 0:00:35
