run 50000
Neighbor list info ...
  update every 20 steps, delay 0 steps, check no
  max neighbors/atom: 2000, page size: 100000
  master list distance cutoff = 2.8
  ghost atom cutoff = 2.8
  binsize = 1.4, bins = 16 16 16
  1 neighbor lists, perpetual/occasional/extra = 1 0 0
  (1) pair lj/cut, perpetual
      attributes: half, newton on
      pair build: half/bin/atomonly/newton
      stencil: half/bin/3d/newton
      bin: standard
Per MPI rank memory allocation (min/avg/max) = 2.7 | 2.7 | 2.7 Mbytes
Step Temp Press Volume Density PotEng KinEng TotEng 
       0          1.1  0.091986538        10648        0.125  -0.13561964    1.6487603    1.5131407 
    1000      1.78489   0.37883978    5400.9142   0.24643976   -1.3437677    2.6753235    1.3315558 
    2000    1.5381656   0.37207169    3558.7838   0.37400417   -2.0975872    2.3055149   0.20792768 
    3000    1.3846161    0.5497908    2585.2699   0.51483987   -2.9061131    2.0753637  -0.83074946 
    4000    1.3051592    1.0333069    2055.1235   0.64764965   -3.6681462     1.956268   -1.7118782 
    5000    1.1999646    1.5982532    1804.3587   0.73765821   -4.2363576    1.7985945   -2.4377631 
    6000    1.0686294       1.7878    1700.8546   0.78254781   -4.5141024    1.6017397   -2.9123626 
    7000    1.0240408    2.0251328    1673.5102   0.79533427   -4.5714778    1.5349071   -3.0365707 
    8000    1.1178263     1.958248    1701.4867   0.78225709   -4.5043777    1.6754797    -2.828898 
    9000    1.1179852    1.9247872    1713.7941    0.7766394   -4.4559131    1.6757178   -2.7801953 
   10000    1.0914525    1.8955776    1686.4922   0.78921208   -4.5659205    1.6359487   -2.9299718 
   11000    1.0718375    1.9644967    1677.8547   0.79327489   -4.5958267    1.6065483   -2.9892784 
   12000    1.0781059    2.1164027    1697.7335   0.78398642   -4.4848198    1.6159438    -2.868876 
   13000     1.144147    1.7353825    1706.5328     0.779944   -4.5215485    1.7149311   -2.8066174 
   14000    1.1068078    1.8980949    1688.6805   0.78818934   -4.5614216    1.6589644   -2.9024572 
   15000    1.0900316    1.7102725    1699.8806   0.78299616   -4.5471976    1.6338189   -2.9133787 
   16000    1.1221339    1.7969478    1700.6866   0.78262511   -4.5300243    1.6819362    -2.848088 
   17000    1.1347787    2.0205405    1685.0573   0.78988412   -4.5489308    1.7008892   -2.8480417 
   18000    1.0889954    2.0662388    1684.5723   0.79011154   -4.5308463    1.6322658   -2.8985805 
   19000    1.1121262    1.8371764    1692.5548   0.78638518   -4.5614203     1.666936   -2.8944843 
   20000    1.1029517     1.613314    1705.1366   0.78058264   -4.5527795    1.6531845   -2.8995949 
   21000    1.0851971     2.023892    1700.8787   0.78253672   -4.4936614    1.6265727   -2.8670887 
   22000    1.1227842    1.9854295     1684.958   0.78993065   -4.5620784    1.6829109   -2.8791675 
   23000    1.1079471    1.7812296    1696.8026   0.78441652   -4.5678362     1.660672   -2.9071642 
   24000     1.092229    1.7655367    1708.6881   0.77896021   -4.5073319    1.6371126   -2.8702193 
   25000    1.0897694    1.9370017     1703.067   0.78153119   -4.4837506    1.6334259   -2.8503247 
   26000    1.1537772    1.8983312    1685.3264     0.789758   -4.5804492    1.7293655   -2.8510837 
   27000    1.1071281    1.6973443    1693.4903   0.78595076   -4.5881366    1.6594445   -2.9286921 
   28000    1.0654049    1.7444227    1710.2824   0.77823407   -4.5007726    1.5969066    -2.903866 
   29000     1.074347    2.1750104    1705.3551   0.78048262   -4.4353563    1.6103097   -2.8250466 
   30000    1.0933582    2.2053298    1683.3148   0.79070176    -4.509975    1.6388051   -2.8711699 
   31000    1.0941882    2.0084858    1677.4395   0.79347123   -4.5885935    1.6400491   -2.9485443 
   32000    1.0464946    1.7915074    1716.9672   0.77520409   -4.4677019    1.5685625   -2.8991393 
   33000    1.0965397    1.7595231    1714.4195   0.77635607   -4.4830409    1.6435738   -2.8394671 
   34000    1.0884987    2.0598851    1687.2805   0.78884336   -4.5301393    1.6315213    -2.898618 
   35000    1.1122991    1.9843921    1684.9967   0.78991252   -4.5672257    1.6671952   -2.9000305 
   36000    1.1316994     2.009039    1705.2158   0.78054637   -4.4766074    1.6962736   -2.7803337 
   37000    1.0968535    1.9372966     1693.567   0.78591519   -4.5228156    1.6440441   -2.8787715 
   38000    1.0932526    1.7653697    1693.5736   0.78591211   -4.5590392    1.6386468   -2.9203924 
   39000    1.0965962    1.7086905    1723.2027   0.77239897   -4.4611449    1.6436585   -2.8174864 
   40000    1.0988173    1.8961288    1706.6317   0.77989879   -4.4863929    1.6469876   -2.8394053 
   41000    1.1157107    2.0597598    1681.4782   0.79156541   -4.5484796    1.6723087   -2.8761709 
   42000    1.0960905    2.1952817    1687.0492   0.78895148   -4.4961539    1.6429004   -2.8532535 
   43000    1.0888563    1.6473379      1729.59   0.76954653   -4.4415694    1.6320573   -2.8095121 
   44000    1.1076651    1.7577028    1705.4851   0.78042313   -4.5490101    1.6602493   -2.8887608 
   45000    1.0864223    2.0411407    1686.1213   0.78938566   -4.5416277    1.6284091   -2.9132186 
   46000     1.125165      1.97818    1688.7865   0.78813987   -4.5242021    1.6864795   -2.8377226 
   47000    1.1622845    1.8608647    1700.4063   0.78275408    -4.526996    1.7421169    -2.784879 
   48000    1.0773087    1.9217291    1688.3982   0.78832112    -4.542695     1.614749    -2.927946 
   49000    1.0861623    1.7945354    1702.0178   0.78201297    -4.524165    1.6280193   -2.8961457 
   50000    1.1035295    1.6788921    1713.1716   0.77692161   -4.5135665    1.6540506   -2.8595159 
Loop time of 41.17 on 1 procs for 50000 steps with 1331 atoms

Performance: 419723.568 tau/day, 1214.478 timesteps/s
99.9% CPU use with 1 MPI tasks x no OpenMP threads

MPI task timing breakdown:
Section |  min time  |  avg time  |  max time  |%varavg| %total
---------------------------------------------------------------
Pair    | 32.727     | 32.727     | 32.727     |   0.0 | 79.49
Neigh   | 5.0437     | 5.0437     | 5.0437     |   0.0 | 12.25
Comm    | 0.82179    | 0.82179    | 0.82179    |   0.0 |  2.00
Output  | 0.027703   | 0.027703   | 0.027703   |   0.0 |  0.07
Modify  | 2.3447     | 2.3447     | 2.3447     |   0.0 |  5.70
Other   |            | 0.2054     |            |       |  0.50

Nlocal:    1331 ave 1331 max 1331 min
Histogram: 1 0 0 0 0 0 0 0 0 0
Nghost:    2867 ave 2867 max 2867 min
Histogram: 1 0 0 0 0 0 0 0 0 0
Neighs:    46515 ave 46515 max 46515 min
Histogram: 1 0 0 0 0 0 0 0 0 0

Total # of neighbors = 46515
Ave neighs/atom = 34.9474
Neighbor list builds = 2500
Dangerous builds not checked

write_restart lattice_11_11_11__2_2_2/sim1/T_1.10__P_1.90/end1.restart
Total wall time: 0:00:41
