run 50000
Neighbor list info ...
  update every 20 steps, delay 0 steps, check no
  max neighbors/atom: 2000, page size: 100000
  master list distance cutoff = 2.8
  ghost atom cutoff = 2.8
  binsize = 1.4, bins = 16 16 16
  1 neighbor lists, perpetual/occasional/extra = 1 0 0
  (1) pair lj/cut, perpetual
      attributes: half, newton on
      pair build: half/bin/atomonly/newton
      stencil: half/bin/3d/newton
      bin: standard
Per MPI rank memory allocation (min/avg/max) = 2.7 | 2.7 | 2.7 Mbytes
Step Temp Press Volume Density PotEng KinEng TotEng 
       0          0.3 -0.0079383306        10648        0.125  -0.13561964   0.44966191   0.31404227 
    1000   0.84250218  0.018034334     4828.786   0.27563864   -1.8597228    1.2628038  -0.59691899 
    2000   0.71693733  -0.11202946    2841.8249   0.46836101   -3.3396241     1.074598   -2.2650261 
    3000   0.63939176  -0.13493346    1867.6999   0.71264124   -4.7480832   0.95836706   -3.7897162 
    4000   0.50283944   0.62317139    1496.2017   0.88958596   -5.6434118   0.75369247   -4.8897193 
    5000   0.36628931   0.71204589    1407.2264   0.94583216    -6.105326   0.54902117   -5.5563048 
    6000   0.29098735   0.69612041    1374.6909   0.96821768   -6.3181572   0.43615309   -5.8820041 
    7000   0.28074818   0.71516856    1367.8731    0.9730435   -6.3637176   0.42080588   -5.9429117 
    8000   0.31760687   0.75293938    1374.7033   0.96820896   -6.3164505   0.47605238   -5.8403982 
    9000    0.3097255   0.74877628    1370.8537   0.97092783   -6.3387302    0.4642392    -5.874491 
   10000   0.27920318    0.8056361    1362.7078   0.97673178   -6.3812268   0.41849012   -5.9627367 
   11000   0.30977676   0.66072907    1366.6649   0.97390368     -6.38291   0.46431604    -5.918594 
   12000   0.30598209    0.7626221    1368.9134   0.97230404   -6.3413463   0.45862831    -5.882718 
   13000   0.29550216   0.70158596    1363.8066   0.97594483   -6.3925626   0.44292021   -5.9496424 
   14000   0.29008785    0.8295687    1362.4469   0.97691879   -6.3810165   0.43480485   -5.9462117 
   15000   0.30886447   0.77982193    1366.7168    0.9738667   -6.3574591   0.46294863   -5.8945105 
   16000   0.30138737    0.6556133    1366.5179   0.97400843   -6.3817945    0.4517414   -5.9300531 
   17000   0.28743792   0.61255558    1366.1792    0.9742499   -6.3896608   0.43083295   -5.9588279 
   18000   0.29592842   0.63676529    1369.4281   0.97193858    -6.370551   0.44355913   -5.9269919 
   19000   0.29956395   0.70995377    1364.7975   0.97523629   -6.3862956   0.44900833   -5.9372872 
   20000     0.296455   0.69480239    1360.8458    0.9780682   -6.4151287    0.4443484   -5.9707803 
   21000   0.29570265   0.72444884    1363.1436   0.97641954   -6.3913147   0.44322073   -5.9480939 
   22000   0.31406204   0.67230457    1362.9083   0.97658812    -6.403812   0.47073912   -5.9330729 
   23000   0.29293126   0.69557967    1360.7945    0.9781051   -6.4145704   0.43906677   -5.9755036 
   24000   0.29371608   0.61276364    1362.7349   0.97671237   -6.4157688   0.44024311   -5.9755257 
   25000   0.30463752   0.61368102    1365.5194    0.9747207   -6.3971044   0.45661297   -5.9404914 
   26000   0.30383048   0.67622842    1361.5968   0.97752871   -6.4145897    0.4554033   -5.9591864 
   27000   0.29328548   0.75186536    1357.8784   0.98020557   -6.4220576   0.43959769   -5.9824599 
   28000   0.31134342   0.73117085    1360.3164   0.97844882   -6.4132829   0.46666426   -5.9466187 
   29000   0.30556742   0.80601286    1360.5212   0.97830152   -6.3973029   0.45800676   -5.9392962 
   30000   0.29234657   0.85191418    1356.4636   0.98122798    -6.417856   0.43819039   -5.9796656 
   31000   0.30224808   0.79422903    1357.5333   0.98045479   -6.4200525    0.4530315    -5.967021 
   32000   0.31068574   0.74476628    1361.8714   0.97733162   -6.3996432   0.46567847   -5.9339647 
   33000   0.29293485   0.70657378     1360.474   0.97833546   -6.4112803   0.43907215   -5.9722082 
   34000   0.29537565   0.63300537    1359.8806   0.97876241   -6.4316046   0.44273059    -5.988874 
   35000   0.31554679   0.57479346     1363.612    0.9760841   -6.4215578   0.47296457   -5.9485932 
   36000    0.3027202   0.60671593    1362.6637   0.97676341    -6.418426   0.45373914   -5.9646868 
   37000   0.29237867   0.61367998    1359.8672   0.97877205   -6.4363472    0.4382385   -5.9981087 
   38000   0.30493542   0.59542872    1361.6544   0.97748739   -6.4238128   0.45705947   -5.9667533 
   39000   0.30724058   0.75136536    1358.5125   0.97974805   -6.4209129   0.46051461   -5.9603983 
   40000   0.28878009   0.81915172    1354.9245   0.98234256   -6.4293857   0.43284469    -5.996541 
   41000   0.30990018   0.77394476    1353.9807    0.9830273   -6.4475671   0.46450102   -5.9830661 
   42000   0.30506901   0.84906786    1356.6926   0.98106236   -6.4185073   0.45725972   -5.9612476 
   43000   0.30729054   0.74123792     1354.287     0.982805   -6.4524637    0.4605895   -5.9918742 
   44000   0.29504345   0.80620671     1352.578   0.98404674   -6.4508735   0.44223267   -6.0086408 
   45000   0.30510593   0.81092267    1353.6887   0.98323932     -6.44366   0.45731505   -5.9863449 
   46000   0.30307851   0.71309922    1355.9168   0.98162368   -6.4484622    0.4542762    -5.994186 
   47000   0.29288227   0.65668028    1355.8324   0.98168477   -6.4542882   0.43899333   -6.0152949 
   48000   0.30144175    0.4908329    1360.8689   0.97805159   -6.4503346    0.4518229   -5.9985117 
   49000   0.29285078   0.58896852    1361.9125   0.97730217    -6.427926   0.43894613   -5.9889799 
   50000   0.29614552   0.62842282    1354.4112   0.98271488   -6.4736064   0.44388453   -6.0297219 
Loop time of 42.9426 on 1 procs for 50000 steps with 1331 atoms

Performance: 402397.276 tau/day, 1164.344 timesteps/s
99.9% CPU use with 1 MPI tasks x no OpenMP threads

MPI task timing breakdown:
Section |  min time  |  avg time  |  max time  |%varavg| %total
---------------------------------------------------------------
Pair    | 34.795     | 34.795     | 34.795     |   0.0 | 81.03
Neigh   | 5.0966     | 5.0966     | 5.0966     |   0.0 | 11.87
Comm    | 0.74443    | 0.74443    | 0.74443    |   0.0 |  1.73
Output  | 0.025505   | 0.025505   | 0.025505   |   0.0 |  0.06
Modify  | 2.0539     | 2.0539     | 2.0539     |   0.0 |  4.78
Other   |            | 0.2268     |            |       |  0.53

Nlocal:    1331 ave 1331 max 1331 min
Histogram: 1 0 0 0 0 0 0 0 0 0
Nghost:    3260 ave 3260 max 3260 min
Histogram: 1 0 0 0 0 0 0 0 0 0
Neighs:    57922 ave 57922 max 57922 min
Histogram: 1 0 0 0 0 0 0 0 0 0

Total # of neighbors = 57922
Ave neighs/atom = 43.5177
Neighbor list builds = 2500
Dangerous builds not checked

write_restart lattice_11_11_11__2_2_2/sim1/T_0.30__P_0.70/end1.restart
Total wall time: 0:00:42
