run 50000
Neighbor list info ...
  update every 20 steps, delay 0 steps, check no
  max neighbors/atom: 2000, page size: 100000
  master list distance cutoff = 2.8
  ghost atom cutoff = 2.8
  binsize = 1.4, bins = 16 16 16
  1 neighbor lists, perpetual/occasional/extra = 1 0 0
  (1) pair lj/cut, perpetual
      attributes: half, newton on
      pair build: half/bin/atomonly/newton
      stencil: half/bin/3d/newton
      bin: standard
Per MPI rank memory allocation (min/avg/max) = 2.7 | 2.7 | 2.7 Mbytes
Step Temp Press Volume Density PotEng KinEng TotEng 
       0          0.8  0.054514712        10648        0.125  -0.13561964    1.1990984    1.0634788 
    1000    1.3038951    0.1853863    6030.2756    0.2207196   -1.3051246    1.9543732   0.64924856 
    2000    1.1150599   0.13435982    4108.0801   0.32399563   -2.0245191    1.6713332  -0.35318591 
    3000   0.99708136   0.12355517    2978.5096   0.44686779    -2.785761    1.4944984   -1.2912626 
    4000   0.96027188 -0.0045468478    2261.5881    0.5885245   -3.5678873    1.4393256   -2.1285617 
    5000   0.94990163   0.50838145    1856.6316   0.71688966   -4.2988945    1.4237819   -2.8751126 
    6000   0.82777438   0.87625107    1695.7015   0.78492586   -4.7138583    1.2407287   -3.4731296 
    7000   0.80636634   0.71415152     1625.985   0.81858076   -5.0334424    1.2086408   -3.8248016 
    8000   0.78997583   0.86565071    1610.9885   0.82620082   -5.0687077    1.1840735   -3.8846343 
    9000   0.81462801   0.87127148    1637.8054   0.81267288   -4.9494438    1.2210239   -3.7284198 
   10000   0.80716742    1.0183608    1642.9373   0.81013439   -4.8844347    1.2098415   -3.6745933 
   11000   0.76461982    0.9599871    1629.8518   0.81663868   -4.9564492     1.146068   -3.8103812 
   12000   0.79330874   0.70316793    1628.4819   0.81732564   -4.9997101    1.1890691   -3.8106411 
   13000   0.82350728   0.77075935    1635.4139   0.81386126   -4.9636561    1.2343329   -3.7293233 
   14000   0.81325906     1.010115    1623.2592   0.81995531     -4.96921    1.2189721    -3.750238 
   15000   0.79282114   0.74631517    1634.2752   0.81442833   -4.9785452    1.1883382    -3.790207 
   16000    0.7911594    1.0663759    1626.5441   0.81829937   -4.9362544    1.1858475   -3.7504069 
   17000   0.81251183   0.89479296    1629.5567   0.81678654   -4.9584473    1.2178521   -3.7405952 
   18000   0.79928978   0.90018206    1635.0558   0.81403951   -4.9487781    1.1980339   -3.7507442 
   19000    0.7917595   0.67964124    1638.9209   0.81211974   -4.9610405     1.186747   -3.7742935 
   20000   0.81530183    1.0481155    1618.8883   0.82216915    -4.982578    1.2220339   -3.7605441 
   21000   0.78849504   0.81143126    1649.8703   0.80673008    -4.904929     1.181854    -3.723075 
   22000   0.83601065   0.88580072     1631.531   0.81579818   -4.9702939    1.2530738   -3.7172201 
   23000   0.79722922    0.9918554    1620.0709     0.821569   -4.9913203    1.1949454   -3.7963749 
   24000   0.79596805   0.92208216     1627.835   0.81765043   -4.9697801     1.193055    -3.776725 
   25000   0.81525312   0.72470693    1642.1507   0.81052244   -4.9534061    1.2219609   -3.7314452 
   26000   0.76564553   0.89244787    1643.4332   0.80988991   -4.9016113    1.1476054   -3.7540058 
   27000   0.80201331    1.1011174    1615.1852   0.82405411   -4.9844959    1.2021161   -3.7823797 
   28000   0.78878489    0.8298062    1638.6817   0.81223826   -4.9513182    1.1822884   -3.7690298 
   29000   0.79810438   0.74681079    1650.1658   0.80658563   -4.9023691    1.1962571   -3.7061119 
   30000   0.82047817   0.88675362    1628.5483   0.81729231   -4.9764491    1.2297926   -3.7466565 
   31000   0.80169891    0.8674146    1620.7487   0.82122541   -5.0196064    1.2016449   -3.8179615 
   32000   0.78698479    1.0634043    1628.1108   0.81751191   -4.9456352    1.1795903   -3.7660449 
   33000   0.77344887   0.83656968    1656.3013   0.80359774   -4.8651516    1.1593017     -3.70585 
   34000   0.80755922    1.0804349    1629.3652   0.81688253   -4.9350268    1.2104287   -3.7245981 
   35000   0.80109264   0.78382234    1628.3893   0.81737209   -4.9982059    1.2007362   -3.7974697 
   36000   0.77866079   0.81252167    1634.0964   0.81451741   -4.9607242    1.1671137   -3.7936105 
   37000   0.80445408   0.94533856    1639.1299   0.81201616   -4.9169927    1.2057745   -3.7112182 
   38000   0.79511906    1.0837771    1622.7872   0.82019379    -4.957805    1.1917825   -3.7660225 
   39000   0.75937133   0.78959444    1638.3825   0.81238659   -4.9597515    1.1382012   -3.8215503 
   40000   0.81870516    1.0617461    1625.5671   0.81879115   -4.9632187    1.2271351   -3.7360837 
   41000   0.81287282    1.0216373    1635.8687   0.81363497   -4.9184952    1.2183931    -3.700102 
   42000   0.79866136   0.79718686    1642.9935   0.81010669   -4.9363109     1.197092   -3.7392189 
   43000   0.77478239    1.1288031    1619.4357   0.82189123    -4.946441    1.1613004   -3.7851406 
   44000   0.78710753   0.74234083    1647.3775   0.80795081   -4.9141214    1.1797742   -3.7343472 
   45000   0.82101804   0.83973034    1646.1478   0.80855435   -4.9082467    1.2306018   -3.6776449 
   46000   0.80410454    1.0498636    1625.1604   0.81899608   -4.9643971    1.2052506   -3.7591465 
   47000   0.78910937    0.6889469    1635.2884   0.81392371    -4.984161    1.1827748   -3.8013862 
   48000   0.78318746    0.9476731    1616.2324   0.82352019   -5.0074444    1.1738986   -3.8335458 
   49000   0.80808416   0.85891234    1625.7718   0.81868811   -4.9862933    1.2112156   -3.7750777 
   50000   0.80386283   0.75225286    1642.8028   0.81020073   -4.9444681    1.2048883   -3.7395798 
Loop time of 37.0369 on 1 procs for 50000 steps with 1331 atoms

Performance: 466561.863 tau/day, 1350.005 timesteps/s
99.9% CPU use with 1 MPI tasks x no OpenMP threads

MPI task timing breakdown:
Section |  min time  |  avg time  |  max time  |%varavg| %total
---------------------------------------------------------------
Pair    | 29.647     | 29.647     | 29.647     |   0.0 | 80.05
Neigh   | 4.4719     | 4.4719     | 4.4719     |   0.0 | 12.07
Comm    | 0.70399    | 0.70399    | 0.70399    |   0.0 |  1.90
Output  | 0.023606   | 0.023606   | 0.023606   |   0.0 |  0.06
Modify  | 2.022      | 2.022      | 2.022      |   0.0 |  5.46
Other   |            | 0.1688     |            |       |  0.46

Nlocal:    1331 ave 1331 max 1331 min
Histogram: 1 0 0 0 0 0 0 0 0 0
Nghost:    2941 ave 2941 max 2941 min
Histogram: 1 0 0 0 0 0 0 0 0 0
Neighs:    48131 ave 48131 max 48131 min
Histogram: 1 0 0 0 0 0 0 0 0 0

Total # of neighbors = 48131
Ave neighs/atom = 36.1615
Neighbor list builds = 2500
Dangerous builds not checked

write_restart lattice_11_11_11__2_2_2/sim1/T_0.80__P_0.90/end1.restart
Total wall time: 0:00:37
