run 50000
Neighbor list info ...
  update every 20 steps, delay 0 steps, check no
  max neighbors/atom: 2000, page size: 100000
  master list distance cutoff = 2.8
  ghost atom cutoff = 2.8
  binsize = 1.4, bins = 16 16 16
  1 neighbor lists, perpetual/occasional/extra = 1 0 0
  (1) pair lj/cut, perpetual
      attributes: half, newton on
      pair build: half/bin/atomonly/newton
      stencil: half/bin/3d/newton
      bin: standard
Per MPI rank memory allocation (min/avg/max) = 2.7 | 2.7 | 2.7 Mbytes
Step Temp Press Volume Density PotEng KinEng TotEng 
       0          0.9  0.067005321        10648        0.125  -0.13561964    1.3489857    1.2133661 
    1000    1.1666397   0.12336994    8578.2973     0.155159  -0.95513376    1.7486448   0.79351105 
    2000    1.0136864   0.07735877    7034.2585   0.18921682    -1.290921    1.5193872   0.22846626 
    3000   0.96109717  0.035420292    5842.0291    0.2278318   -1.6807717    1.4405626  -0.24020912 
    4000   0.93992083  0.041593061    4874.7745   0.27303827   -2.0537448     1.408822  -0.64492286 
    5000    0.9299081     0.133802    4093.2432   0.32517003   -2.3972542    1.3938142     -1.00344 
    6000   0.95917035 -0.0031277255    3480.3037   0.38243788   -2.7602593    1.4376746   -1.3225847 
    7000   0.92011135 -0.057484135    2978.9845   0.44679656   -3.0173577    1.3791301   -1.6382276 
    8000   0.91596022 -0.083007056    2576.9824   0.51649557   -3.3111655    1.3729081   -1.9382574 
    9000   0.94113086  0.040419386    2239.1165   0.59443089   -3.6506635    1.4106357   -2.2400279 
   10000   0.93407655   0.14746212    2027.4642   0.65648507   -3.9485698    1.4000622   -2.5485076 
   11000   0.89291247   0.24048481    1919.6098   0.69337009   -4.1506697    1.3383624   -2.8123073 
   12000   0.87728807    0.2753035    1867.5309   0.71270576   -4.2912856    1.3149434   -2.9763422 
   13000   0.89745091  0.098600269    1879.3457   0.70822521   -4.3036897     1.345165   -2.9585247 
   14000   0.87840299   0.16215683    1926.7457   0.69080212   -4.1610206    1.3166145   -2.8444061 
   15000   0.92362258  0.066728407    1934.9235   0.68788248   -4.1538059     1.384393   -2.7694129 
   16000   0.91020083   0.12749309    1892.4063   0.70333733   -4.2420485    1.3642755    -2.877773 
   17000   0.88216458    0.3141897    1874.2719   0.71014244   -4.2696271    1.3222527   -2.9473744 
   18000   0.91778953  0.014593614    1893.4619   0.70294522   -4.2522081      1.37565   -2.8765581 
   19000   0.90915389   0.30083307    1908.2452   0.69749946   -4.1830883    1.3627062   -2.8203821 
   20000   0.92245186   0.46383527    1899.6142   0.70066858   -4.1958834    1.3826382   -2.8132452 
   21000   0.92654918   0.15878865    1880.2971   0.70786685   -4.2790488    1.3887796   -2.8902692 
   22000   0.90358802  0.091013065    1866.4346   0.71312437   -4.3245283    1.3543637   -2.9701646 
   23000   0.85234947   0.28367993    1860.0283   0.71558051   -4.3084955    1.2775636   -3.0309318 
   24000   0.88652935   0.13830951    1886.6244   0.70549285    -4.254759    1.3287949   -2.9259641 
   25000   0.91255726   0.14512884    1904.9456    0.6987076   -4.2114246    1.3678075   -2.8436172 
   26000   0.91782463   0.19382833    1907.6136    0.6977304   -4.2061553    1.3757026   -2.8304527 
   27000   0.88153862   0.15740124     1885.669   0.70585028   -4.2613704    1.3213145   -2.9400559 
   28000   0.87629255   0.15718406    1909.8428   0.69691598   -4.1933788    1.3134513   -2.8799275 
   29000   0.90353475   0.09548381    1926.0166   0.69106361   -4.1722309    1.3542839    -2.817947 
   30000   0.88180244   0.34109243    1882.9014   0.70688779   -4.2315529    1.3217099    -2.909843 
   31000   0.88158467   0.31790954     1888.541   0.70477687   -4.2290259    1.3213835   -2.9076425 
   32000   0.91892574   0.13727157    1909.8711   0.69690569   -4.2047123     1.377353   -2.8273593 
   33000   0.90167682   0.33418126    1896.1465   0.70194999   -4.1968884    1.3514991   -2.8453893 
   34000   0.90803571   0.15957234    1881.0135   0.70759728   -4.2698996    1.3610302   -2.9088694 
   35000   0.90518237   0.17479034    1888.4514   0.70481031   -4.2703339    1.3567534   -2.9135805 
   36000   0.88544078   0.10536769    1910.0299   0.69684773   -4.2013142    1.3271633   -2.8741509 
   37000   0.88855657   0.22075421    1937.8837   0.68683171   -4.1152341    1.3318335   -2.7834006 
   38000   0.91083867   0.18340219    1908.7794   0.69730425   -4.1983009    1.3652315   -2.8330693 
   39000   0.92020728    0.1960399    1891.4494   0.70369315    -4.253483    1.3792739   -2.8742092 
   40000   0.88852503   0.29512764    1874.1255   0.71019792   -4.2689553    1.3317862   -2.9371691 
   41000   0.87249607   0.23160908    1869.6172   0.71191044   -4.2832364    1.3077608   -2.9754756 
   42000   0.89823884  0.073029475    1898.4451   0.70110008    -4.238332     1.346346    -2.891986 
   43000   0.88694329  0.018317668    1927.0806   0.69068206   -4.2041096    1.3294154   -2.8746942 
   44000   0.88137658 -0.071904635     1950.273   0.68246854   -4.1535007    1.3210716   -2.8324291 
   45000   0.88877248   0.07982128     1951.742   0.68195489   -4.1218912    1.3321571   -2.7897341 
   46000    0.8881456   0.20431882    1913.6732   0.69552104   -4.1946557    1.3312175   -2.8634382 
   47000   0.88067352   0.12930581    1895.6445   0.70213589   -4.2521543    1.3200178   -2.9321365 
   48000   0.88308629   0.10157396    1873.3085   0.71050763   -4.3087141    1.3236342   -2.9850799 
   49000   0.89243007   0.17243292    1885.8436   0.70578492   -4.2723521    1.3376394   -2.9347127 
   50000   0.90647583   0.15617734    1907.7897   0.69766599   -4.2030092    1.3586922   -2.8443171 
Loop time of 31.7772 on 1 procs for 50000 steps with 1331 atoms

Performance: 543785.550 tau/day, 1573.454 timesteps/s
99.9% CPU use with 1 MPI tasks x no OpenMP threads

MPI task timing breakdown:
Section |  min time  |  avg time  |  max time  |%varavg| %total
---------------------------------------------------------------
Pair    | 24.709     | 24.709     | 24.709     |   0.0 | 77.76
Neigh   | 4.2275     | 4.2275     | 4.2275     |   0.0 | 13.30
Comm    | 0.67213    | 0.67213    | 0.67213    |   0.0 |  2.12
Output  | 0.019485   | 0.019485   | 0.019485   |   0.0 |  0.06
Modify  | 2.016      | 2.016      | 2.016      |   0.0 |  6.34
Other   |            | 0.1332     |            |       |  0.42

Nlocal:    1331 ave 1331 max 1331 min
Histogram: 1 0 0 0 0 0 0 0 0 0
Nghost:    2722 ave 2722 max 2722 min
Histogram: 1 0 0 0 0 0 0 0 0 0
Neighs:    41768 ave 41768 max 41768 min
Histogram: 1 0 0 0 0 0 0 0 0 0

Total # of neighbors = 41768
Ave neighs/atom = 31.3809
Neighbor list builds = 2500
Dangerous builds not checked

write_restart lattice_11_11_11__2_2_2/sim1/T_0.90__P_0.20/end1.restart
Total wall time: 0:00:31
