run 50000
Neighbor list info ...
  update every 20 steps, delay 0 steps, check no
  max neighbors/atom: 2000, page size: 100000
  master list distance cutoff = 2.8
  ghost atom cutoff = 2.8
  binsize = 1.4, bins = 16 16 16
  1 neighbor lists, perpetual/occasional/extra = 1 0 0
  (1) pair lj/cut, perpetual
      attributes: half, newton on
      pair build: half/bin/atomonly/newton
      stencil: half/bin/3d/newton
      bin: standard
Per MPI rank memory allocation (min/avg/max) = 2.7 | 2.7 | 2.7 Mbytes
Step Temp Press Volume Density PotEng KinEng TotEng 
       0          0.9  0.067005321        10648        0.125  -0.13561964    1.3489857    1.2133661 
    1000    1.4891796   0.26757159     5538.766   0.24030623   -1.3485587    2.2320911   0.88353241 
    2000     1.294667   0.22255064    3661.5792   0.36350436   -2.1572219    1.9405415  -0.21668043 
    3000    1.1471093   0.23789817    2629.9203   0.50609899   -2.9668984    1.7193712   -1.2475272 
    4000    1.1063545   0.67360074    2042.8973   0.65152566   -3.7957729    1.6582849   -2.1374881 
    5000    1.0125191    1.1563853    1773.4179   0.75052814   -4.4117215    1.5176375   -2.8940839 
    6000   0.92683497    1.1500971     1656.826   0.80334327   -4.8196119    1.3892079    -3.430404 
    7000   0.83530358    1.5386656    1618.6832   0.82227329   -4.8987625     1.252014   -3.6467485 
    8000    0.9094963    1.2744798    1633.5483   0.81479071   -4.8811234    1.3632195    -3.517904 
    9000    0.9206217    1.4760914     1649.789   0.80676982    -4.785946     1.379895    -3.406051 
   10000   0.91587685    1.2880299    1638.5156   0.81232064   -4.8720974    1.3727831   -3.4993143 
   11000     0.864957    1.3546235    1630.2763   0.81642604   -4.8748935    1.2964607   -3.5784328 
   12000   0.91368107    1.2829238    1636.2335   0.81345359   -4.8653396    1.3694919   -3.4958476 
   13000   0.93967533     1.138826    1651.3118   0.80602583   -4.8462503     1.408454   -3.4377963 
   14000   0.90639235    1.3469596    1642.6411   0.81028045   -4.8397868    1.3585671   -3.4812198 
   15000   0.87898903    1.5523047    1623.1514   0.82000977    -4.873457     1.317493   -3.5559641 
   16000   0.84843311     1.343553    1637.8162   0.81266751   -4.8396925    1.2716935    -3.567999 
   17000   0.93762015    1.3523992    1639.2275   0.81196786   -4.8394945    1.4053736    -3.434121 
   18000   0.89734329       1.6482    1641.5369   0.81082553   -4.7799651    1.3450037   -3.4349615 
   19000   0.87397177    1.1538541    1647.7422   0.80777201   -4.8436957    1.3099727    -3.533723 
   20000   0.90443924    1.5218178    1625.7691   0.81868944   -4.8709629    1.3556396   -3.5153233 
   21000   0.90727425    1.3123597    1640.4918   0.81134207   -4.8348912    1.3598889   -3.4750023 
   22000    0.8922704    1.2217426    1646.7132   0.80827676   -4.8423068       1.3374   -3.5049067 
   23000   0.92296897    1.4063531    1627.2582   0.81794024   -4.8877943    1.3834133    -3.504381 
   24000   0.90085464    1.3119665     1637.333   0.81290734   -4.8665274    1.3502667   -3.5162607 
   25000   0.89763469    1.3777539    1643.9626   0.80962914   -4.8294333    1.3454404   -3.4839929 
   26000   0.94602583    1.4872815    1624.8376   0.81915881    -4.893245    1.4179726   -3.4752724 
   27000   0.91721116    1.2294347    1635.1091   0.81401297   -4.8906965    1.3747831   -3.5159135 
   28000   0.89933165    1.5083437    1628.6391   0.81724672   -4.8618479     1.347984   -3.5138639 
   29000   0.90324906    1.4017574    1634.8278     0.814153   -4.8770729    1.3538557   -3.5232172 
   30000   0.88635195     1.192024    1658.1887   0.80268306   -4.8091585     1.328529   -3.4806294 
   31000   0.93726335    1.5996277    1627.7233   0.81770656   -4.8424495    1.4048388   -3.4376108 
   32000   0.89454778      1.32819    1630.6179   0.81625498   -4.8891001    1.3408135   -3.5482866 
   33000    0.8742658    1.3862704     1637.683   0.81273358   -4.8481467    1.3104134   -3.5377332 
   34000   0.92571023    1.4699879    1635.1078   0.81401358   -4.8419692    1.3875221   -3.4544471 
   35000   0.89838742    1.2146636    1643.7037   0.80975667   -4.8514587    1.3465687   -3.5048901 
   36000   0.89644369    1.5794839    1624.8315   0.81916184    -4.867398    1.3436553   -3.5237427 
   37000   0.90524189    1.3424725    1644.3802   0.80942354   -4.8241686    1.3568427    -3.467326 
   38000   0.90346427    1.1459911    1662.7617   0.80047548   -4.7951328    1.3541782   -3.4409545 
   39000   0.90130037    1.4969326    1626.7082   0.81821682   -4.8721998    1.3509348   -3.5212649 
   40000   0.90350722     1.546734     1624.733   0.81921153   -4.8723768    1.3542426   -3.5181342 
   41000   0.91328943    1.1862244    1653.8879   0.80477037   -4.8206907    1.3689049   -3.4517858 
   42000   0.90934193    1.5774666    1634.1985   0.81446656   -4.8175263    1.3629881   -3.4545382 
   43000   0.87281605    1.4590548    1642.4089   0.81039501   -4.8103734    1.3082404    -3.502133 
   44000   0.86575246    1.3380536    1632.8892   0.81511959   -4.8762728     1.297653   -3.5786197 
   45000   0.88674055    1.5199687    1618.9315   0.82214718   -4.9011404    1.3291115   -3.5720289 
   46000   0.90289847    1.4100805    1635.6243   0.81375656   -4.8541752    1.3533302   -3.5008451 
   47000   0.89395994    1.1502101    1647.8292   0.80772937   -4.8609375    1.3399324   -3.5210051 
   48000   0.89704824    1.5279878     1620.068   0.82157043   -4.9063335    1.3445614   -3.5617721 
   49000   0.91946459    1.4106671     1633.353   0.81488817   -4.8632174    1.3781607   -3.4850568 
   50000    0.8734057    1.3864241    1646.0637   0.80859569   -4.8046345    1.3091242   -3.4955103 
Loop time of 36.8219 on 1 procs for 50000 steps with 1331 atoms

Performance: 469285.941 tau/day, 1357.888 timesteps/s
99.9% CPU use with 1 MPI tasks x no OpenMP threads

MPI task timing breakdown:
Section |  min time  |  avg time  |  max time  |%varavg| %total
---------------------------------------------------------------
Pair    | 29.442     | 29.442     | 29.442     |   0.0 | 79.96
Neigh   | 4.4792     | 4.4792     | 4.4792     |   0.0 | 12.16
Comm    | 0.70015    | 0.70015    | 0.70015    |   0.0 |  1.90
Output  | 0.024414   | 0.024414   | 0.024414   |   0.0 |  0.07
Modify  | 2.0155     | 2.0155     | 2.0155     |   0.0 |  5.47
Other   |            | 0.1608     |            |       |  0.44

Nlocal:    1331 ave 1331 max 1331 min
Histogram: 1 0 0 0 0 0 0 0 0 0
Nghost:    2927 ave 2927 max 2927 min
Histogram: 1 0 0 0 0 0 0 0 0 0
Neighs:    48010 ave 48010 max 48010 min
Histogram: 1 0 0 0 0 0 0 0 0 0

Total # of neighbors = 48010
Ave neighs/atom = 36.0706
Neighbor list builds = 2500
Dangerous builds not checked

write_restart lattice_11_11_11__2_2_2/sim1/T_0.90__P_1.40/end1.restart
Total wall time: 0:00:36
