run 50000
Neighbor list info ...
  update every 20 steps, delay 0 steps, check no
  max neighbors/atom: 2000, page size: 100000
  master list distance cutoff = 2.8
  ghost atom cutoff = 2.8
  binsize = 1.4, bins = 16 16 16
  1 neighbor lists, perpetual/occasional/extra = 1 0 0
  (1) pair lj/cut, perpetual
      attributes: half, newton on
      pair build: half/bin/atomonly/newton
      stencil: half/bin/3d/newton
      bin: standard
Per MPI rank memory allocation (min/avg/max) = 2.7 | 2.7 | 2.7 Mbytes
Step Temp Press Volume Density PotEng KinEng TotEng 
       0          0.6  0.029533495        10648        0.125  -0.13561964   0.89932382   0.76370418 
    1000   0.88295847  0.052792306    8965.4068   0.14845952   -1.0473107    1.3234426    0.2761319 
    2000   0.78586631  0.023987606     7276.232   0.18292435   -1.5622019    1.1779138  -0.38428808 
    3000   0.76558712 6.9673513e-05    5891.2009   0.22593017   -2.1716681    1.1475179   -1.0241502 
    4000   0.73979856 -0.015733761    4835.3598    0.2752639   -2.8231563    1.1088641   -1.7142922 
    5000   0.71148208 -0.045100218    4027.5027   0.33047774   -3.4419205    1.0664213   -2.3754992 
    6000   0.67793505 -0.011529465    3383.0138   0.39343617   -3.9450539    1.0161386   -2.9289153 
    7000   0.63329939  -0.14602793    2866.9687   0.46425342   -4.3179246   0.94923538   -3.3686892 
    8000   0.61800753 -0.045052407    2446.7199   0.54399361   -4.6297454   0.92631482   -3.7034305 
    9000   0.61128157   -0.1882835    2174.2907   0.61215365   -4.8549189   0.91623346   -3.9386855 
   10000   0.59485497  -0.19112396    1903.8888   0.69909546   -4.9797415   0.89161207   -4.0881294 
   11000   0.60992044    0.1023032    1697.0315   0.78431073   -5.0905523    0.9141933    -4.176359 
   12000   0.62019131  0.028621347    1589.9242   0.83714685   -5.3006714   0.92958802   -4.3710833 
   13000   0.59476362  0.065569593    1560.6331     0.852859   -5.4129132   0.89147515   -4.5214381 
   14000   0.57524427   0.24325284    1557.6581   0.85448793   -5.3866378   0.86221812   -4.5244197 
   15000   0.60594953   0.14798764    1582.4504   0.84110064   -5.3082776    0.9082414   -4.4000362 
   16000   0.60619719    0.1556949    1587.6528   0.83834451   -5.2757647   0.90861261    -4.367152 
   17000   0.59539557   0.10575228    1571.6513   0.84687995   -5.3453659   0.89242236   -4.4529436 
   18000   0.60402232    0.2945718    1562.4655   0.85185882   -5.3632055   0.90535276   -4.4578528 
   19000   0.59388801   0.16766659    1577.9389   0.84350543   -5.3238481   0.89016273   -4.4336854 
   20000   0.61361454   0.10436097     1579.326   0.84276459   -5.3252724   0.91973028   -4.4055422 
   21000   0.59555587  0.081727287    1582.1598   0.84125511   -5.3104451   0.89266263   -4.4177825 
   22000   0.57678265   0.10820472    1574.5658   0.84531239   -5.3338886   0.86452396   -4.4693647 
   23000   0.59861227   0.23592613    1567.9175    0.8488967   -5.3645038   0.89724378     -4.46726 
   24000    0.6133797   0.10161607    1580.7403   0.84201054   -5.3183227   0.91937829   -4.3989444 
   25000   0.61189204  0.064827161     1586.677   0.83886007   -5.2977334   0.91714847    -4.380585 
   26000   0.59048434    0.2107011    1571.8982   0.84674696   -5.3344824   0.88506104   -4.4494214 
   27000   0.58270221   0.12248777    1570.7244   0.84737973   -5.3536707   0.87339662   -4.4802741 
   28000   0.60203312   0.28171607    1568.0004   0.84885182   -5.3372463    0.9023712   -4.4348751 
   29000    0.5914626    0.1156217    1582.4943    0.8410773   -5.2967374   0.88652734     -4.41021 
   30000   0.61326385   0.10483238    1572.7205   0.84630422   -5.3650652   0.91920464   -4.4458606 
   31000   0.60296602  -0.12489275    1585.2699   0.83960467   -5.3413168   0.90376951   -4.4375473 
   32000   0.60702351   0.18435816    1572.0099   0.84668677   -5.3329792   0.90985117   -4.4231281 
   33000   0.60184082  0.049945651    1572.1693   0.84660092   -5.3574538   0.90208297   -4.4553708 
   34000   0.58953353 -0.086474879    1574.2896   0.84546069   -5.3823425    0.8836359   -4.4987066 
   35000   0.61778143   0.29294447    1566.3045    0.8497709   -5.3471539   0.92597593   -4.4211779 
   36000   0.59077527  0.096141467    1583.3522   0.84062157   -5.3070773   0.88549711   -4.4215801 
   37000   0.59297544  0.063503003    1567.1768    0.8492979    -5.377457    0.8887949   -4.4886621 
   38000   0.58761626  0.069666185    1570.4933   0.84750439   -5.3582533   0.88076216   -4.4774911 
   39000   0.60388803 0.0032398093    1578.5443   0.84318194   -5.3452337   0.90515148   -4.4400822 
   40000   0.62561314  0.016083529    1575.1125   0.84501902   -5.3621221   0.93771466   -4.4244074 
   41000   0.58949079 -0.058975175    1571.7603   0.84682122   -5.3770613   0.88357184   -4.4934894 
   42000   0.57894264   0.18167738    1576.2589   0.84440442   -5.3106172   0.86776151   -4.4428557 
   43000   0.61527761  0.026424571    1578.9088   0.84298723   -5.3473607   0.92222301   -4.4251377 
   44000   0.58383294   0.10510089    1573.9224   0.84565793   -5.3472404   0.87509145   -4.4721489 
   45000   0.60174119   0.18043227    1561.8591   0.85218952   -5.3879402   0.90193365   -4.4860065 
   46000   0.61170714  0.084341109    1575.0116   0.84507313   -5.3485498   0.91687133   -4.4316785 
   47000   0.59606273  0.012258813    1584.5856   0.83996723   -5.3172331   0.89342235   -4.4238108 
   48000   0.61685951 -0.0058731702    1584.1302   0.84020871   -5.3213384   0.92459408   -4.3967443 
   49000   0.60044614   0.21559381    1581.1894   0.84177139   -5.2998274   0.89999252   -4.3998349 
   50000   0.60694621 -0.080363872    1576.6175   0.84421236   -5.3725407   0.90973531   -4.4628054 
Loop time of 35.8757 on 1 procs for 50000 steps with 1331 atoms

Performance: 481663.433 tau/day, 1393.702 timesteps/s
99.9% CPU use with 1 MPI tasks x no OpenMP threads

MPI task timing breakdown:
Section |  min time  |  avg time  |  max time  |%varavg| %total
---------------------------------------------------------------
Pair    | 28.629     | 28.629     | 28.629     |   0.0 | 79.80
Neigh   | 4.3538     | 4.3538     | 4.3538     |   0.0 | 12.14
Comm    | 0.67294    | 0.67294    | 0.67294    |   0.0 |  1.88
Output  | 0.024285   | 0.024285   | 0.024285   |   0.0 |  0.07
Modify  | 2.0254     | 2.0254     | 2.0254     |   0.0 |  5.65
Other   |            | 0.1703     |            |       |  0.47

Nlocal:    1331 ave 1331 max 1331 min
Histogram: 1 0 0 0 0 0 0 0 0 0
Nghost:    2988 ave 2988 max 2988 min
Histogram: 1 0 0 0 0 0 0 0 0 0
Neighs:    49686 ave 49686 max 49686 min
Histogram: 1 0 0 0 0 0 0 0 0 0

Total # of neighbors = 49686
Ave neighs/atom = 37.3298
Neighbor list builds = 2500
Dangerous builds not checked

write_restart lattice_11_11_11__2_2_2/sim1/T_0.60__P_0.10/end1.restart
Total wall time: 0:00:35
