run 50000
Neighbor list info ...
  update every 20 steps, delay 0 steps, check no
  max neighbors/atom: 2000, page size: 100000
  master list distance cutoff = 2.8
  ghost atom cutoff = 2.8
  binsize = 1.4, bins = 18 18 18
  1 neighbor lists, perpetual/occasional/extra = 1 0 0
  (1) pair lj/cut, perpetual
      attributes: half, newton on
      pair build: half/bin/atomonly/newton
      stencil: half/bin/3d/newton
      bin: standard
Per MPI rank memory allocation (min/avg/max) = 2.711 | 2.711 | 2.711 Mbytes
Step Temp Press TotEng 
       0            1  0.074828632    1.4356761 
    1000    1.0883437  0.076356727     1.035725 
    2000   0.98212828  0.063050539   0.75837981 
    3000    1.0148495  0.058738444   0.78546055 
    4000    1.0134016  0.068308484   0.74215826 
    5000   0.97052338  0.066825194   0.67774402 
    6000    1.0480463  0.064530603   0.79383142 
    7000   0.98459467  0.057955671   0.69367672 
    8000    1.0125592   0.07171516   0.74605003 
    9000   0.98902991  0.061776609   0.71616751 
   10000   0.99737306  0.065015166   0.69797785 
   11000    1.0220641  0.063425943   0.75626897 
   12000    1.0000475  0.061182616   0.69145868 
   13000     1.011737   0.07255859   0.73759498 
   14000    1.0158505  0.055087326   0.74559445 
   15000   0.97490927  0.058889949   0.69367816 
   16000    1.0165861  0.065035224   0.74328562 
   17000    0.9791279    0.0552121   0.68984053 
   18000     1.034172  0.060587092   0.74016969 
   19000   0.97196238  0.071635691   0.65756558 
   20000    1.0064651  0.067850709   0.71495274 
   21000   0.98328028  0.055435925   0.71566828 
   22000    1.0059483  0.054122846   0.74074622 
   23000   0.96438583  0.056316066   0.65395947 
   24000    1.0125471  0.064853809    0.7400575 
   25000   0.98914077  0.058126722   0.70665137 
   26000    1.0589969  0.077384372   0.83009186 
   27000   0.98646534  0.057608723   0.70990232 
   28000     1.000123  0.070714529   0.73869436 
   29000    1.0124352  0.060365578   0.76228906 
   30000   0.99178395  0.056925854   0.67339373 
   31000    1.0249568   0.07587526   0.77216124 
   32000   0.99489557  0.050792558   0.70512667 
   33000   0.99956159  0.053531907   0.70929238 
   34000    1.0149242  0.061424488   0.74913913 
   35000     1.008831  0.065068492   0.71268557 
   36000    1.0109025  0.064228947   0.74492988 
   37000   0.98067831  0.056483193   0.68477248 
   38000   0.99926067  0.072377666   0.70868197 
   39000    1.0080211  0.062315855    0.7311731 
   40000    1.0054193  0.064715136   0.71275875 
   41000    1.0223857  0.059323198   0.73197981 
   42000   0.98968133  0.071416847   0.68160891 
   43000    1.0114597  0.065279767    0.7387734 
   44000   0.97016546  0.051484997   0.67610974 
   45000    1.0103508  0.055249005   0.74462188 
   46000   0.95423472  0.056333366    0.6836171 
   47000    1.0181992  0.069327344   0.77393207 
   48000    1.0005848   0.05542097   0.73750296 
   49000   0.99019088  0.061875278   0.73709846 
   50000   0.94305779  0.051961499   0.65763045 
Loop time of 7.437 on 1 procs for 50000 steps with 1331 atoms

Performance: 2323518.801 tau/day, 6723.145 timesteps/s
99.8% CPU use with 1 MPI tasks x no OpenMP threads

MPI task timing breakdown:
Section |  min time  |  avg time  |  max time  |%varavg| %total
---------------------------------------------------------------
Pair    | 4.554      | 4.554      | 4.554      |   0.0 | 61.23
Neigh   | 1.6115     | 1.6115     | 1.6115     |   0.0 | 21.67
Comm    | 0.32441    | 0.32441    | 0.32441    |   0.0 |  4.36
Output  | 0.022635   | 0.022635   | 0.022635   |   0.0 |  0.30
Modify  | 0.83734    | 0.83734    | 0.83734    |   0.0 | 11.26
Other   |            | 0.08709    |            |       |  1.17

Nlocal:    1331 ave 1331 max 1331 min
Histogram: 1 0 0 0 0 0 0 0 0 0
Nghost:    1240 ave 1240 max 1240 min
Histogram: 1 0 0 0 0 0 0 0 0 0
Neighs:    6773 ave 6773 max 6773 min
Histogram: 1 0 0 0 0 0 0 0 0 0

Total # of neighbors = 6773
Ave neighs/atom = 5.08866
Neighbor list builds = 2500
Dangerous builds not checked

write_restart NVT/sim1/T_1.00__v_10.65/end1.restart
Total wall time: 0:00:07
