run 50000
Neighbor list info ...
  update every 20 steps, delay 0 steps, check no
  max neighbors/atom: 2000, page size: 100000
  master list distance cutoff = 2.8
  ghost atom cutoff = 2.8
  binsize = 1.4, bins = 15 15 15
  1 neighbor lists, perpetual/occasional/extra = 1 0 0
  (1) pair lj/cut, perpetual
      attributes: half, newton on
      pair build: half/bin/atomonly/newton
      stencil: half/bin/3d/newton
      bin: standard
Per MPI rank memory allocation (min/avg/max) = 2.75 | 2.75 | 2.75 Mbytes
Step Temp Press TotEng 
       0          1.9    0.2099298    2.5687202 
    1000    1.9599718   0.32465769    2.0310116 
    2000    1.8523561   0.26954317    1.8326261 
    3000    1.9506484   0.30182681    2.0243171 
    4000    1.8511625   0.28759777    1.8623304 
    5000    1.9434558   0.30293107    1.9830066 
    6000    1.8645657   0.26610554    1.8351423 
    7000     1.859735    0.2743323    1.8495288 
    8000    1.9292866     0.311736    1.9697083 
    9000    1.8408738   0.27312012    1.8318002 
   10000    1.9524995   0.31167258    2.0119284 
   11000    1.8831611   0.27954345    1.8841038 
   12000    1.8828187   0.28661545     1.909872 
   13000    1.8958655   0.27706371    1.9179676 
   14000    1.9080894   0.27568036    1.9363128 
   15000    1.9137341   0.31140038    1.9780175 
   16000    1.8736231    0.2942393    1.8953086 
   17000     1.919356    0.2799766    1.9854971 
   18000    1.8712872   0.30234284    1.8779829 
   19000    1.9147047   0.28762139     1.964941 
   20000    1.8805337   0.24524958    1.8695905 
   21000    1.8793916   0.27724982    1.9072569 
   22000    1.9276719    0.2903828    1.9599472 
   23000    1.8176686   0.27810198    1.7882263 
   24000    1.9462826   0.31440696    1.9999552 
   25000    1.8573236   0.26804996    1.8616769 
   26000    1.9848771   0.28581722    2.0635563 
   27000    1.8860221   0.30935338    1.9269451 
   28000    1.8649376   0.28981964    1.8859438 
   29000    1.9804465   0.26778787    2.0345238 
   30000    1.8584189    0.2695915      1.83082 
   31000    1.9220885   0.29673292    1.9490311 
   32000    1.8987441   0.29754392    1.9189152 
   33000    1.7519689   0.25861543    1.6947492 
   34000     1.925566    0.2820068    1.9449037 
   35000    1.9008683   0.28579611    1.9049748 
   36000    1.9061458   0.28360412    1.9600882 
   37000    1.9397032   0.27626807    1.9551294 
   38000    1.8997801    0.3131283    1.9212966 
   39000    1.9304008   0.31535077     1.978464 
   40000        1.855   0.27956623    1.8399542 
   41000    1.9605618   0.30798115    2.0166065 
   42000    1.8744755   0.29309337     1.912958 
   43000    1.8920396   0.29824972    1.9519268 
   44000    1.9392965   0.33089614    2.0145367 
   45000    1.8592858   0.27422391    1.8221808 
   46000    1.9419654   0.28383725    1.9973339 
   47000    1.8795969   0.29133167    1.9204419 
   48000     1.910878   0.32164859    1.9349513 
   49000    1.9075212   0.28123104    1.9404173 
   50000    1.8583668   0.27328956    1.8648411 
Loop time of 10.6254 on 1 procs for 50000 steps with 1331 atoms

Performance: 1626290.820 tau/day, 4705.703 timesteps/s
99.8% CPU use with 1 MPI tasks x no OpenMP threads

MPI task timing breakdown:
Section |  min time  |  avg time  |  max time  |%varavg| %total
---------------------------------------------------------------
Pair    | 6.9765     | 6.9765     | 6.9765     |   0.0 | 65.66
Neigh   | 2.2738     | 2.2738     | 2.2738     |   0.0 | 21.40
Comm    | 0.40386    | 0.40386    | 0.40386    |   0.0 |  3.80
Output  | 0.024123   | 0.024123   | 0.024123   |   0.0 |  0.23
Modify  | 0.85229    | 0.85229    | 0.85229    |   0.0 |  8.02
Other   |            | 0.09483    |            |       |  0.89

Nlocal:    1331 ave 1331 max 1331 min
Histogram: 1 0 0 0 0 0 0 0 0 0
Nghost:    1403 ave 1403 max 1403 min
Histogram: 1 0 0 0 0 0 0 0 0 0
Neighs:    10210 ave 10210 max 10210 min
Histogram: 1 0 0 0 0 0 0 0 0 0

Total # of neighbors = 10210
Ave neighs/atom = 7.67092
Neighbor list builds = 2500
Dangerous builds not checked

write_restart NVT/sim1/T_1.90__v_5.83/end1.restart
Total wall time: 0:00:10
