run 50000
Neighbor list info ...
  update every 20 steps, delay 0 steps, check no
  max neighbors/atom: 2000, page size: 100000
  master list distance cutoff = 2.8
  ghost atom cutoff = 2.8
  binsize = 1.4, bins = 18 18 18
  1 neighbor lists, perpetual/occasional/extra = 1 0 0
  (1) pair lj/cut, perpetual
      attributes: half, newton on
      pair build: half/bin/atomonly/newton
      stencil: half/bin/3d/newton
      bin: standard
Per MPI rank memory allocation (min/avg/max) = 2.711 | 2.711 | 2.711 Mbytes
Step Temp Press TotEng 
       0          0.3  0.010337575   0.40863906 
    1000    0.5169876  0.010402177  0.038773062 
    2000   0.46488456 -0.0013630423  -0.50033734 
    3000   0.47731591 -0.0026108684    -1.084081 
    4000   0.47819788 0.0030111844   -1.7154472 
    5000   0.45047762 -0.0058234959   -2.3317958 
    6000   0.36442347 0.0024731586   -2.8313427 
    7000    0.3376322  0.011599021   -3.1825378 
    8000   0.30451117 -0.0065661001   -3.4145327 
    9000   0.29722556 0.0008134862   -3.5316916 
   10000   0.30088452  0.010020366   -3.5797218 
   11000    0.3115617 0.00038665781   -3.5958155 
   12000   0.29717049 0.0037906238   -3.6589732 
   13000   0.29637843 0.0072628895   -3.7196105 
   14000   0.29910495 0.0017048714   -3.7215388 
   15000   0.30598566 -0.010897549   -3.7002631 
   16000   0.29357529 -0.0080626228   -3.7219184 
   17000   0.29858655 -0.00079052622   -3.7758239 
   18000   0.29287827 0.0046066631   -3.8390489 
   19000   0.30617203 -0.0046822785   -3.8450676 
   20000   0.29831176 0.00029699896   -3.8731659 
   21000   0.29296526  0.011569202   -3.9012869 
   22000   0.30196803 0.0037834097   -3.9018146 
   23000   0.30436684 -0.012896505   -3.8919157 
   24000   0.29710304 -0.00010222092    -3.921146 
   25000   0.29446423  0.002709812   -3.9286962 
   26000   0.28919965 -0.016264809   -3.9233989 
   27000   0.29073975  0.019368746   -3.9569176 
   28000   0.29076851 0.0033094776   -3.9468168 
   29000   0.30907222 0.0055081602   -3.9420562 
   30000   0.29633881  0.001046481    -3.976269 
   31000   0.29941758 -0.0044714898   -3.9884774 
   32000   0.29843275 -0.0027346983   -3.9628588 
   33000   0.30090692 -0.012766796   -3.9583688 
   34000   0.29822978 -0.012810906    -3.981063 
   35000   0.28464368  0.002169679   -4.0156569 
   36000   0.31449551 -0.005426557   -3.9981668 
   37000   0.30172264 -0.0084463973    -3.992309 
   38000   0.28750165 -0.0074851437   -4.0248869 
   39000   0.29600056 -0.0069487411   -4.0074357 
   40000   0.30706755 0.0081883501   -3.9813583 
   41000   0.29520925 0.0026067146   -4.0054399 
   42000   0.29263472 0.0032244515   -4.0384501 
   43000   0.30540249 0.0057379391   -3.9964267 
   44000    0.3130938 -0.0029941988   -3.9823275 
   45000   0.29973942 -0.0060900797   -4.0140366 
   46000   0.29825337 -0.0023970109   -4.0341021 
   47000   0.30095498 0.0059390874   -4.0272977 
   48000   0.31087077 0.0063736552   -4.0114624 
   49000   0.29091599 -0.010881323   -4.0277799 
   50000   0.29892464 0.0072421997   -4.0572914 
Loop time of 22.5877 on 1 procs for 50000 steps with 1331 atoms

Performance: 765017.600 tau/day, 2213.593 timesteps/s
99.7% CPU use with 1 MPI tasks x no OpenMP threads

MPI task timing breakdown:
Section |  min time  |  avg time  |  max time  |%varavg| %total
---------------------------------------------------------------
Pair    | 18.284     | 18.284     | 18.284     |   0.0 | 80.95
Neigh   | 2.6728     | 2.6728     | 2.6728     |   0.0 | 11.83
Comm    | 0.40091    | 0.40091    | 0.40091    |   0.0 |  1.77
Output  | 0.029194   | 0.029194   | 0.029194   |   0.0 |  0.13
Modify  | 1.0894     | 1.0894     | 1.0894     |   0.0 |  4.82
Other   |            | 0.1114     |            |       |  0.49

Nlocal:    1331 ave 1331 max 1331 min
Histogram: 1 0 0 0 0 0 0 0 0 0
Nghost:    1175 ave 1175 max 1175 min
Histogram: 1 0 0 0 0 0 0 0 0 0
Neighs:    29632 ave 29632 max 29632 min
Histogram: 1 0 0 0 0 0 0 0 0 0

Total # of neighbors = 29632
Ave neighs/atom = 22.263
Neighbor list builds = 2500
Dangerous builds not checked

write_restart NVT/sim1/T_0.30__v_12.17/end1.restart
Total wall time: 0:00:22
