run 50000
Neighbor list info ...
  update every 20 steps, delay 0 steps, check no
  max neighbors/atom: 2000, page size: 100000
  master list distance cutoff = 2.8
  ghost atom cutoff = 2.8
  binsize = 1.4, bins = 12 12 12
  1 neighbor lists, perpetual/occasional/extra = 1 0 0
  (1) pair lj/cut, perpetual
      attributes: half, newton on
      pair build: half/bin/atomonly/newton
      stencil: half/bin/3d/newton
      bin: standard
Per MPI rank memory allocation (min/avg/max) = 2.738 | 2.738 | 2.738 Mbytes
Step Temp Press TotEng 
       0          1.2  -0.56958718   0.31922513 
    1000    1.2633937   0.21384724 -0.068248177 
    2000    1.1530527   0.18822121  -0.28272168 
    3000    1.2152881   0.20019788  -0.17037036 
    4000    1.1993232   0.17151239  -0.24270056 
    5000    1.1996232   0.14711182  -0.25412723 
    6000    1.1608262   0.17437625  -0.24304247 
    7000    1.1996326   0.19471982  -0.22682063 
    8000    1.1777809   0.16405053  -0.26418568 
    9000    1.2160669   0.20045788  -0.15678497 
   10000    1.1833776    0.1135562  -0.26251565 
   11000    1.2083724   0.12070616  -0.20994682 
   12000    1.1912916   0.09025919  -0.28610039 
   13000    1.1987792   0.13090624  -0.28296088 
   14000    1.2142889   0.11180414  -0.24892364 
   15000    1.2702064   0.14733284  -0.11808528 
   16000    1.1837483   0.15156759  -0.23445366 
   17000    1.2305827   0.12596861   -0.2351385 
   18000    1.1911646   0.12882245  -0.33316671 
   19000    1.2016257   0.16817797  -0.25283785 
   20000    1.1744278   0.17031639   -0.2298173 
   21000    1.2336948   0.18101391  -0.18759271 
   22000    1.1574927   0.15945853  -0.29496038 
   23000    1.2470324   0.18480895  -0.19089247 
   24000    1.2096076   0.18971882  -0.22922698 
   25000    1.2413902   0.12976509  -0.15648395 
   26000    1.2203586   0.20888648  -0.22936932 
   27000    1.1950929   0.20029912  -0.26925673 
   28000    1.2098948    0.1505945  -0.21434574 
   29000    1.1439367   0.17422437  -0.33583477 
   30000    1.1913265    0.2445821  -0.20321011 
   31000    1.2049372   0.17036201  -0.24993844 
   32000    1.1748897  0.092113579  -0.32636182 
   33000    1.2284412   0.11297469  -0.19697111 
   34000    1.1642293   0.16869309  -0.27472515 
   35000    1.2364098   0.14522034  -0.15072222 
   36000    1.2154995   0.12219834  -0.25753483 
   37000    1.1630622   0.10233086   -0.3149659 
   38000    1.2134837   0.22985358  -0.18078646 
   39000    1.1990964   0.15918061  -0.20675345 
   40000    1.1631647   0.17801789  -0.25946255 
   41000    1.2155645   0.21833902  -0.18119488 
   42000    1.1855653   0.18126602  -0.24659025 
   43000    1.2397607   0.15452643  -0.23583944 
   44000    1.2033738   0.19854351  -0.22966211 
   45000    1.1679273   0.15746258  -0.26129257 
   46000    1.2386671    0.1220292  -0.21677313 
   47000    1.1658872   0.11450421   -0.3242055 
   48000    1.1942982   0.17788307  -0.30534673 
   49000    1.2268508   0.12733316  -0.19010993 
   50000    1.2155316    0.2256229  -0.20771351 
Loop time of 17.5109 on 1 procs for 50000 steps with 1331 atoms

Performance: 986813.653 tau/day, 2855.364 timesteps/s
99.9% CPU use with 1 MPI tasks x no OpenMP threads

MPI task timing breakdown:
Section |  min time  |  avg time  |  max time  |%varavg| %total
---------------------------------------------------------------
Pair    | 13.009     | 13.009     | 13.009     |   0.0 | 74.29
Neigh   | 3.0163     | 3.0163     | 3.0163     |   0.0 | 17.23
Comm    | 0.51953    | 0.51953    | 0.51953    |   0.0 |  2.97
Output  | 0.017676   | 0.017676   | 0.017676   |   0.0 |  0.10
Modify  | 0.84094    | 0.84094    | 0.84094    |   0.0 |  4.80
Other   |            | 0.1075     |            |       |  0.61

Nlocal:    1331 ave 1331 max 1331 min
Histogram: 1 0 0 0 0 0 0 0 0 0
Nghost:    2099 ave 2099 max 2099 min
Histogram: 1 0 0 0 0 0 0 0 0 0
Neighs:    20554 ave 20554 max 20554 min
Histogram: 1 0 0 0 0 0 0 0 0 0

Total # of neighbors = 20554
Ave neighs/atom = 15.4425
Neighbor list builds = 2500
Dangerous builds not checked

write_restart NVT/sim1/T_1.20__v_2.74/end1.restart
Total wall time: 0:00:17
