run 50000
Neighbor list info ...
  update every 20 steps, delay 0 steps, check no
  max neighbors/atom: 2000, page size: 100000
  master list distance cutoff = 2.8
  ghost atom cutoff = 2.8
  binsize = 1.4, bins = 9 9 9
  1 neighbor lists, perpetual/occasional/extra = 1 0 0
  (1) pair lj/cut, perpetual
      attributes: half, newton on
      pair build: half/bin/atomonly/newton
      stencil: half/bin/3d/newton
      bin: standard
Per MPI rank memory allocation (min/avg/max) = 2.73 | 2.73 | 2.73 Mbytes
Step Temp Press TotEng 
       0          0.3    12.546541   -2.2694092 
    1000   0.61449582  -0.58032135   -3.9470947 
    2000   0.35717525   -1.7465908   -4.6335716 
    3000   0.33456347   -1.2831044   -4.9799193 
    4000   0.30475736     -1.14447   -5.2388958 
    5000   0.28736096   -1.1249298   -5.3777497 
    6000   0.30663903  -0.79160886   -5.3615297 
    7000   0.30237857  -0.70988784   -5.3679239 
    8000   0.29588344  -0.81514408   -5.4381618 
    9000     0.294929  -0.81565633   -5.4323423 
   10000   0.30686019   -0.8271183   -5.3883152 
   11000   0.30145318  -0.80078268   -5.4230885 
   12000     0.296366  -0.83811493   -5.4586478 
   13000   0.30340542  -0.74372713   -5.4433267 
   14000   0.29765665  -0.81590838   -5.4693658 
   15000   0.29463754  -0.81672145   -5.4919202 
   16000   0.30384077  -0.66318517    -5.506573 
   17000   0.29982796  -0.76907951   -5.5318212 
   18000   0.29863282  -0.77133723   -5.5352679 
   19000   0.29713185   -0.6824875   -5.5341775 
   20000   0.30133945  -0.72894273   -5.5712835 
   21000   0.29247754  -0.74616976   -5.5919029 
   22000   0.29556945  -0.63014412   -5.5890024 
   23000   0.30911785  -0.71633285   -5.5938999 
   24000   0.28852116  -0.66770134   -5.6053481 
   25000    0.3079311  -0.72106297   -5.6158089 
   26000   0.29600648    -0.759884   -5.6671664 
   27000   0.29019275  -0.70348855   -5.7106305 
   28000   0.30706389  -0.85496996   -5.6979681 
   29000   0.29798631  -0.85691068    -5.716845 
   30000    0.2957135  -0.81211587   -5.7830018 
   31000    0.3089636  -0.82949406   -5.7929787 
   32000   0.31176593  -0.69776165   -5.7755961 
   33000     0.306873   -0.8891754   -5.8453512 
   34000   0.28784484  -0.91984373   -5.8824388 
   35000   0.30836268  -0.68590319   -5.8319443 
   36000   0.30188905  -0.77595798   -5.8454852 
   37000   0.29001976   -0.8151222   -5.8825446 
   38000   0.30335423  -0.91831377   -5.8547467 
   39000   0.29639646  -0.78224107    -5.841867 
   40000   0.30342446  -0.85010187      -5.8745 
   41000   0.29713638  -0.97325711   -5.8785318 
   42000   0.30859043  -0.81199114   -5.8418513 
   43000    0.3151982  -0.65190317   -5.8920748 
   44000   0.28561644  -0.72894461   -5.9418781 
   45000   0.30095471  -0.65846195   -5.8860254 
   46000   0.30541026  -0.60609068   -5.8858738 
   47000    0.2950972  -0.68158089   -5.9293561 
   48000   0.29652943  -0.61162168   -5.8983113 
   49000   0.30759269  -0.68553721   -5.8809091 
   50000   0.30103837  -0.67467487   -5.9188242 
Loop time of 43.1885 on 1 procs for 50000 steps with 1331 atoms

Performance: 400106.283 tau/day, 1157.715 timesteps/s
99.7% CPU use with 1 MPI tasks x no OpenMP threads

MPI task timing breakdown:
Section |  min time  |  avg time  |  max time  |%varavg| %total
---------------------------------------------------------------
Pair    | 35.703     | 35.703     | 35.703     |   0.0 | 82.67
Neigh   | 5.3114     | 5.3114     | 5.3114     |   0.0 | 12.30
Comm    | 0.83091    | 0.83091    | 0.83091    |   0.0 |  1.92
Output  | 0.026807   | 0.026807   | 0.026807   |   0.0 |  0.06
Modify  | 1.0988     | 1.0988     | 1.0988     |   0.0 |  2.54
Other   |            | 0.2176     |            |       |  0.50

Nlocal:    1331 ave 1331 max 1331 min
Histogram: 1 0 0 0 0 0 0 0 0 0
Nghost:    2914 ave 2914 max 2914 min
Histogram: 1 0 0 0 0 0 0 0 0 0
Neighs:    50760 ave 50760 max 50760 min
Histogram: 1 0 0 0 0 0 0 0 0 0

Total # of neighbors = 50760
Ave neighs/atom = 38.1367
Neighbor list builds = 2500
Dangerous builds not checked

write_restart NVT/sim1/T_0.30__v_1.00/end1.restart
Total wall time: 0:00:43
