run 50000
Neighbor list info ...
  update every 20 steps, delay 0 steps, check no
  max neighbors/atom: 2000, page size: 100000
  master list distance cutoff = 2.8
  ghost atom cutoff = 2.8
  binsize = 1.4, bins = 10 10 10
  1 neighbor lists, perpetual/occasional/extra = 1 0 0
  (1) pair lj/cut, perpetual
      attributes: half, newton on
      pair build: half/bin/atomonly/newton
      stencil: half/bin/3d/newton
      bin: standard
Per MPI rank memory allocation (min/avg/max) = 2.732 | 2.732 | 2.732 Mbytes
Step Temp Press TotEng 
       0          0.2   -1.0151991   -3.8391778 
    1000   0.43665052  -0.25605548   -4.3702624 
    2000   0.32054856  -0.32838267   -4.9725932 
    3000   0.24852413  -0.42746619   -5.3592625 
    4000   0.20613127  -0.40653364   -5.5722248 
    5000   0.18843709  -0.32036109   -5.6516353 
    6000   0.20343781  -0.24878403   -5.6097308 
    7000   0.20777765  -0.37660652   -5.6009794 
    8000   0.19208219  -0.24581963   -5.6616648 
    9000   0.19792345  -0.33667961   -5.6530426 
   10000   0.20483204  -0.26831236    -5.625079 
   11000   0.20302914  -0.25333998   -5.6755968 
   12000   0.18888255  -0.33558301   -5.7057746 
   13000   0.20819994   -0.3007834   -5.6670073 
   14000    0.2128065  -0.36602664   -5.6693719 
   15000   0.19246626  -0.39045954   -5.7067068 
   16000   0.19873115  -0.30822983   -5.6990573 
   17000   0.20577572   -0.2902691   -5.6719617 
   18000   0.19825023  -0.25096787   -5.6996161 
   19000   0.20058398  -0.34965718   -5.7146288 
   20000   0.20135583  -0.19249028   -5.6904251 
   21000   0.19892123   -0.2460606   -5.6988221 
   22000   0.20136773  -0.19546347   -5.7155904 
   23000   0.20267912  -0.27810488   -5.6972589 
   24000   0.20347499  -0.34306036   -5.7017868 
   25000   0.19907218  -0.26850719   -5.7191895 
   26000   0.20050641  -0.25050074   -5.7036705 
   27000   0.20705193  -0.38056398   -5.7017302 
   28000   0.20110574  -0.28296821   -5.7172544 
   29000    0.1991847  -0.38621487   -5.7123821 
   30000   0.20227794  -0.29823221   -5.7127733 
   31000   0.19950174  -0.30926842   -5.7296442 
   32000    0.1986637  -0.18675387   -5.7322722 
   33000   0.19731276  -0.31136258   -5.7270075 
   34000   0.20039831  -0.30360499   -5.7349149 
   35000   0.19270638   -0.2926722   -5.7408965 
   36000   0.19592285  -0.32313283   -5.7378211 
   37000   0.20086483   -0.2348447    -5.742265 
   38000   0.19683153  -0.35491484   -5.7539894 
   39000   0.20133312  -0.27874159   -5.7580817 
   40000   0.20749778  -0.39648419   -5.7667049 
   41000   0.20003993  -0.28850739   -5.7639345 
   42000   0.20524365   -0.2378466    -5.762655 
   43000   0.19796102  -0.30011982    -5.772526 
   44000   0.20053639  -0.25150885   -5.7741718 
   45000   0.19838871  -0.24890895   -5.7728325 
   46000   0.19610136  -0.22593492    -5.787051 
   47000   0.19823998  -0.15464084   -5.7899635 
   48000   0.20682095  -0.17899296   -5.7787741 
   49000   0.19663182   -0.1784083   -5.8025802 
   50000   0.19919121  -0.23269385   -5.8107383 
Loop time of 33.7753 on 1 procs for 50000 steps with 1331 atoms

Performance: 511616.923 tau/day, 1480.373 timesteps/s
99.9% CPU use with 1 MPI tasks x no OpenMP threads

MPI task timing breakdown:
Section |  min time  |  avg time  |  max time  |%varavg| %total
---------------------------------------------------------------
Pair    | 28.402     | 28.402     | 28.402     |   0.0 | 84.09
Neigh   | 4.0786     | 4.0786     | 4.0786     |   0.0 | 12.08
Comm    | 0.32284    | 0.32284    | 0.32284    |   0.0 |  0.96
Output  | 0.026594   | 0.026594   | 0.026594   |   0.0 |  0.08
Modify  | 0.85462    | 0.85462    | 0.85462    |   0.0 |  2.53
Other   |            | 0.09073    |            |       |  0.27

Nlocal:    1331 ave 1331 max 1331 min
Histogram: 1 0 0 0 0 0 0 0 0 0
Nghost:    1206 ave 1206 max 1206 min
Histogram: 1 0 0 0 0 0 0 0 0 0
Neighs:    49150 ave 49150 max 49150 min
Histogram: 1 0 0 0 0 0 0 0 0 0

Total # of neighbors = 49150
Ave neighs/atom = 36.9271
Neighbor list builds = 2500
Dangerous builds not checked

write_restart NVT/sim1/T_0.20__v_1.33/end1.restart
Total wall time: 0:00:33
