run 50000
Neighbor list info ...
  update every 20 steps, delay 0 steps, check no
  max neighbors/atom: 2000, page size: 100000
  master list distance cutoff = 2.8
  ghost atom cutoff = 2.8
  binsize = 1.4, bins = 10 10 10
  1 neighbor lists, perpetual/occasional/extra = 1 0 0
  (1) pair lj/cut, perpetual
      attributes: half, newton on
      pair build: half/bin/atomonly/newton
      stencil: half/bin/3d/newton
      bin: standard
Per MPI rank memory allocation (min/avg/max) = 2.742 | 2.742 | 2.742 Mbytes
Step Temp Press TotEng 
       0          1.3   -1.5083039   -1.2814364 
    1000    1.2289729   0.29564569  -0.97543698 
    2000    1.3224933   0.38972861   -0.7812485 
    3000    1.2695505   0.30696983  -0.89599566 
    4000    1.3141122   0.42737998  -0.80964391 
    5000    1.3020349    0.3570668  -0.83390925 
    6000     1.292968   0.30968705  -0.87332268 
    7000    1.3210893   0.36111101  -0.83651442 
    8000    1.3042524   0.30996684   -0.8519005 
    9000    1.3456887   0.43758985  -0.75891965 
   10000    1.2607143   0.36643858  -0.89999209 
   11000    1.3121401   0.43107745  -0.81093099 
   12000    1.2895205   0.36845021  -0.85110051 
   13000    1.2282191   0.23172104  -0.98160481 
   14000    1.3003914    0.5117001  -0.84710214 
   15000     1.328059   0.24706911   -0.8430501 
   16000    1.2874126   0.28329545   -0.9030131 
   17000    1.3199669   0.47375587  -0.77485387 
   18000    1.2795005   0.30020055  -0.87427288 
   19000    1.3155255   0.26971975  -0.83607845 
   20000    1.3254254   0.35715149  -0.83212508 
   21000    1.2930082   0.35439597  -0.84643121 
   22000    1.3264868    0.3527413   -0.8080126 
   23000    1.2627523    0.4307241  -0.83808549 
   24000    1.2979719   0.44967589  -0.82767418 
   25000    1.3126889   0.46549246  -0.77668571 
   26000    1.2955413   0.26667526  -0.89492564 
   27000    1.3022048   0.42947895  -0.80319429 
   28000    1.2943628   0.39212027  -0.83853199 
   29000    1.2940073    0.4020473  -0.83435667 
   30000    1.3226243   0.37691456  -0.79885315 
   31000    1.2739626   0.35107816  -0.87515975 
   32000    1.3124415   0.50981054  -0.79908643 
   33000    1.2278122    0.3202282  -0.95373981 
   34000    1.3258235   0.37555911  -0.82234198 
   35000     1.266449   0.42774156  -0.88304603 
   36000    1.2631942   0.31859945  -0.90207588 
   37000    1.3015985   0.41087585  -0.81249197 
   38000    1.2450272   0.29888021  -0.90953647 
   39000    1.3258564   0.53469107  -0.76223003 
   40000    1.2855882   0.39354616  -0.84871397 
   41000     1.309697   0.36453266  -0.84293836 
   42000    1.3452141   0.39742738  -0.74206846 
   43000    1.2814953   0.35388554  -0.86020571 
   44000    1.3281676   0.36014245  -0.78085449 
   45000    1.3166156   0.34161506  -0.82071792 
   46000    1.2633283     0.500348  -0.85644801 
   47000    1.3148493   0.41305156  -0.77488799 
   48000     1.253182   0.38958486  -0.91765246 
   49000    1.3348052    0.2848337  -0.81644021 
   50000    1.2807682   0.33625406  -0.86152064 
Loop time of 23.3233 on 1 procs for 50000 steps with 1331 atoms

Performance: 740889.243 tau/day, 2143.777 timesteps/s
99.9% CPU use with 1 MPI tasks x no OpenMP threads

MPI task timing breakdown:
Section |  min time  |  avg time  |  max time  |%varavg| %total
---------------------------------------------------------------
Pair    | 18.359     | 18.359     | 18.359     |   0.0 | 78.72
Neigh   | 3.3907     | 3.3907     | 3.3907     |   0.0 | 14.54
Comm    | 0.59122    | 0.59122    | 0.59122    |   0.0 |  2.53
Output  | 0.023714   | 0.023714   | 0.023714   |   0.0 |  0.10
Modify  | 0.84018    | 0.84018    | 0.84018    |   0.0 |  3.60
Other   |            | 0.1185     |            |       |  0.51

Nlocal:    1331 ave 1331 max 1331 min
Histogram: 1 0 0 0 0 0 0 0 0 0
Nghost:    2330 ave 2330 max 2330 min
Histogram: 1 0 0 0 0 0 0 0 0 0
Neighs:    29415 ave 29415 max 29415 min
Histogram: 1 0 0 0 0 0 0 0 0 0

Total # of neighbors = 29415
Ave neighs/atom = 22.0999
Neighbor list builds = 2500
Dangerous builds not checked

write_restart NVT/sim1/T_1.30__v_1.73/end1.restart
Total wall time: 0:00:23
