run 50000
Neighbor list info ...
  update every 20 steps, delay 0 steps, check no
  max neighbors/atom: 2000, page size: 100000
  master list distance cutoff = 2.8
  ghost atom cutoff = 2.8
  binsize = 1.4, bins = 16 16 16
  1 neighbor lists, perpetual/occasional/extra = 1 0 0
  (1) pair lj/cut, perpetual
      attributes: half, newton on
      pair build: half/bin/atomonly/newton
      stencil: half/bin/3d/newton
      bin: standard
Per MPI rank memory allocation (min/avg/max) = 2.7 | 2.7 | 2.7 Mbytes
Step Temp Press Volume Density PotEng KinEng TotEng 
       0            1  0.079495929        10648        0.125  -0.13561964     1.498873    1.3632534 
    1000    1.5959861   0.33432806    5599.3068     0.237708   -1.3030921    2.3921805    1.0890884 
    2000    1.3987676   0.28816078    3732.0043   0.35664482   -2.0862043     2.096575  0.010370649 
    3000    1.2654313   0.35324051    2716.6986    0.4899329   -2.8620362    1.8967209  -0.96531525 
    4000     1.190359   0.66703991    2128.6476   0.62527963   -3.6127171     1.784197     -1.82852 
    5000     1.109818    1.0735407     1834.768   0.72543233   -4.2116121    1.6634763   -2.5481358 
    6000    1.0006122    1.4242317    1710.2422   0.77825233   -4.5686603    1.4997906   -3.0688697 
    7000   0.97045307    1.4426519    1666.6903   0.79858868   -4.7353606    1.4545859   -3.2807747 
    8000    1.0021852     1.503478    1678.2213   0.79310158    -4.676559    1.5021483   -3.1744107 
    9000    1.0007135    1.6837454    1702.1637   0.78194594   -4.5356884    1.4999425    -3.035746 
   10000    1.0034065    1.3422539    1702.9184    0.7815994   -4.6088306    1.5039789   -3.1048517 
   11000    1.0014818    1.5321967    1677.9964    0.7932079   -4.6728677     1.501094   -3.1717737 
   12000    1.0096041    1.5938887    1674.8195   0.79471249   -4.6754061    1.5132683   -3.1621378 
   13000    1.0196476    1.4272631    1693.2552   0.78605989   -4.6348222    1.5283223   -3.1064999 
   14000     1.002521    1.5151776    1692.8754   0.78623623   -4.6190682    1.5026517   -3.1164164 
   15000   0.98538268    1.5161924    1680.0187   0.79225309      -4.6775    1.4769635   -3.2005365 
   16000   0.97924052    1.2840389    1697.9828    0.7838713   -4.6311359    1.4677572   -3.1633787 
   17000    1.0036042    1.5249991    1702.8529   0.78162944   -4.5755717    1.5042753   -3.0712963 
   18000    1.0184264    1.6919889    1677.7189   0.79333908   -4.6380733    1.5264918   -3.1115815 
   19000   0.99625448    1.6020273    1675.2116   0.79452647   -4.6596973     1.493259   -3.1664384 
   20000   0.98573459    1.2021824    1699.6383   0.78310781    -4.642814     1.477491   -3.1653231 
   21000    0.9524674    1.6241489     1700.474   0.78272295   -4.5524799    1.4276277   -3.1248522 
   22000   0.99992102    1.3624341    1697.1288   0.78426575   -4.6214789    1.4987546   -3.1227242 
   23000   0.97777755     1.652033    1684.7115   0.79004626   -4.6222865    1.4655644   -3.1567222 
   24000   0.99750999    1.5344702    1688.6315   0.78821222   -4.6242033    1.4951408   -3.1290624 
   25000   0.99969252    1.7125711    1683.1312   0.79078805   -4.6099528    1.4984122   -3.1115407 
   26000   0.99702893    1.6879124     1684.427   0.79017969   -4.6037376    1.4944198   -3.1093178 
   27000   0.99681453      1.18114    1706.3105    0.7800456   -4.6411137    1.4940984   -3.1470153 
   28000   0.97688238    1.7428273    1682.5296   0.79107078   -4.5993094    1.4642226   -3.1350868 
   29000    1.0216475    1.3592389    1688.0452   0.78848599   -4.6639686    1.5313199   -3.1326486 
   30000    1.0059883    1.5784964    1680.2827   0.79212862   -4.6413391    1.5078488   -3.1334904 
   31000   0.99101919     1.350238    1692.6692   0.78633202    -4.632741    1.4854119    -3.147329 
   32000    1.0022688    1.4488752     1690.814   0.78719482   -4.6318546    1.5022737   -3.1295809 
   33000    1.0275696      1.73833    1676.0963   0.79410711   -4.6333519    1.5401964   -3.0931554 
   34000    1.0094307    1.4915528    1684.5282    0.7901322   -4.6479609    1.5130084   -3.1349525 
   35000   0.98312837    1.3263805    1683.5249    0.7906031   -4.6727323    1.4735846   -3.1991477 
   36000    1.0062836    1.4754817    1676.4125   0.79395734   -4.6909214    1.5082913   -3.1826301 
   37000   0.99522242    1.4015513    1699.4053   0.78321518   -4.6028077     1.491712   -3.1110957 
   38000   0.99694464    1.5982089    1686.0868   0.78940181   -4.6264265    1.4942934   -3.1321331 
   39000    0.9805797    1.2719868    1685.9186   0.78948058   -4.6812393    1.4697645   -3.2114748 
   40000   0.98209891    1.6199476    1689.6251    0.7877487   -4.5983493    1.4720416   -3.1263078 
   41000    1.0256272    1.9423491    1671.1511     0.796457   -4.6262683    1.5372849   -3.0889833 
   42000   0.98117887    1.6009008    1688.1723   0.78842662   -4.6092208    1.4706625   -3.1385583 
   43000   0.96494255    1.3643126    1677.3133   0.79353094   -4.6980433    1.4463264    -3.251717 
   44000    0.9732432    1.4362583    1689.7337   0.78769809   -4.6201925     1.458768   -3.1614245 
   45000    1.0337654    1.5383022    1677.6978   0.79334909   -4.6588881     1.549483   -3.1094051 
   46000   0.99767907    1.7239695    1668.8753    0.7975431   -4.6763646    1.4953943   -3.1809703 
   47000    1.0040906    1.2483503    1683.6521   0.79054338   -4.7109962    1.5050043    -3.205992 
   48000   0.99138178    1.5703747    1692.9898    0.7861831   -4.6029517    1.4859554   -3.1169963 
   49000    1.0175284    1.3033944    1688.2266   0.78840128   -4.6767382    1.5251458   -3.1515924 
   50000   0.98850625    1.8909992    1653.5722   0.80492404   -4.6925744    1.4816454   -3.2109291 
Loop time of 41.5502 on 1 procs for 50000 steps with 1331 atoms

Performance: 415882.074 tau/day, 1203.362 timesteps/s
99.8% CPU use with 1 MPI tasks x no OpenMP threads

MPI task timing breakdown:
Section |  min time  |  avg time  |  max time  |%varavg| %total
---------------------------------------------------------------
Pair    | 33.059     | 33.059     | 33.059     |   0.0 | 79.57
Neigh   | 5.0722     | 5.0722     | 5.0722     |   0.0 | 12.21
Comm    | 0.82962    | 0.82962    | 0.82962    |   0.0 |  2.00
Output  | 0.028334   | 0.028334   | 0.028334   |   0.0 |  0.07
Modify  | 2.3467     | 2.3467     | 2.3467     |   0.0 |  5.65
Other   |            | 0.2139     |            |       |  0.51

Nlocal:    1331 ave 1331 max 1331 min
Histogram: 1 0 0 0 0 0 0 0 0 0
Nghost:    2947 ave 2947 max 2947 min
Histogram: 1 0 0 0 0 0 0 0 0 0
Neighs:    47822 ave 47822 max 47822 min
Histogram: 1 0 0 0 0 0 0 0 0 0

Total # of neighbors = 47822
Ave neighs/atom = 35.9294
Neighbor list builds = 2500
Dangerous builds not checked

write_restart lattice_11_11_11__2_2_2/sim1/T_1.00__P_1.50/end1.restart
Total wall time: 0:00:41
