run 50000
Neighbor list info ...
  update every 20 steps, delay 0 steps, check no
  max neighbors/atom: 2000, page size: 100000
  master list distance cutoff = 2.8
  ghost atom cutoff = 2.8
  binsize = 1.4, bins = 16 16 16
  1 neighbor lists, perpetual/occasional/extra = 1 0 0
  (1) pair lj/cut, perpetual
      attributes: half, newton on
      pair build: half/bin/atomonly/newton
      stencil: half/bin/3d/newton
      bin: standard
Per MPI rank memory allocation (min/avg/max) = 2.7 | 2.7 | 2.7 Mbytes
Step Temp Press Volume Density PotEng KinEng TotEng 
       0          1.7   0.16693019        10648        0.125  -0.13561964    2.5480841    2.4124645 
    1000    1.9027967   0.23823044    9336.6496   0.14255649  -0.79212885    2.8520507    2.0599219 
    2000    1.6932593   0.27441849    8187.1855   0.16257113  -0.86875949    2.5379807    1.6692212 
    3000    1.6933352   0.26481266    7364.0454   0.18074305   -1.0450221    2.5380944    1.4930723 
    4000    1.6737768     0.315762    6786.0849   0.19613666   -1.0767956    2.5087789    1.4319833 
    5000    1.7020908   0.24663741    6480.8934   0.20537292   -1.1816742     2.551218    1.3695439 
    6000    1.6686398   0.27322625    6320.4884   0.21058499   -1.1784533    2.5010793    1.3226259 
    7000    1.7271275   0.30180884    6195.9005   0.21481946    -1.232017    2.5887449    1.3567279 
    8000    1.6708512   0.28029584    6171.3189   0.21567513   -1.2430682    2.5043939    1.2613257 
    9000    1.7469515   0.31241845     6133.763   0.21699567   -1.2117875    2.6184586    1.4066711 
   10000    1.6294702   0.27148398    6400.7818   0.20794335   -1.2149489    2.4423689      1.22742 
   11000    1.7507804   0.29043861     6255.628   0.21276841   -1.2066399    2.6241976    1.4175576 
   12000    1.6747071   0.28517976    6341.4151   0.20989006   -1.2236683    2.5101734    1.2865051 
   13000    1.7547557   0.29255795      6205.72   0.21447955   -1.2231249    2.6301559    1.4070311 
   14000    1.6509884   0.28275448    6254.2673    0.2128147   -1.2408585     2.474622    1.2337635 
   15000    1.7384098   0.30985664    6058.6609   0.21968551   -1.2410407    2.6056556     1.364615 
   16000    1.6573321   0.30027302    6189.0664   0.21505667   -1.2457428    2.4841305    1.2383876 
   17000    1.6973051    0.2859108    6297.6377   0.21134909   -1.2153269    2.5440449     1.328718 
   18000    1.7167492   0.34436355    6372.2757   0.20887357   -1.1804405     2.573189    1.3927485 
   19000    1.6351733   0.28230825    6396.3034   0.20808894   -1.1589726    2.4509172    1.2919446 
   20000    1.7201984   0.32172132    6105.4008   0.21800371   -1.1955988    2.5783589    1.3827601 
   21000    1.6554666   0.30360164    6205.2242   0.21449668   -1.2199319    2.4813342    1.2614023 
   22000    1.7099145   0.29908258    6326.4332   0.21038711   -1.1950142    2.5629448    1.3679306 
   23000     1.691304   0.32413976    6634.0394   0.20063191   -1.1323087    2.5350499    1.4027413 
   24000     1.733456    0.2593972    6807.5447   0.19551836   -1.1195338    2.5982305    1.4786967 
   25000     1.736941   0.26327299    6541.6881    0.2034643   -1.1835891     2.603454    1.4198649 
   26000    1.6900184   0.31384395    6201.2969   0.21463252   -1.2050602     2.533123    1.3280628 
   27000    1.6993141   0.27333254    6209.3241   0.21435505   -1.2326928     2.547056    1.3143632 
   28000    1.7569019   0.34484764    6295.5193   0.21142021   -1.1789339    2.6333728    1.4544389 
   29000    1.6617021   0.24119808    6575.3486   0.20242273   -1.1838966    2.4906804    1.3067838 
   30000    1.7432722   0.33222803     6206.756   0.21444374   -1.2141044    2.6129437    1.3988393 
   31000    1.6226853   0.30504365      6253.85    0.2128289   -1.1756171    2.4321992    1.2565821 
   32000    1.7295156   0.30255632    6158.6869    0.2161175   -1.2141607    2.5923243    1.3781636 
   33000    1.6563052    0.2881093    6369.9613   0.20894946   -1.1708071    2.4825912    1.3117841 
   34000    1.7105597   0.30607981     6435.113   0.20683398   -1.1394264    2.5639119    1.4244854 
   35000    1.6739489   0.29853589    6377.3512   0.20870734   -1.1305547    2.5090369    1.3784822 
   36000    1.6791811   0.27909928    6197.0848   0.21477841   -1.2109689    2.5168793    1.3059104 
   37000    1.7183224   0.28686054    5884.7321   0.22617852   -1.2861389    2.5755471    1.2894082 
   38000    1.6318844   0.29039305    6074.6329   0.21910789   -1.2364504    2.4459875    1.2095371 
   39000    1.7337701   0.32131877    6211.3551   0.21428496   -1.2312942    2.5987013    1.3674071 
   40000    1.6813655   0.33456071    6352.5192   0.20952318   -1.1510351    2.5201534    1.3691183 
   41000    1.7217376   0.30344874    6418.2495   0.20737742   -1.1930522    2.5806661    1.3876139 
   42000    1.6744031   0.26228045    6358.2537   0.20933421   -1.2144455    2.5097177    1.2952722 
   43000    1.7615901   0.34024146     6018.906   0.22113653   -1.2527967    2.6403999    1.3876032 
   44000    1.6533244   0.26642926     6201.355   0.21463051   -1.2307967    2.4781233    1.2473265 
   45000    1.6902094   0.25451108    6478.0463   0.20546318   -1.1915755    2.5334093    1.3418338 
   46000     1.697915   0.27549178    6716.6445   0.19816443   -1.1168792     2.544959    1.4280798 
   47000    1.7468367   0.32674449    6400.3093    0.2079587   -1.1799048    2.6182864    1.4383816 
   48000    1.7061513   0.32346543    6084.6386   0.21874758   -1.2128509    2.5573042    1.3444533 
   49000    1.6670302   0.31280059    6102.0647   0.21812289   -1.2393261    2.4986666    1.2593405 
   50000    1.7112294   0.33971439    6248.9522   0.21299571   -1.1662169    2.5649155    1.3986987 
Loop time of 14.4817 on 1 procs for 50000 steps with 1331 atoms

Performance: 1193229.061 tau/day, 3452.630 timesteps/s
99.9% CPU use with 1 MPI tasks x no OpenMP threads

MPI task timing breakdown:
Section |  min time  |  avg time  |  max time  |%varavg| %total
---------------------------------------------------------------
Pair    | 9.2013     | 9.2013     | 9.2013     |   0.0 | 63.54
Neigh   | 2.6642     | 2.6642     | 2.6642     |   0.0 | 18.40
Comm    | 0.46323    | 0.46323    | 0.46323    |   0.0 |  3.20
Output  | 0.024276   | 0.024276   | 0.024276   |   0.0 |  0.17
Modify  | 2.0232     | 2.0232     | 2.0232     |   0.0 | 13.97
Other   |            | 0.1055     |            |       |  0.73

Nlocal:    1331 ave 1331 max 1331 min
Histogram: 1 0 0 0 0 0 0 0 0 0
Nghost:    1596 ave 1596 max 1596 min
Histogram: 1 0 0 0 0 0 0 0 0 0
Neighs:    13191 ave 13191 max 13191 min
Histogram: 1 0 0 0 0 0 0 0 0 0

Total # of neighbors = 13191
Ave neighs/atom = 9.91059
Neighbor list builds = 2500
Dangerous builds not checked

write_restart lattice_11_11_11__2_2_2/sim1/T_1.70__P_0.30/end1.restart
Total wall time: 0:00:14
