run 50000
Neighbor list info ...
  update every 20 steps, delay 0 steps, check no
  max neighbors/atom: 2000, page size: 100000
  master list distance cutoff = 2.8
  ghost atom cutoff = 2.8
  binsize = 1.4, bins = 23 23 23
  1 neighbor lists, perpetual/occasional/extra = 1 0 0
  (1) pair lj/cut, perpetual
      attributes: half, newton on
      pair build: half/bin/atomonly/newton
      stencil: half/bin/3d/newton
      bin: standard
Per MPI rank memory allocation (min/avg/max) = 2.748 | 2.748 | 2.748 Mbytes
Step Temp Press TotEng 
       0            1  0.043168842     1.486544 
    1000    1.0519138  0.041218026    1.2876345 
    2000   0.98459549  0.036050996    1.1428299 
    3000    1.0156524   0.03716834     1.185893 
    4000   0.99138779  0.035237162    1.1125257 
    5000   0.99981743  0.037619096    1.1423248 
    6000    1.0113286   0.03475517    1.1459587 
    7000    0.9827415  0.037590102    1.0982666 
    8000    1.0435023  0.037442275    1.1764607 
    9000    0.9776851  0.037530136    1.1041038 
   10000    1.0463549  0.036891458    1.2059902 
   11000    1.0052486  0.038857654    1.1422186 
   12000   0.98624801   0.03621651    1.1353071 
   13000    1.0137703  0.036469405    1.1482486 
   14000   0.97121507  0.035128061    1.0779019 
   15000    1.0346812  0.037492487    1.1775501 
   16000   0.99690578   0.03660762    1.0915003 
   17000    1.0065525   0.03991466    1.1442304 
   18000    1.0167558     0.035326    1.1346136 
   19000   0.99460513  0.034302084    1.1276402 
   20000    1.0584304  0.040123093    1.2399613 
   21000   0.98576699  0.036471833    1.1345827 
   22000    1.0074988  0.036340547    1.1295531 
   23000    1.0051335   0.03501834    1.1650883 
   24000   0.97130416  0.034041917    1.0817043 
   25000    1.0188073  0.038507526    1.1878281 
   26000   0.99735094  0.034897018    1.1411066 
   27000    1.0185946  0.037261714    1.1664868 
   28000   0.99594558   0.03369103     1.119168 
   29000   0.99957268  0.037475257    1.1204275 
   30000    0.9992184  0.038080899    1.1569895 
   31000   0.98314468  0.035922373     1.099621 
   32000    1.0067975  0.035314169    1.1382755 
   33000   0.96118667  0.033037215    1.0843867 
   34000    1.0270037  0.041347768    1.1833982 
   35000   0.98328397   0.03463689     1.094207 
   36000    1.0026889  0.035686674    1.1309783 
   37000    1.0066205  0.040157109    1.1350232 
   38000   0.98446168  0.032735923    1.1071076 
   39000    1.0310197  0.038430913    1.1982771 
   40000   0.97037771  0.034502203    1.0959055 
   41000    0.9972806   0.03754051    1.1480047 
   42000   0.97598042  0.038312624    1.1236752 
   43000   0.97294385   0.03711019    1.0935365 
   44000    1.0067594  0.035708021    1.1465896 
   45000    1.0342386  0.037828634    1.1697383 
   46000   0.98015759  0.036730288    1.0910101 
   47000    1.0127737  0.036037483    1.1605201 
   48000    1.0130749  0.038423763    1.1315481 
   49000   0.97430665  0.033297195     1.101682 
   50000     1.023449  0.037137233    1.1637749 
Loop time of 4.47616 on 1 procs for 50000 steps with 1331 atoms

Performance: 3860455.637 tau/day, 11170.300 timesteps/s
99.6% CPU use with 1 MPI tasks x no OpenMP threads

MPI task timing breakdown:
Section |  min time  |  avg time  |  max time  |%varavg| %total
---------------------------------------------------------------
Pair    | 2.2246     | 2.2246     | 2.2246     |   0.0 | 49.70
Neigh   | 1.0484     | 1.0484     | 1.0484     |   0.0 | 23.42
Comm    | 0.25414    | 0.25414    | 0.25414    |   0.0 |  5.68
Output  | 0.023131   | 0.023131   | 0.023131   |   0.0 |  0.52
Modify  | 0.84815    | 0.84815    | 0.84815    |   0.0 | 18.95
Other   |            | 0.0777     |            |       |  1.74

Nlocal:    1331 ave 1331 max 1331 min
Histogram: 1 0 0 0 0 0 0 0 0 0
Nghost:    854 ave 854 max 854 min
Histogram: 1 0 0 0 0 0 0 0 0 0
Neighs:    3181 ave 3181 max 3181 min
Histogram: 1 0 0 0 0 0 0 0 0 0

Total # of neighbors = 3181
Ave neighs/atom = 2.38993
Neighbor list builds = 2500
Dangerous builds not checked

write_restart NVT/sim1/T_1.00__v_24.39/end1.restart
Total wall time: 0:00:04
