run 50000
Neighbor list info ...
  update every 20 steps, delay 0 steps, check no
  max neighbors/atom: 2000, page size: 100000
  master list distance cutoff = 2.8
  ghost atom cutoff = 2.8
  binsize = 1.4, bins = 16 16 16
  1 neighbor lists, perpetual/occasional/extra = 1 0 0
  (1) pair lj/cut, perpetual
      attributes: half, newton on
      pair build: half/bin/atomonly/newton
      stencil: half/bin/3d/newton
      bin: standard
Per MPI rank memory allocation (min/avg/max) = 2.7 | 2.7 | 2.7 Mbytes
Step Temp Press Volume Density PotEng KinEng TotEng 
       0          0.2 -0.020428939        10648        0.125  -0.13561964   0.29977461   0.16415497 
    1000   0.72887148 -0.025233256     4651.651   0.28613496   -2.0411965    1.0924858  -0.94871072 
    2000   0.61513249  -0.22097381    2619.9618   0.50802267   -3.7595349    0.9220055   -2.8375294 
    3000   0.50987261 -0.063561014    1687.9265   0.78854146    -5.226809    0.7642343   -4.4625747 
    4000   0.36189089   0.44842339    1426.5173   0.93304162   -6.0400459   0.54242849   -5.4976174 
    5000   0.24068129    0.4972671    1370.7261   0.97101824   -6.3769532   0.36075069   -6.0162025 
    6000   0.18071498    0.5318444    1351.2903   0.98498451   -6.4984438   0.27086881    -6.227575 
    7000   0.19574481   0.43993767    1352.0882   0.98440321   -6.5104003   0.29339662   -6.2170037 
    8000   0.22252573   0.54030605    1355.7947   0.98171203   -6.4740407   0.33353781   -6.1405028 
    9000   0.19599241   0.48141301    1350.4448   0.98560121   -6.5157262   0.29376774   -6.2219584 
   10000   0.18279505   0.53660477    1347.5288   0.98773398   -6.5253098   0.27398657   -6.2513232 
   11000   0.20645726   0.49357187    1352.4395   0.98414756   -6.4965257   0.30945322   -6.1870725 
   12000   0.19946954    0.4690499     1348.978   0.98667287   -6.5270531   0.29897951   -6.2280736 
   13000    0.1852507   0.57913094    1344.6976   0.98981361   -6.5379488   0.27766727   -6.2602815 
   14000   0.20294405   0.53976294    1350.2445   0.98574743   -6.5093122   0.30418736   -6.2051248 
   15000   0.20072714   0.50722195    1350.2487   0.98574433     -6.51518    0.3008645   -6.2143155 
   16000   0.19081485   0.60613033    1342.6146   0.99134928   -6.5486912   0.28600724    -6.262684 
   17000   0.19906935   0.36200507    1352.0327   0.98444368   -6.5249436   0.29837968   -6.2265639 
   18000    0.2028698   0.57694921    1348.6644   0.98690229   -6.5120416   0.30407608   -6.2079655 
   19000   0.19653635   0.59896692    1342.6655   0.99131166   -6.5534386   0.29458303   -6.2588555 
   20000    0.2019161   0.38653915    1349.1353   0.98655786    -6.544999   0.30264659   -6.2423524 
   21000   0.20698013   0.62467369    1347.6805   0.98762283   -6.5128584   0.31023694   -6.2026215 
   22000   0.19526992   0.51189927    1346.9544   0.98815518   -6.5377881   0.29268482   -6.2451033 
   23000   0.19428643   0.42771758    1348.1827   0.98725495   -6.5436715    0.2912107   -6.2524608 
   24000   0.20563729   0.58996552    1347.5755   0.98769977   -6.5218554   0.30822418   -6.2136312 
   25000    0.1965744   0.56532058    1346.0687   0.98880539   -6.5337616   0.29464006   -6.2391215 
   26000   0.19380482   0.35389226    1347.6823   0.98762152   -6.5561754   0.29048881   -6.2656865 
   27000   0.20591568   0.54859332    1345.3125   0.98936118    -6.541812   0.30864147   -6.2331705 
   28000   0.20594074   0.48064577    1346.6632    0.9883689   -6.5436942   0.30867903   -6.2350152 
   29000   0.19530055   0.50967577    1344.1331   0.99022932   -6.5580355   0.29273073   -6.2653048 
   30000   0.19851559   0.54433044    1345.0875   0.98952667   -6.5426464   0.29754966   -6.2450968 
   31000   0.20789705   0.41100915    1349.0916   0.98658979   -6.5428165   0.31161128   -6.2312053 
   32000   0.20103778   0.70825159    1339.0284   0.99400432   -6.5610833    0.3013301   -6.2597532 
   33000   0.18947487   0.45511121    1347.8009   0.98753457   -6.5411194   0.28399878   -6.2571206 
   34000   0.20926145   0.55318711    1345.1713   0.98946505   -6.5399774   0.31365634   -6.2263211 
   35000   0.19883498   0.33674144    1348.6419   0.98691879   -6.5525514   0.29802839    -6.254523 
   36000   0.19216567   0.54283813    1343.6592   0.99057853   -6.5522322   0.28803194   -6.2642003 
   37000    0.1988795   0.49141515    1347.6841   0.98762014   -6.5328669   0.29809511   -6.2347718 
   38000    0.2018637   0.51821157    1345.6935   0.98908113   -6.5459252   0.30256805   -6.2433572 
   39000   0.19775883    0.4927404    1343.6429   0.99059058   -6.5624145   0.29641538   -6.2659991 
   40000   0.20061299   0.49123344     1346.608   0.98840936   -6.5420447    0.3006934   -6.2413513 
   41000   0.20794544   0.70961559    1340.8058   0.99268665   -6.5460709   0.31168382   -6.2343871 
   42000   0.19170944   0.32120704     1348.982   0.98666993   -6.5539418   0.28734812   -6.2665937 
   43000   0.20287663   0.53757804    1343.6301   0.99060003   -6.5554904   0.30408631   -6.2514041 
   44000   0.20081226   0.56501567    1345.3894   0.98930463   -6.5380684   0.30099208   -6.2370764 
   45000   0.19657063   0.48186544    1344.8099   0.98973093   -6.5548175   0.29463441   -6.2601831 
   46000   0.19540373    0.4475357    1345.9643   0.98888212   -6.5520508   0.29288538   -6.2591654 
   47000   0.20317813   0.64358541    1342.3537   0.99154197   -6.5449857   0.30453822   -6.2404475 
   48000    0.1965107   0.44900198    1346.3691   0.98858477   -6.5501115   0.29454459   -6.2555669 
   49000   0.19691528    0.4469868     1345.586   0.98916011   -6.5563592   0.29515101   -6.2612082 
   50000   0.20362449   0.55782193    1343.6518   0.99058401   -6.5487679   0.30520725   -6.2435607 
Loop time of 43.5584 on 1 procs for 50000 steps with 1331 atoms

Performance: 396708.626 tau/day, 1147.884 timesteps/s
100.0% CPU use with 1 MPI tasks x no OpenMP threads

MPI task timing breakdown:
Section |  min time  |  avg time  |  max time  |%varavg| %total
---------------------------------------------------------------
Pair    | 35.392     | 35.392     | 35.392     |   0.0 | 81.25
Neigh   | 5.1085     | 5.1085     | 5.1085     |   0.0 | 11.73
Comm    | 0.74945    | 0.74945    | 0.74945    |   0.0 |  1.72
Output  | 0.026088   | 0.026088   | 0.026088   |   0.0 |  0.06
Modify  | 2.0519     | 2.0519     | 2.0519     |   0.0 |  4.71
Other   |            | 0.2303     |            |       |  0.53

Nlocal:    1331 ave 1331 max 1331 min
Histogram: 1 0 0 0 0 0 0 0 0 0
Nghost:    3253 ave 3253 max 3253 min
Histogram: 1 0 0 0 0 0 0 0 0 0
Neighs:    58654 ave 58654 max 58654 min
Histogram: 1 0 0 0 0 0 0 0 0 0

Total # of neighbors = 58654
Ave neighs/atom = 44.0676
Neighbor list builds = 2500
Dangerous builds not checked

write_restart lattice_11_11_11__2_2_2/sim1/T_0.20__P_0.50/end1.restart
Total wall time: 0:00:43
