run 50000
Neighbor list info ...
  update every 20 steps, delay 0 steps, check no
  max neighbors/atom: 2000, page size: 100000
  master list distance cutoff = 2.8
  ghost atom cutoff = 2.8
  binsize = 1.4, bins = 16 16 16
  1 neighbor lists, perpetual/occasional/extra = 1 0 0
  (1) pair lj/cut, perpetual
      attributes: half, newton on
      pair build: half/bin/atomonly/newton
      stencil: half/bin/3d/newton
      bin: standard
Per MPI rank memory allocation (min/avg/max) = 2.7 | 2.7 | 2.7 Mbytes
Step Temp Press Volume Density PotEng KinEng TotEng 
       0          1.3   0.11696776        10648        0.125  -0.13561964    1.9485349    1.8129153 
    1000    1.7200592   0.28915478    7203.5002   0.18477129    -1.014945    2.5781503    1.5632053 
    2000    1.5055051   0.22209952    5493.6414    0.2422801   -1.4266843     2.256561   0.82987669 
    3000    1.3719535   0.23233331    4361.8935   0.30514271   -1.7798535    2.0563841   0.27653067 
    4000    1.3414158   0.32421112    3588.4936   0.37090773   -2.1624771     2.010612  -0.15186507 
    5000    1.3237864   0.47878757    3044.0623   0.43724466   -2.4871536    1.9841877  -0.50296593 
    6000     1.311472   0.54379686    2663.8442   0.49965385   -2.8346615      1.96573  -0.86893147 
    7000    1.3134921   0.61388929    2425.1966   0.54882148   -3.1419883    1.9687578   -1.1732305 
    8000    1.2698726   0.89864919     2276.471    0.5846769   -3.2788807    1.9033778   -1.3755029 
    9000    1.3040188   0.66578044     2228.218   0.59733833   -3.4416331    1.9545587   -1.4870744 
   10000    1.3085893   0.54357393    2223.5155   0.59860163   -3.4389147    1.9614092   -1.4775055 
   11000    1.3115769   0.73004467    2262.3274   0.58833216    -3.352256    1.9658872   -1.3863688 
   12000     1.299361   0.82327842    2270.4469   0.58622821    -3.307723    1.9475772   -1.3601458 
   13000    1.3128617   0.66327018    2248.3759   0.59198285   -3.3890495    1.9678131   -1.4212364 
   14000    1.2644469   0.69829128    2248.5878   0.59192708   -3.3753983    1.8952453    -1.480153 
   15000    1.3337082   0.65551815    2257.7495   0.58952511   -3.3902241    1.9990593   -1.3911648 
   16000    1.3429289   0.73211156    2256.1287   0.58994862   -3.3168329    2.0128799    -1.303953 
   17000    1.2905527   0.64676096    2254.3727   0.59040814   -3.3725036    1.9343746   -1.4381291 
   18000    1.2388302   0.60721153    2234.1953   0.59574022   -3.3849074    1.8568491   -1.5280583 
   19000    1.2976418   0.49147405    2253.3612   0.59067316   -3.3889395    1.9450004   -1.4439392 
   20000    1.3003422   0.75957504    2286.1736   0.58219551   -3.2915198    1.9490479   -1.3424719 
   21000     1.335688   0.86130409    2242.5211   0.59352842   -3.3516248    2.0020267   -1.3495981 
   22000    1.3156166   0.63342364    2252.9787   0.59077345    -3.380012    1.9719422   -1.4080698 
   23000    1.2742427   0.74280835    2237.8209   0.59477504   -3.3758566     1.909928   -1.4659286 
   24000    1.2700061   0.72989469     2194.022   0.60664844   -3.4580258    1.9035778    -1.554448 
   25000    1.2984188   0.60673867    2274.8986   0.58508102   -3.3694538    1.9461649   -1.4232888 
   26000     1.369179   0.97230524    2233.6969   0.59587315   -3.3565294    2.0522255   -1.3043039 
   27000    1.3068952   0.67123718    2271.0858   0.58606329   -3.3529183    1.9588699   -1.3940484 
   28000    1.2690028   0.71948392    2268.1502   0.58682181   -3.3254541    1.9020741     -1.42338 
   29000    1.2787063   0.84275356    2187.3614   0.60849571   -3.4430442    1.9166184   -1.5264258 
   30000     1.313178   0.75594801    2167.7888   0.61398972   -3.5040377    1.9682871   -1.5357507 
   31000    1.2734506   0.63292622    2242.6503   0.59349423   -3.3771221    1.9087407   -1.4683813 
   32000    1.2837775   0.62545524    2275.4571   0.58493742    -3.344208    1.9242194   -1.4199886 
   33000    1.3228094   0.71749289    2287.6029   0.58183176   -3.2980319    1.9827234   -1.3153085 
   34000    1.2871098    0.6941738    2248.5701   0.59193174   -3.3545593    1.9292142   -1.4253451 
   35000    1.2737265   0.64497999    2222.6028   0.59884744   -3.4310431    1.9091543   -1.5218888 
   36000    1.3127652    0.6889203    2247.1857   0.59229641   -3.3670976    1.9676684   -1.3994292 
   37000    1.3373824   0.75496197    2259.0349   0.58918967   -3.3315551    2.0045664   -1.3269887 
   38000     1.320996   0.64336194    2244.3866   0.59303508   -3.4171273    1.9800052    -1.437122 
   39000    1.2486585   0.70797174    2242.9933   0.59340347   -3.3584086    1.8715806    -1.486828 
   40000    1.3342777   0.76603637    2266.6534   0.58720933    -3.323787    1.9999128   -1.3238742 
   41000    1.3601935   0.72762495    2275.0894   0.58503196   -3.3438591    2.0387573   -1.3051018 
   42000    1.3166596   0.69621988     2263.715   0.58797155   -3.3482621    1.9735056   -1.3747566 
   43000    1.2597234   0.65459486    2263.4408   0.58804276   -3.3379519    1.8881654   -1.4497865 
   44000     1.297251   0.72377422    2234.4621   0.59566909   -3.3967728    1.9444145   -1.4523583 
   45000    1.2969526   0.68471401    2234.5131   0.59565549   -3.3769946    1.9439673   -1.4330273 
   46000    1.3331849   0.78361924    2276.1672   0.58475494   -3.3161549    1.9982748   -1.3178801 
   47000    1.3180773   0.51963845    2261.3952   0.58857469   -3.3962969    1.9756305   -1.4206664 
   48000    1.2858786   0.50386327    2239.7769    0.5942556   -3.4332859    1.9273688   -1.5059172 
   49000    1.3331571   0.72277793    2241.1124    0.5939015   -3.3991074    1.9982331   -1.4008742 
   50000    1.3391304   0.69813915    2247.2926   0.59226823   -3.3704114    2.0071864    -1.363225 
Loop time of 33.171 on 1 procs for 50000 steps with 1331 atoms

Performance: 520936.402 tau/day, 1507.339 timesteps/s
99.5% CPU use with 1 MPI tasks x no OpenMP threads

MPI task timing breakdown:
Section |  min time  |  avg time  |  max time  |%varavg| %total
---------------------------------------------------------------
Pair    | 25.487     | 25.487     | 25.487     |   0.0 | 76.83
Neigh   | 4.3663     | 4.3663     | 4.3663     |   0.0 | 13.16
Comm    | 0.76358    | 0.76358    | 0.76358    |   0.0 |  2.30
Output  | 0.027019   | 0.027019   | 0.027019   |   0.0 |  0.08
Modify  | 2.3683     | 2.3683     | 2.3683     |   0.0 |  7.14
Other   |            | 0.1591     |            |       |  0.48

Nlocal:    1331 ave 1331 max 1331 min
Histogram: 1 0 0 0 0 0 0 0 0 0
Nghost:    2551 ave 2551 max 2551 min
Histogram: 1 0 0 0 0 0 0 0 0 0
Neighs:    35584 ave 35584 max 35584 min
Histogram: 1 0 0 0 0 0 0 0 0 0

Total # of neighbors = 35584
Ave neighs/atom = 26.7348
Neighbor list builds = 2500
Dangerous builds not checked

write_restart lattice_11_11_11__2_2_2/sim1/T_1.30__P_0.70/end1.restart
Total wall time: 0:00:33
