run 50000
Neighbor list info ...
  update every 20 steps, delay 0 steps, check no
  max neighbors/atom: 2000, page size: 100000
  master list distance cutoff = 2.8
  ghost atom cutoff = 2.8
  binsize = 1.4, bins = 8 8 8
  1 neighbor lists, perpetual/occasional/extra = 1 0 0
  (1) pair lj/cut, perpetual
      attributes: half, newton on
      pair build: half/bin/atomonly/newton
      stencil: half/bin/3d/newton
      bin: standard
Per MPI rank memory allocation (min/avg/max) = 2.797 | 2.797 | 2.797 Mbytes
Step Temp Press TotEng 
       0          1.4    106.17965    15.215314 
    1000    3.2139835    24.626712    2.2726918 
    2000    1.6890651    14.176078   -1.8079454 
    3000    1.2575413    10.807272   -3.0201685 
    4000    1.3504495    11.849585    -2.704905 
    5000    1.4772023    12.927059   -2.3274496 
    6000    1.3293618    11.391098   -2.8272242 
    7000    1.3685335    11.661112   -2.7073524 
    8000    1.4937595     12.51902   -2.3930936 
    9000    1.3018349    11.849392    -2.773907 
   10000    1.3709948    11.743006   -2.6996765 
   11000    1.4811057    12.297015   -2.4546056 
   12000    1.3400075    11.783698   -2.7423062 
   13000    1.3638552    11.867214   -2.6832487 
   14000    1.4697447    12.189837   -2.4875422 
   15000    1.3785478    11.644476   -2.7158838 
   16000    1.3524399    12.010683   -2.6707784 
   17000    1.4364048    12.306897   -2.5191033 
   18000     1.423082    11.343348   -2.7143811 
   19000     1.403783    11.728228   -2.6628146 
   20000    1.4702848    12.082661   -2.5042134 
   21000    1.4075116    11.545424   -2.6929557 
   22000    1.3958254    11.646556   -2.6909472 
   23000    1.4300423    12.443324   -2.4807614 
   24000    1.3866838    11.805116   -2.6794339 
   25000     1.362302    11.620785    -2.734576 
   26000    1.4812386    12.176021   -2.4662339 
   27000    1.4078779     11.66534    -2.666753 
   28000    1.4031291    11.273216   -2.7498554 
   29000    1.4222571    12.381855   -2.5000333 
   30000    1.3900698    11.812752   -2.6645456 
   31000    1.3346436    11.857987   -2.7261983 
   32000    1.4276912    12.494104   -2.4789631 
   33000    1.3919053    11.986084   -2.6288327 
   34000    1.3333021     11.73484   -2.7491086 
   35000    1.4627046    11.987647   -2.5341865 
   36000    1.3546149     12.24384   -2.6294026 
   37000    1.3828476    11.551445   -2.7249369 
   38000    1.4540096    11.968249   -2.5479165 
   39000    1.3787519    12.064254   -2.6375872 
   40000    1.3884501    11.601003   -2.7095103 
   41000    1.4309587    11.957215   -2.5780361 
   42000    1.4005787    11.866442   -2.6328126 
   43000    1.3678094    11.804635    -2.685674 
   44000    1.4533738    11.811258   -2.5755564 
   45000    1.4051961    11.947535   -2.6130176 
   46000     1.349257    11.773063    -2.708317 
   47000    1.4442103    11.740859   -2.6030842 
   48000    1.3970254    11.966885   -2.6254275 
   49000    1.3494179    12.278581   -2.6220364 
   50000    1.3558183    12.409243   -2.5869047 
Loop time of 43.0769 on 1 procs for 50000 steps with 1331 atoms

Performance: 401142.882 tau/day, 1160.714 timesteps/s
100.0% CPU use with 1 MPI tasks x no OpenMP threads

MPI task timing breakdown:
Section |  min time  |  avg time  |  max time  |%varavg| %total
---------------------------------------------------------------
Pair    | 35.994     | 35.994     | 35.994     |   0.0 | 83.56
Neigh   | 5.2033     | 5.2033     | 5.2033     |   0.0 | 12.08
Comm    | 0.76258    | 0.76258    | 0.76258    |   0.0 |  1.77
Output  | 0.020725   | 0.020725   | 0.020725   |   0.0 |  0.05
Modify  | 0.86267    | 0.86267    | 0.86267    |   0.0 |  2.00
Other   |            | 0.2332     |            |       |  0.54

Nlocal:    1331 ave 1331 max 1331 min
Histogram: 1 0 0 0 0 0 0 0 0 0
Nghost:    3254 ave 3254 max 3254 min
Histogram: 1 0 0 0 0 0 0 0 0 0
Neighs:    60099 ave 60099 max 60099 min
Histogram: 1 0 0 0 0 0 0 0 0 0

Total # of neighbors = 60099
Ave neighs/atom = 45.1533
Neighbor list builds = 2500
Dangerous builds not checked

write_restart NVT/sim1/T_1.40__v_0.73/end1.restart
Total wall time: 0:00:43
