run 50000
Neighbor list info ...
  update every 20 steps, delay 0 steps, check no
  max neighbors/atom: 2000, page size: 100000
  master list distance cutoff = 2.8
  ghost atom cutoff = 2.8
  binsize = 1.4, bins = 16 16 16
  1 neighbor lists, perpetual/occasional/extra = 1 0 0
  (1) pair lj/cut, perpetual
      attributes: half, newton on
      pair build: half/bin/atomonly/newton
      stencil: half/bin/3d/newton
      bin: standard
Per MPI rank memory allocation (min/avg/max) = 2.7 | 2.7 | 2.7 Mbytes
Step Temp Press Volume Density PotEng KinEng TotEng 
       0          1.7   0.16693019        10648        0.125  -0.13561964    2.5480841    2.4124645 
    1000    1.6176653   0.15007191    12739.489   0.10447829  -0.59469411    2.4246748    1.8299807 
    2000    1.6505277   0.14646972    14377.675  0.092574077  -0.53633285    2.4739314    1.9375985 
    3000    1.6889196   0.12656647    16054.013  0.082907621  -0.50245013     2.531476    2.0290259 
    4000    1.6990934   0.11928376    17640.371   0.07545193  -0.46035616    2.5467253    2.0863692 
    5000    1.7049682   0.10262983    18947.771  0.070245731  -0.42095961    2.5555308    2.1345712 
    6000    1.6908991  0.098931079    20000.748  0.066547511  -0.39094089    2.5344431    2.1435022 
    7000    1.6896898  0.099793428    20629.207  0.064520174  -0.37684659    2.5326304    2.1557838 
    8000    1.7629905   0.10266041    21108.772  0.063054355   -0.3884895    2.6424988    2.2540093 
    9000    1.6416899  0.094623794    21659.917  0.061449912   -0.3426888    2.4606847    2.1179959 
   10000    1.7682305   0.10648796    20904.465  0.063670607  -0.37022479     2.650353    2.2801282 
   11000    1.6439582   0.09342936    21053.597  0.063219601  -0.37387305    2.4640846    2.0902115 
   12000     1.735012   0.10704286    20648.743  0.064459131  -0.37015381    2.6005627    2.2304089 
   13000    1.6100281  0.090605826    20936.298  0.063573799  -0.37950237    2.4132278    2.0337254 
   14000    1.7192883   0.10704847     20122.66  0.066144337  -0.37935351    2.5769949    2.1976414 
   15000    1.6554709   0.10800073    20260.299  0.065694984  -0.40435692    2.4813406    2.0769837 
   16000    1.7248832   0.10218423    21374.975   0.06226908  -0.38676806    2.5853809    2.1986129 
   17000    1.7193066  0.098256795    22197.476  0.059961773   -0.3812079    2.5770223    2.1958144 
   18000    1.6862509   0.09956161    21367.169  0.062291828   -0.3680157     2.527476    2.1594603 
   19000    1.7031332   0.10911195    20335.035  0.065453538  -0.37665911    2.5527804    2.1761213 
   20000    1.6240598   0.11085722    20336.121  0.065450042  -0.38123455    2.4342595    2.0530249 
   21000    1.7558734    0.1047437    20421.549  0.065176249  -0.40676758    2.6318313    2.2250637 
   22000    1.6498788  0.094399436    21483.641  0.061954116  -0.37242457    2.4729588    2.1005342 
   23000    1.7264882   0.10833566    21281.413   0.06254284   -0.3432985    2.5877866    2.2444881 
   24000    1.6850084  0.095238251    21185.017  0.062827421  -0.37055554    2.5256137    2.1550581 
   25000    1.7477247   0.10199798    20537.994  0.064806718  -0.38458175    2.6196174    2.2350357 
   26000    1.6517354  0.095059158    20333.845   0.06545737  -0.39124568    2.4757416    2.0844959 
   27000    1.7380247   0.10634222    20263.195  0.065685594  -0.39658191    2.6050783    2.2084964 
   28000    1.6161308  0.089384313    21346.753  0.062351403  -0.39261647    2.4223749    2.0297584 
   29000    1.7360911   0.10303984    20870.892  0.063773029  -0.36542052    2.6021802    2.2367597 
   30000    1.6564315  0.094058086    20904.394  0.063670824   -0.3787107    2.4827805    2.1040698 
   31000     1.773349   0.11076672    20266.502  0.065674875   -0.3919607     2.658025    2.2660643 
   32000    1.6785522  0.097190819    20879.769  0.063745917   -0.4193129    2.5159366    2.0966237 
   33000    1.7172771  0.098898813    21159.499   0.06290319  -0.38374543    2.5739803    2.1902349 
   34000     1.673776   0.09722163    21477.419  0.061972065  -0.36718173    2.5087778     2.141596 
   35000      1.73492   0.10405258    21043.298  0.063250542  -0.38322294    2.6004248    2.2172019 
   36000    1.6992458   0.10215746    20772.297  0.064075726  -0.39092503    2.5469537    2.1560287 
   37000    1.7024675   0.10275324    20367.186  0.065350217  -0.38987492    2.5517826    2.1619077 
   38000    1.6485353  0.094394534    20463.098  0.065043914   -0.3824235    2.4709451    2.0885216 
   39000    1.7059658   0.10098983     20235.34  0.065776015  -0.38033279    2.5570262    2.1766934 
   40000    1.7050478  0.097984322    21227.593   0.06270141   -0.3955821    2.5556502    2.1600681 
   41000    1.6909764  0.096298624    21845.599  0.060927603  -0.33610193    2.5345589     2.198457 
   42000    1.7278412  0.094843346    21495.257  0.061920636  -0.36109468    2.5898146    2.2287199 
   43000    1.6781029   0.10298498    20896.474  0.063694956  -0.37556346    2.5152632    2.1396998 
   44000    1.7073475   0.10903311    20406.927  0.065222952  -0.36754292    2.5590971    2.1915542 
   45000    1.6697688   0.10542484    20976.476  0.063452032  -0.36639304    2.5027714    2.1363783 
   46000    1.6981958   0.10356603    21415.614  0.062150914  -0.37897383    2.5453798     2.166406 
   47000    1.7148115  0.095669401    20819.147  0.063931534  -0.40682776    2.5702847     2.163457 
   48000    1.7020556   0.10108144    20673.221  0.064382806  -0.38317132    2.5511652    2.1679939 
   49000    1.7999651   0.10265667    21360.349  0.062311717  -0.40597529    2.6979192    2.2919439 
   50000    1.6767209  0.099329465    21558.164   0.06173995  -0.37009721    2.5131917    2.1430945 
Loop time of 7.6166 on 1 procs for 50000 steps with 1331 atoms

Performance: 2268728.497 tau/day, 6564.608 timesteps/s
99.5% CPU use with 1 MPI tasks x no OpenMP threads

MPI task timing breakdown:
Section |  min time  |  avg time  |  max time  |%varavg| %total
---------------------------------------------------------------
Pair    | 3.66       | 3.66       | 3.66       |   0.0 | 48.05
Neigh   | 1.4244     | 1.4244     | 1.4244     |   0.0 | 18.70
Comm    | 0.31697    | 0.31697    | 0.31697    |   0.0 |  4.16
Output  | 0.023638   | 0.023638   | 0.023638   |   0.0 |  0.31
Modify  | 2.0997     | 2.0997     | 2.0997     |   0.0 | 27.57
Other   |            | 0.09195    |            |       |  1.21

Nlocal:    1331 ave 1331 max 1331 min
Histogram: 1 0 0 0 0 0 0 0 0 0
Nghost:    974 ave 974 max 974 min
Histogram: 1 0 0 0 0 0 0 0 0 0
Neighs:    3823 ave 3823 max 3823 min
Histogram: 1 0 0 0 0 0 0 0 0 0

Total # of neighbors = 3823
Ave neighs/atom = 2.87228
Neighbor list builds = 2500
Dangerous builds not checked

write_restart lattice_11_11_11__2_2_2/sim1/T_1.70__P_0.10/end1.restart
Total wall time: 0:00:07
