run 50000
Neighbor list info ...
  update every 20 steps, delay 0 steps, check no
  max neighbors/atom: 2000, page size: 100000
  master list distance cutoff = 2.8
  ghost atom cutoff = 2.8
  binsize = 1.4, bins = 10 10 10
  1 neighbor lists, perpetual/occasional/extra = 1 0 0
  (1) pair lj/cut, perpetual
      attributes: half, newton on
      pair build: half/bin/atomonly/newton
      stencil: half/bin/3d/newton
      bin: standard
Per MPI rank memory allocation (min/avg/max) = 2.732 | 2.732 | 2.732 Mbytes
Step Temp Press TotEng 
       0          1.2  -0.40982813   -2.3403048 
    1000    1.0737778   0.39026165   -1.9754239 
    2000    1.2367234    0.5329202   -1.6261643 
    3000    1.1889068   0.55277828   -1.7139522 
    4000    1.1650799   0.52248596   -1.7379524 
    5000    1.2204198   0.71776784   -1.6345163 
    6000    1.1917701   0.37704331   -1.7587688 
    7000    1.2355045   0.65362954   -1.6497528 
    8000    1.1784401   0.51147465    -1.735948 
    9000    1.1918357   0.52483688   -1.7032509 
   10000    1.2166979   0.46608904   -1.6952704 
   11000    1.2270841    0.4170606   -1.6739175 
   12000    1.1895351   0.76327878   -1.6701349 
   13000    1.1760174   0.43939269   -1.7353818 
   14000    1.1953324    0.6702168   -1.6598294 
   15000    1.1788285   0.66633188   -1.7023835 
   16000    1.1734625   0.76388709   -1.6900346 
   17000    1.1905808   0.72015313   -1.6771273 
   18000    1.1721383    0.5144331   -1.7607895 
   19000    1.2289256   0.38669972   -1.6642766 
   20000    1.1887933   0.58234661   -1.7145015 
   21000    1.1711619   0.49582548    -1.755212 
   22000    1.2213991   0.71240096   -1.6301418 
   23000     1.164454   0.50527535   -1.7486349 
   24000    1.1910412   0.51375149   -1.7146349 
   25000    1.2272391   0.52933405   -1.6689717 
   26000    1.1279039   0.61378258    -1.781535 
   27000    1.2187659   0.51605063   -1.6710646 
   28000    1.2000472   0.47956169    -1.713632 
   29000     1.205269   0.47198441   -1.7128799 
   30000     1.219586   0.57739501   -1.6548837 
   31000    1.1767898   0.59549768   -1.7253499 
   32000    1.2610243   0.73435483   -1.5526713 
   33000    1.2101123   0.66040234   -1.6651974 
   34000    1.1799574   0.53075149   -1.7336982 
   35000    1.2048977   0.82129931   -1.6322946 
   36000    1.1719517   0.54581168   -1.7407164 
   37000    1.2140622   0.40754329   -1.6918222 
   38000     1.199951   0.64407843   -1.6708568 
   39000    1.1589893   0.56601255   -1.7616263 
   40000    1.1942932   0.71124471    -1.679541 
   41000    1.1653636   0.61811229   -1.7447707 
   42000    1.1735613    0.6288136   -1.7111027 
   43000    1.2239947   0.48840825   -1.6841933 
   44000    1.1778468   0.54394772   -1.7373864 
   45000    1.2209952   0.79306026   -1.6228852 
   46000    1.1916557   0.41507256   -1.7393059 
   47000    1.2212683   0.48573399    -1.683063 
   48000    1.2065254   0.55272834   -1.7060285 
   49000    1.2134091   0.50641212   -1.7065642 
   50000    1.2585647   0.68972754   -1.5675773 
Loop time of 27.883 on 1 procs for 50000 steps with 1331 atoms

Performance: 619731.755 tau/day, 1793.205 timesteps/s
99.9% CPU use with 1 MPI tasks x no OpenMP threads

MPI task timing breakdown:
Section |  min time  |  avg time  |  max time  |%varavg| %total
---------------------------------------------------------------
Pair    | 22.434     | 22.434     | 22.434     |   0.0 | 80.46
Neigh   | 3.8012     | 3.8012     | 3.8012     |   0.0 | 13.63
Comm    | 0.64569    | 0.64569    | 0.64569    |   0.0 |  2.32
Output  | 0.024667   | 0.024667   | 0.024667   |   0.0 |  0.09
Modify  | 0.85122    | 0.85122    | 0.85122    |   0.0 |  3.05
Other   |            | 0.1267     |            |       |  0.45

Nlocal:    1331 ave 1331 max 1331 min
Histogram: 1 0 0 0 0 0 0 0 0 0
Nghost:    2552 ave 2552 max 2552 min
Histogram: 1 0 0 0 0 0 0 0 0 0
Neighs:    36324 ave 36324 max 36324 min
Histogram: 1 0 0 0 0 0 0 0 0 0

Total # of neighbors = 36324
Ave neighs/atom = 27.2908
Neighbor list builds = 2500
Dangerous builds not checked

write_restart NVT/sim1/T_1.20__v_1.33/end1.restart
Total wall time: 0:00:27
