run 50000
Neighbor list info ...
  update every 20 steps, delay 0 steps, check no
  max neighbors/atom: 2000, page size: 100000
  master list distance cutoff = 2.8
  ghost atom cutoff = 2.8
  binsize = 1.4, bins = 20 20 20
  1 neighbor lists, perpetual/occasional/extra = 1 0 0
  (1) pair lj/cut, perpetual
      attributes: half, newton on
      pair build: half/bin/atomonly/newton
      stencil: half/bin/3d/newton
      bin: standard
Per MPI rank memory allocation (min/avg/max) = 2.724 | 2.724 | 2.724 Mbytes
Step Temp Press TotEng 
       0          1.3  0.085609052    1.9362059 
    1000    1.3639447  0.074585049     1.621724 
    2000    1.2629012  0.070306107    1.4580362 
    3000    1.3274116  0.081137216    1.5447513 
    4000    1.2769895  0.067592686    1.4609587 
    5000     1.333365  0.079920912    1.5541636 
    6000    1.2499213  0.070992287    1.4257252 
    7000    1.3128045  0.076081616    1.5222052 
    8000    1.3024084  0.071073136     1.481654 
    9000    1.3162846  0.070465266    1.5121326 
   10000    1.2924699  0.073626232    1.4729041 
   11000    1.2915229  0.069494643    1.4564829 
   12000    1.3104113  0.073684614    1.5218385 
   13000    1.3060539  0.078560484    1.4799355 
   14000    1.3811059  0.078267825    1.6167976 
   15000    1.2753032  0.080167943     1.466479 
   16000    1.3133622  0.071052908    1.5270461 
   17000    1.2976369  0.075822764    1.4810711 
   18000    1.2882291  0.068923439    1.4759123 
   19000    1.3214433   0.07151248    1.5237672 
   20000    1.2881303  0.070138093    1.4748916 
   21000    1.3412047  0.076586017    1.5568165 
   22000    1.2408558  0.065885273     1.420979 
   23000    1.3141021  0.074671449    1.5188655 
   24000    1.2981502  0.075248724    1.4987428 
   25000    1.2547859  0.066788009    1.4141166 
   26000    1.3457706  0.077311052    1.5381469 
   27000     1.273084  0.070322533    1.4362329 
   28000    1.2961808  0.077222019    1.4853331 
   29000    1.2979978  0.069664792    1.4776719 
   30000    1.2986518  0.078280423    1.4854109 
   31000    1.3084031  0.076831026    1.5297253 
   32000    1.2501801  0.071911779    1.4253041 
   33000    1.3327241  0.072028781    1.5472595 
   34000    1.3053398  0.074667541    1.4897774 
   35000    1.2858659  0.073402196    1.4811134 
   36000    1.3604351  0.081079493    1.5916478 
   37000    1.2901943  0.075171663    1.4925618 
   38000    1.3220419  0.075483821    1.5507514 
   39000    1.2701617  0.069497368    1.4223387 
   40000    1.3068855  0.073303472     1.510413 
   41000     1.299642  0.070907908     1.476523 
   42000    1.2624012  0.071592998    1.4321913 
   43000    1.3377146  0.076830333     1.552036 
   44000    1.2716968  0.067952268    1.4491713 
   45000    1.3765078  0.070653302    1.6013378 
   46000    1.2963074  0.072467265    1.4709384 
   47000    1.3217287  0.069323832    1.5076476 
   48000    1.3203651  0.074189858    1.5477946 
   49000     1.274707  0.070285436     1.466108 
   50000    1.3218836   0.07464085    1.5200858 
Loop time of 5.6242 on 1 procs for 50000 steps with 1331 atoms

Performance: 3072437.628 tau/day, 8890.155 timesteps/s
99.7% CPU use with 1 MPI tasks x no OpenMP threads

MPI task timing breakdown:
Section |  min time  |  avg time  |  max time  |%varavg| %total
---------------------------------------------------------------
Pair    | 3.0934     | 3.0934     | 3.0934     |   0.0 | 55.00
Neigh   | 1.2963     | 1.2963     | 1.2963     |   0.0 | 23.05
Comm    | 0.29034    | 0.29034    | 0.29034    |   0.0 |  5.16
Output  | 0.022942   | 0.022942   | 0.022942   |   0.0 |  0.41
Modify  | 0.84057    | 0.84057    | 0.84057    |   0.0 | 14.95
Other   |            | 0.08064    |            |       |  1.43

Nlocal:    1331 ave 1331 max 1331 min
Histogram: 1 0 0 0 0 0 0 0 0 0
Nghost:    1039 ave 1039 max 1039 min
Histogram: 1 0 0 0 0 0 0 0 0 0
Neighs:    4415 ave 4415 max 4415 min
Histogram: 1 0 0 0 0 0 0 0 0 0

Total # of neighbors = 4415
Ave neighs/atom = 3.31705
Neighbor list builds = 2500
Dangerous builds not checked

write_restart NVT/sim1/T_1.30__v_15.62/end1.restart
Total wall time: 0:00:05
