run 50000
Neighbor list info ...
  update every 20 steps, delay 0 steps, check no
  max neighbors/atom: 2000, page size: 100000
  master list distance cutoff = 2.8
  ghost atom cutoff = 2.8
  binsize = 1.4, bins = 20 20 20
  1 neighbor lists, perpetual/occasional/extra = 1 0 0
  (1) pair lj/cut, perpetual
      attributes: half, newton on
      pair build: half/bin/atomonly/newton
      stencil: half/bin/3d/newton
      bin: standard
Per MPI rank memory allocation (min/avg/max) = 2.724 | 2.724 | 2.724 Mbytes
Step Temp Press TotEng 
       0          1.9   0.12615165    2.8355297 
    1000     1.911143   0.12746784    2.5145461 
    2000    1.8798079   0.12729813    2.4357258 
    3000    1.9229062   0.12515969    2.5030539 
    4000     1.841432   0.12061021    2.3523718 
    5000    1.9341394   0.13306421    2.5186101 
    6000    1.8787396    0.1223802    2.4305534 
    7000    1.9728475   0.12356884    2.5785007 
    8000    1.8563529   0.11794046    2.3894845 
    9000    1.9416242   0.12172983    2.5056617 
   10000    1.8440559   0.11984037    2.3628593 
   11000    1.8598576   0.11784609     2.386576 
   12000    1.9418823   0.12263006    2.5292114 
   13000    1.8577033   0.11718377    2.3807474 
   14000    1.9755679   0.13127021    2.5857787 
   15000    1.9012372   0.11530785     2.443281 
   16000    1.9038901   0.12805639    2.4775374 
   17000    1.9359154   0.12019744    2.5028472 
   18000    1.8770824   0.12234614    2.4174068 
   19000    1.9495165   0.12185201    2.5415139 
   20000    1.8406651   0.12077675     2.345665 
   21000    1.9187945   0.11951086    2.4985178 
   22000    1.8866283   0.12432875    2.4326144 
   23000    1.8333617   0.11219472    2.3509363 
   24000    1.9450875   0.12764872    2.5440894 
   25000    1.8530704   0.12060588     2.386918 
   26000    1.9267531   0.12260741    2.5271042 
   27000    1.9055218   0.11991087    2.4746569 
   28000     1.849989   0.12024735     2.400344 
   29000    1.9849697   0.12686117    2.5741435 
   30000    1.8522369   0.12639032    2.3787228 
   31000    1.9303966   0.12260653    2.5165949 
   32000    1.8292582   0.11730577    2.3494579 
   33000    1.9437165   0.12505175    2.5330238 
   34000    1.8784327   0.11750534    2.4156517 
   35000     1.934164   0.12379641    2.5235695 
   36000    1.8814983   0.12395995     2.435301 
   37000    1.8926004   0.12416829    2.4483406 
   38000    1.9289025   0.11964746    2.5081025 
   39000    1.8483989   0.11374331    2.3835031 
   40000    1.9263815   0.12235574    2.4967859 
   41000    1.8610093   0.12424065    2.4135137 
   42000    1.9629953   0.12822933    2.5687924 
   43000    1.8528906   0.12527338    2.3839708 
   44000    1.9139026   0.11653619    2.4796682 
   45000    1.8923264   0.12787889    2.4481669 
   46000    1.9067304   0.13004915    2.5025754 
   47000    1.9380009   0.11967681     2.520543 
   48000    1.8619896   0.12252622    2.4215853 
   49000    1.9584393    0.1290208    2.5380891 
   50000    1.8545608   0.11837202    2.3844732 
Loop time of 5.71318 on 1 procs for 50000 steps with 1331 atoms

Performance: 3024587.047 tau/day, 8751.699 timesteps/s
99.6% CPU use with 1 MPI tasks x no OpenMP threads

MPI task timing breakdown:
Section |  min time  |  avg time  |  max time  |%varavg| %total
---------------------------------------------------------------
Pair    | 3.1645     | 3.1645     | 3.1645     |   0.0 | 55.39
Neigh   | 1.296      | 1.296      | 1.296      |   0.0 | 22.68
Comm    | 0.29165    | 0.29165    | 0.29165    |   0.0 |  5.10
Output  | 0.023527   | 0.023527   | 0.023527   |   0.0 |  0.41
Modify  | 0.85538    | 0.85538    | 0.85538    |   0.0 | 14.97
Other   |            | 0.08217    |            |       |  1.44

Nlocal:    1331 ave 1331 max 1331 min
Histogram: 1 0 0 0 0 0 0 0 0 0
Nghost:    1002 ave 1002 max 1002 min
Histogram: 1 0 0 0 0 0 0 0 0 0
Neighs:    4277 ave 4277 max 4277 min
Histogram: 1 0 0 0 0 0 0 0 0 0

Total # of neighbors = 4277
Ave neighs/atom = 3.21337
Neighbor list builds = 2500
Dangerous builds not checked

write_restart NVT/sim1/T_1.90__v_15.62/end1.restart
Total wall time: 0:00:05
