run 50000
Neighbor list info ...
  update every 20 steps, delay 0 steps, check no
  max neighbors/atom: 2000, page size: 100000
  master list distance cutoff = 2.8
  ghost atom cutoff = 2.8
  binsize = 1.4, bins = 16 16 16
  1 neighbor lists, perpetual/occasional/extra = 1 0 0
  (1) pair lj/cut, perpetual
      attributes: half, newton on
      pair build: half/bin/atomonly/newton
      stencil: half/bin/3d/newton
      bin: standard
Per MPI rank memory allocation (min/avg/max) = 2.7 | 2.7 | 2.7 Mbytes
Step Temp Press Volume Density PotEng KinEng TotEng 
       0          1.5   0.14194897        10648        0.125  -0.13561964    2.2483095    2.1126899 
    1000    1.6035174   0.19569893    10338.134   0.12874664  -0.73868322     2.403469    1.6647858 
    2000    1.5108516    0.1822756    9249.3405   0.14390215  -0.87679331    2.2645748    1.3877815 
    3000    1.5138384   0.17590066    8441.7716   0.15766833  -0.99163741    2.2690516    1.2774142 
    4000    1.4823336   0.18149996    8001.1795   0.16635047   -1.0188146    2.2218298    1.2030153 
    5000     1.505508   0.20171911    7728.0944   0.17222875   -1.0268526    2.2565653    1.2297127 
    6000    1.4700934   0.21606338    7665.5082   0.17363493   -1.0205525    2.2034834    1.1829308 
    7000    1.5237465   0.21810971    7707.4153   0.17269084   -1.0285723    2.2839026    1.2553303 
    8000    1.4783132   0.20775367    7972.2565   0.16695399   -0.9839924    2.2158038    1.2318114 
    9000    1.4944452   0.19421111    8076.9451   0.16479003  -0.95692852    2.2399837    1.2830551 
   10000    1.4731726    0.1854274    7664.0804   0.17366728   -1.0170341    2.2080987    1.1910646 
   11000    1.4722269   0.20802062    7265.2193   0.18320163   -1.1314645    2.2066813    1.0752168 
   12000      1.50403   0.22980421    7273.2857   0.18299845   -1.1199139      2.25435    1.1344361 
   13000    1.4881478   0.17817674    7594.4463   0.17525965   -1.0652814    2.2305446    1.1652632 
   14000    1.5103907   0.18215587    7739.1025   0.17198377   -1.0352194    2.2638839    1.2286645 
   15000    1.5134237   0.20082005     7756.032   0.17160837   -1.0234776    2.2684299    1.2449523 
   16000    1.4918042   0.19098471    7789.4964   0.17087112   -1.0348422    2.2360251    1.2011829 
   17000    1.5287953   0.22157162    7671.1052   0.17350824   -1.0362478      2.29147    1.2552222 
   18000    1.5388725   0.20800558    7650.8507   0.17396758   -1.0870699    2.3065746    1.2195047 
   19000    1.4560829   0.19297131    8018.8825   0.16598323   -1.0089911    2.1824833    1.1734922 
   20000    1.5317751   0.20360033    7861.1164   0.16931437   -1.0077346    2.2959364    1.2882019 
   21000    1.4745739   0.19000831    7695.6982   0.17295377   -1.0279808    2.2101991    1.1822184 
   22000    1.5038856   0.22645609    7263.5185   0.18324453   -1.0492637    2.2541335    1.2048698 
   23000    1.4696499   0.21045658    7377.4877   0.18041372   -1.0799288    2.2028186    1.1228897 
   24000    1.5020422   0.19318423    7587.0786   0.17542984   -1.0568529    2.2513706    1.1945177 
   25000    1.4718444   0.19059167    7830.4152   0.16997822   -1.0172272    2.2061079    1.1888807 
   26000      1.49218   0.23295821    7985.6101    0.1666748  -0.97519143    2.2365883    1.2613969 
   27000    1.5128969   0.16614067    8039.1338    0.1655651   -1.0127837    2.2676404    1.2548567 
   28000    1.4830996   0.19509227    7851.0916   0.16953057   -1.0007737     2.222978    1.2222044 
   29000    1.4942663   0.21921006    7411.2531   0.17959176   -1.1221816    2.2397154    1.1175338 
   30000    1.5208824   0.20471501    7266.3507    0.1831731    -1.126836    2.2796096    1.1527736 
   31000     1.536983   0.24086052    7645.9066   0.17408008   -1.0430151    2.3037423    1.2607273 
   32000    1.4727598   0.16500643     7873.624   0.16904541   -1.0324462      2.20748    1.1750338 
   33000    1.5170802   0.18324459    7806.2243   0.17050496    -1.035909    2.2739106    1.2380016 
   34000    1.4965672   0.17224038    7796.9492   0.17070779   -1.0253405    2.2431642    1.2178236 
   35000    1.4835767   0.18173031    7719.6799   0.17241648   -1.0707519    2.2236931    1.1529413 
   36000    1.5037923   0.20725708    7644.7134   0.17410725   -1.0638354    2.2539937    1.1901583 
   37000    1.5012817   0.19174673    7369.9937   0.18059717   -1.0865242    2.2502306    1.1637064 
   38000    1.4931469   0.18017447    7532.2118   0.17670772   -1.0891758    2.2380376    1.1488619 
   39000    1.5202385   0.18321263    7663.7472   0.17367483   -1.0542292    2.2786444    1.2244152 
   40000    1.4670707   0.19335552    7957.3795   0.16726612   -1.0522065    2.1989527    1.1467462 
   41000    1.5419723   0.18795878    7983.0407   0.16672845  -0.98147045    2.3112207    1.3297502 
   42000    1.4460859   0.16691265    8104.0738   0.16423839  -0.96526794    2.1674992    1.2022312 
   43000     1.570957   0.18951401    7708.8512   0.17265867   -1.0155711     2.354665    1.3390939 
   44000    1.4547704   0.21050946    7752.6482   0.17168327   -1.0539117    2.1805161    1.1266043 
   45000    1.5250841   0.20374584    7674.5935   0.17342938   -1.0235435    2.2859074    1.2623639 
   46000    1.4446351   0.20575378      7680.33   0.17329984   -1.0244586    2.1653245    1.1408659 
   47000    1.5182074   0.22248661    7617.1439   0.17473741   -1.0295269    2.2756001    1.2460733 
   48000    1.4684139   0.20359715    7550.6292    0.1762767   -1.0335402     2.200966    1.1674258 
   49000    1.5159637   0.23741067    7357.0041   0.18091603   -1.1210284    2.2722371    1.1512087 
   50000    1.4883856   0.20633267    7579.0109   0.17561658   -1.0995722     2.230901    1.1313289 
Loop time of 14.7805 on 1 procs for 50000 steps with 1331 atoms

Performance: 1169105.033 tau/day, 3382.827 timesteps/s
99.8% CPU use with 1 MPI tasks x no OpenMP threads

MPI task timing breakdown:
Section |  min time  |  avg time  |  max time  |%varavg| %total
---------------------------------------------------------------
Pair    | 9.0081     | 9.0081     | 9.0081     |   0.0 | 60.95
Neigh   | 2.7425     | 2.7425     | 2.7425     |   0.0 | 18.55
Comm    | 0.50068    | 0.50068    | 0.50068    |   0.0 |  3.39
Output  | 0.027518   | 0.027518   | 0.027518   |   0.0 |  0.19
Modify  | 2.3779     | 2.3779     | 2.3779     |   0.0 | 16.09
Other   |            | 0.1239     |            |       |  0.84

Nlocal:    1331 ave 1331 max 1331 min
Histogram: 1 0 0 0 0 0 0 0 0 0
Nghost:    1617 ave 1617 max 1617 min
Histogram: 1 0 0 0 0 0 0 0 0 0
Neighs:    11177 ave 11177 max 11177 min
Histogram: 1 0 0 0 0 0 0 0 0 0

Total # of neighbors = 11177
Ave neighs/atom = 8.39745
Neighbor list builds = 2500
Dangerous builds not checked

write_restart lattice_11_11_11__2_2_2/sim1/T_1.50__P_0.20/end1.restart
Total wall time: 0:00:14
