run 50000
Neighbor list info ...
  update every 20 steps, delay 0 steps, check no
  max neighbors/atom: 2000, page size: 100000
  master list distance cutoff = 2.8
  ghost atom cutoff = 2.8
  binsize = 1.4, bins = 13 13 13
  1 neighbor lists, perpetual/occasional/extra = 1 0 0
  (1) pair lj/cut, perpetual
      attributes: half, newton on
      pair build: half/bin/atomonly/newton
      stencil: half/bin/3d/newton
      bin: standard
Per MPI rank memory allocation (min/avg/max) = 2.742 | 2.742 | 2.742 Mbytes
Step Temp Press TotEng 
       0          0.2  -0.49796176  -0.67606512 
    1000   0.64948496  -0.10031343   -1.7798794 
    2000   0.58300217   0.00421454   -3.2699329 
    3000   0.37808067 -0.038312097   -4.3674656 
    4000   0.26326391 -0.023431683    -4.953363 
    5000   0.20710388 -0.060805358   -5.2430724 
    6000   0.18635149  0.013232652   -5.3427659 
    7000   0.19916451 -0.017401846    -5.286336 
    8000   0.20622652  -0.03853117    -5.296672 
    9000    0.1857907  0.016217477   -5.3697799 
   10000   0.19442258 0.0089713776   -5.3396294 
   11000   0.21444935 -0.030773185   -5.3073955 
   12000   0.19770887  0.011139737   -5.3620895 
   13000    0.2007232 -0.0021022006   -5.3688257 
   14000   0.20959528 -0.013220982    -5.330727 
   15000   0.19894739 -0.0086461286   -5.3624261 
   16000   0.18974916 -0.0067912058   -5.3935098 
   17000    0.2051288  -0.02609803   -5.3523644 
   18000   0.20239952 0.0074483468    -5.356157 
   19000   0.19404127 -0.0088670573   -5.4060275 
   20000   0.19987997 -0.019855477   -5.3956989 
   21000   0.20600249 0.0066983276   -5.3827858 
   22000     0.202901   0.03996885   -5.4100472 
   23000   0.19643324 0.0073084757   -5.4122017 
   24000   0.19913171 -0.017838461   -5.3882176 
   25000   0.20887936 -0.014247842    -5.394348 
   26000   0.20043175 -0.010496081   -5.4232522 
   27000   0.19599446 -0.014167684   -5.4083264 
   28000    0.2025569 -0.033810653   -5.3947216 
   29000   0.19903245 0.0099790633   -5.4172709 
   30000   0.20256905 -0.019296416   -5.4283768 
   31000   0.19993033 -0.017229086   -5.4091396 
   32000   0.19681856 -0.026755292   -5.4092849 
   33000   0.19581378 0.0014786226    -5.432258 
   34000   0.19735992 -0.0028837846   -5.4148947 
   35000   0.19990893 -0.0041979936   -5.4019093 
   36000   0.20066201  -0.05142407   -5.4285919 
   37000   0.19429444 -0.0078122656   -5.4260049 
   38000   0.20908602 -0.024296975   -5.4066916 
   39000    0.1969729    0.0285865   -5.4259858 
   40000   0.19560024 -0.011519302   -5.4295798 
   41000   0.20271373   0.01810949   -5.4069759 
   42000   0.19862441 -0.043539152   -5.4266499 
   43000   0.19803433 -0.023356609   -5.4378126 
   44000   0.20287907 -0.020415554   -5.4138726 
   45000   0.20253515 -0.059994069   -5.4175451 
   46000   0.19910194 -0.034934762   -5.4413586 
   47000   0.20057921 -0.0060914329   -5.4302859 
   48000   0.20436369  0.026259952   -5.4149257 
   49000   0.19653005 0.0042635878   -5.4344228 
   50000   0.20263419 -0.052514379   -5.4307529 
Loop time of 31.106 on 1 procs for 50000 steps with 1331 atoms

Performance: 555519.267 tau/day, 1607.405 timesteps/s
99.9% CPU use with 1 MPI tasks x no OpenMP threads

MPI task timing breakdown:
Section |  min time  |  avg time  |  max time  |%varavg| %total
---------------------------------------------------------------
Pair    | 26.296     | 26.296     | 26.296     |   0.0 | 84.54
Neigh   | 3.7374     | 3.7374     | 3.7374     |   0.0 | 12.02
Comm    | 0.10287    | 0.10287    | 0.10287    |   0.0 |  0.33
Output  | 0.029042   | 0.029042   | 0.029042   |   0.0 |  0.09
Modify  | 0.87436    | 0.87436    | 0.87436    |   0.0 |  2.81
Other   |            | 0.06589    |            |       |  0.21

Nlocal:    1331 ave 1331 max 1331 min
Histogram: 1 0 0 0 0 0 0 0 0 0
Nghost:    178 ave 178 max 178 min
Histogram: 1 0 0 0 0 0 0 0 0 0
Neighs:    44462 ave 44462 max 44462 min
Histogram: 1 0 0 0 0 0 0 0 0 0

Total # of neighbors = 44462
Ave neighs/atom = 33.405
Neighbor list builds = 2500
Dangerous builds not checked

write_restart NVT/sim1/T_0.20__v_3.38/end1.restart
Total wall time: 0:00:31
