run 50000
Neighbor list info ...
  update every 20 steps, delay 0 steps, check no
  max neighbors/atom: 2000, page size: 100000
  master list distance cutoff = 2.8
  ghost atom cutoff = 2.8
  binsize = 1.4, bins = 16 16 16
  1 neighbor lists, perpetual/occasional/extra = 1 0 0
  (1) pair lj/cut, perpetual
      attributes: half, newton on
      pair build: half/bin/atomonly/newton
      stencil: half/bin/3d/newton
      bin: standard
Per MPI rank memory allocation (min/avg/max) = 2.7 | 2.7 | 2.7 Mbytes
Step Temp Press Volume Density PotEng KinEng TotEng 
       0          1.1  0.091986538        10648        0.125  -0.13561964    1.6487603    1.5131407 
    1000    1.4937348   0.24572828    7170.5731   0.18561975   -1.0392861    2.2389188    1.1996327 
    2000    1.2742388   0.21895544    5404.1352   0.24629288   -1.4473948    1.9099222   0.46252748 
    3000    1.1946376   0.14559631    4237.3987   0.31410781   -1.9373686    1.7906101  -0.14675855 
    4000    1.1558167   0.16638741    3435.0109   0.38748057   -2.3794207    1.7324226  -0.64699816 
    5000    1.1488106    0.2731167    2858.2095   0.46567615   -2.7975543    1.7219212   -1.0756331 
    6000    1.1456623    0.2484867     2446.804   0.54397491   -3.1844359    1.7172023   -1.4672336 
    7000    1.1255544   0.31512486    2190.5522   0.60760935    -3.553106    1.6870631   -1.8660429 
    8000    1.0971067   0.54088963    2050.2528   0.64918822   -3.8020874    1.6444237   -2.1576638 
    9000     1.082855    0.5433379    1985.0693   0.67050557   -3.9425607    1.6230622   -2.3194985 
   10000    1.1103181   0.53683947    1984.9727    0.6705382   -3.9365936    1.6642259   -2.2723677 
   11000    1.1170826    0.5387886    2024.0171   0.65760314   -3.8432071     1.674365    -2.168842 
   12000    1.1159116   0.30927863    2032.9195   0.65472341   -3.8668522    1.6726098   -2.1942424 
   13000    1.0671664   0.61160184     2001.813   0.66489727   -3.8742496    1.5995469   -2.2747026 
   14000    1.0584445   0.69383195    1981.6161     0.671674   -3.9004846    1.5864738   -2.3140108 
   15000    1.0926935   0.48025932    1995.9903    0.6668369   -3.9115244    1.6378088   -2.2737157 
   16000    1.0746064   0.43326827    2024.1823   0.65754946   -3.8580495    1.6106985    -2.247351 
   17000    1.0761941   0.50352508    2041.3184   0.65202959    -3.801674    1.6130784   -2.1885956 
   18000    1.1167194   0.60996963    2012.4394   0.66138639   -3.8888227    1.6738206   -2.2150021 
   19000    1.1123238     0.688255    1976.6616   0.67335756   -3.9171803    1.6672321   -2.2499482 
   20000    1.1201351   0.91618864    1970.5861   0.67543355   -3.8961656    1.6789403   -2.2172252 
   21000    1.1141326   0.62300419    1985.5219   0.67035271   -3.9201847    1.6699434   -2.2502414 
   22000    1.0784309   0.59033375    1999.5707   0.66564288   -3.8881867    1.6164309   -2.2717558 
   23000    1.1012471   0.58125624    2027.8631   0.65635593    -3.830011    1.6506296   -2.1793814 
   24000    1.1451124   0.52709897    2016.1307   0.66017546   -3.8721449    1.7163781   -2.1557668 
   25000    1.1370221   0.74185204    1957.8465   0.67982857   -3.9696225    1.7042517   -2.2653707 
   26000    1.1354859   0.74778433    1958.2505   0.67968832   -3.9702126    1.7019491   -2.2682634 
   27000    1.1022494   0.68555809    2011.6744   0.66163787   -3.8637866    1.6521318   -2.2116547 
   28000    1.1034788   0.51380068    2017.0243   0.65988298   -3.8699939    1.6539746   -2.2160193 
   29000    1.0790098   0.53422654    2005.5345   0.66366347   -3.9054568    1.6172986   -2.2881582 
   30000     1.060978   0.56821807     1972.877   0.67464925   -3.9598483    1.5902713   -2.3695769 
   31000    1.0797084   0.58476631     2016.117   0.66017993    -3.861522    1.6183458   -2.2431762 
   32000    1.0876972   0.72814454    2011.8816   0.66156973   -3.8391003    1.6303201   -2.2087802 
   33000    1.1083387    0.7830564    1982.1444   0.67149498   -3.8929934     1.661259   -2.2317343 
   34000    1.0954271    0.6334165    1982.6087   0.67133771   -3.9163668    1.6419062   -2.2744606 
   35000    1.1139608   0.61708093     2001.367   0.66504546   -3.8835573    1.6696858   -2.2138714 
   36000    1.0961924   0.50526599    2037.8435   0.65314143   -3.8226603    1.6430533    -2.179607 
   37000    1.0975646   0.57043308    2050.0581   0.64924988   -3.7866037    1.6451099   -2.1414938 
   38000    1.0889363   0.59681047    2008.2596   0.66276292   -3.8887767    1.6321772   -2.2565994 
   39000     1.109614   0.52806269    1986.5763   0.66999693   -3.9277765    1.6631705    -2.264606 
   40000    1.1071986   0.57489696    2010.8005   0.66192543   -3.8491076    1.6595501   -2.1895574 
   41000    1.1080276   0.78402643    2011.0603   0.66183993    -3.830388    1.6607927   -2.1695953 
   42000    1.0904415   0.54546834    2000.8959   0.66520203   -3.9070398    1.6344333   -2.2726065 
   43000    1.0627588   0.55812091     2012.352   0.66141511   -3.8631228    1.5929405   -2.2701822 
   44000    1.0725193   0.41742039    2059.3632   0.64631629   -3.7819221    1.6075703   -2.1743518 
   45000    1.1086859   0.49225375    2036.7306   0.65349832   -3.8118488    1.6617795   -2.1500693 
   46000    1.0745718   0.61146901    2018.2908   0.65946891   -3.8493908    1.6106467   -2.2387441 
   47000    1.0771323   0.62002683    1988.0808    0.6694899   -3.9149773    1.6144845   -2.3004927 
   48000    1.0952431   0.75629868    1980.5585   0.67203268   -3.9157003    1.6416303   -2.2740699 
   49000    1.1199898   0.65875112    2023.3989   0.65780404   -3.8167082    1.6787226   -2.1379857 
   50000    1.1191077   0.50900725    1998.8437   0.66588497   -3.9113063    1.6774004   -2.2339059 
Loop time of 33.4306 on 1 procs for 50000 steps with 1331 atoms

Performance: 516891.645 tau/day, 1495.636 timesteps/s
99.9% CPU use with 1 MPI tasks x no OpenMP threads

MPI task timing breakdown:
Section |  min time  |  avg time  |  max time  |%varavg| %total
---------------------------------------------------------------
Pair    | 25.994     | 25.994     | 25.994     |   0.0 | 77.75
Neigh   | 4.3392     | 4.3392     | 4.3392     |   0.0 | 12.98
Comm    | 0.71912    | 0.71912    | 0.71912    |   0.0 |  2.15
Output  | 0.028736   | 0.028736   | 0.028736   |   0.0 |  0.09
Modify  | 2.1993     | 2.1993     | 2.1993     |   0.0 |  6.58
Other   |            | 0.1505     |            |       |  0.45

Nlocal:    1331 ave 1331 max 1331 min
Histogram: 1 0 0 0 0 0 0 0 0 0
Nghost:    2642 ave 2642 max 2642 min
Histogram: 1 0 0 0 0 0 0 0 0 0
Neighs:    39844 ave 39844 max 39844 min
Histogram: 1 0 0 0 0 0 0 0 0 0

Total # of neighbors = 39844
Ave neighs/atom = 29.9354
Neighbor list builds = 2500
Dangerous builds not checked

write_restart lattice_11_11_11__2_2_2/sim1/T_1.10__P_0.60/end1.restart
Total wall time: 0:00:33
