run 50000
Neighbor list info ...
  update every 20 steps, delay 0 steps, check no
  max neighbors/atom: 2000, page size: 100000
  master list distance cutoff = 2.8
  ghost atom cutoff = 2.8
  binsize = 1.4, bins = 17 17 17
  1 neighbor lists, perpetual/occasional/extra = 1 0 0
  (1) pair lj/cut, perpetual
      attributes: half, newton on
      pair build: half/bin/atomonly/newton
      stencil: half/bin/3d/newton
      bin: standard
Per MPI rank memory allocation (min/avg/max) = 2.705 | 2.705 | 2.705 Mbytes
Step Temp Press TotEng 
       0          0.8  0.056656819    1.1055572 
    1000   0.95112356   0.06341233   0.67043226 
    2000   0.79447548  0.035148455   0.30124378 
    3000   0.77078779  0.027777998   0.16423948 
    4000   0.81286446  0.038486186   0.13881686 
    5000   0.79177523    0.0362136   0.00206931 
    6000   0.81314569  0.034375601 -0.038668926 
    7000    0.8167575  0.036264119  -0.14170976 
    8000   0.82935907  0.029078842  -0.19975576 
    9000   0.77946013  0.037690807  -0.26695405 
   10000   0.82228234  0.045036107  -0.19736833 
   11000   0.78712982  0.023979334  -0.25600732 
   12000   0.78617078  0.039443379  -0.22628966 
   13000   0.79974878  0.023937385    -0.245763 
   14000   0.80216455  0.021923208  -0.31069481 
   15000   0.82375709  0.032964203  -0.38860446 
   16000   0.80663087   0.03602739  -0.48368289 
   17000   0.78968853  0.019633566    -0.537877 
   18000   0.79405414  0.029458748  -0.58952433 
   19000    0.7797018  0.014779403  -0.68360936 
   20000   0.79636091   0.02598844  -0.71587173 
   21000   0.78412909  0.033732161  -0.81694814 
   22000   0.80677622  0.015886673  -0.78424401 
   23000   0.79442232  0.031885016  -0.77411236 
   24000   0.80361757  0.025461825  -0.69147245 
   25000   0.78993972  0.029324275  -0.67683868 
   26000   0.77581098  0.006258679  -0.77633029 
   27000   0.81871297 0.0092402358  -0.72213139 
   28000   0.79715991  0.029539456  -0.80089733 
   29000   0.82593038  0.043556766  -0.79215977 
   30000   0.78855753  0.023656247  -0.90273196 
   31000   0.82529771  0.030334267  -0.86650616 
   32000   0.82679376  0.012074152  -0.82141614 
   33000    0.8064955  0.022034226  -0.87220712 
   34000   0.81043801  0.034890571  -0.96172473 
   35000    0.7920661  0.019296568  -0.97318164 
   36000   0.77278753  0.014775849   -1.0363413 
   37000   0.78647967 0.00014196415   -1.0544364 
   38000   0.80002629 0.0082734751   -1.0777524 
   39000   0.81811048  0.021471084   -1.1504151 
   40000   0.79450338  0.017929581    -1.237336 
   41000   0.83939974 0.0065185531   -1.2468043 
   42000   0.78279744  0.032072567   -1.3455891 
   43000   0.81542654   0.01521162   -1.3154789 
   44000   0.80660238  0.020705763    -1.402286 
   45000   0.80865822  0.021599589   -1.4322426 
   46000   0.82415902  0.013633068   -1.3330415 
   47000   0.80668071 0.0063311515   -1.4137491 
   48000   0.78563277  0.013675121   -1.4299725 
   49000    0.8172669  0.022814767    -1.314335 
   50000   0.81710579  0.017236274   -1.3665176 
Loop time of 13.5772 on 1 procs for 50000 steps with 1331 atoms

Performance: 1272717.413 tau/day, 3682.631 timesteps/s
99.9% CPU use with 1 MPI tasks x no OpenMP threads

MPI task timing breakdown:
Section |  min time  |  avg time  |  max time  |%varavg| %total
---------------------------------------------------------------
Pair    | 9.9004     | 9.9004     | 9.9004     |   0.0 | 72.92
Neigh   | 2.3103     | 2.3103     | 2.3103     |   0.0 | 17.02
Comm    | 0.40126    | 0.40126    | 0.40126    |   0.0 |  2.96
Output  | 0.017539   | 0.017539   | 0.017539   |   0.0 |  0.13
Modify  | 0.8501     | 0.8501     | 0.8501     |   0.0 |  6.26
Other   |            | 0.09763    |            |       |  0.72

Nlocal:    1331 ave 1331 max 1331 min
Histogram: 1 0 0 0 0 0 0 0 0 0
Nghost:    2126 ave 2126 max 2126 min
Histogram: 1 0 0 0 0 0 0 0 0 0
Neighs:    23424 ave 23424 max 23424 min
Histogram: 1 0 0 0 0 0 0 0 0 0

Total # of neighbors = 23424
Ave neighs/atom = 17.5988
Neighbor list builds = 2500
Dangerous builds not checked

write_restart NVT/sim1/T_0.80__v_9.26/end1.restart
Total wall time: 0:00:13
