run 50000
Neighbor list info ...
  update every 20 steps, delay 0 steps, check no
  max neighbors/atom: 2000, page size: 100000
  master list distance cutoff = 2.8
  ghost atom cutoff = 2.8
  binsize = 1.4, bins = 15 15 15
  1 neighbor lists, perpetual/occasional/extra = 1 0 0
  (1) pair lj/cut, perpetual
      attributes: half, newton on
      pair build: half/bin/atomonly/newton
      stencil: half/bin/3d/newton
      bin: standard
Per MPI rank memory allocation (min/avg/max) = 2.75 | 2.75 | 2.75 Mbytes
Step Temp Press TotEng 
       0          1.3    0.1101798    1.6693963 
    1000    1.4155271   0.18282675    1.1144108 
    2000    1.2679853   0.14773331   0.80852742 
    3000    1.3100052   0.15680218    0.9173595 
    4000    1.2909513   0.12818493    0.8856273 
    5000    1.2879118   0.13760553   0.84882231 
    6000    1.2830285   0.14610582   0.85311598 
    7000    1.2900233   0.15052262   0.85342656 
    8000    1.3075933   0.15815324   0.90093871 
    9000    1.2778964   0.14923708    0.8356507 
   10000    1.3216233   0.13261251   0.87653341 
   11000    1.2457085   0.12316277    0.7976129 
   12000    1.3202594    0.1418517   0.91308383 
   13000    1.2855633   0.14057812   0.80356325 
   14000    1.3535756   0.13772629   0.93650259 
   15000     1.285116   0.15159802   0.89099067 
   16000    1.2684045   0.14351272   0.79042384 
   17000    1.3115927   0.15140267    0.9015563 
   18000    1.2949915   0.16652668   0.88002853 
   19000    1.2390016   0.14607342    0.7617349 
   20000     1.333044    0.1460029    0.9237703 
   21000    1.2585531   0.14328327   0.81739438 
   22000    1.3340361   0.15691088   0.92565439 
   23000    1.2974778   0.14644542   0.86337573 
   24000    1.3218449   0.13342123   0.87546356 
   25000    1.2552887   0.13275652   0.80656039 
   26000    1.2726861   0.14486305   0.78667714 
   27000     1.314671   0.14578745   0.87562898 
   28000     1.276373   0.13870747   0.83367326 
   29000    1.3121635   0.19477279   0.95021302 
   30000    1.2763651   0.13484403   0.81871012 
   31000    1.2866432   0.15218037   0.85190284 
   32000    1.3226531   0.14144318   0.88151819 
   33000    1.2994893    0.1533714   0.89388128 
   34000    1.3367179   0.13825997   0.94134248 
   35000     1.262994   0.14158457    0.8390616 
   36000    1.3133122   0.14359782     0.887325 
   37000    1.2501647   0.12825751    0.8026809 
   38000    1.2913564   0.13975038   0.88160699 
   39000    1.3129268   0.16064167   0.91438817 
   40000     1.290434   0.15210832   0.91094733 
   41000     1.302781   0.14101584    0.8595045 
   42000     1.281276   0.15043479   0.87878237 
   43000    1.2828249   0.13400104   0.82208176 
   44000    1.3377043   0.15892235   0.89770265 
   45000    1.2710687   0.12295221   0.80414943 
   46000    1.3667278   0.13768938   0.93158403 
   47000    1.2633775   0.13862802   0.81751823 
   48000    1.2972098   0.18998393   0.88061057 
   49000    1.2957648   0.15586034   0.86090621 
   50000    1.3236172   0.13585355   0.91363448 
Loop time of 10.627 on 1 procs for 50000 steps with 1331 atoms

Performance: 1626045.135 tau/day, 4704.992 timesteps/s
99.8% CPU use with 1 MPI tasks x no OpenMP threads

MPI task timing breakdown:
Section |  min time  |  avg time  |  max time  |%varavg| %total
---------------------------------------------------------------
Pair    | 7.002      | 7.002      | 7.002      |   0.0 | 65.89
Neigh   | 2.2719     | 2.2719     | 2.2719     |   0.0 | 21.38
Comm    | 0.39049    | 0.39049    | 0.39049    |   0.0 |  3.67
Output  | 0.023668   | 0.023668   | 0.023668   |   0.0 |  0.22
Modify  | 0.84203    | 0.84203    | 0.84203    |   0.0 |  7.92
Other   |            | 0.09686    |            |       |  0.91

Nlocal:    1331 ave 1331 max 1331 min
Histogram: 1 0 0 0 0 0 0 0 0 0
Nghost:    1406 ave 1406 max 1406 min
Histogram: 1 0 0 0 0 0 0 0 0 0
Neighs:    10673 ave 10673 max 10673 min
Histogram: 1 0 0 0 0 0 0 0 0 0

Total # of neighbors = 10673
Ave neighs/atom = 8.01878
Neighbor list builds = 2500
Dangerous builds not checked

write_restart NVT/sim1/T_1.30__v_5.83/end1.restart
Total wall time: 0:00:10
