run 50000
Neighbor list info ...
  update every 20 steps, delay 0 steps, check no
  max neighbors/atom: 2000, page size: 100000
  master list distance cutoff = 2.8
  ghost atom cutoff = 2.8
  binsize = 1.4, bins = 16 16 16
  1 neighbor lists, perpetual/occasional/extra = 1 0 0
  (1) pair lj/cut, perpetual
      attributes: half, newton on
      pair build: half/bin/atomonly/newton
      stencil: half/bin/3d/newton
      bin: standard
Per MPI rank memory allocation (min/avg/max) = 2.7 | 2.7 | 2.7 Mbytes
Step Temp Press Volume Density PotEng KinEng TotEng 
       0          0.1 -0.032919548        10648        0.125  -0.13561964    0.1498873  0.014267664 
    1000   0.86089048   0.16555878    2100.3825    0.6336941   -3.8807263    1.2903655   -2.5903608 
    2000   0.43802767    1.8169098    1404.0914   0.94794397   -5.9448042   0.65654786   -5.2882564 
    3000    0.1897509    1.8874734    1320.9418    1.0076144   -6.4870027   0.28441251   -6.2025902 
    4000   0.10496595    1.9068042    1301.0663     1.023007   -6.6332404   0.15733063   -6.4759098 
    5000  0.085749562     1.898072    1295.2069     1.027635   -6.6784493   0.12852771   -6.5499216 
    6000   0.10114661    1.8996203     1296.856    1.0263283   -6.6663767   0.15160593   -6.5147708 
    7000   0.10947151    1.8710682    1297.2691    1.0260015   -6.6706004    0.1640839   -6.5065165 
    8000  0.092568721    1.8967497    1293.6403    1.0288795   -6.6934425   0.13874876   -6.5546937 
    9000  0.099315068    1.8894218    1294.8631    1.0279079   -6.6867384   0.14886068   -6.5378777 
   10000   0.10886836    1.8867185    1295.7933      1.02717    -6.679511   0.16317984   -6.5163312 
   11000   0.09682143    1.8733605     1293.292    1.0291566   -6.7026597   0.14512303   -6.5575367 
   12000  0.095555491    1.8621754    1292.9328    1.0294425   -6.7064004   0.14322555   -6.5631749 
   13000   0.10460561    1.9066806    1293.5922    1.0289178   -6.6936829   0.15679052   -6.5368923 
   14000   0.09962599    1.9217726    1292.0375    1.0301559   -6.7022737   0.14932671    -6.552947 
   15000  0.094158092    1.8983057    1291.2703    1.0307679    -6.713714   0.14113102    -6.572583 
   16000   0.10494813    1.9219013    1291.7961    1.0303484   -6.7071213   0.15730392   -6.5498174 
   17000   0.10231305     1.811654    1294.0497     1.028554    -6.708113   0.15335427   -6.5547587 
   18000  0.095691147    1.8469859    1291.6203    1.0304886   -6.7221003   0.14342888   -6.5786714 
   19000   0.10367524    1.9689422    1290.3709    1.0314864   -6.7135624   0.15539602   -6.5581664 
   20000   0.10428357    1.8835154    1292.7484    1.0295894   -6.7060762   0.15630783   -6.5497683 
   21000  0.095231842    1.8062741     1292.682    1.0296422   -6.7186273   0.14274044   -6.5758869 
   22000  0.099267736    1.9853778      1289.79    1.0319509   -6.7115558   0.14878973   -6.5627661 
   23000   0.10626367    1.9671554    1291.1523    1.0308621   -6.7051499   0.15927576   -6.5458741 
   24000  0.098143464    1.7976376    1292.9323    1.0294429   -6.7190476   0.14710459    -6.571943 
   25000  0.096769436    1.9039178    1291.0488    1.0309448   -6.7149304    0.1450451   -6.5698853 
   26000   0.10434466    1.9511975    1291.6768    1.0304436   -6.7043728   0.15639939   -6.5479734 
   27000  0.097611331    1.9636803    1290.6143    1.0312918   -6.7097196   0.14630699   -6.5634126 
   28000   0.09730713    1.7970488    1292.6992    1.0296285   -6.7203445   0.14585103   -6.5744935 
   29000   0.10302258    1.8922216    1292.5876    1.0297174   -6.7065819   0.15441777   -6.5521641 
   30000   0.10113777    1.9899351    1289.8607    1.0318943   -6.7091349   0.15159268   -6.5575422 
   31000  0.096382154    1.8351449    1291.9328    1.0302393   -6.7195358   0.14446461   -6.5750711 
   32000   0.10390253    1.8311865    1293.1006    1.0293089   -6.7116845    0.1557367   -6.5559478 
   33000   0.10021094    1.9693795    1291.0334    1.0309571   -6.7047002   0.15020347   -6.5544967 
   34000  0.098306912    1.8693008    1291.2044    1.0308206   -6.7203863   0.14734958   -6.5730367 
   35000   0.10217223    1.9142048    1291.4669     1.030611   -6.7121956    0.1531432   -6.5590524 
   36000   0.10056708    1.9548361    1291.3211    1.0307274    -6.703557   0.15073728   -6.5528197 
   37000  0.098203366    1.7620936    1293.3586    1.0291036   -6.7216568   0.14719438   -6.5744624 
   38000  0.098170885    1.9495935    1290.9489    1.0310245   -6.7095697   0.14714569    -6.562424 
   39000   0.10441644    2.0551167    1289.2678    1.0323689   -6.7042131   0.15650699   -6.5477061 
   40000  0.097615169    1.8913841    1291.5736    1.0305259    -6.714844   0.14631274   -6.5685312 
   41000  0.097822791    1.9169752    1291.0189    1.0309686   -6.7134146   0.14662394   -6.5667907 
   42000   0.10284165     1.894471    1292.2434    1.0299917   -6.7068168   0.15414658   -6.5526702 
   43000  0.098733947    1.8970697    1291.4839    1.0305974   -6.7121395   0.14798965   -6.5641499 
   44000  0.097422014    1.9553275    1290.3083    1.0315364   -6.7142483   0.14602323   -6.5682251 
   45000   0.10307028    1.9144303    1291.7637    1.0303742   -6.7088112   0.15448927   -6.5543219 
   46000  0.097671752    1.7069771    1295.5732    1.0273445   -6.7126245   0.14639755    -6.566227 
   47000  0.098618862    1.9700263    1289.6787      1.03204   -6.7156433   0.14781715   -6.5678261 
   48000   0.09930476    2.0023736    1290.3677    1.0314889   -6.7042435   0.14884523   -6.5553983 
   49000   0.10172527    1.8774413    1292.1344    1.0300786   -6.7111973   0.15247326    -6.558724 
   50000  0.095067994     1.903754    1291.4231     1.030646    -6.712941   0.14249485   -6.5704461 
Loop time of 46.2223 on 1 procs for 50000 steps with 1331 atoms

Performance: 373845.303 tau/day, 1081.728 timesteps/s
99.9% CPU use with 1 MPI tasks x no OpenMP threads

MPI task timing breakdown:
Section |  min time  |  avg time  |  max time  |%varavg| %total
---------------------------------------------------------------
Pair    | 37.918     | 37.918     | 37.918     |   0.0 | 82.03
Neigh   | 5.228      | 5.228      | 5.228      |   0.0 | 11.31
Comm    | 0.75993    | 0.75993    | 0.75993    |   0.0 |  1.64
Output  | 0.025637   | 0.025637   | 0.025637   |   0.0 |  0.06
Modify  | 2.051      | 2.051      | 2.051      |   0.0 |  4.44
Other   |            | 0.24       |            |       |  0.52

Nlocal:    1331 ave 1331 max 1331 min
Histogram: 1 0 0 0 0 0 0 0 0 0
Nghost:    3293 ave 3293 max 3293 min
Histogram: 1 0 0 0 0 0 0 0 0 0
Neighs:    61799 ave 61799 max 61799 min
Histogram: 1 0 0 0 0 0 0 0 0 0

Total # of neighbors = 61799
Ave neighs/atom = 46.4305
Neighbor list builds = 2500
Dangerous builds not checked

write_restart lattice_11_11_11__2_2_2/sim1/T_0.10__P_1.90/end1.restart
Total wall time: 0:00:46
