run 50000
Neighbor list info ...
  update every 20 steps, delay 0 steps, check no
  max neighbors/atom: 2000, page size: 100000
  master list distance cutoff = 2.8
  ghost atom cutoff = 2.8
  binsize = 1.4, bins = 20 20 20
  1 neighbor lists, perpetual/occasional/extra = 1 0 0
  (1) pair lj/cut, perpetual
      attributes: half, newton on
      pair build: half/bin/atomonly/newton
      stencil: half/bin/3d/newton
      bin: standard
Per MPI rank memory allocation (min/avg/max) = 2.724 | 2.724 | 2.724 Mbytes
Step Temp Press TotEng 
       0          1.7   0.11263745    2.5357551 
    1000    1.7221897   0.10903396    2.2201952 
    2000    1.6664492   0.10606346    2.1176797 
    3000    1.7380483   0.10489351    2.2256951 
    4000    1.6561531   0.10783876    2.0774975 
    5000    1.7774534   0.11080075    2.2700316 
    6000    1.6590997   0.10606521    2.0731948 
    7000    1.7083686   0.11324395    2.1681306 
    8000    1.6823866   0.10522441    2.1242396 
    9000    1.7034643   0.11304893     2.143941 
   10000     1.729196   0.10001383    2.1871116 
   11000    1.6711368   0.10498631    2.1076442 
   12000    1.7335749   0.10721334    2.2250886 
   13000     1.649533  0.099658919    2.0684399 
   14000    1.7159684   0.10585866    2.1913082 
   15000     1.693606   0.10219153    2.1453208 
   16000    1.7537569   0.11820079    2.2359634 
   17000      1.66067  0.098537932    2.0749488 
   18000    1.7478134   0.10980436     2.214966 
   19000    1.7027709   0.10385978    2.1166925 
   20000    1.7234997    0.1082559    2.1590823 
   21000    1.6816386   0.10287998    2.1139104 
   22000    1.6911431   0.11039041    2.1344877 
   23000    1.7102943   0.10369701    2.1694033 
   24000    1.7038838   0.10365445    2.1293637 
   25000    1.8254344   0.11492461    2.3354909 
   26000    1.6884265  0.098423679    2.1246649 
   27000    1.7222309   0.10311576    2.1690791 
   28000    1.6597967   0.10583267    2.0818226 
   29000    1.7273477   0.10522507    2.1951173 
   30000     1.693798   0.10402684    2.1392427 
   31000    1.6945508    0.1100881      2.14345 
   32000    1.7244406   0.10950901    2.1813444 
   33000    1.7151537   0.10096636    2.1785518 
   34000    1.6879267    0.1018175    2.1248158 
   35000     1.733463   0.10979878     2.187281 
   36000    1.6871303   0.10155017    2.1159796 
   37000    1.7270868   0.10242803     2.181156 
   38000     1.650121  0.097750586    2.0500962 
   39000     1.739163   0.10861093    2.2046816 
   40000     1.675287  0.098608304    2.1168035 
   41000    1.7573499   0.11709857    2.2399587 
   42000    1.6609391   0.10836363    2.0979871 
   43000    1.7172547   0.10216277    2.1639955 
   44000    1.6798576   0.10630747    2.1142701 
   45000    1.7081255   0.10430534    2.1451099 
   46000    1.6918484    0.1159518    2.1631649 
   47000    1.6811458  0.099124674    2.1378483 
   48000    1.7557534   0.10718101    2.2439315 
   49000    1.6840597   0.10938127     2.121866 
   50000    1.7096057   0.10667485     2.170787 
Loop time of 5.57637 on 1 procs for 50000 steps with 1331 atoms

Performance: 3098791.774 tau/day, 8966.411 timesteps/s
99.6% CPU use with 1 MPI tasks x no OpenMP threads

MPI task timing breakdown:
Section |  min time  |  avg time  |  max time  |%varavg| %total
---------------------------------------------------------------
Pair    | 3.0462     | 3.0462     | 3.0462     |   0.0 | 54.63
Neigh   | 1.2948     | 1.2948     | 1.2948     |   0.0 | 23.22
Comm    | 0.28943    | 0.28943    | 0.28943    |   0.0 |  5.19
Output  | 0.022592   | 0.022592   | 0.022592   |   0.0 |  0.41
Modify  | 0.84318    | 0.84318    | 0.84318    |   0.0 | 15.12
Other   |            | 0.08023    |            |       |  1.44

Nlocal:    1331 ave 1331 max 1331 min
Histogram: 1 0 0 0 0 0 0 0 0 0
Nghost:    964 ave 964 max 964 min
Histogram: 1 0 0 0 0 0 0 0 0 0
Neighs:    4196 ave 4196 max 4196 min
Histogram: 1 0 0 0 0 0 0 0 0 0

Total # of neighbors = 4196
Ave neighs/atom = 3.15252
Neighbor list builds = 2500
Dangerous builds not checked

write_restart NVT/sim1/T_1.70__v_15.62/end1.restart
Total wall time: 0:00:05
