run 50000
Neighbor list info ...
  update every 20 steps, delay 0 steps, check no
  max neighbors/atom: 2000, page size: 100000
  master list distance cutoff = 2.8
  ghost atom cutoff = 2.8
  binsize = 1.4, bins = 16 16 16
  1 neighbor lists, perpetual/occasional/extra = 1 0 0
  (1) pair lj/cut, perpetual
      attributes: half, newton on
      pair build: half/bin/atomonly/newton
      stencil: half/bin/3d/newton
      bin: standard
Per MPI rank memory allocation (min/avg/max) = 2.7 | 2.7 | 2.7 Mbytes
Step Temp Press Volume Density PotEng KinEng TotEng 
       0          1.6   0.15443958        10648        0.125  -0.13561964    2.3981968    2.2625772 
    1000    2.0089783    0.3252869    7568.4465   0.17586172  -0.93960877    3.0112035    2.0715947 
    2000    1.7574078   0.31613753    5972.0006   0.22287339   -1.2171032    2.6341311     1.417028 
    3000    1.6458894   0.38238933    4893.7837   0.27197769   -1.5193134    2.4669793   0.94766588 
    4000     1.619828   0.46763724    4163.2941   0.31969877   -1.7938105    2.4279164   0.63410591 
    5000    1.6373981   0.43304473    3655.1117   0.36414755   -2.0840409    2.4542518   0.37021095 
    6000    1.6204423    0.5742911    3291.3075   0.40439855   -2.2478613    2.4288373   0.18097603 
    7000    1.5991267   0.55143502    3058.1014   0.43523737   -2.4107491    2.3968879 -0.013861254 
    8000    1.5799748   0.70282503    2905.6666   0.45807045   -2.5046114    2.3681816  -0.13642979 
    9000    1.5877709   0.80147246    2821.4637   0.47174096   -2.5938449    2.3798669  -0.21397795 
   10000    1.5969427    0.8319088    2785.1775   0.47788695   -2.6235718    2.3936143  -0.22995745 
   11000    1.6030256   0.73677574    2838.9112   0.46884171    -2.613217    2.4027319  -0.21048512 
   12000    1.6389966    0.5724913    2839.4737   0.46874883   -2.5910696    2.4566478  -0.13442173 
   13000    1.5427772   0.72171034    2856.2516   0.46599536   -2.5493996    2.3124271  -0.23697256 
   14000    1.6399322   0.67147301    2836.0381   0.46931668   -2.5868969    2.4580501  -0.12884687 
   15000    1.6061735   0.58074214    2897.5828   0.45934838   -2.5500175    2.4074501  -0.14256736 
   16000    1.6296114   0.61921506    2839.3666   0.46876651   -2.6148377    2.4425806  -0.17225719 
   17000    1.6251023   0.87373814    2788.7993   0.47726633   -2.5898283    2.4358221   -0.1540062 
   18000    1.4935116   0.57168461    2884.8695   0.46137269   -2.5580523    2.2385842  -0.31946813 
   19000    1.6494021   0.76337071    2826.8932   0.47083492   -2.6115649    2.4722443  -0.13932057 
   20000    1.6466083   0.61494754    2821.0184   0.47181543   -2.6342751    2.4680567   -0.1662184 
   21000    1.5618638   0.58914732     2843.121   0.46814751   -2.6281251    2.3410355  -0.28708967 
   22000    1.6103637   0.91780953     2776.392   0.47939915    -2.571316    2.4137307  -0.15758528 
   23000    1.5798602   0.81716326    2926.1838   0.45485865   -2.4315285    2.3680098  -0.06351872 
   24000    1.6470979   0.55031938    2976.2662   0.44720462   -2.4991308    2.4687907 -0.030340105 
   25000    1.5964856    0.7917668    2884.6512    0.4614076   -2.5105401    2.3929293  -0.11761085 
   26000    1.5787265    0.7777719    2846.2065      0.46764   -2.5462645    2.3663106  -0.17995384 
   27000    1.5564981   0.70499608    2778.3491   0.47906148   -2.6498114     2.332993  -0.31681845 
   28000    1.6129284   0.75548685    2765.8326   0.48122942   -2.6491483    2.4175749  -0.23157344 
   29000    1.5983236   0.72516202    2893.3655   0.46001792   -2.4902119    2.3956841 -0.094527755 
   30000    1.6281736   0.66356217    2862.6783   0.46494921   -2.5797553    2.4404255  -0.13932985 
   31000    1.6013283   0.75863553    2788.2665   0.47735752   -2.6252899    2.4001878  -0.22510208 
   32000    1.5872702   0.56672695    2841.2591   0.46845429   -2.5996763    2.3791164  -0.22055985 
   33000    1.5981138   0.76669711    2903.4716   0.45841674   -2.5153992    2.3953696  -0.12002955 
   34000    1.6238274   0.77651514    2902.0324   0.45864409   -2.4948709    2.4339112 -0.060959779 
   35000    1.5892671   0.64407839    2867.0047   0.46424759   -2.5798807    2.3821096  -0.19777109 
   36000    1.5719189   0.74426495    2818.1535   0.47229506   -2.5793448    2.3561068  -0.22323804 
   37000     1.674228   0.68862085    2850.2627    0.4669745   -2.6109786    2.5094553  -0.10152333 
   38000    1.5376678   0.69917622     2917.185   0.45626177   -2.5413923    2.3047688  -0.23662351 
   39000     1.660822   0.84786032    2814.5118   0.47290617   -2.5415782    2.4893613 -0.052216923 
   40000    1.5860602   0.65382831    2878.1256   0.46245376   -2.5604644    2.3773028  -0.18316158 
   41000    1.5905672   0.70051502    2858.4036   0.46564453   -2.5485854    2.3840583  -0.16452703 
   42000    1.6262037   0.83510133    2782.0476    0.4784246   -2.5927688    2.4374729  -0.15529595 
   43000    1.5499561   0.56511619     2841.753   0.46837286   -2.6080161    2.3231875  -0.28482862 
   44000    1.5955946    0.7521666    2801.7099   0.47506703   -2.6237705    2.3915937  -0.23217673 
   45000    1.6353073   0.79917602    2820.8725   0.47183984   -2.5793803     2.451118  -0.12826229 
   46000    1.5556168   0.51399493    2901.2859    0.4587621   -2.5415863    2.3316721  -0.20991415 
   47000    1.6212949   0.74273951    2816.1695   0.47262779   -2.5877374    2.4301151  -0.15762223 
   48000    1.6028407   0.71806573    2865.5275   0.46448691   -2.5876373    2.4024547  -0.18518263 
   49000    1.6295848   0.58830161    2904.9449   0.45818425   -2.5509683    2.4425407  -0.10842759 
   50000    1.6671443    0.7970973     2889.225   0.46067717   -2.5564844    2.4988377 -0.057646734 
Loop time of 27.8912 on 1 procs for 50000 steps with 1331 atoms

Performance: 619550.067 tau/day, 1792.680 timesteps/s
99.8% CPU use with 1 MPI tasks x no OpenMP threads

MPI task timing breakdown:
Section |  min time  |  avg time  |  max time  |%varavg| %total
---------------------------------------------------------------
Pair    | 20.719     | 20.719     | 20.719     |   0.0 | 74.29
Neigh   | 3.9331     | 3.9331     | 3.9331     |   0.0 | 14.10
Comm    | 0.72304    | 0.72304    | 0.72304    |   0.0 |  2.59
Output  | 0.025743   | 0.025743   | 0.025743   |   0.0 |  0.09
Modify  | 2.3417     | 2.3417     | 2.3417     |   0.0 |  8.40
Other   |            | 0.1486     |            |       |  0.53

Nlocal:    1331 ave 1331 max 1331 min
Histogram: 1 0 0 0 0 0 0 0 0 0
Nghost:    2069 ave 2069 max 2069 min
Histogram: 1 0 0 0 0 0 0 0 0 0
Neighs:    27973 ave 27973 max 27973 min
Histogram: 1 0 0 0 0 0 0 0 0 0

Total # of neighbors = 27973
Ave neighs/atom = 21.0165
Neighbor list builds = 2500
Dangerous builds not checked

write_restart lattice_11_11_11__2_2_2/sim1/T_1.60__P_0.70/end1.restart
Total wall time: 0:00:27
