run 50000
Neighbor list info ...
  update every 20 steps, delay 0 steps, check no
  max neighbors/atom: 2000, page size: 100000
  master list distance cutoff = 2.8
  ghost atom cutoff = 2.8
  binsize = 1.4, bins = 16 16 16
  1 neighbor lists, perpetual/occasional/extra = 1 0 0
  (1) pair lj/cut, perpetual
      attributes: half, newton on
      pair build: half/bin/atomonly/newton
      stencil: half/bin/3d/newton
      bin: standard
Per MPI rank memory allocation (min/avg/max) = 2.7 | 2.7 | 2.7 Mbytes
Step Temp Press Volume Density PotEng KinEng TotEng 
       0          0.5  0.017042887        10648        0.125  -0.13561964   0.74943651   0.61381687 
    1000    1.0364708   0.11679007    5262.8693   0.25290387    -1.587616    1.5535381 -0.034077906 
    2000   0.87773273  -0.03384041     3307.426   0.40242775   -2.6765888    1.3156099   -1.3609789 
    3000   0.80929174  -0.17001403    2249.2344   0.59175691   -3.8403782    1.2130256   -2.6273527 
    4000   0.74360793   0.49767951     1690.212    0.7874752   -4.8266629    1.1145739    -3.712089 
    5000   0.61280533   0.78426583    1526.5409   0.87190591   -5.4448427   0.91851738   -4.5263253 
    6000   0.52013779   0.88438997    1456.5458   0.91380581   -5.7988813    0.7796205   -5.0192608 
    7000    0.4695314    0.9282286    1433.5288   0.92847802   -5.9172122   0.70376795   -5.2134443 
    8000   0.49495916   0.84844045    1440.4933   0.92398901   -5.8879153   0.74188093   -5.1460343 
    9000   0.51837837   0.83942271    1451.5993   0.91691972   -5.8273377   0.77698336   -5.0503543 
   10000   0.49645932    0.9095118    1443.3463   0.92216263    -5.856884   0.74412948   -5.1127546 
   11000   0.50604743   0.83197796    1437.3264   0.92602488   -5.9217676   0.75850084   -5.1632667 
   12000   0.51345735   0.95298669     1438.659   0.92516711   -5.8961216   0.76960737   -5.1265143 
   13000    0.5184914   0.77419897    1444.4701    0.9214452   -5.8850264   0.77715277   -5.1078736 
   14000   0.49807461   0.72227897    1444.9625   0.92113117   -5.8911052    0.7465506   -5.1445546 
   15000   0.48383206   0.84616692    1441.3631   0.92343141   -5.8869356   0.72520283   -5.1617328 
   16000   0.50329197   0.82140569    1441.3224   0.92345752   -5.8942027   0.75437075   -5.1398319 
   17000   0.49659284   0.86336587    1446.0211   0.92045686   -5.8560006   0.74432961    -5.111671 
   18000   0.49949327   0.98580455    1443.7829   0.92188376    -5.847807   0.74867699     -5.09913 
   19000   0.50349368    1.2259635    1433.3461   0.92859638   -5.8686219    0.7546731   -5.1139489 
   20000   0.50922257    1.0515042    1436.0832    0.9268265   -5.8810643   0.76325998   -5.1178043 
   21000    0.4876562    1.0843866    1439.1215    0.9248698   -5.8537487   0.73093472    -5.122814 
   22000   0.49615369   0.88286619    1441.3812   0.92341983   -5.8851809   0.74367138   -5.1415095 
   23000    0.4999996   0.80835418    1439.1578   0.92484645   -5.9042034   0.74943592   -5.1547674 
   24000   0.50664685   0.86189271    1437.7927   0.92572452   -5.9048908    0.7593993   -5.1454915 
   25000   0.50214203   0.96322821    1436.2057   0.92674749   -5.9027357   0.75264714   -5.1500886 
   26000   0.50004213   0.91116568    1440.8528   0.92375848   -5.8828397   0.74949966     -5.13334 
   27000   0.51116771   0.73073415    1441.3483   0.92344094   -5.9038871    0.7661755   -5.1377116 
   28000   0.48841737   0.89127561    1438.2637   0.92542137   -5.9007147   0.73207562   -5.1686391 
   29000    0.4955421   0.83840351    1444.9086   0.92116553   -5.8700049   0.74275469   -5.1272502 
   30000   0.49777118   0.74526139    1453.5437   0.91569311   -5.8339342   0.74609579   -5.0878384 
   31000   0.49712579   0.69528511    1443.7396   0.92191143   -5.8992933   0.74512843   -5.1541649 
   32000   0.48729299   0.72122411    1438.6448   0.92517622   -5.9306774   0.73039031   -5.2002871 
   33000   0.49311951   0.80446508    1443.7077   0.92193178   -5.8800638   0.73912354   -5.1409402 
   34000   0.50148905   0.86064713    1443.9072   0.92180438   -5.8720495   0.75166842   -5.1203811 
   35000   0.50537826   0.81926589    1434.1719   0.92806167   -5.9381135   0.75749784   -5.1806157 
   36000   0.50562996   0.91248659     1432.761   0.92897556   -5.9315739    0.7578751   -5.1736988 
   37000   0.49720763    1.1307995    1439.0345   0.92492569   -5.8475441   0.74525111    -5.102293 
   38000   0.52128203    1.0509529    1435.9696   0.92689983   -5.8831394   0.78133558   -5.1018038 
   39000   0.48592669    1.0666586    1435.6647    0.9270967   -5.8798028    0.7283424   -5.1514604 
   40000   0.48815168   0.98809075    1439.5979   0.92456374   -5.8738248   0.73167739   -5.1421475 
   41000   0.51205867   0.99226361    1439.2746   0.92477142    -5.868432   0.76751093    -5.100921 
   42000   0.48508891   0.99126508    1441.5949   0.92328299   -5.8482645   0.72708668   -5.1211778 
   43000   0.50180401   0.72887061    1440.4748    0.9240009   -5.9097438   0.75214049   -5.1576033 
   44000   0.46412973   0.79626466    1445.6269   0.92070782   -5.8612019   0.69567153   -5.1655303 
   45000   0.49547618   0.68824962    1448.4908   0.91888741   -5.8705537   0.74265589   -5.1278978 
   46000   0.49245754   0.94752712    1445.1185   0.92103172   -5.8484284   0.73813133   -5.1102971 
   47000   0.47925058   0.83540914    1447.3195   0.91963108    -5.848238   0.71833577   -5.1299022 
   48000   0.50540794   0.80909152    1442.5114   0.92269638   -5.8884825   0.75754233   -5.1309401 
   49000   0.50348842   0.96431315    1439.4215   0.92467706   -5.8789872   0.75466521    -5.124322 
   50000   0.51763797   0.92220205    1440.3572   0.92407636   -5.8819222   0.77587359   -5.1060486 
Loop time of 40.351 on 1 procs for 50000 steps with 1331 atoms

Performance: 428242.275 tau/day, 1239.127 timesteps/s
100.0% CPU use with 1 MPI tasks x no OpenMP threads

MPI task timing breakdown:
Section |  min time  |  avg time  |  max time  |%varavg| %total
---------------------------------------------------------------
Pair    | 32.713     | 32.713     | 32.713     |   0.0 | 81.07
Neigh   | 4.5876     | 4.5876     | 4.5876     |   0.0 | 11.37
Comm    | 0.72752    | 0.72752    | 0.72752    |   0.0 |  1.80
Output  | 0.025497   | 0.025497   | 0.025497   |   0.0 |  0.06
Modify  | 2.0768     | 2.0768     | 2.0768     |   0.0 |  5.15
Other   |            | 0.2207     |            |       |  0.55

Nlocal:    1331 ave 1331 max 1331 min
Histogram: 1 0 0 0 0 0 0 0 0 0
Nghost:    3100 ave 3100 max 3100 min
Histogram: 1 0 0 0 0 0 0 0 0 0
Neighs:    54380 ave 54380 max 54380 min
Histogram: 1 0 0 0 0 0 0 0 0 0

Total # of neighbors = 54380
Ave neighs/atom = 40.8565
Neighbor list builds = 2500
Dangerous builds not checked

write_restart lattice_11_11_11__2_2_2/sim1/T_0.50__P_0.90/end1.restart
Total wall time: 0:00:40
