run 50000
Neighbor list info ...
  update every 20 steps, delay 0 steps, check no
  max neighbors/atom: 2000, page size: 100000
  master list distance cutoff = 2.8
  ghost atom cutoff = 2.8
  binsize = 1.4, bins = 16 16 16
  1 neighbor lists, perpetual/occasional/extra = 1 0 0
  (1) pair lj/cut, perpetual
      attributes: half, newton on
      pair build: half/bin/atomonly/newton
      stencil: half/bin/3d/newton
      bin: standard
Per MPI rank memory allocation (min/avg/max) = 2.7 | 2.7 | 2.7 Mbytes
Step Temp Press Volume Density PotEng KinEng TotEng 
       0          1.3   0.11696776        10648        0.125  -0.13561964    1.9485349    1.8129153 
    1000    1.6885429   0.24759689    7445.4844   0.17876607  -0.99172139    2.5309114      1.53919 
    2000    1.4815869   0.23653032    5767.3479   0.23078198    -1.360521    2.2207106   0.86018963 
    3000    1.3553989   0.20693203    4648.1782   0.28634875     -1.69256    2.0315708   0.33901085 
    4000    1.3395665   0.26541247    3860.8487   0.34474285   -2.0454449    2.0078402 -0.037604761 
    5000     1.318817   0.29426016    3301.4025   0.40316199   -2.3473032    1.9767393  -0.37056388 
    6000    1.3163669   0.31192023    2907.5567   0.45777267   -2.6596529    1.9730668  -0.68658605 
    7000    1.3062389   0.48121575    2623.9018   0.50725983   -2.8942782    1.9578863  -0.93639193 
    8000    1.3067807    0.5312235    2437.0491   0.54615231   -3.1212142    1.9586983    -1.162516 
    9000    1.2894916   0.58270099    2335.2911   0.56995035   -3.2462841    1.9327842   -1.3134999 
   10000     1.284405   0.60270542    2310.2703   0.57612305    -3.290669      1.92516   -1.3655091 
   11000    1.2763902   0.75356597    2326.0656   0.57221086   -3.2471181    1.9131469   -1.3339712 
   12000    1.2715495   0.78125088    2346.0109   0.56734605   -3.1577736    1.9058913   -1.2518823 
   13000    1.2871898   0.51209585    2383.9422    0.5583189   -3.1832324     1.929334   -1.2538984 
   14000    1.3007818   0.43667243    2361.9824    0.5635097   -3.2395727    1.9497068   -1.2898658 
   15000    1.2775665   0.71424089    2281.2979    0.5834398   -3.2929693    1.9149099   -1.3780593 
   16000    1.3134366   0.62262532    2282.0907   0.58323711    -3.325636    1.9686746   -1.3569614 
   17000     1.287127   0.54227076    2376.0841   0.56016537   -3.2262997      1.92924   -1.2970597 
   18000    1.2989739   0.71339378    2391.1791   0.55662916    -3.180561     1.946997    -1.233564 
   19000    1.3394409   0.63209345    2329.0334   0.57148172   -3.2363211    2.0076519   -1.2286692 
   20000     1.259656   0.62914528    2341.8558   0.56835267   -3.2094587    1.8880644   -1.3213943 
   21000     1.298603   0.58557143    2361.6507   0.56358886   -3.1967802     1.946441   -1.2503392 
   22000    1.2890586   0.59534417    2419.0654    0.5502125   -3.1495599    1.9321352   -1.2174247 
   23000    1.3133467   0.65894249    2322.9647    0.5729747   -3.2695855    1.9685399   -1.3010456 
   24000    1.2888517   0.68074268    2307.1566   0.57690058   -3.2661651    1.9318251     -1.33434 
   25000    1.2894896   0.43848751    2413.4151   0.55150065   -3.1575874    1.9327812   -1.2248062 
   26000    1.3557873   0.65658066    2358.2237   0.56440787   -3.2637542     2.032153   -1.2316013 
   27000    1.3506713   0.73721015    2304.5277   0.57755869   -3.2735117    2.0244847    -1.249027 
   28000    1.2717172   0.63115066    2321.6555   0.57329779   -3.2785386    1.9061426    -1.372396 
   29000    1.2555375   0.55857724    2356.3938   0.56484616    -3.197332    1.8818913   -1.3154406 
   30000    1.3021425   0.58171679    2385.4657   0.55796232   -3.1927004    1.9517463   -1.2409541 
   31000    1.3403789   0.58923867    2313.5307   0.57531115   -3.2657266    2.0090578   -1.2566688 
   32000    1.2776621     0.800803    2290.4419   0.58111056    -3.281383    1.9150533   -1.3663296 
   33000    1.2870159   0.55146788    2348.0436   0.56685488   -3.2390602    1.9290735   -1.3099867 
   34000    1.2906068   0.52845861     2397.708   0.55511347   -3.1981065    1.9344557   -1.2636508 
   35000    1.3179529    0.4411911     2361.875   0.56353532   -3.2472256     1.975444   -1.2717815 
   36000    1.3200051   0.82434294    2300.3421    0.5786096   -3.2611716      1.97852   -1.2826516 
   37000    1.2769558   0.41127647    2327.8707   0.57176715    -3.295565    1.9139946   -1.3815704 
   38000    1.2863024   0.46041754     2313.842   0.57523374   -3.3479427     1.928004   -1.4199387 
   39000     1.309037   0.56136249     2330.737     0.571064   -3.2514943    1.9620802   -1.2894141 
   40000    1.3130071   0.56790908    2342.1182   0.56828898   -3.2377488    1.9680309   -1.2697178 
   41000    1.2773101   0.40853448    2349.3677   0.56653542   -3.2371139    1.9145256   -1.3225883 
   42000    1.2745407   0.60367081    2322.8151   0.57301159   -3.2759399    1.9103748   -1.3655651 
   43000    1.2934783   0.60881673    2328.8082   0.57153698   -3.2593674    1.9387597   -1.3206077 
   44000    1.3239627   0.65365587    2374.1683   0.56061737   -3.1790643     1.984452   -1.1946123 
   45000    1.3037412   0.68672937    2334.9123   0.57004281   -3.2348849    1.9541425   -1.2807424 
   46000    1.2839594   0.55345513    2363.0443   0.56325649   -3.2138471    1.9244921    -1.289355 
   47000    1.2939137   0.33069662    2392.9874   0.55620852   -3.2122256    1.9394123   -1.2728133 
   48000    1.3523017   0.65142686    2267.8162   0.58690822   -3.3514025    2.0269285    -1.324474 
   49000     1.269215   0.54641753    2289.9936   0.58122432   -3.3325978    1.9023922   -1.4302056 
   50000      1.27067   0.50762377    2330.3985   0.57114694   -3.2740882     1.904573   -1.3695152 
Loop time of 31.693 on 1 procs for 50000 steps with 1331 atoms

Performance: 545231.459 tau/day, 1577.637 timesteps/s
99.9% CPU use with 1 MPI tasks x no OpenMP threads

MPI task timing breakdown:
Section |  min time  |  avg time  |  max time  |%varavg| %total
---------------------------------------------------------------
Pair    | 24.145     | 24.145     | 24.145     |   0.0 | 76.19
Neigh   | 4.2836     | 4.2836     | 4.2836     |   0.0 | 13.52
Comm    | 0.73419    | 0.73419    | 0.73419    |   0.0 |  2.32
Output  | 0.025692   | 0.025692   | 0.025692   |   0.0 |  0.08
Modify  | 2.3504     | 2.3504     | 2.3504     |   0.0 |  7.42
Other   |            | 0.1537     |            |       |  0.48

Nlocal:    1331 ave 1331 max 1331 min
Histogram: 1 0 0 0 0 0 0 0 0 0
Nghost:    2436 ave 2436 max 2436 min
Histogram: 1 0 0 0 0 0 0 0 0 0
Neighs:    34430 ave 34430 max 34430 min
Histogram: 1 0 0 0 0 0 0 0 0 0

Total # of neighbors = 34430
Ave neighs/atom = 25.8678
Neighbor list builds = 2500
Dangerous builds not checked

write_restart lattice_11_11_11__2_2_2/sim1/T_1.30__P_0.60/end1.restart
Total wall time: 0:00:31
