run 50000
Neighbor list info ...
  update every 20 steps, delay 0 steps, check no
  max neighbors/atom: 2000, page size: 100000
  master list distance cutoff = 2.8
  ghost atom cutoff = 2.8
  binsize = 1.4, bins = 20 20 20
  1 neighbor lists, perpetual/occasional/extra = 1 0 0
  (1) pair lj/cut, perpetual
      attributes: half, newton on
      pair build: half/bin/atomonly/newton
      stencil: half/bin/3d/newton
      bin: standard
Per MPI rank memory allocation (min/avg/max) = 2.748 | 2.748 | 2.748 Mbytes
Step Temp Press TotEng 
       0            1  0.058584319     1.486544 
    1000    1.0527696  0.056908614    1.2130677 
    2000   0.98442205  0.044404315    1.0062883 
    3000   0.99769797  0.048346213    1.0352291 
    4000    1.0046488  0.043158645    1.0308953 
    5000   0.99564384  0.045902863    0.9938873 
    6000      1.01238  0.044600372    1.0249435 
    7000    0.9808955  0.045749053   0.95529935 
    8000    1.0029864  0.048039221    1.0192216 
    9000   0.98380571  0.041543622    0.9909575 
   10000   0.98273453  0.045528709   0.99433021 
   11000    1.0231148  0.052945862    1.0404591 
   12000   0.98251004  0.044582603   0.95909911 
   13000   0.98686632  0.048330111   0.98980303 
   14000    1.0563763  0.050520828    1.0795949 
   15000   0.98266142   0.04829295   0.97273354 
   16000    1.0102764  0.044182584    1.0274152 
   17000   0.98202167  0.042390431     1.010653 
   18000   0.92038635  0.046147301   0.88608953 
   19000    1.0321696  0.042274074     1.006398 
   20000    1.0029561  0.042971884    1.0134414 
   21000   0.99247756  0.042641833    1.0067608 
   22000    1.0354729  0.049478906    1.0609175 
   23000   0.97048257  0.042228153   0.97130956 
   24000    1.0487641  0.051257646    1.0721272 
   25000   0.99642022  0.047188117    1.0217173 
   26000   0.99340246  0.042567629    1.0332919 
   27000    1.0381394  0.051632096    1.0721537 
   28000   0.98564094  0.047368022    1.0052272 
   29000    1.0140276  0.049233626     1.056688 
   30000    1.0243584  0.048108417    1.0451328 
   31000   0.99757284  0.041347632   0.99885611 
   32000    0.9744376  0.039289409   0.97608949 
   33000    1.0138798  0.043153817    1.0357064 
   34000   0.99453421  0.044833931    1.0134016 
   35000   0.98228456  0.046793664   0.98374876 
   36000    1.0220266  0.049807939    1.0548621 
   37000   0.97375825  0.042341148   0.96781673 
   38000    1.0086159  0.043809248    1.0327839 
   39000    1.0141272  0.054291949    1.0011837 
   40000    1.0000464  0.046783638    1.0145138 
   41000    0.9945726  0.044255192    1.0130287 
   42000   0.99409887  0.047589168    0.9974777 
   43000    1.0036455  0.049919334     1.022795 
   44000    0.9920021  0.043514986   0.99180227 
   45000    1.0147954  0.047803545    1.0187794 
   46000    1.0249316  0.047431355    1.0137719 
   47000   0.99615424  0.045178427    1.0201617 
   48000   0.99446243  0.047094672   0.97903204 
   49000    1.0323398  0.049302189     1.071784 
   50000   0.96892445  0.041235175    0.9520788 
Loop time of 5.40801 on 1 procs for 50000 steps with 1331 atoms

Performance: 3195262.972 tau/day, 9245.553 timesteps/s
99.7% CPU use with 1 MPI tasks x no OpenMP threads

MPI task timing breakdown:
Section |  min time  |  avg time  |  max time  |%varavg| %total
---------------------------------------------------------------
Pair    | 2.9556     | 2.9556     | 2.9556     |   0.0 | 54.65
Neigh   | 1.2187     | 1.2187     | 1.2187     |   0.0 | 22.53
Comm    | 0.27827    | 0.27827    | 0.27827    |   0.0 |  5.15
Output  | 0.022923   | 0.022923   | 0.022923   |   0.0 |  0.42
Modify  | 0.85227    | 0.85227    | 0.85227    |   0.0 | 15.76
Other   |            | 0.08024    |            |       |  1.48

Nlocal:    1331 ave 1331 max 1331 min
Histogram: 1 0 0 0 0 0 0 0 0 0
Nghost:    966 ave 966 max 966 min
Histogram: 1 0 0 0 0 0 0 0 0 0
Neighs:    4110 ave 4110 max 4110 min
Histogram: 1 0 0 0 0 0 0 0 0 0

Total # of neighbors = 4110
Ave neighs/atom = 3.0879
Neighbor list builds = 2500
Dangerous builds not checked

write_restart NVT/sim1/T_1.00__v_17.58/end1.restart
Total wall time: 0:00:05
