run 50000
Neighbor list info ...
  update every 20 steps, delay 0 steps, check no
  max neighbors/atom: 2000, page size: 100000
  master list distance cutoff = 2.8
  ghost atom cutoff = 2.8
  binsize = 1.4, bins = 16 16 16
  1 neighbor lists, perpetual/occasional/extra = 1 0 0
  (1) pair lj/cut, perpetual
      attributes: half, newton on
      pair build: half/bin/atomonly/newton
      stencil: half/bin/3d/newton
      bin: standard
Per MPI rank memory allocation (min/avg/max) = 2.7 | 2.7 | 2.7 Mbytes
Step Temp Press Volume Density PotEng KinEng TotEng 
       0          1.4   0.12945836        10648        0.125  -0.13561964    2.0984222    1.9628026 
    1000    1.7838387   0.31555798    7583.0659   0.17552267   -0.9634141    2.6737477    1.7103336 
    2000    1.5842966    0.2707486     5947.076   0.22380746   -1.3351857    2.3746594    1.0394738 
    3000    1.4512415   0.31135447    4837.1781   0.27516043   -1.6004468    2.1752268   0.57477999 
    4000     1.448303   0.29710219    4065.4282   0.32739478   -1.9313484    2.1708222   0.23947386 
    5000    1.4482075   0.33766829    3515.1236   0.37864955   -2.1857059    2.1706792 -0.015026658 
    6000    1.4368859   0.33847293    3149.6006   0.42259327   -2.4521747    2.1537095  -0.29846515 
    7000    1.4374252   0.49918088    2855.3762   0.46613822   -2.6760658    2.1545179  -0.52154792 
    8000    1.3887352   0.59701346    2669.8163   0.49853618   -2.7939831    2.0815378  -0.71244531 
    9000    1.3889161   0.54660013    2597.1195   0.51249086   -2.9014251    2.0818089  -0.81961624 
   10000    1.4139279   0.51385254    2549.2823   0.52210773   -2.9725604    2.1192984  -0.85326198 
   11000    1.3976858   0.58805925    2541.9667   0.52361032   -2.9726981    2.0949536  -0.87774452 
   12000    1.4131218   0.57651776    2549.4987   0.52206341   -2.9576472    2.1180902  -0.83955693 
   13000    1.4022998   0.74562559     2553.099   0.52132722   -2.9295865    2.1018693  -0.82771713 
   14000    1.3662363   0.46392776    2587.0057   0.51449441   -2.9224515    2.0478147  -0.87463674 
   15000    1.4393987   0.51553127    2572.7373   0.51734781   -2.9272669    2.1574759  -0.76979098 
   16000    1.4200475   0.60732237    2516.6673   0.52887404   -2.9873271    2.1284709  -0.85885615 
   17000    1.3821264    0.5844427    2493.9323   0.53369532   -3.0378349     2.071632  -0.96620294 
   18000    1.3979173   0.47394591     2535.971   0.52484828   -3.0011433    2.0953005  -0.90584275 
   19000    1.4176601   0.56884227    2595.1264   0.51288446   -2.8837814    2.1248924  -0.75888898 
   20000    1.4199316   0.67765775    2555.4629   0.52084497   -2.9269288    2.1282972  -0.79863156 
   21000    1.4154262   0.49912835    2504.1047    0.5315273     -3.04917    2.1215442  -0.92762586 
   22000    1.4035211   0.52831123    2578.0984   0.51627199   -2.9577325    2.1036999  -0.85403259 
   23000    1.4150269   0.63544986    2519.9328   0.52818869   -2.9654716    2.1209457   -0.8445259 
   24000    1.3977579   0.73852773    2555.7339   0.52078975   -2.9258566    2.0950617  -0.83079489 
   25000     1.365983   0.44483438    2589.8301   0.51393333   -2.9409726     2.047435  -0.89353752 
   26000    1.4601491   0.56928528    2563.1367   0.51928561   -2.9502455    2.1885782  -0.76166736 
   27000    1.3979236   0.64403423    2605.1373   0.51091356   -2.8409027      2.09531  -0.74559273 
   28000    1.3633999   0.51741216    2655.3327   0.50125545   -2.8383136    2.0435634  -0.79475017 
   29000    1.4092278   0.64593204    2527.5285   0.52660137   -2.9531944    2.1122535  -0.84094086 
   30000    1.4121514   0.62070254    2490.2276    0.5344893   -3.0058367    2.1166357  -0.88920105 
   31000    1.4069108   0.68801111    2543.2788   0.52334018   -2.9554913    2.1087807   -0.8467106 
   32000    1.3804895   0.59455916     2627.466   0.50657173   -2.8792468    2.0691784  -0.81006833 
   33000    1.4526526   0.70206172    2560.4671   0.51982703   -2.8887035    2.1773419  -0.71136162 
   34000    1.4137544     0.587392    2575.5942   0.51677395   -2.9374277    2.1190384  -0.81838933 
   35000     1.361942   0.47781355    2590.2303   0.51385393   -2.9345317    2.0413782  -0.89315354 
   36000    1.4615244   0.64932376    2516.7017   0.52886681   -2.9689016    2.1906395  -0.77826209 
   37000     1.414839   0.61091981     2639.598   0.50424344   -2.8464824     2.120664  -0.72581845 
   38000    1.3851421    0.5248395    2643.1669   0.50356261   -2.8766919    2.0761522  -0.80053973 
   39000    1.4476286   0.59763516    2572.7835   0.51733851   -2.9616652    2.1698115  -0.79185368 
   40000    1.4099086   0.58516171    2552.2397   0.52150273   -2.9668971     2.113274  -0.85362309 
   41000    1.4196748   0.60577867    2606.0403   0.51073654   -2.8541645    2.1279123  -0.72625221 
   42000    1.4249293   0.58049424    2626.7571   0.50670845   -2.8381062    2.1357881  -0.70231811 
   43000    1.3789912   0.48191181    2631.5187   0.50579158   -2.8934509    2.0669327  -0.82651822 
   44000    1.4149099   0.62855058    2540.5137   0.52390979   -2.9736773    2.1207702  -0.85290704 
   45000    1.3829498   0.66942359    2498.5026   0.53271909   -2.9738719    2.0728662   -0.9010057 
   46000    1.3786631   0.60941879     2537.325    0.5245682   -2.9574877    2.0664409  -0.89104682 
   47000    1.4322896   0.60641696    2588.0792   0.51428101   -2.8874737    2.1468203  -0.74065343 
   48000    1.4282797   0.60472848    2608.0143   0.51034996   -2.8811522      2.14081  -0.74034217 
   49000    1.3890991    0.5645511    2580.9793   0.51569574   -2.9040981    2.0820832  -0.82201486 
   50000    1.3902625   0.56714666    2530.1121   0.52606366   -2.9707282     2.083827  -0.88690115 
Loop time of 30.2441 on 1 procs for 50000 steps with 1331 atoms

Performance: 571350.168 tau/day, 1653.212 timesteps/s
99.8% CPU use with 1 MPI tasks x no OpenMP threads

MPI task timing breakdown:
Section |  min time  |  avg time  |  max time  |%varavg| %total
---------------------------------------------------------------
Pair    | 22.721     | 22.721     | 22.721     |   0.0 | 75.13
Neigh   | 4.2736     | 4.2736     | 4.2736     |   0.0 | 14.13
Comm    | 0.72258    | 0.72258    | 0.72258    |   0.0 |  2.39
Output  | 0.025326   | 0.025326   | 0.025326   |   0.0 |  0.08
Modify  | 2.3478     | 2.3478     | 2.3478     |   0.0 |  7.76
Other   |            | 0.1534     |            |       |  0.51

Nlocal:    1331 ave 1331 max 1331 min
Histogram: 1 0 0 0 0 0 0 0 0 0
Nghost:    2374 ave 2374 max 2374 min
Histogram: 1 0 0 0 0 0 0 0 0 0
Neighs:    31717 ave 31717 max 31717 min
Histogram: 1 0 0 0 0 0 0 0 0 0

Total # of neighbors = 31717
Ave neighs/atom = 23.8295
Neighbor list builds = 2500
Dangerous builds not checked

write_restart lattice_11_11_11__2_2_2/sim1/T_1.40__P_0.60/end1.restart
Total wall time: 0:00:30
