run 50000
Neighbor list info ...
  update every 20 steps, delay 0 steps, check no
  max neighbors/atom: 2000, page size: 100000
  master list distance cutoff = 2.8
  ghost atom cutoff = 2.8
  binsize = 1.4, bins = 18 18 18
  1 neighbor lists, perpetual/occasional/extra = 1 0 0
  (1) pair lj/cut, perpetual
      attributes: half, newton on
      pair build: half/bin/atomonly/newton
      stencil: half/bin/3d/newton
      bin: standard
Per MPI rank memory allocation (min/avg/max) = 2.711 | 2.711 | 2.711 Mbytes
Step Temp Press TotEng 
       0          1.3   0.10369148     1.885338 
    1000     1.383537   0.10637297     1.486199 
    2000    1.2584369   0.10222753    1.2581592 
    3000    1.3103039  0.096434275    1.3155182 
    4000     1.293643  0.093846608    1.2799431 
    5000    1.3329067   0.10303342    1.3257543 
    6000     1.280956  0.087196776    1.2530269 
    7000    1.3091592  0.097042751    1.3141187 
    8000    1.2887811  0.092598988    1.2923393 
    9000    1.3198121   0.10593595    1.3394831 
   10000    1.2936878  0.092544301    1.2846693 
   11000    1.2886823   0.10470021    1.2852513 
   12000    1.3154551    0.1026367    1.3162416 
   13000    1.2940481   0.10033909     1.272162 
   14000    1.3419148  0.093208542    1.3482688 
   15000    1.2917144   0.10619777    1.2779094 
   16000    1.3109436  0.091267651    1.2823218 
   17000    1.2852083   0.10167753    1.2689856 
   18000      1.27946  0.097315196     1.279126 
   19000    1.2956713   0.10252309    1.3169292 
   20000    1.2754565  0.099382139    1.2815679 
   21000    1.3323895  0.097517454     1.334518 
   22000    1.2732624  0.085219781    1.2379745 
   23000    1.3327923   0.10499434    1.3631471 
   24000    1.2648186   0.10002814    1.2748791 
   25000    1.3059185   0.10987734    1.3510203 
   26000    1.2868394  0.098002015     1.291823 
   27000    1.3036271   0.10115895    1.3119778 
   28000     1.317991   0.09369191    1.3305923 
   29000    1.2403354  0.090752445    1.2117925 
   30000    1.3074795   0.10858506    1.3421968 
   31000    1.2862356  0.091218641      1.25988 
   32000    1.3187444  0.096101915    1.3288003 
   33000    1.3142668  0.098658732    1.3157214 
   34000    1.2805785  0.093664482     1.242491 
   35000    1.2906145  0.097792709    1.3083477 
   36000    1.3138538   0.09867787    1.3084362 
   37000    1.3401903    0.1012027    1.4061972 
   38000    1.2730453  0.096089849    1.2805945 
   39000    1.3129588   0.10168663     1.329585 
   40000    1.2447541  0.085118297    1.2004717 
   41000    1.3152817  0.093673405    1.3105399 
   42000    1.2862162  0.092988398    1.2913125 
   43000    1.3549211   0.10707826     1.400957 
   44000    1.2835794   0.10366913    1.2738957 
   45000    1.3155425   0.10381957    1.3427984 
   46000    1.3158592  0.085084893    1.3251528 
   47000    1.2829159  0.093640732    1.2719638 
   48000    1.3346859   0.10388815    1.3229408 
   49000    1.2734418  0.096464561    1.2471238 
   50000    1.2985549   0.11653059    1.3390157 
Loop time of 7.15255 on 1 procs for 50000 steps with 1331 atoms

Performance: 2415921.468 tau/day, 6990.514 timesteps/s
99.8% CPU use with 1 MPI tasks x no OpenMP threads

MPI task timing breakdown:
Section |  min time  |  avg time  |  max time  |%varavg| %total
---------------------------------------------------------------
Pair    | 4.2704     | 4.2704     | 4.2704     |   0.0 | 59.71
Neigh   | 1.587      | 1.587      | 1.587      |   0.0 | 22.19
Comm    | 0.3316     | 0.3316     | 0.3316     |   0.0 |  4.64
Output  | 0.023052   | 0.023052   | 0.023052   |   0.0 |  0.32
Modify  | 0.85212    | 0.85212    | 0.85212    |   0.0 | 11.91
Other   |            | 0.08837    |            |       |  1.24

Nlocal:    1331 ave 1331 max 1331 min
Histogram: 1 0 0 0 0 0 0 0 0 0
Nghost:    1171 ave 1171 max 1171 min
Histogram: 1 0 0 0 0 0 0 0 0 0
Neighs:    6175 ave 6175 max 6175 min
Histogram: 1 0 0 0 0 0 0 0 0 0

Total # of neighbors = 6175
Ave neighs/atom = 4.63937
Neighbor list builds = 2500
Dangerous builds not checked

write_restart NVT/sim1/T_1.30__v_10.65/end1.restart
Total wall time: 0:00:07
