run 50000
Neighbor list info ...
  update every 20 steps, delay 0 steps, check no
  max neighbors/atom: 2000, page size: 100000
  master list distance cutoff = 2.8
  ghost atom cutoff = 2.8
  binsize = 1.4, bins = 16 16 16
  1 neighbor lists, perpetual/occasional/extra = 1 0 0
  (1) pair lj/cut, perpetual
      attributes: half, newton on
      pair build: half/bin/atomonly/newton
      stencil: half/bin/3d/newton
      bin: standard
Per MPI rank memory allocation (min/avg/max) = 2.7 | 2.7 | 2.7 Mbytes
Step Temp Press Volume Density PotEng KinEng TotEng 
       0          0.8  0.054514712        10648        0.125  -0.13561964    1.1990984    1.0634788 
    1000    1.4957088   0.24321378    5069.5036   0.26255036   -1.5650254    2.2418776   0.67685221 
    2000    1.2306445   0.32469244    3206.5431   0.41508877   -2.4302269    1.8445799  -0.58564703 
    3000    1.1194598   0.30728121    2260.6582   0.58876659   -3.4398528    1.6779281   -1.7619247 
    4000    1.0344925    1.1724996    1797.4764   0.74048261   -4.3190412    1.5505729   -2.7684683 
    5000    0.9133829    1.4115075    1621.0524   0.82107156   -4.9183861     1.369045   -3.5493411 
    6000   0.77566485    1.6917774     1548.314   0.85964473    -5.176463    1.1626231   -4.0138399 
    7000   0.76672584    1.6086957    1528.2221   0.87094669   -5.2903983    1.1492247   -4.1411736 
    8000   0.78666408    1.8604701    1548.9609   0.85928575   -5.1415657    1.1791096   -3.9624562 
    9000   0.84697106    1.6955297    1560.5721   0.85289236   -5.1176994    1.2695021   -3.8481973 
   10000   0.78730252    1.6128869    1549.6791   0.85888749   -5.1892079    1.1800665   -4.0091414 
   11000   0.78330547    1.7392345    1531.1334   0.86929066   -5.2483688    1.1740754   -4.0742934 
   12000   0.80783206    1.6098825    1550.2425   0.85857534   -5.1920605    1.2108377   -3.9812228 
   13000   0.82616839    1.5436594    1563.1363   0.85149325   -5.1367398    1.2383215   -3.8984183 
   14000   0.80455094    1.6822504    1548.0354   0.85979945   -5.1946542    1.2059197   -3.9887345 
   15000   0.78111931     1.503527    1544.1104   0.86198501    -5.227584    1.1707987   -4.0567854 
   16000   0.80859788    1.7711368     1547.845    0.8599052   -5.1652773    1.2119855   -3.9532918 
   17000   0.79136128    1.5360603     1566.373   0.84973373   -5.1188545    1.1861501   -3.9327044 
   18000   0.77746946    1.8992277    1543.6328   0.86225171   -5.1625499     1.165328   -3.9972219 
   19000   0.76780899      1.84362    1540.1552    0.8641986   -5.1892851    1.1508482   -4.0384369 
   20000   0.78217357    1.3228235    1570.5901   0.84745217   -5.1459806    1.1723789   -3.9736017 
   21000   0.83582721    1.7335505    1549.2322   0.85913523   -5.1850896    1.2527989   -3.9322907 
   22000   0.78778947    1.5550647    1553.1964   0.85694248   -5.1831333    1.1807964   -4.0023369 
   23000   0.79135997    1.7131106    1540.2633   0.86413798   -5.2157915    1.1861481   -4.0296434 
   24000   0.82061816    1.7273679    1551.1927    0.8580494   -5.1763429    1.2300024   -3.9463405 
   25000   0.83354621    1.4882533    1559.6355   0.85340454   -5.1661762    1.2493799   -3.9167963 
   26000   0.80914808    1.5799852    1545.7171   0.86108901   -5.2120879    1.2128102   -3.9992776 
   27000   0.80068991    1.8047661    1535.7595   0.86667216   -5.2233577    1.2001325   -4.0232252 
   28000    0.7905798    1.7078974    1556.9855   0.85485702   -5.1470284    1.1849787   -3.9620497 
   29000   0.84172211    1.8761308    1546.2613   0.86078594   -5.1637092    1.2616346   -3.9020746 
   30000   0.76909597    1.4292087    1557.3677   0.85464725   -5.1890245    1.1527772   -4.0362473 
   31000   0.79628908    1.9875262    1529.8741   0.87000623   -5.2158204    1.1935362   -4.0222842 
   32000   0.79415127    1.7020137    1552.5864    0.8572792   -5.1505165    1.1903319   -3.9601845 
   33000   0.81495738    1.6731221    1554.8342   0.85603983   -5.1442481    1.2215176   -3.9227305 
   34000   0.77317533    1.7882031    1546.0378   0.86091036   -5.1692325    1.1588916   -4.0103408 
   35000   0.82476185    1.6267563     1541.896   0.86322291   -5.2363316    1.2362133   -4.0001183 
   36000   0.82241907    1.7535459    1549.2273   0.85913797   -5.1722997    1.2327018    -3.939598 
   37000    0.8127602    1.3156458    1561.2838   0.85250356   -5.1954154    1.2182243   -3.9771911 
   38000   0.81451136    1.8281391    1536.1078   0.86647563    -5.214329    1.2208491   -3.9934799 
   39000   0.78186869    1.3133094    1565.7479   0.85007299   -5.1792115    1.1719219   -4.0072896 
   40000   0.81027246    1.7743676    1550.7173   0.85831249    -5.146551    1.2144955   -3.9320555 
   41000    0.8172803    1.4903607    1552.4087   0.85737734   -5.2040656    1.2249994   -3.9790662 
   42000   0.80811567    1.8105558    1547.2891   0.86021416   -5.1600647    1.2112628    -3.948802 
   43000   0.81830847    1.5290116    1560.5666   0.85289533   -5.1642947    1.2265405   -3.9377542 
   44000   0.78285614    1.9014875    1545.0237   0.86147545   -5.1588827     1.173402   -3.9854808 
   45000   0.79338632    1.8783882    1541.0635   0.86368924   -5.1904269    1.1891853   -4.0012416 
   46000   0.82219216    1.4287105    1565.2529   0.85034181   -5.1607683    1.2323617   -3.9284066 
   47000   0.81257509    1.5917313     1549.922   0.85875289   -5.1916054    1.2179469   -3.9736585 
   48000   0.81566423    1.6452609    1547.8462   0.85990456   -5.2059724    1.2225771   -3.9833953 
   49000    0.8062891     1.941869    1545.6007   0.86115385   -5.1472862     1.208525   -3.9387612 
   50000   0.77142308    1.3389411    1576.2356   0.84441691   -5.1234304    1.1562652   -3.9671651 
Loop time of 38.6865 on 1 procs for 50000 steps with 1331 atoms

Performance: 446667.402 tau/day, 1292.440 timesteps/s
99.9% CPU use with 1 MPI tasks x no OpenMP threads

MPI task timing breakdown:
Section |  min time  |  avg time  |  max time  |%varavg| %total
---------------------------------------------------------------
Pair    | 31.099     | 31.099     | 31.099     |   0.0 | 80.39
Neigh   | 4.558      | 4.558      | 4.558      |   0.0 | 11.78
Comm    | 0.73217    | 0.73217    | 0.73217    |   0.0 |  1.89
Output  | 0.024416   | 0.024416   | 0.024416   |   0.0 |  0.06
Modify  | 2.0605     | 2.0605     | 2.0605     |   0.0 |  5.33
Other   |            | 0.2128     |            |       |  0.55

Nlocal:    1331 ave 1331 max 1331 min
Histogram: 1 0 0 0 0 0 0 0 0 0
Nghost:    2997 ave 2997 max 2997 min
Histogram: 1 0 0 0 0 0 0 0 0 0
Neighs:    50010 ave 50010 max 50010 min
Histogram: 1 0 0 0 0 0 0 0 0 0

Total # of neighbors = 50010
Ave neighs/atom = 37.5733
Neighbor list builds = 2500
Dangerous builds not checked

write_restart lattice_11_11_11__2_2_2/sim1/T_0.80__P_1.70/end1.restart
Total wall time: 0:00:38
