run 50000
Neighbor list info ...
  update every 20 steps, delay 0 steps, check no
  max neighbors/atom: 2000, page size: 100000
  master list distance cutoff = 2.8
  ghost atom cutoff = 2.8
  binsize = 1.4, bins = 20 20 20
  1 neighbor lists, perpetual/occasional/extra = 1 0 0
  (1) pair lj/cut, perpetual
      attributes: half, newton on
      pair build: half/bin/atomonly/newton
      stencil: half/bin/3d/newton
      bin: standard
Per MPI rank memory allocation (min/avg/max) = 2.748 | 2.748 | 2.748 Mbytes
Step Temp Press TotEng 
       0          0.7  0.040408299    1.0368821 
    1000   0.80155383  0.036002085   0.76871324 
    2000   0.71158711  0.026893398   0.50621503 
    3000   0.68975773  0.024672083   0.42844096 
    4000   0.70225415  0.022191969   0.39552643 
    5000   0.71330599   0.02839739   0.36724736 
    6000   0.69004677  0.017055995   0.28267179 
    7000   0.70089142  0.020015648   0.27171392 
    8000   0.72853766  0.026645186   0.28646639 
    9000   0.69248659  0.014664178   0.19910813 
   10000   0.68547367  0.023615232   0.16621443 
   11000   0.71569418  0.019447463   0.17514868 
   12000    0.7030261  0.019714086   0.15733331 
   13000   0.68598262  0.012742346   0.11714943 
   14000   0.73429921   0.02032262   0.15529686 
   15000   0.69699828  0.018364973  0.065813906 
   16000   0.69448953  0.020705594 -0.0067836703 
   17000   0.69628144  0.019674023 -0.016814781 
   18000   0.73382991  0.020738891    0.0219342 
   19000   0.70828628  0.019239209 -0.058274605 
   20000   0.70803189  0.013832362  -0.13937222 
   21000   0.69563076  0.022832538  -0.16973721 
   22000   0.69922503  0.010535344  -0.21109902 
   23000   0.71016669  0.015762666  -0.20106845 
   24000   0.70103928  0.020630064  -0.24778826 
   25000   0.71473335  0.019014717  -0.28427313 
   26000    0.6985884  0.017082998   -0.3487229 
   27000   0.70575365 0.0064683795  -0.37464001 
   28000   0.69241545   0.01238212  -0.37812848 
   29000   0.71237447  0.012720726  -0.37286938 
   30000   0.73480798   0.01770455  -0.46689318 
   31000   0.70370447 0.0092173125   -0.5294099 
   32000   0.70891017  0.017837557  -0.55405499 
   33000   0.69266953  0.015772828  -0.62763173 
   34000   0.70558959  0.019772126  -0.62859192 
   35000   0.72974893  0.011866329  -0.60928288 
   36000   0.68300458 -0.0023414067  -0.70777981 
   37000   0.69958838  0.013471956  -0.70879897 
   38000   0.70031588   0.01636546  -0.77949988 
   39000   0.72521003 0.0088205777   -0.7222511 
   40000   0.73850529  0.018324581  -0.72933152 
   41000   0.69903092  0.014508942  -0.80309074 
   42000   0.71702231  0.011679091  -0.84429991 
   43000   0.69082619  0.016209189  -0.92377769 
   44000   0.68192593 0.0077813849  -0.90842599 
   45000   0.71106883  0.013397212  -0.84369791 
   46000   0.71552162  0.012224795  -0.90709119 
   47000   0.70600704 -0.00040880549  -0.99467733 
   48000   0.72086738 0.0082382095   -1.0413395 
   49000   0.67293996 0.0099880623   -1.1304518 
   50000   0.69418617   0.01115279    -1.102053 
Loop time of 9.25745 on 1 procs for 50000 steps with 1331 atoms

Performance: 1866604.414 tau/day, 5401.054 timesteps/s
99.8% CPU use with 1 MPI tasks x no OpenMP threads

MPI task timing breakdown:
Section |  min time  |  avg time  |  max time  |%varavg| %total
---------------------------------------------------------------
Pair    | 6.4087     | 6.4087     | 6.4087     |   0.0 | 69.23
Neigh   | 1.6371     | 1.6371     | 1.6371     |   0.0 | 17.68
Comm    | 0.26665    | 0.26665    | 0.26665    |   0.0 |  2.88
Output  | 0.022561   | 0.022561   | 0.022561   |   0.0 |  0.24
Modify  | 0.84178    | 0.84178    | 0.84178    |   0.0 |  9.09
Other   |            | 0.08059    |            |       |  0.87

Nlocal:    1331 ave 1331 max 1331 min
Histogram: 1 0 0 0 0 0 0 0 0 0
Nghost:    839 ave 839 max 839 min
Histogram: 1 0 0 0 0 0 0 0 0 0
Neighs:    17403 ave 17403 max 17403 min
Histogram: 1 0 0 0 0 0 0 0 0 0

Total # of neighbors = 17403
Ave neighs/atom = 13.0751
Neighbor list builds = 2500
Dangerous builds not checked

write_restart NVT/sim1/T_0.70__v_17.58/end1.restart
Total wall time: 0:00:09
