run 50000
Neighbor list info ...
  update every 20 steps, delay 0 steps, check no
  max neighbors/atom: 2000, page size: 100000
  master list distance cutoff = 2.8
  ghost atom cutoff = 2.8
  binsize = 1.4, bins = 16 16 16
  1 neighbor lists, perpetual/occasional/extra = 1 0 0
  (1) pair lj/cut, perpetual
      attributes: half, newton on
      pair build: half/bin/atomonly/newton
      stencil: half/bin/3d/newton
      bin: standard
Per MPI rank memory allocation (min/avg/max) = 2.7 | 2.7 | 2.7 Mbytes
Step Temp Press Volume Density PotEng KinEng TotEng 
       0          0.4  0.004552278        10648        0.125  -0.13561964   0.59954921   0.46392957 
    1000   0.88396599  0.051795526    5496.3999   0.24215851   -1.5861282    1.3249528  -0.26117544 
    2000   0.80953565 -0.085798185    3471.5846   0.38339841   -2.8370045    1.2133911   -1.6236133 
    3000   0.69537609  -0.23914579    2365.7144   0.56262075   -3.9704131    1.0422805   -2.9281326 
    4000   0.59929228   -0.1754212     1735.042    0.7671284   -4.9155864   0.89826304   -4.0173234 
    5000   0.51667895   0.53379806    1499.0623   0.88788838    -5.622284   0.77443614   -4.8478479 
    6000   0.41566443   0.61128864     1433.527   0.92847917   -5.9713012    0.6230282    -5.348273 
    7000   0.37505158   0.59677408    1406.2471   0.94649087   -6.1377442   0.56215469   -5.5755895 
    8000   0.39281175   0.59420123    1409.8298   0.94408556   -6.1202132   0.58877493   -5.5314383 
    9000   0.42532227    0.5914682    1418.8021   0.93811531   -6.0588513   0.63750408   -5.4213472 
   10000   0.40565687    0.5604585    1408.9682   0.94466291   -6.1304412   0.60802814   -5.5224131 
   11000   0.39340015   0.51732172    1404.0988   0.94793901   -6.1708949   0.58965688    -5.581238 
   12000   0.41581437   0.64908418    1409.6473   0.94420778   -6.1075934   0.62325295   -5.4843404 
   13000   0.40694378   0.61304723    1409.3203   0.94442692   -6.1203462   0.60995706   -5.5103891 
   14000   0.38339601   0.63513374    1403.3588   0.94843883    -6.149805   0.57466194   -5.5751431 
   15000    0.4088211   0.57487334     1407.832   0.94542531   -6.1363215   0.61277092   -5.5235506 
   16000    0.4015191   0.39875534    1417.9267   0.93869449    -6.099954   0.60182615   -5.4981279 
   17000    0.3954123   0.83820176    1400.0737   0.95066421   -6.1357441   0.59267283   -5.5430713 
   18000   0.38706444   0.36568433    1410.5215   0.94362265   -6.1494997   0.58016046   -5.5693393 
   19000   0.40716331    0.7477486    1403.5941   0.94827986   -6.1292347   0.61028611   -5.5189486 
   20000    0.4024433   0.59110507     1410.389    0.9437113   -6.1110808    0.6032114   -5.5078694 
   21000    0.3935264   0.58603686    1401.7869   0.94950239    -6.163889   0.58984611   -5.5740429 
   22000   0.38307978   0.76907939    1397.0323   0.95273386   -6.1620887   0.57418794   -5.5879008 
   23000   0.40376998   0.52074841    1405.9771   0.94667257   -6.1512075   0.60519993   -5.5460076 
   24000   0.40606297   0.72808887    1400.2397   0.95055155   -6.1503543   0.60863683   -5.5417174 
   25000   0.39381421   0.50536562    1401.1825   0.94991195   -6.1830373    0.5902775   -5.5927598 
   26000   0.39841223   0.76372134    1394.0733   0.95475611   -6.1855875   0.59716935   -5.5884181 
   27000   0.40086887   0.36200554    1406.8735   0.94606941   -6.1732012   0.60085153   -5.5723497 
   28000   0.40503136   0.69243968      1394.53   0.95444346   -6.1951579   0.60709059   -5.5880674 
   29000    0.3917424   0.67500464    1394.6875   0.95433562   -6.1903864   0.58717212   -5.6032143 
   30000   0.40217581   0.49084864    1403.3157   0.94846801    -6.175359   0.60281047   -5.5725485 
   31000    0.4015177   0.76889761    1394.8759   0.95420675   -6.1763234   0.60182405   -5.5744994 
   32000   0.39589377   0.56749885    1398.3554   0.95183243   -6.1886999    0.5933945   -5.5953054 
   33000   0.39179673   0.64365009     1398.306   0.95186608   -6.1859962   0.58725355   -5.5987427 
   34000   0.40038091   0.64941948    1396.0125   0.95342983   -6.1895302   0.60012015     -5.58941 
   35000   0.40523967   0.45144685    1400.8216   0.95015665   -6.1932964   0.60740281   -5.5858936 
   36000   0.40841902   0.50506673     1395.642   0.95368295   -6.2221943   0.61216826    -5.610026 
   37000   0.39500342   0.68994796    1388.7931   0.95838609   -6.2353748   0.59205997   -5.6433148 
   38000   0.39287649   0.46745151    1397.8896   0.95214957   -6.2163331   0.58887197   -5.6274611 
   39000   0.39314038   0.72580421    1389.5274   0.95787965   -6.2207919    0.5892675   -5.6315244 
   40000   0.38329526   0.58085544    1390.6107   0.95713343   -6.2369115   0.57451092   -5.6624006 
   41000   0.40145848   0.68553003    1384.0457   0.96167344   -6.2727839   0.60173529   -5.6710486 
   42000   0.40264397   0.51051102    1387.8783    0.9590178   -6.2771289   0.60351219   -5.6736167 
   43000   0.40320195   0.59957525    1382.3432   0.96285783   -6.2966616   0.60434853   -5.6923131 
   44000   0.40557216   0.64377738    1381.3771   0.96353123   -6.2918412   0.60790117     -5.68394 
   45000   0.39039208   0.42503651     1393.836   0.95491868   -6.2528406   0.58514816   -5.6676924 
   46000   0.40619739   0.84893852    1376.1269   0.96720733   -6.2944646   0.60883832   -5.6856262 
   47000   0.39378473   0.48526653    1382.6023   0.96267743   -6.3157007   0.59023331   -5.7254674 
   48000   0.39897831    0.6477975    1380.8901   0.96387103    -6.293209   0.59801783   -5.6951912 
   49000   0.40591048   0.67506823    1381.2057    0.9636508   -6.2984718   0.60840827   -5.6900635 
   50000   0.39762657   0.49062327      1378.32   0.96566837   -6.3393197   0.59599174    -5.743328 
Loop time of 41.3695 on 1 procs for 50000 steps with 1331 atoms

Performance: 417699.225 tau/day, 1208.620 timesteps/s
100.0% CPU use with 1 MPI tasks x no OpenMP threads

MPI task timing breakdown:
Section |  min time  |  avg time  |  max time  |%varavg| %total
---------------------------------------------------------------
Pair    | 33.454     | 33.454     | 33.454     |   0.0 | 80.87
Neigh   | 4.9099     | 4.9099     | 4.9099     |   0.0 | 11.87
Comm    | 0.72672    | 0.72672    | 0.72672    |   0.0 |  1.76
Output  | 0.024555   | 0.024555   | 0.024555   |   0.0 |  0.06
Modify  | 2.0344     | 2.0344     | 2.0344     |   0.0 |  4.92
Other   |            | 0.2199     |            |       |  0.53

Nlocal:    1331 ave 1331 max 1331 min
Histogram: 1 0 0 0 0 0 0 0 0 0
Nghost:    3191 ave 3191 max 3191 min
Histogram: 1 0 0 0 0 0 0 0 0 0
Neighs:    56440 ave 56440 max 56440 min
Histogram: 1 0 0 0 0 0 0 0 0 0

Total # of neighbors = 56440
Ave neighs/atom = 42.4042
Neighbor list builds = 2500
Dangerous builds not checked

write_restart lattice_11_11_11__2_2_2/sim1/T_0.40__P_0.60/end1.restart
Total wall time: 0:00:41
