run 50000
Neighbor list info ...
  update every 20 steps, delay 0 steps, check no
  max neighbors/atom: 2000, page size: 100000
  master list distance cutoff = 2.8
  ghost atom cutoff = 2.8
  binsize = 1.4, bins = 9 9 9
  1 neighbor lists, perpetual/occasional/extra = 1 0 0
  (1) pair lj/cut, perpetual
      attributes: half, newton on
      pair build: half/bin/atomonly/newton
      stencil: half/bin/3d/newton
      bin: standard
Per MPI rank memory allocation (min/avg/max) = 2.73 | 2.73 | 2.73 Mbytes
Step Temp Press TotEng 
       0          1.9    13.778023   0.12878762 
    1000    2.0416088    5.3034416  -0.71065536 
    2000    1.8435482    4.3309451   -1.1950147 
    3000    1.8893876    5.0173166  -0.99258555 
    4000    1.9060943    5.0130203  -0.99028086 
    5000    1.8434581    4.6656358   -1.1363493 
    6000    1.9171646    5.0362189   -0.9335222 
    7000    1.8835903    4.6419107   -1.0821218 
    8000    1.8835355    4.8670057   -1.0248175 
    9000    1.9271262    4.8506872  -0.96897918 
   10000    1.8661124    4.7889612   -1.0648767 
   11000    1.9540419    4.8231522  -0.95152282 
   12000    1.8818709    4.4071847   -1.1312916 
   13000    1.8569035    4.9296445   -1.0457673 
   14000    1.9144283    4.7532538   -1.0275577 
   15000    1.8674871    4.8546227   -1.0485647 
   16000    1.9111229     5.002427  -0.94954082 
   17000    1.8511986    4.5521962   -1.1434865 
   18000    1.8908927    5.0517884  -0.98228493 
   19000     1.875302    4.9196814   -1.0331892 
   20000    1.8660632    4.6881109   -1.1004403 
   21000     1.970609    4.8734346  -0.91220948 
   22000     1.871836    4.7008119   -1.0822076 
   23000    1.8934404    4.9458497   -1.0143989 
   24000    1.9342891    5.0218601  -0.93431876 
   25000    1.8635452    4.5079732   -1.1271598 
   26000    1.9198132    4.9606433  -0.95906936 
   27000    1.9185205    4.7766916   -1.0079979 
   28000    1.9141907    4.6692219   -1.0436248 
   29000    2.0085296    4.7533505  -0.90156996 
   30000    1.8784393     4.608217   -1.0900899 
   31000    1.8975448    4.7138743   -1.0338151 
   32000    2.0455619    4.9174886   -0.8054675 
   33000    1.9001702    4.8167259    -1.010631 
   34000    1.8836199    4.6156077   -1.0750982 
   35000    1.9446066    5.0626639  -0.91726309 
   36000    1.8841122    4.6811847    -1.098706 
   37000     1.890048     4.836606   -1.0410242 
   38000    1.9370266    4.8205906  -0.98594419 
   39000    1.8605182    4.3941739   -1.1873205 
   40000    1.9529055    4.6325866     -1.00454 
   41000    1.8790974     4.636875   -1.0981141 
   42000    1.8408509    4.7773301   -1.1059393 
   43000    1.8904588    4.8758934   -1.0138966 
   44000    1.9002739    4.6320063   -1.0664136 
   45000    1.9633716    5.0322398  -0.89549486 
   46000    1.8673231    4.6200929   -1.1187141 
   47000    1.8950691    4.9454884   -1.0019493 
   48000    1.8914393    4.5052574   -1.1051487 
   49000    1.8482287     4.869342    -1.088935 
   50000    1.9401396     4.685127  -0.98776759 
Loop time of 34.667 on 1 procs for 50000 steps with 1331 atoms

Performance: 498457.228 tau/day, 1442.295 timesteps/s
99.9% CPU use with 1 MPI tasks x no OpenMP threads

MPI task timing breakdown:
Section |  min time  |  avg time  |  max time  |%varavg| %total
---------------------------------------------------------------
Pair    | 28.507     | 28.507     | 28.507     |   0.0 | 82.23
Neigh   | 4.4346     | 4.4346     | 4.4346     |   0.0 | 12.79
Comm    | 0.70738    | 0.70738    | 0.70738    |   0.0 |  2.04
Output  | 0.025267   | 0.025267   | 0.025267   |   0.0 |  0.07
Modify  | 0.85541    | 0.85541    | 0.85541    |   0.0 |  2.47
Other   |            | 0.1374     |            |       |  0.40

Nlocal:    1331 ave 1331 max 1331 min
Histogram: 1 0 0 0 0 0 0 0 0 0
Nghost:    2873 ave 2873 max 2873 min
Histogram: 1 0 0 0 0 0 0 0 0 0
Neighs:    46103 ave 46103 max 46103 min
Histogram: 1 0 0 0 0 0 0 0 0 0

Total # of neighbors = 46103
Ave neighs/atom = 34.6379
Neighbor list builds = 2500
Dangerous builds not checked

write_restart NVT/sim1/T_1.90__v_1.00/end1.restart
Total wall time: 0:00:34
