run 50000
Neighbor list info ...
  update every 20 steps, delay 0 steps, check no
  max neighbors/atom: 2000, page size: 100000
  master list distance cutoff = 2.8
  ghost atom cutoff = 2.8
  binsize = 1.4, bins = 13 13 13
  1 neighbor lists, perpetual/occasional/extra = 1 0 0
  (1) pair lj/cut, perpetual
      attributes: half, newton on
      pair build: half/bin/atomonly/newton
      stencil: half/bin/3d/newton
      bin: standard
Per MPI rank memory allocation (min/avg/max) = 2.742 | 2.742 | 2.742 Mbytes
Step Temp Press TotEng 
       0          1.7 -0.091896215    1.5722444 
    1000    1.7430207    0.3759368    1.1212948 
    2000    1.6491495   0.38123775   0.93438029 
    3000     1.731233   0.36532365    1.1094608 
    4000    1.6724086   0.32016629   0.98384729 
    5000     1.735012   0.38618276    1.0792142 
    6000    1.7196646   0.33304799   0.99935133 
    7000     1.693995   0.43989593    1.0279115 
    8000    1.7467681   0.38386719     1.090838 
    9000    1.6347119   0.35087329    0.9266287 
   10000    1.7110592   0.42186044    1.0783688 
   11000    1.6867818   0.39058766    1.0028042 
   12000    1.7450959   0.38859361    1.1141069 
   13000    1.6694425   0.40393019    1.0061103 
   14000    1.6941987   0.36680702    1.0354842 
   15000    1.7276816   0.40263473    1.0822612 
   16000      1.65224   0.36684477   0.94438019 
   17000    1.7144085   0.40003033    1.0964147 
   18000    1.6454866   0.41650526   0.96287655 
   19000    1.6562715   0.32623229   0.94047455 
   20000    1.7239469   0.40858285    1.0778331 
   21000     1.657165   0.33655204   0.94930321 
   22000    1.7387086   0.44726362    1.1197798 
   23000    1.7182891   0.35300275    1.0235079 
   24000    1.7218317   0.44208345      1.05136 
   25000       1.7292   0.36731174      1.08881 
   26000    1.6579766   0.47532641    1.0001559 
   27000    1.7385907   0.42048831    1.1296676 
   28000    1.6653539   0.30496442   0.98757498 
   29000    1.7333697   0.38139111    1.0619778 
   30000    1.6604021   0.33082786   0.93310513 
   31000    1.7009416   0.37414771    1.0045964 
   32000    1.7218642   0.39592311    1.0561107 
   33000     1.619692   0.39112599   0.90881946 
   34000    1.7283291   0.42183966    1.0994593 
   35000    1.6706312   0.36587359   0.97156044 
   36000    1.8027358   0.44562328    1.1529962 
   37000    1.7105364    0.3707432    1.0113519 
   38000     1.719787   0.38386268    1.0477463 
   39000    1.6691713   0.34610711   0.95951945 
   40000    1.7556223   0.35305381    1.0771876 
   41000    1.6836798   0.45417032    1.0274302 
   42000    1.6843547    0.4102983    1.0339161 
   43000    1.7124177   0.38058995    1.0489926 
   44000    1.6921983   0.33923118   0.94564126 
   45000    1.7361848   0.42530514    1.0923122 
   46000    1.6576865   0.35056678   0.97168696 
   47000    1.6766353   0.33922054   0.97761861 
   48000    1.7011438   0.38057462    1.0920756 
   49000    1.6384301   0.39108188   0.96154104 
   50000    1.6877675     0.405559    1.0219641 
Loop time of 15.0393 on 1 procs for 50000 steps with 1331 atoms

Performance: 1148990.206 tau/day, 3324.624 timesteps/s
99.8% CPU use with 1 MPI tasks x no OpenMP threads

MPI task timing breakdown:
Section |  min time  |  avg time  |  max time  |%varavg| %total
---------------------------------------------------------------
Pair    | 10.792     | 10.792     | 10.792     |   0.0 | 71.76
Neigh   | 2.7858     | 2.7858     | 2.7858     |   0.0 | 18.52
Comm    | 0.4885     | 0.4885     | 0.4885     |   0.0 |  3.25
Output  | 0.023722   | 0.023722   | 0.023722   |   0.0 |  0.16
Modify  | 0.84418    | 0.84418    | 0.84418    |   0.0 |  5.61
Other   |            | 0.1047     |            |       |  0.70

Nlocal:    1331 ave 1331 max 1331 min
Histogram: 1 0 0 0 0 0 0 0 0 0
Nghost:    1826 ave 1826 max 1826 min
Histogram: 1 0 0 0 0 0 0 0 0 0
Neighs:    16883 ave 16883 max 16883 min
Histogram: 1 0 0 0 0 0 0 0 0 0

Total # of neighbors = 16883
Ave neighs/atom = 12.6844
Neighbor list builds = 2500
Dangerous builds not checked

write_restart NVT/sim1/T_1.70__v_3.38/end1.restart
Total wall time: 0:00:15
