run 50000
Neighbor list info ...
  update every 20 steps, delay 0 steps, check no
  max neighbors/atom: 2000, page size: 100000
  master list distance cutoff = 2.8
  ghost atom cutoff = 2.8
  binsize = 1.4, bins = 16 16 16
  1 neighbor lists, perpetual/occasional/extra = 1 0 0
  (1) pair lj/cut, perpetual
      attributes: half, newton on
      pair build: half/bin/atomonly/newton
      stencil: half/bin/3d/newton
      bin: standard
Per MPI rank memory allocation (min/avg/max) = 2.7 | 2.7 | 2.7 Mbytes
Step Temp Press Volume Density PotEng KinEng TotEng 
       0          0.6  0.029533495        10648        0.125  -0.13561964   0.89932382   0.76370418 
    1000   0.99022722  0.070375856    7196.8765   0.18494134   -1.2347832    1.4842249   0.24944163 
    2000     0.848729  0.043442786    5272.7151   0.25243162   -1.8833135     1.272137  -0.61117645 
    3000   0.78789536  -0.14251261    3960.6321   0.33605747   -2.6343721    1.1809551    -1.453417 
    4000   0.78827692  -0.15096192       3045.6    0.4370239   -3.4464335     1.181527   -2.2649065 
    5000    0.7096912  -0.24055806    2416.7018   0.55075061   -4.0777364     1.063737   -3.0139994 
    6000    0.6862416 -0.092719206    1969.0967   0.67594445   -4.6554057     1.028589   -3.6268167 
    7000   0.64643638 0.0099729789    1701.6969   0.78216046   -5.0568005   0.96892605   -4.0878745 
    8000    0.6095328   0.34808938    1566.3971   0.84972065   -5.3468459   0.91361227   -4.4332336 
    9000   0.56991702   0.33305169    1539.3471   0.86465231   -5.4624477   0.85423325   -4.6082145 
   10000   0.60155366    0.2776072    1552.7055   0.85721343   -5.4152923   0.90165256   -4.5136397 
   11000    0.6211358    0.2625848    1571.0524   0.84720279   -5.3239574   0.93100369   -4.3929537 
   12000   0.60011417   0.28357086    1560.0361   0.85318537   -5.3749868   0.89949494   -4.4754919 
   13000   0.57854269   0.29395907    1543.8092   0.86215317   -5.4476744   0.86716203   -4.5805124 
   14000   0.60616571   0.26537931    1545.7669   0.86106125   -5.4511634   0.90856543   -4.5425979 
   15000   0.60131443    0.4024308    1560.8782   0.85272511   -5.3528528   0.90129397   -4.4515588 
   16000    0.5980084   0.42415795    1554.0564   0.85646825   -5.3705109   0.89633866   -4.4741723 
   17000   0.57602062   0.18122414     1550.833   0.85824842    -5.425819   0.86338177   -4.5624373 
   18000   0.58575725   0.04981763    1561.2855   0.85250265   -5.4006964   0.87797574   -4.5227206 
   19000   0.62289969   0.40803269    1554.8471   0.85603272   -5.3738081   0.93364754   -4.4401606 
   20000   0.59372512   0.13105235    1569.2181   0.84819314   -5.3587159   0.88991857   -4.4687974 
   21000   0.59868573   0.45115628    1543.1119   0.86254275   -5.4199333    0.8973539   -4.5225794 
   22000   0.58347929   0.24230128     1549.887   0.85877228   -5.4355293   0.87456137   -4.5609679 
   23000   0.59003696   0.30224984    1551.8409     0.857691    -5.399949   0.88439049   -4.5155585 
   24000   0.61027744   0.31069408    1561.5128   0.85237854   -5.3683301   0.91472839   -4.4536018 
   25000   0.61427412   0.11376378    1559.7205   0.85335804    -5.405021    0.9207189   -4.4843021 
   26000    0.5754402    0.2691081    1547.6445   0.86001663   -5.4320149    0.8625118   -4.5695031 
   27000   0.58738364    0.3647268    1548.7968    0.8593768   -5.4125183    0.8804135   -4.5321048 
   28000    0.5998235    0.2114784    1565.6419   0.85013055   -5.3631824   0.89905926   -4.4641232 
   29000   0.58741741   0.22836188    1569.4286   0.84807935   -5.3519483   0.88046411   -4.4714842 
   30000   0.60279801   0.57307931    1538.0765   0.86536658    -5.428783   0.90351767   -4.5252654 
   31000    0.6046057   0.25264077    1550.1596   0.85862124   -5.4338754   0.90622718   -4.5276483 
   32000   0.59320315    0.4345638    1552.9547   0.85707589   -5.3783577   0.88913621   -4.4892215 
   33000   0.59171053   0.22062805    1559.2927   0.85359215   -5.3884416   0.88689895   -4.5015426 
   34000   0.58643223   0.45119066    1548.8056   0.85937191   -5.3998777   0.87898745   -4.5208902 
   35000   0.59825087   0.28913791     1549.185   0.85916145   -5.4256219    0.8967021   -4.5289198 
   36000   0.58912346   0.39064945    1556.6034   0.85506686   -5.3762712   0.88302126   -4.4932499 
   37000   0.61175444   0.25075484    1556.4139   0.85517098   -5.4067882   0.91694223    -4.489846 
   38000   0.61088228   0.20731132    1557.0993   0.85479458   -5.4114842   0.91563498   -4.4958492 
   39000   0.59489949   0.32166501    1554.0702   0.85646066   -5.3886965   0.89167879   -4.4970177 
   40000   0.60837445   0.54903105    1544.5039   0.86176539   -5.4097766   0.91187605   -4.4979005 
   41000    0.5935442  -0.09343558    1575.9271    0.8445822   -5.3725989   0.88964739   -4.4829515 
   42000   0.60743238   0.26290187    1555.6347   0.85559935   -5.3906671   0.91046402   -4.4802031 
   43000   0.59696307   0.37782905    1543.6458   0.86224445   -5.4403765   0.89477185   -4.5456046 
   44000   0.58676197   0.31490449    1551.9727   0.85761816   -5.4078365   0.87948169   -4.5283549 
   45000   0.62793791   0.24434347    1558.6001   0.85397147   -5.4048312   0.94119919    -4.463632 
   46000    0.5793104   0.28759651    1557.6397     0.854498   -5.3908995   0.86831273   -4.5225867 
   47000   0.61137885   0.42866277    1541.1084    0.8636641   -5.4402755   0.91637927   -4.5238962 
   48000   0.61919229   0.18439348    1556.3593     0.855201    -5.415258   0.92809062   -4.4871674 
   49000   0.61735169   0.15848458    1560.7134   0.85281512   -5.3967202   0.92533179   -4.4713884 
   50000   0.59968982   0.41630594    1542.4023   0.86293961   -5.4352475   0.89885889   -4.5363886 
Loop time of 37.327 on 1 procs for 50000 steps with 1331 atoms

Performance: 462935.341 tau/day, 1339.512 timesteps/s
99.9% CPU use with 1 MPI tasks x no OpenMP threads

MPI task timing breakdown:
Section |  min time  |  avg time  |  max time  |%varavg| %total
---------------------------------------------------------------
Pair    | 29.903     | 29.903     | 29.903     |   0.0 | 80.11
Neigh   | 4.468      | 4.468      | 4.468      |   0.0 | 11.97
Comm    | 0.69747    | 0.69747    | 0.69747    |   0.0 |  1.87
Output  | 0.024297   | 0.024297   | 0.024297   |   0.0 |  0.07
Modify  | 2.0362     | 2.0362     | 2.0362     |   0.0 |  5.46
Other   |            | 0.1982     |            |       |  0.53

Nlocal:    1331 ave 1331 max 1331 min
Histogram: 1 0 0 0 0 0 0 0 0 0
Nghost:    3013 ave 3013 max 3013 min
Histogram: 1 0 0 0 0 0 0 0 0 0
Neighs:    50860 ave 50860 max 50860 min
Histogram: 1 0 0 0 0 0 0 0 0 0

Total # of neighbors = 50860
Ave neighs/atom = 38.2119
Neighbor list builds = 2500
Dangerous builds not checked

write_restart lattice_11_11_11__2_2_2/sim1/T_0.60__P_0.30/end1.restart
Total wall time: 0:00:37
