run 50000
Neighbor list info ...
  update every 20 steps, delay 0 steps, check no
  max neighbors/atom: 2000, page size: 100000
  master list distance cutoff = 2.8
  ghost atom cutoff = 2.8
  binsize = 1.4, bins = 17 17 17
  1 neighbor lists, perpetual/occasional/extra = 1 0 0
  (1) pair lj/cut, perpetual
      attributes: half, newton on
      pair build: half/bin/atomonly/newton
      stencil: half/bin/3d/newton
      bin: standard
Per MPI rank memory allocation (min/avg/max) = 2.705 | 2.705 | 2.705 Mbytes
Step Temp Press TotEng 
       0          1.7   0.15503768    2.4545429 
    1000    1.7555234   0.15801788    2.0160672 
    2000    1.6362494    0.1529048    1.8276815 
    3000    1.7298684   0.17008303    1.9812101 
    4000    1.6673896   0.14981314    1.8422636 
    5000    1.7686955   0.17028639    2.0026752 
    6000    1.7019477   0.16844511     1.905874 
    7000    1.7122346   0.16950465    1.9128431 
    8000    1.7254732   0.16140819    1.9114904 
    9000    1.6844098   0.16470633    1.8529237 
   10000    1.7318479   0.18082301     1.958814 
   11000     1.689434   0.15840959    1.8786548 
   12000    1.6840615    0.1724656     1.897885 
   13000    1.6202716   0.14192754    1.7625759 
   14000    1.7374587   0.16705899    1.9524249 
   15000    1.6488703   0.16434284    1.8214982 
   16000    1.7705456   0.17717763    2.0186763 
   17000    1.6931263   0.15827625    1.8828047 
   18000    1.7130702   0.16289392    1.9416891 
   19000    1.7362035    0.1699088    1.9832399 
   20000    1.6851537   0.18307092    1.8866823 
   21000    1.7103815   0.16656585    1.9476432 
   22000    1.6618597   0.16550652    1.8563118 
   23000    1.7154171   0.16065515    1.9618061 
   24000    1.7119487   0.15860542    1.9060763 
   25000    1.7153052   0.16640285    1.9067883 
   26000    1.7354613   0.16180451    1.9610006 
   27000    1.6631472    0.1726514    1.8722494 
   28000    1.7120535   0.17595631    1.9344712 
   29000    1.6337307   0.16064698    1.8039351 
   30000    1.7390863   0.17794989     1.944517 
   31000    1.6502742    0.1656867    1.8282941 
   32000    1.7374585   0.16946447    1.9528206 
   33000    1.6784047   0.15334424    1.8679178 
   34000     1.721963   0.17132442    1.9236804 
   35000     1.743644    0.1557843    1.9010604 
   36000    1.7005417   0.15230781    1.8822657 
   37000    1.7142961   0.15885864    1.9304225 
   38000     1.643183   0.16764766    1.8356554 
   39000    1.7262574   0.16617798    1.9714946 
   40000    1.6792271   0.15500262    1.8827881 
   41000    1.8103824   0.18319301    2.0788086 
   42000    1.6741185   0.16371294    1.8832606 
   43000    1.6992903   0.16836222     1.941909 
   44000    1.6697875   0.14363049    1.8579633 
   45000    1.7033373   0.15955334    1.9004012 
   46000    1.7095992   0.15496308    1.9225824 
   47000     1.686867   0.17296745    1.9003861 
   48000    1.6971958   0.17091445    1.9091008 
   49000    1.7131742   0.15326658    1.9359492 
   50000    1.6757892   0.15058981    1.8510988 
Loop time of 7.78182 on 1 procs for 50000 steps with 1331 atoms

Performance: 2220560.413 tau/day, 6425.233 timesteps/s
99.7% CPU use with 1 MPI tasks x no OpenMP threads

MPI task timing breakdown:
Section |  min time  |  avg time  |  max time  |%varavg| %total
---------------------------------------------------------------
Pair    | 4.7244     | 4.7244     | 4.7244     |   0.0 | 60.71
Neigh   | 1.7627     | 1.7627     | 1.7627     |   0.0 | 22.65
Comm    | 0.34017    | 0.34017    | 0.34017    |   0.0 |  4.37
Output  | 0.023458   | 0.023458   | 0.023458   |   0.0 |  0.30
Modify  | 0.8436     | 0.8436     | 0.8436     |   0.0 | 10.84
Other   |            | 0.0875     |            |       |  1.12

Nlocal:    1331 ave 1331 max 1331 min
Histogram: 1 0 0 0 0 0 0 0 0 0
Nghost:    1176 ave 1176 max 1176 min
Histogram: 1 0 0 0 0 0 0 0 0 0
Neighs:    6803 ave 6803 max 6803 min
Histogram: 1 0 0 0 0 0 0 0 0 0

Total # of neighbors = 6803
Ave neighs/atom = 5.11119
Neighbor list builds = 2500
Dangerous builds not checked

write_restart NVT/sim1/T_1.70__v_9.26/end1.restart
Total wall time: 0:00:07
