run 50000
Neighbor list info ...
  update every 20 steps, delay 0 steps, check no
  max neighbors/atom: 2000, page size: 100000
  master list distance cutoff = 2.8
  ghost atom cutoff = 2.8
  binsize = 1.4, bins = 10 10 10
  1 neighbor lists, perpetual/occasional/extra = 1 0 0
  (1) pair lj/cut, perpetual
      attributes: half, newton on
      pair build: half/bin/atomonly/newton
      stencil: half/bin/3d/newton
      bin: standard
Per MPI rank memory allocation (min/avg/max) = 2.742 | 2.742 | 2.742 Mbytes
Step Temp Press TotEng 
       0          1.4   -1.4598345   -1.1315491 
    1000     1.323432   0.41714758  -0.78778191 
    2000    1.4466908   0.46448322  -0.55466439 
    3000    1.3640304   0.46540467  -0.71642155 
    4000    1.4441446   0.34288461  -0.63517811 
    5000    1.4052839   0.52799971   -0.6254945 
    6000    1.3895531     0.296169  -0.69460567 
    7000    1.4522451    0.4025703  -0.59434355 
    8000     1.396243     0.410638  -0.68883406 
    9000    1.4273799    0.6224497   -0.5721769 
   10000     1.386131   0.49813937  -0.66981608 
   11000    1.4006438   0.44982529  -0.62650448 
   12000    1.3334907   0.65614976  -0.69289258 
   13000    1.3474781   0.47546563  -0.70245957 
   14000    1.3910309   0.60178894  -0.62634376 
   15000    1.3745061   0.50824116  -0.69695034 
   16000    1.3893178   0.53096638  -0.67972069 
   17000    1.4202054   0.54091233  -0.63290981 
   18000    1.3672918   0.46649043  -0.71602171 
   19000     1.442034   0.52674789  -0.56929883 
   20000    1.3742425   0.45724233  -0.68657858 
   21000    1.4072588   0.57289099  -0.64394762 
   22000    1.3923047   0.61808291  -0.63333434 
   23000    1.3575034   0.64577096  -0.68850428 
   24000    1.3708203   0.57714183  -0.68064684 
   25000    1.4149695   0.49807601   -0.6105373 
   26000    1.3968869   0.44539973    -0.680427 
   27000     1.474814   0.70979997  -0.46224971 
   28000    1.4178654   0.56204054  -0.60614013 
   29000    1.3748034   0.33318633  -0.69839467 
   30000    1.4567607   0.55766669  -0.57528429 
   31000    1.3868477   0.40900529  -0.67447869 
   32000    1.4031604   0.55102459  -0.63369882 
   33000     1.382089   0.37951602   -0.6796012 
   34000    1.3897774   0.54439828  -0.67151367 
   35000    1.4095186   0.47772151  -0.61457408 
   36000    1.3889863   0.52516755  -0.67240478 
   37000    1.4104446   0.54747685  -0.64042842 
   38000    1.3952629   0.67524196  -0.61231169 
   39000    1.4007573   0.36968639  -0.67889762 
   40000    1.4098328   0.55313885  -0.63018575 
   41000    1.3904728   0.57656642  -0.65119547 
   42000    1.3730506   0.52568211  -0.67230112 
   43000    1.4395478   0.57484646  -0.57202164 
   44000    1.3514613   0.46829727  -0.70515608 
   45000    1.3847108    0.6070134  -0.64243914 
   46000    1.3818965   0.52073337  -0.66173291 
   47000    1.4219348   0.48321562  -0.62235738 
   48000    1.4274784   0.44870603  -0.61448761 
   49000    1.4252632   0.37757663  -0.66781376 
   50000    1.4492413   0.55158797  -0.55684081 
Loop time of 23.4093 on 1 procs for 50000 steps with 1331 atoms

Performance: 738167.023 tau/day, 2135.900 timesteps/s
99.9% CPU use with 1 MPI tasks x no OpenMP threads

MPI task timing breakdown:
Section |  min time  |  avg time  |  max time  |%varavg| %total
---------------------------------------------------------------
Pair    | 18.408     | 18.408     | 18.408     |   0.0 | 78.64
Neigh   | 3.4043     | 3.4043     | 3.4043     |   0.0 | 14.54
Comm    | 0.5992     | 0.5992     | 0.5992     |   0.0 |  2.56
Output  | 0.024262   | 0.024262   | 0.024262   |   0.0 |  0.10
Modify  | 0.8527     | 0.8527     | 0.8527     |   0.0 |  3.64
Other   |            | 0.1205     |            |       |  0.51

Nlocal:    1331 ave 1331 max 1331 min
Histogram: 1 0 0 0 0 0 0 0 0 0
Nghost:    2323 ave 2323 max 2323 min
Histogram: 1 0 0 0 0 0 0 0 0 0
Neighs:    29405 ave 29405 max 29405 min
Histogram: 1 0 0 0 0 0 0 0 0 0

Total # of neighbors = 29405
Ave neighs/atom = 22.0924
Neighbor list builds = 2500
Dangerous builds not checked

write_restart NVT/sim1/T_1.40__v_1.73/end1.restart
Total wall time: 0:00:23
