run 50000
Neighbor list info ...
  update every 20 steps, delay 0 steps, check no
  max neighbors/atom: 2000, page size: 100000
  master list distance cutoff = 2.8
  ghost atom cutoff = 2.8
  binsize = 1.4, bins = 21 21 21
  1 neighbor lists, perpetual/occasional/extra = 1 0 0
  (1) pair lj/cut, perpetual
      attributes: half, newton on
      pair build: half/bin/atomonly/newton
      stencil: half/bin/3d/newton
      bin: standard
Per MPI rank memory allocation (min/avg/max) = 2.731 | 2.731 | 2.731 Mbytes
Step Temp Press TotEng 
       0          1.6   0.08545012    2.3858678 
    1000    1.6263058   0.08140699    2.1342652 
    2000    1.5695966  0.078727562    2.0360148 
    3000    1.6365167  0.081759201    2.1094914 
    4000    1.5644607  0.075834766     1.991302 
    5000    1.6566626  0.087643875    2.1398731 
    6000    1.5880679  0.078363085    2.0287442 
    7000    1.6659801  0.085054537    2.1631274 
    8000    1.5677209  0.089396802    2.0218099 
    9000    1.6255644  0.081432355    2.0989989 
   10000    1.5974545  0.078503455     2.050932 
   11000    1.5877723  0.080720611    2.0527757 
   12000    1.5940159  0.080200763    2.0780068 
   13000    1.5823674  0.075879008    2.0404925 
   14000    1.6639849  0.086651279    2.1388409 
   15000    1.5762398  0.078297792    2.0325155 
   16000    1.6231026  0.080559649    2.0849646 
   17000    1.5596598  0.074514729    2.0015559 
   18000    1.6136359  0.087052175    2.0972952 
   19000    1.5691764  0.077178523    2.0091478 
   20000    1.6740254   0.08223762    2.1715357 
   21000    1.5780359  0.075304243    2.0136149 
   22000    1.6332578  0.084857788     2.111781 
   23000    1.5872375  0.082441219    2.0494296 
   24000    1.5870461  0.083280569    2.0481161 
   25000    1.6295133  0.088813953    2.0961987 
   26000    1.5933749  0.081393532     2.044535 
   27000    1.6136415  0.082737491    2.0839977 
   28000    1.6041686  0.077939719    2.0530705 
   29000    1.5771571  0.079291166    2.0329861 
   30000    1.6519992  0.080567333    2.1265391 
   31000    1.5801251  0.085451128    2.0510106 
   32000    1.6436439  0.083781787    2.1235343 
   33000    1.5381722  0.079209247    1.9867595 
   34000    1.6435328   0.08153336    2.1378143 
   35000    1.5930896  0.083350952    2.0752828 
   36000    1.5889993  0.081981066    2.0588643 
   37000    1.6567149  0.091061828    2.1672946 
   38000    1.5579718  0.079443209    2.0030958 
   39000     1.636847  0.081331826    2.1155966 
   40000    1.5179682  0.081403768    1.9374876 
   41000    1.6105592  0.076371437    2.0829771 
   42000    1.5773219  0.082884625    2.0315652 
   43000     1.562987  0.084991091    2.0341805 
   44000    1.6024528  0.079872629    2.0681655 
   45000    1.5890082  0.082290431    2.0512182 
   46000    1.6394688  0.085615176    2.1411273 
   47000    1.5892013   0.08199343    2.0264047 
   48000    1.6479959  0.084280264    2.1180868 
   49000    1.5731492  0.077987678    2.0033249 
   50000    1.6147588  0.085329399    2.0785846 
Loop time of 4.94126 on 1 procs for 50000 steps with 1331 atoms

Performance: 3497082.325 tau/day, 10118.872 timesteps/s
99.5% CPU use with 1 MPI tasks x no OpenMP threads

MPI task timing breakdown:
Section |  min time  |  avg time  |  max time  |%varavg| %total
---------------------------------------------------------------
Pair    | 2.5508     | 2.5508     | 2.5508     |   0.0 | 51.62
Neigh   | 1.1833     | 1.1833     | 1.1833     |   0.0 | 23.95
Comm    | 0.26837    | 0.26837    | 0.26837    |   0.0 |  5.43
Output  | 0.022876   | 0.022876   | 0.022876   |   0.0 |  0.46
Modify  | 0.83798    | 0.83798    | 0.83798    |   0.0 | 16.96
Other   |            | 0.07789    |            |       |  1.58

Nlocal:    1331 ave 1331 max 1331 min
Histogram: 1 0 0 0 0 0 0 0 0 0
Nghost:    988 ave 988 max 988 min
Histogram: 1 0 0 0 0 0 0 0 0 0
Neighs:    3516 ave 3516 max 3516 min
Histogram: 1 0 0 0 0 0 0 0 0 0

Total # of neighbors = 3516
Ave neighs/atom = 2.64162
Neighbor list builds = 2500
Dangerous builds not checked

write_restart NVT/sim1/T_1.60__v_19.68/end1.restart
Total wall time: 0:00:04
