run 50000
Neighbor list info ...
  update every 20 steps, delay 0 steps, check no
  max neighbors/atom: 2000, page size: 100000
  master list distance cutoff = 2.8
  ghost atom cutoff = 2.8
  binsize = 1.4, bins = 20 20 20
  1 neighbor lists, perpetual/occasional/extra = 1 0 0
  (1) pair lj/cut, perpetual
      attributes: half, newton on
      pair build: half/bin/atomonly/newton
      stencil: half/bin/3d/newton
      bin: standard
Per MPI rank memory allocation (min/avg/max) = 2.748 | 2.748 | 2.748 Mbytes
Step Temp Press TotEng 
       0          1.6   0.09493636    2.3858678 
    1000    1.6341793  0.092435286    2.1004472 
    2000    1.5656403  0.085712356    1.9904172 
    3000    1.6250651  0.099792377    2.1059424 
    4000    1.5526339  0.083997177    1.9715681 
    5000    1.6425291  0.090260917    2.0717904 
    6000    1.5709952  0.093361306      2.01393 
    7000    1.6389225  0.087311525    2.0893769 
    8000    1.5520419  0.087973457    1.9591186 
    9000     1.631973  0.088155456    2.0718566 
   10000    1.6051142  0.083144173    2.0156444 
   11000    1.6132538  0.087282483    2.0363785 
   12000    1.6313157  0.092555678     2.067465 
   13000    1.6000942  0.086064524    2.0158524 
   14000    1.6318141  0.093782926    2.0915887 
   15000    1.5679462   0.08046478    1.9737844 
   16000     1.614124  0.087541114    2.0532032 
   17000    1.6161632  0.085220966    2.0199942 
   18000    1.6035496  0.084745534    2.0128931 
   19000    1.6307282   0.09146328    2.0784571 
   20000    1.5556396  0.084670495    1.9616548 
   21000    1.6605341  0.095756294    2.1093801 
   22000    1.5892184  0.085209306    2.0048204 
   23000     1.590577  0.091577646    2.0089554 
   24000    1.6511641  0.087849676    2.1134934 
   25000    1.5626654  0.083886893    1.9647467 
   26000    1.6322631   0.08782997    2.0744317 
   27000    1.5015411  0.081114873    1.8752424 
   28000    1.6083583  0.093511656     2.057729 
   29000    1.5916283  0.092027062    2.0105579 
   30000    1.6014356  0.088601432    2.0248633 
   31000    1.6267385  0.087857578    2.0587389 
   32000    1.5908452  0.085291879    1.9783193 
   33000    1.6630236  0.091357326    2.1347309 
   34000    1.5467655  0.087608862    1.9533708 
   35000    1.6443796  0.087645645    2.0811485 
   36000    1.5360308  0.083213152    1.9260523 
   37000     1.628095  0.099569431    2.0731697 
   38000    1.5708321  0.085312581    1.9884134 
   39000    1.6217565  0.097899249    2.0737409 
   40000    1.6113472    0.0960284    2.0424168 
   41000    1.5944169  0.090442765    2.0145615 
   42000    1.6185621  0.089641227    2.0627007 
   43000     1.547769  0.086598725     1.950024 
   44000    1.6361972  0.091155195    2.0992919 
   45000    1.5818533  0.087272033    2.0057297 
   46000    1.6160528  0.090192437    2.0319369 
   47000    1.5355011    0.0873134    1.9487399 
   48000    1.6363485   0.09533283     2.096953 
   49000    1.5491306  0.089851615    1.9671403 
   50000    1.6037004  0.087478369    2.0320421 
Loop time of 5.28377 on 1 procs for 50000 steps with 1331 atoms

Performance: 3270393.422 tau/day, 9462.944 timesteps/s
99.8% CPU use with 1 MPI tasks x no OpenMP threads

MPI task timing breakdown:
Section |  min time  |  avg time  |  max time  |%varavg| %total
---------------------------------------------------------------
Pair    | 2.8397     | 2.8397     | 2.8397     |   0.0 | 53.74
Neigh   | 1.2058     | 1.2058     | 1.2058     |   0.0 | 22.82
Comm    | 0.28929    | 0.28929    | 0.28929    |   0.0 |  5.48
Output  | 0.016762   | 0.016762   | 0.016762   |   0.0 |  0.32
Modify  | 0.85179    | 0.85179    | 0.85179    |   0.0 | 16.12
Other   |            | 0.08046    |            |       |  1.52

Nlocal:    1331 ave 1331 max 1331 min
Histogram: 1 0 0 0 0 0 0 0 0 0
Nghost:    898 ave 898 max 898 min
Histogram: 1 0 0 0 0 0 0 0 0 0
Neighs:    3720 ave 3720 max 3720 min
Histogram: 1 0 0 0 0 0 0 0 0 0

Total # of neighbors = 3720
Ave neighs/atom = 2.79489
Neighbor list builds = 2500
Dangerous builds not checked

write_restart NVT/sim1/T_1.60__v_17.58/end1.restart
Total wall time: 0:00:05
