run 50000
Neighbor list info ...
  update every 20 steps, delay 0 steps, check no
  max neighbors/atom: 2000, page size: 100000
  master list distance cutoff = 2.8
  ghost atom cutoff = 2.8
  binsize = 1.4, bins = 18 18 18
  1 neighbor lists, perpetual/occasional/extra = 1 0 0
  (1) pair lj/cut, perpetual
      attributes: half, newton on
      pair build: half/bin/atomonly/newton
      stencil: half/bin/3d/newton
      bin: standard
Per MPI rank memory allocation (min/avg/max) = 2.711 | 2.711 | 2.711 Mbytes
Step Temp Press TotEng 
       0            1  0.069921575    1.4578502 
    1000    1.0834231   0.07543025    1.0901237 
    2000   0.97820675  0.051995082   0.83249392 
    3000    1.0410195  0.063558569   0.88603407 
    4000    0.9959475  0.055573729   0.77363219 
    5000   0.98045481  0.052549244   0.78278892 
    6000    1.0122305  0.053712009   0.84118552 
    7000   0.99011102  0.058286189   0.78171799 
    8000    1.0268932  0.068134487   0.85224293 
    9000   0.96965671  0.057445174   0.75928902 
   10000    1.0233842  0.055114063   0.86161853 
   11000   0.99837459  0.050441077   0.82920731 
   12000   0.97015083  0.050557091    0.7784994 
   13000    1.0258121  0.060623848   0.84923758 
   14000   0.99639282   0.05104275   0.74620954 
   15000   0.98381231  0.052385418   0.79739072 
   16000   0.98675612  0.055047898   0.82714458 
   17000    1.0168458   0.05285019   0.84853538 
   18000   0.97872893  0.048334544   0.79531469 
   19000    1.0050196  0.058554388   0.82019746 
   20000    1.0207392  0.060346757   0.85367958 
   21000   0.98349903  0.049453297   0.80139525 
   22000    1.0457624  0.060140368   0.87582438 
   23000    1.0007423  0.047449986    0.7991534 
   24000    1.0197455  0.052650193   0.82422594 
   25000   0.95711873  0.057392881   0.73646425 
   26000    1.0201775  0.059833041   0.84792844 
   27000   0.97755327  0.054957797   0.79109153 
   28000   0.96680775  0.057575281   0.76275602 
   29000    1.0230964  0.065070621   0.86080834 
   30000   0.99212647  0.050186384   0.78203106 
   31000    1.0205263  0.060374236   0.83426049 
   32000    0.9889561  0.060941962   0.79753561 
   33000    1.0084951  0.060479837   0.79238082 
   34000   0.99740851  0.052335317   0.79479956 
   35000     1.004426  0.058563115   0.79608365 
   36000    1.0104165  0.051021016   0.82381088 
   37000    1.0152186  0.063653449   0.84337946 
   38000   0.98922745  0.047212757   0.77351941 
   39000    1.0338339  0.061222163    0.8899641 
   40000    1.0122563  0.059703302   0.83222415 
   41000   0.99760848  0.040035652   0.76705838 
   42000    1.0317542  0.056047707   0.84762474 
   43000   0.98417161  0.048601237    0.7673581 
   44000   0.97942326   0.05665147   0.78552957 
   45000    1.0250405  0.065368987   0.85265955 
   46000   0.97832768  0.061570002   0.79788228 
   47000    1.0433224  0.064637458     0.897533 
   48000   0.99460167  0.052698139   0.80474127 
   49000   0.99159087  0.054537078   0.83011342 
   50000    1.0181805  0.064512629   0.85095342 
Loop time of 6.81816 on 1 procs for 50000 steps with 1331 atoms

Performance: 2534408.589 tau/day, 7333.358 timesteps/s
99.8% CPU use with 1 MPI tasks x no OpenMP threads

MPI task timing breakdown:
Section |  min time  |  avg time  |  max time  |%varavg| %total
---------------------------------------------------------------
Pair    | 3.9967     | 3.9967     | 3.9967     |   0.0 | 58.62
Neigh   | 1.5722     | 1.5722     | 1.5722     |   0.0 | 23.06
Comm    | 0.30159    | 0.30159    | 0.30159    |   0.0 |  4.42
Output  | 0.022557   | 0.022557   | 0.022557   |   0.0 |  0.33
Modify  | 0.84013    | 0.84013    | 0.84013    |   0.0 | 12.32
Other   |            | 0.08504    |            |       |  1.25

Nlocal:    1331 ave 1331 max 1331 min
Histogram: 1 0 0 0 0 0 0 0 0 0
Nghost:    1129 ave 1129 max 1129 min
Histogram: 1 0 0 0 0 0 0 0 0 0
Neighs:    5790 ave 5790 max 5790 min
Histogram: 1 0 0 0 0 0 0 0 0 0

Total # of neighbors = 5790
Ave neighs/atom = 4.35011
Neighbor list builds = 2500
Dangerous builds not checked

write_restart NVT/sim1/T_1.00__v_12.17/end1.restart
Total wall time: 0:00:06
