run 50000
Neighbor list info ...
  update every 20 steps, delay 0 steps, check no
  max neighbors/atom: 2000, page size: 100000
  master list distance cutoff = 2.8
  ghost atom cutoff = 2.8
  binsize = 1.4, bins = 16 16 16
  1 neighbor lists, perpetual/occasional/extra = 1 0 0
  (1) pair lj/cut, perpetual
      attributes: half, newton on
      pair build: half/bin/atomonly/newton
      stencil: half/bin/3d/newton
      bin: standard
Per MPI rank memory allocation (min/avg/max) = 2.7 | 2.7 | 2.7 Mbytes
Step Temp Press TotEng 
       0          1.7   0.16693019    2.4124645 
    1000    1.7618582   0.18815318    1.9264468 
    2000    1.6270085   0.16771467    1.7379754 
    3000    1.7475143     0.178245     1.877301 
    4000    1.6570025   0.17753913    1.7342563 
    5000    1.7278939   0.18634861    1.8873075 
    6000    1.6551662   0.19373342    1.7545373 
    7000    1.6772442   0.18775278    1.7782932 
    8000    1.7238449   0.18995825    1.8601784 
    9000    1.6437012   0.16380729     1.734215 
   10000    1.7227377   0.19724428    1.8764113 
   11000    1.7027353   0.17504257    1.8046025 
   12000    1.7082336   0.19540259    1.8264888 
   13000    1.7525007    0.1733123    1.9052914 
   14000    1.6826259   0.19662502    1.7844868 
   15000    1.7445359   0.19900591    1.8928443 
   16000    1.6543484   0.16726775    1.7366323 
   17000    1.7046589   0.19670677    1.8473533 
   18000    1.7076035   0.18482332    1.8236866 
   19000    1.7353917   0.19584777    1.9085283 
   20000    1.7166112   0.18917834    1.8427031 
   21000    1.6961325     0.183216    1.7886096 
   22000    1.7568392   0.17894348    1.9144483 
   23000    1.6677341   0.18304268    1.7388461 
   24000    1.7168646   0.19862497    1.8673962 
   25000    1.6400071   0.17090793    1.6868415 
   26000    1.6564626    0.1826124    1.7872793 
   27000    1.7290244   0.19249519      1.86692 
   28000    1.6300152   0.18992372    1.7358369 
   29000    1.7680219   0.18924152    1.8911023 
   30000    1.6840488   0.19054938    1.7872867 
   31000    1.7635886   0.19541902    1.8936001 
   32000    1.6533341   0.17455225    1.7430659 
   33000    1.7370777   0.18186114    1.8545173 
   34000    1.6283878   0.18304003    1.7280343 
   35000     1.719531   0.19777444    1.8598351 
   36000     1.680508    0.1831505    1.7774824 
   37000    1.7493343   0.18999483    1.8788941 
   38000    1.6724829   0.18493728    1.7836889 
   39000     1.689123   0.18368968     1.806364 
   40000    1.7404298    0.1898426    1.8801345 
   41000    1.6319052   0.18240681    1.7288546 
   42000    1.7154092   0.18216094    1.8643954 
   43000    1.6910746   0.18958256    1.7477733 
   44000    1.6663499    0.1848434    1.7654237 
   45000    1.7161925   0.21554499    1.8611732 
   46000    1.6316335   0.18848961    1.7082622 
   47000    1.7428864   0.19353117    1.9135546 
   48000    1.6731121   0.18622099    1.7700609 
   49000    1.7579702   0.19611843     1.896613 
   50000    1.6278891   0.16555204    1.7050232 
Loop time of 8.6571 on 1 procs for 50000 steps with 1331 atoms

Performance: 1996049.943 tau/day, 5775.607 timesteps/s
99.8% CPU use with 1 MPI tasks x no OpenMP threads

MPI task timing breakdown:
Section |  min time  |  avg time  |  max time  |%varavg| %total
---------------------------------------------------------------
Pair    | 5.36       | 5.36       | 5.36       |   0.0 | 61.91
Neigh   | 1.9729     | 1.9729     | 1.9729     |   0.0 | 22.79
Comm    | 0.36874    | 0.36874    | 0.36874    |   0.0 |  4.26
Output  | 0.023389   | 0.023389   | 0.023389   |   0.0 |  0.27
Modify  | 0.84252    | 0.84252    | 0.84252    |   0.0 |  9.73
Other   |            | 0.08951    |            |       |  1.03

Nlocal:    1331 ave 1331 max 1331 min
Histogram: 1 0 0 0 0 0 0 0 0 0
Nghost:    1311 ave 1311 max 1311 min
Histogram: 1 0 0 0 0 0 0 0 0 0
Neighs:    7766 ave 7766 max 7766 min
Histogram: 1 0 0 0 0 0 0 0 0 0

Total # of neighbors = 7766
Ave neighs/atom = 5.83471
Neighbor list builds = 2500
Dangerous builds not checked

write_restart NVT/sim1/T_1.70__v_8.00/end1.restart
Total wall time: 0:00:08
