run 50000
Neighbor list info ...
  update every 20 steps, delay 0 steps, check no
  max neighbors/atom: 2000, page size: 100000
  master list distance cutoff = 2.8
  ghost atom cutoff = 2.8
  binsize = 1.4, bins = 22 22 22
  1 neighbor lists, perpetual/occasional/extra = 1 0 0
  (1) pair lj/cut, perpetual
      attributes: half, newton on
      pair build: half/bin/atomonly/newton
      stencil: half/bin/3d/newton
      bin: standard
Per MPI rank memory allocation (min/avg/max) = 2.739 | 2.739 | 2.739 Mbytes
Step Temp Press TotEng 
       0          1.9  0.091964554    2.8355297 
    1000    1.9126803  0.092467621    2.5919274 
    2000    1.8862882  0.088106562    2.5349012 
    3000    1.9610911  0.090652069    2.6501437 
    4000    1.8433586  0.088108599     2.463792 
    5000    1.9175803  0.095725565    2.5975166 
    6000    1.8937358  0.088672624    2.5458715 
    7000    1.9358653  0.090157486    2.6330138 
    8000    1.8653627  0.094292995    2.5143332 
    9000    1.9159383  0.089448736    2.5971542 
   10000    1.9125106  0.090663984    2.5806648 
   11000     1.871911  0.087292555    2.5176029 
   12000    1.9584573  0.099402241    2.6681309 
   13000      1.85141  0.084719042    2.4858634 
   14000    1.8973216  0.089785258    2.5720272 
   15000    1.9115679  0.088962349    2.5596629 
   16000    1.8970379  0.089346914    2.5710094 
   17000    1.9014329  0.089588791    2.5615591 
   18000    1.8986246  0.087622593    2.5723596 
   19000    1.9145146  0.091073094    2.5950636 
   20000    1.8410825  0.084938801    2.4790578 
   21000     1.922465  0.095060783    2.6080855 
   22000    1.8783015  0.090117935    2.5272479 
   23000    2.0030447  0.094928859    2.7085712 
   24000    1.8772116  0.087941209    2.5171506 
   25000    1.9366589  0.091274129    2.6091908 
   26000    1.8190996  0.084733242    2.4450574 
   27000     1.917694  0.093277347    2.5932034 
   28000    1.9010985   0.08908982    2.5667642 
   29000    1.7919234  0.084259039    2.3849843 
   30000    1.9279452  0.092167139     2.614394 
   31000    1.8590134  0.089302257    2.5034571 
   32000    1.9584242  0.088931214    2.6780596 
   33000    1.8845052  0.093388158    2.5488384 
   34000    1.8945101  0.090811839    2.5866001 
   35000    1.9203557  0.092094157    2.5995291 
   36000    1.8672621  0.085665294     2.505872 
   37000     1.951539  0.090762785    2.6281423 
   38000    1.8569751  0.085971094    2.4923645 
   39000    1.9186586  0.091914767    2.6080138 
   40000    1.8554604  0.088075929    2.4904111 
   41000    1.9283188  0.087149594     2.594952 
   42000     1.891867   0.08967098    2.5512735 
   43000    1.9090467   0.08759127    2.5798367 
   44000    1.9353722  0.092678245    2.6030118 
   45000    1.8845533  0.087783373    2.5495169 
   46000     1.952678  0.095676151    2.6322114 
   47000    1.8403797  0.087163779    2.4714685 
   48000    1.9324669  0.086584409    2.6019368 
   49000    1.8683019  0.082132997    2.4949637 
   50000    1.8479819  0.083861642    2.4818003 
Loop time of 4.70476 on 1 procs for 50000 steps with 1331 atoms

Performance: 3672874.331 tau/day, 10627.530 timesteps/s
99.7% CPU use with 1 MPI tasks x no OpenMP threads

MPI task timing breakdown:
Section |  min time  |  avg time  |  max time  |%varavg| %total
---------------------------------------------------------------
Pair    | 2.372      | 2.372      | 2.372      |   0.0 | 50.42
Neigh   | 1.11       | 1.11       | 1.11       |   0.0 | 23.59
Comm    | 0.26944    | 0.26944    | 0.26944    |   0.0 |  5.73
Output  | 0.018069   | 0.018069   | 0.018069   |   0.0 |  0.38
Modify  | 0.85695    | 0.85695    | 0.85695    |   0.0 | 18.21
Other   |            | 0.07833    |            |       |  1.66

Nlocal:    1331 ave 1331 max 1331 min
Histogram: 1 0 0 0 0 0 0 0 0 0
Nghost:    887 ave 887 max 887 min
Histogram: 1 0 0 0 0 0 0 0 0 0
Neighs:    3046 ave 3046 max 3046 min
Histogram: 1 0 0 0 0 0 0 0 0 0

Total # of neighbors = 3046
Ave neighs/atom = 2.2885
Neighbor list builds = 2500
Dangerous builds not checked

write_restart NVT/sim1/T_1.90__v_21.95/end1.restart
Total wall time: 0:00:04
