run 50000
Neighbor list info ...
  update every 20 steps, delay 0 steps, check no
  max neighbors/atom: 2000, page size: 100000
  master list distance cutoff = 2.8
  ghost atom cutoff = 2.8
  binsize = 1.4, bins = 17 17 17
  1 neighbor lists, perpetual/occasional/extra = 1 0 0
  (1) pair lj/cut, perpetual
      attributes: half, newton on
      pair build: half/bin/atomonly/newton
      stencil: half/bin/3d/newton
      bin: standard
Per MPI rank memory allocation (min/avg/max) = 2.705 | 2.705 | 2.705 Mbytes
Step Temp Press TotEng 
       0          1.5   0.13317527    2.1547683 
    1000    1.5781611   0.14941272    1.7109665 
    2000    1.4490431    0.1325794     1.484326 
    3000    1.5379848   0.14419695    1.6541014 
    4000    1.4458436   0.13260694    1.5222284 
    5000     1.544662   0.13051761    1.6246459 
    6000    1.4592608     0.124789    1.4880061 
    7000     1.517822   0.13395708    1.5986793 
    8000    1.5065976   0.14065866      1.58086 
    9000    1.4782403   0.14271778      1.56003 
   10000    1.5584172   0.14276378    1.6473048 
   11000    1.4866924   0.13437814    1.5378644 
   12000    1.5247295   0.14106849    1.6196416 
   13000    1.4710886   0.11269869    1.4802012 
   14000    1.5216491   0.14292246    1.6251466 
   15000    1.4973726   0.14129988    1.5758492 
   16000    1.4645431   0.13058051    1.5154918 
   17000    1.5430364    0.1365761     1.624426 
   18000    1.4795072    0.1185921    1.5175231 
   19000    1.4861004   0.15243873    1.5677621 
   20000    1.5315912   0.13299243    1.5630201 
   21000    1.4615033   0.12939484    1.4925719 
   22000    1.5273251   0.14290524    1.6355344 
   23000     1.440352   0.14246327    1.5231592 
   24000     1.566629   0.14176137    1.6850201 
   25000     1.467378   0.14198021    1.5524734 
   26000    1.5109077   0.13823229     1.604293 
   27000    1.5249317   0.15414701    1.6215795 
   28000    1.4766016   0.12262505     1.515671 
   29000    1.5330065   0.13699169     1.630181 
   30000    1.4012422   0.13064539    1.4227103 
   31000    1.5231132    0.1355553    1.6050556 
   32000     1.484439   0.13963413    1.5366413 
   33000    1.5116541   0.14945387    1.5987699 
   34000     1.478147   0.14251185    1.5658146 
   35000     1.491199   0.13678336    1.5500518 
   36000    1.5003383   0.13123315     1.572698 
   37000    1.5500429   0.14629752    1.6635541 
   38000    1.4888471   0.13502471    1.5675576 
   39000    1.4876233   0.15009455    1.5786812 
   40000    1.4961973   0.11832512    1.5935443 
   41000    1.4868895   0.12850121    1.5305217 
   42000    1.5020834   0.13682898    1.5724998 
   43000    1.4940461   0.13051445    1.5699615 
   44000    1.5631646   0.14375348    1.6802196 
   45000    1.4805172   0.13062432    1.5256293 
   46000    1.5445314   0.13674217    1.6243077 
   47000    1.4422279   0.13222568    1.4703243 
   48000    1.5221541   0.13682232    1.5679519 
   49000    1.4764981   0.13774732     1.533086 
   50000    1.5461947   0.16291593    1.6780607 
Loop time of 7.86227 on 1 procs for 50000 steps with 1331 atoms

Performance: 2197837.455 tau/day, 6359.483 timesteps/s
99.9% CPU use with 1 MPI tasks x no OpenMP threads

MPI task timing breakdown:
Section |  min time  |  avg time  |  max time  |%varavg| %total
---------------------------------------------------------------
Pair    | 4.8115     | 4.8115     | 4.8115     |   0.0 | 61.20
Neigh   | 1.7609     | 1.7609     | 1.7609     |   0.0 | 22.40
Comm    | 0.34365    | 0.34365    | 0.34365    |   0.0 |  4.37
Output  | 0.016737   | 0.016737   | 0.016737   |   0.0 |  0.21
Modify  | 0.84143    | 0.84143    | 0.84143    |   0.0 | 10.70
Other   |            | 0.0881     |            |       |  1.12

Nlocal:    1331 ave 1331 max 1331 min
Histogram: 1 0 0 0 0 0 0 0 0 0
Nghost:    1317 ave 1317 max 1317 min
Histogram: 1 0 0 0 0 0 0 0 0 0
Neighs:    6787 ave 6787 max 6787 min
Histogram: 1 0 0 0 0 0 0 0 0 0

Total # of neighbors = 6787
Ave neighs/atom = 5.09917
Neighbor list builds = 2500
Dangerous builds not checked

write_restart NVT/sim1/T_1.50__v_9.26/end1.restart
Total wall time: 0:00:07
