run 50000
Neighbor list info ...
  update every 20 steps, delay 0 steps, check no
  max neighbors/atom: 2000, page size: 100000
  master list distance cutoff = 2.8
  ghost atom cutoff = 2.8
  binsize = 1.4, bins = 16 16 16
  1 neighbor lists, perpetual/occasional/extra = 1 0 0
  (1) pair lj/cut, perpetual
      attributes: half, newton on
      pair build: half/bin/atomonly/newton
      stencil: half/bin/3d/newton
      bin: standard
Per MPI rank memory allocation (min/avg/max) = 2.7 | 2.7 | 2.7 Mbytes
Step Temp Press Volume Density PotEng KinEng TotEng 
       0          1.1  0.091986538        10648        0.125  -0.13561964    1.6487603    1.5131407 
    1000    1.7554787   0.33121203    5661.3532    0.2351028   -1.3154629    2.6312396    1.3157767 
    2000      1.49188   0.38473355    3796.6238   0.35057464   -1.9782457    2.2361387   0.25789298 
    3000    1.3373865   0.43608741    2787.7271    0.4774499   -2.7037669    2.0045726  -0.69919431 
    4000    1.2947811   0.69423795    2199.6207   0.60510433   -3.4671523    1.9407125   -1.5264398 
    5000    1.2016346     1.184028    1894.2494   0.70265298   -4.0246272    1.8010977   -2.2235296 
    6000    1.1058761    1.3707285    1764.4869   0.75432693   -4.3785317    1.6575678   -2.7209639 
    7000    1.0584206    1.6029083    1719.4799   0.77407129   -4.5173016    1.5864381   -2.9308636 
    8000    1.0826585    1.6342521    1733.5771   0.76777665   -4.4281635    1.6227676   -2.8053959 
    9000    1.1213689     1.692505    1757.2452   0.75743558   -4.3434238    1.6807896   -2.6626343 
   10000    1.1188687    1.4712482    1742.1151   0.76401379   -4.4511516    1.6770421   -2.7741095 
   11000    1.0798995    1.4652272    1724.1679    0.7719666   -4.5089749    1.6186322   -2.8903427 
   12000     1.112573    1.4991479    1739.3348    0.7652351   -4.4530111    1.6676056   -2.7854055 
   13000    1.1077726    1.4890526    1761.7816   0.75548522   -4.3772937    1.6604105   -2.7168832 
   14000    1.0715172     1.554934     1740.506   0.76472016   -4.4151221    1.6060683   -2.8090538 
   15000    1.0686136    1.5241882    1731.7574   0.76858342   -4.4766162    1.6017161   -2.8749001 
   16000    1.1143147    1.3314012    1748.6112   0.76117551   -4.4581265    1.6702162   -2.7879103 
   17000    1.1252481    1.5053067    1743.4803   0.76341558   -4.4412388     1.686604   -2.7546348 
   18000    1.1083408     1.882056    1721.8783   0.77299306   -4.4539124    1.6612622   -2.7926502 
   19000    1.1028343    1.5762174    1730.6239   0.76908681   -4.4728259    1.6530086   -2.8198174 
   20000     1.083459    1.8152635     1747.715    0.7615658   -4.3523973    1.6239674   -2.7284299 
   21000    1.0829073    1.5676665     1762.323   0.75525313   -4.3522924    1.6231406   -2.7291518 
   22000    1.0410644    1.4607211    1746.6925   0.76201165   -4.4232875    1.5604233   -2.8628642 
   23000    1.0865272    1.5870502    1727.6405   0.77041489   -4.4742952    1.6285663   -2.8457289 
   24000    1.1316747    1.7292195    1737.1073   0.76621633   -4.4316323    1.6962366   -2.7353957 
   25000     1.149683    1.6451018    1737.8494   0.76588915   -4.4276784    1.7232288   -2.7044496 
   26000      1.06712    1.9077177    1719.3602   0.77412517   -4.4317142    1.5994774   -2.8322368 
   27000    1.0582031    1.6751193    1730.5255   0.76913054    -4.426826    1.5861121   -2.8407139 
   28000    1.0935717    1.4585327    1761.4331   0.75563473   -4.3895589    1.6391252   -2.7504337 
   29000    1.0788009      1.34228    1761.3625   0.75566499   -4.4038911    1.6169856   -2.7869055 
   30000    1.1105639    1.4459971    1730.8652   0.76897961   -4.5066492    1.6645942   -2.8420549 
   31000     1.114844    1.4370959    1730.4897   0.76914643   -4.4968341    1.6710096   -2.8258245 
   32000    1.1335464    1.6452057    1739.5701   0.76513156   -4.4245105    1.6990421   -2.7254683 
   33000    1.1004525    1.8150493    1730.6129    0.7690917   -4.4153432    1.6494385   -2.7659047 
   34000     1.099162    1.4184442    1731.3161    0.7687793   -4.5172878    1.6475043   -2.8697835 
   35000     1.080332    1.5788361    1748.6873   0.76114236   -4.3976095    1.6192805    -2.778329 
   36000    1.0913872    1.5508563    1748.3657   0.76128238   -4.3931744    1.6358508   -2.7573236 
   37000    1.0780146    1.7519021    1722.5273   0.77270183   -4.4576097    1.6158071   -2.8418027 
   38000     1.106871    1.9149366    1716.8571   0.77525382   -4.4532775    1.6590591   -2.7942184 
   39000    1.1138311    1.6103536    1742.8682   0.76368367   -4.4152273    1.6694914   -2.7457359 
   40000    1.0893347    1.6522486    1742.9066   0.76366686   -4.3932499    1.6327744   -2.7604755 
   41000    1.0696111    1.5256307    1733.4755   0.76782162   -4.4696546    1.6032113   -2.8664433 
   42000    1.0995893    1.2806391    1755.2171   0.75831077   -4.4316623    1.6481448   -2.7835175 
   43000    1.1134826    1.5038822    1752.6762   0.75941009   -4.4186457     1.668969   -2.7496766 
   44000    1.1045466    1.6032008    1736.9095   0.76630358   -4.4533816    1.6555751   -2.7978065 
   45000    1.0502705     1.492489    1732.0732   0.76844326   -4.4808062    1.5742221    -2.906584 
   46000    1.0611597    1.2803973    1770.7512   0.75165841   -4.3822051    1.5905437   -2.7916614 
   47000    1.1084166    1.7001972     1740.878   0.76455673   -4.4117661    1.6613757   -2.7503904 
   48000    1.0837299    1.8080685    1714.9489   0.77611641   -4.4603218    1.6243735   -2.8359483 
   49000    1.0975472    1.6919909    1729.7444   0.76947783   -4.4459045    1.6450839   -2.8008205 
   50000    1.0967953    1.8250959    1735.1789   0.76706789   -4.3876495    1.6439569   -2.7436926 
Loop time of 40.2509 on 1 procs for 50000 steps with 1331 atoms

Performance: 429307.679 tau/day, 1242.210 timesteps/s
99.7% CPU use with 1 MPI tasks x no OpenMP threads

MPI task timing breakdown:
Section |  min time  |  avg time  |  max time  |%varavg| %total
---------------------------------------------------------------
Pair    | 31.888     | 31.888     | 31.888     |   0.0 | 79.22
Neigh   | 5.0283     | 5.0283     | 5.0283     |   0.0 | 12.49
Comm    | 0.80631    | 0.80631    | 0.80631    |   0.0 |  2.00
Output  | 0.02847    | 0.02847    | 0.02847    |   0.0 |  0.07
Modify  | 2.3103     | 2.3103     | 2.3103     |   0.0 |  5.74
Other   |            | 0.1899     |            |       |  0.47

Nlocal:    1331 ave 1331 max 1331 min
Histogram: 1 0 0 0 0 0 0 0 0 0
Nghost:    2885 ave 2885 max 2885 min
Histogram: 1 0 0 0 0 0 0 0 0 0
Neighs:    45789 ave 45789 max 45789 min
Histogram: 1 0 0 0 0 0 0 0 0 0

Total # of neighbors = 45789
Ave neighs/atom = 34.402
Neighbor list builds = 2500
Dangerous builds not checked

write_restart lattice_11_11_11__2_2_2/sim1/T_1.10__P_1.60/end1.restart
Total wall time: 0:00:40
