run 50000
Neighbor list info ...
  update every 20 steps, delay 0 steps, check no
  max neighbors/atom: 2000, page size: 100000
  master list distance cutoff = 2.8
  ghost atom cutoff = 2.8
  binsize = 1.4, bins = 16 16 16
  1 neighbor lists, perpetual/occasional/extra = 1 0 0
  (1) pair lj/cut, perpetual
      attributes: half, newton on
      pair build: half/bin/atomonly/newton
      stencil: half/bin/3d/newton
      bin: standard
Per MPI rank memory allocation (min/avg/max) = 2.7 | 2.7 | 2.7 Mbytes
Step Temp Press Volume Density PotEng KinEng TotEng 
       0          0.4  0.004552278        10648        0.125  -0.13561964   0.59954921   0.46392957 
    1000    0.9380579  0.040155023     5098.321   0.26106634   -1.7048999    1.4060297  -0.29887021 
    2000   0.81325852  -0.15122519    3107.2742   0.42834971   -2.9742613    1.2189713     -1.75529 
    3000   0.70551921 -0.054131972    2093.9654   0.63563611   -4.2070458    1.0574837   -3.1495621 
    4000   0.64920474    0.4299178    1592.7519   0.83566059    -5.219265   0.97307548   -4.2461896 
    5000   0.50557544   0.61208621    1466.2561   0.90775411   -5.7865265   0.75779339   -5.0287331 
    6000   0.41240777   0.75709517    1412.2488   0.94246847   -6.0742796   0.61814688   -5.4561327 
    7000    0.3624616   0.89562096    1396.1517   0.95333482   -6.1446998   0.54328392   -5.6014158 
    8000   0.40384652    0.7811357    1405.7971   0.94679382   -6.1065721   0.60531466   -5.5012575 
    9000   0.41999421    0.8464457    1408.6338   0.94488716   -6.0831951     0.629518   -5.4536771 
   10000   0.38760921   0.80151246    1400.3275   0.95049193   -6.1423993     0.580977   -5.5614223 
   11000   0.38759484   0.70840907    1401.2689    0.9498534   -6.1495862   0.58095545   -5.5686308 
   12000   0.40910608   0.88058138    1402.6084   0.94894627   -6.1107125   0.61319807   -5.4975145 
   13000   0.39643746   0.83751392    1398.7382   0.95157193   -6.1465731   0.59420942   -5.5523637 
   14000   0.38342681   0.80447218    1395.4293   0.95382832   -6.1679649   0.57470811   -5.5932568 
   15000   0.40713086   0.87420238    1398.0803   0.95201971   -6.1430705   0.61023746   -5.5328331 
   16000   0.39862736   0.87048277    1399.6772   0.95093351   -6.1352065   0.59749179   -5.5377147 
   17000    0.3914637   0.80845596    1394.2139   0.95465982   -6.1773421   0.58675438   -5.5905877 
   18000   0.38893122    0.9015673    1394.1957   0.95467226    -6.159955   0.58295852   -5.5769965 
   19000   0.40344042   0.57806811     1408.082   0.94525745   -6.1324888   0.60470596   -5.5277828 
   20000   0.41214523    1.1076273    1385.9163   0.96037547   -6.1840279   0.61775337   -5.5662746 
   21000   0.39422029   0.75125392    1394.2803   0.95461439   -6.1925732   0.59088616    -5.601687 
   22000   0.41548428   0.75934501    1394.8608   0.95421711   -6.1811907   0.62275818   -5.5584325 
   23000   0.40578498   0.80889583    1396.7306   0.95293968   -6.1619192   0.60822016   -5.5536991 
   24000   0.38768154   0.86646277    1392.6948   0.95570113   -6.1742085   0.58108541   -5.5931231 
   25000   0.40205683   0.80738462    1391.9598   0.95620578   -6.1941182   0.60263214    -5.591486 
   26000   0.40307566   0.82233733    1395.3213   0.95390218   -6.1620827   0.60415923   -5.5579235 
   27000   0.40824856    0.8664949    1393.7142   0.95500214   -6.1735918   0.61191275    -5.561679 
   28000   0.40651667   0.60268806    1398.1275   0.95198756   -6.1930787   0.60931687   -5.5837618 
   29000   0.40273928   0.92745662    1388.6553   0.95848123   -6.1900386   0.60365504   -5.5863835 
   30000   0.39332595   0.70345097    1394.7558    0.9542889   -6.1892763   0.58954566   -5.5997307 
   31000   0.40140544   0.82588716    1389.7108    0.9577532   -6.2074747   0.60165579   -5.6058189 
   32000   0.40261418   0.80280339    1390.3694   0.95729956   -6.1992468   0.60346754   -5.5957792 
   33000   0.39220192   0.62887136    1398.1435   0.95197668   -6.1817964   0.58786088   -5.5939355 
   34000   0.40772622   0.95483416    1385.4659   0.96068763   -6.2094742   0.61112983   -5.5983443 
   35000   0.39230436   0.71498693    1394.1959   0.95467212   -6.1938746   0.58801442   -5.6058602 
   36000   0.40425939   0.87602849    1389.1244    0.9581575    -6.199426    0.6059335   -5.5934925 
   37000   0.41150522   0.75134413    1392.6723   0.95571655   -6.2034727   0.61679407   -5.5866787 
   38000   0.40116831   0.71183753    1388.9282   0.95829285   -6.2298273   0.60130036    -5.628527 
   39000    0.3936446    0.8077799    1385.6567   0.96055538   -6.2375992   0.59002327   -5.6475759 
   40000   0.41477885   0.67171999    1391.8572   0.95627628   -6.2188126   0.62170084   -5.5971118 
   41000   0.40785637   0.95330774    1383.2737   0.96221014   -6.2272903   0.61132491   -5.6159654 
   42000   0.37995412   0.54500475    1391.1401   0.95676923   -6.2451189   0.56950299   -5.6756159 
   43000    0.4234161   0.90102279    1377.7818   0.96604555   -6.2821529   0.63464697    -5.647506 
   44000    0.4014597   0.75845318    1380.4724   0.96416269   -6.2816119   0.60173712   -5.6798747 
   45000   0.38171258   0.90807086    1369.5523   0.97185044   -6.3261209    0.5721387   -5.7539822 
   46000    0.3888724   0.80226602    1371.7365   0.97030296   -6.3299171   0.58287034   -5.7470468 
   47000   0.40275795   0.80385281    1369.7474   0.97171202   -6.3423139   0.60368303   -5.7386309 
   48000    0.3882499   0.72846932    1369.4021   0.97195701   -6.3658097   0.58193731   -5.7838724 
   49000   0.40405951    1.1359886    1356.4114   0.98126571    -6.388532    0.6056339   -5.7828981 
   50000   0.40120095   0.57848006    1368.9368   0.97228737    -6.393266   0.60134928   -5.7919167 
Loop time of 41.8315 on 1 procs for 50000 steps with 1331 atoms

Performance: 413085.432 tau/day, 1195.270 timesteps/s
100.0% CPU use with 1 MPI tasks x no OpenMP threads

MPI task timing breakdown:
Section |  min time  |  avg time  |  max time  |%varavg| %total
---------------------------------------------------------------
Pair    | 33.783     | 33.783     | 33.783     |   0.0 | 80.76
Neigh   | 5.0116     | 5.0116     | 5.0116     |   0.0 | 11.98
Comm    | 0.72822    | 0.72822    | 0.72822    |   0.0 |  1.74
Output  | 0.024894   | 0.024894   | 0.024894   |   0.0 |  0.06
Modify  | 2.0608     | 2.0608     | 2.0608     |   0.0 |  4.93
Other   |            | 0.2227     |            |       |  0.53

Nlocal:    1331 ave 1331 max 1331 min
Histogram: 1 0 0 0 0 0 0 0 0 0
Nghost:    3174 ave 3174 max 3174 min
Histogram: 1 0 0 0 0 0 0 0 0 0
Neighs:    56806 ave 56806 max 56806 min
Histogram: 1 0 0 0 0 0 0 0 0 0

Total # of neighbors = 56806
Ave neighs/atom = 42.6792
Neighbor list builds = 2500
Dangerous builds not checked

write_restart lattice_11_11_11__2_2_2/sim1/T_0.40__P_0.80/end1.restart
Total wall time: 0:00:41
