run 50000
Neighbor list info ...
  update every 20 steps, delay 0 steps, check no
  max neighbors/atom: 2000, page size: 100000
  master list distance cutoff = 2.8
  ghost atom cutoff = 2.8
  binsize = 1.4, bins = 16 16 16
  1 neighbor lists, perpetual/occasional/extra = 1 0 0
  (1) pair lj/cut, perpetual
      attributes: half, newton on
      pair build: half/bin/atomonly/newton
      stencil: half/bin/3d/newton
      bin: standard
Per MPI rank memory allocation (min/avg/max) = 2.7 | 2.7 | 2.7 Mbytes
Step Temp Press Volume Density PotEng KinEng TotEng 
       0          0.2 -0.020428939        10648        0.125  -0.13561964   0.29977461   0.16415497 
    1000   0.70603215 -0.023215372    4964.1475   0.26812257   -1.9624572    1.0582525  -0.90420463 
    2000   0.59217299  -0.16383378    2881.0454   0.46198508   -3.6002715   0.88759212   -2.7126794 
    3000    0.4792456 -0.082329189    1841.1778   0.72290684   -5.0020788    0.7183283   -4.2837504 
    4000   0.37659419   0.43083638    1453.7686   0.91555148   -5.9123226   0.56446688   -5.3478558 
    5000   0.26018643   0.39531441    1379.7701   0.96465344   -6.3331975   0.38998642   -5.9432111 
    6000    0.1852635   0.44259964    1356.3091   0.98133975    -6.480344   0.27768646   -6.2026576 
    7000   0.18733061    0.4264791    1352.1476   0.98435997   -6.5153759   0.28078481   -6.2345911 
    8000   0.21325013   0.38572745    1358.7559   0.97957253    -6.473482   0.31963486   -6.1538471 
    9000   0.20233252   0.36706768    1353.7366   0.98320454   -6.5121975   0.30327076   -6.2089267 
   10000    0.1901465   0.33794788    1349.0973   0.98658559    -6.544801   0.28500547   -6.2597955 
   11000   0.20834994    0.3725056    1353.3749   0.98346731   -6.5148806    0.3122901   -6.2025905 
   12000   0.20747792     0.396042    1351.8774   0.98455672   -6.5204253   0.31098306   -6.2094422 
   13000    0.1886756   0.43096725     1347.892   0.98746784   -6.5438714   0.28280077   -6.2610706 
   14000   0.19727306   0.43569507    1350.7112   0.98540679   -6.5237898   0.29568727   -6.2281026 
   15000   0.20588831   0.48149446    1349.7104   0.98613745   -6.5190598   0.30860044   -6.2104594 
   16000   0.19257278   0.27722765    1351.2257   0.98503157   -6.5458763   0.28864215   -6.2572342 
   17000   0.19126252   0.55516146    1346.3729   0.98858199   -6.5291513   0.28667823   -6.2424731 
   18000   0.20502998   0.42378999    1351.2147   0.98503961   -6.5181381   0.30731391   -6.2108242 
   19000   0.19395918   0.38815302    1349.1993   0.98651102   -6.5382452   0.29072019    -6.247525 
   20000   0.19629066   0.44820088    1346.2893   0.98864336     -6.55163   0.29421477   -6.2574153 
   21000    0.2098974   0.36030205    1351.0968   0.98512553   -6.5332117   0.31460955   -6.2186022 
   22000   0.20696021   0.46093252    1346.5949     0.988419   -6.5461665   0.31020708   -6.2359594 
   23000   0.18903084   0.35480182    1348.9884   0.98666524   -6.5443022   0.28333323    -6.260969 
   24000   0.21086723   0.47472641    1347.3755   0.98784634   -6.5422577   0.31606321   -6.2261945 
   25000    0.2012475   0.29620286    1353.0308   0.98371746   -6.5302619   0.30164445   -6.2286174 
   26000   0.19353298   0.50563806    1345.0628   0.98954487   -6.5518091   0.29008137   -6.2617278 
   27000   0.20000893   0.41292601    1348.9713   0.98667775   -6.5416672   0.29978799   -6.2418792 
   28000   0.20312558   0.28072959    1354.1029   0.98293856   -6.5259065   0.30445945   -6.2214471 
   29000   0.20057733   0.45532191    1345.6731   0.98909609   -6.5559439   0.30063995   -6.2553039 
   30000   0.19157507   0.44784897    1347.9179   0.98744885   -6.5396033    0.2871467   -6.2524566 
   31000   0.20467306   0.40374723     1350.683   0.98542736   -6.5256259   0.30677893    -6.218847 
   32000   0.20023257   0.49453795    1345.8623   0.98895702   -6.5454552    0.3001232    -6.245332 
   33000   0.19085107   0.23673422    1351.7992    0.9846137   -6.5458973   0.28606152   -6.2598358 
   34000   0.20087027   0.52179557    1348.2708   0.98719044   -6.5240037   0.30107903   -6.2229247 
   35000   0.19841844       0.4105    1349.7512    0.9861077   -6.5334095   0.29740404   -6.2360055 
   36000    0.1958902   0.32894576    1348.1275   0.98729532    -6.558944   0.29361453   -6.2653295 
   37000    0.2059312   0.47944641     1346.559   0.98844534   -6.5448898   0.30866473    -6.236225 
   38000   0.20526725   0.23312809    1354.3161   0.98278384   -6.5352426   0.30766954    -6.227573 
   39000   0.18689774   0.61533304    1343.5765   0.99063957   -6.5403355   0.28013598   -6.2601995 
   40000   0.20164197    0.3732086    1348.7093   0.98686946   -6.5487885   0.30223571   -6.2465528 
   41000   0.20545959   0.37592582    1350.9255   0.98525045   -6.5321641   0.30795784   -6.2242063 
   42000   0.20031664   0.47943112     1346.029   0.98883455   -6.5530222    0.3002492    -6.252773 
   43000   0.20133723   0.40317576     1347.234    0.9879501   -6.5544342   0.30177894   -6.2526553 
   44000   0.20571399   0.33913746    1351.2706   0.98499884   -6.5355516   0.30833915   -6.2272125 
   45000   0.20132765   0.44486093     1347.604    0.9876789   -6.5451084   0.30176458   -6.2433439 
   46000   0.19440185   0.28226098    1351.0717   0.98514386   -6.5494476   0.29138369   -6.2580639 
   47000   0.20213314    0.6038936    1345.2682   0.98939379   -6.5322615    0.3029719   -6.2292896 
   48000   0.19281694    0.3609251     1351.955   0.98450021   -6.5258665   0.28900811   -6.2368584 
   49000    0.1998433   0.38273098    1347.4802   0.98776963   -6.5563887   0.29953974    -6.256849 
   50000   0.20683526   0.41296423    1347.5493   0.98771899   -6.5497309   0.31001979   -6.2397111 
Loop time of 43.444 on 1 procs for 50000 steps with 1331 atoms

Performance: 397753.043 tau/day, 1150.906 timesteps/s
100.0% CPU use with 1 MPI tasks x no OpenMP threads

MPI task timing breakdown:
Section |  min time  |  avg time  |  max time  |%varavg| %total
---------------------------------------------------------------
Pair    | 35.273     | 35.273     | 35.273     |   0.0 | 81.19
Neigh   | 5.1108     | 5.1108     | 5.1108     |   0.0 | 11.76
Comm    | 0.74554    | 0.74554    | 0.74554    |   0.0 |  1.72
Output  | 0.024707   | 0.024707   | 0.024707   |   0.0 |  0.06
Modify  | 2.0632     | 2.0632     | 2.0632     |   0.0 |  4.75
Other   |            | 0.2263     |            |       |  0.52

Nlocal:    1331 ave 1331 max 1331 min
Histogram: 1 0 0 0 0 0 0 0 0 0
Nghost:    3229 ave 3229 max 3229 min
Histogram: 1 0 0 0 0 0 0 0 0 0
Neighs:    58464 ave 58464 max 58464 min
Histogram: 1 0 0 0 0 0 0 0 0 0

Total # of neighbors = 58464
Ave neighs/atom = 43.9249
Neighbor list builds = 2500
Dangerous builds not checked

write_restart lattice_11_11_11__2_2_2/sim1/T_0.20__P_0.40/end1.restart
Total wall time: 0:00:43
