run 50000
Neighbor list info ...
  update every 20 steps, delay 0 steps, check no
  max neighbors/atom: 2000, page size: 100000
  master list distance cutoff = 2.8
  ghost atom cutoff = 2.8
  binsize = 1.4, bins = 16 16 16
  1 neighbor lists, perpetual/occasional/extra = 1 0 0
  (1) pair lj/cut, perpetual
      attributes: half, newton on
      pair build: half/bin/atomonly/newton
      stencil: half/bin/3d/newton
      bin: standard
Per MPI rank memory allocation (min/avg/max) = 2.7 | 2.7 | 2.7 Mbytes
Step Temp Press Volume Density PotEng KinEng TotEng 
       0          0.8  0.054514712        10648        0.125  -0.13561964    1.1990984    1.0634788 
    1000    1.1053742   0.11902914    8337.8402   0.15963367   -1.0480632    1.6568156   0.60875239 
    2000   0.92194955  0.061470695    6670.8026   0.19952622   -1.4183497    1.3818853 -0.036464346 
    3000    0.8803171  0.020488508    5378.9259   0.24744717   -1.8776765    1.3194836  -0.55819296 
    4000   0.89044927  0.004943137    4385.5728   0.30349513    -2.385727    1.3346704   -1.0510566 
    5000   0.85550021 -0.043538856    3629.7655   0.36669036   -2.8164404    1.2822862   -1.5341542 
    6000   0.85805561  0.029669889    3047.7923   0.43670955   -3.2827537    1.2861164   -1.9966373 
    7000   0.83465899 -0.065284738    2598.7529   0.51216874   -3.6674157    1.2510478   -2.4163678 
    8000   0.82670131 -0.030674952    2232.6474   0.59615324   -3.9980843    1.2391203    -2.758964 
    9000   0.81173826 -0.033074649    1965.4483   0.67719918   -4.2659969    1.2166926   -3.0493043 
   10000    0.8007487   0.22715799    1796.2913   0.74097112   -4.5077172    1.2002206   -3.3074966 
   11000   0.78278938   0.15903651    1743.0271   0.76361405   -4.6835911    1.1733019   -3.5102892 
   12000   0.78246635   0.33362403    1731.9221    0.7685103   -4.6840955    1.1728177   -3.5112778 
   13000   0.82114169    0.2079689     1769.292    0.7522783   -4.6168729    1.2307871   -3.3860858 
   14000   0.82112019   0.26162508    1778.9929   0.74817612   -4.5715113    1.2307549   -3.3407564 
   15000   0.80635128   0.14510306    1765.9962   0.75368225   -4.6257355    1.2086182   -3.4171173 
   16000   0.76927152   0.11120715     1752.571   0.75945566   -4.6607481    1.1530403   -3.5077077 
   17000   0.79374022   0.14101387    1756.5494   0.75773559   -4.6443559    1.1897158   -3.4546401 
   18000   0.83252981   0.21158768    1770.0367    0.7519618   -4.5919899    1.2478565   -3.3441335 
   19000   0.82154116   0.33698863    1749.4256   0.76082113    -4.633742    1.2313859   -3.4023561 
   20000   0.79666496   0.31903017    1742.5055   0.76384265    -4.665339    1.1940996   -3.4712394 
   21000   0.79503968  0.028153695    1769.4425   0.75221435   -4.6321704    1.1916635   -3.4405069 
   22000   0.80238116   0.13494736    1777.5619   0.74877844   -4.6059761    1.2026675   -3.4033086 
   23000   0.81342212    0.1802447    1748.4099   0.76126311   -4.6725329    1.2192165   -3.4533164 
   24000   0.77580104   0.33913245     1740.714   0.76462878   -4.6467262    1.1628273    -3.483899 
   25000   0.79813073   0.29794143    1763.0981   0.75492112   -4.6096715    1.1962966   -3.4133749 
   26000    0.8052905   0.12823787    1780.8933   0.74737773   -4.5802306    1.2070282   -3.3732024 
   27000   0.79956772   0.11449666    1798.0372   0.74025164   -4.5212883    1.1984505   -3.3228378 
   28000    0.8253599   0.14680125     1768.844   0.75246884   -4.6206344    1.2371097   -3.3835247 
   29000   0.81718748    0.3913157     1745.222    0.7626537   -4.6367008    1.2248603   -3.4118405 
   30000   0.85596029   0.33248268    1757.7092   0.75723561   -4.6285015    1.2829758   -3.3455257 
   31000   0.81170729 0.0071824628     1781.825   0.74698694   -4.5822378    1.2166462   -3.3655917 
   32000   0.78897379   0.22342414    1750.6251   0.76029983   -4.6561503    1.1825715   -3.4735788 
   33000   0.79765736   0.10524428    1761.1527   0.75575502   -4.6349932    1.1955871   -3.4394061 
   34000   0.79174429  0.044111666    1783.5208    0.7462767   -4.5647185    1.1867242   -3.3779944 
   35000   0.78885118  0.099471046    1770.0712   0.75194716   -4.6158154    1.1823878   -3.4334276 
   36000   0.78086175   0.32579819    1728.8522   0.76987495    -4.703112    1.1704126   -3.5326994 
   37000   0.78323836   0.41243214    1743.6389   0.76334614   -4.6379268    1.1739748    -3.463952 
   38000    0.8012797   0.20336009    1759.4581   0.75648291   -4.6200704    1.2010165   -3.4190539 
   39000   0.78179314   0.10823674    1760.1981   0.75616487   -4.6465083    1.1718087   -3.4746996 
   40000   0.77228904  0.051058089    1746.5752   0.76206282   -4.6937465    1.1575632   -3.5361832 
   41000   0.79847039   0.32881207    1741.6611   0.76421296    -4.648672    1.1968057   -3.4518663 
   42000   0.82036267   0.34357832      1754.49   0.75862501   -4.6244712    1.2296195   -3.3948518 
   43000   0.81791978   0.13311433    1764.9748   0.75411842   -4.6072408    1.2259579   -3.3812829 
   44000    0.8011838   0.19746033    1759.6981   0.75637973   -4.6457748    1.2008728    -3.444902 
   45000   0.78991437   0.11650886    1757.4547   0.75734528   -4.6433917    1.1839813   -3.4594104 
   46000   0.80307302    0.2449041    1767.6511   0.75297665   -4.5762817    1.2037045   -3.3725772 
   47000   0.81090398   0.27129098    1755.5434   0.75816979   -4.6254724    1.2154421   -3.4100303 
   48000   0.78138721  0.088631824    1766.8779   0.75330615   -4.6024379    1.1712002   -3.4312377 
   49000   0.80031922   0.19181681    1752.5579   0.75946134   -4.6460211    1.1995769   -3.4464443 
   50000   0.78709272   0.38597687    1732.6959   0.76816712   -4.6918251    1.1797521   -3.5120731 
Loop time of 33.7001 on 1 procs for 50000 steps with 1331 atoms

Performance: 512758.621 tau/day, 1483.677 timesteps/s
99.9% CPU use with 1 MPI tasks x no OpenMP threads

MPI task timing breakdown:
Section |  min time  |  avg time  |  max time  |%varavg| %total
---------------------------------------------------------------
Pair    | 26.531     | 26.531     | 26.531     |   0.0 | 78.73
Neigh   | 4.297      | 4.297      | 4.297      |   0.0 | 12.75
Comm    | 0.68329    | 0.68329    | 0.68329    |   0.0 |  2.03
Output  | 0.023744   | 0.023744   | 0.023744   |   0.0 |  0.07
Modify  | 2.0272     | 2.0272     | 2.0272     |   0.0 |  6.02
Other   |            | 0.1376     |            |       |  0.41

Nlocal:    1331 ave 1331 max 1331 min
Histogram: 1 0 0 0 0 0 0 0 0 0
Nghost:    2873 ave 2873 max 2873 min
Histogram: 1 0 0 0 0 0 0 0 0 0
Neighs:    45748 ave 45748 max 45748 min
Histogram: 1 0 0 0 0 0 0 0 0 0

Total # of neighbors = 45748
Ave neighs/atom = 34.3711
Neighbor list builds = 2500
Dangerous builds not checked

write_restart lattice_11_11_11__2_2_2/sim1/T_0.80__P_0.20/end1.restart
Total wall time: 0:00:33
