run 50000
Neighbor list info ...
  update every 20 steps, delay 0 steps, check no
  max neighbors/atom: 2000, page size: 100000
  master list distance cutoff = 2.8
  ghost atom cutoff = 2.8
  binsize = 1.4, bins = 19 19 19
  1 neighbor lists, perpetual/occasional/extra = 1 0 0
  (1) pair lj/cut, perpetual
      attributes: half, newton on
      pair build: half/bin/atomonly/newton
      stencil: half/bin/3d/newton
      bin: standard
Per MPI rank memory allocation (min/avg/max) = 2.717 | 2.717 | 2.717 Mbytes
Step Temp Press TotEng 
       0          1.7   0.11758497    2.5234695 
    1000    1.7466841   0.11447962    2.1804772 
    2000    1.6476159    0.1137312    2.0522449 
    3000    1.7487043   0.12678793    2.1909471 
    4000    1.6718051   0.11489384    2.0369987 
    5000    1.7306408   0.12310298    2.1735646 
    6000    1.5957513   0.11557725    1.9486531 
    7000    1.7220646   0.12656961    2.1368162 
    8000    1.6928213   0.11335301    2.0785386 
    9000    1.6793912   0.12150751     2.075267 
   10000    1.7157253   0.11928222     2.130799 
   11000    1.6758439   0.12300326    2.0604154 
   12000    1.7058674   0.12239072    2.1125649 
   13000    1.6942173   0.11415117     2.108591 
   14000    1.7082185   0.11912571    2.1041485 
   15000    1.6337402   0.10626111    1.9962057 
   16000    1.7256022   0.11766855    2.1702881 
   17000     1.646191   0.12142292    2.0469055 
   18000    1.7487164   0.11863505    2.1920355 
   19000    1.7460953     0.121195    2.1578879 
   20000    1.6942355   0.12257022    2.0749381 
   21000    1.7143608   0.12026488    2.1548467 
   22000    1.6371648   0.11421151    1.9893122 
   23000    1.7405057   0.11234283    2.1523805 
   24000    1.6777707   0.11647534    2.0563797 
   25000    1.7781853   0.12316981    2.2007012 
   26000    1.6419674   0.12094883    2.0403891 
   27000    1.7188298   0.12313674    2.1419286 
   28000     1.660955    0.1133584    2.0398565 
   29000    1.7308803   0.11135179    2.1389035 
   30000    1.6699519   0.11867083    2.0740138 
   31000    1.7033668   0.11875446    2.1250372 
   32000    1.7186519   0.11203884    2.1425176 
   33000    1.7125318   0.12221174    2.0981183 
   34000    1.6933715   0.12136099    2.0872397 
   35000    1.7052588   0.11151498    2.0977081 
   36000    1.6986027   0.11596242    2.1179866 
   37000    1.6886089   0.12736121    2.0810177 
   38000    1.7223383   0.11716628    2.1211941 
   39000    1.6630094   0.11874573    2.0262572 
   40000    1.7023144   0.11944504     2.114805 
   41000    1.6651777   0.12065947    2.0852781 
   42000    1.7551578   0.12654695    2.1797283 
   43000    1.7181789    0.1200004     2.094059 
   44000    1.7177131   0.12257969    2.1085927 
   45000    1.6678516    0.1207919    2.0726867 
   46000    1.7051941    0.1159784     2.107354 
   47000    1.7102949   0.11865032    2.1127466 
   48000    1.6796412   0.11873623    2.0825726 
   49000    1.7046508   0.12004812    2.1302704 
   50000    1.6152444   0.10941428    1.9674378 
Loop time of 6.17849 on 1 procs for 50000 steps with 1331 atoms

Performance: 2796799.275 tau/day, 8092.590 timesteps/s
99.7% CPU use with 1 MPI tasks x no OpenMP threads

MPI task timing breakdown:
Section |  min time  |  avg time  |  max time  |%varavg| %total
---------------------------------------------------------------
Pair    | 3.5094     | 3.5094     | 3.5094     |   0.0 | 56.80
Neigh   | 1.4115     | 1.4115     | 1.4115     |   0.0 | 22.85
Comm    | 0.30789    | 0.30789    | 0.30789    |   0.0 |  4.98
Output  | 0.023718   | 0.023718   | 0.023718   |   0.0 |  0.38
Modify  | 0.84138    | 0.84138    | 0.84138    |   0.0 | 13.62
Other   |            | 0.08455    |            |       |  1.37

Nlocal:    1331 ave 1331 max 1331 min
Histogram: 1 0 0 0 0 0 0 0 0 0
Nghost:    1070 ave 1070 max 1070 min
Histogram: 1 0 0 0 0 0 0 0 0 0
Neighs:    4733 ave 4733 max 4733 min
Histogram: 1 0 0 0 0 0 0 0 0 0

Total # of neighbors = 4733
Ave neighs/atom = 3.55597
Neighbor list builds = 2500
Dangerous builds not checked

write_restart NVT/sim1/T_1.70__v_13.82/end1.restart
Total wall time: 0:00:06
