run 50000
Neighbor list info ...
  update every 20 steps, delay 0 steps, check no
  max neighbors/atom: 2000, page size: 100000
  master list distance cutoff = 2.8
  ghost atom cutoff = 2.8
  binsize = 1.4, bins = 16 16 16
  1 neighbor lists, perpetual/occasional/extra = 1 0 0
  (1) pair lj/cut, perpetual
      attributes: half, newton on
      pair build: half/bin/atomonly/newton
      stencil: half/bin/3d/newton
      bin: standard
Per MPI rank memory allocation (min/avg/max) = 2.7 | 2.7 | 2.7 Mbytes
Step Temp Press Volume Density PotEng KinEng TotEng 
       0          1.6   0.15443958        10648        0.125  -0.13561964    2.3981968    2.2625772 
    1000    2.1932297    0.4211636    6586.2853    0.2020866   -1.0877885    3.2873728    2.1995843 
    2000    1.9135272   0.50545518    4813.7122   0.27650178   -1.5079654    2.8681342    1.3601689 
    3000    1.7008544   0.70484783    3755.0472   0.35445626   -1.8857154    2.5493648   0.66364933 
    4000    1.6798343   0.65601913    3082.7635   0.43175547   -2.3804897    2.5178584   0.13736872 
    5000    1.6286105   0.78834016     2659.155   0.50053495   -2.7283252    2.4410803  -0.28724484 
    6000    1.6346902    0.9628882    2397.2363    0.5552227   -3.0618046     2.450193  -0.61161163 
    7000    1.5581491     1.194325    2264.1419   0.58786069   -3.2105509    2.3354677  -0.87508317 
    8000    1.5646347    1.3219072    2215.8953   0.60066014   -3.2782107    2.3451888  -0.93302192 
    9000    1.5867061    1.3268022    2243.7727   0.59319735   -3.2148907     2.378271   -0.8366197 
   10000    1.6095849     1.338122    2277.8707   0.58431762   -3.1956683    2.4125635  -0.78310484 
   11000    1.5864684     1.371234    2246.1355   0.59257333   -3.1986081    2.3779146  -0.82069343 
   12000    1.6088864    1.1895499    2227.4341   0.59754856   -3.3104428    2.4115165  -0.89892633 
   13000    1.6146013    1.1414063    2261.3004   0.58859938   -3.2543807    2.4200823  -0.83429838 
   14000    1.5964465    1.2236888    2290.2998   0.58114661   -3.1777326    2.3928705  -0.78486201 
   15000    1.6233373    1.1227259    2246.0171   0.59260458   -3.2922674    2.4331764  -0.85909099 
   16000    1.6132616    1.2942553    2202.1491   0.60440958   -3.3117554    2.4180743  -0.89368108 
   17000     1.631432    1.5058241    2219.5293    0.5996767   -3.2667767    2.4453095  -0.82146719 
   18000    1.6312356    1.3943428     2249.434   0.59170439   -3.2166695     2.445015   -0.7716545 
   19000    1.5369323    1.2710783    2259.0886   0.58917565   -3.2067738    2.3036664  -0.90310741 
   20000    1.5303176    1.2222757    2241.9853   0.59367026   -3.2429302    2.2937517  -0.94917847 
   21000    1.6428555    1.3677519     2227.912   0.59742036   -3.2642846    2.4624317  -0.80185281 
   22000    1.6526904    1.4639282    2247.7871   0.59213793   -3.1895454    2.4771731  -0.71237235 
   23000    1.6096725     1.233388    2244.2594   0.59306869   -3.2595993    2.4126947  -0.84690459 
   24000    1.5747691    1.2284291    2245.5934   0.59271639   -3.2880854     2.360379   -0.9277064 
   25000    1.5793304    1.5414782    2236.9282    0.5950124   -3.1960464    2.3672157  -0.82883077 
   26000    1.6838269      1.40913    2253.0747   0.59074829   -3.2014602    2.5238428  -0.67761744 
   27000    1.6310119    1.3055383    2253.4293   0.59065531   -3.2427935    2.4446797  -0.79811378 
   28000    1.5471394    1.3407201    2251.8589   0.59106722   -3.2184424    2.3189655  -0.89947691 
   29000    1.6223164    1.3313869    2227.7418     0.597466    -3.262547    2.4316463  -0.83090076 
   30000    1.6411571    1.3564118    2229.6336   0.59695906   -3.2552116    2.4598861   -0.7953255 
   31000    1.5603188    1.2349773         2221    0.5992796   -3.2993079    2.3387198  -0.96058802 
   32000     1.515344    1.1889347    2223.8468   0.59851246   -3.2858165    2.2713082   -1.0145083 
   33000    1.5564791    1.3557867    2264.5669   0.58775035   -3.1774169    2.3329645   -0.8444524 
   34000    1.6099277    1.4600071    2257.3956   0.58961753   -3.1740323    2.4130772  -0.76095508 
   35000    1.6508169    1.3427015    2186.6372   0.60869724   -3.3338063    2.4743649  -0.85944137 
   36000    1.5707509    1.2811368    2236.0457   0.59524722   -3.2639832    2.3543562  -0.90962703 
   37000     1.591201     1.220218    2272.6447   0.58566129   -3.2133159    2.3850082  -0.82830771 
   38000    1.6617298    1.1814853    2293.4229   0.58035525   -3.1723053     2.490722  -0.68158329 
   39000    1.6426722    1.2631305    2227.5604   0.59751467   -3.2704412     2.462157  -0.80828419 
   40000    1.5223604    1.3589769    2235.8798    0.5952914   -3.2041562    2.2818249  -0.92233126 
   41000    1.6195514    1.0764078    2264.7017   0.58771538   -3.2623771    2.4275019   -0.8348752 
   42000    1.6227275    1.3211463    2296.0062   0.57970227   -3.1514534    2.4322624  -0.71919093 
   43000    1.6337405    1.2910965    2225.4857   0.59807168   -3.2639373    2.4487696  -0.81516769 
   44000    1.5673566    1.3083992    2242.0426    0.5936551   -3.2465583    2.3492686  -0.89728973 
   45000    1.5951576    1.3377321    2257.7721    0.5895192   -3.1978736    2.3909387  -0.80693486 
   46000    1.6027513    1.3165778    2316.2532   0.57463492   -3.0947707    2.4023206  -0.69245001 
   47000    1.6135939    1.3780797    2239.0984   0.59443568   -3.2389866    2.4185723  -0.82041429 
   48000    1.5790106    1.1563106    2233.3475   0.59596638   -3.2821985    2.3667364  -0.91546203 
   49000    1.5869737    1.3832842    2239.7601   0.59426006   -3.2461815    2.3786721  -0.86750948 
   50000    1.6730709    1.2113528     2269.043   0.58659092   -3.2116161    2.5077208  -0.70389526 
Loop time of 33.6318 on 1 procs for 50000 steps with 1331 atoms

Performance: 513798.916 tau/day, 1486.687 timesteps/s
99.6% CPU use with 1 MPI tasks x no OpenMP threads

MPI task timing breakdown:
Section |  min time  |  avg time  |  max time  |%varavg| %total
---------------------------------------------------------------
Pair    | 25.908     | 25.908     | 25.908     |   0.0 | 77.03
Neigh   | 4.3897     | 4.3897     | 4.3897     |   0.0 | 13.05
Comm    | 0.77345    | 0.77345    | 0.77345    |   0.0 |  2.30
Output  | 0.02828    | 0.02828    | 0.02828    |   0.0 |  0.08
Modify  | 2.3738     | 2.3738     | 2.3738     |   0.0 |  7.06
Other   |            | 0.1588     |            |       |  0.47

Nlocal:    1331 ave 1331 max 1331 min
Histogram: 1 0 0 0 0 0 0 0 0 0
Nghost:    2556 ave 2556 max 2556 min
Histogram: 1 0 0 0 0 0 0 0 0 0
Neighs:    35343 ave 35343 max 35343 min
Histogram: 1 0 0 0 0 0 0 0 0 0

Total # of neighbors = 35343
Ave neighs/atom = 26.5537
Neighbor list builds = 2500
Dangerous builds not checked

write_restart lattice_11_11_11__2_2_2/sim1/T_1.60__P_1.30/end1.restart
Total wall time: 0:00:33
