run 50000
Neighbor list info ...
  update every 20 steps, delay 0 steps, check no
  max neighbors/atom: 2000, page size: 100000
  master list distance cutoff = 2.8
  ghost atom cutoff = 2.8
  binsize = 1.4, bins = 16 16 16
  1 neighbor lists, perpetual/occasional/extra = 1 0 0
  (1) pair lj/cut, perpetual
      attributes: half, newton on
      pair build: half/bin/atomonly/newton
      stencil: half/bin/3d/newton
      bin: standard
Per MPI rank memory allocation (min/avg/max) = 2.7 | 2.7 | 2.7 Mbytes
Step Temp Press Volume Density PotEng KinEng TotEng 
       0          1.8    0.1794208        10648        0.125  -0.13561964    2.6979715    2.5623518 
    1000    2.4941749   0.54295658    6265.1539    0.2124449   -1.0913623    3.7384515    2.6470891 
    2000    2.2128232   0.61016542    4488.9606   0.29650517   -1.5903547     3.316741    1.7263862 
    3000    1.9768011   0.80523987    3470.1771   0.38355391   -2.0173455    2.9629738   0.94562829 
    4000    1.8985919    1.0512547    2847.1636   0.46748279   -2.4904929    2.8457481   0.35525525 
    5000    1.8729124    1.2262205    2476.7866   0.53738986   -2.9216317    2.8072579  -0.11437374 
    6000    1.7737673    1.6628126    2275.1863   0.58500705   -3.1047464     2.658652  -0.44609446 
    7000    1.7886992    1.7745721    2190.0755   0.60774159   -3.2594082     2.681033   -0.5783752 
    8000    1.7738672    2.0228964    2189.0986    0.6080128   -3.1954771    2.6588016  -0.53667546 
    9000    1.8183781     1.903505    2201.3063   0.60464098   -3.1876368     2.725518  -0.46211882 
   10000    1.7987347    1.7784149    2196.9332   0.60584456   -3.2566428    2.6960749  -0.56056794 
   11000    1.7665733    1.7848324     2199.535   0.60512789   -3.2037414    2.6478691  -0.55587231 
   12000    1.8303492    1.7527896    2208.2147   0.60274936    -3.240345     2.743461  -0.49688402 
   13000    1.8446839    1.8626484    2201.3731   0.60462262   -3.2329686    2.7649469  -0.46802177 
   14000    1.8070848    1.9392123    2202.1503   0.60440923   -3.1909817    2.7085907  -0.48239101 
   15000     1.825538     1.618397    2195.4137   0.60626386   -3.2837975    2.7362497  -0.54754777 
   16000    1.7896198    1.7839194    2174.3096   0.61214833   -3.2653468    2.6824128  -0.58293396 
   17000    1.7878972    1.7316111    2212.1215   0.60168485   -3.2134724    2.6798309  -0.53364152 
   18000    1.7430844    1.6566567    2241.9143   0.59368906   -3.1528216    2.6126622  -0.54015932 
   19000    1.7498152    1.9725138    2181.6773   0.61008105   -3.2036738    2.6227509   -0.5809229 
   20000    1.8239021     2.083876    2167.1092   0.61418224   -3.2131846    2.7337976  -0.47938698 
   21000    1.8416178    1.9189415    2203.7127   0.60398072   -3.1710377    2.7603512  -0.41068644 
   22000    1.7492472    1.7163826    2206.1735   0.60330702   -3.2127827    2.6218994  -0.59088331 
   23000    1.7724501    1.8594299    2190.8061   0.60753893   -3.2415873    2.6566777  -0.58490967 
   24000    1.8270014    1.8017413    2227.0656   0.59764742   -3.1402529    2.7384431   -0.4018098 
   25000      1.80466    1.9104419    2204.6852   0.60371431   -3.1678919    2.7049561  -0.46293577 
   26000    1.7662299    1.9467389    2170.7198   0.61316068   -3.2293472    2.6473544  -0.58199272 
   27000    1.8227973     1.915524    2176.7638   0.61145816   -3.2485508    2.7321416  -0.51640918 
   28000    1.7849866    1.8370464    2200.2847   0.60492171   -3.1863942    2.6754682  -0.51092598 
   29000    1.7275353    1.7628801    2231.3756   0.59649304   -3.1680735    2.5893561  -0.57871734 
   30000    1.7700522    1.7440655    2234.4847   0.59566306   -3.1619306    2.6530834  -0.50884715 
   31000    1.8173083    1.7932196    2154.6239   0.61774122    -3.312699    2.7239144  -0.58878467 
   32000    1.7836824    2.1338911    2151.1241   0.61874627   -3.2510392    2.6735134   -0.5775258 
   33000    1.7721718    1.8857744    2214.3288   0.60108507   -3.1581437    2.6562605  -0.50188318 
   34000    1.7866373    1.6381388    2217.0918   0.60033598   -3.2164716    2.6779425  -0.53852916 
   35000    1.7328658    1.7757912    2186.5516   0.60872105   -3.2342139    2.5973458  -0.63686809 
   36000    1.7831048    1.8024205    2150.8464   0.61882616   -3.3200307    2.6726477    -0.647383 
   37000    1.8350965    1.7945055    2200.8933   0.60475444   -3.2248576    2.7505767   -0.4742809 
   38000    1.8007644    1.8314976    2214.4365   0.60105584   -3.1828479    2.6991171  -0.48373082 
   39000     1.768144    1.8184093    2207.4045   0.60297058    -3.218969    2.6502233   -0.5687457 
   40000    1.7367263    1.8018952    2159.0227   0.61648263   -3.2738935    2.6031323  -0.67076126 
   41000    1.8498295    1.7850291    2172.2711    0.6127228   -3.2938985    2.7726596  -0.52123897 
   42000    1.9045368    1.8512855    2192.9711   0.60693913   -3.2383724    2.8546588  -0.38371361 
   43000    1.8158878    1.7567889    2207.0311   0.60307261   -3.2342252    2.7217852  -0.51243994 
   44000    1.6854105    1.9183954    2204.9445    0.6036433   -3.1641502    2.5262163  -0.63793388 
   45000    1.7596609    1.8500499    2127.8608   0.62551085   -3.3408688    2.6375083  -0.70336046 
   46000    1.7700263    1.8120415    2205.8189   0.60340402   -3.1920794    2.6530447  -0.53903472 
   47000    1.7904751    1.7889991    2218.0114    0.6000871   -3.1906659    2.6836949    -0.506971 
   48000     1.803614    1.9054573    2191.8831   0.60724041   -3.2111921    2.7033883  -0.50780379 
   49000    1.8196372    2.0208747    2143.8677   0.62084055   -3.2782078    2.7274052  -0.55080268 
   50000    1.7905713    1.8836454    2151.2336   0.61871476   -3.2793921     2.683839  -0.59555305 
Loop time of 35.8439 on 1 procs for 50000 steps with 1331 atoms

Performance: 482090.381 tau/day, 1394.937 timesteps/s
99.9% CPU use with 1 MPI tasks x no OpenMP threads

MPI task timing breakdown:
Section |  min time  |  avg time  |  max time  |%varavg| %total
---------------------------------------------------------------
Pair    | 27.775     | 27.775     | 27.775     |   0.0 | 77.49
Neigh   | 4.5637     | 4.5637     | 4.5637     |   0.0 | 12.73
Comm    | 0.81396    | 0.81396    | 0.81396    |   0.0 |  2.27
Output  | 0.026823   | 0.026823   | 0.026823   |   0.0 |  0.07
Modify  | 2.4964     | 2.4964     | 2.4964     |   0.0 |  6.96
Other   |            | 0.1676     |            |       |  0.47

Nlocal:    1331 ave 1331 max 1331 min
Histogram: 1 0 0 0 0 0 0 0 0 0
Nghost:    2624 ave 2624 max 2624 min
Histogram: 1 0 0 0 0 0 0 0 0 0
Neighs:    37160 ave 37160 max 37160 min
Histogram: 1 0 0 0 0 0 0 0 0 0

Total # of neighbors = 37160
Ave neighs/atom = 27.9189
Neighbor list builds = 2500
Dangerous builds not checked

write_restart lattice_11_11_11__2_2_2/sim1/T_1.80__P_1.80/end1.restart
Total wall time: 0:00:35
