run 50000
Neighbor list info ...
  update every 20 steps, delay 0 steps, check no
  max neighbors/atom: 2000, page size: 100000
  master list distance cutoff = 2.8
  ghost atom cutoff = 2.8
  binsize = 1.4, bins = 8 8 8
  1 neighbor lists, perpetual/occasional/extra = 1 0 0
  (1) pair lj/cut, perpetual
      attributes: half, newton on
      pair build: half/bin/atomonly/newton
      stencil: half/bin/3d/newton
      bin: standard
Per MPI rank memory allocation (min/avg/max) = 2.797 | 2.797 | 2.797 Mbytes
Step Temp Press TotEng 
       0          1.7    106.47943    15.664976 
    1000    3.7078792    26.441995    3.2962705 
    2000    1.9226286    16.561591   -1.0168251 
    3000    1.4905335    13.228499   -2.2475918 
    4000    1.7208767    14.258445    -1.747335 
    5000    1.7876806    14.821726    -1.548593 
    6000    1.5768145    13.459218   -2.0932973 
    7000    1.7167823    14.364265   -1.7357069 
    8000    1.7751832    14.616482   -1.6059553 
    9000    1.6051699    13.684953   -2.0119727 
   10000    1.7185722    14.226327   -1.7500873 
   11000    1.7664459    14.466989   -1.6636347 
   12000    1.6524003    13.598466   -1.9655755 
   13000    1.7218275    14.362356   -1.7355041 
   14000    1.7374542    14.389386   -1.7016631 
   15000    1.6092868    13.970533   -1.9607109 
   16000    1.7007168    14.623544   -1.7044357 
   17000     1.735457    14.325534   -1.7112511 
   18000    1.6356921    13.783275   -1.9561679 
   19000    1.7152144    14.500259    -1.713635 
   20000    1.7450493    14.246383   -1.7199986 
   21000    1.6922411    13.462527   -1.9290851 
   22000    1.7749861    14.065084   -1.7261803 
   23000    1.7271188     14.29969   -1.7298007 
   24000    1.6834162    13.747437   -1.9031184 
   25000    1.7088289    14.508754   -1.7202957 
   26000    1.6871527    14.320387   -1.7724254 
   27000    1.6398507     14.07299   -1.9031012 
   28000    1.6807429    14.775181   -1.7036122 
   29000    1.7253692    14.223216   -1.7530428 
   30000    1.6881312    13.671378   -1.9058858 
   31000    1.7664985    14.185294   -1.7003694 
   32000    1.6912754    14.287072   -1.7856615 
   33000    1.6667291    13.927762   -1.8834453 
   34000    1.7713014    14.223235    -1.695591 
   35000    1.6738449    14.238445   -1.8062317 
   36000    1.6900479    13.926734   -1.8536815 
   37000     1.775073    14.128787   -1.7079773 
   38000    1.7226741    13.819643   -1.8267881 
   39000    1.6373464    14.243176   -1.8589354 
   40000    1.7556104    14.217462   -1.7153302 
   41000    1.6857105    14.270837   -1.7900793 
   42000    1.6606663    14.092498   -1.8544915 
   43000    1.7550619    14.149438   -1.7290776 
   44000    1.7086839    14.100433   -1.7936531 
   45000    1.7037001    13.890818    -1.843944 
   46000    1.7108771    14.318656   -1.7399931 
   47000    1.6914976    14.082733    -1.816941 
   48000    1.6742411    14.238965   -1.8080287 
   49000    1.7823394     13.88232   -1.7439747 
   50000     1.735044    13.665988   -1.8409349 
Loop time of 43.46 on 1 procs for 50000 steps with 1331 atoms

Performance: 397606.850 tau/day, 1150.483 timesteps/s
99.9% CPU use with 1 MPI tasks x no OpenMP threads

MPI task timing breakdown:
Section |  min time  |  avg time  |  max time  |%varavg| %total
---------------------------------------------------------------
Pair    | 36.302     | 36.302     | 36.302     |   0.0 | 83.53
Neigh   | 5.2541     | 5.2541     | 5.2541     |   0.0 | 12.09
Comm    | 0.78109    | 0.78109    | 0.78109    |   0.0 |  1.80
Output  | 0.026875   | 0.026875   | 0.026875   |   0.0 |  0.06
Modify  | 0.86284    | 0.86284    | 0.86284    |   0.0 |  1.99
Other   |            | 0.2333     |            |       |  0.54

Nlocal:    1331 ave 1331 max 1331 min
Histogram: 1 0 0 0 0 0 0 0 0 0
Nghost:    3256 ave 3256 max 3256 min
Histogram: 1 0 0 0 0 0 0 0 0 0
Neighs:    60000 ave 60000 max 60000 min
Histogram: 1 0 0 0 0 0 0 0 0 0

Total # of neighbors = 60000
Ave neighs/atom = 45.0789
Neighbor list builds = 2500
Dangerous builds not checked

write_restart NVT/sim1/T_1.70__v_0.73/end1.restart
Total wall time: 0:00:43
