run 50000
Neighbor list info ...
  update every 20 steps, delay 0 steps, check no
  max neighbors/atom: 2000, page size: 100000
  master list distance cutoff = 2.8
  ghost atom cutoff = 2.8
  binsize = 1.4, bins = 9 9 9
  1 neighbor lists, perpetual/occasional/extra = 1 0 0
  (1) pair lj/cut, perpetual
      attributes: half, newton on
      pair build: half/bin/atomonly/newton
      stencil: half/bin/3d/newton
      bin: standard
Per MPI rank memory allocation (min/avg/max) = 2.73 | 2.73 | 2.73 Mbytes
Step Temp Press TotEng 
       0          0.5    12.700477   -1.9696346 
    1000    0.8201576   0.63277058   -3.4193923 
    2000   0.53346452  -0.93219179    -4.142665 
    3000     0.452951   -1.1773165   -4.3627417 
    4000   0.52077669  -0.81302077   -4.2795596 
    5000   0.51607247  -0.74635527   -4.3668638 
    6000   0.48777221  -0.65602316   -4.5219028 
    7000   0.50689288  -0.71595244    -4.553748 
    8000   0.50341591  -0.58586854   -4.5397508 
    9000   0.51394949  -0.44071806   -4.5239591 
   10000   0.48622196   -0.6681605   -4.5185161 
   11000   0.48886385  -0.64295162   -4.4874227 
   12000   0.49764044  -0.42776436   -4.5223922 
   13000   0.48788846  -0.36778235   -4.5787979 
   14000     0.492743  -0.45765215   -4.5693718 
   15000   0.49172436  -0.60588645   -4.5250104 
   16000   0.49384193  -0.52581469   -4.5224081 
   17000   0.51635301  -0.50842128   -4.5226905 
   18000   0.50625102  -0.46805493   -4.5206954 
   19000   0.50435546  -0.47426911   -4.5347396 
   20000   0.50390343  -0.55954466   -4.5879425 
   21000   0.49522516  -0.52925949   -4.5505177 
   22000   0.49655307  -0.54845788   -4.5132261 
   23000    0.4883983  -0.51041733    -4.556189 
   24000    0.4964577  -0.58759646   -4.5769153 
   25000   0.52321095  -0.56822267   -4.5043818 
   26000    0.4957933  -0.67823861   -4.5185912 
   27000   0.50163347  -0.68450282   -4.5220072 
   28000   0.49526328  -0.62135383    -4.511212 
   29000   0.51147793  -0.49145683   -4.5093252 
   30000   0.51393971  -0.69807141   -4.5328243 
   31000   0.49997645  -0.59058495   -4.5141059 
   32000   0.51564421  -0.62946716   -4.5162637 
   33000   0.49583764  -0.70631228   -4.5397826 
   34000   0.50917433  -0.53050523    -4.513734 
   35000     0.493993  -0.68371996   -4.4882205 
   36000   0.50685778  -0.68450805   -4.4675312 
   37000    0.4968557  -0.71948973   -4.5067197 
   38000   0.51425924  -0.59608987   -4.4590212 
   39000    0.5092002  -0.73916774   -4.4896766 
   40000    0.5043393  -0.58876069   -4.5006032 
   41000   0.48751253  -0.60377593    -4.556496 
   42000   0.50480866   -0.4895773   -4.5260255 
   43000     0.495852   -0.5629128   -4.5544826 
   44000   0.49614285  -0.43762065   -4.5538808 
   45000   0.51693407  -0.45229401   -4.5501989 
   46000   0.48587166  -0.60642106   -4.5931047 
   47000   0.48222125   -0.5451373   -4.5436224 
   48000   0.50439394  -0.49185814   -4.5201814 
   49000   0.48441728  -0.67454494   -4.5772347 
   50000   0.50910835  -0.51522936   -4.5338574 
Loop time of 34.0779 on 1 procs for 50000 steps with 1331 atoms

Performance: 507073.028 tau/day, 1467.225 timesteps/s
99.9% CPU use with 1 MPI tasks x no OpenMP threads

MPI task timing breakdown:
Section |  min time  |  avg time  |  max time  |%varavg| %total
---------------------------------------------------------------
Pair    | 28.02      | 28.02      | 28.02      |   0.0 | 82.22
Neigh   | 4.3752     | 4.3752     | 4.3752     |   0.0 | 12.84
Comm    | 0.67934    | 0.67934    | 0.67934    |   0.0 |  1.99
Output  | 0.025588   | 0.025588   | 0.025588   |   0.0 |  0.08
Modify  | 0.8441     | 0.8441     | 0.8441     |   0.0 |  2.48
Other   |            | 0.1333     |            |       |  0.39

Nlocal:    1331 ave 1331 max 1331 min
Histogram: 1 0 0 0 0 0 0 0 0 0
Nghost:    2945 ave 2945 max 2945 min
Histogram: 1 0 0 0 0 0 0 0 0 0
Neighs:    47455 ave 47455 max 47455 min
Histogram: 1 0 0 0 0 0 0 0 0 0

Total # of neighbors = 47455
Ave neighs/atom = 35.6536
Neighbor list builds = 2500
Dangerous builds not checked

write_restart NVT/sim1/T_0.50__v_1.00/end1.restart
Total wall time: 0:00:34
