run 50000
Neighbor list info ...
  update every 20 steps, delay 0 steps, check no
  max neighbors/atom: 2000, page size: 100000
  master list distance cutoff = 2.8
  ghost atom cutoff = 2.8
  binsize = 1.4, bins = 13 13 13
  1 neighbor lists, perpetual/occasional/extra = 1 0 0
  (1) pair lj/cut, perpetual
      attributes: half, newton on
      pair build: half/bin/atomonly/newton
      stencil: half/bin/3d/newton
      bin: standard
Per MPI rank memory allocation (min/avg/max) = 2.742 | 2.742 | 2.742 Mbytes
Step Temp Press TotEng 
       0          1.1 -0.084544407    1.0036874 
    1000    1.2396589   0.19223379   0.43914998 
    2000    1.0533992  0.071950224    0.0700982 
    3000     1.108545   0.12970248    0.1100819 
    4000    1.1327421   0.10566841   0.14269654 
    5000    1.0989167   0.11163326  0.012928193 
    6000    1.0926843  0.088798767  0.039778683 
    7000    1.1378341   0.10292915   0.10173085 
    8000    1.0895964   0.15278912 -0.032079049 
    9000    1.0758964   0.11804627    -0.018372 
   10000    1.1006472   0.11293576  0.049900189 
   11000    1.0661221  0.088155304 -0.037115007 
   12000    1.1198001   0.12873003 0.0010432905 
   13000    1.1086408   0.12604392  0.025966008 
   14000    1.0763789  0.087045477 -0.0054376837 
   15000    1.1227419   0.10221805   0.04870214 
   16000    1.0782679    0.0789103 -0.028760407 
   17000    1.1075598  0.080933612 -0.046046698 
   18000    1.1379726    0.1247136  0.062518199 
   19000    1.0789402    0.1022366 -0.023678104 
   20000    1.1188037    0.1062409  0.083189666 
   21000    1.1012856  0.085962849  0.018522666 
   22000    1.0958819    0.1180454  0.039267965 
   23000    1.0939788   0.12593047   0.08146254 
   24000    1.0908665   0.10277265    0.0267558 
   25000    1.1258751   0.10156812    0.1105544 
   26000    1.1032109   0.12252639  0.045329544 
   27000    1.1175938   0.11962542  0.076757475 
   28000    1.0615551     0.101465 -0.016059412 
   29000    1.1277577   0.11815834  0.082321299 
   30000    1.1172835   0.11164243  0.016644218 
   31000    1.0863743  0.085399191 0.0039906073 
   32000    1.0960545   0.12962285  0.090155086 
   33000     1.107657   0.06614972  0.030582699 
   34000    1.0567581  0.096662414 -0.029522522 
   35000    1.1071094   0.12406301  0.033390153 
   36000    1.0857012  0.091709175 -0.010716877 
   37000     1.115219   0.12288442  -0.04484018 
   38000     1.123029   0.12638735  0.080120669 
   39000     1.078889   0.11360749  0.026565564 
   40000     1.068217  0.092723995 -0.024336275 
   41000    1.1679972   0.11796202   0.11391517 
   42000    1.0940729  0.069152962 -0.027947041 
   43000    1.0955149   0.12537256 0.0032925617 
   44000    1.1203386   0.13135029  0.079644003 
   45000    1.0779655   0.11883686 -0.014974786 
   46000    1.0973054   0.12261898 -0.012929579 
   47000    1.1448678   0.11283631  0.048114004 
   48000     1.070256   0.11803184 0.0072159079 
   49000    1.1051823  0.084392381    0.0369183 
   50000    1.1162574   0.16804587  0.014127237 
Loop time of 14.0099 on 1 procs for 50000 steps with 1331 atoms

Performance: 1233414.206 tau/day, 3568.907 timesteps/s
99.9% CPU use with 1 MPI tasks x no OpenMP threads

MPI task timing breakdown:
Section |  min time  |  avg time  |  max time  |%varavg| %total
---------------------------------------------------------------
Pair    | 9.8124     | 9.8124     | 9.8124     |   0.0 | 70.04
Neigh   | 2.772      | 2.772      | 2.772      |   0.0 | 19.79
Comm    | 0.45274    | 0.45274    | 0.45274    |   0.0 |  3.23
Output  | 0.02355    | 0.02355    | 0.02355    |   0.0 |  0.17
Modify  | 0.84848    | 0.84848    | 0.84848    |   0.0 |  6.06
Other   |            | 0.1008     |            |       |  0.72

Nlocal:    1331 ave 1331 max 1331 min
Histogram: 1 0 0 0 0 0 0 0 0 0
Nghost:    1864 ave 1864 max 1864 min
Histogram: 1 0 0 0 0 0 0 0 0 0
Neighs:    16061 ave 16061 max 16061 min
Histogram: 1 0 0 0 0 0 0 0 0 0

Total # of neighbors = 16061
Ave neighs/atom = 12.0669
Neighbor list builds = 2500
Dangerous builds not checked

write_restart NVT/sim1/T_1.10__v_4.10/end1.restart
Total wall time: 0:00:14
