run 50000
Neighbor list info ...
  update every 20 steps, delay 0 steps, check no
  max neighbors/atom: 2000, page size: 100000
  master list distance cutoff = 2.8
  ghost atom cutoff = 2.8
  binsize = 1.4, bins = 16 16 16
  1 neighbor lists, perpetual/occasional/extra = 1 0 0
  (1) pair lj/cut, perpetual
      attributes: half, newton on
      pair build: half/bin/atomonly/newton
      stencil: half/bin/3d/newton
      bin: standard
Per MPI rank memory allocation (min/avg/max) = 2.7 | 2.7 | 2.7 Mbytes
Step Temp Press Volume Density PotEng KinEng TotEng 
       0          0.7  0.042024104        10648        0.125  -0.13561964    1.0492111   0.91359148 
    1000    1.3647811   0.23122602    4864.6842    0.2736046   -1.5965461    2.0456335   0.44908748 
    2000    1.1690981   0.15849266    3013.1443   0.44173125   -2.6455067    1.7523296  -0.89317709 
    3000    1.0102068   0.49243198    2091.2932   0.63644829   -3.6715513    1.5141718   -2.1573795 
    4000   0.95672971    1.3178399    1695.4184   0.78505695    -4.645522    1.4340163   -3.2115057 
    5000   0.77794345     1.615021    1557.3657   0.85464834   -5.1573255    1.1660385   -3.9912871 
    6000   0.69131933    1.6502112     1495.999   0.88970646   -5.4528351    1.0361999   -4.4166352 
    7000   0.68157823    1.6186045    1480.3291   0.89912436   -5.5435798    1.0215992   -4.5219806 
    8000   0.68324313    1.8128361    1495.0696   0.89025958   -5.4131304    1.0240947   -4.3890357 
    9000   0.69961157     1.701314    1514.4143   0.87888766   -5.3394093    1.0486289   -4.2907804 
   10000    0.6839756    1.7455842    1499.1189   0.88785488   -5.4181292    1.0251926   -4.3929366 
   11000   0.67884642    1.6254727    1489.9919   0.89329346   -5.4772943    1.0175046   -4.4597897 
   12000   0.71352512    1.5788525    1497.7856   0.88864521   -5.4506739    1.0694835   -4.3811904 
   13000   0.69567615    1.7480802    1506.5471   0.88347716   -5.3727671    1.0427302   -4.3300368 
   14000   0.70180088    1.6357364    1494.3838   0.89066814   -5.4660773    1.0519104   -4.4141669 
   15000   0.68939872    1.6240436    1492.4452   0.89182507    -5.469947    1.0333211   -4.4366258 
   16000   0.71319822    1.4349118    1510.6721    0.8810648   -5.4127844    1.0689936   -4.3437908 
   17000   0.71726223    1.7640477    1501.2063   0.88662033   -5.4023675     1.075085   -4.3272825 
   18000   0.68830333    1.8550094    1490.5691   0.89294754   -5.4364045    1.0316793   -4.4047252 
   19000   0.70586427    1.6609739     1491.773   0.89222692   -5.4701108    1.0580009   -4.4121099 
   20000   0.70131545    1.4006263    1508.0515   0.88259584   -5.4293597    1.0511828   -4.3781768 
   21000   0.69066588    1.7166088    1500.3735   0.88711244   -5.4084749    1.0352205   -4.3732545 
   22000   0.70763576    2.0459598    1484.3995    0.8966589     -5.44807    1.0606562   -4.3874139 
   23000   0.68760294    1.6327935    1496.3481   0.88949892   -5.4495921    1.0306295   -4.4189626 
   24000   0.70155324    1.6362731    1501.0999   0.88668316   -5.4209601    1.0515392   -4.3694209 
   25000   0.71751709    1.8386788    1495.1049   0.89023852   -5.4236297     1.075467   -4.3481627 
   26000   0.69991112    1.5530041    1499.6673   0.88753019   -5.4472574    1.0490779   -4.3981795 
   27000   0.66438434    1.5234388    1497.3159   0.88892398   -5.4605787   0.99582776    -4.464751 
   28000   0.67264784    1.6907538    1495.1323    0.8902222   -5.4401607    1.0082137   -4.4319469 
   29000   0.70234337    1.8906596    1494.3454   0.89069102   -5.4087585    1.0527235    -4.356035 
   30000   0.69740704    1.7381954    1500.9615   0.88676491   -5.4089385    1.0453246   -4.3636139 
   31000   0.69620051    1.6623919    1496.1341   0.88962615   -5.4433986    1.0435162   -4.3998825 
   32000   0.70107151    1.6764494    1493.2416   0.89134941   -5.4655685    1.0508172   -4.4147514 
   33000    0.7324626    1.5812607    1498.4531   0.88824938   -5.4509846    1.0978684   -4.3531162 
   34000   0.70050855    1.4150247    1505.8481   0.88388727   -5.4345428    1.0499734   -4.3845694 
   35000   0.67620346    1.7707686    1487.6751   0.89468459    -5.464402    1.0135431   -4.4508589 
   36000   0.72919474    1.7640512    1483.0012   0.89750433   -5.5073393    1.0929703    -4.414369 
   37000   0.73367657     1.667909    1498.4109   0.88827435   -5.4433514     1.099688   -4.3436634 
   38000   0.69603491    1.7465139    1498.3967   0.88828282   -5.4189315     1.043268   -4.3756635 
   39000   0.67875122    1.6398709    1491.7256   0.89225523   -5.4732434    1.0173619   -4.4558815 
   40000   0.68295709    1.8432246     1487.245   0.89494332   -5.4446923     1.023666   -4.4210264 
   41000   0.70910222    1.6637505    1503.9832   0.88498327   -5.4058332    1.0628542   -4.3429791 
   42000   0.68679061    1.3719053    1516.4901   0.87768457    -5.390377    1.0294119   -4.3609651 
   43000   0.69421611    1.7281201    1492.2859   0.89192026   -5.4573852    1.0405418   -4.4168434 
   44000   0.69791578    1.8293431     1487.684   0.89467924    -5.469552    1.0460871   -4.4234649 
   45000    0.7111073    1.7705781    1497.6091   0.88874994   -5.4124765    1.0658595   -4.3466169 
   46000   0.69563516    1.7701023     1497.955   0.88854474   -5.4128898    1.0426688    -4.370221 
   47000   0.69776715    1.7606903    1491.0378   0.89266684   -5.4634711    1.0458644   -4.4176067 
   48000   0.70715444    1.9015177     1489.756   0.89343492   -5.4371544    1.0599347   -4.3772197 
   49000   0.69754331    1.7019614    1499.3206   0.88773545   -5.4226802    1.0455288   -4.3771513 
   50000   0.71648821    1.6271069    1488.0562   0.89445546   -5.5006326    1.0739249   -4.4267077 
Loop time of 39.4659 on 1 procs for 50000 steps with 1331 atoms

Performance: 437845.894 tau/day, 1266.915 timesteps/s
99.9% CPU use with 1 MPI tasks x no OpenMP threads

MPI task timing breakdown:
Section |  min time  |  avg time  |  max time  |%varavg| %total
---------------------------------------------------------------
Pair    | 31.884     | 31.884     | 31.884     |   0.0 | 80.79
Neigh   | 4.5695     | 4.5695     | 4.5695     |   0.0 | 11.58
Comm    | 0.72028    | 0.72028    | 0.72028    |   0.0 |  1.83
Output  | 0.024992   | 0.024992   | 0.024992   |   0.0 |  0.06
Modify  | 2.0488     | 2.0488     | 2.0488     |   0.0 |  5.19
Other   |            | 0.218      |            |       |  0.55

Nlocal:    1331 ave 1331 max 1331 min
Histogram: 1 0 0 0 0 0 0 0 0 0
Nghost:    3046 ave 3046 max 3046 min
Histogram: 1 0 0 0 0 0 0 0 0 0
Neighs:    52958 ave 52958 max 52958 min
Histogram: 1 0 0 0 0 0 0 0 0 0

Total # of neighbors = 52958
Ave neighs/atom = 39.7881
Neighbor list builds = 2500
Dangerous builds not checked

write_restart lattice_11_11_11__2_2_2/sim1/T_0.70__P_1.70/end1.restart
Total wall time: 0:00:39
