run 50000
Neighbor list info ...
  update every 20 steps, delay 0 steps, check no
  max neighbors/atom: 2000, page size: 100000
  master list distance cutoff = 2.8
  ghost atom cutoff = 2.8
  binsize = 1.4, bins = 14 14 14
  1 neighbor lists, perpetual/occasional/extra = 1 0 0
  (1) pair lj/cut, perpetual
      attributes: half, newton on
      pair build: half/bin/atomonly/newton
      stencil: half/bin/3d/newton
      bin: standard
Per MPI rank memory allocation (min/avg/max) = 2.746 | 2.746 | 2.746 Mbytes
Step Temp Press TotEng 
       0          1.5  0.084126811    1.8259755 
    1000    1.6076555   0.25302225    1.2789165 
    2000     1.428431   0.20144038   0.99339421 
    3000    1.5475383    0.2531577    1.1715818 
    4000    1.4847318   0.22630285    1.0330703 
    5000    1.5061348   0.21185817    1.0716789 
    6000    1.5210961   0.22198131     1.134925 
    7000    1.4827062   0.24672146    1.0218266 
    8000    1.5607875   0.19446879    1.1483386 
    9000    1.4875756   0.22468375    1.0534634 
   10000    1.5413871   0.21406788    1.1238352 
   11000    1.4977079   0.21407115    1.1217844 
   12000    1.4767207   0.23945149    1.0683877 
   13000    1.5577965   0.26838791    1.2180644 
   14000    1.4592829    0.2199105    1.0562013 
   15000    1.5185573   0.26574558    1.1495435 
   16000    1.4577867   0.20371651    0.9977684 
   17000     1.505422    0.2054578    1.0796501 
   18000    1.5132051   0.22108035    1.0662697 
   19000    1.5154863    0.2058897    1.1080739 
   20000    1.4951752   0.24141471      1.09275 
   21000    1.4957524   0.21637486    1.0838632 
   22000    1.5160128   0.21324276    1.1566879 
   23000     1.503473   0.17395069    1.0750991 
   24000    1.5207787   0.22245076    1.0954491 
   25000    1.5406277   0.20704852    1.1674828 
   26000    1.4835545   0.21876196    1.0715639 
   27000    1.5491447   0.21615198    1.1539103 
   28000    1.4408469   0.17750698   0.99717547 
   29000    1.5096044   0.22326385    1.1307453 
   30000    1.4855193   0.18611234    1.0791816 
   31000    1.4386568   0.23210324   0.97706478 
   32000    1.5305009    0.2025522    1.1245055 
   33000    1.5020908   0.22216119    1.0355012 
   34000     1.574353   0.24899233    1.2224738 
   35000    1.4921967   0.23518109    1.0673872 
   36000    1.4889682    0.2181558    1.0489184 
   37000    1.5363571   0.23381982    1.1625472 
   38000    1.4455532   0.22990929    1.0196577 
   39000    1.5210966   0.22332132    1.1264711 
   40000    1.4583437   0.17135232   0.99152283 
   41000    1.5239356   0.21006774    1.1040519 
   42000    1.4751626   0.22656316    1.0520605 
   43000    1.5476736   0.22882372    1.1538862 
   44000    1.5065451   0.23638803    1.0863083 
   45000    1.5063148   0.24001796    1.1141284 
   46000    1.4846774   0.15307225    1.0552047 
   47000    1.4713717   0.21796543     1.059641 
   48000    1.5229153    0.2060144    1.1387251 
   49000    1.4227525   0.20074839   0.95998998 
   50000    1.4866613    0.1725322    1.0439534 
Loop time of 11.8601 on 1 procs for 50000 steps with 1331 atoms

Performance: 1456988.764 tau/day, 4215.824 timesteps/s
99.8% CPU use with 1 MPI tasks x no OpenMP threads

MPI task timing breakdown:
Section |  min time  |  avg time  |  max time  |%varavg| %total
---------------------------------------------------------------
Pair    | 7.961      | 7.961      | 7.961      |   0.0 | 67.12
Neigh   | 2.5166     | 2.5166     | 2.5166     |   0.0 | 21.22
Comm    | 0.42059    | 0.42059    | 0.42059    |   0.0 |  3.55
Output  | 0.0238     | 0.0238     | 0.0238     |   0.0 |  0.20
Modify  | 0.84203    | 0.84203    | 0.84203    |   0.0 |  7.10
Other   |            | 0.09605    |            |       |  0.81

Nlocal:    1331 ave 1331 max 1331 min
Histogram: 1 0 0 0 0 0 0 0 0 0
Nghost:    1592 ave 1592 max 1592 min
Histogram: 1 0 0 0 0 0 0 0 0 0
Neighs:    12036 ave 12036 max 12036 min
Histogram: 1 0 0 0 0 0 0 0 0 0

Total # of neighbors = 12036
Ave neighs/atom = 9.04282
Neighbor list builds = 2500
Dangerous builds not checked

write_restart NVT/sim1/T_1.50__v_4.91/end1.restart
Total wall time: 0:00:11
