run 50000
Neighbor list info ...
  update every 20 steps, delay 0 steps, check no
  max neighbors/atom: 2000, page size: 100000
  master list distance cutoff = 2.8
  ghost atom cutoff = 2.8
  binsize = 1.4, bins = 16 16 16
  1 neighbor lists, perpetual/occasional/extra = 1 0 0
  (1) pair lj/cut, perpetual
      attributes: half, newton on
      pair build: half/bin/atomonly/newton
      stencil: half/bin/3d/newton
      bin: standard
Per MPI rank memory allocation (min/avg/max) = 2.7 | 2.7 | 2.7 Mbytes
Step Temp Press Volume Density PotEng KinEng TotEng 
       0          0.1 -0.032919548        10648        0.125  -0.13561964    0.1498873  0.014267664 
    1000   0.59380732  -0.12005712    4721.8148   0.28188314   -2.2318341   0.89004177   -1.3417924 
    2000   0.47564948  -0.16367395    2536.8181   0.52467302   -4.3083817   0.71293818   -3.5954435 
    3000   0.33410696  0.059538186    1613.7702   0.82477668   -5.6697827   0.50078391   -5.1689988 
    4000   0.20476551   0.15504452    1401.0663   0.94999076   -6.3168795    0.3069175    -6.009962 
    5000   0.12649155   0.18604889    1352.6263   0.98401165    -6.562628   0.18959477   -6.3730333 
    6000  0.092117199   0.19684114    1339.0534   0.99398572    -6.646759   0.13807198    -6.508687 
    7000  0.095715649   0.19697018    1334.6821   0.99724124   -6.6749007   0.14346561   -6.5314351 
    8000   0.10658375   0.14780624    1336.7345   0.99571005   -6.6664484    0.1597555   -6.5066929 
    9000   0.10120443   0.16200882    1334.1565   0.99763411   -6.6816044   0.15169259   -6.5299118 
   10000  0.096551121   0.19791127    1332.0576   0.99920605   -6.6926075   0.14471787   -6.5478896 
   11000   0.10452643   0.17198037    1333.6205   0.99803507   -6.6831783   0.15667184   -6.5265065 
   12000   0.10041617   0.21248902    1333.1547   0.99838377   -6.6814115   0.15051109   -6.5309004 
   13000  0.093516112   0.29748369    1329.6213    1.0010369   -6.6918865   0.14016878   -6.5517177 
   14000   0.10023151    0.1970912    1332.5934   0.99880426   -6.6883175   0.15023431   -6.5380832 
   15000   0.10398612   0.15566294    1333.9937   0.99775581   -6.6863938     0.155862   -6.5305318 
   16000  0.097942558   0.15583341    1332.3342    0.9989986   -6.6977516   0.14680346   -6.5509481 
   17000  0.098139735   0.16743434    1332.8925   0.99858013   -6.6907839     0.147099   -6.5436849 
   18000   0.10463196   0.14622064    1333.8417   0.99786957   -6.6868955   0.15683002   -6.5300654 
   19000   0.10087494   0.35526217    1327.7463    1.0024506   -6.6989388   0.15119873   -6.5477401 
   20000  0.095662323   0.34502929    1328.3336    1.0020073   -6.6931632   0.14338568   -6.5497775 
   21000   0.10427352   0.12674255    1334.2099   0.99759415   -6.6894945   0.15629277   -6.5332018 
   22000  0.098534155   0.21179021    1331.4159   0.99968761   -6.6934482   0.14769019    -6.545758 
   23000  0.094595651   0.22929754    1330.6361    1.0002735    -6.695338   0.14178687   -6.5535511 
   24000   0.10244322   0.17451509     1333.004   0.99849665    -6.689152   0.15354938   -6.5356026 
   25000   0.10106961   0.10646349    1333.7215   0.99795946   -6.6929754   0.15149051   -6.5414849 
   26000  0.099250634   0.16876732    1331.2512   0.99981131   -6.7055502    0.1487641   -6.5567861 
   27000     0.100968   0.23779626    1330.4363    1.0004237   -6.6954935   0.15133821   -6.5441552 
   28000   0.10460718   0.28669097    1329.5258    1.0011088   -6.6963382   0.15679288   -6.5395453 
   29000  0.097644449   0.13164128    1332.2365   0.99907186   -6.7016617   0.14635663   -6.5553051 
   30000   0.10070867  0.082823642    1333.7095   0.99796848   -6.6991508   0.15094951   -6.5482013 
   31000   0.10210616   0.18384982    1332.1867   0.99910924   -6.6914426   0.15304417   -6.5383985 
   32000  0.097882837    0.1892061    1331.0666   0.99994997   -6.6997765   0.14671394   -6.5530625 
   33000   0.09962562   0.24615086    1329.7789    1.0009183   -6.7006041   0.14932615    -6.551278 
   34000   0.10345519   0.31136942    1329.1812    1.0013683   -6.6924611   0.15506619   -6.5373949 
   35000  0.098193406   0.23737672    1330.5603    1.0003304   -6.6955661   0.14717945   -6.5483866 
   36000  0.096668406   0.14200465    1332.4152   0.99893785   -6.6996687   0.14489367    -6.554775 
   37000   0.10225231   0.17699461     1332.567   0.99882406   -6.6939903   0.15326323   -6.5407271 
   38000  0.099467944   0.19528936    1331.5801   0.99956434   -6.6941497   0.14908982   -6.5450599 
   39000  0.098970858   0.14443865    1331.8506   0.99936134    -6.703317   0.14834475   -6.5549723 
   40000   0.10420064   0.11580256    1332.7947   0.99865343   -6.6994091   0.15618352   -6.5432256 
   41000   0.10094978   0.30742716    1329.2498    1.0013167   -6.6930973   0.15131091   -6.5417864 
   42000  0.097816367   0.29001639    1328.4209    1.0019415   -6.7006063   0.14661431    -6.553992 
   43000   0.09926111   0.23640795    1330.4686    1.0003994   -6.6946384    0.1487798   -6.5458586 
   44000   0.09864828   0.31063202    1329.7181     1.000964    -6.688584   0.14786125   -6.5407228 
   45000  0.097668843   0.25082123    1329.3486    1.0012422   -6.6996259   0.14639319   -6.5532327 
   46000  0.099191295   0.21131532    1330.9206    1.0000597   -6.6985307   0.14867516   -6.5498555 
   47000   0.10077714   0.13796714    1333.4744    0.9981444   -6.6910501   0.15105214   -6.5399979 
   48000  0.096485564   0.19254995    1331.3449   0.99974094   -6.6955955   0.14461961   -6.5509759 
   49000  0.094812547   0.28159606     1329.567    1.0010778   -6.6950309   0.14211197    -6.552919 
   50000   0.10342542   0.23988614    1330.5891    1.0003088   -6.6940914   0.15502158   -6.5390698 
Loop time of 46.8121 on 1 procs for 50000 steps with 1331 atoms

Performance: 369135.623 tau/day, 1068.101 timesteps/s
100.0% CPU use with 1 MPI tasks x no OpenMP threads

MPI task timing breakdown:
Section |  min time  |  avg time  |  max time  |%varavg| %total
---------------------------------------------------------------
Pair    | 38.134     | 38.134     | 38.134     |   0.0 | 81.46
Neigh   | 5.4274     | 5.4274     | 5.4274     |   0.0 | 11.59
Comm    | 0.8066     | 0.8066     | 0.8066     |   0.0 |  1.72
Output  | 0.027093   | 0.027093   | 0.027093   |   0.0 |  0.06
Modify  | 2.1805     | 2.1805     | 2.1805     |   0.0 |  4.66
Other   |            | 0.2364     |            |       |  0.51

Nlocal:    1331 ave 1331 max 1331 min
Histogram: 1 0 0 0 0 0 0 0 0 0
Nghost:    3223 ave 3223 max 3223 min
Histogram: 1 0 0 0 0 0 0 0 0 0
Neighs:    59437 ave 59437 max 59437 min
Histogram: 1 0 0 0 0 0 0 0 0 0

Total # of neighbors = 59437
Ave neighs/atom = 44.6559
Neighbor list builds = 2500
Dangerous builds not checked

write_restart lattice_11_11_11__2_2_2/sim1/T_0.10__P_0.20/end1.restart
Total wall time: 0:00:46
