run 50000
Neighbor list info ...
  update every 20 steps, delay 0 steps, check no
  max neighbors/atom: 2000, page size: 100000
  master list distance cutoff = 2.8
  ghost atom cutoff = 2.8
  binsize = 1.4, bins = 9 9 9
  1 neighbor lists, perpetual/occasional/extra = 1 0 0
  (1) pair lj/cut, perpetual
      attributes: half, newton on
      pair build: half/bin/atomonly/newton
      stencil: half/bin/3d/newton
      bin: standard
Per MPI rank memory allocation (min/avg/max) = 2.73 | 2.73 | 2.73 Mbytes
Step Temp Press TotEng 
       0          0.2    12.469574   -2.4192965 
    1000   0.49199486   -1.1911704   -4.2608662 
    2000   0.26989685   -2.2260208   -4.9113752 
    3000   0.26232878   -1.2485253   -5.2923485 
    4000   0.21910723   -1.1588035   -5.5710618 
    5000   0.19972108   -0.9913199   -5.7205316 
    6000    0.1902796  -0.81988573   -5.7523753 
    7000   0.20534437  -0.70373085   -5.7408018 
    8000   0.19610212   -0.6925435   -5.7876614 
    9000    0.1916011  -0.76025072    -5.820653 
   10000   0.20326764  -0.65773462   -5.7967975 
   11000   0.20457468  -0.83241013   -5.7976354 
   12000   0.20081681  -0.81920881   -5.8188701 
   13000   0.19581621  -0.68870342   -5.8162224 
   14000   0.20586084  -0.74636159   -5.8177449 
   15000   0.19673146   -0.7098183   -5.8295707 
   16000   0.20017589  -0.73468363   -5.8264453 
   17000   0.19761699  -0.72602439   -5.8295296 
   18000   0.19976598  -0.80965356   -5.8418117 
   19000   0.20491836  -0.67968515   -5.8428641 
   20000    0.2012862  -0.72215324   -5.8469645 
   21000   0.19662423  -0.63101123   -5.8542448 
   22000    0.1949868  -0.59613471   -5.8616469 
   23000    0.2032202  -0.63206382   -5.8549703 
   24000   0.19825696  -0.49445212   -5.8626621 
   25000   0.19700876  -0.59308966   -5.8711851 
   26000   0.20676515  -0.60381786    -5.857367 
   27000   0.20036449  -0.49668298   -5.8700946 
   28000   0.19604964  -0.67410524   -5.8901397 
   29000   0.20760091  -0.62433591   -5.8597443 
   30000   0.20254479  -0.50871701   -5.8739598 
   31000   0.18773994  -0.58226779   -5.9048037 
   32000   0.20468712  -0.45098742   -5.8764877 
   33000   0.19803149   -0.5544205   -5.8715615 
   34000   0.20171037  -0.63517888   -5.8989924 
   35000   0.20588756  -0.58463858    -5.889535 
   36000   0.20161164  -0.49656493   -5.8811898 
   37000   0.19340457   -0.6392262   -5.8976392 
   38000   0.19613711  -0.70457907   -5.8981282 
   39000   0.19399291   -0.5254167   -5.8879487 
   40000   0.19373198   -0.6474637   -5.8976601 
   41000   0.19661353  -0.58671634   -5.8951682 
   42000   0.20371666  -0.68353216    -5.882958 
   43000   0.20143532  -0.60059572   -5.8959006 
   44000    0.1972003  -0.57736313   -5.9058101 
   45000   0.20450543  -0.55529903   -5.8917229 
   46000   0.20130219  -0.59411044   -5.8978148 
   47000   0.19655419  -0.65128401    -5.912395 
   48000   0.20437427  -0.48867915   -5.8978767 
   49000   0.20313611  -0.58262314   -5.8986765 
   50000   0.19819413  -0.52020722   -5.9132335 
Loop time of 36.1983 on 1 procs for 50000 steps with 1331 atoms

Performance: 477370.367 tau/day, 1381.280 timesteps/s
99.9% CPU use with 1 MPI tasks x no OpenMP threads

MPI task timing breakdown:
Section |  min time  |  avg time  |  max time  |%varavg| %total
---------------------------------------------------------------
Pair    | 29.974     | 29.974     | 29.974     |   0.0 | 82.81
Neigh   | 4.4827     | 4.4827     | 4.4827     |   0.0 | 12.38
Comm    | 0.71607    | 0.71607    | 0.71607    |   0.0 |  1.98
Output  | 0.025761   | 0.025761   | 0.025761   |   0.0 |  0.07
Modify  | 0.85664    | 0.85664    | 0.85664    |   0.0 |  2.37
Other   |            | 0.1429     |            |       |  0.39

Nlocal:    1331 ave 1331 max 1331 min
Histogram: 1 0 0 0 0 0 0 0 0 0
Nghost:    3153 ave 3153 max 3153 min
Histogram: 1 0 0 0 0 0 0 0 0 0
Neighs:    51567 ave 51567 max 51567 min
Histogram: 1 0 0 0 0 0 0 0 0 0

Total # of neighbors = 51567
Ave neighs/atom = 38.7431
Neighbor list builds = 2500
Dangerous builds not checked

write_restart NVT/sim1/T_0.20__v_1.00/end1.restart
Total wall time: 0:00:36
