run 50000
Neighbor list info ...
  update every 20 steps, delay 0 steps, check no
  max neighbors/atom: 2000, page size: 100000
  master list distance cutoff = 2.8
  ghost atom cutoff = 2.8
  binsize = 1.4, bins = 16 16 16
  1 neighbor lists, perpetual/occasional/extra = 1 0 0
  (1) pair lj/cut, perpetual
      attributes: half, newton on
      pair build: half/bin/atomonly/newton
      stencil: half/bin/3d/newton
      bin: standard
Per MPI rank memory allocation (min/avg/max) = 2.7 | 2.7 | 2.7 Mbytes
Step Temp Press Volume Density PotEng KinEng TotEng 
       0          0.4  0.004552278        10648        0.125  -0.13561964   0.59954921   0.46392957 
    1000   0.96912532  0.096845695    4922.8579    0.2703714   -1.7699865    1.4525958   -0.3173907 
    2000   0.81666529  -0.12189969    2965.7794   0.44878591   -3.0304894    1.2240776   -1.8064118 
    3000   0.74624591  -0.12386857    1975.8266    0.6736421       -4.357    1.1185279   -3.2384721 
    4000   0.64269141   0.67941556    1558.3617   0.85410209   -5.3281525   0.96331283   -4.3648397 
    5000   0.47333973   0.89947141    1454.4874   0.91509901   -5.8058789   0.70947616   -5.0964027 
    6000   0.40364725   0.80222037    1408.8884   0.94471643   -6.0888926   0.60501598   -5.4838766 
    7000   0.38168021    0.8698389    1392.0058   0.95617415    -6.187827   0.57209018   -5.6157368 
    8000   0.41341306   0.83354607    1400.3699   0.95046317   -6.1382814   0.61965368   -5.5186277 
    9000   0.42390368   0.84526836    1402.8009   0.94881605   -6.1198402   0.63537779   -5.4844624 
   10000    0.3907148   0.86597906    1390.8196   0.95698968   -6.1927271   0.58563187   -5.6070953 
   11000   0.39845656   0.93134198    1389.6199   0.95781585   -6.1905694    0.5972358   -5.5933336 
   12000   0.41505711   0.81408882    1400.9054   0.95009986   -6.1344657   0.62211791   -5.5123478 
   13000   0.41299583   0.86894018    1393.1712   0.95537434   -6.1812407    0.6190283   -5.5622124 
   14000   0.39451239   0.85118246    1388.0056   0.95892988   -6.2140791   0.59132398   -5.6227551 
   15000   0.41677758    0.7704245    1392.9407   0.95553245   -6.1960166   0.62469667   -5.5713199 
   16000   0.40699209    1.1389614     1387.509   0.95927308   -6.1664501   0.61002947   -5.5564206 
   17000   0.38309159   0.64693222    1397.7218   0.95226387   -6.1808562   0.57420565   -5.6066505 
   18000   0.42005842   0.95837591    1383.4577   0.96208216   -6.2231956   0.62961424   -5.5935814 
   19000   0.39830555   0.91408469    1390.1885   0.95742415   -6.1851622   0.59700945   -5.5881527 
   20000    0.3939791   0.94387355    1390.4574   0.95723897   -6.1774156   0.59052464    -5.586891 
   21000    0.3964933   0.95703639    1388.9063   0.95830796   -6.1840471   0.59429311   -5.5897539 
   22000   0.40449013    0.8944745    1387.8326   0.95904937   -6.2028019   0.60627935   -5.5965225 
   23000   0.38858196   0.79960193    1391.2824   0.95667136   -6.1974794   0.58243503   -5.6150444 
   24000   0.40019451    1.0545493    1384.5866   0.96129775   -6.1976887   0.59984076   -5.5978479 
   25000   0.39536603   0.66675951    1396.3479   0.95320085   -6.1833352   0.59260347   -5.5907317 
   26000   0.40902867    1.1411357    1377.1045   0.96652068   -6.2337625   0.61308204   -5.6206804 
   27000   0.40596207   0.74712847    1386.8447   0.95973254   -6.2427783   0.60848559   -5.6342927 
   28000   0.39876158   0.91179885    1385.7462   0.96049331   -6.2138105   0.59769298   -5.6161175 
   29000   0.39683261    1.0125225    1382.2859   0.96289779   -6.2196222    0.5948017   -5.6248205 
   30000   0.38291429   0.90967513    1384.5409   0.96132952   -6.2214231   0.57393991   -5.6474832 
   31000   0.40383957   0.98771009    1378.8561   0.96529292   -6.2518974   0.60530424   -5.6465932 
   32000   0.40093735   0.81661978    1381.4522   0.96347886     -6.26226   0.60095418   -5.6613058 
   33000   0.39658272    1.1478383    1370.1916   0.97139697   -6.2781757   0.59442714   -5.6837486 
   34000   0.39437286   0.60615756    1383.4278     0.962103   -6.2858753   0.59111484   -5.6947605 
   35000    0.4041163    1.0395743    1371.0144   0.97081402   -6.2967134   0.60571902   -5.6909943 
   36000   0.40711321   0.83928013    1375.1674   0.96788215   -6.3020937   0.61021101   -5.6918827 
   37000   0.39005533    1.0288326    1369.1023   0.97216989   -6.2995927   0.58464341   -5.7149493 
   38000   0.39859444   0.86316228    1370.6303   0.97108606   -6.3260979   0.59744245   -5.7286554 
   39000   0.39894042   0.97216666    1368.5945   0.97253055   -6.3195447   0.59796104   -5.7215837 
   40000   0.40110752   0.88147577     1367.661   0.97319437   -6.3530424   0.60120924   -5.7518332 
   41000   0.39305628    1.0412183     1356.572   0.98114957   -6.3968729   0.58914146   -5.8077315 
   42000   0.38847394   0.77263303    1366.2549   0.97419598   -6.3743098   0.58227311   -5.7920367 
   43000   0.41790313     1.100816    1355.7114   0.98177238   -6.4034351   0.62638372   -5.7770513 
   44000   0.39203523   0.75474357    1356.1047   0.98148766   -6.4483991   0.58761104   -5.8607881 
   45000   0.40259309   0.99528671    1344.3024   0.99010458   -6.4994609   0.60343592   -5.8960249 
   46000   0.40484772   0.80901575    1348.2189   0.98722842   -6.5078167   0.60681533   -5.9010013 
   47000   0.40762732     1.033213    1342.9716    0.9910857   -6.5121827   0.61098159   -5.9012011 
   48000   0.39980971   0.65481989    1348.1471   0.98728098   -6.5414536   0.59926398   -5.9421897 
   49000   0.39556111    1.1230385      1338.09   0.99470138   -6.5294941   0.59289588   -5.9365982 
   50000   0.39767469     0.737692    1348.5801   0.98696403     -6.51642   0.59606386   -5.9203561 
Loop time of 42.1015 on 1 procs for 50000 steps with 1331 atoms

Performance: 410437.021 tau/day, 1187.607 timesteps/s
100.0% CPU use with 1 MPI tasks x no OpenMP threads

MPI task timing breakdown:
Section |  min time  |  avg time  |  max time  |%varavg| %total
---------------------------------------------------------------
Pair    | 34         | 34         | 34         |   0.0 | 80.76
Neigh   | 5.0628     | 5.0628     | 5.0628     |   0.0 | 12.03
Comm    | 0.73531    | 0.73531    | 0.73531    |   0.0 |  1.75
Output  | 0.025336   | 0.025336   | 0.025336   |   0.0 |  0.06
Modify  | 2.0519     | 2.0519     | 2.0519     |   0.0 |  4.87
Other   |            | 0.2257     |            |       |  0.54

Nlocal:    1331 ave 1331 max 1331 min
Histogram: 1 0 0 0 0 0 0 0 0 0
Nghost:    3233 ave 3233 max 3233 min
Histogram: 1 0 0 0 0 0 0 0 0 0
Neighs:    57057 ave 57057 max 57057 min
Histogram: 1 0 0 0 0 0 0 0 0 0

Total # of neighbors = 57057
Ave neighs/atom = 42.8678
Neighbor list builds = 2500
Dangerous builds not checked

write_restart lattice_11_11_11__2_2_2/sim1/T_0.40__P_0.90/end1.restart
Total wall time: 0:00:42
