run 50000
Neighbor list info ...
  update every 20 steps, delay 0 steps, check no
  max neighbors/atom: 2000, page size: 100000
  master list distance cutoff = 2.8
  ghost atom cutoff = 2.8
  binsize = 1.4, bins = 16 16 16
  1 neighbor lists, perpetual/occasional/extra = 1 0 0
  (1) pair lj/cut, perpetual
      attributes: half, newton on
      pair build: half/bin/atomonly/newton
      stencil: half/bin/3d/newton
      bin: standard
Per MPI rank memory allocation (min/avg/max) = 2.7 | 2.7 | 2.7 Mbytes
Step Temp Press Volume Density PotEng KinEng TotEng 
       0          0.3 -0.0079383306        10648        0.125  -0.13561964   0.44966191   0.31404227 
    1000   0.96301337  0.027572498    3753.2505   0.35462595   -2.2367099    1.4434348  -0.79327513 
    2000   0.80799021  0.045332631    2029.9534   0.65568007    -4.027148    1.2110747   -2.8160733 
    3000   0.66163971    1.1441138    1518.9483   0.87626417   -5.4189103   0.99171392   -4.4271964 
    4000   0.43599764     1.358778    1404.1498   0.94790459   -6.0204285    0.6535051   -5.3669234 
    5000    0.3183852    1.4373913    1358.2333   0.97994949   -6.3027161   0.47721899   -5.8254972 
    6000   0.27766844    1.4799489    1343.6205   0.99060713   -6.3973592   0.41618973   -5.9811695 
    7000   0.29355367    1.5710083    1346.8837   0.98820708   -6.3563873   0.43999968   -5.9163876 
    8000   0.31577935    1.4990339    1350.5099   0.98555367   -6.3448167   0.47331314   -5.8715035 
    9000    0.2886622    1.5204018    1343.0286   0.99104368   -6.3943977   0.43266799   -5.9617297 
   10000   0.29545045    1.5124996    1342.3412   0.99155117   -6.3994756    0.4428427   -5.9566329 
   11000   0.31192751    1.4536885     1349.623   0.98620132   -6.3606135   0.46753973   -5.8930737 
   12000   0.29932026    1.5068412    1342.9236   0.99112119   -6.3975959   0.44864307   -5.9489529 
   13000   0.29322397    1.4420462    1341.2846   0.99233227    -6.423475    0.4395055   -5.9839695 
   14000   0.31004966    1.5093647    1344.1961   0.99018293   -6.3882102   0.46472508   -5.9234851 
   15000   0.29483317    1.4760229    1346.2823   0.98864854   -6.3775883   0.44191749   -5.9356708 
   16000   0.29836359    1.4742657    1340.0685    0.9932328   -6.4293972   0.44720914    -5.982188 
   17000   0.29493653    1.6412287    1340.4874   0.99292245   -6.3909659   0.44207241   -5.9488935 
   18000   0.31218009    1.5543065    1343.4426   0.99073829    -6.392966   0.46791831   -5.9250477 
   19000   0.29756438    1.4846893    1341.0198   0.99252826    -6.418708   0.44601122   -5.9726968 
   20000   0.29356062    1.4882777    1341.5058   0.99216864   -6.4105795    0.4400101   -5.9705693 
   21000   0.31416964    1.4832059     1343.494   0.99070039   -6.4020466   0.47090041   -5.9311462 
   22000   0.30117528    1.5798823    1340.3705   0.99300902   -6.4080413    0.4514235   -5.9566178 
   23000   0.29278896    1.7130984     1336.644   0.99577749   -6.4125026   0.43885347   -5.9736491 
   24000   0.30898634    1.5444514    1342.6623   0.99131407   -6.3964459    0.4631313   -5.9333146 
   25000   0.30193602    1.5645775    1341.7193   0.99201076   -6.3990345   0.45256376   -5.9464708 
   26000   0.29648692    1.5105948    1338.1746   0.99463848   -6.4326443   0.44439624    -5.988248 
   27000   0.29627343     1.530562    1342.2875   0.99159086   -6.4022545   0.44407626   -5.9581782 
   28000   0.30405982    1.4546009    1345.2804   0.98938484   -6.3929718   0.45574706   -5.9372247 
   29000    0.2898285    1.3989225    1343.0532   0.99102552   -6.4171084   0.43441612   -5.9826923 
   30000   0.29208547    1.3480685    1343.1642   0.99094363   -6.4207789   0.43779904   -5.9829798 
   31000   0.30410935     1.377249    1346.3852   0.98857298   -6.3987976   0.45582131   -5.9429763 
   32000    0.3001008    1.4049912    1342.8747   0.99115723   -6.4166905   0.44981299   -5.9668775 
   33000   0.28956372    1.4235589    1339.6905   0.99351305   -6.4320387   0.43401925   -5.9980194 
   34000   0.30600567    1.4593045     1342.373   0.99152767   -6.4121566   0.45866365    -5.953493 
   35000   0.30729593    1.5627616    1341.0219   0.99252665   -6.3994773   0.46059757   -5.9388797 
   36000    0.2993492    1.5820342    1336.2332   0.99608365   -6.4337119   0.44868644   -5.9850255 
   37000   0.30323581    1.6234274    1335.7242   0.99646322    -6.432244   0.45451198   -5.9777321 
   38000   0.29909822    1.7009735    1338.4312   0.99444784   -6.3943343   0.44831025   -5.9460241 
   39000   0.30014279    1.5525878    1338.9276   0.99407915   -6.4222466   0.44987593   -5.9723707 
   40000   0.29360896    1.5595164    1337.6383   0.99503731   -6.4278875   0.44008256    -5.987805 
   41000   0.30936623    1.3923769     1342.362   0.99153583   -6.4218453   0.46370069   -5.9581446 
   42000   0.30074945    1.4107915    1342.6782   0.99130234   -6.4154177   0.45078524   -5.9646324 
   43000   0.29364425    1.3449559    1342.1601   0.99168495    -6.430141   0.44013544   -5.9900055 
   44000   0.29321408      1.34145    1345.6383   0.98912167   -6.4080777   0.43949067    -5.968587 
   45000   0.30015542    1.3821429    1344.4815   0.98997273   -6.4084132   0.44989486   -5.9585184 
   46000   0.29952279    1.3806808    1341.2401   0.99236517   -6.4329526   0.44894663    -5.984006 
   47000   0.29904117    1.4468724    1340.5209   0.99289762    -6.428342   0.44822475   -5.9801172 
   48000   0.30177385     1.507171    1341.9171   0.99186454   -6.4078097   0.45232069    -5.955489 
   49000   0.30585143    1.4163973    1341.0761   0.99248655   -6.4284953   0.45843246   -5.9700629 
   50000   0.30006312    1.4962541    1338.8143   0.99416326   -6.4334827   0.44975651   -5.9837262 
Loop time of 43.0393 on 1 procs for 50000 steps with 1331 atoms

Performance: 401493.924 tau/day, 1161.730 timesteps/s
99.8% CPU use with 1 MPI tasks x no OpenMP threads

MPI task timing breakdown:
Section |  min time  |  avg time  |  max time  |%varavg| %total
---------------------------------------------------------------
Pair    | 35.017     | 35.017     | 35.017     |   0.0 | 81.36
Neigh   | 5.0424     | 5.0424     | 5.0424     |   0.0 | 11.72
Comm    | 0.73637    | 0.73637    | 0.73637    |   0.0 |  1.71
Output  | 0.025672   | 0.025672   | 0.025672   |   0.0 |  0.06
Modify  | 2.0215     | 2.0215     | 2.0215     |   0.0 |  4.70
Other   |            | 0.1962     |            |       |  0.46

Nlocal:    1331 ave 1331 max 1331 min
Histogram: 1 0 0 0 0 0 0 0 0 0
Nghost:    3226 ave 3226 max 3226 min
Histogram: 1 0 0 0 0 0 0 0 0 0
Neighs:    58979 ave 58979 max 58979 min
Histogram: 1 0 0 0 0 0 0 0 0 0

Total # of neighbors = 58979
Ave neighs/atom = 44.3118
Neighbor list builds = 2500
Dangerous builds not checked

write_restart lattice_11_11_11__2_2_2/sim1/T_0.30__P_1.50/end1.restart
Total wall time: 0:00:43
