run 50000
Neighbor list info ...
  update every 20 steps, delay 0 steps, check no
  max neighbors/atom: 2000, page size: 100000
  master list distance cutoff = 2.8
  ghost atom cutoff = 2.8
  binsize = 1.4, bins = 13 13 13
  1 neighbor lists, perpetual/occasional/extra = 1 0 0
  (1) pair lj/cut, perpetual
      attributes: half, newton on
      pair build: half/bin/atomonly/newton
      stencil: half/bin/3d/newton
      bin: standard
Per MPI rank memory allocation (min/avg/max) = 2.742 | 2.742 | 2.742 Mbytes
Step Temp Press TotEng 
       0          1.8  0.075092081    2.0528985 
    1000    1.8499426   0.38621571    1.5419634 
    2000    1.7403146   0.34332499    1.3386134 
    3000    1.8442329   0.38474246    1.5002781 
    4000    1.7401929   0.33950205    1.3455709 
    5000    1.8375742    0.4019973    1.4957556 
    6000     1.724408   0.28211866    1.2921173 
    7000    1.7853492   0.34726915    1.3897781 
    8000    1.8237818   0.41930899    1.4857701 
    9000    1.7255138   0.32264899    1.3273318 
   10000    1.8732804   0.37032843    1.5258942 
   11000    1.7892854   0.32220993    1.4251066 
   12000    1.7553658   0.37232397    1.3790071 
   13000     1.852927   0.37610328    1.5384799 
   14000    1.7619537   0.33783793    1.3681717 
   15000    1.7883267   0.34798259    1.4380822 
   16000    1.8191654   0.33413426    1.4466442 
   17000    1.7061886   0.32530426    1.3159714 
   18000    1.8340032   0.36676725    1.4954355 
   19000    1.7824699   0.35497398    1.3724469 
   20000    1.7751422   0.40051465    1.4167392 
   21000    1.7975706   0.37457431    1.4465015 
   22000    1.7954669   0.37419013    1.4326259 
   23000    1.7916099   0.37680159    1.4294962 
   24000    1.7420167   0.36296695     1.349571 
   25000    1.8468429   0.39616486    1.5280473 
   26000     1.751721   0.33916411    1.3744984 
   27000    1.7739866   0.37148125    1.4178681 
   28000    1.8618947   0.37246492    1.5103572 
   29000     1.717175   0.32317627    1.3108192 
   30000     1.817069   0.34347936    1.4580783 
   31000    1.8110803    0.3220444     1.421094 
   32000    1.6775668   0.26015829    1.1978222 
   33000    1.7710962   0.37116143    1.4305674 
   34000    1.8097656   0.33164525     1.478223 
   35000        1.741   0.32813378    1.3247263 
   36000    1.8345571   0.36710705    1.5058058 
   37000    1.8029833   0.34070554    1.4043713 
   38000    1.8369886   0.37838862    1.4742076 
   39000    1.8665989   0.37117081    1.4969242 
   40000    1.7538519   0.34094258    1.3739417 
   41000    1.8598663   0.39455981    1.5530418 
   42000    1.8180982   0.37757513    1.4299827 
   43000    1.8189162   0.36735984    1.4521031 
   44000    1.7520148   0.33857835    1.3122072 
   45000     1.829197   0.34576274    1.4616748 
   46000    1.7972674   0.33549401    1.4109455 
   47000    1.8889831    0.3648422    1.5220158 
   48000     1.766708   0.35523213    1.4016313 
   49000    1.8097793   0.35776385    1.4401567 
   50000    1.7987429   0.36622877    1.4209982 
Loop time of 13.3516 on 1 procs for 50000 steps with 1331 atoms

Performance: 1294224.080 tau/day, 3744.861 timesteps/s
99.9% CPU use with 1 MPI tasks x no OpenMP threads

MPI task timing breakdown:
Section |  min time  |  avg time  |  max time  |%varavg| %total
---------------------------------------------------------------
Pair    | 9.2098     | 9.2098     | 9.2098     |   0.0 | 68.98
Neigh   | 2.7081     | 2.7081     | 2.7081     |   0.0 | 20.28
Comm    | 0.45411    | 0.45411    | 0.45411    |   0.0 |  3.40
Output  | 0.022974   | 0.022974   | 0.022974   |   0.0 |  0.17
Modify  | 0.85626    | 0.85626    | 0.85626    |   0.0 |  6.41
Other   |            | 0.1004     |            |       |  0.75

Nlocal:    1331 ave 1331 max 1331 min
Histogram: 1 0 0 0 0 0 0 0 0 0
Nghost:    1762 ave 1762 max 1762 min
Histogram: 1 0 0 0 0 0 0 0 0 0
Neighs:    13945 ave 13945 max 13945 min
Histogram: 1 0 0 0 0 0 0 0 0 0

Total # of neighbors = 13945
Ave neighs/atom = 10.4771
Neighbor list builds = 2500
Dangerous builds not checked

write_restart NVT/sim1/T_1.80__v_4.10/end1.restart
Total wall time: 0:00:13
