run 50000
Neighbor list info ...
  update every 20 steps, delay 0 steps, check no
  max neighbors/atom: 2000, page size: 100000
  master list distance cutoff = 2.8
  ghost atom cutoff = 2.8
  binsize = 1.4, bins = 16 16 16
  1 neighbor lists, perpetual/occasional/extra = 1 0 0
  (1) pair lj/cut, perpetual
      attributes: half, newton on
      pair build: half/bin/atomonly/newton
      stencil: half/bin/3d/newton
      bin: standard
Per MPI rank memory allocation (min/avg/max) = 2.7 | 2.7 | 2.7 Mbytes
Step Temp Press Volume Density PotEng KinEng TotEng 
       0          1.5   0.14194897        10648        0.125  -0.13561964    2.2483095    2.1126899 
    1000    2.0427533   0.41388719    6602.8829   0.20157862   -1.0578358    3.0618279     2.003992 
    2000    1.7941819   0.43651504    4827.2689   0.27572526   -1.5129112    2.6892509    1.1763397 
    3000    1.6631958   0.48642029    3759.2042    0.3540643   -2.0010438    2.4929193   0.49187553 
    4000    1.5900968   0.51521439    3064.4095   0.43434142   -2.4242771    2.3833533  -0.04092387 
    5000    1.5435395   0.67262057    2634.7663   0.50516815   -2.7970417    2.3135697  -0.48347195 
    6000    1.4930636    1.0585246    2369.9129   0.56162402   -3.0721883    2.2379128  -0.83427551 
    7000    1.5008129   0.98306797    2227.7783   0.59745622   -3.3549809    2.2495279   -1.1054529 
    8000    1.4978815    1.2750474    2165.1703   0.61473224   -3.4103372    2.2451342    -1.165203 
    9000    1.5016261    1.2649162    2182.6696   0.60980369   -3.3741999    2.2507468   -1.1234531 
   10000    1.5183607    1.2573611    2201.0268   0.60471776   -3.3390738    2.2758299    -1.063244 
   11000    1.5150153    1.1388108    2202.8152   0.60422682   -3.3543351    2.2708156   -1.0835195 
   12000    1.4899817    1.1565489    2171.3963   0.61296963   -3.4003066    2.2332933   -1.1670133 
   13000    1.5138825    1.1121542    2182.7596   0.60977855   -3.4410747    2.2691177    -1.171957 
   14000    1.5074003    1.2343954    2214.4289   0.60105791   -3.3300779    2.2594016   -1.0706763 
   15000    1.5070586    1.2482648    2206.2099   0.60329708   -3.2918752    2.2588895   -1.0329857 
   16000    1.5301611    1.4123802     2145.146   0.62047059   -3.4331629    2.2935173   -1.1396457 
   17000    1.5029296    1.1865546    2136.3258   0.62303231   -3.4671085    2.2527006   -1.2144079 
   18000    1.4869342    1.2060967     2211.064   0.60197263   -3.3078809    2.2287256   -1.0791553 
   19000    1.4698508    1.0000072    2235.3701   0.59542712   -3.3128848    2.2031198    -1.109765 
   20000    1.4808161    1.0534348    2185.2305   0.60908906   -3.3951706    2.2195553   -1.1756153 
   21000    1.5092083    1.3662012    2158.9737   0.61649662   -3.3661307    2.2621117    -1.104019 
   22000    1.5308073    1.0769814    2242.2034   0.59361251   -3.2694982    2.2944857  -0.97501242 
   23000    1.5206551    1.2286922    2199.8323   0.60504611   -3.3419343     2.279269   -1.0626653 
   24000    1.5056859    1.0067246    2193.8365   0.60669974   -3.4221836     2.256832   -1.1653516 
   25000     1.545532    1.1722511    2182.7345   0.60978557   -3.3880233    2.3165563    -1.071467 
   26000    1.5686481    1.2607136    2221.1362   0.59924284   -3.2806013    2.3512043  -0.92939706 
   27000    1.5149635    1.1016053    2197.4213   0.60570999   -3.3439223    2.2707379   -1.0731844 
   28000    1.4491135    1.2507353    2182.8071   0.60976528   -3.3465895    2.1720371   -1.1745524 
   29000    1.4816345   0.99238146    2187.6926   0.60840359   -3.4151246     2.220782   -1.1943426 
   30000    1.5105289    1.1288569    2215.0378   0.60089268   -3.3441594     2.264091   -1.0800684 
   31000     1.574681    1.4099507    2195.5829   0.60621714    -3.332128    2.3602469  -0.97188108 
   32000    1.5283784    1.5456993    2163.7707   0.61512987   -3.3326488    2.2908452   -1.0418036 
   33000    1.4774943    1.2133876    2197.6437   0.60564869    -3.343654    2.2145763   -1.1290777 
   34000    1.4673047    1.1288161    2216.0203   0.60062628   -3.3544301    2.1993034   -1.1551267 
   35000    1.5501874    1.1513218    2222.4375   0.59889198   -3.3206427    2.3235341  -0.99710863 
   36000    1.5340845    1.1657114    2193.6561   0.60674962   -3.3865844    2.2993978   -1.0871865 
   37000     1.473794    1.2998786     2162.048   0.61562001   -3.3859952      2.20903   -1.1769652 
   38000    1.4842801    1.1024643    2179.3496   0.61073267   -3.3951384    2.2247474    -1.170391 
   39000    1.5263983    1.1319544     2188.127    0.6082828    -3.363847    2.2878773   -1.0759697 
   40000    1.5014551    1.0604617    2271.7746   0.58588559   -3.2742634    2.2504905   -1.0237729 
   41000    1.5278528    1.1638913    2171.3523   0.61298206   -3.4199075    2.2900574   -1.1298502 
   42000    1.5180843    1.2043133    2169.3934   0.61353555   -3.4154041    2.2754156   -1.1399885 
   43000    1.5087753    1.1863966     2213.382    0.6013422   -3.3307753    2.2614626   -1.0693127 
   44000    1.4924741    1.1097395    2272.9724   0.58557685   -3.2378477    2.2370291   -1.0008185 
   45000    1.5127627    1.1626539    2174.8244   0.61200343   -3.4025296    2.2674393   -1.1350904 
   46000    1.5345317    1.2465885    2161.5602   0.61575894   -3.4217062    2.3000682   -1.1216381 
   47000    1.5311803    1.3385511    2207.3062   0.60299746    -3.307503    2.2950448   -1.0124582 
   48000    1.4955992    1.1745631    2237.4735   0.59486737   -3.2970943    2.2417133   -1.0553811 
   49000    1.4556244    1.3423495     2154.224   0.61785589   -3.4003798    2.1817962   -1.2185836 
   50000     1.478454   0.91188845    2187.1616    0.6085513   -3.4298151    2.2160149   -1.2138003 
Loop time of 34.0902 on 1 procs for 50000 steps with 1331 atoms

Performance: 506890.755 tau/day, 1466.698 timesteps/s
99.8% CPU use with 1 MPI tasks x no OpenMP threads

MPI task timing breakdown:
Section |  min time  |  avg time  |  max time  |%varavg| %total
---------------------------------------------------------------
Pair    | 26.367     | 26.367     | 26.367     |   0.0 | 77.34
Neigh   | 4.4206     | 4.4206     | 4.4206     |   0.0 | 12.97
Comm    | 0.76344    | 0.76344    | 0.76344    |   0.0 |  2.24
Output  | 0.028763   | 0.028763   | 0.028763   |   0.0 |  0.08
Modify  | 2.3496     | 2.3496     | 2.3496     |   0.0 |  6.89
Other   |            | 0.1609     |            |       |  0.47

Nlocal:    1331 ave 1331 max 1331 min
Histogram: 1 0 0 0 0 0 0 0 0 0
Nghost:    2563 ave 2563 max 2563 min
Histogram: 1 0 0 0 0 0 0 0 0 0
Neighs:    36732 ave 36732 max 36732 min
Histogram: 1 0 0 0 0 0 0 0 0 0

Total # of neighbors = 36732
Ave neighs/atom = 27.5973
Neighbor list builds = 2500
Dangerous builds not checked

write_restart lattice_11_11_11__2_2_2/sim1/T_1.50__P_1.20/end1.restart
Total wall time: 0:00:34
