run 50000
Neighbor list info ...
  update every 20 steps, delay 0 steps, check no
  max neighbors/atom: 2000, page size: 100000
  master list distance cutoff = 2.8
  ghost atom cutoff = 2.8
  binsize = 1.4, bins = 16 16 16
  1 neighbor lists, perpetual/occasional/extra = 1 0 0
  (1) pair lj/cut, perpetual
      attributes: half, newton on
      pair build: half/bin/atomonly/newton
      stencil: half/bin/3d/newton
      bin: standard
Per MPI rank memory allocation (min/avg/max) = 2.7 | 2.7 | 2.7 Mbytes
Step Temp Press Volume Density PotEng KinEng TotEng 
       0            1  0.079495929        10648        0.125  -0.13561964     1.498873    1.3632534 
    1000    1.3784923   0.17734696    7296.1702   0.18242447   -1.0674341    2.0661849   0.99875076 
    2000    1.1800866   0.16856787    5511.4644   0.24149661    -1.507729       1.7688   0.26107099 
    3000    1.1160364   0.16408448     4315.276   0.30843913   -2.0089369    1.6727969  -0.33614005 
    4000    1.0325398   0.17993315    3476.1807   0.38289149   -2.3952801    1.5476461    -0.847634 
    5000     1.039496   0.14244638    2854.7396   0.46624218   -2.8449705    1.5580725    -1.286898 
    6000    1.0457329   0.12655989    2412.4205   0.55172803   -3.2817017    1.5674209   -1.7142808 
    7000    1.0669489   0.22095988     2123.436   0.62681427   -3.7338509     1.599221     -2.13463 
    8000    1.0216713   0.37397581    1970.0809   0.67560676   -4.0213305    1.5313555    -2.489975 
    9000   0.93991693   0.64653915    1899.0903   0.70086189   -4.1229035    1.4088161   -2.7140873 
   10000    1.0101619   0.55224623     1884.703   0.70621207   -4.1941697    1.5141044   -2.6800653 
   11000    1.0362738   0.31948268    1918.3863   0.69381229   -4.1538032    1.5532428   -2.6005603 
   12000    1.0047522   0.45992487    1936.0306   0.68748914   -4.0761829     1.505996   -2.5701869 
   13000   0.98397512   0.43300025    1914.3685   0.69526843   -4.1360633    1.4748538   -2.6612095 
   14000   0.99289836   0.46027966    1892.2347   0.70340111    -4.194676    1.4882286   -2.7064474 
   15000    1.0030772   0.56584923    1915.4271   0.69488419   -4.0978023    1.5034853    -2.594317 
   16000    1.0200968   0.57408545    1922.8258   0.69221039    -4.078335    1.5289956   -2.5493394 
   17000    1.0285198   0.66173273    1886.7574   0.70544311   -4.1685193    1.5416206   -2.6268987 
   18000   0.99532038   0.46059135    1893.0977   0.70308045   -4.1871957    1.4918589   -2.6953369 
   19000    1.0154617   0.29708675    1920.9756   0.69287709   -4.1310776    1.5220481   -2.6090295 
   20000   0.98709976   0.46580266     1937.997   0.68679156   -4.0683804    1.4795372   -2.5888432 
   21000   0.97911743    0.6472025    1912.0932   0.69609578    -4.083017    1.4675727   -2.6154443 
   22000    1.0103967   0.54650855     1906.221   0.69824014   -4.1615262    1.5144563   -2.6470698 
   23000     1.038415   0.41189093    1916.2272   0.69459404   -4.1207213    1.5564522   -2.5642691 
   24000    1.0648345   0.66342763     1910.098   0.69682289    -4.097097    1.5960518   -2.5010452 
   25000   0.99560701   0.58635003    1922.9281   0.69217358   -4.0764423    1.4922885   -2.5841538 
   26000    1.0140171   0.52169016    1876.9365   0.70913427   -4.2118375    1.5198829   -2.6919546 
   27000   0.99255639   0.63566053    1887.6953   0.70509259   -4.1596378     1.487716   -2.6719218 
   28000    1.0074767   0.50169028     1918.825   0.69365369    -4.100881    1.5100796   -2.5908014 
   29000    1.0097852   0.51470997    1925.0736   0.69140214   -4.0789929    1.5135398   -2.5654531 
   30000    1.0007008   0.36122859    1938.8903   0.68647516   -4.0867813    1.4999235   -2.5868578 
   31000   0.97235797   0.58098848     1917.082   0.69428433   -4.1056388    1.4574411   -2.6481977 
   32000    1.0342859   0.58564443    1919.7899   0.69330503   -4.1153718    1.5502633   -2.5651086 
   33000    1.0367756   0.51923927    1934.6143   0.68799245   -4.0765011     1.553995   -2.5225062 
   34000    1.0278416   0.65073019     1894.731    0.7024744   -4.1679673     1.540604   -2.6273632 
   35000    1.0070132   0.50081417    1906.2883   0.69821546   -4.1226472    1.5093849   -2.6132623 
   36000    1.0354963   0.47791188    1940.4048   0.68593936   -4.0629771    1.5520775   -2.5108996 
   37000    1.0155737   0.61743212    1940.0433   0.68606716   -4.0213004    1.5222161   -2.4990843 
   38000     1.015082   0.50914772     1908.488   0.69741071   -4.1519568     1.521479   -2.6304778 
   39000    1.0192236   0.62426142    1892.3357   0.70336358   -4.1545824    1.5276867   -2.6268956 
   40000    1.0031071   0.63940024    1927.0685   0.69068642   -4.0571109    1.5035302   -2.5535807 
   41000    1.0055184   0.48357767    1938.4956   0.68661491   -4.0887429    1.5071444   -2.5815985 
   42000   0.95685766   0.44429826    1909.6598   0.69698278   -4.1220817    1.4342081   -2.6878735 
   43000   0.98157017   0.36391186    1923.7379    0.6918822   -4.1304118    1.4712491   -2.6591627 
   44000   0.96962225   0.43727522    1950.0413   0.68254963   -4.0380777    1.4533406    -2.584737 
   45000   0.97807763   0.51516209    1967.9792   0.67632829   -3.9835958    1.4660142   -2.5175816 
   46000     1.036349   0.30699608    1918.0257   0.69394274    -4.157512    1.5533555   -2.6041565 
   47000   0.99030622   0.52716124     1902.373    0.6996525   -4.1357298    1.4843433   -2.6513865 
   48000   0.97465214   0.45900451    1931.0159   0.68927451   -4.1013752    1.4608798   -2.6404954 
   49000   0.96834041   0.34337556    1950.5603   0.68236804   -4.0485623    1.4514193    -2.597143 
   50000   0.96342889   0.42214684    1924.8208   0.69149294   -4.1058999    1.4440576   -2.6618424 
Loop time of 32.4566 on 1 procs for 50000 steps with 1331 atoms

Performance: 532402.709 tau/day, 1540.517 timesteps/s
99.9% CPU use with 1 MPI tasks x no OpenMP threads

MPI task timing breakdown:
Section |  min time  |  avg time  |  max time  |%varavg| %total
---------------------------------------------------------------
Pair    | 25.278     | 25.278     | 25.278     |   0.0 | 77.88
Neigh   | 4.2897     | 4.2897     | 4.2897     |   0.0 | 13.22
Comm    | 0.68262    | 0.68262    | 0.68262    |   0.0 |  2.10
Output  | 0.024522   | 0.024522   | 0.024522   |   0.0 |  0.08
Modify  | 2.0469     | 2.0469     | 2.0469     |   0.0 |  6.31
Other   |            | 0.1344     |            |       |  0.41

Nlocal:    1331 ave 1331 max 1331 min
Histogram: 1 0 0 0 0 0 0 0 0 0
Nghost:    2752 ave 2752 max 2752 min
Histogram: 1 0 0 0 0 0 0 0 0 0
Neighs:    41477 ave 41477 max 41477 min
Histogram: 1 0 0 0 0 0 0 0 0 0

Total # of neighbors = 41477
Ave neighs/atom = 31.1623
Neighbor list builds = 2500
Dangerous builds not checked

write_restart lattice_11_11_11__2_2_2/sim1/T_1.00__P_0.50/end1.restart
Total wall time: 0:00:32
