run 50000
Neighbor list info ...
  update every 20 steps, delay 0 steps, check no
  max neighbors/atom: 2000, page size: 100000
  master list distance cutoff = 2.8
  ghost atom cutoff = 2.8
  binsize = 1.4, bins = 16 16 16
  1 neighbor lists, perpetual/occasional/extra = 1 0 0
  (1) pair lj/cut, perpetual
      attributes: half, newton on
      pair build: half/bin/atomonly/newton
      stencil: half/bin/3d/newton
      bin: standard
Per MPI rank memory allocation (min/avg/max) = 2.7 | 2.7 | 2.7 Mbytes
Step Temp Press Volume Density PotEng KinEng TotEng 
       0          1.3   0.11696776        10648        0.125  -0.13561964    1.9485349    1.8129153 
    1000    1.9428759   0.39349205    5926.8882   0.22456978    -1.214491    2.9121242    1.6976332 
    2000    1.6471237   0.55716613    4093.6654   0.32513649   -1.7576898    2.4688293   0.71113946 
    3000    1.5039924   0.51841283    3065.5593   0.43417852   -2.4136238    2.2542936  -0.15933019 
    4000    1.4550359   0.80963899    2452.9947   0.54260208   -3.0575831     2.180914  -0.87666902 
    5000    1.3387248     1.322425    2095.2595   0.63524352   -3.4923431    2.0065784   -1.4857647 
    6000    1.3250786    1.3617262    1918.7654    0.6936752   -3.9435219    1.9861246   -1.9573973 
    7000    1.2740212    1.5161474    1855.9179   0.71716533   -4.0777591     1.909596   -2.1681631 
    8000    1.2920399    1.5179187    1865.7856   0.71337242   -4.0365391    1.9366038   -2.0999353 
    9000    1.3595116    1.3510737    1891.5319   0.70366246   -4.0286866    2.0377353   -1.9909514 
   10000    1.2820823    1.6325444    1885.4133     0.705946   -3.9552763    1.9216786   -2.0335977 
   11000    1.2682585      1.79762    1856.7507   0.71684366   -4.0220259    1.9009585   -2.1210674 
   12000    1.3156239     1.670125    1866.3971   0.71313869   -4.0231634    1.9719532   -2.0512102 
   13000    1.3157155    1.5981041    1890.4592   0.70406174   -3.9663323    1.9720905   -1.9942417 
   14000    1.2882163     1.857201    1873.4066   0.71047045   -3.9637404    1.9308726   -2.0328678 
   15000    1.3208816    1.5350343    1864.1238   0.71400835   -4.0656299    1.9798338   -2.0857961 
   16000    1.3108399    1.6189615    1880.1608   0.70791817   -4.0038652    1.9647825   -2.0390827 
   17000    1.3145822    1.6084039    1882.3384   0.70709923   -3.9776833    1.9703918   -2.0072914 
   18000    1.2855181    1.6500201    1870.7659    0.7114733   -4.0165372    1.9268284   -2.0897088 
   19000    1.2955521    1.5260116    1883.7832   0.70655689   -3.9918776    1.9418682   -2.0500094 
   20000     1.271683    1.6705483    1905.7094   0.69842757   -3.9054578    1.9060914   -1.9993664 
   21000    1.3167819    1.3735255    1893.6126    0.7028893   -4.0089754    1.9736889   -2.0352864 
   22000       1.2472    1.5373014     1871.148   0.71132803   -4.0245798    1.8693945   -2.1551854 
   23000    1.2795582    1.5160277    1892.5303   0.70329125   -3.9865909    1.9178952   -2.0686956 
   24000    1.3254529    1.3890573    1904.7947   0.69876296   -3.9679771    1.9866856   -1.9812914 
   25000    1.2717865    1.5108039    1892.7687   0.70320269   -3.9566154    1.9062465   -2.0503689 
   26000    1.2883377    1.3915421    1869.9876   0.71176943   -4.0594261    1.9310547   -2.1283714 
   27000    1.2987921    1.5967645    1869.8619   0.71181727   -4.0294562    1.9467244   -2.0827318 
   28000    1.3207893    1.6069716    1891.4474   0.70369389   -3.9695337    1.9796955   -1.9898381 
   29000    1.2841983     1.518622    1883.9433   0.70649683   -3.9895926    1.9248503   -2.0647424 
   30000    1.2689471    1.4798735    1885.0543   0.70608045   -3.9903188    1.9019906   -2.0883283 
   31000    1.3321094    1.4830116    1898.9548    0.7009119   -3.9573187    1.9966628   -1.9606559 
   32000    1.3187396    1.5515592    1895.7503   0.70209668    -3.977548    1.9766232   -2.0009249 
   33000    1.2948892    1.4988257    1880.5426   0.70777444   -4.0189271    1.9408745   -2.0780526 
   34000    1.2900047    1.5568298    1873.2848   0.71051664   -4.0135094    1.9335533   -2.0799562 
   35000    1.3254558    1.4326635    1902.7936   0.69949784   -3.9561952      1.98669   -1.9695053 
   36000    1.2782764    1.5680106     1886.159   0.70566691   -3.9839674     1.915974   -2.0679934 
   37000    1.3082064    1.4879442    1870.1704   0.71169985   -4.0358545    1.9608353   -2.0750192 
   38000     1.278102    1.8286615    1881.1306   0.70755322   -3.9251007    1.9157127    -2.009388 
   39000    1.3334038    1.6950252    1886.4776   0.70554775   -3.9649222     1.998603   -1.9663191 
   40000    1.3154789     1.560619    1867.2815   0.71280094   -4.0352143    1.9717358   -2.0634785 
   41000     1.314917    1.6919204    1861.3583   0.71506919   -4.0102823    1.9708937   -2.0393886 
   42000    1.3567574    1.8781859    1874.7511   0.70996091   -3.9573357     2.033607   -1.9237287 
   43000    1.3124955    1.7143658    1867.0594   0.71288574   -4.0008757    1.9672642   -2.0336115 
   44000    1.2980765    1.8756997    1856.2828   0.71702437    -4.002022    1.9456518   -2.0563702 
   45000    1.3230966     1.851549    1874.9372   0.70989043   -3.9736003    1.9831538   -1.9904465 
   46000    1.3311033     1.841224    1891.9766   0.70349708   -3.9120901    1.9951548   -1.9169353 
   47000    1.3166445    1.6192378    1878.3352   0.70860623    -3.998144    1.9734829   -2.0246611 
   48000    1.3005068     1.685655    1853.3813   0.71814687   -4.0593264    1.9492946   -2.1100319 
   49000    1.3237152     1.823335    1851.6783   0.71880736   -4.0369517     1.984081   -2.0528707 
   50000     1.360692    1.7417506    1870.3369   0.71163651   -3.9913939    2.0395046   -1.9518893 
Loop time of 38.9361 on 1 procs for 50000 steps with 1331 atoms

Performance: 443804.417 tau/day, 1284.156 timesteps/s
99.7% CPU use with 1 MPI tasks x no OpenMP threads

MPI task timing breakdown:
Section |  min time  |  avg time  |  max time  |%varavg| %total
---------------------------------------------------------------
Pair    | 30.516     | 30.516     | 30.516     |   0.0 | 78.38
Neigh   | 4.9966     | 4.9966     | 4.9966     |   0.0 | 12.83
Comm    | 0.81806    | 0.81806    | 0.81806    |   0.0 |  2.10
Output  | 0.028701   | 0.028701   | 0.028701   |   0.0 |  0.07
Modify  | 2.4007     | 2.4007     | 2.4007     |   0.0 |  6.17
Other   |            | 0.1756     |            |       |  0.45

Nlocal:    1331 ave 1331 max 1331 min
Histogram: 1 0 0 0 0 0 0 0 0 0
Nghost:    2783 ave 2783 max 2783 min
Histogram: 1 0 0 0 0 0 0 0 0 0
Neighs:    42574 ave 42574 max 42574 min
Histogram: 1 0 0 0 0 0 0 0 0 0

Total # of neighbors = 42574
Ave neighs/atom = 31.9865
Neighbor list builds = 2500
Dangerous builds not checked

write_restart lattice_11_11_11__2_2_2/sim1/T_1.30__P_1.60/end1.restart
Total wall time: 0:00:38
