run 50000
Neighbor list info ...
  update every 20 steps, delay 0 steps, check no
  max neighbors/atom: 2000, page size: 100000
  master list distance cutoff = 2.8
  ghost atom cutoff = 2.8
  binsize = 1.4, bins = 20 20 20
  1 neighbor lists, perpetual/occasional/extra = 1 0 0
  (1) pair lj/cut, perpetual
      attributes: half, newton on
      pair build: half/bin/atomonly/newton
      stencil: half/bin/3d/newton
      bin: standard
Per MPI rank memory allocation (min/avg/max) = 2.724 | 2.724 | 2.724 Mbytes
Step Temp Press TotEng 
       0          0.7  0.045066452    1.0368821 
    1000   0.79551639  0.041435062   0.73725633 
    2000   0.70934823  0.023843601   0.47413731 
    3000    0.7070013  0.021333842   0.33879432 
    4000   0.70493102  0.026615129   0.31311383 
    5000   0.70898127  0.020231348    0.2711978 
    6000   0.70226329   0.01983414   0.16609155 
    7000   0.70748344  0.015832848   0.13554556 
    8000   0.68386679     0.020844   0.07648782 
    9000   0.70326693  0.016527259  0.079040786 
   10000   0.71317272  0.019314763 -0.00091188157 
   11000   0.70264868   0.01820615 -0.049065977 
   12000   0.70979991  0.015164537 -0.091061618 
   13000   0.70511476  0.013686907  -0.13345436 
   14000    0.6811575  0.019154475  -0.20398169 
   15000   0.71337112  0.013856147  -0.19847099 
   16000   0.70985101  0.010270406  -0.28661872 
   17000   0.68484942  0.019589428  -0.35007321 
   18000   0.69252175   0.01296962  -0.42614589 
   19000   0.71560438  0.016225754  -0.42594264 
   20000    0.7000901  0.017097127  -0.49749776 
   21000   0.71716858  0.014712166  -0.50884341 
   22000   0.68311795  0.016207689  -0.57600006 
   23000   0.70430994   0.02194194  -0.62716323 
   24000   0.70230517  0.020121194  -0.68708709 
   25000   0.70907958  0.010880337  -0.72830601 
   26000   0.67156271 0.0069397634  -0.78519735 
   27000   0.70107717 0.0044058633   -0.7531928 
   28000   0.68333711  0.010186986  -0.83188935 
   29000   0.71721149  0.022223742  -0.87388783 
   30000   0.69764185  0.011075405  -0.94555291 
   31000    0.7072404  0.016943344  -0.96598152 
   32000   0.68560767  0.015055185   -1.0478985 
   33000   0.70001831  0.015117178   -1.0873967 
   34000   0.67249736 0.0058142545   -1.1630146 
   35000   0.71101313 0.0055038046   -1.1287049 
   36000    0.7085493 0.0061027307   -1.1238678 
   37000   0.69795687  0.016420159   -1.1866867 
   38000   0.70495348 -0.0036899843   -1.2565518 
   39000   0.71602538  0.017240688   -1.2690011 
   40000   0.68751763  0.020366816   -1.3204506 
   41000   0.67453097  0.018485321   -1.3311182 
   42000    0.7288198 0.0055379087   -1.2646626 
   43000    0.7030194 0.0060104818   -1.3415638 
   44000   0.69710229  0.018195085   -1.3979782 
   45000   0.71443641  0.013086853   -1.3390353 
   46000   0.69057373  0.013021896   -1.3380739 
   47000    0.7046244  0.021360618   -1.3930364 
   48000   0.71031428 0.0067034919   -1.4176257 
   49000   0.72371163  0.016768564   -1.3613816 
   50000   0.70738888  0.014719967   -1.3759461 
Loop time of 11.0775 on 1 procs for 50000 steps with 1331 atoms

Performance: 1559914.124 tau/day, 4513.640 timesteps/s
99.8% CPU use with 1 MPI tasks x no OpenMP threads

MPI task timing breakdown:
Section |  min time  |  avg time  |  max time  |%varavg| %total
---------------------------------------------------------------
Pair    | 7.9851     | 7.9851     | 7.9851     |   0.0 | 72.08
Neigh   | 1.8542     | 1.8542     | 1.8542     |   0.0 | 16.74
Comm    | 0.27711    | 0.27711    | 0.27711    |   0.0 |  2.50
Output  | 0.023728   | 0.023728   | 0.023728   |   0.0 |  0.21
Modify  | 0.85311    | 0.85311    | 0.85311    |   0.0 |  7.70
Other   |            | 0.08431    |            |       |  0.76

Nlocal:    1331 ave 1331 max 1331 min
Histogram: 1 0 0 0 0 0 0 0 0 0
Nghost:    795 ave 795 max 795 min
Histogram: 1 0 0 0 0 0 0 0 0 0
Neighs:    20145 ave 20145 max 20145 min
Histogram: 1 0 0 0 0 0 0 0 0 0

Total # of neighbors = 20145
Ave neighs/atom = 15.1352
Neighbor list builds = 2500
Dangerous builds not checked

write_restart NVT/sim1/T_0.70__v_15.62/end1.restart
Total wall time: 0:00:11
