run 50000
Neighbor list info ...
  update every 20 steps, delay 0 steps, check no
  max neighbors/atom: 2000, page size: 100000
  master list distance cutoff = 2.8
  ghost atom cutoff = 2.8
  binsize = 1.4, bins = 13 13 13
  1 neighbor lists, perpetual/occasional/extra = 1 0 0
  (1) pair lj/cut, perpetual
      attributes: half, newton on
      pair build: half/bin/atomonly/newton
      stencil: half/bin/3d/newton
      bin: standard
Per MPI rank memory allocation (min/avg/max) = 2.742 | 2.742 | 2.742 Mbytes
Step Temp Press TotEng 
       0          0.2  -0.28979132  -0.34529831 
    1000   0.60556178 -0.078290449   -1.3104314 
    2000   0.54960798 -0.043864031   -2.6244212 
    3000   0.45901798  -0.01008325   -3.8018939 
    4000     0.322556  0.009357307   -4.6106591 
    5000   0.23758388 -0.016142477   -5.0523639 
    6000   0.18846582 -0.031146391   -5.2656356 
    7000   0.18823793 -0.022371087   -5.3098969 
    8000   0.21060444 -0.027310183   -5.2616984 
    9000   0.20495375 -0.003445036   -5.3014992 
   10000   0.19541394 -0.033441914   -5.3503843 
   11000    0.1981132 -0.0044093958   -5.3231815 
   12000   0.20752453 -0.021489758   -5.3135791 
   13000   0.19577513 -0.00025145329   -5.3614227 
   14000   0.19823879 0.0030347782   -5.3536113 
   15000   0.20612404  -0.05107084   -5.3272995 
   16000   0.19603845  0.025728763    -5.361919 
   17000   0.20146205 -0.0067886897   -5.3728852 
   18000   0.20160671 -0.013255438    -5.343365 
   19000   0.19555176 -0.010278245   -5.3527268 
   20000   0.19788177 -0.017737104   -5.3857517 
   21000   0.19689157 -0.0037079815   -5.3766052 
   22000   0.20761836  0.015455789   -5.3635309 
   23000   0.19437201 -0.040682627   -5.3954821 
   24000   0.20301918 -0.017576807    -5.398808 
   25000   0.20625392  0.006884936   -5.3786886 
   26000   0.19621932 -0.013037102   -5.4032171 
   27000   0.19629135 -0.0008339635   -5.4156842 
   28000   0.20146929 0.0016704753   -5.3858545 
   29000    0.2023806 -0.0045538211   -5.3986744 
   30000   0.19602217 -0.013493602   -5.4226511 
   31000   0.20212636 -0.040237961   -5.4038088 
   32000    0.2040997  0.005848421   -5.3991926 
   33000   0.19469943 -0.0075726133   -5.4265279 
   34000   0.19420215 -0.0042051943   -5.4155128 
   35000   0.21039868 -0.0088319581   -5.3978929 
   36000     0.196537 0.0035518933    -5.426115 
   37000   0.19851499 -0.022809933   -5.4317879 
   38000    0.2032512    0.0095645    -5.403001 
   39000   0.20036124 -0.00092760956   -5.4144684 
   40000   0.19130362 -0.018356539   -5.4365946 
   41000   0.20283075 0.0022033992   -5.4146389 
   42000   0.20436356 -0.010691351   -5.4113625 
   43000   0.19778112 -0.0064623272   -5.4344609 
   44000    0.1958082 -0.010698868   -5.4273041 
   45000   0.20993611  0.014117333   -5.4078008 
   46000   0.20109114 -0.016184579   -5.4302639 
   47000   0.19328839 -0.022901738   -5.4433297 
   48000   0.20139535 -0.053799172   -5.4166301 
   49000   0.20726634 -0.0091421902    -5.417819 
   50000   0.19347005  0.038990474   -5.4577008 
Loop time of 32.93 on 1 procs for 50000 steps with 1331 atoms

Performance: 524749.822 tau/day, 1518.373 timesteps/s
99.9% CPU use with 1 MPI tasks x no OpenMP threads

MPI task timing breakdown:
Section |  min time  |  avg time  |  max time  |%varavg| %total
---------------------------------------------------------------
Pair    | 27.738     | 27.738     | 27.738     |   0.0 | 84.23
Neigh   | 4.0378     | 4.0378     | 4.0378     |   0.0 | 12.26
Comm    | 0.098142   | 0.098142   | 0.098142   |   0.0 |  0.30
Output  | 0.025321   | 0.025321   | 0.025321   |   0.0 |  0.08
Modify  | 0.96046    | 0.96046    | 0.96046    |   0.0 |  2.92
Other   |            | 0.0705     |            |       |  0.21

Nlocal:    1331 ave 1331 max 1331 min
Histogram: 1 0 0 0 0 0 0 0 0 0
Nghost:    99 ave 99 max 99 min
Histogram: 1 0 0 0 0 0 0 0 0 0
Neighs:    44697 ave 44697 max 44697 min
Histogram: 1 0 0 0 0 0 0 0 0 0

Total # of neighbors = 44697
Ave neighs/atom = 33.5815
Neighbor list builds = 2500
Dangerous builds not checked

write_restart NVT/sim1/T_0.20__v_4.10/end1.restart
Total wall time: 0:00:32
