run 50000
Neighbor list info ...
  update every 20 steps, delay 0 steps, check no
  max neighbors/atom: 2000, page size: 100000
  master list distance cutoff = 2.8
  ghost atom cutoff = 2.8
  binsize = 1.4, bins = 16 16 16
  1 neighbor lists, perpetual/occasional/extra = 1 0 0
  (1) pair lj/cut, perpetual
      attributes: half, newton on
      pair build: half/bin/atomonly/newton
      stencil: half/bin/3d/newton
      bin: standard
Per MPI rank memory allocation (min/avg/max) = 2.7 | 2.7 | 2.7 Mbytes
Step Temp Press Volume Density PotEng KinEng TotEng 
       0          0.3 -0.0079383306        10648        0.125  -0.13561964   0.44966191   0.31404227 
    1000   0.89438965  0.048655995    4471.5371   0.29766051   -2.0007934    1.3405765  -0.66021687 
    2000   0.73627839  -0.20920304    2554.2931   0.52108351   -3.5414262    1.1035878   -2.4378384 
    3000   0.66134012   0.16593854    1682.8342   0.79092757   -4.9810552   0.99126486   -3.9897903 
    4000   0.49711054   0.74966429    1455.1339   0.91469246   -5.8222821   0.74510558   -5.0771765 
    5000   0.34493558   0.85061595    1390.6176   0.95712866   -6.1878836   0.51701464   -5.6708689 
    6000    0.2810258   0.89460921    1365.3783   0.97482139   -6.3442596   0.42122198   -5.9230376 
    7000   0.28258121   0.97157209    1365.0716    0.9750404   -6.3332084   0.42355335    -5.909655 
    8000   0.32252956   0.90238814    1373.1297   0.96931847   -6.2910448   0.48343086   -5.8076139 
    9000    0.2960919   0.84877711    1365.6802   0.97460588   -6.3502914   0.44380417   -5.9064873 
   10000   0.28937247   0.83514212    1361.4622   0.97762535   -6.3864196   0.43373259    -5.952687 
   11000   0.30609537   0.95726214    1367.3484   0.97341688   -6.3282075   0.45879809   -5.8694094 
   12000   0.30143101   0.88441591    1366.8953   0.97373951   -6.3383752   0.45180681   -5.8865684 
   13000   0.29308771   0.85319924    1359.7372   0.97886564   -6.3923569   0.43930126   -5.9530556 
   14000   0.28827724    1.0054859     1361.669   0.97747694   -6.3525558   0.43209099   -5.9204648 
   15000   0.31095189   0.90767347    1363.8871    0.9758872   -6.3545342    0.4660774   -5.8884569 
   16000    0.2885124    1.0815179    1356.4663   0.98122602    -6.371679   0.43244345   -5.9392355 
   17000    0.2981354    1.1309404    1354.1168    0.9829285    -6.386093    0.4468671   -5.9392259 
   18000   0.30249275    1.2412404    1356.4137   0.98126407   -6.3468495   0.45339823   -5.8934513 
   19000   0.30073028    1.0480648     1356.618   0.98111625    -6.382017    0.4507565   -5.9312605 
   20000   0.29009684   0.99853766    1355.8374   0.98168114   -6.3955929   0.43481833   -5.9607746 
   21000   0.30132882     1.015485    1358.6901   0.97962001   -6.3734277   0.45165364   -5.9217741 
   22000   0.30501923   0.92873969    1359.3913    0.9791147   -6.3877631    0.4571851    -5.930578 
   23000   0.29069729   0.93543815    1355.9107   0.98162806   -6.4044335   0.43571833   -5.9687152 
   24000   0.30756073   0.79151029    1359.2367   0.97922609   -6.4065669   0.46099448   -5.9455724 
   25000   0.29995479   0.84080271    1360.7447   0.97814089   -6.3859727   0.44959414   -5.9363786 
   26000   0.28824374   0.76523696    1359.2683   0.97920332   -6.4102936   0.43204077   -5.9782528 
   27000    0.3056372   0.69501338    1358.4734   0.97977626   -6.4314482   0.45811135   -5.9733368 
   28000   0.30183313   0.70477844    1360.3659   0.97841322   -6.4153361   0.45240954   -5.9629265 
   29000   0.29274053   0.91177319    1352.8994   0.98381296   -6.4331045   0.43878088   -5.9943236 
   30000   0.28865307   0.97351516    1349.8658   0.98602396   -6.4472724   0.43265431   -6.0146181 
   31000   0.30005336   0.88193205    1352.6738   0.98397708   -6.4403034   0.44974189   -5.9905616 
   32000    0.3014351   0.88197756    1351.4807   0.98484571   -6.4492585   0.45181294   -5.9974456 
   33000   0.30029278   0.85134995    1348.8204   0.98678814   -6.4785601   0.45010075   -6.0284594 
   34000   0.30050541   0.75151718    1347.8041   0.98753225   -6.5031183   0.45041945   -6.0526988 
   35000   0.29533073   0.73183306    1346.4879   0.98849758   -6.5172387   0.44266327   -6.0745755 
   36000   0.29889734   0.58340173    1345.1092   0.98951075   -6.5558571   0.44800917   -6.1078479 
   37000   0.30195517   0.68343219    1340.8341   0.99266572   -6.5768212   0.45259246   -6.1242287 
   38000   0.29503086   0.87550526    1332.6639   0.99875147   -6.6117854    0.4422138   -6.1695716 
   39000   0.30098521   0.78164936    1322.9504    1.0060846   -6.6984638   0.45113861   -6.2473252 
   40000   0.30353466   0.80124567    1314.3748    1.0126488   -6.7704103   0.45495991   -6.3154504 
   41000   0.28492344   0.87735497    1306.5013    1.0187514   -6.8122769   0.42706406   -6.3852128 
   42000   0.29959745   0.82000182    1306.9083    1.0184341   -6.8407726   0.44905853   -6.3917141 
   43000   0.29914419   0.86356363    1306.3323    1.0188831   -6.8392148   0.44837916   -6.3908357 
   44000   0.29697783   0.77474991    1309.8026    1.0161837   -6.8398216   0.44513206   -6.3946896 
   45000   0.29749157    0.7940929    1308.1262    1.0174859   -6.8395045   0.44590209   -6.3936025 
   46000   0.30974619   0.74832381    1305.2768    1.0197071    -6.858451    0.4642702   -6.3941808 
   47000   0.29897485   0.88438515    1304.7319    1.0201329   -6.8459967   0.44812534   -6.3978713 
   48000   0.30442349   0.86395087    1303.8701    1.0208072    -6.853305   0.45629216   -6.3970128 
   49000   0.30306239   0.97390455    1303.5147    1.0210855   -6.8483035   0.45425204   -6.3940515 
   50000   0.30582004   0.95596879    1302.5688    1.0218271   -6.8529836   0.45838541   -6.3945982 
Loop time of 43.0337 on 1 procs for 50000 steps with 1331 atoms

Performance: 401545.479 tau/day, 1161.879 timesteps/s
99.9% CPU use with 1 MPI tasks x no OpenMP threads

MPI task timing breakdown:
Section |  min time  |  avg time  |  max time  |%varavg| %total
---------------------------------------------------------------
Pair    | 34.83      | 34.83      | 34.83      |   0.0 | 80.94
Neigh   | 5.1576     | 5.1576     | 5.1576     |   0.0 | 11.98
Comm    | 0.7523     | 0.7523     | 0.7523     |   0.0 |  1.75
Output  | 0.021822   | 0.021822   | 0.021822   |   0.0 |  0.05
Modify  | 2.0455     | 2.0455     | 2.0455     |   0.0 |  4.75
Other   |            | 0.2262     |            |       |  0.53

Nlocal:    1331 ave 1331 max 1331 min
Histogram: 1 0 0 0 0 0 0 0 0 0
Nghost:    3247 ave 3247 max 3247 min
Histogram: 1 0 0 0 0 0 0 0 0 0
Neighs:    57460 ave 57460 max 57460 min
Histogram: 1 0 0 0 0 0 0 0 0 0

Total # of neighbors = 57460
Ave neighs/atom = 43.1705
Neighbor list builds = 2500
Dangerous builds not checked

write_restart lattice_11_11_11__2_2_2/sim1/T_0.30__P_0.90/end1.restart
Total wall time: 0:00:43
