run 50000
Neighbor list info ...
  update every 20 steps, delay 0 steps, check no
  max neighbors/atom: 2000, page size: 100000
  master list distance cutoff = 2.8
  ghost atom cutoff = 2.8
  binsize = 1.4, bins = 16 16 16
  1 neighbor lists, perpetual/occasional/extra = 1 0 0
  (1) pair lj/cut, perpetual
      attributes: half, newton on
      pair build: half/bin/atomonly/newton
      stencil: half/bin/3d/newton
      bin: standard
Per MPI rank memory allocation (min/avg/max) = 2.7 | 2.7 | 2.7 Mbytes
Step Temp Press Volume Density PotEng KinEng TotEng 
       0          0.1 -0.032919548        10648        0.125  -0.13561964    0.1498873  0.014267664 
    1000   0.68877171  -0.21269292    2847.1318   0.46748802   -3.0858005    1.0323813   -2.0534191 
    2000   0.52741061   0.54438359    1516.5512   0.87764922   -5.5639395   0.79052154    -4.773418 
    3000   0.23296881   0.87229228    1364.3153   0.97558097   -6.3623941   0.34919066   -6.0132035 
    4000   0.12839269   0.87158009    1328.1116    1.0021748   -6.6075903   0.19244434    -6.415146 
    5000  0.087341612    0.9063865      1317.81     1.010009   -6.6768859   0.13091399   -6.5459719 
    6000  0.093102198   0.92028637    1317.8193    1.0100019   -6.6733963   0.13954837   -6.5338479 
    7000    0.1136756   0.90137198    1321.0129    1.0075602   -6.6528113   0.17038528    -6.482426 
    8000  0.097384777    0.8877399    1317.5598    1.0102008   -6.6807679   0.14596742   -6.5348005 
    9000  0.093480184    0.8895458    1316.7315    1.0108363   -6.6856791   0.14011493   -6.5455642 
   10000   0.11179767   0.85736364     1320.153    1.0082165   -6.6696727   0.16757051   -6.5021022 
   11000   0.10568549   0.87642244    1317.6678     1.010118   -6.6839271   0.15840913   -6.5255179 
   12000  0.092049515   0.91815618    1315.5872    1.0117155   -6.6895372   0.13797054   -6.5515667 
   13000   0.10319023   0.86613762    1317.9827    1.0098767   -6.6808485   0.15466905   -6.5261794 
   14000   0.10385671   0.97592666    1315.9329    1.0114498   -6.6781709   0.15566802   -6.5225029 
   15000   0.09598571   0.82929903    1316.9424    1.0106744   -6.6941351   0.14387039   -6.5502647 
   16000   0.10350794   0.96195943    1314.9764    1.0121855   -6.6859543   0.15514527    -6.530809 
   17000   0.10328925   0.86174968    1318.7004     1.009327   -6.6758626   0.15481747   -6.5210452 
   18000  0.099177118   0.84366574    1316.5904    1.0109446   -6.6947996   0.14865391   -6.5461457 
   19000  0.098151281   0.97874127    1315.0006    1.0121668   -6.6847218   0.14711631   -6.5376055 
   20000   0.10606942   0.82051993    1319.0653    1.0090479   -6.6802236   0.15898459    -6.521239 
   21000  0.095983652   0.94041096    1315.1891    1.0120217   -6.6881426   0.14386731   -6.5442753 
   22000  0.097138492    0.9579412    1314.7324    1.0123733   -6.6909355   0.14559827   -6.5453372 
   23000   0.10343598   0.81100311    1319.2517    1.0089053   -6.6788626    0.1550374   -6.5238252 
   24000   0.10007327   0.97600496    1313.8408    1.0130604   -6.6906989   0.14999712   -6.5407018 
   25000  0.092429631   0.88452881    1314.9435    1.0122108   -6.6967469   0.13854028   -6.5582066 
   26000    0.1022756   0.92214439    1315.7932    1.0115572   -6.6856338   0.15329814   -6.5323357 
   27000  0.099814458   0.89836023    1316.3572    1.0111237   -6.6878806    0.1496092   -6.5382715 
   28000  0.093805818   0.96206081    1313.1649    1.0135818    -6.702372   0.14060301    -6.561769 
   29000  0.098000198    0.8755825    1316.2856    1.0111787    -6.689611   0.14688985   -6.5427212 
   30000   0.10489108   0.96031027    1314.5022    1.0125506    -6.690293   0.15721841   -6.5330746 
   31000  0.094398911   0.86182025    1315.2249    1.0119942   -6.7016362   0.14149198   -6.5601442 
   32000   0.09943844   0.89851899    1314.9799    1.0121828   -6.6973593    0.1490456   -6.5483137 
   33000   0.10265194   0.96354087    1314.8676    1.0122692   -6.6849074   0.15386222   -6.5310452 
   34000  0.097860891   0.84553145    1315.3995    1.0118599   -6.7022779   0.14668105   -6.5555969 
   35000  0.097192192    1.0439275    1311.9149    1.0145475   -6.6962535   0.14567875   -6.5505747 
   36000   0.10313389   0.84082564    1317.8322     1.009992   -6.6881347    0.1545846   -6.5335501 
   37000  0.097555643   0.94842096    1313.0261    1.0136889   -6.7039262   0.14622352   -6.5577027 
   38000  0.094682522   0.84183396     1314.308    1.0127002   -6.7111917   0.14191708   -6.5692746 
   39000    0.1037471   0.91001751    1315.0913     1.012097   -6.6945324   0.15550373   -6.5390286 
   40000  0.099959898   0.97727398    1312.9005    1.0137859   -6.7002375    0.1498272   -6.5504103 
   41000  0.092404802   0.90036703     1313.313    1.0134675   -6.7081763   0.13850307   -6.5696733 
   42000   0.10329903   0.84620109    1315.5191    1.0117679   -6.7004148   0.15483213   -6.5455827 
   43000   0.10254805   0.98688703    1312.7179    1.0139269     -6.69792   0.15370651   -6.5442135 
   44000  0.094815626   0.79663801    1315.1888     1.012022   -6.7122079   0.14211658   -6.5700913 
   45000   0.10299657     1.031306    1311.3547    1.0149809   -6.7033543   0.15437878   -6.5489756 
   46000   0.10301257   0.78026327    1317.3226    1.0103827   -6.6987524   0.15440276   -6.5443497 
   47000   0.09441128   0.95983165     1312.074    1.0144245   -6.7069466   0.14151052   -6.5654361 
   48000  0.095520441   0.91166224    1314.1027    1.0128584     -6.69969   0.14317301   -6.5565169 
   49000   0.10498757   0.84933273    1315.8531    1.0115111   -6.6983466   0.15736304   -6.5409835 
   50000  0.098116141   0.93603948    1312.4328    1.0141472    -6.708725   0.14706364   -6.5616614 
Loop time of 45.1789 on 1 procs for 50000 steps with 1331 atoms

Performance: 382479.302 tau/day, 1106.711 timesteps/s
99.9% CPU use with 1 MPI tasks x no OpenMP threads

MPI task timing breakdown:
Section |  min time  |  avg time  |  max time  |%varavg| %total
---------------------------------------------------------------
Pair    | 36.919     | 36.919     | 36.919     |   0.0 | 81.72
Neigh   | 5.1613     | 5.1613     | 5.1613     |   0.0 | 11.42
Comm    | 0.77028    | 0.77028    | 0.77028    |   0.0 |  1.70
Output  | 0.025943   | 0.025943   | 0.025943   |   0.0 |  0.06
Modify  | 2.0665     | 2.0665     | 2.0665     |   0.0 |  4.57
Other   |            | 0.2356     |            |       |  0.52

Nlocal:    1331 ave 1331 max 1331 min
Histogram: 1 0 0 0 0 0 0 0 0 0
Nghost:    3295 ave 3295 max 3295 min
Histogram: 1 0 0 0 0 0 0 0 0 0
Neighs:    60471 ave 60471 max 60471 min
Histogram: 1 0 0 0 0 0 0 0 0 0

Total # of neighbors = 60471
Ave neighs/atom = 45.4328
Neighbor list builds = 2500
Dangerous builds not checked

write_restart lattice_11_11_11__2_2_2/sim1/T_0.10__P_0.90/end1.restart
Total wall time: 0:00:45
