run 50000
Neighbor list info ...
  update every 20 steps, delay 0 steps, check no
  max neighbors/atom: 2000, page size: 100000
  master list distance cutoff = 2.8
  ghost atom cutoff = 2.8
  binsize = 1.4, bins = 16 16 16
  1 neighbor lists, perpetual/occasional/extra = 1 0 0
  (1) pair lj/cut, perpetual
      attributes: half, newton on
      pair build: half/bin/atomonly/newton
      stencil: half/bin/3d/newton
      bin: standard
Per MPI rank memory allocation (min/avg/max) = 2.7 | 2.7 | 2.7 Mbytes
Step Temp Press TotEng 
       0          1.2   0.10447715     1.663028 
    1000      1.30465   0.11237319    1.1968673 
    2000    1.1488307   0.10613111   0.87804362 
    3000    1.2419503  0.097418865    0.9810487 
    4000    1.1932016  0.096948379   0.96270684 
    5000    1.1841277   0.10333777   0.91547708 
    6000    1.2153687   0.10206327   0.96728585 
    7000    1.1770257   0.10503111   0.89197252 
    8000     1.224395   0.10398396   0.95142623 
    9000    1.1969583   0.10712414   0.96683542 
   10000    1.1624398   0.11006363   0.87000742 
   11000    1.2043274   0.09042282   0.92605211 
   12000    1.1969336   0.11009712   0.92816564 
   13000    1.1838816  0.094047192   0.88976782 
   14000    1.2264476   0.11342352   0.98804177 
   15000    1.1982466   0.10876654    0.9144611 
   16000    1.2555304   0.11530929    1.0118427 
   17000     1.207184   0.10277112   0.96924441 
   18000    1.1878456   0.10418173   0.92094098 
   19000    1.2596225    0.1064125    1.0045178 
   20000    1.1759263  0.096625618   0.88253356 
   21000    1.2238821  0.097887025   0.98192114 
   22000    1.1961213  0.097686284   0.94429938 
   23000    1.2050726  0.094878991   0.96657244 
   24000      1.20605   0.10116445   0.95239002 
   25000    1.1848936  0.099703979   0.91389958 
   26000    1.2054441   0.11575222   0.96790062 
   27000    1.1446748  0.096042177   0.82837208 
   28000     1.195319   0.10156837   0.91914201 
   29000    1.1880831  0.094928274   0.91236767 
   30000     1.180121  0.099494482   0.94398756 
   31000    1.2187673   0.11062769    1.0089789 
   32000    1.1741568  0.096692302   0.88791466 
   33000    1.1883316  0.089565489   0.90821334 
   34000    1.1956896   0.10981639   0.95200754 
   35000    1.2013876   0.11290777   0.92200757 
   36000     1.174234   0.10833734   0.86889247 
   37000    1.2191148  0.092863225   0.95650627 
   38000    1.1447966   0.10740301    0.8711649 
   39000    1.2513454  0.095024752   0.99334005 
   40000    1.1694404  0.086538299   0.88741314 
   41000    1.2155708   0.11022568   0.96879679 
   42000     1.151576   0.10985397   0.87524136 
   43000    1.1697671  0.093117861   0.90919932 
   44000     1.230774  0.098592173    0.9860561 
   45000     1.183331   0.10651409   0.88118216 
   46000    1.2439646   0.11738603   0.96843568 
   47000    1.1764429   0.11116259   0.89198805 
   48000    1.1842852  0.094594174   0.93380161 
   49000    1.2120597   0.11616862   0.96366715 
   50000    1.1548992   0.10867954   0.86271493 
Loop time of 8.76609 on 1 procs for 50000 steps with 1331 atoms

Performance: 1971231.620 tau/day, 5703.795 timesteps/s
99.9% CPU use with 1 MPI tasks x no OpenMP threads

MPI task timing breakdown:
Section |  min time  |  avg time  |  max time  |%varavg| %total
---------------------------------------------------------------
Pair    | 5.4804     | 5.4804     | 5.4804     |   0.0 | 62.52
Neigh   | 1.9724     | 1.9724     | 1.9724     |   0.0 | 22.50
Comm    | 0.35934    | 0.35934    | 0.35934    |   0.0 |  4.10
Output  | 0.016826   | 0.016826   | 0.016826   |   0.0 |  0.19
Modify  | 0.84548    | 0.84548    | 0.84548    |   0.0 |  9.64
Other   |            | 0.09163    |            |       |  1.05

Nlocal:    1331 ave 1331 max 1331 min
Histogram: 1 0 0 0 0 0 0 0 0 0
Nghost:    1271 ave 1271 max 1271 min
Histogram: 1 0 0 0 0 0 0 0 0 0
Neighs:    8189 ave 8189 max 8189 min
Histogram: 1 0 0 0 0 0 0 0 0 0

Total # of neighbors = 8189
Ave neighs/atom = 6.15252
Neighbor list builds = 2500
Dangerous builds not checked

write_restart NVT/sim1/T_1.20__v_8.00/end1.restart
Total wall time: 0:00:08
