run 50000
Neighbor list info ...
  update every 20 steps, delay 0 steps, check no
  max neighbors/atom: 2000, page size: 100000
  master list distance cutoff = 2.8
  ghost atom cutoff = 2.8
  binsize = 1.4, bins = 10 10 10
  1 neighbor lists, perpetual/occasional/extra = 1 0 0
  (1) pair lj/cut, perpetual
      attributes: half, newton on
      pair build: half/bin/atomonly/newton
      stencil: half/bin/3d/newton
      bin: standard
Per MPI rank memory allocation (min/avg/max) = 2.742 | 2.742 | 2.742 Mbytes
Step Temp Press TotEng 
       0          0.2   -2.0414672   -2.9301967 
    1000   0.52224518  0.054309009   -3.8629236 
    2000     0.356685   -0.2010061    -4.673945 
    3000    0.2644517  -0.16834601   -5.1656369 
    4000    0.2070335  -0.16716574   -5.4286842 
    5000   0.18459938 -0.063252537    -5.537438 
    6000   0.19775407 -0.064954313   -5.5164783 
    7000    0.2041811  -0.09420689   -5.4993707 
    8000    0.1945902  -0.15776292   -5.5495253 
    9000   0.19417216 -0.080760702   -5.5626207 
   10000   0.20631259 -0.092154819   -5.5415533 
   11000   0.20088981  -0.10469413   -5.5602211 
   12000   0.19972659  -0.16912831   -5.5863991 
   13000   0.20468789  -0.09701584   -5.5855332 
   14000   0.20370243  0.019524585   -5.5857869 
   15000   0.20047276 -0.060816704   -5.5959635 
   16000   0.19464686 -0.094557457   -5.5998649 
   17000   0.20006356  -0.11951253   -5.5937984 
   18000   0.20643082  -0.10318534    -5.590346 
   19000    0.2001547 -0.086957436   -5.6040228 
   20000   0.19788616 -0.088292215   -5.6078277 
   21000   0.20098144  -0.11860108   -5.5967268 
   22000   0.20121258 -0.087541803   -5.6099395 
   23000   0.19664769  -0.10801462   -5.6153297 
   24000   0.20127992 -0.0059116209    -5.605056 
   25000   0.19948406 -0.074356593   -5.6069613 
   26000   0.20465466 -0.084480447   -5.6127462 
   27000   0.19939091 -0.098692354     -5.61054 
   28000   0.19558874   -0.1250985   -5.6090629 
   29000   0.20035256 -0.095059978   -5.6191814 
   30000   0.20496485  -0.19725117   -5.6244878 
   31000   0.20225752 -0.084635186   -5.6180284 
   32000   0.19902009  -0.13149819   -5.6216992 
   33000   0.19943966 -0.076564384   -5.6306763 
   34000    0.2021162  -0.17394008   -5.6213762 
   35000   0.20210689  -0.14339333    -5.618389 
   36000   0.20010352  -0.14577531   -5.6438709 
   37000   0.20033199  -0.13954315   -5.6423176 
   38000   0.19952127  -0.15709219   -5.6182306 
   39000   0.19630576  -0.15242669   -5.6349553 
   40000   0.19396597  -0.14511624   -5.6491428 
   41000   0.20039198  -0.14955978   -5.6238394 
   42000   0.20431232  -0.15068535   -5.6263987 
   43000    0.1918022  -0.18897822   -5.6479474 
   44000   0.20611358 -0.043114431   -5.6282181 
   45000   0.19683972  -0.15400179   -5.6299917 
   46000   0.19288729  -0.20741277   -5.6557312 
   47000   0.20221855  -0.12919697   -5.6378322 
   48000   0.20419289 -0.063401646   -5.6294757 
   49000   0.19618539 -0.097934738   -5.6544292 
   50000   0.21003924   -0.1312115   -5.6482322 
Loop time of 32.2991 on 1 procs for 50000 steps with 1331 atoms

Performance: 534999.661 tau/day, 1548.031 timesteps/s
99.9% CPU use with 1 MPI tasks x no OpenMP threads

MPI task timing breakdown:
Section |  min time  |  avg time  |  max time  |%varavg| %total
---------------------------------------------------------------
Pair    | 27.309     | 27.309     | 27.309     |   0.0 | 84.55
Neigh   | 3.8176     | 3.8176     | 3.8176     |   0.0 | 11.82
Comm    | 0.22881    | 0.22881    | 0.22881    |   0.0 |  0.71
Output  | 0.024707   | 0.024707   | 0.024707   |   0.0 |  0.08
Modify  | 0.8402     | 0.8402     | 0.8402     |   0.0 |  2.60
Other   |            | 0.07852    |            |       |  0.24

Nlocal:    1331 ave 1331 max 1331 min
Histogram: 1 0 0 0 0 0 0 0 0 0
Nghost:    804 ave 804 max 804 min
Histogram: 1 0 0 0 0 0 0 0 0 0
Neighs:    47622 ave 47622 max 47622 min
Histogram: 1 0 0 0 0 0 0 0 0 0

Total # of neighbors = 47622
Ave neighs/atom = 35.7791
Neighbor list builds = 2500
Dangerous builds not checked

write_restart NVT/sim1/T_0.20__v_1.73/end1.restart
Total wall time: 0:00:32
