run 50000
Neighbor list info ...
  update every 20 steps, delay 0 steps, check no
  max neighbors/atom: 2000, page size: 100000
  master list distance cutoff = 2.8
  ghost atom cutoff = 2.8
  binsize = 1.4, bins = 16 16 16
  1 neighbor lists, perpetual/occasional/extra = 1 0 0
  (1) pair lj/cut, perpetual
      attributes: half, newton on
      pair build: half/bin/atomonly/newton
      stencil: half/bin/3d/newton
      bin: standard
Per MPI rank memory allocation (min/avg/max) = 2.7 | 2.7 | 2.7 Mbytes
Step Temp Press TotEng 
       0          0.3 -0.0079383306   0.31404227 
    1000      0.56253 0.0075897359   -0.2048702 
    2000   0.52848067 -0.013303496  -0.96948305 
    3000   0.52296319 0.0022007416   -1.7251595 
    4000   0.48455694 -0.020990619   -2.4838689 
    5000   0.41901771 -0.0075742398    -3.126412 
    6000   0.36254349 -0.0015231177   -3.6177985 
    7000   0.31350735 -0.023190998   -3.9431104 
    8000   0.29731528 0.0082087463   -4.1419876 
    9000   0.29514109  -0.01228106   -4.2410776 
   10000   0.30606637 0.0012146423   -4.2766383 
   11000   0.30035239 0.0067258996   -4.3228568 
   12000   0.29750404 -0.0030863738   -4.3461654 
   13000   0.30369339 -0.0075327193   -4.3712722 
   14000   0.30383974 -0.012790407   -4.3928573 
   15000   0.30279852 -0.0024055023   -4.3991611 
   16000   0.29081465 -0.0020762952   -4.4188108 
   17000   0.30110442 -0.0033454987   -4.4460159 
   18000   0.29924592  0.014008776   -4.4334211 
   19000   0.30831203 -0.0090131339    -4.399394 
   20000   0.30335845 -0.0065224799   -4.4372755 
   21000   0.30306744  0.015581704   -4.4886338 
   22000   0.29521641 0.00057158431   -4.4785053 
   23000   0.30029948 -0.017505941   -4.4451292 
   24000   0.30340744 -0.013565661   -4.4924383 
   25000   0.28450134  0.021211985    -4.531864 
   26000    0.2990894 0.0022180923   -4.4917465 
   27000   0.30388889 -0.018969644   -4.4884051 
   28000   0.28790812 -0.004827291   -4.5383282 
   29000   0.29778966 0.0025619368   -4.5326071 
   30000   0.31320304 -0.020433774   -4.5134437 
   31000    0.3030108 -0.012318651   -4.5504642 
   32000    0.2990095 0.00077147721   -4.5967069 
   33000   0.30430749  0.020291378   -4.5911533 
   34000   0.30966822 -0.00025762094   -4.5894357 
   35000   0.29427506 -0.015357118   -4.6169068 
   36000   0.29821328 0.0088522998   -4.6111243 
   37000    0.2967789 0.0095409197    -4.608483 
   38000   0.30398674   0.02270865   -4.6173049 
   39000   0.30991186 -0.020644236   -4.6251229 
   40000   0.30552586 -0.0022103572   -4.6325569 
   41000   0.29651359 0.0035129848   -4.6351725 
   42000   0.29532122  0.010815296   -4.6294774 
   43000   0.30564827 -0.018130296   -4.6241702 
   44000   0.30332347 0.0082721029   -4.6392171 
   45000   0.30270511 0.0018418335   -4.6332626 
   46000   0.30502699  0.010409878   -4.6111691 
   47000   0.29688066  0.010184037   -4.6281728 
   48000   0.29891585  0.015762908   -4.6661269 
   49000   0.29629492 0.0085689924   -4.6619795 
   50000   0.31377837  0.025283321   -4.6543354 
Loop time of 28.58 on 1 procs for 50000 steps with 1331 atoms

Performance: 604618.378 tau/day, 1749.474 timesteps/s
99.5% CPU use with 1 MPI tasks x no OpenMP threads

MPI task timing breakdown:
Section |  min time  |  avg time  |  max time  |%varavg| %total
---------------------------------------------------------------
Pair    | 23.493     | 23.493     | 23.493     |   0.0 | 82.20
Neigh   | 3.4631     | 3.4631     | 3.4631     |   0.0 | 12.12
Comm    | 0.4088     | 0.4088     | 0.4088     |   0.0 |  1.43
Output  | 0.027782   | 0.027782   | 0.027782   |   0.0 |  0.10
Modify  | 1.0742     | 1.0742     | 1.0742     |   0.0 |  3.76
Other   |            | 0.1134     |            |       |  0.40

Nlocal:    1331 ave 1331 max 1331 min
Histogram: 1 0 0 0 0 0 0 0 0 0
Nghost:    1257 ave 1257 max 1257 min
Histogram: 1 0 0 0 0 0 0 0 0 0
Neighs:    36945 ave 36945 max 36945 min
Histogram: 1 0 0 0 0 0 0 0 0 0

Total # of neighbors = 36945
Ave neighs/atom = 27.7573
Neighbor list builds = 2500
Dangerous builds not checked

write_restart NVT/sim1/T_0.30__v_8.00/end1.restart
Total wall time: 0:00:28
