run 50000
Neighbor list info ...
  update every 20 steps, delay 0 steps, check no
  max neighbors/atom: 2000, page size: 100000
  master list distance cutoff = 2.8
  ghost atom cutoff = 2.8
  binsize = 1.4, bins = 16 16 16
  1 neighbor lists, perpetual/occasional/extra = 1 0 0
  (1) pair lj/cut, perpetual
      attributes: half, newton on
      pair build: half/bin/atomonly/newton
      stencil: half/bin/3d/newton
      bin: standard
Per MPI rank memory allocation (min/avg/max) = 2.7 | 2.7 | 2.7 Mbytes
Step Temp Press Volume Density PotEng KinEng TotEng 
       0          0.2 -0.020428939        10648        0.125  -0.13561964   0.29977461   0.16415497 
    1000    0.8770215 -0.071896766    3182.9202   0.41816945   -2.6557376    1.3145439   -1.3411937 
    2000   0.74324279   0.60030133    1677.0939   0.79363475     -4.84318    1.1140266   -3.7291534 
    3000   0.44769765    1.3948036    1416.0224   0.93995688   -5.9417041   0.67104193   -5.2706622 
    4000    0.2764353    1.4272065    1350.7871   0.98535141    -6.358045   0.41434142   -5.9437036 
    5000   0.19242042    1.4860121    1327.5987     1.002562   -6.5103176   0.28841377   -6.2219038 
    6000    0.1814979    1.5200166     1322.036    1.0067804   -6.5414965   0.27204231   -6.2694541 
    7000   0.21736684     1.505944    1326.9025     1.003088   -6.5127536   0.32580529   -6.1869483 
    8000   0.20831711    1.5083162    1323.9103    1.0053551   -6.5354778    0.3122409   -6.2232369 
    9000   0.18225869    1.5288241    1319.1961    1.0089478   -6.5588048   0.27318264   -6.2856222 
   10000   0.20833873    1.5098713    1323.1605    1.0059249   -6.5403324   0.31227331   -6.2280591 
   11000   0.20582455     1.491491    1324.7417    1.0047242   -6.5312758   0.30850487   -6.2227709 
   12000   0.18512929    1.4929443    1320.0049    1.0083296   -6.5636623    0.2774853    -6.286177 
   13000   0.19586605    1.5973586    1320.4956    1.0079549   -6.5442915   0.29357834   -6.2507132 
   14000   0.20541451    1.6702777    1321.1222    1.0074768   -6.5242604   0.30789027   -6.2163701 
   15000   0.19508781    1.5041313    1319.8116    1.0084773   -6.5637566   0.29241185   -6.2713447 
   16000   0.19015665    1.4399971    1322.1074    1.0067261   -6.5541294   0.28502068   -6.2691087 
   17000   0.20962481    1.3363077    1326.9121    1.0030808   -6.5391509   0.31420098     -6.22495 
   18000   0.19873984    1.4078044    1322.5664    1.0063767   -6.5565505   0.29788579   -6.2586647 
   19000   0.19774005    1.4817924    1318.8462    1.0092155   -6.5735827   0.29638723   -6.2771955 
   20000   0.20779217    1.6009352    1320.5802    1.0078903   -6.5438379   0.31145408   -6.2323839 
   21000   0.20397333    1.5949502    1318.8221    1.0092339   -6.5543332   0.30573012   -6.2486031 
   22000   0.18909144    1.5743997    1317.3527    1.0103597   -6.5669889   0.28342405   -6.2835648 
   23000   0.20785207    1.3937594    1322.5249    1.0064083   -6.5609321   0.31154385   -6.2493883 
   24000   0.20194563    1.3517801    1324.9422    1.0045721   -6.5506459   0.30269085   -6.2479551 
   25000   0.19192364    1.3958427    1320.9356    1.0076192   -6.5755604   0.28766916   -6.2878913 
   26000    0.1976333     1.502276    1320.3141    1.0080934     -6.56086   0.29622722   -6.2646328 
   27000   0.20567018    1.5793598    1320.2806    1.0081191   -6.5475419   0.30827348   -6.2392684 
   28000   0.19392899    1.6346843    1316.0662    1.0113473   -6.5698133   0.29067493   -6.2791384 
   29000   0.20112907    1.5745313    1317.0066    1.0106251   -6.5747126   0.30146693   -6.2732457 
   30000   0.20661003    1.5375327    1320.9347    1.0076198   -6.5493997    0.3096822   -6.2397175 
   31000   0.19987731    1.3897268    1321.4471    1.0072291   -6.5711202   0.29959071   -6.2715295 
   32000   0.19827896    1.4123994    1319.6039     1.008636   -6.5810567   0.29719499   -6.2838617 
   33000   0.20709644    1.4042437    1322.8343    1.0061729   -6.5604731   0.31041126   -6.2500618 
   34000    0.2043325    1.4351345    1321.0441    1.0075364   -6.5701985   0.30626848     -6.26393 
   35000   0.19327807    1.5488738    1317.1867     1.010487   -6.5764164   0.28969929   -6.2867171 
   36000   0.20872353    1.6004062     1317.445    1.0102889   -6.5669704   0.31285007   -6.2541204 
   37000   0.20713953    1.6739525    1316.6647    1.0108876   -6.5604836   0.31047586   -6.2500078 
   38000   0.19678298    1.5170657    1317.8282    1.0099951   -6.5790226    0.2949527   -6.2840699 
   39000   0.20372542    1.4018706    1321.4897    1.0071967     -6.57287   0.30535854   -6.2675114 
   40000   0.20697952    1.3908821    1322.6525    1.0063112   -6.5639976   0.31023601   -6.2537616 
   41000    0.1988201    1.4432068    1319.5265    1.0086952     -6.57856   0.29800608   -6.2805539 
   42000    0.1991943     1.507286     1319.239     1.008915   -6.5702913   0.29856697   -6.2717243 
   43000   0.20951956    1.4995048    1320.4014    1.0080268   -6.5622772   0.31404321    -6.248234 
   44000   0.19900627     1.469804    1319.7332    1.0085372   -6.5737432   0.29828513    -6.275458 
   45000    0.1986051    1.4015817    1319.8609    1.0084396   -6.5834023   0.29768382   -6.2857184 
   46000   0.20347501    1.3339444    1323.5991    1.0055915    -6.561861   0.30498321   -6.2568778 
   47000   0.19944226      1.28914    1323.9063    1.0053582   -6.5723705   0.29893862   -6.2734319 
   48000   0.19718679    1.4538278     1318.505    1.0094767   -6.5836978   0.29555796   -6.2881399 
   49000   0.20729541    1.5195333    1318.8271    1.0092301   -6.5685201    0.3107095   -6.2578105 
   50000   0.20412216    1.5083074    1318.9222    1.0091574   -6.5660274   0.30595319   -6.2600743 
Loop time of 44.8528 on 1 procs for 50000 steps with 1331 atoms

Performance: 385259.823 tau/day, 1114.756 timesteps/s
99.9% CPU use with 1 MPI tasks x no OpenMP threads

MPI task timing breakdown:
Section |  min time  |  avg time  |  max time  |%varavg| %total
---------------------------------------------------------------
Pair    | 36.618     | 36.618     | 36.618     |   0.0 | 81.64
Neigh   | 5.1714     | 5.1714     | 5.1714     |   0.0 | 11.53
Comm    | 0.75985    | 0.75985    | 0.75985    |   0.0 |  1.69
Output  | 0.027012   | 0.027012   | 0.027012   |   0.0 |  0.06
Modify  | 2.043      | 2.043      | 2.043      |   0.0 |  4.55
Other   |            | 0.2335     |            |       |  0.52

Nlocal:    1331 ave 1331 max 1331 min
Histogram: 1 0 0 0 0 0 0 0 0 0
Nghost:    3263 ave 3263 max 3263 min
Histogram: 1 0 0 0 0 0 0 0 0 0
Neighs:    60129 ave 60129 max 60129 min
Histogram: 1 0 0 0 0 0 0 0 0 0

Total # of neighbors = 60129
Ave neighs/atom = 45.1758
Neighbor list builds = 2500
Dangerous builds not checked

write_restart lattice_11_11_11__2_2_2/sim1/T_0.20__P_1.50/end1.restart
Total wall time: 0:00:44
