run 50000
Neighbor list info ...
  update every 20 steps, delay 0 steps, check no
  max neighbors/atom: 2000, page size: 100000
  master list distance cutoff = 2.8
  ghost atom cutoff = 2.8
  binsize = 1.4, bins = 10 10 10
  1 neighbor lists, perpetual/occasional/extra = 1 0 0
  (1) pair lj/cut, perpetual
      attributes: half, newton on
      pair build: half/bin/atomonly/newton
      stencil: half/bin/3d/newton
      bin: standard
Per MPI rank memory allocation (min/avg/max) = 2.732 | 2.732 | 2.732 Mbytes
Step Temp Press TotEng 
       0          1.9  0.013931542   -1.2910936 
    1000    1.6886352    1.7515436  -0.70726726 
    2000    1.9690333    2.1318459  -0.19665828 
    3000    1.8157474    2.2792936  -0.39370411 
    4000    1.8778049    1.9847055  -0.36899853 
    5000    1.9461494    2.1490363  -0.25168675 
    6000    1.8396024    2.0077269  -0.42919342 
    7000     1.909382    2.2158711  -0.25437705 
    8000    1.8924582     1.847256  -0.39739616 
    9000    1.9561623    1.8420472  -0.31337072 
   10000    1.9488623    1.9386382  -0.29178244 
   11000    1.8791488    1.9707401  -0.38662668 
   12000    1.9829211    2.1262506   -0.2039102 
   13000    1.8577271    1.8747507   -0.4083883 
   14000    1.9198904     1.976788  -0.30774456 
   15000    1.8925334    1.9157108  -0.34063231 
   16000    1.8495076    2.1006737  -0.38398515 
   17000    1.9090248    2.0768657  -0.29630644 
   18000    1.8487126    1.9436259  -0.44656464 
   19000    1.9119101    1.9825259  -0.32860044 
   20000    1.9257696    1.9677722  -0.31417599 
   21000    1.8928641     1.731232  -0.40510116 
   22000    1.9812848    1.9114235  -0.22654294 
   23000     1.880427    1.8533921  -0.37808756 
   24000    1.9406578    1.7799958  -0.33000068 
   25000    1.9084457    2.0455191  -0.31349049 
   26000    1.8560273    2.0795743  -0.39559602 
   27000    1.9812774     1.890876  -0.24246436 
   28000    1.8615882    1.7619843  -0.45335981 
   29000    1.8750153    2.1034984  -0.35717059 
   30000    1.9141864    2.1031856  -0.28416687 
   31000     1.791635    2.0916468  -0.46656884 
   32000    1.9308853    2.1002994  -0.26152439 
   33000    1.8547738    2.0754514  -0.36652995 
   34000    1.9432046    1.9345977  -0.30211941 
   35000    1.8993077    2.1059697  -0.30566622 
   36000    1.8857949    1.9850421  -0.36607156 
   37000    1.9217433    2.0292114  -0.29799061 
   38000    1.8548703    1.7568567  -0.46842353 
   39000    1.9112686    2.0939974  -0.28001169 
   40000    1.8758359     2.070584  -0.34701673 
   41000    1.8039379    1.8166437  -0.49472892 
   42000    1.9181773    2.1083631  -0.28482579 
   43000    1.8298888    2.0190383  -0.42310358 
   44000    1.9814654    2.0597849  -0.21541812 
   45000    1.8812361     2.106349   -0.3482551 
   46000    1.9078284    1.9405103  -0.33422195 
   47000    2.0296082    2.1735605  -0.12391178 
   48000    1.9156492    1.8461608  -0.34710654 
   49000    1.8935595    2.0896007  -0.33464614 
   50000    1.9117832    2.2027174  -0.24564275 
Loop time of 28.2917 on 1 procs for 50000 steps with 1331 atoms

Performance: 610779.197 tau/day, 1767.301 timesteps/s
99.9% CPU use with 1 MPI tasks x no OpenMP threads

MPI task timing breakdown:
Section |  min time  |  avg time  |  max time  |%varavg| %total
---------------------------------------------------------------
Pair    | 22.827     | 22.827     | 22.827     |   0.0 | 80.68
Neigh   | 3.8205     | 3.8205     | 3.8205     |   0.0 | 13.50
Comm    | 0.65599    | 0.65599    | 0.65599    |   0.0 |  2.32
Output  | 0.024337   | 0.024337   | 0.024337   |   0.0 |  0.09
Modify  | 0.83896    | 0.83896    | 0.83896    |   0.0 |  2.97
Other   |            | 0.1251     |            |       |  0.44

Nlocal:    1331 ave 1331 max 1331 min
Histogram: 1 0 0 0 0 0 0 0 0 0
Nghost:    2615 ave 2615 max 2615 min
Histogram: 1 0 0 0 0 0 0 0 0 0
Neighs:    36400 ave 36400 max 36400 min
Histogram: 1 0 0 0 0 0 0 0 0 0

Total # of neighbors = 36400
Ave neighs/atom = 27.3479
Neighbor list builds = 2500
Dangerous builds not checked

write_restart NVT/sim1/T_1.90__v_1.33/end1.restart
Total wall time: 0:00:28
