run 50000
Neighbor list info ...
  update every 20 steps, delay 0 steps, check no
  max neighbors/atom: 2000, page size: 100000
  master list distance cutoff = 2.8
  ghost atom cutoff = 2.8
  binsize = 1.4, bins = 16 16 16
  1 neighbor lists, perpetual/occasional/extra = 1 0 0
  (1) pair lj/cut, perpetual
      attributes: half, newton on
      pair build: half/bin/atomonly/newton
      stencil: half/bin/3d/newton
      bin: standard
Per MPI rank memory allocation (min/avg/max) = 2.7 | 2.7 | 2.7 Mbytes
Step Temp Press Volume Density PotEng KinEng TotEng 
       0          0.5  0.017042887        10648        0.125  -0.13561964   0.74943651   0.61381687 
    1000    1.1279341   0.13649784    4732.0375   0.28127419   -1.7558355      1.69063 -0.065205522 
    2000   0.92464896  0.025870732     2847.247    0.4674691   -2.9396227    1.3859314   -1.5536914 
    3000   0.83688494     0.355192    1911.0839    0.6964634   -4.1993883    1.2543843    -2.945004 
    4000   0.72773581     1.195843    1574.6702   0.84525633   -5.1398405    1.0907836   -4.0490569 
    5000   0.57159543    1.2549112    1473.2462   0.90344708    -5.631253   0.85674898   -4.7745041 
    6000   0.49748643    1.2737472    1424.8797   0.93411393   -5.9124835   0.74566899   -5.1668145 
    7000    0.4626603     1.344332     1409.228   0.94448876   -5.9858081   0.69346904   -5.2923391 
    8000   0.51063279    1.2199968    1420.9882   0.93667208   -5.9421674   0.76537372   -5.1767937 
    9000   0.51383208    1.3371114    1429.2231    0.9312752   -5.8796779   0.77016905   -5.1095089 
   10000   0.49684709    1.1699911    1417.6752   0.93886104   -5.9718754    0.7447107   -5.2271647 
   11000   0.47702452    1.3745917    1408.6167   0.94489863    -5.994722   0.71499919   -5.2797228 
   12000   0.50815893    1.3565427    1414.8831   0.94071377   -5.9601527   0.76166572    -5.198487 
   13000   0.50457041    1.2772799    1420.0573   0.93728611    -5.938578   0.75628698    -5.182291 
   14000   0.49429903    1.3985731     1413.029   0.94194813   -5.9602854   0.74089148   -5.2193939 
   15000   0.50155789    1.4487733    1415.4407   0.94034317   -5.9397512   0.75177159   -5.1879796 
   16000   0.50767442    1.4381965    1418.1144   0.93857023   -5.9280604   0.76093949   -5.1671209 
   17000   0.49053164    1.1891569     1419.985   0.93733385   -5.9495584   0.73524465   -5.2143137 
   18000   0.50776255    1.0871325    1420.4232   0.93704466   -5.9749593   0.76107159   -5.2138877 
   19000    0.4992537     1.517953    1412.7535   0.94213178   -5.9370942    0.7483179   -5.1887763 
   20000   0.50992433     1.475925    1413.5607   0.94159379    -5.944042   0.76431182   -5.1797301 
   21000   0.49873704    1.4101498    1414.2539   0.94113226   -5.9481536   0.74754349   -5.2006101 
   22000   0.49124864    1.2519397    1416.8554   0.93940423   -5.9598421   0.73631934   -5.2235227 
   23000    0.4908846    1.2451354    1420.9107   0.93672317   -5.9443465   0.73577368   -5.2085728 
   24000    0.4872236    1.2092243    1424.8287   0.93414741   -5.9176601   0.73028631   -5.1873737 
   25000   0.51455468    1.2372668    1420.3742   0.93707701   -5.9519042   0.77125214   -5.1806521 
   26000   0.48462583    1.5445323     1414.159   0.94119544   -5.9325008   0.72639258   -5.2061082 
   27000   0.49893761    1.3357313    1413.6616   0.94152661   -5.9676021   0.74784412   -5.2197579 
   28000   0.49745335    1.1165989    1424.6621   0.93425662   -5.9368367   0.74561941   -5.1912172 
   29000   0.49867946   0.92495083    1422.5278   0.93565832   -5.9904136   0.74745719   -5.2429564 
   30000   0.47110856    1.3920146    1410.1342   0.94388177   -5.9777121   0.70613191   -5.2715802 
   31000   0.49676775    1.3688487    1411.5507   0.94293459    -5.980166   0.74459178   -5.2355742 
   32000    0.5100266    1.3003059    1411.1731   0.94318693   -6.0028652   0.76446512      -5.2384 
   33000   0.49157641    1.4265418    1407.1795   0.94586367   -5.9873056   0.73681062    -5.250495 
   34000   0.50391718    1.4125285    1403.6345   0.94825256   -6.0246517   0.75530786   -5.2693439 
   35000    0.5081569    1.1763831    1406.5499   0.94628709   -6.0477122   0.76166267   -5.2860495 
   36000   0.50455472    1.1656594    1413.2368   0.94180959   -6.0075043   0.75626346   -5.2512408 
   37000   0.50872093    1.2555824    1401.5122   0.94968848   -6.0695752   0.76250808   -5.3070671 
   38000   0.47292401    1.4231195    1388.1141   0.95885492   -6.1255399   0.70885305   -5.4166869 
   39000   0.49908228    1.3586958    1381.5509   0.96341005   -6.1824655   0.74806097   -5.4344046 
   40000   0.51555663    1.3283413    1370.2606   0.97134811   -6.2761598   0.77275393   -5.5034059 
   41000   0.49836554    1.4189545    1359.0808    0.9793384   -6.3344738   0.74698666   -5.5874871 
   42000   0.47109385     1.163111    1357.9446   0.98015782   -6.3882848   0.70610987   -5.6821749 
   43000   0.47841446    1.2258259    1345.9246   0.98891129   -6.4663873   0.71708254   -5.7493047 
   44000   0.51448694    1.3262636     1347.863   0.98748908   -6.4442714    0.7711506   -5.6731208 
   45000   0.49793292    1.4515356    1350.8102    0.9853346   -6.3931974   0.74633822   -5.6468592 
   46000   0.48257031    1.3046968    1344.9745   0.98960984   -6.4579262   0.72331162   -5.7346145 
   47000   0.50481664    1.1987605    1344.1157   0.99024211   -6.4880908   0.75665604   -5.7314347 
   48000   0.51773383    1.4351731    1345.7219   0.98906024   -6.4331725   0.77601727   -5.6571552 
   49000   0.49913121    1.0226039    1352.0679   0.98441805   -6.4544569   0.74813431   -5.7063226 
   50000   0.48727384    1.1166096     1346.338   0.98860759   -6.4783106   0.73036162    -5.747949 
Loop time of 41.4252 on 1 procs for 50000 steps with 1331 atoms

Performance: 417137.675 tau/day, 1206.996 timesteps/s
100.0% CPU use with 1 MPI tasks x no OpenMP threads

MPI task timing breakdown:
Section |  min time  |  avg time  |  max time  |%varavg| %total
---------------------------------------------------------------
Pair    | 33.623     | 33.623     | 33.623     |   0.0 | 81.17
Neigh   | 4.7739     | 4.7739     | 4.7739     |   0.0 | 11.52
Comm    | 0.73669    | 0.73669    | 0.73669    |   0.0 |  1.78
Output  | 0.023534   | 0.023534   | 0.023534   |   0.0 |  0.06
Modify  | 2.0446     | 2.0446     | 2.0446     |   0.0 |  4.94
Other   |            | 0.2235     |            |       |  0.54

Nlocal:    1331 ave 1331 max 1331 min
Histogram: 1 0 0 0 0 0 0 0 0 0
Nghost:    3188 ave 3188 max 3188 min
Histogram: 1 0 0 0 0 0 0 0 0 0
Neighs:    56959 ave 56959 max 56959 min
Histogram: 1 0 0 0 0 0 0 0 0 0

Total # of neighbors = 56959
Ave neighs/atom = 42.7941
Neighbor list builds = 2500
Dangerous builds not checked

write_restart lattice_11_11_11__2_2_2/sim1/T_0.50__P_1.30/end1.restart
Total wall time: 0:00:41
