run 50000
Neighbor list info ...
  update every 20 steps, delay 0 steps, check no
  max neighbors/atom: 2000, page size: 100000
  master list distance cutoff = 2.8
  ghost atom cutoff = 2.8
  binsize = 1.4, bins = 16 16 16
  1 neighbor lists, perpetual/occasional/extra = 1 0 0
  (1) pair lj/cut, perpetual
      attributes: half, newton on
      pair build: half/bin/atomonly/newton
      stencil: half/bin/3d/newton
      bin: standard
Per MPI rank memory allocation (min/avg/max) = 2.7 | 2.7 | 2.7 Mbytes
Step Temp Press Volume Density PotEng KinEng TotEng 
       0          0.7  0.042024104        10648        0.125  -0.13561964    1.0492111   0.91359148 
    1000    1.0316304  0.078817989     8091.731   0.16448891   -1.1012699     1.546283   0.44501303 
    2000   0.86125839  0.043933294    6340.8794   0.20990779   -1.5531549     1.290917  -0.26223789 
    3000   0.82067201 -0.0074719281    4983.0312   0.26710649   -2.1083828    1.2300831  -0.87829964 
    4000   0.82516503    -0.088884    4000.9263   0.33267296   -2.7450944    1.2368176   -1.5082768 
    5000   0.79516873 -0.043874484    3237.1952    0.4111584   -3.2962276     1.191857   -2.1043707 
    6000   0.77265554  -0.04901854    2662.6705   0.49987409   -3.8074726    1.1581125   -2.6493601 
    7000   0.73605203 -0.030923107    2238.8217   0.59450915   -4.1967313    1.1032485   -3.0934828 
    8000   0.72110274  -0.18418394    1910.0288   0.69684813   -4.5209178    1.0808414   -3.4400764 
    9000    0.7246799   0.15783684    1703.7149   0.78123398   -4.8337045    1.0862032   -3.7475014 
   10000   0.67820835   0.17708886    1648.5385   0.80738179   -5.0279497    1.0165482   -4.0114015 
   11000   0.70137368   0.17463641    1626.9934    0.8180734   -5.1094961    1.0512701    -4.058226 
   12000   0.68953015   0.19833468    1653.1269   0.80514087   -4.9958271    1.0335181   -3.9623089 
   13000    0.7207977   0.17658689    1670.6636   0.79668943   -4.9435248    1.0803842   -3.8631406 
   14000   0.69637559   0.14935417    1664.6113   0.79958606   -4.9677301    1.0437786   -3.9239515 
   15000   0.70479416    0.1582915    1638.2807   0.81243707   -5.0731866     1.056397   -4.0167897 
   16000   0.71712697   0.20682469    1630.0722   0.81652825   -5.1031886    1.0748823   -4.0283063 
   17000   0.70122557   0.13179046    1655.9581   0.80376432   -5.0029062    1.0510481   -3.9518581 
   18000   0.72469939   0.21833487    1664.9458   0.79942542    -4.955894    1.0862324   -3.8696616 
   19000   0.70226088   0.33792073    1654.0033   0.80471425    -4.976035    1.0525999   -3.9234351 
   20000   0.66849035 0.0031810214    1657.2469   0.80313925   -5.0156613    1.0019822   -4.0136792 
   21000   0.69242562   0.29408498     1643.668   0.80977421   -5.0155729    1.0378581   -3.9777148 
   22000   0.72195141   0.37307073    1655.8993   0.80379284   -4.9558372    1.0821135   -3.8737237 
   23000   0.69568878   0.27438191    1656.8783    0.8033179   -4.9707806    1.0427492   -3.9280314 
   24000   0.69485036   0.19517045    1640.1058   0.81153302   -5.0548634    1.0414925   -4.0133709 
   25000   0.67198821   0.32235057    1650.7573   0.80629659   -4.9777369     1.007225   -3.9705119 
   26000   0.68581948   0.23328362    1677.2728    0.7935501     -4.90481    1.0279563   -3.8768537 
   27000   0.70746162  0.033315827    1675.6986    0.7942956   -4.9557704    1.0603951   -3.8953753 
   28000    0.6788561   0.42055502    1643.1269   0.81004091   -4.9964449    1.0175191   -3.9789258 
   29000   0.67304019   0.25536639     1652.496   0.80544822    -4.993213    1.0088018   -3.9844113 
   30000   0.69986346   0.23250215    1660.3106   0.80165724   -4.9680791    1.0490065   -3.9190727 
   31000   0.71027496  0.095026354    1647.0558   0.80810864   -5.0458405     1.064612   -3.9812285 
   32000   0.69067017   0.11564092    1653.0788   0.80516429   -5.0163919    1.0352269    -3.981165 
   33000   0.71341849   0.55045863    1641.3639   0.81091099   -4.9893109    1.0693237   -3.9199871 
   34000   0.69019319   0.18441158    1658.2235   0.80266623   -4.9829806     1.034512   -3.9484687 
   35000   0.72126089   0.17429147    1650.9878   0.80618402   -5.0121979    1.0810785   -3.9311194 
   36000   0.74573772   0.31954043    1650.5317   0.80640681   -5.0076571    1.1177662    -3.889891 
   37000   0.70930735  0.067254255    1673.2833    0.7954421   -4.9430041    1.0631617   -3.8798424 
   38000   0.70213659   0.34504749    1647.8931   0.80769802    -5.007538    1.0524136   -3.9551245 
   39000   0.68942054   0.06950166    1664.0949   0.79983419   -4.9918607    1.0333539   -3.9585068 
   40000   0.72581154   0.23109248    1636.1012   0.81351937   -5.0715416    1.0878993   -3.9836423 
   41000    0.6881317   0.16925632     1651.814   0.80578081   -5.0092155     1.031422   -3.9777935 
   42000   0.69926322   0.27603495    1659.1523   0.80221691   -4.9577263    1.0481068   -3.9096195 
   43000   0.71008916   0.19519887    1654.1745   0.80463095   -4.9996842    1.0643335   -3.9353508 
   44000   0.68885326   0.19166808    1655.6943   0.80389236   -4.9924985    1.0325036   -3.9599949 
   45000   0.69806691   0.32240384    1639.5813   0.81179261   -5.0373203    1.0463137   -3.9910066 
   46000   0.66786987  0.091004049    1650.2787   0.80653042   -5.0271704    1.0010521   -4.0261183 
   47000   0.69285464   0.37655316     1647.833   0.80772749     -4.98582    1.0385011   -3.9473188 
   48000   0.68967319   0.10591504    1670.5046   0.79676524   -4.9485448    1.0337325   -3.9148123 
   49000   0.69876678   0.28211152    1652.8264   0.80528722   -4.9894976    1.0473627   -3.9421349 
   50000   0.72363118   0.14081573    1650.9627    0.8061963   -5.0331848    1.0846313   -3.9485535 
Loop time of 35.1925 on 1 procs for 50000 steps with 1331 atoms

Performance: 491013.724 tau/day, 1420.757 timesteps/s
99.9% CPU use with 1 MPI tasks x no OpenMP threads

MPI task timing breakdown:
Section |  min time  |  avg time  |  max time  |%varavg| %total
---------------------------------------------------------------
Pair    | 27.96      | 27.96      | 27.96      |   0.0 | 79.45
Neigh   | 4.3519     | 4.3519     | 4.3519     |   0.0 | 12.37
Comm    | 0.68429    | 0.68429    | 0.68429    |   0.0 |  1.94
Output  | 0.026401   | 0.026401   | 0.026401   |   0.0 |  0.08
Modify  | 2.0231     | 2.0231     | 2.0231     |   0.0 |  5.75
Other   |            | 0.1472     |            |       |  0.42

Nlocal:    1331 ave 1331 max 1331 min
Histogram: 1 0 0 0 0 0 0 0 0 0
Nghost:    2975 ave 2975 max 2975 min
Histogram: 1 0 0 0 0 0 0 0 0 0
Neighs:    47622 ave 47622 max 47622 min
Histogram: 1 0 0 0 0 0 0 0 0 0

Total # of neighbors = 47622
Ave neighs/atom = 35.7791
Neighbor list builds = 2500
Dangerous builds not checked

write_restart lattice_11_11_11__2_2_2/sim1/T_0.70__P_0.20/end1.restart
Total wall time: 0:00:35
