run 50000
Neighbor list info ...
  update every 20 steps, delay 0 steps, check no
  max neighbors/atom: 2000, page size: 100000
  master list distance cutoff = 2.8
  ghost atom cutoff = 2.8
  binsize = 1.4, bins = 16 16 16
  1 neighbor lists, perpetual/occasional/extra = 1 0 0
  (1) pair lj/cut, perpetual
      attributes: half, newton on
      pair build: half/bin/atomonly/newton
      stencil: half/bin/3d/newton
      bin: standard
Per MPI rank memory allocation (min/avg/max) = 2.7 | 2.7 | 2.7 Mbytes
Step Temp Press Volume Density PotEng KinEng TotEng 
       0          1.8    0.1794208        10648        0.125  -0.13561964    2.6979715    2.5623518 
    1000    2.3006645   0.40413264     7184.458   0.18526102  -0.97715937    3.4484039    2.4712445 
    2000    2.0148566   0.47539884    5520.1857   0.24111508   -1.2792701    3.0200142    1.7407441 
    3000    1.9281774   0.49802896    4473.2193   0.29754857   -1.6828371    2.8900932     1.207256 
    4000    1.8282262   0.58421102    3773.6466   0.35270923   -1.9088785    2.7402789   0.83140038 
    5000    1.8063201   0.78388304    3313.1351    0.4017343   -2.1647769    2.7074445    0.5426676 
    6000    1.8201044   0.80582728    3019.6486   0.44077977   -2.3948736    2.7281054   0.33323179 
    7000    1.7716803   0.90935589    2837.0962   0.46914165   -2.4977871    2.6555238   0.15773673 
    8000    1.7847991     1.044582    2750.8639     0.483848   -2.5869074    2.6751872  0.088279825 
    9000    1.8063864    1.0287552    2730.2329    0.4875042   -2.6091606    2.7075439  0.098383229 
   10000    1.8031643    1.0013473    2760.1426   0.48222147   -2.6158806    2.7027144  0.086833814 
   11000     1.820199    1.1548111    2733.5514   0.48691238   -2.5950746    2.7282471   0.13317249 
   12000    1.7809088    0.9871879    2744.5769   0.48495635   -2.6092444    2.6693562  0.060111855 
   13000    1.7629527    1.1206277    2775.5567   0.47954344   -2.5641052    2.6424423  0.078337067 
   14000    1.8134045    1.1749356     2788.814   0.47726382   -2.5047539     2.718063   0.21330914 
   15000      1.83168   0.93448226    2729.2157   0.48768589   -2.6273063    2.7454558   0.11814948 
   16000    1.7563336   0.95478574    2712.2764   0.49073169    -2.668319    2.6325211 -0.035797877 
   17000    1.8034568   0.98937977    2725.5967   0.48833343   -2.6245864    2.7031527  0.078566259 
   18000    1.8008634    1.0308524    2751.3414   0.48376402   -2.5652271    2.6992656   0.13403857 
   19000    1.7009092   0.81561026    2762.3563   0.48183503   -2.6164967    2.5494469 -0.067049852 
   20000    1.7781917    1.1076809    2675.0268   0.49756511   -2.6644047    2.6652836 0.00087884792 
   21000    1.8586221    1.0641687    2711.2708   0.49091371   -2.6596247    2.7858385   0.12621383 
   22000    1.8201111    1.0827191    2770.7172   0.48038104   -2.5799467    2.7281155   0.14816878 
   23000      1.74874     0.945411    2752.9349   0.48348401   -2.5783792    2.6211392  0.042760067 
   24000    1.7438956   0.96814579    2698.2176   0.49328861   -2.6440243     2.613878 -0.030146229 
   25000    1.8301048     1.030638    2753.2862   0.48342232   -2.6123267    2.7430947   0.13076795 
   26000    1.8347561   0.94025874    2807.7378   0.47404712   -2.5542138    2.7500665   0.19585269 
   27000    1.7739635   0.93627293    2844.4456    0.4679295   -2.5093859    2.6589461   0.14956017 
   28000    1.8439072    1.0683423    2690.1435   0.49476915   -2.6216289    2.7637828   0.14215387 
   29000    1.7651401   0.92685744    2706.8213   0.49172067   -2.6687074    2.6457209  -0.02298655 
   30000    1.7930388   0.97130191    2766.9235   0.48103969   -2.6027475    2.6875374  0.084789956 
   31000    1.8986579    0.9638668     2764.121   0.48152739   -2.6201783    2.8458472   0.22566887 
   32000    1.7544305   0.95663265    2724.5643   0.48851847   -2.6275584    2.6296685 0.0021101188 
   33000    1.7385424   0.93970457     2702.723   0.49246631   -2.6751794    2.6058543 -0.069325103 
   34000    1.8290127   0.96956307    2704.7267   0.49210148   -2.6364365    2.7414578   0.10502137 
   35000    1.7662632   0.96464306    2751.2421   0.48378148   -2.5839672    2.6474043  0.063437131 
   36000    1.8490624    1.0757448    2778.5888   0.47902013   -2.5473793    2.7715097   0.22413042 
   37000    1.7520863   0.97219287    2756.8602   0.48279562   -2.5628089    2.6261549  0.063346044 
   38000    1.7104097   0.94814517    2694.6696   0.49393811   -2.6912225     2.563687  -0.12753543 
   39000    1.8083192   0.95907942    2668.3723   0.49880595   -2.6999603    2.7104408  0.010480495 
   40000    1.8039876    1.1947689    2737.9776   0.48612524   -2.5761159    2.7039483    0.1278324 
   41000    1.8244568   0.85825292    2788.3187   0.47734859   -2.5975594     2.734629   0.13706968 
   42000    1.8190593   0.94167981    2812.1798   0.47329833   -2.5376921    2.7265389   0.18884677 
   43000    1.8166632    1.0745113    2733.2906   0.48695884    -2.615868    2.7229474   0.10707945 
   44000    1.7609673    1.0431218    2703.9978   0.49223412   -2.6248667    2.6394664  0.014599724 
   45000    1.7544339   0.99644015    2773.1698   0.47995618   -2.5548039    2.6296736   0.07486967 
   46000    1.8322326    1.0120791    2848.2049   0.46731188   -2.5047213     2.746284   0.24156266 
   47000    1.8194113   0.96199695    2790.2316   0.47702133   -2.5431401    2.7270666    0.1839265 
   48000    1.7607432    1.1110933    2709.2074   0.49128759   -2.6111033    2.6391304  0.028027119 
   49000    1.8022887   0.99214642    2760.9966   0.48207231   -2.5799178    2.7014019   0.12148416 
   50000    1.8172353   0.98553998    2776.3614   0.47940444   -2.5798538    2.7238049   0.14395106 
Loop time of 29.6102 on 1 procs for 50000 steps with 1331 atoms

Performance: 583583.392 tau/day, 1688.609 timesteps/s
99.3% CPU use with 1 MPI tasks x no OpenMP threads

MPI task timing breakdown:
Section |  min time  |  avg time  |  max time  |%varavg| %total
---------------------------------------------------------------
Pair    | 22.099     | 22.099     | 22.099     |   0.0 | 74.63
Neigh   | 4.1862     | 4.1862     | 4.1862     |   0.0 | 14.14
Comm    | 0.73552    | 0.73552    | 0.73552    |   0.0 |  2.48
Output  | 0.027912   | 0.027912   | 0.027912   |   0.0 |  0.09
Modify  | 2.4061     | 2.4061     | 2.4061     |   0.0 |  8.13
Other   |            | 0.1559     |            |       |  0.53

Nlocal:    1331 ave 1331 max 1331 min
Histogram: 1 0 0 0 0 0 0 0 0 0
Nghost:    2260 ave 2260 max 2260 min
Histogram: 1 0 0 0 0 0 0 0 0 0
Neighs:    28811 ave 28811 max 28811 min
Histogram: 1 0 0 0 0 0 0 0 0 0

Total # of neighbors = 28811
Ave neighs/atom = 21.6461
Neighbor list builds = 2500
Dangerous builds not checked

write_restart lattice_11_11_11__2_2_2/sim1/T_1.80__P_1.00/end1.restart
Total wall time: 0:00:29
