run 50000
Neighbor list info ...
  update every 20 steps, delay 0 steps, check no
  max neighbors/atom: 2000, page size: 100000
  master list distance cutoff = 2.8
  ghost atom cutoff = 2.8
  binsize = 1.4, bins = 16 16 16
  1 neighbor lists, perpetual/occasional/extra = 1 0 0
  (1) pair lj/cut, perpetual
      attributes: half, newton on
      pair build: half/bin/atomonly/newton
      stencil: half/bin/3d/newton
      bin: standard
Per MPI rank memory allocation (min/avg/max) = 2.7 | 2.7 | 2.7 Mbytes
Step Temp Press Volume Density PotEng KinEng TotEng 
       0          1.6   0.15443958        10648        0.125  -0.13561964    2.3981968    2.2625772 
    1000    2.2605305   0.48882823    6164.6209   0.21590947   -1.1217819    3.3882482    2.2664664 
    2000    1.9675103    0.5954109    4358.3158    0.3053932   -1.5990429    2.9490482    1.3500053 
    3000     1.787854   0.67822998     3348.941   0.39743907   -2.1227953    2.6797661   0.55697075 
    4000    1.6955575   0.91559979    2718.2222   0.48965827    -2.634968    2.5414254 -0.093542578 
    5000    1.6103306    1.3580366    2346.8182   0.56715088   -3.0210366    2.4136812  -0.60735539 
    6000    1.5994688    1.4564755    2146.5631   0.62006098   -3.3876767    2.3974007  -0.99027609 
    7000    1.5377111    1.6622836    2061.3513   0.64569296   -3.5173215    2.3048337   -1.2124879 
    8000    1.5777259    1.7891428    2048.1556   0.64985297   -3.5378091    2.3648108   -1.1729982 
    9000    1.6337361    1.6899687      2080.97   0.63960557    -3.494602    2.4487629   -1.0458391 
   10000    1.5737499    1.6693909    2094.1261   0.63558732   -3.4394317    2.3588513   -1.0805804 
   11000    1.6080721    1.6146234    2071.3416   0.64257871   -3.5203979    2.4102959    -1.110102 
   12000    1.6059496    1.6821954    2056.0436   0.64735982    -3.532862    2.4071145   -1.1257475 
   13000    1.6203746    1.8472342    2052.8913   0.64835386   -3.5021291    2.4287358   -1.0733933 
   14000    1.6145985    1.8994274    2080.3718    0.6397895   -3.4265189    2.4200781   -1.0064408 
   15000    1.5991016     1.716423    2085.8215   0.63811787   -3.4643764    2.3968502   -1.0675262 
   16000    1.5665643    1.7035056    2077.2177   0.64076096   -3.4984416     2.348081   -1.1503605 
   17000    1.6328191    1.6724338     2081.908   0.63931741   -3.4921479    2.4473885   -1.0447594 
   18000    1.6326452    1.7900412    2090.3342   0.63674028   -3.4198145    2.4471279  -0.97268665 
   19000    1.6138289    1.7194084    2056.6764   0.64716062   -3.5358084    2.4189246   -1.1168838 
   20000    1.5967638    1.6132122    2058.9092    0.6464588   -3.5534146    2.3933462   -1.1600684 
   21000    1.5743673    1.4630582    2127.8966   0.62550032   -3.4261453    2.3597768   -1.0663686 
   22000    1.5640459    1.5152198    2113.5202   0.62975503   -3.4545394    2.3443062   -1.1102332 
   23000    1.5642328    1.7060518    2079.0063   0.64020971   -3.4993746    2.3445863   -1.1547883 
   24000     1.595133    1.8287536    2078.1377   0.64047728   -3.4513032    2.3909019   -1.0604013 
   25000    1.6526168    1.6484311    2101.5585   0.63333949    -3.470538    2.4770627  -0.99347526 
   26000    1.5972773    1.8790334    2043.3232   0.65138986    -3.535954    2.3941158   -1.1418382 
   27000    1.5712529    1.8205892    2053.2737   0.64823311   -3.5060864    2.3551086   -1.1509778 
   28000    1.5723486    1.7741331    2102.3665    0.6330961   -3.4081951     2.356751   -1.0514441 
   29000    1.6036432    1.7034911    2093.4409   0.63579537   -3.4663149    2.4036575   -1.0626574 
   30000    1.5775088    1.8805148     2077.373   0.64071305   -3.4447225    2.3644854   -1.0802371 
   31000    1.5462091    1.8656402    2053.3546   0.64820758   -3.4657318    2.3175712   -1.1481606 
   32000    1.5910661    1.7981258     2021.769   0.65833436   -3.5892616    2.3848061   -1.2044555 
   33000    1.6480162    1.8279264    2072.3672   0.64226068   -3.4859059     2.470167   -1.0157389 
   34000    1.5762557    1.6247935    2092.9322   0.63594988   -3.4809566    2.3626072   -1.1183495 
   35000    1.5558528    1.5151764    2076.1519    0.6410899   -3.5547695    2.3320259   -1.2227436 
   36000    1.6113227    1.6137248    2066.5481    0.6440692   -3.5537613    2.4151681   -1.1385932 
   37000    1.6188346    1.6977005     2111.753   0.63028203   -3.4149346    2.4264276  -0.98850704 
   38000    1.6829198    1.8380447    2141.3624   0.62156692     -3.27927    2.5224831  -0.75678689 
   39000    1.6926943    1.6627238    2086.4689   0.63791987   -3.4846437    2.5371338  -0.94750986 
   40000    1.5606032    1.9029191    2075.4724   0.64129979    -3.434038     2.339146    -1.094892 
   41000    1.5927174    1.6838945    2072.0848   0.64234822   -3.5043783    2.3872811   -1.1170972 
   42000    1.5710219    1.7268964    2058.4089   0.64661594     -3.53307    2.3547624   -1.1783077 
   43000    1.6203956     1.711498    2098.3301   0.63431392   -3.4907498    2.4287673   -1.0619825 
   44000    1.6333441    1.6653292    2097.8925   0.63444624   -3.4583322    2.4481754   -1.0101568 
   45000    1.6137901    1.9419283    2032.4764   0.65486616   -3.5536823    2.4188664   -1.1348159 
   46000    1.6156275    1.8818062    2043.2004     0.651429    -3.520296    2.4216205   -1.0986755 
   47000    1.6380543    1.7212604    2087.4729   0.63761308   -3.4712263    2.4552354   -1.0159909 
   48000      1.60461    1.6479995    2092.5801    0.6360569   -3.4773924    2.4051066   -1.0722857 
   49000    1.5851925    1.6129781    2076.1563   0.64108854   -3.5076241    2.3760023   -1.1316218 
   50000    1.5762438    1.5246163    2052.4932   0.64847963   -3.5778604    2.3625894    -1.215271 
Loop time of 33.3559 on 1 procs for 50000 steps with 1331 atoms

Performance: 518048.938 tau/day, 1498.984 timesteps/s
99.3% CPU use with 1 MPI tasks x no OpenMP threads

MPI task timing breakdown:
Section |  min time  |  avg time  |  max time  |%varavg| %total
---------------------------------------------------------------
Pair    | 26.074     | 26.074     | 26.074     |   0.0 | 78.17
Neigh   | 4.2087     | 4.2087     | 4.2087     |   0.0 | 12.62
Comm    | 0.72281    | 0.72281    | 0.72281    |   0.0 |  2.17
Output  | 0.028909   | 0.028909   | 0.028909   |   0.0 |  0.09
Modify  | 2.1762     | 2.1762     | 2.1762     |   0.0 |  6.52
Other   |            | 0.1452     |            |       |  0.44

Nlocal:    1331 ave 1331 max 1331 min
Histogram: 1 0 0 0 0 0 0 0 0 0
Nghost:    2642 ave 2642 max 2642 min
Histogram: 1 0 0 0 0 0 0 0 0 0
Neighs:    39122 ave 39122 max 39122 min
Histogram: 1 0 0 0 0 0 0 0 0 0

Total # of neighbors = 39122
Ave neighs/atom = 29.3929
Neighbor list builds = 2500
Dangerous builds not checked

write_restart lattice_11_11_11__2_2_2/sim1/T_1.60__P_1.70/end1.restart
Total wall time: 0:00:33
