run 50000
Neighbor list info ...
  update every 20 steps, delay 0 steps, check no
  max neighbors/atom: 2000, page size: 100000
  master list distance cutoff = 2.8
  ghost atom cutoff = 2.8
  binsize = 1.4, bins = 15 15 15
  1 neighbor lists, perpetual/occasional/extra = 1 0 0
  (1) pair lj/cut, perpetual
      attributes: half, newton on
      pair build: half/bin/atomonly/newton
      stencil: half/bin/3d/newton
      bin: standard
Per MPI rank memory allocation (min/avg/max) = 2.75 | 2.75 | 2.75 Mbytes
Step Temp Press TotEng 
       0          1.6    0.1600548    2.1190582 
    1000     1.664517   0.28399479    1.5791606 
    2000    1.5304907   0.21243373    1.3391704 
    3000     1.649223   0.20901873    1.4843227 
    4000    1.5539437   0.20272241    1.3605897 
    5000    1.5985545   0.22921013    1.4739216 
    6000    1.5819634   0.21113356    1.3694225 
    7000    1.6621026   0.19263197    1.4964331 
    8000    1.6229511   0.23545509    1.4112024 
    9000    1.5993492   0.19403234    1.4063996 
   10000    1.6158222   0.21668349    1.4477224 
   11000    1.5661597   0.22773934    1.3669854 
   12000    1.6156292   0.24116858    1.4294457 
   13000    1.5743462   0.18363267    1.3396956 
   14000    1.5811075   0.23304014     1.433055 
   15000    1.6027371   0.18412178    1.4271496 
   16000    1.5889694    0.2175654    1.4170221 
   17000     1.629572   0.22729093    1.4648305 
   18000     1.611386   0.21381143     1.417691 
   19000    1.5218687   0.22600285    1.3125749 
   20000    1.6048851   0.21256171    1.4600436 
   21000    1.5800861   0.20548389    1.3832325 
   22000    1.6333172   0.25085942    1.4921542 
   23000    1.6163104   0.23737808    1.4345243 
   24000     1.595706    0.2307563    1.4180035 
   25000    1.5840458   0.19800705    1.3804993 
   26000    1.6338625    0.2259016    1.4288207 
   27000    1.6207291   0.23051845    1.4301349 
   28000    1.5952182   0.21230462     1.383197 
   29000    1.6085011   0.23629823    1.4265684 
   30000    1.5245579   0.19814142    1.3224582 
   31000    1.6526672   0.22588024    1.5019732 
   32000    1.5569624   0.18609882    1.3540886 
   33000    1.6201102   0.23439015    1.4449025 
   34000    1.5851407   0.22821899    1.4054071 
   35000    1.6251952   0.24205359    1.4702996 
   36000    1.5758069   0.17933195    1.3622107 
   37000    1.5740861   0.22118073    1.4196193 
   38000    1.5706602   0.23303635    1.4222917 
   39000    1.6182848   0.23844599    1.4451457 
   40000    1.6167074   0.22237662    1.4736529 
   41000     1.555007   0.20095561    1.3585392 
   42000    1.6165927   0.23214257    1.4389075 
   43000    1.5924766   0.20354098    1.4083817 
   44000    1.5759369   0.18224168    1.3329834 
   45000    1.6406286   0.22869768    1.4809401 
   46000    1.5533416   0.21241931    1.3147496 
   47000    1.6135894   0.21316929    1.3995322 
   48000    1.6379529   0.22691498    1.4623566 
   49000    1.5309855   0.20352503    1.2797423 
   50000    1.5920078   0.19116841    1.4187026 
Loop time of 10.4855 on 1 procs for 50000 steps with 1331 atoms

Performance: 1647996.398 tau/day, 4768.508 timesteps/s
99.9% CPU use with 1 MPI tasks x no OpenMP threads

MPI task timing breakdown:
Section |  min time  |  avg time  |  max time  |%varavg| %total
---------------------------------------------------------------
Pair    | 6.8615     | 6.8615     | 6.8615     |   0.0 | 65.44
Neigh   | 2.2711     | 2.2711     | 2.2711     |   0.0 | 21.66
Comm    | 0.40016    | 0.40016    | 0.40016    |   0.0 |  3.82
Output  | 0.017011   | 0.017011   | 0.017011   |   0.0 |  0.16
Modify  | 0.84047    | 0.84047    | 0.84047    |   0.0 |  8.02
Other   |            | 0.09528    |            |       |  0.91

Nlocal:    1331 ave 1331 max 1331 min
Histogram: 1 0 0 0 0 0 0 0 0 0
Nghost:    1393 ave 1393 max 1393 min
Histogram: 1 0 0 0 0 0 0 0 0 0
Neighs:    10478 ave 10478 max 10478 min
Histogram: 1 0 0 0 0 0 0 0 0 0

Total # of neighbors = 10478
Ave neighs/atom = 7.87228
Neighbor list builds = 2500
Dangerous builds not checked

write_restart NVT/sim1/T_1.60__v_5.83/end1.restart
Total wall time: 0:00:10
