run 50000
Neighbor list info ...
  update every 20 steps, delay 0 steps, check no
  max neighbors/atom: 2000, page size: 100000
  master list distance cutoff = 2.8
  ghost atom cutoff = 2.8
  binsize = 1.4, bins = 16 16 16
  1 neighbor lists, perpetual/occasional/extra = 1 0 0
  (1) pair lj/cut, perpetual
      attributes: half, newton on
      pair build: half/bin/atomonly/newton
      stencil: half/bin/3d/newton
      bin: standard
Per MPI rank memory allocation (min/avg/max) = 2.7 | 2.7 | 2.7 Mbytes
Step Temp Press Volume Density PotEng KinEng TotEng 
       0          1.2   0.10447715        10648        0.125  -0.13561964    1.7986476     1.663028 
    1000      1.71256   0.30111052    6526.5695   0.20393562   -1.1279753    2.5669101    1.4389347 
    2000    1.4835388   0.29001319    4705.3485   0.28286959   -1.6525678    2.2236363   0.57106844 
    3000    1.3649855     0.334197     3594.114   0.37032771   -2.1988473    2.0459399  -0.15290745 
    4000    1.3095482   0.30042368     2874.885   0.46297503   -2.7134171    1.9628464  -0.75057066 
    5000    1.2707143   0.54722995    2404.5553    0.5535327   -3.1717005    1.9046394   -1.2670611 
    6000    1.2344227   0.86874432    2123.9867   0.62665177    -3.582587    1.8502429    -1.732344 
    7000    1.1811651   0.93379002    1988.6376   0.66930245   -3.8497006    1.7704164   -2.0792842 
    8000    1.1854997   0.93388243      1932.46    0.6887594    -3.985403    1.7769135   -2.2084895 
    9000    1.1665459    1.0038188    1947.8705   0.68331032   -3.9263449    1.7485042   -2.1778407 
   10000    1.2078097   0.87777704     1976.619   0.67337205   -3.8799689    1.8103533   -2.0696156 
   11000     1.224571   0.99398682    1969.3437   0.67585966   -3.8901477    1.8354765   -2.0546712 
   12000    1.1884826    1.0603183    1946.7112   0.68371723   -3.9325933    1.7813845   -2.1512087 
   13000    1.1723265     1.011746    1954.0624   0.68114507    -3.906655    1.7571685   -2.1494865 
   14000    1.2078286   0.89763544    1981.9739   0.67155273    -3.874987    1.8103817   -2.0646053 
   15000    1.1521269   0.95432632    1988.8568   0.66922867   -3.8453282    1.7268919   -2.1184363 
   16000    1.1669638   0.85990077    1955.4859   0.68064925   -3.9320539    1.7491306   -2.1829234 
   17000    1.1719664   0.89791483    1961.9555   0.67840477   -3.9145914    1.7566288   -2.1579627 
   18000    1.1933984   0.85687662    1985.8248   0.67025047   -3.8675685    1.7887527   -2.0788159 
   19000    1.2006236   0.99170648    1976.2565   0.67349556   -3.8738992    1.7995823   -2.0743169 
   20000    1.1895805   0.87741511    1949.1747    0.6828531   -3.9441638    1.7830301   -2.1611337 
   21000    1.2229844   0.85317964    1944.5473   0.68447809   -3.9797983    1.8330984      -2.1467 
   22000    1.2133259    1.0640039    1963.6063   0.67783446   -3.8898321    1.8186214   -2.0712107 
   23000    1.2518413   0.91498787    1957.8722   0.67981965   -3.9500297    1.8763512   -2.0736784 
   24000    1.2046267    1.1247343    1934.7442   0.68794625   -3.9358138    1.8055825   -2.1302313 
   25000    1.1655437    1.1400241    1926.9436   0.69073117   -3.9482259     1.747002   -2.2012239 
   26000    1.1994734   0.98843587    1967.7019    0.6764236   -3.8876798    1.7978584   -2.0898214 
   27000    1.1635801    1.0453509    1973.1126   0.67456868   -3.8685349    1.7440589   -2.1244761 
   28000    1.1777978   0.86877491    1947.7422   0.68335531   -3.9629925    1.7653694   -2.1976231 
   29000    1.1751507   0.94869653    1936.1485   0.68744726   -3.9633207    1.7614016   -2.2019191 
   30000    1.2120448   0.94431456    1960.3131   0.67897319   -3.9031821    1.8167013   -2.0864808 
   31000     1.206769    1.1122488    1963.1852   0.67797984   -3.8707097    1.8087934   -2.0619163 
   32000    1.2054436    1.0282976     1934.751   0.68794383   -3.9646479    1.8068069    -2.157841 
   33000    1.1718807   0.97377169    1934.6009   0.68799718   -3.9708257    1.7565004   -2.2143253 
   34000    1.1833374    1.0735772    1976.3417   0.67346654   -3.8611147    1.7736725   -2.0874422 
   35000    1.1624663    1.0466813    1968.4227    0.6761759   -3.8693557    1.7423894   -2.1269663 
   36000    1.1408433    1.0170119    1942.4939   0.68520165   -3.9455874    1.7099793   -2.2356081 
   37000     1.156232    1.0496502    1934.1007   0.68817514      -3.9765    1.7330449   -2.2434551 
   38000    1.1780628    1.0397045    1976.5746   0.67338717   -3.8698138    1.7657666   -2.1040472 
   39000    1.1883573   0.94865798    1987.2288   0.66977692    -3.854381    1.7811967   -2.0731843 
   40000    1.1907871   0.77303193     1945.126   0.68427443   -3.9709033    1.7848386   -2.1860647 
   41000     1.158087    1.0908206    1953.1332   0.68146914   -3.9044714    1.7358254    -2.168646 
   42000     1.164495   0.86568034    1994.0664   0.66748028   -3.8342729    1.7454302   -2.0888427 
   43000    1.1641073   0.74945983    1983.3572   0.67108436   -3.8973363    1.7448491   -2.1524872 
   44000    1.1693105   0.81180203    1969.2397   0.67589537   -3.9254607     1.752648   -2.1728127 
   45000    1.2239704   0.86984331    1980.8515   0.67193325   -3.8987368    1.8345762   -2.0641606 
   46000    1.2702934   0.79552262    1992.0126   0.66816845   -3.8793499    1.9040085   -1.9753414 
   47000    1.2147229    0.9627731    1961.0099   0.67873192   -3.9093384    1.8207154    -2.088623 
   48000    1.1698881    1.0199633    1945.2031   0.68424731   -3.9166766    1.7535137   -2.1631629 
   49000    1.1669416   0.75895917    1936.8861   0.68718549    -4.009474    1.7490973   -2.2603766 
   50000    1.1458341    1.0659643    1968.7239   0.67607245   -3.8720785    1.7174598   -2.1546187 
Loop time of 37.0231 on 1 procs for 50000 steps with 1331 atoms

Performance: 466735.939 tau/day, 1350.509 timesteps/s
99.7% CPU use with 1 MPI tasks x no OpenMP threads

MPI task timing breakdown:
Section |  min time  |  avg time  |  max time  |%varavg| %total
---------------------------------------------------------------
Pair    | 28.786     | 28.786     | 28.786     |   0.0 | 77.75
Neigh   | 4.9043     | 4.9043     | 4.9043     |   0.0 | 13.25
Comm    | 0.79094    | 0.79094    | 0.79094    |   0.0 |  2.14
Output  | 0.029684   | 0.029684   | 0.029684   |   0.0 |  0.08
Modify  | 2.3454     | 2.3454     | 2.3454     |   0.0 |  6.33
Other   |            | 0.1673     |            |       |  0.45

Nlocal:    1331 ave 1331 max 1331 min
Histogram: 1 0 0 0 0 0 0 0 0 0
Nghost:    2732 ave 2732 max 2732 min
Histogram: 1 0 0 0 0 0 0 0 0 0
Neighs:    40647 ave 40647 max 40647 min
Histogram: 1 0 0 0 0 0 0 0 0 0

Total # of neighbors = 40647
Ave neighs/atom = 30.5387
Neighbor list builds = 2500
Dangerous builds not checked

write_restart lattice_11_11_11__2_2_2/sim1/T_1.20__P_1.00/end1.restart
Total wall time: 0:00:37
