run 50000
Neighbor list info ...
  update every 20 steps, delay 0 steps, check no
  max neighbors/atom: 2000, page size: 100000
  master list distance cutoff = 2.8
  ghost atom cutoff = 2.8
  binsize = 1.4, bins = 16 16 16
  1 neighbor lists, perpetual/occasional/extra = 1 0 0
  (1) pair lj/cut, perpetual
      attributes: half, newton on
      pair build: half/bin/atomonly/newton
      stencil: half/bin/3d/newton
      bin: standard
Per MPI rank memory allocation (min/avg/max) = 2.7 | 2.7 | 2.7 Mbytes
Step Temp Press Volume Density PotEng KinEng TotEng 
       0          1.9   0.19191141        10648        0.125  -0.13561964    2.8478588    2.7122391 
    1000    2.4232762   0.49486472    6990.0194   0.19041435  -0.92742074    3.6321834    2.7047626 
    2000    2.1560649     0.586202    5313.4127   0.25049814   -1.2951425    3.2316676    1.9365251 
    3000    2.0052773   0.65264252    4257.3961   0.31263241   -1.6569311    3.0056561     1.348725 
    4000    1.9444039   0.68351735    3586.9321   0.37106919   -1.9881648    2.9144146   0.92624974 
    5000    1.9096319    0.8865526    3151.6985   0.42231196   -2.2372035    2.8622958   0.62509233 
    6000    1.9168278    1.0778653    2875.5835   0.46286258   -2.4606279    2.8730815   0.41245365 
    7000    1.9103031    1.0482584    2708.1695   0.49147589    -2.646187    2.8633018   0.21711481 
    8000     1.833512    1.3708279    2653.8295   0.50153938   -2.5931381    2.7482017   0.15506365 
    9000     1.880753    1.2577867    2663.5588   0.49970739   -2.6133305      2.81901   0.20567943 
   10000    1.8930996    1.1865482    2704.8664   0.49207605    -2.602236     2.837516   0.23527993 
   11000    1.9310449    1.2567223    2699.9654   0.49296928   -2.5894292    2.8943912   0.30496198 
   12000    1.9099985    1.0875295     2668.629   0.49875797    -2.668742    2.8628453   0.19410325 
   13000    1.8545015    1.1340453    2630.4479   0.50599747   -2.6857613    2.7796623  0.093901012 
   14000    1.8915196    1.2769833    2658.4146   0.50067434   -2.6337636    2.8351477   0.20138417 
   15000    1.9261806    1.0960836    2714.3182   0.49036255   -2.6214534    2.8871002   0.26564678 
   16000     1.961967    1.1663213    2673.0729   0.49792881   -2.6678906    2.9407395   0.27284886 
   17000    1.9253358    1.2801166    2629.8651   0.50610961   -2.6942589    2.8858339   0.19157501 
   18000    1.7818453    1.0736041    2675.1987   0.49753314   -2.6834712    2.6707599 -0.012711275 
   19000    1.9731873    1.0834241    2607.7907   0.51039372   -2.7546079    2.9575573   0.20294939 
   20000    1.9261937    1.1068356    2657.1727   0.50090835   -2.6926383    2.8871199   0.19448157 
   21000     1.818786    1.1307345    2730.9071   0.48738384   -2.5773697    2.7261293   0.14875954 
   22000    1.9490524    1.2687837    2709.8958    0.4911628   -2.5760147    2.9213821   0.34536732 
   23000     1.902845    1.2730575    2684.9309   0.49572971   -2.5747899     2.852123   0.27733315 
   24000    1.7775366    1.2516189     2656.634   0.50100993   -2.6427475    2.6643017  0.021554177 
   25000    1.9215092    1.1961371    2622.1715   0.50759456   -2.7073285    2.8800984   0.17276992 
   26000    1.9348914    1.2081146    2683.4268   0.49600756    -2.592537    2.9001565   0.30761947 
   27000    1.9078174    1.0821992      2708.79    0.4913633   -2.6432505     2.859576   0.21632546 
   28000    1.9381078     1.191812    2658.5948   0.50064041   -2.6716607    2.9049775   0.23331679 
   29000    1.8958666    1.2647688    2646.2253    0.5029806   -2.6385045    2.8416633    0.2031588 
   30000    1.8368232     1.131285    2665.0084   0.49943556   -2.6880524    2.7531647  0.065112256 
   31000    1.9129937    1.1505042    2657.1402   0.50091448   -2.6476969    2.8673346   0.21963778 
   32000    1.9407236    1.2110248     2728.014   0.48790073   -2.5769513    2.9088982   0.33194686 
   33000    1.9129154    1.1202139    2709.6233   0.49121219    -2.625958    2.8672173   0.24125937 
   34000    1.8634773    1.4267005    2609.6843   0.51002337   -2.6262169    2.7931159   0.16689899 
   35000    1.8496873    1.3342096    2609.4207    0.5100749   -2.6611648    2.7724463   0.11128151 
   36000    1.8162843    1.1700448    2766.4702    0.4811185   -2.5169889    2.7223795   0.20539061 
   37000    1.9104674    1.3369569    2696.2801   0.49364308   -2.5404425     2.863548   0.32310549 
   38000    1.9274134     1.250568    2664.2254   0.49958236   -2.6389138    2.8889479   0.25003411 
   39000    1.8604332    1.1097343    2686.0767   0.49551824   -2.6473059    2.7885531   0.14124726 
   40000    1.8370104    1.2312425    2625.0977   0.50702876   -2.6590296    2.7534453  0.094415728 
   41000    1.9352947     1.160657    2653.6521    0.5015729   -2.6676774    2.9007611   0.23308373 
   42000    1.8703165    1.2707014    2699.5193   0.49305075   -2.5957297    2.8033669   0.20763725 
   43000     1.950746    1.1354843    2706.8043   0.49172376    -2.612097    2.9239205   0.31182348 
   44000    1.9690657    1.2420533    2684.4171   0.49582459   -2.6369067    2.9513795   0.31447276 
   45000    1.8398274    1.0400221    2712.1775   0.49074959   -2.6317544    2.7576676   0.12591321 
   46000    1.9295113    1.1331095    2647.8787   0.50266654   -2.6862148    2.8920925   0.20587771 
   47000    1.9133566    1.3206951    2607.9217   0.51036809   -2.7050203    2.8678786   0.16285836 
   48000    1.9241565    1.0865407    2693.0381   0.49423734   -2.6517735    2.8840663   0.23229279 
   49000    1.9455504    1.2640055    2717.7063   0.48975123   -2.5724888     2.916133   0.34364419 
   50000    1.9084414    1.1382045    2648.2472   0.50259659   -2.6898562    2.8605113   0.17065509 
Loop time of 30.2833 on 1 procs for 50000 steps with 1331 atoms

Performance: 570612.339 tau/day, 1651.077 timesteps/s
99.9% CPU use with 1 MPI tasks x no OpenMP threads

MPI task timing breakdown:
Section |  min time  |  avg time  |  max time  |%varavg| %total
---------------------------------------------------------------
Pair    | 22.634     | 22.634     | 22.634     |   0.0 | 74.74
Neigh   | 4.3195     | 4.3195     | 4.3195     |   0.0 | 14.26
Comm    | 0.7539     | 0.7539     | 0.7539     |   0.0 |  2.49
Output  | 0.026123   | 0.026123   | 0.026123   |   0.0 |  0.09
Modify  | 2.3936     | 2.3936     | 2.3936     |   0.0 |  7.90
Other   |            | 0.1565     |            |       |  0.52

Nlocal:    1331 ave 1331 max 1331 min
Histogram: 1 0 0 0 0 0 0 0 0 0
Nghost:    2321 ave 2321 max 2321 min
Histogram: 1 0 0 0 0 0 0 0 0 0
Neighs:    30297 ave 30297 max 30297 min
Histogram: 1 0 0 0 0 0 0 0 0 0

Total # of neighbors = 30297
Ave neighs/atom = 22.7626
Neighbor list builds = 2500
Dangerous builds not checked

write_restart lattice_11_11_11__2_2_2/sim1/T_1.90__P_1.20/end1.restart
Total wall time: 0:00:30
