run 50000
Neighbor list info ...
  update every 20 steps, delay 0 steps, check no
  max neighbors/atom: 2000, page size: 100000
  master list distance cutoff = 2.8
  ghost atom cutoff = 2.8
  binsize = 1.4, bins = 12 12 12
  1 neighbor lists, perpetual/occasional/extra = 1 0 0
  (1) pair lj/cut, perpetual
      attributes: half, newton on
      pair build: half/bin/atomonly/newton
      stencil: half/bin/3d/newton
      bin: standard
Per MPI rank memory allocation (min/avg/max) = 2.738 | 2.738 | 2.738 Mbytes
Step Temp Press TotEng 
       0          1.9  -0.34229226    1.3684363 
    1000    1.8851912   0.58211353    1.1158349 
    2000    1.8851297   0.58363465    1.0631749 
    3000    1.9771227   0.61720794    1.2004007 
    4000    1.8579406   0.55933496   0.99315139 
    5000     1.908155    0.5909362    1.1462326 
    6000    1.9029106   0.56532676    1.0848379 
    7000    1.9386802   0.63333374    1.1488883 
    8000    1.9090965   0.50053937    1.1239913 
    9000    1.8948959    0.4973343    1.0604597 
   10000    1.9567559     0.602716    1.1611197 
   11000    1.8643415    0.5352594    1.0089888 
   12000    1.9135782   0.61513856    1.1418183 
   13000    1.8051555   0.51131889   0.97008823 
   14000    1.9684726   0.58278153    1.1926938 
   15000    1.8298912   0.58841148    1.0281365 
   16000    1.9581832   0.62080019    1.2070536 
   17000    1.8406281   0.48022594   0.97122151 
   18000     1.960817   0.59289677    1.1585468 
   19000     1.855448   0.52059929    1.0211629 
   20000    1.9837729   0.63861201    1.2012005 
   21000    1.8730699   0.59352084    1.0436691 
   22000    1.9515241   0.53528082    1.1193227 
   23000    1.9061058   0.57108124     1.112617 
   24000    1.9064484   0.51756408     1.057432 
   25000    1.9492894   0.63545118    1.1710001 
   26000    1.8390213   0.62153386    1.0124843 
   27000    1.9068857   0.62224262    1.1113335 
   28000    1.9396999   0.60730481    1.1426641 
   29000    1.8647168   0.48624875    1.0025512 
   30000    1.9567368   0.48600464    1.1359868 
   31000    1.8954748    0.5869459    1.0700684 
   32000    1.8169299   0.52544181   0.97330572 
   33000    1.9198437   0.69934466    1.1590366 
   34000    1.8420375   0.63508449    1.0116301 
   35000    1.9675704   0.61736945    1.2398329 
   36000    1.8726389   0.59878051    1.0841758 
   37000     1.892203   0.56884115    1.0851878 
   38000    1.9558904    0.5943011    1.1697121 
   39000    1.8568732   0.53749508    1.0201302 
   40000    1.9488993   0.63436831    1.1696133 
   41000    1.8131919    0.5780965   0.97242055 
   42000    1.9967449   0.55261129    1.1998947 
   43000    1.8465933   0.59995025    1.0118747 
   44000    1.9588899   0.56907989    1.1777623 
   45000    1.8602293   0.49871535    1.0038543 
   46000    1.8771187   0.64659139    1.1062333 
   47000    1.8707916   0.65002379    1.0953389 
   48000    1.8645305   0.62407037    1.0817266 
   49000    1.9266012   0.63362334    1.1450041 
   50000    1.8555359   0.58809351     1.047183 
Loop time of 17.1937 on 1 procs for 50000 steps with 1331 atoms

Performance: 1005021.625 tau/day, 2908.049 timesteps/s
99.9% CPU use with 1 MPI tasks x no OpenMP threads

MPI task timing breakdown:
Section |  min time  |  avg time  |  max time  |%varavg| %total
---------------------------------------------------------------
Pair    | 12.737     | 12.737     | 12.737     |   0.0 | 74.08
Neigh   | 2.9579     | 2.9579     | 2.9579     |   0.0 | 17.20
Comm    | 0.52523    | 0.52523    | 0.52523    |   0.0 |  3.05
Output  | 0.023329   | 0.023329   | 0.023329   |   0.0 |  0.14
Modify  | 0.84113    | 0.84113    | 0.84113    |   0.0 |  4.89
Other   |            | 0.1094     |            |       |  0.64

Nlocal:    1331 ave 1331 max 1331 min
Histogram: 1 0 0 0 0 0 0 0 0 0
Nghost:    1918 ave 1918 max 1918 min
Histogram: 1 0 0 0 0 0 0 0 0 0
Neighs:    19618 ave 19618 max 19618 min
Histogram: 1 0 0 0 0 0 0 0 0 0

Total # of neighbors = 19618
Ave neighs/atom = 14.7393
Neighbor list builds = 2500
Dangerous builds not checked

write_restart NVT/sim1/T_1.90__v_2.74/end1.restart
Total wall time: 0:00:17
