run 50000
Neighbor list info ...
  update every 20 steps, delay 0 steps, check no
  max neighbors/atom: 2000, page size: 100000
  master list distance cutoff = 2.8
  ghost atom cutoff = 2.8
  binsize = 1.4, bins = 16 16 16
  1 neighbor lists, perpetual/occasional/extra = 1 0 0
  (1) pair lj/cut, perpetual
      attributes: half, newton on
      pair build: half/bin/atomonly/newton
      stencil: half/bin/3d/newton
      bin: standard
Per MPI rank memory allocation (min/avg/max) = 2.7 | 2.7 | 2.7 Mbytes
Step Temp Press Volume Density PotEng KinEng TotEng 
       0          1.5   0.14194897        10648        0.125  -0.13561964    2.2483095    2.1126899 
    1000    2.1846206   0.46950798    5973.8762   0.22280341   -1.1718076    3.2744689    2.1026613 
    2000    1.9091904   0.60833136    4157.7733   0.32012328   -1.7202124    2.8616341    1.1414217 
    3000    1.7175725   0.71526035    3153.7442   0.42203803   -2.2994687    2.5744232   0.27495446 
    4000    1.6374172   0.88852804    2545.6207   0.52285873   -2.8640274    2.4542804  -0.40974703 
    5000    1.5613763    1.3503143    2196.5027   0.60596329   -3.3125368    2.3403049  -0.97223196 
    6000    1.5130189    1.5276286    2016.0399    0.6602052   -3.6713534    2.2678232   -1.4035302 
    7000    1.4553367    1.8762708    1952.4599   0.68170414   -3.7476345     2.181365   -1.5662695 
    8000    1.5244212    1.7573409    1965.1364   0.67730669   -3.7529861    2.2849138   -1.4680724 
    9000    1.5168943    1.7660965    1994.9825   0.66717376   -3.6572157    2.2736319   -1.3835837 
   10000    1.5034375      1.69416    1988.4094   0.66937927   -3.6938779    2.2534619    -1.440416 
   11000    1.4452085    2.0788171     1962.383     0.678257   -3.6830499    2.1661841   -1.5168658 
   12000     1.504734     1.881222    1968.4495   0.67616671   -3.7206018    2.2554052   -1.4651965 
   13000    1.5276137    1.6342042    1984.4548   0.67071319   -3.7128573     2.289699   -1.4231583 
   14000    1.5191749    1.8445322    1975.1871   0.67386021   -3.6922043    2.2770503    -1.415154 
   15000    1.4948264    2.0468599    1955.8464   0.68052379   -3.7119817     2.240555   -1.4714267 
   16000    1.4985015    2.0535128    1946.7757   0.68369458   -3.7227024    2.2460635   -1.4766389 
   17000    1.5564538    1.8656849    1953.3388   0.68139742   -3.7598575    2.3329266   -1.4269309 
   18000    1.5135341    1.8755211     1968.869   0.67602264   -3.7141013    2.2685954   -1.4455059 
   19000    1.4766585     1.766568     1977.534    0.6730605   -3.7001357    2.2133237   -1.4868121 
   20000    1.4484055    1.6226969     1980.354   0.67210206   -3.7146403     2.170976   -1.5436643 
   21000    1.4255936    1.9583599     1979.284   0.67246539   -3.6536823    2.1367838   -1.5168985 
   22000    1.4597617    1.9228306    1980.0397   0.67220875   -3.6557705    2.1879974    -1.467773 
   23000    1.5099459    1.8176153    1962.6926   0.67815002    -3.729178    2.2632171   -1.4659608 
   24000    1.5019197    2.0856753    1960.0565   0.67906207   -3.6796092    2.2511869   -1.4284223 
   25000    1.5465837    1.9255098     1965.829   0.67706804   -3.7048207    2.3181325   -1.3866882 
   26000    1.4786826    1.9816214    1949.4172   0.68276815   -3.7227712    2.2163574   -1.5064138 
   27000    1.4594761     1.873296    1946.0623   0.68394522   -3.7738969    2.1875694   -1.5863275 
   28000     1.487563     1.797006    1984.0074   0.67086444   -3.6864308     2.229668   -1.4567628 
   29000    1.5008069    1.7511968    1986.8211   0.66991437   -3.6761559    2.2495189   -1.4266369 
   30000    1.4678793    1.9906609    1936.1113   0.68746047   -3.7712262    2.2001647   -1.5710615 
   31000    1.5024583    1.9938963    1937.8809   0.68683273   -3.7557957    2.2519942   -1.5038015 
   32000     1.537723    2.0511913    1957.5428   0.67993404   -3.6948786    2.3048515   -1.3900271 
   33000    1.5400523    1.7959852    1959.1407   0.67937949   -3.7509499    2.3083428   -1.4426071 
   34000    1.4880788    1.7307163    1947.6091   0.68340204   -3.7970396    2.2304412   -1.5665984 
   35000    1.4772054    2.0167804    1943.4277   0.68487241   -3.7404174    2.2141433   -1.5262741 
   36000     1.505134    1.8285676    1984.3174   0.67075964   -3.6670526    2.2560047   -1.4110479 
   37000    1.5110953     1.754293    1989.7363   0.66893287   -3.6929124    2.2649399   -1.4279725 
   38000     1.471727    1.6371494    1956.1906   0.68040404   -3.7685164    2.2059319   -1.5625845 
   39000    1.4729222    1.8065485    1987.8252   0.66957598   -3.6630073    2.2077234   -1.4552839 
   40000    1.4595335    1.7123446    1995.4521   0.66701678   -3.6685174    2.1876554    -1.480862 
   41000    1.4770425    1.6754591    1971.9749   0.67495789   -3.7428936    2.2138991   -1.5289945 
   42000     1.459794    1.7998526    1932.7301   0.68866314   -3.8073096    2.1880459   -1.6192637 
   43000    1.4858129    1.6933852    1985.0918   0.67049795    -3.699889    2.2270449    -1.472844 
   44000    1.5230111       1.5628    1991.5192   0.66833399    -3.724897    2.2828003   -1.4420967 
   45000    1.4805293    1.5787539    1954.4518   0.68100936   -3.7967387    2.2191254   -1.5776133 
   46000    1.4498455    1.9545543    1957.8957   0.67981148   -3.7036463    2.1731343    -1.530512 
   47000    1.5012007    2.0010566    1969.4245   0.67583194   -3.6754936    2.2501093   -1.4253843 
   48000    1.5151114    1.9374608    1961.8545    0.6784397    -3.693693    2.2709596   -1.4227334 
   49000    1.5104848    1.9595395    1925.4638   0.69126201   -3.7871049    2.2640249     -1.52308 
   50000    1.4973217    1.9151306     1945.061   0.68429729   -3.7567675    2.2442951   -1.5124724 
Loop time of 37.4176 on 1 procs for 50000 steps with 1331 atoms

Performance: 461815.193 tau/day, 1336.271 timesteps/s
99.5% CPU use with 1 MPI tasks x no OpenMP threads

MPI task timing breakdown:
Section |  min time  |  avg time  |  max time  |%varavg| %total
---------------------------------------------------------------
Pair    | 29.141     | 29.141     | 29.141     |   0.0 | 77.88
Neigh   | 4.939      | 4.939      | 4.939      |   0.0 | 13.20
Comm    | 0.79515    | 0.79515    | 0.79515    |   0.0 |  2.13
Output  | 0.028784   | 0.028784   | 0.028784   |   0.0 |  0.08
Modify  | 2.348      | 2.348      | 2.348      |   0.0 |  6.28
Other   |            | 0.1659     |            |       |  0.44

Nlocal:    1331 ave 1331 max 1331 min
Histogram: 1 0 0 0 0 0 0 0 0 0
Nghost:    2694 ave 2694 max 2694 min
Histogram: 1 0 0 0 0 0 0 0 0 0
Neighs:    41159 ave 41159 max 41159 min
Histogram: 1 0 0 0 0 0 0 0 0 0

Total # of neighbors = 41159
Ave neighs/atom = 30.9234
Neighbor list builds = 2500
Dangerous builds not checked

write_restart lattice_11_11_11__2_2_2/sim1/T_1.50__P_1.80/end1.restart
Total wall time: 0:00:37
