run 50000
Neighbor list info ...
  update every 20 steps, delay 0 steps, check no
  max neighbors/atom: 2000, page size: 100000
  master list distance cutoff = 2.8
  ghost atom cutoff = 2.8
  binsize = 1.4, bins = 12 12 12
  1 neighbor lists, perpetual/occasional/extra = 1 0 0
  (1) pair lj/cut, perpetual
      attributes: half, newton on
      pair build: half/bin/atomonly/newton
      stencil: half/bin/3d/newton
      bin: standard
Per MPI rank memory allocation (min/avg/max) = 2.738 | 2.738 | 2.738 Mbytes
Step Temp Press TotEng 
       0          0.1  -0.92676492   -1.3295352 
    1000   0.57723416 -0.034411857   -3.2145707 
    2000   0.30331679 -0.009540987   -4.7798932 
    3000   0.16723323   0.02274894   -5.3992296 
    4000   0.10126877 -0.00089072002    -5.629993 
    5000  0.088819066 0.0037976502   -5.6915896 
    6000   0.10012921  0.020276623   -5.6559108 
    7000   0.10487905  0.022801789   -5.6587114 
    8000  0.093820287  -0.00828273   -5.7114626 
    9000  0.098893117  0.029990107   -5.7000231 
   10000   0.10690864 -0.0021489509   -5.6809706 
   11000   0.09613207 -0.00099208839   -5.7224725 
   12000  0.095606598   0.01127599   -5.7273223 
   13000    0.1061838 -0.028193799   -5.6950954 
   14000   0.10077716  0.015132733   -5.7213137 
   15000  0.096258005 0.0082596346   -5.7418254 
   16000    0.1032246  0.015055139   -5.7120634 
   17000    0.1033471 -0.021369791    -5.714725 
   18000  0.095010296 0.0017151053   -5.7425712 
   19000  0.098497619 -0.0056378749   -5.7231474 
   20000   0.10733601  0.015721547   -5.7126038 
   21000  0.092931799 -0.013811036   -5.7404165 
   22000  0.098865832 0.0021346461   -5.7308822 
   23000   0.10633643 -0.0083427655   -5.7133628 
   24000  0.097943941 0.0034772482   -5.7412752 
   25000  0.095425997 -0.027390911   -5.7396373 
   26000   0.10782579 -0.011496586   -5.7184127 
   27000  0.095388217 -0.024775531    -5.745272 
   28000  0.096359949   0.02761736   -5.7520064 
   29000   0.10476097 -0.011540298   -5.7274015 
   30000  0.096602336 -0.036342966   -5.7416968 
   31000  0.097695474  0.012846239   -5.7564308 
   32000   0.10061492  0.051326667   -5.7353806 
   33000   0.10273229 -0.024320917   -5.7375955 
   34000  0.096574931 -0.0019340779    -5.757811 
   35000   0.10124488 -0.004877124   -5.7442795 
   36000   0.10179176 -0.024322004   -5.7352284 
   37000  0.097073106  0.010682479    -5.757162 
   38000    0.1006445 -0.018160728   -5.7552535 
   39000   0.10625918  0.018198111   -5.7497096 
   40000   0.10004401 0.0059868124    -5.765913 
   41000  0.099187508 -0.00029502175   -5.7640039 
   42000    0.1023563 -0.023931352   -5.7530435 
   43000  0.098820391 -0.033710895   -5.7654856 
   44000  0.098603127 0.0042242492   -5.7703367 
   45000   0.10444748  0.028502094   -5.7570207 
   46000  0.098871006  0.020730978    -5.762069 
   47000    0.0951966  0.022074087   -5.7749347 
   48000  0.097830054 -0.027458302   -5.7628127 
   49000   0.10224346  0.020688147    -5.759516 
   50000  0.096987153 -0.018733593   -5.7780569 
Loop time of 31.1348 on 1 procs for 50000 steps with 1331 atoms

Performance: 555005.086 tau/day, 1605.917 timesteps/s
99.8% CPU use with 1 MPI tasks x no OpenMP threads

MPI task timing breakdown:
Section |  min time  |  avg time  |  max time  |%varavg| %total
---------------------------------------------------------------
Pair    | 26.378     | 26.378     | 26.378     |   0.0 | 84.72
Neigh   | 3.6891     | 3.6891     | 3.6891     |   0.0 | 11.85
Comm    | 0.11867    | 0.11867    | 0.11867    |   0.0 |  0.38
Output  | 0.028084   | 0.028084   | 0.028084   |   0.0 |  0.09
Modify  | 0.85499    | 0.85499    | 0.85499    |   0.0 |  2.75
Other   |            | 0.06554    |            |       |  0.21

Nlocal:    1331 ave 1331 max 1331 min
Histogram: 1 0 0 0 0 0 0 0 0 0
Nghost:    255 ave 255 max 255 min
Histogram: 1 0 0 0 0 0 0 0 0 0
Neighs:    45490 ave 45490 max 45490 min
Histogram: 1 0 0 0 0 0 0 0 0 0

Total # of neighbors = 45490
Ave neighs/atom = 34.1773
Neighbor list builds = 2500
Dangerous builds not checked

write_restart NVT/sim1/T_0.10__v_2.74/end1.restart
Total wall time: 0:00:31
