run 50000
Neighbor list info ...
  update every 20 steps, delay 0 steps, check no
  max neighbors/atom: 2000, page size: 100000
  master list distance cutoff = 2.8
  ghost atom cutoff = 2.8
  binsize = 1.4, bins = 16 16 16
  1 neighbor lists, perpetual/occasional/extra = 1 0 0
  (1) pair lj/cut, perpetual
      attributes: half, newton on
      pair build: half/bin/atomonly/newton
      stencil: half/bin/3d/newton
      bin: standard
Per MPI rank memory allocation (min/avg/max) = 2.7 | 2.7 | 2.7 Mbytes
Step Temp Press Volume Density PotEng KinEng TotEng 
       0          0.3 -0.0079383306        10648        0.125  -0.13561964   0.44966191   0.31404227 
    1000   0.83292545  0.024870916    5041.9692   0.26398416   -1.8252184    1.2484495  -0.57676889 
    2000   0.69601097  -0.10420927    3026.3914    0.4397977   -3.2291713    1.0432321   -2.1859393 
    3000   0.63723872  -0.12720503    2022.6113   0.65806019   -4.6179929   0.95513993    -3.662853 
    4000    0.5145361   0.32193925    1552.4973    0.8573284   -5.5189445   0.77122428   -4.7477202 
    5000   0.39238684   0.55378846    1423.8956   0.93475957   -6.0410116   0.58813805   -5.4528736 
    6000   0.30810305   0.55079202    1382.2817    0.9629007   -6.2938386   0.46180735   -5.8320313 
    7000   0.27159835   0.63223906    1370.2849   0.97133082   -6.3528766   0.40709144   -5.9457851 
    8000   0.30686823    0.5794069    1378.1139   0.96581278   -6.3150639   0.45995652   -5.8551074 
    9000   0.31897399   0.48934087    1380.8286   0.96391401    -6.312741   0.47810151   -5.8346395 
   10000   0.28392361   0.62023537    1370.7268   0.97101769   -6.3593976   0.42556545   -5.9338322 
   11000   0.29381249   0.59560929    1368.0423   0.97292313   -6.3794246   0.44038762    -5.939037 
   12000   0.31575494   0.55349787    1371.5776   0.97041536    -6.363515   0.47327657   -5.8902385 
   13000   0.30072131   0.55753829     1368.496   0.97260058   -6.3857412   0.45074306   -5.9349981 
   14000   0.29101359   0.54893004    1365.6778    0.9746076   -6.4056105   0.43619242   -5.9694181 
   15000   0.30919011   0.48373544    1369.6361   0.97179098   -6.3947927   0.46343671    -5.931356 
   16000   0.29599987    0.4556857    1371.8693   0.97020902   -6.3789365   0.44366621   -5.9352703 
   17000   0.29522293   0.43395044    1365.9678   0.97440068   -6.4272511   0.44250169   -5.9847494 
   18000   0.30710161   0.55034988    1363.2578   0.97633769   -6.4284303   0.46030631    -5.968124 
   19000   0.31171159   0.71005186    1361.8636   0.97733721   -6.4096813   0.46721609   -5.9424652 
   20000   0.29058045   0.72716102    1358.7827   0.97955324   -6.4229468   0.43554321   -5.9874035 
   21000   0.30074082   0.68180726    1357.6841   0.98034587   -6.4471243   0.45077231    -5.996352 
   22000    0.3112939    0.8177824    1357.2043   0.98069244   -6.4212671   0.46659003   -5.9546771 
   23000   0.30621004   0.63238982    1358.9591   0.97942613   -6.4409982   0.45896997   -5.9820283 
   24000   0.29415445    0.5368396    1360.3935   0.97839335   -6.4486568   0.44090017   -6.0077566 
   25000   0.30293261    0.4767733    1363.0385   0.97649481   -6.4373251   0.45405751   -5.9832676 
   26000   0.29707426   0.50227445    1359.3542   0.97914145   -6.4584032    0.4452766   -6.0131266 
   27000   0.28886922    0.5512463    1355.4742   0.98194417    -6.479724   0.43297828   -6.0467458 
   28000   0.29446463    0.5878437    1353.6101   0.98329647   -6.4889674    0.4413651   -6.0476023 
   29000   0.28855695   0.62414641    1355.1206   0.98220043   -6.4695026   0.43251023   -6.0369923 
   30000   0.30134942   0.63408615    1350.7045   0.98541169   -6.5002016   0.45168451   -6.0485171 
   31000   0.29374567   0.74954362    1344.8445   0.98970548   -6.5214601   0.44028746   -6.0811727 
   32000   0.29118694   0.73029343    1343.6353   0.99059621   -6.5362217   0.43645225   -6.0997695 
   33000   0.31149924   0.63045866    1342.7373   0.99125868   -6.5651531   0.46689782   -6.0982553 
   34000   0.30041421   0.75602895    1341.1549   0.99242823   -6.5538492   0.45028275   -6.1035665 
   35000   0.30535534   0.67259357    1340.2027   0.99313335   -6.5826643   0.45768889   -6.1249754 
   36000   0.29280652   0.64883471     1340.869   0.99263987   -6.5717974    0.4388798   -6.1329176 
   37000   0.29963845   0.64917422    1338.7455   0.99421433   -6.5957242   0.44911999   -6.1466042 
   38000   0.30036821   0.47501517    1337.1348   0.99541201   -6.6450066   0.45021381   -6.1947927 
   39000   0.29197312    0.4444074    1335.0168   0.99699122   -6.6620159   0.43763063   -6.2243853 
   40000   0.30332012   0.40463789    1334.6848   0.99723921   -6.6656307   0.45463835   -6.2109924 
   41000   0.30581317   0.36990155    1334.4858   0.99738787    -6.677473   0.45837512   -6.2190979 
   42000   0.30020445   0.40578128    1329.5744    1.0010722   -6.7077591   0.44996836   -6.2577908 
   43000    0.2939023   0.56685314    1329.3419    1.0012473   -6.6802933   0.44052223   -6.2397711 
   44000   0.29987296   0.63734293    1328.8524    1.0016161   -6.6718867    0.4494715   -6.2224152 
   45000   0.29028473   0.69877822    1324.3973    1.0049854    -6.693406   0.43509996    -6.258306 
   46000   0.29902547   0.64959734    1324.2771    1.0050767   -6.7031152    0.4482012    -6.254914 
   47000    0.3058494   0.63964068    1327.6255    1.0025418   -6.6818132   0.45842941   -6.2233838 
   48000   0.28714948   0.73456798    1324.8002    1.0046798   -6.6849882   0.43040061   -6.2545876 
   49000   0.29614559   0.60596293    1323.4656    1.0056929   -6.7226849   0.44388464   -6.2788002 
   50000   0.31101366   0.50761529    1326.1547    1.0036536   -6.7202596   0.46616999   -6.2540897 
Loop time of 42.6904 on 1 procs for 50000 steps with 1331 atoms

Performance: 404775.055 tau/day, 1171.224 timesteps/s
99.9% CPU use with 1 MPI tasks x no OpenMP threads

MPI task timing breakdown:
Section |  min time  |  avg time  |  max time  |%varavg| %total
---------------------------------------------------------------
Pair    | 34.548     | 34.548     | 34.548     |   0.0 | 80.93
Neigh   | 5.1059     | 5.1059     | 5.1059     |   0.0 | 11.96
Comm    | 0.73585    | 0.73585    | 0.73585    |   0.0 |  1.72
Output  | 0.027576   | 0.027576   | 0.027576   |   0.0 |  0.06
Modify  | 2.0473     | 2.0473     | 2.0473     |   0.0 |  4.80
Other   |            | 0.226      |            |       |  0.53

Nlocal:    1331 ave 1331 max 1331 min
Histogram: 1 0 0 0 0 0 0 0 0 0
Nghost:    3282 ave 3282 max 3282 min
Histogram: 1 0 0 0 0 0 0 0 0 0
Neighs:    58238 ave 58238 max 58238 min
Histogram: 1 0 0 0 0 0 0 0 0 0

Total # of neighbors = 58238
Ave neighs/atom = 43.7551
Neighbor list builds = 2500
Dangerous builds not checked

write_restart lattice_11_11_11__2_2_2/sim1/T_0.30__P_0.60/end1.restart
Total wall time: 0:00:42
