run 50000
Neighbor list info ...
  update every 20 steps, delay 0 steps, check no
  max neighbors/atom: 2000, page size: 100000
  master list distance cutoff = 2.8
  ghost atom cutoff = 2.8
  binsize = 1.4, bins = 16 16 16
  1 neighbor lists, perpetual/occasional/extra = 1 0 0
  (1) pair lj/cut, perpetual
      attributes: half, newton on
      pair build: half/bin/atomonly/newton
      stencil: half/bin/3d/newton
      bin: standard
Per MPI rank memory allocation (min/avg/max) = 2.7 | 2.7 | 2.7 Mbytes
Step Temp Press Volume Density PotEng KinEng TotEng 
       0          0.2 -0.020428939        10648        0.125  -0.13561964   0.29977461   0.16415497 
    1000   0.65090609 -0.012102685    5941.6396   0.22401224   -1.7300887   0.97562559  -0.75446309 
    2000   0.60633729   -0.1528828    3744.2849   0.35547508   -3.2773021   0.90882261   -2.3684795 
    3000   0.47206428   -0.1123337    2520.8632   0.52799375    -4.524237   0.70756442   -3.8166726 
    4000   0.35791523 -0.096545137    1851.8455   0.71874245   -5.3601963   0.53646949   -4.8237268 
    5000   0.28673723   0.15637285    1531.6145   0.86901764    -5.900969    0.4297827   -5.4711863 
    6000   0.24670679   0.25744317    1398.0769   0.95202202   -6.2618879   0.36978216   -5.8921057 
    7000   0.19574499   0.17800085    1368.3333   0.97271621   -6.4456046   0.29339688   -6.1522077 
    8000   0.18840616   0.19712278    1358.7284   0.97959238    -6.510686   0.28239691   -6.2282891 
    9000   0.21038075   0.18518813    1360.9535   0.97799081   -6.4946604   0.31533403   -6.1793264 
   10000   0.20452828    0.2170495    1358.4333    0.9798052   -6.5048394   0.30656193   -6.1982775 
   11000   0.19232846   0.15408102    1354.7297   0.98248384   -6.5433493   0.28827594   -6.2550734 
   12000   0.20502635   0.21288422    1354.8116   0.98242443   -6.5330506   0.30730846   -6.2257421 
   13000   0.20792704    0.1510103    1356.7578   0.98101515   -6.5274991   0.31165622   -6.2158429 
   14000   0.18699404   0.30180614    1350.1892   0.98578779   -6.5498627   0.28028033   -6.2695824 
   15000   0.19806192    0.2097209    1350.8649   0.98529465   -6.5580346   0.29686967   -6.2611649 
   16000   0.20364723   0.18653092    1354.2153     0.982857   -6.5414824   0.30524135   -6.2362411 
   17000   0.20055452   0.19325166    1349.7265   0.98612573   -6.5721163   0.30060575   -6.2715106 
   18000   0.19302142   0.11460623    1351.2884   0.98498591   -6.5756575    0.2893146   -6.2863429 
   19000   0.20677962   0.36264661    1345.7252    0.9890578   -6.5748646    0.3099364   -6.2649282 
   20000   0.19730645   0.14620404    1349.2848   0.98644853   -6.5860336   0.29573732   -6.2902963 
   21000   0.19371181   0.24952248     1345.578   0.98916599   -6.5914201   0.29034941   -6.3010707 
   22000   0.20572906   0.19804154    1348.8485   0.98676758    -6.581671   0.30836174   -6.2733092 
   23000   0.20450011   0.14126791    1349.0403   0.98662731   -6.5893763    0.3065197   -6.2828566 
   24000   0.19942597    0.1491562    1346.5577   0.98844628   -6.6025663    0.2989142   -6.3036521 
   25000    0.2037232   0.15047307     1348.945   0.98669702   -6.5892915   0.30535521   -6.2839363 
   26000   0.20079266   0.31448299    1345.9466   0.98889513   -6.5788348    0.3009627   -6.2778721 
   27000   0.19078756   0.16053316    1347.9858   0.98739914   -6.5935767   0.28596632   -6.3076104 
   28000   0.19817442   0.28128677     1345.348   0.98933511   -6.5918302   0.29703829   -6.2947919 
   29000   0.20333054   0.22417352    1347.7301   0.98758643   -6.5823052   0.30476666   -6.2775385 
   30000   0.19339278    0.1904318    1346.7596    0.9882981    -6.593408   0.28987122   -6.3035368 
   31000    0.2003984   0.23010715    1344.7388    0.9897833   -6.6033965   0.30037176   -6.3030247 
   32000   0.20510131   0.23351521     1346.845   0.98823544   -6.5872067   0.30742083   -6.2797858 
   33000   0.19770255   0.17726943    1347.1549   0.98800813   -6.5941806   0.29633102   -6.2978496 
   34000   0.19897834   0.23843508    1344.0638   0.99028039   -6.6092423   0.29824327    -6.310999 
   35000   0.19896127   0.17420657    1348.3136   0.98715909   -6.5847767   0.29821768    -6.286559 
   36000   0.19759671   0.21128643    1347.2267    0.9879555   -6.5847515   0.29617239   -6.2885791 
   37000    0.1990802   0.27482488    1342.5644   0.99138631    -6.613752   0.29839594   -6.3153561 
   38000   0.19588947   0.15924855    1346.9918   0.98812779   -6.5972664   0.29361344    -6.303653 
   39000   0.20645054   0.21349556    1346.3256   0.98861674   -6.5963344   0.30944315   -6.2868913 
   40000    0.1989503   0.12126737    1346.5748   0.98843376   -6.6095446   0.29820123   -6.3113434 
   41000   0.19924732   0.21889638    1343.5722   0.99064273   -6.6130185   0.29864643   -6.3143721 
   42000   0.20462048   0.19846571     1346.643   0.98838369   -6.5960283   0.30670011   -6.2893281 
   43000   0.20263172    0.1598091    1346.2092   0.98870223   -6.6082457   0.30371922   -6.3045265 
   44000    0.1919894   0.29849532    1341.5417   0.99214209   -6.6107121   0.28776773   -6.3229444 
   45000   0.19874745   0.14518639    1347.9792   0.98740395   -6.5951278   0.29789719   -6.2972306 
   46000   0.20534765   0.25549557    1343.8591   0.99043119   -6.6049054   0.30779005   -6.2971153 
   47000   0.19570065  0.058062325    1346.6936   0.98834658   -6.6171111   0.29333043   -6.3237806 
   48000   0.20064854   0.35597091    1341.2262   0.99237547   -6.6056696   0.30074668   -6.3049229 
   49000   0.20940927   0.10361656    1347.5533   0.98771602   -6.6064823   0.31387791   -6.2926044 
   50000   0.19346233   0.32467611    1340.6896   0.99277264   -6.6156957   0.28997547   -6.3257202 
Loop time of 42.7815 on 1 procs for 50000 steps with 1331 atoms

Performance: 403912.501 tau/day, 1168.728 timesteps/s
99.9% CPU use with 1 MPI tasks x no OpenMP threads

MPI task timing breakdown:
Section |  min time  |  avg time  |  max time  |%varavg| %total
---------------------------------------------------------------
Pair    | 34.729     | 34.729     | 34.729     |   0.0 | 81.18
Neigh   | 5.0077     | 5.0077     | 5.0077     |   0.0 | 11.71
Comm    | 0.73366    | 0.73366    | 0.73366    |   0.0 |  1.71
Output  | 0.025647   | 0.025647   | 0.025647   |   0.0 |  0.06
Modify  | 2.061      | 2.061      | 2.061      |   0.0 |  4.82
Other   |            | 0.2248     |            |       |  0.53

Nlocal:    1331 ave 1331 max 1331 min
Histogram: 1 0 0 0 0 0 0 0 0 0
Nghost:    3214 ave 3214 max 3214 min
Histogram: 1 0 0 0 0 0 0 0 0 0
Neighs:    58641 ave 58641 max 58641 min
Histogram: 1 0 0 0 0 0 0 0 0 0

Total # of neighbors = 58641
Ave neighs/atom = 44.0579
Neighbor list builds = 2500
Dangerous builds not checked

write_restart lattice_11_11_11__2_2_2/sim1/T_0.20__P_0.20/end1.restart
Total wall time: 0:00:42
