run 50000
Neighbor list info ...
  update every 20 steps, delay 0 steps, check no
  max neighbors/atom: 2000, page size: 100000
  master list distance cutoff = 2.8
  ghost atom cutoff = 2.8
  binsize = 1.4, bins = 19 19 19
  1 neighbor lists, perpetual/occasional/extra = 1 0 0
  (1) pair lj/cut, perpetual
      attributes: half, newton on
      pair build: half/bin/atomonly/newton
      stencil: half/bin/3d/newton
      bin: standard
Per MPI rank memory allocation (min/avg/max) = 2.717 | 2.717 | 2.717 Mbytes
Step Temp Press TotEng 
       0          1.4  0.094883555    2.0738076 
    1000    1.4661044  0.093344075    1.7327566 
    2000    1.3657482  0.086881171    1.5600171 
    3000    1.4509306   0.10303685    1.6977846 
    4000    1.3660543  0.088622909    1.5563348 
    5000    1.4244003  0.090445416    1.6572574 
    6000    1.3702693  0.083558271    1.5541579 
    7000    1.4105998  0.094217539    1.6224244 
    8000    1.3974524  0.093205636    1.5874831 
    9000    1.3640533  0.091912741    1.5461541 
   10000    1.4023423  0.081468763    1.6329655 
   11000    1.3946521   0.09516462    1.6046789 
   12000    1.3995995  0.090998439    1.6058367 
   13000    1.3949808  0.093064914    1.6453151 
   14000    1.3898893   0.09494722    1.6039541 
   15000    1.3817492  0.091702495    1.5715176 
   16000    1.4101477  0.091971215    1.6493009 
   17000     1.345914  0.084700976    1.5294196 
   18000    1.4479638  0.095793994    1.6842613 
   19000    1.3736793  0.077323656    1.5550077 
   20000    1.4256414  0.098452096    1.6562572 
   21000    1.4048821  0.091310773    1.6050183 
   22000    1.3992373  0.095518302    1.6116714 
   23000    1.3925701  0.082892111    1.6069541 
   24000    1.3843312  0.079341882    1.5696103 
   25000    1.4236601  0.090918208    1.6448858 
   26000    1.3917216  0.088478085     1.566526 
   27000    1.4586647   0.10197014    1.6968548 
   28000    1.3482173  0.086884446    1.5543581 
   29000    1.4228281  0.096516418    1.6573829 
   30000     1.339433  0.095354838    1.5547714 
   31000    1.4742985   0.09197746     1.729255 
   32000    1.3699535  0.088780857      1.57614 
   33000    1.4290859  0.091432712    1.6762885 
   34000    1.3723435   0.09478535    1.5860503 
   35000    1.4098425  0.086651086    1.6213089 
   36000    1.4075843  0.089814796     1.609525 
   37000    1.3618346  0.088500922     1.555176 
   38000    1.4145394  0.093371578     1.640184 
   39000    1.3349024  0.090774735    1.5411238 
   40000    1.4592299  0.093112808    1.6959628 
   41000    1.3659565  0.080983297    1.5677294 
   42000    1.4195998  0.096057942    1.6395534 
   43000    1.4546043   0.09490717    1.7199712 
   44000    1.3869912  0.095934879    1.5856899 
   45000    1.4244355  0.099882533    1.6271757 
   46000    1.3735838  0.088249217    1.5320641 
   47000    1.4332977  0.092118996    1.6477538 
   48000    1.3896224  0.090492053    1.6052942 
   49000    1.3885373  0.087391951    1.6100868 
   50000     1.430721  0.091575752    1.6392866 
Loop time of 6.07218 on 1 procs for 50000 steps with 1331 atoms

Performance: 2845765.063 tau/day, 8234.274 timesteps/s
99.7% CPU use with 1 MPI tasks x no OpenMP threads

MPI task timing breakdown:
Section |  min time  |  avg time  |  max time  |%varavg| %total
---------------------------------------------------------------
Pair    | 3.4106     | 3.4106     | 3.4106     |   0.0 | 56.17
Neigh   | 1.4109     | 1.4109     | 1.4109     |   0.0 | 23.23
Comm    | 0.29987    | 0.29987    | 0.29987    |   0.0 |  4.94
Output  | 0.022626   | 0.022626   | 0.022626   |   0.0 |  0.37
Modify  | 0.84371    | 0.84371    | 0.84371    |   0.0 | 13.89
Other   |            | 0.08451    |            |       |  1.39

Nlocal:    1331 ave 1331 max 1331 min
Histogram: 1 0 0 0 0 0 0 0 0 0
Nghost:    1108 ave 1108 max 1108 min
Histogram: 1 0 0 0 0 0 0 0 0 0
Neighs:    4894 ave 4894 max 4894 min
Histogram: 1 0 0 0 0 0 0 0 0 0

Total # of neighbors = 4894
Ave neighs/atom = 3.67693
Neighbor list builds = 2500
Dangerous builds not checked

write_restart NVT/sim1/T_1.40__v_13.82/end1.restart
Total wall time: 0:00:06
