run 50000
Neighbor list info ...
  update every 20 steps, delay 0 steps, check no
  max neighbors/atom: 2000, page size: 100000
  master list distance cutoff = 2.8
  ghost atom cutoff = 2.8
  binsize = 1.4, bins = 16 16 16
  1 neighbor lists, perpetual/occasional/extra = 1 0 0
  (1) pair lj/cut, perpetual
      attributes: half, newton on
      pair build: half/bin/atomonly/newton
      stencil: half/bin/3d/newton
      bin: standard
Per MPI rank memory allocation (min/avg/max) = 2.7 | 2.7 | 2.7 Mbytes
Step Temp Press Volume Density PotEng KinEng TotEng 
       0          0.3 -0.0079383306        10648        0.125  -0.13561964   0.44966191   0.31404227 
    1000   0.90899541 -0.018944094    4185.2192   0.31802397   -2.0704405    1.3624687  -0.70797175 
    2000   0.76669125  -0.15847696    2335.2023   0.56997204   -3.7250875    1.1491728   -2.5759147 
    3000   0.68060244   0.58691955      1597.11    0.8333803   -5.1768975    1.0201366   -4.1567608 
    4000   0.46903321    0.9979873    1434.2588   0.92800543   -5.9011194   0.70302123   -5.1980982 
    5000    0.3382105    1.0140404    1379.6743   0.96472047   -6.2310268    0.5069346   -5.7240922 
    6000   0.27944315     1.066009    1358.9369   0.97944211   -6.3594122    0.4188498   -5.9405624 
    7000   0.29161541    1.1242453    1357.9553   0.98015005   -6.3554504   0.43709447    -5.918356 
    8000   0.31672377    1.0547395     1365.185   0.97495942   -6.3205258   0.47472872   -5.8457971 
    9000   0.29314363     1.081197    1356.9703   0.98086156   -6.3734757   0.43938508   -5.9340907 
   10000   0.28806782    1.0654217    1352.4466   0.98414233   -6.4044285   0.43177708   -5.9726514 
   11000   0.31336377    1.1543928      1357.74   0.98030552   -6.3591103    0.4696925   -5.8894178 
   12000   0.30035394    1.1600373    1356.6466    0.9810956   -6.3603699   0.45019243   -5.9101775 
   13000   0.28632163    1.1959037    1349.1238   0.98656626   -6.4073567   0.42915976   -5.9781969 
   14000   0.30102959    1.2287751    1352.9154   0.98380136   -6.3771766   0.45120514   -5.9259715 
   15000   0.31061516    1.1202545    1357.1347   0.98074275    -6.366539   0.46557269   -5.9009663 
   16000   0.30110002    1.1544634    1350.9854   0.98520683   -6.4062495    0.4513107   -5.9549388 
   17000   0.29732675    1.2186384     1349.015    0.9866458   -6.4024491   0.44565505   -5.9567941 
   18000   0.30814828    1.1404164    1354.9276   0.98234031   -6.3765201   0.46187514   -5.9146449 
   19000    0.3081924    1.0730012    1352.9283   0.98379196   -6.4063752   0.46194127   -5.9444339 
   20000   0.29175627    1.1228459    1350.1801   0.98579444    -6.412896   0.43730561   -5.9755904 
   21000   0.30252478    1.0609195     1356.239   0.98139046   -6.3810006   0.45344623   -5.9275544 
   22000   0.30942806   0.91942705    1359.1408   0.97929513   -6.3839186   0.46379338   -5.9201253 
   23000   0.29466439   0.83655026    1356.1088    0.9814847   -6.4209083   0.44166451   -5.9792438 
   24000   0.29034175   0.98187264    1357.9515    0.9801528   -6.3891606   0.43518543   -5.9539751 
   25000   0.31170164    1.0095845    1358.4809   0.97977088   -6.3795524   0.46720118   -5.9123513 
   26000   0.29383981   0.99136822    1354.9277   0.98234025   -6.4024007   0.44042857   -5.9619721 
   27000   0.28439938    1.1061986    1352.4129   0.98416688   -6.3974712   0.42627857   -5.9711927 
   28000   0.29912193    1.1493941    1354.8798   0.98237494   -6.3745119   0.44834579   -5.9261662 
   29000   0.30550853    1.1441152    1351.6539   0.98471954   -6.3998616   0.45791849   -5.9419431 
   30000   0.28777128    1.1469846    1349.4891   0.98629922    -6.414439   0.43133262   -5.9831064 
   31000   0.30722654    1.0351215    1354.4152   0.98271198   -6.4034924   0.46049358   -5.9429989 
   32000   0.30915385    1.0875559    1354.2859   0.98280574   -6.3912406   0.46338237   -5.9278583 
   33000   0.28692919    1.1526334    1350.2152   0.98576882   -6.4069805   0.43007043   -5.9769101 
   34000   0.29167939    1.0818689    1352.1751   0.98433997   -6.4028828   0.43719038   -5.9656924 
   35000    0.3064947    1.0122175    1356.2575   0.98137705   -6.3881058   0.45939664   -5.9287091 
   36000   0.29080006    1.0832874    1352.7013   0.98395709   -6.3989391   0.43587236   -5.9630668 
   37000   0.29006434    1.0359482    1352.4945   0.98410754   -6.4116762   0.43476961   -5.9769066 
   38000   0.30072875    1.0040762    1355.9467   0.98160199   -6.3931802   0.45075421    -5.942426 
   39000   0.30242073    1.0153699    1354.6655    0.9825304   -6.3995718   0.45329027   -5.9462815 
   40000   0.29617391   0.93444127    1352.9787   0.98375532   -6.4227349   0.44392709   -5.9788078 
   41000   0.29824746    1.0349027     1353.727   0.98321154   -6.4057161   0.44703507    -5.958681 
   42000   0.30434104    1.0886618    1354.2507   0.98283128   -6.3905668   0.45616858   -5.9343982 
   43000   0.29872782    1.0023213    1352.5574   0.98406174    -6.417188   0.44775507   -5.9694329 
   44000   0.29425862    1.0566408    1351.9176   0.98452747   -6.4106322    0.4410563   -5.9695759 
   45000   0.30985922   0.94340714    1355.6657   0.98180546   -6.4083433   0.46443963   -5.9439036 
   46000   0.29281567    0.9888662    1354.3217   0.98277978    -6.403575    0.4388935   -5.9646815 
   47000    0.2872655     1.090052    1350.9124      0.98526   -6.4130673   0.43057452   -5.9824928 
   48000   0.29959538   0.99887118    1353.2708   0.98354299   -6.4111455   0.44905543   -5.9620901 
   49000   0.30127103    0.8975829    1354.9845   0.98229904    -6.417069   0.45156702   -5.9655019 
   50000   0.29558225   0.83238636    1354.1132   0.98293114   -6.4344213   0.44304026   -5.9913811 
Loop time of 43.1589 on 1 procs for 50000 steps with 1331 atoms

Performance: 400380.774 tau/day, 1158.509 timesteps/s
99.9% CPU use with 1 MPI tasks x no OpenMP threads

MPI task timing breakdown:
Section |  min time  |  avg time  |  max time  |%varavg| %total
---------------------------------------------------------------
Pair    | 35.086     | 35.086     | 35.086     |   0.0 | 81.29
Neigh   | 5.0576     | 5.0576     | 5.0576     |   0.0 | 11.72
Comm    | 0.74257    | 0.74257    | 0.74257    |   0.0 |  1.72
Output  | 0.025302   | 0.025302   | 0.025302   |   0.0 |  0.06
Modify  | 2.0295     | 2.0295     | 2.0295     |   0.0 |  4.70
Other   |            | 0.2184     |            |       |  0.51

Nlocal:    1331 ave 1331 max 1331 min
Histogram: 1 0 0 0 0 0 0 0 0 0
Nghost:    3202 ave 3202 max 3202 min
Histogram: 1 0 0 0 0 0 0 0 0 0
Neighs:    58054 ave 58054 max 58054 min
Histogram: 1 0 0 0 0 0 0 0 0 0

Total # of neighbors = 58054
Ave neighs/atom = 43.6168
Neighbor list builds = 2500
Dangerous builds not checked

write_restart lattice_11_11_11__2_2_2/sim1/T_0.30__P_1.10/end1.restart
Total wall time: 0:00:43
