run 50000
Neighbor list info ...
  update every 20 steps, delay 0 steps, check no
  max neighbors/atom: 2000, page size: 100000
  master list distance cutoff = 2.8
  ghost atom cutoff = 2.8
  binsize = 1.4, bins = 23 23 23
  1 neighbor lists, perpetual/occasional/extra = 1 0 0
  (1) pair lj/cut, perpetual
      attributes: half, newton on
      pair build: half/bin/atomonly/newton
      stencil: half/bin/3d/newton
      bin: standard
Per MPI rank memory allocation (min/avg/max) = 2.748 | 2.748 | 2.748 Mbytes
Step Temp Press TotEng 
       0          1.8  0.078884326    2.6856424 
    1000    1.8031863  0.076041944    2.4578143 
    2000    1.7840822   0.08107346    2.4127434 
    3000    1.8404049  0.077065728    2.4874571 
    4000    1.7528633  0.077701822    2.3642547 
    5000    1.8407114  0.083270697    2.5218925 
    6000    1.7791827  0.077416694    2.4277973 
    7000    1.8008263  0.083819718    2.4646106 
    8000     1.835423  0.079023926    2.5220601 
    9000    1.7816256  0.076679254    2.4102027 
   10000    1.8439094  0.076078458    2.4956587 
   11000    1.7236799   0.07231002    2.3194359 
   12000    1.8185814  0.078501838     2.486482 
   13000    1.7719198  0.075155389    2.4006007 
   14000    1.8382001  0.079337366    2.4945738 
   15000    1.7747528  0.076556028    2.3988298 
   16000    1.8029499  0.077167657    2.4543643 
   17000    1.7957075   0.07843289    2.4405936 
   18000    1.6954814  0.069693548    2.2655216 
   19000    1.8173018  0.079515573    2.4632705 
   20000    1.7848116   0.07460158    2.4088641 
   21000    1.8089732  0.077894668    2.4545195 
   22000     1.807121  0.077231502    2.4410269 
   23000    1.7989352  0.071951827    2.4137755 
   24000    1.8179593  0.074122059    2.4425455 
   25000    1.7735325  0.071910823    2.3830176 
   26000     1.817529   0.07661674    2.4690736 
   27000    1.7789486  0.078471991    2.3916993 
   28000    1.8906899  0.080981992    2.5810572 
   29000     1.769666   0.07412612    2.3941738 
   30000    1.8475549  0.080191454    2.5235513 
   31000    1.7449791   0.07619647    2.3559659 
   32000    1.8210819  0.075920088    2.4673704 
   33000    1.7832797  0.077195357    2.4136062 
   34000    1.8317789  0.077158632    2.4831022 
   35000    1.7912375  0.072468176    2.4322653 
   36000    1.8089704  0.078232285    2.4514652 
   37000    1.7556641  0.073449806    2.3785236 
   38000    1.8019699  0.076407674    2.4382567 
   39000    1.7912924  0.078172511    2.4424617 
   40000    1.7687338  0.070208984    2.3737731 
   41000    1.8514328  0.079496189     2.521657 
   42000    1.7630482  0.075008506    2.3829497 
   43000    1.8080326  0.075836021    2.4713655 
   44000    1.7766029  0.079100439    2.4232574 
   45000    1.8664935  0.080525674    2.5349549 
   46000     1.757952  0.075460143    2.3667676 
   47000    1.8411227  0.077520639    2.5115086 
   48000    1.8025917  0.072397017    2.4361918 
   49000    1.8001185  0.076069997    2.4279461 
   50000    1.8565945  0.078283124    2.5090057 
Loop time of 4.35157 on 1 procs for 50000 steps with 1331 atoms

Performance: 3970979.566 tau/day, 11490.103 timesteps/s
99.6% CPU use with 1 MPI tasks x no OpenMP threads

MPI task timing breakdown:
Section |  min time  |  avg time  |  max time  |%varavg| %total
---------------------------------------------------------------
Pair    | 2.1041     | 2.1041     | 2.1041     |   0.0 | 48.35
Neigh   | 1.0392     | 1.0392     | 1.0392     |   0.0 | 23.88
Comm    | 0.25145    | 0.25145    | 0.25145    |   0.0 |  5.78
Output  | 0.023118   | 0.023118   | 0.023118   |   0.0 |  0.53
Modify  | 0.8556     | 0.8556     | 0.8556     |   0.0 | 19.66
Other   |            | 0.07811    |            |       |  1.79

Nlocal:    1331 ave 1331 max 1331 min
Histogram: 1 0 0 0 0 0 0 0 0 0
Nghost:    794 ave 794 max 794 min
Histogram: 1 0 0 0 0 0 0 0 0 0
Neighs:    2814 ave 2814 max 2814 min
Histogram: 1 0 0 0 0 0 0 0 0 0

Total # of neighbors = 2814
Ave neighs/atom = 2.1142
Neighbor list builds = 2500
Dangerous builds not checked

write_restart NVT/sim1/T_1.80__v_24.39/end1.restart
Total wall time: 0:00:04
