run 50000
Neighbor list info ...
  update every 20 steps, delay 0 steps, check no
  max neighbors/atom: 2000, page size: 100000
  master list distance cutoff = 2.8
  ghost atom cutoff = 2.8
  binsize = 1.4, bins = 16 16 16
  1 neighbor lists, perpetual/occasional/extra = 1 0 0
  (1) pair lj/cut, perpetual
      attributes: half, newton on
      pair build: half/bin/atomonly/newton
      stencil: half/bin/3d/newton
      bin: standard
Per MPI rank memory allocation (min/avg/max) = 2.7 | 2.7 | 2.7 Mbytes
Step Temp Press Volume Density PotEng KinEng TotEng 
       0          1.6   0.15443958        10648        0.125  -0.13561964    2.3981968    2.2625772 
    1000    2.1665731   0.49513641    6473.1068   0.20561997   -1.0275877     3.247418    2.2198303 
    2000    1.9279738   0.56042633     4690.494   0.28376542   -1.5282369     2.889788     1.361551 
    3000    1.7495514   0.59512861    3636.2769   0.36603373   -1.9904261    2.6223554   0.63192931 
    4000    1.6901797   0.79756224    2980.8318   0.44651966   -2.4507579    2.5333647  0.082606777 
    5000    1.6293711   0.97161839    2566.9572   0.51851274   -2.8071374    2.4422204  -0.36491692 
    6000    1.5852275     1.178761     2325.683     0.572305   -3.0985445    2.3760547  -0.72248974 
    7000    1.5744222    1.2926225    2212.9463    0.6014606   -3.2917584     2.359859  -0.93189947 
    8000    1.5805836    1.3923399    2182.3554   0.60989149   -3.3160493    2.3690941  -0.94695517 
    9000    1.6226942    1.2837319    2183.2895   0.60963055   -3.3672599    2.4322125   -0.9350474 
   10000    1.5927995    1.2728701    2200.2144   0.60494105   -3.3222141    2.3874042  -0.93480997 
   11000    1.6025509    1.3137344     2208.873   0.60256973   -3.2878286    2.4020203  -0.88580827 
   12000    1.5918881    1.3938432    2204.8419    0.6036714   -3.2962149    2.3860382  -0.91017674 
   13000    1.5842186    1.3739281    2192.6526   0.60702731   -3.2949419    2.3745425  -0.92039943 
   14000    1.5778079    1.4134217    2203.2743   0.60410091   -3.2815871    2.3649337   -0.9166533 
   15000    1.6043408     1.344404    2204.2761   0.60382635   -3.2731365    2.4047032  -0.86843331 
   16000    1.5769286    1.2205831    2209.2681   0.60246197   -3.2953985    2.3636158   -0.9317827 
   17000     1.579339    1.2226417    2182.8033   0.60976635   -3.3706624    2.3672286   -1.0034338 
   18000    1.6773839    1.5012383     2156.675   0.61715373   -3.3550587    2.5141855  -0.84087319 
   19000    1.6562945    1.4392101     2186.004   0.60887353    -3.311323    2.4825752  -0.82874778 
   20000    1.5898949    1.2172906     2211.361   0.60189178    -3.313435    2.3830506  -0.93038442 
   21000    1.5782574    1.2454874    2186.7864   0.60865568   -3.3534151    2.3656075  -0.98780763 
   22000    1.6061393    1.5797902    2139.6231   0.62207217   -3.4005995    2.4073988   -0.9932007 
   23000     1.591075    1.6255126    2197.3002   0.60574335   -3.2321157    2.3848194  -0.84729627 
   24000    1.5969296    1.1089905    2217.0074   0.60035886   -3.3321944    2.3935947  -0.93859967 
   25000      1.57865    1.4050135     2144.155   0.62075735   -3.4156168     2.366196   -1.0494208 
   26000    1.6283943    1.3447743    2156.6393   0.61716395   -3.4159126    2.4407564  -0.97515621 
   27000     1.604423     1.497524    2180.6259   0.61037521   -3.2787169    2.4048263  -0.87389055 
   28000    1.5680255     1.243244    2227.6449     0.597492   -3.2783523    2.3502712  -0.92808111 
   29000     1.571094    1.1079774    2250.4462   0.59143827   -3.2609221    2.3548704  -0.90605164 
   30000    1.5874718     1.517046    2189.5355   0.60789148   -3.2878207    2.3794187    -0.908402 
   31000    1.6119782    1.4394045     2179.742   0.61062272   -3.3404308    2.4161506  -0.92428014 
   32000    1.6326768    1.4552432    2221.5613   0.59912819   -3.2657608    2.4471752  -0.81858561 
   33000    1.6157354    1.4525259    2224.4447   0.59835158   -3.2445229    2.4217822   -0.8227407 
   34000    1.6063894    1.2989974    2184.1986   0.60937682   -3.3522253    2.4077738  -0.94445153 
   35000    1.5648513    1.4070707    2182.5019   0.60985056   -3.3380817    2.3455135  -0.99256818 
   36000    1.6067701    1.5354168    2126.7703   0.62583157   -3.4092331    2.4083443   -1.0008888 
   37000    1.6206446    1.4877125    2182.7185   0.60979005   -3.3131575    2.4291405  -0.88401709 
   38000    1.6116442    1.3866518    2211.7358   0.60178977   -3.2776695      2.41565  -0.86201952 
   39000     1.574078    1.1621431    2212.0664   0.60169984   -3.3436758    2.3593431  -0.98433277 
   40000     1.531086    1.2779716     2180.342   0.61045469    -3.366098    2.2949036   -1.0711945 
   41000    1.6051478    1.4037044    2154.2906   0.61783679   -3.3829996    2.4059127  -0.97708692 
   42000    1.6057611    1.5086463     2185.989   0.60887771   -3.2975718     2.406832  -0.89073976 
   43000    1.6305322    1.2759761    2193.0799   0.60690904   -3.3493449    2.4439608  -0.90538416 
   44000    1.6067899    1.4181603    2137.2007   0.62277725    -3.421813    2.4083741   -1.0134389 
   45000    1.5921973    1.4265239    2211.4511   0.60186725   -3.2949058    2.3865016  -0.90840418 
   46000    1.6105561    1.4078499     2205.084   0.60360513   -3.3136665     2.414019  -0.89964741 
   47000    1.5687595    1.2558515    2171.9357    0.6128174     -3.37781    2.3513713   -1.0264387 
   48000    1.5996258    1.5060497    2172.8714   0.61255351   -3.3366422     2.397636  -0.93900623 
   49000    1.6435389     1.556599    2215.2449   0.60083651   -3.2373484    2.4634561  -0.77389233 
   50000    1.6252651    1.3232322     2187.669   0.60841014    -3.341828     2.436066  -0.90576201 
Loop time of 33.9162 on 1 procs for 50000 steps with 1331 atoms

Performance: 509491.755 tau/day, 1474.224 timesteps/s
99.1% CPU use with 1 MPI tasks x no OpenMP threads

MPI task timing breakdown:
Section |  min time  |  avg time  |  max time  |%varavg| %total
---------------------------------------------------------------
Pair    | 26.22      | 26.22      | 26.22      |   0.0 | 77.31
Neigh   | 4.3992     | 4.3992     | 4.3992     |   0.0 | 12.97
Comm    | 0.76146    | 0.76146    | 0.76146    |   0.0 |  2.25
Output  | 0.027972   | 0.027972   | 0.027972   |   0.0 |  0.08
Modify  | 2.3506     | 2.3506     | 2.3506     |   0.0 |  6.93
Other   |            | 0.1572     |            |       |  0.46

Nlocal:    1331 ave 1331 max 1331 min
Histogram: 1 0 0 0 0 0 0 0 0 0
Nghost:    2569 ave 2569 max 2569 min
Histogram: 1 0 0 0 0 0 0 0 0 0
Neighs:    36542 ave 36542 max 36542 min
Histogram: 1 0 0 0 0 0 0 0 0 0

Total # of neighbors = 36542
Ave neighs/atom = 27.4545
Neighbor list builds = 2500
Dangerous builds not checked

write_restart lattice_11_11_11__2_2_2/sim1/T_1.60__P_1.40/end1.restart
Total wall time: 0:00:33
