run 50000
Neighbor list info ...
  update every 20 steps, delay 0 steps, check no
  max neighbors/atom: 2000, page size: 100000
  master list distance cutoff = 2.8
  ghost atom cutoff = 2.8
  binsize = 1.4, bins = 18 18 18
  1 neighbor lists, perpetual/occasional/extra = 1 0 0
  (1) pair lj/cut, perpetual
      attributes: half, newton on
      pair build: half/bin/atomonly/newton
      stencil: half/bin/3d/newton
      bin: standard
Per MPI rank memory allocation (min/avg/max) = 2.711 | 2.711 | 2.711 Mbytes
Step Temp Press TotEng 
       0          1.5   0.12293338    2.1851126 
    1000     1.574071   0.13533331    1.7779542 
    2000    1.4553677   0.12050515    1.5826617 
    3000    1.5298777   0.12987986    1.7333996 
    4000    1.4866967   0.11273109    1.6131897 
    5000    1.5174729   0.12241845    1.6641397 
    6000    1.5049735   0.12180799    1.6169025 
    7000    1.5035024   0.12903794    1.6368176 
    8000    1.4869728   0.12575863    1.6362994 
    9000    1.4669411   0.11624249    1.5911755 
   10000    1.5159936   0.12666005    1.6824921 
   11000    1.4716658   0.11917238    1.6071672 
   12000    1.5354915   0.12452022    1.7241018 
   13000    1.4866815   0.13066144    1.6268853 
   14000    1.5530923   0.12399881    1.7279451 
   15000    1.5016817   0.11643998    1.6589864 
   16000    1.4934004   0.12387361    1.6492707 
   17000    1.5105883   0.12398666    1.6402749 
   18000    1.4965407   0.12192958    1.6182644 
   19000    1.5132555   0.13487534    1.6784395 
   20000    1.4992381   0.11479403    1.6360614 
   21000    1.5209583   0.12701704     1.689803 
   22000    1.5241863   0.12135939    1.7090129 
   23000    1.4822806   0.12478715     1.638269 
   24000    1.5090774   0.12918438     1.651138 
   25000    1.4691391   0.11910254    1.5623734 
   26000     1.496581   0.13469296    1.6595722 
   27000    1.4669431   0.12445995    1.6201621 
   28000    1.4775371   0.12937353    1.6324382 
   29000    1.5108088   0.13261927    1.6944536 
   30000    1.4460004    0.1128915    1.5746527 
   31000    1.5187549   0.12073989    1.6587311 
   32000    1.4663094   0.12393285    1.6145327 
   33000    1.5563387   0.11880973    1.7083972 
   34000    1.4543307   0.10732111    1.5671289 
   35000    1.5221549   0.12540984    1.6777245 
   36000    1.5063717   0.11965473    1.6335931 
   37000    1.5271114   0.11915553    1.6925197 
   38000    1.5203263   0.11744909    1.6502701 
   39000    1.4939642    0.1173912    1.6425589 
   40000    1.5250424   0.12193303    1.6898773 
   41000    1.4306402    0.1193359    1.5456289 
   42000    1.5211554   0.12177148    1.6621622 
   43000    1.4689896   0.11529723    1.6026716 
   44000    1.5287879    0.1185311    1.7016637 
   45000    1.4893274   0.12061538    1.6187304 
   46000    1.4841808   0.12329136    1.6231472 
   47000    1.5165205   0.11567159    1.6701929 
   48000    1.4348533    0.1172847    1.5171614 
   49000    1.5189465   0.13753922    1.6755195 
   50000    1.4728089   0.12415194    1.6097236 
Loop time of 7.1171 on 1 procs for 50000 steps with 1331 atoms

Performance: 2427954.119 tau/day, 7025.330 timesteps/s
99.8% CPU use with 1 MPI tasks x no OpenMP threads

MPI task timing breakdown:
Section |  min time  |  avg time  |  max time  |%varavg| %total
---------------------------------------------------------------
Pair    | 4.2479     | 4.2479     | 4.2479     |   0.0 | 59.69
Neigh   | 1.5871     | 1.5871     | 1.5871     |   0.0 | 22.30
Comm    | 0.32538    | 0.32538    | 0.32538    |   0.0 |  4.57
Output  | 0.022908   | 0.022908   | 0.022908   |   0.0 |  0.32
Modify  | 0.84627    | 0.84627    | 0.84627    |   0.0 | 11.89
Other   |            | 0.08755    |            |       |  1.23

Nlocal:    1331 ave 1331 max 1331 min
Histogram: 1 0 0 0 0 0 0 0 0 0
Nghost:    1227 ave 1227 max 1227 min
Histogram: 1 0 0 0 0 0 0 0 0 0
Neighs:    6041 ave 6041 max 6041 min
Histogram: 1 0 0 0 0 0 0 0 0 0

Total # of neighbors = 6041
Ave neighs/atom = 4.53869
Neighbor list builds = 2500
Dangerous builds not checked

write_restart NVT/sim1/T_1.50__v_10.65/end1.restart
Total wall time: 0:00:07
