run 50000
Neighbor list info ...
  update every 20 steps, delay 0 steps, check no
  max neighbors/atom: 2000, page size: 100000
  master list distance cutoff = 2.8
  ghost atom cutoff = 2.8
  binsize = 1.4, bins = 20 20 20
  1 neighbor lists, perpetual/occasional/extra = 1 0 0
  (1) pair lj/cut, perpetual
      attributes: half, newton on
      pair build: half/bin/atomonly/newton
      stencil: half/bin/3d/newton
      bin: standard
Per MPI rank memory allocation (min/avg/max) = 2.724 | 2.724 | 2.724 Mbytes
Step Temp Press TotEng 
       0          1.4  0.092366152    2.0860932 
    1000    1.4341506  0.085370157    1.7766205 
    2000    1.3713853  0.080449268    1.6296541 
    3000    1.4405941  0.082710739    1.7391819 
    4000    1.3649242  0.075930241    1.6119227 
    5000    1.4415186  0.083894733    1.7300619 
    6000    1.3379581  0.074087593     1.539621 
    7000    1.4044107  0.076604097    1.6551008 
    8000    1.4089313  0.089211498    1.6814441 
    9000    1.3625559  0.077700781    1.5761796 
   10000    1.4457869  0.081331523    1.7070086 
   11000    1.4051359  0.084047786    1.6329658 
   12000    1.4927508  0.087578491    1.7964694 
   13000    1.3872681  0.076480506    1.6556096 
   14000    1.3942703  0.087008127    1.6983286 
   15000    1.3870048  0.076564801    1.6642273 
   16000    1.3795049  0.084108097    1.6446405 
   17000    1.4272947  0.076462688    1.6775117 
   18000     1.321609  0.070117888    1.5155823 
   19000    1.4004171  0.080303745    1.6569454 
   20000    1.3959058  0.078235247    1.6374631 
   21000    1.3918621  0.079187134    1.6471741 
   22000    1.4112657   0.08376915    1.6727479 
   23000    1.3966191  0.083450132    1.6646075 
   24000    1.4117483  0.083002768    1.6811173 
   25000    1.3985453  0.083369028    1.6409506 
   26000    1.3904091  0.081815114    1.6514181 
   27000    1.4235473   0.09147211    1.7163093 
   28000    1.3834248   0.07673032    1.6267668 
   29000    1.3885528  0.093257077    1.6702613 
   30000    1.3695954  0.083961105    1.5927892 
   31000    1.4368694  0.088407963     1.703722 
   32000    1.3525622  0.075722434    1.5922788 
   33000    1.4011687  0.081482342    1.6541175 
   34000    1.4041071  0.079976914    1.6762142 
   35000    1.3917313  0.079970115    1.6502207 
   36000    1.3848522  0.075403394    1.6077756 
   37000    1.4198311  0.089182361    1.7102775 
   38000    1.3862227  0.074672469    1.6412664 
   39000    1.4174291  0.081750579    1.6864866 
   40000    1.3281214  0.073993543    1.5610069 
   41000    1.4316175  0.082039124    1.7017771 
   42000    1.3777888  0.085495857    1.6280771 
   43000    1.4579405  0.086737045    1.7615883 
   44000    1.3940716  0.079060214    1.6637136 
   45000    1.4080928  0.080311661    1.6684479 
   46000    1.4413383  0.091267628    1.7561863 
   47000     1.380738  0.082163057      1.63516 
   48000    1.4131168  0.080437378    1.6912607 
   49000    1.4196874  0.079003756    1.6801731 
   50000    1.3482157  0.083209146    1.6262887 
Loop time of 5.65533 on 1 procs for 50000 steps with 1331 atoms

Performance: 3055522.189 tau/day, 8841.210 timesteps/s
99.6% CPU use with 1 MPI tasks x no OpenMP threads

MPI task timing breakdown:
Section |  min time  |  avg time  |  max time  |%varavg| %total
---------------------------------------------------------------
Pair    | 3.1227     | 3.1227     | 3.1227     |   0.0 | 55.22
Neigh   | 1.2957     | 1.2957     | 1.2957     |   0.0 | 22.91
Comm    | 0.29587    | 0.29587    | 0.29587    |   0.0 |  5.23
Output  | 0.022144   | 0.022144   | 0.022144   |   0.0 |  0.39
Modify  | 0.83808    | 0.83808    | 0.83808    |   0.0 | 14.82
Other   |            | 0.08088    |            |       |  1.43

Nlocal:    1331 ave 1331 max 1331 min
Histogram: 1 0 0 0 0 0 0 0 0 0
Nghost:    1125 ave 1125 max 1125 min
Histogram: 1 0 0 0 0 0 0 0 0 0
Neighs:    4218 ave 4218 max 4218 min
Histogram: 1 0 0 0 0 0 0 0 0 0

Total # of neighbors = 4218
Ave neighs/atom = 3.16905
Neighbor list builds = 2500
Dangerous builds not checked

write_restart NVT/sim1/T_1.40__v_15.62/end1.restart
Total wall time: 0:00:05
