run 50000
Neighbor list info ...
  update every 20 steps, delay 0 steps, check no
  max neighbors/atom: 2000, page size: 100000
  master list distance cutoff = 2.8
  ghost atom cutoff = 2.8
  binsize = 1.4, bins = 16 16 16
  1 neighbor lists, perpetual/occasional/extra = 1 0 0
  (1) pair lj/cut, perpetual
      attributes: half, newton on
      pair build: half/bin/atomonly/newton
      stencil: half/bin/3d/newton
      bin: standard
Per MPI rank memory allocation (min/avg/max) = 2.7 | 2.7 | 2.7 Mbytes
Step Temp Press Volume Density PotEng KinEng TotEng 
       0          0.1 -0.032919548        10648        0.125  -0.13561964    0.1498873  0.014267664 
    1000   0.59395898  -0.15383897    4199.0419   0.31697707   -2.3990793   0.89026909   -1.5088102 
    2000   0.48092326  -0.30773668    2135.8794   0.62316253    -4.592792   0.72084291   -3.8719491 
    3000    0.3266084   0.17244345    1486.5532   0.89535984   -5.9421641   0.48954452   -5.4526196 
    4000   0.17608522   0.32605787     1367.324   0.97343422   -6.4356554   0.26392938    -6.171726 
    5000    0.1116838    0.2675469    1339.6997   0.99350623   -6.6233457   0.16739984   -6.4559459 
    6000  0.085189002   0.30781715    1331.0371    0.9999721   -6.6796396    0.1276875   -6.5519521 
    7000  0.099596514   0.31886246     1332.721   0.99870866   -6.6655414   0.14928253   -6.5162589 
    8000   0.11102369   0.30380792    1334.9663   0.99702889   -6.6524745   0.16641041   -6.4860641 
    9000  0.095104548   0.26900787    1331.1574   0.99988177   -6.6833088   0.14254964   -6.5407591 
   10000  0.093738424   0.33605026    1330.6426    1.0002686   -6.6760922     0.140502   -6.5355902 
   11000   0.10603392   0.38931583    1332.2807   0.99903871   -6.6548619   0.15893139   -6.4959305 
   12000  0.096494776   0.27454559    1332.0968   0.99917661   -6.6745725   0.14463342   -6.5299391 
   13000  0.093861159   0.31186126    1330.2488    1.0005647   -6.6830446   0.14068596   -6.5423587 
   14000   0.10867487   0.27197723    1332.6302   0.99877673   -6.6716689   0.16288983   -6.5087791 
   15000   0.10214842   0.24869241    1332.6629   0.99875222   -6.6777516   0.15310751   -6.5246441 
   16000  0.094724973   0.20809454    1332.2242    0.9990811   -6.6882401   0.14198071   -6.5462594 
   17000   0.10290409   0.32162612    1331.3525    0.9997352   -6.6779036   0.15424016   -6.5236635 
   18000  0.098363721   0.35596596    1330.8049    1.0001466   -6.6719255   0.14743473   -6.5244907 
   19000  0.095853983   0.29309526    1329.8845    1.0008388   -6.6920355   0.14367295   -6.5483626 
   20000  0.099961724   0.37845478    1328.9042    1.0015771   -6.6836619   0.14982993    -6.533832 
   21000   0.10739185   0.44920376    1327.2651     1.002814   -6.6834541   0.16096675   -6.5224873 
   22000  0.096867601   0.34664797    1327.9939    1.0022636   -6.6947855   0.14519223   -6.5495933 
   23000  0.096102301   0.26486951    1330.1539    1.0006361   -6.6909648   0.14404515   -6.5469197 
   24000   0.10551483    0.2256837    1331.4541   0.99965895    -6.688813   0.15815334   -6.5306597 
   25000  0.095557576   0.30898043    1328.3774    1.0019743     -6.69452   0.14322867   -6.5512913 
   26000  0.097284849    0.3468119    1327.6651    1.0025118    -6.697603   0.14581764   -6.5517853 
   27000   0.10465186   0.28822298    1330.0516     1.000713   -6.6899462   0.15685985   -6.5330863 
   28000  0.098820609    0.3007023    1328.8553    1.0016139   -6.6965588   0.14811955   -6.5484392 
   29000  0.095911769   0.21938328    1330.2669    1.0005511    -6.700441   0.14375956   -6.5566814 
   30000   0.10078133   0.25162009    1330.4659    1.0004015   -6.6930943   0.15105841   -6.5420359 
   31000    0.1008003   0.36011529    1326.8797    1.0031053   -6.6998636   0.15108685   -6.5487767 
   32000  0.097741837   0.32127744    1326.4794     1.003408   -6.7082041    0.1465026   -6.5617015 
   33000   0.10103292    0.2256866      1330.58    1.0003156   -6.6981296   0.15143551   -6.5466941 
   34000   0.10201264   0.27512425    1328.9772    1.0015221   -6.6993947   0.15290399   -6.5464907 
   35000  0.095934009   0.38792262    1325.4849    1.0041608   -6.7062843    0.1437929   -6.5624914 
   36000   0.10251114   0.46492355    1324.0389    1.0052575   -6.7032635   0.15365118   -6.5496124 
   37000   0.10152025   0.29511309    1328.7121    1.0017219    -6.697438   0.15216597    -6.545272 
   38000  0.097918606   0.25991876     1327.979    1.0022749   -6.7097521   0.14676756   -6.5629846 
   39000  0.097190103   0.31829557    1327.2531     1.002823   -6.7014372   0.14567562   -6.5557615 
   40000   0.10610794   0.29877391     1328.005    1.0022553   -6.7049026   0.15904233   -6.5458603 
   41000  0.099623962   0.30885119     1325.681    1.0040123   -6.7159598   0.14932367   -6.5666361 
   42000  0.097591713   0.25531317    1327.2029     1.002861   -6.7150593   0.14627759   -6.5687817 
   43000   0.10590615   0.20695497    1329.2958    1.0012821   -6.7086858   0.15873988    -6.549946 
   44000   0.10003781   0.38278257    1324.2787    1.0050754   -6.7130882   0.14994398   -6.5631442 
   45000  0.097514113   0.44005627    1322.1513    1.0066926   -6.7196053   0.14616127    -6.573444 
   46000   0.10277964   0.26755577     1327.568    1.0025852   -6.7099324   0.15405364   -6.5558787 
   47000  0.098984123   0.28081995    1327.4074    1.0027065   -6.7080007   0.14836463   -6.5596361 
   48000  0.097149231   0.27903312    1325.8102    1.0039144   -6.7204797   0.14561436   -6.5748653 
   49000   0.10149379   0.34162493    1325.7078     1.003992   -6.7117623   0.15212631    -6.559636 
   50000   0.10313624   0.34529514     1325.723    1.0039805   -6.7097686   0.15458812   -6.5551805 
Loop time of 45.0171 on 1 procs for 50000 steps with 1331 atoms

Performance: 383853.916 tau/day, 1110.688 timesteps/s
99.9% CPU use with 1 MPI tasks x no OpenMP threads

MPI task timing breakdown:
Section |  min time  |  avg time  |  max time  |%varavg| %total
---------------------------------------------------------------
Pair    | 36.688     | 36.688     | 36.688     |   0.0 | 81.50
Neigh   | 5.2265     | 5.2265     | 5.2265     |   0.0 | 11.61
Comm    | 0.76267    | 0.76267    | 0.76267    |   0.0 |  1.69
Output  | 0.026442   | 0.026442   | 0.026442   |   0.0 |  0.06
Modify  | 2.0812     | 2.0812     | 2.0812     |   0.0 |  4.62
Other   |            | 0.2322     |            |       |  0.52

Nlocal:    1331 ave 1331 max 1331 min
Histogram: 1 0 0 0 0 0 0 0 0 0
Nghost:    3255 ave 3255 max 3255 min
Histogram: 1 0 0 0 0 0 0 0 0 0
Neighs:    59628 ave 59628 max 59628 min
Histogram: 1 0 0 0 0 0 0 0 0 0

Total # of neighbors = 59628
Ave neighs/atom = 44.7994
Neighbor list builds = 2500
Dangerous builds not checked

write_restart lattice_11_11_11__2_2_2/sim1/T_0.10__P_0.30/end1.restart
Total wall time: 0:00:45
