run 50000
Neighbor list info ...
  update every 20 steps, delay 0 steps, check no
  max neighbors/atom: 2000, page size: 100000
  master list distance cutoff = 2.8
  ghost atom cutoff = 2.8
  binsize = 1.4, bins = 16 16 16
  1 neighbor lists, perpetual/occasional/extra = 1 0 0
  (1) pair lj/cut, perpetual
      attributes: half, newton on
      pair build: half/bin/atomonly/newton
      stencil: half/bin/3d/newton
      bin: standard
Per MPI rank memory allocation (min/avg/max) = 2.7 | 2.7 | 2.7 Mbytes
Step Temp Press Volume Density PotEng KinEng TotEng 
       0          0.2 -0.020428939        10648        0.125  -0.13561964   0.29977461   0.16415497 
    1000    0.8903504  0.033334102    3106.9091   0.42840005   -2.6926797    1.3345222   -1.3581575 
    2000     0.746723   0.87292847    1645.9943   0.80862977   -4.8973847     1.119243   -3.7781417 
    3000    0.4413141    1.5655084    1407.9749   0.94532934   -5.9600771    0.6614738   -5.2986033 
    4000   0.26282811    1.5832462    1345.5674   0.98917381   -6.3655601   0.39394597   -5.9716141 
    5000   0.19131494    1.6092501    1323.0835    1.0059834   -6.5250538   0.28675681    -6.238297 
    6000   0.17764919    1.6390448     1319.478    1.0087322   -6.5397565   0.26627358    -6.273483 
    7000   0.21793472    1.6048238    1324.5795    1.0048472   -6.5121241   0.32665647   -6.1854676 
    8000   0.20315224    1.5986505    1321.1163    1.0074813   -6.5393555   0.30449942   -6.2348561 
    9000   0.18604095    1.5680794     1317.891    1.0099469   -6.5649476   0.27885176   -6.2860959 
   10000   0.20504001    1.6639177    1320.8522    1.0076828   -6.5278992   0.30732894   -6.2205703 
   11000   0.20819145    1.6087437    1320.7095    1.0077917    -6.537265   0.31205255   -6.2252124 
   12000   0.19264941    1.5511095    1317.0363    1.0106024   -6.5772382   0.28875701   -6.2884812 
   13000   0.20274059    1.6065866    1318.5491    1.0094429   -6.5565152    0.3038824   -6.2526328 
   14000   0.21004063    1.5921544    1320.5383    1.0079223   -6.5415112   0.31482423    -6.226687 
   15000   0.19082408    1.6328131    1316.2591    1.0111991   -6.5665163   0.28602106   -6.2804952 
   16000   0.19605499    1.7128885    1314.8777    1.0122615   -6.5631495   0.29386154   -6.2692879 
   17000   0.20636586    1.7864758    1316.1884    1.0112534   -6.5411648   0.30931622   -6.2318485 
   18000   0.19539548    1.7183582    1314.8377    1.0122922   -6.5644972   0.29287301   -6.2716242 
   19000   0.19358651    1.5902515     1316.823    1.0107661   -6.5720803    0.2901616   -6.2819187 
   20000   0.20813966    1.3973838    1323.3554    1.0057767   -6.5573704   0.31197492   -6.2453954 
   21000   0.20420362    1.3652717    1320.8803    1.0076613    -6.579968   0.30607529   -6.2738927 
   22000   0.18945422    1.5298301    1316.6736    1.0108808   -6.5807778   0.28396782     -6.29681 
   23000   0.20590261    1.6062739    1318.1835    1.0097228   -6.5599874   0.30862187   -6.2513656 
   24000    0.2056822    1.6655669    1315.9792    1.0114142   -6.5648837   0.30829151   -6.2565922 
   25000   0.18842271    1.6833644    1314.1701    1.0128065   -6.5742784   0.28242172   -6.2918567 
   26000   0.19439563    1.5719564    1318.6064     1.009399   -6.5584748   0.29137437   -6.2671004 
   27000   0.20974985    1.4036421    1321.1737    1.0074375   -6.5713362    0.3143884   -6.2569478 
   28000   0.19626186    1.5030876    1317.1098     1.010546   -6.5851477   0.29417161   -6.2909761 
   29000   0.19853003    1.5790207    1316.6026    1.0109353   -6.5782354   0.29757131   -6.2806641 
   30000   0.20977968    1.6196454    1317.1511    1.0105143   -6.5685323    0.3144331   -6.2540992 
   31000   0.19683272    1.7319923     1313.328    1.0134559   -6.5743756   0.29502725   -6.2793483 
   32000   0.19784055     1.735199    1312.7926    1.0138692   -6.5807408   0.29653786   -6.2842029 
   33000   0.21078652    1.7003102    1314.7772    1.0123388    -6.568935   0.31594223   -6.2529928 
   34000   0.20048383    1.6512741    1315.1067    1.0120852   -6.5759523    0.3004998   -6.2754525 
   35000    0.1897241    1.6118387    1314.4508    1.0125902   -6.5872122   0.28437234   -6.3028399 
   36000   0.20603297    1.4715522    1318.1873      1.00972   -6.5856587   0.30881726   -6.2768414 
   37000   0.20563193    1.4540312     1318.839     1.009221   -6.5820848   0.30821616   -6.2738687 
   38000   0.19604363    1.5667612    1314.6035    1.0124726   -6.5938444   0.29384451   -6.2999999 
   39000   0.20199832    1.7537724    1312.3327    1.0142245   -6.5809346   0.30276984   -6.2781648 
   40000   0.20427958    1.8037277     1312.443    1.0141392   -6.5688101   0.30618916   -6.2626209 
   41000   0.19825053    1.6380719    1312.4256    1.0141527    -6.599003   0.29715238   -6.3018506 
   42000   0.19712257    1.5751002    1313.8086    1.0130852   -6.5974172   0.29546171   -6.3019555 
   43000   0.20870587    1.5497483    1315.7136    1.0116183   -6.5874462    0.3128236   -6.2746226 
   44000   0.19967283    1.6316129    1312.4362    1.0141445   -6.5980107   0.29928421   -6.2987265 
   45000   0.19081404    1.6667187    1312.2054    1.0143229   -6.5957608   0.28600601   -6.3097548 
   46000    0.2022217    1.5976788    1314.7169    1.0123853   -6.5887784   0.30310465   -6.2856737 
   47000   0.20446297    1.7402009    1310.6406    1.0155339   -6.5973696   0.30646403   -6.2909056 
   48000    0.2025116    1.8877739       1305.6    1.0194547   -6.6110963   0.30353918   -6.3075571 
   49000   0.20652392    1.6498886    1311.7493    1.0146756   -6.6055009   0.30955314   -6.2959477 
   50000   0.20053896    1.4931189    1315.5149    1.0117711   -6.6003676   0.30058244   -6.2997852 
Loop time of 45.0136 on 1 procs for 50000 steps with 1331 atoms

Performance: 383883.638 tau/day, 1110.774 timesteps/s
100.0% CPU use with 1 MPI tasks x no OpenMP threads

MPI task timing breakdown:
Section |  min time  |  avg time  |  max time  |%varavg| %total
---------------------------------------------------------------
Pair    | 36.746     | 36.746     | 36.746     |   0.0 | 81.63
Neigh   | 5.1826     | 5.1826     | 5.1826     |   0.0 | 11.51
Comm    | 0.76243    | 0.76243    | 0.76243    |   0.0 |  1.69
Output  | 0.025958   | 0.025958   | 0.025958   |   0.0 |  0.06
Modify  | 2.0604     | 2.0604     | 2.0604     |   0.0 |  4.58
Other   |            | 0.236      |            |       |  0.52

Nlocal:    1331 ave 1331 max 1331 min
Histogram: 1 0 0 0 0 0 0 0 0 0
Nghost:    3291 ave 3291 max 3291 min
Histogram: 1 0 0 0 0 0 0 0 0 0
Neighs:    60295 ave 60295 max 60295 min
Histogram: 1 0 0 0 0 0 0 0 0 0

Total # of neighbors = 60295
Ave neighs/atom = 45.3005
Neighbor list builds = 2500
Dangerous builds not checked

write_restart lattice_11_11_11__2_2_2/sim1/T_0.20__P_1.60/end1.restart
Total wall time: 0:00:45
