run 50000
Neighbor list info ...
  update every 20 steps, delay 0 steps, check no
  max neighbors/atom: 2000, page size: 100000
  master list distance cutoff = 2.8
  ghost atom cutoff = 2.8
  binsize = 1.4, bins = 16 16 16
  1 neighbor lists, perpetual/occasional/extra = 1 0 0
  (1) pair lj/cut, perpetual
      attributes: half, newton on
      pair build: half/bin/atomonly/newton
      stencil: half/bin/3d/newton
      bin: standard
Per MPI rank memory allocation (min/avg/max) = 2.7 | 2.7 | 2.7 Mbytes
Step Temp Press Volume Density PotEng KinEng TotEng 
       0          0.1 -0.032919548        10648        0.125  -0.13561964    0.1498873  0.014267664 
    1000   0.54955392 -0.064291662    5595.4675    0.2378711   -1.9966169   0.82371155   -1.1729053 
    2000   0.46534275  -0.20215916    3183.7613   0.41805898   -3.8856915   0.69748969   -3.1882018 
    3000   0.32706167  -0.11720723     2017.898   0.65959726   -5.2233222   0.49022392   -4.7330983 
    4000   0.23311811  0.019207758    1520.7091   0.87524956   -5.9941739   0.34941445   -5.6447595 
    5000    0.1633229  0.070817134    1384.4841   0.96136892   -6.4174603   0.24480028     -6.17266 
    6000   0.10854362   0.12120548    1347.9987   0.98738964   -6.5945438    0.1626931   -6.4318507 
    7000  0.090572791   0.11678534    1338.3919   0.99447702   -6.6575853   0.13575711   -6.5218282 
    8000  0.097463256    0.1124746    1338.9788   0.99404114   -6.6571966   0.14608505   -6.5111115 
    9000    0.1116161   0.05507678    1340.8061   0.99268643    -6.652776   0.16729836   -6.4854776 
   10000  0.093381827  0.096082644    1336.1305   0.99616022    -6.676339    0.1399675   -6.5363715 
   11000  0.094395686  0.097042932      1335.41   0.99669762   -6.6807291   0.14148715   -6.5392419 
   12000   0.11005563  0.073738423    1337.6979   0.99499293   -6.6684261   0.16495941   -6.5034667 
   13000  0.097874078  0.039566938    1336.3818   0.99597288   -6.6841776   0.14670082   -6.5374768 
   14000  0.094582534  0.075993287     1334.307   0.99752157   -6.6936664   0.14176721   -6.5518992 
   15000   0.10493148   0.15173371    1335.5067   0.99662546   -6.6717073   0.15727897   -6.5144283 
   16000   0.10355152    0.1001152    1334.9934   0.99700867    -6.685449   0.15521058   -6.5302384 
   17000  0.094592577 -0.050279317    1337.1199   0.99542309   -6.6970655   0.14178226   -6.5552832 
   18000   0.10283596  0.034872648    1337.3146   0.99527813    -6.679102   0.15413805    -6.524964 
   19000   0.10434771   0.12264796    1335.2429   0.99682239   -6.6804573   0.15640397   -6.5240533 
   20000  0.091164893   0.21435066     1331.122   0.99990837   -6.6925249    0.1366446   -6.5558803 
   21000  0.099448067   0.15909642    1333.6997   0.99797578   -6.6842352   0.14906003   -6.5351752 
   22000   0.10465868  0.062783924    1336.7866   0.99567125   -6.6786753   0.15687007   -6.5218052 
   23000  0.093416933  0.010271625    1336.0879   0.99619192   -6.6923983   0.14002012   -6.5523782 
   24000  0.096450485  0.040533816    1335.6789   0.99649699   -6.6887784   0.14456703   -6.5442113 
   25000   0.10702885  0.053616009    1336.2407   0.99607801    -6.683091   0.16042265   -6.5226683 
   26000  0.099487783   0.14469564    1331.9188   0.99931019   -6.7010229   0.14911955   -6.5519033 
   27000  0.095702036   0.19094186    1330.5522    1.0003365   -6.7007175    0.1434452   -6.5572723 
   28000   0.10352256   0.13017879    1334.2287   0.99758013    -6.685429   0.15516717   -6.5302619 
   29000   0.10166028  0.027894418    1334.7769   0.99717041   -6.6994567   0.15237584   -6.5470809 
   30000  0.093993257   0.13124057    1331.9599   0.99927935   -6.7017537   0.14088396   -6.5608697 
   31000   0.10286493   0.19435369    1332.1366   0.99914676   -6.6893996   0.15418147   -6.5352181 
   32000   0.10269708   0.18695082    1331.9746   0.99926833   -6.6938723   0.15392988   -6.5399424 
   33000  0.096208668  0.077611512    1332.5082   0.99886816   -6.7057917   0.14420458   -6.5615871 
   34000   0.10189279    0.1113758    1333.7695   0.99792356   -6.6947837   0.15272435   -6.5420593 
   35000   0.10236487   0.18127214    1332.6625    0.9987525   -6.6889104   0.15343194   -6.5354784 
   36000  0.096883656   0.22028832    1329.9712    1.0007736   -6.7039146    0.1452163   -6.5586983 
   37000   0.10012185  0.077725152    1333.8666   0.99785091   -6.6979702   0.15006994   -6.5479003 
   38000   0.10697921   0.03170797    1335.5633   0.99658322   -6.6947149   0.16034826   -6.5343666 
   39000  0.099146724  0.050438349    1333.6159   0.99803852   -6.7047249   0.14860835   -6.5561166 
   40000  0.097882069   0.16782326    1331.1889    0.9998581   -6.7015571   0.14671279   -6.5548443 
   41000   0.10496323   0.14235105    1332.8421   0.99861795   -6.6947269   0.15732655   -6.5374003 
   42000   0.10111841  0.090429144    1332.3547   0.99898323   -6.7078148   0.15156365   -6.5562512 
   43000   0.09565751  0.048579214    1333.3151   0.99826362   -6.7043097   0.14337846   -6.5609312 
   44000   0.10559047  0.022863866     1334.989   0.99701193   -6.7007129   0.15826671   -6.5424462 
   45000   0.10231242   0.06300241    1332.8871   0.99858418   -6.7093203   0.15335332    -6.555967 
   46000  0.097596388  0.055035044    1332.4263   0.99892958   -6.7113038   0.14628459   -6.5650192 
   47000  0.099719463   0.21331029    1330.1339    1.0006511   -6.7009473   0.14946681   -6.5514804 
   48000  0.098661825   0.26802372    1327.9762     1.002277   -6.7091512   0.14788155   -6.5612696 
   49000  0.098005621   0.14312774    1330.1765    1.0006191    -6.715653   0.14689798    -6.568755 
   50000   0.10000078   0.14466341     1331.824   0.99938129   -6.7032654   0.14988848   -6.5533769 
Loop time of 44.6984 on 1 procs for 50000 steps with 1331 atoms

Performance: 386590.838 tau/day, 1118.608 timesteps/s
99.9% CPU use with 1 MPI tasks x no OpenMP threads

MPI task timing breakdown:
Section |  min time  |  avg time  |  max time  |%varavg| %total
---------------------------------------------------------------
Pair    | 36.355     | 36.355     | 36.355     |   0.0 | 81.33
Neigh   | 5.2165     | 5.2165     | 5.2165     |   0.0 | 11.67
Comm    | 0.76037    | 0.76037    | 0.76037    |   0.0 |  1.70
Output  | 0.027288   | 0.027288   | 0.027288   |   0.0 |  0.06
Modify  | 2.1052     | 2.1052     | 2.1052     |   0.0 |  4.71
Other   |            | 0.2339     |            |       |  0.52

Nlocal:    1331 ave 1331 max 1331 min
Histogram: 1 0 0 0 0 0 0 0 0 0
Nghost:    3262 ave 3262 max 3262 min
Histogram: 1 0 0 0 0 0 0 0 0 0
Neighs:    59402 ave 59402 max 59402 min
Histogram: 1 0 0 0 0 0 0 0 0 0

Total # of neighbors = 59402
Ave neighs/atom = 44.6296
Neighbor list builds = 2500
Dangerous builds not checked

write_restart lattice_11_11_11__2_2_2/sim1/T_0.10__P_0.10/end1.restart
Total wall time: 0:00:44
