run 50000
Neighbor list info ...
  update every 20 steps, delay 0 steps, check no
  max neighbors/atom: 2000, page size: 100000
  master list distance cutoff = 2.8
  ghost atom cutoff = 2.8
  binsize = 1.4, bins = 8 8 8
  1 neighbor lists, perpetual/occasional/extra = 1 0 0
  (1) pair lj/cut, perpetual
      attributes: half, newton on
      pair build: half/bin/atomonly/newton
      stencil: half/bin/3d/newton
      bin: standard
Per MPI rank memory allocation (min/avg/max) = 2.797 | 2.797 | 2.797 Mbytes
Step Temp Press TotEng 
       0          1.3    106.07973    15.065427 
    1000    3.1090021    23.563436    1.9361395 
    2000     1.561388    13.675842   -2.0853941 
    3000    1.1897132    10.053852   -3.2713112 
    4000    1.3055001    10.683669   -2.9994704 
    5000    1.4232712    11.849024   -2.6051954 
    6000    1.2232957    10.645334    -3.114442 
    7000    1.2552175    11.049206   -2.9854743 
    8000    1.4033917    11.655597   -2.6773714 
    9000    1.2305126    10.722343   -3.0880758 
   10000    1.3239749    10.551112   -2.9851797 
   11000    1.3833813    11.488727   -2.7326631 
   12000    1.2960068    10.705885   -3.0021888 
   13000     1.259579     11.00151   -2.9933073 
   14000    1.3313763    11.551245   -2.7879948 
   15000    1.3072758     10.82775    -2.962391 
   16000    1.2591092    10.999616   -2.9961673 
   17000     1.289773    11.683027   -2.8100829 
   18000    1.2751119    11.153811   -2.9451945 
   19000    1.2690405    10.885119   -2.9968354 
   20000    1.3512528    11.307173   -2.8162925 
   21000    1.3044632    11.006557   -2.9231177 
   22000    1.2858371    10.883296   -2.9751139 
   23000    1.3350492      11.2749   -2.8402603 
   24000    1.2907376    11.161267    -2.906598 
   25000    1.2755953     10.94656   -2.9715168 
   26000    1.2901836    11.506345   -2.8367865 
   27000    1.2894367    11.240047   -2.9101633 
   28000    1.3022092    10.673414   -2.9932654 
   29000    1.3060742    11.219317   -2.8855444 
   30000    1.2993462    11.367944   -2.8578113 
   31000    1.2965576    10.754554   -2.9910455 
   32000    1.2398406    11.438463    -2.930984 
   33000    1.3001471    11.502994   -2.8377519 
   34000    1.2794882     11.11107   -2.9410455 
   35000    1.3109419    10.954331   -2.9287878 
   36000    1.3100558    11.401636   -2.8446818 
   37000    1.3269888    10.964389   -2.9039474 
   38000    1.2838154    11.097393   -2.9370113 
   39000    1.3115799    11.169935   -2.8978853 
   40000    1.3141314    11.072652   -2.8995438 
   41000    1.2662474    11.289207   -2.9333241 
   42000    1.3255879    10.980307   -2.9093319 
   43000    1.2874758    11.277219   -2.8938053 
   44000    1.3046511    11.147751   -2.9178587 
   45000    1.2831284    11.169265   -2.9224022 
   46000    1.2609517    11.334581   -2.9249901 
   47000    1.2900239    11.175526   -2.9237794 
   48000    1.3025564    11.336154    -2.876578 
   49000    1.3190706    11.068077   -2.8962529 
   50000     1.287227    11.075006   -2.9418474 
Loop time of 43.086 on 1 procs for 50000 steps with 1331 atoms

Performance: 401058.786 tau/day, 1160.471 timesteps/s
99.9% CPU use with 1 MPI tasks x no OpenMP threads

MPI task timing breakdown:
Section |  min time  |  avg time  |  max time  |%varavg| %total
---------------------------------------------------------------
Pair    | 36.018     | 36.018     | 36.018     |   0.0 | 83.59
Neigh   | 5.1944     | 5.1944     | 5.1944     |   0.0 | 12.06
Comm    | 0.76132    | 0.76132    | 0.76132    |   0.0 |  1.77
Output  | 0.025643   | 0.025643   | 0.025643   |   0.0 |  0.06
Modify  | 0.85394    | 0.85394    | 0.85394    |   0.0 |  1.98
Other   |            | 0.2331     |            |       |  0.54

Nlocal:    1331 ave 1331 max 1331 min
Histogram: 1 0 0 0 0 0 0 0 0 0
Nghost:    3224 ave 3224 max 3224 min
Histogram: 1 0 0 0 0 0 0 0 0 0
Neighs:    60074 ave 60074 max 60074 min
Histogram: 1 0 0 0 0 0 0 0 0 0

Total # of neighbors = 60074
Ave neighs/atom = 45.1345
Neighbor list builds = 2500
Dangerous builds not checked

write_restart NVT/sim1/T_1.30__v_0.73/end1.restart
Total wall time: 0:00:43
