run 50000
Neighbor list info ...
  update every 20 steps, delay 0 steps, check no
  max neighbors/atom: 2000, page size: 100000
  master list distance cutoff = 2.8
  ghost atom cutoff = 2.8
  binsize = 1.4, bins = 16 16 16
  1 neighbor lists, perpetual/occasional/extra = 1 0 0
  (1) pair lj/cut, perpetual
      attributes: half, newton on
      pair build: half/bin/atomonly/newton
      stencil: half/bin/3d/newton
      bin: standard
Per MPI rank memory allocation (min/avg/max) = 2.7 | 2.7 | 2.7 Mbytes
Step Temp Press Volume Density PotEng KinEng TotEng 
       0          0.2 -0.020428939        10648        0.125  -0.13561964   0.29977461   0.16415497 
    1000   0.73302497 -0.032562001    4402.3884   0.30233588   -2.1153936    1.0987114   -1.0166822 
    2000   0.63368594  -0.32941892     2431.991   0.54728822   -3.9444977   0.94981477   -2.9946829 
    3000   0.50503671   0.12784465    1597.7264   0.83305876   -5.3646109    0.7569859    -4.607625 
    4000   0.34712744   0.61370512    1406.6654   0.94620937   -6.1331449   0.52029996    -5.612845 
    5000   0.23082036   0.57284133    1359.6146   0.97895391   -6.4398204    0.3459704     -6.09385 
    6000   0.18099053   0.57802707    1346.1701   0.98873092   -6.5328607   0.27128183   -6.2615789 
    7000   0.20172403   0.56996543    1348.2687   0.98719193   -6.5185597    0.3023587    -6.216201 
    8000    0.2183542   0.55767985    1353.6953   0.98323456   -6.4865525   0.32728522   -6.1592673 
    9000   0.18772714   0.65966939    1346.1607   0.98873781   -6.5218115   0.28137915   -6.2404324 
   10000    0.1889887   0.60252045    1346.1869    0.9887186   -6.5288446   0.28327007   -6.2455745 
   11000   0.21323125   0.57220498     1350.356   0.98566601   -6.5053301   0.31960657   -6.1857235 
   12000   0.19983221   0.66141791    1344.7977   0.98973996   -6.5293134   0.29952311   -6.2297903 
   13000   0.18288383   0.66702522    1342.7997    0.9912126   -6.5408279   0.27411965   -6.2667082 
   14000   0.20674871   0.57112163    1347.9795   0.98740375   -6.5212966   0.30989006   -6.2114065 
   15000   0.20397916   0.66881562     1345.261   0.98939907   -6.5226411   0.30573885   -6.2169022 
   16000    0.1950406   0.59816719    1340.6375   0.99281126   -6.5686797    0.2923411   -6.2763386 
   17000    0.2044845   0.34453845     1349.348   0.98640235    -6.553035   0.30649629   -6.2465387 
   18000   0.21429331   0.67371115    1343.4412    0.9907393   -6.5364652   0.32119846   -6.2152667 
   19000   0.19852906   0.66373565    1339.6474     0.993545   -6.5658841   0.29756985   -6.2683142 
   20000   0.19257266   0.52623857    1343.1726   0.99093743   -6.5599985   0.28864196   -6.2713565 
   21000   0.21136128   0.61850826    1343.8075   0.99046921   -6.5410899   0.31680373   -6.2242861 
   22000   0.20523133   0.65815573    1340.5737    0.9928585   -6.5604754   0.30761571   -6.2528597 
   23000   0.18831029   0.61814798    1339.9286    0.9933365   -6.5681855   0.28225322   -6.2859323 
   24000   0.20398462    0.5109747    1345.1184   0.98950397    -6.550691   0.30574705    -6.244944 
   25000   0.20571986   0.79889538    1338.2949   0.99454907   -6.5484039   0.30834795    -6.240056 
   26000   0.18893457   0.45053627    1343.3325   0.99081948   -6.5707978   0.28318893   -6.2876089 
   27000    0.2008655   0.60705284    1340.2673   0.99308546   -6.5675778   0.30107188   -6.2665059 
   28000   0.20921286    0.6322808     1340.345   0.99302793   -6.5615209   0.31358352   -6.2479374 
   29000   0.19668327   0.51400853    1341.4266   0.99222724   -6.5775966   0.29480325   -6.2827933 
   30000   0.19980267   0.57823131     1340.211   0.99312717   -6.5723912   0.29947884   -6.2729124 
   31000   0.20786008   0.68294804      1340.01    0.9932762   -6.5590976   0.31155587   -6.2475418 
   32000   0.20146956   0.55030164    1339.9934   0.99328849   -6.5794959   0.30197729   -6.2775186 
   33000   0.18964008   0.54088836    1340.8914   0.99262329   -6.5724186    0.2842464   -6.2881723 
   34000   0.20855806   0.82182361    1335.2789   0.99679548   -6.5648001   0.31260206   -6.2521981 
   35000   0.19558063   0.59921961    1341.2542   0.99235474   -6.5603858   0.29315054   -6.2672353 
   36000   0.19406707    0.5530494    1339.6922   0.99351181   -6.5824013    0.2908819   -6.2915194 
   37000   0.20297325   0.59645671    1340.4168   0.99297471   -6.5678846   0.30423112   -6.2636535 
   38000   0.19566106   0.68127179    1340.4649   0.99293907   -6.5501048   0.29327108   -6.2568337 
   39000   0.19584485   0.58146823    1338.5156    0.9943851   -6.5843481   0.29354657   -6.2908016 
   40000   0.20062349    0.4060509    1343.5557   0.99065485   -6.5780825   0.30070914   -6.2773733 
   41000   0.20627948    0.6687413    1339.8591   0.99338807   -6.5605509   0.30918675   -6.2513641 
   42000   0.19832224   0.71486762    1336.6662   0.99576093   -6.5765404   0.29725985   -6.2792806 
   43000   0.18984264   0.46149571    1342.9859   0.99107521   -6.5729133   0.28455001   -6.2883633 
   44000    0.1998522   0.58848921    1341.9227    0.9918604   -6.5556961   0.29955308    -6.256143 
   45000   0.20042129   0.66023437    1338.8645   0.99412601   -6.5687912   0.30040607   -6.2683851 
   46000   0.18960564    0.5641652    1339.7052   0.99350215   -6.5766473   0.28419478   -6.2924525 
   47000   0.19819431   0.60081743    1341.1209   0.99245339   -6.5618524    0.2970681   -6.2647843 
   48000   0.20773764   0.71329887    1337.8509   0.99487919   -6.5688968   0.31137234   -6.2575245 
   49000   0.19879886   0.46464798    1341.0257   0.99252384   -6.5884586   0.29797424   -6.2904843 
   50000   0.20243217    0.5683327    1339.9494   0.99332108   -6.5774307   0.30342012   -6.2740106 
Loop time of 43.8465 on 1 procs for 50000 steps with 1331 atoms

Performance: 394101.745 tau/day, 1140.341 timesteps/s
99.9% CPU use with 1 MPI tasks x no OpenMP threads

MPI task timing breakdown:
Section |  min time  |  avg time  |  max time  |%varavg| %total
---------------------------------------------------------------
Pair    | 35.655     | 35.655     | 35.655     |   0.0 | 81.32
Neigh   | 5.1116     | 5.1116     | 5.1116     |   0.0 | 11.66
Comm    | 0.74976    | 0.74976    | 0.74976    |   0.0 |  1.71
Output  | 0.025455   | 0.025455   | 0.025455   |   0.0 |  0.06
Modify  | 2.0729     | 2.0729     | 2.0729     |   0.0 |  4.73
Other   |            | 0.2322     |            |       |  0.53

Nlocal:    1331 ave 1331 max 1331 min
Histogram: 1 0 0 0 0 0 0 0 0 0
Nghost:    3208 ave 3208 max 3208 min
Histogram: 1 0 0 0 0 0 0 0 0 0
Neighs:    58928 ave 58928 max 58928 min
Histogram: 1 0 0 0 0 0 0 0 0 0

Total # of neighbors = 58928
Ave neighs/atom = 44.2735
Neighbor list builds = 2500
Dangerous builds not checked

write_restart lattice_11_11_11__2_2_2/sim1/T_0.20__P_0.60/end1.restart
Total wall time: 0:00:43
