run 50000
Neighbor list info ...
  update every 20 steps, delay 0 steps, check no
  max neighbors/atom: 2000, page size: 100000
  master list distance cutoff = 2.8
  ghost atom cutoff = 2.8
  binsize = 1.4, bins = 12 12 12
  1 neighbor lists, perpetual/occasional/extra = 1 0 0
  (1) pair lj/cut, perpetual
      attributes: half, newton on
      pair build: half/bin/atomonly/newton
      stencil: half/bin/3d/newton
      bin: standard
Per MPI rank memory allocation (min/avg/max) = 2.738 | 2.738 | 2.738 Mbytes
Step Temp Press TotEng 
       0          0.3  -0.86182351   -1.0297606 
    1000   0.75107386 -0.012194082   -2.0013177 
    2000   0.58975168 -0.033313778   -3.2286143 
    3000   0.44816834 -0.041381467   -4.0998115 
    4000   0.35095705 -0.0033918125    -4.638984 
    5000   0.30453494 0.0084049453   -4.9147932 
    6000   0.28526538 -0.062112951   -4.9954333 
    7000   0.31060724 0.0061355412   -4.9554252 
    8000   0.30165124  0.016181744   -4.9721044 
    9000   0.29095514  0.013848142   -5.0172549 
   10000    0.2968909  0.022115532    -5.002917 
   11000   0.30632285 -0.056482638   -4.9870158 
   12000   0.29908224 -0.069401032   -5.0458553 
   13000   0.29124913 -0.097207121   -5.0786839 
   14000   0.31142023 -0.074939835   -5.0406473 
   15000   0.31710045  0.025674415   -5.0520384 
   16000   0.29928614 0.00037677889   -5.1233578 
   17000     0.293806 -0.032153704   -5.1290018 
   18000   0.30296425 -0.066981905   -5.0823767 
   19000   0.30373364 -0.044051082   -5.1181631 
   20000    0.2921077 -0.049145307   -5.1802887 
   21000   0.29859488 -0.014675334   -5.1564133 
   22000   0.30406653 -0.088809155   -5.1149614 
   23000   0.30828014  -0.10003322   -5.1573728 
   24000   0.28887623 -0.045032673   -5.2021214 
   25000   0.30311024 -0.096962361   -5.1571176 
   26000   0.31205933 -0.032378603   -5.1441838 
   27000   0.29495885 -0.047711821   -5.2066654 
   28000   0.29118893 -0.039348424   -5.2074467 
   29000   0.31381343 -0.074203361   -5.1591082 
   30000   0.29790174 -0.048353635   -5.2041782 
   31000   0.28781961 -0.052130129   -5.2419069 
   32000   0.31140411 -0.0030094418   -5.1957552 
   33000   0.30161591  0.016047997    -5.196347 
   34000   0.29239272 0.0087385358   -5.2642381 
   35000    0.2878423 -0.062363498   -5.2794459 
   36000   0.31577771 -0.034347277   -5.2645141 
   37000   0.30107001 -0.012254613    -5.298423 
   38000   0.28717406 -0.015166783   -5.3253442 
   39000   0.30045007 -0.025897088   -5.3042166 
   40000   0.29938908 -0.055043543   -5.3113699 
   41000   0.30277275 0.0023241042   -5.3483016 
   42000   0.29366486 -0.077581648   -5.3423045 
   43000   0.31196796  -0.10419617   -5.3123698 
   44000   0.29106225 0.00039059296   -5.3442383 
   45000   0.30406569 -0.031752471   -5.3648035 
   46000   0.29573181  -0.13585631    -5.340887 
   47000   0.31428323 -0.071269873   -5.3321818 
   48000   0.28738572 -0.061130261   -5.3696259 
   49000   0.29134038 0.0095264682   -5.3657312 
   50000    0.3055324 -0.068785347   -5.3500212 
Loop time of 36.7667 on 1 procs for 50000 steps with 1331 atoms

Performance: 469990.273 tau/day, 1359.926 timesteps/s
99.7% CPU use with 1 MPI tasks x no OpenMP threads

MPI task timing breakdown:
Section |  min time  |  avg time  |  max time  |%varavg| %total
---------------------------------------------------------------
Pair    | 30.903     | 30.903     | 30.903     |   0.0 | 84.05
Neigh   | 4.441      | 4.441      | 4.441      |   0.0 | 12.08
Comm    | 0.20078    | 0.20078    | 0.20078    |   0.0 |  0.55
Output  | 0.029929   | 0.029929   | 0.029929   |   0.0 |  0.08
Modify  | 1.1025     | 1.1025     | 1.1025     |   0.0 |  3.00
Other   |            | 0.08938    |            |       |  0.24

Nlocal:    1331 ave 1331 max 1331 min
Histogram: 1 0 0 0 0 0 0 0 0 0
Nghost:    392 ave 392 max 392 min
Histogram: 1 0 0 0 0 0 0 0 0 0
Neighs:    45034 ave 45034 max 45034 min
Histogram: 1 0 0 0 0 0 0 0 0 0

Total # of neighbors = 45034
Ave neighs/atom = 33.8347
Neighbor list builds = 2500
Dangerous builds not checked

write_restart NVT/sim1/T_0.30__v_2.74/end1.restart
Total wall time: 0:00:36
