run 50000
Neighbor list info ...
  update every 20 steps, delay 0 steps, check no
  max neighbors/atom: 2000, page size: 100000
  master list distance cutoff = 2.8
  ghost atom cutoff = 2.8
  binsize = 1.4, bins = 16 16 16
  1 neighbor lists, perpetual/occasional/extra = 1 0 0
  (1) pair lj/cut, perpetual
      attributes: half, newton on
      pair build: half/bin/atomonly/newton
      stencil: half/bin/3d/newton
      bin: standard
Per MPI rank memory allocation (min/avg/max) = 2.7 | 2.7 | 2.7 Mbytes
Step Temp Press Volume Density PotEng KinEng TotEng 
       0          0.6  0.029533495        10648        0.125  -0.13561964   0.89932382   0.76370418 
    1000    1.2725713   0.21325721    4535.8096   0.29344265    -1.729894    1.9074228   0.17752874 
    2000    1.0979738   0.13598272    2721.7917   0.48901611   -2.9387075    1.6457233   -1.2929842 
    3000    1.0042121   0.72370371    1885.8932   0.70576638   -4.1706489    1.5051865   -2.6654625 
    4000   0.83345586    1.4949666     1588.866   0.83770437   -5.0259862    1.2492445   -3.7767417 
    5000   0.66914469     1.672154    1485.0285   0.89627912   -5.5093643    1.0029629   -4.5064014 
    6000   0.58133825    1.7025305    1440.3012   0.92411226   -5.7516409   0.87135222   -4.8802886 
    7000   0.58849837    1.8645357    1429.1001   0.93135535   -5.7839141   0.88208434   -4.9018297 
    8000   0.62087651    1.7641497    1444.3648   0.92151234   -5.7192823   0.93061506   -4.7886672 
    9000   0.61404739    1.7784234    1442.2831   0.92284239   -5.7268086   0.92037906   -4.8064295 
   10000   0.59667958    1.6548827    1435.0518   0.92749267   -5.7822491   0.89434692   -4.8879022 
   11000   0.59857319    1.8637269    1436.6414   0.92646643   -5.7356356   0.89718521   -4.8384504 
   12000   0.61567365    1.7533639     1445.874   0.92055047   -5.7085423   0.92281663   -4.7857256 
   13000   0.58987215    1.9727779     1443.048   0.92235326   -5.6812204   0.88414346    -4.797077 
   14000   0.60648917    1.9590172    1433.8372   0.92827832    -5.735592   0.90905026   -4.8265418 
   15000   0.59718917    2.0631259    1430.1735   0.93065633   -5.7396263   0.89511074   -4.8445156 
   16000   0.60166423    1.8723315    1437.1682   0.92612682   -5.7353746   0.90181828   -4.8335563 
   17000   0.60445241    1.9237387    1442.9779   0.92239802   -5.6898867   0.90599741   -4.7838893 
   18000   0.61292904    1.8857823    1446.6289   0.92007011   -5.6764137   0.91870281   -4.7577108 
   19000   0.59391337    1.7747297    1442.6874   0.92258381   -5.7142769   0.89020073   -4.8240761 
   20000   0.57936884    1.6932427    1441.5977   0.92328118   -5.7364335   0.86840033   -4.8680332 
   21000   0.58925717    1.6599096    1450.8897   0.91736814   -5.6902139   0.88322168   -4.8069923 
   22000   0.60988875    1.6030623    1450.4127   0.91766984   -5.6968973   0.91414579   -4.7827515 
   23000   0.58126089    1.7151158    1440.9282   0.92371014   -5.7354789   0.87123627   -4.8642427 
   24000   0.58287568     1.702311    1440.7941    0.9237961    -5.752759   0.87365664   -4.8791024 
   25000   0.61918492    1.6986746    1453.6665   0.91561579   -5.6811068   0.92807958   -4.7530273 
   26000   0.61997682    1.6521395    1448.7312   0.91873494   -5.7028598   0.92926654   -4.7735933 
   27000   0.56789648    1.7133215     1439.806   0.92443009    -5.754377   0.85120471   -4.9031723 
   28000   0.57173692    1.6863764    1441.8316   0.92313141   -5.7353606   0.85696106   -4.8783995 
   29000   0.61662793    1.5600378    1450.8241   0.91740961   -5.7122804   0.92424697   -4.7880335 
   30000   0.61269493    1.5445116    1448.3652   0.91896711   -5.7378596   0.91835191   -4.8195076 
   31000    0.5934343    1.4751797    1442.2883   0.92283906   -5.7796141   0.88948266   -4.8901315 
   32000   0.59203376    1.6632733     1445.028   0.92108942   -5.7226667   0.88738343   -4.8352833 
   33000   0.58934037    1.8610751    1449.5141   0.91823873   -5.6654084   0.88334638    -4.782062 
   34000   0.60336057    1.7730436    1441.4517   0.92337468   -5.7307609   0.90436088      -4.8264 
   35000   0.60728111    1.7353515    1434.6286   0.92776628   -5.7740047   0.91023727   -4.8637674 
   36000   0.61694953     1.685817    1440.6578   0.92388351    -5.745246   0.92472901    -4.820517 
   37000   0.61099041    1.6921777    1450.0988   0.91786847   -5.6915477   0.91579704   -4.7757507 
   38000   0.59903386    1.4848622     1449.485   0.91825714   -5.7291085   0.89787569   -4.8312328 
   39000   0.58394341    1.4975759    1449.1795   0.91845073   -5.7261384   0.87525703   -4.8508813 
   40000   0.62027214     1.548275    1449.1567   0.91846523   -5.7255596   0.92970917   -4.7958504 
   41000   0.60947323    1.7004442    1440.5419   0.92395787   -5.7424872   0.91352299   -4.8289642 
   42000   0.61469723    1.6987271    1429.7878   0.93090736   -5.8180595    0.9213531   -4.8967064 
   43000   0.58927733    1.7730319    1439.4666   0.92464805   -5.7415096   0.88325189   -4.8582577 
   44000   0.59593282    1.7376605    1451.5907   0.91692511   -5.6742495   0.89322763   -4.7810219 
   45000   0.59646295     1.722068    1451.2687   0.91712855    -5.673468   0.89402223   -4.7794458 
   46000   0.59791853    1.5529914    1446.3316   0.92025924   -5.7427989   0.89620395   -4.8465949 
   47000   0.58901218     1.703761    1444.5113   0.92141892    -5.725356   0.88285448   -4.8425015 
   48000   0.60802398    1.7800293    1444.1053   0.92167792   -5.7123231   0.91135075   -4.8009723 
   49000   0.62712927    1.9421721     1435.919   0.92693248   -5.7345553   0.93998714   -4.7945682 
   50000   0.58200899    1.9471222    1433.6758   0.92838283   -5.7361484   0.87235757   -4.8637909 
Loop time of 40.7411 on 1 procs for 50000 steps with 1331 atoms

Performance: 424142.142 tau/day, 1227.263 timesteps/s
99.9% CPU use with 1 MPI tasks x no OpenMP threads

MPI task timing breakdown:
Section |  min time  |  avg time  |  max time  |%varavg| %total
---------------------------------------------------------------
Pair    | 33.095     | 33.095     | 33.095     |   0.0 | 81.23
Neigh   | 4.6212     | 4.6212     | 4.6212     |   0.0 | 11.34
Comm    | 0.73343    | 0.73343    | 0.73343    |   0.0 |  1.80
Output  | 0.023576   | 0.023576   | 0.023576   |   0.0 |  0.06
Modify  | 2.0448     | 2.0448     | 2.0448     |   0.0 |  5.02
Other   |            | 0.2227     |            |       |  0.55

Nlocal:    1331 ave 1331 max 1331 min
Histogram: 1 0 0 0 0 0 0 0 0 0
Nghost:    3117 ave 3117 max 3117 min
Histogram: 1 0 0 0 0 0 0 0 0 0
Neighs:    54831 ave 54831 max 54831 min
Histogram: 1 0 0 0 0 0 0 0 0 0

Total # of neighbors = 54831
Ave neighs/atom = 41.1953
Neighbor list builds = 2500
Dangerous builds not checked

write_restart lattice_11_11_11__2_2_2/sim1/T_0.60__P_1.80/end1.restart
Total wall time: 0:00:40
