run 50000
Neighbor list info ...
  update every 20 steps, delay 0 steps, check no
  max neighbors/atom: 2000, page size: 100000
  master list distance cutoff = 2.8
  ghost atom cutoff = 2.8
  binsize = 1.4, bins = 16 16 16
  1 neighbor lists, perpetual/occasional/extra = 1 0 0
  (1) pair lj/cut, perpetual
      attributes: half, newton on
      pair build: half/bin/atomonly/newton
      stencil: half/bin/3d/newton
      bin: standard
Per MPI rank memory allocation (min/avg/max) = 2.7 | 2.7 | 2.7 Mbytes
Step Temp Press Volume Density PotEng KinEng TotEng 
       0            1  0.079495929        10648        0.125  -0.13561964     1.498873    1.3632534 
    1000    1.5761063   0.30128766    5953.1192   0.22358027   -1.2854131    2.3623832      1.07697 
    2000    1.3321581   0.33123776    4078.9279   0.32631124   -1.9095658    1.9967359  0.087170051 
    3000    1.2026907   0.27734953    2995.3331   0.44435792   -2.6162943    1.8026806  -0.81361373 
    4000    1.1455648   0.38772441    2339.9577   0.56881369   -3.3147291    1.7170562   -1.5976729 
    5000    1.1254852   0.79830043    1962.0883   0.67835887   -3.9574179    1.6869594   -2.2704585 
    6000    1.0280426    1.0991451    1791.5362   0.74293781   -4.3618123    1.5409053    -2.820907 
    7000   0.98317997    1.1007545    1716.4737   0.77542698   -4.5998362    1.4736619   -3.1261743 
    8000   0.96454125    1.2603326     1705.492   0.78041996   -4.6108187    1.4457249   -3.1650939 
    9000    1.0139022    1.3926693    1736.1137   0.76665487    -4.498116    1.5197106   -2.9784054 
   10000    1.0236442    1.1225012    1751.4481   0.75994258   -4.4953759    1.5343127   -2.9610631 
   11000    1.0121799    1.0848384    1730.7096   0.76904872   -4.5538669    1.5171292   -3.0367377 
   12000    0.9808887    1.1445282    1721.9317   0.77296911    -4.574377    1.4702276   -3.1041494 
   13000   0.99433744    1.1967873    1735.9884    0.7667102   -4.5262491    1.4903856   -3.0358636 
   14000   0.99963109    1.1004613    1749.1258   0.76095154   -4.4754958    1.4983201   -2.9771758 
   15000   0.99741391    1.3561224    1726.0948   0.77110482    -4.509485    1.4949968   -3.0144882 
   16000    1.0015645     1.375807    1709.7403   0.77848079   -4.5710461    1.5012181    -3.069828 
   17000    1.0067221    1.2503396    1724.7511   0.77170555   -4.5568446    1.5089485   -3.0478961 
   18000    1.0025314     1.174781    1748.4319   0.76125356   -4.4960551    1.5026673   -2.9933878 
   19000   0.97576227    1.1087646    1757.5681   0.75729641   -4.4634429    1.4625438   -3.0008992 
   20000   0.96508018    1.1205391    1739.5002   0.76516231   -4.5182038    1.4465327   -3.0716712 
   21000    0.9845841    1.1679421    1733.8333   0.76766318    -4.520281    1.4757666   -3.0445144 
   22000    1.0204834    1.3436617    1730.3937    0.7691891   -4.5098113    1.5295751   -2.9802362 
   23000    1.0040557    1.4609234     1725.182   0.77151278   -4.4981524     1.504952   -2.9932004 
   24000   0.98949608     1.099694    1731.2784   0.76879604   -4.5388074     1.483129   -3.0556784 
   25000   0.98808297    1.1189219     1734.738   0.76726284   -4.5410371    1.4810109   -3.0600262 
   26000    1.0115882    1.2495054    1734.5301   0.76735481   -4.5093129    1.5162422   -2.9930707 
   27000     1.008589    1.2395177    1728.5653   0.77000271   -4.5486549    1.5117469    -3.036908 
   28000    1.0239094    1.2928689    1722.7819   0.77258765   -4.5412969    1.5347102   -3.0065867 
   29000    1.0391047    1.1876815    1736.9897   0.76626821   -4.5182689     1.557486   -2.9607829 
   30000    0.9918669   0.94508206     1746.833   0.76195035   -4.5283997    1.4866826   -3.0417172 
   31000   0.99833814    1.0130381    1736.3834    0.7665358   -4.5439628    1.4963821   -3.0475807 
   32000   0.99739326    1.2267864     1742.316   0.76392573   -4.4883714    1.4949659   -2.9934055 
   33000    1.0216097     1.258994    1747.1881    0.7617955   -4.4678297    1.5312631   -2.9365666 
   34000    0.9927836    1.3782967    1717.2039   0.77509725    -4.546362    1.4880566   -3.0583054 
   35000   0.97671951   0.87670069    1749.8502   0.76063655   -4.5378874    1.4639785   -3.0739089 
   36000   0.99219327    1.0339544    1759.1592   0.75661146   -4.4730612    1.4871717   -2.9858894 
   37000    1.0060754    1.1311643    1731.9759   0.76848645   -4.5314249    1.5079793   -3.0234456 
   38000   0.98102205    1.2628649    1712.4384   0.77725426   -4.5798061    1.4704275   -3.1093786 
   39000   0.97709462    1.3404667    1723.9366   0.77207014    -4.514391    1.4645408   -3.0498502 
   40000    1.0070269    1.1424455      1744.44   0.76299557   -4.4957321    1.5094055   -2.9863266 
   41000    1.0311941    1.1017886    1757.9836   0.75711743   -4.4797106     1.545629   -2.9340816 
   42000   0.99160194   0.94250123     1745.428   0.76256367   -4.5335921    1.4862854   -3.0473067 
   43000   0.97563053   0.96283613    1744.4045   0.76301109   -4.5363917    1.4623463   -3.0740454 
   44000    1.0285969    1.3205975    1734.4857   0.76737446   -4.5070665    1.5417361   -2.9653304 
   45000    1.0098285     1.287864    1721.3761   0.77321859     -4.55114    1.5136047   -3.0375353 
   46000    1.0034698    1.3549995    1723.2984   0.77235607   -4.5509141    1.5040738   -3.0468404 
   47000    1.0238699    1.1318428    1737.3482   0.76611008    -4.523513     1.534651    -2.988862 
   48000    1.0204834    1.1869887    1723.5962   0.77222264   -4.5589359     1.529575   -3.0293609 
   49000   0.98300188    1.1673968    1709.9427   0.77838863   -4.5990533     1.473395   -3.1256583 
   50000   0.96187827    1.2383079    1733.6693   0.76773582   -4.5124821    1.4417334   -3.0707487 
Loop time of 40.2996 on 1 procs for 50000 steps with 1331 atoms

Performance: 428788.292 tau/day, 1240.707 timesteps/s
99.9% CPU use with 1 MPI tasks x no OpenMP threads

MPI task timing breakdown:
Section |  min time  |  avg time  |  max time  |%varavg| %total
---------------------------------------------------------------
Pair    | 31.898     | 31.898     | 31.898     |   0.0 | 79.15
Neigh   | 5.0549     | 5.0549     | 5.0549     |   0.0 | 12.54
Comm    | 0.80661    | 0.80661    | 0.80661    |   0.0 |  2.00
Output  | 0.027148   | 0.027148   | 0.027148   |   0.0 |  0.07
Modify  | 2.3237     | 2.3237     | 2.3237     |   0.0 |  5.77
Other   |            | 0.1897     |            |       |  0.47

Nlocal:    1331 ave 1331 max 1331 min
Histogram: 1 0 0 0 0 0 0 0 0 0
Nghost:    2892 ave 2892 max 2892 min
Histogram: 1 0 0 0 0 0 0 0 0 0
Neighs:    45791 ave 45791 max 45791 min
Histogram: 1 0 0 0 0 0 0 0 0 0

Total # of neighbors = 45791
Ave neighs/atom = 34.4035
Neighbor list builds = 2500
Dangerous builds not checked

write_restart lattice_11_11_11__2_2_2/sim1/T_1.00__P_1.20/end1.restart
Total wall time: 0:00:40
