run 50000
Neighbor list info ...
  update every 20 steps, delay 0 steps, check no
  max neighbors/atom: 2000, page size: 100000
  master list distance cutoff = 2.8
  ghost atom cutoff = 2.8
  binsize = 1.4, bins = 18 18 18
  1 neighbor lists, perpetual/occasional/extra = 1 0 0
  (1) pair lj/cut, perpetual
      attributes: half, newton on
      pair build: half/bin/atomonly/newton
      stencil: half/bin/3d/newton
      bin: standard
Per MPI rank memory allocation (min/avg/max) = 2.711 | 2.711 | 2.711 Mbytes
Step Temp Press TotEng 
       0          1.9   0.14652957    2.8068359 
    1000    1.9276144   0.14800623    2.4255631 
    2000    1.8603696   0.15325783    2.3186467 
    3000    1.9387093   0.15679109    2.4226462 
    4000    1.8350607   0.15191197    2.2742913 
    5000    1.9663065   0.15746108    2.4696614 
    6000    1.8642907    0.1528951    2.3148541 
    7000    1.9820008   0.15528681    2.4643483 
    8000     1.853203   0.13323937    2.2974101 
    9000    1.9386314   0.14844303    2.4168925 
   10000    1.8650756    0.1492444    2.2947367 
   11000    1.9950661   0.16256877    2.5118168 
   12000    1.8512604   0.15828521    2.3267773 
   13000    1.9409808   0.15567934    2.4539407 
   14000    1.8701747   0.15294394    2.3022183 
   15000    1.9068094   0.16120252    2.3677871 
   16000    1.9012667    0.1547789    2.3674765 
   17000    1.8749537   0.14760337    2.2960637 
   18000    1.8992682   0.15291317    2.3871743 
   19000    1.8856884   0.15143354    2.3646512 
   20000    1.9504493   0.14820862    2.4361793 
   21000    1.8457561   0.13818846    2.2714876 
   22000    1.9755363   0.15311673     2.449464 
   23000     1.885755   0.14723135    2.3281102 
   24000    1.9319701   0.16993052    2.4425969 
   25000     1.882398   0.15189462    2.3345976 
   26000     1.905389   0.15159747    2.3792872 
   27000    1.8837273   0.15450284    2.3431803 
   28000    1.8872118   0.14090557    2.3308202 
   29000    1.9119586   0.15251468    2.3826762 
   30000     1.870218   0.13560905    2.3088348 
   31000     1.966313   0.16231312    2.4804078 
   32000    1.8743654    0.1516802    2.3278877 
   33000     1.923236   0.15077253    2.4107602 
   34000    1.8774466   0.14783923    2.3253069 
   35000    1.8872988   0.15093023    2.3411641 
   36000    1.9309178   0.15284365    2.3953128 
   37000    1.8572904   0.15579903    2.3217105 
   38000     1.926395   0.15341386    2.4032279 
   39000    1.8696146   0.13683519    2.3119009 
   40000     1.942784   0.15857974    2.4232305 
   41000    1.8337953   0.15273161    2.2801025 
   42000    1.8961403   0.15309004    2.3740033 
   43000    1.8960624   0.14979301    2.3541583 
   44000    1.9143551   0.15156319    2.3870955 
   45000    1.9086995   0.15895688     2.381621 
   46000    1.8556215   0.15457247    2.3314119 
   47000    1.9142644   0.15515379    2.3893097 
   48000    1.8986584   0.15545422    2.3379997 
   49000    1.8951966   0.15367694    2.3715786 
   50000    1.8820228   0.15202729    2.3593131 
Loop time of 6.5832 on 1 procs for 50000 steps with 1331 atoms

Performance: 2624862.207 tau/day, 7595.087 timesteps/s
99.7% CPU use with 1 MPI tasks x no OpenMP threads

MPI task timing breakdown:
Section |  min time  |  avg time  |  max time  |%varavg| %total
---------------------------------------------------------------
Pair    | 3.7634     | 3.7634     | 3.7634     |   0.0 | 57.17
Neigh   | 1.5573     | 1.5573     | 1.5573     |   0.0 | 23.66
Comm    | 0.31669    | 0.31669    | 0.31669    |   0.0 |  4.81
Output  | 0.022734   | 0.022734   | 0.022734   |   0.0 |  0.35
Modify  | 0.83751    | 0.83751    | 0.83751    |   0.0 | 12.72
Other   |            | 0.08557    |            |       |  1.30

Nlocal:    1331 ave 1331 max 1331 min
Histogram: 1 0 0 0 0 0 0 0 0 0
Nghost:    1072 ave 1072 max 1072 min
Histogram: 1 0 0 0 0 0 0 0 0 0
Neighs:    5199 ave 5199 max 5199 min
Histogram: 1 0 0 0 0 0 0 0 0 0

Total # of neighbors = 5199
Ave neighs/atom = 3.90609
Neighbor list builds = 2500
Dangerous builds not checked

write_restart NVT/sim1/T_1.90__v_12.17/end1.restart
Total wall time: 0:00:06
