run 50000
Neighbor list info ...
  update every 20 steps, delay 0 steps, check no
  max neighbors/atom: 2000, page size: 100000
  master list distance cutoff = 2.8
  ghost atom cutoff = 2.8
  binsize = 1.4, bins = 16 16 16
  1 neighbor lists, perpetual/occasional/extra = 1 0 0
  (1) pair lj/cut, perpetual
      attributes: half, newton on
      pair build: half/bin/atomonly/newton
      stencil: half/bin/3d/newton
      bin: standard
Per MPI rank memory allocation (min/avg/max) = 2.7 | 2.7 | 2.7 Mbytes
Step Temp Press Volume Density PotEng KinEng TotEng 
       0          1.1  0.091986538        10648        0.125  -0.13561964    1.6487603    1.5131407 
    1000    1.5867251   0.23284494     6544.636   0.20337266   -1.1419348    2.3782994    1.2363646 
    2000    1.3741523   0.30819954    4708.6996   0.28266828   -1.6773316    2.0596799   0.38234828 
    3000    1.2505209   0.28364634     3580.204   0.37176653    -2.229226     1.874372  -0.35485399 
    4000    1.2069362   0.24549604    2825.9249   0.47099624   -2.7827132    1.8090441  -0.97366902 
    5000    1.1833773   0.46836772    2342.1531   0.56828053   -3.3050209    1.7737324   -1.5312885 
    6000     1.139968    0.7572941    2067.0746   0.64390517   -3.7353169    1.7086672   -2.0266497 
    7000    1.1112571   0.74098907    1921.8918    0.6925468   -4.0627512    1.6656334   -2.3971178 
    8000    1.0501772   0.91630113    1864.0994   0.71401774   -4.1608342    1.5740823   -2.5867519 
    9000    1.0900308   0.93073876    1875.8534   0.70954373   -4.1531895    1.6338177   -2.5193718 
   10000    1.1134187   0.89246524    1904.5083   0.69886803   -4.0596766    1.6688733   -2.3908032 
   11000    1.0844036   0.77361152    1905.6147   0.69846229   -4.0645613    1.6253833    -2.439178 
   12000    1.0758612   0.77126756    1893.8655   0.70279542   -4.1135166    1.6125793   -2.5009373 
   13000    1.0924656   0.90185879     1893.255   0.70302204   -4.0937899    1.6374672   -2.4563226 
   14000    1.1143652   0.86922209    1896.4668   0.70183142   -4.0926457     1.670292   -2.4223536 
   15000    1.0935898   0.88509021    1897.8958   0.70130299     -4.09059    1.6391523   -2.4514377 
   16000    1.1124006   0.97915284    1890.2179   0.70415161   -4.0981359    1.6673473   -2.4307886 
   17000    1.0815634     1.027743    1879.7833   0.70806035   -4.1003069    1.6211262   -2.4791807 
   18000    1.0752618   0.94231197    1878.6199   0.70849882   -4.1092529    1.6116809   -2.4975719 
   19000    1.0733978   0.86015359     1900.376    0.7003877   -4.0808891     1.608887   -2.4720021 
   20000    1.1003989   0.75618962    1912.3263   0.69601093   -4.0686512    1.6493582    -2.419293 
   21000    1.0994054    0.8199426    1890.4965   0.70404785   -4.1227234    1.6478691   -2.4748543 
   22000    1.1097154    0.7953131    1889.3678   0.70446844   -4.1481848    1.6633225   -2.4848623 
   23000    1.0959074   0.90917696    1899.2451   0.70080476    -4.088061    1.6426261   -2.4454349 
   24000    1.0835543   0.88217505    1893.0043   0.70311514   -4.0956028    1.6241103   -2.4714926 
   25000    1.1142856   0.89409163    1879.2445   0.70826333   -4.1570351    1.6701726   -2.4868625 
   26000    1.1339471    1.0542852    1882.3166   0.70710742   -4.1210167    1.6996428   -2.4213739 
   27000    1.1567836    1.0595279    1903.1172    0.6993789   -4.0692457    1.7338718   -2.3353739 
   28000    1.1029403   0.99723157    1872.7165   0.71073224    -4.119011    1.6531675   -2.4658435 
   29000    1.1117047    1.2031977    1858.8089   0.71604994   -4.1362549    1.6663042   -2.4699507 
   30000    1.1150724    1.0261954    1873.9607   0.71026034   -4.1316629     1.671352   -2.4603109 
   31000    1.1432253   0.92776234     1905.184   0.69862018   -4.0663928    1.7135496   -2.3528432 
   32000     1.148699    0.7138861    1889.0852   0.70457383   -4.1424785    1.7217539   -2.4207246 
   33000    1.0889638   0.89523351    1883.8804   0.70652043   -4.1118671    1.6322184   -2.4796487 
   34000    1.0721247    1.0065351    1881.1081   0.70756166   -4.1004108    1.6069788    -2.493432 
   35000     1.152987   0.81060674    1881.6811    0.7073462    -4.170928    1.7281811   -2.4427468 
   36000    1.1157632   0.90819678    1906.2655   0.69822385   -4.0589792    1.6723873   -2.3865919 
   37000    1.1121495    0.9449119    1880.1577   0.70791935   -4.1191304    1.6669709   -2.4521595 
   38000     1.126982    1.0028571     1860.692   0.71532527   -4.1547876     1.689203   -2.4655847 
   39000    1.1468576   0.98574833    1873.9025   0.71028242   -4.1402065     1.718994   -2.4212125 
   40000    1.1564137    1.0282013    1897.1671   0.70157236   -4.0569143    1.7333172    -2.323597 
   41000    1.1137511   0.93389199    1887.6427   0.70511224   -4.1077871    1.6693715   -2.4384156 
   42000    1.1182419   0.85088792    1875.2813    0.7097602    -4.164918    1.6761026   -2.4888154 
   43000     1.125724    1.0517396    1882.6867   0.70696841   -4.0941816    1.6873173   -2.4068643 
   44000    1.1223907    0.8651654     1897.676   0.70138422   -4.0859587    1.6823212   -2.4036374 
   45000    1.0952689   0.94712401     1854.315   0.71778529   -4.2044152     1.641669   -2.5627462 
   46000    1.0919536   0.88719268    1872.6261   0.71076656    -4.141238    1.6366999   -2.5045381 
   47000    1.1271784   0.90491811    1892.3785   0.70334766   -4.1142891    1.6894974   -2.4247918 
   48000     1.110483   0.90371059    1892.5549   0.70328213   -4.1359388     1.664473   -2.4714659 
   49000    1.0842867   0.93254587    1861.1367   0.71515434   -4.1771743    1.6252081   -2.5519662 
   50000    1.1072715   0.82044195    1891.9826   0.70349486   -4.1194149    1.6596593   -2.4597556 
Loop time of 37.7118 on 1 procs for 50000 steps with 1331 atoms

Performance: 458211.845 tau/day, 1325.844 timesteps/s
99.7% CPU use with 1 MPI tasks x no OpenMP threads

MPI task timing breakdown:
Section |  min time  |  avg time  |  max time  |%varavg| %total
---------------------------------------------------------------
Pair    | 29.456     | 29.456     | 29.456     |   0.0 | 78.11
Neigh   | 4.935      | 4.935      | 4.935      |   0.0 | 13.09
Comm    | 0.79686    | 0.79686    | 0.79686    |   0.0 |  2.11
Output  | 0.031045   | 0.031045   | 0.031045   |   0.0 |  0.08
Modify  | 2.326      | 2.326      | 2.326      |   0.0 |  6.17
Other   |            | 0.1664     |            |       |  0.44

Nlocal:    1331 ave 1331 max 1331 min
Histogram: 1 0 0 0 0 0 0 0 0 0
Nghost:    2726 ave 2726 max 2726 min
Histogram: 1 0 0 0 0 0 0 0 0 0
Neighs:    42058 ave 42058 max 42058 min
Histogram: 1 0 0 0 0 0 0 0 0 0

Total # of neighbors = 42058
Ave neighs/atom = 31.5988
Neighbor list builds = 2500
Dangerous builds not checked

write_restart lattice_11_11_11__2_2_2/sim1/T_1.10__P_0.90/end1.restart
Total wall time: 0:00:37
