run 50000
Neighbor list info ...
  update every 20 steps, delay 0 steps, check no
  max neighbors/atom: 2000, page size: 100000
  master list distance cutoff = 2.8
  ghost atom cutoff = 2.8
  binsize = 1.4, bins = 16 16 16
  1 neighbor lists, perpetual/occasional/extra = 1 0 0
  (1) pair lj/cut, perpetual
      attributes: half, newton on
      pair build: half/bin/atomonly/newton
      stencil: half/bin/3d/newton
      bin: standard
Per MPI rank memory allocation (min/avg/max) = 2.7 | 2.7 | 2.7 Mbytes
Step Temp Press Volume Density PotEng KinEng TotEng 
       0          1.7   0.16693019        10648        0.125  -0.13561964    2.5480841    2.4124645 
    1000    2.1737097   0.36301161    7262.2297   0.18327704  -0.97531372    3.2581148    2.2828011 
    2000     1.914047   0.41977654    5603.0432   0.23754948   -1.3077141    2.8689134    1.5611993 
    3000    1.7837625   0.46988433    4540.4806   0.29314078   -1.6253316    2.6736335    1.0483019 
    4000    1.7207761   0.51894866    3827.1649   0.34777702   -1.9041208    2.5792249   0.67510407 
    5000    1.7106802   0.66096226    3347.9576   0.39755581   -2.1671597    2.5640925   0.39693279 
    6000    1.7225108   0.72861783    3023.0253   0.44028742    -2.432082     2.581825   0.14974301 
    7000    1.7269559   0.76141691    2820.8005   0.47185187   -2.5944619    2.5884876 -0.005974308 
    8000    1.6851796   0.81961835    2744.8619   0.48490599   -2.6508116    2.5258702  -0.12494133 
    9000    1.7008441   0.79229825    2722.1776    0.4889468   -2.6788176    2.5493493   -0.1294683 
   10000    1.6960528   0.90983637    2724.9415   0.48845085   -2.6416644    2.5421678 -0.099496619 
   11000    1.7032294   0.84041701    2760.0214   0.48224263   -2.6316474    2.5529245 -0.078722863 
   12000     1.722842   0.82604542    2731.3215   0.48730989   -2.6502292    2.5823214 -0.067907828 
   13000    1.7072222   0.81102338    2688.5121   0.49506937   -2.7230129    2.5589093  -0.16410355 
   14000    1.6735569    1.0130936    2711.6571   0.49084377   -2.6282699    2.5084493  -0.11982059 
   15000    1.7379993   0.83887295    2780.7199   0.47865304   -2.6316994    2.6050403 -0.026659093 
   16000    1.6870538   0.99083873     2735.826   0.48650755   -2.6047553    2.5286795 -0.076075871 
   17000    1.7202832   0.97813806    2640.4839   0.50407427    -2.748288    2.5784862  -0.16980183 
   18000    1.6791419   0.93320592    2684.5779   0.49579488   -2.6825868    2.5168205  -0.16576633 
   19000    1.6731239   0.76528707    2791.2387   0.47684922   -2.6182757    2.5078003  -0.11047534 
   20000     1.718428   0.81280428    2737.9554   0.48612918   -2.6385491    2.5757053 -0.062843707 
   21000    1.7525664    1.0290679    2670.9865   0.49831776   -2.6856625    2.6268745 -0.058787952 
   22000    1.6453826   0.93159735     2718.547   0.48959978    -2.662102    2.4662195  -0.19588251 
   23000    1.6943106   0.88700721    2701.4697   0.49269478   -2.6743261    2.5395565  -0.13476964 
   24000    1.7768073   0.98399908    2657.9735   0.50075744   -2.7502247    2.6632085 -0.087016263 
   25000    1.6173874   0.81292271    2725.9862   0.48826366   -2.6488726    2.4242584  -0.22461422 
   26000    1.6862924   0.77854274    2728.3902   0.48783344   -2.6900368    2.5275381  -0.16249871 
   27000    1.7864153    1.0599164    2684.4387   0.49582059   -2.6813672    2.6776097 -0.0037574878 
   28000    1.6703948    0.7265523    2765.2746   0.48132651   -2.6407011    2.5037097  -0.13699137 
   29000    1.7211439    0.9045387    2723.2916   0.48874678   -2.6554654    2.5797762 -0.075689217 
   30000    1.6821501   0.93989917    2671.0175   0.49831197   -2.7270661    2.5213294  -0.20573667 
   31000    1.7194875   0.94894781    2717.0473   0.48987001   -2.6545215    2.5772934 -0.077228033 
   32000    1.7090965   0.93945988    2796.0968   0.47602071   -2.5863473    2.5617186 -0.024628739 
   33000    1.7166837   0.90632472    2763.0608   0.48171217   -2.6243061    2.5730909 -0.051215275 
   34000    1.7557189   0.85697205    2690.1032   0.49477656   -2.7446755    2.6315997  -0.11307582 
   35000    1.6139902    0.7660811    2696.1953   0.49365861   -2.6832621    2.4191664  -0.26409569 
   36000     1.688336   0.82076171    2689.2811   0.49492781   -2.7128362    2.5306013  -0.18223483 
   37000    1.7320095   0.91869392    2714.5544   0.49031988   -2.6465202    2.5960623 -0.050457836 
   38000    1.6994608   0.82690851     2722.642    0.4888634   -2.6761587    2.5472759  -0.12888283 
   39000    1.6498777   0.99945664    2600.7323   0.51177894   -2.7606436    2.4729573  -0.28768631 
   40000    1.6674797   0.86639667    2667.0042   0.49906183   -2.7179692    2.4993404   -0.2186288 
   41000    1.7000876   0.99193927    2706.0177    0.4918667   -2.6665552    2.5482154   -0.1183398 
   42000     1.712718   0.88412182    2752.6622   0.48353191   -2.6283772    2.5671468 -0.061230351 
   43000    1.7248397   0.81976405    2808.7008   0.47388458   -2.5685119    2.5853156  0.016803708 
   44000    1.7124583   0.97424738    2689.3925    0.4949073   -2.6600621    2.5667576 -0.093304456 
   45000    1.6566601   0.80962113    2730.8063   0.48740184   -2.6625804    2.4831231  -0.17945726 
   46000    1.7258639   0.93800586    2738.4051   0.48604934   -2.6244577    2.5868509 -0.037606788 
   47000    1.7486652   0.96018177    2729.9477   0.48755513    -2.641484    2.6210271 -0.020456959 
   48000    1.6302172   0.93183136    2776.8032   0.47932817   -2.5543064    2.4434887   -0.1108177 
   49000    1.7238968   0.86822681    2758.1637   0.48256744   -2.5979698    2.5839025 -0.014067339 
   50000    1.6699104   0.88691511    2703.5598   0.49231387   -2.6540768    2.5029837  -0.15109316 
Loop time of 27.3529 on 1 procs for 50000 steps with 1331 atoms

Performance: 631741.913 tau/day, 1827.957 timesteps/s
99.7% CPU use with 1 MPI tasks x no OpenMP threads

MPI task timing breakdown:
Section |  min time  |  avg time  |  max time  |%varavg| %total
---------------------------------------------------------------
Pair    | 20.406     | 20.406     | 20.406     |   0.0 | 74.60
Neigh   | 3.9085     | 3.9085     | 3.9085     |   0.0 | 14.29
Comm    | 0.66933    | 0.66933    | 0.66933    |   0.0 |  2.45
Output  | 0.025285   | 0.025285   | 0.025285   |   0.0 |  0.09
Modify  | 2.2048     | 2.2048     | 2.2048     |   0.0 |  8.06
Other   |            | 0.1392     |            |       |  0.51

Nlocal:    1331 ave 1331 max 1331 min
Histogram: 1 0 0 0 0 0 0 0 0 0
Nghost:    2334 ave 2334 max 2334 min
Histogram: 1 0 0 0 0 0 0 0 0 0
Neighs:    29647 ave 29647 max 29647 min
Histogram: 1 0 0 0 0 0 0 0 0 0

Total # of neighbors = 29647
Ave neighs/atom = 22.2742
Neighbor list builds = 2500
Dangerous builds not checked

write_restart lattice_11_11_11__2_2_2/sim1/T_1.70__P_0.90/end1.restart
Total wall time: 0:00:27
