run 50000
Neighbor list info ...
  update every 20 steps, delay 0 steps, check no
  max neighbors/atom: 2000, page size: 100000
  master list distance cutoff = 2.8
  ghost atom cutoff = 2.8
  binsize = 1.4, bins = 16 16 16
  1 neighbor lists, perpetual/occasional/extra = 1 0 0
  (1) pair lj/cut, perpetual
      attributes: half, newton on
      pair build: half/bin/atomonly/newton
      stencil: half/bin/3d/newton
      bin: standard
Per MPI rank memory allocation (min/avg/max) = 2.7 | 2.7 | 2.7 Mbytes
Step Temp Press Volume Density PotEng KinEng TotEng 
       0          1.5   0.14194897        10648        0.125  -0.13561964    2.2483095    2.1126899 
    1000    1.8817351     0.285743    7709.9136   0.17263488  -0.94499567     2.820482    1.8754864 
    2000    1.6336704   0.32797453    6110.1259   0.21783512   -1.2073799    2.4486644    1.2412845 
    3000    1.5576989   0.32657824    5027.3655   0.26475099   -1.5287755    2.3347929   0.80601737 
    4000     1.513619   0.33664481    4277.2816   0.31117895   -1.7542994    2.2687228   0.51442335 
    5000    1.5414027   0.34619767    3752.1258   0.35473224   -2.0391303    2.3103669    0.2712366 
    6000    1.5305881   0.44580184     3378.689   0.39393978   -2.2715066    2.2941573  0.022650668 
    7000    1.4876226   0.49346204    3105.1049   0.42864896    -2.408491    2.2297573  -0.17873365 
    8000    1.4840277    0.4573591    2943.4921   0.45218399   -2.5626978    2.2243691  -0.33832874 
    9000     1.494973     0.589959    2810.8238   0.47352667   -2.6431713    2.2407747  -0.40239656 
   10000    1.5145049   0.44566958    2803.5936   0.47474783   -2.6991831    2.2700506  -0.42913252 
   11000     1.512243   0.63372174     2814.594   0.47289236   -2.6469793    2.2666602  -0.38031905 
   12000    1.5289737   0.63044964    2808.0236   0.47399887   -2.6545921    2.2917375  -0.36285466 
   13000    1.4805533   0.50560485    2862.9922   0.46489823   -2.6092838    2.2191615   -0.3901223 
   14000    1.5182242   0.62418077    2827.6133   0.47071499   -2.6188002    2.2756253  -0.34317496 
   15000     1.489712    0.7243605    2783.4887   0.47817691   -2.6632086    2.2328891  -0.43031951 
   16000    1.4533701   0.60390419    2781.8081   0.47846579    -2.673221    2.1784172   -0.4948038 
   17000    1.4980728   0.70569926    2698.2369   0.49328508   -2.7470781    2.2454209  -0.50165721 
   18000    1.5008189   0.66655908     2753.723   0.48334564   -2.7053644     2.249537  -0.45582746 
   19000    1.4540849   0.48857833    2790.8963   0.47690772   -2.6763387    2.1794887  -0.49685007 
   20000    1.5261287   0.68347458    2793.0533   0.47653942   -2.6351281    2.2874731  -0.34765504 
   21000    1.5063844   0.56702605     2844.631   0.46789899   -2.6191165     2.257879  -0.36123753 
   22000    1.5154727   0.59065639    2901.7984   0.45868108    -2.557983    2.2715011  -0.28648192 
   23000    1.5408597    0.6709759    2933.0812     0.453789   -2.5265027     2.309553  -0.21694967 
   24000    1.5274513   0.55008741    2812.6743   0.47321512   -2.6492463    2.2894555  -0.35979072 
   25000    1.4760449    0.5369832    2783.9614    0.4780957   -2.7116142    2.2124039  -0.49921034 
   26000    1.5154879   0.78850452    2747.1054   0.48450998   -2.6592669    2.2715239  -0.38774307 
   27000     1.506546   0.53415861    2847.2226    0.4674731   -2.6577736    2.2581211  -0.39965254 
   28000    1.5001219   0.54435145    2812.6092   0.47322606    -2.650469    2.2484923  -0.40197671 
   29000      1.48277    0.6025077    2807.2625   0.47412738   -2.6430478    2.2224839  -0.42056385 
   30000    1.5131683   0.56656658    2868.6631    0.4639792   -2.6283616    2.2680472   -0.3603144 
   31000    1.5749917   0.65835386    2866.0959   0.46439479   -2.5688999    2.3607125  -0.20818742 
   32000    1.4712567   0.65836843    2848.3411   0.46728954   -2.5684434    2.2052269  -0.36321642 
   33000    1.4663169   0.64093003    2795.2352   0.47616745    -2.657034    2.1978228  -0.45921117 
   34000    1.4644172   0.61286989    2763.3521   0.48166138   -2.7067444    2.1949755  -0.51176891 
   35000    1.5010438   0.80710638    2698.8656   0.49317017   -2.6949964    2.2498741  -0.44512226 
   36000    1.4349548   0.72871651    2790.7017   0.47694098   -2.6355135     2.150815  -0.48469849 
   37000    1.5257915   0.61294712    2815.2327   0.47278507   -2.6306071    2.2869677  -0.34363938 
   38000    1.5001256   0.56111079     2867.092   0.46423344   -2.6179877    2.2484978  -0.36948993 
   39000    1.4415257    0.5991538     2886.938   0.46104212   -2.5326324     2.160664  -0.37196838 
   40000     1.589996   0.51649698    2763.7305   0.48159545   -2.7253717    2.3832021  -0.34216961 
   41000    1.4634258   0.61532942    2783.4989   0.47817515    -2.671754    2.1934895  -0.47826456 
   42000    1.5148001   0.57373226    2780.7642    0.4786454    -2.693459     2.270493  -0.42296599 
   43000    1.5362909   0.71223659    2831.6089   0.47005079   -2.6096011     2.302705  -0.30689602 
   44000    1.4998178    0.5043215    2944.9523   0.45195978   -2.5448284    2.2480364  -0.29679204 
   45000    1.5073779   0.52815276    2926.6133   0.45479189   -2.5186271    2.2593681  -0.25925905 
   46000    1.5186682   0.68143685    2857.9637    0.4657162   -2.5913753    2.2762908  -0.31508459 
   47000    1.5307365   0.49609365    2764.4063   0.48147771   -2.7271672    2.2943796  -0.43278762 
   48000    1.4585008   0.62660673    2767.8318   0.48088182   -2.6545127    2.1861075  -0.46840527 
   49000    1.4934374   0.56315145    2820.5541    0.4718931   -2.6305459     2.238473  -0.39207284 
   50000    1.5190037    0.5530388    2978.6783   0.44684247   -2.5239624    2.2767936  -0.24716881 
Loop time of 28.078 on 1 procs for 50000 steps with 1331 atoms

Performance: 615428.406 tau/day, 1780.753 timesteps/s
99.4% CPU use with 1 MPI tasks x no OpenMP threads

MPI task timing breakdown:
Section |  min time  |  avg time  |  max time  |%varavg| %total
---------------------------------------------------------------
Pair    | 20.887     | 20.887     | 20.887     |   0.0 | 74.39
Neigh   | 3.9441     | 3.9441     | 3.9441     |   0.0 | 14.05
Comm    | 0.70551    | 0.70551    | 0.70551    |   0.0 |  2.51
Output  | 0.027516   | 0.027516   | 0.027516   |   0.0 |  0.10
Modify  | 2.3656     | 2.3656     | 2.3656     |   0.0 |  8.43
Other   |            | 0.1486     |            |       |  0.53

Nlocal:    1331 ave 1331 max 1331 min
Histogram: 1 0 0 0 0 0 0 0 0 0
Nghost:    2241 ave 2241 max 2241 min
Histogram: 1 0 0 0 0 0 0 0 0 0
Neighs:    27092 ave 27092 max 27092 min
Histogram: 1 0 0 0 0 0 0 0 0 0

Total # of neighbors = 27092
Ave neighs/atom = 20.3546
Neighbor list builds = 2500
Dangerous builds not checked

write_restart lattice_11_11_11__2_2_2/sim1/T_1.50__P_0.60/end1.restart
Total wall time: 0:00:28
