run 50000
Neighbor list info ...
  update every 20 steps, delay 0 steps, check no
  max neighbors/atom: 2000, page size: 100000
  master list distance cutoff = 2.8
  ghost atom cutoff = 2.8
  binsize = 1.4, bins = 12 12 12
  1 neighbor lists, perpetual/occasional/extra = 1 0 0
  (1) pair lj/cut, perpetual
      attributes: half, newton on
      pair build: half/bin/atomonly/newton
      stencil: half/bin/3d/newton
      bin: standard
Per MPI rank memory allocation (min/avg/max) = 2.738 | 2.738 | 2.738 Mbytes
Step Temp Press TotEng 
       0            1  -0.63452859  0.019450526 
    1000    1.1012977  0.099372124  -0.40647359 
    2000    1.0050502 -0.00076661135  -0.71754972 
    3000    0.9853916  0.084895052  -0.85829946 
    4000   0.99962533   0.13752335  -0.85171836 
    5000   0.98377394  0.096927926   -0.8918053 
    6000    1.0295947  0.036915352   -0.8687431 
    7000   0.98833028  0.024844466   -0.9411261 
    8000   0.99471161  0.012701565  -0.96730681 
    9000    1.0190231  0.013712486   -0.9628675 
   10000   0.94684198 0.0034159483  -0.97953997 
   11000     1.053547  0.081602987   -0.8782849 
   12000   0.97150854  0.061657239   -0.9914097 
   13000    1.0187833  0.082176283  -0.94833598 
   14000   0.98403849  0.052678901   -1.0073683 
   15000    1.0278542 -0.053013514  -0.91014351 
   16000   0.97685035   0.01025858    -0.929712 
   17000   0.99823989  0.064486864  -0.97413494 
   18000    0.9859097   0.08005287   -1.0083487 
   19000    1.0334098  0.095161419  -0.96376292 
   20000    1.0073987 0.0057164915  -0.99007242 
   21000   0.95067433 0.0079496871   -1.0854526 
   22000    1.0040845  0.025502962  -0.96907747 
   23000    1.0190599   0.03961809  -0.93337928 
   24000   0.97727273  0.045754636   -1.0642001 
   25000   0.97806493  0.086356601   -1.0588786 
   26000    1.0007938  0.084557696   -0.9658505 
   27000    0.9905091  0.078700028  -0.91494905 
   28000     1.012182   0.10178924  -0.85849326 
   29000    1.0387702  0.087479379  -0.89388888 
   30000   0.99346316  0.031578872  -0.98836537 
   31000    1.0064173  0.038568636  -0.95309837 
   32000    1.0589956  0.087025854  -0.94171214 
   33000    1.0124853  0.002183042   -1.0661192 
   34000   0.98001474  0.056777057   -1.0615849 
   35000    1.0275847  0.073829033  -0.99231274 
   36000    1.0092746  0.052442391   -1.0657692 
   37000    1.0009713  0.045442348   -1.0152888 
   38000   0.99804932  0.010170911  -0.96473081 
   39000    1.0391993 -0.031359544  -0.95555471 
   40000     1.012607   0.10504027   -1.0002632 
   41000   0.95811831  0.014836267   -1.1138402 
   42000    1.0041189 -0.0034691761   -1.0224035 
   43000    1.0109287   0.14531502   -1.0263345 
   44000   0.99373653  0.052206465   -1.0545966 
   45000   0.96943396  0.092122936    -1.060865 
   46000    1.0242707   0.07188995  -0.99947111 
   47000    1.0022266  0.070409558   -1.1291271 
   48000   0.97584936  0.038388397   -1.1404063 
   49000   0.97890166  0.050387027   -1.0290876 
   50000    1.0046241   0.12238114   -1.0041082 
Loop time of 19.4178 on 1 procs for 50000 steps with 1331 atoms

Performance: 889906.787 tau/day, 2574.962 timesteps/s
99.9% CPU use with 1 MPI tasks x no OpenMP threads

MPI task timing breakdown:
Section |  min time  |  avg time  |  max time  |%varavg| %total
---------------------------------------------------------------
Pair    | 14.726     | 14.726     | 14.726     |   0.0 | 75.84
Neigh   | 3.193      | 3.193      | 3.193      |   0.0 | 16.44
Comm    | 0.51689    | 0.51689    | 0.51689    |   0.0 |  2.66
Output  | 0.022794   | 0.022794   | 0.022794   |   0.0 |  0.12
Modify  | 0.84583    | 0.84583    | 0.84583    |   0.0 |  4.36
Other   |            | 0.1133     |            |       |  0.58

Nlocal:    1331 ave 1331 max 1331 min
Histogram: 1 0 0 0 0 0 0 0 0 0
Nghost:    2166 ave 2166 max 2166 min
Histogram: 1 0 0 0 0 0 0 0 0 0
Neighs:    24495 ave 24495 max 24495 min
Histogram: 1 0 0 0 0 0 0 0 0 0

Total # of neighbors = 24495
Ave neighs/atom = 18.4035
Neighbor list builds = 2500
Dangerous builds not checked

write_restart NVT/sim1/T_1.00__v_2.74/end1.restart
Total wall time: 0:00:19
