run 50000
Neighbor list info ...
  update every 20 steps, delay 0 steps, check no
  max neighbors/atom: 2000, page size: 100000
  master list distance cutoff = 2.8
  ghost atom cutoff = 2.8
  binsize = 1.4, bins = 13 13 13
  1 neighbor lists, perpetual/occasional/extra = 1 0 0
  (1) pair lj/cut, perpetual
      attributes: half, newton on
      pair build: half/bin/atomonly/newton
      stencil: half/bin/3d/newton
      bin: standard
Per MPI rank memory allocation (min/avg/max) = 2.742 | 2.742 | 2.742 Mbytes
Step Temp Press TotEng 
       0          1.4  -0.17310932    1.1225825 
    1000    1.4755679   0.30282859   0.63541974 
    2000    1.3375063   0.24913754   0.40343455 
    3000    1.4472473   0.29061714   0.56667175 
    4000     1.377446   0.19947188   0.44758271 
    5000    1.3844118   0.24014106   0.46748884 
    6000    1.4178761   0.24204051   0.49512658 
    7000    1.3523243    0.2286115   0.42181649 
    8000    1.3996979   0.21037009   0.49509694 
    9000    1.3952742   0.22837751    0.4809657 
   10000    1.3555985    0.2435645   0.38584148 
   11000     1.408854   0.18843366   0.50257425 
   12000    1.3759397   0.23925921   0.43404431 
   13000    1.4270187   0.24610619   0.54614893 
   14000    1.3996058   0.23100485   0.48110206 
   15000    1.4088583   0.22997924   0.48076432 
   16000    1.4189522   0.27406342   0.52593419 
   17000    1.3914812   0.22392411   0.48574876 
   18000    1.3978028   0.26010107   0.47492952 
   19000    1.3878181   0.23941003   0.38346494 
   20000    1.4149049   0.28039005   0.50298022 
   21000    1.4037902    0.2207303   0.47961357 
   22000    1.3440155   0.21210283   0.36309848 
   23000    1.4021754   0.24278899   0.47405085 
   24000    1.4162875   0.25429471   0.51605299 
   25000    1.3619048   0.18900201    0.3975433 
   26000      1.47779   0.20757771   0.54951212 
   27000    1.3700549   0.23713549   0.44063045 
   28000     1.408686   0.27316637   0.53362155 
   29000    1.4006939   0.23784135   0.53405297 
   30000    1.3942363   0.21067764   0.45748191 
   31000    1.4281401   0.25822806   0.50211251 
   32000    1.3499143   0.24694536   0.38429854 
   33000    1.4165183    0.2790903   0.49220839 
   34000    1.3892069   0.29971983   0.46882947 
   35000     1.427813   0.28131728   0.50814024 
   36000    1.4108902   0.26289971   0.50805251 
   37000    1.4033778    0.2155832   0.47035728 
   38000    1.4297227    0.2329965   0.56480323 
   39000      1.35633   0.22536131   0.39922814 
   40000    1.4415525   0.29010646   0.51848039 
   41000    1.3666109   0.20619818   0.46474809 
   42000    1.4517823   0.21733194   0.54703873 
   43000    1.3974212   0.25769824   0.47846091 
   44000    1.3802498   0.22183055   0.48928486 
   45000    1.4392318   0.22127592   0.52172518 
   46000    1.3955233   0.22417355   0.46110487 
   47000    1.3792169   0.28616921   0.48675206 
   48000    1.4051147   0.26165037   0.47102928 
   49000    1.3770735   0.28107614   0.47217039 
   50000    1.4375822   0.25414906    0.5436011 
Loop time of 15.0947 on 1 procs for 50000 steps with 1331 atoms

Performance: 1144771.461 tau/day, 3312.417 timesteps/s
99.9% CPU use with 1 MPI tasks x no OpenMP threads

MPI task timing breakdown:
Section |  min time  |  avg time  |  max time  |%varavg| %total
---------------------------------------------------------------
Pair    | 10.848     | 10.848     | 10.848     |   0.0 | 71.86
Neigh   | 2.7791     | 2.7791     | 2.7791     |   0.0 | 18.41
Comm    | 0.48678    | 0.48678    | 0.48678    |   0.0 |  3.22
Output  | 0.024877   | 0.024877   | 0.024877   |   0.0 |  0.16
Modify  | 0.84982    | 0.84982    | 0.84982    |   0.0 |  5.63
Other   |            | 0.1065     |            |       |  0.71

Nlocal:    1331 ave 1331 max 1331 min
Histogram: 1 0 0 0 0 0 0 0 0 0
Nghost:    1794 ave 1794 max 1794 min
Histogram: 1 0 0 0 0 0 0 0 0 0
Neighs:    16720 ave 16720 max 16720 min
Histogram: 1 0 0 0 0 0 0 0 0 0

Total # of neighbors = 16720
Ave neighs/atom = 12.562
Neighbor list builds = 2500
Dangerous builds not checked

write_restart NVT/sim1/T_1.40__v_3.38/end1.restart
Total wall time: 0:00:15
