run 50000
Neighbor list info ...
  update every 20 steps, delay 0 steps, check no
  max neighbors/atom: 2000, page size: 100000
  master list distance cutoff = 2.8
  ghost atom cutoff = 2.8
  binsize = 1.4, bins = 10 10 10
  1 neighbor lists, perpetual/occasional/extra = 1 0 0
  (1) pair lj/cut, perpetual
      attributes: half, newton on
      pair build: half/bin/atomonly/newton
      stencil: half/bin/3d/newton
      bin: standard
Per MPI rank memory allocation (min/avg/max) = 2.732 | 2.732 | 2.732 Mbytes
Step Temp Press TotEng 
       0          1.1  -0.47036523   -2.4901921 
    1000   0.98992403   0.10359425   -2.1705803 
    2000    1.0975298   0.45941361     -1.86671 
    3000    1.1170761   0.38633846   -1.8832859 
    4000     1.072208    0.2634028   -1.9699881 
    5000    1.1691963   0.22631447   -1.8473498 
    6000    1.0735909   0.40089917   -1.9388666 
    7000    1.0902012   0.39933193   -1.8858736 
    8000    1.0916011   0.39545557    -1.885263 
    9000    1.0438916   0.31666256   -1.9700857 
   10000    1.1063824   0.43744347   -1.8807767 
   11000    1.0878785   0.18017359   -1.9309082 
   12000     1.092576   0.22644623   -1.9145776 
   13000    1.0834475    0.4725185   -1.8891826 
   14000    1.0667761   0.33855581   -1.9543231 
   15000    1.1343087   0.38695392   -1.8409919 
   16000    1.1005861   0.30094808   -1.9119319 
   17000    1.0911776   0.32543643   -1.8919629 
   18000    1.1167519   0.26797515   -1.8925712 
   19000    1.0656338   0.37627975   -1.9626179 
   20000    1.0870077   0.56923161    -1.856649 
   21000    1.0744124   0.20495471   -1.9915264 
   22000    1.0952772   0.19581014   -1.9285203 
   23000    1.1282147    0.3336759   -1.8527859 
   24000    1.0777714   0.34959166    -1.963753 
   25000    1.1090579   0.27305114   -1.9066057 
   26000    1.1074331   0.34570942   -1.8981443 
   27000    1.1118526   0.35097395   -1.8835211 
   28000    1.0867474   0.32195143   -1.9385466 
   29000    1.0999241   0.38180856   -1.8887363 
   30000    1.1103004   0.29157251   -1.8815262 
   31000    1.1002548   0.29658619   -1.9217517 
   32000    1.1384125   0.49835096   -1.8064507 
   33000    1.0847771   0.39020412   -1.8918913 
   34000    1.0718582   0.32670807    -1.919945 
   35000    1.1320386   0.51505093   -1.8136156 
   36000    1.0662506   0.49022704   -1.9501243 
   37000    1.1247633   0.26028503   -1.8743221 
   38000    1.0631425   0.51766607   -1.8903544 
   39000    1.0783514   0.27080903   -1.9447291 
   40000    1.1263871    0.2484646   -1.8833594 
   41000    1.0425626   0.21110478   -2.0055812 
   42000    1.1144881   0.38667494   -1.8948279 
   43000    1.0792515   0.61062715   -1.9148099 
   44000    1.0827205    0.2265082   -1.9418162 
   45000    1.1225659   0.32361668   -1.8456804 
   46000    1.0882061   0.27932587   -1.9305593 
   47000    1.1113029   0.30029284   -1.9096814 
   48000    1.0910809   0.32949188   -1.8894817 
   49000    1.0745959   0.25777947   -1.9320059 
   50000    1.0822994   0.26764834    -1.915239 
Loop time of 27.7372 on 1 procs for 50000 steps with 1331 atoms

Performance: 622989.181 tau/day, 1802.631 timesteps/s
99.9% CPU use with 1 MPI tasks x no OpenMP threads

MPI task timing breakdown:
Section |  min time  |  avg time  |  max time  |%varavg| %total
---------------------------------------------------------------
Pair    | 22.328     | 22.328     | 22.328     |   0.0 | 80.50
Neigh   | 3.7881     | 3.7881     | 3.7881     |   0.0 | 13.66
Comm    | 0.63289    | 0.63289    | 0.63289    |   0.0 |  2.28
Output  | 0.023772   | 0.023772   | 0.023772   |   0.0 |  0.09
Modify  | 0.83849    | 0.83849    | 0.83849    |   0.0 |  3.02
Other   |            | 0.1262     |            |       |  0.45

Nlocal:    1331 ave 1331 max 1331 min
Histogram: 1 0 0 0 0 0 0 0 0 0
Nghost:    2541 ave 2541 max 2541 min
Histogram: 1 0 0 0 0 0 0 0 0 0
Neighs:    36296 ave 36296 max 36296 min
Histogram: 1 0 0 0 0 0 0 0 0 0

Total # of neighbors = 36296
Ave neighs/atom = 27.2697
Neighbor list builds = 2500
Dangerous builds not checked

write_restart NVT/sim1/T_1.10__v_1.33/end1.restart
Total wall time: 0:00:27
