run 50000
Neighbor list info ...
  update every 20 steps, delay 0 steps, check no
  max neighbors/atom: 2000, page size: 100000
  master list distance cutoff = 2.8
  ghost atom cutoff = 2.8
  binsize = 1.4, bins = 16 16 16
  1 neighbor lists, perpetual/occasional/extra = 1 0 0
  (1) pair lj/cut, perpetual
      attributes: half, newton on
      pair build: half/bin/atomonly/newton
      stencil: half/bin/3d/newton
      bin: standard
Per MPI rank memory allocation (min/avg/max) = 2.7 | 2.7 | 2.7 Mbytes
Step Temp Press Volume Density PotEng KinEng TotEng 
       0          0.9  0.067005321        10648        0.125  -0.13561964    1.3489857    1.2133661 
    1000    1.3909143   0.21633301    6223.3669   0.21387137   -1.2305704     2.084804   0.85423361 
    2000    1.1838551   0.23444007    4321.7035   0.30798041   -1.8816558    1.7744485  -0.10720726 
    3000    1.0731888   0.19248729    3201.3489   0.41576224   -2.5568299    1.6085737   -0.9482562 
    4000    1.0327185    0.1925767     2473.335   0.53813979   -3.2341398    1.5479138    -1.686226 
    5000     1.030838   0.33834624    2021.5823   0.65839515   -3.9048385    1.5450953   -2.3597432 
    6000   0.97505204   0.75246472    1797.9713   0.74027878   -4.4242968    1.4614792   -2.9628176 
    7000   0.87256841   0.81781039    1716.1136    0.7755897   -4.6567932    1.3078693    -3.348924 
    8000   0.88086185   0.97456018    1687.1663   0.78889676   -4.7266085    1.3203001   -3.4063084 
    9000   0.89815807   0.94172359    1708.4529   0.77906744   -4.6636711    1.3462249   -3.3174462 
   10000   0.90357257   0.86748729    1722.4277    0.7727465   -4.6212169    1.3543406   -3.2668764 
   11000   0.91223296   0.84225712    1711.9837   0.77746069   -4.6722579    1.3673214   -3.3049366 
   12000   0.90029038   0.79293112    1704.5475   0.78085239   -4.6894137     1.349421   -3.3399927 
   13000   0.89055264    1.0312167    1702.9756   0.78157316   -4.6641817    1.3348253   -3.3293563 
   14000   0.90395476   0.83810694    1714.2374   0.77643855   -4.6605971    1.3549134   -3.3056837 
   15000   0.91496884   0.90850342    1717.2395   0.77508118   -4.6345705    1.3714221   -3.2631484 
   16000   0.90087372     1.006995    1700.9714   0.78249403   -4.6717869    1.3502953   -3.3214916 
   17000   0.90166631   0.73228057    1708.1345   0.77921265   -4.7107289    1.3514833   -3.3592456 
   18000    0.8864543   0.67147882    1730.6102   0.76909289   -4.6285271    1.3286824   -3.2998446 
   19000   0.92436185    1.0730327    1715.0587   0.77606672   -4.6197429     1.385501   -3.2342419 
   20000   0.93798388   0.88962188     1700.965   0.78249701   -4.7067559    1.4059187   -3.3008372 
   21000   0.90424575   0.71090616    1699.7199   0.78307022    -4.730934    1.3553496   -3.3755844 
   22000   0.90216326   0.60919888     1721.751   0.77305024   -4.6753387    1.3522282   -3.3231105 
   23000   0.90874681   0.72776711    1736.1522   0.76663785   -4.6171701    1.3620961    -3.255074 
   24000   0.93944308   0.65821189    1714.3684   0.77637924   -4.7033703    1.4081059   -3.2952644 
   25000   0.90423114    1.0185667    1689.0911   0.78799776   -4.7191708    1.3553277   -3.3638431 
   26000   0.91654247   0.95371713    1696.8444    0.7843972   -4.7054641    1.3737808   -3.3316833 
   27000   0.92084274   0.80828242    1722.6981   0.77262522   -4.6483555    1.3802263   -3.2681291 
   28000   0.91618513   0.88076164    1718.5097   0.77450828     -4.63941    1.3732452   -3.2661648 
   29000   0.89154337    1.0602295    1701.5922   0.78220855   -4.6532823    1.3363103    -3.316972 
   30000   0.86983234   0.56854742    1715.0145   0.77608673   -4.6969727    1.3037682   -3.3932044 
   31000   0.87748871    1.0112571    1713.1873   0.77691447   -4.6304096    1.3152442   -3.3151655 
   32000   0.89868204    0.9888136    1714.4647   0.77633562   -4.6169075    1.3470103   -3.2698972 
   33000   0.90491921   0.97132645    1693.2887   0.78604433   -4.7047666     1.356359   -3.3484076 
   34000   0.89618768   0.84846616    1701.6724   0.78217172   -4.6935047    1.3432715   -3.3502332 
   35000   0.94661021   0.59319894     1722.935   0.77251897   -4.6759607    1.4188485   -3.2571121 
   36000   0.93731213       1.0911    1714.8512   0.77616065   -4.6150512    1.4049119   -3.2101393 
   37000   0.88129917    1.1009546    1711.6649   0.77760546   -4.6086216    1.3209556    -3.287666 
   38000   0.88400459    1.0514442    1701.3723   0.78230966   -4.6519775    1.3250106   -3.3269669 
   39000   0.88876971   0.91987072    1687.2293   0.78886731    -4.747166     1.332153    -3.415013 
   40000   0.87882074   0.71009299    1712.6186   0.77717244   -4.6840329    1.3172407   -3.3667922 
   41000   0.91161575   0.99403365    1709.9926   0.77836593   -4.6514733    1.3663963   -3.2850771 
   42000   0.93862098    1.1845921    1705.7885   0.78028432   -4.6297568    1.4068737   -3.2228831 
   43000   0.89448205   0.92857894    1744.1563   0.76311968   -4.5365748     1.340715   -3.1958598 
   44000   0.88528263   0.71730278    1723.1075   0.77244167   -4.6312235    1.3269263   -3.3042972 
   45000   0.89636751    0.8974183    1701.5548   0.78222577   -4.6943253    1.3435411   -3.3507842 
   46000   0.91192298    0.7051769    1699.6195   0.78311646   -4.7547344    1.3668568   -3.3878777 
   47000   0.92732532    1.0328375    1698.4679   0.78364741   -4.6838406    1.3899429   -3.2938977 
   48000   0.91184825   0.96949445    1705.0304   0.78063125   -4.6647568    1.3667447   -3.2980121 
   49000   0.90941784   0.62187913    1701.2237   0.78237798   -4.7491514    1.3631019   -3.3860495 
   50000   0.89275984   0.93590217     1697.635    0.7840319   -4.6957362    1.3381336   -3.3576025 
Loop time of 35.4806 on 1 procs for 50000 steps with 1331 atoms

Performance: 487026.421 tau/day, 1409.220 timesteps/s
99.9% CPU use with 1 MPI tasks x no OpenMP threads

MPI task timing breakdown:
Section |  min time  |  avg time  |  max time  |%varavg| %total
---------------------------------------------------------------
Pair    | 28.174     | 28.174     | 28.174     |   0.0 | 79.41
Neigh   | 4.4257     | 4.4257     | 4.4257     |   0.0 | 12.47
Comm    | 0.69729    | 0.69729    | 0.69729    |   0.0 |  1.97
Output  | 0.024094   | 0.024094   | 0.024094   |   0.0 |  0.07
Modify  | 2.0175     | 2.0175     | 2.0175     |   0.0 |  5.69
Other   |            | 0.1417     |            |       |  0.40

Nlocal:    1331 ave 1331 max 1331 min
Histogram: 1 0 0 0 0 0 0 0 0 0
Nghost:    2926 ave 2926 max 2926 min
Histogram: 1 0 0 0 0 0 0 0 0 0
Neighs:    46562 ave 46562 max 46562 min
Histogram: 1 0 0 0 0 0 0 0 0 0

Total # of neighbors = 46562
Ave neighs/atom = 34.9827
Neighbor list builds = 2500
Dangerous builds not checked

write_restart lattice_11_11_11__2_2_2/sim1/T_0.90__P_0.90/end1.restart
Total wall time: 0:00:35
