run 50000
Neighbor list info ...
  update every 20 steps, delay 0 steps, check no
  max neighbors/atom: 2000, page size: 100000
  master list distance cutoff = 2.8
  ghost atom cutoff = 2.8
  binsize = 1.4, bins = 18 18 18
  1 neighbor lists, perpetual/occasional/extra = 1 0 0
  (1) pair lj/cut, perpetual
      attributes: half, newton on
      pair build: half/bin/atomonly/newton
      stencil: half/bin/3d/newton
      bin: standard
Per MPI rank memory allocation (min/avg/max) = 2.711 | 2.711 | 2.711 Mbytes
Step Temp Press TotEng 
       0          1.5   0.11248157    2.2072867 
    1000    1.5390353   0.12448988    1.8345703 
    2000    1.4400225   0.10714649    1.6363228 
    3000    1.5455525   0.10943096    1.7720014 
    4000     1.458519   0.10491117    1.6473506 
    5000     1.547695   0.11107238    1.7815575 
    6000    1.4604644   0.10658746    1.6498911 
    7000     1.472111   0.10205027    1.6387965 
    8000    1.5322029   0.11414064     1.750899 
    9000    1.4500192   0.11479325    1.6602922 
   10000    1.5547344   0.12356105    1.8161456 
   11000    1.5095091   0.10996245    1.6982764 
   12000    1.5106979    0.1034354    1.7283496 
   13000    1.5884052   0.12330376    1.8460839 
   14000     1.473905    0.0981684    1.6553283 
   15000    1.5395216   0.11778059    1.7807072 
   16000    1.4545505   0.10154824    1.6350757 
   17000    1.4849677   0.11099166    1.6893835 
   18000    1.4896129   0.12148373    1.7433982 
   19000    1.4528896   0.10897789    1.6328229 
   20000    1.5517674   0.11372007    1.7894596 
   21000    1.4705073   0.10745942    1.6779325 
   22000    1.5186951   0.10486542    1.7514087 
   23000    1.5471803   0.11599916    1.7647073 
   24000    1.4655487   0.11053239    1.6819336 
   25000    1.5166505   0.11269455    1.7604163 
   26000    1.4671475   0.11387757    1.6845956 
   27000    1.5288262   0.11495928    1.7845758 
   28000       1.4748   0.11071715    1.6840949 
   29000    1.5789074   0.11785821    1.8548866 
   30000    1.4684338   0.11585783     1.672433 
   31000     1.543263   0.11409102     1.769029 
   32000     1.470348   0.10077974     1.652647 
   33000    1.5257508   0.11323422    1.7720488 
   34000    1.4925759   0.11708428    1.7314499 
   35000    1.4708612   0.10965967    1.6648616 
   36000    1.5387255   0.10015369    1.7769112 
   37000     1.450746   0.10699282    1.6582872 
   38000    1.5758499   0.11981349     1.821044 
   39000    1.4915457    0.1102678    1.7229689 
   40000    1.4872983   0.11197135    1.6989704 
   41000    1.5650644   0.12572494    1.8157985 
   42000    1.4627496   0.10314199    1.6685699 
   43000    1.5161538   0.11217697    1.7352129 
   44000    1.5062639   0.11718228    1.7117469 
   45000    1.4925071   0.11073199    1.6987477 
   46000    1.5030215   0.11358466    1.7322425 
   47000    1.4715853    0.1053725    1.6638235 
   48000    1.5190832   0.10353786    1.7539376 
   49000    1.4396816    0.1053588    1.6504703 
   50000    1.4879756   0.10931809    1.7272144 
Loop time of 6.60461 on 1 procs for 50000 steps with 1331 atoms

Performance: 2616353.872 tau/day, 7570.468 timesteps/s
99.7% CPU use with 1 MPI tasks x no OpenMP threads

MPI task timing breakdown:
Section |  min time  |  avg time  |  max time  |%varavg| %total
---------------------------------------------------------------
Pair    | 3.7859     | 3.7859     | 3.7859     |   0.0 | 57.32
Neigh   | 1.5525     | 1.5525     | 1.5525     |   0.0 | 23.51
Comm    | 0.31552    | 0.31552    | 0.31552    |   0.0 |  4.78
Output  | 0.023036   | 0.023036   | 0.023036   |   0.0 |  0.35
Modify  | 0.84227    | 0.84227    | 0.84227    |   0.0 | 12.75
Other   |            | 0.08537    |            |       |  1.29

Nlocal:    1331 ave 1331 max 1331 min
Histogram: 1 0 0 0 0 0 0 0 0 0
Nghost:    1080 ave 1080 max 1080 min
Histogram: 1 0 0 0 0 0 0 0 0 0
Neighs:    5318 ave 5318 max 5318 min
Histogram: 1 0 0 0 0 0 0 0 0 0

Total # of neighbors = 5318
Ave neighs/atom = 3.99549
Neighbor list builds = 2500
Dangerous builds not checked

write_restart NVT/sim1/T_1.50__v_12.17/end1.restart
Total wall time: 0:00:06
