run 50000
Neighbor list info ...
  update every 20 steps, delay 0 steps, check no
  max neighbors/atom: 2000, page size: 100000
  master list distance cutoff = 2.8
  ghost atom cutoff = 2.8
  binsize = 1.4, bins = 10 10 10
  1 neighbor lists, perpetual/occasional/extra = 1 0 0
  (1) pair lj/cut, perpetual
      attributes: half, newton on
      pair build: half/bin/atomonly/newton
      stencil: half/bin/3d/newton
      bin: standard
Per MPI rank memory allocation (min/avg/max) = 2.742 | 2.742 | 2.742 Mbytes
Step Temp Press TotEng 
       0          0.4   -1.9445284   -2.6304221 
    1000   0.59811327 -0.067059422   -3.1871552 
    2000   0.56529137  -0.11830212   -3.8264586 
    3000   0.47564512  -0.19804083   -4.3167205 
    4000   0.41278585  -0.21357727   -4.6177452 
    5000   0.37236604  -0.22503884   -4.7623915 
    6000   0.39151567  -0.19427778   -4.7610372 
    7000   0.40306064 -0.049189225   -4.7025982 
    8000   0.40567447 -0.090669129   -4.7223943 
    9000   0.41074613  -0.14325147   -4.7708055 
   10000   0.40849488  -0.13634138   -4.7832895 
   11000   0.39889211   -0.1587556   -4.7575185 
   12000   0.40570265  -0.18686616   -4.7347264 
   13000   0.39508507  -0.17827465   -4.7514584 
   14000   0.39429158  -0.20319888    -4.762508 
   15000   0.39523929  -0.11402644    -4.733202 
   16000   0.40083441  -0.19959056    -4.727335 
   17000   0.38718556  -0.10051477   -4.7456483 
   18000   0.39157759  -0.15814405   -4.7521976 
   19000   0.38954344  -0.11205899   -4.7476161 
   20000    0.3928498  -0.22547613   -4.7400959 
   21000   0.41016425  -0.15177301   -4.7339428 
   22000   0.40495099  -0.13982892   -4.7649709 
   23000   0.39821659  -0.16925001    -4.721995 
   24000   0.39944135 -0.090333215   -4.7008357 
   25000   0.39933946 -0.093525308   -4.7548114 
   26000   0.39262914  -0.20148171   -4.7570105 
   27000   0.39232504 -0.053782284    -4.708886 
   28000   0.39096819  -0.18260062   -4.7464792 
   29000   0.40051941   -0.1599756   -4.7500177 
   30000   0.40257684  -0.14420506   -4.7158707 
   31000    0.4158971  -0.25619767   -4.7428043 
   32000    0.4025133  -0.13079337   -4.7636478 
   33000   0.40372739 -0.093989854   -4.7335367 
   34000   0.41154226  -0.12864142   -4.6937858 
   35000   0.40668296  -0.13513327   -4.7159817 
   36000   0.40159841   -0.1377091   -4.7449361 
   37000   0.39669085  -0.14208417   -4.7756068 
   38000   0.38945727  -0.22467283   -4.7732046 
   39000   0.39936578  -0.10544581   -4.7412573 
   40000   0.39161351  -0.15621599   -4.7557828 
   41000   0.39224272 -0.048216302   -4.7890982 
   42000   0.40891318  -0.13089736   -4.7549397 
   43000   0.38936206  -0.10359951   -4.7265671 
   44000   0.39915387    -0.172677   -4.6953504 
   45000   0.40057947  -0.26243613   -4.7161697 
   46000    0.3953002  -0.27193181    -4.736339 
   47000   0.40375933   -0.1801682   -4.7327681 
   48000   0.41060216  -0.19353163   -4.7382009 
   49000   0.38755928  -0.15925639   -4.7759945 
   50000   0.40019139  -0.22223706   -4.7482231 
Loop time of 37.6405 on 1 procs for 50000 steps with 1331 atoms

Performance: 459080.133 tau/day, 1328.357 timesteps/s
99.7% CPU use with 1 MPI tasks x no OpenMP threads

MPI task timing breakdown:
Section |  min time  |  avg time  |  max time  |%varavg| %total
---------------------------------------------------------------
Pair    | 31.484     | 31.484     | 31.484     |   0.0 | 83.65
Neigh   | 4.5922     | 4.5922     | 4.5922     |   0.0 | 12.20
Comm    | 0.3247     | 0.3247     | 0.3247     |   0.0 |  0.86
Output  | 0.02757    | 0.02757    | 0.02757    |   0.0 |  0.07
Modify  | 1.1053     | 1.1053     | 1.1053     |   0.0 |  2.94
Other   |            | 0.1063     |            |       |  0.28

Nlocal:    1331 ave 1331 max 1331 min
Histogram: 1 0 0 0 0 0 0 0 0 0
Nghost:    868 ave 868 max 868 min
Histogram: 1 0 0 0 0 0 0 0 0 0
Neighs:    44350 ave 44350 max 44350 min
Histogram: 1 0 0 0 0 0 0 0 0 0

Total # of neighbors = 44350
Ave neighs/atom = 33.3208
Neighbor list builds = 2500
Dangerous builds not checked

write_restart NVT/sim1/T_0.40__v_1.73/end1.restart
Total wall time: 0:00:37
