run 50000
Neighbor list info ...
  update every 20 steps, delay 0 steps, check no
  max neighbors/atom: 2000, page size: 100000
  master list distance cutoff = 2.8
  ghost atom cutoff = 2.8
  binsize = 1.4, bins = 10 10 10
  1 neighbor lists, perpetual/occasional/extra = 1 0 0
  (1) pair lj/cut, perpetual
      attributes: half, newton on
      pair build: half/bin/atomonly/newton
      stencil: half/bin/3d/newton
      bin: standard
Per MPI rank memory allocation (min/avg/max) = 2.732 | 2.732 | 2.732 Mbytes
Step Temp Press TotEng 
       0          0.5   -0.8335878   -3.3895159 
    1000   0.63282333  -0.10784173   -3.5413228 
    2000   0.58626334  -0.16966736   -3.8887488 
    3000   0.54222465  -0.38021588   -4.1631086 
    4000   0.51596002  -0.40490098   -4.3400589 
    5000   0.47687184  -0.20208464   -4.4219794 
    6000   0.50672609  -0.32833308   -4.3695719 
    7000   0.52594094  -0.28274015   -4.3280884 
    8000   0.50633603  -0.14311781    -4.400256 
    9000   0.48170909  -0.36434699   -4.4411834 
   10000    0.4934057  -0.43660804    -4.365595 
   11000   0.52444675  -0.33258937   -4.3286084 
   12000   0.51219084  -0.25107482   -4.3772501 
   13000   0.48415797  -0.32559923   -4.3939388 
   14000   0.50047641  -0.25136375   -4.3606138 
   15000   0.49673718  -0.27643331   -4.3581668 
   16000   0.48487764  -0.25263033   -4.3964002 
   17000   0.48753373  -0.31556184   -4.3589292 
   18000   0.50218642  -0.15369332   -4.3219307 
   19000   0.49753438   -0.2124897   -4.3897997 
   20000   0.47985261  -0.17981769   -4.3846303 
   21000   0.52615604  -0.29927454   -4.3403779 
   22000   0.49558566  -0.20403813    -4.365654 
   23000   0.47609093  -0.27358421   -4.4301677 
   24000   0.49788849  -0.22308752   -4.3757977 
   25000   0.51807639  -0.29290618   -4.3785417 
   26000   0.51383482  -0.28760254   -4.3922243 
   27000   0.51552467  -0.38631577    -4.334307 
   28000   0.50075622  -0.26435958   -4.3654422 
   29000   0.48495581  -0.38405724   -4.4138148 
   30000   0.50636932  -0.31289009   -4.3686949 
   31000   0.51748284  -0.24183708   -4.3117977 
   32000   0.51569861  -0.20255763   -4.3087712 
   33000   0.49837637   -0.3124172   -4.3530536 
   34000   0.50446664  -0.23542957    -4.348183 
   35000   0.51686259  -0.13000305   -4.3076138 
   36000   0.52316857 -0.090399113   -4.3601513 
   37000   0.47507449  -0.18485817   -4.4022709 
   38000   0.51273763  -0.28120885   -4.3680866 
   39000   0.50180205  -0.28632215   -4.3412168 
   40000   0.49751929  -0.23182572   -4.3980686 
   41000   0.50068928  -0.12316351   -4.4095771 
   42000   0.49394738  -0.27016392   -4.3904191 
   43000   0.51475551  -0.38630734   -4.3485713 
   44000   0.49067619  -0.27839275    -4.406394 
   45000   0.48263991  -0.27418799   -4.4125997 
   46000   0.50357652  -0.31480498   -4.3684505 
   47000   0.52277805  -0.26582035   -4.3370464 
   48000   0.50861616  -0.24608465   -4.3082532 
   49000    0.5085072  -0.25375872   -4.3708729 
   50000   0.48750259  -0.26744064   -4.3921295 
Loop time of 31.5513 on 1 procs for 50000 steps with 1331 atoms

Performance: 547680.207 tau/day, 1584.723 timesteps/s
99.9% CPU use with 1 MPI tasks x no OpenMP threads

MPI task timing breakdown:
Section |  min time  |  avg time  |  max time  |%varavg| %total
---------------------------------------------------------------
Pair    | 26.188     | 26.188     | 26.188     |   0.0 | 83.00
Neigh   | 3.9902     | 3.9902     | 3.9902     |   0.0 | 12.65
Comm    | 0.39965    | 0.39965    | 0.39965    |   0.0 |  1.27
Output  | 0.026016   | 0.026016   | 0.026016   |   0.0 |  0.08
Modify  | 0.84734    | 0.84734    | 0.84734    |   0.0 |  2.69
Other   |            | 0.09997    |            |       |  0.32

Nlocal:    1331 ave 1331 max 1331 min
Histogram: 1 0 0 0 0 0 0 0 0 0
Nghost:    1669 ave 1669 max 1669 min
Histogram: 1 0 0 0 0 0 0 0 0 0
Neighs:    44707 ave 44707 max 44707 min
Histogram: 1 0 0 0 0 0 0 0 0 0

Total # of neighbors = 44707
Ave neighs/atom = 33.589
Neighbor list builds = 2500
Dangerous builds not checked

write_restart NVT/sim1/T_0.50__v_1.33/end1.restart
Total wall time: 0:00:31
