run 50000
Neighbor list info ...
  update every 20 steps, delay 0 steps, check no
  max neighbors/atom: 2000, page size: 100000
  master list distance cutoff = 2.8
  ghost atom cutoff = 2.8
  binsize = 1.4, bins = 16 16 16
  1 neighbor lists, perpetual/occasional/extra = 1 0 0
  (1) pair lj/cut, perpetual
      attributes: half, newton on
      pair build: half/bin/atomonly/newton
      stencil: half/bin/3d/newton
      bin: standard
Per MPI rank memory allocation (min/avg/max) = 2.7 | 2.7 | 2.7 Mbytes
Step Temp Press Volume Density PotEng KinEng TotEng 
       0          1.7   0.16693019        10648        0.125  -0.13561964    2.5480841    2.4124645 
    1000    2.3532298   0.57046184     6177.332   0.21546519   -1.0533907    3.5271927     2.473802 
    2000    2.0957888   0.63629952    4381.7994   0.30375649   -1.5867274    3.1413214     1.554594 
    3000    1.8876431   0.83791577    3369.2732   0.39504069   -2.0892328    2.8293374   0.74010458 
    4000     1.812359   0.92743857    2751.5738   0.48372317    -2.605334    2.7164961   0.11116205 
    5000    1.7397412    1.3351526    2383.0102   0.55853726   -2.9884546    2.6076512   -0.3808034 
    6000    1.6874687    1.6329148    2186.9508   0.60860993   -3.2949296    2.5293013  -0.76562828 
    7000    1.6653717    1.8223188    2104.4339   0.63247413   -3.3845724    2.4961807  -0.88839173 
    8000    1.6758129     2.045087    2105.9043   0.63203253   -3.3439956    2.5118308  -0.83216485 
    9000    1.6770558    1.9277312    2126.6763   0.62585922   -3.3401385    2.5136937  -0.82644484 
   10000    1.7026694    1.8511088    2120.7728   0.62760141   -3.3490642    2.5520853  -0.79697896 
   11000    1.7121113     1.735201     2126.287   0.62597382   -3.3705705    2.5662375  -0.80433302 
   12000    1.7065146    1.8283346    2120.7462   0.62760928     -3.37404    2.5578488  -0.81619119 
   13000    1.7105541     1.660551    2116.2681   0.62893731   -3.4051278    2.5639035  -0.84122433 
   14000    1.7394587    1.7998089    2113.9378   0.62963064   -3.3984317    2.6072277  -0.79120401 
   15000    1.6669781    1.6758759    2141.4905   0.62152973   -3.3487781    2.4985886   -0.8501895 
   16000    1.6309854    1.6315016    2151.6875   0.61858426   -3.3237392      2.44464  -0.87909915 
   17000    1.6987109    1.8095735    2124.6893   0.62644453   -3.3735184    2.5461519  -0.82736649 
   18000    1.7689314    1.9882854    2094.1853   0.63556935   -3.4156372    2.6514036  -0.76423362 
   19000    1.7517957    2.0098238    2102.7752   0.63297304   -3.3866965    2.6257194   -0.7609771 
   20000    1.6828915    1.7396318    2132.6695   0.62410045   -3.3742095    2.5224406  -0.85176884 
   21000    1.6784444    1.7697588    2126.5738   0.62588939   -3.3870556     2.515775  -0.87128062 
   22000    1.7070146    1.7643318    2122.2115   0.62717596   -3.3681874    2.5585981  -0.80958929 
   23000    1.7403912    1.9991928    2118.3684   0.62831376     -3.31887    2.6086255  -0.71024456 
   24000     1.721826    1.6954127    2121.7097   0.62732428   -3.3812557    2.5807986  -0.80045714 
   25000    1.6441885    1.8000664    2102.4161   0.63308116   -3.4170166    2.4644297  -0.95258684 
   26000    1.6770229    1.7642126    2123.4161   0.62682015   -3.3539199    2.5136445  -0.84027549 
   27000    1.7113713    1.7931031    2135.2119   0.62335732   -3.3509168    2.5651283  -0.78578847 
   28000    1.6830962    1.9714515    2113.2954   0.62982204   -3.3494245    2.5227476  -0.82667691 
   29000    1.6547423    1.8553356    2065.1736   0.64449789   -3.4840729    2.4802486   -1.0038243 
   30000    1.6607049    1.5483621    2125.2763   0.62627153   -3.4426451    2.4891858  -0.95345932 
   31000    1.6709855    1.7976655    2131.7935    0.6243569   -3.3592995     2.504595  -0.85470446 
   32000    1.7531118    1.8997474    2118.8143   0.62818154   -3.3599881    2.6276921  -0.73229607 
   33000    1.7632663    2.0736645    2119.8989   0.62786012   -3.3321695    2.6429123  -0.68925717 
   34000    1.7077791    1.8546756    2108.8894   0.63113788   -3.3941939     2.559744   -0.8344499 
   35000    1.6319037    1.7627013    2106.8677   0.63174351   -3.4102007    2.4460164  -0.96418431 
   36000    1.6637699    1.6002002     2162.979   0.61535501    -3.319805    2.4937798  -0.82602521 
   37000    1.7197324    1.6716302    2138.5412   0.62238688   -3.3586073    2.5776605  -0.78094686 
   38000    1.7309696    1.8692669    2109.7034   0.63089437   -3.3990015    2.5945036  -0.80449785 
   39000    1.7634079    1.8109275    2099.7337   0.63388992   -3.4484655    2.6431245  -0.80534095 
   40000    1.7015236    1.7512905    2086.6037   0.63787868   -3.4613433    2.5503678  -0.91097554 
   41000    1.7058683    1.6756347    2146.1255    0.6201874   -3.3517283      2.55688  -0.79484823 
   42000    1.7203698    1.8274122    2140.7465   0.62174574   -3.3612448    2.5786159   -0.7826289 
   43000    1.7130516    1.9304307    2102.0586   0.63318881   -3.3807605    2.5676468  -0.81311369 
   44000    1.6364741    2.1748592    2065.1974   0.64449045   -3.4176966    2.4528669  -0.96482974 
   45000    1.6476272    1.7663648    2087.8737   0.63749068    -3.453829     2.469584    -0.984245 
   46000    1.6565267    1.9745666    2119.2334   0.62805729   -3.3184033    2.4829232  -0.83548013 
   47000    1.7171821    1.8834383    2134.4416   0.62358231   -3.3137693    2.5738379  -0.73993143 
   48000    1.7436944    1.7326557    2137.6932   0.62263377   -3.3677879    2.6135766  -0.75421133 
   49000    1.6812693    1.6048603    2111.5748   0.63033524    -3.428447    2.5200092  -0.90843784 
   50000    1.6534568    1.5820422    2128.6072   0.62529151   -3.4294974    2.4783218  -0.95117564 
Loop time of 35.9766 on 1 procs for 50000 steps with 1331 atoms

Performance: 480312.716 tau/day, 1389.794 timesteps/s
99.9% CPU use with 1 MPI tasks x no OpenMP threads

MPI task timing breakdown:
Section |  min time  |  avg time  |  max time  |%varavg| %total
---------------------------------------------------------------
Pair    | 28.029     | 28.029     | 28.029     |   0.0 | 77.91
Neigh   | 4.5313     | 4.5313     | 4.5313     |   0.0 | 12.60
Comm    | 0.80096    | 0.80096    | 0.80096    |   0.0 |  2.23
Output  | 0.025849   | 0.025849   | 0.025849   |   0.0 |  0.07
Modify  | 2.4212     | 2.4212     | 2.4212     |   0.0 |  6.73
Other   |            | 0.168      |            |       |  0.47

Nlocal:    1331 ave 1331 max 1331 min
Histogram: 1 0 0 0 0 0 0 0 0 0
Nghost:    2650 ave 2650 max 2650 min
Histogram: 1 0 0 0 0 0 0 0 0 0
Neighs:    37618 ave 37618 max 37618 min
Histogram: 1 0 0 0 0 0 0 0 0 0

Total # of neighbors = 37618
Ave neighs/atom = 28.263
Neighbor list builds = 2500
Dangerous builds not checked

write_restart lattice_11_11_11__2_2_2/sim1/T_1.70__P_1.80/end1.restart
Total wall time: 0:00:35
