run 50000
Neighbor list info ...
  update every 20 steps, delay 0 steps, check no
  max neighbors/atom: 2000, page size: 100000
  master list distance cutoff = 2.8
  ghost atom cutoff = 2.8
  binsize = 1.4, bins = 10 10 10
  1 neighbor lists, perpetual/occasional/extra = 1 0 0
  (1) pair lj/cut, perpetual
      attributes: half, newton on
      pair build: half/bin/atomonly/newton
      stencil: half/bin/3d/newton
      bin: standard
Per MPI rank memory allocation (min/avg/max) = 2.732 | 2.732 | 2.732 Mbytes
Step Temp Press TotEng 
       0          0.7  -0.71251361   -3.0897413 
    1000   0.71670316  -0.21241438   -2.9860556 
    2000   0.72423068  -0.26101838   -3.1051489 
    3000    0.7010022  -0.22504426   -3.2146364 
    4000   0.69664309  -0.33535339   -3.2844137 
    5000    0.6786376  -0.26039683   -3.3390231 
    6000   0.65262862  -0.21125744    -3.387768 
    7000    0.7134491  -0.24348234   -3.3137759 
    8000   0.67156806   -0.3112745   -3.3297589 
    9000    0.6966431  0.025386436    -3.391442 
   10000   0.72552892  -0.14651547   -3.3738309 
   11000   0.70367026 -0.079220551   -3.3472471 
   12000   0.72193314  -0.13273581   -3.3064268 
   13000   0.70982176  -0.11098417   -3.2956721 
   14000    0.6937338  -0.16321353   -3.2919623 
   15000   0.66862608  -0.31962654   -3.3522271 
   16000   0.68744526  -0.30987172   -3.3455418 
   17000   0.72286655  -0.15318784   -3.2751908 
   18000   0.70031027  -0.23990597   -3.3259324 
   19000   0.68294059  -0.16048508   -3.3139328 
   20000   0.67858636  -0.14435849   -3.2956688 
   21000   0.69872522  -0.03699697   -3.3309577 
   22000   0.70024892  -0.12465381   -3.3781128 
   23000   0.68873331  -0.29356266    -3.335773 
   24000   0.68733958  -0.15147154   -3.3101237 
   25000   0.69205322  -0.18655922   -3.3524683 
   26000   0.69342734  -0.12193042   -3.4177328 
   27000   0.69583892  -0.16157112   -3.3545151 
   28000   0.70561827  -0.13567677   -3.2989382 
   29000   0.69184402  -0.27211611   -3.3075963 
   30000   0.69866186  -0.21060391   -3.3917379 
   31000    0.7122064    -0.137351   -3.3647117 
   32000    0.6922054  -0.19111247   -3.3176402 
   33000   0.69895118  -0.12043928   -3.3714707 
   34000   0.68172841  -0.28150378   -3.3773248 
   35000   0.69606739  -0.17704162   -3.3216039 
   36000   0.71955242  -0.18171677   -3.2508489 
   37000   0.68826596  -0.23458553   -3.2666248 
   38000   0.69087029  -0.24133339   -3.2934686 
   39000   0.68513488  -0.23841327   -3.3405802 
   40000   0.68979739  -0.23884337   -3.2886688 
   41000   0.69056263  -0.25344172   -3.2736106 
   42000   0.66823189    0.0127339   -3.3639613 
   43000   0.69351034 -0.067123649   -3.3488981 
   44000   0.70433305  -0.17255486   -3.2907226 
   45000   0.72814437  -0.21263641   -3.2915337 
   46000   0.70711331  -0.12775285   -3.3379162 
   47000   0.70651606  -0.19074465   -3.3824382 
   48000   0.68341711  -0.14452257    -3.444381 
   49000   0.69376076  -0.18747982   -3.4623957 
   50000   0.70488335  -0.10064639   -3.3954495 
Loop time of 29.6596 on 1 procs for 50000 steps with 1331 atoms

Performance: 582611.383 tau/day, 1685.797 timesteps/s
99.9% CPU use with 1 MPI tasks x no OpenMP threads

MPI task timing breakdown:
Section |  min time  |  avg time  |  max time  |%varavg| %total
---------------------------------------------------------------
Pair    | 24.256     | 24.256     | 24.256     |   0.0 | 81.78
Neigh   | 3.942      | 3.942      | 3.942      |   0.0 | 13.29
Comm    | 0.4787     | 0.4787     | 0.4787     |   0.0 |  1.61
Output  | 0.025327   | 0.025327   | 0.025327   |   0.0 |  0.09
Modify  | 0.85002    | 0.85002    | 0.85002    |   0.0 |  2.87
Other   |            | 0.1079     |            |       |  0.36

Nlocal:    1331 ave 1331 max 1331 min
Histogram: 1 0 0 0 0 0 0 0 0 0
Nghost:    1952 ave 1952 max 1952 min
Histogram: 1 0 0 0 0 0 0 0 0 0
Neighs:    41412 ave 41412 max 41412 min
Histogram: 1 0 0 0 0 0 0 0 0 0

Total # of neighbors = 41412
Ave neighs/atom = 31.1134
Neighbor list builds = 2500
Dangerous builds not checked

write_restart NVT/sim1/T_0.70__v_1.33/end1.restart
Total wall time: 0:00:29
