run 50000
Neighbor list info ...
  update every 20 steps, delay 0 steps, check no
  max neighbors/atom: 2000, page size: 100000
  master list distance cutoff = 2.8
  ghost atom cutoff = 2.8
  binsize = 1.4, bins = 8 8 8
  1 neighbor lists, perpetual/occasional/extra = 1 0 0
  (1) pair lj/cut, perpetual
      attributes: half, newton on
      pair build: half/bin/atomonly/newton
      stencil: half/bin/3d/newton
      bin: standard
Per MPI rank memory allocation (min/avg/max) = 2.797 | 2.797 | 2.797 Mbytes
Step Temp Press TotEng 
       0          1.6     106.3795    15.515088 
    1000    3.5250568    25.783515    2.9225315 
    2000    1.9078796    15.423141   -1.2869535 
    3000    1.4333092    12.232496    -2.515741 
    4000    1.5965823    13.468476   -2.0648893 
    5000    1.6980754    14.343883   -1.7633692 
    6000     1.517206     12.69489   -2.3179479 
    7000    1.5937697    13.323355    -2.092489 
    8000    1.6707612    14.004858   -1.8701076 
    9000    1.5289749    13.030352   -2.2409732 
   10000    1.5672011    13.527257   -2.0843986 
   11000     1.654811    14.075687   -1.8771203 
   12000    1.5692109    12.925184   -2.2102859 
   13000      1.60782    13.263499   -2.0961975 
   14000    1.6728898    13.891942   -1.8788914 
   15000    1.5658611     12.98782   -2.1952942 
   16000    1.6072591    13.026404   -2.1334137 
   17000    1.6245317    14.073288   -1.8996862 
   18000    1.5571604    13.282245   -2.1727244 
   19000    1.5844129      13.0903   -2.1505294 
   20000    1.6797369    13.662961   -1.9210363 
   21000     1.536613    13.446053   -2.1599751 
   22000    1.5804801    13.334502   -2.1081767 
   23000    1.6338494    13.846086   -1.9554466 
   24000    1.6043764    13.230511   -2.1131729 
   25000    1.5515678    13.566282   -2.0972456 
   26000    1.6152773     13.57872    -2.014709 
   27000    1.5668095    13.499718   -2.1030683 
   28000    1.6147917    13.289046   -2.0825589 
   29000    1.6236234      13.4342   -2.0360963 
   30000    1.5917281    13.318379   -2.0972787 
   31000    1.6053921     13.28887   -2.0891408 
   32000    1.6530788    13.276302   -2.0267601 
   33000    1.6015622    13.505302   -2.0552585 
   34000     1.537198    13.607636   -2.1193142 
   35000    1.5768247     13.91317    -2.000641 
   36000    1.6051451    13.379431    -2.080642 
   37000    1.5924269    13.227045   -2.1154606 
   38000    1.5736146      13.8598    -2.023534 
   39000    1.5886279    13.696646   -2.0386046 
   40000    1.5712333    13.527807   -2.0869291 
   41000    1.5682554    13.507475   -2.0988978 
   42000    1.5881064      13.5644   -2.0591408 
   43000    1.6001784    13.452265   -2.0574913 
   44000    1.5951837    13.364514   -2.0896221 
   45000    1.6222682    13.308672   -2.0687988 
   46000    1.5820893    13.555682   -2.0656384 
   47000    1.6120251    13.406677   -2.0537716 
   48000     1.599262    13.434043   -2.0608312 
   49000    1.5996554    13.555112   -2.0488501 
   50000     1.600884    13.335604   -2.0833834 
Loop time of 43.3137 on 1 procs for 50000 steps with 1331 atoms

Performance: 398949.892 tau/day, 1154.369 timesteps/s
100.0% CPU use with 1 MPI tasks x no OpenMP threads

MPI task timing breakdown:
Section |  min time  |  avg time  |  max time  |%varavg| %total
---------------------------------------------------------------
Pair    | 36.201     | 36.201     | 36.201     |   0.0 | 83.58
Neigh   | 5.2333     | 5.2333     | 5.2333     |   0.0 | 12.08
Comm    | 0.76457    | 0.76457    | 0.76457    |   0.0 |  1.77
Output  | 0.026076   | 0.026076   | 0.026076   |   0.0 |  0.06
Modify  | 0.85515    | 0.85515    | 0.85515    |   0.0 |  1.97
Other   |            | 0.2335     |            |       |  0.54

Nlocal:    1331 ave 1331 max 1331 min
Histogram: 1 0 0 0 0 0 0 0 0 0
Nghost:    3228 ave 3228 max 3228 min
Histogram: 1 0 0 0 0 0 0 0 0 0
Neighs:    60077 ave 60077 max 60077 min
Histogram: 1 0 0 0 0 0 0 0 0 0

Total # of neighbors = 60077
Ave neighs/atom = 45.1367
Neighbor list builds = 2500
Dangerous builds not checked

write_restart NVT/sim1/T_1.60__v_0.73/end1.restart
Total wall time: 0:00:43
