run 50000
Neighbor list info ...
  update every 20 steps, delay 0 steps, check no
  max neighbors/atom: 2000, page size: 100000
  master list distance cutoff = 2.8
  ghost atom cutoff = 2.8
  binsize = 1.4, bins = 11 11 11
  1 neighbor lists, perpetual/occasional/extra = 1 0 0
  (1) pair lj/cut, perpetual
      attributes: half, newton on
      pair build: half/bin/atomonly/newton
      stencil: half/bin/3d/newton
      bin: standard
Per MPI rank memory allocation (min/avg/max) = 2.735 | 2.735 | 2.735 Mbytes
Step Temp Press TotEng 
       0          1.2   -1.0567294  -0.42822294 
    1000    1.1943367   0.17384507  -0.57911419 
    2000    1.2068297   0.16346968  -0.56373623 
    3000    1.2242224   0.21659269  -0.56197506 
    4000    1.1841186   0.15213386  -0.66688388 
    5000    1.2144473   0.13864089  -0.53973537 
    6000    1.2213826    0.0950244  -0.58161284 
    7000    1.1531087   0.23204775  -0.67344271 
    8000     1.240558   0.19437625  -0.52799373 
    9000    1.1918519   0.20304082   -0.6080726 
   10000    1.2155022   0.24825058  -0.53880328 
   11000    1.1861635   0.19312182  -0.58349374 
   12000     1.178539   0.17104802  -0.57571918 
   13000    1.1701229   0.13774457  -0.58992426 
   14000    1.2276021   0.22099782  -0.54156887 
   15000    1.1715114   0.20098433  -0.61747125 
   16000    1.1914557   0.15518367  -0.57894542 
   17000    1.2109832   0.20043344  -0.58680958 
   18000    1.1438118   0.21405744   -0.6722481 
   19000     1.248778   0.17782117  -0.52032969 
   20000    1.1960987   0.12865301  -0.62627229 
   21000    1.2148691   0.26489271  -0.50772961 
   22000    1.2298828   0.24689983  -0.56819949 
   23000    1.2003916   0.25048049  -0.62628761 
   24000    1.2350804   0.25408649  -0.48801116 
   25000    1.2045809   0.12504738    -0.571155 
   26000     1.206067   0.19101524  -0.58859264 
   27000    1.2166656   0.17217311  -0.53691008 
   28000    1.1760062   0.10776084  -0.63230278 
   29000    1.2239179   0.17942214  -0.50472986 
   30000    1.2067457   0.17163975  -0.58785663 
   31000    1.1765019   0.17555928  -0.58074743 
   32000     1.244047   0.30539232  -0.51662129 
   33000    1.1870461   0.20983139  -0.56562462 
   34000    1.2059822   0.24069535  -0.53584661 
   35000    1.1869649   0.27101091  -0.64446967 
   36000     1.208657   0.20724593   -0.5929028 
   37000    1.1755293   0.18882745  -0.58827187 
   38000    1.2490463   0.19499308  -0.51233572 
   39000    1.1921861   0.17613148  -0.62001679 
   40000    1.1796515   0.26454372   -0.6266243 
   41000    1.2307443   0.20268133  -0.53247417 
   42000    1.1402726  0.088272221  -0.67221913 
   43000    1.2355486   0.13652889    -0.549591 
   44000    1.1800988   0.13991993   -0.6239672 
   45000    1.2138774   0.15248052  -0.55084911 
   46000    1.2197846   0.20175076  -0.51415508 
   47000    1.1863945   0.15983134  -0.58854377 
   48000    1.1960516  0.057647739  -0.64633179 
   49000    1.2215938  0.080624794  -0.62761568 
   50000    1.1764479    0.2871166  -0.57180545 
Loop time of 20.116 on 1 procs for 50000 steps with 1331 atoms

Performance: 859018.706 tau/day, 2485.587 timesteps/s
99.9% CPU use with 1 MPI tasks x no OpenMP threads

MPI task timing breakdown:
Section |  min time  |  avg time  |  max time  |%varavg| %total
---------------------------------------------------------------
Pair    | 15.283     | 15.283     | 15.283     |   0.0 | 75.98
Neigh   | 3.3104     | 3.3104     | 3.3104     |   0.0 | 16.46
Comm    | 0.54314    | 0.54314    | 0.54314    |   0.0 |  2.70
Output  | 0.022819   | 0.022819   | 0.022819   |   0.0 |  0.11
Modify  | 0.84502    | 0.84502    | 0.84502    |   0.0 |  4.20
Other   |            | 0.1114     |            |       |  0.55

Nlocal:    1331 ave 1331 max 1331 min
Histogram: 1 0 0 0 0 0 0 0 0 0
Nghost:    2117 ave 2117 max 2117 min
Histogram: 1 0 0 0 0 0 0 0 0 0
Neighs:    24403 ave 24403 max 24403 min
Histogram: 1 0 0 0 0 0 0 0 0 0

Total # of neighbors = 24403
Ave neighs/atom = 18.3343
Neighbor list builds = 2500
Dangerous builds not checked

write_restart NVT/sim1/T_1.20__v_2.20/end1.restart
Total wall time: 0:00:20
