run 50000
Neighbor list info ...
  update every 20 steps, delay 0 steps, check no
  max neighbors/atom: 2000, page size: 100000
  master list distance cutoff = 2.8
  ghost atom cutoff = 2.8
  binsize = 1.4, bins = 18 18 18
  1 neighbor lists, perpetual/occasional/extra = 1 0 0
  (1) pair lj/cut, perpetual
      attributes: half, newton on
      pair build: half/bin/atomonly/newton
      stencil: half/bin/3d/newton
      bin: standard
Per MPI rank memory allocation (min/avg/max) = 2.711 | 2.711 | 2.711 Mbytes
Step Temp Press TotEng 
       0          0.4  0.018849575   0.55852636 
    1000   0.56485387   0.01569425   0.20335185 
    2000   0.51291924 0.0025163632  -0.24498097 
    3000   0.50422449 0.0058302292  -0.67167398 
    4000   0.53271224 -4.3277988e-05   -1.1449702 
    5000   0.51068312 0.0047363038   -1.6659218 
    6000   0.49239663 -0.0017253914   -2.1425481 
    7000   0.46278001 0.0012122584   -2.5747643 
    8000   0.44382003 -0.0066291699   -2.9228219 
    9000   0.41138024  0.016830524   -3.1832017 
   10000   0.40367007 0.0067727463    -3.350399 
   11000    0.3954261 0.0031033982   -3.4401442 
   12000   0.40264698 -0.0057068316    -3.417561 
   13000   0.40903759 0.0026092758   -3.4258054 
   14000   0.39899573 0.0044539635   -3.5023823 
   15000   0.39053696 -0.010863376   -3.5603234 
   16000    0.3964074 0.0047687382   -3.5696216 
   17000   0.40088652 0.0044041868   -3.5782817 
   18000   0.39582481  0.015634159   -3.6125381 
   19000   0.38875568 -0.0027662939   -3.6726322 
   20000    0.3974513 -0.010063837   -3.6818759 
   21000    0.4143849 -0.00018522269   -3.6561921 
   22000   0.39875149 -0.010051015   -3.6919998 
   23000   0.39840549 0.0044284733   -3.7158091 
   24000   0.40005025 -0.0029665734   -3.7490934 
   25000   0.40525076 -0.0081345951   -3.8083491 
   26000   0.39297285  0.012220387   -3.8426922 
   27000   0.39929026 -0.0040508706   -3.8219796 
   28000    0.4101478 0.0018616744   -3.7934809 
   29000   0.40084015 0.0068779672   -3.8181377 
   30000   0.39260889 0.00022054761    -3.846761 
   31000   0.39907014 -0.0038929648   -3.8436178 
   32000   0.39928105 -1.1853233e-05   -3.8841541 
   33000     0.409571 0.0090283544   -3.8858221 
   34000   0.40826134 0.0048591027   -3.8618905 
   35000   0.40417858 -0.0051694269   -3.8640723 
   36000   0.39968123 -0.012617379   -3.8630093 
   37000   0.39692083 0.0041961906   -3.8758734 
   38000   0.40047112 0.0063658742   -3.9398257 
   39000   0.39490353 0.0036869213   -3.9704463 
   40000   0.39367391 -0.0044252917   -4.0066069 
   41000   0.37791758   0.01030106   -4.0527761 
   42000   0.40630453  0.012088316    -4.033203 
   43000   0.40783513 -0.0057825953   -4.0433527 
   44000   0.39916413 0.0031352616   -4.0815696 
   45000   0.39805343 0.0028517468   -4.1057609 
   46000    0.3909708 -0.0019664808   -4.1287615 
   47000   0.40375092 -0.0069153416   -4.1204815 
   48000   0.41318437 -0.0019234562   -4.0981289 
   49000   0.39767766 -0.012467082   -4.1312351 
   50000   0.39631246 0.0025729054   -4.1458543 
Loop time of 20.5728 on 1 procs for 50000 steps with 1331 atoms

Performance: 839943.483 tau/day, 2430.392 timesteps/s
99.9% CPU use with 1 MPI tasks x no OpenMP threads

MPI task timing breakdown:
Section |  min time  |  avg time  |  max time  |%varavg| %total
---------------------------------------------------------------
Pair    | 16.667     | 16.667     | 16.667     |   0.0 | 81.02
Neigh   | 2.6299     | 2.6299     | 2.6299     |   0.0 | 12.78
Comm    | 0.30543    | 0.30543    | 0.30543    |   0.0 |  1.48
Output  | 0.024254   | 0.024254   | 0.024254   |   0.0 |  0.12
Modify  | 0.85807    | 0.85807    | 0.85807    |   0.0 |  4.17
Other   |            | 0.0877     |            |       |  0.43

Nlocal:    1331 ave 1331 max 1331 min
Histogram: 1 0 0 0 0 0 0 0 0 0
Nghost:    1098 ave 1098 max 1098 min
Histogram: 1 0 0 0 0 0 0 0 0 0
Neighs:    35904 ave 35904 max 35904 min
Histogram: 1 0 0 0 0 0 0 0 0 0

Total # of neighbors = 35904
Ave neighs/atom = 26.9752
Neighbor list builds = 2500
Dangerous builds not checked

write_restart NVT/sim1/T_0.40__v_12.17/end1.restart
Total wall time: 0:00:20
