run 50000
Neighbor list info ...
  update every 20 steps, delay 0 steps, check no
  max neighbors/atom: 2000, page size: 100000
  master list distance cutoff = 2.8
  ghost atom cutoff = 2.8
  binsize = 1.4, bins = 20 20 20
  1 neighbor lists, perpetual/occasional/extra = 1 0 0
  (1) pair lj/cut, perpetual
      attributes: half, newton on
      pair build: half/bin/atomonly/newton
      stencil: half/bin/3d/newton
      bin: standard
Per MPI rank memory allocation (min/avg/max) = 2.748 | 2.748 | 2.748 Mbytes
Step Temp Press TotEng 
       0          1.9   0.11311238    2.8355297 
    1000    1.9320045   0.10945104    2.5465231 
    2000    1.8795304   0.10881358    2.4427131 
    3000     1.951212   0.11252336    2.5637108 
    4000    1.8199665    0.1074193     2.392258 
    5000    1.9252959   0.10778814    2.5205074 
    6000    1.8822981   0.10361865    2.4552863 
    7000     1.929743   0.12036458    2.5531047 
    8000    1.8674714   0.10542095    2.4481877 
    9000    1.8866413   0.11298941    2.4916522 
   10000    1.8923249   0.10935069     2.493279 
   11000    1.8825036   0.10908345    2.4880518 
   12000    1.9194439   0.10740869    2.5216982 
   13000     1.867578   0.11112055    2.4493248 
   14000    1.9388274   0.11342243    2.5734696 
   15000    1.8597724   0.11033897    2.4565062 
   16000     1.983458   0.11737337    2.6389394 
   17000    1.8624683   0.10693644    2.4522852 
   18000    1.9461511   0.10859492    2.5443207 
   19000    1.8753139   0.10495852    2.4554071 
   20000    1.9254446   0.10982551     2.522558 
   21000    1.8982907   0.11018594     2.511264 
   22000    1.9200853   0.11069744    2.5374373 
   23000    1.9224468   0.10939711    2.5425444 
   24000    1.8778285   0.10974575    2.4963102 
   25000     1.928013   0.11043653    2.5506029 
   26000    1.8561858   0.10764022    2.4328413 
   27000    1.9262034   0.11189794    2.5309719 
   28000    1.8926916   0.10757209    2.4801973 
   29000    1.9838919    0.1180554    2.6716558 
   30000    1.8660418   0.10061309    2.4605527 
   31000    1.9587618   0.11314591    2.5727353 
   32000    1.8608174   0.10593318    2.4285413 
   33000    1.9070061   0.11180167    2.5363311 
   34000     1.904341   0.10335202    2.4959991 
   35000     1.886331    0.1077864    2.4791753 
   36000    1.9238547   0.10849156    2.5285373 
   37000    1.8484631  0.098625453    2.4079754 
   38000    1.9420951   0.11632518    2.5633744 
   39000    1.8917599   0.10582473    2.4697069 
   40000    1.8996175   0.10887173    2.4959208 
   41000    1.9012695   0.10805202    2.4972562 
   42000    1.8817766   0.10828079    2.4938897 
   43000    1.9833964   0.11081836    2.6385145 
   44000    1.8739184   0.10218562    2.4513828 
   45000    1.9442607   0.10925945    2.5539628 
   46000    1.8168633   0.10984823     2.389947 
   47000    1.9568855   0.11088159    2.5765485 
   48000    1.8799616   0.11809658    2.4697619 
   49000     1.951404   0.10969372    2.5814862 
   50000    1.9266815   0.11082639    2.5558752 
Loop time of 5.27373 on 1 procs for 50000 steps with 1331 atoms

Performance: 3276620.387 tau/day, 9480.962 timesteps/s
99.7% CPU use with 1 MPI tasks x no OpenMP threads

MPI task timing breakdown:
Section |  min time  |  avg time  |  max time  |%varavg| %total
---------------------------------------------------------------
Pair    | 2.8146     | 2.8146     | 2.8146     |   0.0 | 53.37
Neigh   | 1.2099     | 1.2099     | 1.2099     |   0.0 | 22.94
Comm    | 0.29429    | 0.29429    | 0.29429    |   0.0 |  5.58
Output  | 0.023412   | 0.023412   | 0.023412   |   0.0 |  0.44
Modify  | 0.85001    | 0.85001    | 0.85001    |   0.0 | 16.12
Other   |            | 0.08146    |            |       |  1.54

Nlocal:    1331 ave 1331 max 1331 min
Histogram: 1 0 0 0 0 0 0 0 0 0
Nghost:    950 ave 950 max 950 min
Histogram: 1 0 0 0 0 0 0 0 0 0
Neighs:    3693 ave 3693 max 3693 min
Histogram: 1 0 0 0 0 0 0 0 0 0

Total # of neighbors = 3693
Ave neighs/atom = 2.77461
Neighbor list builds = 2500
Dangerous builds not checked

write_restart NVT/sim1/T_1.90__v_17.58/end1.restart
Total wall time: 0:00:05
