run 50000
Neighbor list info ...
  update every 20 steps, delay 0 steps, check no
  max neighbors/atom: 2000, page size: 100000
  master list distance cutoff = 2.8
  ghost atom cutoff = 2.8
  binsize = 1.4, bins = 16 16 16
  1 neighbor lists, perpetual/occasional/extra = 1 0 0
  (1) pair lj/cut, perpetual
      attributes: half, newton on
      pair build: half/bin/atomonly/newton
      stencil: half/bin/3d/newton
      bin: standard
Per MPI rank memory allocation (min/avg/max) = 2.7 | 2.7 | 2.7 Mbytes
Step Temp Press Volume Density PotEng KinEng TotEng 
       0          0.8  0.054514712        10648        0.125  -0.13561964    1.1990984    1.0634788 
    1000    1.4357538   0.27677011    5154.7756   0.25820716   -1.4689223    2.1520126   0.68309026 
    2000    1.2363442   0.29209167    3282.2616   0.40551308   -2.3921254     1.853123  -0.53900241 
    3000    1.1066369   0.29279313    2313.7265   0.57526246   -3.3630052    1.6587082    -1.704297 
    4000     1.030433    1.0629447    1826.8606   0.72857229   -4.2492693    1.5444882   -2.7047811 
    5000   0.87767582    1.4795407    1639.0083   0.81207641   -4.8119465    1.3155246   -3.4964219 
    6000    0.7958799    1.5468377    1557.2586    0.8547071   -5.1665932    1.1929229   -3.9736703 
    7000   0.75532607    1.7027388     1533.869   0.86774034   -5.2501433    1.1321379   -4.1180055 
    8000   0.80077256    1.6346095    1560.0699   0.85316693   -5.1357045    1.2002564   -3.9354481 
    9000   0.81531328    1.7735875    1573.5621   0.84585159   -5.0523937    1.2220511   -3.8303426 
   10000   0.76812347    1.6911148    1557.0119   0.85484252    -5.137631    1.1513195   -3.9863115 
   11000    0.7881654    1.6256908    1542.8394   0.86269509   -5.2213892    1.1813599   -4.0400293 
   12000   0.80238317    1.5386108      1563.99   0.85102847   -5.1407322    1.2026705   -3.9380617 
   13000   0.82125903    1.5621362    1568.0217   0.84884032   -5.1044504     1.230963   -3.8734874 
   14000   0.79499738    1.5439422    1556.7154   0.85500533   -5.1618217    1.1916001   -3.9702215 
   15000    0.7947739    1.5374598    1546.3354   0.86074469   -5.2124541    1.1912652    -4.021189 
   16000   0.82666621    1.6402065    1550.7809   0.85827725   -5.1866253    1.2390677   -3.9475576 
   17000   0.80822892    1.6632527    1559.2567   0.85361187   -5.1443552    1.2114325   -3.9329227 
   18000   0.79454552    1.6134462    1555.4673   0.85569141   -5.1613626    1.1909229   -3.9704397 
   19000   0.80087484    1.5811684    1553.4306   0.85681331   -5.1817487    1.2004097    -3.981339 
   20000   0.81426034    1.5704657     1564.861   0.85055478   -5.1415413    1.2204729   -3.9210685 
   21000   0.83458444    1.4921921    1555.9289   0.85543755   -5.1864175    1.2509361   -3.9354814 
   22000   0.74975258    1.3814662    1565.3896   0.85026755   -5.1516367    1.1237839   -4.0278528 
   23000   0.81402451    1.9722594    1540.2479   0.86414662   -5.1721788    1.2201194   -3.9520594 
   24000   0.81622704    1.3435377    1565.2691   0.85033303   -5.1649517    1.2234207    -3.941531 
   25000   0.80018491    1.8070765    1556.0283   0.85538292   -5.1162939    1.1993756   -3.9169183 
   26000   0.78453169    1.4893797    1558.3665   0.85409945   -5.1711286    1.1759134   -3.9952152 
   27000   0.78773999    1.9071012    1539.6193   0.86449942   -5.1813002    1.1807222    -4.000578 
   28000   0.78524983    1.5319232    1567.0288   0.84937812   -5.1147756    1.1769898   -3.9377858 
   29000   0.80150309    1.7547432    1564.3808   0.85081587   -5.0829523    1.2013514   -3.8816009 
   30000   0.78086958      1.64532    1553.9971   0.85650096   -5.1708223    1.1704244    -4.000398 
   31000   0.78956755    1.6099845    1542.1384   0.86308728   -5.2292031    1.1834615   -4.0457416 
   32000   0.79046293    1.5324214    1560.7482   0.85279614   -5.1481067    1.1848036   -3.9633031 
   33000   0.81708871     1.665766    1566.7827   0.84951155   -5.1054349    1.2247122   -3.8807226 
   34000   0.81568451    1.4955336    1558.0267   0.85428572   -5.1744602    1.2226075   -3.9518527 
   35000   0.75736616     1.511417     1557.013   0.85484195   -5.1718316    1.1351957   -4.0366359 
   36000   0.80133088    1.9538494    1544.6288   0.86169568   -5.1454844    1.2010932   -3.9443912 
   37000   0.77604606    1.2676817    1585.1607   0.83966251   -5.0816131    1.1631945   -3.9184186 
   38000   0.79715286    1.7597657    1559.6444   0.85339966   -5.1172904    1.1948309   -3.9224595 
   39000   0.77397486      1.72706    1552.8387   0.85713988   -5.1557458      1.16009   -3.9956558 
   40000   0.80042161    1.7214475    1552.6609   0.85723806   -5.1555177    1.1997304   -3.9557873 
   41000   0.81385261    1.6230004     1562.451   0.85186672   -5.1231083    1.2198617   -3.9032466 
   42000   0.81688032    1.4728475    1559.7493   0.85334228   -5.1784286    1.2243999   -3.9540288 
   43000   0.81050875    1.6734471    1545.8116   0.86103637   -5.1944317    1.2148497    -3.979582 
   44000   0.78959733    1.4549512     1572.327     0.846516   -5.1177383    1.1835061   -3.9342322 
   45000   0.79791908    1.6970747    1557.4276   0.85461437   -5.1323186    1.1959794   -3.9363392 
   46000   0.79883491    1.6684642    1549.0859    0.8592164   -5.1922443    1.1973521   -3.9948922 
   47000   0.81898903    1.4468606    1562.9056   0.85161892   -5.1616936    1.2275606   -3.9341331 
   48000   0.81485831    1.5777679    1557.9182   0.85434526   -5.1602268    1.2213691   -3.9388577 
   49000   0.79112661    1.4369367    1549.7502    0.8588481   -5.2149114    1.1857983    -4.029113 
   50000   0.81345588    1.7881856    1548.9595   0.85928651   -5.1697672    1.2192671   -3.9505001 
Loop time of 38.4441 on 1 procs for 50000 steps with 1331 atoms

Performance: 449483.235 tau/day, 1300.588 timesteps/s
99.9% CPU use with 1 MPI tasks x no OpenMP threads

MPI task timing breakdown:
Section |  min time  |  avg time  |  max time  |%varavg| %total
---------------------------------------------------------------
Pair    | 30.902     | 30.902     | 30.902     |   0.0 | 80.38
Neigh   | 4.538      | 4.538      | 4.538      |   0.0 | 11.80
Comm    | 0.72005    | 0.72005    | 0.72005    |   0.0 |  1.87
Output  | 0.026136   | 0.026136   | 0.026136   |   0.0 |  0.07
Modify  | 2.0447     | 2.0447     | 2.0447     |   0.0 |  5.32
Other   |            | 0.2132     |            |       |  0.55

Nlocal:    1331 ave 1331 max 1331 min
Histogram: 1 0 0 0 0 0 0 0 0 0
Nghost:    2977 ave 2977 max 2977 min
Histogram: 1 0 0 0 0 0 0 0 0 0
Neighs:    50898 ave 50898 max 50898 min
Histogram: 1 0 0 0 0 0 0 0 0 0

Total # of neighbors = 50898
Ave neighs/atom = 38.2404
Neighbor list builds = 2500
Dangerous builds not checked

write_restart lattice_11_11_11__2_2_2/sim1/T_0.80__P_1.60/end1.restart
Total wall time: 0:00:38
