run 50000
Neighbor list info ...
  update every 20 steps, delay 0 steps, check no
  max neighbors/atom: 2000, page size: 100000
  master list distance cutoff = 2.8
  ghost atom cutoff = 2.8
  binsize = 1.4, bins = 16 16 16
  1 neighbor lists, perpetual/occasional/extra = 1 0 0
  (1) pair lj/cut, perpetual
      attributes: half, newton on
      pair build: half/bin/atomonly/newton
      stencil: half/bin/3d/newton
      bin: standard
Per MPI rank memory allocation (min/avg/max) = 2.7 | 2.7 | 2.7 Mbytes
Step Temp Press Volume Density PotEng KinEng TotEng 
       0            1  0.079495929        10648        0.125  -0.13561964     1.498873    1.3632534 
    1000    1.4797397   0.21317088    6576.9629   0.20237304   -1.1833122    2.2179419    1.0346296 
    2000    1.2684745   0.15947696    4719.1708   0.28204107   -1.7254706    1.9012822   0.17581157 
    3000    1.1699727  0.067381786     3563.754   0.37348257   -2.3357174    1.7536405   -0.5820769 
    4000    1.1155537   0.16459364     2784.413   0.47801817   -2.8929333    1.6720733     -1.22086 
    5000    1.0816223   0.34031772    2289.5215   0.58134418   -3.4152369    1.6212145   -1.7940223 
    6000    1.0459251   0.65632603    1994.5025   0.66733434   -3.8881685    1.5677089   -2.3204596 
    7000     0.997546   0.74983242    1848.7983    0.7199271   -4.2357754    1.4951948   -2.7405806 
    8000   0.95852586   0.95760488    1787.0832   0.74478906   -4.3835856    1.4367086    -2.946877 
    9000   0.98986928   0.82337832    1795.1775   0.74143087   -4.3945496    1.4836884   -2.9108612 
   10000    1.0006215   0.91517316    1834.9805   0.72534832   -4.2772054    1.4998045   -2.7774009 
   11000   0.99984394   0.83095041    1840.8869   0.72302105   -4.2504521    1.4986391    -2.751813 
   12000   0.97507366   0.92709674    1809.7809   0.73544816   -4.3308727    1.4615116   -2.8693611 
   13000   0.98358593   0.74109201    1795.4454   0.74132023   -4.3932211    1.4742704   -2.9189507 
   14000   0.98640664   0.89413179    1829.8369   0.72738724   -4.2754878    1.4784983   -2.7969895 
   15000    1.0252907   0.61299843    1842.4036   0.72242586   -4.2831257    1.5367806   -2.7463451 
   16000   0.98609816   0.76835696    1825.0491   0.72929544   -4.3197334    1.4780359   -2.8416974 
   17000   0.99812376   0.59710321    1821.3359   0.73078226   -4.3690335    1.4960608   -2.8729727 
   18000   0.97571249   0.74574867     1820.681   0.73104514   -4.3220153    1.4624691   -2.8595462 
   19000    1.0140003   0.74796961    1816.7729    0.7326177   -4.3455947    1.5198578   -2.8257369 
   20000    1.0235536   0.92835619    1797.2099   0.74059239   -4.3701067    1.5341768   -2.8359299 
   21000    1.0118117   0.93394196    1802.0306    0.7386112     -4.36349    1.5165772   -2.8469128 
   22000    1.0166032   0.69109665    1824.0737   0.72968543   -4.3365838    1.5237591   -2.8128246 
   23000   0.98913977   0.70534921    1820.0147   0.73131276   -4.3418388    1.4825949   -2.8592439 
   24000   0.99757008   0.67795339    1816.1437   0.73287153   -4.3770033    1.4952309   -2.8817724 
   25000    0.9981496   0.68913461    1836.8672   0.72460329   -4.2856669    1.4960995   -2.7895673 
   26000    1.0182819   0.68532269    1836.2197   0.72485881   -4.3057385    1.5262752   -2.7794633 
   27000   0.97021556   0.94551915    1811.0309   0.73494051   -4.3257191    1.4542299   -2.8714892 
   28000    1.0068514   0.85699006    1803.7169   0.73792067   -4.3650161    1.5091425   -2.8558736 
   29000    1.0170517    0.9883218    1826.5951   0.72867818   -4.2620416    1.5244313   -2.7376103 
   30000    1.0213376   0.87055714     1806.485   0.73678994   -4.3503104    1.5308554    -2.819455 
   31000   0.99923587   0.84754014    1808.1766   0.73610065   -4.3404105    1.4977277   -2.8426828 
   32000    1.0017689      0.78832    1835.9448   0.72496733   -4.2706827    1.5015244   -2.7691584 
   33000    1.0557803    0.7275584    1838.0367   0.72414225   -4.2824136    1.5824807   -2.6999329 
   34000   0.98455146   0.59610962    1850.7855   0.71915411   -4.2785169    1.4757176   -2.8027993 
   35000   0.95216878   0.54370833    1838.6226   0.72391147   -4.3178394    1.4271801   -2.8906593 
   36000    1.0023989   0.60608788    1822.6575   0.73025238   -4.3615095    1.5024687   -2.8590408 
   37000    1.0298622   0.78722806    1840.8151   0.72304925   -4.2895204    1.5436327   -2.7458877 
   38000   0.97727305   0.66258833    1839.8296   0.72343654   -4.2858907    1.4648082   -2.8210825 
   39000   0.98431212   0.90051866     1810.252   0.73525675   -4.3405515    1.4753589   -2.8651926 
   40000   0.99731424   0.85083192    1812.0803   0.73451492   -4.3122497    1.4948474   -2.8174023 
   41000    1.0285905   0.76437171    1838.5747   0.72393034   -4.2827607    1.5417265   -2.7410342 
   42000   0.99475782    1.0292758    1796.6129   0.74083848   -4.3489756    1.4910157   -2.8579599 
   43000    1.0046856   0.91701085      1792.03    0.7427331   -4.3818796    1.5058961   -2.8759835 
   44000     1.037756    0.8066487    1810.1475   0.73529919   -4.3540347    1.5554645   -2.7985702 
   45000    1.0035001   0.84876059    1830.5196   0.72711597   -4.2619925    1.5041193   -2.7578732 
   46000   0.98494027   0.80081696    1805.0158   0.73738968   -4.3604638    1.4763004   -2.8841634 
   47000    1.0194521   0.90939143     1801.914     0.738659   -4.3749424    1.5280293   -2.8469131 
   48000    1.0309585   0.96383671    1817.2832   0.73241198   -4.2995044    1.5452759   -2.7542286 
   49000    1.0155136   0.93353052    1805.3714   0.73724441   -4.3298759    1.5221259     -2.80775 
   50000    1.0091235   0.86897998    1798.0321   0.74025376   -4.3764144     1.512548   -2.8638664 
Loop time of 35.2912 on 1 procs for 50000 steps with 1331 atoms

Performance: 489640.293 tau/day, 1416.783 timesteps/s
99.9% CPU use with 1 MPI tasks x no OpenMP threads

MPI task timing breakdown:
Section |  min time  |  avg time  |  max time  |%varavg| %total
---------------------------------------------------------------
Pair    | 27.769     | 27.769     | 27.769     |   0.0 | 78.68
Neigh   | 4.5215     | 4.5215     | 4.5215     |   0.0 | 12.81
Comm    | 0.7172     | 0.7172     | 0.7172     |   0.0 |  2.03
Output  | 0.026473   | 0.026473   | 0.026473   |   0.0 |  0.08
Modify  | 2.107      | 2.107      | 2.107      |   0.0 |  5.97
Other   |            | 0.1502     |            |       |  0.43

Nlocal:    1331 ave 1331 max 1331 min
Histogram: 1 0 0 0 0 0 0 0 0 0
Nghost:    2805 ave 2805 max 2805 min
Histogram: 1 0 0 0 0 0 0 0 0 0
Neighs:    44128 ave 44128 max 44128 min
Histogram: 1 0 0 0 0 0 0 0 0 0

Total # of neighbors = 44128
Ave neighs/atom = 33.154
Neighbor list builds = 2500
Dangerous builds not checked

write_restart lattice_11_11_11__2_2_2/sim1/T_1.00__P_0.80/end1.restart
Total wall time: 0:00:35
