run 50000
Neighbor list info ...
  update every 20 steps, delay 0 steps, check no
  max neighbors/atom: 2000, page size: 100000
  master list distance cutoff = 2.8
  ghost atom cutoff = 2.8
  binsize = 1.4, bins = 13 13 13
  1 neighbor lists, perpetual/occasional/extra = 1 0 0
  (1) pair lj/cut, perpetual
      attributes: half, newton on
      pair build: half/bin/atomonly/newton
      stencil: half/bin/3d/newton
      bin: standard
Per MPI rank memory allocation (min/avg/max) = 2.742 | 2.742 | 2.742 Mbytes
Step Temp Press TotEng 
       0          0.1  -0.52503279  -0.82595242 
    1000   0.61160839  -0.05311441   -2.5019574 
    2000   0.36176764  0.033793327   -4.3359852 
    3000   0.20070856  -0.01150759    -5.169453 
    4000   0.11888088  0.018069455   -5.5088483 
    5000  0.090229198 -0.031123797   -5.6339963 
    6000  0.097067611 -0.031803359   -5.6363385 
    7000   0.10904895 -0.017335825   -5.6082469 
    8000   0.09618639 -0.0077595739   -5.6600823 
    9000  0.093979703  0.012357347   -5.6807926 
   10000    0.1053633 -0.010815553   -5.6509857 
   11000   0.10201673  0.019448273    -5.680905 
   12000  0.092939455 -0.010627034   -5.7191577 
   13000   0.10247002 -0.0029235611   -5.7014934 
   14000   0.10577879 -9.2509457e-05   -5.7038654 
   15000   0.09558651 0.0036700006   -5.7323717 
   16000   0.10255757 -0.0089325255   -5.7308746 
   17000   0.09994476 -0.021243813    -5.735626 
   18000  0.096699808 -0.013461539   -5.7804237 
   19000  0.099137894 -0.016505233   -5.7925422 
   20000   0.10665106  0.021626543   -5.7760775 
   21000   0.10232297 0.0096449407   -5.7949736 
   22000  0.092350628 0.0096777123   -5.8074552 
   23000    0.1021831  0.023694721   -5.7825139 
   24000   0.10147035  0.020162583   -5.7904315 
   25000  0.095420015 0.00099022591   -5.8153373 
   26000   0.10350672  0.023215723   -5.7973316 
   27000  0.098186078 0.0073167468   -5.7916006 
   28000  0.097751794  0.024617666   -5.8169255 
   29000  0.098814589  0.028934619   -5.8110218 
   30000   0.10465258  0.003715206   -5.7942832 
   31000  0.099211223  0.018300267      -5.8162 
   32000  0.097843454 -0.0017075189   -5.8209107 
   33000   0.10556907 0.0074430234   -5.7975298 
   34000   0.10069635  0.041182732   -5.8099916 
   35000   0.09494702 -0.00077200209    -5.824799 
   36000  0.099663664 -0.046160341   -5.8037581 
   37000   0.10192713 -0.0030899145   -5.8050749 
   38000  0.097870745 -0.018995916   -5.8236434 
   39000  0.099690079 -0.025077683   -5.8094915 
   40000   0.10288076 0.0072956066   -5.8011628 
   41000  0.099539214 -0.015865512   -5.8222399 
   42000  0.098588081  0.021366413   -5.8152826 
   43000   0.10462355 -0.018288548    -5.801138 
   44000   0.09712662 -0.010394329   -5.8283757 
   45000  0.099743594  0.022740748   -5.8472795 
   46000  0.097905755 -0.016592216   -5.8529744 
   47000   0.10242913 -0.0046006559   -5.8744576 
   48000  0.099852088 0.0055003876   -5.8968396 
   49000  0.097601823 0.0007064522   -5.9053489 
   50000   0.10003668  0.005826383   -5.9132231 
Loop time of 30.502 on 1 procs for 50000 steps with 1331 atoms

Performance: 566519.662 tau/day, 1639.235 timesteps/s
99.9% CPU use with 1 MPI tasks x no OpenMP threads

MPI task timing breakdown:
Section |  min time  |  avg time  |  max time  |%varavg| %total
---------------------------------------------------------------
Pair    | 25.872     | 25.872     | 25.872     |   0.0 | 84.82
Neigh   | 3.6045     | 3.6045     | 3.6045     |   0.0 | 11.82
Comm    | 0.073222   | 0.073222   | 0.073222   |   0.0 |  0.24
Output  | 0.027634   | 0.027634   | 0.027634   |   0.0 |  0.09
Modify  | 0.86288    | 0.86288    | 0.86288    |   0.0 |  2.83
Other   |            | 0.06143    |            |       |  0.20

Nlocal:    1331 ave 1331 max 1331 min
Histogram: 1 0 0 0 0 0 0 0 0 0
Nghost:    72 ave 72 max 72 min
Histogram: 1 0 0 0 0 0 0 0 0 0
Neighs:    45375 ave 45375 max 45375 min
Histogram: 1 0 0 0 0 0 0 0 0 0

Total # of neighbors = 45375
Ave neighs/atom = 34.0909
Neighbor list builds = 2500
Dangerous builds not checked

write_restart NVT/sim1/T_0.10__v_3.38/end1.restart
Total wall time: 0:00:30
