run 50000                                      # number of ts in equilibration run
Neighbor list info ...
  update every 20 steps, delay 0 steps, check no
  max neighbors/atom: 2000, page size: 100000
  master list distance cutoff = 2.8
  ghost atom cutoff = 2.8
  binsize = 1.4, bins = 16 16 16
  1 neighbor lists, perpetual/occasional/extra = 1 0 0
  (1) pair lj/cut, perpetual
      attributes: half, newton on
      pair build: half/bin/atomonly/newton
      stencil: half/bin/3d/newton
      bin: standard
Per MPI rank memory allocation (min/avg/max) = 2.7 | 2.7 | 2.7 Mbytes
Step Temp Press Volume Density PotEng KinEng TotEng 
       0          1.5   0.14194897        10648        0.125  -0.13561964    2.2483095    2.1126899 
    1000    1.5793737   0.16330443        10648        0.125  -0.73290383    2.3672806    1.6343768 
    2000    1.4569174   0.14332742        10648        0.125  -0.79891956    2.1837342    1.3848146 
    3000    1.5522922   0.14989631        10648        0.125  -0.79556666    2.3266889    1.5311222 
    4000    1.4918663    0.1482879        10648        0.125  -0.77526949    2.2361182    1.4608487 
    5000     1.536995   0.15482148        10648        0.125  -0.76098964    2.3037604    1.5427707 
    6000     1.467422   0.16400266        10648        0.125  -0.76093849    2.1994792    1.4385407 
    7000    1.5032322   0.15965287        10648        0.125  -0.77974571    2.2531542    1.4734085 
    8000    1.5117836   0.14986077        10648        0.125  -0.77928964    2.2659716     1.486682 
    9000    1.4316576   0.14755924        10648        0.125  -0.77566736     2.145873    1.3702056 
   10000    1.5115683   0.14289532        10648        0.125  -0.74165708    2.2656489    1.5239919 
   11000    1.4885629   0.15489391        10648        0.125  -0.76805368    2.2311668    1.4631131 
   12000    1.5015861   0.14343369        10648        0.125  -0.76093035     2.250687    1.4897566 
   13000    1.5482783   0.16210284        10648        0.125  -0.74569292    2.3206726    1.5749797 
   14000    1.5045376   0.15110505        10648        0.125  -0.81235906    2.2551108    1.4427517 
   15000     1.509227   0.15834771        10648        0.125  -0.78314285    2.2621397    1.4789968 
   16000     1.502648   0.14826594        10648        0.125  -0.76517803    2.2522786    1.4871006 
   17000    1.4619836   0.14521442        10648        0.125  -0.75454041    2.1913278    1.4367874 
   18000    1.5561717   0.14253648        10648        0.125  -0.80213015    2.3325038    1.5303737 
   19000    1.4628006   0.14667455        10648        0.125  -0.76770811    2.1925523    1.4248442 
   20000    1.5339051   0.16991964        10648        0.125  -0.76719625     2.299129    1.5319328 
   21000     1.499946   0.13024972        10648        0.125  -0.79462635    2.2482287    1.4536023 
   22000    1.5038566   0.15032125        10648        0.125  -0.76858295    2.2540901    1.4855071 
   23000     1.537896   0.15440663        10648        0.125  -0.76194291    2.3051109     1.543168 
   24000    1.4715748    0.1474962        10648        0.125  -0.76978069    2.2057037     1.435923 
   25000    1.5084035   0.16392853        10648        0.125  -0.72016676    2.2609052    1.5407385 
   26000    1.4203466   0.14239129        10648        0.125  -0.77721885    2.1289192    1.3517003 
   27000    1.5124707   0.15395743        10648        0.125  -0.75430262    2.2670016     1.512699 
   28000    1.4771922   0.14670508        10648        0.125   -0.7802743    2.2141236    1.4338493 
   29000    1.5139497   0.15020101        10648        0.125  -0.77519045    2.2692183    1.4940279 
   30000    1.4834557   0.15187991        10648        0.125  -0.75788514    2.2235117    1.4656265 
   31000    1.4906828   0.15425119        10648        0.125  -0.75773976    2.2343442    1.4766045 
   32000    1.5303864   0.13433422        10648        0.125   -0.7726611    2.2938549    1.5211938 
   33000    1.4853278     0.162651        10648        0.125  -0.76003827    2.2263178    1.4662796 
   34000    1.4987101   0.15102632        10648        0.125  -0.77316829    2.2463761    1.4732078 
   35000    1.5250447   0.14783151        10648        0.125  -0.78757374    2.2858484    1.4982747 
   36000    1.5073785   0.14647648        10648        0.125  -0.77322574     2.259369    1.4861432 
   37000    1.4722368   0.15779609        10648        0.125  -0.79240887     2.206696    1.4142872 
   38000    1.5338434   0.15623294        10648        0.125  -0.76474189    2.2990365    1.5342946 
   39000    1.4883661   0.13084112        10648        0.125  -0.78494889    2.2308717    1.4459229 
   40000    1.5668856   0.16000052        10648        0.125  -0.74107721    2.3485625    1.6074853 
   41000    1.4844976   0.14725404        10648        0.125  -0.77366274    2.2250734    1.4514106 
   42000    1.5202143   0.15754077        10648        0.125  -0.74362013    2.2786082    1.5349881 
   43000    1.4509884     0.149175        10648        0.125  -0.75672861    2.1748474    1.4181188 
   44000    1.4938764   0.13613954        10648        0.125  -0.76971853     2.239131    1.4694125 
   45000    1.5028615   0.15329822        10648        0.125  -0.77732207    2.2525986    1.4752765 
   46000    1.4760353   0.14092885        10648        0.125  -0.79142507    2.2123895    1.4209645 
   47000    1.5369454   0.16589168        10648        0.125  -0.77219639    2.3036859    1.5314896 
   48000    1.4627201   0.13571905        10648        0.125  -0.80990541    2.1924317    1.3825263 
   49000    1.5636084   0.14225215        10648        0.125  -0.79139541    2.3436505     1.552255 
   50000    1.4749516   0.14977336        10648        0.125  -0.77843194    2.2107652    1.4323333 
Loop time of 8.94274 on 1 procs for 50000 steps with 1331 atoms

Performance: 1932294.235 tau/day, 5591.129 timesteps/s
99.8% CPU use with 1 MPI tasks x no OpenMP threads

MPI task timing breakdown:
Section |  min time  |  avg time  |  max time  |%varavg| %total
---------------------------------------------------------------
Pair    | 5.582      | 5.582      | 5.582      |   0.0 | 62.42
Neigh   | 2.0133     | 2.0133     | 2.0133     |   0.0 | 22.51
Comm    | 0.36979    | 0.36979    | 0.36979    |   0.0 |  4.14
Output  | 0.026831   | 0.026831   | 0.026831   |   0.0 |  0.30
Modify  | 0.85716    | 0.85716    | 0.85716    |   0.0 |  9.58
Other   |            | 0.09368    |            |       |  1.05

Nlocal:    1331 ave 1331 max 1331 min
Histogram: 1 0 0 0 0 0 0 0 0 0
Nghost:    1387 ave 1387 max 1387 min
Histogram: 1 0 0 0 0 0 0 0 0 0
Neighs:    7858 ave 7858 max 7858 min
Histogram: 1 0 0 0 0 0 0 0 0 0

Total # of neighbors = 7858
Ave neighs/atom = 5.90383
Neighbor list builds = 2500
Dangerous builds not checked



write_restart LJ.end1.restart                  # write a restart file for a next simulation

Total wall time: 0:00:08
