run 50000
Neighbor list info ...
  update every 20 steps, delay 0 steps, check no
  max neighbors/atom: 2000, page size: 100000
  master list distance cutoff = 2.8
  ghost atom cutoff = 2.8
  binsize = 1.4, bins = 18 18 18
  1 neighbor lists, perpetual/occasional/extra = 1 0 0
  (1) pair lj/cut, perpetual
      attributes: half, newton on
      pair build: half/bin/atomonly/newton
      stencil: half/bin/3d/newton
      bin: standard
Per MPI rank memory allocation (min/avg/max) = 2.711 | 2.711 | 2.711 Mbytes
Step Temp Press TotEng 
       0          0.7  0.045965785   0.98601415 
    1000   0.84569756  0.055632449   0.59220647 
    2000   0.70828696  0.030604041   0.21881773 
    3000   0.70688601   0.01813208  0.042306164 
    4000   0.70946403  0.021900296  -0.12487703 
    5000   0.68486936  0.019532516  -0.19932662 
    6000   0.70337745   0.01805936  -0.30131559 
    7000   0.72217978  0.032394529  -0.46716549 
    8000   0.70688415  0.008481048  -0.61113104 
    9000   0.69078454  0.017366983  -0.73077918 
   10000   0.70598656  0.015116766   -0.8122729 
   11000   0.69107133  0.015815046  -0.90970293 
   12000   0.68255489  0.011557267  -0.98252029 
   13000    0.6937757 -0.0017473858   -1.0143643 
   14000    0.7015458 0.0029889014   -1.1034062 
   15000   0.73090537  0.013961145   -1.1682878 
   16000   0.71303852  0.011204995   -1.2626596 
   17000   0.69730894 0.0020777135   -1.3545775 
   18000   0.72164531 0.0093086439   -1.4318261 
   19000   0.70386923 0.0024488634   -1.5096606 
   20000   0.69336826  0.012179926   -1.5587963 
   21000   0.70775893   0.01131478   -1.6548637 
   22000   0.69360862  0.016752044     -1.65117 
   23000   0.70480824  0.012597537   -1.6380491 
   24000   0.70415387  0.020353247   -1.7368143 
   25000   0.69928658 0.0097424101   -1.7422423 
   26000   0.70427236 0.0038192068   -1.8152122 
   27000   0.71177721 0.0099172141   -1.8469633 
   28000   0.73388319 0.0079460852   -1.7856921 
   29000   0.71661645  0.012847018   -1.8023467 
   30000   0.69718876  0.023407888   -1.8488014 
   31000   0.69974782  0.027368077   -1.8945289 
   32000   0.70409716  0.025723724   -1.9226772 
   33000   0.71035272  0.013576559   -1.8603889 
   34000   0.67779726 -0.00010691676   -1.9287889 
   35000   0.67208131 -0.0014324152   -1.9333945 
   36000   0.70165435  0.022895895   -1.8727557 
   37000   0.72294386   0.01994694   -1.8344907 
   38000   0.71086802 0.0051392291   -1.9201127 
   39000   0.72098424 0.0050186213   -1.9295985 
   40000   0.72473177   0.02289508   -1.8873684 
   41000    0.7163084  0.014290937   -1.8798257 
   42000   0.71834881  0.020510107   -1.9490021 
   43000   0.69549727 -0.0086094144   -1.9262374 
   44000   0.68879871 0.0045181285   -1.8988267 
   45000   0.70906662  0.013526067   -1.9673008 
   46000   0.70602135   0.01325167   -2.0020715 
   47000   0.69370487 0.0074573409    -2.054814 
   48000   0.72090656  0.025280459   -2.0057254 
   49000   0.69785297  0.006872285    -2.048929 
   50000    0.7304255  0.022203727   -2.0741184 
Loop time of 15.4756 on 1 procs for 50000 steps with 1331 atoms

Performance: 1116599.929 tau/day, 3230.903 timesteps/s
99.8% CPU use with 1 MPI tasks x no OpenMP threads

MPI task timing breakdown:
Section |  min time  |  avg time  |  max time  |%varavg| %total
---------------------------------------------------------------
Pair    | 11.851     | 11.851     | 11.851     |   0.0 | 76.58
Neigh   | 2.3665     | 2.3665     | 2.3665     |   0.0 | 15.29
Comm    | 0.29194    | 0.29194    | 0.29194    |   0.0 |  1.89
Output  | 0.022649   | 0.022649   | 0.022649   |   0.0 |  0.15
Modify  | 0.85672    | 0.85672    | 0.85672    |   0.0 |  5.54
Other   |            | 0.08676    |            |       |  0.56

Nlocal:    1331 ave 1331 max 1331 min
Histogram: 1 0 0 0 0 0 0 0 0 0
Nghost:    1263 ave 1263 max 1263 min
Histogram: 1 0 0 0 0 0 0 0 0 0
Neighs:    26195 ave 26195 max 26195 min
Histogram: 1 0 0 0 0 0 0 0 0 0

Total # of neighbors = 26195
Ave neighs/atom = 19.6807
Neighbor list builds = 2500
Dangerous builds not checked

write_restart NVT/sim1/T_0.70__v_10.65/end1.restart
Total wall time: 0:00:15
