run 50000
Neighbor list info ...
  update every 20 steps, delay 0 steps, check no
  max neighbors/atom: 2000, page size: 100000
  master list distance cutoff = 2.8
  ghost atom cutoff = 2.8
  binsize = 1.4, bins = 16 16 16
  1 neighbor lists, perpetual/occasional/extra = 1 0 0
  (1) pair lj/cut, perpetual
      attributes: half, newton on
      pair build: half/bin/atomonly/newton
      stencil: half/bin/3d/newton
      bin: standard
Per MPI rank memory allocation (min/avg/max) = 2.7 | 2.7 | 2.7 Mbytes
Step Temp Press Volume Density PotEng KinEng TotEng 
       0          1.9   0.19191141        10648        0.125  -0.13561964    2.8478588    2.7122391 
    1000    1.8684066    0.1885792    11715.626   0.11360895  -0.64459854    2.8005042    2.1559057 
    2000    1.9691684   0.19646923    11704.808   0.11371396  -0.68743338    2.9515334       2.2641 
    3000     1.867474   0.19268007    11799.671   0.11279975  -0.66126785    2.7991063    2.1378385 
    4000    1.9831682   0.19851079    11485.328   0.11588698  -0.66905806    2.9725173    2.3034593 
    5000    1.8013842   0.18850958    11650.021   0.11424872  -0.63172828    2.7000461    2.0683179 
    6000    1.9353906   0.21796204    11489.807    0.1158418  -0.64858074    2.9009048     2.252324 
    7000    1.8193809   0.19705989    11553.482   0.11520337  -0.62737244     2.727021    2.0996485 
    8000    1.9459842   0.19152247    11764.184   0.11314002  -0.62093787    2.9167832    2.2958453 
    9000    1.8615487   0.17786361    12304.869   0.10816856  -0.60751541    2.7902251    2.1827097 
   10000     1.980806    0.2083349    11951.335   0.11136831  -0.61756909    2.9689767    2.3514076 
   11000     1.917441   0.20612836    11475.601   0.11598521  -0.65422543    2.8740006    2.2197752 
   12000    1.8585401   0.21366825     11094.59   0.11996838  -0.67453066    2.7857156    2.1111849 
   13000    1.8839237   0.19467392    11524.826   0.11548981  -0.66449965    2.8237624    2.1592627 
   14000    1.8997632    0.2098592    12046.159   0.11049165  -0.62705212    2.8475039    2.2204518 
   15000    1.9292164   0.20374857    11861.144   0.11221514   -0.6422269    2.8916504    2.2494235 
   16000    1.8842162   0.20460576     11187.35   0.11897366  -0.65730635    2.8242009    2.1668945 
   17000    1.8449843   0.20449657    11199.357   0.11884611  -0.66630173    2.7653972    2.0990955 
   18000    1.8925016   0.20888939    11306.731   0.11771749  -0.65670469    2.8366196    2.1799149 
   19000    1.8892497   0.20319085    11527.617   0.11546185  -0.66103406    2.8317455    2.1707114 
   20000    1.9580076   0.19391732    11598.602   0.11475521  -0.68331606    2.9348048    2.2514888 
   21000    1.8681505   0.19772943    11867.846   0.11215178  -0.64421816    2.8001204    2.1559023 
   22000    1.8967496   0.20819362    11661.891   0.11413243  -0.61745192    2.8429868    2.2255349 
   23000    1.8709264   0.21070881    11299.368    0.1177942  -0.62175185    2.8042811    2.1825292 
   24000    1.8754521   0.21554519    11135.137   0.11953154  -0.66645583    2.8110646    2.1446087 
   25000    1.9188183   0.20286675     11716.71   0.11359844  -0.67784491     2.876065    2.1982201 
   26000    1.9296282   0.20196284    12035.228   0.11059201  -0.60402612    2.8922676    2.2882415 
   27000    1.8997316   0.20465454    11938.494    0.1114881  -0.62626201    2.8474564    2.2211944 
   28000    1.9271702   0.19625552    11589.564    0.1148447  -0.66935611    2.8885835    2.2192274 
   29000    1.8247151   0.20790401    11238.545    0.1184317   -0.6933903    2.7350162    2.0416259 
   30000    1.9246748   0.22785363    10773.974   0.12353844  -0.68465364    2.8848432    2.2001895 
   31000    1.7605533   0.16496838    11395.712   0.11679832  -0.70199993    2.6388458    1.9368459 
   32000    1.9022189   0.19611515    11494.555   0.11579396  -0.64390752    2.8511846    2.2072771 
   33000    1.8780341   0.19364241    12043.381   0.11051714  -0.61914067    2.8149347     2.195794 
   34000    1.9570736   0.19162179    12273.382   0.10844607  -0.60728071    2.9334049    2.3261242 
   35000    1.9009668   0.19356639    11733.438   0.11343648   -0.6257223    2.8493079    2.2235856 
   36000    1.8947602    0.1831506      11425.1   0.11649789  -0.64536729    2.8400049    2.1946376 
   37000    1.8814868   0.18592875    11463.977   0.11610282  -0.66580141    2.8201099    2.1543085 
   38000    1.9383764    0.2044443    11603.641   0.11470537  -0.64206838    2.9053801    2.2633117 
   39000       1.8524   0.17942218     11790.34   0.11288903  -0.66532759    2.7765124    2.1111848 
   40000    1.9505333    0.2140239    11578.556   0.11495389  -0.63334183    2.9236018    2.2902599 
   41000    1.8520096   0.18867715    11854.264   0.11228027  -0.59947716    2.7759272      2.17645 
   42000    1.9160177    0.2037024    11722.911   0.11353835  -0.64325769    2.8718673    2.2286096 
   43000    1.8584963   0.21411575    11512.669   0.11561177  -0.61403381      2.78565    2.1716162 
   44000    1.9007949   0.20614934      10982.5   0.12119281  -0.67036346    2.8490503    2.1786868 
   45000    1.8377473   0.18392094     11176.48   0.11908937   -0.6821457    2.7545498    2.0724041 
   46000    1.8852098   0.18116093    11868.341    0.1121471  -0.62665387    2.8256901    2.1990362 
   47000    1.9310285   0.19874325    12151.083   0.10953756  -0.60600679    2.8943665    2.2883597 
   48000    1.8341469   0.19354017    11769.834   0.11308571   -0.6292416    2.7491533    2.1199117 
   49000    1.9223681   0.20855043    11187.874   0.11896809   -0.6422431    2.8813857    2.2391426 
   50000    1.8209988   0.20157948    11348.049   0.11728889  -0.68676156    2.7294459    2.0426844 
Loop time of 11.5309 on 1 procs for 50000 steps with 1331 atoms

Performance: 1498575.894 tau/day, 4336.157 timesteps/s
99.2% CPU use with 1 MPI tasks x no OpenMP threads

MPI task timing breakdown:
Section |  min time  |  avg time  |  max time  |%varavg| %total
---------------------------------------------------------------
Pair    | 6.4164     | 6.4164     | 6.4164     |   0.0 | 55.64
Neigh   | 2.1741     | 2.1741     | 2.1741     |   0.0 | 18.85
Comm    | 0.43755    | 0.43755    | 0.43755    |   0.0 |  3.79
Output  | 0.025771   | 0.025771   | 0.025771   |   0.0 |  0.22
Modify  | 2.3594     | 2.3594     | 2.3594     |   0.0 | 20.46
Other   |            | 0.1177     |            |       |  1.02

Nlocal:    1331 ave 1331 max 1331 min
Histogram: 1 0 0 0 0 0 0 0 0 0
Nghost:    1322 ave 1322 max 1322 min
Histogram: 1 0 0 0 0 0 0 0 0 0
Neighs:    7288 ave 7288 max 7288 min
Histogram: 1 0 0 0 0 0 0 0 0 0

Total # of neighbors = 7288
Ave neighs/atom = 5.47558
Neighbor list builds = 2500
Dangerous builds not checked

write_restart lattice_11_11_11__2_2_2/sim1/T_1.90__P_0.20/end1.restart
Total wall time: 0:00:11
