run 50000
Neighbor list info ...
  update every 20 steps, delay 0 steps, check no
  max neighbors/atom: 2000, page size: 100000
  master list distance cutoff = 2.8
  ghost atom cutoff = 2.8
  binsize = 1.4, bins = 16 16 16
  1 neighbor lists, perpetual/occasional/extra = 1 0 0
  (1) pair lj/cut, perpetual
      attributes: half, newton on
      pair build: half/bin/atomonly/newton
      stencil: half/bin/3d/newton
      bin: standard
Per MPI rank memory allocation (min/avg/max) = 2.7 | 2.7 | 2.7 Mbytes
Step Temp Press Volume Density PotEng KinEng TotEng 
       0          0.4  0.004552278        10648        0.125  -0.13561964   0.59954921   0.46392957 
    1000    1.0199771  0.084630225     4380.889   0.30381961   -1.8946253    1.5288162  -0.36580906 
    2000   0.86390659 -0.072237289     2540.189   0.52397675   -3.3284372    1.2948863   -2.0335509 
    3000   0.79641822   0.51628085    1709.6649   0.77851515   -4.7472952    1.1937298   -3.5535655 
    4000   0.59323397    1.2070513    1491.9679   0.89211035   -5.5410129    0.8891824   -4.6518305 
    5000   0.45264184    1.2865455    1414.5103   0.94096167   -5.9677594   0.67845265   -5.2893067 
    6000   0.38395157    1.2792353     1381.691   0.96331236   -6.1725859   0.57549465   -5.5970913 
    7000   0.37562367    1.3158804    1377.9922   0.96589808   -6.1909017   0.56301219   -5.6278895 
    8000   0.42077572    1.3384033    1387.8744   0.95902049   -6.1259165   0.63068937   -5.4952272 
    9000   0.40544634    1.3136455    1383.7094   0.96190717   -6.1546556   0.60771258    -5.546943 
   10000   0.36924311    1.4564918    1372.2766   0.96992107   -6.2061042   0.55344853   -5.6526557 
   11000   0.40124453    1.3722991    1376.9715   0.96661407   -6.1921122    0.6014146   -5.5906976 
   12000   0.41150247    1.3517743    1383.7705   0.96186471   -6.1516415   0.61678995   -5.5348515 
   13000   0.39278654    1.3189595    1377.3915   0.96631929   -6.1938936   0.58873714   -5.6051564 
   14000   0.38922703    1.3253595    1375.3469   0.96775585   -6.2100927    0.5834019   -5.6266908 
   15000   0.42393288    1.2886327    1378.7344   0.96537807   -6.1984958   0.63542157   -5.5630742 
   16000   0.39923741    1.1359683    1383.4184   0.96210954   -6.1853772   0.59840618   -5.5869711 
   17000   0.39449566    1.5998618    1368.4126   0.97265984   -6.2070628   0.59129891   -5.6157639 
   18000   0.39792319    1.0589685    1383.4322   0.96209994   -6.2016583   0.59643634   -5.6052219 
   19000   0.40569244    1.4596798    1375.3456   0.96775675   -6.1871684   0.60808146   -5.5790869 
   20000   0.38479857     1.353551    1377.8665   0.96598618   -6.1855883    0.5767642   -5.6088241 
   21000    0.3969454    1.2311815    1377.7508   0.96606732   -6.2113768   0.59497076   -5.6164061 
   22000   0.40097696    1.5151905    1372.0699   0.97006716   -6.1982055   0.60101355    -5.597192 
   23000   0.39553484    1.1256825    1380.0038   0.96449007   -6.2108006    0.5928565   -5.6179441 
   24000   0.41084369    1.4443679    1370.2165   0.97137933   -6.2259291   0.61580253   -5.6101265 
   25000   0.40813426    1.1996175    1377.2316   0.96643149   -6.2206947   0.61174144   -5.6089533 
   26000   0.39718146     1.368235    1373.4827   0.96906939   -6.2204845   0.59532457   -5.6251599 
   27000   0.39825812    1.1705415    1373.7602   0.96887363   -6.2479458   0.59693836   -5.6510075 
   28000   0.39923589    1.3574439    1370.3732   0.97126824   -6.2394694   0.59840391   -5.6410655 
   29000   0.40467847    1.3297839    1370.2712   0.97134058   -6.2466528   0.60656164   -5.6400912 
   30000   0.39319409    1.0891238    1376.1231   0.96721001   -6.2515932   0.58934801   -5.6622452 
   31000   0.40476979    1.4773073    1363.7491     0.975986   -6.2673323   0.60669852   -5.6606338 
   32000   0.40295881    1.1488612    1367.5319   0.97328624    -6.291714    0.6039841   -5.6877299 
   33000   0.38701221    1.4122415    1360.6576    0.9782035   -6.2971848   0.58008217   -5.7171026 
   34000   0.40463694    1.2268322    1365.0482   0.97505716   -6.3061676    0.6064994   -5.6996682 
   35000    0.4105069    1.3818366    1356.8024   0.98098295   -6.3347912   0.61529773   -5.7194935 
   36000   0.39273538    1.2062521    1355.8828    0.9816483   -6.3691104   0.58866047   -5.7804499 
   37000    0.3979852    1.1364731    1360.5359   0.97829098   -6.3556089   0.59652929   -5.7590796 
   38000   0.41816201    1.5922117    1346.4674   0.98851261   -6.3868804   0.62677177   -5.7601086 
   39000   0.39407035    1.0972474    1343.6825   0.99056139   -6.4944027   0.59066141   -5.9037412 
   40000    0.4010802    1.3489286    1327.1879    1.0028723   -6.5830274   0.60116829   -5.9818591 
   41000   0.38826555    1.3228287    1331.4326    0.9996751   -6.5492762   0.58196076   -5.9673154 
   42000   0.41287263    1.4115343    1329.3791    1.0012193   -6.5550923   0.61884364   -5.9362486 
   43000    0.3881771    1.1407791    1323.8833    1.0053756   -6.6378565   0.58182818   -6.0560283 
   44000   0.39826299    1.1961216    1319.6469    1.0086032   -6.6661818   0.59694566   -6.0692362 
   45000   0.42729256    1.4441087    1320.4366        1.008   -6.6157038   0.64045729   -5.9752466 
   46000   0.40786665    1.1147086    1324.6254    1.0048123   -6.6393024   0.61134032   -6.0279621 
   47000   0.38029815    1.5148281    1311.3208    1.0150072    -6.669462   0.57001864   -6.0994433 
   48000   0.40430896    1.3345004    1318.4802    1.0094957    -6.646202    0.6060078   -6.0401942 
   49000   0.40408595    1.2607376    1322.9684    1.0060709   -6.6221101   0.60567353   -6.0164365 
   50000   0.39137702    1.4841992    1310.1364    1.0159248    -6.679623   0.58662447   -6.0929985 
Loop time of 42.8833 on 1 procs for 50000 steps with 1331 atoms

Performance: 402953.951 tau/day, 1165.955 timesteps/s
100.0% CPU use with 1 MPI tasks x no OpenMP threads

MPI task timing breakdown:
Section |  min time  |  avg time  |  max time  |%varavg| %total
---------------------------------------------------------------
Pair    | 34.746     | 34.746     | 34.746     |   0.0 | 81.02
Neigh   | 5.0695     | 5.0695     | 5.0695     |   0.0 | 11.82
Comm    | 0.74964    | 0.74964    | 0.74964    |   0.0 |  1.75
Output  | 0.025545   | 0.025545   | 0.025545   |   0.0 |  0.06
Modify  | 2.0656     | 2.0656     | 2.0656     |   0.0 |  4.82
Other   |            | 0.2274     |            |       |  0.53

Nlocal:    1331 ave 1331 max 1331 min
Histogram: 1 0 0 0 0 0 0 0 0 0
Nghost:    3256 ave 3256 max 3256 min
Histogram: 1 0 0 0 0 0 0 0 0 0
Neighs:    58751 ave 58751 max 58751 min
Histogram: 1 0 0 0 0 0 0 0 0 0

Total # of neighbors = 58751
Ave neighs/atom = 44.1405
Neighbor list builds = 2500
Dangerous builds not checked

write_restart lattice_11_11_11__2_2_2/sim1/T_0.40__P_1.30/end1.restart
Total wall time: 0:00:42
