run 50000
Neighbor list info ...
  update every 20 steps, delay 0 steps, check no
  max neighbors/atom: 2000, page size: 100000
  master list distance cutoff = 2.8
  ghost atom cutoff = 2.8
  binsize = 1.4, bins = 21 21 21
  1 neighbor lists, perpetual/occasional/extra = 1 0 0
  (1) pair lj/cut, perpetual
      attributes: half, newton on
      pair build: half/bin/atomonly/newton
      stencil: half/bin/3d/newton
      bin: standard
Per MPI rank memory allocation (min/avg/max) = 2.731 | 2.731 | 2.731 Mbytes
Step Temp Press TotEng 
       0          0.6  0.030917339   0.88699476 
    1000   0.68163151   0.02565639   0.66161904 
    2000   0.61079944  0.020780847   0.40330969 
    3000   0.59993986  0.012180936   0.27678596 
    4000   0.59130603  0.019674567   0.17411537 
    5000   0.59903521   0.01507644   0.13181951 
    6000   0.59201621  0.011719581  0.040771918 
    7000    0.5785477  0.011923605 -0.034898551 
    8000   0.61940839  0.017116665 -0.028528525 
    9000   0.62416988  0.014773866  -0.12911268 
   10000   0.60974762  0.012137434  -0.22889285 
   11000   0.61511707 0.0051274058  -0.30752565 
   12000   0.62587527  0.012296782  -0.38286781 
   13000   0.59654202 0.0077447627  -0.47216386 
   14000   0.60443748  0.011721981  -0.54563577 
   15000    0.5811844 0.0067214821  -0.60593666 
   16000   0.61876652 0.0062492597  -0.66830113 
   17000   0.62878449  0.012140162  -0.72985537 
   18000   0.61207673 0.0013103433  -0.82144771 
   19000   0.63199403 0.0056592039   -0.8995949 
   20000   0.59850009  0.010282258  -0.98154781 
   21000   0.60251194 0.0090196648   -1.0082752 
   22000   0.59718106 0.0059893292   -1.0960663 
   23000   0.62297452 0.0060736876   -1.1701237 
   24000   0.63112359 0.0034011121   -1.2576894 
   25000   0.58886008 0.0048895878   -1.3408459 
   26000   0.60935781  0.012131837   -1.4012597 
   27000   0.57626536 0.0059191197   -1.4118404 
   28000   0.61196451 0.0019123897   -1.3241678 
   29000   0.61042985 0.0074406409   -1.3956101 
   30000   0.61860404 0.0087689242   -1.4993098 
   31000   0.61833876 -0.0010414853    -1.601273 
   32000   0.61690415 -0.00029981107   -1.7123456 
   33000   0.59310974 0.0050825795   -1.7711524 
   34000   0.59434658 -0.0069257234   -1.8185464 
   35000   0.60988517  0.015577367   -1.8683178 
   36000    0.6226035 0.0067657547   -1.7924853 
   37000   0.60616039 0.00085067096   -1.8622834 
   38000    0.6004777 0.0094681205   -1.9397166 
   39000   0.61646254 0.0051151202   -1.9843712 
   40000   0.61024774 -0.0046470707   -2.0581259 
   41000   0.61501496 0.0057352007   -2.0834087 
   42000    0.5992759 -4.396768e-05   -2.1493097 
   43000   0.61198459 -0.0061156414   -2.1460295 
   44000   0.62482654  0.005460896   -2.1873323 
   45000   0.62085709 0.0040165118   -2.2901762 
   46000   0.60416007 -1.1704824e-05   -2.3792001 
   47000   0.59771016  0.012750579    -2.433629 
   48000    0.6081732  0.012799874   -2.4419704 
   49000   0.60446729 -0.0047921887   -2.4213951 
   50000    0.5927849 -0.0013945957   -2.4901397 
Loop time of 12.2574 on 1 procs for 50000 steps with 1331 atoms

Performance: 1409765.005 tau/day, 4079.181 timesteps/s
99.8% CPU use with 1 MPI tasks x no OpenMP threads

MPI task timing breakdown:
Section |  min time  |  avg time  |  max time  |%varavg| %total
---------------------------------------------------------------
Pair    | 9.1521     | 9.1521     | 9.1521     |   0.0 | 74.67
Neigh   | 1.9077     | 1.9077     | 1.9077     |   0.0 | 15.56
Comm    | 0.24227    | 0.24227    | 0.24227    |   0.0 |  1.98
Output  | 0.024282   | 0.024282   | 0.024282   |   0.0 |  0.20
Modify  | 0.85165    | 0.85165    | 0.85165    |   0.0 |  6.95
Other   |            | 0.07931    |            |       |  0.65

Nlocal:    1331 ave 1331 max 1331 min
Histogram: 1 0 0 0 0 0 0 0 0 0
Nghost:    924 ave 924 max 924 min
Histogram: 1 0 0 0 0 0 0 0 0 0
Neighs:    27193 ave 27193 max 27193 min
Histogram: 1 0 0 0 0 0 0 0 0 0

Total # of neighbors = 27193
Ave neighs/atom = 20.4305
Neighbor list builds = 2500
Dangerous builds not checked

write_restart NVT/sim1/T_0.60__v_19.68/end1.restart
Total wall time: 0:00:12
