run 50000
Neighbor list info ...
  update every 20 steps, delay 0 steps, check no
  max neighbors/atom: 2000, page size: 100000
  master list distance cutoff = 2.8
  ghost atom cutoff = 2.8
  binsize = 1.4, bins = 20 20 20
  1 neighbor lists, perpetual/occasional/extra = 1 0 0
  (1) pair lj/cut, perpetual
      attributes: half, newton on
      pair build: half/bin/atomonly/newton
      stencil: half/bin/3d/newton
      bin: standard
Per MPI rank memory allocation (min/avg/max) = 2.724 | 2.724 | 2.724 Mbytes
Step Temp Press TotEng 
       0          0.5  0.031552252   0.73710746 
    1000   0.61897447  0.023355407   0.44765317 
    2000   0.54740538  0.018033334   0.13293439 
    3000   0.51825869 0.0066288917  -0.11230634 
    4000   0.54152747  0.011056623   -0.3229336 
    5000   0.53577333 -0.0034360429  -0.55310459 
    6000   0.52768054 -0.0031096506  -0.80366952 
    7000   0.53761426 0.0099073195   -1.0668171 
    8000   0.55462016 0.0054932635   -1.2993302 
    9000   0.53429996 0.0044887652   -1.5614875 
   10000   0.53204135 0.0018071856   -1.8033671 
   11000   0.50109511 -0.0046599209   -2.0199502 
   12000   0.51686792 -0.0021833804   -2.1958105 
   13000   0.50931262 -0.011969111   -2.3363718 
   14000   0.49134414 0.0042756962   -2.4352138 
   15000   0.50471053 0.0097781758   -2.4397081 
   16000    0.4966146 0.0030103156    -2.468636 
   17000   0.48455492 0.00068917628   -2.5131719 
   18000   0.51287228 -0.0071126035    -2.513097 
   19000   0.50670709 -0.001929914   -2.5183842 
   20000   0.50434674 0.0054198613   -2.5673657 
   21000   0.50061916 -0.00021077607   -2.6508857 
   22000   0.49810746  0.010814881   -2.6910754 
   23000    0.4888636  0.016848747   -2.7469831 
   24000   0.50613203 0.00048736253   -2.7592089 
   25000   0.49511233 -0.0048476178    -2.822251 
   26000   0.50304963 0.00032965443   -2.7902114 
   27000   0.51533422 -0.001681412   -2.7951395 
   28000   0.49668047 -0.010992383   -2.8675337 
   29000   0.50859972 0.0062513061   -2.9176295 
   30000   0.49527162 -0.0046229434   -2.9358609 
   31000   0.50619878 -0.0076231031   -2.9857938 
   32000   0.49379892 -0.0012343305   -3.0205711 
   33000   0.49891939 -0.011561585   -3.0815235 
   34000    0.5234197 0.0014834984   -3.1361396 
   35000    0.5094985 0.0010324707   -3.1788733 
   36000   0.50441927 0.0085677965   -3.2303036 
   37000   0.49835742 0.0068058388   -3.2212951 
   38000   0.50023653 0.0034585059   -3.1797336 
   39000   0.53938816 0.0036744547   -3.1444269 
   40000   0.49592355 -0.0085127074   -3.2231787 
   41000   0.50067506  0.011590647   -3.2903337 
   42000   0.50606874 0.0079368381   -3.3289261 
   43000   0.47662089 -0.0059313426   -3.3934371 
   44000   0.49692339 -0.012614998   -3.3842441 
   45000   0.51063206  0.010792144    -3.365532 
   46000   0.48168768  0.014890511   -3.4143078 
   47000   0.50561847  0.012311505   -3.4520281 
   48000   0.51204507 0.0053733006   -3.4032796 
   49000   0.50464798 -0.0018412961   -3.4336074 
   50000   0.48841756 -0.0029955127   -3.4695026 
Loop time of 16.7871 on 1 procs for 50000 steps with 1331 atoms

Performance: 1029360.082 tau/day, 2978.472 timesteps/s
99.9% CPU use with 1 MPI tasks x no OpenMP threads

MPI task timing breakdown:
Section |  min time  |  avg time  |  max time  |%varavg| %total
---------------------------------------------------------------
Pair    | 13.364     | 13.364     | 13.364     |   0.0 | 79.61
Neigh   | 2.2751     | 2.2751     | 2.2751     |   0.0 | 13.55
Comm    | 0.2057     | 0.2057     | 0.2057     |   0.0 |  1.23
Output  | 0.022687   | 0.022687   | 0.022687   |   0.0 |  0.14
Modify  | 0.84369    | 0.84369    | 0.84369    |   0.0 |  5.03
Other   |            | 0.07571    |            |       |  0.45

Nlocal:    1331 ave 1331 max 1331 min
Histogram: 1 0 0 0 0 0 0 0 0 0
Nghost:    536 ave 536 max 536 min
Histogram: 1 0 0 0 0 0 0 0 0 0
Neighs:    32478 ave 32478 max 32478 min
Histogram: 1 0 0 0 0 0 0 0 0 0

Total # of neighbors = 32478
Ave neighs/atom = 24.4012
Neighbor list builds = 2500
Dangerous builds not checked

write_restart NVT/sim1/T_0.50__v_15.62/end1.restart
Total wall time: 0:00:16
