run 50000
Neighbor list info ...
  update every 20 steps, delay 0 steps, check no
  max neighbors/atom: 2000, page size: 100000
  master list distance cutoff = 2.8
  ghost atom cutoff = 2.8
  binsize = 1.4, bins = 13 13 13
  1 neighbor lists, perpetual/occasional/extra = 1 0 0
  (1) pair lj/cut, perpetual
      attributes: half, newton on
      pair build: half/bin/atomonly/newton
      stencil: half/bin/3d/newton
      bin: standard
Per MPI rank memory allocation (min/avg/max) = 2.742 | 2.742 | 2.742 Mbytes
Step Temp Press TotEng 
       0          0.8  -0.15296005    0.5540255 
    1000   0.98436751   0.08931005 -0.064725657 
    2000   0.85735613 -0.0060182259  -0.56524891 
    3000   0.84445921  0.021619595  -0.92576218 
    4000   0.81285288 -0.025387965   -1.1760177 
    5000   0.80611588 -0.027941493   -1.3358451 
    6000   0.81656483  0.015317361   -1.4440955 
    7000   0.79705174  0.017680612   -1.6373691 
    8000    0.8140527  0.016292379   -1.7763207 
    9000   0.78750454  0.018298103   -1.8605555 
   10000   0.78765968 -0.030766859   -1.8715198 
   11000   0.82394696 -0.019335703   -1.8421919 
   12000   0.79566841 -0.0039614658   -1.9217717 
   13000   0.78183125  -0.02560155   -1.9687253 
   14000   0.79459757  0.014440386   -1.9348907 
   15000   0.79882098 -0.047813907   -2.0071785 
   16000   0.78767228 -0.013156021   -2.0492829 
   17000   0.76813762 -0.011393021   -2.1381546 
   18000   0.83703279 0.00050058078   -2.1050665 
   19000   0.82680647 -0.013654509    -2.010906 
   20000   0.82785859   -0.0129902   -2.0824028 
   21000   0.78180037 -0.030779226   -2.1413437 
   22000    0.7804139  0.010387047   -2.1557493 
   23000    0.7977928  -0.01037202   -2.0701522 
   24000   0.83792373  0.020608005   -2.0421473 
   25000   0.78014169 -0.019946584   -2.1473441 
   26000   0.79739129  0.040278863   -2.1341002 
   27000   0.77943249 -0.016437681   -2.0872833 
   28000    0.8285181 -0.031773958   -2.0712113 
   29000   0.80229635 -0.039679932   -2.1367079 
   30000   0.79422137  0.035034353    -2.164638 
   31000   0.79584276  0.020930864   -2.1762004 
   32000    0.8004911  0.013302564   -2.1803216 
   33000   0.79284154 -0.039075536   -2.0980928 
   34000   0.80936353  0.050839697   -2.0600412 
   35000   0.85112635  0.032364271   -2.0073507 
   36000   0.79214572 0.0068559619   -2.0722475 
   37000   0.78831536 -0.045535997   -2.1178225 
   38000   0.80337298 -0.0094706284   -2.0896673 
   39000   0.79309622  0.043335862   -2.1048096 
   40000   0.79615497 -0.015847225   -2.1842332 
   41000   0.80466841   0.07384351   -2.1352467 
   42000   0.80479827  0.045568395   -2.1556523 
   43000   0.81583232  0.014945777    -2.197482 
   44000   0.79744412  0.027137161   -2.2246087 
   45000   0.76547006 -0.023611753   -2.2390101 
   46000   0.79044185 -0.034590937   -2.1483445 
   47000   0.77992057 -0.014669097    -2.124735 
   48000   0.82754317  0.054706462    -2.053223 
   49000   0.84079885 -0.017963647   -2.0530881 
   50000   0.82187138  0.032935688   -2.1691812 
Loop time of 21.3835 on 1 procs for 50000 steps with 1331 atoms

Performance: 808101.545 tau/day, 2338.257 timesteps/s
99.9% CPU use with 1 MPI tasks x no OpenMP threads

MPI task timing breakdown:
Section |  min time  |  avg time  |  max time  |%varavg| %total
---------------------------------------------------------------
Pair    | 16.906     | 16.906     | 16.906     |   0.0 | 79.06
Neigh   | 3.2624     | 3.2624     | 3.2624     |   0.0 | 15.26
Comm    | 0.26079    | 0.26079    | 0.26079    |   0.0 |  1.22
Output  | 0.017273   | 0.017273   | 0.017273   |   0.0 |  0.08
Modify  | 0.85466    | 0.85466    | 0.85466    |   0.0 |  4.00
Other   |            | 0.08238    |            |       |  0.39

Nlocal:    1331 ave 1331 max 1331 min
Histogram: 1 0 0 0 0 0 0 0 0 0
Nghost:    889 ave 889 max 889 min
Histogram: 1 0 0 0 0 0 0 0 0 0
Neighs:    30927 ave 30927 max 30927 min
Histogram: 1 0 0 0 0 0 0 0 0 0

Total # of neighbors = 30927
Ave neighs/atom = 23.2359
Neighbor list builds = 2500
Dangerous builds not checked

write_restart NVT/sim1/T_0.80__v_4.10/end1.restart
Total wall time: 0:00:21
