run 50000
Neighbor list info ...
  update every 20 steps, delay 0 steps, check no
  max neighbors/atom: 2000, page size: 100000
  master list distance cutoff = 2.8
  ghost atom cutoff = 2.8
  binsize = 1.4, bins = 16 16 16
  1 neighbor lists, perpetual/occasional/extra = 1 0 0
  (1) pair lj/cut, perpetual
      attributes: half, newton on
      pair build: half/bin/atomonly/newton
      stencil: half/bin/3d/newton
      bin: standard
Per MPI rank memory allocation (min/avg/max) = 2.7 | 2.7 | 2.7 Mbytes
Step Temp Press Volume Density PotEng KinEng TotEng 
       0          0.2 -0.020428939        10648        0.125  -0.13561964   0.29977461   0.16415497 
    1000   0.69832421 -0.043186639    5377.2972   0.24752212   -1.8823219    1.0466993  -0.83562252 
    2000   0.59758029  -0.12658816    3228.9894   0.41220327   -3.4466872   0.89569698   -2.5509903 
    3000   0.49214155  -0.18548686     2110.213   0.63074202   -4.8449029   0.73765769   -4.1072452 
    4000   0.37413844 -0.042156619     1578.775   0.84305871    -5.698527   0.56078602   -5.1377409 
    5000   0.28569968   0.27666407    1404.3006   0.94780275   -6.2116159   0.42822754   -5.7833884 
    6000   0.20832321   0.28597811    1365.8184   0.97450732   -6.4445312   0.31225004   -6.1322811 
    7000   0.18638214   0.30150484    1354.8057   0.98242873   -6.5183594   0.27936316   -6.2389962 
    8000   0.19770765   0.38748297    1356.0922   0.98149671   -6.4930209   0.29633866   -6.1966823 
    9000   0.21642722    0.2413975    1357.4632   0.98050542    -6.509747   0.32439693   -6.1853501 
   10000    0.1895975   0.29130407    1350.9439   0.98523709   -6.5464704   0.28418258   -6.2622878 
   11000   0.19021981   0.39299324    1349.6418   0.98618758   -6.5383675   0.28511535   -6.2532522 
   12000     0.209469     0.373251    1352.8781   0.98382846   -6.5181159   0.31396744   -6.2041485 
   13000   0.19396239   0.25628918     1351.856   0.98457231   -6.5447144   0.29072499   -6.2539894 
   14000   0.19261342   0.32814643    1347.9057   0.98745782   -6.5633251   0.28870306    -6.274622 
   15000   0.20920616   0.38370909    1350.6378   0.98546034   -6.5343648   0.31357347   -6.2207914 
   16000   0.20462196   0.13633272    1354.1472   0.98290643   -6.5479006   0.30670233   -6.2411982 
   17000   0.18833765   0.30716612    1348.3984   0.98709696   -6.5579278   0.28229423   -6.2756335 
   18000   0.20552128   0.30835585    1350.7983   0.98534327   -6.5429471    0.3080503   -6.2348968 
   19000   0.20955206   0.19552821    1353.6714   0.98325193   -6.5454813   0.31409194   -6.2313894 
   20000   0.19260282   0.48342399    1344.3559   0.99006521   -6.5611075   0.28868717   -6.2724203 
   21000    0.1957097   0.12334454    1355.1449   0.98218279   -6.5448181   0.29334399   -6.2514741 
   22000   0.20996933   0.49711482    1347.0559   0.98808072   -6.5367544   0.31471736    -6.222037 
   23000   0.19557703   0.15090327    1352.5769   0.98404754   -6.5594025   0.29314514   -6.2662574 
   24000   0.19433939   0.31106267    1348.8539   0.98676365   -6.5550938   0.29129007   -6.2638038 
   25000   0.20973498   0.28592683    1351.9957   0.98447062    -6.542155    0.3143661   -6.2277889 
   26000   0.20095959   0.31162257    1349.1043   0.98658052    -6.554217   0.30121291   -6.2530041 
   27000   0.19472459   0.29084254    1348.1541   0.98727588   -6.5656626   0.29186743   -6.2737952 
   28000    0.2068285   0.26083855     1351.881    0.9845541   -6.5482287   0.31000965    -6.238219 
   29000   0.19838107   0.38731324    1348.6837   0.98688817   -6.5426729   0.29734803   -6.2453248 
   30000   0.19728671   0.14445955    1350.5374   0.98553362   -6.5761705   0.29570773   -6.2804627 
   31000   0.20702289   0.36550273    1346.7754   0.98828651   -6.5614082   0.31030103   -6.2511072 
   32000   0.20470717   0.19659598    1353.7465   0.98319735   -6.5447733   0.30683006   -6.2379433 
   33000   0.19928444   0.30075741    1346.2808   0.98864959   -6.5759274   0.29870208   -6.2772254 
   34000   0.19796537   0.30334771    1348.3679    0.9871193   -6.5633451   0.29672496   -6.2666202 
   35000   0.20957977   0.31799179    1350.0818   0.98586621   -6.5502043   0.31413347   -6.2360708 
   36000   0.20145012   0.32574126    1346.6975   0.98834371   -6.5693106   0.30194815   -6.2673624 
   37000   0.18765402   0.16270225    1350.1895   0.98578756   -6.5728943   0.28126955   -6.2916248 
   38000   0.20885947   0.49858818    1342.5587   0.99139056   -6.5691231   0.31305382   -6.2560693 
   39000   0.20552449   0.13025854    1351.7428   0.98465476   -6.5665671   0.30805511    -6.258512 
   40000    0.1939556   0.29349687    1345.4877   0.98923239   -6.5847582   0.29071482   -6.2940434 
   41000   0.20266573    0.3182008    1346.3542   0.98859568   -6.5748095    0.3037702   -6.2710393 
   42000    0.2041607   0.29962936    1349.2118   0.98650188   -6.5591733   0.30601097   -6.2531623 
   43000   0.20223103   0.32079751    1344.6858   0.98982232   -6.5884682   0.30311863   -6.2853496 
   44000   0.19677873   0.25508398    1347.4858   0.98776548   -6.5751868   0.29494633   -6.2802405 
   45000   0.20913411   0.27584862     1348.442   0.98706506   -6.5659691   0.31346547   -6.2525036 
   46000   0.20122628   0.42086064    1342.9737   0.99108418   -6.5804259   0.30161264   -6.2788133 
   47000   0.19193615   0.11272078    1350.5413   0.98553074   -6.5771504   0.28768792   -6.2894625 
   48000   0.20377925   0.41761583    1345.2348   0.98941837   -6.5632027   0.30543922   -6.2577635 
   49000   0.20161454   0.26389212    1347.1462   0.98801453   -6.5774946    0.3021946      -6.2753 
   50000   0.20153566    0.2780071    1344.1774   0.99019665   -6.5973645   0.30207637   -6.2952881 
Loop time of 43.1279 on 1 procs for 50000 steps with 1331 atoms

Performance: 400668.416 tau/day, 1159.341 timesteps/s
99.8% CPU use with 1 MPI tasks x no OpenMP threads

MPI task timing breakdown:
Section |  min time  |  avg time  |  max time  |%varavg| %total
---------------------------------------------------------------
Pair    | 35.009     | 35.009     | 35.009     |   0.0 | 81.18
Neigh   | 5.0689     | 5.0689     | 5.0689     |   0.0 | 11.75
Comm    | 0.74361    | 0.74361    | 0.74361    |   0.0 |  1.72
Output  | 0.026793   | 0.026793   | 0.026793   |   0.0 |  0.06
Modify  | 2.051      | 2.051      | 2.051      |   0.0 |  4.76
Other   |            | 0.2285     |            |       |  0.53

Nlocal:    1331 ave 1331 max 1331 min
Histogram: 1 0 0 0 0 0 0 0 0 0
Nghost:    3235 ave 3235 max 3235 min
Histogram: 1 0 0 0 0 0 0 0 0 0
Neighs:    58500 ave 58500 max 58500 min
Histogram: 1 0 0 0 0 0 0 0 0 0

Total # of neighbors = 58500
Ave neighs/atom = 43.9519
Neighbor list builds = 2500
Dangerous builds not checked

write_restart lattice_11_11_11__2_2_2/sim1/T_0.20__P_0.30/end1.restart
Total wall time: 0:00:43
