run 50000
Neighbor list info ...
  update every 20 steps, delay 0 steps, check no
  max neighbors/atom: 2000, page size: 100000
  master list distance cutoff = 2.8
  ghost atom cutoff = 2.8
  binsize = 1.4, bins = 8 8 8
  1 neighbor lists, perpetual/occasional/extra = 1 0 0
  (1) pair lj/cut, perpetual
      attributes: half, newton on
      pair build: half/bin/atomonly/newton
      stencil: half/bin/3d/newton
      bin: standard
Per MPI rank memory allocation (min/avg/max) = 2.797 | 2.797 | 2.797 Mbytes
Step Temp Press TotEng 
       0          0.4     105.1804    13.716441 
    1000    1.4584215    12.149634   -2.4994525 
    2000   0.56568497    4.9686009   -5.0562511 
    3000   0.36908082    2.8100394   -5.7124508 
    4000   0.37256364    2.7796293   -5.7125307 
    5000   0.43459238    3.5952886   -5.4832377 
    6000     0.386213    2.9164259   -5.6679898 
    7000   0.38343039    2.6547916   -5.7186884 
    8000   0.43607714    3.2214915   -5.5430822 
    9000   0.40416066    2.8572689    -5.657846 
   10000   0.37000914    2.7116926   -5.7274609 
   11000   0.42679121     3.080286   -5.5840147 
   12000   0.40706759    2.8889078   -5.6478318 
   13000   0.37789491    2.6185389   -5.7307628 
   14000   0.42207499    2.9937436   -5.6079362 
   15000   0.41322398     2.751921   -5.6641772 
   16000   0.37815242    2.4900732   -5.7521265 
   17000   0.42313505    2.7927913   -5.6451507 
   18000   0.41063213     2.758281   -5.6636063 
   19000   0.39165854     2.431787   -5.7490538 
   20000   0.41444521    2.7604513   -5.6562756 
   21000   0.40794966    2.8635251   -5.6510494 
   22000      0.37592    2.5648351   -5.7452044 
   23000   0.40672111    2.7518902   -5.6739044 
   24000   0.41639819    2.8078295   -5.6484834 
   25000   0.38447616    2.5004649   -5.7415211 
   26000   0.40396921    2.5556324   -5.7079814 
   27000   0.41486194    2.7404188   -5.6639233 
   28000   0.38614815    2.4922035   -5.7441457 
   29000   0.39988281    2.4239113   -5.7382391 
   30000   0.40599809    2.7188536   -5.6725376 
   31000   0.39647698     2.491291   -5.7273711 
   32000   0.38713125    2.4570379   -5.7480614 
   33000   0.41536292     2.605622   -5.6827113 
   34000   0.39708841    2.5018192   -5.7268819 
   35000   0.38765185    2.4165933   -5.7540184 
   36000   0.40226513    2.7287931   -5.6831603 
   37000   0.40490505    2.5200339   -5.7152235 
   38000   0.39415654     2.397055    -5.752794 
   39000   0.40880904    2.6035246   -5.6923938 
   40000   0.40352821    2.4898674   -5.7243294 
   41000   0.38502342    2.3860525   -5.7653583 
   42000    0.3949133    2.6424889   -5.7017737 
   43000   0.40085893    2.5203634   -5.7156369 
   44000   0.37785121    2.4786418   -5.7597962 
   45000   0.40038202    2.5634007   -5.7119164 
   46000   0.40266515    2.5405817   -5.7120664 
   47000   0.40041026    2.3502372   -5.7521682 
   48000   0.41067624    2.4938317   -5.7083127 
   49000   0.39706468     2.567486   -5.7147341 
   50000   0.38764132    2.3818236   -5.7591434 
Loop time of 51.041 on 1 procs for 50000 steps with 1331 atoms

Performance: 338551.596 tau/day, 979.605 timesteps/s
99.6% CPU use with 1 MPI tasks x no OpenMP threads

MPI task timing breakdown:
Section |  min time  |  avg time  |  max time  |%varavg| %total
---------------------------------------------------------------
Pair    | 42.564     | 42.564     | 42.564     |   0.0 | 83.39
Neigh   | 6.1601     | 6.1601     | 6.1601     |   0.0 | 12.07
Comm    | 0.94683    | 0.94683    | 0.94683    |   0.0 |  1.86
Output  | 0.028382   | 0.028382   | 0.028382   |   0.0 |  0.06
Modify  | 1.0941     | 1.0941     | 1.0941     |   0.0 |  2.14
Other   |            | 0.2478     |            |       |  0.49

Nlocal:    1331 ave 1331 max 1331 min
Histogram: 1 0 0 0 0 0 0 0 0 0
Nghost:    3255 ave 3255 max 3255 min
Histogram: 1 0 0 0 0 0 0 0 0 0
Neighs:    59127 ave 59127 max 59127 min
Histogram: 1 0 0 0 0 0 0 0 0 0

Total # of neighbors = 59127
Ave neighs/atom = 44.423
Neighbor list builds = 2500
Dangerous builds not checked

write_restart NVT/sim1/T_0.40__v_0.73/end1.restart
Total wall time: 0:00:51
