run 50000
Neighbor list info ...
  update every 20 steps, delay 0 steps, check no
  max neighbors/atom: 2000, page size: 100000
  master list distance cutoff = 2.8
  ghost atom cutoff = 2.8
  binsize = 1.4, bins = 14 14 14
  1 neighbor lists, perpetual/occasional/extra = 1 0 0
  (1) pair lj/cut, perpetual
      attributes: half, newton on
      pair build: half/bin/atomonly/newton
      stencil: half/bin/3d/newton
      bin: standard
Per MPI rank memory allocation (min/avg/max) = 2.746 | 2.746 | 2.746 Mbytes
Step Temp Press TotEng 
       0          1.6   0.10351739    1.9758628 
    1000    1.6841219   0.28709736    1.4356653 
    2000    1.5121196   0.24421938    1.1701857 
    3000    1.6212968   0.24275616    1.3161788 
    4000    1.5792623    0.2575121    1.2516469 
    5000    1.6103727   0.26327113    1.2940298 
    6000    1.5994845    0.2362775    1.2454105 
    7000    1.5975081    0.2674911    1.2442988 
    8000    1.6056384   0.23923654    1.2828811 
    9000    1.5594601   0.26798193     1.198722 
   10000    1.5530643   0.27596707    1.2157953 
   11000     1.617339   0.23918517    1.2757448 
   12000    1.5693309   0.25843306    1.1870432 
   13000    1.6506345   0.24148469    1.3536493 
   14000    1.5909052   0.24407582    1.2327044 
   15000    1.5822606   0.22098098    1.2413568 
   16000    1.5996965   0.24117971     1.272147 
   17000     1.615396   0.24898784    1.2496185 
   18000    1.6132069   0.30465183    1.3386475 
   19000    1.5986221   0.23757006    1.2387344 
   20000    1.6069013   0.27846222    1.2847341 
   21000    1.5704692   0.22819406    1.2518988 
   22000    1.6189459    0.2791915    1.3065179 
   23000    1.5857082   0.25317931    1.2738265 
   24000    1.5842752   0.24136926    1.2490869 
   25000    1.6514905   0.26487829    1.3324342 
   26000    1.5866259   0.23548764    1.2264216 
   27000    1.6331214    0.2829029    1.3295784 
   28000    1.5575552   0.25573592    1.2128321 
   29000    1.6238005   0.24310858    1.2560514 
   30000    1.5896624   0.23994746    1.2469191 
   31000    1.5620541   0.25840872    1.2001411 
   32000    1.6152452   0.24519128    1.3184801 
   33000    1.5528651    0.2738732    1.2118839 
   34000    1.6560401   0.27372258    1.3724124 
   35000    1.5900037   0.22336728    1.2252714 
   36000    1.5993143   0.26834366    1.3022587 
   37000     1.665818   0.25937997    1.3669266 
   38000    1.5720939   0.22549265    1.2402303 
   39000    1.5886941   0.24508613    1.2827094 
   40000    1.5984316   0.21721144    1.2330421 
   41000     1.624906   0.26706283    1.3270658 
   42000    1.5796805   0.23720262    1.2328017 
   43000    1.6797705   0.27044908    1.4017543 
   44000    1.5707194     0.223267    1.2110918 
   45000    1.6052707    0.2525494    1.2875716 
   46000    1.6162747   0.25487708    1.2984784 
   47000    1.5590881    0.2197892    1.2115831 
   48000    1.6190309   0.25181789    1.3262454 
   49000    1.5076729   0.23169967    1.1483042 
   50000    1.6139482   0.22977451    1.2466099 
Loop time of 11.8048 on 1 procs for 50000 steps with 1331 atoms

Performance: 1463805.274 tau/day, 4235.548 timesteps/s
99.8% CPU use with 1 MPI tasks x no OpenMP threads

MPI task timing breakdown:
Section |  min time  |  avg time  |  max time  |%varavg| %total
---------------------------------------------------------------
Pair    | 7.903      | 7.903      | 7.903      |   0.0 | 66.95
Neigh   | 2.5157     | 2.5157     | 2.5157     |   0.0 | 21.31
Comm    | 0.42406    | 0.42406    | 0.42406    |   0.0 |  3.59
Output  | 0.022743   | 0.022743   | 0.022743   |   0.0 |  0.19
Modify  | 0.84086    | 0.84086    | 0.84086    |   0.0 |  7.12
Other   |            | 0.09857    |            |       |  0.83

Nlocal:    1331 ave 1331 max 1331 min
Histogram: 1 0 0 0 0 0 0 0 0 0
Nghost:    1551 ave 1551 max 1551 min
Histogram: 1 0 0 0 0 0 0 0 0 0
Neighs:    12069 ave 12069 max 12069 min
Histogram: 1 0 0 0 0 0 0 0 0 0

Total # of neighbors = 12069
Ave neighs/atom = 9.06762
Neighbor list builds = 2500
Dangerous builds not checked

write_restart NVT/sim1/T_1.60__v_4.91/end1.restart
Total wall time: 0:00:11
