run 50000
Neighbor list info ...
  update every 20 steps, delay 0 steps, check no
  max neighbors/atom: 2000, page size: 100000
  master list distance cutoff = 2.8
  ghost atom cutoff = 2.8
  binsize = 1.4, bins = 9 9 9
  1 neighbor lists, perpetual/occasional/extra = 1 0 0
  (1) pair lj/cut, perpetual
      attributes: half, newton on
      pair build: half/bin/atomonly/newton
      stencil: half/bin/3d/newton
      bin: standard
Per MPI rank memory allocation (min/avg/max) = 2.73 | 2.73 | 2.73 Mbytes
Step Temp Press TotEng 
       0          1.6     13.54712  -0.32087429 
    1000    1.8313534    4.2236502   -1.2618935 
    2000    1.5216199    3.5506671   -1.8303375 
    3000    1.5988429    3.7438798     -1.67105 
    4000    1.5950535    3.9542791   -1.6211232 
    5000    1.5748155    3.3185639   -1.7953087 
    6000    1.6587239    3.7880664   -1.6044569 
    7000    1.5916199    3.6467362   -1.7178906 
    8000    1.5819939    3.5385984   -1.7263581 
    9000    1.6450862    3.7469439   -1.6165284 
   10000    1.5671506    3.4740286   -1.7586359 
   11000    1.6596051    3.7307122   -1.5991918 
   12000    1.6147769    3.6947424   -1.6612066 
   13000    1.5610667    3.8090151   -1.7108047 
   14000    1.6558921    3.9073582   -1.5407307 
   15000    1.5771565     3.833949   -1.6975289 
   16000    1.6216456    3.4614107   -1.7053663 
   17000    1.6162541    3.8812682    -1.629331 
   18000    1.5989565    3.7114577   -1.6950561 
   19000     1.582656    3.5692184   -1.7334218 
   20000    1.5914201    3.8638189   -1.6516598 
   21000    1.5964318    3.6569624   -1.6962514 
   22000    1.6427105    3.5276417    -1.667446 
   23000    1.5894679    3.9041405   -1.6621167 
   24000    1.5623082    3.6611381   -1.7519179 
   25000    1.6823283    3.6027654   -1.5854413 
   26000    1.6018634    3.6465593   -1.7047431 
   27000    1.5937096    3.7493226   -1.6847671 
   28000    1.6443656    3.7231516   -1.6041874 
   29000    1.5747082    3.6957475     -1.72278 
   30000    1.6225468    3.7200672   -1.6283037 
   31000    1.6099767    3.7753026   -1.6341786 
   32000    1.5156766    3.8912727   -1.7283874 
   33000    1.6693101    3.6297661   -1.6128742 
   34000    1.5660304    3.3432838   -1.8076713 
   35000    1.6186529    3.6770239   -1.6652485 
   36000     1.583723     3.747658   -1.7019879 
   37000    1.5056313    3.5840829   -1.8330037 
   38000     1.615942    3.6090067   -1.6638026 
   39000    1.6211324    3.3655286   -1.7318321 
   40000    1.5977371    3.8338812   -1.6719469 
   41000     1.627497    3.7358347   -1.6241843 
   42000    1.5575166    3.7358816   -1.7389748 
   43000    1.5884008    3.9201696   -1.6527401 
   44000    1.6271957    3.9686991   -1.5982831 
   45000    1.5751683     3.481096   -1.7628531 
   46000    1.5837893    4.0513112   -1.6185912 
   47000    1.6107771    3.8471506   -1.6417551 
   48000    1.5870328    3.6521141   -1.7245193 
   49000    1.6711711    3.5186077    -1.623021 
   50000    1.6115851    3.6094717   -1.6913587 
Loop time of 34.3728 on 1 procs for 50000 steps with 1331 atoms

Performance: 502723.175 tau/day, 1454.639 timesteps/s
99.9% CPU use with 1 MPI tasks x no OpenMP threads

MPI task timing breakdown:
Section |  min time  |  avg time  |  max time  |%varavg| %total
---------------------------------------------------------------
Pair    | 28.247     | 28.247     | 28.247     |   0.0 | 82.18
Neigh   | 4.4149     | 4.4149     | 4.4149     |   0.0 | 12.84
Comm    | 0.69863    | 0.69863    | 0.69863    |   0.0 |  2.03
Output  | 0.027682   | 0.027682   | 0.027682   |   0.0 |  0.08
Modify  | 0.851      | 0.851      | 0.851      |   0.0 |  2.48
Other   |            | 0.1335     |            |       |  0.39

Nlocal:    1331 ave 1331 max 1331 min
Histogram: 1 0 0 0 0 0 0 0 0 0
Nghost:    2863 ave 2863 max 2863 min
Histogram: 1 0 0 0 0 0 0 0 0 0
Neighs:    45981 ave 45981 max 45981 min
Histogram: 1 0 0 0 0 0 0 0 0 0

Total # of neighbors = 45981
Ave neighs/atom = 34.5462
Neighbor list builds = 2500
Dangerous builds not checked

write_restart NVT/sim1/T_1.60__v_1.00/end1.restart
Total wall time: 0:00:34
