run 50000
Neighbor list info ...
  update every 20 steps, delay 0 steps, check no
  max neighbors/atom: 2000, page size: 100000
  master list distance cutoff = 2.8
  ghost atom cutoff = 2.8
  binsize = 1.4, bins = 19 19 19
  1 neighbor lists, perpetual/occasional/extra = 1 0 0
  (1) pair lj/cut, perpetual
      attributes: half, newton on
      pair build: half/bin/atomonly/newton
      stencil: half/bin/3d/newton
      bin: standard
Per MPI rank memory allocation (min/avg/max) = 2.717 | 2.717 | 2.717 Mbytes
Step Temp Press TotEng 
       0          0.8  0.049480733    1.1744838 
    1000   0.90809218  0.047847911   0.84614182 
    2000   0.80505596   0.04104031   0.56208721 
    3000   0.79912131  0.036020096   0.48424256 
    4000   0.79342443  0.039909101   0.46170835 
    5000   0.81813068   0.03216765   0.42801157 
    6000    0.7999696  0.025136903   0.41497237 
    7000   0.83542477  0.038905062   0.43303777 
    8000   0.77098572  0.031967162   0.33914235 
    9000   0.82795194  0.030324724   0.40841656 
   10000   0.79145818  0.036802876   0.32222611 
   11000   0.80797889  0.029976965    0.3667918 
   12000   0.81015217  0.039420375   0.41054798 
   13000   0.80283931   0.02615127   0.31755905 
   14000   0.80520011  0.024442705   0.33572178 
   15000   0.82170538  0.027960324   0.40245262 
   16000   0.79404844  0.024072979   0.34114337 
   17000   0.80235174  0.029252146   0.29921268 
   18000    0.7539288  0.024464034    0.2237355 
   19000   0.80693348  0.032189862   0.30060151 
   20000   0.78176238  0.028021959   0.21384617 
   21000   0.78491232   0.02853803   0.21889548 
   22000   0.82263634  0.030823087   0.23631557 
   23000   0.78805208  0.023990425    0.1987942 
   24000   0.82923569  0.028062624   0.25285522 
   25000   0.77747393   0.03585578   0.15611866 
   26000   0.82968082   0.02587485   0.20955415 
   27000   0.77461647  0.031010598   0.14321114 
   28000   0.81385203  0.027356427   0.16948057 
   29000   0.79509842   0.02894681   0.14563403 
   30000   0.85036181  0.030391114   0.24212038 
   31000   0.79076845  0.026876009    0.1350175 
   32000    0.8069716  0.028316849   0.13183607 
   33000   0.79279665  0.034388563  0.064762754 
   34000   0.80640366  0.032623041  0.019962157 
   35000   0.84826154  0.027871528   0.10452784 
   36000   0.79022962  0.033719583  0.012929656 
   37000   0.79909177  0.025376214  0.023525874 
   38000   0.81441209  0.035715198  0.096233804 
   39000   0.79537096  0.018552054 -0.020971721 
   40000   0.79513008  0.033375585  0.010231242 
   41000   0.80825682   0.02898638   0.05055345 
   42000   0.78491378  0.028776427 -0.031833227 
   43000   0.78608026  0.031459429 -0.036112821 
   44000   0.77183412  0.029356955 -0.097121501 
   45000   0.81880072  0.030777318 -0.053315934 
   46000     0.794746  0.036072259 -0.095901302 
   47000   0.81266975  0.026586411 -0.063744955 
   48000   0.81198748   0.02412116 -0.081198277 
   49000   0.79416337  0.030878342  -0.11645625 
   50000   0.80410718  0.028370681 -0.095676688 
Loop time of 7.94051 on 1 procs for 50000 steps with 1331 atoms

Performance: 2176181.666 tau/day, 6296.822 timesteps/s
99.8% CPU use with 1 MPI tasks x no OpenMP threads

MPI task timing breakdown:
Section |  min time  |  avg time  |  max time  |%varavg| %total
---------------------------------------------------------------
Pair    | 5.0827     | 5.0827     | 5.0827     |   0.0 | 64.01
Neigh   | 1.6053     | 1.6053     | 1.6053     |   0.0 | 20.22
Comm    | 0.3025     | 0.3025     | 0.3025     |   0.0 |  3.81
Output  | 0.023265   | 0.023265   | 0.023265   |   0.0 |  0.29
Modify  | 0.84238    | 0.84238    | 0.84238    |   0.0 | 10.61
Other   |            | 0.08437    |            |       |  1.06

Nlocal:    1331 ave 1331 max 1331 min
Histogram: 1 0 0 0 0 0 0 0 0 0
Nghost:    1026 ave 1026 max 1026 min
Histogram: 1 0 0 0 0 0 0 0 0 0
Neighs:    10813 ave 10813 max 10813 min
Histogram: 1 0 0 0 0 0 0 0 0 0

Total # of neighbors = 10813
Ave neighs/atom = 8.12397
Neighbor list builds = 2500
Dangerous builds not checked

write_restart NVT/sim1/T_0.80__v_13.82/end1.restart
Total wall time: 0:00:07
