run 50000
Neighbor list info ...
  update every 20 steps, delay 0 steps, check no
  max neighbors/atom: 2000, page size: 100000
  master list distance cutoff = 2.8
  ghost atom cutoff = 2.8
  binsize = 1.4, bins = 12 12 12
  1 neighbor lists, perpetual/occasional/extra = 1 0 0
  (1) pair lj/cut, perpetual
      attributes: half, newton on
      pair build: half/bin/atomonly/newton
      stencil: half/bin/3d/newton
      bin: standard
Per MPI rank memory allocation (min/avg/max) = 2.738 | 2.738 | 2.738 Mbytes
Step Temp Press TotEng 
       0          1.5  -0.47217507   0.76888704 
    1000    1.5147548   0.37872379   0.43237875 
    2000    1.4459279   0.35009306   0.29569986 
    3000    1.5410347   0.33788714   0.42509172 
    4000    1.4580788   0.33643966   0.31340087 
    5000    1.5243224   0.42987598   0.47017109 
    6000    1.4469358     0.293452    0.2981896 
    7000    1.5054618   0.39753465    0.4167484 
    8000    1.4838382   0.36952734   0.35798464 
    9000    1.4886555   0.32220702   0.33962289 
   10000    1.5167149    0.3678411   0.40172991 
   11000    1.4322859     0.326555    0.2738893 
   12000     1.538292   0.36745378   0.40172297 
   13000    1.4904312    0.3523291   0.39065963 
   14000    1.4456269   0.30011902   0.28053269 
   15000    1.5067525   0.41691093   0.43926737 
   16000    1.4858584   0.34412879   0.33195705 
   17000    1.5637737   0.33182173   0.46554349 
   18000    1.4989138   0.36762287   0.39721337 
   19000    1.5188646   0.35147042   0.38176677 
   20000    1.5838499   0.30573022   0.43519203 
   21000    1.4693513   0.33981007   0.31967222 
   22000    1.5377028   0.35491922   0.43954828 
   23000    1.4346826   0.35972231   0.30267186 
   24000    1.5572535   0.38212378   0.48295666 
   25000    1.4811293   0.30402067   0.34528003 
   26000    1.5535353   0.39418531   0.47610296 
   27000    1.4384453   0.27707734   0.28985098 
   28000    1.5335613   0.42697786    0.4345829 
   29000    1.5005661    0.3142364     0.358436 
   30000    1.4831682   0.31107683   0.31367623 
   31000    1.5278772   0.33284563   0.44577017 
   32000    1.4680676   0.33285174   0.31953729 
   33000    1.5430881   0.40909249   0.47697648 
   34000    1.4705881    0.3963492   0.37707222 
   35000    1.4826726     0.376736   0.38294886 
   36000       1.5521   0.35031526   0.47790775 
   37000    1.5078142   0.38491886   0.38215513 
   38000    1.4904719   0.37738167   0.37422166 
   39000     1.488739   0.40143032    0.4093861 
   40000     1.477639   0.33698102   0.33491136 
   41000    1.5403771   0.33312291    0.4327658 
   42000    1.4668156   0.33796866   0.36594357 
   43000    1.4941493   0.38713794    0.4022424 
   44000    1.4990883   0.29789623   0.38964407 
   45000    1.4884811   0.33804943   0.38363235 
   46000    1.5616488   0.42268655   0.46041278 
   47000    1.4746155   0.30875077   0.31211703 
   48000    1.5050703   0.29363722   0.38211398 
   49000    1.5157355    0.3491485   0.41313731 
   50000    1.4421434   0.35124951   0.31646756 
Loop time of 17.1129 on 1 procs for 50000 steps with 1331 atoms

Performance: 1009762.439 tau/day, 2921.766 timesteps/s
99.9% CPU use with 1 MPI tasks x no OpenMP threads

MPI task timing breakdown:
Section |  min time  |  avg time  |  max time  |%varavg| %total
---------------------------------------------------------------
Pair    | 12.661     | 12.661     | 12.661     |   0.0 | 73.98
Neigh   | 2.9666     | 2.9666     | 2.9666     |   0.0 | 17.34
Comm    | 0.50768    | 0.50768    | 0.50768    |   0.0 |  2.97
Output  | 0.023607   | 0.023607   | 0.023607   |   0.0 |  0.14
Modify  | 0.84744    | 0.84744    | 0.84744    |   0.0 |  4.95
Other   |            | 0.1069     |            |       |  0.62

Nlocal:    1331 ave 1331 max 1331 min
Histogram: 1 0 0 0 0 0 0 0 0 0
Nghost:    1916 ave 1916 max 1916 min
Histogram: 1 0 0 0 0 0 0 0 0 0
Neighs:    19950 ave 19950 max 19950 min
Histogram: 1 0 0 0 0 0 0 0 0 0

Total # of neighbors = 19950
Ave neighs/atom = 14.9887
Neighbor list builds = 2500
Dangerous builds not checked

write_restart NVT/sim1/T_1.50__v_2.74/end1.restart
Total wall time: 0:00:17
