run 50000
Neighbor list info ...
  update every 20 steps, delay 0 steps, check no
  max neighbors/atom: 2000, page size: 100000
  master list distance cutoff = 2.8
  ghost atom cutoff = 2.8
  binsize = 1.4, bins = 16 16 16
  1 neighbor lists, perpetual/occasional/extra = 1 0 0
  (1) pair lj/cut, perpetual
      attributes: half, newton on
      pair build: half/bin/atomonly/newton
      stencil: half/bin/3d/newton
      bin: standard
Per MPI rank memory allocation (min/avg/max) = 2.7 | 2.7 | 2.7 Mbytes
Step Temp Press Volume Density PotEng KinEng TotEng 
       0          1.3   0.11696776        10648        0.125  -0.13561964    1.9485349    1.8129153 
    1000    1.7883836   0.30098032    6815.4248    0.1952923   -1.0827553    2.6805599    1.5978046 
    2000    1.5299376   0.31863531    5040.6897   0.26405117   -1.4960187    2.2931823   0.79716354 
    3000    1.4180433   0.34630465    3930.3634   0.33864553   -1.9768028    2.1254668   0.14866401 
    4000    1.3841416   0.37133858    3188.6739   0.41741491   -2.4285573    2.0746525  -0.35390483 
    5000    1.3264037    0.5366207    2703.7591   0.49227759   -2.7760287    1.9881108  -0.78791794 
    6000    1.3285942   0.54044006    2384.0172   0.55830133   -3.1488001     1.991394   -1.1574061 
    7000    1.3020346   0.79612513    2204.0991   0.60387485   -3.4289966    1.9515846    -1.477412 
    8000    1.2940184   0.79924256    2108.8391   0.63115294   -3.5938995    1.9395693   -1.6543302 
    9000    1.2561938    1.0004327    2090.5245   0.63668233   -3.6037296    1.8828751   -1.7208545 
   10000    1.2835886   0.96162382    2116.2182   0.62895217   -3.5525027    1.9239363   -1.6285665 
   11000    1.3268889    0.7306978    2139.5024   0.62210727   -3.5611948    1.9888381   -1.5723568 
   12000    1.3260735   0.90937315    2105.2975    0.6322147    -3.608836    1.9876158   -1.6212202 
   13000    1.3121634     0.793708     2102.402    0.6330854   -3.6473163    1.9667663     -1.68055 
   14000    1.3013689   0.81762241    2131.5933   0.62441555   -3.5821115    1.9505867   -1.6315248 
   15000     1.296141    0.8346229    2139.8832   0.62199657   -3.5263118    1.9427508    -1.583561 
   16000    1.3192737   0.77936362    2100.2033   0.63374818   -3.6195175    1.9774237   -1.6420939 
   17000    1.3297923   0.82405253    2076.9539   0.64084234   -3.6903123    1.9931898   -1.6971224 
   18000    1.3045121   0.77190551    2118.9354   0.62814563   -3.5875837     1.955298   -1.6322857 
   19000    1.3008527   0.87807321     2145.243   0.62044252   -3.5488099     1.949813   -1.5989968 
   20000     1.320025   0.70387718    2104.7097   0.63239125   -3.6593794    1.9785498   -1.6808295 
   21000    1.2636009   0.78126114     2091.414   0.63641155   -3.6365911    1.8939773   -1.7426138 
   22000    1.2999876    1.0043518    2101.6048   0.63332555   -3.5759542    1.9485164   -1.6274378 
   23000    1.3451957    1.0007261    2120.8577   0.62757629   -3.5400293    2.0162775   -1.5237518 
   24000    1.3196378   0.78406685    2130.1229   0.62484656   -3.5766651    1.9779695   -1.5986956 
   25000    1.2523519    1.0321182    2104.9425   0.63232132   -3.5722838    1.8771165   -1.6951673 
   26000    1.2490579   0.95193877    2084.5778    0.6384986   -3.6365713    1.8721792    -1.764392 
   27000    1.3082008   0.94812569    2089.5533   0.63697826   -3.6349218    1.9608268   -1.6740949 
   28000    1.3176699   0.90533831    2116.8486   0.62876485   -3.5755715    1.9750199   -1.6005516 
   29000    1.2917786   0.91420228    2145.7441   0.62029765   -3.5104804    1.9362121   -1.5742683 
   30000    1.2968882   0.97748761    2111.2118   0.63044362   -3.5771295    1.9438708   -1.6332588 
   31000     1.271695    0.7549689    2102.4315    0.6330765    -3.643609    1.9061093   -1.7374998 
   32000    1.2899614    0.8078466    2121.4965   0.62738732   -3.5909663    1.9334883    -1.657478 
   33000    1.3420404    1.0572969    2091.1461   0.63649306   -3.6148005    2.0115481   -1.6032524 
   34000    1.3591604    1.0720085    2088.0104   0.63744892   -3.5973479    2.0372089   -1.5601391 
   35000    1.3051464   0.93927516    2127.3644   0.62565679   -3.5441467    1.9562487   -1.5878981 
   36000    1.2918143     0.824639    2135.3299    0.6233229   -3.5537245    1.9362655    -1.617459 
   37000    1.2586507   0.91680611    2127.8639   0.62550994   -3.5466461    1.8865576   -1.6600885 
   38000    1.3057217   0.80642067    2093.6177   0.63574167   -3.6236038    1.9571111   -1.6664927 
   39000    1.3108565    1.0843945     2076.185   0.64107969    -3.619196    1.9648074   -1.6543886 
   40000    1.3065362    1.0368573    2130.5357   0.62472551    -3.517635    1.9583318   -1.5593032 
   41000    1.3399443   0.80262967    2135.7408   0.62320295   -3.5717191    2.0084064   -1.5633127 
   42000    1.2943403   0.87605113    2089.6234   0.63695689   -3.6364347    1.9400517    -1.696383 
   43000    1.3293016   0.86953341    2106.6248   0.63181635   -3.5865112    1.9924544   -1.5940569 
   44000    1.3342472    1.0104081    2134.1906   0.62365563   -3.5162508    1.9998672   -1.5163836 
   45000    1.2448856    0.9306429    2129.3577   0.62507112    -3.522442    1.8659254   -1.6565166 
   46000     1.255726   0.95539172    2110.7994    0.6305668   -3.5585658    1.8821738   -1.6763919 
   47000    1.3222415   0.92707232    2130.3638   0.62477593   -3.5441212    1.9818721   -1.5622491 
   48000    1.3507543   0.85949647    2163.4073    0.6152332   -3.5008234    2.0246092   -1.4762142 
   49000     1.304401    0.9215579    2116.6072   0.62883658   -3.5646375    1.9551315    -1.609506 
   50000    1.3115559   0.91379952    2091.5305   0.63637608   -3.6197725    1.9658557   -1.6539168 
Loop time of 34.5668 on 1 procs for 50000 steps with 1331 atoms

Performance: 499901.298 tau/day, 1446.474 timesteps/s
99.8% CPU use with 1 MPI tasks x no OpenMP threads

MPI task timing breakdown:
Section |  min time  |  avg time  |  max time  |%varavg| %total
---------------------------------------------------------------
Pair    | 26.862     | 26.862     | 26.862     |   0.0 | 77.71
Neigh   | 4.414      | 4.414      | 4.414      |   0.0 | 12.77
Comm    | 0.76842    | 0.76842    | 0.76842    |   0.0 |  2.22
Output  | 0.028018   | 0.028018   | 0.028018   |   0.0 |  0.08
Modify  | 2.3353     | 2.3353     | 2.3353     |   0.0 |  6.76
Other   |            | 0.1589     |            |       |  0.46

Nlocal:    1331 ave 1331 max 1331 min
Histogram: 1 0 0 0 0 0 0 0 0 0
Nghost:    2600 ave 2600 max 2600 min
Histogram: 1 0 0 0 0 0 0 0 0 0
Neighs:    38215 ave 38215 max 38215 min
Histogram: 1 0 0 0 0 0 0 0 0 0

Total # of neighbors = 38215
Ave neighs/atom = 28.7115
Neighbor list builds = 2500
Dangerous builds not checked

write_restart lattice_11_11_11__2_2_2/sim1/T_1.30__P_0.90/end1.restart
Total wall time: 0:00:34
