run 50000
Neighbor list info ...
  update every 20 steps, delay 0 steps, check no
  max neighbors/atom: 2000, page size: 100000
  master list distance cutoff = 2.8
  ghost atom cutoff = 2.8
  binsize = 1.4, bins = 16 16 16
  1 neighbor lists, perpetual/occasional/extra = 1 0 0
  (1) pair lj/cut, perpetual
      attributes: half, newton on
      pair build: half/bin/atomonly/newton
      stencil: half/bin/3d/newton
      bin: standard
Per MPI rank memory allocation (min/avg/max) = 2.7 | 2.7 | 2.7 Mbytes
Step Temp Press Volume Density PotEng KinEng TotEng 
       0          0.9  0.067005321        10648        0.125  -0.13561964    1.3489857    1.2133661 
    1000    1.5689869    0.3064616    5341.6461   0.24917413   -1.4516071    2.3517121   0.90010498 
    2000    1.3391961   0.28989896    3475.7877   0.38293478   -2.2737362    2.0072849  -0.26645128 
    3000    1.1992544   0.30820515    2485.7672   0.53544836   -3.1436975    1.7975301   -1.3461674 
    4000    1.1135159   0.95782197    1947.2592   0.68352484   -3.9528293    1.6690189   -2.2838104 
    5000    1.0257006    1.1805029    1717.9736   0.77474996   -4.5893338     1.537395   -3.0519388 
    6000   0.89543982    1.5536088      1621.05   0.82107278   -4.8980189    1.3421506   -3.5558683 
    7000   0.87069677    1.5661696     1595.108   0.83442626   -4.9992683    1.3050639   -3.6942044 
    8000   0.90624706    1.6947139    1614.3128   0.82449943   -4.8886483    1.3583493   -3.5302991 
    9000   0.94764705    1.4656968    1630.2903   0.81641903   -4.8694253    1.4204026   -3.4490227 
   10000   0.88536141    1.6897888    1610.8983   0.82624709   -4.9084187    1.3270443   -3.5813744 
   11000   0.89212452    1.6089846     1596.465   0.83371698   -4.9876442    1.3371814   -3.6504628 
   12000   0.88191487    1.7087472    1613.4842   0.82492286   -4.8711721    1.3218784   -3.5492937 
   13000   0.92830984    1.5978993     1626.648   0.81824711   -4.8660058    1.3914186   -3.4745873 
   14000   0.90088939    1.4310016    1621.4824   0.82085379   -4.8991795    1.3503188   -3.5488607 
   15000   0.86643568    1.9360864    1595.3454   0.83430208   -4.9160698    1.2986771   -3.6173927 
   16000   0.88741346    1.3715388    1625.1738   0.81898931   -4.9089814    1.3301201   -3.5788613 
   17000   0.94799024    1.7588238    1616.9796   0.82313963   -4.8792346     1.420917   -3.4583176 
   18000   0.88816945    1.4724483    1625.6167    0.8187662   -4.8815571    1.3312532   -3.5503038 
   19000   0.91500179     1.584426    1603.8524   0.82987688   -4.9664703    1.3714715   -3.5949988 
   20000   0.91645916    1.3536419    1619.4076   0.82190549    -4.937584    1.3736559   -3.5639281 
   21000   0.92174105    1.4590299    1624.1921   0.81948435   -4.8922381    1.3815728   -3.5106653 
   22000   0.89675841    1.9331522    1603.6843   0.82996384   -4.8933484     1.344127   -3.5492214 
   23000    0.8912031    1.3402738    1622.8092   0.82018269   -4.9362624    1.3358003   -3.6004621 
   24000   0.90334597    1.6421306    1614.7173   0.82429289   -4.8836896    1.3540009   -3.5296887 
   25000   0.91464923    1.5685027    1617.2857   0.82298386   -4.8892018    1.3709431   -3.5182587 
   26000    0.8852779    1.5112124    1613.3206   0.82500653    -4.924917    1.3269192   -3.5979979 
   27000    0.8922674    1.9568438    1599.2003   0.83229097   -4.9064834    1.3373955   -3.5690879 
   28000   0.87734878    1.5304462    1628.8216   0.81715515    -4.862067    1.3150344   -3.5470326 
   29000   0.91057771    1.8372974    1607.3616   0.82806506   -4.8996849    1.3648404   -3.5348445 
   30000    0.9031839    1.6340532    1601.7298   0.83097661   -4.9441672     1.353758   -3.5904092 
   31000   0.90994612    1.4194897    1613.0044   0.82516825   -4.9578766    1.3638937   -3.5939829 
   32000   0.91187353    1.6296365    1615.3691   0.82396029   -4.9038601    1.3667826   -3.5370774 
   33000     0.889511    1.5573258    1618.4827   0.82237516   -4.8950392     1.333264   -3.5617752 
   34000     0.884098    1.9379321    1602.9499   0.83034409   -4.8849025    1.3251506   -3.5597518 
   35000   0.88362544    1.4210992    1626.7538    0.8181939   -4.8932579    1.3244423   -3.5688156 
   36000   0.92247309     1.662202    1611.2246   0.82607975   -4.9142443      1.38267   -3.5315742 
   37000     0.912921    1.5809388    1609.4014   0.82701554   -4.9341189    1.3683527   -3.5657662 
   38000    0.8726016     1.477791      1622.28   0.82045025   -4.8808108     1.307919   -3.5728918 
   39000   0.90948253    1.6761816    1619.7757    0.8217187    -4.863145    1.3631988   -3.4999462 
   40000   0.87790917    1.6436139    1610.6197   0.82638999     -4.90347    1.3158744   -3.5875957 
   41000   0.88822661    1.6471436    1602.0624   0.83080411   -4.9406989    1.3313389     -3.60936 
   42000   0.90397511    1.1803781    1634.6365   0.81424828   -4.8939224    1.3549439   -3.5389785 
   43000   0.90927159    1.7586475    1616.6529   0.82330597    -4.863041    1.3628827   -3.5001583 
   44000    0.8982822     1.545393     1606.467   0.82852618   -4.9543165     1.346411   -3.6079056 
   45000   0.90277412    1.6279812    1606.9746   0.82826447   -4.9349043    1.3531438   -3.5817605 
   46000   0.91885583    1.6912933    1613.6921   0.82481656   -4.8927131    1.3772482   -3.5154648 
   47000   0.92777726    1.3364653    1640.8913   0.81114452   -4.8486933    1.3906203    -3.458073 
   48000   0.91604236    1.7443135    1615.8521     0.823714   -4.8638008    1.3730312   -3.4907696 
   49000   0.89690235    1.5939574    1613.3971    0.8249674   -4.9142336    1.3443427   -3.5698909 
   50000   0.87104516    1.7858411    1602.9018   0.83036904   -4.9189411    1.3055861    -3.613355 
Loop time of 37.459 on 1 procs for 50000 steps with 1331 atoms

Performance: 461304.039 tau/day, 1334.792 timesteps/s
99.9% CPU use with 1 MPI tasks x no OpenMP threads

MPI task timing breakdown:
Section |  min time  |  avg time  |  max time  |%varavg| %total
---------------------------------------------------------------
Pair    | 30.015     | 30.015     | 30.015     |   0.0 | 80.13
Neigh   | 4.5164     | 4.5164     | 4.5164     |   0.0 | 12.06
Comm    | 0.7073     | 0.7073     | 0.7073     |   0.0 |  1.89
Output  | 0.024484   | 0.024484   | 0.024484   |   0.0 |  0.07
Modify  | 2.0198     | 2.0198     | 2.0198     |   0.0 |  5.39
Other   |            | 0.1757     |            |       |  0.47

Nlocal:    1331 ave 1331 max 1331 min
Histogram: 1 0 0 0 0 0 0 0 0 0
Nghost:    2962 ave 2962 max 2962 min
Histogram: 1 0 0 0 0 0 0 0 0 0
Neighs:    49222 ave 49222 max 49222 min
Histogram: 1 0 0 0 0 0 0 0 0 0

Total # of neighbors = 49222
Ave neighs/atom = 36.9812
Neighbor list builds = 2500
Dangerous builds not checked

write_restart lattice_11_11_11__2_2_2/sim1/T_0.90__P_1.60/end1.restart
Total wall time: 0:00:37
