run 50000
Neighbor list info ...
  update every 20 steps, delay 0 steps, check no
  max neighbors/atom: 2000, page size: 100000
  master list distance cutoff = 2.8
  ghost atom cutoff = 2.8
  binsize = 1.4, bins = 19 19 19
  1 neighbor lists, perpetual/occasional/extra = 1 0 0
  (1) pair lj/cut, perpetual
      attributes: half, newton on
      pair build: half/bin/atomonly/newton
      stencil: half/bin/3d/newton
      bin: standard
Per MPI rank memory allocation (min/avg/max) = 2.717 | 2.717 | 2.717 Mbytes
Step Temp Press TotEng 
       0          0.2 0.0040779107   0.27515999 
    1000   0.39388049 0.0055300551 -0.056246728 
    2000   0.40246163 -0.0011178067  -0.62946055 
    3000   0.40709631 0.0010902363   -1.3064685 
    4000   0.38432945  0.002430874    -2.039191 
    5000   0.34262814 0.0039085666   -2.6764723 
    6000   0.27924114  0.011952151   -3.1614706 
    7000   0.21991612 0.00017891671   -3.4838443 
    8000   0.19326872 0.0056960307   -3.6603756 
    9000   0.19264411 -0.0024289342   -3.7024701 
   10000   0.20024244 -0.0011322087   -3.6900703 
   11000   0.20353024 0.0029140461    -3.743937 
   12000   0.19771962  0.007449142    -3.809391 
   13000   0.19608372 -0.0053834277   -3.8010846 
   14000   0.20932014 -0.0031942931   -3.7734166 
   15000   0.19725691  0.003173657   -3.8197029 
   16000   0.20615449 -0.0047730953   -3.8497936 
   17000   0.21253073 -0.00025618685   -3.8488119 
   18000    0.1980137 0.0028211337   -3.8829472 
   19000   0.19587732 0.00083571552   -3.9115602 
   20000   0.19877998 -0.0014947603   -3.8819379 
   21000   0.20693449 -0.0070054297   -3.8622428 
   22000   0.19602801 -0.0042633529   -3.9378361 
   23000   0.19305861 -0.0021521135    -3.986577 
   24000   0.20154425 0.0064100937    -3.972898 
   25000    0.2079386 0.0012771278   -3.9694483 
   26000   0.19380657 -0.0012408221   -4.0089375 
   27000    0.2035294 -0.0076350823   -4.0159743 
   28000   0.19843359 0.0004038141   -4.0126862 
   29000   0.19429194 -0.0099301783     -4.05412 
   30000   0.19560115 -0.0015153428   -4.0615805 
   31000   0.20579808 -0.0031038806   -4.0287925 
   32000    0.1937513 -0.0058414192   -4.0553258 
   33000   0.19614836 0.0021340414   -4.0835052 
   34000   0.19833227  0.011195278   -4.0561606 
   35000   0.19830582 0.0024040585   -4.0558586 
   36000   0.20502253 0.0014235921    -4.075197 
   37000   0.20482994 -0.0060929397   -4.0820416 
   38000   0.20215974 -0.0087659315    -4.074924 
   39000   0.20080737 0.0012762624   -4.0781962 
   40000   0.19584844 -0.0021370923   -4.0926455 
   41000   0.19670327 -0.0043714379   -4.0914083 
   42000   0.19968156 -0.0073331976   -4.0774665 
   43000   0.19399733 -0.0047053573      -4.0946 
   44000   0.19325982 -0.0079058311   -4.1098127 
   45000   0.20220273 -0.0095217625   -4.0941876 
   46000   0.19804897 0.0061686041   -4.1074671 
   47000   0.19324238 0.0037275661   -4.1169619 
   48000   0.19912013 -0.0040885677   -4.1044129 
   49000   0.20561141 0.0013831108   -4.0910496 
   50000   0.19693685 -0.0065869738   -4.1068634 
Loop time of 17.8047 on 1 procs for 50000 steps with 1331 atoms

Performance: 970532.541 tau/day, 2808.254 timesteps/s
99.9% CPU use with 1 MPI tasks x no OpenMP threads

MPI task timing breakdown:
Section |  min time  |  avg time  |  max time  |%varavg| %total
---------------------------------------------------------------
Pair    | 14.362     | 14.362     | 14.362     |   0.0 | 80.66
Neigh   | 2.0534     | 2.0534     | 2.0534     |   0.0 | 11.53
Comm    | 0.33055    | 0.33055    | 0.33055    |   0.0 |  1.86
Output  | 0.028      | 0.028      | 0.028      |   0.0 |  0.16
Modify  | 0.93403    | 0.93403    | 0.93403    |   0.0 |  5.25
Other   |            | 0.097      |            |       |  0.54

Nlocal:    1331 ave 1331 max 1331 min
Histogram: 1 0 0 0 0 0 0 0 0 0
Nghost:    1167 ave 1167 max 1167 min
Histogram: 1 0 0 0 0 0 0 0 0 0
Neighs:    25622 ave 25622 max 25622 min
Histogram: 1 0 0 0 0 0 0 0 0 0

Total # of neighbors = 25622
Ave neighs/atom = 19.2502
Neighbor list builds = 2500
Dangerous builds not checked

write_restart NVT/sim1/T_0.20__v_13.82/end1.restart
Total wall time: 0:00:17
