run 50000
Neighbor list info ...
  update every 20 steps, delay 0 steps, check no
  max neighbors/atom: 2000, page size: 100000
  master list distance cutoff = 2.8
  ghost atom cutoff = 2.8
  binsize = 1.4, bins = 16 16 16
  1 neighbor lists, perpetual/occasional/extra = 1 0 0
  (1) pair lj/cut, perpetual
      attributes: half, newton on
      pair build: half/bin/atomonly/newton
      stencil: half/bin/3d/newton
      bin: standard
Per MPI rank memory allocation (min/avg/max) = 2.7 | 2.7 | 2.7 Mbytes
Step Temp Press Volume Density PotEng KinEng TotEng 
       0            1  0.079495929        10648        0.125  -0.13561964     1.498873    1.3632534 
    1000    1.6705371   0.36154634    5424.4579   0.24537014    -1.377655     2.503923     1.126268 
    2000    1.4324968   0.35646849    3559.7183   0.37390599   -2.1546382    2.1471309 -0.0075073876 
    3000    1.2846612   0.45474457    2572.6046   0.51737449    -2.974406    1.9255441   -1.0488619 
    4000    1.2100781   0.96982765    2025.5049   0.65712012   -3.7584293    1.8137535   -1.9446759 
    5000    1.1050564     1.468346     1775.978   0.74944624   -4.3431064    1.6563392   -2.6867672 
    6000   0.98862477    1.6711553    1671.6211   0.79623307   -4.6699995     1.481823   -3.1881765 
    7000   0.96467858    1.6389598    1641.6779   0.81075586   -4.7874383    1.4459307   -3.3415076 
    8000    1.0262802    1.5953524    1663.8762   0.79993935   -4.7096515    1.5382637   -3.1713879 
    9000    1.0115093    1.7265838     1677.965   0.79322276   -4.6216182     1.516124   -3.1054941 
   10000    1.0039233    1.6883301    1653.9745   0.80472823   -4.7247864    1.5047536   -3.2200328 
   11000   0.95908068    1.6193593     1660.647   0.80149484   -4.7078519    1.4375402   -3.2703117 
   12000     0.991263    1.7167548    1676.8754   0.79373817   -4.6309465    1.4857774   -3.1451692 
   13000    1.0171495    1.6831126    1669.3892   0.79729759   -4.6615266     1.524578   -3.1369486 
   14000     1.023024    1.4749703    1655.1165   0.80417301   -4.7847575    1.5333831   -3.2513744 
   15000    1.0125235    1.6063031    1654.9533   0.80425232   -4.7356647    1.5176441   -3.2180205 
   16000    1.0466623     1.679125    1669.8367   0.79708394   -4.6839748    1.5688139    -3.115161 
   17000   0.98691788    1.6469778    1670.3752   0.79682696   -4.6656732    1.4792646   -3.1864086 
   18000   0.94261179    1.3837526    1672.3506   0.79588574   -4.7066647    1.4128554   -3.2938093 
   19000    1.0023043    1.8750057    1649.8169   0.80675619   -4.7088744    1.5023268   -3.2065476 
   20000    1.0284109    1.6579575    1667.7369   0.79808752   -4.6714905    1.5414573   -3.1300332 
   21000    1.0004625    1.6631545    1668.0668   0.79792968   -4.6702577    1.4995662   -3.1706915 
   22000    0.9985059    1.6955769    1657.4987   0.80301723   -4.7185267    1.4966336   -3.2218932 
   23000   0.96222562    1.7898016    1660.4475   0.80159112   -4.6779819     1.442254   -3.2357278 
   24000   0.98266922    1.5861964     1677.192   0.79358832   -4.6525702    1.4728964   -3.1796738 
   25000   0.99292679    1.9038835    1662.3215   0.80068745   -4.6440536    1.4882712   -3.1557824 
   26000    1.0074998    1.9859462    1641.5412   0.81082341   -4.7296825    1.5101142   -3.2195683 
   27000   0.99358728    1.6860214    1664.6531   0.79956601   -4.6907163    1.4892612   -3.2014551 
   28000    1.0277599    1.7097051    1669.2387   0.79736949   -4.6785448    1.5404816   -3.1380632 
   29000    1.0281989    1.4683836     1667.978   0.79797213   -4.7197689    1.5411396   -3.1786294 
   30000   0.97937089    1.8189463    1652.2185   0.80558354   -4.7006136    1.4679526    -3.232661 
   31000    0.9891657    1.7238089    1659.3557   0.80211854    -4.687686    1.4826338   -3.2050522 
   32000    1.0460845    1.5416863    1668.7375   0.79760898   -4.7059893    1.5679479   -3.1380414 
   33000   0.95861129     1.435995    1676.8326   0.79375844   -4.6829361    1.4368366   -3.2460995 
   34000    0.9865689     1.728668    1649.3133   0.80700251   -4.7420749    1.4787415   -3.2633334 
   35000    1.0498579    1.6135703    1657.4026   0.80306377   -4.7379124    1.5736036   -3.1643088 
   36000     1.024795      1.67263    1665.6433   0.79909066    -4.702433    1.5360376   -3.1663954 
   37000   0.96789843     1.772116    1655.4071   0.80403182    -4.711288    1.4507568   -3.2605311 
   38000   0.99010754    1.7276953    1658.2103   0.80267261   -4.7110146    1.4840455   -3.2269691 
   39000    1.0039507      1.83728    1658.0254   0.80276215   -4.6831855    1.5047946   -3.1783909 
   40000    1.0492108    1.5227413    1657.6127   0.80296198   -4.7447537    1.5726337     -3.17212 
   41000    1.0117341    1.7935001    1651.0947   0.80613181   -4.7271724     1.516461   -3.2107114 
   42000   0.99728753    1.4314415    1664.9405   0.79942795   -4.7402637    1.4948074   -3.2454563 
   43000    1.0410879    1.5880045    1665.5777   0.79912214   -4.6981002    1.5604586   -3.1376416 
   44000    1.0058989    1.7749234    1650.0261   0.80665389   -4.7221642    1.5077147   -3.2144495 
   45000    1.0079539    1.5384805    1652.6076   0.80539385   -4.7681462    1.5107949   -3.2573513 
   46000    0.9933834    1.8648358    1657.8973   0.80282415   -4.6715085    1.4889556    -3.182553 
   47000   0.99656613    2.0000384    1659.5034   0.80204718    -4.624551    1.4937261   -3.1308249 
   48000    1.0013628    1.5689996     1664.024   0.79986829   -4.7078507    1.5009157   -3.2069349 
   49000   0.97491794    1.6319379    1663.0787    0.8003229   -4.7117605    1.4612782   -3.2504823 
   50000    1.0040518    1.9767095    1640.6381   0.81126973   -4.7344322    1.5049462    -3.229486 
Loop time of 42.0628 on 1 procs for 50000 steps with 1331 atoms

Performance: 410813.834 tau/day, 1188.697 timesteps/s
99.9% CPU use with 1 MPI tasks x no OpenMP threads

MPI task timing breakdown:
Section |  min time  |  avg time  |  max time  |%varavg| %total
---------------------------------------------------------------
Pair    | 33.502     | 33.502     | 33.502     |   0.0 | 79.65
Neigh   | 5.1228     | 5.1228     | 5.1228     |   0.0 | 12.18
Comm    | 0.82267    | 0.82267    | 0.82267    |   0.0 |  1.96
Output  | 0.028631   | 0.028631   | 0.028631   |   0.0 |  0.07
Modify  | 2.3655     | 2.3655     | 2.3655     |   0.0 |  5.62
Other   |            | 0.2211     |            |       |  0.53

Nlocal:    1331 ave 1331 max 1331 min
Histogram: 1 0 0 0 0 0 0 0 0 0
Nghost:    2947 ave 2947 max 2947 min
Histogram: 1 0 0 0 0 0 0 0 0 0
Neighs:    48245 ave 48245 max 48245 min
Histogram: 1 0 0 0 0 0 0 0 0 0

Total # of neighbors = 48245
Ave neighs/atom = 36.2472
Neighbor list builds = 2500
Dangerous builds not checked

write_restart lattice_11_11_11__2_2_2/sim1/T_1.00__P_1.70/end1.restart
Total wall time: 0:00:42
