run 50000
Neighbor list info ...
  update every 20 steps, delay 0 steps, check no
  max neighbors/atom: 2000, page size: 100000
  master list distance cutoff = 2.8
  ghost atom cutoff = 2.8
  binsize = 1.4, bins = 16 16 16
  1 neighbor lists, perpetual/occasional/extra = 1 0 0
  (1) pair lj/cut, perpetual
      attributes: half, newton on
      pair build: half/bin/atomonly/newton
      stencil: half/bin/3d/newton
      bin: standard
Per MPI rank memory allocation (min/avg/max) = 2.7 | 2.7 | 2.7 Mbytes
Step Temp Press Volume Density PotEng KinEng TotEng 
       0          0.3 -0.0079383306        10648        0.125  -0.13561964   0.44966191   0.31404227 
    1000   0.69970367  0.020326307    6616.4721   0.20116461   -1.4571891     1.048767   -0.4084221 
    2000   0.64730124  -0.10280368    4460.6231    0.2983888   -2.6285239   0.97022237   -1.6583016 
    3000   0.57494915  -0.15533669    3104.4752   0.42873591   -3.7654096   0.86177578   -2.9036338 
    4000   0.48923385  -0.23320197    2282.1449   0.58322328   -4.7020872   0.73329942   -3.9687878 
    5000   0.41651455 -0.017682874    1751.4213   0.75995422   -5.4082776   0.62430243   -4.7839752 
    6000   0.38195438  0.052519514    1500.9711   0.88675924   -5.9092123   0.57250113   -5.3367111 
    7000   0.31511581   0.10131872    1416.7136   0.93949828   -6.1699712   0.47231859   -5.6976526 
    8000   0.28407529   0.16249873    1390.1098   0.95747834   -6.3100074   0.42579279   -5.8842146 
    9000   0.29456125   0.15421666    1392.7298   0.95567712   -6.2930185   0.44150991   -5.8515086 
   10000   0.31678717   0.19908613    1399.2111   0.95125031   -6.2497154   0.47482374   -5.7748916 
   11000   0.29722354   0.23733426     1389.935    0.9575987     -6.29454   0.44550035   -5.8490396 
   12000   0.29817244    0.1265739    1385.1716   0.96089179    -6.349912   0.44692263   -5.9029893 
   13000   0.30414138   0.22291497    1389.5793   0.95784386    -6.301398   0.45586931   -5.8455287 
   14000   0.30668208   0.11468673    1391.6577   0.95641333    -6.303755    0.4596775   -5.8440775 
   15000   0.29035629   0.17037871    1385.2602    0.9608303   -6.3354754   0.43520721   -5.9002682 
   16000   0.29132076  0.066567856    1389.2123   0.95809693   -6.3295936   0.43665283   -5.8929407 
   17000    0.3125776   0.25319283     1385.756   0.96048658   -6.3206988   0.46851413   -5.8521847 
   18000   0.30477243   0.45380181    1376.1918   0.96716168   -6.3563068   0.45681517   -5.8994916 
   19000   0.29161733   0.23365471    1379.9206   0.96454826   -6.3631381   0.43709735   -5.9260408 
   20000   0.29610895   0.19453676    1385.7977   0.96045766   -6.3287221   0.44382972   -5.8848924 
   21000   0.30282421   0.25449772    1384.3529   0.96146006   -6.3311808   0.45389504   -5.8772857 
   22000   0.29712239   0.14758744    1381.8695   0.96318794   -6.3658975   0.44534874   -5.9205488 
   23000   0.29869071   0.15917831    1381.3195   0.96357143   -6.3630747   0.44769945   -5.9153752 
   24000   0.30252753   0.10670805    1389.2684   0.95805824   -6.3293748   0.45345035   -5.8759245 
   25000   0.30312882 -0.012662226     1387.828   0.95905258   -6.3564764   0.45435161   -5.9021248 
   26000   0.29398751   0.24109359    1379.0332   0.96516891   -6.3657117   0.44064994   -5.9250618 
   27000   0.30044257    0.2894567     1380.619    0.9640603   -6.3455572   0.45032527    -5.895232 
   28000    0.3021129    0.1247926    1385.0879   0.96094982   -6.3497564   0.45282888   -5.8969275 
   29000   0.29204953   0.19076334    1379.7603   0.96466028    -6.370446   0.43774516   -5.9327008 
   30000   0.30179636   0.29627683    1377.1071   0.96651888   -6.3735904   0.45235443   -5.9212359 
   31000    0.3140351   0.33501635    1376.8663   0.96668794   -6.3679284   0.47069875   -5.8972297 
   32000   0.30651802 0.0095500968    1382.9429   0.96244032   -6.3852072   0.45943159   -5.9257756 
   33000   0.28845002  0.078867315    1382.7806   0.96255331   -6.3692972   0.43234996   -5.9369472 
   34000   0.30591807   0.22234436    1379.3251   0.96496469   -6.3668195   0.45853234   -5.9082871 
   35000   0.30662626   0.16836057      1378.55   0.96550721   -6.3847503   0.45959384   -5.9251565 
   36000   0.29298513   0.31722858    1373.3491    0.9691636     -6.39252   0.43914751   -5.9533725 
   37000   0.31250268   0.23679347    1376.8414   0.96670541   -6.3903745   0.46840184   -5.9219727 
   38000   0.29440847   0.20021532    1379.7605   0.96466018   -6.3696323   0.44128092   -5.9283514 
   39000   0.29240677 0.0094390169    1379.0243   0.96517518    -6.410198   0.43828063   -5.9719174 
   40000   0.30601831   0.13224539    1375.9873   0.96730541   -6.4133792   0.45868259   -5.9546966 
   41000   0.30465319   0.30774713    1375.5153   0.96763733   -6.3828665   0.45663644     -5.92623 
   42000    0.3037055   0.22513786    1372.8632   0.96950667   -6.4156824   0.45521598   -5.9604664 
   43000   0.29275831   0.22841031    1371.4128   0.97053203    -6.421907   0.43880753   -5.9830995 
   44000    0.3067703   0.13189712    1377.0267   0.96657533   -6.4089673   0.45980973   -5.9491576 
   45000   0.30790508   0.12454048    1373.3897   0.96913499   -6.4238121   0.46151062   -5.9623015 
   46000   0.29174798   0.14403413    1368.9803   0.97225649   -6.4513577   0.43729318   -6.0140645 
   47000   0.29391323   0.07361266    1373.8893   0.96878259   -6.4322016   0.44053862    -5.991663 
   48000   0.30644193   0.21299075    1371.5436   0.97043944   -6.4250321   0.45931754   -5.9657146 
   49000   0.29371382    0.4052221    1361.9105    0.9773036   -6.4557935   0.44023973   -6.0155538 
   50000   0.29038731   0.38434855    1363.4102   0.97622859      -6.4509   0.43525371   -6.0156463 
Loop time of 41.2882 on 1 procs for 50000 steps with 1331 atoms

Performance: 418521.049 tau/day, 1210.998 timesteps/s
99.5% CPU use with 1 MPI tasks x no OpenMP threads

MPI task timing breakdown:
Section |  min time  |  avg time  |  max time  |%varavg| %total
---------------------------------------------------------------
Pair    | 33.297     | 33.297     | 33.297     |   0.0 | 80.64
Neigh   | 5.0034     | 5.0034     | 5.0034     |   0.0 | 12.12
Comm    | 0.71743    | 0.71743    | 0.71743    |   0.0 |  1.74
Output  | 0.02503    | 0.02503    | 0.02503    |   0.0 |  0.06
Modify  | 2.0315     | 2.0315     | 2.0315     |   0.0 |  4.92
Other   |            | 0.214      |            |       |  0.52

Nlocal:    1331 ave 1331 max 1331 min
Histogram: 1 0 0 0 0 0 0 0 0 0
Nghost:    3203 ave 3203 max 3203 min
Histogram: 1 0 0 0 0 0 0 0 0 0
Neighs:    57488 ave 57488 max 57488 min
Histogram: 1 0 0 0 0 0 0 0 0 0

Total # of neighbors = 57488
Ave neighs/atom = 43.1916
Neighbor list builds = 2500
Dangerous builds not checked

write_restart lattice_11_11_11__2_2_2/sim1/T_0.30__P_0.20/end1.restart
Total wall time: 0:00:41
