run 50000
Neighbor list info ...
  update every 20 steps, delay 0 steps, check no
  max neighbors/atom: 2000, page size: 100000
  master list distance cutoff = 2.8
  ghost atom cutoff = 2.8
  binsize = 1.4, bins = 15 15 15
  1 neighbor lists, perpetual/occasional/extra = 1 0 0
  (1) pair lj/cut, perpetual
      attributes: half, newton on
      pair build: half/bin/atomonly/newton
      stencil: half/bin/3d/newton
      bin: standard
Per MPI rank memory allocation (min/avg/max) = 2.75 | 2.75 | 2.75 Mbytes
Step Temp Press TotEng 
       0          0.9    0.0436798    1.0698471 
    1000    1.0387346    0.1142051   0.51187078 
    2000   0.90260811  0.063998389  0.076251649 
    3000   0.88529882  0.041184951    -0.108724 
    4000   0.90707985  0.052860827  -0.12304544 
    5000   0.88275631  0.040579149  -0.17423574 
    6000   0.88710285  0.055617925  -0.21158836 
    7000   0.89723635  0.025482996  -0.29866311 
    8000   0.89158663  0.024499266  -0.37768205 
    9000   0.88571507  0.013849285  -0.37718296 
   10000   0.91327378  0.063428683  -0.30869568 
   11000   0.89339445  0.017155174  -0.38745909 
   12000   0.88311959  0.065481153  -0.40341858 
   13000   0.91790942  0.041727489  -0.37481251 
   14000   0.89943151  0.046999738  -0.40572123 
   15000   0.87960293  0.051184246  -0.50858816 
   16000    0.8859114  0.022381368  -0.53466613 
   17000   0.90687059  0.050857566  -0.45177456 
   18000   0.89521885  0.043922174  -0.54746936 
   19000   0.88351016  0.054573128  -0.59011751 
   20000   0.87099792  0.016317965  -0.69397235 
   21000   0.86976497  0.022151304  -0.63083684 
   22000   0.92061548  0.037035023   -0.5884335 
   23000   0.89618178  0.045035396  -0.67051784 
   24000   0.90000676  0.012535407  -0.61684631 
   25000   0.91045243  0.030721481  -0.60036666 
   26000   0.90524681  0.052835303  -0.70217263 
   27000   0.87809062  0.021217608  -0.71698393 
   28000   0.89281768  0.048121015  -0.73470033 
   29000   0.90171447  0.043702505  -0.79630802 
   30000   0.89355249  0.022437616   -0.8699258 
   31000   0.85066576  0.017761958   -0.9395464 
   32000   0.93139619  0.035542435  -0.85746844 
   33000   0.90916228  0.023012817   -0.9195737 
   34000   0.88833061  0.052118594   -0.9199633 
   35000   0.87582136 0.0092765192  -0.96836381 
   36000   0.89681632  0.012406385  -0.98394039 
   37000   0.91110102  0.047384369  -0.95231926 
   38000   0.87629652  0.020867483   -1.0412987 
   39000   0.91848214  0.023316523  -0.94172239 
   40000   0.89777863  0.042882935   -0.9161823 
   41000   0.88691715  0.051799286  -0.95968394 
   42000   0.89775532 0.0094536466   -0.9508391 
   43000   0.90879297  0.020716855  -0.88375163 
   44000   0.93198975  0.056482388    -0.856201 
   45000   0.88816868   0.03362298  -0.88032121 
   46000   0.86201676  0.026681829  -0.97664103 
   47000   0.88769256  0.024366821  -0.96924997 
   48000   0.92495619  0.037683602   -0.9218498 
   49000   0.89884372   0.04619715  -0.96115043 
   50000   0.91550409 0.0050506681  -0.89512132 
Loop time of 14.7419 on 1 procs for 50000 steps with 1331 atoms

Performance: 1172167.597 tau/day, 3391.689 timesteps/s
99.9% CPU use with 1 MPI tasks x no OpenMP threads

MPI task timing breakdown:
Section |  min time  |  avg time  |  max time  |%varavg| %total
---------------------------------------------------------------
Pair    | 10.918     | 10.918     | 10.918     |   0.0 | 74.06
Neigh   | 2.5888     | 2.5888     | 2.5888     |   0.0 | 17.56
Comm    | 0.28802    | 0.28802    | 0.28802    |   0.0 |  1.95
Output  | 0.022902   | 0.022902   | 0.022902   |   0.0 |  0.16
Modify  | 0.83904    | 0.83904    | 0.83904    |   0.0 |  5.69
Other   |            | 0.08499    |            |       |  0.58

Nlocal:    1331 ave 1331 max 1331 min
Histogram: 1 0 0 0 0 0 0 0 0 0
Nghost:    857 ave 857 max 857 min
Histogram: 1 0 0 0 0 0 0 0 0 0
Neighs:    20732 ave 20732 max 20732 min
Histogram: 1 0 0 0 0 0 0 0 0 0

Total # of neighbors = 20732
Ave neighs/atom = 15.5763
Neighbor list builds = 2500
Dangerous builds not checked

write_restart NVT/sim1/T_0.90__v_5.83/end1.restart
Total wall time: 0:00:14
