run 50000
Neighbor list info ...
  update every 20 steps, delay 0 steps, check no
  max neighbors/atom: 2000, page size: 100000
  master list distance cutoff = 2.8
  ghost atom cutoff = 2.8
  binsize = 1.4, bins = 16 16 16
  1 neighbor lists, perpetual/occasional/extra = 1 0 0
  (1) pair lj/cut, perpetual
      attributes: half, newton on
      pair build: half/bin/atomonly/newton
      stencil: half/bin/3d/newton
      bin: standard
Per MPI rank memory allocation (min/avg/max) = 2.7 | 2.7 | 2.7 Mbytes
Step Temp Press Volume Density PotEng KinEng TotEng 
       0          1.5   0.14194897        10648        0.125  -0.13561964    2.2483095    2.1126899 
    1000    2.0477749   0.36541868    6746.0721   0.19729999    -1.079551    3.0693546    1.9898036 
    2000     1.762298   0.45708668    4986.3209   0.26693027   -1.4544189     2.641461    1.1870421 
    3000    1.6064209    0.5106975    3903.0468   0.34101564   -1.8881686     2.407821   0.51965248 
    4000    1.5636448   0.58825277    3205.1192   0.41527317   -2.3148171     2.343705  0.028887818 
    5000    1.5549528   0.62140702    2749.8906   0.48401926    -2.698232    2.3306768  -0.36755522 
    6000    1.4961971   0.84247998     2469.667   0.53893906   -2.9725415    2.2426095  -0.72993204 
    7000    1.4657836       1.1097    2306.2492   0.57712757   -3.1687829    2.1970236  -0.97175933 
    8000    1.4629951    1.1130272     2245.636   0.59270513   -3.2796606    2.1928439   -1.0868167 
    9000     1.485718    1.0983447    2238.7713   0.59452253   -3.2781213    2.2269027   -1.0512186 
   10000    1.4771113    1.1055488     2254.036   0.59049635   -3.2382013    2.2140023    -1.024199 
   11000    1.5201728    1.0646058    2249.7245   0.59162801   -3.2726915     2.278546  -0.99414552 
   12000    1.4906726    1.1335623     2253.458   0.59064779   -3.2706928    2.2343289   -1.0363639 
   13000    1.4924207    1.1361189    2247.0151   0.59234137   -3.2664273    2.2369492   -1.0294781 
   14000    1.4722102    1.0655416    2257.4993   0.58959045   -3.2514576    2.2066561   -1.0448014 
   15000    1.4380287     1.095146    2283.5471   0.58286513   -3.1927968    2.1554224   -1.0373744 
   16000    1.5321588    1.1985833     2234.954   0.59553797   -3.2771951    2.2965115  -0.98068359 
   17000    1.5371662    1.1863006    2206.3729   0.60325251   -3.3301152    2.3040169   -1.0260983 
   18000    1.5098323    1.1234121    2221.1521   0.59923858   -3.3571224    2.2630468   -1.0940755 
   19000    1.4667045   0.95710602    2255.5215   0.59010744   -3.2796437    2.1984038     -1.08124 
   20000    1.4947575    1.1364562    2271.3096   0.58600554   -3.2436516    2.2404517   -1.0031999 
   21000    1.4785496    1.2472449     2234.456    0.5956707   -3.2857306    2.2161582   -1.0695724 
   22000    1.4736675    1.2269796    2204.8019   0.60368235   -3.3263961    2.2088404   -1.1175556 
   23000    1.5530953   0.99885805    2239.6603   0.59428656   -3.3024522    2.3278926  -0.97455952 
   24000    1.5481657    1.1086211    2246.2177   0.59255165   -3.2979379    2.3205039  -0.97743403 
   25000      1.48581    1.0373742     2217.883   0.60012182   -3.3427306    2.2270406     -1.11569 
   26000    1.4839127   0.93554388    2254.6936   0.59032412   -3.3138767    2.2241968   -1.0896799 
   27000    1.5053432    1.0375807    2286.8314   0.58202803    -3.208408    2.2563184  -0.95208957 
   28000    1.4914159    1.1318537    2237.0759   0.59497311   -3.3130186    2.2354431   -1.0775755 
   29000    1.4965493    1.1629859    2213.9783   0.60118025    -3.305631    2.2431374   -1.0624935 
   30000    1.4951696    1.0825274    2285.3925   0.58239449   -3.2180436    2.2410694  -0.97697422 
   31000    1.5224011    1.1363163    2273.1414    0.5855333   -3.2265301     2.281886  -0.94464408 
   32000    1.5270999   0.99086852    2220.9618   0.59928991   -3.3565228    2.2889288    -1.067594 
   33000    1.5223753    1.2883274    2222.6313   0.59883975   -3.2812974    2.2818473  -0.99945006 
   34000    1.4690073    1.0647117    2298.0016   0.57919889   -3.2088916    2.2018554   -1.0070362 
   35000    1.4529131    1.0063996    2275.5606   0.58491082   -3.2453215    2.1777322   -1.0675893 
   36000    1.5215115   0.98675573     2256.397   0.58987846    -3.282326    2.2805525   -1.0017735 
   37000    1.5715797    1.1203223    2269.4916   0.58647496   -3.2483765    2.3555984  -0.89277812 
   38000     1.471218    1.0660862    2288.2306   0.58167214   -3.2410719     2.205169   -1.0359029 
   39000    1.4834736    1.0290926    2237.5853   0.59483766   -3.3054339    2.2235386   -1.0818953 
   40000    1.5145811    1.1270894    2231.3846   0.59649063   -3.2798687    2.2701648   -1.0097039 
   41000     1.463329     1.085004    2270.4642   0.58622372   -3.2414699    2.1933444   -1.0481255 
   42000    1.4267151    1.1157289    2265.9745   0.58738524   -3.2357942    2.1384648   -1.0973295 
   43000    1.5687212    1.0681999    2218.9011   0.59984647   -3.3392903    2.3513139  -0.98797645 
   44000    1.5629866    1.2535572      2232.56   0.59617658   -3.2654121    2.3427184   -0.9226937 
   45000    1.4769508    1.0448827    2269.8347   0.58638631   -3.2422704    2.2137617   -1.0285086 
   46000    1.4876166   0.98987141    2228.7253   0.59720237   -3.3349487    2.2297485   -1.1052002 
   47000    1.4436374    1.0500009    2225.1004   0.59817527   -3.3128826    2.1638292   -1.1490533 
   48000     1.481385    1.0281841    2271.0958    0.5860607   -3.2764353     2.220408   -1.0560273 
   49000    1.5139351    1.1782221    2261.6736   0.58850226   -3.2336708    2.2691965  -0.96447428 
   50000    1.5286773    1.0258908    2236.2674   0.59518823    -3.337941    2.2912931   -1.0466479 
Loop time of 33.4138 on 1 procs for 50000 steps with 1331 atoms

Performance: 517150.968 tau/day, 1496.386 timesteps/s
99.8% CPU use with 1 MPI tasks x no OpenMP threads

MPI task timing breakdown:
Section |  min time  |  avg time  |  max time  |%varavg| %total
---------------------------------------------------------------
Pair    | 25.723     | 25.723     | 25.723     |   0.0 | 76.98
Neigh   | 4.3979     | 4.3979     | 4.3979     |   0.0 | 13.16
Comm    | 0.76151    | 0.76151    | 0.76151    |   0.0 |  2.28
Output  | 0.028137   | 0.028137   | 0.028137   |   0.0 |  0.08
Modify  | 2.3442     | 2.3442     | 2.3442     |   0.0 |  7.02
Other   |            | 0.1594     |            |       |  0.48

Nlocal:    1331 ave 1331 max 1331 min
Histogram: 1 0 0 0 0 0 0 0 0 0
Nghost:    2534 ave 2534 max 2534 min
Histogram: 1 0 0 0 0 0 0 0 0 0
Neighs:    35852 ave 35852 max 35852 min
Histogram: 1 0 0 0 0 0 0 0 0 0

Total # of neighbors = 35852
Ave neighs/atom = 26.9361
Neighbor list builds = 2500
Dangerous builds not checked

write_restart lattice_11_11_11__2_2_2/sim1/T_1.50__P_1.10/end1.restart
Total wall time: 0:00:33
