run 50000
Neighbor list info ...
  update every 20 steps, delay 0 steps, check no
  max neighbors/atom: 2000, page size: 100000
  master list distance cutoff = 2.8
  ghost atom cutoff = 2.8
  binsize = 1.4, bins = 16 16 16
  1 neighbor lists, perpetual/occasional/extra = 1 0 0
  (1) pair lj/cut, perpetual
      attributes: half, newton on
      pair build: half/bin/atomonly/newton
      stencil: half/bin/3d/newton
      bin: standard
Per MPI rank memory allocation (min/avg/max) = 2.7 | 2.7 | 2.7 Mbytes
Step Temp Press Volume Density PotEng KinEng TotEng 
       0          1.8    0.1794208        10648        0.125  -0.13561964    2.6979715    2.5623518 
    1000    1.7002871   0.16064679    12852.068    0.1035631  -0.58560921    2.5485145    1.9629053 
    2000    1.7520321    0.1519956    14622.358  0.091024993  -0.53225975    2.6260737     2.093814 
    3000    1.7903544   0.11876735    16471.996  0.080803808  -0.46990568     2.683514    2.2136083 
    4000    1.7941384   0.11950759    18193.377  0.073158491  -0.44149113    2.6891857    2.2476945 
    5000    1.7957585   0.10776769    19744.855  0.067409964   -0.4052784     2.691614    2.2863356 
    6000    1.8041213   0.10657978    20972.436  0.063464253  -0.37729256    2.7041488    2.3268562 
    7000    1.7830351   0.10251194    21736.536  0.061233309  -0.36131664    2.6725433    2.3112266 
    8000    1.8371526   0.10200049    22387.213  0.059453581  -0.35158336    2.7536584    2.4020751 
    9000    1.8062598  0.096005823    23139.828  0.057519875  -0.34544965    2.7073541    2.3619044 
   10000    1.8096998   0.09917214    22707.254  0.058615629  -0.34741187    2.7125102    2.3650984 
   11000     1.783256    0.0972019    22600.996  0.058891209  -0.36669389    2.6728743    2.3061805 
   12000    1.8051592   0.10462912    22274.492  0.059754449  -0.35041652    2.7057044    2.3552879 
   13000    1.7841095   0.10302772    22168.226  0.060040889  -0.35185529    2.6741535    2.3222983 
   14000    1.8250335   0.10392718    22366.355  0.059509026  -0.34221702    2.7354934    2.3932764 
   15000    1.7712752  0.094020308    22916.133  0.058081353  -0.35942418    2.6549166    2.2954924 
   16000    1.8540618  0.098018544     23264.01  0.057212835  -0.35319315    2.7790032      2.42581 
   17000    1.7880139  0.095796017    22587.069  0.058927523  -0.32444337    2.6800058    2.3555624 
   18000    1.8169875   0.11256467    21436.486  0.062090399  -0.36975285    2.7234335    2.3536807 
   19000    1.7538484  0.094382507    21898.761  0.060779695  -0.36159866    2.6287961    2.2671974 
   20000    1.7893148  0.097139587    23071.425  0.057690411  -0.35257621    2.6819558    2.3293796 
   21000    1.8044679  0.093538915    23344.628  0.057015259  -0.30521992    2.7046683    2.3994483 
   22000     1.746601  0.099516495    22483.999  0.059197653  -0.32854436    2.6179331    2.2893887 
   23000    1.8213601   0.10722947     21196.78  0.062792558  -0.39126295    2.7299876    2.3387246 
   24000    1.7537647   0.10796573    21582.654  0.061669893  -0.35832486    2.6286705    2.2703457 
   25000     1.793217  0.099538112    22459.947  0.059261049  -0.35392561    2.6878046    2.3338789 
   26000    1.8415348    0.1018419    22934.922  0.058033772  -0.32583199    2.7602269    2.4343949 
   27000    1.7300486   0.09733959    23406.939   0.05686348  -0.33150139    2.5931232    2.2616218 
   28000     1.851241   0.10723491     22362.89  0.059518247  -0.34842622    2.7747752     2.426349 
   29000    1.7630914   0.10180387    22285.423   0.05972514  -0.34101118    2.6426502     2.301639 
   30000    1.8014923   0.10417821    22493.822  0.059171803  -0.34321969    2.7002082    2.3569885 
   31000    1.7914174   0.10148694    22940.417   0.05801987  -0.30936551    2.6851072    2.3757417 
   32000    1.7972365  0.097033004    23454.083  0.056749181  -0.33257422    2.6938293    2.3612551 
   33000    1.8382122   0.10144978      22595.8  0.058904751  -0.34961683    2.7552467    2.4056299 
   34000    1.8054735    0.1025346    21775.178  0.061124643  -0.37149737    2.7061755    2.3346781 
   35000    1.7593867   0.10026164    21765.156  0.061152791  -0.36487672    2.6370972    2.2722205 
   36000    1.8273157    0.1028369    22280.133  0.059739321  -0.35841771    2.7389143    2.3804966 
   37000    1.7761086  0.094662145    23757.574  0.056024239  -0.33415369    2.6621613    2.3280076 
   38000    1.8561632   0.10400903    23717.796  0.056118199  -0.29763825    2.7821529    2.4845146 
   39000    1.8105502   0.10067604    23044.004   0.05775906  -0.33768302    2.7137848    2.3761018 
   40000    1.7676324   0.09774834    21944.869  0.060651992   -0.3508694    2.6494566    2.2985872 
   41000    1.8501029   0.10477616    21770.115  0.061138859  -0.34790422    2.7730694    2.4251651 
   42000    1.7714925  0.095792885    23317.901   0.05708061  -0.32508146    2.6552424    2.3301609 
   43000    1.8281943  0.095349183    23094.027  0.057633949  -0.33929028    2.7402311    2.4009408 
   44000    1.7424419  0.099130849    22437.256   0.05932098  -0.34274752    2.6116992    2.2689516 
   45000     1.834725   0.10673254    21732.166  0.061245622  -0.33926592    2.7500197    2.4107538 
   46000    1.7030497  0.092547515    22514.451  0.059117586  -0.34442327    2.5526553     2.208232 
   47000    1.8071506   0.10286452    22302.764  0.059678701  -0.31497957    2.7086893    2.3937098 
   48000    1.7641505   0.10051951    22445.122  0.059300191  -0.34699819    2.6442376    2.2972394 
   49000    1.8669335   0.11190536    22272.248   0.05976047  -0.33203867    2.7982962    2.4662575 
   50000    1.7401323  0.094732967    23191.304  0.057392202  -0.34278524    2.6082373    2.2654521 
Loop time of 8.47359 on 1 procs for 50000 steps with 1331 atoms

Performance: 2039277.779 tau/day, 5900.688 timesteps/s
99.4% CPU use with 1 MPI tasks x no OpenMP threads

MPI task timing breakdown:
Section |  min time  |  avg time  |  max time  |%varavg| %total
---------------------------------------------------------------
Pair    | 3.9891     | 3.9891     | 3.9891     |   0.0 | 47.08
Neigh   | 1.53       | 1.53       | 1.53       |   0.0 | 18.06
Comm    | 0.3588     | 0.3588     | 0.3588     |   0.0 |  4.23
Output  | 0.028597   | 0.028597   | 0.028597   |   0.0 |  0.34
Modify  | 2.4571     | 2.4571     | 2.4571     |   0.0 | 29.00
Other   |            | 0.11       |            |       |  1.30

Nlocal:    1331 ave 1331 max 1331 min
Histogram: 1 0 0 0 0 0 0 0 0 0
Nghost:    950 ave 950 max 950 min
Histogram: 1 0 0 0 0 0 0 0 0 0
Neighs:    3606 ave 3606 max 3606 min
Histogram: 1 0 0 0 0 0 0 0 0 0

Total # of neighbors = 3606
Ave neighs/atom = 2.70924
Neighbor list builds = 2500
Dangerous builds not checked

write_restart lattice_11_11_11__2_2_2/sim1/T_1.80__P_0.10/end1.restart
Total wall time: 0:00:08
