run 50000
Neighbor list info ...
  update every 20 steps, delay 0 steps, check no
  max neighbors/atom: 2000, page size: 100000
  master list distance cutoff = 2.8
  ghost atom cutoff = 2.8
  binsize = 1.4, bins = 18 18 18
  1 neighbor lists, perpetual/occasional/extra = 1 0 0
  (1) pair lj/cut, perpetual
      attributes: half, newton on
      pair build: half/bin/atomonly/newton
      stencil: half/bin/3d/newton
      bin: standard
Per MPI rank memory allocation (min/avg/max) = 2.711 | 2.711 | 2.711 Mbytes
Step Temp Press TotEng 
       0          1.1  0.084449581    1.5855634 
    1000    1.1856933  0.090907296    1.1875328 
    2000    1.0630011  0.072166771   0.93273682 
    3000    1.0964716  0.076958596   0.96099848 
    4000    1.1008635  0.065235482    0.9473294 
    5000    1.1006467  0.072339998   0.91915381 
    6000    1.0957031  0.077339766   0.90110773 
    7000    1.1133468  0.070625588   0.94850116 
    8000    1.0963787  0.075884501   0.91470559 
    9000     1.091919  0.074727324   0.90053214 
   10000    1.1355781  0.076858746   0.95829765 
   11000     1.087297  0.076642617    0.9026461 
   12000    1.1268012  0.080501867   0.97871858 
   13000    1.1146622  0.065743931   0.95915908 
   14000    1.0989892  0.075001356   0.92385666 
   15000    1.0995845  0.073767575   0.96587697 
   16000    1.0866462  0.062338431    0.9011301 
   17000     1.163114  0.083795736    1.0529402 
   18000    1.1130607  0.079473423   0.93480721 
   19000    1.1067893  0.069687481   0.88838525 
   20000    1.1378163  0.077790169   0.96447687 
   21000    1.0659083  0.065222235   0.86844705 
   22000    1.1207436  0.076460821    0.9565416 
   23000    1.0935024  0.071373016   0.93719949 
   24000    1.1634721  0.092449432    1.0433246 
   25000    1.0852233  0.069110266   0.90806941 
   26000      1.13747  0.064920293   0.95129593 
   27000    1.0804411  0.068661153   0.87868681 
   28000    1.0943434  0.076190371    0.9294908 
   29000    1.0857253  0.079809472   0.93366448 
   30000    1.1176512  0.077633869   0.93883699 
   31000    1.0719006  0.073032003   0.83525816 
   32000    1.1103565  0.079068776   0.93980638 
   33000    1.0735063   0.06727221   0.90364528 
   34000    1.1515987  0.094951661    1.0478219 
   35000    1.1011483  0.072269219   0.94025998 
   36000    1.0975188  0.083352729   0.93207397 
   37000    1.1373585  0.078042303   0.97859888 
   38000    1.1074591  0.079644244   0.88957081 
   39000    1.1233894  0.077838259   0.96411569 
   40000    1.0733804  0.065638157   0.90215999 
   41000    1.1127463  0.078674271   0.92448404 
   42000    1.0951698  0.065056742   0.88102943 
   43000    1.0899702   0.07358657   0.90286326 
   44000    1.1382492  0.077887406   0.98658442 
   45000    1.0643416  0.074916621   0.88388741 
   46000     1.100426  0.071452247   0.92629996 
   47000    1.1366092  0.075331788   0.97890263 
   48000    1.1065994  0.078566865   0.93435139 
   49000    1.0773077  0.071763476   0.87124352 
   50000    1.1080443  0.083743302   0.92724965 
Loop time of 7.30486 on 1 procs for 50000 steps with 1331 atoms

Performance: 2365548.686 tau/day, 6844.759 timesteps/s
99.8% CPU use with 1 MPI tasks x no OpenMP threads

MPI task timing breakdown:
Section |  min time  |  avg time  |  max time  |%varavg| %total
---------------------------------------------------------------
Pair    | 4.4175     | 4.4175     | 4.4175     |   0.0 | 60.47
Neigh   | 1.6028     | 1.6028     | 1.6028     |   0.0 | 21.94
Comm    | 0.32122    | 0.32122    | 0.32122    |   0.0 |  4.40
Output  | 0.022481   | 0.022481   | 0.022481   |   0.0 |  0.31
Modify  | 0.85369    | 0.85369    | 0.85369    |   0.0 | 11.69
Other   |            | 0.08716    |            |       |  1.19

Nlocal:    1331 ave 1331 max 1331 min
Histogram: 1 0 0 0 0 0 0 0 0 0
Nghost:    1141 ave 1141 max 1141 min
Histogram: 1 0 0 0 0 0 0 0 0 0
Neighs:    6564 ave 6564 max 6564 min
Histogram: 1 0 0 0 0 0 0 0 0 0

Total # of neighbors = 6564
Ave neighs/atom = 4.93163
Neighbor list builds = 2500
Dangerous builds not checked

write_restart NVT/sim1/T_1.10__v_10.65/end1.restart
Total wall time: 0:00:07
