run 50000
Neighbor list info ...
  update every 20 steps, delay 0 steps, check no
  max neighbors/atom: 2000, page size: 100000
  master list distance cutoff = 2.8
  ghost atom cutoff = 2.8
  binsize = 1.4, bins = 19 19 19
  1 neighbor lists, perpetual/occasional/extra = 1 0 0
  (1) pair lj/cut, perpetual
      attributes: half, newton on
      pair build: half/bin/atomonly/newton
      stencil: half/bin/3d/newton
      bin: standard
Per MPI rank memory allocation (min/avg/max) = 2.717 | 2.717 | 2.717 Mbytes
Step Temp Press TotEng 
       0          1.2  0.079749281     1.774033 
    1000    1.2842505   0.07852238     1.434691 
    2000    1.1611083  0.078214715    1.2324073 
    3000    1.2342424  0.067369664    1.3168952 
    4000    1.1529397  0.069928866    1.2404054 
    5000    1.2272154  0.077804832    1.3362995 
    6000    1.1828903  0.071304713     1.225551 
    7000    1.2045108  0.074540645     1.276179 
    8000    1.1911184  0.072856132     1.270171 
    9000    1.1927309  0.075779485    1.2407492 
   10000    1.1858102  0.068178827    1.2590231 
   11000    1.1448227  0.062782786    1.1521482 
   12000    1.2231704  0.076368035    1.2683558 
   13000    1.2154772  0.073207804    1.2526416 
   14000    1.1622356  0.066473557    1.1708433 
   15000    1.2200286  0.070167654    1.2712402 
   16000    1.1966557  0.070927798    1.2386487 
   17000    1.2154767  0.074543695    1.2701813 
   18000    1.1798988  0.072443539    1.2465009 
   19000    1.1787381  0.068727183    1.2350744 
   20000    1.2023174  0.067509938    1.2942313 
   21000    1.1670106  0.068896026    1.2297019 
   22000    1.2024921  0.072899471    1.2625495 
   23000    1.2014164  0.073581708    1.2572184 
   24000    1.2078168  0.070374934    1.2583882 
   25000    1.2160167  0.079886502    1.3167675 
   26000    1.1862625  0.065773742    1.2215293 
   27000    1.2202934  0.072599324    1.2836655 
   28000    1.1552222  0.067542779    1.1927416 
   29000    1.2265916  0.084570761    1.2897566 
   30000    1.1788152  0.067012182    1.2151544 
   31000    1.2129635  0.080371686    1.2897309 
   32000    1.2142938  0.079616631    1.2773792 
   33000    1.1964987   0.06991377    1.2377192 
   34000    1.2424223  0.071903958    1.3421835 
   35000    1.1853174  0.062532096    1.2156401 
   36000    1.2066998  0.072150874    1.2869623 
   37000     1.168716  0.067954905    1.2155146 
   38000    1.2150121  0.070233839    1.2594613 
   39000    1.1938208  0.072927431    1.2844404 
   40000    1.1350589  0.071736475    1.1647412 
   41000    1.2045778  0.075746623    1.3001103 
   42000     1.182864  0.069193025     1.242833 
   43000    1.2253673   0.07199568    1.3242157 
   44000    1.2002371  0.075174617    1.2714289 
   45000    1.1864829  0.076506873    1.2596231 
   46000    1.2081413  0.074484528    1.2913721 
   47000    1.1690004  0.073977207    1.2119156 
   48000    1.2029118  0.067726653    1.2829534 
   49000    1.1528419  0.070476014    1.1744797 
   50000    1.2391444  0.075608333    1.3210392 
Loop time of 6.18757 on 1 procs for 50000 steps with 1331 atoms

Performance: 2792693.467 tau/day, 8080.710 timesteps/s
99.7% CPU use with 1 MPI tasks x no OpenMP threads

MPI task timing breakdown:
Section |  min time  |  avg time  |  max time  |%varavg| %total
---------------------------------------------------------------
Pair    | 3.4928     | 3.4928     | 3.4928     |   0.0 | 56.45
Neigh   | 1.4221     | 1.4221     | 1.4221     |   0.0 | 22.98
Comm    | 0.29562    | 0.29562    | 0.29562    |   0.0 |  4.78
Output  | 0.022807   | 0.022807   | 0.022807   |   0.0 |  0.37
Modify  | 0.8692     | 0.8692     | 0.8692     |   0.0 | 14.05
Other   |            | 0.08507    |            |       |  1.37

Nlocal:    1331 ave 1331 max 1331 min
Histogram: 1 0 0 0 0 0 0 0 0 0
Nghost:    1070 ave 1070 max 1070 min
Histogram: 1 0 0 0 0 0 0 0 0 0
Neighs:    5007 ave 5007 max 5007 min
Histogram: 1 0 0 0 0 0 0 0 0 0

Total # of neighbors = 5007
Ave neighs/atom = 3.76183
Neighbor list builds = 2500
Dangerous builds not checked

write_restart NVT/sim1/T_1.20__v_13.82/end1.restart
Total wall time: 0:00:06
