run 50000
Neighbor list info ...
  update every 20 steps, delay 0 steps, check no
  max neighbors/atom: 2000, page size: 100000
  master list distance cutoff = 2.8
  ghost atom cutoff = 2.8
  binsize = 1.4, bins = 16 16 16
  1 neighbor lists, perpetual/occasional/extra = 1 0 0
  (1) pair lj/cut, perpetual
      attributes: half, newton on
      pair build: half/bin/atomonly/newton
      stencil: half/bin/3d/newton
      bin: standard
Per MPI rank memory allocation (min/avg/max) = 2.7 | 2.7 | 2.7 Mbytes
Step Temp Press Volume Density PotEng KinEng TotEng 
       0          0.5  0.017042887        10648        0.125  -0.13561964   0.74943651   0.61381687 
    1000    1.0045434  0.085920228    5447.3428   0.24433931   -1.5368376    1.5056831 -0.031154528 
    2000    0.8939428 -0.055382829    3454.2239   0.38532534   -2.6468447    1.3399067   -1.3069379 
    3000   0.77344249  -0.16297898    2356.3453   0.56485779   -3.7130232    1.1592921   -2.5537311 
    4000   0.72899364   0.08225504    1750.4433   0.76037883   -4.7218617    1.0926689   -3.6291928 
    5000   0.61358651   0.82333784    1545.2726   0.86133671   -5.3585338   0.91968827   -4.4388456 
    6000   0.51131142   0.85114001     1468.998   0.90605975   -5.7227792   0.76639089   -4.9563884 
    7000   0.47920251   0.75224319     1437.417   0.92596648   -5.9298085   0.71826371   -5.2115448 
    8000   0.48639731   0.82475963    1444.0913   0.92168688   -5.8714414   0.72904781   -5.1423936 
    9000    0.5197528      0.78256    1461.8783   0.91047248   -5.7850081   0.77904345   -5.0059647 
   10000   0.50412863   0.82080766     1454.903   0.91483764   -5.8166881   0.75562481   -5.0610633 
   11000   0.49728704    0.7039996    1441.5684   0.92329995   -5.9115368   0.74537013   -5.1661667 
   12000    0.4932519   0.86614965    1446.8267   0.91994433   -5.8569027   0.73932197   -5.1175808 
   13000   0.50290577   0.72995654    1457.5198   0.91319512   -5.8136945   0.75379189   -5.0599026 
   14000   0.49017063   0.75616723    1449.6682    0.9181411   -5.8495678   0.73470353   -5.1148642 
   15000   0.49285011    0.6854599    1445.5706    0.9207437   -5.8897246   0.73871974   -5.1510048 
   16000   0.50732604   0.82718438    1446.4857   0.92016121   -5.8609043   0.76041732    -5.100487 
   17000   0.50972015    1.0439178    1439.8483   0.92440295     -5.85768   0.76400579   -5.0936742 
   18000   0.50755818    1.0189058    1436.4772   0.92657232   -5.8841056   0.76076526   -5.1233404 
   19000   0.51636135   0.88446182    1440.9941   0.92366793   -5.8874837   0.77396009   -5.1135236 
   20000   0.50190673   0.89034077    1447.5658   0.91947461   -5.8454014   0.75229446   -5.0931069 
   21000   0.49919407   0.93756565    1446.7126   0.92001688   -5.8442006   0.74822853   -5.0959721 
   22000    0.4897604   0.89915838    1442.7172   0.92256476   -5.8581098   0.73408866   -5.1240211 
   23000   0.49604218   0.77315977    1446.7082   0.92001969   -5.8637185   0.74350424   -5.1202143 
   24000   0.50373376   0.77613206    1451.5397   0.91695736   -5.8472121   0.75503294   -5.0921791 
   25000   0.49496753   0.65046545    1459.0184   0.91225717   -5.8235226   0.74189348   -5.0816291 
   26000   0.49287988   0.51041894    1458.4958   0.91258405    -5.840674   0.73876435   -5.1019096 
   27000   0.49992098   0.65357755    1447.4658   0.91953812   -5.8842136   0.74931807   -5.1348956 
   28000   0.49251818   0.70327358    1448.0861   0.91914427    -5.873485   0.73822221   -5.1352627 
   29000    0.5032948   0.87384891    1451.5231   0.91696783   -5.8252579     0.754375   -5.0708829 
   30000   0.51205458   0.86881265    1452.5885   0.91629531   -5.8216835    0.7675048   -5.0541787 
   31000   0.49709405   0.78960705    1446.0177   0.92045899    -5.872851   0.74508087   -5.1277701 
   32000   0.50035767   0.82145545    1442.8583   0.92247449   -5.8872516   0.74997261    -5.137279 
   33000   0.50065092   0.90758332    1446.1593   0.92036887   -5.8454338   0.75041216   -5.0950217 
   34000   0.52565415   0.88276652    1446.1065   0.92040247    -5.855914   0.78788882   -5.0680252 
   35000   0.50375123    1.1705833    1435.7204   0.92706076    -5.859843   0.75505913   -5.1047839 
   36000   0.49166745    1.0514281    1437.0058   0.92623145   -5.8693811   0.73694707    -5.132434 
   37000    0.4984866    1.0114187    1442.5374   0.92267973   -5.8478123   0.74716811   -5.1006442 
   38000   0.50993227   0.75013271    1451.7751   0.91680866   -5.8429646   0.76432372   -5.0786408 
   39000   0.49925613   0.90223246    1445.9825   0.92048142   -5.8472743   0.74832155   -5.0989527 
   40000   0.47995596   0.96090632    1443.2847     0.922202   -5.8600055   0.71939305   -5.1406124 
   41000   0.50131804    0.8233485     1449.435   0.91828884   -5.8411554   0.75141209   -5.0897433 
   42000   0.50277489   0.79242957    1447.2975   0.91964505   -5.8536625   0.75359572   -5.1000668 
   43000   0.47560427    1.0269644    1439.0733   0.92490076    -5.868358   0.71287041   -5.1554876 
   44000   0.49780323    0.9299982    1439.7424   0.92447096   -5.8774984   0.74614383   -5.1313545 
   45000   0.51496701   0.81993324    1445.2291   0.92096128   -5.8700402   0.77187016   -5.0981701 
   46000   0.50072675   0.87518445    1444.7584   0.92126129    -5.864174   0.75052582   -5.1136482 
   47000   0.49689158   0.68269044    1445.3699   0.92087151   -5.8883059   0.74477738   -5.1435286 
   48000   0.50409129   0.65394006    1449.4239   0.91829589   -5.8744616   0.75556883   -5.1188927 
   49000   0.50197355   0.68526909    1453.7995   0.91553205   -5.8391117   0.75239462   -5.0867171 
   50000   0.50204806   0.82530294    1448.8874   0.91863591   -5.8436423    0.7525063    -5.091136 
Loop time of 40.0967 on 1 procs for 50000 steps with 1331 atoms

Performance: 430957.857 tau/day, 1246.985 timesteps/s
100.0% CPU use with 1 MPI tasks x no OpenMP threads

MPI task timing breakdown:
Section |  min time  |  avg time  |  max time  |%varavg| %total
---------------------------------------------------------------
Pair    | 32.505     | 32.505     | 32.505     |   0.0 | 81.07
Neigh   | 4.5736     | 4.5736     | 4.5736     |   0.0 | 11.41
Comm    | 0.72758    | 0.72758    | 0.72758    |   0.0 |  1.81
Output  | 0.027101   | 0.027101   | 0.027101   |   0.0 |  0.07
Modify  | 2.0465     | 2.0465     | 2.0465     |   0.0 |  5.10
Other   |            | 0.2171     |            |       |  0.54

Nlocal:    1331 ave 1331 max 1331 min
Histogram: 1 0 0 0 0 0 0 0 0 0
Nghost:    3106 ave 3106 max 3106 min
Histogram: 1 0 0 0 0 0 0 0 0 0
Neighs:    54059 ave 54059 max 54059 min
Histogram: 1 0 0 0 0 0 0 0 0 0

Total # of neighbors = 54059
Ave neighs/atom = 40.6153
Neighbor list builds = 2500
Dangerous builds not checked

write_restart lattice_11_11_11__2_2_2/sim1/T_0.50__P_0.80/end1.restart
Total wall time: 0:00:40
