run 50000
Neighbor list info ...
  update every 20 steps, delay 0 steps, check no
  max neighbors/atom: 2000, page size: 100000
  master list distance cutoff = 2.8
  ghost atom cutoff = 2.8
  binsize = 1.4, bins = 16 16 16
  1 neighbor lists, perpetual/occasional/extra = 1 0 0
  (1) pair lj/cut, perpetual
      attributes: half, newton on
      pair build: half/bin/atomonly/newton
      stencil: half/bin/3d/newton
      bin: standard
Per MPI rank memory allocation (min/avg/max) = 2.7 | 2.7 | 2.7 Mbytes
Step Temp Press Volume Density PotEng KinEng TotEng 
       0          0.4  0.004552278        10648        0.125  -0.13561964   0.59954921   0.46392957 
    1000    1.0611283  0.091892998    4178.9137   0.31850383    -1.993158    1.5904966  -0.40266145 
    2000    0.8661618 -0.053472257     2387.464   0.55749532   -3.4422441    1.2982666   -2.1439776 
    3000   0.79819263    1.0198738    1645.2639   0.80898875   -4.8893795    1.1963894   -3.6929901 
    4000   0.58860738    1.2837879    1470.9813   0.90483817    -5.645531   0.88224772   -4.7632833 
    5000   0.43128545    1.5117371    1402.0433   0.94932875    -6.002499   0.64644213   -5.3560568 
    6000   0.37105433    1.5283687    1374.3124   0.96848432   -6.1825795   0.55616333   -5.6264162 
    7000   0.39402617    1.4973665    1372.4489   0.96979934   -6.2045918   0.59059519   -5.6139966 
    8000   0.41911316    1.5014538    1382.7776   0.96255538   -6.1345392   0.62819741   -5.5063417 
    9000   0.40422123    1.4059739     1374.891   0.96807674   -6.2043099    0.6058763   -5.5984336 
   10000   0.39129028    1.4478085    1367.6414   0.97320832   -6.2446501   0.58649445   -5.6581557 
   11000   0.41975405    1.5153446    1375.3148   0.96777843   -6.1828835   0.62915802   -5.5537255 
   12000   0.42353089    1.3386675      1377.73   0.96608187   -6.1967348   0.63481902   -5.5619158 
   13000   0.38262096    1.5186736    1365.6809   0.97460539   -6.2424982   0.57350023   -5.6689979 
   14000   0.40322714    1.4426227    1368.1097   0.97287518   -6.2380973   0.60438629    -5.633711 
   15000   0.42122294    1.5016187    1373.4089   0.96912144   -6.2008556   0.63135971   -5.5694959 
   16000   0.39182446    1.5449349    1367.5402   0.97328033   -6.2281427   0.58729511   -5.6408476 
   17000   0.38029476    1.3556122    1371.6276   0.97038004   -6.2279919   0.57001357   -5.6579783 
   18000   0.41592819    1.7131742    1368.0704   0.97290312   -6.1956808   0.62342355   -5.5722572 
   19000   0.39718869    1.2349656    1376.8367   0.96670866   -6.2130687   0.59533542   -5.6177332 
   20000    0.3947356     1.745199     1358.686   0.97962294   -6.2518152   0.59165855   -5.6601566 
   21000   0.39913203    1.3620288    1372.8603   0.96950872   -6.2223415   0.59824823   -5.6240932 
   22000   0.41485923    1.6836391    1366.3371   0.97413738   -6.2098315   0.62182131   -5.5880102 
   23000   0.38662624    1.4572405    1367.0499   0.97362939   -6.2446369   0.57950364   -5.6651333 
   24000   0.39944594     1.546992    1363.7006   0.97602066   -6.2566801   0.59871874   -5.6579614 
   25000   0.41416114    1.4636995    1369.6966   0.97174804   -6.2275161   0.62077496   -5.6067411 
   26000   0.38763344    1.6059412     1365.971   0.97439844   -6.2245443   0.58101331   -5.6435309 
   27000   0.38747537    1.6024594    1360.2306   0.97851056   -6.2662928   0.58077638   -5.6855164 
   28000   0.39652537    1.3294245    1369.0422   0.97221257   -6.2525334   0.59434118   -5.6581922 
   29000   0.41014811    1.6529349    1361.9249   0.97729323    -6.252097   0.61475994   -5.6373371 
   30000   0.38691802     1.346837    1364.4385   0.97549287   -6.2840037   0.57994099   -5.7040627 
   31000   0.41176683    1.7066968    1352.9767   0.98375675     -6.31111   0.61718619   -5.6939238 
   32000   0.40454688    1.4373593    1364.0581   0.97576487   -6.2716796   0.60636441   -5.6653152 
   33000   0.40370651    1.4400057    1361.5014    0.9775972    -6.292851    0.6051048   -5.6877462 
   34000   0.40403109    1.4846369    1355.7345   0.98175564   -6.3196672    0.6055913   -5.7140759 
   35000   0.41115724    1.3779171    1359.2297    0.9792311   -6.3166948    0.6162725   -5.7004223 
   36000   0.40963431    1.3839296    1358.8287   0.97952011   -6.3162813   0.61398981   -5.7022915 
   37000   0.38900594    1.6587881    1350.7783   0.98535784   -6.3173329   0.58307051   -5.7342624 
   38000    0.3937656    1.2530171    1360.3148      0.97845   -6.3267129   0.59020463   -5.7365082 
   39000   0.39860293    1.6447757    1354.9873   0.98229701   -6.3010127   0.59745518   -5.7035576 
   40000   0.40791874    1.4988554    1355.0711   0.98223631   -6.3289038    0.6114184   -5.7174854 
   41000   0.38871125    1.4867406    1354.9426    0.9823294   -6.3251899   0.58262881   -5.7425611 
   42000   0.40554573    1.4485759    1355.6529   0.98181476   -6.3286927   0.60786156   -5.7208311 
   43000   0.40627169    1.5226486    1354.5472   0.98261618   -6.3260609   0.60894967   -5.7171112 
   44000   0.38939891    1.3662871     1357.266   0.98064786   -6.3305617   0.58365953   -5.7469022 
   45000   0.40098776    1.5524246    1349.8415   0.98604169   -6.3556715   0.60102974   -5.7546418 
   46000   0.40474551    1.5711254     1349.556   0.98625027   -6.3526456   0.60666213   -5.7459834 
   47000   0.38993271    1.4971467    1354.4623   0.98267778   -6.3309765   0.58445963   -5.7465169 
   48000   0.40277393    1.5722865    1345.1124   0.98950835   -6.3809146   0.60370697   -5.7772076 
   49000   0.38780849    1.4676901    1345.7856   0.98901339   -6.3981092   0.58127569   -5.8168335 
   50000   0.41219885    1.5173767    1341.3589   0.99227734   -6.4213233   0.61783373   -5.8034896 
Loop time of 43.1097 on 1 procs for 50000 steps with 1331 atoms

Performance: 400837.624 tau/day, 1159.831 timesteps/s
99.9% CPU use with 1 MPI tasks x no OpenMP threads

MPI task timing breakdown:
Section |  min time  |  avg time  |  max time  |%varavg| %total
---------------------------------------------------------------
Pair    | 34.947     | 34.947     | 34.947     |   0.0 | 81.07
Neigh   | 5.1175     | 5.1175     | 5.1175     |   0.0 | 11.87
Comm    | 0.74688    | 0.74688    | 0.74688    |   0.0 |  1.73
Output  | 0.024373   | 0.024373   | 0.024373   |   0.0 |  0.06
Modify  | 2.0476     | 2.0476     | 2.0476     |   0.0 |  4.75
Other   |            | 0.2264     |            |       |  0.53

Nlocal:    1331 ave 1331 max 1331 min
Histogram: 1 0 0 0 0 0 0 0 0 0
Nghost:    3228 ave 3228 max 3228 min
Histogram: 1 0 0 0 0 0 0 0 0 0
Neighs:    58175 ave 58175 max 58175 min
Histogram: 1 0 0 0 0 0 0 0 0 0

Total # of neighbors = 58175
Ave neighs/atom = 43.7077
Neighbor list builds = 2500
Dangerous builds not checked

write_restart lattice_11_11_11__2_2_2/sim1/T_0.40__P_1.50/end1.restart
Total wall time: 0:00:43
