run 50000
Neighbor list info ...
  update every 20 steps, delay 0 steps, check no
  max neighbors/atom: 2000, page size: 100000
  master list distance cutoff = 2.8
  ghost atom cutoff = 2.8
  binsize = 1.4, bins = 16 16 16
  1 neighbor lists, perpetual/occasional/extra = 1 0 0
  (1) pair lj/cut, perpetual
      attributes: half, newton on
      pair build: half/bin/atomonly/newton
      stencil: half/bin/3d/newton
      bin: standard
Per MPI rank memory allocation (min/avg/max) = 2.7 | 2.7 | 2.7 Mbytes
Step Temp Press Volume Density PotEng KinEng TotEng 
       0          1.2   0.10447715        10648        0.125  -0.13561964    1.7986476     1.663028 
    1000    1.5851618   0.22704045    7597.8914   0.17518018   -1.0224621    2.3759563    1.3534942 
    2000    1.3721142   0.24001356    5929.0986   0.22448606   -1.3698283     2.056625   0.68679669 
    3000    1.2871654   0.15653555    4773.4355   0.27883481   -1.7317509    1.9292976   0.19754665 
    4000    1.2500522   0.22322449    3948.8183   0.33706287   -2.0587776    1.8736695  -0.18510815 
    5000    1.2479838   0.20714793    3359.3665   0.39620565   -2.3923371    1.8705693  -0.52176784 
    6000    1.2090422   0.24606429    2935.4755   0.45341888   -2.6659375    1.8122007   -0.8537368 
    7000    1.2120616   0.27817474    2616.0815   0.50877621   -2.9522971    1.8167264   -1.1355707 
    8000    1.2114516   0.39611193    2417.5956     0.550547   -3.1926535    1.8158121   -1.3768414 
    9000    1.1836208   0.43173164    2308.3052   0.57661354   -3.3376183    1.7740973    -1.563521 
   10000    1.2036317   0.49208107    2247.4043   0.59223878   -3.4195212    1.8040911   -1.6154301 
   11000    1.1920063   0.46228616    2228.2751   0.59732302   -3.4696586    1.7866662   -1.6829924 
   12000    1.1910993   0.56238992     2227.993   0.59739864   -3.4801485    1.7853066   -1.6948418 
   13000    1.2067134   0.58179982    2248.5022   0.59194962    -3.403752    1.8087102   -1.5950418 
   14000    1.2135092   0.57890362    2258.1573   0.58941864   -3.3624695    1.8188962   -1.5435734 
   15000    1.1926363   0.37269318    2243.6232   0.59323687   -3.4436982    1.7876104   -1.6560878 
   16000    1.1736974   0.38923232    2221.2955   0.59919987   -3.4961907    1.7592233   -1.7369674 
   17000    1.2240184   0.46840827    2227.3622   0.59756783   -3.4802634    1.8346482   -1.6456152 
   18000    1.2002477   0.50561611     2278.017   0.58428009   -3.3752054     1.799019   -1.5761864 
   19000    1.2238084   0.46252845    2305.9424   0.57720435   -3.3190918    1.8343333   -1.4847584 
   20000    1.2311374   0.37267053    2265.0156   0.58763393   -3.4150656    1.8453187   -1.5697469 
   21000    1.1793614    0.4531338    2255.4735      0.59012   -3.4174955     1.767713   -1.6497825 
   22000    1.1976352   0.56251658    2190.0737   0.60774209   -3.4983922    1.7951031   -1.7032891 
   23000    1.1812986   0.64785212    2221.2566   0.59921037   -3.4464044    1.7706167   -1.6757877 
   24000    1.1783189   0.51985735    2294.5888   0.58006036     -3.34965    1.7661504   -1.5834996 
   25000    1.1938142   0.62539292    2279.6261   0.58386768   -3.3279605    1.7893759   -1.5385847 
   26000     1.245438   0.65851247    2221.8168   0.59905928   -3.4474587    1.8667534   -1.5807053 
   27000    1.2110865   0.41423812    2255.1171   0.59021325   -3.4271775    1.8152648   -1.6119127 
   28000    1.1558881   0.36627832    2295.3063   0.57987904   -3.3893649    1.7325295   -1.6568354 
   29000    1.2030292   0.40159905    2257.9464   0.58947369   -3.4070824    1.8031879   -1.6038945 
   30000    1.2122689   0.64736958    2242.0223   0.59366047   -3.4213635    1.8170372   -1.6043264 
   31000    1.2094572   0.62492178    2203.2639   0.60410377   -3.4879902    1.8128228   -1.6751674 
   32000    1.1694921   0.37309969    2207.0506   0.60306728   -3.5182652    1.7529201   -1.7653451 
   33000    1.1632074   0.54642529    2235.3832   0.59542365   -3.4080531    1.7435002   -1.6645529 
   34000     1.174366   0.45882858    2268.0925   0.58683674   -3.4008525    1.7602255   -1.6406271 
   35000     1.190276    0.5309753    2234.4934   0.59566074   -3.3972289    1.7840726   -1.6131563 
   36000    1.1708043   0.58438766    2229.6417   0.59695691   -3.4166138     1.754887   -1.6617268 
   37000      1.14494   0.42888235    2227.2698   0.59759261   -3.4636843    1.7161196   -1.7475647 
   38000    1.1676849   0.62255841    2225.4635   0.59807765   -3.4234728    1.7502114   -1.6732614 
   39000    1.2236732   0.53162188    2247.8563    0.5921197   -3.3735526    1.8341308   -1.5394218 
   40000    1.2355495   0.44033567    2245.2305   0.59281218   -3.4635459    1.8519319    -1.611614 
   41000    1.1919034   0.54847213    2198.7209   0.60535197   -3.5347953    1.7865119   -1.7482834 
   42000    1.1649256   0.37229536    2229.6005   0.59696794   -3.4867485    1.7460756   -1.7406729 
   43000    1.2072303   0.47889435    2207.1964   0.60302744   -3.4467112    1.8094849   -1.6372263 
   44000    1.2068429   0.48603157     2248.375   0.59198311   -3.4170482    1.8089043   -1.6081439 
   45000    1.1670646   0.38271297    2304.3448   0.57760454    -3.336337    1.7492817   -1.5870553 
   46000    1.1420269   0.67496941    2258.7028   0.58927628   -3.3579352    1.7117534   -1.6461818 
   47000    1.2410269   0.57633829    2178.8954   0.61085997   -3.4934188    1.8601418    -1.633277 
   48000    1.2140827   0.56152086    2207.3511   0.60298517   -3.4926101    1.8197558   -1.6728544 
   49000    1.1715587   0.58748902     2261.908   0.58844125   -3.3561859    1.7560177   -1.6001683 
   50000    1.1737312   0.33705276    2317.2411   0.57438994   -3.3424113     1.759274   -1.5831373 
Loop time of 33.1041 on 1 procs for 50000 steps with 1331 atoms

Performance: 521989.306 tau/day, 1510.386 timesteps/s
99.8% CPU use with 1 MPI tasks x no OpenMP threads

MPI task timing breakdown:
Section |  min time  |  avg time  |  max time  |%varavg| %total
---------------------------------------------------------------
Pair    | 25.383     | 25.383     | 25.383     |   0.0 | 76.68
Neigh   | 4.355      | 4.355      | 4.355      |   0.0 | 13.16
Comm    | 0.76372    | 0.76372    | 0.76372    |   0.0 |  2.31
Output  | 0.026284   | 0.026284   | 0.026284   |   0.0 |  0.08
Modify  | 2.4182     | 2.4182     | 2.4182     |   0.0 |  7.30
Other   |            | 0.1581     |            |       |  0.48

Nlocal:    1331 ave 1331 max 1331 min
Histogram: 1 0 0 0 0 0 0 0 0 0
Nghost:    2453 ave 2453 max 2453 min
Histogram: 1 0 0 0 0 0 0 0 0 0
Neighs:    34521 ave 34521 max 34521 min
Histogram: 1 0 0 0 0 0 0 0 0 0

Total # of neighbors = 34521
Ave neighs/atom = 25.9361
Neighbor list builds = 2500
Dangerous builds not checked

write_restart lattice_11_11_11__2_2_2/sim1/T_1.20__P_0.50/end1.restart
Total wall time: 0:00:33
