run 50000
Neighbor list info ...
  update every 20 steps, delay 0 steps, check no
  max neighbors/atom: 2000, page size: 100000
  master list distance cutoff = 2.8
  ghost atom cutoff = 2.8
  binsize = 1.4, bins = 13 13 13
  1 neighbor lists, perpetual/occasional/extra = 1 0 0
  (1) pair lj/cut, perpetual
      attributes: half, newton on
      pair build: half/bin/atomonly/newton
      stencil: half/bin/3d/newton
      bin: standard
Per MPI rank memory allocation (min/avg/max) = 2.742 | 2.742 | 2.742 Mbytes
Step Temp Press TotEng 
       0          0.6  -0.19857047    0.2542509 
    1000   0.85226415 0.0063105514  -0.39955099 
    2000   0.72531113 0.0027417528   -1.0442423 
    3000   0.72458611 -0.0097851286   -1.5993249 
    4000   0.68511912  0.018617605    -2.099022 
    5000   0.65832749 -0.018868436   -2.5615637 
    6000   0.61950134 -0.036408642   -2.9446996 
    7000   0.60965599 -0.0098748623   -3.1891379 
    8000   0.59862518 -0.045871769   -3.3844007 
    9000   0.58600437 -0.028540623   -3.4702893 
   10000   0.59351251 0.00010913817   -3.4728955 
   11000   0.62723402  0.013309944   -3.4359657 
   12000   0.59544806 -0.051805082   -3.4515811 
   13000   0.57900528 -0.062203421   -3.4539709 
   14000   0.61628898  0.019135158   -3.4395138 
   15000   0.60735714 -0.038918137   -3.4721307 
   16000   0.59313899  0.031954463   -3.4676884 
   17000   0.60122763 -0.049891057   -3.4326608 
   18000     0.627663  0.023449213   -3.4155788 
   19000   0.59175016 -0.0088334935   -3.4562648 
   20000   0.60549575 -0.048858722   -3.5122784 
   21000   0.57881749  0.018237894   -3.4920633 
   22000   0.60934452 -0.074604564   -3.4258818 
   23000   0.59033393 -0.039750723   -3.4997942 
   24000   0.58461546 -0.038051549   -3.5348768 
   25000   0.61779559  0.049932312   -3.4765443 
   26000   0.60410759 -0.085415144   -3.4866074 
   27000   0.60143705 -0.058850362   -3.5345449 
   28000   0.60767602 -0.036511715   -3.4874094 
   29000   0.58525591 -0.059201989   -3.4714954 
   30000   0.57660335 0.0020293708    -3.529382 
   31000   0.59365357 -0.063642461   -3.5182237 
   32000    0.6053466 -0.056109283   -3.4640702 
   33000   0.61070543 -0.027565925   -3.4688492 
   34000   0.64143073 -0.013458356   -3.4074969 
   35000   0.59578338 -0.038798907   -3.4859584 
   36000   0.59138182   0.00804494   -3.5167425 
   37000   0.58876258 -0.032199072   -3.4758994 
   38000   0.61272118 -0.024791092    -3.443355 
   39000   0.58181819   0.01701802   -3.5249594 
   40000   0.60539062 0.0091451809   -3.5234525 
   41000   0.60836223 -0.062705121   -3.4600483 
   42000   0.61400308 -0.010242605   -3.4334322 
   43000   0.60166296 -0.054728752    -3.437574 
   44000    0.5726663  0.013402749    -3.501012 
   45000   0.59122588 -0.015896274   -3.5505011 
   46000   0.60862695  0.001988313   -3.5132167 
   47000   0.57854251 -0.029572625   -3.4444688 
   48000   0.59388214 -0.032215126   -3.4048693 
   49000    0.6000098  0.014013734   -3.4432856 
   50000   0.59718786 0.0055345151   -3.4909274 
Loop time of 25.5147 on 1 procs for 50000 steps with 1331 atoms

Performance: 677257.949 tau/day, 1959.658 timesteps/s
99.9% CPU use with 1 MPI tasks x no OpenMP threads

MPI task timing breakdown:
Section |  min time  |  avg time  |  max time  |%varavg| %total
---------------------------------------------------------------
Pair    | 20.836     | 20.836     | 20.836     |   0.0 | 81.66
Neigh   | 3.4724     | 3.4724     | 3.4724     |   0.0 | 13.61
Comm    | 0.25695    | 0.25695    | 0.25695    |   0.0 |  1.01
Output  | 0.024295   | 0.024295   | 0.024295   |   0.0 |  0.10
Modify  | 0.84416    | 0.84416    | 0.84416    |   0.0 |  3.31
Other   |            | 0.0809     |            |       |  0.32

Nlocal:    1331 ave 1331 max 1331 min
Histogram: 1 0 0 0 0 0 0 0 0 0
Nghost:    956 ave 956 max 956 min
Histogram: 1 0 0 0 0 0 0 0 0 0
Neighs:    37810 ave 37810 max 37810 min
Histogram: 1 0 0 0 0 0 0 0 0 0

Total # of neighbors = 37810
Ave neighs/atom = 28.4072
Neighbor list builds = 2500
Dangerous builds not checked

write_restart NVT/sim1/T_0.60__v_4.10/end1.restart
Total wall time: 0:00:25
