run 50000
Neighbor list info ...
  update every 20 steps, delay 0 steps, check no
  max neighbors/atom: 2000, page size: 100000
  master list distance cutoff = 2.8
  ghost atom cutoff = 2.8
  binsize = 1.4, bins = 16 16 16
  1 neighbor lists, perpetual/occasional/extra = 1 0 0
  (1) pair lj/cut, perpetual
      attributes: half, newton on
      pair build: half/bin/atomonly/newton
      stencil: half/bin/3d/newton
      bin: standard
Per MPI rank memory allocation (min/avg/max) = 2.7 | 2.7 | 2.7 Mbytes
Step Temp Press Volume Density PotEng KinEng TotEng 
       0          0.4  0.004552278        10648        0.125  -0.13561964   0.59954921   0.46392957 
    1000   0.87762537  0.049740823    5781.9891    0.2301976   -1.5596636     1.315449  -0.24421463 
    2000   0.75956496 -0.096375272    3716.6834   0.35811498    -2.658707    1.1384914   -1.5202155 
    3000   0.68573479  -0.26053227    2570.8028    0.5177371   -3.8196153    1.0278294    -2.791786 
    4000   0.60856857  -0.25433695    1873.2082    0.7105457   -4.8148824   0.91216702   -3.9027154 
    5000   0.54432868   0.23554964    1539.0526   0.86481772   -5.5204194   0.81587957   -4.7045398 
    6000   0.44338686   0.44605945    1447.4764    0.9195314    -5.919586   0.66458061   -5.2550054 
    7000   0.38160321   0.48932387    1416.1808   0.93985172   -6.0966158   0.57197476    -5.524641 
    8000   0.38875258   0.52157897    1409.5082   0.94430101     -6.12922   0.58269076   -5.5465292 
    9000   0.43246926   0.43195109    1421.9629   0.93603005   -6.0740469    0.6482165   -5.4258304 
   10000    0.4114176   0.45183915    1415.4265   0.94035258   -6.1049092   0.61666275   -5.4882464 
   11000   0.38964906   0.45275099    1406.5355   0.94629678   -6.1624849   0.58403447   -5.5784504 
   12000   0.40766089   0.43181258    1413.7276   0.94148266   -6.1206175   0.61103191   -5.5095856 
   13000   0.42089952    0.5539576    1416.7014   0.93950637   -6.0826697   0.63087494   -5.4517947 
   14000   0.38693022   0.47976883    1414.7577   0.94079717   -6.1034575   0.57995927   -5.5234982 
   15000   0.39313386   0.56966657    1407.0025   0.94598266   -6.1373711   0.58925774   -5.5481133 
   16000   0.39896059   0.48480753    1416.7489   0.93947487   -6.0939109   0.59799127   -5.4959196 
   17000   0.41372517   0.29523912    1418.9001   0.93805054   -6.1141365   0.62012149    -5.494015 
   18000   0.40184444   0.68279575    1397.9054   0.95213885   -6.1748338    0.6023138     -5.57252 
   19000   0.38836417   0.41595934    1408.8052    0.9447722   -6.1529794   0.58210858   -5.5708708 
   20000   0.42215972   0.38628071    1412.3477   0.94240253   -6.1421493   0.63276381   -5.5093855 
   21000    0.4098569   0.58026705    1403.3862   0.94842035   -6.1638482   0.61432345   -5.5495247 
   22000   0.38488688   0.40868289    1404.8555   0.94742841    -6.184059   0.57689657   -5.6071624 
   23000   0.39197072   0.74754785     1398.116   0.95199543   -6.1611829   0.58751433   -5.5736686 
   24000   0.40215354   0.42954458    1406.5247   0.94630405   -6.1637499   0.60277709   -5.5609728 
   25000   0.40546823   0.56323579    1390.9679   0.95688768   -6.2448176    0.6077454   -5.6370722 
   26000   0.38900651   0.52969245    1389.0817     0.958187   -6.2593882   0.58307137   -5.6763169 
   27000   0.39211153     0.523209    1387.8036   0.95906942   -6.2777396   0.58772539   -5.6900142 
   28000    0.4135033   0.58516414      1376.15   0.96719108   -6.3557782   0.61978895   -5.7359892 
   29000   0.39697197   0.33115678    1371.0791   0.97076824   -6.4551322   0.59501058   -5.8601216 
   30000   0.39440324   0.63081275    1351.2137   0.98504035   -6.5317631   0.59116038   -5.9406027 
   31000    0.3964038   0.44667814    1357.5244    0.9804612   -6.5157008   0.59415897   -5.9215418 
   32000   0.41506355   0.51266004    1355.8364   0.98168185   -6.5126356   0.62212756    -5.890508 
   33000   0.38896853   0.55252947    1352.1297   0.98437305    -6.526163   0.58301444   -5.9431486 
   34000   0.39510317    0.4374316    1350.5726   0.98550791   -6.5561254   0.59220949   -5.9639159 
   35000   0.41466988   0.58652305      1348.19    0.9872496   -6.5544926    0.6215375   -5.9329551 
   36000   0.39833952   0.31146048    1353.6865   0.98324094   -6.5552193   0.59706036   -5.9581589 
   37000   0.39905898   0.81881977    1338.6429   0.99429057    -6.579112   0.59813874   -5.9809733 
   38000   0.40233862   0.29343789    1354.0469   0.98297927     -6.55947    0.6030545   -5.9564155 
   39000   0.41137243   0.58995301     1346.373    0.9885819   -6.5668944   0.61659503   -5.9502994 
   40000   0.39176728   0.45268352    1347.2679   0.98792529   -6.5753422   0.58720941   -5.9881328 
   41000   0.41235685   0.40106448    1347.1422   0.98801743    -6.586945   0.61807057   -5.9688744 
   42000   0.40799923   0.52307502    1348.9913   0.98666312   -6.5580742   0.61153904   -5.9465352 
   43000   0.39184756    0.4062967    1344.4797   0.98997406   -6.6024084   0.58732973   -6.0150787 
   44000   0.39734462   0.64626255    1336.2658   0.99605929    -6.629366   0.59556913   -6.0337969 
   45000   0.39809963    0.3844945    1347.4051   0.98782465   -6.5852126   0.59670079   -5.9885118 
   46000   0.41196254   0.59016599    1338.5221   0.99438029   -6.6171354   0.61747955   -5.9996559 
   47000   0.38218486   0.42573594     1341.887   0.99188681    -6.612464   0.57284658   -6.0396174 
   48000   0.40206989   0.61689883    1339.1927   0.99388238   -6.6018862   0.60265172   -5.9992344 
   49000   0.40007902   0.34840817    1348.4073   0.98709049   -6.5841615   0.59966765   -5.9844939 
   50000   0.40764463   0.72235794    1332.4659   0.99889986   -6.6390503   0.61100755   -6.0280428 
Loop time of 41.4496 on 1 procs for 50000 steps with 1331 atoms

Performance: 416892.278 tau/day, 1206.286 timesteps/s
99.9% CPU use with 1 MPI tasks x no OpenMP threads

MPI task timing breakdown:
Section |  min time  |  avg time  |  max time  |%varavg| %total
---------------------------------------------------------------
Pair    | 33.532     | 33.532     | 33.532     |   0.0 | 80.90
Neigh   | 4.8776     | 4.8776     | 4.8776     |   0.0 | 11.77
Comm    | 0.73743    | 0.73743    | 0.73743    |   0.0 |  1.78
Output  | 0.027546   | 0.027546   | 0.027546   |   0.0 |  0.07
Modify  | 2.055      | 2.055      | 2.055      |   0.0 |  4.96
Other   |            | 0.2202     |            |       |  0.53

Nlocal:    1331 ave 1331 max 1331 min
Histogram: 1 0 0 0 0 0 0 0 0 0
Nghost:    3250 ave 3250 max 3250 min
Histogram: 1 0 0 0 0 0 0 0 0 0
Neighs:    57722 ave 57722 max 57722 min
Histogram: 1 0 0 0 0 0 0 0 0 0

Total # of neighbors = 57722
Ave neighs/atom = 43.3674
Neighbor list builds = 2500
Dangerous builds not checked

write_restart lattice_11_11_11__2_2_2/sim1/T_0.40__P_0.50/end1.restart
Total wall time: 0:00:41
