run 50000
Neighbor list info ...
  update every 20 steps, delay 0 steps, check no
  max neighbors/atom: 2000, page size: 100000
  master list distance cutoff = 2.8
  ghost atom cutoff = 2.8
  binsize = 1.4, bins = 16 16 16
  1 neighbor lists, perpetual/occasional/extra = 1 0 0
  (1) pair lj/cut, perpetual
      attributes: half, newton on
      pair build: half/bin/atomonly/newton
      stencil: half/bin/3d/newton
      bin: standard
Per MPI rank memory allocation (min/avg/max) = 2.7 | 2.7 | 2.7 Mbytes
Step Temp Press Volume Density PotEng KinEng TotEng 
       0          0.8  0.054514712        10648        0.125  -0.13561964    1.1990984    1.0634788 
    1000   0.99892634  0.053300752    9947.1463   0.13380722  -0.90745039    1.4972637   0.58981336 
    2000   0.91720426  0.055823286    8397.5823     0.158498   -1.2470782    1.3747727    0.1276945 
    3000     0.857371  0.051763669    7124.9589    0.1868081   -1.5535456    1.2850903  -0.26845535 
    4000   0.86028593   0.02835725     6082.723   0.21881648   -1.9248064    1.2894594  -0.63534703 
    5000   0.86808856  0.016115992    5200.1676   0.25595329   -2.3065174    1.3011545   -1.0053629 
    6000   0.85743199  0.046456498    4495.7937   0.29605451   -2.6567157    1.2851817    -1.371534 
    7000   0.85127424 -0.018529483    3914.9427   0.33997943   -3.0171431     1.275952   -1.7411911 
    8000   0.86375485 -0.0009710967    3385.1269   0.39319058   -3.3678029    1.2946588   -2.0731441 
    9000   0.81111474  0.017858867    3002.9327   0.44323338   -3.5924455     1.215758   -2.3766875 
   10000   0.79796376  -0.10259114    2647.2975   0.50277689   -3.8157475    1.1960464   -2.6197011 
   11000   0.79811456  -0.11945629    2347.1734   0.56706505   -3.9774461    1.1962724   -2.7811737 
   12000   0.79686276 -0.015821634    2102.0979   0.63317697   -4.1366935    1.1943961   -2.9422974 
   13000   0.82906929 -0.089060165    1891.7382   0.70358574   -4.3615528    1.2426696   -3.1188832 
   14000    0.7899589  0.069274382    1809.8125    0.7354353   -4.4938816    1.1840481   -3.3098335 
   15000   0.77340414  0.068147368    1781.4582   0.74714074   -4.5668008    1.1592346   -3.4075662 
   16000   0.75942764  0.052102933    1789.3363   0.74385121   -4.5371353    1.1382856   -3.3988496 
   17000    0.7880984  0.057553855    1802.4995   0.73841908   -4.5021208    1.1812594   -3.3208614 
   18000    0.8331359 -0.051486587    1808.5162   0.73596242    -4.536421    1.2487649   -3.2876561 
   19000   0.80652633   0.22583436    1786.2471   0.74513767   -4.5388718    1.2088806   -3.3299913 
   20000   0.78875831   0.18429048    1782.2848   0.74679421   -4.5624199    1.1822486   -3.3801714 
   21000     0.808012   0.12933579    1802.5018   0.73841814   -4.5034668    1.2111074   -3.2923594 
   22000   0.79527444   0.11298922    1800.3944   0.73928244   -4.5193931    1.1920154   -3.3273777 
   23000   0.76137494    0.1274416    1790.6673   0.74329832   -4.5201631    1.1412044   -3.3789587 
   24000   0.78641753  0.019401327    1796.1236   0.74104033   -4.5540217      1.17874   -3.3752817 
   25000   0.78911086 -0.011813538    1819.0135   0.73171528   -4.4842009     1.182777   -3.3014239 
   26000   0.81578815   0.13018616    1799.1897   0.73977746   -4.5161021    1.2227629   -3.2933393 
   27000   0.80228893  0.014922306    1800.6774   0.73916625   -4.5527453    1.2025292   -3.3502161 
   28000   0.83727642   0.11007212    1776.6472   0.74916393   -4.5962135     1.254971   -3.3412425 
   29000   0.79919008  0.082496156    1764.7228    0.7542261   -4.6192069    1.1978845   -3.4213224 
   30000   0.79344236   0.10344604    1782.8373   0.74656281   -4.5568687    1.1892693   -3.3675994 
   31000     0.820636   0.17235306    1797.7401   0.74037397   -4.5167201    1.2300292    -3.286691 
   32000   0.80307096   0.12378995    1780.5784   0.74750991   -4.5519587    1.2037014   -3.3482573 
   33000   0.77782105  0.060548618    1789.8836   0.74362376   -4.5717852     1.165855   -3.4059302 
   34000     0.790864 -0.043123993    1806.8118   0.73665668   -4.5220764    1.1854047   -3.3366717 
   35000   0.80884544 -0.095591174    1805.8982   0.73702934   -4.5455427    1.2123566   -3.3331861 
   36000   0.77714032   0.12617317     1777.208   0.74892754   -4.5887721    1.1648347   -3.4239374 
   37000   0.79420312   0.15231313    1770.9709   0.75156513   -4.6173488    1.1904096   -3.4269391 
   38000   0.78824951    0.1513441    1789.4891   0.74378772   -4.5401716    1.1814859   -3.3586856 
   39000   0.80765019  0.042642496    1795.0049   0.74150215   -4.5504693    1.2105651   -3.3399042 
   40000   0.82602618   0.26142874    1798.3319   0.74013036   -4.4799631    1.2381084   -3.2418548 
   41000   0.80250283  0.062485659    1820.6119   0.73107289   -4.4619549    1.2028499    -3.259105 
   42000   0.81539609  -0.11892974    1805.6547   0.73712876   -4.5651502    1.2221752    -3.342975 
   43000   0.78595947   0.03986594    1792.9178   0.74236532   -4.5514829    1.1780534   -3.3734294 
   44000   0.78362646  0.075264156     1763.337   0.75481884    -4.636356    1.1745566   -3.4617995 
   45000   0.76820703   0.15796471    1762.4727   0.75518899   -4.6256766    1.1514448   -3.4742318 
   46000   0.80662757   0.18770418    1767.8434   0.75289473   -4.5994328    1.2090323   -3.3904004 
   47000    0.7896009   0.17749877    1794.0403   0.74190082   -4.5069751    1.1835115   -3.3234636 
   48000   0.79897025   0.20126977       1803.4   0.73805036   -4.5000493     1.197555   -3.3024944 
   49000   0.79548628  -0.13540232    1782.5395   0.74668752   -4.6155012    1.1923329   -3.4231683 
   50000   0.79196634   0.00628383    1790.1405   0.74351706   -4.5581466     1.187057   -3.3710896 
Loop time of 32.3401 on 1 procs for 50000 steps with 1331 atoms

Performance: 534321.634 tau/day, 1546.070 timesteps/s
99.9% CPU use with 1 MPI tasks x no OpenMP threads

MPI task timing breakdown:
Section |  min time  |  avg time  |  max time  |%varavg| %total
---------------------------------------------------------------
Pair    | 25.304     | 25.304     | 25.304     |   0.0 | 78.24
Neigh   | 4.1917     | 4.1917     | 4.1917     |   0.0 | 12.96
Comm    | 0.67007    | 0.67007    | 0.67007    |   0.0 |  2.07
Output  | 0.024345   | 0.024345   | 0.024345   |   0.0 |  0.08
Modify  | 2.0132     | 2.0132     | 2.0132     |   0.0 |  6.23
Other   |            | 0.1369     |            |       |  0.42

Nlocal:    1331 ave 1331 max 1331 min
Histogram: 1 0 0 0 0 0 0 0 0 0
Nghost:    2845 ave 2845 max 2845 min
Histogram: 1 0 0 0 0 0 0 0 0 0
Neighs:    44297 ave 44297 max 44297 min
Histogram: 1 0 0 0 0 0 0 0 0 0

Total # of neighbors = 44297
Ave neighs/atom = 33.281
Neighbor list builds = 2500
Dangerous builds not checked

write_restart lattice_11_11_11__2_2_2/sim1/T_0.80__P_0.10/end1.restart
Total wall time: 0:00:32
