run 50000
Neighbor list info ...
  update every 20 steps, delay 0 steps, check no
  max neighbors/atom: 2000, page size: 100000
  master list distance cutoff = 2.8
  ghost atom cutoff = 2.8
  binsize = 1.4, bins = 16 16 16
  1 neighbor lists, perpetual/occasional/extra = 1 0 0
  (1) pair lj/cut, perpetual
      attributes: half, newton on
      pair build: half/bin/atomonly/newton
      stencil: half/bin/3d/newton
      bin: standard
Per MPI rank memory allocation (min/avg/max) = 2.7 | 2.7 | 2.7 Mbytes
Step Temp Press Volume Density PotEng KinEng TotEng 
       0          1.7   0.16693019        10648        0.125  -0.13561964    2.5480841    2.4124645 
    1000    2.2779645   0.43523652    6681.0386   0.19922052   -1.0448481    3.4143796    2.3695315 
    2000    2.0018936   0.44734935    4929.9707   0.26998132   -1.4562105    3.0005843    1.5443738 
    3000    1.8146772   0.65509201    3867.4184   0.34415722   -1.8516117    2.7199707   0.86835903 
    4000    1.7749156    0.7553555    3203.1366    0.4155302   -2.2605279    2.6603732    0.3998453 
    5000    1.7532716   0.77789953    2790.7806   0.47692749    -2.631431    2.6279315 -0.003499564 
    6000    1.7184039    1.0550097    2518.1169   0.52856958   -2.8801389    2.5756693  -0.30446958 
    7000    1.6938867    1.1760143      2377.55   0.55981999   -3.0489186    2.5389211  -0.50999752 
    8000    1.6907539    1.3476872    2342.1517   0.56828087   -3.0741712    2.5342254  -0.53994579 
    9000    1.6994723    1.2584789    2375.9747   0.56019116   -3.0270536    2.5472932  -0.47976036 
   10000    1.6819057    1.3203182     2374.085   0.56063704   -2.9871472    2.5209631  -0.46618419 
   11000     1.702726    1.3435004    2333.1215   0.57048036   -3.0893751    2.5521701  -0.53720493 
   12000    1.7021574    1.2069305    2354.7275   0.56524588   -3.0809557    2.5513178  -0.52963796 
   13000    1.6859641    1.2465553    2390.9215   0.55668913   -3.0004467    2.5270461  -0.47340057 
   14000    1.7386417    1.2802637    2367.9363   0.56209281   -3.0457806    2.6060031  -0.43977752 
   15000    1.7094051    1.2835542    2331.4406   0.57089166   -3.0986714    2.5621812  -0.53649013 
   16000    1.6547168    1.1377305    2320.5734   0.57356514    -3.133376    2.4802104  -0.65316562 
   17000    1.7098521    1.3276302    2342.1038   0.56829249   -3.1046571    2.5628511  -0.54180602 
   18000    1.7765121    1.3172765    2358.1595   0.56442322   -3.0199143     2.662766  -0.35714826 
   19000    1.6643799    1.3997101    2369.6388   0.56168899    -3.003237    2.4946941  -0.50854288 
   20000    1.6116517    1.2726728    2361.3169   0.56366852   -3.0591533    2.4156612  -0.64349204 
   21000    1.7345354    1.3038677    2296.1223   0.57967295   -3.1691638    2.5998484  -0.56931544 
   22000     1.738512    1.2398275    2325.7933   0.57227784    -3.128168    2.6058087  -0.52235929 
   23000    1.7137588     1.252215    2377.5393   0.55982251   -3.0372754    2.5687068  -0.46856861 
   24000    1.7660752    1.3523274    2418.3657   0.55037168     -2.98305    2.6471225  -0.33592742 
   25000    1.7460548    1.4077923    2349.2941   0.56655316   -3.0395705    2.6171144  -0.42245613 
   26000    1.7018985    1.1273261    2339.5648   0.56890921   -3.1245082    2.5509297  -0.57357841 
   27000    1.6866134      1.26106    2359.7951   0.56403203   -3.0505427    2.5280193   -0.5225234 
   28000    1.7474602    1.2116865    2403.2998   0.55382186   -3.0117822     2.619221  -0.39256127 
   29000    1.7361571    1.3545165     2338.744   0.56910889   -3.0850913    2.6022791  -0.48281226 
   30000    1.6755597      1.21295    2335.4007   0.56992361   -3.1119318    2.5114512  -0.60048058 
   31000    1.7040429    1.3427948    2362.3035   0.56343311   -3.0344428     2.554144  -0.48029881 
   32000    1.7715184    1.2756251    2368.4123   0.56197986    -3.047674    2.6552811  -0.39239288 
   33000    1.7011978    1.2896149    2375.6026   0.56027889   -3.0207677    2.5498795  -0.47088816 
   34000     1.587796    1.3276635    2358.1254   0.56443138   -3.0256284    2.3799045  -0.64572391 
   35000    1.7181386    1.3086458    2330.0704   0.57122737   -3.1059225    2.5752716  -0.53065095 
   36000    1.7970448    1.3771953    2334.9385   0.57003642   -3.0975757    2.6935419  -0.40403383 
   37000    1.7106562    1.3361648    2383.8979   0.55832928   -2.9891086    2.5640565  -0.42505215 
   38000    1.6483256    1.3269717    2351.7175   0.56596935   -3.0373639    2.4706308  -0.56673314 
   39000    1.6387819    1.1983126    2339.0751   0.56902834   -3.1068565     2.456326  -0.65053051 
   40000    1.7073301    1.4684153    2354.2533   0.56535973   -3.0400694     2.559071  -0.48099844 
   41000    1.7495666    1.3553455    2329.8639   0.57127799   -3.0705874    2.6223781  -0.44820924 
   42000    1.6777192    1.1696074    2340.9956   0.56856152   -3.1158069     2.514688  -0.60111889 
   43000    1.6848573    1.0595344    2369.7851   0.56165431   -3.0761461    2.5253872  -0.55075886 
   44000    1.7066613    1.4477484    2366.9531   0.56232631   -2.9868101    2.5580686  -0.42874153 
   45000    1.7105493    1.4043093    2365.6763   0.56262981   -2.9977678    2.5638963  -0.43387152 
   46000    1.6464314    1.1584689    2363.5495   0.56313608   -3.0605866    2.4677916    -0.592795 
   47000    1.6458986    1.2101528    2335.8294   0.56981902   -3.0857586     2.466993  -0.61876561 
   48000    1.7074208    1.5425531    2290.8877   0.58099748   -3.0916987    2.5592071  -0.53249168 
   49000    1.7374437    1.2301104    2367.3863   0.56222341   -3.0866919    2.6042074  -0.48248443 
   50000    1.6592991     1.288152    2371.5244   0.56124238   -3.0319304    2.4870786   -0.5448518 
Loop time of 34.4782 on 1 procs for 50000 steps with 1331 atoms

Performance: 501185.919 tau/day, 1450.191 timesteps/s
99.5% CPU use with 1 MPI tasks x no OpenMP threads

MPI task timing breakdown:
Section |  min time  |  avg time  |  max time  |%varavg| %total
---------------------------------------------------------------
Pair    | 26.478     | 26.478     | 26.478     |   0.0 | 76.80
Neigh   | 4.4122     | 4.4122     | 4.4122     |   0.0 | 12.80
Comm    | 0.80445    | 0.80445    | 0.80445    |   0.0 |  2.33
Output  | 0.031205   | 0.031205   | 0.031205   |   0.0 |  0.09
Modify  | 2.5846     | 2.5846     | 2.5846     |   0.0 |  7.50
Other   |            | 0.1675     |            |       |  0.49

Nlocal:    1331 ave 1331 max 1331 min
Histogram: 1 0 0 0 0 0 0 0 0 0
Nghost:    2478 ave 2478 max 2478 min
Histogram: 1 0 0 0 0 0 0 0 0 0
Neighs:    33776 ave 33776 max 33776 min
Histogram: 1 0 0 0 0 0 0 0 0 0

Total # of neighbors = 33776
Ave neighs/atom = 25.3764
Neighbor list builds = 2500
Dangerous builds not checked

write_restart lattice_11_11_11__2_2_2/sim1/T_1.70__P_1.30/end1.restart
Total wall time: 0:00:34
