run 50000
Neighbor list info ...
  update every 20 steps, delay 0 steps, check no
  max neighbors/atom: 2000, page size: 100000
  master list distance cutoff = 2.8
  ghost atom cutoff = 2.8
  binsize = 1.4, bins = 16 16 16
  1 neighbor lists, perpetual/occasional/extra = 1 0 0
  (1) pair lj/cut, perpetual
      attributes: half, newton on
      pair build: half/bin/atomonly/newton
      stencil: half/bin/3d/newton
      bin: standard
Per MPI rank memory allocation (min/avg/max) = 2.7 | 2.7 | 2.7 Mbytes
Step Temp Press Volume Density PotEng KinEng TotEng 
       0          1.7   0.16693019        10648        0.125  -0.13561964    2.5480841    2.4124645 
    1000    2.0609509   0.34644965    7927.8134   0.16788993  -0.87829097    3.0891038    2.2108128 
    2000    1.8445355    0.3590519      6428.91   0.20703354   -1.1685156    2.7647246    1.5962089 
    3000    1.7190946   0.35345314    5398.9328    0.2465302   -1.3792614    2.5767045    1.1974431 
    4000    1.7259706   0.41891248    4678.0418   0.28452076   -1.5984773    2.5870107   0.98853339 
    5000       1.7051   0.50744204    4178.1382   0.31856294   -1.7564599    2.5557284   0.79926854 
    6000    1.7061297   0.48273046    3844.4197    0.3462161   -1.9102904    2.5572718   0.64698145 
    7000    1.6580259   0.44673593    3626.3137    0.3670394   -1.9812951    2.4851704   0.50387523 
    8000    1.7152845   0.63985491    3484.2561   0.38200406   -2.1222023    2.5709937   0.44879147 
    9000    1.6995491   0.63237634    3406.3679   0.39073877   -2.1253478    2.5474083   0.42206051 
   10000    1.7236041   0.61526233     3371.183   0.39481689   -2.1917489    2.5834637   0.39171473 
   11000    1.6719453    0.5128666    3383.5021    0.3933794   -2.1694473    2.5060337   0.33658636 
   12000    1.7192295   0.65796603    3392.2986   0.39235933   -2.1457195    2.5769067   0.43118717 
   13000    1.7283545   0.57739412    3415.4404   0.38970085   -2.1655237    2.5905839   0.42506022 
   14000    1.6988352   0.60550748     3373.588   0.39453543   -2.1628845    2.5463383   0.38345377 
   15000    1.6934722   0.60267931    3268.4643   0.40722488   -2.2426426    2.5382998   0.29565719 
   16000    1.7137089   0.54871066    3368.7584   0.39510105   -2.1669872     2.568632   0.40164481 
   17000    1.7197447   0.60440055    3526.5506   0.37742263   -2.0821842    2.5776789   0.49549464 
   18000    1.6613337   0.57522597    3473.6443   0.38317107   -2.0993949    2.4901283   0.39073339 
   19000     1.739509   0.70187899    3312.0587   0.40186486   -2.1847402    2.6073031   0.42256294 
   20000    1.6393598    0.6248144    3359.6494   0.39617229   -2.1776619    2.4571922   0.27953029 
   21000    1.7162914    0.5037847    3409.1697   0.39041764   -2.1598152    2.5725029   0.41268779 
   22000    1.7659458   0.51439141    3460.6724   0.38460734   -2.1643062    2.6469286   0.48262239 
   23000    1.6911874   0.64042704     3426.605   0.38843111   -2.1127445    2.5348752    0.4221307 
   24000    1.7468295    0.6053925    3385.8677   0.39310455   -2.1979328    2.6182756   0.42034285 
   25000    1.6298589   0.71730814    3315.2763   0.40147484   -2.1685655    2.4429515   0.27438603 
   26000    1.6990456   0.56797446    3276.2314   0.40625947   -2.2406886    2.5466537   0.30596506 
   27000    1.6592903   0.56947796    3402.0086   0.39123945     -2.12166    2.4870654   0.36540541 
   28000    1.6918655   0.63132099      3530.93   0.37695452   -2.0515639    2.5358916    0.4843277 
   29000    1.7021772   0.61296525    3499.5968   0.38032953   -2.0686714    2.5513475   0.48267608 
   30000    1.7044222   0.77333382    3255.0762    0.4088998   -2.2041181    2.5547125    0.3505944 
   31000    1.6609255   0.58128129    3281.1858   0.40564603   -2.2228706    2.4895165    0.2666459 
   32000    1.7352066   0.52696913    3400.8931   0.39136779   -2.1843035    2.6008544   0.41655087 
   33000    1.6978194   0.55572252    3521.2778   0.37798779   -2.0769364    2.5448158   0.46787939 
   34000    1.7099836   0.63925902    3441.4833   0.38675184    -2.082595    2.5630483   0.48045332 
   35000    1.6984663   0.60711253     3408.498   0.39049458   -2.1422346    2.5457853    0.4035507 
   36000    1.7383497   0.54063618    3405.7342   0.39081147   -2.1885112    2.6055655    0.4170543 
   37000    1.7116912   0.50355402     3361.622   0.39593982   -2.2034942    2.5656078   0.36211364 
   38000    1.6838757   0.67859649    3227.1666    0.4124361   -2.2610554    2.5239159   0.26286056 
   39000    1.6719214   0.49315938    3347.8475   0.39756889   -2.2298564     2.505998   0.27614151 
   40000    1.6951426   0.66555218    3347.4214   0.39761949   -2.1276121    2.5408036   0.41319148 
   41000    1.6192403   0.56140642    3463.8407   0.38425554   -2.1331424    2.4270356   0.29389319 
   42000    1.7742666   0.72635523    3341.1403   0.39836699   -2.1498416    2.6594003   0.50955868 
   43000     1.677782   0.56196156    3421.6705   0.38899129   -2.1703186    2.5147823    0.3444637 
   44000    1.7406985    0.6717394    3342.4617    0.3982095   -2.1574762     2.609086   0.45160986 
   45000    1.6621476   0.53549753    3378.3795   0.39397587   -2.1801862    2.4913482   0.31116192 
   46000    1.7179824   0.57636511     3329.615   0.39974592   -2.2440533    2.5750374   0.33098412 
   47000    1.7356112   0.66490816    3348.0638    0.3975432   -2.1558295    2.6014608   0.44563125 
   48000    1.6853357    0.5717904    3461.7573    0.3844868   -2.1329739    2.5261043   0.39313035 
   49000     1.789867   0.58112371    3470.8372   0.38348096   -2.0944441    2.6827834   0.58833928 
   50000    1.6749827   0.52917437    3618.6156   0.36782022   -2.0542477    2.5105865   0.45633873 
Loop time of 23.1271 on 1 procs for 50000 steps with 1331 atoms

Performance: 747176.934 tau/day, 2161.970 timesteps/s
99.6% CPU use with 1 MPI tasks x no OpenMP threads

MPI task timing breakdown:
Section |  min time  |  avg time  |  max time  |%varavg| %total
---------------------------------------------------------------
Pair    | 16.624     | 16.624     | 16.624     |   0.0 | 71.88
Neigh   | 3.5466     | 3.5466     | 3.5466     |   0.0 | 15.34
Comm    | 0.61869    | 0.61869    | 0.61869    |   0.0 |  2.68
Output  | 0.025658   | 0.025658   | 0.025658   |   0.0 |  0.11
Modify  | 2.1798     | 2.1798     | 2.1798     |   0.0 |  9.43
Other   |            | 0.1319     |            |       |  0.57

Nlocal:    1331 ave 1331 max 1331 min
Histogram: 1 0 0 0 0 0 0 0 0 0
Nghost:    2097 ave 2097 max 2097 min
Histogram: 1 0 0 0 0 0 0 0 0 0
Neighs:    22566 ave 22566 max 22566 min
Histogram: 1 0 0 0 0 0 0 0 0 0

Total # of neighbors = 22566
Ave neighs/atom = 16.9542
Neighbor list builds = 2500
Dangerous builds not checked

write_restart lattice_11_11_11__2_2_2/sim1/T_1.70__P_0.60/end1.restart
Total wall time: 0:00:23
