run 50000
Neighbor list info ...
  update every 20 steps, delay 0 steps, check no
  max neighbors/atom: 2000, page size: 100000
  master list distance cutoff = 2.8
  ghost atom cutoff = 2.8
  binsize = 1.4, bins = 16 16 16
  1 neighbor lists, perpetual/occasional/extra = 1 0 0
  (1) pair lj/cut, perpetual
      attributes: half, newton on
      pair build: half/bin/atomonly/newton
      stencil: half/bin/3d/newton
      bin: standard
Per MPI rank memory allocation (min/avg/max) = 2.7 | 2.7 | 2.7 Mbytes
Step Temp Press Volume Density PotEng KinEng TotEng 
       0          0.7  0.042024104        10648        0.125  -0.13561964    1.0492111   0.91359148 
    1000    1.3409383   0.23740105    5143.0719   0.25879475   -1.5754528    2.0098963    0.4344435 
    2000    1.1183307    0.1517888    3260.1969   0.40825755   -2.5044079    1.6762357  -0.82817217 
    3000    1.0320329   0.07371628    2266.7832    0.5871757   -3.5589907    1.5468863   -2.0121044 
    4000   0.96234342   0.81921793    1774.6269   0.75001681   -4.4723312    1.4424306   -3.0299006 
    5000   0.79086889    1.3504813     1599.593   0.83208669    -5.007101     1.185412    -3.821689 
    6000   0.70371119    1.4037803    1525.1355   0.87270935   -5.3534887    1.0547737   -4.2987149 
    7000   0.66339454    1.3799744    1498.5527    0.8881903   -5.4841086   0.99434418   -4.4897645 
    8000   0.70692578    1.3294374    1513.8593   0.87920987    -5.418312     1.059592     -4.35872 
    9000   0.73031469    1.4655764    1530.9952   0.86936916   -5.3131291     1.094649   -4.2184801 
   10000   0.69335348    1.4206365    1521.5562   0.87476229   -5.3566268    1.0392488    -4.317378 
   11000    0.6622495     1.589477    1503.8477   0.88506302   -5.4066054   0.99262791   -4.4139775 
   12000   0.69147181    1.3496244    1521.3212   0.87489744   -5.3648866    1.0364284   -4.3284581 
   13000   0.72780043    1.1823578    1534.4105    0.8674341   -5.3351536    1.0908804   -4.2442732 
   14000   0.69937476     1.441753    1517.9402   0.87684611   -5.3882527     1.048274   -4.3399787 
   15000   0.69447367    1.4706498     1507.046   0.88318472   -5.4276063    1.0409279   -4.3866785 
   16000    0.7226691     1.243537    1520.1912   0.87554774   -5.4051741    1.0831892   -4.3219849 
   17000   0.70921307    1.3227353    1528.1823   0.87096939   -5.3365215    1.0630203   -4.2735012 
   18000   0.69712178    1.4031443    1522.6744   0.87411992   -5.3557306     1.044897   -4.3108336 
   19000   0.69776972    1.3671482    1508.7518   0.88218617    -5.435001    1.0458682   -4.3891328 
   20000   0.71834247    1.7789185     1499.198     0.887808   -5.4128384    1.0767042   -4.3361343 
   21000   0.69598147    1.2230007    1533.2665   0.86808132   -5.3293706    1.0431879   -4.2861828 
   22000   0.71049494    1.2191673    1525.4237   0.87254448   -5.3872795    1.0649417   -4.3223378 
   23000   0.67274847    1.5419421    1513.3345   0.87951473   -5.3642469    1.0083645   -4.3558824 
   24000   0.69843554    1.4424226    1520.3973   0.87542908   -5.3605622    1.0468662    -4.313696 
   25000   0.71030367    1.6027738    1521.9055   0.87456152   -5.3348991     1.064655   -4.2702441 
   26000    0.6887908    1.3552081    1521.9047   0.87456196   -5.3602578    1.0324099   -4.3278478 
   27000   0.67590351    1.4493496    1510.5937   0.88111054   -5.4015514    1.0130935   -4.3884579 
   28000   0.69732652    1.3359801    1518.7461   0.87638085   -5.3850111    1.0452039   -4.3398072 
   29000   0.71082456    1.3306441    1523.1176   0.87386553   -5.3656219    1.0654358   -4.3001861 
   30000   0.69208345    1.6821103    1513.6439   0.87933494   -5.3439646    1.0373452   -4.3066193 
   31000   0.66867143    1.2370488     1525.641    0.8724202   -5.3658029    1.0022536   -4.3635493 
   32000   0.70270224    1.2135108    1520.7505   0.87522573   -5.4020366    1.0532614   -4.3487752 
   33000   0.70136027    1.5337013    1515.8692   0.87804412   -5.3754904      1.05125   -4.3242404 
   34000   0.69877582    1.3459484     1522.043   0.87448254   -5.3768076    1.0473762   -4.3294313 
   35000   0.68826111    1.4347754    1516.2997   0.87779481   -5.3729374     1.031616   -4.3413214 
   36000   0.71548923    1.4643827    1515.6564   0.87816737   -5.3925358    1.0724275   -4.3201083 
   37000   0.70097714    1.4225988    1519.0633   0.87619787   -5.3738225    1.0506757   -4.3231468 
   38000   0.69442085    1.0784935    1529.6171   0.87015238   -5.3749833    1.0408487   -4.3341346 
   39000   0.70480429    1.2070799    1525.7215   0.87237416   -5.3747236    1.0564121   -4.3183114 
   40000   0.72801232    1.4619815    1512.6895   0.87988975   -5.3960725     1.091198   -4.3048745 
   41000   0.69040971     1.411982    1514.0212   0.87911583   -5.4047511    1.0348365   -4.3699146 
   42000    0.7024224    1.2761347    1513.5475   0.87939097    -5.433454     1.052842    -4.380612 
   43000   0.72146748    1.4718432    1516.1625   0.87787426   -5.3828897    1.0813881   -4.3015015 
   44000   0.69994455    1.2730923    1528.1891   0.87096553   -5.3447944     1.049128   -4.2956664 
   45000   0.69578792    1.5197586    1516.0909   0.87791569   -5.3577728    1.0428978   -4.3148751 
   46000   0.70198078    1.2663463    1514.8992   0.87860629   -5.4173968    1.0521801   -4.3652168 
   47000   0.68504869    1.4629032     1513.133   0.87963189   -5.3902304     1.026801   -4.3634294 
   48000   0.71074572    1.4776423    1520.1929   0.87554679   -5.3560556    1.0653176    -4.290738 
   49000   0.70699693    1.1544203    1527.3778   0.87142817   -5.3787472    1.0596986   -4.3190486 
   50000    0.6986601    1.4989616    1517.9633   0.87683277   -5.3707828    1.0472028     -4.32358 
Loop time of 39.2626 on 1 procs for 50000 steps with 1331 atoms

Performance: 440113.901 tau/day, 1273.478 timesteps/s
99.9% CPU use with 1 MPI tasks x no OpenMP threads

MPI task timing breakdown:
Section |  min time  |  avg time  |  max time  |%varavg| %total
---------------------------------------------------------------
Pair    | 31.708     | 31.708     | 31.708     |   0.0 | 80.76
Neigh   | 4.5575     | 4.5575     | 4.5575     |   0.0 | 11.61
Comm    | 0.72065    | 0.72065    | 0.72065    |   0.0 |  1.84
Output  | 0.023833   | 0.023833   | 0.023833   |   0.0 |  0.06
Modify  | 2.037      | 2.037      | 2.037      |   0.0 |  5.19
Other   |            | 0.2155     |            |       |  0.55

Nlocal:    1331 ave 1331 max 1331 min
Histogram: 1 0 0 0 0 0 0 0 0 0
Nghost:    3049 ave 3049 max 3049 min
Histogram: 1 0 0 0 0 0 0 0 0 0
Neighs:    51752 ave 51752 max 51752 min
Histogram: 1 0 0 0 0 0 0 0 0 0

Total # of neighbors = 51752
Ave neighs/atom = 38.882
Neighbor list builds = 2500
Dangerous builds not checked

write_restart lattice_11_11_11__2_2_2/sim1/T_0.70__P_1.40/end1.restart
Total wall time: 0:00:39
