run 50000
Neighbor list info ...
  update every 20 steps, delay 0 steps, check no
  max neighbors/atom: 2000, page size: 100000
  master list distance cutoff = 2.8
  ghost atom cutoff = 2.8
  binsize = 1.4, bins = 16 16 16
  1 neighbor lists, perpetual/occasional/extra = 1 0 0
  (1) pair lj/cut, perpetual
      attributes: half, newton on
      pair build: half/bin/atomonly/newton
      stencil: half/bin/3d/newton
      bin: standard
Per MPI rank memory allocation (min/avg/max) = 2.7 | 2.7 | 2.7 Mbytes
Step Temp Press Volume Density PotEng KinEng TotEng 
       0          0.7  0.042024104        10648        0.125  -0.13561964    1.0492111   0.91359148 
    1000    1.2650477   0.18210534    5511.2204   0.24150731   -1.4542132     1.896146   0.44193279 
    2000    1.0860432  0.075011442    3581.9764   0.37158257   -2.3573245    1.6278409  -0.72948352 
    3000   0.94885737  0.014463577    2528.4282     0.526414   -3.2499166    1.4222167   -1.8276999 
    4000   0.92543336   0.32913316    1911.6744   0.69624829   -4.1737009    1.3871071   -2.7865938 
    5000   0.82843361    0.9287593    1662.4131   0.80064336   -4.8307012    1.2417168   -3.5889844 
    6000   0.72432613    1.0652819    1564.8106   0.85058218   -5.2259557    1.0856729   -4.1402828 
    7000   0.66055146    1.1557702    1524.4102   0.87312457   -5.3943125   0.99008276   -4.4042297 
    8000   0.67165049    1.2273235    1531.1392   0.86928742   -5.3433356    1.0067188   -4.3366168 
    9000   0.72884396    1.0696444    1556.6557   0.85503813    -5.256914    1.0924446   -4.1644694 
   10000   0.72869414   0.97355809    1554.3773   0.85629148   -5.2865414      1.09222   -4.1943214 
   11000   0.68941061    1.0578744    1539.6882   0.86446073   -5.3368783     1.033339   -4.3035393 
   12000   0.70062886   0.90337725    1547.1174   0.86030961   -5.3355401    1.0501537   -4.2853864 
   13000   0.72410607     1.181028    1542.1885   0.86305921   -5.3091602    1.0853431   -4.2238172 
   14000   0.68286132     1.035494    1551.9136   0.85765084   -5.2740836    1.0235224   -4.2505612 
   15000   0.69982907    1.1145509    1534.7105   0.86726454    -5.356095    1.0489549     -4.30714 
   16000   0.69562824    1.1877441    1539.0857   0.86479914   -5.3141201    1.0426584   -4.2714617 
   17000   0.70620447    1.2286901    1548.9351   0.85930005   -5.2553645    1.0585108   -4.1968536 
   18000   0.69030626   0.89669092    1553.0043   0.85704851    -5.291326    1.0346814   -4.2566445 
   19000    0.6912619    1.1077032     1532.113   0.86873487   -5.3575217    1.0361138   -4.3214079 
   20000   0.69178889    1.3540709    1530.1002   0.86987769   -5.3228726    1.0369037   -4.2859689 
   21000   0.72523067    0.9127586    1554.1838   0.85639806   -5.2982975    1.0870287   -4.2112688 
   22000   0.68899389    1.1580919    1548.3196   0.85964162   -5.2730974    1.0327144   -4.2403831 
   23000   0.68097212    1.3035114    1528.6734    0.8706896   -5.3390231    1.0206907   -4.3183323 
   24000   0.69465462    1.2792826    1535.8091   0.86664419   -5.3150781    1.0411991    -4.273879 
   25000   0.70894988     1.020888    1555.2807    0.8557941   -5.2773353    1.0626259   -4.2147095 
   26000   0.71606869     1.018973    1541.7283   0.86331682   -5.3358011    1.0732961    -4.262505 
   27000    0.6827623   0.99297824    1543.4415   0.86235857   -5.3332387     1.023374   -4.3098647 
   28000   0.71041159     1.002559     1541.886   0.86322854   -5.3355807    1.0648168   -4.2707639 
   29000   0.70850858    1.1409643    1541.5204   0.86343328   -5.3147189    1.0619644   -4.2527545 
   30000    0.6846722    1.1491945    1544.1797   0.86194631    -5.305516    1.0262367   -4.2792793 
   31000   0.71826374    1.2384628    1537.4926   0.86569523   -5.3271002    1.0765861   -4.2505141 
   32000   0.70910036   0.94747779    1553.5496   0.85674766   -5.2933422    1.0628514   -4.2304908 
   33000   0.71358035    1.0969093    1543.1589   0.86251649   -5.3213812    1.0695663   -4.2518149 
   34000   0.71162594    1.2138317    1532.3977   0.86857346   -5.3368391    1.0666369   -4.2702022 
   35000   0.67815373   0.82890837    1548.9007   0.85931911   -5.3286966    1.0164663   -4.3122303 
   36000   0.72739407    1.0903713    1538.0844   0.86536211   -5.3442794    1.0902714    -4.254008 
   37000   0.71838158    1.0356485    1548.9682   0.85928168   -5.3071166    1.0767628   -4.2303539 
   38000   0.70585747    1.1077184    1542.2365   0.86303236   -5.3119896    1.0579907   -4.2539989 
   39000   0.68381305    1.1410995    1539.1901   0.86474048   -5.3173536    1.0249489   -4.2924047 
   40000   0.68086029    1.0227685    1548.1576   0.85973161   -5.3028321    1.0205231    -4.282309 
   41000   0.73185445    1.2883458    1535.6603   0.86672813   -5.3196163    1.0969569   -4.2226594 
   42000   0.68424501    1.2066285    1543.9087   0.86209759   -5.2975428    1.0255964   -4.2719464 
   43000   0.71452235    1.2051688    1538.1317    0.8653355   -5.3187902    1.0709783   -4.2478119 
   44000   0.71073889    1.0900615    1545.2217   0.86136506   -5.3024819    1.0653073   -4.2371746 
   45000    0.7166976   0.85121892    1553.0095   0.85704562    -5.312907    1.0742387   -4.2386683 
   46000   0.68359086    1.2743846    1535.3962    0.8668772   -5.3196699    1.0246159    -4.295054 
   47000    0.7238247    1.3709298    1526.6996   0.87181528   -5.3424298    1.0849213   -4.2575084 
   48000   0.70330403   0.86470439    1558.5118   0.85401984   -5.2800688    1.0541634   -4.2259054 
   49000   0.69474479   0.98763987    1544.5456    0.8617421   -5.3135919    1.0413342   -4.2722577 
   50000   0.70479191    1.0830826    1533.4512   0.86797678   -5.3587959    1.0563936   -4.3024024 
Loop time of 38.2461 on 1 procs for 50000 steps with 1331 atoms

Performance: 451810.659 tau/day, 1307.323 timesteps/s
99.9% CPU use with 1 MPI tasks x no OpenMP threads

MPI task timing breakdown:
Section |  min time  |  avg time  |  max time  |%varavg| %total
---------------------------------------------------------------
Pair    | 30.751     | 30.751     | 30.751     |   0.0 | 80.40
Neigh   | 4.5202     | 4.5202     | 4.5202     |   0.0 | 11.82
Comm    | 0.71727    | 0.71727    | 0.71727    |   0.0 |  1.88
Output  | 0.025538   | 0.025538   | 0.025538   |   0.0 |  0.07
Modify  | 2.0223     | 2.0223     | 2.0223     |   0.0 |  5.29
Other   |            | 0.2097     |            |       |  0.55

Nlocal:    1331 ave 1331 max 1331 min
Histogram: 1 0 0 0 0 0 0 0 0 0
Nghost:    3005 ave 3005 max 3005 min
Histogram: 1 0 0 0 0 0 0 0 0 0
Neighs:    51149 ave 51149 max 51149 min
Histogram: 1 0 0 0 0 0 0 0 0 0

Total # of neighbors = 51149
Ave neighs/atom = 38.429
Neighbor list builds = 2500
Dangerous builds not checked

write_restart lattice_11_11_11__2_2_2/sim1/T_0.70__P_1.10/end1.restart
Total wall time: 0:00:38
