run 50000
Neighbor list info ...
  update every 20 steps, delay 0 steps, check no
  max neighbors/atom: 2000, page size: 100000
  master list distance cutoff = 2.8
  ghost atom cutoff = 2.8
  binsize = 1.4, bins = 10 10 10
  1 neighbor lists, perpetual/occasional/extra = 1 0 0
  (1) pair lj/cut, perpetual
      attributes: half, newton on
      pair build: half/bin/atomonly/newton
      stencil: half/bin/3d/newton
      bin: standard
Per MPI rank memory allocation (min/avg/max) = 2.742 | 2.742 | 2.742 Mbytes
Step Temp Press TotEng 
       0          0.1   -2.0899365    -3.080084 
    1000   0.41408688   0.38716771   -4.3924977 
    2000   0.21103433  0.049208785   -5.2044962 
    3000   0.12902316  -0.11580835   -5.5482631 
    4000   0.09736215 -0.092038196   -5.6865882 
    5000  0.097957983 -0.019249808   -5.7197276 
    6000   0.10781454 -0.087165832   -5.7001286 
    7000  0.097319623  -0.11543365   -5.7282255 
    8000  0.091843679 -0.071610408    -5.755825 
    9000   0.10293214  -0.08139555   -5.7362127 
   10000   0.10102067 -0.081570405    -5.749153 
   11000  0.095294833 -0.048345793    -5.775537 
   12000   0.10132647  -0.07543699   -5.7512304 
   13000   0.10217562  -0.11119116   -5.7482995 
   14000  0.098075493  -0.06541256   -5.7780738 
   15000  0.098893106 -0.097118061   -5.7709954 
   16000   0.10584709 -0.082651264   -5.7559035 
   17000   0.09986929 -0.081250947   -5.7721112 
   18000  0.095019464 -0.083869061   -5.7751827 
   19000   0.10273716  -0.13357139   -5.7581054 
   20000   0.10047745 -0.097461526   -5.7693226 
   21000  0.098805894 -0.087300042   -5.7784479 
   22000   0.10330044  -0.10792054   -5.7676329 
   23000   0.10120598   -0.1127881   -5.7789878 
   24000  0.098105371 -0.096237867   -5.7990994 
   25000  0.099125187  -0.12676631   -5.7895754 
   26000   0.10169766 -0.044776369   -5.7881564 
   27000  0.096648633 -0.068807925   -5.8070754 
   28000   0.10192493 -0.0022126363   -5.8013992 
   29000  0.099442338  -0.09067316   -5.7902446 
   30000  0.098692491 -0.053438613   -5.8043351 
   31000  0.099329339 -0.081756852   -5.8049803 
   32000   0.10017355  -0.12184344   -5.7905051 
   33000   0.10017629 -0.035241562   -5.7989434 
   34000  0.097475185  -0.06926037   -5.8068347 
   35000   0.10301987 -0.089774444   -5.7935137 
   36000   0.10285306 -0.050506598   -5.7964963 
   37000  0.097056673  -0.03133643   -5.8106375 
   38000    0.1000853  -0.14216144   -5.8037316 
   39000    0.1034093  -0.08238454   -5.7989424 
   40000  0.098362406 -0.024119179   -5.8119184 
   41000   0.10109742  -0.05173019   -5.8099354 
   42000   0.10353291 -0.082061786   -5.8038544 
   43000  0.098711123 -0.075859139     -5.81564 
   44000    0.1007288 -0.044537381   -5.8168769 
   45000   0.10255452 -0.047224036   -5.8092473 
   46000  0.097619135 -0.017053256   -5.8182239 
   47000  0.097380415 -0.046128152   -5.8188742 
   48000    0.1025796 -0.069699195   -5.8114764 
   49000  0.099475493 -0.0015751998   -5.8227614 
   50000   0.10059461 -0.066839147   -5.8254393 
Loop time of 33.8054 on 1 procs for 50000 steps with 1331 atoms

Performance: 511160.763 tau/day, 1479.053 timesteps/s
99.9% CPU use with 1 MPI tasks x no OpenMP threads

MPI task timing breakdown:
Section |  min time  |  avg time  |  max time  |%varavg| %total
---------------------------------------------------------------
Pair    | 28.556     | 28.556     | 28.556     |   0.0 | 84.47
Neigh   | 3.9826     | 3.9826     | 3.9826     |   0.0 | 11.78
Comm    | 0.25547    | 0.25547    | 0.25547    |   0.0 |  0.76
Output  | 0.026131   | 0.026131   | 0.026131   |   0.0 |  0.08
Modify  | 0.89847    | 0.89847    | 0.89847    |   0.0 |  2.66
Other   |            | 0.08699    |            |       |  0.26

Nlocal:    1331 ave 1331 max 1331 min
Histogram: 1 0 0 0 0 0 0 0 0 0
Nghost:    850 ave 850 max 850 min
Histogram: 1 0 0 0 0 0 0 0 0 0
Neighs:    46828 ave 46828 max 46828 min
Histogram: 1 0 0 0 0 0 0 0 0 0

Total # of neighbors = 46828
Ave neighs/atom = 35.1826
Neighbor list builds = 2500
Dangerous builds not checked

write_restart NVT/sim1/T_0.10__v_1.73/end1.restart
Total wall time: 0:00:33
