run 50000
Neighbor list info ...
  update every 20 steps, delay 0 steps, check no
  max neighbors/atom: 2000, page size: 100000
  master list distance cutoff = 2.8
  ghost atom cutoff = 2.8
  binsize = 1.4, bins = 16 16 16
  1 neighbor lists, perpetual/occasional/extra = 1 0 0
  (1) pair lj/cut, perpetual
      attributes: half, newton on
      pair build: half/bin/atomonly/newton
      stencil: half/bin/3d/newton
      bin: standard
Per MPI rank memory allocation (min/avg/max) = 2.711 | 2.711 | 2.711 Mbytes
Step Temp Press TotEng 
       0            1  0.075047445    1.3040915 
    1000    1.1362191   0.11828933   0.78012785 
    2000   0.96276156  0.079123907   0.39981664 
    3000    1.0195013  0.068574086   0.42192249 
    4000   0.98504448  0.068555584   0.38739781 
    5000   0.99491309  0.073161735   0.34454632 
    6000     1.009086  0.076498718   0.36323522 
    7000   0.99458701  0.075158839   0.32365661 
    8000   0.99871444  0.048500501    0.2997155 
    9000    1.0156436   0.05991678   0.30081501 
   10000    1.0061799  0.062840759   0.28653522 
   11000   0.99856852  0.060129843   0.33568908 
   12000   0.96462384  0.074367033   0.24416174 
   13000   0.99533994  0.063383798   0.27063415 
   14000    1.0050518   0.07094842   0.30612441 
   15000    1.0416267  0.083362941   0.37290876 
   16000    0.9826171   0.07486417   0.26733718 
   17000    1.0236325    0.0612358   0.33858894 
   18000   0.97187903  0.067346557    0.3187586 
   19000    1.0331255   0.06839046   0.35515628 
   20000    1.0076265  0.064118829   0.29977487 
   21000   0.97499227  0.070502814   0.31187388 
   22000    1.0145596  0.068947425   0.33520994 
   23000   0.96514961  0.059091527   0.25077623 
   24000     1.041289  0.079036119   0.37525707 
   25000   0.95411533  0.061209615   0.26513377 
   26000    1.0292723  0.069964068   0.34059546 
   27000   0.95812691  0.075331255   0.24236072 
   28000   0.99116523  0.072815203   0.24430538 
   29000    1.0149106  0.058326723   0.26244544 
   30000   0.95711961  0.067246047   0.18365605 
   31000    1.0087874  0.064859047   0.27761814 
   32000   0.98136653  0.063198669   0.30545571 
   33000    1.0181182  0.077371071   0.34457653 
   34000   0.99404891  0.064401544   0.27411334 
   35000    1.0354564  0.091167035   0.37148839 
   36000    1.0000585  0.050508407   0.27405674 
   37000    1.0007263  0.047097059   0.29415026 
   38000    1.0222284  0.060669821   0.34435965 
   39000   0.99853823  0.087064283   0.28977025 
   40000   0.97642567  0.056322888   0.20983326 
   41000    1.0037874  0.089400045   0.31353228 
   42000    0.9816437   0.05779699    0.2993516 
   43000    1.0442626  0.074445948   0.39537535 
   44000   0.99395705  0.058656848   0.30964926 
   45000   0.99824829  0.068087642    0.3216384 
   46000   0.93310998  0.054252698   0.20172279 
   47000   0.98757593  0.042942398   0.29128397 
   48000    1.0133497  0.043387237   0.31156552 
   49000   0.97877999  0.072655406   0.17976641 
   50000   0.97758562  0.064945319    0.2259466 
Loop time of 10.3532 on 1 procs for 50000 steps with 1331 atoms

Performance: 1669049.406 tau/day, 4829.425 timesteps/s
99.8% CPU use with 1 MPI tasks x no OpenMP threads

MPI task timing breakdown:
Section |  min time  |  avg time  |  max time  |%varavg| %total
---------------------------------------------------------------
Pair    | 6.8902     | 6.8902     | 6.8902     |   0.0 | 66.55
Neigh   | 2.1038     | 2.1038     | 2.1038     |   0.0 | 20.32
Comm    | 0.38825    | 0.38825    | 0.38825    |   0.0 |  3.75
Output  | 0.022943   | 0.022943   | 0.022943   |   0.0 |  0.22
Modify  | 0.85223    | 0.85223    | 0.85223    |   0.0 |  8.23
Other   |            | 0.09577    |            |       |  0.93

Nlocal:    1331 ave 1331 max 1331 min
Histogram: 1 0 0 0 0 0 0 0 0 0
Nghost:    1603 ave 1603 max 1603 min
Histogram: 1 0 0 0 0 0 0 0 0 0
Neighs:    11242 ave 11242 max 11242 min
Histogram: 1 0 0 0 0 0 0 0 0 0

Total # of neighbors = 11242
Ave neighs/atom = 8.44628
Neighbor list builds = 2500
Dangerous builds not checked

write_restart NVT/sim1/T_1.00__v_6.86/end1.restart
Total wall time: 0:00:10
