run 50000
Neighbor list info ...
  update every 20 steps, delay 0 steps, check no
  max neighbors/atom: 2000, page size: 100000
  master list distance cutoff = 2.8
  ghost atom cutoff = 2.8
  binsize = 1.4, bins = 16 16 16
  1 neighbor lists, perpetual/occasional/extra = 1 0 0
  (1) pair lj/cut, perpetual
      attributes: half, newton on
      pair build: half/bin/atomonly/newton
      stencil: half/bin/3d/newton
      bin: standard
Per MPI rank memory allocation (min/avg/max) = 2.7 | 2.7 | 2.7 Mbytes
Step Temp Press Volume Density PotEng KinEng TotEng 
       0          0.4  0.004552278        10648        0.125  -0.13561964   0.59954921   0.46392957 
    1000   0.73435639  0.005766086    8069.7601   0.16493675   -1.2092813     1.100707  -0.10857428 
    2000   0.65135111 -0.033134377    6145.8414   0.21656921   -1.9902664   0.97629262   -1.0139737 
    3000   0.66682057 -0.061442973    4729.7468   0.28141041   -2.9647441   0.99947937   -1.9652647 
    4000   0.60222819 -0.082101052    3704.0954     0.359332   -3.7789703    0.9026636   -2.8763067 
    5000   0.52342393 -0.084225093    2945.0137   0.45195035   -4.4345909   0.78454601   -3.6500448 
    6000   0.46221012   -0.1924478    2382.3547   0.55869095   -4.9532613   0.69279428    -4.260467 
    7000   0.42856833  -0.10375337    1956.7349   0.68021477   -5.3421026   0.64236952   -4.6997331 
    8000   0.40836245  -0.04603146    1688.8598    0.7881057   -5.6220252   0.61208346   -5.0099417 
    9000   0.39550019  0.043277287    1563.4073   0.85134566   -5.8190972   0.59280457   -5.2262926 
   10000   0.40266714   0.03250953    1497.2063   0.88898904   -5.9227315   0.60354692   -5.3191846 
   11000   0.39958161  0.099837485    1468.7105   0.90623715   -5.9496021    0.5989221     -5.35068 
   12000   0.39502076  0.041613394    1441.0033   0.92366203   -6.0219123   0.59208596   -5.4298264 
   13000    0.3994357  0.042676559    1430.2853   0.93058357   -6.0865717    0.5987034   -5.4878683 
   14000   0.40562648   0.16166726    1427.5341   0.93237703   -6.0837457    0.6079826   -5.4757631 
   15000   0.41324528   0.10478813    1431.7606   0.92962466   -6.0738692   0.61940221    -5.454467 
   16000     0.401241    0.0290048    1435.1781   0.92741103   -6.0613187   0.60140932   -5.4599094 
   17000   0.38882966   0.10486284     1431.731   0.92964393   -6.0700554   0.58280629   -5.4872491 
   18000   0.40805565   0.18060284    1429.3447   0.93119597   -6.0699635    0.6116236   -5.4583399 
   19000   0.40802988   0.21229965    1427.7605   0.93222917   -6.0716392   0.61158498   -5.4600543 
   20000    0.3838486 -0.032253646    1435.8877   0.92695272   -6.0639489   0.57534032   -5.4886086 
   21000   0.41225099   0.02915735    1433.2397   0.92866531   -6.0761275   0.61791189   -5.4582156 
   22000   0.40981511   0.15976932    1430.1362   0.93068059   -6.0702436   0.61426081   -5.4559827 
   23000   0.40193038 -0.031515922    1432.4848   0.92915469   -6.0895024   0.60244261   -5.4870598 
   24000    0.3991138   0.15641282    1428.8795    0.9314991   -6.0804373   0.59822091   -5.4822164 
   25000   0.40484373   0.16566537    1431.0973   0.93005557   -6.0608371   0.60680935   -5.4540278 
   26000   0.39881712    0.3270953    1423.7048   0.93488479   -6.0727072   0.59777622   -5.4749309 
   27000   0.38875629 -0.091186147    1431.2881   0.92993156   -6.1046944   0.58269632   -5.5219981 
   28000   0.40333587  0.085091755    1428.5566   0.93170967   -6.0948632   0.60454925    -5.490314 
   29000   0.40309681   0.19890419     1424.211   0.93455255   -6.1015794   0.60419094   -5.4973885 
   30000   0.39636244  -0.05170553    1423.1832   0.93522748   -6.1504405   0.59409697   -5.5563436 
   31000   0.40416685   0.24663348    1410.9112   0.94336199   -6.1778916   0.60579479   -5.5720968 
   32000   0.41264979   0.13844346    1415.9152   0.94002807   -6.1703106   0.61850965    -5.551801 
   33000   0.39368638   -0.0433156    1421.1273    0.9365804   -6.1635558   0.59008589   -5.5734699 
   34000   0.40172467   0.15522751    1405.0851   0.94727362   -6.2291795   0.60213428   -5.6270452 
   35000   0.38760426   0.16827686    1400.8611   0.95012986   -6.2514301   0.58096957   -5.6704605 
   36000   0.40164768   0.19669653    1392.9727   0.95551045   -6.3040111   0.60201887   -5.7019922 
   37000   0.39104463 8.7701846e-05    1386.9781   0.95964021   -6.3903579   0.58612624   -5.8042317 
   38000   0.39095929   0.14873914    1371.5622   0.97042624      -6.4785   0.58599834   -5.8925017 
   39000    0.4021834   0.17159225    1368.0872   0.97289121    -6.500049   0.60282186   -5.8972272 
   40000   0.40635108  -0.10680843    1370.6479   0.97107363   -6.5302569   0.60906867   -5.9211882 
   41000   0.38594125    0.3625774    1357.2008   0.98069496   -6.5405227   0.57847693   -5.9620457 
   42000   0.39600203  0.026801662    1365.0798   0.97503458   -6.5500924   0.59355677   -5.9565356 
   43000    0.4033869 -0.020686733    1366.6254   0.97393187   -6.5502797   0.60462575   -5.9456539 
   44000   0.40594635   0.26996788    1355.0592   0.98224492   -6.5792308   0.60846204   -5.9707687 
   45000   0.38824744 -0.030928115    1361.7936   0.97738749   -6.5879099   0.58193361   -6.0059763 
   46000   0.40275749   0.14587722    1358.6183    0.9796718   -6.5779027   0.60368234   -5.9742204 
   47000   0.40348984  0.091391311    1359.8905   0.97875531   -6.5778565   0.60478004   -5.9730765 
   48000    0.3888974 -0.011074992    1358.0922   0.98005128   -6.6041116   0.58290782   -6.0212038 
   49000   0.40085775   0.25999631    1350.4618   0.98558879   -6.6120721   0.60083488   -6.0112372 
   50000   0.41286125 -0.038191543    1360.3275   0.97844086    -6.594377   0.61882659   -5.9755504 
Loop time of 39.759 on 1 procs for 50000 steps with 1331 atoms

Performance: 434618.486 tau/day, 1257.577 timesteps/s
99.9% CPU use with 1 MPI tasks x no OpenMP threads

MPI task timing breakdown:
Section |  min time  |  avg time  |  max time  |%varavg| %total
---------------------------------------------------------------
Pair    | 32.092     | 32.092     | 32.092     |   0.0 | 80.72
Neigh   | 4.6664     | 4.6664     | 4.6664     |   0.0 | 11.74
Comm    | 0.71921    | 0.71921    | 0.71921    |   0.0 |  1.81
Output  | 0.026016   | 0.026016   | 0.026016   |   0.0 |  0.07
Modify  | 2.0404     | 2.0404     | 2.0404     |   0.0 |  5.13
Other   |            | 0.2153     |            |       |  0.54

Nlocal:    1331 ave 1331 max 1331 min
Histogram: 1 0 0 0 0 0 0 0 0 0
Nghost:    3196 ave 3196 max 3196 min
Histogram: 1 0 0 0 0 0 0 0 0 0
Neighs:    57546 ave 57546 max 57546 min
Histogram: 1 0 0 0 0 0 0 0 0 0

Total # of neighbors = 57546
Ave neighs/atom = 43.2352
Neighbor list builds = 2500
Dangerous builds not checked

write_restart lattice_11_11_11__2_2_2/sim1/T_0.40__P_0.10/end1.restart
Total wall time: 0:00:39
