run 50000
Neighbor list info ...
  update every 20 steps, delay 0 steps, check no
  max neighbors/atom: 2000, page size: 100000
  master list distance cutoff = 2.8
  ghost atom cutoff = 2.8
  binsize = 1.4, bins = 18 18 18
  1 neighbor lists, perpetual/occasional/extra = 1 0 0
  (1) pair lj/cut, perpetual
      attributes: half, newton on
      pair build: half/bin/atomonly/newton
      stencil: half/bin/3d/newton
      bin: standard
Per MPI rank memory allocation (min/avg/max) = 2.711 | 2.711 | 2.711 Mbytes
Step Temp Press TotEng 
       0          0.1 -0.0066864251   0.10886445 
    1000   0.31995207 -0.00051940668  -0.26406742 
    2000   0.37520351 0.0038964292    -1.093035 
    3000   0.33464543 0.0089548545   -2.0709911 
    4000   0.25479577 0.0015063188   -2.8558553 
    5000    0.1654728 0.0013136974   -3.3661501 
    6000   0.12596614 -0.0065745406   -3.6408883 
    7000   0.10157687 0.0013901279    -3.779473 
    8000  0.095005133 0.0006100302   -3.8292051 
    9000   0.10074619 -0.0043826345   -3.8402012 
   10000   0.10377807 -0.0021402269   -3.8715825 
   11000  0.095797085 -0.0069687598   -3.9118902 
   12000   0.10292635 0.0050533231   -3.9090487 
   13000   0.10656576 -0.002945596   -3.9133876 
   14000   0.10199531 -0.0020503431   -3.9789994 
   15000  0.098791453 0.0066372309   -4.0371369 
   16000   0.10400299 -0.0059379468   -4.0622002 
   17000  0.095979876 0.0056411744    -4.098375 
   18000  0.095905623 0.0012266073   -4.1172591 
   19000   0.10185668 -0.0015104204   -4.1047117 
   20000   0.10283981 -0.0032272049   -4.1121785 
   21000  0.098615688 -0.0034233607   -4.1293946 
   22000  0.098947738 0.0086593836   -4.1137358 
   23000   0.10497047  0.004429483   -4.1185654 
   24000  0.095053922 -0.0029981411    -4.158162 
   25000  0.099381612 0.0049268684   -4.1492148 
   26000   0.10366915 -0.0010185955   -4.1290153 
   27000  0.099047608 0.0019351603   -4.1548009 
   28000  0.097626853 0.0054192825   -4.1647874 
   29000   0.10737844  0.010049834   -4.1504271 
   30000   0.10170236 -0.0039993085   -4.1627617 
   31000   0.09678794 -0.00075457286   -4.1800577 
   32000    0.1052439 0.0078361431   -4.1656975 
   33000  0.097839603 -0.0096283253   -4.1689062 
   34000  0.098314968 -0.0061256172   -4.1886478 
   35000  0.098680333 0.0032261778   -4.1765296 
   36000   0.10286457 -0.001696425   -4.1708118 
   37000  0.095519944 -0.00066937283   -4.1925869 
   38000  0.099460623 0.0019562323   -4.1888516 
   39000    0.1024676 0.0017308224   -4.1678196 
   40000   0.10074696 -0.0054595903   -4.1884444 
   41000  0.095416826 -0.0001091042   -4.1996277 
   42000   0.10243608 -0.0086801738   -4.1742241 
   43000   0.10446799 -0.0016328782   -4.1774732 
   44000   0.09709455   0.00207391   -4.1997327 
   45000   0.09898667 -0.0043206684   -4.1839522 
   46000   0.10649014 -0.0032770652   -4.1679777 
   47000   0.10021392 0.0072005411   -4.1933195 
   48000  0.096640335 -0.0080753707   -4.1989132 
   49000   0.10273611 -0.0028831105   -4.1698432 
   50000   0.10176894 0.0072705698   -4.1783126 
Loop time of 15.0099 on 1 procs for 50000 steps with 1331 atoms

Performance: 1151243.690 tau/day, 3331.145 timesteps/s
99.8% CPU use with 1 MPI tasks x no OpenMP threads

MPI task timing breakdown:
Section |  min time  |  avg time  |  max time  |%varavg| %total
---------------------------------------------------------------
Pair    | 12.052     | 12.052     | 12.052     |   0.0 | 80.29
Neigh   | 1.6796     | 1.6796     | 1.6796     |   0.0 | 11.19
Comm    | 0.30223    | 0.30223    | 0.30223    |   0.0 |  2.01
Output  | 0.025816   | 0.025816   | 0.025816   |   0.0 |  0.17
Modify  | 0.86057    | 0.86057    | 0.86057    |   0.0 |  5.73
Other   |            | 0.08975    |            |       |  0.60

Nlocal:    1331 ave 1331 max 1331 min
Histogram: 1 0 0 0 0 0 0 0 0 0
Nghost:    1192 ave 1192 max 1192 min
Histogram: 1 0 0 0 0 0 0 0 0 0
Neighs:    22785 ave 22785 max 22785 min
Histogram: 1 0 0 0 0 0 0 0 0 0

Total # of neighbors = 22785
Ave neighs/atom = 17.1187
Neighbor list builds = 2500
Dangerous builds not checked

write_restart NVT/sim1/T_0.10__v_12.17/end1.restart
Total wall time: 0:00:15
