run 50000
Neighbor list info ...
  update every 20 steps, delay 0 steps, check no
  max neighbors/atom: 2000, page size: 100000
  master list distance cutoff = 2.8
  ghost atom cutoff = 2.8
  binsize = 1.4, bins = 20 20 20
  1 neighbor lists, perpetual/occasional/extra = 1 0 0
  (1) pair lj/cut, perpetual
      attributes: half, newton on
      pair build: half/bin/atomonly/newton
      stencil: half/bin/3d/newton
      bin: standard
Per MPI rank memory allocation (min/avg/max) = 2.748 | 2.748 | 2.748 Mbytes
Step Temp Press TotEng 
       0          1.7   0.10099503    2.5357551 
    1000    1.7353759  0.095721439    2.2476971 
    2000    1.6848882  0.091172031     2.149712 
    3000     1.725873  0.094540164    2.2458544 
    4000    1.6307124  0.091469496    2.0926141 
    5000    1.7298715  0.095746302    2.2481361 
    6000    1.6644382  0.095785162    2.1350622 
    7000    1.7696092  0.099892731    2.2978356 
    8000    1.6896059   0.09959922    2.1821076 
    9000     1.705848  0.096937255    2.2068012 
   10000    1.7223002  0.094790758    2.2125523 
   11000    1.6630489  0.095302994    2.1434188 
   12000    1.7344854  0.098367833    2.2343234 
   13000    1.6701086  0.094547065     2.166167 
   14000    1.7099799  0.097633642    2.2186051 
   15000    1.6325342  0.088445968    2.0710412 
   16000    1.7227294   0.09837854    2.2254862 
   17000    1.6638926  0.090542221    2.1310121 
   18000    1.7920071  0.096819601    2.3000593 
   19000    1.6809987  0.090803992     2.142467 
   20000    1.7194191  0.093759744    2.2106069 
   21000    1.6953302   0.10356603    2.2201166 
   22000    1.6686981  0.091796741    2.1334109 
   23000    1.7508887  0.099582835    2.2590449 
   24000    1.6386835  0.097649293    2.0997524 
   25000    1.7373659  0.096424803     2.239218 
   26000    1.6488796  0.091184697     2.087555 
   27000    1.7544082  0.097213273    2.2653427 
   28000    1.6789467  0.088777677    2.1374235 
   29000    1.7272379  0.093845692    2.2275955 
   30000    1.6669018  0.097273447    2.1428482 
   31000    1.7228054  0.092328046    2.1981897 
   32000    1.6897561  0.095566369    2.1756173 
   33000    1.6908442  0.093532962     2.175816 
   34000     1.728878  0.096826291    2.2060014 
   35000    1.6912107  0.089931822    2.1786878 
   36000      1.73598  0.093680315    2.2456521 
   37000    1.6806979   0.09919884     2.148024 
   38000    1.7212166  0.097337289    2.2408217 
   39000    1.6279931  0.093831383    2.0580482 
   40000    1.7092687  0.093503997    2.2046462 
   41000    1.6802397  0.097336127    2.1409177 
   42000    1.7294853  0.092734477    2.2395815 
   43000    1.6966885   0.08826848    2.1944789 
   44000    1.6975221   0.09690559    2.2003997 
   45000    1.6843342  0.097367735    2.1625092 
   46000    1.6755436  0.093317741    2.1527107 
   47000    1.7054729  0.098989433    2.1967821 
   48000    1.6691478  0.096930763    2.1348983 
   49000    1.7600801    0.1010056     2.273489 
   50000    1.6565963  0.096437365    2.1103481 
Loop time of 5.20746 on 1 procs for 50000 steps with 1331 atoms

Performance: 3318315.735 tau/day, 9601.608 timesteps/s
99.6% CPU use with 1 MPI tasks x no OpenMP threads

MPI task timing breakdown:
Section |  min time  |  avg time  |  max time  |%varavg| %total
---------------------------------------------------------------
Pair    | 2.7901     | 2.7901     | 2.7901     |   0.0 | 53.58
Neigh   | 1.2001     | 1.2001     | 1.2001     |   0.0 | 23.05
Comm    | 0.2772     | 0.2772     | 0.2772     |   0.0 |  5.32
Output  | 0.022996   | 0.022996   | 0.022996   |   0.0 |  0.44
Modify  | 0.83797    | 0.83797    | 0.83797    |   0.0 | 16.09
Other   |            | 0.07909    |            |       |  1.52

Nlocal:    1331 ave 1331 max 1331 min
Histogram: 1 0 0 0 0 0 0 0 0 0
Nghost:    1006 ave 1006 max 1006 min
Histogram: 1 0 0 0 0 0 0 0 0 0
Neighs:    3757 ave 3757 max 3757 min
Histogram: 1 0 0 0 0 0 0 0 0 0

Total # of neighbors = 3757
Ave neighs/atom = 2.82269
Neighbor list builds = 2500
Dangerous builds not checked

write_restart NVT/sim1/T_1.70__v_17.58/end1.restart
Total wall time: 0:00:05
