run 50000
Neighbor list info ...
  update every 20 steps, delay 0 steps, check no
  max neighbors/atom: 2000, page size: 100000
  master list distance cutoff = 2.8
  ghost atom cutoff = 2.8
  binsize = 1.4, bins = 13 13 13
  1 neighbor lists, perpetual/occasional/extra = 1 0 0
  (1) pair lj/cut, perpetual
      attributes: half, newton on
      pair build: half/bin/atomonly/newton
      stencil: half/bin/3d/newton
      bin: standard
Per MPI rank memory allocation (min/avg/max) = 2.742 | 2.742 | 2.742 Mbytes
Step Temp Press TotEng 
       0          1.9 -0.037754143     1.872019 
    1000    1.9232977   0.51931972    1.4336871 
    2000    1.8255495   0.51671946    1.3016161 
    3000    1.9555503   0.57954141    1.4828334 
    4000    1.8723788   0.39204972    1.2935882 
    5000    1.9449418   0.48400355    1.4671618 
    6000    1.9107909   0.49491888    1.4144677 
    7000    1.8872783    0.4256032    1.3307315 
    8000    1.9805179    0.4579059    1.5137754 
    9000    1.8603071   0.52631098    1.3163127 
   10000    1.8865652    0.4961554    1.3968626 
   11000    1.8695206   0.49178655    1.3282133 
   12000    1.8679073   0.43369872    1.3396451 
   13000     1.898809   0.48926706    1.4001696 
   14000    1.7981783   0.42515982    1.2214941 
   15000    1.8972405   0.51889675    1.4221003 
   16000    1.8574847    0.5011596    1.3272821 
   17000     1.953515   0.53528063     1.464271 
   18000     1.905636   0.39054671    1.3070752 
   19000    1.8866797   0.46748582    1.3825149 
   20000    1.8922443   0.50276277    1.3817484 
   21000    1.8139229   0.41012332    1.2201885 
   22000    1.9429721   0.42302807    1.4380153 
   23000    1.8681348   0.54370331    1.3127714 
   24000    1.9658416   0.53033586    1.4977888 
   25000    1.8763564   0.48016246    1.3474732 
   26000    1.8990726   0.47284996    1.4069662 
   27000    1.9215322   0.46902528    1.4159795 
   28000    1.8907225   0.42317748    1.2978894 
   29000    1.9549527   0.49278813    1.4790321 
   30000    1.8696909   0.51206824    1.3713971 
   31000    1.9345159   0.52535303    1.4434568 
   32000    1.8627184   0.52266628    1.3420382 
   33000    1.8995621   0.45594826     1.378075 
   34000    1.9165594   0.49775721    1.4221617 
   35000    1.8919205   0.45632288    1.3572957 
   36000    1.9439283   0.50453088    1.4454896 
   37000    1.8734456   0.43901803    1.3049652 
   38000    1.9165018   0.43578959    1.4255519 
   39000     1.890215   0.50105417    1.3937572 
   40000    1.8983901   0.50184345     1.385236 
   41000    1.9575559   0.46245786    1.4290553 
   42000     1.883771    0.4252271    1.3357163 
   43000    1.9393074   0.45864596    1.4469788 
   44000     1.847546   0.46123821    1.2844894 
   45000    1.9240558    0.5124039    1.4413139 
   46000    1.8412668   0.46685533    1.2818844 
   47000    1.9600876   0.56056511    1.5123632 
   48000    1.8538082   0.45337941    1.3276294 
   49000    1.9478189   0.50265423    1.4589664 
   50000      1.83892    0.4511829    1.2541678 
Loop time of 15.0797 on 1 procs for 50000 steps with 1331 atoms

Performance: 1145909.089 tau/day, 3315.709 timesteps/s
99.9% CPU use with 1 MPI tasks x no OpenMP threads

MPI task timing breakdown:
Section |  min time  |  avg time  |  max time  |%varavg| %total
---------------------------------------------------------------
Pair    | 10.838     | 10.838     | 10.838     |   0.0 | 71.87
Neigh   | 2.779      | 2.779      | 2.779      |   0.0 | 18.43
Comm    | 0.49061    | 0.49061    | 0.49061    |   0.0 |  3.25
Output  | 0.024241   | 0.024241   | 0.024241   |   0.0 |  0.16
Modify  | 0.84396    | 0.84396    | 0.84396    |   0.0 |  5.60
Other   |            | 0.1035     |            |       |  0.69

Nlocal:    1331 ave 1331 max 1331 min
Histogram: 1 0 0 0 0 0 0 0 0 0
Nghost:    1841 ave 1841 max 1841 min
Histogram: 1 0 0 0 0 0 0 0 0 0
Neighs:    16649 ave 16649 max 16649 min
Histogram: 1 0 0 0 0 0 0 0 0 0

Total # of neighbors = 16649
Ave neighs/atom = 12.5086
Neighbor list builds = 2500
Dangerous builds not checked

write_restart NVT/sim1/T_1.90__v_3.38/end1.restart
Total wall time: 0:00:15
