run 50000
Neighbor list info ...
  update every 20 steps, delay 0 steps, check no
  max neighbors/atom: 2000, page size: 100000
  master list distance cutoff = 2.8
  ghost atom cutoff = 2.8
  binsize = 1.4, bins = 16 16 16
  1 neighbor lists, perpetual/occasional/extra = 1 0 0
  (1) pair lj/cut, perpetual
      attributes: half, newton on
      pair build: half/bin/atomonly/newton
      stencil: half/bin/3d/newton
      bin: standard
Per MPI rank memory allocation (min/avg/max) = 2.7 | 2.7 | 2.7 Mbytes
Step Temp Press Volume Density PotEng KinEng TotEng 
       0          1.7   0.16693019        10648        0.125  -0.13561964    2.5480841    2.4124645 
    1000    2.2906419   0.50391232    6562.6986   0.20281291   -1.0365951    3.4333814    2.3967864 
    2000    2.0160289   0.51436621    4800.8304    0.2772437   -1.4801837    3.0217714    1.5415878 
    3000     1.855866   0.61535305    3752.6605    0.3546817   -1.9321896    2.7817075   0.84951783 
    4000    1.7794253   0.82959957     3087.095   0.43114967   -2.3159905    2.6671326   0.35114209 
    5000    1.7342176   0.98199934    2674.6438   0.49763636   -2.6893416     2.599372 -0.089969614 
    6000    1.6857977    1.3199514      2429.31    0.5478922   -2.9504244    2.5267967  -0.42362775 
    7000    1.6846897    1.3469833    2307.2705   0.57687211   -3.1259199    2.5251359  -0.60078398 
    8000     1.682073    1.4523138    2277.1853    0.5844935   -3.1329789    2.5212139  -0.61176496 
    9000    1.7068088    1.3449448    2297.0906   0.57942861   -3.1340022    2.5582896  -0.57571255 
   10000    1.7141395    1.4481004    2313.2057   0.57539199   -3.1112939    2.5692775  -0.54201644 
   11000    1.6961162    1.2671374    2311.4777   0.57582213     -3.12754    2.5422629  -0.58527715 
   12000     1.709407    1.3939042    2277.8906   0.58431252   -3.1705741    2.5621841     -0.60839 
   13000    1.6955804    1.4758339    2292.6755   0.58054444   -3.1252326    2.5414598  -0.58377283 
   14000    1.6257004    1.5459318    2338.5979   0.56914444   -3.0346789    2.4367184  -0.59796042 
   15000    1.7092806    1.3529574    2300.2641   0.57862922   -3.1311785    2.5619945  -0.56918393 
   16000    1.7307935    1.5969994    2248.2559   0.59201445   -3.1864188    2.5942398    -0.592179 
   17000    1.7388059    1.4405507     2272.923   0.58558958   -3.1752637    2.6062493  -0.56901436 
   18000    1.6731979    1.3448389    2319.2936   0.57388163   -3.1085666    2.5079113  -0.60065532 
   19000    1.6565887    1.3578424    2290.0132   0.58121935   -3.1275449    2.4830162  -0.64452875 
   20000    1.7477706    1.5372634    2256.4287   0.58987018   -3.1913462    2.6196862     -0.57166 
   21000    1.7446818    1.4390168    2342.5501   0.56818422   -3.0565847    2.6150565  -0.44152821 
   22000    1.7118794    1.4461484    2305.6571   0.57727579   -3.0864492    2.5658898  -0.52055935 
   23000    1.6835218    1.2477462    2319.3808   0.57386005   -3.1394864    2.5233855   -0.6161009 
   24000    1.7235267    1.5150825     2306.609   0.57703754   -3.0986326    2.5833477   -0.5152849 
   25000    1.7510484    1.5482522    2237.1043   0.59496556   -3.2187681    2.6245992   -0.5941689 
   26000    1.6560844     1.389052    2242.4302   0.59355247   -3.2103266    2.4822603  -0.72806627 
   27000     1.678084    1.2370772    2335.1718   0.56997948   -3.1255651    2.5152348  -0.61033025 
   28000    1.7126513    1.2816125    2309.4542   0.57632664   -3.1242313    2.5670468  -0.55718449 
   29000    1.6499337    1.6998566    2262.7218   0.58822962   -3.1113092    2.4730411  -0.63826808 
   30000    1.6880561     1.522176    2246.4594    0.5924879   -3.1821638    2.5301818  -0.65198204 
   31000    1.6820021     1.230597    2334.6185   0.57011457   -3.1170806    2.5211076  -0.59597302 
   32000     1.691877    1.4537652    2314.4084   0.57509297   -3.0901462    2.5359089  -0.55423734 
   33000    1.7345522    1.3443686    2258.3425    0.5893703   -3.2042849    2.5998735  -0.60441142 
   34000    1.6746244      1.49382      2230.65   0.59668705   -3.2263965    2.5100493  -0.71634713 
   35000    1.6579479    1.3904476    2317.3308   0.57436772   -3.0791176    2.4850533  -0.59406425 
   36000    1.7118515    1.4471248    2300.4786   0.57857525   -3.1146533    2.5658481  -0.54880529 
   37000    1.6949607    1.3856259    2258.7711   0.58925848   -3.2110892    2.5405309  -0.67055832 
   38000     1.666257    1.5365748    2235.2151   0.59546842   -3.2172269    2.4975077   -0.7197192 
   39000     1.713362    1.3103331    2312.1563   0.57565312   -3.1149983    2.5681121  -0.54688624 
   40000    1.6876106    1.2354827    2313.6687   0.57527683   -3.1629054    2.5295139  -0.63339143 
   41000    1.6484477    1.2762353    2287.4457   0.58187173   -3.1852821    2.4708138  -0.71446829 
   42000    1.7387097    1.4238578    2254.2079    0.5904513   -3.1934913    2.6061051   -0.5873862 
   43000    1.7300811    1.3480497    2318.0207   0.57419677   -3.0814342    2.5931719  -0.48826235 
   44000    1.6855728    1.5147115    2301.3976   0.57834422   -3.0992752    2.5264596  -0.57281556 
   45000    1.6667773    1.2785991    2282.3405   0.58317329   -3.1837082    2.4982875  -0.68542067 
   46000    1.7087204    1.3092015    2281.4013   0.58341337   -3.1641472     2.561155  -0.60299225 
   47000    1.7327029     1.402959    2319.3846   0.57385913   -3.0708197    2.5971017  -0.47371799 
   48000    1.6703379    1.4492144    2321.0935   0.57343662   -3.0895165    2.5036244  -0.58589206 
   49000    1.6444784    1.6642626    2226.7335   0.59773654   -3.1952129    2.4648644  -0.73034857 
   50000    1.6940007    1.3994561    2281.1211   0.58348502   -3.1573861    2.5390919  -0.61829414 
Loop time of 38.2943 on 1 procs for 50000 steps with 1331 atoms

Performance: 451242.059 tau/day, 1305.677 timesteps/s
99.7% CPU use with 1 MPI tasks x no OpenMP threads

MPI task timing breakdown:
Section |  min time  |  avg time  |  max time  |%varavg| %total
---------------------------------------------------------------
Pair    | 29.503     | 29.503     | 29.503     |   0.0 | 77.04
Neigh   | 4.7747     | 4.7747     | 4.7747     |   0.0 | 12.47
Comm    | 0.89289    | 0.89289    | 0.89289    |   0.0 |  2.33
Output  | 0.032169   | 0.032169   | 0.032169   |   0.0 |  0.08
Modify  | 2.8951     | 2.8951     | 2.8951     |   0.0 |  7.56
Other   |            | 0.1968     |            |       |  0.51

Nlocal:    1331 ave 1331 max 1331 min
Histogram: 1 0 0 0 0 0 0 0 0 0
Nghost:    2488 ave 2488 max 2488 min
Histogram: 1 0 0 0 0 0 0 0 0 0
Neighs:    35194 ave 35194 max 35194 min
Histogram: 1 0 0 0 0 0 0 0 0 0

Total # of neighbors = 35194
Ave neighs/atom = 26.4418
Neighbor list builds = 2500
Dangerous builds not checked

write_restart lattice_11_11_11__2_2_2/sim1/T_1.70__P_1.40/end1.restart
Total wall time: 0:00:38
