run 50000
Neighbor list info ...
  update every 20 steps, delay 0 steps, check no
  max neighbors/atom: 2000, page size: 100000
  master list distance cutoff = 2.8
  ghost atom cutoff = 2.8
  binsize = 1.4, bins = 18 18 18
  1 neighbor lists, perpetual/occasional/extra = 1 0 0
  (1) pair lj/cut, perpetual
      attributes: half, newton on
      pair build: half/bin/atomonly/newton
      stencil: half/bin/3d/newton
      bin: standard
Per MPI rank memory allocation (min/avg/max) = 2.711 | 2.711 | 2.711 Mbytes
Step Temp Press TotEng 
       0          1.8   0.13801757    2.6569486 
    1000    1.8323508   0.14785933    2.2865172 
    2000    1.7915551   0.13682585    2.1574795 
    3000    1.8234031   0.14904906    2.2616261 
    4000    1.7403289   0.13235534    2.1149434 
    5000    1.8734274   0.15113111    2.3116588 
    6000     1.798612   0.13125017    2.1867064 
    7000    1.8285811   0.13819867     2.243632 
    8000    1.8370574   0.13487559    2.2429751 
    9000    1.7859972   0.13721916     2.166831 
   10000    1.8260804   0.14409431    2.2256588 
   11000    1.7402322   0.12716099    2.1109164 
   12000    1.8319738   0.15457382    2.2367952 
   13000    1.7516402    0.1316273    2.1091768 
   14000    1.8252959   0.15505187    2.2514811 
   15000    1.7774874   0.13491627    2.1812408 
   16000    1.8613893   0.15239628    2.2775686 
   17000    1.8128697   0.14353714     2.218693 
   18000    1.8061708   0.13374937    2.1882902 
   19000    1.8381394   0.13733921     2.246036 
   20000    1.7498007   0.13418051    2.1267685 
   21000    1.8406501   0.14790496    2.2730118 
   22000    1.7901432   0.14131095    2.1811713 
   23000    1.7965294   0.14865598    2.2018006 
   24000    1.8657162   0.14716499    2.2928603 
   25000    1.7574237   0.13462355    2.1259959 
   26000    1.8621073   0.14775638    2.2751067 
   27000    1.7289851   0.13356268    2.0660009 
   28000    1.8312323   0.14904077    2.2227078 
   29000    1.7581368   0.13787737    2.1241241 
   30000    1.8224787   0.14477034    2.2297652 
   31000    1.8018471   0.14230628    2.2112221 
   32000    1.7948895   0.14480213    2.2073267 
   33000    1.8313405   0.14342836    2.2577281 
   34000    1.7785242   0.13575726    2.1889575 
   35000    1.8634975   0.14877301     2.337469 
   36000    1.7518649   0.13435201    2.1279676 
   37000    1.8377872   0.14486178    2.2567509 
   38000    1.7104514   0.13591605    2.0686384 
   39000    1.7972315   0.15736086    2.2113027 
   40000    1.8152601   0.13551506    2.2053344 
   41000    1.7435846   0.13162446     2.092288 
   42000     1.820281   0.14591731    2.2287425 
   43000    1.7628418   0.12893575    2.1179384 
   44000    1.8867518   0.14976528    2.3120704 
   45000    1.7714606   0.13466841     2.166328 
   46000    1.8203882   0.15145629    2.2433406 
   47000    1.8570953   0.15148957    2.2988535 
   48000    1.7627222    0.1289729    2.1318595 
   49000     1.849237   0.14274828    2.2688949 
   50000    1.7470833   0.13596113    2.1098683 
Loop time of 6.64734 on 1 procs for 50000 steps with 1331 atoms

Performance: 2599536.053 tau/day, 7521.806 timesteps/s
99.7% CPU use with 1 MPI tasks x no OpenMP threads

MPI task timing breakdown:
Section |  min time  |  avg time  |  max time  |%varavg| %total
---------------------------------------------------------------
Pair    | 3.8148     | 3.8148     | 3.8148     |   0.0 | 57.39
Neigh   | 1.5568     | 1.5568     | 1.5568     |   0.0 | 23.42
Comm    | 0.31838    | 0.31838    | 0.31838    |   0.0 |  4.79
Output  | 0.022867   | 0.022867   | 0.022867   |   0.0 |  0.34
Modify  | 0.84709    | 0.84709    | 0.84709    |   0.0 | 12.74
Other   |            | 0.08745    |            |       |  1.32

Nlocal:    1331 ave 1331 max 1331 min
Histogram: 1 0 0 0 0 0 0 0 0 0
Nghost:    1163 ave 1163 max 1163 min
Histogram: 1 0 0 0 0 0 0 0 0 0
Neighs:    5266 ave 5266 max 5266 min
Histogram: 1 0 0 0 0 0 0 0 0 0

Total # of neighbors = 5266
Ave neighs/atom = 3.95642
Neighbor list builds = 2500
Dangerous builds not checked

write_restart NVT/sim1/T_1.80__v_12.17/end1.restart
Total wall time: 0:00:06
