run 50000
Neighbor list info ...
  update every 20 steps, delay 0 steps, check no
  max neighbors/atom: 2000, page size: 100000
  master list distance cutoff = 2.8
  ghost atom cutoff = 2.8
  binsize = 1.4, bins = 13 13 13
  1 neighbor lists, perpetual/occasional/extra = 1 0 0
  (1) pair lj/cut, perpetual
      attributes: half, newton on
      pair build: half/bin/atomonly/newton
      stencil: half/bin/3d/newton
      bin: standard
Per MPI rank memory allocation (min/avg/max) = 2.742 | 2.742 | 2.742 Mbytes
Step Temp Press TotEng 
       0          0.1  -0.31259653  -0.49518561 
    1000   0.53949157 -0.083023292   -1.8131611 
    2000   0.42062221 -0.068865494   -3.5621148 
    3000   0.25462722 -0.023208532   -4.6937345 
    4000   0.16465201  0.007389857   -5.2404949 
    5000   0.11878863  0.012564726   -5.4998865 
    6000   0.09008292 0.0011418313   -5.6100307 
    7000  0.097150442 -0.0062845428   -5.6177821 
    8000   0.10486599  0.025728069   -5.5961575 
    9000  0.096271215 0.0016352285   -5.6371347 
   10000  0.093374863  0.025230198   -5.6500552 
   11000   0.10659507 -0.026646661   -5.6202481 
   12000  0.097659249 -0.00065889747   -5.6444851 
   13000  0.092806288 -0.017824453   -5.6625334 
   14000   0.10235719 -0.031192872   -5.6404528 
   15000   0.10382128 0.00096754142   -5.6546227 
   16000  0.092787491 0.0074131275   -5.6794732 
   17000   0.10381952 -0.0061522971   -5.6583607 
   18000   0.10289983  0.014554379   -5.6565343 
   19000  0.097813971  0.014607361   -5.6830918 
   20000    0.0999417  0.012747398   -5.6771317 
   21000   0.10311884 -0.013841462   -5.6641865 
   22000  0.097996717 -0.006326254   -5.6839173 
   23000  0.098548412  0.018431907   -5.6860928 
   24000   0.10344596 0.0020738289   -5.6692907 
   25000   0.10204943 -0.032258369   -5.6788244 
   26000  0.096873604 -0.029782514   -5.6897842 
   27000  0.099013965 -0.017881614   -5.6768957 
   28000    0.1034365 -0.0027510253   -5.6786885 
   29000  0.098757029 -0.0045991668   -5.6917254 
   30000   0.10100053 0.0018246439   -5.6864839 
   31000    0.0990092  0.031060171   -5.6840964 
   32000  0.097569296 -0.026919279   -5.6921315 
   33000  0.098751424 -0.010647379   -5.6908125 
   34000   0.10152859 -0.010559602   -5.6873534 
   35000  0.098132354 0.0081389634   -5.6951317 
   36000  0.098562211  0.015014405   -5.6985593 
   37000   0.10305655 -0.0096262591   -5.6891364 
   38000   0.10064539  0.018274416   -5.6929854 
   39000  0.097495991 0.0030011457   -5.6990031 
   40000   0.10163818 -0.017347872   -5.6916763 
   41000   0.10258018 -0.031076613   -5.6946095 
   42000  0.097139923 -0.019783326   -5.7038115 
   43000   0.10051908 -0.0024521432   -5.6960703 
   44000   0.10308372 -0.012492937   -5.6925114 
   45000  0.099311134  -0.01806477   -5.7068991 
   46000  0.099138355 0.0019612652   -5.7091727 
   47000   0.10117845 -0.0079354602   -5.6988406 
   48000  0.098777803 -0.0074337111   -5.7112721 
   49000  0.097766498  0.006971449   -5.7172493 
   50000   0.10255997 0.0052876955   -5.7044285 
Loop time of 30.1386 on 1 procs for 50000 steps with 1331 atoms

Performance: 573351.224 tau/day, 1659.002 timesteps/s
99.8% CPU use with 1 MPI tasks x no OpenMP threads

MPI task timing breakdown:
Section |  min time  |  avg time  |  max time  |%varavg| %total
---------------------------------------------------------------
Pair    | 25.508     | 25.508     | 25.508     |   0.0 | 84.63
Neigh   | 3.6259     | 3.6259     | 3.6259     |   0.0 | 12.03
Comm    | 0.061126   | 0.061126   | 0.061126   |   0.0 |  0.20
Output  | 0.027585   | 0.027585   | 0.027585   |   0.0 |  0.09
Modify  | 0.85848    | 0.85848    | 0.85848    |   0.0 |  2.85
Other   |            | 0.05792    |            |       |  0.19

Nlocal:    1331 ave 1331 max 1331 min
Histogram: 1 0 0 0 0 0 0 0 0 0
Nghost:    19 ave 19 max 19 min
Histogram: 1 0 0 0 0 0 0 0 0 0
Neighs:    44842 ave 44842 max 44842 min
Histogram: 1 0 0 0 0 0 0 0 0 0

Total # of neighbors = 44842
Ave neighs/atom = 33.6905
Neighbor list builds = 2500
Dangerous builds not checked

write_restart NVT/sim1/T_0.10__v_4.10/end1.restart
Total wall time: 0:00:30
