run 50000
Neighbor list info ...
  update every 20 steps, delay 0 steps, check no
  max neighbors/atom: 2000, page size: 100000
  master list distance cutoff = 2.8
  ghost atom cutoff = 2.8
  binsize = 1.4, bins = 19 19 19
  1 neighbor lists, perpetual/occasional/extra = 1 0 0
  (1) pair lj/cut, perpetual
      attributes: half, newton on
      pair build: half/bin/atomonly/newton
      stencil: half/bin/3d/newton
      bin: standard
Per MPI rank memory allocation (min/avg/max) = 2.717 | 2.717 | 2.717 Mbytes
Step Temp Press TotEng 
       0          1.6   0.11001783    2.3735822 
    1000    1.6471499    0.1153263    2.0289069 
    2000    1.5376885    0.1073531    1.8751383 
    3000    1.6521751   0.11736573    2.0200845 
    4000    1.5573085   0.10332869    1.8664084 
    5000    1.6580794   0.11870134    2.0362221 
    6000    1.6263517   0.10390444    1.9578716 
    7000    1.5940032   0.10938566    1.9234351 
    8000    1.6643513   0.12287792     2.044114 
    9000    1.5699599   0.10711523    1.8898838 
   10000     1.624277   0.11418518    1.9794574 
   11000    1.5377885   0.10312242    1.8101598 
   12000    1.6142249    0.1041158    1.9385826 
   13000    1.5692883   0.10591153    1.8785503 
   14000    1.6369965   0.10146577    1.9522255 
   15000    1.5852158   0.10805093    1.9153592 
   16000    1.6342552   0.11133383    2.0210367 
   17000     1.605019   0.11252284    1.9860956 
   18000    1.5948832   0.10517948    1.9107152 
   19000    1.6575755    0.1113678    2.0399261 
   20000     1.568974   0.10601715     1.885449 
   21000    1.6081238   0.11596382    1.9598361 
   22000    1.5846799   0.10994297    1.9256983 
   23000      1.59418   0.10202954    1.9370074 
   24000    1.6140576   0.10508583    1.9668142 
   25000    1.5885424   0.11129948    1.9194554 
   26000    1.6881424   0.11273223    2.0454206 
   27000    1.5790837   0.10616374    1.8945771 
   28000    1.6438634   0.11631176    2.0011311 
   29000    1.5370102  0.098464256    1.8465423 
   30000    1.6232229    0.1200372    1.9607233 
   31000      1.57748    0.1050491    1.9235172 
   32000    1.5993311    0.1094518    1.9294058 
   33000     1.606332   0.10706576    1.9611784 
   34000    1.5638916   0.10171951    1.8812734 
   35000    1.6273194   0.11276549    1.9987355 
   36000    1.5652397   0.10811253    1.8828534 
   37000    1.6755946   0.11221304    2.0472387 
   38000    1.5509597   0.10554836    1.8524142 
   39000    1.6366268   0.10789432    2.0081549 
   40000    1.5559121    0.1011619    1.8761764 
   41000    1.6796438   0.11627765    2.0670202 
   42000    1.5716876   0.10489557    1.9019692 
   43000     1.631645   0.11143063    2.0007425 
   44000     1.564227   0.10088538    1.8633664 
   45000    1.6005336   0.11299432    1.9495612 
   46000     1.599385   0.11458087    1.9388829 
   47000    1.6218988   0.10707334    1.9624087 
   48000    1.6101152   0.11214937    1.9752627 
   49000    1.5672823  0.096871751      1.90023 
   50000    1.6570234     0.119964     2.008688 
Loop time of 6.11155 on 1 procs for 50000 steps with 1331 atoms

Performance: 2827432.331 tau/day, 8181.228 timesteps/s
99.7% CPU use with 1 MPI tasks x no OpenMP threads

MPI task timing breakdown:
Section |  min time  |  avg time  |  max time  |%varavg| %total
---------------------------------------------------------------
Pair    | 3.4511     | 3.4511     | 3.4511     |   0.0 | 56.47
Neigh   | 1.4116     | 1.4116     | 1.4116     |   0.0 | 23.10
Comm    | 0.30021    | 0.30021    | 0.30021    |   0.0 |  4.91
Output  | 0.023063   | 0.023063   | 0.023063   |   0.0 |  0.38
Modify  | 0.84109    | 0.84109    | 0.84109    |   0.0 | 13.76
Other   |            | 0.08449    |            |       |  1.38

Nlocal:    1331 ave 1331 max 1331 min
Histogram: 1 0 0 0 0 0 0 0 0 0
Nghost:    1060 ave 1060 max 1060 min
Histogram: 1 0 0 0 0 0 0 0 0 0
Neighs:    4802 ave 4802 max 4802 min
Histogram: 1 0 0 0 0 0 0 0 0 0

Total # of neighbors = 4802
Ave neighs/atom = 3.60781
Neighbor list builds = 2500
Dangerous builds not checked

write_restart NVT/sim1/T_1.60__v_13.82/end1.restart
Total wall time: 0:00:06
