run 50000
Neighbor list info ...
  update every 20 steps, delay 0 steps, check no
  max neighbors/atom: 2000, page size: 100000
  master list distance cutoff = 2.8
  ghost atom cutoff = 2.8
  binsize = 1.4, bins = 16 16 16
  1 neighbor lists, perpetual/occasional/extra = 1 0 0
  (1) pair lj/cut, perpetual
      attributes: half, newton on
      pair build: half/bin/atomonly/newton
      stencil: half/bin/3d/newton
      bin: standard
Per MPI rank memory allocation (min/avg/max) = 2.7 | 2.7 | 2.7 Mbytes
Step Temp Press Volume Density PotEng KinEng TotEng 
       0          1.1  0.091986538        10648        0.125  -0.13561964    1.6487603    1.5131407 
    1000    1.1492139   0.07661156    11763.106   0.11315039  -0.72946306    1.7225257   0.99306267 
    2000    1.0932535  0.081915947    11173.074   0.11912568  -0.82604815    1.6386482   0.81260004 
    3000    1.1189139  0.098521309    10277.249   0.12950936  -0.89953844    1.6771099   0.77757145 
    4000    1.0860161  0.082649208    9669.2923   0.13765227  -0.96986407    1.6278002   0.65793612 
    5000    1.0979425  0.083209451     9154.326   0.14539574   -1.0097814    1.6456764   0.63589501 
    6000    1.1169957     0.105102    8856.3629   0.15028743   -1.1025692    1.6742347   0.57166556 
    7000    1.0971147   0.11601374    8441.5423   0.15767261    -1.129982    1.6444356   0.51445361 
    8000    1.0908075  0.099856556    8092.0992   0.16448142   -1.2206488     1.634982   0.41433324 
    9000    1.1046847   0.11927305    7706.0961    0.1727204   -1.1848327    1.6557821   0.47094939 
   10000    1.0677168  0.076789675    7651.0908   0.17396212   -1.2439161     1.600372    0.3564559 
   11000    1.0916207   0.10738733    7433.0108   0.17906607    -1.265878    1.6362008   0.37032278 
   12000    1.0898043   0.10429596    7365.8458   0.18069887   -1.2924771    1.6334782   0.34100116 
   13000    1.1154887  0.094507732    7534.4387    0.1766555   -1.2545922    1.6719759    0.4173837 
   14000    1.0872614   0.11065821    7662.5146   0.17370277   -1.2496336    1.6296668   0.38003322 
   15000    1.1131155   0.12437027    7582.8415   0.17552787   -1.2023898    1.6684188   0.46602892 
   16000    1.0858734  0.077561752    7689.7393   0.17308779    -1.272426    1.6275864   0.35516038 
   17000    1.1114192  0.086268624    7428.4914   0.17917501   -1.3072143    1.6658762   0.35866189 
   18000    1.1097206   0.10462449    7221.6027   0.18430812   -1.3426221    1.6633302   0.32070814 
   19000    1.1402614   0.13152096    6995.8881   0.19025462   -1.3902332    1.7091071   0.31887386 
   20000    1.0750775  0.080482808     7175.144    0.1855015   -1.3481197    1.6114047     0.263285 
   21000    1.1093201  0.092820808    7322.1867    0.1817763   -1.3247005      1.66273    0.3380295 
   22000    1.0977551  0.097095373    7596.7825   0.17520575   -1.2816564    1.6453955   0.36373905 
   23000     1.107135   0.11850039    7914.0261   0.16818241   -1.1853818    1.6594548   0.47407295 
   24000    1.0813154  0.083286758    8334.3256   0.15970098   -1.1546845    1.6207544   0.46606988 
   25000    1.1525375   0.10605282    8447.8649    0.1575546   -1.1335429    1.7275074   0.59396449 
   26000    1.0982325  0.098155929    8645.7276   0.15394887   -1.1845688    1.6461111   0.46154234 
   27000    1.1375707   0.10435715    8332.5201   0.15973559   -1.2012664    1.7050741   0.50380766 
   28000    1.1048589  0.082151642    7921.9218   0.16801479   -1.2542885    1.6560432   0.40175469 
   29000    1.1081936   0.10533479    7563.3649   0.17597987   -1.3081972    1.6610415   0.35284428 
   30000    1.0989075  0.088202215    7306.5714   0.18216478   -1.3277998    1.6471228   0.31932303 
   31000    1.0877997   0.10626189    7113.1906   0.18711716   -1.3166767    1.6304736   0.31379686 
   32000    1.0647054  0.073720768    7010.5942   0.18985552   -1.3865147    1.5958582   0.20934351 
   33000    1.1545203  0.090642112    6614.6384   0.20122037   -1.4282985    1.7304793   0.30218079 
   34000    1.0397586   0.10037918    6799.1766     0.195759   -1.3980228    1.5584661    0.1604433 
   35000    1.1365539  0.084239552    6863.0507   0.19393708   -1.4100341    1.7035499   0.29351582 
   36000    1.0685329  0.087491803    7090.1165   0.18772611   -1.3864918    1.6015952   0.21510337 
   37000     1.099333  0.087760472     7208.739   0.18463701   -1.3504773    1.6477607   0.29728331 
   38000    1.1291048  0.094726095    7281.9316   0.18278117   -1.3764522    1.6923847   0.31593251 
   39000     1.090869  0.090643206    7505.2451   0.17734264   -1.2691079    1.6350741   0.36596621 
   40000    1.1138628  0.091711616    7806.1443   0.17050671   -1.2624883    1.6695389   0.40705065 
   41000    1.1261723  0.094655089    7940.1631    0.1676288   -1.2028494    1.6879893   0.48513985 
   42000    1.0819175   0.09395137    8172.8981   0.16285533    -1.156145     1.621657   0.46551206 
   43000    1.1035853   0.09205165    8323.6005   0.15990676   -1.1372185    1.6541343   0.51691575 
   44000    1.1063585  0.098175265    8570.5986   0.15529837   -1.1162188     1.658291   0.54207213 
   45000    1.0986463   0.08157447    8889.0944   0.14973404   -1.1167615    1.6467313   0.52996975 
   46000    1.1561142    0.1028875    8554.6992     0.155587   -1.1380224    1.7328684   0.59484593 
   47000    1.1247316  0.089462656    8283.9178   0.16067277   -1.2162798    1.6858298   0.46955007 
   48000    1.0799802  0.091271969    7863.4948   0.16926316    -1.188366    1.6187532   0.43038726 
   49000    1.0829241  0.094013861    7495.0911    0.1775829   -1.1903437    1.6231657   0.43282201 
   50000    1.0932475  0.083491532    7348.3207   0.18112982   -1.2827127    1.6386392   0.35592649 
Loop time of 15.884 on 1 procs for 50000 steps with 1331 atoms

Performance: 1087886.885 tau/day, 3147.821 timesteps/s
99.4% CPU use with 1 MPI tasks x no OpenMP threads

MPI task timing breakdown:
Section |  min time  |  avg time  |  max time  |%varavg| %total
---------------------------------------------------------------
Pair    | 9.8178     | 9.8178     | 9.8178     |   0.0 | 61.81
Neigh   | 2.8704     | 2.8704     | 2.8704     |   0.0 | 18.07
Comm    | 0.52592    | 0.52592    | 0.52592    |   0.0 |  3.31
Output  | 0.028059   | 0.028059   | 0.028059   |   0.0 |  0.18
Modify  | 2.5093     | 2.5093     | 2.5093     |   0.0 | 15.80
Other   |            | 0.1326     |            |       |  0.83

Nlocal:    1331 ave 1331 max 1331 min
Histogram: 1 0 0 0 0 0 0 0 0 0
Nghost:    1613 ave 1613 max 1613 min
Histogram: 1 0 0 0 0 0 0 0 0 0
Neighs:    12065 ave 12065 max 12065 min
Histogram: 1 0 0 0 0 0 0 0 0 0

Total # of neighbors = 12065
Ave neighs/atom = 9.06461
Neighbor list builds = 2500
Dangerous builds not checked

write_restart lattice_11_11_11__2_2_2/sim1/T_1.10__P_0.10/end1.restart
Total wall time: 0:00:15
