run 50000
Neighbor list info ...
  update every 20 steps, delay 0 steps, check no
  max neighbors/atom: 2000, page size: 100000
  master list distance cutoff = 2.8
  ghost atom cutoff = 2.8
  binsize = 1.4, bins = 16 16 16
  1 neighbor lists, perpetual/occasional/extra = 1 0 0
  (1) pair lj/cut, perpetual
      attributes: half, newton on
      pair build: half/bin/atomonly/newton
      stencil: half/bin/3d/newton
      bin: standard
Per MPI rank memory allocation (min/avg/max) = 2.7 | 2.7 | 2.7 Mbytes
Step Temp Press Volume Density PotEng KinEng TotEng 
       0          0.8  0.054514712        10648        0.125  -0.13561964    1.1990984    1.0634788 
    1000    1.1363316   0.10770095    7710.5729   0.17262012   -1.0826839    1.7032168   0.62053288 
    2000   0.96609509  0.064759299    5927.5413   0.22454504   -1.5601515    1.4480539  -0.11209767 
    3000   0.88613734 0.0073636789    4642.5575   0.28669543   -2.0511164    1.3282074    -0.722909 
    4000   0.90636262  0.011150654    3720.0867   0.35778736   -2.6513658    1.3585225   -1.2928433 
    5000   0.86004824 -0.054377367    3033.7415   0.43873218   -3.1170579    1.2891031   -1.8279547 
    6000   0.83906079 -0.075550799     2515.738    0.5290694   -3.5798249    1.2576456   -2.3221793 
    7000    0.8245582 -0.032400519    2093.8999   0.63565598   -3.9604531     1.235908   -2.7245451 
    8000   0.81227474   0.37791989    1844.1628   0.72173671   -4.3521601    1.2174967   -3.1346634 
    9000   0.81078942   0.14157004    1748.3703   0.76128037   -4.6767038    1.2152704   -3.4614334 
   10000     0.785426   0.38698217    1710.0787   0.77832677   -4.7678306    1.1772539   -3.5905767 
   11000   0.80657261   0.17758818    1735.9653    0.7667204   -4.7043644    1.2089499   -3.4954144 
   12000    0.8185854   0.35367888    1754.1623   0.75876674    -4.610201    1.2269556   -3.3832454 
   13000   0.79847135   0.34164671    1742.1742   0.76398791   -4.6720987    1.1968072   -3.4752915 
   14000    0.7765825   0.33674112    1721.6676   0.77308767   -4.7288221    1.1639986   -3.5648236 
   15000   0.81306376   0.18830201    1728.8611   0.76987097   -4.7143967    1.2186793   -3.4957173 
   16000   0.81547144   0.28483769    1751.5223    0.7599104   -4.6371989    1.2222881   -3.4149107 
   17000   0.80681142   0.11451883    1752.0917   0.75966345   -4.6605433    1.2093079   -3.4512354 
   18000   0.81398516   0.38834025    1714.6763   0.77623979   -4.7524193    1.2200604   -3.5323589 
   19000   0.80174797   0.36093104    1717.2626   0.77507075   -4.7209958    1.2017184   -3.5192774 
   20000   0.80683705   0.21976538    1736.5491   0.76646264   -4.6876069    1.2093463   -3.4782606 
   21000   0.81509259   0.34490906    1727.8236   0.77033329   -4.7038146    1.2217203   -3.4820943 
   22000   0.79049161   0.30568497    1728.3048   0.77011879   -4.6897231    1.1848465   -3.5048765 
   23000    0.7957509   0.18767056    1740.6308   0.76466532   -4.6832619    1.1927296   -3.4905324 
   24000   0.79295616   0.17199834    1750.7562   0.76024293   -4.6539701    1.1885406   -3.4654295 
   25000   0.79621371   0.40680789    1743.4563   0.76342606   -4.6682275    1.1934232   -3.4748043 
   26000    0.7942016   0.28510391    1741.3317   0.76435754    -4.673513    1.1904074   -3.4831057 
   27000   0.80107719   0.31347567    1715.4529    0.7758884    -4.740333     1.200713     -3.53962 
   28000    0.8234129   0.31605839    1713.5846   0.77673433     -4.75711    1.2341914   -3.5229186 
   29000   0.80767361   0.22941989    1748.6202   0.76117159   -4.6579545    1.2106002   -3.4473543 
   30000   0.79527824   0.34352405    1742.4662   0.76385988   -4.6411278    1.1920211   -3.4491067 
   31000    0.7761931   0.56323216    1716.8949   0.77523675   -4.6966066    1.1634149   -3.5331917 
   32000   0.80326917   0.22696108    1740.8501   0.76456899   -4.6814116    1.2039985   -3.4774132 
   33000   0.79645506   0.22469381     1758.395   0.75694028   -4.6297292     1.193785   -3.4359442 
   34000   0.78970351   0.31368888    1736.7144   0.76638969    -4.683385    1.1836653   -3.4997197 
   35000   0.79099288   0.48633829    1713.9072   0.77658816    -4.717101    1.1855979   -3.5315031 
   36000   0.80857116   0.23303912    1749.2202   0.76091049   -4.6524342    1.2119455   -3.4404887 
   37000   0.82645294    0.1035827    1754.2163   0.75874336   -4.6856465     1.238748   -3.4468985 
   38000   0.80539918  0.097596793    1734.8295   0.76722238    -4.733315    1.2071911   -3.5261239 
   39000   0.79635818   0.30921093    1733.8276   0.76766573   -4.6615117    1.1936398   -3.4678719 
   40000   0.81385223   0.45972199    1727.2229   0.77060117   -4.6761378    1.2198612   -3.4562767 
   41000   0.80613893   0.20344301    1735.5976   0.76688284   -4.6957755    1.2082999   -3.4874756 
   42000    0.8106462   0.45472932     1725.586   0.77133217   -4.7006016    1.2150557   -3.4855459 
   43000   0.77479087   0.25371623    1735.7925   0.76679674   -4.6921216    1.1613131   -3.5308085 
   44000   0.78246407   0.18100776    1739.8573   0.76500525   -4.6889809    1.1728143   -3.5161667 
   45000   0.80133434   0.27322886    1749.5239   0.76077838   -4.6470009    1.2010984   -3.4459024 
   46000   0.79492025    0.2692529    1731.2303   0.76881743   -4.7041445    1.1914845     -3.51266 
   47000    0.7942904   0.19949885    1733.7388   0.76770504   -4.7211639    1.1905404   -3.5306235 
   48000   0.79918632    0.1886045    1747.3581   0.76172137   -4.6706167    1.1978788   -3.4727379 
   49000   0.79497809   0.19781366    1741.3761   0.76433805    -4.678818    1.1915712   -3.4872468 
   50000   0.76426113   0.21607285    1726.2132    0.7710519   -4.7251338    1.1455304   -3.5796034 
Loop time of 34.115 on 1 procs for 50000 steps with 1331 atoms

Performance: 506522.180 tau/day, 1465.631 timesteps/s
99.7% CPU use with 1 MPI tasks x no OpenMP threads

MPI task timing breakdown:
Section |  min time  |  avg time  |  max time  |%varavg| %total
---------------------------------------------------------------
Pair    | 26.935     | 26.935     | 26.935     |   0.0 | 78.95
Neigh   | 4.3426     | 4.3426     | 4.3426     |   0.0 | 12.73
Comm    | 0.6714     | 0.6714     | 0.6714     |   0.0 |  1.97
Output  | 0.024237   | 0.024237   | 0.024237   |   0.0 |  0.07
Modify  | 2.0046     | 2.0046     | 2.0046     |   0.0 |  5.88
Other   |            | 0.1375     |            |       |  0.40

Nlocal:    1331 ave 1331 max 1331 min
Histogram: 1 0 0 0 0 0 0 0 0 0
Nghost:    2864 ave 2864 max 2864 min
Histogram: 1 0 0 0 0 0 0 0 0 0
Neighs:    45978 ave 45978 max 45978 min
Histogram: 1 0 0 0 0 0 0 0 0 0

Total # of neighbors = 45978
Ave neighs/atom = 34.544
Neighbor list builds = 2500
Dangerous builds not checked

write_restart lattice_11_11_11__2_2_2/sim1/T_0.80__P_0.30/end1.restart
Total wall time: 0:00:34
