run 50000
Neighbor list info ...
  update every 20 steps, delay 0 steps, check no
  max neighbors/atom: 2000, page size: 100000
  master list distance cutoff = 2.8
  ghost atom cutoff = 2.8
  binsize = 1.4, bins = 20 20 20
  1 neighbor lists, perpetual/occasional/extra = 1 0 0
  (1) pair lj/cut, perpetual
      attributes: half, newton on
      pair build: half/bin/atomonly/newton
      stencil: half/bin/3d/newton
      bin: standard
Per MPI rank memory allocation (min/avg/max) = 2.748 | 2.748 | 2.748 Mbytes
Step Temp Press TotEng 
       0          0.4  0.022232278   0.58722015 
    1000     0.533229  0.019111476   0.34124361 
    2000   0.45991799 0.0088050682  0.011753945 
    3000   0.46076901 -0.00017834661  -0.25297523 
    4000   0.47091349 -0.0046117414  -0.54329897 
    5000   0.46435577 0.0033600216  -0.85120612 
    6000   0.50272905 0.0086365482   -1.1897497 
    7000   0.45881051 0.0056405071   -1.5351748 
    8000   0.44671103 0.0073784886   -1.8660652 
    9000   0.42359997 0.00032328769   -2.1338265 
   10000   0.41188331 -0.0049476872   -2.3528854 
   11000   0.41740533 0.0010765685   -2.5199973 
   12000    0.3961087 0.0016506493   -2.6401265 
   13000   0.39702012 0.0080752438   -2.7083439 
   14000   0.39568782  0.003074378    -2.773418 
   15000   0.39425676 -0.0035467462   -2.8319113 
   16000   0.39443815 -0.0034684126   -2.9031838 
   17000   0.39984167 -0.0060303244   -2.9351404 
   18000   0.39642901 0.0012419358   -2.9758744 
   19000   0.40187278 0.0053324989   -2.9948819 
   20000   0.38832846 -0.0078530849   -3.0152885 
   21000     0.400846 0.0072674265   -3.0303664 
   22000   0.40479471 -0.0012751357   -3.0723624 
   23000   0.40561672 9.3103213e-05   -3.1615332 
   24000   0.40237788    0.0136532   -3.1919231 
   25000   0.40865387 -0.0035980649   -3.1436836 
   26000   0.41300112  0.019631478   -3.1539697 
   27000   0.38675243 -0.003929176   -3.2222605 
   28000   0.40818628 0.0021122666   -3.2075913 
   29000   0.41063903 0.0088873286   -3.1856033 
   30000   0.41087162 -0.0046101938    -3.205602 
   31000   0.40142805 0.0041563993   -3.2462409 
   32000   0.38954467 0.00098167085   -3.2672418 
   33000   0.40349816 0.0013526364   -3.3005527 
   34000   0.39423363 0.0015396107   -3.3217614 
   35000   0.40657608 -0.0011927089   -3.2841176 
   36000   0.41340185 0.0026888544   -3.2728241 
   37000   0.42187943  0.002933806   -3.3340513 
   38000   0.40950687 -0.0043212178   -3.4001711 
   39000   0.40487904 0.00036477124   -3.4479899 
   40000   0.40874787 0.0099544629   -3.4837069 
   41000   0.40841308  0.012251142   -3.5266662 
   42000   0.39353128 -0.0047053855     -3.56862 
   43000   0.38984115 -0.010283679   -3.5951603 
   44000   0.37833707 0.0022701625   -3.6410731 
   45000   0.39935868  0.012318164   -3.6223317 
   46000   0.40286324 -0.003552585   -3.5952255 
   47000   0.40580441 -0.0017495626    -3.620449 
   48000   0.39128154 -0.0058567666   -3.6441446 
   49000   0.40706121 0.0012921841   -3.5991143 
   50000   0.41161002 0.0060648002   -3.5957077 
Loop time of 15.8276 on 1 procs for 50000 steps with 1331 atoms

Performance: 1091766.445 tau/day, 3159.046 timesteps/s
99.9% CPU use with 1 MPI tasks x no OpenMP threads

MPI task timing breakdown:
Section |  min time  |  avg time  |  max time  |%varavg| %total
---------------------------------------------------------------
Pair    | 12.563     | 12.563     | 12.563     |   0.0 | 79.37
Neigh   | 2.02       | 2.02       | 2.02       |   0.0 | 12.76
Comm    | 0.2921     | 0.2921     | 0.2921     |   0.0 |  1.85
Output  | 0.022995   | 0.022995   | 0.022995   |   0.0 |  0.15
Modify  | 0.8438     | 0.8438     | 0.8438     |   0.0 |  5.33
Other   |            | 0.08587    |            |       |  0.54

Nlocal:    1331 ave 1331 max 1331 min
Histogram: 1 0 0 0 0 0 0 0 0 0
Nghost:    1178 ave 1178 max 1178 min
Histogram: 1 0 0 0 0 0 0 0 0 0
Neighs:    29398 ave 29398 max 29398 min
Histogram: 1 0 0 0 0 0 0 0 0 0

Total # of neighbors = 29398
Ave neighs/atom = 22.0872
Neighbor list builds = 2500
Dangerous builds not checked

write_restart NVT/sim1/T_0.40__v_17.58/end1.restart
Total wall time: 0:00:15
