run 50000
Neighbor list info ...
  update every 20 steps, delay 0 steps, check no
  max neighbors/atom: 2000, page size: 100000
  master list distance cutoff = 2.8
  ghost atom cutoff = 2.8
  binsize = 1.4, bins = 16 16 16
  1 neighbor lists, perpetual/occasional/extra = 1 0 0
  (1) pair lj/cut, perpetual
      attributes: half, newton on
      pair build: half/bin/atomonly/newton
      stencil: half/bin/3d/newton
      bin: standard
Per MPI rank memory allocation (min/avg/max) = 2.7 | 2.7 | 2.7 Mbytes
Step Temp Press Volume Density PotEng KinEng TotEng 
       0          0.9  0.067005321        10648        0.125  -0.13561964    1.3489857    1.2133661 
    1000    1.3805576   0.18176917    6399.4373   0.20798704   -1.2360321    2.0692805    0.8332484 
    2000    1.1785317   0.16013713    4499.8975   0.29578452   -1.8524934    1.7664693 -0.086024087 
    3000    1.0435043   0.11575298    3343.9616   0.39803088   -2.4551835    1.5640804  -0.89110311 
    4000    1.0081822  0.065388645    2582.5955     0.515373   -3.1066424    1.5111371   -1.5955053 
    5000     1.008752   0.21752504    2096.6619   0.63481862   -3.7670065    1.5119911   -2.2550154 
    6000   0.94934963   0.56886658    1851.1882   0.71899768   -4.2603133    1.4229546   -2.8373587 
    7000   0.89498195    0.8068511    1747.0957   0.76183579   -4.5757159    1.3414643   -3.2342516 
    8000   0.87386163    0.8035278    1707.3763   0.77955867   -4.6966582    1.3098076   -3.3868506 
    9000    0.8774324   0.96395035     1719.343   0.77413292   -4.6109283    1.3151598   -3.2957686 
   10000   0.92935304   0.78246894    1744.7004   0.76288169   -4.5618914    1.3929822   -3.1689091 
   11000   0.89516024   0.89755927    1733.0833   0.76799539   -4.5800313    1.3417315   -3.2382998 
   12000   0.88758291   0.76126212    1711.7005   0.77758929    -4.675423    1.3303741   -3.3450489 
   13000   0.88455268   0.74255256    1735.6379   0.76686502   -4.5930008    1.3258321   -3.2671686 
   14000   0.90859903   0.68640725    1748.8305   0.76108003   -4.5674998    1.3618746   -3.2056252 
   15000   0.90761497   0.80250004    1726.8542    0.7707657   -4.6346874    1.3603996   -3.2742877 
   16000   0.88916617   0.86038902    1707.9716   0.77928696   -4.6672479    1.3327472   -3.3345007 
   17000   0.91681119    0.8774424    1720.2502   0.77372465    -4.641247    1.3741836   -3.2670635 
   18000   0.89775201   0.72444974    1751.8266   0.75977839   -4.5469434    1.3456163   -3.2013272 
   19000   0.90264949   0.67891891    1732.4246   0.76828742   -4.6118796     1.352957   -3.2589226 
   20000   0.90433702   0.78582415    1701.4818   0.78225931   -4.7274109    1.3554864   -3.3719245 
   21000   0.91729342    1.1915478    1690.0144   0.78756723   -4.6795888    1.3749064   -3.3046825 
   22000   0.88340203   0.96553467    1740.2589   0.76482871   -4.5304113    1.3241075   -3.2063039 
   23000   0.92422976   0.78302017    1738.3333   0.76567595   -4.5936546    1.3853031   -3.2083516 
   24000   0.91048662   0.88441891    1719.1466   0.77422135   -4.6557914    1.3647038   -3.2910876 
   25000   0.86933754   0.74769861    1725.8305   0.77122289   -4.6226442    1.3030266   -3.3196176 
   26000    0.8695121   0.78839311    1735.5964   0.76688335   -4.5749449    1.3032882   -3.2716567 
   27000   0.89737986   0.86341015    1736.1088   0.76665703   -4.5758008    1.3450585   -3.2307423 
   28000   0.91408614    1.0699258    1717.7842    0.7748354   -4.5948412    1.3700991   -3.2247421 
   29000   0.87354379   0.87719945    1723.7651   0.77214696   -4.6105631    1.3093312   -3.3012319 
   30000   0.89826019   0.63451295    1725.6387   0.77130862   -4.6626287     1.346378   -3.3162507 
   31000   0.89173991   0.88687901     1739.086   0.76534453   -4.5623339    1.3366049    -3.225729 
   32000   0.93617361   0.65339082    1739.9306   0.76497305   -4.6166415    1.4032054   -3.2134361 
   33000   0.89426592   0.84771479    1714.7056   0.77622654   -4.6520584    1.3403911   -3.3116674 
   34000   0.90843007   0.89645775    1724.8314   0.77166963   -4.6087628    1.3616213   -3.2471415 
   35000   0.87847713   0.89203414     1743.497   0.76340825   -4.5487972    1.3167257   -3.2320715 
   36000    0.9075251   0.88355466    1712.5207    0.7772169   -4.6505017    1.3602649   -3.2902368 
   37000    0.8808258   0.65931739    1715.3591   0.77593082   -4.6742043     1.320246   -3.3539583 
   38000   0.89600429   0.57159799    1742.3094   0.76392861   -4.6199231    1.3429967   -3.2769265 
   39000   0.89294625   0.69045431    1742.5417   0.76382677   -4.5920837    1.3384131   -3.2536706 
   40000   0.89286913   0.91045396    1714.6343   0.77625881   -4.6338439    1.3382975   -3.2955465 
   41000   0.89809099   0.79628323    1713.3995   0.77681824    -4.673492    1.3461244   -3.3273677 
   42000   0.92887443   0.72405701    1730.7697   0.76902204   -4.6279616    1.3922648   -3.2356967 
   43000   0.90541623   0.68297365    1734.3228   0.76744653   -4.6218565     1.357104   -3.2647526 
   44000    0.8967003   0.75617957    1709.1471   0.77875097   -4.7020032    1.3440399   -3.3579633 
   45000   0.86667989    0.7572565    1723.1542   0.77242072   -4.6340525    1.2990431   -3.3350094 
   46000   0.89017585   0.38460137    1750.5481    0.7603333    -4.632548    1.3342606   -3.2982875 
   47000   0.92527701   0.68970415     1732.724   0.76815465   -4.6257284    1.3868728   -3.2388556 
   48000   0.92418413   0.84592842    1722.6101    0.7726647   -4.6360375    1.3852347   -3.2508028 
   49000   0.90671878   0.98322537    1720.0579   0.77381115   -4.6106104    1.3590563    -3.251554 
   50000   0.90239253   0.67940669    1744.3196   0.76304823   -4.5861699    1.3525718    -3.233598 
Loop time of 35.156 on 1 procs for 50000 steps with 1331 atoms

Performance: 491523.940 tau/day, 1422.234 timesteps/s
99.9% CPU use with 1 MPI tasks x no OpenMP threads

MPI task timing breakdown:
Section |  min time  |  avg time  |  max time  |%varavg| %total
---------------------------------------------------------------
Pair    | 27.879     | 27.879     | 27.879     |   0.0 | 79.30
Neigh   | 4.4072     | 4.4072     | 4.4072     |   0.0 | 12.54
Comm    | 0.69738    | 0.69738    | 0.69738    |   0.0 |  1.98
Output  | 0.025303   | 0.025303   | 0.025303   |   0.0 |  0.07
Modify  | 2.0068     | 2.0068     | 2.0068     |   0.0 |  5.71
Other   |            | 0.1401     |            |       |  0.40

Nlocal:    1331 ave 1331 max 1331 min
Histogram: 1 0 0 0 0 0 0 0 0 0
Nghost:    2870 ave 2870 max 2870 min
Histogram: 1 0 0 0 0 0 0 0 0 0
Neighs:    45393 ave 45393 max 45393 min
Histogram: 1 0 0 0 0 0 0 0 0 0

Total # of neighbors = 45393
Ave neighs/atom = 34.1044
Neighbor list builds = 2500
Dangerous builds not checked

write_restart lattice_11_11_11__2_2_2/sim1/T_0.90__P_0.80/end1.restart
Total wall time: 0:00:35
