run 50000
Neighbor list info ...
  update every 20 steps, delay 0 steps, check no
  max neighbors/atom: 2000, page size: 100000
  master list distance cutoff = 2.8
  ghost atom cutoff = 2.8
  binsize = 1.4, bins = 10 10 10
  1 neighbor lists, perpetual/occasional/extra = 1 0 0
  (1) pair lj/cut, perpetual
      attributes: half, newton on
      pair build: half/bin/atomonly/newton
      stencil: half/bin/3d/newton
      bin: standard
Per MPI rank memory allocation (min/avg/max) = 2.732 | 2.732 | 2.732 Mbytes
Step Temp Press TotEng 
       0          1.7  -0.10714265   -1.5908682 
    1000    1.5050535    1.3134819   -1.0683188 
    2000    1.7704169    1.7037162  -0.58797296 
    3000     1.687341    1.4823216  -0.76309889 
    4000    1.6653306    1.6584177  -0.75997098 
    5000     1.734108    1.6356379  -0.64211375 
    6000    1.6391072     1.630321  -0.79397101 
    7000    1.7277941    1.7118858  -0.65736152 
    8000    1.6818245    1.5546345  -0.75495498 
    9000    1.6807065     1.713261   -0.7324284 
   10000    1.7118144    1.6391345  -0.68558248 
   11000    1.6710824    1.6235214  -0.76276504 
   12000    1.7510799    1.6828776  -0.61698328 
   13000    1.6737768    1.6101687   -0.7621371 
   14000    1.6945041    1.6383168   -0.7284791 
   15000    1.7399586    1.6431587  -0.66819938 
   16000    1.6597945    1.4696598  -0.81806778 
   17000    1.7360675    1.6944696  -0.65950856 
   18000    1.6658802    1.5639984  -0.74587032 
   19000    1.6470943     1.493209  -0.83251784 
   20000    1.7547219    1.6502955  -0.64709028 
   21000    1.6524912    1.5200733  -0.80088404 
   22000    1.6944008    1.7504337  -0.69032632 
   23000    1.7142151    1.5748867  -0.71844187 
   24000    1.7214474    1.4447305  -0.71859431 
   25000    1.7329552     1.739237    -0.624026 
   26000    1.6484809    1.6300928  -0.79139666 
   27000    1.6966632    1.7149059  -0.66188293 
   28000    1.6762339    1.4250919  -0.77415963 
   29000    1.6325999    1.4194273  -0.86436213 
   30000     1.732589    1.6135475  -0.66076649 
   31000    1.6625295     1.596635  -0.76082221 
   32000    1.7202956    1.5584728  -0.69753111 
   33000    1.7249953    1.6068135  -0.66274148 
   34000    1.6969455    1.4886704   -0.7781329 
   35000    1.7759374     1.686013  -0.60415167 
   36000    1.7018188    1.4825231  -0.74012696 
   37000    1.7154562    1.6259217  -0.69428494 
   38000    1.6641729    1.8939563  -0.71296189 
   39000    1.6985266    1.4149466  -0.78583177 
   40000    1.7209476    1.7274148  -0.65840528 
   41000    1.6987109    1.5725369  -0.73589187 
   42000    1.7500417    1.6774623  -0.63813084 
   43000    1.7345025    1.5867762  -0.67040519 
   44000    1.6809705    1.5867293  -0.74934857 
   45000    1.7868097    1.6438505  -0.58728893 
   46000    1.6452443     1.561432  -0.79289361 
   47000    1.7119894    1.7507622  -0.67692667 
   48000    1.6766963    1.5936724  -0.74792062 
   49000    1.7040611    1.4715127  -0.74618729 
   50000    1.7192825     1.584503  -0.70371002 
Loop time of 28.1378 on 1 procs for 50000 steps with 1331 atoms

Performance: 614120.806 tau/day, 1776.970 timesteps/s
99.9% CPU use with 1 MPI tasks x no OpenMP threads

MPI task timing breakdown:
Section |  min time  |  avg time  |  max time  |%varavg| %total
---------------------------------------------------------------
Pair    | 22.693     | 22.693     | 22.693     |   0.0 | 80.65
Neigh   | 3.8037     | 3.8037     | 3.8037     |   0.0 | 13.52
Comm    | 0.64643    | 0.64643    | 0.64643    |   0.0 |  2.30
Output  | 0.024848   | 0.024848   | 0.024848   |   0.0 |  0.09
Modify  | 0.84473    | 0.84473    | 0.84473    |   0.0 |  3.00
Other   |            | 0.1256     |            |       |  0.45

Nlocal:    1331 ave 1331 max 1331 min
Histogram: 1 0 0 0 0 0 0 0 0 0
Nghost:    2577 ave 2577 max 2577 min
Histogram: 1 0 0 0 0 0 0 0 0 0
Neighs:    36471 ave 36471 max 36471 min
Histogram: 1 0 0 0 0 0 0 0 0 0

Total # of neighbors = 36471
Ave neighs/atom = 27.4012
Neighbor list builds = 2500
Dangerous builds not checked

write_restart NVT/sim1/T_1.70__v_1.33/end1.restart
Total wall time: 0:00:28
