run 50000
Neighbor list info ...
  update every 20 steps, delay 0 steps, check no
  max neighbors/atom: 2000, page size: 100000
  master list distance cutoff = 2.8
  ghost atom cutoff = 2.8
  binsize = 1.4, bins = 16 16 16
  1 neighbor lists, perpetual/occasional/extra = 1 0 0
  (1) pair lj/cut, perpetual
      attributes: half, newton on
      pair build: half/bin/atomonly/newton
      stencil: half/bin/3d/newton
      bin: standard
Per MPI rank memory allocation (min/avg/max) = 2.7 | 2.7 | 2.7 Mbytes
Step Temp Press TotEng 
       0          0.2 -0.020428939   0.16415497 
    1000   0.48705265 0.0023222012  -0.40583317 
    2000      0.45718 -0.032888527   -1.2593874 
    3000   0.45930396 -0.0015182975   -2.1957428 
    4000   0.38959176 -0.0022324861   -3.0529255 
    5000   0.31685588 -0.0027310648   -3.6870112 
    6000   0.25459675 -0.011500954   -4.1214671 
    7000   0.20948843 -0.0096267813   -4.3881114 
    8000   0.19367805 0.0073963815   -4.5367783 
    9000   0.20018885 -0.016056202   -4.5963787 
   10000   0.20375394 -0.0089850341   -4.6557731 
   11000   0.19348531 0.0076907213   -4.7214622 
   12000   0.20185604 0.0067451286   -4.7216509 
   13000   0.20174631 0.0051147993   -4.7427247 
   14000   0.19949715 -0.0044662223   -4.7949995 
   15000   0.19752823 -0.0035709725   -4.8034775 
   16000   0.20352542 -0.0042459407   -4.8131567 
   17000   0.20256116 -0.0085201456   -4.8590493 
   18000   0.19582984 0.0091679029   -4.8847888 
   19000   0.20505488 -0.005247849    -4.870694 
   20000   0.20285979 0.0051735779   -4.8744541 
   21000   0.20023271 -0.012328918   -4.9106893 
   22000   0.19742269  0.010410704   -4.9292805 
   23000   0.20501355  0.012729278   -4.9192049 
   24000   0.20554744 0.0049526757   -4.9275361 
   25000   0.19072634 0.0030722084    -4.960145 
   26000   0.20085819  0.010301998   -4.9489877 
   27000   0.21223959 0.0070652237   -4.9357673 
   28000   0.19667418 0.0060890165    -4.975556 
   29000    0.1980746  0.011442035   -5.0016895 
   30000   0.19944105 -0.0035513581   -4.9943506 
   31000   0.20189758 -0.019760494   -4.9997557 
   32000   0.19365983 0.0097405748   -5.0250188 
   33000   0.19553012  0.011572349   -5.0330422 
   34000   0.20563292 -0.0039936762   -5.0178722 
   35000   0.20033644 -0.0035678294   -5.0285208 
   36000   0.19461922  -0.02259554   -5.0519913 
   37000   0.20097388 -0.0035897703   -5.0350783 
   38000   0.20519996 -0.0033544126   -5.0315125 
   39000   0.19626995 0.0039921726      -5.0596 
   40000   0.20316283 0.0013410525   -5.0618894 
   41000   0.20369849 0.0016597349   -5.0511609 
   42000    0.2019627 0.00086579142   -5.0612313 
   43000   0.19298013  0.012597458   -5.0813709 
   44000   0.19981356 0.0061502022   -5.0668048 
   45000   0.19911045 0.0021607745   -5.0689061 
   46000   0.19370804  0.010339842   -5.0920376 
   47000    0.1972634 -0.0010145729   -5.0828523 
   48000   0.19609973 -0.0096677636   -5.0656113 
   49000   0.19548366 -0.0094501489   -5.0957745 
   50000   0.19777879 0.0042564652   -5.0999217 
Loop time of 25.9434 on 1 procs for 50000 steps with 1331 atoms

Performance: 666066.286 tau/day, 1927.275 timesteps/s
99.8% CPU use with 1 MPI tasks x no OpenMP threads

MPI task timing breakdown:
Section |  min time  |  avg time  |  max time  |%varavg| %total
---------------------------------------------------------------
Pair    | 21.464     | 21.464     | 21.464     |   0.0 | 82.73
Neigh   | 3.1647     | 3.1647     | 3.1647     |   0.0 | 12.20
Comm    | 0.28403    | 0.28403    | 0.28403    |   0.0 |  1.09
Output  | 0.025338   | 0.025338   | 0.025338   |   0.0 |  0.10
Modify  | 0.91662    | 0.91662    | 0.91662    |   0.0 |  3.53
Other   |            | 0.08896    |            |       |  0.34

Nlocal:    1331 ave 1331 max 1331 min
Histogram: 1 0 0 0 0 0 0 0 0 0
Nghost:    934 ave 934 max 934 min
Histogram: 1 0 0 0 0 0 0 0 0 0
Neighs:    38329 ave 38329 max 38329 min
Histogram: 1 0 0 0 0 0 0 0 0 0

Total # of neighbors = 38329
Ave neighs/atom = 28.7971
Neighbor list builds = 2500
Dangerous builds not checked

write_restart NVT/sim1/T_0.20__v_8.00/end1.restart
Total wall time: 0:00:25
