run 50000
Neighbor list info ...
  update every 20 steps, delay 0 steps, check no
  max neighbors/atom: 2000, page size: 100000
  master list distance cutoff = 2.8
  ghost atom cutoff = 2.8
  binsize = 1.4, bins = 14 14 14
  1 neighbor lists, perpetual/occasional/extra = 1 0 0
  (1) pair lj/cut, perpetual
      attributes: half, newton on
      pair build: half/bin/atomonly/newton
      stencil: half/bin/3d/newton
      bin: standard
Per MPI rank memory allocation (min/avg/max) = 2.746 | 2.746 | 2.746 Mbytes
Step Temp Press TotEng 
       0          0.3  -0.14856017  0.027327888 
    1000   0.63497578  -0.00847141   -0.7341899 
    2000   0.59945533 -0.066228367   -1.7285059 
    3000   0.51958454 -0.038202948   -2.6545096 
    4000   0.45215212 -0.037563971   -3.4171206 
    5000   0.37517533 -0.039327081   -3.9661586 
    6000   0.31567256  -0.02091713   -4.3123757 
    7000   0.29611829 -0.039661923   -4.5255426 
    8000   0.28600497 -0.023944698   -4.6153737 
    9000    0.3067889 -0.046481466   -4.5913683 
   10000   0.29990589  -0.04080488   -4.6425299 
   11000   0.29517808 -2.0925026e-05   -4.7137363 
   12000   0.29685938 -0.033233877   -4.7182093 
   13000   0.30700988 -0.018909034   -4.7320625 
   14000   0.28986304 -0.024082332   -4.7844354 
   15000   0.30215755 -0.023327333   -4.8288492 
   16000   0.29221161 -0.046363385   -4.8562312 
   17000    0.2960066 -0.014548999   -4.8792543 
   18000   0.30881726 -0.053437555   -4.9024697 
   19000   0.30462444 0.0023648864   -4.9291403 
   20000   0.29730936 0.0074069511   -4.9642252 
   21000    0.2919705 -0.0036314866   -4.9845824 
   22000   0.31444121 -0.042290613   -4.9961756 
   23000   0.30089871 -0.018532685   -5.0331864 
   24000    0.3170554 0.0095532108    -5.050472 
   25000   0.29842054 -0.040065556    -5.082034 
   26000   0.30223378 -0.030753893   -5.1105232 
   27000   0.29926901 -0.016619602   -5.1069566 
   28000   0.30712807 -0.016823781   -5.1260223 
   29000    0.2925572 0.00023421546   -5.1991644 
   30000   0.29799151 0.0019635851    -5.214928 
   31000   0.29788974 -0.0078828183   -5.1955367 
   32000   0.29829507 -0.010883318   -5.2150625 
   33000   0.29262153 -0.022344328   -5.2460057 
   34000   0.30342898 -0.013251571   -5.2380846 
   35000   0.30520343  0.020406993   -5.2401438 
   36000   0.29672381 0.0019665993   -5.2766907 
   37000   0.30198392 -0.011596014   -5.2637926 
   38000   0.30567107 0.0061448201   -5.2577324 
   39000   0.29229385 0.0074406625    -5.298463 
   40000   0.29524911 -0.0068678168   -5.2990929 
   41000   0.30852576 -0.021453779   -5.2728308 
   42000   0.30579585 -0.036968121   -5.2904561 
   43000   0.29162393  0.014140659   -5.3208996 
   44000   0.29829516  0.018030177   -5.2869724 
   45000   0.30882888 -0.013856282   -5.2714831 
   46000   0.30080325 -0.039947899   -5.3109845 
   47000   0.28855596 -0.018103952   -5.3122336 
   48000   0.29931962 -0.0025789711   -5.2821127 
   49000   0.30905673  0.011049041   -5.2981463 
   50000   0.29234788  -0.01166305   -5.3225044 
Loop time of 33.7411 on 1 procs for 50000 steps with 1331 atoms

Performance: 512134.572 tau/day, 1481.871 timesteps/s
99.8% CPU use with 1 MPI tasks x no OpenMP threads

MPI task timing breakdown:
Section |  min time  |  avg time  |  max time  |%varavg| %total
---------------------------------------------------------------
Pair    | 27.995     | 27.995     | 27.995     |   0.0 | 82.97
Neigh   | 4.1459     | 4.1459     | 4.1459     |   0.0 | 12.29
Comm    | 0.40551    | 0.40551    | 0.40551    |   0.0 |  1.20
Output  | 0.027251   | 0.027251   | 0.027251   |   0.0 |  0.08
Modify  | 1.0577     | 1.0577     | 1.0577     |   0.0 |  3.13
Other   |            | 0.1099     |            |       |  0.33

Nlocal:    1331 ave 1331 max 1331 min
Histogram: 1 0 0 0 0 0 0 0 0 0
Nghost:    1305 ave 1305 max 1305 min
Histogram: 1 0 0 0 0 0 0 0 0 0
Neighs:    43811 ave 43811 max 43811 min
Histogram: 1 0 0 0 0 0 0 0 0 0

Total # of neighbors = 43811
Ave neighs/atom = 32.9159
Neighbor list builds = 2500
Dangerous builds not checked

write_restart NVT/sim1/T_0.30__v_4.91/end1.restart
Total wall time: 0:00:33
