run 50000
Neighbor list info ...
  update every 20 steps, delay 0 steps, check no
  max neighbors/atom: 2000, page size: 100000
  master list distance cutoff = 2.8
  ghost atom cutoff = 2.8
  binsize = 1.4, bins = 14 14 14
  1 neighbor lists, perpetual/occasional/extra = 1 0 0
  (1) pair lj/cut, perpetual
      attributes: half, newton on
      pair build: half/bin/atomonly/newton
      stencil: half/bin/3d/newton
      bin: standard
Per MPI rank memory allocation (min/avg/max) = 2.746 | 2.746 | 2.746 Mbytes
Step Temp Press TotEng 
       0          0.1  -0.18734133  -0.27244672 
    1000   0.49585357 -0.061632073   -1.3681601 
    2000   0.39884838 -0.060765066   -2.8720364 
    3000   0.28290358   -0.0481082   -3.9618119 
    4000   0.19513218 0.0043934311   -4.6144738 
    5000   0.14656275 -0.0015449359   -4.9819262 
    6000   0.10992396 -0.0084633547   -5.1873502 
    7000   0.11021723 -0.016837122   -5.3218662 
    8000   0.10486199 0.00045245399   -5.4653416 
    9000  0.096633372 -0.015102075   -5.5503292 
   10000  0.098325034 -0.012242577   -5.5835214 
   11000   0.10774535 0.0024940669   -5.6012484 
   12000  0.098178505 -0.0036764086   -5.6424564 
   13000  0.098023435 -0.0069303998   -5.6685173 
   14000  0.099257709 -0.024228048   -5.6723772 
   15000   0.10311352 -0.021425647   -5.6861635 
   16000  0.096976828  0.010208908   -5.7129694 
   17000  0.098380557 0.0056657981   -5.7187325 
   18000   0.10281338 -0.010575242    -5.717031 
   19000   0.10180593 -0.022764934   -5.7394934 
   20000   0.09816736 0.0020280362   -5.7447587 
   21000   0.10382759 -0.025575527   -5.7358468 
   22000  0.097871383 -0.022522452    -5.761699 
   23000  0.097191405   -0.0277338    -5.774814 
   24000   0.10644437 -0.034165005   -5.7563272 
   25000   0.10080147 -0.022662293   -5.7724961 
   26000  0.099515891 -0.013381134   -5.7907931 
   27000   0.10269287 -0.011421457   -5.7785428 
   28000   0.10328682 -0.015545948    -5.775258 
   29000    0.0954949  0.023628958   -5.7908062 
   30000    0.1009925 -0.017054071   -5.7869968 
   31000   0.10537863 -0.017647161   -5.7760067 
   32000  0.099132672 -0.0074429701   -5.7898946 
   33000  0.095397403 -0.025783182   -5.7952637 
   34000   0.10252152 -0.012450302   -5.7760814 
   35000   0.10101177 -0.0040199819   -5.7835359 
   36000  0.096927611 -0.017629437    -5.798246 
   37000   0.10124957 -0.019320431   -5.7840034 
   38000   0.10209435  -0.01256037   -5.7803665 
   39000   0.10008287 -0.003847128   -5.7999467 
   40000  0.097498002 0.0011457175   -5.7921332 
   41000   0.10246579 -0.005985342   -5.7816588 
   42000   0.10118481 -0.010861471   -5.8030491 
   43000  0.097661257 0.0035563645   -5.8112825 
   44000   0.10484271 -0.037241696   -5.7940888 
   45000  0.096735078 -0.011711509   -5.8101766 
   46000  0.097480303 -0.0044267261   -5.8199563 
   47000  0.098413368 -0.015205089   -5.7985756 
   48000   0.10493639 0.0067349614   -5.8052748 
   49000  0.098439876 -0.0066698511   -5.8237933 
   50000   0.10486179  -0.01420041   -5.8091249 
Loop time of 29.3259 on 1 procs for 50000 steps with 1331 atoms

Performance: 589240.890 tau/day, 1704.979 timesteps/s
99.9% CPU use with 1 MPI tasks x no OpenMP threads

MPI task timing breakdown:
Section |  min time  |  avg time  |  max time  |%varavg| %total
---------------------------------------------------------------
Pair    | 24.761     | 24.761     | 24.761     |   0.0 | 84.44
Neigh   | 3.5419     | 3.5419     | 3.5419     |   0.0 | 12.08
Comm    | 0.074376   | 0.074376   | 0.074376   |   0.0 |  0.25
Output  | 0.028871   | 0.028871   | 0.028871   |   0.0 |  0.10
Modify  | 0.85845    | 0.85845    | 0.85845    |   0.0 |  2.93
Other   |            | 0.06078    |            |       |  0.21

Nlocal:    1331 ave 1331 max 1331 min
Histogram: 1 0 0 0 0 0 0 0 0 0
Nghost:    55 ave 55 max 55 min
Histogram: 1 0 0 0 0 0 0 0 0 0
Neighs:    44583 ave 44583 max 44583 min
Histogram: 1 0 0 0 0 0 0 0 0 0

Total # of neighbors = 44583
Ave neighs/atom = 33.4959
Neighbor list builds = 2500
Dangerous builds not checked

write_restart NVT/sim1/T_0.10__v_4.91/end1.restart
Total wall time: 0:00:29
