run 50000
Neighbor list info ...
  update every 20 steps, delay 0 steps, check no
  max neighbors/atom: 2000, page size: 100000
  master list distance cutoff = 2.8
  ghost atom cutoff = 2.8
  binsize = 1.4, bins = 16 16 16
  1 neighbor lists, perpetual/occasional/extra = 1 0 0
  (1) pair lj/cut, perpetual
      attributes: half, newton on
      pair build: half/bin/atomonly/newton
      stencil: half/bin/3d/newton
      bin: standard
Per MPI rank memory allocation (min/avg/max) = 2.7 | 2.7 | 2.7 Mbytes
Step Temp Press Volume Density PotEng KinEng TotEng 
       0          1.7   0.16693019        10648        0.125  -0.13561964    2.5480841    2.4124645 
    1000    2.4079601   0.53284663    6094.0348   0.21841031   -1.1275602    3.6092265    2.4816662 
    2000    2.1090696   0.65058987    4300.2912   0.30951392   -1.6205916    3.1612276     1.540636 
    3000     1.930178   0.81948542    3294.9809   0.40394771   -2.1782943    2.8930917   0.71479747 
    4000    1.8658783   0.95632425     2685.258   0.49566932   -2.7196115    2.7967146  0.077103182 
    5000    1.7490365    1.3975955    2326.3988    0.5721289   -3.0724043    2.6215837  -0.45082059 
    6000    1.6976726    1.6127016    2140.9804    0.6216778   -3.3741279    2.5445957  -0.82953223 
    7000    1.6364973    2.0733751    2060.7422   0.64588381   -3.4090069    2.4529017  -0.95610522 
    8000    1.7002222    1.9275725    2075.6285   0.64125155   -3.4525679    2.5484172  -0.90415072 
    9000    1.6612343    2.2119582    2104.9747   0.63231163   -3.2916059    2.4899793   -0.8016266 
   10000    1.7218103    1.7794134    2099.6348   0.63391977   -3.4397761     2.580775  -0.85900112 
   11000    1.6601831    1.8618896    2079.4547   0.64007166   -3.4376094    2.4884037  -0.94920575 
   12000    1.7010589    1.8891354    2090.8978   0.63656865   -3.4235181    2.5496714  -0.87384672 
   13000    1.7310155    1.9794092    2105.0231    0.6322971   -3.3664577    2.5945724  -0.77188536 
   14000    1.6797801    1.9401261    2097.5938   0.63453657   -3.3949733    2.5177771  -0.87719617 
   15000    1.6564198    1.9155801    2096.9009   0.63474627   -3.4210706    2.4827629  -0.93830765 
   16000    1.7151876    1.7327982    2114.8391   0.62936231   -3.4228528    2.5708485  -0.85200437 
   17000    1.7447212       2.0247    2084.0901   0.63864802   -3.4251306    2.6151156  -0.81001496 
   18000    1.7586684    2.2134186    2044.8018   0.65091882   -3.4614571    2.6360206  -0.82543657 
   19000    1.7032666    2.0887215    2067.5847    0.6437463   -3.4115127    2.5529803  -0.85853238 
   20000    1.6990126     2.058465    2099.3202   0.63401477    -3.357657    2.5466041  -0.81105287 
   21000    1.6388625    2.1116614    2086.1563   0.63801547   -3.3700785    2.4564469  -0.91363168 
   22000     1.689506    1.8820106    2073.7324   0.64183787   -3.4503075     2.532355  -0.91795255 
   23000    1.7461631    1.8322921     2103.923   0.63262771   -3.4350248    2.6172768  -0.81774804 
   24000    1.7021406     1.711486    2119.5748   0.62795613   -3.3934018    2.5512927  -0.84210918 
   25000    1.6748194    2.0789111    2045.9308   0.65055962   -3.4892707    2.5103416  -0.97892918 
   26000    1.7339202    2.0038581    2065.8551   0.64428527   -3.4620937    2.5989262  -0.86316754 
   27000    1.7508219    1.8185759    2102.0649   0.63318693   -3.4308866    2.6242598  -0.80662683 
   28000    1.6942319    1.6840297    2116.9484   0.62873522   -3.4038917    2.5394385  -0.86445317 
   29000     1.626974    1.7340143    2120.6992   0.62762318    -3.388225    2.4386275  -0.94959751 
   30000    1.6798098    1.7756129    2078.0353   0.64050885   -3.4826701    2.5178216  -0.96484856 
   31000    1.6919205    2.2154184     2061.427   0.64566924   -3.4018577     2.535974  -0.86588379 
   32000     1.768166    1.9184126    2112.6132   0.63002542   -3.3781193    2.6502564  -0.72786294 
   33000    1.7411289    1.7758151    2106.7396   0.63178193   -3.4123143    2.6097311  -0.80258323 
   34000    1.7179474    1.8849825    2080.2289   0.63983342   -3.4336444     2.574985  -0.85865938 
   35000    1.7134409    1.8976199    2075.7372   0.64121799   -3.4526881    2.5682303  -0.88445775 
   36000    1.7146228    1.7876046    2142.7032   0.62117797   -3.3354917    2.5700019   -0.7654898 
   37000    1.7252379    1.6234696     2126.927   0.62578545   -3.4256406    2.5859126  -0.83972802 
   38000    1.7238365     1.843611    2081.3343   0.63949362   -3.4707159     2.583812  -0.88690381 
   39000    1.7239508    1.8986259    2064.5712   0.64468594   -3.4737011    2.5839833   -0.8897178 
   40000    1.7014058    1.9088328    2133.0525   0.62398839   -3.2992367    2.5501912  -0.74904546 
   41000    1.7146452    1.8939281    2087.2562   0.63767927   -3.4429998    2.5700354  -0.87296435 
   42000    1.7143878    2.1693364    2064.0162   0.64485928   -3.4327575    2.5696496  -0.86310795 
   43000    1.7452307    2.0633467    2057.7555   0.64682125   -3.4600641    2.6158793  -0.84418482 
   44000    1.7385323    2.0139351     2110.177   0.63075278   -3.3436374    2.6058391  -0.73779834 
   45000    1.7131244    1.8540527    2108.4036   0.63128332   -3.3991177    2.5677559  -0.83136177 
   46000    1.6499948    1.9527969    2102.7113   0.63299226   -3.3754688    2.4731327  -0.90233616 
   47000    1.6945208    1.9924128    2082.2038   0.63922656   -3.4136634    2.5398716  -0.87379178 
   48000    1.7080356    2.1992911     2031.432   0.65520282   -3.4826849    2.5601285  -0.92255635 
   49000    1.7346296    2.0906031    2054.7944   0.64775337   -3.4827426    2.5999895  -0.88275312 
   50000    1.7200399    1.9426553    2094.8336   0.63537265   -3.4133741    2.5781213  -0.83525274 
Loop time of 36.423 on 1 procs for 50000 steps with 1331 atoms

Performance: 474426.070 tau/day, 1372.761 timesteps/s
99.8% CPU use with 1 MPI tasks x no OpenMP threads

MPI task timing breakdown:
Section |  min time  |  avg time  |  max time  |%varavg| %total
---------------------------------------------------------------
Pair    | 28.416     | 28.416     | 28.416     |   0.0 | 78.02
Neigh   | 4.5676     | 4.5676     | 4.5676     |   0.0 | 12.54
Comm    | 0.80618    | 0.80618    | 0.80618    |   0.0 |  2.21
Output  | 0.027299   | 0.027299   | 0.027299   |   0.0 |  0.07
Modify  | 2.4369     | 2.4369     | 2.4369     |   0.0 |  6.69
Other   |            | 0.1686     |            |       |  0.46

Nlocal:    1331 ave 1331 max 1331 min
Histogram: 1 0 0 0 0 0 0 0 0 0
Nghost:    2591 ave 2591 max 2591 min
Histogram: 1 0 0 0 0 0 0 0 0 0
Neighs:    38245 ave 38245 max 38245 min
Histogram: 1 0 0 0 0 0 0 0 0 0

Total # of neighbors = 38245
Ave neighs/atom = 28.734
Neighbor list builds = 2500
Dangerous builds not checked

write_restart lattice_11_11_11__2_2_2/sim1/T_1.70__P_1.90/end1.restart
Total wall time: 0:00:36
