run 50000
Neighbor list info ...
  update every 20 steps, delay 0 steps, check no
  max neighbors/atom: 2000, page size: 100000
  master list distance cutoff = 2.8
  ghost atom cutoff = 2.8
  binsize = 1.4, bins = 9 9 9
  1 neighbor lists, perpetual/occasional/extra = 1 0 0
  (1) pair lj/cut, perpetual
      attributes: half, newton on
      pair build: half/bin/atomonly/newton
      stencil: half/bin/3d/newton
      bin: standard
Per MPI rank memory allocation (min/avg/max) = 2.73 | 2.73 | 2.73 Mbytes
Step Temp Press TotEng 
       0          1.8    13.701055 -0.021099685 
    1000    1.9492293    4.9886996  -0.89533208 
    2000    1.7191605    4.2591411   -1.4065158 
    3000    1.8289406    4.4683009   -1.2009603 
    4000    1.8305724    4.3872876   -1.2111096 
    5000    1.7379999    4.3208653   -1.3534686 
    6000    1.8496413    4.5152806   -1.1509164 
    7000    1.7909217    4.2257272   -1.3142373 
    8000    1.7971481    4.4967967   -1.2372754 
    9000    1.8272238    4.4589151   -1.2191816 
   10000    1.7181099    4.2956466   -1.3837972 
   11000    1.8218128     4.307471   -1.2312314 
   12000    1.7997173    4.2522344   -1.2713838 
   13000     1.736364    4.3035772   -1.3396191 
   14000    1.8377013    4.3551624   -1.2197367 
   15000    1.8144187    3.9619555   -1.3351931 
   16000    1.8247198    4.4799459   -1.1900538 
   17000      1.76794    4.5432267   -1.2537442 
   18000    1.7763232    4.3833046   -1.2882974 
   19000    1.7914823    4.4383568   -1.2509145 
   20000    1.7894229    4.5322408   -1.2377121 
   21000    1.8036195    4.5529497   -1.2203649 
   22000    1.7512834     4.190579   -1.3577396 
   23000    1.8455713    4.5328948   -1.1536466 
   24000    1.8073418    4.3083593    -1.263446 
   25000    1.7988351    4.3152037   -1.2591659 
   26000    1.8384937    4.7947095   -1.1118032 
   27000    1.7967913    4.2273225   -1.3015361 
   28000    1.8423348    4.3483487   -1.2038657 
   29000    1.8428473    4.2958713   -1.2019916 
   30000    1.7917892    4.3878425   -1.2659006 
   31000    1.8154279    4.5398957   -1.1916758 
   32000    1.8108858     4.225423   -1.2775499 
   33000    1.7950833    4.3370046   -1.2746353 
   34000    1.8377077    4.3887085   -1.1980076 
   35000    1.7842208    4.4027265   -1.2681498 
   36000    1.7981979    4.3143715   -1.2597028 
   37000    1.8716456    4.3420062   -1.1747389 
   38000    1.7768051    4.1834032   -1.3519039 
   39000    1.8009853    4.3636542    -1.253062 
   40000    1.8166549    4.3835855   -1.2245546 
   41000    1.8145425    4.3059749     -1.23541 
   42000    1.7799734    4.2200803   -1.3159989 
   43000    1.8964969     4.379035   -1.1360746 
   44000    1.7866915    4.3108142   -1.3136333 
   45000    1.7643731    4.5415553   -1.2730993 
   46000    1.8326895     4.540365   -1.1778686 
   47000    1.6949573    4.3462092   -1.3895944 
   48000    1.8004489     4.421128   -1.2291288 
   49000    1.8392836    4.1466618   -1.2563495 
   50000    1.7314462    4.0748286    -1.426872 
Loop time of 34.4743 on 1 procs for 50000 steps with 1331 atoms

Performance: 501242.757 tau/day, 1450.355 timesteps/s
99.9% CPU use with 1 MPI tasks x no OpenMP threads

MPI task timing breakdown:
Section |  min time  |  avg time  |  max time  |%varavg| %total
---------------------------------------------------------------
Pair    | 28.326     | 28.326     | 28.326     |   0.0 | 82.16
Neigh   | 4.4332     | 4.4332     | 4.4332     |   0.0 | 12.86
Comm    | 0.70133    | 0.70133    | 0.70133    |   0.0 |  2.03
Output  | 0.025139   | 0.025139   | 0.025139   |   0.0 |  0.07
Modify  | 0.85409    | 0.85409    | 0.85409    |   0.0 |  2.48
Other   |            | 0.1351     |            |       |  0.39

Nlocal:    1331 ave 1331 max 1331 min
Histogram: 1 0 0 0 0 0 0 0 0 0
Nghost:    2886 ave 2886 max 2886 min
Histogram: 1 0 0 0 0 0 0 0 0 0
Neighs:    46038 ave 46038 max 46038 min
Histogram: 1 0 0 0 0 0 0 0 0 0

Total # of neighbors = 46038
Ave neighs/atom = 34.589
Neighbor list builds = 2500
Dangerous builds not checked

write_restart NVT/sim1/T_1.80__v_1.00/end1.restart
Total wall time: 0:00:34
