run 50000
Neighbor list info ...
  update every 20 steps, delay 0 steps, check no
  max neighbors/atom: 2000, page size: 100000
  master list distance cutoff = 2.8
  ghost atom cutoff = 2.8
  binsize = 1.4, bins = 16 16 16
  1 neighbor lists, perpetual/occasional/extra = 1 0 0
  (1) pair lj/cut, perpetual
      attributes: half, newton on
      pair build: half/bin/atomonly/newton
      stencil: half/bin/3d/newton
      bin: standard
Per MPI rank memory allocation (min/avg/max) = 2.7 | 2.7 | 2.7 Mbytes
Step Temp Press Volume Density PotEng KinEng TotEng 
       0          1.8    0.1794208        10648        0.125  -0.13561964    2.6979715    2.5623518 
    1000    2.5048346   0.57698898    6184.0577   0.21523085   -1.0861913     3.754429    2.6682378 
    2000    2.2144638   0.69315564    4395.4791   0.30281113   -1.5860756    3.3192001    1.7331245 
    3000    1.9665661   0.95149842    3388.6615   0.39278045   -2.0174841    2.9476329   0.93014882 
    4000    1.9130767    1.0933082    2778.4642   0.47904161   -2.5569483     2.867459   0.31051072 
    5000    1.8623531    1.3226631    2417.6989   0.55052347   -2.9599504    2.7914308  -0.16851958 
    6000    1.8010059    1.7910733    2223.4331    0.5986238    -3.191641    2.6994792  -0.49216181 
    7000    1.7582628    1.9074738    2138.0966   0.62251632   -3.2994814    2.6354127  -0.66406874 
    8000    1.7596475    2.0669934    2140.7712   0.62173856   -3.2705536    2.6374882   -0.6330654 
    9000    1.8009229    2.0089707    2166.8781   0.61424775   -3.2367378    2.6993548  -0.53738297 
   10000    1.8366611    1.7368997    2162.8895    0.6153805    -3.316042    2.7529218  -0.56312026 
   11000     1.830657    1.8536347     2141.196    0.6216152   -3.3460079    2.7439223  -0.60208556 
   12000    1.8104043     1.824062    2165.3091   0.61469285   -3.3069325    2.7135662  -0.59336633 
   13000    1.8533221    1.9713107    2178.9351   0.61084885   -3.2369989    2.7778944  -0.45910445 
   14000    1.7977785    2.0052175    2163.6195   0.61517285    -3.243343    2.6946417  -0.54870134 
   15000    1.7680604    1.8623749    2151.2944   0.61869728   -3.3136207    2.6500981  -0.66352267 
   16000    1.7825715    1.8494275    2167.7942   0.61398816   -3.2493152    2.6718483  -0.57746694 
   17000    1.7722523    1.8135856    2197.3563   0.60572788   -3.2231954    2.6563812  -0.56681414 
   18000    1.7572699    2.1463305    2143.1679   0.62104326    -3.236363    2.6339245  -0.60243855 
   19000    1.8448896    2.1268661    2124.8719   0.62639069   -3.2978193    2.7652552  -0.53256411 
   20000    1.8269899    1.9153073    2177.0428   0.61137981    -3.239102    2.7384258  -0.50067619 
   21000      1.78203    1.8425488    2193.0417   0.60691962   -3.2572393    2.6710368  -0.58620251 
   22000    1.7292998    1.9988917     2143.281   0.62101049   -3.2701358    2.5920008  -0.67813501 
   23000    1.7918449    2.1123161    2133.9222   0.62373407   -3.2671373     2.685748  -0.58138931 
   24000     1.841342    1.9303343     2171.015   0.61307728   -3.2595844    2.7599378  -0.49964662 
   25000    1.7654271    1.7997699    2163.5839   0.61518299   -3.2826721    2.6461511    -0.636521 
   26000    1.6950563    1.9051726    2138.6048   0.62236838   -3.3095625    2.5406741  -0.76888837 
   27000    1.7790138    1.6037797    2176.6468   0.61149103   -3.3149125    2.6665158  -0.64839675 
   28000    1.8430914    1.9284984    2156.1445   0.61730558   -3.2914342      2.76256  -0.52887416 
   29000    1.8115813    2.0681493    2143.7063    0.6208873   -3.2651092    2.7153304  -0.54977879 
   30000    1.7971769    1.9197113    2147.7815   0.61970921   -3.2889443      2.69374   -0.5952043 
   31000    1.7931881    1.7872226    2176.7788   0.61145396   -3.2709361    2.6877613   -0.5831748 
   32000    1.7736138    1.8805036    2202.5073   0.60431128   -3.1744405    2.6584219  -0.51601859 
   33000    1.8268876    1.8677899    2123.6129   0.62676205   -3.3765692    2.7382726   -0.6382966 
   34000    1.7889431    2.1259264    2128.9635   0.62518685   -3.2852491    2.6813985  -0.60385055 
   35000    1.7902068    1.9282335    2183.7935   0.60948986   -3.2053859    2.6832927  -0.52209314 
   36000    1.7659072    1.7987568    2201.9587   0.60446183   -3.2173677    2.6468706  -0.57049705 
   37000    1.7442939    1.7941084    2181.3523   0.61017196   -3.2470656     2.614475  -0.63259058 
   38000    1.7759723     1.904497    2124.9147   0.62637809   -3.3109906     2.661957  -0.64903367 
   39000    1.7812611    2.0853412    2074.2981   0.64166283     -3.40776    2.6698842  -0.73787585 
   40000    1.7911925    1.7719678    2150.8396    0.6188281   -3.3237221    2.6847701  -0.63895198 
   41000    1.7777436    1.7349338    2180.7905   0.61032914   -3.2231981    2.6646119  -0.55858614 
   42000    1.7842317    1.8020874    2175.9664   0.61168224   -3.2554919    2.6743368  -0.58115505 
   43000    1.8128417    1.9741867    2132.9729   0.62401168   -3.3374671    2.7172195  -0.62024755 
   44000     1.788078    1.8457762    2158.8315   0.61653724   -3.2955136     2.680102  -0.61541166 
   45000     1.800105    1.7750007    2185.8775   0.60890879   -3.2757458    2.6981288  -0.57761702 
   46000    1.8269626    1.7469285    2203.2014   0.60412089   -3.2132863     2.738385  -0.47490134 
   47000    1.8021521    2.1873537    2107.7159   0.63148928   -3.2990368    2.7011972  -0.59783955 
   48000    1.7637457    2.1139123     2152.899   0.61823615   -3.2257758    2.6436309  -0.58214495 
   49000     1.779187    1.7891385     2175.389   0.61184459   -3.2743065    2.6667754  -0.60753107 
   50000    1.7339323    1.8767717    2173.6816   0.61232518   -3.2507268    2.5989444  -0.65178238 
Loop time of 36.0599 on 1 procs for 50000 steps with 1331 atoms

Performance: 479202.538 tau/day, 1386.581 timesteps/s
99.9% CPU use with 1 MPI tasks x no OpenMP threads

MPI task timing breakdown:
Section |  min time  |  avg time  |  max time  |%varavg| %total
---------------------------------------------------------------
Pair    | 27.976     | 27.976     | 27.976     |   0.0 | 77.58
Neigh   | 4.5933     | 4.5933     | 4.5933     |   0.0 | 12.74
Comm    | 0.81587    | 0.81587    | 0.81587    |   0.0 |  2.26
Output  | 0.026926   | 0.026926   | 0.026926   |   0.0 |  0.07
Modify  | 2.4784     | 2.4784     | 2.4784     |   0.0 |  6.87
Other   |            | 0.1695     |            |       |  0.47

Nlocal:    1331 ave 1331 max 1331 min
Histogram: 1 0 0 0 0 0 0 0 0 0
Nghost:    2599 ave 2599 max 2599 min
Histogram: 1 0 0 0 0 0 0 0 0 0
Neighs:    36870 ave 36870 max 36870 min
Histogram: 1 0 0 0 0 0 0 0 0 0

Total # of neighbors = 36870
Ave neighs/atom = 27.701
Neighbor list builds = 2500
Dangerous builds not checked

write_restart lattice_11_11_11__2_2_2/sim1/T_1.80__P_1.90/end1.restart
Total wall time: 0:00:36
