run 50000
Neighbor list info ...
  update every 20 steps, delay 0 steps, check no
  max neighbors/atom: 2000, page size: 100000
  master list distance cutoff = 2.8
  ghost atom cutoff = 2.8
  binsize = 1.4, bins = 16 16 16
  1 neighbor lists, perpetual/occasional/extra = 1 0 0
  (1) pair lj/cut, perpetual
      attributes: half, newton on
      pair build: half/bin/atomonly/newton
      stencil: half/bin/3d/newton
      bin: standard
Per MPI rank memory allocation (min/avg/max) = 2.7 | 2.7 | 2.7 Mbytes
Step Temp Press Volume Density PotEng KinEng TotEng 
       0          1.2   0.10447715        10648        0.125  -0.13561964    1.7986476     1.663028 
    1000    1.8164202   0.32721763    6005.0357   0.22164731   -1.2266414    2.7225833    1.4959419 
    2000    1.5538934   0.36779009    4151.2384   0.32062722   -1.8088709    2.3290889   0.52021807 
    3000    1.3834564   0.46429922    3104.9932   0.42866438   -2.4084554    2.0736255  -0.33482985 
    4000    1.3630964   0.48219609    2466.7191   0.53958312    -3.097502    2.0431085   -1.0543935 
    5000    1.2750774    0.9617512    2090.5882   0.63666293   -3.5842997    1.9111792   -1.6731206 
    6000    1.2185758    1.1919604    1911.8137   0.69619753   -3.9877786    1.8264904   -2.1612883 
    7000    1.1786536    1.2565439    1831.5429   0.72670972   -4.1957699     1.766652   -2.4291178 
    8000    1.1722564    1.5000726    1826.7804   0.72860427   -4.1708211    1.7570635   -2.4137576 
    9000    1.2319443    1.3680081      1859.56   0.71576074   -4.0865565    1.8465281   -2.2400285 
   10000    1.1852242    1.4812438    1854.6229   0.71766611   -4.0808751    1.7765005   -2.3043746 
   11000    1.1872149    1.2283905    1838.1092   0.72411365   -4.1890033    1.7794844   -2.4095189 
   12000    1.2058828    1.2220971    1853.1875     0.718222   -4.1518273    1.8074652   -2.3443621 
   13000    1.2309207    1.2117186    1865.9753    0.7132999   -4.1145047    1.8449938   -2.2695109 
   14000    1.1893908    1.3647666    1857.3199   0.71662398   -4.1029044    1.7827458   -2.3201587 
   15000     1.182923    1.3714003    1848.8018   0.71992575   -4.1345728    1.7730514   -2.3615214 
   16000    1.1943836    1.3366741    1851.9286   0.71871023   -4.1232585    1.7902293   -2.3330291 
   17000    1.1704139    1.1958695    1876.9451   0.70913102   -4.0681743    1.7543019   -2.3138724 
   18000    1.1603331    1.2911617    1881.7792   0.70730934   -4.0636849    1.7391919   -2.3244929 
   19000    1.1487208    1.3417357    1852.8131    0.7183671   -4.1037435    1.7217866   -2.3819569 
   20000    1.1877925    1.5167133     1828.359   0.72797521   -4.1626739    1.7803502   -2.3823238 
   21000     1.200937    1.5719089    1855.8808   0.71717966   -4.0469794    1.8000521   -2.2469273 
   22000     1.203602    1.4918234    1862.8463   0.71449803    -4.076304    1.8040466   -2.2722574 
   23000    1.1892197    1.1749349    1845.7816   0.72110372   -4.1771637    1.7824894   -2.3946743 
   24000     1.191943    1.4070386    1839.6575   0.72350423   -4.1278991    1.7865713   -2.3413279 
   25000    1.2612059    1.3019738    1856.7568   0.71684133   -4.1179036    1.8903875    -2.227516 
   26000    1.1900823    1.4879865    1853.1444   0.71823869   -4.0898407    1.7837823   -2.3060583 
   27000    1.1890237     1.515993    1833.4678   0.72594677   -4.1445024    1.7821956   -2.3623068 
   28000    1.1989821    1.6196908    1826.5469   0.72869743   -4.1433675     1.797122   -2.3462455 
   29000    1.2441881    1.4437118    1853.2907   0.71818201   -4.1008882    1.8648801   -2.2360081 
   30000    1.2155824    1.5852408     1839.161   0.72369955   -4.1046925    1.8220037   -2.2826887 
   31000    1.2300573    1.6037279    1824.6145   0.72946917   -4.1803615    1.8436997   -2.3366618 
   32000      1.21972    1.6058432    1833.5604   0.72591009   -4.1253622    1.8282054   -2.2971568 
   33000    1.2319732    1.6316717    1840.5375    0.7231583     -4.11824    1.8465713   -2.2716686 
   34000     1.206342    1.6946868    1825.9286   0.72894415   -4.1255821    1.8081535   -2.3174286 
   35000    1.2280257    1.5807191    1820.5346   0.73110393   -4.1877387    1.8406547    -2.347084 
   36000    1.2136665    1.3143336    1864.8095   0.71374583   -4.0759979    1.8191319   -2.2568659 
   37000    1.2232514    1.3157865    1854.8762   0.71756812    -4.126744    1.8334985   -2.2932455 
   38000    1.1929197    1.4050795     1846.977   0.72063702   -4.1291968    1.7880351   -2.3411617 
   39000    1.2191028    1.5367205    1848.6478   0.71998569   -4.0903263    1.8272803    -2.263046 
   40000    1.2687357    1.5194833    1865.8768   0.71333757   -4.0622828    1.9016738   -2.1606091 
   41000    1.2512792    1.5679153    1832.8235   0.72620196   -4.1394839    1.8755086   -2.2639752 
   42000    1.1901736    1.5147483    1836.0907   0.72490972   -4.1225919    1.7839192   -2.3386727 
   43000    1.1783715    1.3562942    1859.9622   0.71560595    -4.080436    1.7662292   -2.3142068 
   44000    1.2020417    1.1311439     1883.632   0.70661359   -4.0812112     1.801708   -2.2795032 
   45000    1.1507605    1.3014989    1850.0176   0.71945262   -4.1296602    1.7248439   -2.4048163 
   46000    1.1803849    1.2768109    1854.5582   0.71769116   -4.1567313    1.7692471   -2.3874841 
   47000    1.2093324     1.255499    1867.8976   0.71256584   -4.0982869    1.8126358   -2.2856511 
   48000    1.1746529    1.3590197      1864.74   0.71377244     -4.07972    1.7606556   -2.3190644 
   49000     1.159626    1.3043516    1842.7274   0.72229893   -4.1576569    1.7381322   -2.4195247 
   50000    1.1836975     1.438829    1855.7686   0.71722306   -4.0907653    1.7742123    -2.316553 
Loop time of 38.6156 on 1 procs for 50000 steps with 1331 atoms

Performance: 447487.107 tau/day, 1294.812 timesteps/s
99.7% CPU use with 1 MPI tasks x no OpenMP threads

MPI task timing breakdown:
Section |  min time  |  avg time  |  max time  |%varavg| %total
---------------------------------------------------------------
Pair    | 30.354     | 30.354     | 30.354     |   0.0 | 78.60
Neigh   | 4.9569     | 4.9569     | 4.9569     |   0.0 | 12.84
Comm    | 0.79412    | 0.79412    | 0.79412    |   0.0 |  2.06
Output  | 0.026608   | 0.026608   | 0.026608   |   0.0 |  0.07
Modify  | 2.3164     | 2.3164     | 2.3164     |   0.0 |  6.00
Other   |            | 0.168      |            |       |  0.44

Nlocal:    1331 ave 1331 max 1331 min
Histogram: 1 0 0 0 0 0 0 0 0 0
Nghost:    2839 ave 2839 max 2839 min
Histogram: 1 0 0 0 0 0 0 0 0 0
Neighs:    43002 ave 43002 max 43002 min
Histogram: 1 0 0 0 0 0 0 0 0 0

Total # of neighbors = 43002
Ave neighs/atom = 32.308
Neighbor list builds = 2500
Dangerous builds not checked

write_restart lattice_11_11_11__2_2_2/sim1/T_1.20__P_1.40/end1.restart
Total wall time: 0:00:38
