run 50000
Neighbor list info ...
  update every 20 steps, delay 0 steps, check no
  max neighbors/atom: 2000, page size: 100000
  master list distance cutoff = 2.8
  ghost atom cutoff = 2.8
  binsize = 1.4, bins = 16 16 16
  1 neighbor lists, perpetual/occasional/extra = 1 0 0
  (1) pair lj/cut, perpetual
      attributes: half, newton on
      pair build: half/bin/atomonly/newton
      stencil: half/bin/3d/newton
      bin: standard
Per MPI rank memory allocation (min/avg/max) = 2.7 | 2.7 | 2.7 Mbytes
Step Temp Press Volume Density PotEng KinEng TotEng 
       0          1.3   0.11696776        10648        0.125  -0.13561964    1.9485349    1.8129153 
    1000    1.9619338   0.37629247    5832.4996   0.22820405   -1.2260089    2.9406897    1.7146809 
    2000     1.712049   0.47493529    4003.2668   0.33247846   -1.8228176     2.566144   0.74332646 
    3000    1.5456202   0.48039448    2990.0183   0.44514778   -2.4878145    2.3166884  -0.17112605 
    4000    1.4389367   0.90777228    2386.2808   0.55777174   -3.0875596    2.1567834  -0.93077617 
    5000     1.397568    1.2323829    2054.8526   0.64773502   -3.6531728    2.0947769   -1.5583959 
    6000    1.2759251    1.6293068    1893.5521   0.70291174   -3.9488578    1.9124498    -2.036408 
    7000    1.2633205    1.7805691    1832.8579   0.72618833   -4.1077187     1.893557   -2.2141617 
    8000    1.2731433    1.8902354    1844.4371   0.72162939   -4.0101442    1.9082801   -2.1018641 
    9000    1.3010521    1.8444613    1873.2179   0.71054201   -3.9547135    1.9501119   -2.0046016 
   10000    1.2668552    1.7702767    1860.8745   0.71525511   -4.0070578    1.8988551   -2.1082027 
   11000    1.2755001    1.6825579    1844.7658   0.72150079   -4.0770629    1.9118127   -2.1652502 
   12000    1.2759645    1.7572551    1855.4312   0.71735345   -4.0310885    1.9125088   -2.1185797 
   13000    1.3250671    1.5236686    1875.9986    0.7094888   -4.0192451    1.9861074   -2.0331378 
   14000    1.2895119    1.7300146    1861.4085    0.7150499   -4.0218357    1.9328146   -2.0890211 
   15000    1.3010324    2.0524216    1833.7285   0.72584356   -4.0530804    1.9500824    -2.102998 
   16000    1.3195873    1.9989435    1830.4935   0.72712631   -4.0620205    1.9778939   -2.0841266 
   17000    1.3408177    1.9693798    1833.7941   0.72581758   -4.0518806    2.0097155   -2.0421651 
   18000     1.349748    1.7138606    1845.9142   0.72105194   -4.0747451    2.0231009   -2.0516442 
   19000    1.2794048     1.893099    1848.7951   0.71992835   -4.0180251    1.9176653   -2.1003598 
   20000    1.3219681    1.8483767    1848.4023   0.72008134   -4.0344692    1.9814624   -2.0530068 
   21000    1.3178233    1.6282244    1852.5837   0.71845605   -4.0691619    1.9752498   -2.0939121 
   22000    1.2811035    1.7510685    1842.9804   0.72219975   -4.0601095    1.9202115    -2.139898 
   23000    1.3119697    1.7021368    1847.5529   0.72041238   -4.0801112     1.966476   -2.1136352 
   24000    1.3412814    1.6785198    1858.3037   0.71624461   -4.0488144    2.0104105   -2.0384038 
   25000    1.2982953    1.6744138     1855.182   0.71744984   -4.0500394    1.9459798   -2.1040595 
   26000    1.2680571    1.7838154    1848.2436   0.72014317   -4.0438819    1.9006565   -2.1432254 
   27000     1.258176    1.7257557    1862.2185   0.71473892   -3.9986967    1.8858461   -2.1128505 
   28000    1.3057091     1.649902    1873.7725    0.7103317   -3.9945716    1.9570921   -2.0374795 
   29000    1.2678806    1.8278617    1837.8011   0.72423507    -4.076813     1.900392    -2.176421 
   30000     1.286005    1.6927435    1849.3322   0.71971926   -4.0587395    1.9275582   -2.1311814 
   31000    1.3184137    1.7188755    1859.2294   0.71588798   -4.0199686    1.9761347   -2.0438338 
   32000    1.3201976    1.6692709     1856.114   0.71708959   -4.0451455    1.9788086   -2.0663369 
   33000    1.3356132    1.7084933    1826.5021   0.72871529   -4.1398255    2.0019145    -2.137911 
   34000    1.2802921    1.9539527    1832.7589   0.72622755   -4.0617838    1.9189953   -2.1427885 
   35000    1.3263806    1.6565691    1857.2483    0.7166516    -4.044073    1.9880761   -2.0559969 
   36000    1.3034482    1.9032535    1850.4338   0.71929078   -4.0103035    1.9537034   -2.0566001 
   37000    1.2794069    1.8230367    1825.5552   0.72909325   -4.1166705    1.9176685    -2.199002 
   38000    1.2668755    1.7163634    1835.8856   0.72499071   -4.0904986    1.8988854   -2.1916131 
   39000    1.2668029      1.67762    1859.7329   0.71569416   -4.0140942    1.8987767   -2.1153175 
   40000    1.3281612    1.5361423    1870.1967   0.71168984   -4.0552083     1.990745   -2.0644632 
   41000    1.3036422    1.6956775    1865.2279   0.71358571   -4.0177973    1.9539942   -2.0638031 
   42000    1.2628248    1.7684631    1843.4918   0.72199941   -4.0554467    1.8928141   -2.1626327 
   43000    1.3124615    1.4050508    1855.7821   0.71721781   -4.1073043    1.9672132   -2.1400911 
   44000    1.3085347    1.7479425    1873.1171   0.71058023   -4.0039523    1.9613273   -2.0426249 
   45000    1.2678142    1.7750421    1855.2688   0.71741625   -4.0385049    1.9002924   -2.1382125 
   46000    1.2846357    1.5593888    1859.5568   0.71576194   -4.0700641    1.9255059   -2.1445583 
   47000    1.2722442    1.7492366    1883.1364   0.70679957   -3.9447598    1.9069326   -2.0378272 
   48000    1.2746297    1.5001416    1868.9323   0.71217131   -4.0379683    1.9105081   -2.1274602 
   49000    1.2789567    1.7440169    1851.0172   0.71906408   -4.0514734    1.9169937   -2.1344796 
   50000    1.3094977    1.5146822    1886.9292   0.70537886   -3.9828722    1.9627708   -2.0201014 
Loop time of 39.8478 on 1 procs for 50000 steps with 1331 atoms

Performance: 433650.537 tau/day, 1254.776 timesteps/s
99.9% CPU use with 1 MPI tasks x no OpenMP threads

MPI task timing breakdown:
Section |  min time  |  avg time  |  max time  |%varavg| %total
---------------------------------------------------------------
Pair    | 31.287     | 31.287     | 31.287     |   0.0 | 78.52
Neigh   | 5.0734     | 5.0734     | 5.0734     |   0.0 | 12.73
Comm    | 0.84743    | 0.84743    | 0.84743    |   0.0 |  2.13
Output  | 0.027245   | 0.027245   | 0.027245   |   0.0 |  0.07
Modify  | 2.4272     | 2.4272     | 2.4272     |   0.0 |  6.09
Other   |            | 0.1858     |            |       |  0.47

Nlocal:    1331 ave 1331 max 1331 min
Histogram: 1 0 0 0 0 0 0 0 0 0
Nghost:    2756 ave 2756 max 2756 min
Histogram: 1 0 0 0 0 0 0 0 0 0
Neighs:    42368 ave 42368 max 42368 min
Histogram: 1 0 0 0 0 0 0 0 0 0

Total # of neighbors = 42368
Ave neighs/atom = 31.8317
Neighbor list builds = 2500
Dangerous builds not checked

write_restart lattice_11_11_11__2_2_2/sim1/T_1.30__P_1.70/end1.restart
Total wall time: 0:00:39
