run 50000
Neighbor list info ...
  update every 20 steps, delay 0 steps, check no
  max neighbors/atom: 2000, page size: 100000
  master list distance cutoff = 2.8
  ghost atom cutoff = 2.8
  binsize = 1.4, bins = 11 11 11
  1 neighbor lists, perpetual/occasional/extra = 1 0 0
  (1) pair lj/cut, perpetual
      attributes: half, newton on
      pair build: half/bin/atomonly/newton
      stencil: half/bin/3d/newton
      bin: standard
Per MPI rank memory allocation (min/avg/max) = 2.735 | 2.735 | 2.735 Mbytes
Step Temp Press TotEng 
       0          0.7   -1.2537664   -1.1776595 
    1000    0.8673677 -0.043668096   -1.5740263 
    2000   0.79713055 -0.062127296   -2.0473263 
    3000   0.72522268  -0.09275557   -2.4401069 
    4000   0.73919741 -0.029551908   -2.7679898 
    5000   0.71308933 -0.037467559   -3.0320164 
    6000   0.67577178  -0.06344502   -3.1293595 
    7000   0.70844703 -0.010280986   -3.0318316 
    8000   0.69088104 -0.064545466   -2.9889461 
    9000   0.68552616 -0.069712103   -3.0676226 
   10000   0.68227779 -0.062702684   -3.1323774 
   11000   0.69709537 -0.006021063   -3.0995182 
   12000   0.69904834 -0.060003695   -3.0541232 
   13000   0.70672263  -0.12880571   -3.0194886 
   14000   0.70339248 -0.054426306   -3.0466043 
   15000    0.6829646 -0.029944737    -3.130565 
   16000   0.68854085 -0.017390024   -3.0904228 
   17000   0.69730193  -0.11594574   -3.0646922 
   18000   0.70587815 -0.047971843   -3.1641762 
   19000   0.66118326  -0.10535579   -3.1739205 
   20000    0.7037558 -0.041181079   -3.0999035 
   21000   0.68303619 0.0012616443   -3.1673094 
   22000   0.70274084  0.040298629    -3.159138 
   23000   0.70611831 -0.029490481   -3.0796606 
   24000    0.7060851  0.022548346   -3.0852022 
   25000   0.69883153 -0.035471616   -3.1608802 
   26000   0.67677429 -0.006229991   -3.1355775 
   27000   0.70446682 -0.084786023   -3.0610953 
   28000   0.72716936 -0.032275607   -3.0573073 
   29000   0.70127581 -0.092862039   -3.1120634 
   30000   0.68385912 -0.012837665    -3.188559 
   31000   0.70432936  0.024508966   -3.2014539 
   32000   0.69586582 -0.044678304   -3.1916813 
   33000   0.71381319  0.026538554   -3.1619655 
   34000    0.6887841 0.00056020645   -3.2055826 
   35000   0.69287336 -0.085869136   -3.1540827 
   36000   0.69748032 -0.0050698396   -3.1195695 
   37000   0.68239699 -0.068378351   -3.1990131 
   38000   0.69739215 0.0005116071   -3.2108551 
   39000   0.71245046 -0.071214229   -3.2012426 
   40000   0.72564686 -0.031819112   -3.1373067 
   41000   0.66622946 0.0029299367   -3.1628606 
   42000   0.72092505 -0.083662619   -3.1313296 
   43000   0.67543822 -0.033443426   -3.2025508 
   44000   0.68201798 -0.089082715   -3.1665215 
   45000   0.70881735 -0.010064229   -3.1298957 
   46000   0.71530509  -0.12623227   -3.0994825 
   47000   0.68219723 -0.076810538   -3.1653686 
   48000   0.70616394 -0.013564762   -3.1949911 
   49000   0.72448235  0.044676769   -3.1188403 
   50000   0.72661022 -0.026526371    -3.076902 
Loop time of 27.0915 on 1 procs for 50000 steps with 1331 atoms

Performance: 637838.778 tau/day, 1845.598 timesteps/s
99.9% CPU use with 1 MPI tasks x no OpenMP threads

MPI task timing breakdown:
Section |  min time  |  avg time  |  max time  |%varavg| %total
---------------------------------------------------------------
Pair    | 21.97      | 21.97      | 21.97      |   0.0 | 81.09
Neigh   | 3.8424     | 3.8424     | 3.8424     |   0.0 | 14.18
Comm    | 0.31436    | 0.31436    | 0.31436    |   0.0 |  1.16
Output  | 0.024009   | 0.024009   | 0.024009   |   0.0 |  0.09
Modify  | 0.85139    | 0.85139    | 0.85139    |   0.0 |  3.14
Other   |            | 0.08964    |            |       |  0.33

Nlocal:    1331 ave 1331 max 1331 min
Histogram: 1 0 0 0 0 0 0 0 0 0
Nghost:    1239 ave 1239 max 1239 min
Histogram: 1 0 0 0 0 0 0 0 0 0
Neighs:    37856 ave 37856 max 37856 min
Histogram: 1 0 0 0 0 0 0 0 0 0

Total # of neighbors = 37856
Ave neighs/atom = 28.4418
Neighbor list builds = 2500
Dangerous builds not checked

write_restart NVT/sim1/T_0.70__v_2.20/end1.restart
Total wall time: 0:00:27
