run 50000
Neighbor list info ...
  update every 20 steps, delay 0 steps, check no
  max neighbors/atom: 2000, page size: 100000
  master list distance cutoff = 2.8
  ghost atom cutoff = 2.8
  binsize = 1.4, bins = 16 16 16
  1 neighbor lists, perpetual/occasional/extra = 1 0 0
  (1) pair lj/cut, perpetual
      attributes: half, newton on
      pair build: half/bin/atomonly/newton
      stencil: half/bin/3d/newton
      bin: standard
Per MPI rank memory allocation (min/avg/max) = 2.7 | 2.7 | 2.7 Mbytes
Step Temp Press TotEng 
       0          1.8    0.1794208    2.5623518 
    1000    1.8564828   0.19652979    2.0947566 
    2000     1.733631   0.19312923    1.8889145 
    3000    1.8746211   0.19579458    2.0776113 
    4000    1.7541655   0.17734868    1.9149843 
    5000    1.8380879   0.21636353    2.0741345 
    6000    1.7593329   0.18636487    1.9248803 
    7000    1.8055206    0.2156097    2.0109516 
    8000    1.7361094   0.19195321     1.900603 
    9000    1.8365033   0.21462713    2.0402941 
   10000     1.800071   0.19246336    1.9606083 
   11000    1.7818494   0.20302096    1.9671053 
   12000    1.8245144   0.19362413    2.0131872 
   13000    1.7782983   0.20524368    1.9524785 
   14000    1.8636388   0.23692928    2.1046091 
   15000    1.7451256   0.20493323    1.9102969 
   16000    1.8060068   0.20600649    2.0225085 
   17000    1.7668564   0.19809411    1.9340601 
   18000    1.7988619   0.21152043    1.9691214 
   19000    1.8221757   0.19180693    2.0130741 
   20000    1.7076506   0.19388771    1.8561096 
   21000    1.8397112   0.19998528    2.0357197 
   22000    1.7693342   0.18841568    1.9135858 
   23000    1.8777511   0.19779493    2.0702037 
   24000     1.823998   0.18547018    2.0031002 
   25000    1.7795422   0.21091182    1.9454437 
   26000    1.8668071   0.22694392    2.1121254 
   27000    1.7743157   0.20224656    1.9329279 
   28000    1.8414043   0.19781183    2.0617299 
   29000    1.7151721   0.18904304    1.8651731 
   30000    1.8008413    0.2033169    2.0127788 
   31000    1.7985868   0.18265114    1.9548714 
   32000    1.8091157   0.19759113    1.9787906 
   33000    1.8183529   0.19981281    1.9848712 
   34000    1.7634527   0.19240147    1.9388734 
   35000    1.8423086   0.20382777     2.026257 
   36000    1.7136139   0.19806433     1.855312 
   37000    1.8292225   0.20952283    2.0417414 
   38000      1.74406   0.19183273    1.8911572 
   39000    1.8728916   0.21109669    2.1009082 
   40000    1.7879985   0.19306916     1.954267 
   41000    1.8278649    0.2034609    2.0228992 
   42000    1.8112548   0.21738719    2.0075469 
   43000    1.8198822   0.19727449    1.9883168 
   44000    1.7989787   0.18967582    1.9567328 
   45000    1.7780162   0.18160596    1.9104269 
   46000    1.8051768   0.21808938    1.9896917 
   47000    1.7375928   0.20663922    1.8909419 
   48000    1.8345007   0.23431376    2.0601902 
   49000    1.7737851   0.17267578    1.9404893 
   50000    1.7852493   0.19801402    1.9770466 
Loop time of 8.69282 on 1 procs for 50000 steps with 1331 atoms

Performance: 1987848.433 tau/day, 5751.876 timesteps/s
99.7% CPU use with 1 MPI tasks x no OpenMP threads

MPI task timing breakdown:
Section |  min time  |  avg time  |  max time  |%varavg| %total
---------------------------------------------------------------
Pair    | 5.3812     | 5.3812     | 5.3812     |   0.0 | 61.90
Neigh   | 1.9826     | 1.9826     | 1.9826     |   0.0 | 22.81
Comm    | 0.36365    | 0.36365    | 0.36365    |   0.0 |  4.18
Output  | 0.02329    | 0.02329    | 0.02329    |   0.0 |  0.27
Modify  | 0.84938    | 0.84938    | 0.84938    |   0.0 |  9.77
Other   |            | 0.09265    |            |       |  1.07

Nlocal:    1331 ave 1331 max 1331 min
Histogram: 1 0 0 0 0 0 0 0 0 0
Nghost:    1281 ave 1281 max 1281 min
Histogram: 1 0 0 0 0 0 0 0 0 0
Neighs:    7866 ave 7866 max 7866 min
Histogram: 1 0 0 0 0 0 0 0 0 0

Total # of neighbors = 7866
Ave neighs/atom = 5.90984
Neighbor list builds = 2500
Dangerous builds not checked

write_restart NVT/sim1/T_1.80__v_8.00/end1.restart
Total wall time: 0:00:08
