run 50000
Neighbor list info ...
  update every 20 steps, delay 0 steps, check no
  max neighbors/atom: 2000, page size: 100000
  master list distance cutoff = 2.8
  ghost atom cutoff = 2.8
  binsize = 1.4, bins = 17 17 17
  1 neighbor lists, perpetual/occasional/extra = 1 0 0
  (1) pair lj/cut, perpetual
      attributes: half, newton on
      pair build: half/bin/atomonly/newton
      stencil: half/bin/3d/newton
      bin: standard
Per MPI rank memory allocation (min/avg/max) = 2.705 | 2.705 | 2.705 Mbytes
Step Temp Press TotEng 
       0          0.1 -0.019861633  0.056346105 
    1000   0.37550023 -0.0095198805   -0.4912751 
    2000   0.38457069 -0.012535691   -1.5184172 
    3000   0.32592518 -0.029191752   -2.6310973 
    4000   0.23735541 -0.0019463819    -3.430948 
    5000   0.16295136 -0.0065300397   -3.9131332 
    6000    0.1162869 -0.00015078395   -4.1657263 
    7000   0.10598981 0.0039272725   -4.3085785 
    8000  0.097667488 -0.004525128   -4.3945934 
    9000    0.1000191 -0.0085940015   -4.4380864 
   10000    0.1007749 0.0037603562   -4.4870379 
   11000   0.10054372 0.0063626727   -4.5321998 
   12000   0.10061129 0.0015784498   -4.5615529 
   13000   0.10038922 0.00075281377   -4.5725471 
   14000   0.10277211 0.0041335867   -4.5830202 
   15000   0.10075497 0.0046230975   -4.6031739 
   16000    0.1003003 -0.0029819437   -4.6218175 
   17000    0.1014622 -0.0063757924    -4.630509 
   18000   0.10231071 0.00051400816   -4.6426675 
   19000  0.094680129 -0.0022713207   -4.6701354 
   20000  0.099103328 -0.0033348637   -4.6818312 
   21000  0.097710287 0.0096743935   -4.6851361 
   22000   0.10136392 0.0035308122   -4.6882872 
   23000   0.10045328 -0.0013416707   -4.6975522 
   24000  0.097732781 0.0095775056    -4.703888 
   25000   0.10038671 -0.0054815354   -4.7073243 
   26000   0.10071974 0.0016205022   -4.7227294 
   27000  0.097262562 -0.00010316854   -4.7329468 
   28000   0.10206961 0.00047420504   -4.7203329 
   29000   0.10284156 -0.0036497642   -4.7210954 
   30000  0.097169877 -0.0015040177   -4.7367387 
   31000   0.10507854 -0.00062772608    -4.728805 
   32000   0.10194009 -0.0013601845   -4.7264395 
   33000  0.098909728  0.011608933   -4.7391874 
   34000   0.10001587 -0.0055121376   -4.7330199 
   35000   0.10169625 0.0022289081   -4.7335096 
   36000  0.098668004 0.0028706503   -4.7510386 
   37000   0.10114938 -0.0060363243    -4.750446 
   38000   0.10314705 0.0082162497   -4.7462881 
   39000   0.10119133  -0.01082297   -4.7584947 
   40000  0.097289787 0.0090293092   -4.7568771 
   41000   0.10326345 -0.0021798604   -4.7511195 
   42000   0.10038766 -0.0048763336   -4.7680329 
   43000  0.098293045  0.011652883   -4.7746648 
   44000   0.10262799 0.00079464258   -4.7615098 
   45000    0.1013375 0.0027679607   -4.7705681 
   46000  0.097563792 -0.007990381   -4.7862279 
   47000  0.099355071 -0.0010124905   -4.7729662 
   48000   0.10218693   0.00240432   -4.7657273 
   49000  0.096907123 0.0030748926   -4.7854258 
   50000  0.095791741 -0.0004284806   -4.7932651 
Loop time of 19.9708 on 1 procs for 50000 steps with 1331 atoms

Performance: 865263.214 tau/day, 2503.655 timesteps/s
99.8% CPU use with 1 MPI tasks x no OpenMP threads

MPI task timing breakdown:
Section |  min time  |  avg time  |  max time  |%varavg| %total
---------------------------------------------------------------
Pair    | 16.326     | 16.326     | 16.326     |   0.0 | 81.75
Neigh   | 2.2911     | 2.2911     | 2.2911     |   0.0 | 11.47
Comm    | 0.37014    | 0.37014    | 0.37014    |   0.0 |  1.85
Output  | 0.027367   | 0.027367   | 0.027367   |   0.0 |  0.14
Modify  | 0.85738    | 0.85738    | 0.85738    |   0.0 |  4.29
Other   |            | 0.09874    |            |       |  0.49

Nlocal:    1331 ave 1331 max 1331 min
Histogram: 1 0 0 0 0 0 0 0 0 0
Nghost:    1606 ave 1606 max 1606 min
Histogram: 1 0 0 0 0 0 0 0 0 0
Neighs:    30617 ave 30617 max 30617 min
Histogram: 1 0 0 0 0 0 0 0 0 0

Total # of neighbors = 30617
Ave neighs/atom = 23.003
Neighbor list builds = 2500
Dangerous builds not checked

write_restart NVT/sim1/T_0.10__v_9.26/end1.restart
Total wall time: 0:00:19
