run 50000
Neighbor list info ...
  update every 20 steps, delay 0 steps, check no
  max neighbors/atom: 2000, page size: 100000
  master list distance cutoff = 2.8
  ghost atom cutoff = 2.8
  binsize = 1.4, bins = 16 16 16
  1 neighbor lists, perpetual/occasional/extra = 1 0 0
  (1) pair lj/cut, perpetual
      attributes: half, newton on
      pair build: half/bin/atomonly/newton
      stencil: half/bin/3d/newton
      bin: standard
Per MPI rank memory allocation (min/avg/max) = 2.711 | 2.711 | 2.711 Mbytes
Step Temp Press TotEng 
       0          1.9   0.20429915    2.6530772 
    1000    1.9374463   0.26169341     2.143189 
    2000    1.8580122   0.22407527    1.9630022 
    3000    1.9541065   0.25052105    2.1445309 
    4000    1.8481778     0.229534    1.9617681 
    5000    1.9536829   0.26561619    2.1429102 
    6000    1.8976072   0.24718483    2.0354987 
    7000     1.894333   0.24696739    2.0727536 
    8000    1.8373726   0.23685473    1.9335927 
    9000    1.9131192   0.23100833    2.0403266 
   10000    1.9291816   0.26819673    2.0753102 
   11000     1.829747   0.26740312    1.9456036 
   12000     1.928446   0.26640445    2.1152302 
   13000    1.8596497   0.27336531    1.9836889 
   14000    1.9853921   0.27376214     2.214304 
   15000    1.9015679   0.23982364     2.020061 
   16000      1.89609   0.25070985    2.0855738 
   17000    1.8642052   0.24179766    2.0090883 
   18000     1.873666   0.26041206     2.020003 
   19000    1.9109232   0.25777503    2.0650121 
   20000    1.8510949   0.22852484      1.95548 
   21000    1.9447646   0.25577808    2.0879527 
   22000     1.876147   0.23857742    2.0150393 
   23000    1.9297502   0.25777513    2.1161069 
   24000    1.9186707   0.25603874      2.06689 
   25000    1.8915318   0.26981944    2.0307591 
   26000    1.9158134   0.28157869    2.0838272 
   27000    1.8539244   0.23285942    1.9656259 
   28000    1.9754219   0.25194683    2.1565684 
   29000    1.8631319   0.23108117    2.0211942 
   30000    1.9085076    0.2553907    2.0813601 
   31000    1.8725027   0.22995393    2.0230722 
   32000     1.859626   0.26369223    2.0051446 
   33000     1.961992   0.24248618    2.1201944 
   34000    1.8289371   0.25247444    1.9490284 
   35000     1.937236   0.24774559    2.0995026 
   36000    1.8370665   0.21423555    1.9526821 
   37000    1.9500271   0.24782202    2.1407562 
   38000     1.884549   0.25915776    2.0241184 
   39000    1.9453392   0.27038966    2.1234977 
   40000    1.8964462   0.25257344     2.045078 
   41000    1.9042993     0.225869    2.0476513 
   42000     1.888817   0.25686108     2.038712 
   43000     1.856578   0.25641587    1.9936554 
   44000    1.8989207   0.24454811    2.0682946 
   45000    1.8647908   0.23412182    1.9928798 
   46000    1.9580709   0.22576382    2.1095573 
   47000    1.8490086   0.23873789    2.0079781 
   48000    1.8770362   0.24906434     2.034087 
   49000    1.9132329   0.26656196    2.0379671 
   50000    1.8601955   0.22958174    2.0028564 
Loop time of 9.37081 on 1 procs for 50000 steps with 1331 atoms

Performance: 1844024.203 tau/day, 5335.718 timesteps/s
99.8% CPU use with 1 MPI tasks x no OpenMP threads

MPI task timing breakdown:
Section |  min time  |  avg time  |  max time  |%varavg| %total
---------------------------------------------------------------
Pair    | 5.986      | 5.986      | 5.986      |   0.0 | 63.88
Neigh   | 2.0334     | 2.0334     | 2.0334     |   0.0 | 21.70
Comm    | 0.38232    | 0.38232    | 0.38232    |   0.0 |  4.08
Output  | 0.022767   | 0.022767   | 0.022767   |   0.0 |  0.24
Modify  | 0.85231    | 0.85231    | 0.85231    |   0.0 |  9.10
Other   |            | 0.09397    |            |       |  1.00

Nlocal:    1331 ave 1331 max 1331 min
Histogram: 1 0 0 0 0 0 0 0 0 0
Nghost:    1383 ave 1383 max 1383 min
Histogram: 1 0 0 0 0 0 0 0 0 0
Neighs:    8801 ave 8801 max 8801 min
Histogram: 1 0 0 0 0 0 0 0 0 0

Total # of neighbors = 8801
Ave neighs/atom = 6.61232
Neighbor list builds = 2500
Dangerous builds not checked

write_restart NVT/sim1/T_1.90__v_6.86/end1.restart
Total wall time: 0:00:09
