run 50000
Neighbor list info ...
  update every 20 steps, delay 0 steps, check no
  max neighbors/atom: 2000, page size: 100000
  master list distance cutoff = 2.8
  ghost atom cutoff = 2.8
  binsize = 1.4, bins = 10 10 10
  1 neighbor lists, perpetual/occasional/extra = 1 0 0
  (1) pair lj/cut, perpetual
      attributes: half, newton on
      pair build: half/bin/atomonly/newton
      stencil: half/bin/3d/newton
      bin: standard
Per MPI rank memory allocation (min/avg/max) = 2.732 | 2.732 | 2.732 Mbytes
Step Temp Press TotEng 
       0          0.1   -1.0757362   -3.9890651 
    1000   0.34636759   0.14934629   -4.7423968 
    2000   0.21215945  -0.18646225   -5.3826606 
    3000   0.13705169  -0.23525627   -5.7132115 
    4000   0.10068837  -0.31547096   -5.8578492 
    5000   0.09589476  -0.34005022   -5.8946438 
    6000   0.10527434  -0.25354636    -5.868178 
    7000   0.10430649  -0.24825983   -5.8883567 
    8000  0.094812669  -0.29383302   -5.9311014 
    9000   0.10210291  -0.30102419   -5.9245383 
   10000    0.1003039  -0.30525892   -5.9282644 
   11000  0.098101091  -0.33311643    -5.958204 
   12000  0.097678763  -0.30289372   -5.9630349 
   13000    0.1047845  -0.31485187   -5.9467693 
   14000   0.10213038  -0.30078536   -5.9603647 
   15000  0.099133251  -0.35236802   -5.9700006 
   16000   0.10367016  -0.34680716   -5.9581988 
   17000  0.099794091  -0.35287374   -5.9711591 
   18000    0.0983924  -0.31463419   -5.9801432 
   19000   0.10326246  -0.25538019   -5.9659866 
   20000  0.099507523  -0.25620227   -5.9702776 
   21000  0.096795859  -0.28167158   -5.9852275 
   22000  0.098782241  -0.31542309   -5.9741896 
   23000   0.10254571  -0.30959629   -5.9723561 
   24000  0.097486189  -0.26119906   -5.9933251 
   25000   0.10012407  -0.23339116   -5.9837627 
   26000   0.10268477  -0.27998575   -5.9764323 
   27000  0.098611079    -0.195958   -5.9961097 
   28000  0.099430607  -0.19581099   -5.9902431 
   29000   0.10214811  -0.23475973   -5.9761969 
   30000  0.099466702  -0.25605768   -5.9922191 
   31000  0.094652783  -0.24066325   -5.9928414 
   32000   0.10357126  -0.24225359   -5.9785462 
   33000  0.099472021  -0.22483604    -5.993999 
   34000  0.098242487   -0.2538455   -6.0022928 
   35000   0.10334278  -0.22150064   -5.9891731 
   36000  0.099611859  -0.26537002   -5.9997983 
   37000  0.097897765  -0.20963025    -6.005537 
   38000   0.10501366  -0.23138752   -5.9921455 
   39000  0.099410459  -0.17718766   -5.9987051 
   40000  0.096334529  -0.27006075   -6.0092436 
   41000     0.100609  -0.21491651    -6.000369 
   42000   0.10076641   -0.2045848   -5.9981032 
   43000  0.097539426  -0.23294979   -6.0084637 
   44000   0.09965947  -0.17826482   -6.0063024 
   45000   0.10288024  -0.23677658   -6.0047236 
   46000   0.10358528  -0.23397507   -6.0102621 
   47000  0.095265628  -0.27949257   -6.0178337 
   48000   0.10062888  -0.22175978   -6.0156543 
   49000   0.10240063  -0.26689274   -6.0131509 
   50000  0.098090093  -0.19886018   -6.0259949 
Loop time of 34.6505 on 1 procs for 50000 steps with 1331 atoms

Performance: 498694.052 tau/day, 1442.980 timesteps/s
99.9% CPU use with 1 MPI tasks x no OpenMP threads

MPI task timing breakdown:
Section |  min time  |  avg time  |  max time  |%varavg| %total
---------------------------------------------------------------
Pair    | 29.266     | 29.266     | 29.266     |   0.0 | 84.46
Neigh   | 4.0558     | 4.0558     | 4.0558     |   0.0 | 11.70
Comm    | 0.33953    | 0.33953    | 0.33953    |   0.0 |  0.98
Output  | 0.026619   | 0.026619   | 0.026619   |   0.0 |  0.08
Modify  | 0.86653    | 0.86653    | 0.86653    |   0.0 |  2.50
Other   |            | 0.09645    |            |       |  0.28

Nlocal:    1331 ave 1331 max 1331 min
Histogram: 1 0 0 0 0 0 0 0 0 0
Nghost:    1299 ave 1299 max 1299 min
Histogram: 1 0 0 0 0 0 0 0 0 0
Neighs:    48950 ave 48950 max 48950 min
Histogram: 1 0 0 0 0 0 0 0 0 0

Total # of neighbors = 48950
Ave neighs/atom = 36.7769
Neighbor list builds = 2500
Dangerous builds not checked

write_restart NVT/sim1/T_0.10__v_1.33/end1.restart
Total wall time: 0:00:34
