run 50000
Neighbor list info ...
  update every 20 steps, delay 0 steps, check no
  max neighbors/atom: 2000, page size: 100000
  master list distance cutoff = 2.8
  ghost atom cutoff = 2.8
  binsize = 1.4, bins = 16 16 16
  1 neighbor lists, perpetual/occasional/extra = 1 0 0
  (1) pair lj/cut, perpetual
      attributes: half, newton on
      pair build: half/bin/atomonly/newton
      stencil: half/bin/3d/newton
      bin: standard
Per MPI rank memory allocation (min/avg/max) = 2.7 | 2.7 | 2.7 Mbytes
Step Temp Press Volume Density PotEng KinEng TotEng 
       0          0.6  0.029533495        10648        0.125  -0.13561964   0.89932382   0.76370418 
    1000    1.2014741   0.21270097    5017.7528   0.26525819   -1.5967961    1.8008571   0.20406099 
    2000   0.99879992  0.083869139    3109.8582    0.4279938   -2.6400509    1.4970743   -1.1429767 
    3000   0.92451912  0.049098353    2135.5326   0.62326374    -3.778238    1.3857368   -2.3925012 
    4000   0.84939218   0.85659134    1686.5047    0.7892062   -4.7415633     1.273131   -3.4684323 
    5000   0.69419851    1.1064276    1545.1268   0.86141796   -5.3026579    1.0405154   -4.2621425 
    6000   0.59598533    1.3183743    1477.1481   0.90106064   -5.6054245   0.89330634   -4.7121182 
    7000   0.56042577    1.4234123    1457.0748   0.91347402   -5.7001026   0.84000707   -4.8600955 
    8000   0.60051587    1.3584365    1470.0164   0.90543205   -5.6437303   0.90009704   -4.7436332 
    9000   0.61609788    1.4110806    1476.2453    0.9016117   -5.5952938   0.92345249   -4.6718413 
   10000   0.58298317    1.3536366    1466.3284   0.90770932   -5.6560362   0.87381774   -4.7822185 
   11000   0.57488266    1.3813109    1463.4019   0.90952459   -5.6724525   0.86167611   -4.8107764 
   12000   0.60915921    1.2262382    1471.7179   0.90438527   -5.6560318   0.91305231   -4.7429795 
   13000   0.61445286    1.2919663    1476.8745   0.90122755   -5.6131508   0.92098683   -4.6921639 
   14000   0.60380341    1.3105016    1469.6878    0.9056345   -5.6558687   0.90502464   -4.7508441 
   15000   0.58704645    1.4374004    1463.8062   0.90927337   -5.6568036   0.87990808   -4.7768955 
   16000   0.59682854    1.4192254    1471.7302   0.90437775   -5.6161945   0.89457021   -4.7216243 
   17000   0.61618967    1.5469026    1469.4851   0.90575942   -5.6054204   0.92359008   -4.6818303 
   18000   0.60911931     1.476546    1463.7605   0.90930178   -5.6591725    0.9129925     -4.74618 
   19000   0.59393824    1.2448562    1467.7904   0.90680523   -5.6668555   0.89023801   -4.7766175 
   20000   0.60245545    1.2166227    1475.2075   0.90224595   -5.6368961   0.90300423   -4.7338919 
   21000   0.61525612    1.1908232    1478.3911   0.90030305   -5.6227805    0.9221908   -4.7005897 
   22000   0.58558405    1.2879009    1471.7314   0.90437696   -5.6327815   0.87771614   -4.7550654 
   23000   0.58841744    1.2688326    1467.9746   0.90669146   -5.6566633   0.88196303   -4.7747003 
   24000   0.59001687    1.1643098    1475.5744   0.90202163   -5.6324311   0.88436038   -4.7480707 
   25000   0.57774456   0.98751257    1487.9922   0.89449397   -5.6100792   0.86596574   -4.7441134 
   26000   0.59317159    1.1607829    1479.2302   0.89979233   -5.6252037    0.8890889   -4.7361148 
   27000   0.59746164     1.181156    1475.6792   0.90195753    -5.643007   0.89551914   -4.7474879 
   28000   0.58010253    1.3540176    1469.8234   0.90555097   -5.6424254   0.86950003   -4.7729254 
   29000   0.59802883    1.3255148    1471.9802   0.90422414   -5.6298426   0.89636928   -4.7334733 
   30000   0.59046362    1.2686349    1473.4486   0.90332301   -5.6334842      0.88503   -4.7484542 
   31000    0.5885958    1.3670577    1469.6463   0.90566011   -5.6432842   0.88223037   -4.7610539 
   32000   0.58451915    1.3456978    1468.0253   0.90666013   -5.6437501   0.87611999   -4.7676301 
   33000   0.61965031    1.5027123    1463.7146   0.90933029   -5.6499307   0.92877714   -4.7211536 
   34000   0.63291568     1.404021    1463.9324   0.90919501   -5.6658898   0.94866024   -4.7172295 
   35000   0.62233645    1.2469661    1466.4132   0.90765684   -5.6845003   0.93280331    -4.751697 
   36000   0.59823038    1.1836073    1470.1482    0.9053509   -5.6639826   0.89667138   -4.7673112 
   37000   0.59835941    1.2022517    1476.5912   0.90140047   -5.6264837   0.89686478   -4.7296189 
   38000   0.60326453    1.1104107    1479.4522   0.89965733   -5.6296334   0.90421693   -4.7254165 
   39000   0.59617685    1.2569067    1470.7814   0.90496112   -5.6471443    0.8935934   -4.7535509 
   40000   0.58697996    1.1998107    1475.5105   0.90206069   -5.6404923   0.87980843   -4.7606839 
   41000   0.58967644    1.3041605    1479.0081   0.89992748   -5.5942955   0.88385011   -4.7104454 
   42000   0.61319868    1.3702341    1471.2935   0.90464614   -5.6342928   0.91910697   -4.7151858 
   43000   0.58672111    1.3270512    1467.6025   0.90692135    -5.663051   0.87942045   -4.7836305 
   44000   0.59021045    1.1300562    1475.5946   0.90200923   -5.6493385   0.88465053    -4.764688 
   45000   0.59681692   0.96941433    1486.8447   0.89518428   -5.6149818   0.89455278   -4.7204291 
   46000   0.59116084    1.2730286     1470.372    0.9052131   -5.6556628   0.88607504   -4.7695877 
   47000   0.61034917    1.2098362    1461.8417    0.9104953   -5.7193859    0.9148359     -4.80455 
   48000   0.60897455    1.3814224    1466.9004   0.90735539   -5.6530823   0.91277552   -4.7403068 
   49000   0.61747163    1.3178049    1473.9797   0.90299753   -5.6235605   0.92551157   -4.6980489 
   50000   0.60037993    1.1407554    1471.2727   0.90465895   -5.6771364   0.89989328   -4.7772431 
Loop time of 39.8945 on 1 procs for 50000 steps with 1331 atoms

Performance: 433142.068 tau/day, 1253.305 timesteps/s
100.0% CPU use with 1 MPI tasks x no OpenMP threads

MPI task timing breakdown:
Section |  min time  |  avg time  |  max time  |%varavg| %total
---------------------------------------------------------------
Pair    | 32.31      | 32.31      | 32.31      |   0.0 | 80.99
Neigh   | 4.5862     | 4.5862     | 4.5862     |   0.0 | 11.50
Comm    | 0.72458    | 0.72458    | 0.72458    |   0.0 |  1.82
Output  | 0.024363   | 0.024363   | 0.024363   |   0.0 |  0.06
Modify  | 2.0312     | 2.0312     | 2.0312     |   0.0 |  5.09
Other   |            | 0.2184     |            |       |  0.55

Nlocal:    1331 ave 1331 max 1331 min
Histogram: 1 0 0 0 0 0 0 0 0 0
Nghost:    3086 ave 3086 max 3086 min
Histogram: 1 0 0 0 0 0 0 0 0 0
Neighs:    53278 ave 53278 max 53278 min
Histogram: 1 0 0 0 0 0 0 0 0 0

Total # of neighbors = 53278
Ave neighs/atom = 40.0285
Neighbor list builds = 2500
Dangerous builds not checked

write_restart lattice_11_11_11__2_2_2/sim1/T_0.60__P_1.30/end1.restart
Total wall time: 0:00:39
