run 50000
Neighbor list info ...
  update every 20 steps, delay 0 steps, check no
  max neighbors/atom: 2000, page size: 100000
  master list distance cutoff = 2.8
  ghost atom cutoff = 2.8
  binsize = 1.4, bins = 16 16 16
  1 neighbor lists, perpetual/occasional/extra = 1 0 0
  (1) pair lj/cut, perpetual
      attributes: half, newton on
      pair build: half/bin/atomonly/newton
      stencil: half/bin/3d/newton
      bin: standard
Per MPI rank memory allocation (min/avg/max) = 2.7 | 2.7 | 2.7 Mbytes
Step Temp Press Volume Density PotEng KinEng TotEng 
       0          1.9   0.19191141        10648        0.125  -0.13561964    2.8478588    2.7122391 
    1000    2.1617409   0.29402742    8907.8446   0.14941886  -0.81858632    3.2401752    2.4215888 
    2000    1.9610027   0.30791182    7717.3309   0.17246896  -0.97088354     2.939294    1.9684105 
    3000    1.9012537   0.33836936    6887.6974    0.1932431   -1.0731444    2.8497378    1.7765934 
    4000    1.9137478   0.35542352    6315.2758   0.21075881   -1.1546162     2.868465    1.7138487 
    5000    1.8786499   0.35287101    5997.1091   0.22194027   -1.2143665    2.8158577    1.6014911 
    6000    1.9216923    0.4692122    5775.1737   0.23046926   -1.2562639    2.8803727    1.6241087 
    7000     1.839845   0.38513835    5717.9743   0.23277474   -1.2508991     2.757694    1.5067949 
    8000    1.9416743   0.43786288    5624.8032    0.2366305   -1.2691779    2.9103233    1.6411454 
    9000    1.8281006   0.34411373    5763.8711   0.23092119    -1.301314    2.7400906    1.4387767 
   10000     1.945705   0.43744478    5611.2671   0.23720133   -1.2790238    2.9163648    1.6373409 
   11000    1.8992888   0.37523421    5795.6498   0.22965501   -1.2792735    2.8467928    1.5675193 
   12000    1.9189126   0.39863283    5780.3599   0.23026248    -1.214896    2.8762064    1.6613104 
   13000    1.8711731   0.36729551    5814.2086   0.22892195   -1.2774894    2.8046509    1.5271615 
   14000    1.9669602   0.45399417    5535.9412   0.24042885   -1.2977505    2.9482236    1.6504731 
   15000    1.8312796    0.3764858    5653.0475   0.23544822   -1.3263569    2.7448556    1.4184987 
   16000    1.8941659   0.42407629    5724.1062   0.23252539   -1.2552352    2.8391142     1.583879 
   17000    1.9082685   0.40348833    5902.8907   0.22548275   -1.2213698    2.8602522    1.6388824 
   18000    1.9435846   0.45921282     5976.033     0.222723   -1.1729602    2.9131865    1.7402263 
   19000    1.8781009   0.35591981    6003.7209   0.22169585   -1.2112428    2.8150348     1.603792 
   20000    1.9235159   0.39411853    5680.4772    0.2343113   -1.3015547    2.8831061    1.5815514 
   21000    1.8988536   0.39675947    5714.6076   0.23291188   -1.2762681    2.8461405    1.5698724 
   22000    1.9334185   0.36343899    5749.7803    0.2314871   -1.2971733    2.8979488    1.6007755 
   23000    1.8571984    0.4328546    5854.1796   0.22735893   -1.2362671    2.7837046    1.5474375 
   24000    1.9153486   0.36036303    5815.4904    0.2288715    -1.248595    2.8708643    1.6222694 
   25000    1.8831727   0.38851384    5825.7434    0.2284687   -1.2473034    2.8226368    1.5753334 
   26000    1.9074537   0.46177646    5516.3702   0.24128185   -1.2924414    2.8590309    1.5665896 
   27000    1.8614432   0.41715775    5602.6759   0.23756506    -1.282354     2.790067     1.507713 
   28000    1.9098486   0.36067568    5797.5338   0.22958038   -1.2484406    2.8626205      1.61418 
   29000    1.8555924   0.38139342    6126.9232   0.21723791   -1.1819033    2.7812975    1.5993942 
   30000    1.9574167   0.42095083    5756.6815    0.2312096   -1.2389811    2.9339191    1.6949379 
   31000    1.9235316   0.38672344    5583.7997   0.23836815   -1.3360159    2.8831297    1.5471137 
   32000    1.8712177   0.40157981    5605.3703   0.23745086   -1.2900999    2.8047178    1.5146179 
   33000    1.9022052   0.45884871    5870.0898    0.2267427   -1.2133995    2.8511641    1.6377646 
   34000    1.9605843   0.39590934     6085.175    0.2187283   -1.2237308    2.9386669    1.7149361 
   35000    1.9498848     0.385747    5982.0738   0.22249809   -1.2366048    2.9226297    1.6860249 
   36000    1.9175326   0.38324766    5749.7797   0.23148713   -1.2794506    2.8741379    1.5946873 
   37000    1.8817315   0.40703702     5466.094   0.24350112   -1.3248284    2.8204766    1.4956483 
   38000    1.9209813   0.41897947    5448.8889   0.24426998   -1.3637641     2.879307    1.5155429 
   39000    1.8866452   0.37127992    5981.9328   0.22250333   -1.2377419    2.8278416    1.5900997 
   40000    1.9527879    0.4085793    5979.0866   0.22260925   -1.1914472    2.9269811    1.7355339 
   41000    1.8743888   0.39439185    5765.6879   0.23084843   -1.2482489    2.8094708    1.5612219 
   42000    1.8934071   0.39518636    5547.3051   0.23993632   -1.3171275    2.8379768    1.5208493 
   43000    1.9197698   0.38638337    5492.4296   0.24233355   -1.3376696    2.8774912    1.5398216 
   44000    1.8723185   0.41264278    5802.3826   0.22938853   -1.2804119    2.8063677    1.5259558 
   45000    1.9584616   0.39224395    5840.2873   0.22789975   -1.2549485    2.9354853    1.6805367 
   46000    1.8168843   0.35124858    5906.9178   0.22532902   -1.2221337    2.7232788    1.5011451 
   47000    1.9373367   0.39368217    5559.3759   0.23941536   -1.3005486    2.9038217    1.6032731 
   48000    1.8354978   0.41040727    5613.7203   0.23709767   -1.2927281    2.7511782    1.4584501 
   49000    1.8847175   0.38543028      5656.98   0.23528455   -1.2553042    2.8249522    1.5696479 
   50000    1.8876731    0.4113572    5755.1737   0.23127017    -1.244667    2.8293822    1.5847153 
Loop time of 18.0215 on 1 procs for 50000 steps with 1331 atoms

Performance: 958853.710 tau/day, 2774.461 timesteps/s
99.6% CPU use with 1 MPI tasks x no OpenMP threads

MPI task timing breakdown:
Section |  min time  |  avg time  |  max time  |%varavg| %total
---------------------------------------------------------------
Pair    | 11.654     | 11.654     | 11.654     |   0.0 | 64.67
Neigh   | 3.2361     | 3.2361     | 3.2361     |   0.0 | 17.96
Comm    | 0.56926    | 0.56926    | 0.56926    |   0.0 |  3.16
Output  | 0.028435   | 0.028435   | 0.028435   |   0.0 |  0.16
Modify  | 2.4005     | 2.4005     | 2.4005     |   0.0 | 13.32
Other   |            | 0.1331     |            |       |  0.74

Nlocal:    1331 ave 1331 max 1331 min
Histogram: 1 0 0 0 0 0 0 0 0 0
Nghost:    1687 ave 1687 max 1687 min
Histogram: 1 0 0 0 0 0 0 0 0 0
Neighs:    13977 ave 13977 max 13977 min
Histogram: 1 0 0 0 0 0 0 0 0 0

Total # of neighbors = 13977
Ave neighs/atom = 10.5011
Neighbor list builds = 2500
Dangerous builds not checked

write_restart lattice_11_11_11__2_2_2/sim1/T_1.90__P_0.40/end1.restart
Total wall time: 0:00:18
