run 50000
Neighbor list info ...
  update every 20 steps, delay 0 steps, check no
  max neighbors/atom: 2000, page size: 100000
  master list distance cutoff = 2.8
  ghost atom cutoff = 2.8
  binsize = 1.4, bins = 22 22 22
  1 neighbor lists, perpetual/occasional/extra = 1 0 0
  (1) pair lj/cut, perpetual
      attributes: half, newton on
      pair build: half/bin/atomonly/newton
      stencil: half/bin/3d/newton
      bin: standard
Per MPI rank memory allocation (min/avg/max) = 2.739 | 2.739 | 2.739 Mbytes
Step Temp Press TotEng 
       0          0.7  0.032853443    1.0368821 
    1000   0.75783503  0.031154344   0.81919147 
    2000   0.68975821  0.022435504   0.63496288 
    3000   0.71792011  0.019457188   0.61136954 
    4000   0.67488563  0.022427871   0.52135707 
    5000   0.70169124  0.020921277   0.52550729 
    6000   0.69047962  0.022738048   0.46975303 
    7000   0.70842614  0.021580424    0.5339872 
    8000   0.70311034  0.020915835   0.46976885 
    9000   0.70876138  0.023620886   0.47392669 
   10000    0.6877883  0.019654456   0.45058276 
   11000    0.7049699  0.018653589    0.4408429 
   12000   0.67763269   0.02064453   0.41389193 
   13000   0.72714525  0.020280335   0.47461142 
   14000   0.68555517  0.016830234   0.40065836 
   15000   0.70058455  0.022051978   0.41235251 
   16000   0.72719371  0.015693139   0.45832814 
   17000   0.69996455  0.022286863   0.36208309 
   18000   0.68460446  0.014963526   0.36599537 
   19000    0.7198797   0.02366925   0.42993412 
   20000     0.694408  0.021643942   0.36316569 
   21000   0.68852167  0.020108072   0.30154293 
   22000   0.71380321   0.02102318   0.31242376 
   23000   0.68734508  0.021271182    0.3141097 
   24000   0.73656952  0.018229821   0.41727626 
   25000   0.72118027  0.021659977   0.36259802 
   26000   0.68774276  0.021433958   0.29497491 
   27000   0.70884889  0.019581752   0.33666067 
   28000   0.69186645  0.014875867   0.28464331 
   29000   0.70977729  0.020168964    0.2991354 
   30000   0.70990472  0.019466542   0.30725138 
   31000   0.69496962  0.013616405   0.23748943 
   32000   0.71106969   0.01605014   0.29405281 
   33000   0.70465232  0.016275708   0.27578797 
   34000   0.70603364  0.014734038    0.2293967 
   35000   0.70527621  0.020200624   0.24182373 
   36000   0.70970447  0.017172202   0.24645759 
   37000   0.69424831  0.014300125   0.23522479 
   38000   0.69859458  0.024889598   0.22976515 
   39000   0.71277357  0.020266261   0.24169497 
   40000   0.68684055  0.016160737   0.15734246 
   41000   0.71289298  0.021339891   0.21581227 
   42000   0.69625181  0.010330541   0.18869179 
   43000   0.69618244  0.020483583    0.1609863 
   44000   0.70563078  0.016045497   0.21459744 
   45000   0.66703471  0.018100171   0.12994173 
   46000   0.70084767  0.012304888   0.17309907 
   47000     0.691418  0.019312169    0.1400216 
   48000    0.7108161  0.021515825   0.11110045 
   49000   0.68908607  0.016251906    0.1087476 
   50000   0.70971771  0.014559701   0.14535039 
Loop time of 5.71602 on 1 procs for 50000 steps with 1331 atoms

Performance: 3023084.780 tau/day, 8747.352 timesteps/s
99.7% CPU use with 1 MPI tasks x no OpenMP threads

MPI task timing breakdown:
Section |  min time  |  avg time  |  max time  |%varavg| %total
---------------------------------------------------------------
Pair    | 3.2906     | 3.2906     | 3.2906     |   0.0 | 57.57
Neigh   | 1.2087     | 1.2087     | 1.2087     |   0.0 | 21.15
Comm    | 0.2679     | 0.2679     | 0.2679     |   0.0 |  4.69
Output  | 0.022546   | 0.022546   | 0.022546   |   0.0 |  0.39
Modify  | 0.8473     | 0.8473     | 0.8473     |   0.0 | 14.82
Other   |            | 0.07892    |            |       |  1.38

Nlocal:    1331 ave 1331 max 1331 min
Histogram: 1 0 0 0 0 0 0 0 0 0
Nghost:    916 ave 916 max 916 min
Histogram: 1 0 0 0 0 0 0 0 0 0
Neighs:    6727 ave 6727 max 6727 min
Histogram: 1 0 0 0 0 0 0 0 0 0

Total # of neighbors = 6727
Ave neighs/atom = 5.05409
Neighbor list builds = 2500
Dangerous builds not checked

write_restart NVT/sim1/T_0.70__v_21.95/end1.restart
Total wall time: 0:00:05
