run 50000
Neighbor list info ...
  update every 20 steps, delay 0 steps, check no
  max neighbors/atom: 2000, page size: 100000
  master list distance cutoff = 2.8
  ghost atom cutoff = 2.8
  binsize = 1.4, bins = 16 16 16
  1 neighbor lists, perpetual/occasional/extra = 1 0 0
  (1) pair lj/cut, perpetual
      attributes: half, newton on
      pair build: half/bin/atomonly/newton
      stencil: half/bin/3d/newton
      bin: standard
Per MPI rank memory allocation (min/avg/max) = 2.7 | 2.7 | 2.7 Mbytes
Step Temp Press Volume Density PotEng KinEng TotEng 
       0          0.8  0.054514712        10648        0.125  -0.13561964    1.1990984    1.0634788 
    1000    1.1917669   0.11292598    7250.1355   0.18358278   -1.1341402    1.7863073   0.65216714 
    2000    1.0176578  0.085247852    5417.7115   0.24567569   -1.6709482    1.5253398  -0.14560846 
    3000    0.9169615  0.073184727    4168.7806   0.31927801   -2.2172889    1.3744089     -0.84288 
    4000   0.88750582 -0.062089007    3279.8967   0.40580546   -2.8199913    1.3302585   -1.4897327 
    5000   0.85677164  -0.17202757    2634.5206   0.50521526   -3.3406045    1.2841919   -2.0564126 
    6000   0.89405427  -0.17836247    2156.3189   0.61725563   -3.9264958    1.3400738    -2.586422 
    7000   0.84321074   0.19591244    1867.5972   0.71268044   -4.3187354    1.2638658   -3.0548696 
    8000   0.80212255   0.31481633     1745.005   0.76274854    -4.642925    1.2022798   -3.4406452 
    9000   0.77071308   0.46547142    1694.8503   0.78532012   -4.8008692    1.1552011   -3.6456681 
   10000    0.7848641    0.5037907    1696.4933   0.78455952   -4.7780597    1.1764116   -3.6016481 
   11000   0.79798799   0.39732323    1731.9997   0.76847589   -4.6770692    1.1960827   -3.4809865 
   12000   0.83393837   0.27326901    1732.4601   0.76827166   -4.7221611    1.2499677   -3.4721934 
   13000   0.78210758   0.47932479    1711.2387   0.77779915   -4.7326494      1.17228   -3.5603695 
   14000   0.81101682   0.30701667    1699.2146   0.78330306   -4.8063495    1.2156112   -3.5907383 
   15000   0.78565538   0.44350311    1710.2003   0.77827139   -4.7404186    1.1775977   -3.5628209 
   16000   0.81560564   0.52898241     1713.429    0.7768049   -4.7179448    1.2224893   -3.4954555 
   17000   0.80670579   0.49343871    1699.4942   0.78317418   -4.7764162    1.2091496   -3.5672667 
   18000   0.81946386   0.33877319    1699.4932   0.78317464   -4.8193627    1.2282723   -3.5910904 
   19000   0.79164994   0.42429246    1724.6679   0.77174277   -4.6979159    1.1865827   -3.5113331 
   20000   0.80704308   0.19411768     1741.266   0.76438639   -4.6816221    1.2096551    -3.471967 
   21000    0.8138932   0.42372307    1700.1296   0.78288148   -4.7837495    1.2199226   -3.5638269 
   22000   0.78926036   0.49442768    1691.6957   0.78678454   -4.7965506    1.1830011   -3.6135495 
   23000   0.81485861    0.2887129    1718.9567   0.77430686   -4.7494038    1.2213696   -3.5280342 
   24000   0.81169476   0.30404462    1730.4366   0.76917003   -4.7226422    1.2166274   -3.5060148 
   25000   0.78038971   0.31774509    1717.7519   0.77484997   -4.7422707    1.1697051   -3.5725656 
   26000   0.81985312   0.54291072    1698.4514   0.78365503   -4.7810894    1.2288557   -3.5522337 
   27000   0.80484574   0.38037305    1717.6299     0.774905   -4.7284411    1.2063616   -3.5220795 
   28000   0.75173253    0.2760241    1741.1965   0.76441688   -4.6691805    1.1267516   -3.5424289 
   29000   0.77477965   0.30042706    1711.8893   0.77750353   -4.7582561    1.1612963   -3.5969597 
   30000   0.82312276   0.47737465    1702.3481   0.78186125   -4.7831447    1.2337565   -3.5493882 
   31000   0.80244717   0.36701411    1722.5356   0.77269809   -4.7013649    1.2027664   -3.4985985 
   32000   0.77620689   0.49115849    1711.8321   0.77752954   -4.7054901    1.1634356   -3.5420545 
   33000   0.79478403   0.26152685    1705.7415   0.78030583   -4.8076174    1.1912803    -3.616337 
   34000   0.80469984   0.30908356    1724.4876   0.77182347   -4.7340137    1.2061429   -3.5278708 
   35000   0.80557886   0.53679533    1707.4872   0.77950805   -4.7265016    1.2074604   -3.5190411 
   36000   0.81743237   0.48685636    1689.6632   0.78773094   -4.8105669    1.2252273   -3.5853396 
   37000   0.79180757   0.45003352    1695.7032   0.78492508   -4.7949255     1.186819   -3.6081065 
   38000   0.79318007   0.36596619    1727.1636   0.77062764   -4.6926379    1.1888762   -3.5037617 
   39000   0.83353843   0.49594458    1702.3194   0.78187444   -4.7626564    1.2493683   -3.5132881 
   40000   0.79782567   0.41485093    1705.0789   0.78060902   -4.7762182    1.1958394   -3.5803789 
   41000   0.81306137   0.22213085    1732.5256   0.76824262   -4.7067567    1.2186757   -3.4880809 
   42000   0.81800357   0.51088216    1710.4479   0.77815876   -4.7291457    1.2260835   -3.5030622 
   43000   0.82236092   0.37455882    1698.5087   0.78362862   -4.8044727    1.2326146   -3.5718581 
   44000   0.83423969   0.27289995    1712.3808    0.7772804   -4.7891155    1.2504194   -3.5386961 
   45000   0.81588976   0.41737433    1724.1129   0.77199122    -4.714462    1.2229152   -3.4915468 
   46000   0.78603468   0.38329946     1716.283   0.77551313   -4.7371333    1.1781662   -3.5589671 
   47000   0.78501163   0.33863399    1694.5702    0.7854499   -4.8218957    1.1766328   -3.6452629 
   48000   0.77484233   0.47893537    1676.5214   0.79390577   -4.8734333    1.1613903    -3.712043 
   49000   0.78994582   0.39567918    1696.3543   0.78462384   -4.8057983    1.1840285   -3.6217699 
   50000   0.81031293   0.45341972    1709.2222   0.77871678   -4.7463199    1.2145562   -3.5317637 
Loop time of 34.8646 on 1 procs for 50000 steps with 1331 atoms

Performance: 495632.168 tau/day, 1434.121 timesteps/s
99.9% CPU use with 1 MPI tasks x no OpenMP threads

MPI task timing breakdown:
Section |  min time  |  avg time  |  max time  |%varavg| %total
---------------------------------------------------------------
Pair    | 27.617     | 27.617     | 27.617     |   0.0 | 79.21
Neigh   | 4.3862     | 4.3862     | 4.3862     |   0.0 | 12.58
Comm    | 0.68533    | 0.68533    | 0.68533    |   0.0 |  1.97
Output  | 0.025469   | 0.025469   | 0.025469   |   0.0 |  0.07
Modify  | 2.0106     | 2.0106     | 2.0106     |   0.0 |  5.77
Other   |            | 0.14       |            |       |  0.40

Nlocal:    1331 ave 1331 max 1331 min
Histogram: 1 0 0 0 0 0 0 0 0 0
Nghost:    2859 ave 2859 max 2859 min
Histogram: 1 0 0 0 0 0 0 0 0 0
Neighs:    46365 ave 46365 max 46365 min
Histogram: 1 0 0 0 0 0 0 0 0 0

Total # of neighbors = 46365
Ave neighs/atom = 34.8347
Neighbor list builds = 2500
Dangerous builds not checked

write_restart lattice_11_11_11__2_2_2/sim1/T_0.80__P_0.40/end1.restart
Total wall time: 0:00:34
