run 50000
Neighbor list info ...
  update every 20 steps, delay 0 steps, check no
  max neighbors/atom: 2000, page size: 100000
  master list distance cutoff = 2.8
  ghost atom cutoff = 2.8
  binsize = 1.4, bins = 16 16 16
  1 neighbor lists, perpetual/occasional/extra = 1 0 0
  (1) pair lj/cut, perpetual
      attributes: half, newton on
      pair build: half/bin/atomonly/newton
      stencil: half/bin/3d/newton
      bin: standard
Per MPI rank memory allocation (min/avg/max) = 2.7 | 2.7 | 2.7 Mbytes
Step Temp Press Volume Density PotEng KinEng TotEng 
       0          0.2 -0.020428939        10648        0.125  -0.13561964   0.29977461   0.16415497 
    1000   0.80117597 -0.037984778    3570.3863   0.37278879   -2.4179278    1.2008611   -1.2170668 
    2000   0.70024771   -0.1019155    1855.4501   0.71734616    -4.545355    1.0495824   -3.4957726 
    3000   0.46528008   0.99877751    1451.0818   0.91724669   -5.7948945   0.69739577   -5.0974987 
    4000   0.29554764    1.0285022     1366.654    0.9739115   -6.3210808   0.44298838   -5.8780924 
    5000   0.20342326    1.0493715    1339.0796    0.9939663   -6.5009638   0.30490564   -6.1960581 
    6000   0.18253378    1.0927232    1332.5796    0.9988146   -6.5406675   0.27359495   -6.2670726 
    7000   0.20574391     1.146821    1337.2385   0.99533482   -6.4954549     0.308384   -6.1870709 
    8000   0.20494239    1.1200113    1335.6472   0.99652062   -6.5127501   0.30718262   -6.2055674 
    9000   0.18257237    1.1244468    1329.8817    1.0008409   -6.5511893    0.2736528   -6.2775365 
   10000   0.20181271    1.1506976     1332.271   0.99904599   -6.5303421   0.30249162   -6.2278505 
   11000   0.21389397    1.0638393    1334.8369    0.9971256   -6.5299509   0.32059991    -6.209351 
   12000   0.18610562    1.2125068    1328.1401    1.0021533   -6.5492054   0.27894869   -6.2702568 
   13000   0.19675558    1.0855903     1331.931   0.99930104   -6.5440378   0.29491163   -6.2491262 
   14000   0.20877847    1.0701814    1335.3535   0.99673981   -6.5256805   0.31293242    -6.212748 
   15000   0.19121259    1.0874695    1331.4927   0.99962997   -6.5486713    0.2866034   -6.2620679 
   16000   0.19593558    1.2997536    1325.8821      1.00386   -6.5548958   0.29368256   -6.2612133 
   17000   0.20439726    1.1530507    1333.4295     0.998178   -6.5237283   0.30636553   -6.2173628 
   18000   0.19201785    1.1005019    1333.0282    0.9984785   -6.5330247   0.28781038   -6.2452143 
   19000   0.19494396    1.0097487    1331.2432   0.99981729   -6.5653852   0.29219625    -6.273189 
   20000   0.20024139    1.2375605    1330.7273    1.0002049   -6.5289823   0.30013642   -6.2288459 
   21000   0.20130059    1.2188013    1329.7301     1.000955   -6.5362686   0.30172402   -6.2345446 
   22000   0.19392377   0.94013552    1332.7696   0.99867226   -6.5649307   0.29066711   -6.2742636 
   23000   0.20020161   0.95240943    1334.7275   0.99720731   -6.5487364    0.3000768   -6.2486596 
   24000   0.20895025    1.1071262    1332.1468   0.99913916   -6.5419637    0.3131899   -6.2287738 
   25000   0.20252277     1.149637    1328.0798    1.0021988   -6.5658254   0.30355592   -6.2622695 
   26000   0.19437346    1.0539318    1331.3609   0.99972895   -6.5503842   0.29134114   -6.2590431 
   27000   0.20529286     1.049434    1333.0899   0.99843229   -6.5406429   0.30770793    -6.232935 
   28000   0.20063068    1.0944089    1329.3161    1.0012667   -6.5621811   0.30071991   -6.2614612 
   29000   0.19858697    1.1847649    1327.1448    1.0029049    -6.565711   0.29765666   -6.2680543 
   30000   0.20305378    1.0510741    1332.9915   0.99850598   -6.5440422   0.30435183   -6.2396904 
   31000   0.20122544    1.0349173    1331.7046   0.99947091   -6.5566343   0.30161138   -6.2550229 
   32000   0.19134382    1.0900805    1329.4043    1.0012003   -6.5615148   0.28680008   -6.2747147 
   33000   0.20540531    1.2919137    1326.8434    1.0031327   -6.5478258   0.30787647   -6.2399493 
   34000   0.20865314      1.17357    1329.0754    1.0014481   -6.5546925   0.31274456    -6.241948 
   35000   0.19348507    1.0533637    1330.3909    1.0004578   -6.5634551   0.29000955   -6.2734455 
   36000   0.20573009    1.1087691    1328.9505    1.0015422   -6.5629148   0.30836329   -6.2545515 
   37000   0.20254237    1.1538261    1330.6602    1.0002553   -6.5434365   0.30358529   -6.2398512 
   38000   0.19739075    1.0499448    1330.0384     1.000723   -6.5656452   0.29586367   -6.2697815 
   39000   0.19855902   0.99915212    1330.7646    1.0001769   -6.5669165   0.29761476   -6.2693017 
   40000   0.20438475    1.1789937    1329.4893    1.0011363    -6.548671   0.30634679   -6.2423242 
   41000   0.19953016    1.2756267    1326.0984    1.0036962   -6.5577088   0.29907037   -6.2586384 
   42000   0.19707426    1.0050805    1330.3932    1.0004561   -6.5694226   0.29538929   -6.2740333 
   43000   0.20414061    0.9866928    1332.9026   0.99857257   -6.5552047   0.30598086   -6.2492238 
   44000   0.20952737    1.0673596    1329.7477    1.0009417   -6.5670406   0.31405492   -6.2529857 
   45000   0.19343223     1.240125    1325.6431     1.004041   -6.5617678   0.28993036   -6.2718375 
   46000   0.20398512    1.1578427     1328.186    1.0021186   -6.5595491    0.3057478   -6.2538013 
   47000   0.19801983    1.0088663    1333.2835    0.9982873   -6.5456615   0.29680658   -6.2488549 
   48000   0.19473973    1.0986905    1328.8191    1.0016412   -6.5654322   0.29189013    -6.273542 
   49000   0.20197357    1.1621366    1327.4841    1.0026486   -6.5641059   0.30273273   -6.2613732 
   50000   0.19503691     1.207314    1329.5385    1.0010993    -6.537061   0.29233557   -6.2447254 
Loop time of 44.4487 on 1 procs for 50000 steps with 1331 atoms

Performance: 388762.485 tau/day, 1124.891 timesteps/s
99.9% CPU use with 1 MPI tasks x no OpenMP threads

MPI task timing breakdown:
Section |  min time  |  avg time  |  max time  |%varavg| %total
---------------------------------------------------------------
Pair    | 36.213     | 36.213     | 36.213     |   0.0 | 81.47
Neigh   | 5.1709     | 5.1709     | 5.1709     |   0.0 | 11.63
Comm    | 0.76279    | 0.76279    | 0.76279    |   0.0 |  1.72
Output  | 0.024816   | 0.024816   | 0.024816   |   0.0 |  0.06
Modify  | 2.0446     | 2.0446     | 2.0446     |   0.0 |  4.60
Other   |            | 0.2323     |            |       |  0.52

Nlocal:    1331 ave 1331 max 1331 min
Histogram: 1 0 0 0 0 0 0 0 0 0
Nghost:    3250 ave 3250 max 3250 min
Histogram: 1 0 0 0 0 0 0 0 0 0
Neighs:    59576 ave 59576 max 59576 min
Histogram: 1 0 0 0 0 0 0 0 0 0

Total # of neighbors = 59576
Ave neighs/atom = 44.7603
Neighbor list builds = 2500
Dangerous builds not checked

write_restart lattice_11_11_11__2_2_2/sim1/T_0.20__P_1.10/end1.restart
Total wall time: 0:00:44
