run 50000
Neighbor list info ...
  update every 20 steps, delay 0 steps, check no
  max neighbors/atom: 2000, page size: 100000
  master list distance cutoff = 2.8
  ghost atom cutoff = 2.8
  binsize = 1.4, bins = 16 16 16
  1 neighbor lists, perpetual/occasional/extra = 1 0 0
  (1) pair lj/cut, perpetual
      attributes: half, newton on
      pair build: half/bin/atomonly/newton
      stencil: half/bin/3d/newton
      bin: standard
Per MPI rank memory allocation (min/avg/max) = 2.7 | 2.7 | 2.7 Mbytes
Step Temp Press Volume Density PotEng KinEng TotEng 
       0            1  0.079495929        10648        0.125  -0.13561964     1.498873    1.3632534 
    1000    1.3735157   0.14624214     7660.377   0.17375124   -1.0764092    2.0587256   0.98231642 
    2000    1.1385127   0.11895615    5937.7313   0.22415969   -1.4173613     1.706486   0.28912463 
    3000     1.097486   0.09937827    4717.0644   0.28216702   -1.8846565    1.6449922  -0.23966426 
    4000     1.078776  0.060294387    3852.4236   0.34549679    -2.312573    1.6169482  -0.69562477 
    5000    1.0406333  0.041507941    3209.9566   0.41464735   -2.6884527    1.5597771   -1.1286755 
    6000    1.0247495   0.17591664    2722.8955   0.48881788   -3.0449725    1.5359694   -1.5090031 
    7000    1.0167353   0.21375497    2372.0167   0.56112589   -3.3556302    1.5239572   -1.8316731 
    8000    1.0257556   0.21193319     2134.432    0.6235851   -3.7079541    1.5374774   -2.1704767 
    9000   0.99009044   0.37927705    2006.9224   0.66320451   -3.9318599    1.4840199     -2.44784 
   10000   0.98034578   0.38078639    1942.0903   0.68534404   -4.0664121    1.4694139   -2.5969982 
   11000    1.0137678   0.18986071    1932.4137   0.68877592   -4.1389974    1.5195092   -2.6194882 
   12000   0.99186835   0.36347132    1965.6227   0.67713912   -4.0324117    1.4866847    -2.545727 
   13000   0.99632277   0.31352454    1988.1225   0.66947586   -3.9736654    1.4933613   -2.4803041 
   14000    1.0158193   0.29744614    1993.3328   0.66772592   -3.9759571    1.5225841    -2.453373 
   15000     1.005476   0.51751477    1963.1733   0.67798394   -4.0031787    1.5070808   -2.4960979 
   16000   0.99184602   0.28425794    1954.4708   0.68100275   -4.0600434    1.4866512   -2.5733922 
   17000    1.0047624   0.20711048    1962.7597   0.67812683   -4.0522064    1.5060112   -2.5461952 
   18000   0.98911148   0.35066541    1974.6497    0.6740436   -3.9916223    1.4825525   -2.5090698 
   19000   0.99320472   0.27414679    1969.2561   0.67588974   -4.0319099    1.4886878   -2.5432221 
   20000    1.0132651   0.30734508    1945.7317   0.68406144    -4.076854    1.5187557   -2.5580982 
   21000   0.98643956   0.62145732    1938.1603   0.68673371   -4.0301759    1.4785476   -2.5516283 
   22000     1.016769   0.44399155    1953.2512   0.68142798   -4.0168616    1.5240076   -2.4928539 
   23000      1.00815   0.39459929    1979.8635   0.67226857   -4.0002052    1.5110889   -2.4891164 
   24000   0.99303521   0.28605703    1938.2832   0.68669017   -4.1076862    1.4884337   -2.6192525 
   25000    1.0111052    0.2965447    1944.1396   0.68462163   -4.0946606    1.5155183   -2.5791423 
   26000   0.99397067    0.4999554    1964.4072   0.67755808   -4.0181655    1.4898358   -2.5283296 
   27000    1.0245316   0.28846499    1967.1415   0.67661629   -4.0649805    1.5356428   -2.5293378 
   28000    1.0116743   0.36123571    1982.7206   0.67129983   -3.9725196    1.5163713   -2.4561483 
   29000    1.0216769    0.4645009    1978.3407   0.67278605   -3.9760988     1.531364   -2.4447348 
   30000     1.012747   0.40457377    1942.2354   0.68529283   -4.0614448    1.5179792   -2.5434656 
   31000   0.99507225   0.53533832    1936.9126   0.68717609   -4.0531365     1.491487   -2.5616496 
   32000    1.0251033    0.4693351    1965.8057   0.67707605   -3.9804505    1.5364996   -2.4439509 
   33000    1.0479742   0.58689499    1942.1071   0.68533811   -4.0516828    1.5707803   -2.4809024 
   34000    1.0248604   0.58255386    1923.6778   0.69190383   -4.0939922    1.5361356   -2.5578566 
   35000    1.0139683   0.41154739    1969.5215   0.67579867   -4.0199442    1.5198098   -2.5001344 
   36000    1.0081645   0.31864591    1981.8389   0.67159848   -3.9986096    1.5111106    -2.487499 
   37000   0.94684186   0.39372459    1964.8676   0.67739934   -4.0133414    1.4191957   -2.5941457 
   38000   0.93159994   0.40221158    1957.2407   0.68003899   -4.0264476      1.39635   -2.6300975 
   39000    0.9755972   0.31881022    1971.0379   0.67527874   -4.0438485    1.4622963   -2.5815522 
   40000    1.0046534   0.26967021    1973.3292   0.67449466   -4.0248607    1.5058479   -2.5190128 
   41000   0.98760056   0.36233139    1962.1061   0.67835271   -4.0249061    1.4802878   -2.5446182 
   42000   0.98114307   0.43549719    1921.7081   0.69261298   -4.1131866    1.4706089   -2.6425777 
   43000   0.99466949   0.30987216    1961.8175   0.67845251    -4.035928    1.4908833   -2.5450447 
   44000    1.0215272   0.52462374     1957.756   0.67986002   -4.0215673    1.5311396   -2.4904278 
   45000   0.99098686   0.50117118    1945.1906    0.6842517   -4.0467966    1.4853635   -2.5614331 
   46000   0.97701531   0.67641716    1907.3455   0.69782848   -4.1200079    1.4644219    -2.655586 
   47000    1.0035139   0.32979167     1951.259   0.68212369   -4.0619887    1.5041399   -2.5578488 
   48000    1.0451668   0.44660681    1954.1395   0.68111821   -4.0447491    1.5665724   -2.4781767 
   49000    1.0529347   0.50474544    1948.4319   0.68311344   -4.0244163    1.5782153   -2.4462009 
   50000    1.0084369     0.367121    1952.9047   0.68154888   -4.0445263    1.5115189   -2.5330074 
Loop time of 31.6165 on 1 procs for 50000 steps with 1331 atoms

Performance: 546549.389 tau/day, 1581.451 timesteps/s
99.9% CPU use with 1 MPI tasks x no OpenMP threads

MPI task timing breakdown:
Section |  min time  |  avg time  |  max time  |%varavg| %total
---------------------------------------------------------------
Pair    | 24.547     | 24.547     | 24.547     |   0.0 | 77.64
Neigh   | 4.2388     | 4.2388     | 4.2388     |   0.0 | 13.41
Comm    | 0.65967    | 0.65967    | 0.65967    |   0.0 |  2.09
Output  | 0.023807   | 0.023807   | 0.023807   |   0.0 |  0.08
Modify  | 2.0135     | 2.0135     | 2.0135     |   0.0 |  6.37
Other   |            | 0.1341     |            |       |  0.42

Nlocal:    1331 ave 1331 max 1331 min
Histogram: 1 0 0 0 0 0 0 0 0 0
Nghost:    2717 ave 2717 max 2717 min
Histogram: 1 0 0 0 0 0 0 0 0 0
Neighs:    40840 ave 40840 max 40840 min
Histogram: 1 0 0 0 0 0 0 0 0 0

Total # of neighbors = 40840
Ave neighs/atom = 30.6837
Neighbor list builds = 2500
Dangerous builds not checked

write_restart lattice_11_11_11__2_2_2/sim1/T_1.00__P_0.40/end1.restart
Total wall time: 0:00:31
