run 50000
Neighbor list info ...
  update every 20 steps, delay 0 steps, check no
  max neighbors/atom: 2000, page size: 100000
  master list distance cutoff = 2.8
  ghost atom cutoff = 2.8
  binsize = 1.4, bins = 12 12 12
  1 neighbor lists, perpetual/occasional/extra = 1 0 0
  (1) pair lj/cut, perpetual
      attributes: half, newton on
      pair build: half/bin/atomonly/newton
      stencil: half/bin/3d/newton
      bin: standard
Per MPI rank memory allocation (min/avg/max) = 2.738 | 2.738 | 2.738 Mbytes
Step Temp Press TotEng 
       0          0.2  -0.89429421   -1.1796479 
    1000   0.69211903 -0.043532036   -2.4880926 
    2000   0.48813543  0.041913102   -3.9160105 
    3000   0.31757023 -0.048653192   -4.7583903 
    4000   0.23639958 -0.014776505   -5.1844424 
    5000    0.1909954  0.011104502   -5.3713853 
    6000   0.19185442 -0.029662784   -5.3823772 
    7000    0.2137149 -0.044286062   -5.3234095 
    8000   0.19775365  0.056844539   -5.3707171 
    9000   0.18934512 -0.0022147542   -5.4095524 
   10000   0.20700746 -0.030464366   -5.3522067 
   11000   0.20054224 -0.0071672556    -5.366754 
   12000   0.18961283 -0.022845478   -5.4208843 
   13000   0.19732115 -0.0071535633   -5.3900844 
   14000   0.21110752 0.0050366812   -5.3700731 
   15000   0.19113922 -0.037195834   -5.4214521 
   16000   0.19778859 -0.030805859   -5.4168837 
   17000   0.21173076 -0.049764649   -5.3818067 
   18000   0.20244818 -0.033756906    -5.423311 
   19000   0.19621708 -0.047818384    -5.441619 
   20000   0.20382609 -0.038091905    -5.397223 
   21000   0.20643981  0.020743653   -5.4187693 
   22000   0.19217009 -0.055522633   -5.4598779 
   23000   0.20308825  0.025095305   -5.4291836 
   24000   0.20638508 0.0011203578   -5.4131104 
   25000   0.19535214  -0.03547554   -5.4543776 
   26000   0.20216192 -0.054914131   -5.4474869 
   27000   0.20519947  -0.02641537   -5.4183226 
   28000   0.19652333 -0.038826978   -5.4450746 
   29000   0.19215963 0.0031640296   -5.4597785 
   30000   0.20606591 -0.060773416   -5.4287297 
   31000   0.19871033 -0.059858474   -5.4507426 
   32000   0.19424006 -0.052699953   -5.4748667 
   33000   0.20294797 0.0079187619   -5.4468799 
   34000   0.20354828 0.00059297152   -5.4499326 
   35000   0.18880323 -0.082822903   -5.4868078 
   36000   0.19980212 -0.051676234    -5.471054 
   37000        0.205   0.02379645   -5.4542402 
   38000   0.19882496 0.0009196239   -5.4828887 
   39000   0.19428236 -0.015973183   -5.4832514 
   40000   0.20429364 -0.033953029   -5.4628893 
   41000   0.19673693  -0.04084443   -5.4751063 
   42000   0.19874021  0.002487773    -5.488828 
   43000   0.20358909 -0.031922215    -5.477342 
   44000   0.20817363 -0.025693362   -5.4753358 
   45000   0.19757015 -0.0041489817   -5.4944931 
   46000   0.20510602  0.019841567   -5.4852819 
   47000   0.19792727 0.0052143978   -5.4746122 
   48000   0.19759433 -0.036748351   -5.4915292 
   49000   0.19711773  0.015378057   -5.4943215 
   50000   0.20164288 -0.0084100892   -5.4813603 
Loop time of 30.6098 on 1 procs for 50000 steps with 1331 atoms

Performance: 564524.174 tau/day, 1633.461 timesteps/s
99.9% CPU use with 1 MPI tasks x no OpenMP threads

MPI task timing breakdown:
Section |  min time  |  avg time  |  max time  |%varavg| %total
---------------------------------------------------------------
Pair    | 25.803     | 25.803     | 25.803     |   0.0 | 84.30
Neigh   | 3.7219     | 3.7219     | 3.7219     |   0.0 | 12.16
Comm    | 0.13074    | 0.13074    | 0.13074    |   0.0 |  0.43
Output  | 0.026317   | 0.026317   | 0.026317   |   0.0 |  0.09
Modify  | 0.86019    | 0.86019    | 0.86019    |   0.0 |  2.81
Other   |            | 0.06773    |            |       |  0.22

Nlocal:    1331 ave 1331 max 1331 min
Histogram: 1 0 0 0 0 0 0 0 0 0
Nghost:    320 ave 320 max 320 min
Histogram: 1 0 0 0 0 0 0 0 0 0
Neighs:    44966 ave 44966 max 44966 min
Histogram: 1 0 0 0 0 0 0 0 0 0

Total # of neighbors = 44966
Ave neighs/atom = 33.7836
Neighbor list builds = 2500
Dangerous builds not checked

write_restart NVT/sim1/T_0.20__v_2.74/end1.restart
Total wall time: 0:00:30
