run 50000
Neighbor list info ...
  update every 20 steps, delay 0 steps, check no
  max neighbors/atom: 2000, page size: 100000
  master list distance cutoff = 2.8
  ghost atom cutoff = 2.8
  binsize = 1.4, bins = 16 16 16
  1 neighbor lists, perpetual/occasional/extra = 1 0 0
  (1) pair lj/cut, perpetual
      attributes: half, newton on
      pair build: half/bin/atomonly/newton
      stencil: half/bin/3d/newton
      bin: standard
Per MPI rank memory allocation (min/avg/max) = 2.7 | 2.7 | 2.7 Mbytes
Step Temp Press Volume Density PotEng KinEng TotEng 
       0          0.9  0.067005321        10648        0.125  -0.13561964    1.3489857    1.2133661 
    1000    1.2235583   0.12883517    7901.7567   0.16844356   -1.0393109    1.8339585    0.7946476 
    2000    1.0473461  0.084164753    6190.4662   0.21500804   -1.4380277    1.5698388   0.13181108 
    3000   0.98140275  0.075719476    4959.3718   0.26838077   -1.8793725    1.4709981  -0.40837435 
    4000   0.95284942  0.077533248     4022.075   0.33092371   -2.2845925    1.4282003  -0.85639219 
    5000    0.9470283   0.01823526    3343.4809   0.39808811   -2.7417476    1.4194752   -1.3222724 
    6000   0.94034896 -0.071145726    2816.3609   0.47259568   -3.1533914    1.4094637   -1.7439277 
    7000   0.90556811 -0.0083013486    2406.2623   0.55314002   -3.4990624    1.3573316   -2.1417308 
    8000   0.90905083  0.013971046    2111.4989    0.6303579    -3.835553    1.3625518   -2.4730012 
    9000   0.91791255   0.33082748    1928.1388     0.690303    -4.138458    1.3758344   -2.7626236 
   10000   0.89253826   0.28045893    1850.5676   0.71923881   -4.3291734    1.3378015   -2.9913719 
   11000   0.89615358   0.35746015    1836.5191   0.72474061    -4.387814    1.3432204   -3.0445936 
   12000   0.91841046   0.37125126    1841.5671   0.72275402   -4.3445459    1.3765807   -2.9679653 
   13000   0.89850488   0.38152014     1865.765   0.71338029   -4.2846027    1.3467447    -2.937858 
   14000   0.92681225   0.44063662    1851.2217   0.71898465   -4.3242953    1.3891739   -2.9351214 
   15000   0.92279746   0.24756556    1843.2932   0.72207721   -4.3639782    1.3831562   -2.9808219 
   16000   0.90803737   0.20898644    1851.1104    0.7190279   -4.3469256    1.3610327   -2.9858929 
   17000   0.90767869   0.33775589    1866.9474   0.71292849   -4.3041523    1.3604951   -2.9436571 
   18000   0.88614332   0.44029423     1862.713   0.71454914     -4.26713    1.3282163   -2.9389137 
   19000   0.89042558   0.21269375    1869.3801   0.71200075   -4.3016831    1.3346349   -2.9670482 
   20000   0.88446331   0.17353107    1859.8084   0.71566511   -4.3368046    1.3256982   -3.0111064 
   21000   0.87131772   0.26704782    1859.3859   0.71582775   -4.3143602    1.3059946   -3.0083656 
   22000   0.90740602   0.29779378    1872.9014   0.71066207   -4.2801172    1.3600864   -2.9200308 
   23000   0.91168543   0.22365053    1869.3788   0.71200122   -4.2922419    1.3665007   -2.9257412 
   24000   0.89564735    0.1366934    1850.8694    0.7191215   -4.3655661    1.3424617   -3.0231044 
   25000   0.88341616   0.30606624    1862.5847   0.71459838   -4.2854017    1.3241287   -2.9612731 
   26000   0.88058383   0.14695636    1892.9806   0.70312396   -4.2259288    1.3198834   -2.9060455 
   27000   0.88431107    0.3137851    1862.0015   0.71482218   -4.3072667      1.32547   -2.9817967 
   28000   0.87325077   0.16464971    1856.8242   0.71681528   -4.3530348     1.308892   -3.0441428 
   29000    0.9098145    0.2047755    1880.2764   0.70787466     -4.29376    1.3636964   -2.9300636 
   30000   0.89540739   0.27327897    1869.3206   0.71202338   -4.2741037     1.342102   -2.9320017 
   31000   0.87375206   0.33737227    1851.0713   0.71904309   -4.3343304    1.3096434    -3.024687 
   32000   0.85898219   0.13486314    1864.1426   0.71400115   -4.3193519    1.2875052   -3.0318467 
   33000   0.89183136  0.015241535    1875.0631   0.70984279   -4.3190107     1.336742   -2.9822687 
   34000   0.90181797  0.080570584    1872.7876   0.71070528   -4.3124483    1.3517106   -2.9607377 
   35000   0.91018425   0.29160234    1850.4026   0.71930291   -4.3251871    1.3642506   -2.9609364 
   36000   0.91381227   0.34685115    1831.3421    0.7267894    -4.388313    1.3696886   -3.0186244 
   37000   0.91063759   0.44597176    1833.2721   0.72602426   -4.3721864    1.3649301   -3.0072563 
   38000   0.91790591   0.33590173    1861.8863   0.71486643   -4.2950348    1.3758244   -2.9192104 
   39000   0.91193117   0.32490412    1855.9689   0.71714564   -4.3089165     1.366869   -2.9420474 
   40000   0.87717956   0.46540701    1832.4206    0.7263616    -4.353322    1.3147808   -3.0385412 
   41000   0.88860862    0.2219616    1860.8816    0.7152524   -4.2977111    1.3319115   -2.9657996 
   42000   0.89914801   0.51198713    1856.6453   0.71688436   -4.2894392    1.3477087   -2.9417305 
   43000    0.9047491   0.21683478    1848.2935   0.72012371   -4.3569879     1.356104   -3.0008839 
   44000   0.88433605   0.40235726    1826.1039   0.72887418   -4.3852841    1.3255075   -3.0597767 
   45000   0.91170307   0.23099338    1863.4012   0.71428527   -4.3169214    1.3665271   -2.9503942 
   46000   0.88497924  0.083685711    1886.0027   0.70572541   -4.2797529    1.3264715   -2.9532814 
   47000   0.88188862   0.27079012     1875.774   0.70957374   -4.2811216    1.3218391   -2.9592825 
   48000   0.86556068   0.17488288    1849.3491    0.7197127   -4.3530614    1.2973656   -3.0556959 
   49000   0.91170216   0.20503371    1845.0102   0.72140525   -4.3700971    1.3665258   -3.0035713 
   50000   0.88960833   0.37397126     1852.807   0.71836948   -4.3015253    1.3334099   -2.9681153 
Loop time of 31.9879 on 1 procs for 50000 steps with 1331 atoms

Performance: 540203.923 tau/day, 1563.090 timesteps/s
99.9% CPU use with 1 MPI tasks x no OpenMP threads

MPI task timing breakdown:
Section |  min time  |  avg time  |  max time  |%varavg| %total
---------------------------------------------------------------
Pair    | 25.001     | 25.001     | 25.001     |   0.0 | 78.16
Neigh   | 4.1874     | 4.1874     | 4.1874     |   0.0 | 13.09
Comm    | 0.65568    | 0.65568    | 0.65568    |   0.0 |  2.05
Output  | 0.025      | 0.025      | 0.025      |   0.0 |  0.08
Modify  | 1.9848     | 1.9848     | 1.9848     |   0.0 |  6.20
Other   |            | 0.134      |            |       |  0.42

Nlocal:    1331 ave 1331 max 1331 min
Histogram: 1 0 0 0 0 0 0 0 0 0
Nghost:    2832 ave 2832 max 2832 min
Histogram: 1 0 0 0 0 0 0 0 0 0
Neighs:    42866 ave 42866 max 42866 min
Histogram: 1 0 0 0 0 0 0 0 0 0

Total # of neighbors = 42866
Ave neighs/atom = 32.2059
Neighbor list builds = 2500
Dangerous builds not checked

write_restart lattice_11_11_11__2_2_2/sim1/T_0.90__P_0.30/end1.restart
Total wall time: 0:00:32
