run 50000
Neighbor list info ...
  update every 20 steps, delay 0 steps, check no
  max neighbors/atom: 2000, page size: 100000
  master list distance cutoff = 2.8
  ghost atom cutoff = 2.8
  binsize = 1.4, bins = 16 16 16
  1 neighbor lists, perpetual/occasional/extra = 1 0 0
  (1) pair lj/cut, perpetual
      attributes: half, newton on
      pair build: half/bin/atomonly/newton
      stencil: half/bin/3d/newton
      bin: standard
Per MPI rank memory allocation (min/avg/max) = 2.7 | 2.7 | 2.7 Mbytes
Step Temp Press Volume Density PotEng KinEng TotEng 
       0          1.1  0.091986538        10648        0.125  -0.13561964    1.6487603    1.5131407 
    1000     1.754988   0.33905576    5567.9527   0.23904657    -1.313439    2.6305042    1.3170652 
    2000    1.5160793    0.4175042    3713.2411   0.35844696   -2.0390601    2.2724104   0.23335029 
    3000    1.3735805   0.61235981    2722.4763   0.48889315   -2.7967933    2.0588227  -0.73797053 
    4000    1.3103406   0.78157004    2149.1694   0.61930902   -3.5456815    1.9640342   -1.5816474 
    5000    1.2180837    1.2116624    1867.8355   0.71258952   -4.1113178    1.8257527   -2.2855651 
    6000    1.1191308    1.5009672    1740.7803   0.76459966   -4.4667336    1.6774349   -2.7892987 
    7000    1.0609803    1.7638032     1700.901   0.78252644    -4.550555    1.5902748   -2.9602802 
    8000    1.0912249    1.8776857    1718.1249   0.77468173   -4.4590121    1.6356075   -2.8234046 
    9000    1.1253648    1.7975684    1738.8919   0.76542999   -4.3978781     1.686779   -2.7110991 
   10000    1.1045826    1.5343383    1729.3147   0.76966905   -4.4842654     1.655629   -2.8286364 
   11000    1.0834757    1.6004222    1714.2313    0.7764413   -4.5132946    1.6239926    -2.889302 
   12000    1.1077189    1.5597226    1727.9502   0.77027684   -4.4745698    1.6603299   -2.8142398 
   13000    1.1372246    1.7769813     1724.984   0.77160136   -4.4418074    1.7045553   -2.7372521 
   14000    1.0902623    1.8249982    1714.5767    0.7762849   -4.4741097    1.6341647    -2.839945 
   15000    1.0772807    1.7443243    1710.2289   0.77825839   -4.4998215    1.6147069   -2.8851145 
   16000    1.1094415    1.5912442    1727.0183   0.77069247   -4.4648904    1.6629119   -2.8019785 
   17000    1.1195351    1.8623285     1725.358   0.77143411   -4.4304347     1.678041   -2.7523937 
   18000    1.1281237    1.9694317    1705.7989   0.78027957   -4.4806001    1.6909141    -2.789686 
   19000    1.0723985    1.8334314    1712.2472   0.77734105   -4.4586263    1.6073892   -2.8512371 
   20000    1.0994185    1.6539042      1733.38   0.76786394   -4.4321396    1.6478888   -2.7842509 
   21000    1.1094155    1.4676182    1739.2048    0.7652923   -4.4700422    1.6628729   -2.8071693 
   22000    1.0553632    1.6510463    1728.4041   0.77007456   -4.4462595    1.5818554    -2.864404 
   23000    1.0742211    1.7591302    1718.6123   0.77446206   -4.4682855     1.610121   -2.8581645 
   24000    1.1074255    1.8355861    1718.1788   0.77465743   -4.4440711    1.6598903   -2.7841808 
   25000    1.1222807    1.7168535    1717.3747   0.77502015   -4.4739342    1.6821563   -2.7917779 
   26000    1.1055113    1.5046527    1717.0779   0.77515411     -4.53112     1.657021    -2.874099 
   27000    1.0798942    1.5650621    1735.2394   0.76704112   -4.4322874    1.6186243    -2.813663 
   28000    1.0962819    1.5260873    1748.6074   0.76117717   -4.4114804    1.6431874    -2.768293 
   29000    1.0907215    1.7095164    1723.3442   0.77233554   -4.4705818    1.6348531   -2.8357287 
   30000    1.0872431    2.0567838    1703.0166   0.78155435   -4.4735792    1.6296394   -2.8439398 
   31000    1.1238608    1.9007131     1715.553   0.77584314   -4.4694781    1.6845246   -2.7849535 
   32000    1.1065772    1.6452931    1725.2954   0.77146209   -4.4703516    1.6586188   -2.8117329 
   33000    1.0836926    1.6659778    1721.2962    0.7732545   -4.4779451    1.6243176   -2.8536274 
   34000    1.1501335     1.447833     1739.635   0.76510304   -4.4665263     1.723904   -2.7426223 
   35000    1.1254391    1.5343309    1723.6305   0.77220727   -4.5005998    1.6868903   -2.8137095 
   36000    1.1141014    1.6405956    1720.1635   0.77376367   -4.4952443    1.6698965   -2.8253478 
   37000    1.1789177    1.7890245    1716.1844   0.77555768   -4.4922668    1.7670479   -2.7252189 
   38000    1.1349304    1.8219266    1731.1628   0.76884738   -4.4237247    1.7011165   -2.7226082 
   39000    1.0594327    1.7059568    1722.8157   0.77257248   -4.4659991    1.5879551    -2.878044 
   40000    1.0584978    1.7929109    1725.0084   0.77159046   -4.4471061    1.5865538   -2.8605522 
   41000    1.1105173    1.6956762    1734.2305   0.76748739   -4.4320075    1.6645244   -2.7674832 
   42000    1.1064272    1.5605614    1720.9593   0.77340585    -4.492516     1.658394   -2.8341221 
   43000    1.0899155    1.8603464    1713.8158   0.77662955   -4.4654167    1.6336449   -2.8317718 
   44000    1.1098178    1.8314219    1723.7757   0.77214224   -4.4402422    1.6634759   -2.7767662 
   45000    1.0946916    1.9416714    1725.1146   0.77154296   -4.4284424    1.6408037   -2.7876386 
   46000    1.0979891     1.539114    1711.0099   0.77790314   -4.5390381    1.6457463   -2.8932918 
   47000    1.1086852    1.6063193    1729.6764    0.7695081   -4.4915523    1.6617783    -2.829774 
   48000    1.0789219    1.2710379    1758.0527   0.75708766   -4.4257366    1.6171669   -2.8085697 
   49000    1.0817149     1.680968    1725.1599   0.77152269   -4.4774364    1.6213533    -2.856083 
   50000    1.1133726    1.7348269     1710.992   0.77791129   -4.5105146    1.6688041   -2.8417105 
Loop time of 40.8712 on 1 procs for 50000 steps with 1331 atoms

Performance: 422792.102 tau/day, 1223.357 timesteps/s
99.6% CPU use with 1 MPI tasks x no OpenMP threads

MPI task timing breakdown:
Section |  min time  |  avg time  |  max time  |%varavg| %total
---------------------------------------------------------------
Pair    | 32.434     | 32.434     | 32.434     |   0.0 | 79.36
Neigh   | 5.046      | 5.046      | 5.046      |   0.0 | 12.35
Comm    | 0.81417    | 0.81417    | 0.81417    |   0.0 |  1.99
Output  | 0.02618    | 0.02618    | 0.02618    |   0.0 |  0.06
Modify  | 2.3537     | 2.3537     | 2.3537     |   0.0 |  5.76
Other   |            | 0.1968     |            |       |  0.48

Nlocal:    1331 ave 1331 max 1331 min
Histogram: 1 0 0 0 0 0 0 0 0 0
Nghost:    2877 ave 2877 max 2877 min
Histogram: 1 0 0 0 0 0 0 0 0 0
Neighs:    46490 ave 46490 max 46490 min
Histogram: 1 0 0 0 0 0 0 0 0 0

Total # of neighbors = 46490
Ave neighs/atom = 34.9286
Neighbor list builds = 2500
Dangerous builds not checked

write_restart lattice_11_11_11__2_2_2/sim1/T_1.10__P_1.70/end1.restart
Total wall time: 0:00:40
