run 50000
Neighbor list info ...
  update every 20 steps, delay 0 steps, check no
  max neighbors/atom: 2000, page size: 100000
  master list distance cutoff = 2.8
  ghost atom cutoff = 2.8
  binsize = 1.4, bins = 16 16 16
  1 neighbor lists, perpetual/occasional/extra = 1 0 0
  (1) pair lj/cut, perpetual
      attributes: half, newton on
      pair build: half/bin/atomonly/newton
      stencil: half/bin/3d/newton
      bin: standard
Per MPI rank memory allocation (min/avg/max) = 2.7 | 2.7 | 2.7 Mbytes
Step Temp Press Volume Density PotEng KinEng TotEng 
       0          0.1 -0.032919548        10648        0.125  -0.13561964    0.1498873  0.014267664 
    1000   0.66880374   -0.1827237    3131.4971   0.42503632   -2.8914132    1.0024519   -1.8889614 
    2000   0.51744528   0.38617256    1578.7049   0.84309615   -5.3731703   0.77558478   -4.5975855 
    3000   0.25330308   0.63592447    1375.2895   0.96779626   -6.3224596   0.37966915   -5.9427904 
    4000   0.13364241   0.65840897    1335.1335   0.99690405   -6.5903274   0.20031301   -6.3900144 
    5000  0.088233133     0.705564    1323.8403    1.0054083    -6.666977   0.13225026   -6.5347267 
    6000  0.095009623   0.71782427    1321.5117    1.0071799   -6.6825899   0.14240736   -6.5401825 
    7000   0.10976954   0.69330887    1323.9223     1.005346   -6.6683742   0.16453061   -6.5038436 
    8000  0.097633589   0.68148453    1319.2116     1.008936   -6.7016337   0.14634035   -6.5552934 
    9000  0.092771252   0.72722511    1318.2668     1.009659   -6.7048581   0.13905233   -6.5658058 
   10000   0.11148601   0.65726045    1321.4478    1.0072286   -6.6925253   0.16710338   -6.5254219 
   11000   0.10003012    0.7064367    1318.6184    1.0093899   -6.7044797   0.14993246   -6.5545472 
   12000  0.091942349   0.68927421    1316.8925    1.0107127   -6.7163712   0.13780991   -6.5785613 
   13000   0.10365717    0.7363513    1318.3161    1.0096213   -6.6985098   0.15536893   -6.5431409 
   14000   0.10264423   0.69144994    1318.8452    1.0092163   -6.7045586   0.15385067   -6.5507079 
   15000  0.093008345   0.68336946    1316.6235    1.0109192   -6.7221813    0.1394077   -6.5827736 
   16000   0.10113587   0.68801528     1317.977    1.0098811   -6.7101928   0.15158983    -6.558603 
   17000   0.10575004   0.69809146    1318.6158    1.0093918   -6.7074558   0.15850588   -6.5489499 
   18000  0.094353285   0.82966622     1313.685    1.0131805   -6.7201917   0.14142359   -6.5787681 
   19000   0.10088572   0.65299301    1317.9993     1.009864   -6.7191917   0.15121488   -6.5679768 
   20000   0.10486774   0.63290005    1320.0851    1.0082683   -6.7056267   0.15718342   -6.5484433 
   21000  0.094945982   0.74266319    1316.0467    1.0113623   -6.7164991   0.14231197   -6.5741871 
   22000  0.096144173   0.69315771    1316.6533    1.0108963   -6.7185539   0.14410791    -6.574446 
   23000   0.10265285   0.58429053    1321.1436    1.0074605   -6.7052437   0.15386358   -6.5513801 
   24000   0.10170683   0.83744673    1313.7744    1.0131115   -6.7179415   0.15244562   -6.5654959 
   25000  0.097185436   0.71125926    1316.1444    1.0112872   -6.7238743   0.14566863   -6.5782056 
   26000  0.099721379   0.65046228    1318.7614    1.0092804   -6.7092606   0.14946969   -6.5597909 
   27000   0.09883016   0.74912167    1315.7135    1.0116184   -6.7187751   0.14813386   -6.5706412 
   28000  0.097478465   0.63252681    1316.2146    1.0112333   -6.7378256   0.14610784   -6.5917178 
   29000   0.10188485   0.67683681    1316.8114     1.010775   -6.7229547   0.15271245   -6.5702423 
   30000    0.1034555   0.75373303    1315.2311    1.0119894   -6.7231545   0.15506666   -6.5680879 
   31000  0.097319776   0.72036189    1314.2623    1.0127354   -6.7369227   0.14586999   -6.5910528 
   32000   0.10099691   0.65457596    1314.9352    1.0122172   -6.7396293   0.15138154   -6.5882477 
   33000    0.1024052   0.78595044    1312.5969    1.0140204   -6.7352935   0.15349239   -6.5818011 
   34000  0.096154765   0.56675556    1316.6617    1.0108899   -6.7404086   0.14412378   -6.5962848 
   35000   0.10151097    0.7861165    1311.3716    1.0149679   -6.7465565   0.15215205   -6.5944045 
   36000  0.099998145   0.70414425    1313.7645    1.0131191   -6.7412853   0.14988452   -6.5914008 
   37000   0.10086372   0.61729061    1314.7457    1.0123631   -6.7481099   0.15118191   -6.5969279 
   38000  0.097075888   0.78095644    1311.4541     1.014904   -6.7450749   0.14550443   -6.5995705 
   39000  0.099440132   0.61206871    1315.1793    1.0120293   -6.7462223   0.14904813   -6.5971742 
   40000   0.10311858   0.72478866    1312.1143    1.0143933   -6.7519146   0.15456166    -6.597353 
   41000   0.10044516    0.6999508    1312.6117     1.014009   -6.7524657   0.15055454   -6.6019111 
   42000  0.099836633   0.65194117    1314.1167    1.0128477   -6.7483314   0.14964244    -6.598689 
   43000  0.099430667   0.80711204    1311.1775    1.0151181   -6.7453175   0.14903395   -6.5962835 
   44000  0.098313408   0.63968554    1314.1543    1.0128187   -6.7493198   0.14735932   -6.6019605 
   45000    0.1018164   0.69075266    1312.9407    1.0137548   -6.7513417   0.15260986   -6.5987318 
   46000   0.10305941   0.79148709     1310.808    1.0154042   -6.7496924   0.15447297   -6.5952194 
   47000  0.099651903   0.65359114    1313.7583    1.0131239   -6.7505578   0.14936555   -6.6011923 
   48000  0.098867683   0.74473243    1312.3221    1.0142327   -6.7467798    0.1481901   -6.5985897 
   49000   0.10322881   0.61588959    1314.4027    1.0126273   -6.7522116   0.15472688   -6.5974847 
   50000  0.099129102   0.65572984    1313.8138    1.0130812   -6.7494244   0.14858194   -6.6008425 
Loop time of 45.0331 on 1 procs for 50000 steps with 1331 atoms

Performance: 383717.346 tau/day, 1110.293 timesteps/s
99.9% CPU use with 1 MPI tasks x no OpenMP threads

MPI task timing breakdown:
Section |  min time  |  avg time  |  max time  |%varavg| %total
---------------------------------------------------------------
Pair    | 36.781     | 36.781     | 36.781     |   0.0 | 81.67
Neigh   | 5.1738     | 5.1738     | 5.1738     |   0.0 | 11.49
Comm    | 0.76013    | 0.76013    | 0.76013    |   0.0 |  1.69
Output  | 0.027523   | 0.027523   | 0.027523   |   0.0 |  0.06
Modify  | 2.0577     | 2.0577     | 2.0577     |   0.0 |  4.57
Other   |            | 0.2335     |            |       |  0.52

Nlocal:    1331 ave 1331 max 1331 min
Histogram: 1 0 0 0 0 0 0 0 0 0
Nghost:    3308 ave 3308 max 3308 min
Histogram: 1 0 0 0 0 0 0 0 0 0
Neighs:    60254 ave 60254 max 60254 min
Histogram: 1 0 0 0 0 0 0 0 0 0

Total # of neighbors = 60254
Ave neighs/atom = 45.2697
Neighbor list builds = 2500
Dangerous builds not checked

write_restart lattice_11_11_11__2_2_2/sim1/T_0.10__P_0.70/end1.restart
Total wall time: 0:00:45
