run 50000
Neighbor list info ...
  update every 20 steps, delay 0 steps, check no
  max neighbors/atom: 2000, page size: 100000
  master list distance cutoff = 2.8
  ghost atom cutoff = 2.8
  binsize = 1.4, bins = 16 16 16
  1 neighbor lists, perpetual/occasional/extra = 1 0 0
  (1) pair lj/cut, perpetual
      attributes: half, newton on
      pair build: half/bin/atomonly/newton
      stencil: half/bin/3d/newton
      bin: standard
Per MPI rank memory allocation (min/avg/max) = 2.7 | 2.7 | 2.7 Mbytes
Step Temp Press Volume Density PotEng KinEng TotEng 
       0          0.4  0.004552278        10648        0.125  -0.13561964   0.59954921   0.46392957 
    1000    1.0746365   0.16139016    4094.4571   0.32507362   -2.0117712    1.6107436  -0.40102757 
    2000    0.8856793 -0.071291264    2314.8233   0.57498989   -3.5139031    1.3275208   -2.1863823 
    3000   0.79830351    1.1608615    1624.5513   0.81930316   -4.9312103    1.1965556   -3.7346547 
    4000   0.56480523    1.5442939    1460.5037   0.91132945   -5.6510824   0.84657133   -4.8045111 
    5000   0.44451059    1.5272865    1393.3628   0.95524293   -6.0579585   0.66626494   -5.3916935 
    6000   0.36531009    1.6576676    1367.6444   0.97320619   -6.2040245   0.54755344    -5.656471 
    7000   0.38989465    1.6104343    1368.0125   0.97294435   -6.2137155   0.58440258   -5.6293129 
    8000   0.41344252    1.6409173    1377.1557   0.96648477   -6.1428904   0.61969784   -5.5231926 
    9000   0.39164961    1.6214896    1370.8232   0.97094946   -6.1933351   0.58703304   -5.6063021 
   10000   0.37217777    1.7147902    1363.2784   0.97632296   -6.2284248   0.55784721   -5.6705776 
   11000   0.41395313    1.5703526    1369.2116   0.97209225   -6.2154561   0.62046318   -5.5949929 
   12000   0.40973206    1.5361039    1373.0401   0.96938172   -6.1926998   0.61413634   -5.5785635 
   13000   0.39054246    1.6696548    1360.3753   0.97840647   -6.2541371   0.58537355   -5.6687636 
   14000   0.38583646    1.6936096    1362.3431   0.97699326   -6.2316752   0.57831986   -5.6533554 
   15000     0.400601    1.6058828    1370.8105   0.97095843   -6.1903182   0.60045003   -5.5898682 
   16000   0.40718907    1.7584134    1359.1368   0.97929801    -6.248545   0.61032472   -5.6382203 
   17000   0.37436301    1.4519281     1367.113   0.97358445   -6.2407595   0.56112261   -5.6796369 
   18000   0.40719772    1.7447075    1363.5449   0.97613217   -6.2193557   0.61033767    -5.609018 
   19000   0.40687756    1.5867838    1365.3254   0.97485916   -6.2334963    0.6098578   -5.6236385 
   20000     0.392244    1.5552167     1359.864   0.97877432   -6.2803171   0.58792396   -5.6923931 
   21000   0.39250111    1.6363537    1359.4577   0.97906685    -6.268634   0.58830933   -5.6803247 
   22000   0.40515563    1.5831596    1361.9925   0.97724475   -6.2602595   0.60727684   -5.6529827 
   23000   0.40183079    1.9056288    1348.4028   0.98709376   -6.3037944   0.60229333   -5.7015011 
   24000   0.39213326    1.3841367    1356.3927   0.98127921   -6.3388981   0.58775796   -5.7511402 
   25000   0.41697471    1.6172242    1352.2768   0.98426592   -6.3282486   0.62499215   -5.7032565 
   26000   0.39692974    1.6779763    1352.6559    0.9839901   -6.3098454   0.59494727   -5.7148982 
   27000   0.39412536    1.5748077    1349.0224   0.98664037   -6.3560261   0.59074387   -5.7652822 
   28000   0.39223456     1.688294    1347.8474   0.98750055   -6.3459618   0.58790981   -5.7580519 
   29000   0.40637079    1.6173386    1350.6173   0.98547532   -6.3355196   0.60909822   -5.7264214 
   30000   0.40600134    1.3353054    1350.2654   0.98573214   -6.3968145   0.60854446     -5.78827 
   31000   0.40309321    1.8789905    1327.9485    1.0022979   -6.4632859   0.60418554   -5.8591003 
   32000   0.39911782    1.4389703    1335.7722   0.99642739   -6.4781878   0.59822694   -5.8799609 
   33000   0.40884298    1.5394234     1334.335   0.99750066   -6.4742407   0.61280372    -5.861437 
   34000   0.40405073    1.5518843    1330.1852    1.0006125   -6.5000104   0.60562074   -5.8943896 
   35000   0.38532354    1.6687865    1327.6526    1.0025213   -6.4957657   0.57755105   -5.9182146 
   36000   0.41619996    1.5493173    1329.9854    1.0007628   -6.5076282   0.62383089   -5.8837973 
   37000    0.4094413    1.4735082    1326.0716    1.0037166   -6.5580991   0.61370052   -5.9443986 
   38000   0.38049955    1.7688598    1307.3296    1.0181059   -6.6495291   0.57032051   -6.0792086 
   39000   0.39569442    1.4225625    1310.6081    1.0155591   -6.6862847   0.59309569    -6.093189 
   40000   0.41855212    1.3529834    1316.7451    1.0108259   -6.6483099   0.62735648   -6.0209535 
   41000   0.40820452    1.8317501    1304.8177    1.0200658   -6.6630664   0.61184674   -6.0512196 
   42000   0.40182888    1.4120598    1308.4761    1.0172138   -6.7046909   0.60229048   -6.1024004 
   43000   0.39945399    1.4825406    1314.2168    1.0127705   -6.6425959   0.59873081   -6.0438651 
   44000   0.41632255     1.674518    1309.6387    1.0163108   -6.6559004   0.62401464   -6.0318858 
   45000   0.39157481    1.5474415    1307.6739    1.0178379   -6.6879637   0.58692092   -6.1010428 
   46000   0.39426408    1.4897873     1311.461    1.0148986   -6.6677371    0.5909518   -6.0767853 
   47000   0.41098355    1.7134766    1310.9955     1.015259   -6.6398201   0.61601216   -6.0238079 
   48000   0.39406616    1.7601069    1306.5472    1.0187156   -6.6665952   0.59065515     -6.07594 
   49000   0.38999198     1.382211    1311.8442    1.0146022   -6.6877116   0.58454845   -6.1031632 
   50000   0.40986198    1.7255499    1309.1644     1.016679   -6.6520428   0.61433107   -6.0377117 
Loop time of 43.203 on 1 procs for 50000 steps with 1331 atoms

Performance: 399972.462 tau/day, 1157.328 timesteps/s
99.9% CPU use with 1 MPI tasks x no OpenMP threads

MPI task timing breakdown:
Section |  min time  |  avg time  |  max time  |%varavg| %total
---------------------------------------------------------------
Pair    | 35.015     | 35.015     | 35.015     |   0.0 | 81.05
Neigh   | 5.1223     | 5.1223     | 5.1223     |   0.0 | 11.86
Comm    | 0.75859    | 0.75859    | 0.75859    |   0.0 |  1.76
Output  | 0.024615   | 0.024615   | 0.024615   |   0.0 |  0.06
Modify  | 2.0532     | 2.0532     | 2.0532     |   0.0 |  4.75
Other   |            | 0.2292     |            |       |  0.53

Nlocal:    1331 ave 1331 max 1331 min
Histogram: 1 0 0 0 0 0 0 0 0 0
Nghost:    3235 ave 3235 max 3235 min
Histogram: 1 0 0 0 0 0 0 0 0 0
Neighs:    58240 ave 58240 max 58240 min
Histogram: 1 0 0 0 0 0 0 0 0 0

Total # of neighbors = 58240
Ave neighs/atom = 43.7566
Neighbor list builds = 2500
Dangerous builds not checked

write_restart lattice_11_11_11__2_2_2/sim1/T_0.40__P_1.60/end1.restart
Total wall time: 0:00:43
