run 50000
Neighbor list info ...
  update every 20 steps, delay 0 steps, check no
  max neighbors/atom: 2000, page size: 100000
  master list distance cutoff = 2.8
  ghost atom cutoff = 2.8
  binsize = 1.4, bins = 13 13 13
  1 neighbor lists, perpetual/occasional/extra = 1 0 0
  (1) pair lj/cut, perpetual
      attributes: half, newton on
      pair build: half/bin/atomonly/newton
      stencil: half/bin/3d/newton
      bin: standard
Per MPI rank memory allocation (min/avg/max) = 2.742 | 2.742 | 2.742 Mbytes
Step Temp Press TotEng 
       0          1.5 0.0066764432    1.6032366 
    1000    1.5763641   0.27924727    1.0771691 
    2000    1.4579674   0.25579369    0.8095587 
    3000    1.5149946    0.2477511   0.94524722 
    4000    1.5004781   0.21103536    0.8672599 
    5000    1.5022118   0.22280851   0.88415799 
    6000    1.5213576   0.23104566   0.94140188 
    7000    1.4432423    0.2376466   0.83027422 
    8000    1.5557869   0.24575134   0.98257004 
    9000    1.4817736   0.23051178   0.85608406 
   10000     1.548197   0.30166171   0.96355114 
   11000     1.549242   0.26115742   0.97577148 
   12000    1.4835589   0.22068206   0.86119392 
   13000    1.5495056   0.27267416   0.96961985 
   14000    1.4488664   0.21708728   0.81423616 
   15000    1.5367804   0.26797195   0.92976708 
   16000    1.4917924   0.25869042   0.89041001 
   17000    1.5764019   0.29786871    1.0401309 
   18000     1.478696   0.26032229   0.88640047 
   19000      1.52206   0.25964054   0.91963692 
   20000    1.5433165   0.32778722   0.99705236 
   21000    1.4915389   0.22351431   0.84083699 
   22000    1.5190082   0.25862368   0.94178524 
   23000    1.4408511   0.24083732   0.75213322 
   24000    1.4652422   0.28854161    0.8753903 
   25000    1.5162565   0.28531164    0.9420692 
   26000    1.4380938   0.24144738   0.77978183 
   27000    1.5204475   0.21424543   0.90745696 
   28000    1.5180297   0.21765746   0.89047096 
   29000     1.483632   0.22791449   0.83941085 
   30000    1.5639818   0.26866592   0.99149512 
   31000    1.4718072   0.23850729   0.86000609 
   32000    1.4987403    0.2876341   0.91642689 
   33000    1.5239819   0.25909535   0.92863817 
   34000    1.4848002   0.22356236   0.86948576 
   35000    1.5097877   0.24296838   0.94138314 
   36000    1.5085445   0.24328156     0.876842 
   37000    1.4930404   0.21593502   0.85808415 
   38000    1.5162739   0.32020186   0.94522032 
   39000    1.4297524   0.23487462   0.77816843 
   40000    1.4828064   0.27318416   0.90470654 
   41000    1.5120185   0.27177456   0.89700391 
   42000    1.4982697   0.20382246   0.82893812 
   43000    1.5018583    0.2424772   0.88219339 
   44000    1.5195592   0.27323702   0.89986342 
   45000    1.5125736   0.27670335   0.95353557 
   46000    1.4611052   0.20843397   0.83003186 
   47000    1.5386979   0.27653835   0.92161599 
   48000    1.4217193   0.21029704    0.7430091 
   49000     1.541466   0.27300445   0.93831708 
   50000    1.4871231    0.2310154   0.84652169 
Loop time of 13.4845 on 1 procs for 50000 steps with 1331 atoms

Performance: 1281469.636 tau/day, 3707.956 timesteps/s
99.8% CPU use with 1 MPI tasks x no OpenMP threads

MPI task timing breakdown:
Section |  min time  |  avg time  |  max time  |%varavg| %total
---------------------------------------------------------------
Pair    | 9.3457     | 9.3457     | 9.3457     |   0.0 | 69.31
Neigh   | 2.7168     | 2.7168     | 2.7168     |   0.0 | 20.15
Comm    | 0.4501     | 0.4501     | 0.4501     |   0.0 |  3.34
Output  | 0.022696   | 0.022696   | 0.022696   |   0.0 |  0.17
Modify  | 0.84991    | 0.84991    | 0.84991    |   0.0 |  6.30
Other   |            | 0.09928    |            |       |  0.74

Nlocal:    1331 ave 1331 max 1331 min
Histogram: 1 0 0 0 0 0 0 0 0 0
Nghost:    1701 ave 1701 max 1701 min
Histogram: 1 0 0 0 0 0 0 0 0 0
Neighs:    14172 ave 14172 max 14172 min
Histogram: 1 0 0 0 0 0 0 0 0 0

Total # of neighbors = 14172
Ave neighs/atom = 10.6476
Neighbor list builds = 2500
Dangerous builds not checked

write_restart NVT/sim1/T_1.50__v_4.10/end1.restart
Total wall time: 0:00:13
