run 50000
Neighbor list info ...
  update every 20 steps, delay 0 steps, check no
  max neighbors/atom: 2000, page size: 100000
  master list distance cutoff = 2.8
  ghost atom cutoff = 2.8
  binsize = 1.4, bins = 16 16 16
  1 neighbor lists, perpetual/occasional/extra = 1 0 0
  (1) pair lj/cut, perpetual
      attributes: half, newton on
      pair build: half/bin/atomonly/newton
      stencil: half/bin/3d/newton
      bin: standard
Per MPI rank memory allocation (min/avg/max) = 2.7 | 2.7 | 2.7 Mbytes
Step Temp Press Volume Density PotEng KinEng TotEng 
       0          1.1  0.091986538        10648        0.125  -0.13561964    1.6487603    1.5131407 
    1000    1.6803502   0.36043207    5866.7694   0.22687103   -1.2354956    2.5186316    1.2831361 
    2000    1.4568237   0.35803091    4007.1631   0.33215519   -1.8815937    2.1835937   0.30200007 
    3000    1.3228682   0.41942554    2963.5639    0.4491214   -2.5823318    1.9828115  -0.59952027 
    4000    1.2580671   0.46158416    2340.5845   0.56866137   -3.2628647    1.8856828   -1.3771819 
    5000    1.1905135    1.0503879    1981.1202   0.67184213    -3.829074    1.7844285   -2.0446454 
    6000    1.1076043    1.3997498    1816.9529   0.73254512   -4.2326998    1.6601581   -2.5725416 
    7000    1.0633715    1.4804827     1748.409   0.76126354    -4.425419    1.5938588   -2.8315602 
    8000    1.0853033    1.4367103    1755.2087   0.75831439   -4.4053452    1.6267318   -2.7786134 
    9000    1.1245296    1.3572161    1787.8337   0.74447641   -4.3039611    1.6855272   -2.6184339 
   10000     1.083623    1.4858813    1784.7445   0.74576503   -4.3082768    1.6242132   -2.6840636 
   11000    1.1163626    1.4677899    1757.2445   0.75743584   -4.4123125    1.6732858   -2.7390267 
   12000    1.0908521    1.4277345     1764.643   0.75426022   -4.3702933    1.6350488   -2.7352445 
   13000    1.1072838    1.5972276    1779.0803   0.74813938   -4.3032847    1.6596778   -2.6436069 
   14000    1.1208876    1.4011344     1780.929   0.74736277   -4.3262643    1.6800681   -2.6461962 
   15000    1.1082739    1.4705084      1768.31   0.75269607   -4.3472329    1.6611618   -2.6860711 
   16000    1.0922408    1.1141407    1776.2249   0.74934204   -4.4087895    1.6371302   -2.7716593 
   17000    1.0861958    1.2243996    1783.1758   0.74642107   -4.3584342    1.6280695   -2.7303647 
   18000    1.1089715    1.3200497    1784.1411   0.74601724   -4.3283098    1.6622074   -2.6661024 
   19000    1.1349391    1.7198648    1761.8903   0.75543862    -4.350249    1.7011296   -2.6491194 
   20000    1.0584984    1.5791952    1765.7696   0.75377897   -4.3325509    1.5865547   -2.7459962 
   21000    1.1187516    1.3080588    1763.6145   0.75470007   -4.4027161    1.6768666   -2.7258495 
   22000     1.099137    1.5314205    1772.5428   0.75089864   -4.3323456    1.6474668   -2.6848788 
   23000    1.1104742    1.5518352    1774.6649   0.75000076   -4.3335019    1.6644598   -2.6690421 
   24000    1.0760221    1.5567081    1768.5208   0.75260635   -4.3294135    1.6128205    -2.716593 
   25000     1.048557    1.4752684    1765.9854   0.75368687   -4.3479138    1.5716538     -2.77626 
   26000    1.0522029     1.154881    1787.1567   0.74475843   -4.3472111    1.5771186   -2.7700925 
   27000    1.0932936     1.248155    1783.7971   0.74616111   -4.3405915    1.6387082   -2.7018833 
   28000    1.0952962    1.5108726    1777.2377     0.748915   -4.3038004    1.6417099   -2.6620904 
   29000    1.0922721    1.4082156    1773.3719   0.75054761   -4.3578723    1.6371772   -2.7206951 
   30000    1.0951972    1.5421422     1756.553   0.75773405   -4.3819656    1.6415615   -2.7404041 
   31000    1.0991783    1.6762996    1753.9889   0.75884177   -4.3745309    1.6475287   -2.7270022 
   32000    1.1468351    1.5775534    1762.0396   0.75537463   -4.3455358    1.7189602   -2.6265756 
   33000    1.1041459    1.5680296    1767.7006   0.75295555   -4.3433993    1.6549746   -2.6884247 
   34000    1.0988427    1.3673733    1778.4277   0.74841388    -4.353804    1.6470257   -2.7067783 
   35000    1.0763074      1.28244     1794.976   0.74151409    -4.305046    1.6132482   -2.6917978 
   36000    1.1323092    1.2156561    1790.8674   0.74321526   -4.3463541    1.6971878   -2.6491663 
   37000    1.1178562    1.4282721    1758.5172   0.75688769   -4.4034394    1.6755246   -2.7279148 
   38000    1.0824656    1.5630051    1766.3977   0.75351095   -4.3415431    1.6224784   -2.7190647 
   39000    1.1162231    1.4770799    1794.3281   0.74178185   -4.2707938    1.6730767   -2.5977171 
   40000    1.1046427    1.4290444     1780.483   0.74754996   -4.3126626    1.6557191   -2.6569435 
   41000    1.1013912    1.7586303    1749.0199   0.76099761   -4.3653159    1.6508456   -2.7144704 
   42000    1.1367359    1.3536221    1757.5797   0.75729141    -4.410153    1.7038228   -2.7063301 
   43000    1.1383206      1.54915    1777.1737     0.748942   -4.3048509     1.706198   -2.5986528 
   44000    1.1225934    1.3439489    1775.1738   0.74978573   -4.3460703     1.682625   -2.6634453 
   45000    1.0975732    1.3548179    1766.3844    0.7535166   -4.3823293    1.6451229   -2.7372064 
   46000    1.0447389    1.2664226    1787.2127   0.74473509   -4.3253966     1.565931   -2.7594656 
   47000    1.0903219    1.2314007    1796.2393   0.74099257   -4.3086839    1.6342542   -2.6744297 
   48000    1.0927107    1.3993473    1786.6345   0.74497609   -4.3024463    1.6378346   -2.6646118 
   49000     1.083791    1.3009222     1770.124   0.75192472   -4.3763184     1.624465   -2.7518534 
   50000    1.1012141    1.4686273    1769.3671   0.75224639   -4.3527075    1.6505801   -2.7021274 
Loop time of 40.2879 on 1 procs for 50000 steps with 1331 atoms

Performance: 428912.729 tau/day, 1241.067 timesteps/s
99.9% CPU use with 1 MPI tasks x no OpenMP threads

MPI task timing breakdown:
Section |  min time  |  avg time  |  max time  |%varavg| %total
---------------------------------------------------------------
Pair    | 31.806     | 31.806     | 31.806     |   0.0 | 78.95
Neigh   | 5.0775     | 5.0775     | 5.0775     |   0.0 | 12.60
Comm    | 0.81363    | 0.81363    | 0.81363    |   0.0 |  2.02
Output  | 0.029284   | 0.029284   | 0.029284   |   0.0 |  0.07
Modify  | 2.3784     | 2.3784     | 2.3784     |   0.0 |  5.90
Other   |            | 0.1829     |            |       |  0.45

Nlocal:    1331 ave 1331 max 1331 min
Histogram: 1 0 0 0 0 0 0 0 0 0
Nghost:    2810 ave 2810 max 2810 min
Histogram: 1 0 0 0 0 0 0 0 0 0
Neighs:    45094 ave 45094 max 45094 min
Histogram: 1 0 0 0 0 0 0 0 0 0

Total # of neighbors = 45094
Ave neighs/atom = 33.8798
Neighbor list builds = 2500
Dangerous builds not checked

write_restart lattice_11_11_11__2_2_2/sim1/T_1.10__P_1.40/end1.restart
Total wall time: 0:00:40
