run 50000
Neighbor list info ...
  update every 20 steps, delay 0 steps, check no
  max neighbors/atom: 2000, page size: 100000
  master list distance cutoff = 2.8
  ghost atom cutoff = 2.8
  binsize = 1.4, bins = 10 10 10
  1 neighbor lists, perpetual/occasional/extra = 1 0 0
  (1) pair lj/cut, perpetual
      attributes: half, newton on
      pair build: half/bin/atomonly/newton
      stencil: half/bin/3d/newton
      bin: standard
Per MPI rank memory allocation (min/avg/max) = 2.742 | 2.742 | 2.742 Mbytes
Step Temp Press TotEng 
       0          0.8   -1.7506508   -2.0308729 
    1000   0.85563805 -0.071772628   -2.1110489 
    2000   0.82548119  -0.10890766   -2.3033069 
    3000   0.82314257 -0.095309296   -2.4840841 
    4000   0.78501131 -0.083634163     -2.60458 
    5000   0.79520956  -0.15599874   -2.6129459 
    6000   0.78718996  -0.14181467    -2.659628 
    7000   0.77240374 -0.090324327   -2.6547975 
    8000   0.78621507  -0.17955636   -2.5709656 
    9000   0.81596212 -0.043590551   -2.5231606 
   10000   0.80146249  0.032786687   -2.5687265 
   11000   0.80103092 -0.019980445    -2.576338 
   12000   0.82829233 -0.074052169   -2.6546004 
   13000   0.80541173 0.0097834653   -2.6883573 
   14000   0.80352169 -0.030688653   -2.6158046 
   15000   0.82122456  0.068996678   -2.6077112 
   16000   0.81877691 0.0074059367     -2.67304 
   17000   0.78159855  -0.05809171   -2.6832632 
   18000   0.79839933  -0.16522799    -2.568541 
   19000   0.80194627  -0.16245777   -2.5960917 
   20000   0.79590452 -0.080331257   -2.5800165 
   21000   0.81200499  -0.14441079   -2.6319205 
   22000   0.78807081  -0.10192488   -2.7032194 
   23000   0.77062715  0.077650713   -2.8089612 
   24000   0.77422469 -0.085321879   -2.7299495 
   25000   0.78505861 -0.092520953   -2.7090029 
   26000   0.79218269  -0.12304039   -2.6222247 
   27000   0.78433945 -0.023810996   -2.6275437 
   28000    0.7776774 -0.035079529   -2.6501886 
   29000   0.81332341   0.02349989   -2.6293778 
   30000   0.80437057 -0.084046222   -2.6119948 
   31000    0.8137731 -0.031633105   -2.5584412 
   32000   0.78729813  -0.10334987   -2.6041118 
   33000   0.79014437 -0.088948225   -2.6817228 
   34000   0.78911858 -0.072071877   -2.6567069 
   35000   0.80486546 -0.030989276   -2.5937289 
   36000   0.79615226  -0.13976843   -2.4958897 
   37000   0.81938554  -0.22371116   -2.5186712 
   38000   0.79506278  -0.18502137   -2.5870007 
   39000   0.77783582 -0.047698317   -2.6345525 
   40000   0.81461165  -0.06293498   -2.6906764 
   41000   0.80434792 -0.060498926   -2.6616527 
   42000   0.81091958 -0.089802566   -2.5845641 
   43000   0.80606088 -0.0017120105   -2.6127357 
   44000   0.77291656  -0.16051271   -2.7109566 
   45000   0.79405026 -0.064685696   -2.6897233 
   46000   0.76310074 -0.076244033     -2.69588 
   47000   0.81397063  -0.11880695   -2.6347802 
   48000   0.82903165  -0.12425746   -2.6156804 
   49000   0.77524539  -0.21240498   -2.7119646 
   50000       0.8066 -0.094423013   -2.6387837 
Loop time of 26.5844 on 1 procs for 50000 steps with 1331 atoms

Performance: 650005.028 tau/day, 1880.802 timesteps/s
99.9% CPU use with 1 MPI tasks x no OpenMP threads

MPI task timing breakdown:
Section |  min time  |  avg time  |  max time  |%varavg| %total
---------------------------------------------------------------
Pair    | 21.604     | 21.604     | 21.604     |   0.0 | 81.27
Neigh   | 3.5878     | 3.5878     | 3.5878     |   0.0 | 13.50
Comm    | 0.41946    | 0.41946    | 0.41946    |   0.0 |  1.58
Output  | 0.024483   | 0.024483   | 0.024483   |   0.0 |  0.09
Modify  | 0.84914    | 0.84914    | 0.84914    |   0.0 |  3.19
Other   |            | 0.09924    |            |       |  0.37

Nlocal:    1331 ave 1331 max 1331 min
Histogram: 1 0 0 0 0 0 0 0 0 0
Nghost:    1704 ave 1704 max 1704 min
Histogram: 1 0 0 0 0 0 0 0 0 0
Neighs:    36260 ave 36260 max 36260 min
Histogram: 1 0 0 0 0 0 0 0 0 0

Total # of neighbors = 36260
Ave neighs/atom = 27.2427
Neighbor list builds = 2500
Dangerous builds not checked

write_restart NVT/sim1/T_0.80__v_1.73/end1.restart
Total wall time: 0:00:26
