run 50000
Neighbor list info ...
  update every 20 steps, delay 0 steps, check no
  max neighbors/atom: 2000, page size: 100000
  master list distance cutoff = 2.8
  ghost atom cutoff = 2.8
  binsize = 1.4, bins = 19 19 19
  1 neighbor lists, perpetual/occasional/extra = 1 0 0
  (1) pair lj/cut, perpetual
      attributes: half, newton on
      pair build: half/bin/atomonly/newton
      stencil: half/bin/3d/newton
      bin: standard
Per MPI rank memory allocation (min/avg/max) = 2.717 | 2.717 | 2.717 Mbytes
Step Temp Press TotEng 
       0          0.3  0.011645048   0.42504729 
    1000   0.46243842  0.015465375   0.11502101 
    2000   0.47235385 0.0085657235  -0.36042109 
    3000   0.45944244 0.0030533853  -0.86193438 
    4000   0.46112909 0.0045025632   -1.4330546 
    5000   0.43272931 -0.0083636314   -1.9818999 
    6000   0.37941225 -0.0033878587    -2.458294 
    7000   0.33621049 -0.00059049159   -2.8125283 
    8000   0.33255847 -0.0094193881   -3.0907279 
    9000   0.29843317 -0.0011695029   -3.2809406 
   10000   0.29907126 0.0077931045   -3.3813944 
   11000   0.28722882 -0.0079033767   -3.4148718 
   12000   0.30077485 0.0069044154   -3.4031635 
   13000   0.29162857 -0.0065872859   -3.4342965 
   14000   0.30282681 0.0022371662   -3.4971269 
   15000   0.29717462 0.0023911231   -3.5507442 
   16000   0.29964787 0.0095650394   -3.5312811 
   17000   0.29810221 -0.0092288604   -3.5100971 
   18000   0.30026693 0.0024735907   -3.5504979 
   19000    0.2986461 0.0057431516   -3.5588317 
   20000   0.30601214  0.004428595   -3.5289564 
   21000   0.28967856 0.0053664007   -3.5672498 
   22000   0.29590752 0.0092657102   -3.6005954 
   23000   0.30854291 -0.0062888884   -3.5501406 
   24000   0.31133564 0.0052226046   -3.5484994 
   25000   0.30264235 0.0094074862   -3.6189654 
   26000   0.30731654 -0.004107842   -3.6113614 
   27000   0.30348969 0.0061875627   -3.5823511 
   28000    0.2989239 -0.0074514624   -3.6115927 
   29000   0.29811284 -0.00060288281   -3.6526359 
   30000   0.30463945 -0.0028393959   -3.6474361 
   31000   0.28912935 0.0099331721   -3.6965592 
   32000   0.28875398 -0.004052152   -3.7476108 
   33000   0.30395064 0.0044758753   -3.7316991 
   34000   0.30879352 0.0038340387   -3.7485577 
   35000    0.2919272 -0.010325947    -3.814276 
   36000   0.29509837 -0.0056297805   -3.8075483 
   37000   0.31357338 0.0098751899   -3.7869624 
   38000   0.30374705 -0.0064460566   -3.8400138 
   39000   0.30113738 -0.00053008789   -3.8677562 
   40000   0.30595255 -0.0031930996   -3.8440911 
   41000   0.30578932 -0.0018128251    -3.843432 
   42000   0.29874571 -0.0097049987   -3.8690427 
   43000   0.29749237  0.006031405   -3.8605559 
   44000   0.30823314 -0.0057251093   -3.8433913 
   45000   0.29994419 -0.0088926719   -3.8727627 
   46000   0.29661774   0.01015662   -3.8958322 
   47000   0.30065892 -0.0049176304   -3.8723881 
   48000   0.31413617 -0.0016703497   -3.8547399 
   49000   0.29650565 -0.0058972815   -3.8872651 
   50000   0.30027983 -0.0023128029   -3.8789407 
Loop time of 20.146 on 1 procs for 50000 steps with 1331 atoms

Performance: 857740.486 tau/day, 2481.888 timesteps/s
99.8% CPU use with 1 MPI tasks x no OpenMP threads

MPI task timing breakdown:
Section |  min time  |  avg time  |  max time  |%varavg| %total
---------------------------------------------------------------
Pair    | 16.166     | 16.166     | 16.166     |   0.0 | 80.24
Neigh   | 2.4043     | 2.4043     | 2.4043     |   0.0 | 11.93
Comm    | 0.37258    | 0.37258    | 0.37258    |   0.0 |  1.85
Output  | 0.028922   | 0.028922   | 0.028922   |   0.0 |  0.14
Modify  | 1.064      | 1.064      | 1.064      |   0.0 |  5.28
Other   |            | 0.11       |            |       |  0.55

Nlocal:    1331 ave 1331 max 1331 min
Histogram: 1 0 0 0 0 0 0 0 0 0
Nghost:    1178 ave 1178 max 1178 min
Histogram: 1 0 0 0 0 0 0 0 0 0
Neighs:    27543 ave 27543 max 27543 min
Histogram: 1 0 0 0 0 0 0 0 0 0

Total # of neighbors = 27543
Ave neighs/atom = 20.6935
Neighbor list builds = 2500
Dangerous builds not checked

write_restart NVT/sim1/T_0.30__v_13.82/end1.restart
Total wall time: 0:00:20
