run 50000
Neighbor list info ...
  update every 20 steps, delay 0 steps, check no
  max neighbors/atom: 2000, page size: 100000
  master list distance cutoff = 2.8
  ghost atom cutoff = 2.8
  binsize = 1.4, bins = 16 16 16
  1 neighbor lists, perpetual/occasional/extra = 1 0 0
  (1) pair lj/cut, perpetual
      attributes: half, newton on
      pair build: half/bin/atomonly/newton
      stencil: half/bin/3d/newton
      bin: standard
Per MPI rank memory allocation (min/avg/max) = 2.7 | 2.7 | 2.7 Mbytes
Step Temp Press Volume Density PotEng KinEng TotEng 
       0          0.8  0.054514712        10648        0.125  -0.13561964    1.1990984    1.0634788 
    1000    1.3634502   0.20586118    5723.1889   0.23256265   -1.3832206    2.0436387   0.66041809 
    2000    1.1629973   0.16099096    3812.3323   0.34913011   -2.1649915    1.7431853  -0.42180621 
    3000    1.0294086   0.11978857    2725.9834   0.48826417   -2.9761848    1.5429528    -1.433232 
    4000   0.95925606   0.34559629    2082.8172   0.63903831   -3.7638596     1.437803   -2.3260565 
    5000   0.93194003   0.78146153    1764.6424   0.75426045   -4.4906042    1.3968598   -3.0937444 
    6000   0.83506924   0.87956209    1644.9179   0.80915894   -4.9141254    1.2516628   -3.6624626 
    7000    0.7749309    1.0469218    1592.5299   0.83577706   -5.1024685     1.161523   -3.9409455 
    8000   0.80552883    1.0864988    1590.3098   0.83694383   -5.1016915    1.2073854    -3.894306 
    9000   0.80463556    1.3504121    1616.7255   0.82326902   -4.9393032    1.2060465   -3.7332567 
   10000    0.8324436   0.91871678    1626.2541   0.81844531   -4.9772819    1.2477273   -3.7295547 
   11000   0.80270384    1.0280964    1599.5383   0.83211514   -5.0825412    1.2031511     -3.87939 
   12000   0.76897437    1.1186629    1595.6222   0.83415738   -5.0569342    1.1525949   -3.9043393 
   13000   0.79173148    1.1494767    1616.0828   0.82359642   -4.9631957     1.186705   -3.7764907 
   14000   0.80773471    1.1583955    1615.8384     0.823721   -4.9787593    1.2106918   -3.7680675 
   15000   0.77206324    1.1272015    1604.8243   0.82937427   -5.0339735    1.1572248   -3.8767487 
   16000   0.79115026    1.0905041    1602.5833   0.83053406   -5.0469687    1.1858338   -3.8611349 
   17000   0.79963821    0.9407324    1618.7467   0.82224107   -5.0041664    1.1985561   -3.8056102 
   18000    0.8045986     1.213906    1609.6509   0.82688739   -4.9904712    1.2059911   -3.7844801 
   19000   0.76847823   0.92186927    1617.3932   0.82292917   -4.9995653    1.1518513   -3.8477141 
   20000   0.82954935    1.2987374    1586.1637   0.83913153   -5.0866891    1.2433892      -3.8433 
   21000   0.79374721   0.90155865    1613.1776   0.82507963   -5.0331059    1.1897263   -3.8433796 
   22000   0.81974068    1.1470924    1608.6748   0.82738912   -5.0191869    1.2286872   -3.7904998 
   23000   0.81047301    1.0334094    1620.7366   0.82123151   -4.9862453    1.2147961   -3.7714491 
   24000   0.80023761    1.0996657    1602.9317   0.83035351   -5.0519743    1.1994546   -3.8525197 
   25000   0.78472889    1.2910467    1592.1847   0.83595827   -5.0493693     1.176209   -3.8731603 
   26000   0.79185907   0.97170457    1615.0086   0.82414423   -5.0045523    1.1868962   -3.8176561 
   27000   0.83981811    1.0315172     1614.252   0.82453051   -5.0070886    1.2587807   -3.7483079 
   28000   0.79460853   0.99908066    1613.7809   0.82477119   -5.0220182    1.1910173   -3.8310009 
   29000   0.79505867    1.1801032    1593.7125    0.8351569   -5.0694269     1.191692   -3.8777349 
   30000   0.76220657    1.0894614    1616.1844   0.82354466   -4.9889362    1.1424509   -3.8464853 
   31000   0.81589639     1.167778    1606.1611   0.82868401     -5.02645    1.2229251   -3.8035249 
   32000   0.81036847     1.054844     1616.725   0.82326928   -4.9933515    1.2146394   -3.7787121 
   33000   0.78796511   0.93607886    1615.4804   0.82390351   -5.0069731    1.1810596   -3.8259135 
   34000   0.79606143    1.2816088     1593.048   0.83550528   -5.0512533     1.193195   -3.8580583 
   35000   0.80058187    1.1001176    1607.2552   0.82811987   -5.0278974    1.1999706   -3.8279268 
   36000   0.81427672    1.0095122    1617.8776   0.82268276   -4.9891334    1.2204974   -3.7686359 
   37000   0.79852942    1.3219928    1602.0302   0.83082082     -5.00732    1.1968942   -3.8104258 
   38000   0.79213367    1.0043022    1605.5486   0.82900012   -5.0472266    1.1873078   -3.8599188 
   39000   0.80615737    1.2971119     1602.686   0.83048083   -4.9993732    1.2083275   -3.7910457 
   40000   0.79054587    1.0362529    1625.9515    0.8185976   -4.9602012    1.1849279   -3.7752734 
   41000    0.7848201    1.2675599    1595.8544     0.834036   -5.0330174    1.1763457   -3.8566718 
   42000   0.79689912    1.0249061    1609.0468   0.82719782   -5.0332572    1.1944506   -3.8388066 
   43000   0.80249298    1.1705627    1611.0708    0.8261586   -4.9982722    1.2028351   -3.7954371 
   44000   0.76781663     1.141745     1600.793   0.83146292    -5.042448    1.1508596   -3.8915884 
   45000   0.79091657    1.1831836    1604.0083   0.82979618   -5.0285144    1.1854835   -3.8430308 
   46000    0.8075984    1.1999316    1602.4363   0.83061023   -5.0200703    1.2104875   -3.8095828 
   47000    0.7954126   0.77493021    1620.0323   0.82158856   -5.0319604    1.1922225   -3.8397379 
   48000   0.80751926    1.2198105    1595.4116   0.83426745   -5.0629083    1.2103688   -3.8525394 
   49000   0.78356787    1.0575681     1600.395   0.83166966   -5.0515346    1.1744687   -3.8770658 
   50000   0.81578744    1.2337063     1606.831   0.82833852   -5.0038079    1.2227618   -3.7810461 
Loop time of 37.1947 on 1 procs for 50000 steps with 1331 atoms

Performance: 464582.710 tau/day, 1344.279 timesteps/s
99.9% CPU use with 1 MPI tasks x no OpenMP threads

MPI task timing breakdown:
Section |  min time  |  avg time  |  max time  |%varavg| %total
---------------------------------------------------------------
Pair    | 29.749     | 29.749     | 29.749     |   0.0 | 79.98
Neigh   | 4.5135     | 4.5135     | 4.5135     |   0.0 | 12.13
Comm    | 0.70988    | 0.70988    | 0.70988    |   0.0 |  1.91
Output  | 0.023846   | 0.023846   | 0.023846   |   0.0 |  0.06
Modify  | 2.0291     | 2.0291     | 2.0291     |   0.0 |  5.46
Other   |            | 0.1692     |            |       |  0.45

Nlocal:    1331 ave 1331 max 1331 min
Histogram: 1 0 0 0 0 0 0 0 0 0
Nghost:    2994 ave 2994 max 2994 min
Histogram: 1 0 0 0 0 0 0 0 0 0
Neighs:    49176 ave 49176 max 49176 min
Histogram: 1 0 0 0 0 0 0 0 0 0

Total # of neighbors = 49176
Ave neighs/atom = 36.9467
Neighbor list builds = 2500
Dangerous builds not checked

write_restart lattice_11_11_11__2_2_2/sim1/T_0.80__P_1.10/end1.restart
Total wall time: 0:00:37
