run 50000
Neighbor list info ...
  update every 20 steps, delay 0 steps, check no
  max neighbors/atom: 2000, page size: 100000
  master list distance cutoff = 2.8
  ghost atom cutoff = 2.8
  binsize = 1.4, bins = 21 21 21
  1 neighbor lists, perpetual/occasional/extra = 1 0 0
  (1) pair lj/cut, perpetual
      attributes: half, newton on
      pair build: half/bin/atomonly/newton
      stencil: half/bin/3d/newton
      bin: standard
Per MPI rank memory allocation (min/avg/max) = 2.731 | 2.731 | 2.731 Mbytes
Step Temp Press TotEng 
       0          0.2  0.009104226   0.28744555 
    1000    0.3408767 0.0038856975  0.088704894 
    2000   0.32464836 0.0034024548  -0.29346914 
    3000   0.37183979 -0.002060394  -0.75603415 
    4000   0.36667096 0.0017748715   -1.3136589 
    5000   0.34273472 0.0028968823   -1.9087261 
    6000    0.2958889 -0.0041247637   -2.4043211 
    7000   0.24362904 -0.0090642794   -2.7786028 
    8000   0.21281966 0.0093902053   -3.0148175 
    9000    0.1923266 0.0020620905   -3.1410227 
   10000   0.20439685 -0.0024604062   -3.1904784 
   11000    0.2054629 -0.0028473597   -3.2526572 
   12000   0.19819054 0.0010096016   -3.3191176 
   13000   0.19284082 -0.0064777809   -3.3339555 
   14000   0.20173045 0.0051417905   -3.3252346 
   15000   0.19590849 -0.0027615927    -3.351544 
   16000   0.19499831 0.0075825788   -3.3856173 
   17000    0.2002805 -0.00041039583   -3.3728742 
   18000   0.20777715  0.003230836   -3.3589897 
   19000   0.19300131 0.0012841643   -3.4019431 
   20000   0.20128428 0.0053247391   -3.4089965 
   21000   0.20651227 0.00012224322   -3.3945238 
   22000   0.21266917 0.0012860274   -3.4074259 
   23000   0.19725088 0.0011331847   -3.4265031 
   24000   0.20057555 -0.0021029931   -3.4220652 
   25000   0.20540655 0.0013198236   -3.4480015 
   26000   0.19933453 -0.0028444838   -3.4741558 
   27000   0.20356006 -0.0026153929   -3.4488551 
   28000   0.20687665 -0.00092874274   -3.4280591 
   29000   0.19861818 -0.00092441412   -3.4520066 
   30000   0.19941056  0.002162955   -3.4626962 
   31000   0.21230311 0.0023887681   -3.4525194 
   32000   0.19183257 -0.008466063   -3.4799324 
   33000   0.19841274 -0.0018541778   -3.5164827 
   34000   0.20286814 -0.006442785   -3.4938886 
   35000   0.21028216 0.00089596918   -3.4755702 
   36000   0.19846355 -0.0013346081      -3.5146 
   37000   0.19770707 -0.0024694148    -3.516933 
   38000   0.20356493 -0.0062200387   -3.4882284 
   39000   0.20106514 0.0033912018   -3.5053705 
   40000    0.1960613 -0.0016706924   -3.5532287 
   41000    0.1998873 0.0022631027   -3.5564626 
   42000   0.20268984 -0.0034983604   -3.5370809 
   43000   0.20284017 -0.0011948987   -3.5447672 
   44000   0.20522849 0.00027716013   -3.5722985 
   45000     0.192262 -0.0028223404   -3.5868408 
   46000   0.20561532 0.0013891086   -3.5625797 
   47000    0.2009337 0.0057455323   -3.5613897 
   48000   0.19640876 0.0020446384   -3.5910909 
   49000   0.20213164 0.0043834786   -3.5896664 
   50000   0.20234742 -0.0020680742   -3.5781589 
Loop time of 17.3378 on 1 procs for 50000 steps with 1331 atoms

Performance: 996663.785 tau/day, 2883.865 timesteps/s
99.3% CPU use with 1 MPI tasks x no OpenMP threads

MPI task timing breakdown:
Section |  min time  |  avg time  |  max time  |%varavg| %total
---------------------------------------------------------------
Pair    | 13.598     | 13.598     | 13.598     |   0.0 | 78.43
Neigh   | 1.8725     | 1.8725     | 1.8725     |   0.0 | 10.80
Comm    | 0.45468    | 0.45468    | 0.45468    |   0.0 |  2.62
Output  | 0.027472   | 0.027472   | 0.027472   |   0.0 |  0.16
Modify  | 1.262      | 1.262      | 1.262      |   0.0 |  7.28
Other   |            | 0.1235     |            |       |  0.71

Nlocal:    1331 ave 1331 max 1331 min
Histogram: 1 0 0 0 0 0 0 0 0 0
Nghost:    1170 ave 1170 max 1170 min
Histogram: 1 0 0 0 0 0 0 0 0 0
Neighs:    20083 ave 20083 max 20083 min
Histogram: 1 0 0 0 0 0 0 0 0 0

Total # of neighbors = 20083
Ave neighs/atom = 15.0887
Neighbor list builds = 2500
Dangerous builds not checked

write_restart NVT/sim1/T_0.20__v_19.68/end1.restart
Total wall time: 0:00:17
