run 50000
Neighbor list info ...
  update every 20 steps, delay 0 steps, check no
  max neighbors/atom: 2000, page size: 100000
  master list distance cutoff = 2.8
  ghost atom cutoff = 2.8
  binsize = 1.4, bins = 8 8 8
  1 neighbor lists, perpetual/occasional/extra = 1 0 0
  (1) pair lj/cut, perpetual
      attributes: half, newton on
      pair build: half/bin/atomonly/newton
      stencil: half/bin/3d/newton
      bin: standard
Per MPI rank memory allocation (min/avg/max) = 2.797 | 2.797 | 2.797 Mbytes
Step Temp Press TotEng 
       0          0.1    104.88063    13.266779 
    1000   0.46288688    4.4910436   -5.2812043 
    2000   0.14373129   0.94908555   -6.3564039 
    3000  0.082720295   0.25225087   -6.5644614 
    4000  0.095675301   0.24957056   -6.5460842 
    5000   0.11671591   0.48838086    -6.475999 
    6000  0.095111027   0.23423921   -6.5497912 
    7000  0.090707233   0.24039237   -6.5566264 
    8000   0.11083673   0.44891277   -6.4942368 
    9000  0.096532301   0.29128084    -6.538681 
   10000  0.089917927   0.23231161   -6.5587835 
   11000   0.10954481   0.38784675   -6.5043589 
   12000   0.10356129   0.30529308   -6.5296314 
   13000  0.090972093     0.219466   -6.5588641 
   14000   0.10718431   0.36510595    -6.513296 
   15000   0.10277339   0.32169254   -6.5261113 
   16000  0.092142217    0.2175303    -6.558884 
   17000   0.10304991   0.33352971   -6.5209985 
   18000   0.10210587   0.35098128   -6.5200921 
   19000  0.091958599   0.23016884   -6.5576374 
   20000   0.10414594   0.28296085   -6.5305901 
   21000   0.10511599   0.32422957    -6.521367 
   22000  0.092366995   0.20510429   -6.5592443 
   23000   0.10076355   0.26009464   -6.5379346 
   24000   0.10968769   0.31501269   -6.5191119 
   25000  0.094890312   0.20369308   -6.5564665 
   26000   0.10069534   0.21056647   -6.5455517 
   27000    0.1061421   0.33524638   -6.5183529 
   28000  0.096213058   0.21800175   -6.5513819 
   29000  0.098661117   0.20936022   -6.5495009 
   30000   0.10751472   0.31017608   -6.5205219 
   31000  0.095495828   0.24798478   -6.5481503 
   32000  0.096994409   0.21161444   -6.5527723 
   33000   0.10568665   0.30692507    -6.522665 
   34000  0.098589066   0.25950919    -6.543677 
   35000  0.094877401   0.20173743   -6.5555952 
   36000   0.10325181   0.30599125   -6.5252734 
   37000  0.098480801   0.25898313   -6.5383918 
   38000  0.094291532   0.21174406    -6.556613 
   39000   0.10268764   0.28854638    -6.529484 
   40000    0.1024249   0.26439881   -6.5345259 
   41000  0.094345871   0.20910345   -6.5561996 
   42000   0.10156932   0.28745435   -6.5313767 
   43000   0.10250729   0.28105099     -6.53095 
   44000  0.093111346   0.21548843    -6.556563 
   45000   0.10219333   0.26818859   -6.5364296 
   46000   0.10767993   0.26578091   -6.5275185 
   47000  0.095302607   0.20979115   -6.5554664 
   48000  0.096951205   0.27887143   -6.5404335 
   49000   0.10113491   0.32649541   -6.5257342 
   50000  0.096610731   0.21399056   -6.5528306 
Loop time of 42.6813 on 1 procs for 50000 steps with 1331 atoms

Performance: 404860.976 tau/day, 1171.473 timesteps/s
99.9% CPU use with 1 MPI tasks x no OpenMP threads

MPI task timing breakdown:
Section |  min time  |  avg time  |  max time  |%varavg| %total
---------------------------------------------------------------
Pair    | 35.702     | 35.702     | 35.702     |   0.0 | 83.65
Neigh   | 5.1093     | 5.1093     | 5.1093     |   0.0 | 11.97
Comm    | 0.73965    | 0.73965    | 0.73965    |   0.0 |  1.73
Output  | 0.029389   | 0.029389   | 0.029389   |   0.0 |  0.07
Modify  | 0.86738    | 0.86738    | 0.86738    |   0.0 |  2.03
Other   |            | 0.2337     |            |       |  0.55

Nlocal:    1331 ave 1331 max 1331 min
Histogram: 1 0 0 0 0 0 0 0 0 0
Nghost:    3231 ave 3231 max 3231 min
Histogram: 1 0 0 0 0 0 0 0 0 0
Neighs:    59502 ave 59502 max 59502 min
Histogram: 1 0 0 0 0 0 0 0 0 0

Total # of neighbors = 59502
Ave neighs/atom = 44.7047
Neighbor list builds = 2500
Dangerous builds not checked

write_restart NVT/sim1/T_0.10__v_0.73/end1.restart
Total wall time: 0:00:42
