run 50000
Neighbor list info ...
  update every 20 steps, delay 0 steps, check no
  max neighbors/atom: 2000, page size: 100000
  master list distance cutoff = 2.8
  ghost atom cutoff = 2.8
  binsize = 1.4, bins = 8 8 8
  1 neighbor lists, perpetual/occasional/extra = 1 0 0
  (1) pair lj/cut, perpetual
      attributes: half, newton on
      pair build: half/bin/atomonly/newton
      stencil: half/bin/3d/newton
      bin: standard
Per MPI rank memory allocation (min/avg/max) = 2.797 | 2.797 | 2.797 Mbytes
Step Temp Press TotEng 
       0          0.7    105.48018    14.166103 
    1000    2.1005192    17.142079  -0.68333442 
    2000   0.94738936    8.2283929   -3.9320983 
    3000   0.64189099    5.4626678   -4.8576135 
    4000   0.65943935    5.5477036   -4.8195992 
    5000   0.77897745    6.3634897   -4.5128161 
    6000   0.68468118    5.6257182   -4.7747262 
    7000   0.66187742    5.7146084   -4.7945903 
    8000   0.73382047    6.2574182    -4.582499 
    9000   0.68814961    5.8034003   -4.7367538 
   10000    0.6804026    5.5618105    -4.783484 
   11000   0.73812259    6.0489824   -4.6239888 
   12000   0.69467947    5.7499532   -4.7330387 
   13000   0.66801792    5.6633937   -4.7882194 
   14000   0.72024151    5.8529442    -4.678096 
   15000   0.69737754    5.6584787   -4.7381516 
   16000   0.66540058    5.5749943    -4.807185 
   17000   0.72616061    5.8124107   -4.6796846 
   18000    0.6979852    6.0027006   -4.6825529 
   19000   0.69745106    5.6035846     -4.75665 
   20000   0.71352244    5.7449206    -4.705584 
   21000   0.69156413    5.7088142   -4.7454332 
   22000   0.68499293    5.3995786   -4.8036321 
   23000    0.7099439    5.7191565   -4.7179873 
   24000   0.72110627    5.5944813   -4.7368898 
   25000   0.68100653    5.2371744   -4.8505697 
   26000   0.70012505    5.0708427    -4.856931 
   27000   0.72473968    4.9967799   -4.8294013 
   28000   0.70421582    4.5966527   -4.9408161 
   29000   0.68330967    4.1070963   -5.0555403 
   30000   0.72216228    3.6725853   -5.0818768 
   31000   0.68051881    3.3029049   -5.2108329 
   32000   0.68717796    3.2414036   -5.2051208 
   33000   0.73484287    3.4239472   -5.1126909 
   34000   0.67892855    3.1572493   -5.2344974 
   35000   0.69089522    3.1489908   -5.2179735 
   36000   0.72709882    3.4186166   -5.1187715 
   37000   0.69728786     3.084128   -5.2208736 
   38000   0.68271735    3.1665843   -5.2227507 
   39000   0.71392288    3.5189812   -5.1256304 
   40000   0.69677935    3.1326799   -5.2107399 
   41000   0.68545954    3.1898221   -5.2212004 
   42000   0.71367642    3.4300469   -5.1399434 
   43000   0.68423608    3.1921611   -5.2137311 
   44000   0.68346664    3.1327649   -5.2291168 
   45000   0.71633699    3.2815666   -5.1525598 
   46000   0.68882825    3.2299914   -5.2050079 
   47000   0.67879494    3.2201514   -5.2224393 
   48000   0.72485775    3.1928589   -5.1627486 
   49000   0.69483382    3.1412878   -5.2135155 
   50000   0.68998196    3.0961844   -5.2302402 
Loop time of 41.9392 on 1 procs for 50000 steps with 1331 atoms

Performance: 412024.670 tau/day, 1192.201 timesteps/s
99.9% CPU use with 1 MPI tasks x no OpenMP threads

MPI task timing breakdown:
Section |  min time  |  avg time  |  max time  |%varavg| %total
---------------------------------------------------------------
Pair    | 34.97      | 34.97      | 34.97      |   0.0 | 83.38
Neigh   | 5.1048     | 5.1048     | 5.1048     |   0.0 | 12.17
Comm    | 0.74429    | 0.74429    | 0.74429    |   0.0 |  1.77
Output  | 0.025034   | 0.025034   | 0.025034   |   0.0 |  0.06
Modify  | 0.86354    | 0.86354    | 0.86354    |   0.0 |  2.06
Other   |            | 0.2315     |            |       |  0.55

Nlocal:    1331 ave 1331 max 1331 min
Histogram: 1 0 0 0 0 0 0 0 0 0
Nghost:    3221 ave 3221 max 3221 min
Histogram: 1 0 0 0 0 0 0 0 0 0
Neighs:    58031 ave 58031 max 58031 min
Histogram: 1 0 0 0 0 0 0 0 0 0

Total # of neighbors = 58031
Ave neighs/atom = 43.5995
Neighbor list builds = 2500
Dangerous builds not checked

write_restart NVT/sim1/T_0.70__v_0.73/end1.restart
Total wall time: 0:00:41
