run 50000
Neighbor list info ...
  update every 20 steps, delay 0 steps, check no
  max neighbors/atom: 2000, page size: 100000
  master list distance cutoff = 2.8
  ghost atom cutoff = 2.8
  binsize = 1.4, bins = 18 18 18
  1 neighbor lists, perpetual/occasional/extra = 1 0 0
  (1) pair lj/cut, perpetual
      attributes: half, newton on
      pair build: half/bin/atomonly/newton
      stencil: half/bin/3d/newton
      bin: standard
Per MPI rank memory allocation (min/avg/max) = 2.711 | 2.711 | 2.711 Mbytes
Step Temp Press TotEng 
       0          0.1  -0.01175991  0.086690336 
    1000   0.35233104 -0.0095200069  -0.35111736 
    2000   0.35280571 -0.011282237    -1.269265 
    3000   0.31220963 -0.0022110178   -2.2546642 
    4000   0.25498904 -0.013076287   -3.0458625 
    5000   0.17551853 -0.0055161554   -3.5778517 
    6000   0.13564294 -0.0013597409   -3.8893762 
    7000   0.11130858 0.0015699366   -4.0712434 
    8000  0.097951117  0.005617731   -4.1782965 
    9000  0.095817598 -0.0024662528   -4.2312002 
   10000  0.099284539 0.0045859502   -4.2563191 
   11000   0.10393193 -0.0016126504   -4.2889986 
   12000   0.09760018 -0.010684044   -4.3263837 
   13000   0.09987018 -9.4246382e-05   -4.3338906 
   14000   0.10249853 0.0003644255   -4.3373957 
   15000  0.097530118 0.0044015653   -4.3647824 
   16000  0.098832137 0.0027552586   -4.3669658 
   17000   0.10664464 0.0057730541   -4.3704801 
   18000  0.096133803 0.00030937403   -4.3930551 
   19000   0.10326502 0.0016724998   -4.3876279 
   20000   0.10493689 0.00029100117   -4.3945331 
   21000  0.097145785 0.0043238331   -4.4276126 
   22000  0.095878251 0.0042689108   -4.4379178 
   23000    0.1037949  0.011944927   -4.4496334 
   24000  0.097640225 0.00025439739    -4.483998 
   25000  0.096779913 -0.0031905103   -4.4839859 
   26000    0.1053873 0.0050897979   -4.4656419 
   27000  0.096638679 0.0014136352    -4.492051 
   28000    0.0974639 0.0084136157   -4.5018396 
   29000   0.10332548 0.00012638533   -4.4807181 
   30000  0.099229971 -0.0016740743    -4.498719 
   31000  0.096819053 -0.0035046313   -4.5155952 
   32000   0.10046196 -0.003837546   -4.4907364 
   33000    0.1034709 -0.0034389807   -4.4920555 
   34000  0.091648856 0.0008737496   -4.5174847 
   35000    0.1024019 -0.0026956335    -4.500116 
   36000   0.10556888 0.0028749407   -4.4879731 
   37000   0.09827662 -0.0042300287   -4.5109026 
   38000  0.097927809  0.010949169   -4.5069734 
   39000   0.10204373 0.0038711837   -4.4879958 
   40000   0.10041359 -0.0017467112   -4.5095721 
   41000  0.097154508  0.010974315   -4.5215131 
   42000     0.102624 -0.0012622895   -4.4937803 
   43000   0.10283677 8.5242174e-05   -4.4984018 
   44000  0.095364068 -0.0023827004    -4.520636 
   45000  0.096689798 -0.0066884772   -4.5042716 
   46000    0.1077172  0.009396214   -4.4936523 
   47000  0.093904306 -0.008234585   -4.5343635 
   48000  0.096536482 0.0054188614   -4.5406209 
   49000   0.10428908 -0.00033447253   -4.5062775 
   50000    0.1016853 0.0052591674   -4.5238565 
Loop time of 17.9267 on 1 procs for 50000 steps with 1331 atoms

Performance: 963927.719 tau/day, 2789.143 timesteps/s
99.9% CPU use with 1 MPI tasks x no OpenMP threads

MPI task timing breakdown:
Section |  min time  |  avg time  |  max time  |%varavg| %total
---------------------------------------------------------------
Pair    | 14.571     | 14.571     | 14.571     |   0.0 | 81.28
Neigh   | 2.0379     | 2.0379     | 2.0379     |   0.0 | 11.37
Comm    | 0.33958    | 0.33958    | 0.33958    |   0.0 |  1.89
Output  | 0.024576   | 0.024576   | 0.024576   |   0.0 |  0.14
Modify  | 0.85976    | 0.85976    | 0.85976    |   0.0 |  4.80
Other   |            | 0.0936     |            |       |  0.52

Nlocal:    1331 ave 1331 max 1331 min
Histogram: 1 0 0 0 0 0 0 0 0 0
Nghost:    1354 ave 1354 max 1354 min
Histogram: 1 0 0 0 0 0 0 0 0 0
Neighs:    27493 ave 27493 max 27493 min
Histogram: 1 0 0 0 0 0 0 0 0 0

Total # of neighbors = 27493
Ave neighs/atom = 20.6559
Neighbor list builds = 2500
Dangerous builds not checked

write_restart NVT/sim1/T_0.10__v_10.65/end1.restart
Total wall time: 0:00:17
