run 50000
Neighbor list info ...
  update every 20 steps, delay 0 steps, check no
  max neighbors/atom: 2000, page size: 100000
  master list distance cutoff = 2.8
  ghost atom cutoff = 2.8
  binsize = 1.4, bins = 22 22 22
  1 neighbor lists, perpetual/occasional/extra = 1 0 0
  (1) pair lj/cut, perpetual
      attributes: half, newton on
      pair build: half/bin/atomonly/newton
      stencil: half/bin/3d/newton
      bin: standard
Per MPI rank memory allocation (min/avg/max) = 2.739 | 2.739 | 2.739 Mbytes
Step Temp Press TotEng 
       0          0.2 0.0082238137   0.28744555 
    1000   0.32064173 0.0039761305   0.12167238 
    2000   0.31240902 0.0043020851  -0.19925127 
    3000   0.33374765 -0.00043384744  -0.60080064 
    4000   0.34369377 -0.0012860594   -1.0752891 
    5000   0.33761605 0.0029549481   -1.5873291 
    6000   0.29177595 0.0031258125   -2.0347261 
    7000   0.26090779 0.0070342668   -2.3928566 
    8000   0.23009893 -0.0037600061   -2.6545598 
    9000   0.20973794 0.0032183006   -2.8455417 
   10000   0.20352564 -0.0013995998   -2.9767089 
   11000   0.19782165  0.004511401    -3.044179 
   12000   0.20621253 -0.0017169581   -3.0742703 
   13000   0.19657116 0.0037748406   -3.1183352 
   14000   0.18978076 -0.0069450915   -3.1388421 
   15000    0.1947064 0.0022287177   -3.1259293 
   16000   0.19941041 0.0026784555   -3.1180006 
   17000   0.20020845 -0.0044797969   -3.1398331 
   18000   0.20431318 0.0044940035   -3.1639922 
   19000   0.20198851 0.0017104823    -3.173347 
   20000   0.20176169 -0.00076764408   -3.1682244 
   21000   0.19812592 -0.0038688573   -3.1901532 
   22000   0.21200286 0.0021838491   -3.2437754 
   23000   0.18959098 -0.0020416005    -3.285468 
   24000   0.19769383 -0.0031064574   -3.2786912 
   25000   0.20547082 0.00067155623   -3.3024652 
   26000   0.19698734 0.0013869157   -3.3332138 
   27000   0.19868482 0.0057044938   -3.3184682 
   28000   0.20868547 -0.002920923   -3.2941563 
   29000   0.19678927 0.00054865101   -3.3171239 
   30000   0.19701634  0.003884174   -3.3579696 
   31000   0.20257785 -0.00069879914   -3.3674295 
   32000   0.20829923 -0.0023591888   -3.3457499 
   33000   0.20048434 0.0016710044   -3.3512585 
   34000   0.18815077 -0.0032092755   -3.3716238 
   35000   0.19545275 -0.0059060891   -3.3751799 
   36000   0.20096706 -0.0029508924   -3.3863506 
   37000   0.19475568 0.0059972136   -3.3855219 
   38000   0.20544654 0.0062239567   -3.3784875 
   39000   0.19835782 0.0051105071   -3.4126699 
   40000   0.19599842  0.001094766   -3.4568934 
   41000   0.19532289 0.0037696322   -3.4731121 
   42000   0.19705995 -0.0014201661    -3.459292 
   43000   0.20666235 -0.0015372703   -3.4429026 
   44000   0.20501347 -0.0011557558    -3.466569 
   45000   0.19292817 -0.003388008   -3.4992121 
   46000   0.20929433 -0.0039293236   -3.5159696 
   47000   0.20294093 -0.0049811748   -3.5657182 
   48000   0.19637249 0.0032730373   -3.5915762 
   49000   0.20557657 -0.00084146083   -3.5936517 
   50000   0.20357969 0.00030285148    -3.603332 
Loop time of 17.5095 on 1 procs for 50000 steps with 1331 atoms

Performance: 986895.434 tau/day, 2855.600 timesteps/s
99.2% CPU use with 1 MPI tasks x no OpenMP threads

MPI task timing breakdown:
Section |  min time  |  avg time  |  max time  |%varavg| %total
---------------------------------------------------------------
Pair    | 13.63      | 13.63      | 13.63      |   0.0 | 77.84
Neigh   | 1.8333     | 1.8333     | 1.8333     |   0.0 | 10.47
Comm    | 0.46992    | 0.46992    | 0.46992    |   0.0 |  2.68
Output  | 0.043093   | 0.043093   | 0.043093   |   0.0 |  0.25
Modify  | 1.404      | 1.404      | 1.404      |   0.0 |  8.02
Other   |            | 0.1292     |            |       |  0.74

Nlocal:    1331 ave 1331 max 1331 min
Histogram: 1 0 0 0 0 0 0 0 0 0
Nghost:    1072 ave 1072 max 1072 min
Histogram: 1 0 0 0 0 0 0 0 0 0
Neighs:    20217 ave 20217 max 20217 min
Histogram: 1 0 0 0 0 0 0 0 0 0

Total # of neighbors = 20217
Ave neighs/atom = 15.1893
Neighbor list builds = 2500
Dangerous builds not checked

write_restart NVT/sim1/T_0.20__v_21.95/end1.restart
Total wall time: 0:00:17
