run 50000
Neighbor list info ...
  update every 20 steps, delay 0 steps, check no
  max neighbors/atom: 2000, page size: 100000
  master list distance cutoff = 2.8
  ghost atom cutoff = 2.8
  binsize = 1.4, bins = 11 11 11
  1 neighbor lists, perpetual/occasional/extra = 1 0 0
  (1) pair lj/cut, perpetual
      attributes: half, newton on
      pair build: half/bin/atomonly/newton
      stencil: half/bin/3d/newton
      bin: standard
Per MPI rank memory allocation (min/avg/max) = 2.735 | 2.735 | 2.735 Mbytes
Step Temp Press TotEng 
       0          1.8  -0.82028492   0.47110087 
    1000    1.8763835   0.62347798   0.64761974 
    2000    1.7458575   0.69885195   0.46686225 
    3000      1.84691    0.6292632   0.61127988 
    4000    1.8141284   0.62017993   0.52699172 
    5000    1.7777134   0.70387685   0.53530231 
    6000    1.8137672   0.65929141   0.57907568 
    7000    1.7715753     0.774438   0.55624695 
    8000    1.8063725   0.69028763    0.5816819 
    9000    1.8078755    0.6958373   0.57073966 
   10000    1.7973209   0.65935004   0.52624761 
   11000    1.7801327   0.72677322   0.56069412 
   12000    1.7341794   0.61640902   0.43181947 
   13000    1.8580924   0.73336685   0.62865077 
   14000     1.741234   0.62537922   0.49348356 
   15000    1.9046845   0.73134256    0.7170867 
   16000    1.7648808   0.65604316   0.54168899 
   17000     1.815124   0.76805364     0.602914 
   18000    1.8275803   0.72329854   0.61736725 
   19000    1.7474086   0.77540646   0.51346643 
   20000    1.8131843   0.65379104   0.61875508 
   21000    1.7757813   0.67359934    0.5572508 
   22000    1.8349414   0.79703127   0.61270412 
   23000     1.838335   0.63995451   0.57464876 
   24000    1.7744206   0.69553063   0.52450793 
   25000    1.8204057   0.77039758   0.60903763 
   26000    1.7880159   0.67940451   0.56629445 
   27000    1.7746845   0.74240944   0.53671541 
   28000    1.8157975   0.70124985   0.56813078 
   29000     1.867019   0.68990204   0.61957775 
   30000    1.7707248   0.64080227   0.50225586 
   31000    1.8023659   0.77954144    0.5502802 
   32000    1.9003071    0.6606462   0.69378571 
   33000    1.7439861   0.68088696   0.50648069 
   34000    1.8033974   0.82413673   0.60687535 
   35000    1.7588954   0.60286094   0.46624343 
   36000    1.8057638   0.71152311   0.56908341 
   37000    1.7928906   0.59941768   0.54624139 
   38000    1.7260975   0.71267581   0.45580482 
   39000    1.8653459   0.59456651   0.65136036 
   40000    1.7748677   0.64673877   0.49033186 
   41000    1.8122171   0.57639717   0.54984209 
   42000    1.8177565   0.71881704   0.59980948 
   43000    1.7214301   0.63245404   0.41154491 
   44000    1.7751266   0.88508283   0.58059424 
   45000    1.7828667   0.68637676   0.54649635 
   46000    1.8588172   0.66924936   0.63090779 
   47000    1.7534112   0.59127042   0.45875927 
   48000    1.8388024   0.75410339   0.60181381 
   49000    1.7766697   0.73086524   0.55728354 
   50000    1.8044272   0.68387558   0.59622301 
Loop time of 20.0806 on 1 procs for 50000 steps with 1331 atoms

Performance: 860530.381 tau/day, 2489.961 timesteps/s
99.9% CPU use with 1 MPI tasks x no OpenMP threads

MPI task timing breakdown:
Section |  min time  |  avg time  |  max time  |%varavg| %total
---------------------------------------------------------------
Pair    | 15.257     | 15.257     | 15.257     |   0.0 | 75.98
Neigh   | 3.2823     | 3.2823     | 3.2823     |   0.0 | 16.35
Comm    | 0.55548    | 0.55548    | 0.55548    |   0.0 |  2.77
Output  | 0.024049   | 0.024049   | 0.024049   |   0.0 |  0.12
Modify  | 0.84768    | 0.84768    | 0.84768    |   0.0 |  4.22
Other   |            | 0.1141     |            |       |  0.57

Nlocal:    1331 ave 1331 max 1331 min
Histogram: 1 0 0 0 0 0 0 0 0 0
Nghost:    2039 ave 2039 max 2039 min
Histogram: 1 0 0 0 0 0 0 0 0 0
Neighs:    23999 ave 23999 max 23999 min
Histogram: 1 0 0 0 0 0 0 0 0 0

Total # of neighbors = 23999
Ave neighs/atom = 18.0308
Neighbor list builds = 2500
Dangerous builds not checked

write_restart NVT/sim1/T_1.80__v_2.20/end1.restart
Total wall time: 0:00:20
