run 50000
Neighbor list info ...
  update every 20 steps, delay 0 steps, check no
  max neighbors/atom: 2000, page size: 100000
  master list distance cutoff = 2.8
  ghost atom cutoff = 2.8
  binsize = 1.4, bins = 16 16 16
  1 neighbor lists, perpetual/occasional/extra = 1 0 0
  (1) pair lj/cut, perpetual
      attributes: half, newton on
      pair build: half/bin/atomonly/newton
      stencil: half/bin/3d/newton
      bin: standard
Per MPI rank memory allocation (min/avg/max) = 2.711 | 2.711 | 2.711 Mbytes
Step Temp Press TotEng 
       0          1.5   0.14685394     2.053528 
    1000    1.5699592    0.1837061    1.5439279 
    2000    1.4439428   0.15577717    1.3064531 
    3000    1.5445715   0.16836501    1.4379669 
    4000    1.4777008   0.15028834    1.3417059 
    5000    1.5309086   0.16773601    1.4123176 
    6000    1.4666399   0.17157321    1.3301953 
    7000    1.5570358   0.18731385    1.4760736 
    8000    1.5044131   0.16422868    1.3673757 
    9000    1.5032388   0.17937722    1.3978761 
   10000    1.4684123   0.14874659    1.3096845 
   11000    1.5176502   0.17847871    1.3952633 
   12000    1.4968907   0.18214688    1.3672565 
   13000     1.511936   0.17348705    1.3539637 
   14000    1.5383528   0.17475788    1.4095817 
   15000    1.4778643   0.15886607     1.340845 
   16000    1.5063659   0.18829395     1.381837 
   17000    1.4334001   0.15049846    1.2681766 
   18000    1.5044238   0.18523392    1.4088483 
   19000    1.4909185   0.14583499    1.3736315 
   20000     1.473929   0.16300935    1.3089788 
   21000    1.5385576   0.17301243    1.4158139 
   22000      1.47389   0.17894615    1.3341924 
   23000    1.4945977   0.16295928    1.3709188 
   24000    1.5258497   0.18724883    1.3738699 
   25000    1.4837738   0.16908925    1.3779612 
   26000     1.542302    0.1945333    1.4526373 
   27000    1.4760563   0.17444467    1.3101484 
   28000    1.5437395   0.16757236    1.4465837 
   29000    1.5103537   0.17393074    1.3521543 
   30000    1.4952729   0.16180333    1.3399541 
   31000    1.5300961   0.18970755    1.4330777 
   32000    1.4422345   0.17362133    1.3080631 
   33000    1.5039304   0.19024459    1.3913769 
   34000    1.4858886   0.17881498    1.3608972 
   35000    1.4138045   0.15430048    1.1955442 
   36000    1.5017116   0.19253228    1.3931331 
   37000    1.4742824   0.19344159    1.3350944 
   38000    1.5043179   0.17566344    1.3800197 
   39000    1.5104339   0.19359629    1.3973804 
   40000    1.4728285   0.16159606    1.3359762 
   41000    1.5584187   0.18029743    1.4735346 
   42000     1.479023   0.17311718    1.3463175 
   43000    1.4967172   0.16649053     1.341912 
   44000    1.5247107    0.1808954    1.4104945 
   45000    1.4443494    0.1579815    1.2880459 
   46000     1.521264   0.17542869    1.4100599 
   47000     1.499692   0.15700883    1.3471013 
   48000    1.4710187     0.172146    1.3222646 
   49000      1.51863   0.16179409    1.4159605 
   50000    1.4350561   0.14988001    1.2692036 
Loop time of 9.42687 on 1 procs for 50000 steps with 1331 atoms

Performance: 1833057.093 tau/day, 5303.985 timesteps/s
99.8% CPU use with 1 MPI tasks x no OpenMP threads

MPI task timing breakdown:
Section |  min time  |  avg time  |  max time  |%varavg| %total
---------------------------------------------------------------
Pair    | 6.0565     | 6.0565     | 6.0565     |   0.0 | 64.25
Neigh   | 2.0347     | 2.0347     | 2.0347     |   0.0 | 21.58
Comm    | 0.3796     | 0.3796     | 0.3796     |   0.0 |  4.03
Output  | 0.023793   | 0.023793   | 0.023793   |   0.0 |  0.25
Modify  | 0.83994    | 0.83994    | 0.83994    |   0.0 |  8.91
Other   |            | 0.09231    |            |       |  0.98

Nlocal:    1331 ave 1331 max 1331 min
Histogram: 1 0 0 0 0 0 0 0 0 0
Nghost:    1324 ave 1324 max 1324 min
Histogram: 1 0 0 0 0 0 0 0 0 0
Neighs:    9059 ave 9059 max 9059 min
Histogram: 1 0 0 0 0 0 0 0 0 0

Total # of neighbors = 9059
Ave neighs/atom = 6.80616
Neighbor list builds = 2500
Dangerous builds not checked

write_restart NVT/sim1/T_1.50__v_6.86/end1.restart
Total wall time: 0:00:09
