run 50000
Neighbor list info ...
  update every 20 steps, delay 0 steps, check no
  max neighbors/atom: 2000, page size: 100000
  master list distance cutoff = 2.8
  ghost atom cutoff = 2.8
  binsize = 1.4, bins = 10 10 10
  1 neighbor lists, perpetual/occasional/extra = 1 0 0
  (1) pair lj/cut, perpetual
      attributes: half, newton on
      pair build: half/bin/atomonly/newton
      stencil: half/bin/3d/newton
      bin: standard
Per MPI rank memory allocation (min/avg/max) = 2.742 | 2.742 | 2.742 Mbytes
Step Temp Press TotEng 
       0          1.8    -1.265957  -0.53199989 
    1000     1.686311   0.91135608 -0.087871018 
    2000    1.8503387    1.1476043    0.2062879 
    3000     1.753425   0.93938618  0.030280269 
    4000    1.8232806    1.0301151   0.14054527 
    5000    1.8073913   0.81747396  0.065561648 
    6000    1.7968647    1.0416996  0.082306742 
    7000    1.8426346    1.0073525   0.15187554 
    8000    1.7688813     0.995735   0.04432556 
    9000    1.9157434    1.0186208   0.23302268 
   10000    1.7785369    1.0568425  0.054461061 
   11000    1.7978161    1.0626763    0.1233214 
   12000    1.7822186    1.0714558   0.07517233 
   13000    1.7627973   0.96847879  0.052211738 
   14000    1.8175152   0.99204107   0.12714982 
   15000    1.7551573   0.79987192 -0.014783253 
   16000    1.8172123     1.036066   0.13557107 
   17000    1.7840505    1.0919851  0.082703027 
   18000    1.7648048      1.05381  0.059239418 
   19000    1.8539616    1.0187496   0.17318705 
   20000    1.7652195   0.96974538  0.041925714 
   21000      1.87476    1.0963982   0.20290061 
   22000    1.7881307    1.0356175  0.089181446 
   23000    1.8162788   0.88629939  0.071472936 
   24000    1.8530117   0.94543406   0.18099596 
   25000    1.7685108   0.98934966  0.027662702 
   26000    1.8140032     1.007017   0.11510017 
   27000    1.8000553   0.99596927   0.10042099 
   28000    1.7659817    1.0616139  0.067513264 
   29000    1.8229032   0.87968667  0.096353303 
   30000    1.7890152   0.94850111  0.096887219 
   31000    1.7621004   0.98337513  0.034324768 
   32000     1.839642    1.0174087   0.16443678 
   33000    1.7695837   0.93319777 -0.0015938231 
   34000    1.7942833    1.0368159   0.11290275 
   35000    1.8263738    1.0835128   0.11365024 
   36000    1.7625947   0.92962214 0.0027799387 
   37000    1.8047329    1.0506873   0.12140151 
   38000     1.784733   0.94697366  0.053594457 
   39000    1.8364136   0.86741821   0.10051633 
   40000    1.8070823    1.0743953   0.11285918 
   41000    1.7550092   0.93814706   0.02615258 
   42000    1.8157182    1.0228793   0.11287938 
   43000     1.746997   0.97412055  0.011350539 
   44000     1.808303    1.0134757   0.12088536 
   45000    1.8198469   0.91925908  0.098308636 
   46000     1.807428    1.1155727  0.084178634 
   47000    1.8138368    1.1450507    0.1526789 
   48000    1.7561722    1.0154946  0.061776914 
   49000    1.8437007     1.131794   0.18414869 
   50000    1.7743237   0.88308956  0.030394773 
Loop time of 23.7278 on 1 procs for 50000 steps with 1331 atoms

Performance: 728261.085 tau/day, 2107.237 timesteps/s
99.9% CPU use with 1 MPI tasks x no OpenMP threads

MPI task timing breakdown:
Section |  min time  |  avg time  |  max time  |%varavg| %total
---------------------------------------------------------------
Pair    | 18.689     | 18.689     | 18.689     |   0.0 | 78.76
Neigh   | 3.4282     | 3.4282     | 3.4282     |   0.0 | 14.45
Comm    | 0.61572    | 0.61572    | 0.61572    |   0.0 |  2.59
Output  | 0.023205   | 0.023205   | 0.023205   |   0.0 |  0.10
Modify  | 0.85371    | 0.85371    | 0.85371    |   0.0 |  3.60
Other   |            | 0.1181     |            |       |  0.50

Nlocal:    1331 ave 1331 max 1331 min
Histogram: 1 0 0 0 0 0 0 0 0 0
Nghost:    2381 ave 2381 max 2381 min
Histogram: 1 0 0 0 0 0 0 0 0 0
Neighs:    29149 ave 29149 max 29149 min
Histogram: 1 0 0 0 0 0 0 0 0 0

Total # of neighbors = 29149
Ave neighs/atom = 21.9001
Neighbor list builds = 2500
Dangerous builds not checked

write_restart NVT/sim1/T_1.80__v_1.73/end1.restart
Total wall time: 0:00:23
