run 50000
Neighbor list info ...
  update every 20 steps, delay 0 steps, check no
  max neighbors/atom: 2000, page size: 100000
  master list distance cutoff = 2.8
  ghost atom cutoff = 2.8
  binsize = 1.4, bins = 16 16 16
  1 neighbor lists, perpetual/occasional/extra = 1 0 0
  (1) pair lj/cut, perpetual
      attributes: half, newton on
      pair build: half/bin/atomonly/newton
      stencil: half/bin/3d/newton
      bin: standard
Per MPI rank memory allocation (min/avg/max) = 2.7 | 2.7 | 2.7 Mbytes
Step Temp Press Volume Density PotEng KinEng TotEng 
       0          1.1  0.091986538        10648        0.125  -0.13561964    1.6487603    1.5131407 
    1000    1.7778326      0.33266    5483.6878   0.24271987   -1.3401639    2.6647453    1.3245814 
    2000    1.5360353   0.49583491    3628.8724    0.3667806   -2.0830743    2.3023219   0.21924761 
    3000     1.363184   0.66847958    2647.9138   0.50265986   -2.8380534    2.0432398  -0.79481367 
    4000    1.3063186    1.0003198     2093.768   0.63569602    -3.607074    1.9580057   -1.6490682 
    5000    1.1820453    1.5417624     1832.417   0.72636304   -4.1433932    1.7717358   -2.3716574 
    6000    1.0830288    1.6863425    1716.3731   0.77547243   -4.4842641    1.6233226   -2.8609415 
    7000    1.0612868    1.7896684    1688.0609   0.78847868   -4.5881477    1.5907341   -2.9974136 
    8000    1.1347646    1.5394718    1716.9413   0.77521578   -4.5189635    1.7008681   -2.8180954 
    9000    1.1127355    1.8169719     1729.637   0.76952562   -4.4165198    1.6678492   -2.7486706 
   10000    1.0767422    1.7513233    1707.2589   0.77961227   -4.5174666    1.6138998   -2.9035668 
   11000    1.0697077    1.7659201    1706.7486   0.77984536   -4.5121995     1.603356   -2.9088435 
   12000    1.1138496    1.7379255    1720.3485   0.77368045   -4.4631425    1.6695191   -2.7936234 
   13000    1.0855964    1.7155351    1726.0027   0.77114595    -4.453865    1.6271712   -2.8266938 
   14000    1.0515169    1.9379028    1709.7342   0.77848356   -4.4711014    1.5760903   -2.8950112 
   15000    1.0751246    1.9544972    1698.9443   0.78342767   -4.5016501    1.6114753   -2.8901748 
   16000    1.1315477    1.7884128    1712.8531   0.77706606   -4.4926619    1.6960464   -2.7966155 
   17000    1.1011613    1.8536581    1719.5626   0.77403407   -4.4571136     1.650501   -2.8066127 
   18000    1.0773235    1.5251815    1716.9417   0.77521559   -4.5253633    1.6147711   -2.9105921 
   19000    1.0965394    1.7970437    1701.4824   0.78225906   -4.5286369    1.6435733   -2.8850636 
   20000     1.124353    1.8260278    1717.3181   0.77504571   -4.4570829    1.6852624   -2.7718205 
   21000    1.1250089    1.7275668    1717.5044   0.77496161   -4.4854886    1.6862454   -2.7992432 
   22000    1.0909447    1.7742048    1700.7499   0.78259594   -4.5414888    1.6351876   -2.9063011 
   23000    1.0922616      1.72316    1703.2999   0.78142435   -4.5377537    1.6371615   -2.9005922 
   24000    1.1398341     1.993151    1699.9337    0.7829717   -4.4888945    1.7084666   -2.7804279 
   25000    1.1326963    1.7974304    1715.5038   0.77586537   -4.4807764     1.697768   -2.7830084 
   26000    1.0896443     1.923243     1692.659   0.78633676   -4.5326234    1.6332385   -2.8993849 
   27000    1.0659502    1.8135041    1701.0942   0.78243758   -4.5274822     1.597724   -2.9297582 
   28000    1.0887204     1.578912    1729.7185   0.76948936   -4.4556664    1.6318536   -2.8238128 
   29000    1.1436452    1.7553157    1707.7859   0.77937171   -4.5086809    1.7141789    -2.794502 
   30000    1.1189446    1.8307286    1692.9753   0.78618983   -4.5556097    1.6771558   -2.8784538 
   31000    1.1211405     1.685978    1699.6387   0.78310761   -4.5638754    1.6804473   -2.8834282 
   32000    1.1057846    1.9708804    1703.7777   0.78120518   -4.4856897    1.6574307    -2.828259 
   33000    1.1130739     1.772705    1700.0225   0.78293082   -4.5400925    1.6683565    -2.871736 
   34000    1.0491325    1.9079929    1704.1107   0.78105257   -4.4817972    1.5725163   -2.9092808 
   35000    1.0924578    1.6702477    1729.9829   0.76937175   -4.4423191    1.6374556   -2.8048635 
   36000    1.1123902     1.648252    1713.1556   0.77692886    -4.508309    1.6673316   -2.8409774 
   37000    1.1384736    1.9424828    1691.6659   0.78679837   -4.5502951    1.7064273   -2.8438677 
   38000    1.1161115    1.7900358    1706.4916   0.77996284   -4.5096562    1.6729095   -2.8367467 
   39000    1.1134076    1.6164455    1735.0847   0.76710951   -4.4346788    1.6688566   -2.7658222 
   40000    1.1020285      1.62887    1713.7177   0.77667403   -4.5071469    1.6518007   -2.8553462 
   41000    1.0966836    1.9049761    1698.8971   0.78344944   -4.5239168    1.6437895   -2.8801273 
   42000    1.0864092    1.9234181    1720.3155   0.77369528    -4.436383    1.6283895   -2.8079935 
   43000    1.1105572    1.5467513    1733.7006   0.76772196    -4.455238    1.6645842   -2.7906538 
   44000    1.0622522    2.1581302    1711.1397   0.77784414   -4.4180616    1.5921811   -2.8258805 
   45000     1.104445     1.948038    1697.9049   0.78390729   -4.5118355    1.6554228   -2.8564127 
   46000    1.0840156     1.636717    1712.3483   0.77729513   -4.4982398    1.6248018    -2.873438 
   47000    1.0578635    1.5421062    1729.4519   0.76960799   -4.4649611    1.5856031    -2.879358 
   48000    1.0805299    1.8331163    1720.5728   0.77357959   -4.4332249    1.6195772   -2.8136477 
   49000      1.08204    1.7768712    1711.5987   0.77763554   -4.5038068    1.6218405   -2.8819663 
   50000    1.0669409    1.6822557    1694.9994   0.78525102   -4.5660905    1.5992089   -2.9668816 
Loop time of 40.759 on 1 procs for 50000 steps with 1331 atoms

Performance: 423955.501 tau/day, 1226.723 timesteps/s
99.9% CPU use with 1 MPI tasks x no OpenMP threads

MPI task timing breakdown:
Section |  min time  |  avg time  |  max time  |%varavg| %total
---------------------------------------------------------------
Pair    | 32.38      | 32.38      | 32.38      |   0.0 | 79.44
Neigh   | 5.0198     | 5.0198     | 5.0198     |   0.0 | 12.32
Comm    | 0.81114    | 0.81114    | 0.81114    |   0.0 |  1.99
Output  | 0.027016   | 0.027016   | 0.027016   |   0.0 |  0.07
Modify  | 2.3248     | 2.3248     | 2.3248     |   0.0 |  5.70
Other   |            | 0.1962     |            |       |  0.48

Nlocal:    1331 ave 1331 max 1331 min
Histogram: 1 0 0 0 0 0 0 0 0 0
Nghost:    2857 ave 2857 max 2857 min
Histogram: 1 0 0 0 0 0 0 0 0 0
Neighs:    46941 ave 46941 max 46941 min
Histogram: 1 0 0 0 0 0 0 0 0 0

Total # of neighbors = 46941
Ave neighs/atom = 35.2675
Neighbor list builds = 2500
Dangerous builds not checked

write_restart lattice_11_11_11__2_2_2/sim1/T_1.10__P_1.80/end1.restart
Total wall time: 0:00:40
