run 50000
Neighbor list info ...
  update every 20 steps, delay 0 steps, check no
  max neighbors/atom: 2000, page size: 100000
  master list distance cutoff = 2.8
  ghost atom cutoff = 2.8
  binsize = 1.4, bins = 16 16 16
  1 neighbor lists, perpetual/occasional/extra = 1 0 0
  (1) pair lj/cut, perpetual
      attributes: half, newton on
      pair build: half/bin/atomonly/newton
      stencil: half/bin/3d/newton
      bin: standard
Per MPI rank memory allocation (min/avg/max) = 2.7 | 2.7 | 2.7 Mbytes
Step Temp Press Volume Density PotEng KinEng TotEng 
       0          1.5   0.14194897        10648        0.125  -0.13561964    2.2483095    2.1126899 
    1000    2.0871378   0.40613277    6371.2444   0.20890738   -1.0814675    3.1283545     2.046887 
    2000    1.8309616   0.45521362    4564.5396   0.29159567   -1.5890681    2.7443789    1.1553108 
    3000    1.6405519   0.55201406    3515.6694   0.37859077   -2.0498364     2.458979   0.40914264 
    4000    1.5775907   0.77465741     2848.458   0.46727036   -2.5483107    2.3646081  -0.18370265 
    5000    1.5428007   0.99185394    2447.7035   0.54377502   -2.9805058    2.3124623  -0.66804342 
    6000    1.5241077    1.1348716    2211.6159   0.60182239   -3.3450227    2.2844439   -1.0605788 
    7000    1.4770877    1.3624638    2103.2394   0.63283334    -3.506576     2.213967    -1.292609 
    8000     1.499198    1.5706735    2078.2169   0.64045289    -3.543841    2.2471075   -1.2967335 
    9000    1.5055756    1.5320287    2100.5363   0.63364769   -3.4757618    2.2566667   -1.2190951 
   10000     1.501462    1.4071373    2103.0015   0.63290492   -3.4825658     2.250501   -1.2320649 
   11000    1.4674237     1.308115    2110.3466   0.63070208   -3.4899965    2.1994818   -1.2905147 
   12000    1.5401188    1.1364821    2119.4464   0.62799418   -3.5402625    2.3084425     -1.23182 
   13000    1.4819495    1.4076016    2112.7201   0.62999352   -3.4683382    2.2212541   -1.2470841 
   14000    1.4634134     1.493644    2100.9743   0.63351561   -3.4787103    2.1934709   -1.2852393 
   15000    1.5107488     1.444156    2085.6935   0.63815706   -3.5215425    2.2644206   -1.2571219 
   16000    1.5454979    1.5104444     2078.434   0.64038597   -3.5166719    2.3165051   -1.2001668 
   17000    1.5551743    1.2546049    2096.9647   0.63472693   -3.5569728    2.3310088   -1.2259641 
   18000    1.4770889    1.2296559    2116.5472   0.62885438   -3.5256398    2.2139687   -1.3116711 
   19000    1.4288976    1.4134217    2110.8682   0.63054625   -3.4718025     2.141736   -1.3300664 
   20000    1.5042809    1.3248528    2118.2901   0.62833697   -3.4782463    2.2547261   -1.2235203 
   21000    1.5190436    1.6273096    2118.1441   0.62838029   -3.4221997    2.2768535   -1.1453462 
   22000    1.5036542    1.5826851    2079.8512   0.63994964   -3.5114672    2.2537868   -1.2576804 
   23000    1.5139997    1.4245078    2083.8719   0.63871488   -3.5317128    2.2692933   -1.2624195 
   24000    1.4985017    1.5392492    2142.0391   0.62137054   -3.3975979    2.2460637   -1.1515342 
   25000    1.4789391    1.4016098    2115.1585   0.62926726   -3.4801332     2.216742   -1.2633912 
   26000    1.5063763    1.3169104    2092.4102   0.63610855   -3.5359006    2.2578668   -1.2780338 
   27000    1.5304017    1.4407662    2109.5072   0.63095305   -3.4881077    2.2938779   -1.1942298 
   28000    1.5271346    1.4709156    2133.9272   0.62373263   -3.4220857    2.2889809   -1.1331048 
   29000    1.5245805     1.434582    2067.8329   0.64366903   -3.5472989    2.2851526   -1.2621463 
   30000    1.4854414    1.1814997     2106.583   0.63182889   -3.5555739    2.2264881   -1.3290858 
   31000     1.438619    1.3121707     2132.251   0.62422293   -3.4366624    2.1563072   -1.2803552 
   32000    1.4801873    1.2891936    2127.3938   0.62564815   -3.4891697    2.2186128    -1.270557 
   33000    1.4424202    1.5877296    2046.2049   0.65047248   -3.5582485    2.1620047   -1.3962437 
   34000    1.4968944    1.5184234    2059.7392   0.64619831   -3.5806319    2.2436546   -1.3369772 
   35000    1.5096945    1.3949141    2109.1473   0.63106072   -3.4784379    2.2628403   -1.2155975 
   36000    1.5063015    1.5287099    2099.0711   0.63408999   -3.4641267    2.2577547    -1.206372 
   37000    1.5001376    1.2810012    2072.5926   0.64219085   -3.5710525    2.2485157   -1.3225368 
   38000     1.520019    1.3169078    2089.2457   0.63707204   -3.5442312    2.2783155   -1.2659157 
   39000    1.5065633    1.5281356    2136.3776   0.62301719   -3.4030652    2.2581471   -1.1449181 
   40000    1.4905303    1.1296174     2122.247   0.62716545   -3.5216354    2.2341156   -1.2875198 
   41000    1.4908686    1.1306514    2092.5196    0.6360753   -3.5767109    2.2346227   -1.3420882 
   42000    1.5172843    1.4033773    2074.9162   0.64147169   -3.5396132    2.2742165   -1.2653967 
   43000    1.5137151    1.6218888    2089.2965   0.63705653   -3.4981892    2.2688668   -1.2293225 
   44000    1.4975221    1.2890303    2095.4894   0.63517381   -3.5380957    2.2445955   -1.2935002 
   45000    1.4657511     1.578315    2072.9746   0.64207251   -3.5184475    2.1969748   -1.3214727 
   46000    1.5071134    1.3770743    2116.3021   0.62892723   -3.4833026    2.2589716   -1.2243311 
   47000    1.5070869    1.3158446    2125.4629   0.62621653   -3.4473401    2.2589319   -1.1884082 
   48000    1.4578469    1.4857226     2068.464   0.64347264   -3.5307841    2.1851274   -1.3456568 
   49000    1.4570042    1.1299343    2101.6828   0.63330203   -3.5407381    2.1838644   -1.3568737 
   50000    1.4652896    1.2402238    2139.5654   0.62208895   -3.4459003    2.1962831   -1.2496173 
Loop time of 34.6643 on 1 procs for 50000 steps with 1331 atoms

Performance: 498495.945 tau/day, 1442.407 timesteps/s
99.8% CPU use with 1 MPI tasks x no OpenMP threads

MPI task timing breakdown:
Section |  min time  |  avg time  |  max time  |%varavg| %total
---------------------------------------------------------------
Pair    | 26.977     | 26.977     | 26.977     |   0.0 | 77.82
Neigh   | 4.399      | 4.399      | 4.399      |   0.0 | 12.69
Comm    | 0.7801     | 0.7801     | 0.7801     |   0.0 |  2.25
Output  | 0.025799   | 0.025799   | 0.025799   |   0.0 |  0.07
Modify  | 2.3239     | 2.3239     | 2.3239     |   0.0 |  6.70
Other   |            | 0.1588     |            |       |  0.46

Nlocal:    1331 ave 1331 max 1331 min
Histogram: 1 0 0 0 0 0 0 0 0 0
Nghost:    2631 ave 2631 max 2631 min
Histogram: 1 0 0 0 0 0 0 0 0 0
Neighs:    37377 ave 37377 max 37377 min
Histogram: 1 0 0 0 0 0 0 0 0 0

Total # of neighbors = 37377
Ave neighs/atom = 28.0819
Neighbor list builds = 2500
Dangerous builds not checked

write_restart lattice_11_11_11__2_2_2/sim1/T_1.50__P_1.40/end1.restart
Total wall time: 0:00:34
