run 50000
Neighbor list info ...
  update every 20 steps, delay 0 steps, check no
  max neighbors/atom: 2000, page size: 100000
  master list distance cutoff = 2.8
  ghost atom cutoff = 2.8
  binsize = 1.4, bins = 16 16 16
  1 neighbor lists, perpetual/occasional/extra = 1 0 0
  (1) pair lj/cut, perpetual
      attributes: half, newton on
      pair build: half/bin/atomonly/newton
      stencil: half/bin/3d/newton
      bin: standard
Per MPI rank memory allocation (min/avg/max) = 2.7 | 2.7 | 2.7 Mbytes
Step Temp Press TotEng 
       0          1.3   0.11696776    1.8129153 
    1000    1.3996079    0.1441792    1.3415958 
    2000    1.2621137   0.11378509     1.044786 
    3000    1.3277509   0.13338256    1.1672184 
    4000    1.3146502   0.11106016     1.114455 
    5000    1.2934134   0.13001868    1.0991721 
    6000    1.3349169   0.12228318    1.1793099 
    7000    1.2657883   0.11923789    1.0524014 
    8000    1.3309189    0.1106251    1.1700827 
    9000    1.2700076    0.1099658     1.109773 
   10000    1.3087095    0.1187453     1.143113 
   11000     1.283008   0.11167389    1.1336272 
   12000    1.3089382   0.11535605    1.1422328 
   13000    1.3378711   0.11521802     1.196714 
   14000    1.2939209   0.11134891    1.1050367 
   15000    1.3314282   0.12974224    1.1974747 
   16000    1.3186204    0.1320132     1.165159 
   17000     1.268608   0.11430846    1.1107525 
   18000    1.2780308   0.14272974    1.0922084 
   19000    1.3224557   0.11823235    1.1862239 
   20000    1.2594531   0.11471308    1.0815654 
   21000     1.325207    0.1226753    1.1490773 
   22000    1.3216248   0.13640162    1.1575814 
   23000    1.2632519   0.11112758    1.0827475 
   24000     1.325585   0.13166217    1.1805009 
   25000    1.2673202   0.12227469     1.084489 
   26000    1.3166033   0.13096452     1.187194 
   27000    1.2735081   0.11304275    1.1186822 
   28000    1.3348303   0.11697949    1.1974377 
   29000    1.3272865   0.11283654    1.1728198 
   30000    1.2865735   0.11190946    1.1075974 
   31000    1.3141098   0.12087499    1.1841111 
   32000    1.2499448   0.12126929     1.055256 
   33000     1.335054   0.12531032      1.17706 
   34000    1.2700023   0.12262603    1.1174071 
   35000    1.3450916   0.13118302     1.191983 
   36000    1.2796237   0.12652838    1.0839849 
   37000    1.3125477   0.10910824    1.1441155 
   38000    1.3035257   0.11969729    1.1193627 
   39000    1.2747079   0.11489426    1.1069825 
   40000    1.3290942   0.13207771    1.1929341 
   41000    1.2825241   0.10721306    1.0611063 
   42000    1.3263805   0.11049618    1.1515774 
   43000    1.2889395   0.12423932    1.1152091 
   44000    1.2833246   0.12405313    1.1093873 
   45000    1.3115361   0.13794518    1.1386189 
   46000    1.2703635   0.12305493     1.079393 
   47000    1.3221211   0.12231702    1.1937882 
   48000    1.2784632   0.11837397    1.1068664 
   49000    1.3869599   0.12695996    1.2571598 
   50000    1.2800723   0.12194895     1.097849 
Loop time of 8.72174 on 1 procs for 50000 steps with 1331 atoms

Performance: 1981256.151 tau/day, 5732.801 timesteps/s
99.7% CPU use with 1 MPI tasks x no OpenMP threads

MPI task timing breakdown:
Section |  min time  |  avg time  |  max time  |%varavg| %total
---------------------------------------------------------------
Pair    | 5.4363     | 5.4363     | 5.4363     |   0.0 | 62.33
Neigh   | 1.9727     | 1.9727     | 1.9727     |   0.0 | 22.62
Comm    | 0.35467    | 0.35467    | 0.35467    |   0.0 |  4.07
Output  | 0.022284   | 0.022284   | 0.022284   |   0.0 |  0.26
Modify  | 0.84514    | 0.84514    | 0.84514    |   0.0 |  9.69
Other   |            | 0.09061    |            |       |  1.04

Nlocal:    1331 ave 1331 max 1331 min
Histogram: 1 0 0 0 0 0 0 0 0 0
Nghost:    1414 ave 1414 max 1414 min
Histogram: 1 0 0 0 0 0 0 0 0 0
Neighs:    8174 ave 8174 max 8174 min
Histogram: 1 0 0 0 0 0 0 0 0 0

Total # of neighbors = 8174
Ave neighs/atom = 6.14125
Neighbor list builds = 2500
Dangerous builds not checked

write_restart NVT/sim1/T_1.30__v_8.00/end1.restart
Total wall time: 0:00:08
