run 50000
Neighbor list info ...
  update every 20 steps, delay 0 steps, check no
  max neighbors/atom: 2000, page size: 100000
  master list distance cutoff = 2.8
  ghost atom cutoff = 2.8
  binsize = 1.4, bins = 16 16 16
  1 neighbor lists, perpetual/occasional/extra = 1 0 0
  (1) pair lj/cut, perpetual
      attributes: half, newton on
      pair build: half/bin/atomonly/newton
      stencil: half/bin/3d/newton
      bin: standard
Per MPI rank memory allocation (min/avg/max) = 2.7 | 2.7 | 2.7 Mbytes
Step Temp Press Volume Density PotEng KinEng TotEng 
       0          0.5  0.017042887        10648        0.125  -0.13561964   0.74943651   0.61381687 
    1000     1.076274   0.11928608    5122.3072   0.25984385   -1.6516805    1.6131981 -0.038482367 
    2000   0.87104462 -0.036873104    3168.3969   0.42008626   -2.7205273    1.3055853   -1.4149421 
    3000   0.79232917 -0.008996582    2139.2021   0.62219459   -3.9092017    1.1876008   -2.7216009 
    4000    0.7572934   0.60755857    1647.6802   0.80780237   -4.9541488    1.1350866   -3.8190622 
    5000   0.60599959   0.77149291    1513.3031   0.87953301   -5.5145136   0.90831644   -4.6061971 
    6000   0.50922276   0.96128832    1450.0323   0.91791058   -5.8140773   0.76326026    -5.050817 
    7000   0.47237328    1.1088027    1423.7175   0.93487645   -5.9474693   0.70802757   -5.2394417 
    8000   0.50750913   0.96024877    1430.3111   0.93056677   -5.9361178   0.76069175    -5.175426 
    9000   0.51793762   0.96644464    1437.8003   0.92571967   -5.8875319   0.77632272   -5.1112091 
   10000   0.49889523    1.0033962    1432.7716   0.92896871    -5.911908    0.7477806   -5.1641274 
   11000   0.48857102    1.0185018    1427.8351   0.93218044   -5.9335341   0.73230593   -5.2012281 
   12000   0.49710393   0.99893457    1433.8639   0.92826108   -5.9063375   0.74509567   -5.1612418 
   13000    0.5226469   0.77622466    1439.6455   0.92453314   -5.9192304   0.78338134   -5.1358491 
   14000   0.50544426   0.70135609    1438.2821   0.92540956   -5.9323325   0.75759677   -5.1747357 
   15000   0.49440705   0.88076392    1437.2597   0.92606787   -5.9066577   0.74105339   -5.1656043 
   16000   0.50602747   0.82961145     1439.313   0.92474674   -5.9063074   0.75847093   -5.1478364 
   17000   0.50575342    0.8913078    1438.3477   0.92536737   -5.8988386   0.75806016   -5.1407785 
   18000   0.51104642   0.94857941    1430.1758   0.93065483   -5.9368809    0.7659937   -5.1708872 
   19000   0.48024445    1.1628828    1429.8536   0.93086453   -5.9017652   0.71982545   -5.1819397 
   20000    0.5027071   0.92100995    1439.5661   0.92458413   -5.8874393   0.75349412   -5.1339451 
   21000   0.48593033   0.87645892    1440.9398   0.92370273   -5.8772637   0.72834787   -5.1489158 
   22000   0.48533286   0.68120871    1441.8219   0.92313762   -5.9126175   0.72745234   -5.1851652 
   23000   0.50637608   0.79290616    1437.6529   0.92581456   -5.9250005   0.75899345   -5.1660071 
   24000   0.50675714   0.80797924    1440.2331   0.92415594   -5.9042917   0.75956461    -5.144727 
   25000    0.4936367    1.0275636    1433.8246   0.92828649   -5.8999235   0.73989874   -5.1600248 
   26000   0.50350992    1.1178803    1430.0267   0.93075186   -5.9118473   0.75469744   -5.1571498 
   27000   0.50414028    1.0696511    1430.9583    0.9301459   -5.9079318   0.75564227   -5.1522895 
   28000    0.4982196   0.86332679    1433.4575   0.92852422    -5.926016   0.74676793   -5.1792481 
   29000   0.48530427   0.94168543    1430.4988   0.93044469   -5.9276248   0.72740948   -5.2002153 
   30000    0.4817717    1.1720143    1431.7146   0.92965458   -5.8805528    0.7221146   -5.1584382 
   31000   0.52302317    1.1404967    1433.7714   0.92832094   -5.8836292   0.78394532   -5.0996839 
   32000    0.4909266    1.2534744    1426.6838   0.93293272   -5.8998433   0.73583664   -5.1640067 
   33000   0.48603953     1.136244    1422.7446   0.93551575   -5.9435878   0.72851154   -5.2150762 
   34000    0.5062419   0.93428854    1434.3408   0.92795244   -5.9179519   0.75879234   -5.1591596 
   35000   0.49849334   0.86096575    1445.7658   0.92061938   -5.8624015   0.74717823   -5.1152232 
   36000   0.49268471    0.9484324    1437.5724   0.92586644   -5.8909441   0.73847182   -5.1524723 
   37000   0.49718284    1.0974254    1427.2905   0.93253613     -5.92291   0.74521395   -5.1776961 
   38000   0.51649454    1.1424607    1430.0521   0.93073534   -5.9116105   0.77415974   -5.1374508 
   39000   0.51780136   0.94577662    1436.8964   0.92630201   -5.9008454   0.77611849   -5.1247269 
   40000   0.49988845   0.92549684    1437.7704   0.92573891   -5.8976192   0.74926932   -5.1483499 
   41000    0.5090303   0.82883514     1439.829   0.92441531   -5.9015832   0.76297179   -5.1386114 
   42000   0.48747708    1.0502334    1437.2289   0.92608772   -5.8693777   0.73066625   -5.1387115 
   43000   0.49929984    1.1078705    1431.7079   0.92965891   -5.8969621   0.74838707   -5.1485751 
   44000   0.50126725   0.92101112    1432.0104   0.92946255   -5.9174893   0.75133596   -5.1661534 
   45000   0.48629018    0.6670497    1444.8367   0.92121136   -5.8930135   0.72888724   -5.1641263 
   46000   0.49593403   0.69815689    1447.4887   0.91952362   -5.8763541   0.74334214   -5.1330119 
   47000    0.4898596   0.86350486    1438.4093   0.92532771   -5.8967144   0.73423734   -5.1624771 
   48000   0.49041935    1.0546076    1429.0562   0.93138396   -5.9215714   0.73507633    -5.186495 
   49000   0.50630002     1.107003    1432.1404   0.92937816   -5.8965512   0.75887944   -5.1376718 
   50000    0.5108133    1.0821888    1432.4082   0.92920441   -5.8946971   0.76564428   -5.1290528 
Loop time of 40.4893 on 1 procs for 50000 steps with 1331 atoms

Performance: 426779.695 tau/day, 1234.895 timesteps/s
100.0% CPU use with 1 MPI tasks x no OpenMP threads

MPI task timing breakdown:
Section |  min time  |  avg time  |  max time  |%varavg| %total
---------------------------------------------------------------
Pair    | 32.875     | 32.875     | 32.875     |   0.0 | 81.19
Neigh   | 4.5896     | 4.5896     | 4.5896     |   0.0 | 11.34
Comm    | 0.7217     | 0.7217     | 0.7217     |   0.0 |  1.78
Output  | 0.02565    | 0.02565    | 0.02565    |   0.0 |  0.06
Modify  | 2.0592     | 2.0592     | 2.0592     |   0.0 |  5.09
Other   |            | 0.2185     |            |       |  0.54

Nlocal:    1331 ave 1331 max 1331 min
Histogram: 1 0 0 0 0 0 0 0 0 0
Nghost:    3156 ave 3156 max 3156 min
Histogram: 1 0 0 0 0 0 0 0 0 0
Neighs:    54643 ave 54643 max 54643 min
Histogram: 1 0 0 0 0 0 0 0 0 0

Total # of neighbors = 54643
Ave neighs/atom = 41.0541
Neighbor list builds = 2500
Dangerous builds not checked

write_restart lattice_11_11_11__2_2_2/sim1/T_0.50__P_1.00/end1.restart
Total wall time: 0:00:40
