run 50000
Neighbor list info ...
  update every 20 steps, delay 0 steps, check no
  max neighbors/atom: 2000, page size: 100000
  master list distance cutoff = 2.8
  ghost atom cutoff = 2.8
  binsize = 1.4, bins = 16 16 16
  1 neighbor lists, perpetual/occasional/extra = 1 0 0
  (1) pair lj/cut, perpetual
      attributes: half, newton on
      pair build: half/bin/atomonly/newton
      stencil: half/bin/3d/newton
      bin: standard
Per MPI rank memory allocation (min/avg/max) = 2.7 | 2.7 | 2.7 Mbytes
Step Temp Press Volume Density PotEng KinEng TotEng 
       0          0.4  0.004552278        10648        0.125  -0.13561964   0.59954921   0.46392957 
    1000   0.81847748  0.040980528    6522.2442   0.20407086   -1.4348154    1.2267938   -0.2080216 
    2000   0.71968368  -0.07920395    4441.4947   0.29967389   -2.4065875    1.0787145   -1.3278731 
    3000     0.670873   -0.1536699    3129.2277   0.42534456    -3.486522    1.0055534   -2.4809686 
    4000   0.58622308  -0.12712678    2320.7511   0.57352121    -4.388992   0.87867397   -3.5103181 
    5000   0.53095863  0.043467189    1789.7776    0.7436678   -5.1467816   0.79583957    -4.350942 
    6000    0.4750699   0.11034009    1548.0498   0.85979145     -5.64484   0.71206946   -4.9327705 
    7000   0.41305874   0.27583902    1446.7944   0.91996484   -5.9504721   0.61912261   -5.3313495 
    8000   0.37764071   0.31407355    1419.9995   0.93732426   -6.1015273   0.56603547   -5.5354918 
    9000   0.38785956    0.3104488    1420.7947   0.93679966   -6.0942432   0.58135224    -5.512891 
   10000   0.40284587   0.38997229    1430.4552   0.93047303    -6.030947    0.6038148   -5.4271322 
   11000   0.39735527   0.26953645    1425.9364   0.93342169   -6.0785739    0.5955851   -5.4829888 
   12000   0.39492706   0.29914974    1415.8894   0.94004518   -6.1324679   0.59194552   -5.5405224 
   13000   0.41125996   0.28252297    1418.6449   0.93821931    -6.121531   0.61642646   -5.5051045 
   14000   0.40492501   0.28653467    1423.6292   0.93493445   -6.0818601   0.60693118   -5.4749289 
   15000   0.40031454   0.23372979    1418.2749   0.93846405   -6.1310857   0.60002067    -5.531065 
   16000   0.39715583   0.25913752    1415.9759   0.93998773    -6.133889   0.59528617   -5.5386028 
   17000   0.40471866   0.58738756     1413.691   0.94150701   -6.0865632   0.60662189   -5.4799413 
   18000   0.40028216   0.21379883    1420.4346   0.93703717   -6.1121542   0.59997214   -5.5121821 
   19000   0.39131643    0.2133966    1410.4481   0.94367171   -6.1775985   0.58653364   -5.5910649 
   20000   0.40659348     0.343966    1409.4704   0.94432631   -6.1661398     0.609432   -5.5567078 
   21000   0.41840335   0.25863252    1413.2668   0.94178964   -6.1516007   0.62713349   -5.5244672 
   22000   0.39590261   0.29294253     1409.408   0.94436816   -6.1771546   0.59340774   -5.5837469 
   23000   0.39719893  0.089150399    1411.7944   0.94277185   -6.1962414   0.59535076   -5.6008906 
   24000   0.42356502   0.48954873     1402.236   0.94919826   -6.1851824   0.63487018   -5.5503122 
   25000   0.39624863   0.33001909    1408.1216    0.9452309   -6.1734108   0.59392639   -5.5794844 
   26000   0.38661835   0.29923531    1400.8436   0.95014178   -6.2232314   0.57949182   -5.6437395 
   27000   0.38988042   0.33027774    1403.6131   0.94826698   -6.1996238   0.58438125   -5.6152426 
   28000   0.41221596   0.29784022    1405.6881   0.94686724   -6.1946414   0.61785939    -5.576782 
   29000   0.40570501   0.35294015    1399.1288   0.95130628   -6.2327657   0.60810029   -5.6246654 
   30000   0.38407982   0.24257476    1400.8717   0.95012272   -6.2328516   0.57568688   -5.6571647 
   31000   0.41558188    0.1458849    1405.0322   0.94730928   -6.2341707   0.62290448   -5.6112663 
   32000   0.41692908   0.53173432    1393.6791   0.95502614   -6.2375666   0.62492376   -5.6126429 
   33000   0.39354505   0.17407867    1399.6936   0.95092241   -6.2622204   0.58987405   -5.6723463 
   34000   0.38392155   0.38709429    1396.8781   0.95283903   -6.2384575   0.57544966   -5.6630079 
   35000   0.40496221   0.43450066     1396.441   0.95313728   -6.2328911   0.60698694   -5.6259042 
   36000   0.40433396   0.19296162    1399.1484   0.95129295   -6.2637431   0.60604527   -5.6576978 
   37000   0.39108304   0.33709718    1391.5548    0.9564841   -6.2805399   0.58618382   -5.6943561 
   38000   0.39465438   0.35481511    1391.8904   0.95625347   -6.2798356   0.59153681   -5.6882988 
   39000   0.40720317   0.34635449    1389.7726   0.95771065   -6.3007186   0.61034585   -5.6903728 
   40000    0.3938591   0.31631015    1388.6665   0.95847351   -6.3034621   0.59034478   -5.7131174 
   41000    0.3824046   0.16410112    1395.0351   0.95409789   -6.2899936   0.57317594   -5.7168176 
   42000   0.40669136   0.64578193    1378.4946   0.96554604   -6.3132128   0.60957872   -5.7036341 
   43000   0.39982992   0.16759481    1389.2334   0.95808232   -6.3241029   0.59929428   -5.7248086 
   44000   0.39415746   0.33357704    1388.0978   0.95886616   -6.3086056   0.59079198   -5.7178136 
   45000   0.39700279   0.33354131    1388.7115   0.95844243   -6.3030305   0.59505678   -5.7079737 
   46000   0.39252624   0.29726681    1386.2623   0.96013573   -6.3197308   0.58834699   -5.7313838 
   47000   0.39720011   0.37359482    1380.2587   0.96431197   -6.3456772   0.59535254   -5.7503247 
   48000   0.39742275   0.24859684    1388.7461   0.95841856   -6.3189642   0.59568623    -5.723278 
   49000   0.41034189   0.25805318    1385.7911   0.96046222   -6.3342364   0.61505039    -5.719186 
   50000   0.39834813   0.21831507    1383.8745   0.96179243   -6.3509759   0.59707327   -5.7539026 
Loop time of 40.6313 on 1 procs for 50000 steps with 1331 atoms

Performance: 425287.517 tau/day, 1230.577 timesteps/s
99.9% CPU use with 1 MPI tasks x no OpenMP threads

MPI task timing breakdown:
Section |  min time  |  avg time  |  max time  |%varavg| %total
---------------------------------------------------------------
Pair    | 32.843     | 32.843     | 32.843     |   0.0 | 80.83
Neigh   | 4.7991     | 4.7991     | 4.7991     |   0.0 | 11.81
Comm    | 0.71379    | 0.71379    | 0.71379    |   0.0 |  1.76
Output  | 0.025239   | 0.025239   | 0.025239   |   0.0 |  0.06
Modify  | 2.0311     | 2.0311     | 2.0311     |   0.0 |  5.00
Other   |            | 0.2189     |            |       |  0.54

Nlocal:    1331 ave 1331 max 1331 min
Histogram: 1 0 0 0 0 0 0 0 0 0
Nghost:    3188 ave 3188 max 3188 min
Histogram: 1 0 0 0 0 0 0 0 0 0
Neighs:    56178 ave 56178 max 56178 min
Histogram: 1 0 0 0 0 0 0 0 0 0

Total # of neighbors = 56178
Ave neighs/atom = 42.2074
Neighbor list builds = 2500
Dangerous builds not checked

write_restart lattice_11_11_11__2_2_2/sim1/T_0.40__P_0.30/end1.restart
Total wall time: 0:00:40
