run 50000
Neighbor list info ...
  update every 20 steps, delay 0 steps, check no
  max neighbors/atom: 2000, page size: 100000
  master list distance cutoff = 2.8
  ghost atom cutoff = 2.8
  binsize = 1.4, bins = 16 16 16
  1 neighbor lists, perpetual/occasional/extra = 1 0 0
  (1) pair lj/cut, perpetual
      attributes: half, newton on
      pair build: half/bin/atomonly/newton
      stencil: half/bin/3d/newton
      bin: standard
Per MPI rank memory allocation (min/avg/max) = 2.7 | 2.7 | 2.7 Mbytes
Step Temp Press Volume Density PotEng KinEng TotEng 
       0          1.6   0.15443958        10648        0.125  -0.13561964    2.3981968    2.2625772 
    1000    2.0828088   0.34239547    7158.9722   0.18592054   -1.0021208     3.121866    2.1197452 
    2000    1.8447974   0.39282638    5474.2256   0.24313941   -1.3790207     2.765117    1.3860963 
    3000     1.662724    0.5179463    4398.3972   0.30261023   -1.6571187    2.4922122    0.8350935 
    4000    1.6242528   0.53761247    3673.1035   0.36236387   -1.9970056    2.4345487   0.43754311 
    5000    1.6098801   0.58438216    3197.0112   0.41632635   -2.2731031    2.4130058    0.1399027 
    6000     1.611367   0.76550662    2877.2485   0.46259473   -2.5511981    2.4152345  -0.13596353 
    7000    1.5890124   0.73993335    2669.0492   0.49867945   -2.7466469    2.3817278  -0.36491909 
    8000    1.5829665   0.77992439    2565.5776   0.51879156   -2.8759647    2.3726658  -0.50329896 
    9000    1.5889953   0.86007158    2508.9477    0.5305013   -2.9116958    2.3817021  -0.52999365 
   10000    1.5916424   0.92389617    2521.4618   0.52786841   -2.8944113    2.3856699  -0.50874145 
   11000    1.6195381   0.85284223    2553.1106   0.52132486   -2.8780953     2.427482   -0.4506133 
   12000    1.6052328   0.87879029    2568.9926   0.51810192   -2.8515788    2.4060401  -0.44553874 
   13000    1.5927068   0.82488785    2577.6718   0.51635744   -2.8454727    2.3872652   -0.4582075 
   14000    1.6098979    0.8299944    2523.5114   0.52743967    -2.910373    2.4130326  -0.49734036 
   15000    1.5945823   0.89794819    2498.6344   0.53269099   -2.9190642    2.3900765   -0.5289877 
   16000    1.5653749    0.7779549    2600.1637   0.51189084   -2.7921755    2.3462982  -0.44587729 
   17000    1.5874634   0.96848206      2603.48   0.51123881   -2.7683381     2.379406  -0.38893205 
   18000    1.6156263   0.99844007    2519.5172   0.52827582   -2.9299752    2.4216186  -0.50835655 
   19000    1.5971614   0.93002434    2467.7557   0.53935648   -2.9700868    2.3939422  -0.57614462 
   20000    1.5764417   0.97438541    2563.7877   0.51915375   -2.8230855    2.3628859  -0.46019959 
   21000    1.6036025   0.62527526    2583.8269   0.51512738   -2.8962145    2.4035965    -0.492618 
   22000    1.6588332    1.0257425    2507.5083   0.53080582   -2.9137799    2.4863804  -0.42739957 
   23000    1.6148845   0.94858456    2514.1866   0.52939588   -2.8798202    2.4205068  -0.45931337 
   24000    1.5727873   0.68187592     2574.143    0.5170653    -2.894615    2.3574085  -0.53720652 
   25000    1.6735803   0.94789643    2584.0686   0.51507921   -2.8487042    2.5084844  -0.34021988 
   26000    1.6629737   0.80660704    2581.2038   0.51565087   -2.8470908    2.4925864  -0.35450447 
   27000    1.6269276   0.67978414    2539.6612   0.52408566   -2.9508129    2.4385579  -0.51225499 
   28000    1.6005851   0.83709827    2535.0398   0.52504107   -2.8922714    2.3990739  -0.49319754 
   29000    1.6319111   0.82404166    2573.9431   0.51710544    -2.846134    2.4460276  -0.40010644 
   30000    1.6712078   0.91367227    2623.4981    0.5073379    -2.797718    2.5049284  -0.29278966 
   31000    1.5877416   0.94982073    2567.6901   0.51836473   -2.8325469    2.3798231  -0.45272387 
   32000    1.5817438    0.8294039    2540.0995   0.52399522   -2.9060325    2.3708331  -0.53519941 
   33000    1.6605793   0.88043643    2556.1086    0.5207134   -2.8682565    2.4889976  -0.37925899 
   34000    1.6562302    0.9744229     2618.953   0.50821836   -2.7673028    2.4824788  -0.28482401 
   35000    1.6008968   0.83280123    2671.2376   0.49827091   -2.7419095     2.399541  -0.34236848 
   36000    1.6265526   0.86511469    2530.6383   0.52595427   -2.9099646    2.4379959  -0.47196873 
   37000    1.5914466   0.91037097    2515.3809   0.52914452   -2.9167077    2.3853764  -0.53133134 
   38000    1.6245437    1.0203737    2560.2896   0.51986307   -2.8472735    2.4349847  -0.41228875 
   39000     1.611503   0.87211106    2632.9084   0.50552462   -2.7544404    2.4154384  -0.33900202 
   40000    1.5935781   0.81878798    2590.6743   0.51376586   -2.8236953    2.3885712  -0.43512408 
   41000    1.5509743   0.98303516    2522.9418   0.52755873   -2.8626691    2.3247136  -0.53795545 
   42000    1.6020106   0.94066876    2526.0832   0.52690268   -2.8777897    2.4012105  -0.47657918 
   43000    1.6206046   0.92919433     2615.381   0.50891247   -2.7636963    2.4290805  -0.33461575 
   44000     1.604847     0.876685     2580.349   0.51582169   -2.8656811    2.4054618  -0.46021924 
   45000     1.614629   0.80000542    2541.5656   0.52369296   -2.8877903    2.4201238   -0.4676665 
   46000     1.583594   0.91764276    2484.1448   0.53579808   -2.9768867    2.3736063  -0.60328034 
   47000    1.5317186   0.96390539    2450.7109   0.54310771   -2.9732518    2.2958517  -0.67740005 
   48000    1.6108539   0.75151194    2553.1591   0.52131495   -2.9302332    2.4144654  -0.51576775 
   49000    1.6502366   0.79636623     2574.927   0.51690786   -2.8662534    2.4734951  -0.39275828 
   50000    1.5905886   0.81315571    2549.7379   0.52201443   -2.8979801    2.3840903  -0.51388971 
Loop time of 30.6099 on 1 procs for 50000 steps with 1331 atoms

Performance: 564524.055 tau/day, 1633.461 timesteps/s
99.7% CPU use with 1 MPI tasks x no OpenMP threads

MPI task timing breakdown:
Section |  min time  |  avg time  |  max time  |%varavg| %total
---------------------------------------------------------------
Pair    | 23.066     | 23.066     | 23.066     |   0.0 | 75.35
Neigh   | 4.2762     | 4.2762     | 4.2762     |   0.0 | 13.97
Comm    | 0.73844    | 0.73844    | 0.73844    |   0.0 |  2.41
Output  | 0.026649   | 0.026649   | 0.026649   |   0.0 |  0.09
Modify  | 2.3499     | 2.3499     | 2.3499     |   0.0 |  7.68
Other   |            | 0.153      |            |       |  0.50

Nlocal:    1331 ave 1331 max 1331 min
Histogram: 1 0 0 0 0 0 0 0 0 0
Nghost:    2409 ave 2409 max 2409 min
Histogram: 1 0 0 0 0 0 0 0 0 0
Neighs:    31442 ave 31442 max 31442 min
Histogram: 1 0 0 0 0 0 0 0 0 0

Total # of neighbors = 31442
Ave neighs/atom = 23.6228
Neighbor list builds = 2500
Dangerous builds not checked

write_restart lattice_11_11_11__2_2_2/sim1/T_1.60__P_0.90/end1.restart
Total wall time: 0:00:30
