run 50000
Neighbor list info ...
  update every 20 steps, delay 0 steps, check no
  max neighbors/atom: 2000, page size: 100000
  master list distance cutoff = 2.8
  ghost atom cutoff = 2.8
  binsize = 1.4, bins = 9 9 9
  1 neighbor lists, perpetual/occasional/extra = 1 0 0
  (1) pair lj/cut, perpetual
      attributes: half, newton on
      pair build: half/bin/atomonly/newton
      stencil: half/bin/3d/newton
      bin: standard
Per MPI rank memory allocation (min/avg/max) = 2.73 | 2.73 | 2.73 Mbytes
Step Temp Press TotEng 
       0            1    13.085315   -1.2201981 
    1000    1.2754966    2.4514777   -2.3952378 
    2000   0.98750303     1.162583   -3.0763981 
    3000   0.97529915    1.0507615   -3.1109121 
    4000    1.0429044    1.5525532   -2.9282694 
    5000   0.97913729    1.0291272   -3.0942104 
    6000   0.97171791    1.2515051   -3.0684778 
    7000    1.0000905    1.4757962   -2.9713705 
    8000   0.98280832     1.125317   -3.0893784 
    9000    1.0291658    1.1245398   -3.0268964 
   10000    1.0030769    1.3816292   -3.0035609 
   11000   0.98797465    1.0428122   -3.0892886 
   12000     1.021524    1.2832024   -3.0063435 
   13000    1.0143119    1.1823241   -3.0226514 
   14000   0.97959046    1.0854693   -3.0918219 
   15000    1.0329209    1.2128985   -2.9866421 
   16000    1.0129558    1.1521329   -3.0433253 
   17000   0.99974192    1.0184321   -3.0753676 
   18000    1.0428599    1.1879808   -2.9981084 
   19000   0.97270522    1.1928133   -3.0849624 
   20000   0.99117134    1.2234068   -3.0419148 
   21000    1.0179464    1.1998193   -3.0150844 
   22000   0.99072479    1.1375167   -3.0796737 
   23000    1.0543387    1.2283843   -2.9664694 
   24000   0.99221581    1.3201594    -3.034737 
   25000    1.0200153    1.0424106   -3.0485554 
   26000    1.0234101     1.392565   -2.9750713 
   27000   0.97875865    1.2067299   -3.0639948 
   28000   0.99867144    1.2539676   -3.0381743 
   29000    1.0305661    1.3047738   -3.0031346 
   30000   0.96575694    1.1344002   -3.1057692 
   31000    1.0024492    1.3885412   -3.0030085 
   32000   0.94292048    1.2994179   -3.0829291 
   33000   0.99306576    1.2295022   -3.0396104 
   34000    0.9820859    1.5160028   -3.0030074 
   35000   0.99480939    1.0890666   -3.0851831 
   36000    1.0099107    1.5144025   -2.9623902 
   37000    1.0044789    1.2841217   -3.0283476 
   38000   0.99066282    1.1674115   -3.0712919 
   39000    1.0295176    1.3642429   -2.9606202 
   40000    1.0167738   0.97939264   -3.0533236 
   41000    1.0185757     1.197784   -3.0319974 
   42000    1.0732607    1.1334953   -2.9560695 
   43000   0.99877599    1.1659482   -3.0652965 
   44000    1.0073844    1.1607695   -3.0305738 
   45000    1.0394364    1.4053849   -2.9556212 
   46000   0.96265456    1.1825292   -3.0867897 
   47000    1.0203732    1.2552669   -2.9954557 
   48000    0.9780812    1.1171701   -3.0905544 
   49000   0.99743888    1.1697646   -3.0687595 
   50000    1.0149626    1.2167074   -3.0187889 
Loop time of 33.7728 on 1 procs for 50000 steps with 1331 atoms

Performance: 511654.658 tau/day, 1480.482 timesteps/s
99.9% CPU use with 1 MPI tasks x no OpenMP threads

MPI task timing breakdown:
Section |  min time  |  avg time  |  max time  |%varavg| %total
---------------------------------------------------------------
Pair    | 27.71      | 27.71      | 27.71      |   0.0 | 82.05
Neigh   | 4.3737     | 4.3737     | 4.3737     |   0.0 | 12.95
Comm    | 0.6833     | 0.6833     | 0.6833     |   0.0 |  2.02
Output  | 0.02581    | 0.02581    | 0.02581    |   0.0 |  0.08
Modify  | 0.84386    | 0.84386    | 0.84386    |   0.0 |  2.50
Other   |            | 0.136      |            |       |  0.40

Nlocal:    1331 ave 1331 max 1331 min
Histogram: 1 0 0 0 0 0 0 0 0 0
Nghost:    2850 ave 2850 max 2850 min
Histogram: 1 0 0 0 0 0 0 0 0 0
Neighs:    46051 ave 46051 max 46051 min
Histogram: 1 0 0 0 0 0 0 0 0 0

Total # of neighbors = 46051
Ave neighs/atom = 34.5988
Neighbor list builds = 2500
Dangerous builds not checked

write_restart NVT/sim1/T_1.00__v_1.00/end1.restart
Total wall time: 0:00:33
