run 50000
Neighbor list info ...
  update every 20 steps, delay 0 steps, check no
  max neighbors/atom: 2000, page size: 100000
  master list distance cutoff = 2.8
  ghost atom cutoff = 2.8
  binsize = 1.4, bins = 20 20 20
  1 neighbor lists, perpetual/occasional/extra = 1 0 0
  (1) pair lj/cut, perpetual
      attributes: half, newton on
      pair build: half/bin/atomonly/newton
      stencil: half/bin/3d/newton
      bin: standard
Per MPI rank memory allocation (min/avg/max) = 2.724 | 2.724 | 2.724 Mbytes
Step Temp Press TotEng 
       0          0.6  0.038309352   0.88699476 
    1000   0.71033268  0.029207441   0.60155494 
    2000    0.6252938  0.021667677   0.30063312 
    3000   0.59220921  0.011849061   0.13574678 
    4000   0.60783875  0.012931963 0.0050413215 
    5000   0.60514244  0.011101133  -0.14425991 
    6000   0.59072894 0.0084112332  -0.27326727 
    7000   0.60588851  0.003171587  -0.37639849 
    8000   0.61039238    0.0106822  -0.50732054 
    9000   0.63914012  0.014078432  -0.66607768 
   10000   0.61981666 0.0075653762  -0.84013283 
   11000   0.63459369 0.0023482441  -0.99891471 
   12000   0.61793915 -0.0021649238   -1.1237085 
   13000   0.58439845  0.017108079   -1.2589279 
   14000   0.61193818 0.0046458577   -1.3554491 
   15000   0.63183348 -0.0050314532   -1.4666901 
   16000   0.61216976 0.0017325813   -1.5692848 
   17000   0.61659249  0.016202494   -1.6480181 
   18000   0.60544556  0.001405705   -1.7425889 
   19000   0.61770846 0.0058726206   -1.8296482 
   20000   0.61917263 0.0056392376   -1.9056034 
   21000   0.60073473 0.0031940462   -1.9752156 
   22000   0.59586321 0.0072261669   -2.0355932 
   23000   0.60671166   0.01000585   -2.0806664 
   24000   0.60317357  0.014243579   -2.1421879 
   25000    0.5950683 0.0071350966   -2.1864289 
   26000   0.58420567 0.0069115094   -2.2352865 
   27000    0.6064475 0.0067523475   -2.2741519 
   28000   0.60826871  0.006859453   -2.3147611 
   29000   0.57214223 -0.0033209785   -2.3576757 
   30000   0.60578093 0.0025483988   -2.2949599 
   31000   0.61377643 0.0038662878   -2.3218526 
   32000   0.60993255 0.0032570007   -2.3845316 
   33000   0.60713845 0.0075066475   -2.4415754 
   34000   0.58079428 0.00083223444   -2.4846786 
   35000   0.62159768 0.0024146242    -2.487507 
   36000   0.61678412  0.012329994    -2.475137 
   37000   0.59922258 0.0023571161   -2.5014087 
   38000   0.62059587 -0.00093628576   -2.5560139 
   39000   0.61620876 -0.0066354938   -2.6315849 
   40000   0.60295582 0.0098482832   -2.7086675 
   41000   0.59906338 0.0022676595   -2.7592963 
   42000   0.58707623  0.017208939   -2.8027208 
   43000   0.59465104  0.010757493   -2.8172815 
   44000   0.59207766 0.0017388027   -2.7631377 
   45000   0.58187422 0.0055763499   -2.8203658 
   46000   0.59549232 -0.0098821556   -2.8626754 
   47000   0.59273565 -0.016499871   -2.9057338 
   48000   0.58503884 -0.010699512   -2.9276245 
   49000   0.59561575 -0.0005558423   -2.9882467 
   50000   0.60883757 0.0067964296   -2.9281943 
Loop time of 16.038 on 1 procs for 50000 steps with 1331 atoms

Performance: 1077440.393 tau/day, 3117.594 timesteps/s
99.9% CPU use with 1 MPI tasks x no OpenMP threads

MPI task timing breakdown:
Section |  min time  |  avg time  |  max time  |%varavg| %total
---------------------------------------------------------------
Pair    | 12.534     | 12.534     | 12.534     |   0.0 | 78.15
Neigh   | 2.3347     | 2.3347     | 2.3347     |   0.0 | 14.56
Comm    | 0.22245    | 0.22245    | 0.22245    |   0.0 |  1.39
Output  | 0.024069   | 0.024069   | 0.024069   |   0.0 |  0.15
Modify  | 0.84664    | 0.84664    | 0.84664    |   0.0 |  5.28
Other   |            | 0.07609    |            |       |  0.47

Nlocal:    1331 ave 1331 max 1331 min
Histogram: 1 0 0 0 0 0 0 0 0 0
Nghost:    325 ave 325 max 325 min
Histogram: 1 0 0 0 0 0 0 0 0 0
Neighs:    32259 ave 32259 max 32259 min
Histogram: 1 0 0 0 0 0 0 0 0 0

Total # of neighbors = 32259
Ave neighs/atom = 24.2367
Neighbor list builds = 2500
Dangerous builds not checked

write_restart NVT/sim1/T_0.60__v_15.62/end1.restart
Total wall time: 0:00:16
