run 50000
Neighbor list info ...
  update every 20 steps, delay 0 steps, check no
  max neighbors/atom: 2000, page size: 100000
  master list distance cutoff = 2.8
  ghost atom cutoff = 2.8
  binsize = 1.4, bins = 16 16 16
  1 neighbor lists, perpetual/occasional/extra = 1 0 0
  (1) pair lj/cut, perpetual
      attributes: half, newton on
      pair build: half/bin/atomonly/newton
      stencil: half/bin/3d/newton
      bin: standard
Per MPI rank memory allocation (min/avg/max) = 2.7 | 2.7 | 2.7 Mbytes
Step Temp Press Volume Density PotEng KinEng TotEng 
       0          0.1 -0.032919548        10648        0.125  -0.13561964    0.1498873  0.014267664 
    1000   0.70651168  -0.11204759    2520.9537   0.52797478   -3.3333794    1.0589713   -2.2744081 
    2000    0.4897169    1.0159666    1462.5802   0.91003556   -5.7402311   0.73402345   -5.0062076 
    3000   0.21040446    1.1573757    1346.9775   0.98813824   -6.4251852   0.31536956   -6.1098156 
    4000   0.11540996    1.1915264    1319.2985    1.0088695   -6.6176247   0.17298487   -6.4446398 
    5000  0.088455656    1.1788343    1311.3421    1.0149906   -6.6774481    0.1325838   -6.5448643 
    6000  0.097008159    1.2409958    1310.7896    1.0154185   -6.6726246   0.14540291   -6.5272217 
    7000    0.1089744    1.1761948    1312.3841    1.0141848   -6.6721414   0.16333879   -6.5088026 
    8000  0.095242899    1.1630208    1309.0872     1.016739    -6.699054   0.14275701    -6.556297 
    9000  0.098096782    1.2075702    1308.5338     1.017169   -6.6954271   0.14703462   -6.5483925 
   10000   0.10608888    1.2182937    1310.1639    1.0159034   -6.6810694   0.15901376   -6.5220557 
   11000  0.096982325     1.195926    1307.4979    1.0179749   -6.7041595   0.14536419   -6.5587953 
   12000  0.095993271    1.1946366    1308.0288    1.0175617   -6.7034906   0.14388173   -6.5596089 
   13000   0.10645837    1.2025985    1310.0573    1.0159861   -6.6874053   0.15956758   -6.5278377 
   14000  0.098766977    1.2032363    1308.1519     1.017466    -6.700792   0.14803916   -6.5527529 
   15000  0.094566529    1.1948788    1307.5751    1.0179147    -6.705984   0.14174322   -6.5642408 
   16000   0.10357387    1.0979756    1311.5599    1.0148221   -6.6902962   0.15524407   -6.5350521 
   17000   0.10247238    1.2623064    1307.2785    1.0181457   -6.6980987   0.15359308   -6.5445056 
   18000  0.094797934    1.1599205    1307.9751    1.0176035   -6.7073297   0.14209007   -6.5652396 
   19000   0.10417216    1.2165015    1308.4831    1.0172084   -6.6945171   0.15614084   -6.5383762 
   20000   0.10260871    1.2669914    1307.5393    1.0179427   -6.6926834   0.15379743   -6.5388859 
   21000  0.093602242    1.1147276    1309.2671    1.0165993   -6.7055724   0.14029788   -6.5652745 
   22000   0.10228862    1.2830726    1306.8104    1.0185104   -6.6963933   0.15331765   -6.5430756 
   23000   0.10204141    1.1346499    1310.8555    1.0153674   -6.6902955   0.15294712   -6.5373484 
   24000  0.097410078    1.2518783    1306.3661    1.0188568   -6.7059328   0.14600534   -6.5599275 
   25000  0.099943637     1.128194    1309.5094    1.0164112   -6.7019357   0.14980282   -6.5521329 
   26000   0.10563319    1.3461383     1306.531    1.0187282   -6.6894582   0.15833074   -6.5311275 
   27000  0.095200169    1.1854684    1308.4666    1.0172212   -6.6993998   0.14269296   -6.5567069 
   28000  0.096747511    1.2333041    1307.3139    1.0181181    -6.701254   0.14501223   -6.5562418 
   29000   0.10206072    1.2246377    1309.0789    1.0167454    -6.687915   0.15297607   -6.5349389 
   30000  0.096856687    1.2428003    1307.5835    1.0179082   -6.6970558   0.14517588   -6.5518799 
   31000  0.094775143    1.1897044     1307.918    1.0176479   -6.7039909   0.14205591    -6.561935 
   32000   0.10245433      1.20105    1309.2231    1.0166335   -6.6926608   0.15356604   -6.5390948 
   33000    0.1010527    1.2041912    1308.5574    1.0171506   -6.6979966   0.15146516   -6.5465314 
   34000  0.096405048    1.1622236     1308.161    1.0174589   -6.7086907   0.14449893   -6.5641918 
   35000    0.1013232    1.2462522    1307.6552    1.0178524    -6.696571    0.1518706   -6.5447004 
   36000   0.10280275    1.1316864    1309.9509    1.0160686   -6.6987506   0.15408827   -6.5446623 
   37000  0.096351958     1.219964    1306.5791    1.0186907   -6.7080167   0.14441935   -6.5635974 
   38000  0.099844213    1.1907541     1308.173    1.0174495   -6.7010304    0.1496538   -6.5513766 
   39000    0.1031674    1.2121042    1308.5835    1.0171304   -6.6956602   0.15463483   -6.5410254 
   40000   0.09549302    1.1819386    1307.8178    1.0177259   -6.7049855   0.14313191   -6.5618535 
   41000  0.099320909    1.2120116    1307.1656    1.0182337   -6.7042817   0.14886943   -6.5554123 
   42000   0.10533115    1.0734464    1311.0184    1.0152413   -6.6998479   0.15787801   -6.5419699 
   43000  0.097507321    1.2905187    1305.9624    1.0191718   -6.7018386   0.14615109   -6.5556875 
   44000  0.095718027    1.1613398    1308.7135    1.0170293   -6.7034763   0.14346917   -6.5600071 
   45000   0.10505509    1.1893543    1309.0208    1.0167906   -6.6994593   0.15746424   -6.5419951 
   46000   0.09879004    1.2519112    1306.7802    1.0185339   -6.7001663   0.14807373   -6.5520926 
   47000  0.099021254    1.1617828    1307.9298    1.0176387   -6.7103058   0.14842029   -6.5618855 
   48000   0.10444575    1.2110202    1307.9243     1.017643   -6.7007649   0.15655092    -6.544214 
   49000   0.10014077    1.1143833    1309.9977    1.0160323   -6.7003631    0.1500983   -6.5502648 
   50000  0.097211581    1.3652834    1304.1711    1.0205716   -6.7038331   0.14570782   -6.5581253 
Loop time of 45.7082 on 1 procs for 50000 steps with 1331 atoms

Performance: 378050.637 tau/day, 1093.897 timesteps/s
99.9% CPU use with 1 MPI tasks x no OpenMP threads

MPI task timing breakdown:
Section |  min time  |  avg time  |  max time  |%varavg| %total
---------------------------------------------------------------
Pair    | 37.411     | 37.411     | 37.411     |   0.0 | 81.85
Neigh   | 5.2135     | 5.2135     | 5.2135     |   0.0 | 11.41
Comm    | 0.76108    | 0.76108    | 0.76108    |   0.0 |  1.67
Output  | 0.024991   | 0.024991   | 0.024991   |   0.0 |  0.05
Modify  | 2.0634     | 2.0634     | 2.0634     |   0.0 |  4.51
Other   |            | 0.234      |            |       |  0.51

Nlocal:    1331 ave 1331 max 1331 min
Histogram: 1 0 0 0 0 0 0 0 0 0
Nghost:    3265 ave 3265 max 3265 min
Histogram: 1 0 0 0 0 0 0 0 0 0
Neighs:    61235 ave 61235 max 61235 min
Histogram: 1 0 0 0 0 0 0 0 0 0

Total # of neighbors = 61235
Ave neighs/atom = 46.0068
Neighbor list builds = 2500
Dangerous builds not checked

write_restart lattice_11_11_11__2_2_2/sim1/T_0.10__P_1.20/end1.restart
Total wall time: 0:00:45
