run 50000
Neighbor list info ...
  update every 20 steps, delay 0 steps, check no
  max neighbors/atom: 2000, page size: 100000
  master list distance cutoff = 2.8
  ghost atom cutoff = 2.8
  binsize = 1.4, bins = 16 16 16
  1 neighbor lists, perpetual/occasional/extra = 1 0 0
  (1) pair lj/cut, perpetual
      attributes: half, newton on
      pair build: half/bin/atomonly/newton
      stencil: half/bin/3d/newton
      bin: standard
Per MPI rank memory allocation (min/avg/max) = 2.7 | 2.7 | 2.7 Mbytes
Step Temp Press Volume Density PotEng KinEng TotEng 
       0          1.3   0.11696776        10648        0.125  -0.13561964    1.9485349    1.8129153 
    1000    1.5495735   0.19637627    8637.4858   0.15409577  -0.86616197    2.3226139     1.456452 
    2000     1.383408   0.19937576    7240.2618   0.18383313   -1.1071955     2.073553   0.96635747 
    3000    1.3279293   0.18308459    6177.7021   0.21545228    -1.340528    1.9903974   0.64986937 
    4000    1.3174306    0.1904075    5392.6104   0.24681924   -1.5533635    1.9746612   0.42129777 
    5000    1.2884562   0.19840211    4807.2723   0.27687219   -1.6845101    1.9312322    0.2467221 
    6000    1.3277018   0.16516247    4366.5776   0.30481538   -1.8735563    1.9900565   0.11650016 
    7000    1.3373255   0.23371282    4011.7402   0.33177622   -2.0453245    2.0044811 -0.040843449 
    8000    1.2989896    0.2428035    3739.4868   0.35593119   -2.1109894    1.9470204  -0.16396903 
    9000    1.3111922   0.19989968     3552.028   0.37471551    -2.274388    1.9653106  -0.30907748 
   10000     1.316679   0.23690587    3369.4645   0.39501826   -2.3559017    1.9735346  -0.38236709 
   11000    1.2881523   0.34950486    3229.8074   0.41209887   -2.3954231    1.9307767  -0.46464638 
   12000    1.2810712   0.31855095    3161.9266   0.42094589    -2.463495     1.920163  -0.54333202 
   13000    1.3026677   0.26514081    3059.0143   0.43510748   -2.5365529    1.9525335  -0.58401941 
   14000    1.2969237   0.24439405    3019.3682   0.44082069   -2.5576287    1.9439239  -0.61370482 
   15000    1.2883121   0.27005921    3089.9661   0.43074907   -2.4939413    1.9310162  -0.56292509 
   16000    1.2789746   0.25771469    3126.8048   0.42567416   -2.4693655    1.9170205  -0.55234501 
   17000    1.3091516   0.21873327    3148.5362   0.42273613   -2.4469207     1.962252  -0.48466863 
   18000    1.3171005   0.24115666     3194.675    0.4166308   -2.4779737    1.9741664  -0.50380725 
   19000     1.318667   0.35466704    3185.4993   0.41783089   -2.4058571    1.9765144  -0.42934269 
   20000    1.2367487   0.21011996    3286.3233   0.40501188   -2.3721332    1.8537293  -0.51840391 
   21000    1.3828973   0.42340392    3089.8797    0.4307611   -2.4556864    2.0727874  -0.38289898 
   22000    1.2784367   0.21061736    3143.7237   0.42338326   -2.4569303    1.9162143  -0.54071601 
   23000     1.266855   0.37131552    3138.7572   0.42405319   -2.4532247    1.8988549   -0.5543698 
   24000    1.3275478   0.31780525    3140.3574   0.42383711   -2.4264561    1.9898255  -0.43663055 
   25000    1.2622141   0.27172942    3232.0512   0.41181278      -2.4465    1.8918987  -0.55460131 
   26000    1.3362901   0.24790483     3050.271   0.43635467   -2.5234389    2.0029292  -0.52050975 
   27000    1.2564574   0.27848242    3073.4368   0.43306569    -2.533425    1.8832701   -0.6501549 
   28000    1.3244314   0.27410811    3046.1378   0.43694675   -2.5685265    1.9851545  -0.58337202 
   29000     1.299069   0.28827682    3179.0551   0.41867786   -2.3811606    1.9471395  -0.43402103 
   30000    1.2737939   0.26959824    3288.2259   0.40477754   -2.3616776    1.9092553  -0.45242234 
   31000    1.3069694   0.30153631    3207.1524    0.4150099   -2.3988795    1.9589812  -0.43989829 
   32000     1.305036   0.25828211    3146.0396    0.4230716   -2.4872232    1.9560832  -0.53113996 
   33000    1.2400999   0.20241113    3111.1839   0.42781143   -2.4938169    1.8587522  -0.63506466 
   34000    1.3247197   0.47274371    3024.1636   0.44012169   -2.5121543    1.9855866  -0.52656773 
   35000    1.2241149   0.27112218     3090.344   0.43069639   -2.5322845    1.8347928  -0.69749172 
   36000     1.322427   0.28193928    2960.4374   0.44959573    -2.602059    1.9821501  -0.61990887 
   37000    1.2659756   0.20279113     3003.396   0.44316501   -2.6015347    1.8975367  -0.70399802 
   38000    1.2819768   0.40861743    3048.0517   0.43667238   -2.5321869    1.9215204  -0.61066647 
   39000     1.303904   0.25672571    3111.2057   0.42780843    -2.495428    1.9543865  -0.54104145 
   40000    1.2867718   0.33725586    3194.7642   0.41661917   -2.4380045    1.9287076  -0.50929697 
   41000    1.3560978   0.38888137    3220.4077   0.41330171   -2.4051142    2.0326185  -0.37249575 
   42000    1.2996988   0.25670496    3258.5944   0.40845832   -2.3982807    1.9480835  -0.45019719 
   43000     1.290852   0.29804118      3183.05    0.4181524   -2.4241618    1.9348233  -0.48933851 
   44000    1.2771303   0.32792492    3133.3141   0.42478984   -2.4417029    1.9142562  -0.52744673 
   45000    1.2846315   0.21889479    3155.1087   0.42185552   -2.4721913    1.9254995   -0.5466918 
   46000    1.3225394   0.33171835    3225.2318   0.41268352   -2.3948185    1.9823186  -0.41249992 
   47000    1.3293173    0.2144825    3336.4728   0.39892428   -2.3387467    1.9924778   -0.3462689 
   48000    1.2707131   0.27188904    3418.1125   0.38939619   -2.2856153    1.9046376  -0.38097769 
   49000    1.3407371   0.29877772    3265.4931   0.40759541   -2.3873649    2.0095946  -0.37777031 
   50000     1.256422   0.26306409    3216.2162   0.41384033    -2.378638    1.8832171  -0.49542092 
Loop time of 25.7449 on 1 procs for 50000 steps with 1331 atoms

Performance: 671200.667 tau/day, 1942.132 timesteps/s
99.5% CPU use with 1 MPI tasks x no OpenMP threads

MPI task timing breakdown:
Section |  min time  |  avg time  |  max time  |%varavg| %total
---------------------------------------------------------------
Pair    | 18.713     | 18.713     | 18.713     |   0.0 | 72.69
Neigh   | 3.8396     | 3.8396     | 3.8396     |   0.0 | 14.91
Comm    | 0.66258    | 0.66258    | 0.66258    |   0.0 |  2.57
Output  | 0.025927   | 0.025927   | 0.025927   |   0.0 |  0.10
Modify  | 2.3579     | 2.3579     | 2.3579     |   0.0 |  9.16
Other   |            | 0.146      |            |       |  0.57

Nlocal:    1331 ave 1331 max 1331 min
Histogram: 1 0 0 0 0 0 0 0 0 0
Nghost:    2216 ave 2216 max 2216 min
Histogram: 1 0 0 0 0 0 0 0 0 0
Neighs:    25227 ave 25227 max 25227 min
Histogram: 1 0 0 0 0 0 0 0 0 0

Total # of neighbors = 25227
Ave neighs/atom = 18.9534
Neighbor list builds = 2500
Dangerous builds not checked

write_restart lattice_11_11_11__2_2_2/sim1/T_1.30__P_0.30/end1.restart
Total wall time: 0:00:25
