run 50000
Neighbor list info ...
  update every 20 steps, delay 0 steps, check no
  max neighbors/atom: 2000, page size: 100000
  master list distance cutoff = 2.8
  ghost atom cutoff = 2.8
  binsize = 1.4, bins = 21 21 21
  1 neighbor lists, perpetual/occasional/extra = 1 0 0
  (1) pair lj/cut, perpetual
      attributes: half, newton on
      pair build: half/bin/atomonly/newton
      stencil: half/bin/3d/newton
      bin: standard
Per MPI rank memory allocation (min/avg/max) = 2.731 | 2.731 | 2.731 Mbytes
Step Temp Press TotEng 
       0          1.2  0.063637007    1.7863186 
    1000    1.2345641  0.056902128    1.5276507 
    2000    1.1553055  0.053986519    1.3738439 
    3000    1.2233669  0.055744372    1.4807169 
    4000     1.168931  0.052375717    1.3765361 
    5000    1.2321737  0.059997587    1.4715795 
    6000    1.1415911  0.049196055    1.3301291 
    7000     1.215857  0.056429447    1.4496986 
    8000    1.1727204  0.053858838    1.3643101 
    9000    1.2579207  0.057674282    1.5023347 
   10000    1.1866497  0.054659871    1.3985704 
   11000    1.2088299  0.056502986    1.4444334 
   12000    1.2093621  0.058699278    1.4401289 
   13000     1.191133  0.057205145     1.404587 
   14000    1.2217683  0.060720669    1.4601232 
   15000    1.1668656  0.050094011    1.3491199 
   16000     1.210415  0.060744561    1.4416019 
   17000    1.1841758  0.055368412    1.4065808 
   18000    1.2526895  0.059017196    1.4986757 
   19000    1.1678173  0.054574247    1.3862032 
   20000    1.2141401  0.057823041    1.4323627 
   21000    1.1475541  0.058579126    1.3342182 
   22000    1.2242925   0.05468331    1.4263347 
   23000    1.2061848  0.057507731    1.4068538 
   24000    1.2543008  0.058210124    1.4942449 
   25000    1.1704059  0.057309609    1.3661166 
   26000    1.2309769  0.059340073    1.4577517 
   27000    1.1250502  0.048141416    1.3138276 
   28000    1.2014913  0.050899525     1.423209 
   29000    1.2076958  0.057978871    1.4292717 
   30000     1.168158  0.054568098     1.356033 
   31000    1.2371571  0.056691189    1.4614653 
   32000    1.1957929   0.05646414    1.3941913 
   33000    1.2088561  0.057047695    1.4124086 
   34000     1.165814   0.05959658    1.3819118 
   35000    1.2132856  0.057747795    1.4179592 
   36000    1.1939582  0.053968589     1.391179 
   37000    1.2154424  0.053662535    1.4282234 
   38000    1.2105925  0.054505117    1.4094281 
   39000    1.2076629   0.05686993    1.4007625 
   40000      1.25488  0.057025007    1.5033246 
   41000    1.1874909  0.052272386    1.3772685 
   42000    1.2048355  0.054988917    1.4291698 
   43000    1.2621565  0.059629747    1.4974491 
   44000    1.1677182  0.056045731    1.3821592 
   45000    1.2229136  0.058823482    1.4635416 
   46000    1.1405172  0.059534468    1.3267805 
   47000    1.2137045  0.057274444    1.4291753 
   48000    1.1836544  0.050106024    1.3992414 
   49000    1.2363477  0.058538464    1.4681686 
   50000    1.1773551  0.057818701    1.3853949 
Loop time of 5.03614 on 1 procs for 50000 steps with 1331 atoms

Performance: 3431202.249 tau/day, 9928.247 timesteps/s
99.4% CPU use with 1 MPI tasks x no OpenMP threads

MPI task timing breakdown:
Section |  min time  |  avg time  |  max time  |%varavg| %total
---------------------------------------------------------------
Pair    | 2.6247     | 2.6247     | 2.6247     |   0.0 | 52.12
Neigh   | 1.1847     | 1.1847     | 1.1847     |   0.0 | 23.52
Comm    | 0.27738    | 0.27738    | 0.27738    |   0.0 |  5.51
Output  | 0.023027   | 0.023027   | 0.023027   |   0.0 |  0.46
Modify  | 0.84866    | 0.84866    | 0.84866    |   0.0 | 16.85
Other   |            | 0.07768    |            |       |  1.54

Nlocal:    1331 ave 1331 max 1331 min
Histogram: 1 0 0 0 0 0 0 0 0 0
Nghost:    922 ave 922 max 922 min
Histogram: 1 0 0 0 0 0 0 0 0 0
Neighs:    3549 ave 3549 max 3549 min
Histogram: 1 0 0 0 0 0 0 0 0 0

Total # of neighbors = 3549
Ave neighs/atom = 2.66642
Neighbor list builds = 2500
Dangerous builds not checked

write_restart NVT/sim1/T_1.20__v_19.68/end1.restart
Total wall time: 0:00:05
