run 50000
Neighbor list info ...
  update every 20 steps, delay 0 steps, check no
  max neighbors/atom: 2000, page size: 100000
  master list distance cutoff = 2.8
  ghost atom cutoff = 2.8
  binsize = 1.4, bins = 10 10 10
  1 neighbor lists, perpetual/occasional/extra = 1 0 0
  (1) pair lj/cut, perpetual
      attributes: half, newton on
      pair build: half/bin/atomonly/newton
      stencil: half/bin/3d/newton
      bin: standard
Per MPI rank memory allocation (min/avg/max) = 2.732 | 2.732 | 2.732 Mbytes
Step Temp Press TotEng 
       0            1  -0.53090232   -2.6400794 
    1000   0.90722849  -0.19731017   -2.3436002 
    2000    1.0233117   0.14095519   -2.0565806 
    3000    1.0096018   0.25570594   -2.1058685 
    4000   0.97312959   0.10452887    -2.163476 
    5000    1.0162379   0.23270142   -2.0556349 
    6000   0.99212714 -0.021863718   -2.1443398 
    7000    1.0211731   0.16023534    -2.074308 
    8000   0.97603035   0.10534557   -2.1373599 
    9000   0.97534031   0.26604986   -2.1172979 
   10000    1.0216157  0.032154452   -2.1100583 
   11000    1.0384106 -0.0064672939   -2.0971754 
   12000   0.99634738   0.11388776   -2.1471114 
   13000   0.98078918  0.055482158   -2.1448664 
   14000    1.0236925   0.18531303     -2.07855 
   15000   0.97311392   0.13973772   -2.1424154 
   16000    1.0458247   0.21172837   -2.0275608 
   17000   0.97670467   0.10516855   -2.1284969 
   18000     1.010246    0.1605131   -2.0969714 
   19000   0.99762942   0.16920509   -2.0594056 
   20000   0.98957912 -0.017939827   -2.1351703 
   21000    1.0160638   0.17019876   -2.0647806 
   22000   0.97380996  0.043531041   -2.1798899 
   23000   0.99878956  0.061312685   -2.1164012 
   24000   0.99113131  0.089774279   -2.1088492 
   25000   0.96148653  0.068291088   -2.1783513 
   26000     1.008177   0.20425706   -2.0944071 
   27000   0.99668693  0.053466031   -2.1057095 
   28000   0.97327823 0.0065932639   -2.1893131 
   29000    1.0210371   0.17575316   -2.0831161 
   30000   0.97422376    0.1098705   -2.1136757 
   31000   0.95474844 0.0049063758   -2.1864831 
   32000    1.0125189   0.22428831   -2.0677482 
   33000   0.98910492   0.15217272   -2.1498893 
   34000   0.99960709   0.15199622   -2.1379553 
   35000    1.0036321   0.24320966   -2.0950935 
   36000   0.98168431  0.063001893   -2.1652009 
   37000    1.0132524  0.076997454   -2.0911167 
   38000    1.0143015  0.095143546   -2.0897147 
   39000   0.99878065  0.081146939   -2.1300271 
   40000    1.0038658  0.037416351   -2.1090117 
   41000    1.0115071   0.17550142   -2.0656697 
   42000   0.99065607  0.081715408   -2.1606099 
   43000    1.0412523   0.10168638   -2.0677003 
   44000    1.0085151  0.036392022   -2.1030933 
   45000   0.98603045   0.19237055   -2.1037456 
   46000    1.0587733   0.16835577   -2.0198061 
   47000   0.99993126  0.052679294   -2.1347402 
   48000    1.0030389  0.067340026   -2.0896496 
   49000    1.0301144   0.16394502    -2.062048 
   50000    1.0114806  0.094837573   -2.1172903 
Loop time of 27.8177 on 1 procs for 50000 steps with 1331 atoms

Performance: 621186.660 tau/day, 1797.415 timesteps/s
99.9% CPU use with 1 MPI tasks x no OpenMP threads

MPI task timing breakdown:
Section |  min time  |  avg time  |  max time  |%varavg| %total
---------------------------------------------------------------
Pair    | 22.396     | 22.396     | 22.396     |   0.0 | 80.51
Neigh   | 3.7919     | 3.7919     | 3.7919     |   0.0 | 13.63
Comm    | 0.64012    | 0.64012    | 0.64012    |   0.0 |  2.30
Output  | 0.024101   | 0.024101   | 0.024101   |   0.0 |  0.09
Modify  | 0.84093    | 0.84093    | 0.84093    |   0.0 |  3.02
Other   |            | 0.1244     |            |       |  0.45

Nlocal:    1331 ave 1331 max 1331 min
Histogram: 1 0 0 0 0 0 0 0 0 0
Nghost:    2584 ave 2584 max 2584 min
Histogram: 1 0 0 0 0 0 0 0 0 0
Neighs:    36507 ave 36507 max 36507 min
Histogram: 1 0 0 0 0 0 0 0 0 0

Total # of neighbors = 36507
Ave neighs/atom = 27.4282
Neighbor list builds = 2500
Dangerous builds not checked

write_restart NVT/sim1/T_1.00__v_1.33/end1.restart
Total wall time: 0:00:27
