run 50000
Neighbor list info ...
  update every 20 steps, delay 0 steps, check no
  max neighbors/atom: 2000, page size: 100000
  master list distance cutoff = 2.8
  ghost atom cutoff = 2.8
  binsize = 1.4, bins = 16 16 16
  1 neighbor lists, perpetual/occasional/extra = 1 0 0
  (1) pair lj/cut, perpetual
      attributes: half, newton on
      pair build: half/bin/atomonly/newton
      stencil: half/bin/3d/newton
      bin: standard
Per MPI rank memory allocation (min/avg/max) = 2.7 | 2.7 | 2.7 Mbytes
Step Temp Press Volume Density PotEng KinEng TotEng 
       0          1.2   0.10447715        10648        0.125  -0.13561964    1.7986476     1.663028 
    1000    1.2313752   0.10355491    11991.767   0.11099281  -0.71075236    1.8456751    1.1349228 
    2000    1.2002288  0.099575984     12078.46   0.11019616  -0.75095263    1.7989905    1.0480379 
    3000    1.2139888   0.10511686    11741.226   0.11336124  -0.77394065     1.819615    1.0456744 
    4000    1.2037601  0.095053986    11443.454   0.11631104  -0.82670931    1.8042835   0.97757421 
    5000    1.2108233   0.10532353    11141.492   0.11946335  -0.82559173    1.8148704   0.98927868 
    6000     1.188519  0.099317046    10862.277   0.12253416  -0.85381505     1.781439   0.92762399 
    7000    1.1999535  0.097840542     10728.37   0.12406358  -0.85417779     1.798578    0.9444002 
    8000     1.185844  0.088953995     10955.89   0.12148716  -0.84509327    1.7774295   0.93233624 
    9000    1.1813963  0.094414886     11547.26   0.11526544  -0.77671997     1.770763   0.99404303 
   10000    1.2070532  0.094573722    12102.033   0.10998152  -0.74647232    1.8092195    1.0627472 
   11000    1.1519785  0.085983766    12019.389   0.11073774  -0.77353518    1.7266695   0.95313434 
   12000    1.2034448   0.10957703    11279.107   0.11800579  -0.78890748     1.803811    1.0149035 
   13000     1.210347  0.089616825     11222.39   0.11860219  -0.81083733    1.8141565    1.0033192 
   14000    1.1851905  0.098420746     11273.71   0.11806229  -0.82972413      1.77645   0.94672588 
   15000    1.2183818   0.10047361    11062.871   0.12031235   -0.8063558    1.8261996    1.0198438 
   16000    1.1688829   0.11204926    11540.617   0.11533179  -0.78280496    1.7520071   0.96920214 
   17000    1.1893844   0.10625278    12049.882   0.11045751  -0.76292796    1.7827361    1.0198082 
   18000    1.2071932  0.081339092    12358.351   0.10770045  -0.75003265    1.8094294    1.0593967 
   19000    1.2236816     0.102746    11648.309   0.11426552  -0.78191294    1.8341433    1.0522304 
   20000    1.1897047   0.10584259     11344.67   0.11732382  -0.80368488    1.7832163   0.97953142 
   21000    1.1966484   0.10077109    11023.485   0.12074221  -0.78840725    1.7936241    1.0052168 
   22000     1.228864   0.11092013    11130.285   0.11958364  -0.82954806    1.8419111    1.0123631 
   23000     1.202277  0.096134754    11743.251    0.1133417  -0.79906115    1.8020605    1.0029994 
   24000    1.2146606  0.094094983    11630.979   0.11443577  -0.81118292    1.8206221    1.0094392 
   25000    1.2157779  0.089792286    10799.029   0.12325182  -0.84847036    1.8222967   0.97382632 
   26000    1.1982293   0.11627256    10575.333   0.12585892  -0.85620801    1.7959936   0.93978562 
   27000    1.2145418   0.10224544    10860.505   0.12255415  -0.84586168     1.820444   0.97458228 
   28000    1.2309589   0.10317808    11519.162    0.1155466  -0.80340103    1.8450511    1.0416501 
   29000    1.1816984  0.096213076     11654.39   0.11420589  -0.82201949    1.7712159   0.94919639 
   30000    1.2238528  0.097842377    11139.491   0.11948481  -0.78997158       1.8344    1.0444284 
   31000     1.152402  0.082139314    11368.665   0.11707619  -0.81015616    1.7273042   0.91714804 
   32000    1.2192781  0.095819041    11434.765   0.11639942  -0.82002772     1.827543    1.0075153 
   33000    1.1986823  0.094384757    11247.205   0.11834051  -0.79942658    1.7966726   0.99724598 
   34000    1.2052876   0.10438194    10465.727   0.12717702  -0.87981675    1.8065731   0.92675636 
   35000    1.1668792  0.093481054    10101.396   0.13176397   -0.9096396    1.7490038   0.83936416 
   36000    1.2654189    0.1125422    10125.119   0.13145524  -0.91519701    1.8967023   0.98150528 
   37000    1.1607573   0.10103896    10712.042   0.12425269  -0.84215033    1.7398278   0.89767751 
   38000    1.2114612   0.10817772    11051.388   0.12043736  -0.80531061    1.8158266     1.010516 
   39000    1.2319015    0.0991638      11430.7   0.11644082  -0.83626199    1.8464639    1.0102019 
   40000    1.2222572  0.096779378     11796.72   0.11282797  -0.74603456    1.8320083    1.0859738 
   41000    1.1504196   0.11115164    12045.337   0.11049919  -0.75951979    1.7243329   0.96481313 
   42000    1.2704119  0.092371002    11512.299   0.11561548  -0.81205958    1.9041862    1.0921266 
   43000    1.1816119   0.10349945     11514.33   0.11559509  -0.77270069    1.7710863   0.99838557 
   44000    1.2093363  0.094336112    11298.861   0.11779948  -0.82146182    1.8126415   0.99117968 
   45000    1.1988906   0.10047071    11035.059   0.12061558  -0.83489015    1.7969848   0.96209465 
   46000    1.2053798  0.093595317    10784.336   0.12341974  -0.90131479    1.8067113   0.90539654 
   47000    1.1876245    0.1114322    10054.405   0.13237978   -0.9550892    1.7800984   0.82500921 
   48000    1.1775117  0.096932822    9443.7539   0.14093972  -0.93519928    1.7649405   0.82974124 
   49000     1.238271   0.13602779    9832.3619   0.13536931  -0.93317023    1.8560111   0.92284085 
   50000    1.1745709  0.091229711    10509.796   0.12664375  -0.88515579    1.7605327   0.87537686 
Loop time of 11.7143 on 1 procs for 50000 steps with 1331 atoms

Performance: 1475126.425 tau/day, 4268.306 timesteps/s
99.6% CPU use with 1 MPI tasks x no OpenMP threads

MPI task timing breakdown:
Section |  min time  |  avg time  |  max time  |%varavg| %total
---------------------------------------------------------------
Pair    | 6.6407     | 6.6407     | 6.6407     |   0.0 | 56.69
Neigh   | 2.1955     | 2.1955     | 2.1955     |   0.0 | 18.74
Comm    | 0.42388    | 0.42388    | 0.42388    |   0.0 |  3.62
Output  | 0.02484    | 0.02484    | 0.02484    |   0.0 |  0.21
Modify  | 2.3164     | 2.3164     | 2.3164     |   0.0 | 19.77
Other   |            | 0.1129     |            |       |  0.96

Nlocal:    1331 ave 1331 max 1331 min
Histogram: 1 0 0 0 0 0 0 0 0 0
Nghost:    1288 ave 1288 max 1288 min
Histogram: 1 0 0 0 0 0 0 0 0 0
Neighs:    8203 ave 8203 max 8203 min
Histogram: 1 0 0 0 0 0 0 0 0 0

Total # of neighbors = 8203
Ave neighs/atom = 6.16304
Neighbor list builds = 2500
Dangerous builds not checked

write_restart lattice_11_11_11__2_2_2/sim1/T_1.20__P_0.10/end1.restart
Total wall time: 0:00:11
