run 50000
Neighbor list info ...
  update every 20 steps, delay 0 steps, check no
  max neighbors/atom: 2000, page size: 100000
  master list distance cutoff = 2.8
  ghost atom cutoff = 2.8
  binsize = 1.4, bins = 16 16 16
  1 neighbor lists, perpetual/occasional/extra = 1 0 0
  (1) pair lj/cut, perpetual
      attributes: half, newton on
      pair build: half/bin/atomonly/newton
      stencil: half/bin/3d/newton
      bin: standard
Per MPI rank memory allocation (min/avg/max) = 2.7 | 2.7 | 2.7 Mbytes
Step Temp Press Volume Density PotEng KinEng TotEng 
       0          1.2   0.10447715        10648        0.125  -0.13561964    1.7986476     1.663028 
    1000    1.4050248   0.16032521    9374.0889   0.14198713  -0.86314279    2.1059538     1.242811 
    2000    1.2376422   0.14381727    8030.6049   0.16574094   -1.0424181    1.8550685    0.8126504 
    3000    1.2039302   0.12203143    6991.4693   0.19037486   -1.2574332    1.8045385   0.54710534 
    4000    1.1949375    0.1388571    6198.4639   0.21473062   -1.3989628    1.7910596   0.39209676 
    5000    1.1977792   0.11342697    5578.8052   0.23858155   -1.5309919    1.7953189   0.26432699 
    6000    1.2180973   0.10675828    5094.9446   0.26123935   -1.6572394    1.8257732    0.1685338 
    7000    1.2048786   0.19367975    4713.1835   0.28239936   -1.7637889    1.8059601  0.042171164 
    8000    1.1832923   0.11273569    4400.3126   0.30247851   -1.8911253     1.773605  -0.11752035 
    9000    1.2181104   0.17742465    4095.3983   0.32499892   -2.0279793    1.8257928   -0.2021865 
   10000     1.190109   0.14708864    3897.2484   0.34152301   -2.1185118    1.7838223  -0.33468952 
   11000    1.1772403   0.18792263    3750.9059   0.35484761   -2.2095869    1.7645338  -0.44505307 
   12000    1.2422147   0.18227437    3570.1248    0.3728161   -2.2733121    1.8619221  -0.41138997 
   13000     1.162014   0.24315158    3494.4159   0.38089342   -2.2992535    1.7417115  -0.55754202 
   14000    1.2283845   0.15151676    3355.5138   0.39666056   -2.4282633    1.8411924  -0.58707087 
   15000     1.195898    0.1614279    3315.3091   0.40147086   -2.4495788    1.7924993  -0.65707947 
   16000    1.1838558   0.22250238    3232.9836   0.41169402   -2.4580067    1.7744495  -0.68355719 
   17000    1.1585155   0.22724325    3103.3885   0.42888603   -2.4982233    1.7364676  -0.76175565 
   18000     1.187746   0.23268097    3007.8543   0.44250813   -2.6237273    1.7802804  -0.84344695 
   19000    1.2212063   0.31512794    2908.8183   0.45757413   -2.6556994    1.8304332  -0.82526616 
   20000    1.1320873   0.18173306    3032.3125   0.43893893   -2.6252326    1.6968551  -0.92837752 
   21000    1.2438347   0.12883136     2921.203   0.45563421    -2.656877    1.8643503  -0.79252672 
   22000     1.169743   0.21845628    2994.0035   0.44455527   -2.6293752    1.7532962  -0.87607899 
   23000    1.2154709   0.11898768    3012.4195   0.44183754   -2.6284863    1.8218366   -0.8066497 
   24000    1.1915668   0.16237815    3050.9191   0.43626198   -2.5983318    1.7860073  -0.81232447 
   25000    1.2250357  0.093624538    3093.6911   0.43023041   -2.5893671    1.8361729  -0.75319419 
   26000    1.2301203   0.12938005    3259.8341   0.40830299   -2.4745005    1.8437942   -0.6307063 
   27000    1.2056311   0.19482359    3319.3379   0.40098358   -2.4063265     1.807088   -0.5992385 
   28000    1.1564958    0.1924006    3307.2529   0.40244882   -2.4075086    1.7334403  -0.67406828 
   29000    1.1874765     0.189759    3112.9778   0.42756489   -2.5830969    1.7798765   -0.8032204 
   30000    1.1500852  0.045553636    2988.7634   0.44533468   -2.6800846    1.7238317  -0.95625284 
   31000     1.212806   0.19331949    2900.6223   0.45886704   -2.7018974    1.8178422  -0.88405513 
   32000    1.2121604    0.1587087     3083.386    0.4316683   -2.5689738    1.8168746  -0.75209919 
   33000     1.178902   0.20616186    3248.3648   0.40974462   -2.4627766    1.7670244  -0.69575224 
   34000    1.1788864   0.20390425    3277.9583   0.40604543   -2.3958184     1.767001  -0.62881742 
   35000    1.1893915   0.18039993    3292.7299   0.40422386   -2.4047095    1.7827468  -0.62196276 
   36000    1.2243181   0.25884142    3249.6571   0.40958168   -2.3991541    1.8350974  -0.56405668 
   37000    1.1571864  0.064131089     3278.533   0.40597426   -2.4135496    1.7344755  -0.67907404 
   38000    1.1887983   0.16021956    3130.9052   0.42511668   -2.5473969    1.7818578  -0.76553914 
   39000    1.1918485   0.24699708     3047.433   0.43676104   -2.6076295    1.7864296  -0.82119985 
   40000     1.200968   0.15063088    3122.8983   0.42620664   -2.5847812    1.8000985  -0.78468273 
   41000    1.2006549   0.12522804    3158.8899   0.42135055    -2.537527    1.7996292  -0.73789779 
   42000    1.1883199   0.17803833    3215.2494   0.41396477   -2.4929944    1.7811406  -0.71185378 
   43000    1.2242249   0.15177327    3281.0604   0.40566154     -2.46237    1.8349577  -0.62741228 
   44000    1.2213018   0.31339329    3238.3112   0.41101671   -2.4547848    1.8305764  -0.62420839 
   45000    1.1954099   0.17513878    3170.3917   0.41982194   -2.5057097    1.7917677  -0.71394203 
   46000     1.188183   0.17003002    3100.2662   0.42931798   -2.5602884    1.7809354  -0.77935304 
   47000    1.2025097   0.20904537    3112.7138   0.42760115   -2.5349933    1.8024093  -0.73258399 
   48000    1.1968386   0.30109568     3165.221   0.42050776   -2.5071909    1.7939091  -0.71328178 
   49000    1.2026817   0.18313904    3342.6403   0.39818822   -2.4513634    1.8026672  -0.64869619 
   50000    1.2087818   0.23839419    3306.5589   0.40253329    -2.465593    1.8118105  -0.65378254 
Loop time of 24.7227 on 1 procs for 50000 steps with 1331 atoms

Performance: 698953.416 tau/day, 2022.435 timesteps/s
99.6% CPU use with 1 MPI tasks x no OpenMP threads

MPI task timing breakdown:
Section |  min time  |  avg time  |  max time  |%varavg| %total
---------------------------------------------------------------
Pair    | 17.936     | 17.936     | 17.936     |   0.0 | 72.55
Neigh   | 3.6995     | 3.6995     | 3.6995     |   0.0 | 14.96
Comm    | 0.64979    | 0.64979    | 0.64979    |   0.0 |  2.63
Output  | 0.027466   | 0.027466   | 0.027466   |   0.0 |  0.11
Modify  | 2.2711     | 2.2711     | 2.2711     |   0.0 |  9.19
Other   |            | 0.1384     |            |       |  0.56

Nlocal:    1331 ave 1331 max 1331 min
Histogram: 1 0 0 0 0 0 0 0 0 0
Nghost:    2298 ave 2298 max 2298 min
Histogram: 1 0 0 0 0 0 0 0 0 0
Neighs:    25238 ave 25238 max 25238 min
Histogram: 1 0 0 0 0 0 0 0 0 0

Total # of neighbors = 25238
Ave neighs/atom = 18.9617
Neighbor list builds = 2500
Dangerous builds not checked

write_restart lattice_11_11_11__2_2_2/sim1/T_1.20__P_0.20/end1.restart
Total wall time: 0:00:24
