run 50000
Neighbor list info ...
  update every 20 steps, delay 0 steps, check no
  max neighbors/atom: 2000, page size: 100000
  master list distance cutoff = 2.8
  ghost atom cutoff = 2.8
  binsize = 1.4, bins = 16 16 16
  1 neighbor lists, perpetual/occasional/extra = 1 0 0
  (1) pair lj/cut, perpetual
      attributes: half, newton on
      pair build: half/bin/atomonly/newton
      stencil: half/bin/3d/newton
      bin: standard
Per MPI rank memory allocation (min/avg/max) = 2.711 | 2.711 | 2.711 Mbytes
Step Temp Press TotEng 
       0          0.6  0.017602244   0.70454226 
    1000   0.82140167  0.031248586   0.18068208 
    2000   0.69856844 0.0053204184  -0.37512572 
    3000   0.65345742 0.0096954269  -0.80984088 
    4000   0.65912197 -0.029452415    -1.226606 
    5000   0.64082269  -0.03075895   -1.6233411 
    6000   0.64363272 -0.0029024021   -1.9804471 
    7000   0.61752916  0.010233262   -2.2832283 
    8000   0.63454622  0.010343932     -2.54759 
    9000   0.58352315 -0.0082917547   -2.7730634 
   10000   0.59797789 -0.022415828   -2.9087282 
   11000   0.59839058   0.00778623   -3.0256431 
   12000   0.61247437  0.037529176   -3.1329165 
   13000   0.60211808 -0.0020295885   -3.2264412 
   14000   0.61032912 0.0038401256   -3.2813382 
   15000   0.59124587  0.029059661   -3.3414266 
   16000   0.60053936 -0.026251952   -3.3946574 
   17000   0.58978854 -0.0028228089   -3.4170201 
   18000   0.57604218 -0.033615275   -3.4165184 
   19000   0.57402228 -0.015357182   -3.4104237 
   20000   0.61611894   0.01435861   -3.3961633 
   21000   0.60575167 -0.011974843   -3.3887275 
   22000    0.5965058 -0.017299059   -3.3970615 
   23000   0.62215091  0.032702924   -3.3875211 
   24000   0.58664186 0.0073312286   -3.4283334 
   25000   0.59788961  0.035087137    -3.400135 
   26000   0.62112021 -0.0040383456   -3.3583762 
   27000   0.60308255  0.016722832   -3.4383899 
   28000   0.58138907 0.0086755775   -3.4483514 
   29000   0.60015444 -0.022803983   -3.3849844 
   30000   0.60103002 0.0083132665   -3.4278095 
   31000    0.5940204 -0.032847905    -3.436472 
   32000   0.60523426 -0.0022958441   -3.4253916 
   33000   0.60378683 7.6919084e-05   -3.4071673 
   34000   0.62186356  0.021217194   -3.3720822 
   35000   0.59290786 -0.0042864214   -3.4448492 
   36000   0.60259842  0.020705322   -3.4314706 
   37000    0.5887099 -0.013044158   -3.4266437 
   38000   0.59710135 -0.017305681   -3.4190061 
   39000    0.6049757 -0.008113007   -3.4573813 
   40000   0.59150134  0.027337843   -3.5034489 
   41000   0.58443254 -0.014400445   -3.4216591 
   42000   0.61287279 -0.0019995735   -3.4296377 
   43000   0.59743018  0.020305428   -3.4761066 
   44000   0.59921227 -0.023538099   -3.4244466 
   45000   0.59358568 -0.00012507284   -3.4234974 
   46000   0.59844427 0.0075301935   -3.4595991 
   47000   0.59892224 -0.0027831935   -3.4944723 
   48000   0.61203538 0.0093365013   -3.4251254 
   49000   0.60194467 -0.0029717301   -3.4447869 
   50000   0.57989235    0.0167209   -3.4922058 
Loop time of 24.5581 on 1 procs for 50000 steps with 1331 atoms

Performance: 703636.271 tau/day, 2035.985 timesteps/s
100.0% CPU use with 1 MPI tasks x no OpenMP threads

MPI task timing breakdown:
Section |  min time  |  avg time  |  max time  |%varavg| %total
---------------------------------------------------------------
Pair    | 19.674     | 19.674     | 19.674     |   0.0 | 80.11
Neigh   | 3.2557     | 3.2557     | 3.2557     |   0.0 | 13.26
Comm    | 0.63667    | 0.63667    | 0.63667    |   0.0 |  2.59
Output  | 0.017884   | 0.017884   | 0.017884   |   0.0 |  0.07
Modify  | 0.84478    | 0.84478    | 0.84478    |   0.0 |  3.44
Other   |            | 0.1296     |            |       |  0.53

Nlocal:    1331 ave 1331 max 1331 min
Histogram: 1 0 0 0 0 0 0 0 0 0
Nghost:    3146 ave 3146 max 3146 min
Histogram: 1 0 0 0 0 0 0 0 0 0
Neighs:    37165 ave 37165 max 37165 min
Histogram: 1 0 0 0 0 0 0 0 0 0

Total # of neighbors = 37165
Ave neighs/atom = 27.9226
Neighbor list builds = 2500
Dangerous builds not checked

write_restart NVT/sim1/T_0.60__v_6.86/end1.restart
Total wall time: 0:00:24
