run 50000
Neighbor list info ...
  update every 20 steps, delay 0 steps, check no
  max neighbors/atom: 2000, page size: 100000
  master list distance cutoff = 2.8
  ghost atom cutoff = 2.8
  binsize = 1.4, bins = 16 16 16
  1 neighbor lists, perpetual/occasional/extra = 1 0 0
  (1) pair lj/cut, perpetual
      attributes: half, newton on
      pair build: half/bin/atomonly/newton
      stencil: half/bin/3d/newton
      bin: standard
Per MPI rank memory allocation (min/avg/max) = 2.7 | 2.7 | 2.7 Mbytes
Step Temp Press Volume Density PotEng KinEng TotEng 
       0          1.6   0.15443958        10648        0.125  -0.13561964    2.3981968    2.2625772 
    1000    1.9366947   0.25621733    8121.5714   0.16388454  -0.89386986    2.9028595    2.0089896 
    2000    1.7276831     0.280252    6653.4235   0.20004739   -1.1500292    2.5895775    1.4395483 
    3000    1.6102962   0.32074207    5627.9827   0.23649682    -1.312964    2.4136296    1.1006656 
    4000    1.6011702   0.31273556    4905.7953   0.27131177   -1.5414762    2.3999509    0.8584747 
    5000    1.6076204   0.35002264    4394.3083   0.30289181   -1.7033258    2.4096189   0.70629308 
    6000    1.6186383    0.3692773    4034.0004   0.32994543   -1.8787294    2.4261332   0.54740382 
    7000    1.5896001     0.487779    3790.0462   0.35118305   -1.9687889    2.3826087   0.41381985 
    8000    1.6086946   0.45634366    3626.8317   0.36698697   -2.0792999     2.411229   0.33192907 
    9000    1.5932477    0.4438621    3511.3305   0.37905859   -2.1323294    2.3880761   0.25574669 
   10000     1.603746   0.57429921    3408.8378   0.39045565   -2.1430418    2.4038116   0.26076972 
   11000     1.566681   0.58405342    3418.8605     0.389311   -2.1667713     2.348256   0.18148471 
   12000    1.6043189    0.5652675    3451.2587    0.3856564   -2.0879814    2.4046704   0.31668897 
   13000    1.5256983   0.37434949     3533.915   0.37663611   -2.1266047    2.2868281   0.16022341 
   14000    1.7008938   0.49735352     3369.823   0.39497624   -2.2319906    2.5494238   0.31743319 
   15000    1.6128354   0.41520707    3577.2261   0.37207601   -2.1192658    2.4174355   0.29816972 
   16000    1.6122839   0.53776787     3568.187   0.37301856   -2.0632104    2.4166089   0.35339848 
   17000    1.6025722   0.46845337     3498.227   0.38047846   -2.1364304    2.4020523   0.26562185 
   18000    1.5850023   0.47989297    3376.8162   0.39415826   -2.2185415    2.3757172   0.15717569 
   19000    1.6701063   0.44653807    3400.4849   0.39141477   -2.2287757    2.5032773   0.27450152 
   20000    1.5990566   0.53626189    3577.4658   0.37205108   -2.0446123    2.3967829   0.35217053 
   21000    1.5742672   0.50063975    3576.8973   0.37211021   -2.0448022    2.3596266   0.31482436 
   22000    1.6373474   0.49196739    3418.7535   0.38932319   -2.1900784    2.4541759   0.26409746 
   23000     1.588626   0.53256826    3400.7611   0.39138298    -2.216471    2.3811487   0.16467775 
   24000    1.6360825    0.5307601    3456.5724   0.38506354   -2.1345808    2.4522799    0.3176991 
   25000    1.6312922   0.52763132    3573.2628    0.3724887   -2.0422073    2.4450999   0.40289253 
   26000    1.6094879   0.48348672    3583.0641   0.37146977   -2.0446928     2.412418   0.36772521 
   27000    1.6094537   0.54929551    3475.3606   0.38298184   -2.1484312    2.4123667   0.26393548 
   28000     1.599107   0.52145443    3366.6645   0.39534679   -2.1706456    2.3968584   0.22621285 
   29000    1.5729611   0.46351926    3437.8514   0.38716042   -2.1826315     2.357669   0.17503752 
   30000    1.5975385   0.45410321    3546.9163   0.37525555   -2.0787407    2.3945074   0.31576669 
   31000    1.6152712   0.48964386    3573.8814   0.37242422   -2.0852438    2.4210864   0.33584267 
   32000    1.5815905    0.4472832    3628.3371   0.36683472    -2.042884    2.3706034   0.32771936 
   33000    1.6685124   0.62668268    3545.0175   0.37545654   -2.0566127    2.5008883   0.44427561 
   34000    1.5567248   0.45399526    3568.8831   0.37294581   -2.0465315    2.3333328   0.28680133 
   35000    1.6500021   0.51086468    3510.7833   0.37911767   -2.0840696    2.4731436   0.38907404 
   36000    1.5866167   0.43295257    3492.7116   0.38107927   -2.1512544     2.378137   0.22688255 
   37000    1.5606396   0.55334303    3425.0161   0.38861131    -2.131211    2.3392007   0.20798963 
   38000    1.5483817   0.59026264    3421.9099   0.38896407   -2.1624893    2.3208275   0.15833821 
   39000    1.5771945   0.60379105    3478.5559   0.38263005   -2.1095473    2.3640142   0.25446689 
   40000    1.6517113    0.4092019    3628.0776   0.36686095   -2.0829231    2.4757055   0.39278246 
   41000    1.5880156   0.50911211     3530.347   0.37701677   -2.0630836    2.3802337   0.31715015 
   42000    1.6010181   0.54318051    3417.7741   0.38943475   -2.1491924    2.3997229   0.25053044 
   43000    1.5878515   0.52375316    3415.1355   0.38973564   -2.1411308    2.3799878   0.23885702 
   44000    1.5837992   0.47509241    3562.7082    0.3735922   -2.0692278    2.3739139   0.30468608 
   45000     1.640134   0.52555812    3652.1213   0.36444573   -2.0235481    2.4583526   0.43480452 
   46000    1.6385108    0.4773487    3534.6757   0.37655505   -2.1297517    2.4559197   0.32616799 
   47000    1.5748715   0.56814279    3432.6242   0.38774999   -2.1166413    2.3605325   0.24389114 
   48000    1.5689253   0.43694865    3478.6147   0.38262358   -2.1446784    2.3516198   0.20694148 
   49000    1.6410306   0.41105042    3538.0271   0.37619837   -2.1504482    2.4596965   0.30924833 
   50000    1.6568908   0.46424132    3578.5712   0.37193615   -2.0926722     2.483469    0.3907967 
Loop time of 24.2284 on 1 procs for 50000 steps with 1331 atoms

Performance: 713212.410 tau/day, 2063.693 timesteps/s
99.2% CPU use with 1 MPI tasks x no OpenMP threads

MPI task timing breakdown:
Section |  min time  |  avg time  |  max time  |%varavg| %total
---------------------------------------------------------------
Pair    | 17.273     | 17.273     | 17.273     |   0.0 | 71.29
Neigh   | 3.7679     | 3.7679     | 3.7679     |   0.0 | 15.55
Comm    | 0.65199    | 0.65199    | 0.65199    |   0.0 |  2.69
Output  | 0.02899    | 0.02899    | 0.02899    |   0.0 |  0.12
Modify  | 2.364      | 2.364      | 2.364      |   0.0 |  9.76
Other   |            | 0.1429     |            |       |  0.59

Nlocal:    1331 ave 1331 max 1331 min
Histogram: 1 0 0 0 0 0 0 0 0 0
Nghost:    2077 ave 2077 max 2077 min
Histogram: 1 0 0 0 0 0 0 0 0 0
Neighs:    22652 ave 22652 max 22652 min
Histogram: 1 0 0 0 0 0 0 0 0 0

Total # of neighbors = 22652
Ave neighs/atom = 17.0188
Neighbor list builds = 2500
Dangerous builds not checked

write_restart lattice_11_11_11__2_2_2/sim1/T_1.60__P_0.50/end1.restart
Total wall time: 0:00:24
