run 50000
Neighbor list info ...
  update every 20 steps, delay 0 steps, check no
  max neighbors/atom: 2000, page size: 100000
  master list distance cutoff = 2.8
  ghost atom cutoff = 2.8
  binsize = 1.4, bins = 16 16 16
  1 neighbor lists, perpetual/occasional/extra = 1 0 0
  (1) pair lj/cut, perpetual
      attributes: half, newton on
      pair build: half/bin/atomonly/newton
      stencil: half/bin/3d/newton
      bin: standard
Per MPI rank memory allocation (min/avg/max) = 2.7 | 2.7 | 2.7 Mbytes
Step Temp Press Volume Density PotEng KinEng TotEng 
       0          0.7  0.042024104        10648        0.125  -0.13561964    1.0492111   0.91359148 
    1000   0.92417758  0.065315656    9427.1547   0.14118788  -0.93355072    1.3852249   0.45167413 
    2000    0.8201878  0.042613334     7826.622    0.1700606   -1.3396466    1.2293574  -0.11028924 
    3000   0.78976172 0.0070882307    6462.8236   0.20594713   -1.7792852    1.1837525  -0.59553267 
    4000   0.79672086  0.020259544    5393.8646   0.24676185   -2.2953297    1.1941834   -1.1011463 
    5000    0.7936297 -0.069950786    4540.9525   0.29311031   -2.7924603    1.1895501   -1.6029101 
    6000   0.76475158 -0.010160106    3826.7232   0.34781716    -3.226136    1.1462655   -2.0798705 
    7000   0.73689263  -0.10381369    3290.0995   0.40454704   -3.6288837    1.1045085   -2.5243752 
    8000   0.69380212 -0.087599996    2827.8323   0.47067854   -3.9181716    1.0399213   -2.8782503 
    9000   0.68978795  -0.19259202    2440.1099   0.54546724   -4.1571604    1.0339046   -3.1232559 
   10000   0.71703541 -0.095071892    2081.0641   0.63957664   -4.4082352     1.074745   -3.3334902 
   11000   0.72385993  -0.19554336    1855.2342   0.71742963   -4.6601544    1.0849741   -3.5751802 
   12000   0.70955676  0.068444725    1695.4632   0.78503619    -4.867735    1.0635355   -3.8041996 
   13000   0.70750704  0.035119183    1655.3922   0.80403905   -5.0347664    1.0604632   -3.9743032 
   14000    0.6812891  0.033724652    1657.2583    0.8031337   -5.0162127    1.0211659   -3.9950468 
   15000   0.70579231   0.14897684     1673.557   0.79531201   -4.9356863    1.0578931   -3.8777932 
   16000   0.70508343  0.052714627    1688.5848   0.78823402   -4.8836501    1.0568305   -3.8268195 
   17000   0.71809003   0.05062826     1670.095   0.79696063   -4.9684653    1.0763258   -3.8921395 
   18000   0.69382952   0.28474437    1655.3783   0.80404581   -4.9922363    1.0399624    -3.952274 
   19000   0.68570378    0.1530321    1659.2696   0.80216017   -4.9754347    1.0277829   -3.9476518 
   20000   0.68915004   0.13118481    1682.4615   0.79110278   -4.9101732    1.0329484   -3.8772248 
   21000   0.70927853 -0.060927987    1695.0822   0.78521264   -4.8902363    1.0631185   -3.8271178 
   22000   0.71399629   0.26778357    1660.5764   0.80152892   -4.9478523    1.0701898   -3.8776626 
   23000   0.68595978    0.2019063    1659.7919   0.80190776   -4.9894597    1.0281666   -3.9612931 
   24000   0.67571486 -0.066439928    1681.2702   0.79166336   -4.9456065    1.0128108   -3.9327957 
   25000   0.69632878  0.085490288    1682.4023   0.79113064   -4.9139396    1.0437084   -3.8702311 
   26000   0.71892579   0.10115235    1672.0234    0.7960415   -4.9468896    1.0775785   -3.8693111 
   27000   0.67523772  0.020225222    1667.9301   0.79799507   -4.9641872    1.0120956   -3.9520916 
   28000   0.69594202   0.16875881    1671.1659   0.79644995   -4.9384524    1.0431287   -3.8953237 
   29000   0.72498313  0.056693238    1673.9396   0.79513026   -4.9421041    1.0866577   -3.8554465 
   30000   0.71480176   0.15455369    1688.7121   0.78817463    -4.881916    1.0713971   -3.8105189 
   31000    0.7024004   0.19239017    1666.3253   0.79876362   -4.9534326     1.052809   -3.9006235 
   32000   0.67119029   0.18811586    1666.9112   0.79848284   -4.9408076     1.006029   -3.9347785 
   33000   0.68377688   0.14488086    1676.5423   0.79389586    -4.937013    1.0248947   -3.9121183 
   34000   0.71938398   0.24399769    1671.3598   0.79635758   -4.9202257    1.0782652   -3.8419604 
   35000   0.69135899  -0.16020431    1682.7615   0.79096176   -4.9569255    1.0362593   -3.9206661 
   36000   0.70387914   0.14822776    1662.1357   0.80077696   -4.9740385    1.0550255   -3.9190131 
   37000   0.72817608   0.05911269    1666.0818   0.79888032   -4.9858756    1.0914435   -3.8944321 
   38000   0.71744237  0.002129861    1689.1671   0.78796228   -4.8959181     1.075355   -3.8205631 
   39000   0.69611397   0.15402142    1675.7564    0.7942682   -4.9261518    1.0433865   -3.8827653 
   40000   0.69811022    0.1901755    1663.8671   0.79994371   -4.9517445    1.0463786   -3.9053659 
   41000   0.67234469 -0.087899844    1672.6223   0.79575645    -4.968059    1.0077593   -3.9602996 
   42000   0.68044225   0.22770214    1655.6292   0.80392399   -4.9767043    1.0198965   -3.9568078 
   43000   0.70825778   0.10566862     1679.656   0.79242418   -4.9327201    1.0615885   -3.8711316 
   44000   0.70582367 -0.058374307    1675.5834    0.7943502   -4.9564229    1.0579401   -3.8984829 
   45000   0.70283179   0.34941243    1644.3717    0.8094277   -5.0086459    1.0534556   -3.9551903 
   46000   0.68056961  0.016297876    1680.0705   0.79222865   -4.9347019    1.0200874   -3.9146144 
   47000   0.72724323 -0.0035318656    1672.7928   0.79567535   -4.9600883    1.0900453    -3.870043 
   48000   0.72474768   0.20760357    1657.1222   0.80319968   -4.9932386    1.0863048   -3.9069339 
   49000   0.68300662   0.21518634    1663.7451   0.80000236   -4.9616676    1.0237402   -3.9379274 
   50000   0.68128863  0.059780903    1659.1352   0.80222514   -4.9939511    1.0211652    -3.972786 
Loop time of 34.1684 on 1 procs for 50000 steps with 1331 atoms

Performance: 505731.132 tau/day, 1463.342 timesteps/s
99.9% CPU use with 1 MPI tasks x no OpenMP threads

MPI task timing breakdown:
Section |  min time  |  avg time  |  max time  |%varavg| %total
---------------------------------------------------------------
Pair    | 27.064     | 27.064     | 27.064     |   0.0 | 79.21
Neigh   | 4.2666     | 4.2666     | 4.2666     |   0.0 | 12.49
Comm    | 0.66648    | 0.66648    | 0.66648    |   0.0 |  1.95
Output  | 0.024179   | 0.024179   | 0.024179   |   0.0 |  0.07
Modify  | 2.007      | 2.007      | 2.007      |   0.0 |  5.87
Other   |            | 0.1397     |            |       |  0.41

Nlocal:    1331 ave 1331 max 1331 min
Histogram: 1 0 0 0 0 0 0 0 0 0
Nghost:    2892 ave 2892 max 2892 min
Histogram: 1 0 0 0 0 0 0 0 0 0
Neighs:    47549 ave 47549 max 47549 min
Histogram: 1 0 0 0 0 0 0 0 0 0

Total # of neighbors = 47549
Ave neighs/atom = 35.7243
Neighbor list builds = 2500
Dangerous builds not checked

write_restart lattice_11_11_11__2_2_2/sim1/T_0.70__P_0.10/end1.restart
Total wall time: 0:00:34
