run 50000
Neighbor list info ...
  update every 20 steps, delay 0 steps, check no
  max neighbors/atom: 2000, page size: 100000
  master list distance cutoff = 2.8
  ghost atom cutoff = 2.8
  binsize = 1.4, bins = 13 13 13
  1 neighbor lists, perpetual/occasional/extra = 1 0 0
  (1) pair lj/cut, perpetual
      attributes: half, newton on
      pair build: half/bin/atomonly/newton
      stencil: half/bin/3d/newton
      bin: standard
Per MPI rank memory allocation (min/avg/max) = 2.742 | 2.742 | 2.742 Mbytes
Step Temp Press TotEng 
       0          1.4 -0.016128769    1.4533493 
    1000    1.4909342   0.26389503   0.90890133 
    2000    1.3609852   0.21538051   0.60958216 
    3000    1.4478472   0.21406893   0.75411023 
    4000    1.4033795   0.19294687   0.70847736 
    5000    1.4018008   0.22116698    0.7369741 
    6000    1.4233571   0.22015696   0.76058941 
    7000    1.3633871   0.17918588   0.64845818 
    8000    1.4463931   0.22997019   0.80327836 
    9000    1.4035581   0.22630569    0.6980448 
   10000     1.412532   0.21628787   0.68343031 
   11000    1.4299625   0.22079571   0.74217396 
   12000    1.4112551   0.20631848   0.69581578 
   13000    1.4014738    0.1872413   0.68209728 
   14000    1.4386525   0.21426846   0.76537417 
   15000    1.3858268    0.2246183    0.7277486 
   16000     1.376893   0.22520182   0.70299682 
   17000    1.3788222   0.20730584   0.71081077 
   18000     1.402729   0.21971225   0.73228821 
   19000     1.379797   0.19983269   0.67302966 
   20000    1.4544072   0.23495989   0.82493985 
   21000    1.3679529   0.19563991   0.66600679 
   22000    1.4313655   0.21192971   0.76214627 
   23000    1.3394148   0.16689641   0.62789967 
   24000    1.4165863    0.2113567   0.72156747 
   25000    1.3846509   0.20355717   0.70997501 
   26000     1.374276   0.23655172   0.68178583 
   27000    1.4322726   0.22756961   0.76081246 
   28000    1.3436924   0.20974152   0.64065909 
   29000    1.4245504   0.26474261   0.74588368 
   30000    1.4018073   0.21817578   0.69080392 
   31000    1.3826061   0.23064792   0.68357376 
   32000    1.4061605   0.18331424   0.70618426 
   33000     1.387101   0.20215881   0.68469221 
   34000     1.357783   0.21150078   0.60486123 
   35000    1.4325241   0.25739469   0.76761517 
   36000    1.3527178   0.18753657   0.65890649 
   37000    1.4131542   0.23212007   0.73510679 
   38000    1.4052068    0.2257599   0.68725183 
   39000    1.3944309   0.23204858   0.69286123 
   40000    1.4142743   0.24093544   0.76707273 
   41000     1.367927   0.19621256   0.64695919 
   42000    1.4394138   0.24668618    0.7874932 
   43000    1.4083533   0.20777612   0.69525284 
   44000    1.4043292   0.22839914   0.70451563 
   45000    1.4057707   0.25304381   0.74774997 
   46000    1.3741235   0.19000306   0.66584871 
   47000    1.4157188   0.22877666   0.74632201 
   48000    1.3957179   0.24039115   0.69649392 
   49000    1.4078081   0.17329286    0.7188175 
   50000    1.3833546   0.17031213   0.67688821 
Loop time of 13.4193 on 1 procs for 50000 steps with 1331 atoms

Performance: 1287699.605 tau/day, 3725.983 timesteps/s
99.8% CPU use with 1 MPI tasks x no OpenMP threads

MPI task timing breakdown:
Section |  min time  |  avg time  |  max time  |%varavg| %total
---------------------------------------------------------------
Pair    | 9.2847     | 9.2847     | 9.2847     |   0.0 | 69.19
Neigh   | 2.7188     | 2.7188     | 2.7188     |   0.0 | 20.26
Comm    | 0.44924    | 0.44924    | 0.44924    |   0.0 |  3.35
Output  | 0.023038   | 0.023038   | 0.023038   |   0.0 |  0.17
Modify  | 0.84144    | 0.84144    | 0.84144    |   0.0 |  6.27
Other   |            | 0.1021     |            |       |  0.76

Nlocal:    1331 ave 1331 max 1331 min
Histogram: 1 0 0 0 0 0 0 0 0 0
Nghost:    1620 ave 1620 max 1620 min
Histogram: 1 0 0 0 0 0 0 0 0 0
Neighs:    14505 ave 14505 max 14505 min
Histogram: 1 0 0 0 0 0 0 0 0 0

Total # of neighbors = 14505
Ave neighs/atom = 10.8978
Neighbor list builds = 2500
Dangerous builds not checked

write_restart NVT/sim1/T_1.40__v_4.10/end1.restart
Total wall time: 0:00:13
