run 50000
Neighbor list info ...
  update every 20 steps, delay 0 steps, check no
  max neighbors/atom: 2000, page size: 100000
  master list distance cutoff = 2.8
  ghost atom cutoff = 2.8
  binsize = 1.4, bins = 16 16 16
  1 neighbor lists, perpetual/occasional/extra = 1 0 0
  (1) pair lj/cut, perpetual
      attributes: half, newton on
      pair build: half/bin/atomonly/newton
      stencil: half/bin/3d/newton
      bin: standard
Per MPI rank memory allocation (min/avg/max) = 2.7 | 2.7 | 2.7 Mbytes
Step Temp Press Volume Density PotEng KinEng TotEng 
       0          1.3   0.11696776        10648        0.125  -0.13561964    1.9485349    1.8129153 
    1000    1.8785144    0.3620728    6248.1046    0.2130246   -1.1569886    2.8156546     1.658666 
    2000    1.6307633   0.36281688    4423.4597    0.3008957   -1.6969501    2.4443071   0.74735696 
    3000    1.4822514    0.4839393    3360.6704   0.39605193   -2.2652148    2.2217066 -0.043508186 
    4000    1.3996854   0.59340661    2692.8201   0.49427735   -2.7894095    2.0979507  -0.69145876 
    5000    1.3407224   0.99469955    2277.5045   0.58441158   -3.2411538    2.0095726   -1.2315812 
    6000    1.3160919    1.1286254    2054.9163   0.64771494   -3.6589545    1.9726546   -1.6862999 
    7000    1.2766226    1.2770466    1948.3466   0.68314335   -3.8795791    1.9134952    -1.966084 
    8000    1.3173706    1.1781025    1924.3938   0.69164638   -3.9638557    1.9745713   -1.9892844 
    9000    1.2824612    1.3480616    1957.0628   0.68010083   -3.8146496    1.9222465   -1.8924031 
   10000    1.3181856    1.2999921    1977.3152   0.67313496   -3.8069772    1.9757928   -1.8311844 
   11000    1.2921789    1.3704217    1960.9091   0.67876681   -3.8247323    1.9368121   -1.8879202 
   12000     1.278727    1.2480352    1950.5995   0.68235434   -3.8697284    1.9166495    -1.953079 
   13000    1.2956431    1.2742811    1947.4313   0.68346443   -3.8736782    1.9420046   -1.9316736 
   14000    1.3024377    1.3248357    1952.7238   0.68161201   -3.8471183    1.9521888   -1.8949295 
   15000     1.283308    1.3533832    1963.8843    0.6777385   -3.8097823    1.9235157   -1.8862665 
   16000    1.3254616    1.2167018    1949.2583   0.68282383   -3.8998951    1.9866986   -1.9131964 
   17000    1.2806647    1.1865916    1938.0802    0.6867621    -3.891752    1.9195538   -1.9721982 
   18000    1.2925077    1.2296798    1959.9762   0.67908989   -3.8521699     1.937305   -1.9148649 
   19000    1.3582643    1.2333219    1961.4145   0.67859189   -3.8734683    2.0358657   -1.8376027 
   20000    1.3641575    1.4245863    1922.4509   0.69234538   -3.9332687    2.0446988   -1.8885698 
   21000    1.3523053    1.4731118     1914.549    0.6952029   -3.9192474    2.0269339   -1.8923135 
   22000    1.3330165    1.2208551    1956.9876   0.68012695   -3.8793912    1.9980225   -1.8813686 
   23000    1.2790445    1.2952906    1979.4907   0.67239517   -3.7802319    1.9171253   -1.8631066 
   24000    1.3088466    1.0879306    1965.5732   0.67715617   -3.8744121    1.9617949   -1.9126171 
   25000    1.2887593    1.3349547    1934.2325   0.68812824   -3.8986939    1.9316866   -1.9670074 
   26000    1.2886919    1.2935632    1914.9291    0.6950649   -3.9533882    1.9315855   -2.0218027 
   27000    1.3163681    1.2491897    1960.0503   0.67906421   -3.8620902    1.9730686   -1.8890217 
   28000    1.2896196    1.2467667    1967.5516   0.67647528   -3.8426189     1.932976   -1.9096428 
   29000    1.2662665    1.1965032    1955.3623   0.68069227   -3.8729096    1.8979726    -1.974937 
   30000    1.2745139    1.2620268    1954.5933   0.68096006   -3.8792462    1.9103345   -1.9689117 
   31000     1.305465     1.033747     1998.222   0.66609215   -3.8145697    1.9567263   -1.8578434 
   32000    1.2598417   0.88746063    1998.7054   0.66593105   -3.8203944    1.8883428   -1.9320516 
   33000    1.2594525    1.2477682    1968.7986   0.67604679   -3.8401928    1.8877594   -1.9524334 
   34000    1.3379211    1.2012983    1955.1941   0.68075083   -3.8901425    2.0053739   -1.8847686 
   35000    1.3427684     1.280399    1990.4408    0.6686961   -3.7707774    2.0126393   -1.7581381 
   36000    1.3083989    1.2702758    1962.0577   0.67836944    -3.836852    1.9611238   -1.8757282 
   37000    1.2793253    1.2443373    1964.8688   0.67739892   -3.8404106    1.9175462   -1.9228644 
   38000     1.301126    1.1983475    1953.4144   0.68137105   -3.8823461    1.9502227   -1.9321234 
   39000    1.2975516    1.5371699    1936.6488   0.68726968   -3.8618537    1.9448651   -1.9169886 
   40000     1.323988    1.5428619    1940.9709    0.6857393   -3.8245475    1.9844898   -1.8400577 
   41000    1.3160272    1.5260075    1958.5829   0.67957295   -3.8077604    1.9725577   -1.8352027 
   42000     1.315635    1.3917692    1932.0303    0.6889126   -3.9169172    1.9719699   -1.9449473 
   43000    1.2696805    1.4081525    1929.2927   0.68989014    -3.897814    1.9030898   -1.9947242 
   44000    1.3048317    1.2468237    1975.8326   0.67364007   -3.8168159    1.9557771   -1.8610388 
   45000    1.3026141    1.3791705    1958.2985   0.67967167   -3.8425685    1.9524531   -1.8901154 
   46000    1.3061064   0.99682223    1946.8465   0.68366973   -3.9298512    1.9576876   -1.9721636 
   47000    1.2834975    1.2424672    1971.0393   0.67527826   -3.8293998    1.9237999      -1.9056 
   48000    1.2708888    1.1656091    1973.9181   0.67429343   -3.8209243    1.9049009   -1.9160233 
   49000    1.2491663    1.2660943     1972.457   0.67479293   -3.8087439    1.8723417   -1.9364022 
   50000    1.2974811    1.1134872    1970.1438   0.67558522   -3.8600727    1.9447594   -1.9153134 
Loop time of 37.301 on 1 procs for 50000 steps with 1331 atoms

Performance: 463257.891 tau/day, 1340.445 timesteps/s
99.7% CPU use with 1 MPI tasks x no OpenMP threads

MPI task timing breakdown:
Section |  min time  |  avg time  |  max time  |%varavg| %total
---------------------------------------------------------------
Pair    | 29.053     | 29.053     | 29.053     |   0.0 | 77.89
Neigh   | 4.9254     | 4.9254     | 4.9254     |   0.0 | 13.20
Comm    | 0.78573    | 0.78573    | 0.78573    |   0.0 |  2.11
Output  | 0.029485   | 0.029485   | 0.029485   |   0.0 |  0.08
Modify  | 2.3408     | 2.3408     | 2.3408     |   0.0 |  6.28
Other   |            | 0.1668     |            |       |  0.45

Nlocal:    1331 ave 1331 max 1331 min
Histogram: 1 0 0 0 0 0 0 0 0 0
Nghost:    2702 ave 2702 max 2702 min
Histogram: 1 0 0 0 0 0 0 0 0 0
Neighs:    40566 ave 40566 max 40566 min
Histogram: 1 0 0 0 0 0 0 0 0 0

Total # of neighbors = 40566
Ave neighs/atom = 30.4778
Neighbor list builds = 2500
Dangerous builds not checked

write_restart lattice_11_11_11__2_2_2/sim1/T_1.30__P_1.30/end1.restart
Total wall time: 0:00:37
