run 50000
Neighbor list info ...
  update every 20 steps, delay 0 steps, check no
  max neighbors/atom: 2000, page size: 100000
  master list distance cutoff = 2.8
  ghost atom cutoff = 2.8
  binsize = 1.4, bins = 9 9 9
  1 neighbor lists, perpetual/occasional/extra = 1 0 0
  (1) pair lj/cut, perpetual
      attributes: half, newton on
      pair build: half/bin/atomonly/newton
      stencil: half/bin/3d/newton
      bin: standard
Per MPI rank memory allocation (min/avg/max) = 2.73 | 2.73 | 2.73 Mbytes
Step Temp Press TotEng 
       0          1.1    13.162282   -1.0703108 
    1000    1.3630006    2.7954771      -2.1947 
    2000    1.0775802    1.5664895   -2.8599771 
    3000    1.0621539    1.6237255   -2.8826698 
    4000    1.1462938    1.8625127   -2.7018068 
    5000    1.0586562    1.5781593     -2.88819 
    6000    1.1206303    1.5803983   -2.7959676 
    7000    1.1349546    1.6423983   -2.7597797 
    8000    1.0819979    1.4530073   -2.8805908 
    9000    1.1345705    1.7066063   -2.7554264 
   10000    1.1173427    1.5908458   -2.8103424 
   11000    1.0575516    1.7192043   -2.8574319 
   12000    1.1521495    1.6644985   -2.7460725 
   13000    1.0676524    1.7042093   -2.8459001 
   14000    1.1137525    1.6555168   -2.8050632 
   15000    1.0974235    1.8390756   -2.7882852 
   16000    1.0391135    1.8697353   -2.8630732 
   17000    1.1346911    1.6525443   -2.7535367 
   18000    1.0823938    1.6264931   -2.8501265 
   19000    1.1100114    1.4333488   -2.8535829 
   20000    1.1616694     1.510554   -2.7647974 
   21000     1.091467     1.418118   -2.8732512 
   22000    1.1112355     1.705667   -2.8068257 
   23000    1.0689297    1.8601234   -2.8043971 
   24000     1.034776    1.9507408   -2.8451931 
   25000    1.1114215    1.9169379   -2.7412377 
   26000    1.0863128    1.6169978     -2.84288 
   27000    1.1237446    1.4740768   -2.8234259 
   28000    1.1223374    1.6113291   -2.7832079 
   29000    1.0747542     1.629421   -2.8545511 
   30000    1.1087265    1.6108989   -2.8090135 
   31000    1.1033952    1.7420698   -2.7789505 
   32000    1.0623772    1.7710601   -2.8277598 
   33000    1.0896973    1.7468326   -2.8050985 
   34000    1.1326045    1.8918702   -2.7176151 
   35000    1.0845205    1.5574713   -2.8358731 
   36000    1.0937224    1.7655572   -2.8014638 
   37000    1.1111466    1.6425878   -2.8008784 
   38000    1.0795846    1.5868158   -2.8626294 
   39000    1.1108046    1.7508074   -2.7772502 
   40000    1.0637198    1.5918967   -2.8820223 
   41000    1.0892307     1.685351     -2.83873 
   42000    1.1128139     1.676236   -2.7935589 
   43000    1.0971822     1.371073   -2.8793752 
   44000     1.111616    1.7009113   -2.8007514 
   45000    1.0805328    1.8584511   -2.7990025 
   46000    1.0748337    1.5310937   -2.8671548 
   47000    1.1231797    1.7897367   -2.7404939 
   48000    1.0787338    1.7423184   -2.8406473 
   49000      1.08387     1.776368   -2.8034002 
   50000     1.124404    1.5218434   -2.8072315 
Loop time of 34.1434 on 1 procs for 50000 steps with 1331 atoms

Performance: 506101.362 tau/day, 1464.414 timesteps/s
99.9% CPU use with 1 MPI tasks x no OpenMP threads

MPI task timing breakdown:
Section |  min time  |  avg time  |  max time  |%varavg| %total
---------------------------------------------------------------
Pair    | 28.043     | 28.043     | 28.043     |   0.0 | 82.13
Neigh   | 4.3919     | 4.3919     | 4.3919     |   0.0 | 12.86
Comm    | 0.70612    | 0.70612    | 0.70612    |   0.0 |  2.07
Output  | 0.025547   | 0.025547   | 0.025547   |   0.0 |  0.07
Modify  | 0.84375    | 0.84375    | 0.84375    |   0.0 |  2.47
Other   |            | 0.1332     |            |       |  0.39

Nlocal:    1331 ave 1331 max 1331 min
Histogram: 1 0 0 0 0 0 0 0 0 0
Nghost:    2889 ave 2889 max 2889 min
Histogram: 1 0 0 0 0 0 0 0 0 0
Neighs:    45985 ave 45985 max 45985 min
Histogram: 1 0 0 0 0 0 0 0 0 0

Total # of neighbors = 45985
Ave neighs/atom = 34.5492
Neighbor list builds = 2500
Dangerous builds not checked

write_restart NVT/sim1/T_1.10__v_1.00/end1.restart
Total wall time: 0:00:34
