run 50000
Neighbor list info ...
  update every 20 steps, delay 0 steps, check no
  max neighbors/atom: 2000, page size: 100000
  master list distance cutoff = 2.8
  ghost atom cutoff = 2.8
  binsize = 1.4, bins = 16 16 16
  1 neighbor lists, perpetual/occasional/extra = 1 0 0
  (1) pair lj/cut, perpetual
      attributes: half, newton on
      pair build: half/bin/atomonly/newton
      stencil: half/bin/3d/newton
      bin: standard
Per MPI rank memory allocation (min/avg/max) = 2.7 | 2.7 | 2.7 Mbytes
Step Temp Press Volume Density PotEng KinEng TotEng 
       0          0.4  0.004552278        10648        0.125  -0.13561964   0.59954921   0.46392957 
    1000   0.91326892  0.088749051    5288.6901   0.25166912   -1.6358116    1.3688742  -0.26693742 
    2000   0.80292682 -0.049791137    3282.5775   0.40547405   -2.8852922    1.2034854   -1.6818068 
    3000   0.71927909  -0.23956332    2205.0151   0.60362399   -4.1413285     1.078108   -3.0632204 
    4000   0.63719824   0.21443332     1657.036   0.80324145   -5.1113947   0.95507926   -4.1563154 
    5000   0.50702988   0.60739069     1480.748   0.89887006   -5.7049704   0.75997341    -4.944997 
    6000   0.40771937   0.65420498    1423.9516   0.93472279   -6.0186621   0.61111956   -5.4075425 
    7000   0.37485115   0.70188489    1404.0647   0.94796202    -6.132463   0.56185428   -5.5706087 
    8000   0.40030382   0.73296139    1407.9975    0.9453142   -6.1034356    0.6000046    -5.503431 
    9000   0.43004718   0.57902066    1413.1101   0.94189405   -6.1041861   0.64458612      -5.4596 
   10000   0.38612873   0.77197876    1401.8066   0.94948907   -6.1326677   0.57875793   -5.5539097 
   11000   0.38482479   0.74167397    1401.3436   0.94980276   -6.1426679   0.57680349   -5.5658645 
   12000    0.4264065   0.57127098    1408.5788   0.94492405   -6.1303123    0.6391292   -5.4911831 
   13000   0.40843935    0.7461943    1403.8998   0.94807336   -6.1235982   0.61219872   -5.5113995 
   14000   0.38735206   0.66366055    1398.9053   0.95145828   -6.1688715   0.58059155     -5.58828 
   15000   0.40049532   0.70260113    1403.9897   0.94801266   -6.1396175   0.60029163   -5.5393259 
   16000   0.42193284   0.79697339     1402.168   0.94924434    -6.132495   0.63242375   -5.5000712 
   17000   0.38658984   0.53627156    1400.1141   0.95063682   -6.1839894   0.57944908   -5.6045403 
   18000   0.39647402   0.80532487    1390.6048   0.95713749    -6.208047   0.59426422   -5.6137828 
   19000   0.41093611   0.49635765    1408.3279   0.94509243   -6.1420326   0.61594105   -5.5260915 
   20000   0.41253537   0.87309478    1397.5795   0.95236082   -6.1480412   0.61833814   -5.5297031 
   21000   0.39000619   0.62780606    1400.0907   0.95065272   -6.1687038   0.58456976   -5.5841341 
   22000   0.38752273   0.84655294    1397.7567   0.95224015    -6.150588   0.58084737   -5.5697406 
   23000   0.42152834   0.62591345    1397.6104   0.95233978   -6.1927704   0.63181746   -5.5609529 
   24000   0.39887378   0.71140894    1391.7265   0.95636609   -6.2140289   0.59786115   -5.6161677 
   25000   0.39534672   0.64196554    1392.4474   0.95587095   -6.2175832   0.59257454   -5.6250087 
   26000   0.40564534   0.72158452    1394.5564   0.95442537   -6.1910105   0.60801087   -5.5829996 
   27000   0.39328864    0.8622746    1385.6448   0.96056364   -6.2191278   0.58948974   -5.6296381 
   28000   0.38631714    0.5069291    1390.4781   0.95722468   -6.2528163   0.57904034    -5.673776 
   29000    0.4098128   0.82854354    1386.0543   0.96027983   -6.2367607   0.61425736   -5.6225033 
   30000   0.40020345   0.58940868    1392.0061   0.95617396   -6.2360265   0.59985415   -5.6361724 
   31000   0.40234152   0.81165136    1373.8391   0.96881794   -6.3245719   0.60305885   -5.7215131 
   32000    0.3959392   0.57443453    1366.2612   0.97419146   -6.4317641   0.59346259   -5.8383016 
   33000   0.40001525   0.82878524    1346.3612   0.98859056   -6.5223048   0.59957206   -5.9227327 
   34000    0.3933352   0.62515952    1351.0281   0.98517568   -6.5264019   0.58955952   -5.9368424 
   35000   0.40200795   0.82590719    1346.0836   0.98879449   -6.5196843   0.60255888   -5.9171255 
   36000   0.40335432   0.42748492    1353.0264   0.98372065   -6.5467047   0.60457691   -5.9421278 
   37000   0.39908747     1.018696    1338.6138   0.99431217   -6.5424859   0.59818144   -5.9443045 
   38000   0.39527503   0.48482095    1353.7375   0.98320392   -6.5263817   0.59246709   -5.9339146 
   39000   0.40259773   0.80092855    1345.9142   0.98891894   -6.5284844   0.60344288   -5.9250415 
   40000   0.39880031   0.71177036    1345.3339   0.98934544   -6.5474139   0.59775102   -5.9496628 
   41000   0.39612106   0.70356784    1345.1761   0.98946156   -6.5499537   0.59373517   -5.9562185 
   42000   0.40634801   0.70883116    1344.8363   0.98971151   -6.5493192   0.60906408   -5.9402551 
   43000   0.39403688   0.78484336    1345.6228   0.98913303   -6.5312746   0.59061126   -5.9406634 
   44000   0.38837547   0.66977616    1347.0884   0.98805687   -6.5377083   0.58212551   -5.9555828 
   45000   0.39793536   0.94974331    1339.9339    0.9933326   -6.5442602   0.59645458   -5.9478057 
   46000   0.38567708   0.55878636     1350.291   0.98571342   -6.5306495   0.57808098   -5.9525685 
   47000   0.39676821   0.96800689    1338.6815   0.99426192   -6.5516219   0.59470516   -5.9569168 
   48000   0.40103452   0.60579573    1344.9776   0.98960758   -6.5703194   0.60109983   -5.9692195 
   49000   0.39922591    0.7710468    1342.3298   0.99155961   -6.5563943   0.59838895   -5.9580054 
   50000    0.4005975   0.62892021    1345.4297     0.989275   -6.5552261   0.60044479   -5.9547813 
Loop time of 41.891 on 1 procs for 50000 steps with 1331 atoms

Performance: 412498.674 tau/day, 1193.573 timesteps/s
99.9% CPU use with 1 MPI tasks x no OpenMP threads

MPI task timing breakdown:
Section |  min time  |  avg time  |  max time  |%varavg| %total
---------------------------------------------------------------
Pair    | 33.837     | 33.837     | 33.837     |   0.0 | 80.77
Neigh   | 5.0255     | 5.0255     | 5.0255     |   0.0 | 12.00
Comm    | 0.74002    | 0.74002    | 0.74002    |   0.0 |  1.77
Output  | 0.024395   | 0.024395   | 0.024395   |   0.0 |  0.06
Modify  | 2.041      | 2.041      | 2.041      |   0.0 |  4.87
Other   |            | 0.2232     |            |       |  0.53

Nlocal:    1331 ave 1331 max 1331 min
Histogram: 1 0 0 0 0 0 0 0 0 0
Nghost:    3234 ave 3234 max 3234 min
Histogram: 1 0 0 0 0 0 0 0 0 0
Neighs:    57427 ave 57427 max 57427 min
Histogram: 1 0 0 0 0 0 0 0 0 0

Total # of neighbors = 57427
Ave neighs/atom = 43.1458
Neighbor list builds = 2500
Dangerous builds not checked

write_restart lattice_11_11_11__2_2_2/sim1/T_0.40__P_0.70/end1.restart
Total wall time: 0:00:41
