run 50000
Neighbor list info ...
  update every 20 steps, delay 0 steps, check no
  max neighbors/atom: 2000, page size: 100000
  master list distance cutoff = 2.8
  ghost atom cutoff = 2.8
  binsize = 1.4, bins = 9 9 9
  1 neighbor lists, perpetual/occasional/extra = 1 0 0
  (1) pair lj/cut, perpetual
      attributes: half, newton on
      pair build: half/bin/atomonly/newton
      stencil: half/bin/3d/newton
      bin: standard
Per MPI rank memory allocation (min/avg/max) = 2.73 | 2.73 | 2.73 Mbytes
Step Temp Press TotEng 
       0          1.5    13.470153  -0.47076159 
    1000    1.7002408    4.0954262   -1.4517801 
    2000    1.4313422    3.2881286   -2.0161092 
    3000    1.5265067    3.1440106   -1.9101204 
    4000    1.5379933    3.4197992   -1.8434038 
    5000    1.4351143    3.3108887   -2.0014997 
    6000    1.5204429    3.4512084    -1.850885 
    7000     1.511457    3.1764454   -1.9175152 
    8000     1.491854    3.0404523   -1.9678566 
    9000    1.5169008    3.5869904   -1.8266011 
   10000    1.4750775    3.2645666   -1.9527794 
   11000    1.5110077    3.2025787    -1.893319 
   12000    1.5692249    3.0366645   -1.8718592 
   13000    1.4465101     3.237227   -1.9912533 
   14000    1.5159572    3.4490639   -1.8698707 
   15000    1.4585202    3.1210119   -2.0202767 
   16000    1.4722101    3.2175707   -1.9523407 
   17000    1.4786484     3.519709   -1.8823706 
   18000    1.4605675    3.0986486    -1.998682 
   19000     1.512172    3.2686832   -1.9108117 
   20000     1.486339    3.3883452   -1.9020709 
   21000    1.4774831    3.2931137   -1.9354087 
   22000     1.547801    3.4069683   -1.8246218 
   23000    1.4661706    3.2638409   -1.9575371 
   24000    1.5173619    3.2263722   -1.8989739 
   25000    1.4780048    3.2982533   -1.9262654 
   26000    1.4753982    3.2126302   -1.9530262 
   27000    1.5265377    3.3525577   -1.8570937 
   28000    1.4478714    3.1247883   -2.0042431 
   29000    1.5718834    3.3861151   -1.8072106 
   30000     1.492211      3.12729   -1.9546929 
   31000    1.5139789    3.3363512    -1.873605 
   32000    1.5318326    3.2960967   -1.8570819 
   33000    1.4949808    3.1937085   -1.9433714 
   34000     1.541687    3.5597204   -1.7901389 
   35000    1.4983378    3.2963506   -1.8901596 
   36000    1.4827271    3.2630869   -1.9208743 
   37000    1.5266866    3.3659719   -1.8535968 
   38000    1.4741687    3.4545777   -1.9102802 
   39000    1.4841194    3.2369219   -1.9495636 
   40000    1.5249594    3.2282264   -1.8719058 
   41000    1.4732163    3.4144801   -1.9077154 
   42000    1.4907892    3.3822447   -1.9082666 
   43000    1.5393518    3.1938815   -1.8665437 
   44000    1.4662179    3.0813615   -1.9899685 
   45000    1.5539164    3.3910723    -1.808966 
   46000    1.4670682    3.3597418   -1.9301385 
   47000    1.5243575    3.2788309     -1.88143 
   48000    1.5677781     3.425118   -1.8011524 
   49000    1.4728711     3.464131   -1.9144821 
   50000    1.4781349    3.3498321   -1.9172303 
Loop time of 34.3171 on 1 procs for 50000 steps with 1331 atoms

Performance: 503538.748 tau/day, 1456.999 timesteps/s
99.9% CPU use with 1 MPI tasks x no OpenMP threads

MPI task timing breakdown:
Section |  min time  |  avg time  |  max time  |%varavg| %total
---------------------------------------------------------------
Pair    | 28.197     | 28.197     | 28.197     |   0.0 | 82.17
Neigh   | 4.4154     | 4.4154     | 4.4154     |   0.0 | 12.87
Comm    | 0.69598    | 0.69598    | 0.69598    |   0.0 |  2.03
Output  | 0.026464   | 0.026464   | 0.026464   |   0.0 |  0.08
Modify  | 0.84824    | 0.84824    | 0.84824    |   0.0 |  2.47
Other   |            | 0.1341     |            |       |  0.39

Nlocal:    1331 ave 1331 max 1331 min
Histogram: 1 0 0 0 0 0 0 0 0 0
Nghost:    2872 ave 2872 max 2872 min
Histogram: 1 0 0 0 0 0 0 0 0 0
Neighs:    46143 ave 46143 max 46143 min
Histogram: 1 0 0 0 0 0 0 0 0 0

Total # of neighbors = 46143
Ave neighs/atom = 34.6679
Neighbor list builds = 2500
Dangerous builds not checked

write_restart NVT/sim1/T_1.50__v_1.00/end1.restart
Total wall time: 0:00:34
