run 50000
Neighbor list info ...
  update every 20 steps, delay 0 steps, check no
  max neighbors/atom: 2000, page size: 100000
  master list distance cutoff = 2.8
  ghost atom cutoff = 2.8
  binsize = 1.4, bins = 20 20 20
  1 neighbor lists, perpetual/occasional/extra = 1 0 0
  (1) pair lj/cut, perpetual
      attributes: half, newton on
      pair build: half/bin/atomonly/newton
      stencil: half/bin/3d/newton
      bin: standard
Per MPI rank memory allocation (min/avg/max) = 2.724 | 2.724 | 2.724 Mbytes
Step Temp Press TotEng 
       0            1  0.065337752     1.486544 
    1000    1.0826279  0.060530802    1.1775248 
    2000   0.97880945  0.053835109    0.9584028 
    3000     1.006034  0.055296344    1.0078493 
    4000   0.98562144  0.054628703   0.96064275 
    5000   0.99410661  0.048138571   0.97160946 
    6000    1.0089604  0.047858027    0.9809461 
    7000   0.98790775   0.05057562   0.93703338 
    8000   0.99631546  0.051061148   0.96094742 
    9000   0.99182422   0.05229012   0.95064686 
   10000    1.0151152  0.052107702    1.0257724 
   11000   0.97870369  0.045428958   0.90920904 
   12000    1.0251839  0.052688057   0.98405652 
   13000    0.9769263  0.050189346   0.91749782 
   14000   0.99893885  0.046371841   0.92762594 
   15000    1.0478779  0.052616374   0.98797158 
   16000   0.97074953  0.048302647   0.90758396 
   17000    1.0086037  0.048852724   0.97179547 
   18000    0.9482883  0.050473334    0.8817897 
   19000   0.98090597  0.048108912   0.92718801 
   20000    1.0255555  0.051861088   0.97926113 
   21000    0.9616193  0.045510436   0.92658248 
   22000    1.0193536  0.059448572    1.0161523 
   23000   0.98222239  0.044857836   0.92906682 
   24000    1.0129441  0.054663097   0.98435014 
   25000    1.0410058  0.056207761    1.0271508 
   26000   0.98592206   0.04884886   0.93219281 
   27000    1.0419919  0.054391196    1.0151585 
   28000   0.96627502  0.045699063   0.91259291 
   29000    1.0047724  0.051328252   0.92786313 
   30000   0.99973849  0.049977132   0.94335713 
   31000    1.0386427  0.051054537    1.0004743 
   32000   0.97722419   0.04790658   0.91706683 
   33000    1.0114737  0.054540454   0.97516594 
   34000   0.97467497  0.048852226   0.94359675 
   35000    1.0342483  0.048091216     1.020494 
   36000   0.98879611  0.049705092   0.92491594 
   37000    1.0372801  0.051875092    1.0191684 
   38000    0.9778407  0.048222137   0.93463614 
   39000   0.99633215  0.054696718   0.95832668 
   40000    0.9941807  0.045688655   0.93537961 
   41000   0.98582217  0.050574716   0.92095632 
   42000    1.0241456  0.049689927   0.95951515 
   43000   0.93795711  0.038041628   0.81855423 
   44000   0.98697594  0.051091326   0.89943803 
   45000    1.0293589  0.050833632   0.95871039 
   46000   0.97404237  0.045339017   0.88357761 
   47000    1.0005288  0.053833937   0.96528035 
   48000    1.0049808  0.056146491   0.96171911 
   49000   0.99007465  0.046034512   0.92203254 
   50000    1.0262617  0.045842297   0.99535405 
Loop time of 5.83799 on 1 procs for 50000 steps with 1331 atoms

Performance: 2959924.631 tau/day, 8564.597 timesteps/s
99.6% CPU use with 1 MPI tasks x no OpenMP threads

MPI task timing breakdown:
Section |  min time  |  avg time  |  max time  |%varavg| %total
---------------------------------------------------------------
Pair    | 3.3017     | 3.3017     | 3.3017     |   0.0 | 56.55
Neigh   | 1.2983     | 1.2983     | 1.2983     |   0.0 | 22.24
Comm    | 0.28924    | 0.28924    | 0.28924    |   0.0 |  4.95
Output  | 0.022958   | 0.022958   | 0.022958   |   0.0 |  0.39
Modify  | 0.84431    | 0.84431    | 0.84431    |   0.0 | 14.46
Other   |            | 0.08149    |            |       |  1.40

Nlocal:    1331 ave 1331 max 1331 min
Histogram: 1 0 0 0 0 0 0 0 0 0
Nghost:    985 ave 985 max 985 min
Histogram: 1 0 0 0 0 0 0 0 0 0
Neighs:    4586 ave 4586 max 4586 min
Histogram: 1 0 0 0 0 0 0 0 0 0

Total # of neighbors = 4586
Ave neighs/atom = 3.44553
Neighbor list builds = 2500
Dangerous builds not checked

write_restart NVT/sim1/T_1.00__v_15.62/end1.restart
Total wall time: 0:00:05
