run 50000
Neighbor list info ...
  update every 20 steps, delay 0 steps, check no
  max neighbors/atom: 2000, page size: 100000
  master list distance cutoff = 2.8
  ghost atom cutoff = 2.8
  binsize = 1.4, bins = 22 22 22
  1 neighbor lists, perpetual/occasional/extra = 1 0 0
  (1) pair lj/cut, perpetual
      attributes: half, newton on
      pair build: half/bin/atomonly/newton
      stencil: half/bin/3d/newton
      bin: standard
Per MPI rank memory allocation (min/avg/max) = 2.739 | 2.739 | 2.739 Mbytes
Step Temp Press TotEng 
       0          1.8  0.087038628    2.6856424 
    1000    1.8033286  0.086072571     2.442873 
    2000    1.7778754  0.081304213    2.3755028 
    3000    1.8733752  0.087622426     2.505042 
    4000    1.7462395  0.080860313    2.3303132 
    5000    1.7993183   0.08898853    2.4397474 
    6000    1.7906259  0.079788375     2.376787 
    7000    1.7541263  0.088434952    2.3508537 
    8000    1.8266034  0.087328855    2.4525298 
    9000    1.7468372  0.082570318    2.3266885 
   10000    1.8689559  0.087758737     2.508396 
   11000    1.7676308  0.078564325    2.3598391 
   12000    1.8750646  0.089830293    2.5145474 
   13000    1.7399667  0.079265294    2.3088035 
   14000       1.8512  0.084087201    2.4685044 
   15000    1.7432238  0.083669999    2.3206328 
   16000    1.8681901  0.084980295    2.5083014 
   17000    1.7561521  0.080528005    2.3452415 
   18000    1.8279111  0.086785565     2.461124 
   19000    1.7132095  0.079481126    2.2594376 
   20000    1.8181716  0.086807925    2.4307811 
   21000     1.790389  0.084241629    2.4102986 
   22000    1.7688104  0.080344338    2.3611333 
   23000    1.8181829  0.083943799     2.447943 
   24000    1.7778253  0.085065021    2.3704341 
   25000    1.9178553  0.093072918    2.5933222 
   26000    1.7863503  0.085358653    2.3807486 
   27000    1.8162686    0.0879286    2.4364869 
   28000    1.7522328  0.083953622    2.3609231 
   29000    1.8257817  0.086196928    2.4648552 
   30000    1.8006224  0.084003672    2.4030208 
   31000    1.7930411  0.090041197    2.4072078 
   32000    1.8840473  0.088548993    2.5347979 
   33000    1.7797534  0.083339186    2.3714582 
   34000    1.8170238  0.091646604    2.4720101 
   35000    1.7237888  0.079771272    2.3014564 
   36000    1.8472625  0.089204902     2.485261 
   37000    1.7697076  0.084077377    2.3531363 
   38000      1.88723  0.089575775    2.5308301 
   39000    1.8033983  0.085756043    2.4148842 
   40000    1.7966267  0.079838949     2.373815 
   41000    1.8503297  0.088228794    2.5029441 
   42000    1.7667289  0.077242619    2.3421318 
   43000     1.814555  0.082571878    2.4398144 
   44000     1.755038  0.081035493    2.3471665 
   45000    1.8041519  0.079649824    2.3952279 
   46000    1.7983352  0.083484764    2.4152751 
   47000    1.7946839  0.079718337    2.3764558 
   48000    1.8409666  0.087390178    2.4737584 
   49000    1.7427635   0.08379886    2.3382244 
   50000    1.8329536  0.086847013    2.4660319 
Loop time of 4.62977 on 1 procs for 50000 steps with 1331 atoms

Performance: 3732367.608 tau/day, 10799.675 timesteps/s
99.6% CPU use with 1 MPI tasks x no OpenMP threads

MPI task timing breakdown:
Section |  min time  |  avg time  |  max time  |%varavg| %total
---------------------------------------------------------------
Pair    | 2.3168     | 2.3168     | 2.3168     |   0.0 | 50.04
Neigh   | 1.1043     | 1.1043     | 1.1043     |   0.0 | 23.85
Comm    | 0.26413    | 0.26413    | 0.26413    |   0.0 |  5.70
Output  | 0.022377   | 0.022377   | 0.022377   |   0.0 |  0.48
Modify  | 0.84407    | 0.84407    | 0.84407    |   0.0 | 18.23
Other   |            | 0.07812    |            |       |  1.69

Nlocal:    1331 ave 1331 max 1331 min
Histogram: 1 0 0 0 0 0 0 0 0 0
Nghost:    921 ave 921 max 921 min
Histogram: 1 0 0 0 0 0 0 0 0 0
Neighs:    3064 ave 3064 max 3064 min
Histogram: 1 0 0 0 0 0 0 0 0 0

Total # of neighbors = 3064
Ave neighs/atom = 2.30203
Neighbor list builds = 2500
Dangerous builds not checked

write_restart NVT/sim1/T_1.80__v_21.95/end1.restart
Total wall time: 0:00:04
