run 50000
Neighbor list info ...
  update every 20 steps, delay 0 steps, check no
  max neighbors/atom: 2000, page size: 100000
  master list distance cutoff = 2.8
  ghost atom cutoff = 2.8
  binsize = 1.4, bins = 21 21 21
  1 neighbor lists, perpetual/occasional/extra = 1 0 0
  (1) pair lj/cut, perpetual
      attributes: half, newton on
      pair build: half/bin/atomonly/newton
      stencil: half/bin/3d/newton
      bin: standard
Per MPI rank memory allocation (min/avg/max) = 2.731 | 2.731 | 2.731 Mbytes
Step Temp Press TotEng 
       0          1.4  0.074543563    2.0860932 
    1000    1.4340429   0.06882541    1.8314035 
    2000    1.3828608   0.06858984    1.7120565 
    3000    1.4345292   0.06515642    1.7949628 
    4000    1.3489933  0.060094935    1.6673723 
    5000    1.4281992  0.071795139    1.7858185 
    6000    1.3794238  0.065198432    1.6918135 
    7000    1.4424631  0.069446735    1.7877078 
    8000    1.3586058   0.06611429    1.6973663 
    9000    1.4033071   0.06797143    1.7453226 
   10000    1.3917798  0.072308623    1.7346925 
   11000    1.3316779  0.065803168    1.6383401 
   12000     1.418405  0.071145055    1.7648357 
   13000    1.3720966  0.065605577    1.7061407 
   14000    1.4587509  0.068896427     1.822778 
   15000    1.3686275  0.065597274     1.685702 
   16000    1.4041531  0.071185119    1.7602535 
   17000     1.363398  0.065105185     1.669595 
   18000    1.3925897  0.069928749    1.7078618 
   19000    1.4011124  0.064870142    1.7324666 
   20000    1.4036657  0.067587934    1.7190677 
   21000    1.4169141  0.069599895    1.7691972 
   22000    1.3712715  0.066137046    1.6833477 
   23000    1.4453987  0.069642155    1.8016627 
   24000    1.3987225  0.064045312    1.7173343 
   25000     1.395393  0.067087129    1.7334892 
   26000    1.4225957  0.068451477     1.772472 
   27000    1.3679642  0.069611577    1.6897399 
   28000    1.4547689  0.072138265    1.8133096 
   29000    1.3805032  0.068216092    1.7121995 
   30000    1.4613447  0.067952099     1.831613 
   31000    1.3735463  0.064978845    1.6987122 
   32000    1.4253698  0.072009245    1.7672343 
   33000    1.3602851   0.06635812    1.6905464 
   34000    1.3872141  0.069993663    1.7372278 
   35000    1.3979655  0.065640978    1.7451518 
   36000    1.3876357  0.070221561    1.7437562 
   37000    1.4232177  0.067200605    1.7679246 
   38000     1.376181  0.071501301    1.7098202 
   39000    1.3986448    0.0637292    1.7603634 
   40000    1.3954885  0.070355171     1.745445 
   41000    1.3634845  0.066926293    1.6720675 
   42000    1.4321103  0.071569452    1.8078181 
   43000    1.3611472  0.067523765    1.6881534 
   44000    1.4016386  0.067906384    1.7391285 
   45000    1.3931472  0.066622383    1.7309009 
   46000    1.3479995  0.062639045    1.6685352 
   47000    1.4154963  0.065421546    1.7603502 
   48000    1.3740243  0.071533094    1.6973995 
   49000    1.4520114  0.072704406     1.804146 
   50000    1.3714537  0.065949018    1.7134268 
Loop time of 4.9521 on 1 procs for 50000 steps with 1331 atoms

Performance: 3489428.222 tau/day, 10096.725 timesteps/s
99.7% CPU use with 1 MPI tasks x no OpenMP threads

MPI task timing breakdown:
Section |  min time  |  avg time  |  max time  |%varavg| %total
---------------------------------------------------------------
Pair    | 2.5634     | 2.5634     | 2.5634     |   0.0 | 51.76
Neigh   | 1.1807     | 1.1807     | 1.1807     |   0.0 | 23.84
Comm    | 0.2722     | 0.2722     | 0.2722     |   0.0 |  5.50
Output  | 0.01678    | 0.01678    | 0.01678    |   0.0 |  0.34
Modify  | 0.84153    | 0.84153    | 0.84153    |   0.0 | 16.99
Other   |            | 0.07747    |            |       |  1.56

Nlocal:    1331 ave 1331 max 1331 min
Histogram: 1 0 0 0 0 0 0 0 0 0
Nghost:    941 ave 941 max 941 min
Histogram: 1 0 0 0 0 0 0 0 0 0
Neighs:    3498 ave 3498 max 3498 min
Histogram: 1 0 0 0 0 0 0 0 0 0

Total # of neighbors = 3498
Ave neighs/atom = 2.6281
Neighbor list builds = 2500
Dangerous builds not checked

write_restart NVT/sim1/T_1.40__v_19.68/end1.restart
Total wall time: 0:00:04
