run 50000
Neighbor list info ...
  update every 20 steps, delay 0 steps, check no
  max neighbors/atom: 2000, page size: 100000
  master list distance cutoff = 2.8
  ghost atom cutoff = 2.8
  binsize = 1.4, bins = 16 16 16
  1 neighbor lists, perpetual/occasional/extra = 1 0 0
  (1) pair lj/cut, perpetual
      attributes: half, newton on
      pair build: half/bin/atomonly/newton
      stencil: half/bin/3d/newton
      bin: standard
Per MPI rank memory allocation (min/avg/max) = 2.7 | 2.7 | 2.7 Mbytes
Step Temp Press Volume Density PotEng KinEng TotEng 
       0          0.6  0.029533495        10648        0.125  -0.13561964   0.89932382   0.76370418 
    1000     1.144651   0.15712347    5261.0951   0.25298915   -1.5026657    1.7156865   0.21302078 
    2000   0.98591318 0.0063427299    3331.1087   0.39956666   -2.5319925    1.4777587   -1.0542338 
    3000   0.87363995 -0.094045587    2286.8123   0.58203289   -3.5849013    1.3094754   -2.2754259 
    4000   0.87289148   0.45072595    1748.5344   0.76120895   -4.6255701    1.3083535   -3.3172166 
    5000   0.69094733    1.1149235    1570.1163   0.84770793   -5.1744694    1.0356423   -4.1388271 
    6000   0.59765678    1.1991107    1496.2682   0.88954643   -5.5274937   0.89581163   -4.6316821 
    7000    0.5721436    1.0661418     1469.781   0.90557709   -5.6925738   0.85757061   -4.8350032 
    8000   0.59070458    1.1440538    1478.2167   0.90040923   -5.6339067   0.88539116   -4.7485156 
    9000   0.63677651    1.1683953    1486.8799   0.89516307   -5.5819957   0.95444714   -4.6275485 
   10000   0.59489079    1.1869757    1478.1543   0.90044724   -5.6208701   0.89166576   -4.7292044 
   11000   0.58159599    1.0033035     1474.813   0.90248731    -5.675161   0.87173854   -4.8034224 
   12000   0.59108737    1.1131659    1486.9912   0.89509611   -5.5849684   0.88596491   -4.6990035 
   13000   0.61152831    1.0347797    1493.9319   0.89093755   -5.5655607    0.9166033   -4.6489574 
   14000    0.5910467    1.0761575    1482.7378   0.89766377   -5.6112044   0.88590395   -4.7253004 
   15000   0.58557766    1.2282516    1478.7997   0.90005431   -5.6168436   0.87770656    -4.739137 
   16000   0.61134281    1.2573775    1482.2869   0.89793681   -5.5886946   0.91632525   -4.6723694 
   17000   0.60316938    1.2816568    1481.6891   0.89829911   -5.5868583   0.90407431    -4.682784 
   18000   0.60925272    1.0654598    1475.8653   0.90184385   -5.6565982   0.91319247   -4.7434058 
   19000   0.59124016    1.0134802    1478.8694   0.90001187   -5.6425233   0.88619392   -4.7563293 
   20000    0.5976123   0.97446566    1487.8557   0.89457601   -5.6169229   0.89574496    -4.721178 
   21000   0.61113625    1.0368423     1484.537   0.89657581   -5.6135356   0.91601565     -4.69752 
   22000   0.59756592    1.0997497    1479.8915   0.89939027   -5.6404219   0.89567544   -4.7447465 
   23000   0.60425006    1.1154073     1475.365   0.90214963   -5.6463646   0.90569412   -4.7406705 
   24000   0.61096045    1.1154108    1489.0304   0.89387027   -5.5861436   0.91575214   -4.6703915 
   25000   0.60837077    1.1907327     1487.384   0.89485971   -5.5764173   0.91187054   -4.6645468 
   26000   0.59689082    1.1327186    1479.1123   0.89986408   -5.6222096   0.89466356    -4.727546 
   27000   0.58536625   0.85137037    1486.3825   0.89546264   -5.6380211   0.87738968   -4.7606314 
   28000   0.59071332   0.99091343    1486.0904   0.89563867   -5.6101354   0.88540427   -4.7247311 
   29000   0.60876137   0.98325395    1489.9751   0.89330352   -5.6011371     0.912456   -4.6886811 
   30000   0.59832603    1.1365766    1487.3476   0.89488161   -5.5838309   0.89681476   -4.6870162 
   31000   0.60168911    1.2270133    1478.7081   0.90011005   -5.6147296   0.90185557    -4.712874 
   32000   0.60169688    1.3484283    1472.3068   0.90402354   -5.6240949   0.90186722   -4.7222277 
   33000   0.59481524    1.3410957    1480.9844   0.89872656   -5.5781673   0.89155253   -4.6866148 
   34000   0.60497991   0.97847981    1496.1504   0.88961644   -5.5693346   0.90678807   -4.6625465 
   35000   0.59126197    1.2956268    1486.6588   0.89529623   -5.5565037   0.88622662   -4.6702771 
   36000   0.58536459    1.2803306    1480.5736   0.89897592   -5.5954048    0.8773872   -4.7180176 
   37000   0.61696592     1.344562    1476.1367   0.90167802   -5.5966315   0.92475357   -4.6718779 
   38000   0.60279222   0.96915243    1485.6095   0.89592857   -5.6264664   0.90350901   -4.7229573 
   39000   0.59826969    0.9564888    1479.9851   0.89933335   -5.6525029    0.8967303   -4.7557726 
   40000   0.60910733   0.91491071    1486.7693   0.89522966   -5.6243331   0.91297455   -4.7113585 
   41000   0.62419833   0.89580151    1491.2693   0.89252827   -5.6095587   0.93559403   -4.6739647 
   42000   0.59292843    1.0604417    1484.3514   0.89668791   -5.6103028   0.88872443   -4.7215783 
   43000   0.59329958    0.8967008    1486.2705   0.89553013   -5.6341902   0.88928073   -4.7449095 
   44000   0.61196131   0.96910056    1488.7254   0.89405338   -5.6091092   0.91725229   -4.6918569 
   45000   0.61049476    1.1672059    1486.8194   0.89519948   -5.5770553   0.91505414   -4.6620012 
   46000   0.59880001    1.2334074    1480.0267   0.89930812   -5.6042542   0.89752519    -4.706729 
   47000   0.61509192    1.2184966    1476.7195   0.90132218   -5.6278374   0.92194468   -4.7058927 
   48000   0.59194705    1.0724331    1488.6566   0.89409473   -5.5873474   0.88725347   -4.7000939 
   49000   0.61443172   0.74639248    1497.1683   0.88901162   -5.5990917   0.92095513   -4.6781366 
   50000   0.60561337   0.89735866     1487.218   0.89495958   -5.6273142   0.90773754   -4.7195766 
Loop time of 39.5639 on 1 procs for 50000 steps with 1331 atoms

Performance: 436761.754 tau/day, 1263.778 timesteps/s
99.9% CPU use with 1 MPI tasks x no OpenMP threads

MPI task timing breakdown:
Section |  min time  |  avg time  |  max time  |%varavg| %total
---------------------------------------------------------------
Pair    | 31.987     | 31.987     | 31.987     |   0.0 | 80.85
Neigh   | 4.5583     | 4.5583     | 4.5583     |   0.0 | 11.52
Comm    | 0.73349    | 0.73349    | 0.73349    |   0.0 |  1.85
Output  | 0.026379   | 0.026379   | 0.026379   |   0.0 |  0.07
Modify  | 2.038      | 2.038      | 2.038      |   0.0 |  5.15
Other   |            | 0.2202     |            |       |  0.56

Nlocal:    1331 ave 1331 max 1331 min
Histogram: 1 0 0 0 0 0 0 0 0 0
Nghost:    3078 ave 3078 max 3078 min
Histogram: 1 0 0 0 0 0 0 0 0 0
Neighs:    52808 ave 52808 max 52808 min
Histogram: 1 0 0 0 0 0 0 0 0 0

Total # of neighbors = 52808
Ave neighs/atom = 39.6754
Neighbor list builds = 2500
Dangerous builds not checked

write_restart lattice_11_11_11__2_2_2/sim1/T_0.60__P_1.10/end1.restart
Total wall time: 0:00:39
