run 50000
Neighbor list info ...
  update every 20 steps, delay 0 steps, check no
  max neighbors/atom: 2000, page size: 100000
  master list distance cutoff = 2.8
  ghost atom cutoff = 2.8
  binsize = 1.4, bins = 20 20 20
  1 neighbor lists, perpetual/occasional/extra = 1 0 0
  (1) pair lj/cut, perpetual
      attributes: half, newton on
      pair build: half/bin/atomonly/newton
      stencil: half/bin/3d/newton
      bin: standard
Per MPI rank memory allocation (min/avg/max) = 2.748 | 2.748 | 2.748 Mbytes
Step Temp Press TotEng 
       0          0.8  0.046466972    1.1867694 
    1000   0.87711597    0.0410384   0.92376778 
    2000   0.80195035  0.032588433   0.69260349 
    3000   0.78683308  0.026673882   0.64050115 
    4000   0.80619408  0.029527621   0.65420233 
    5000   0.78104056  0.026162429   0.57467588 
    6000    0.8191896  0.029496132   0.58790588 
    7000   0.77187142  0.028987639   0.53320088 
    8000    0.8299178   0.03193615    0.5906234 
    9000   0.79971091  0.031241494   0.53821469 
   10000    0.8364088  0.028898354   0.61006892 
   11000   0.77351644  0.024145782   0.52178722 
   12000   0.81740908  0.027086727   0.58951934 
   13000   0.79389235  0.026762256   0.50467204 
   14000   0.78773459  0.026109166    0.5248904 
   15000   0.81301515  0.030414125   0.51163676 
   16000   0.79068384  0.024794586   0.49128586 
   17000   0.81064526  0.028910863   0.53394633 
   18000   0.83020096  0.026657946   0.57813786 
   19000   0.79117018   0.03013326    0.5155717 
   20000   0.82378177  0.031053755   0.57665053 
   21000   0.80958182  0.031000723   0.55276502 
   22000   0.79067225  0.028571645   0.54139882 
   23000   0.80145302  0.033328031   0.55464295 
   24000   0.77877737   0.02830468   0.47112196 
   25000   0.80295292  0.029773618   0.54823327 
   26000   0.80302011  0.031346444    0.5390038 
   27000   0.76239395  0.026291372   0.44493205 
   28000   0.78707848  0.027934156   0.53325744 
   29000   0.80764091  0.028538417   0.55290497 
   30000   0.77892136  0.031113828   0.49990106 
   31000   0.81801914  0.023932956   0.58899727 
   32000   0.78102287  0.027464264   0.55592035 
   33000   0.80684253  0.028688592   0.58124732 
   34000   0.81458939  0.029379773   0.57588383 
   35000   0.79861255  0.030251263   0.54493577 
   36000   0.81133175  0.032808654   0.56302215 
   37000   0.79084885  0.024758548   0.56683943 
   38000   0.77842918  0.031146013   0.52700502 
   39000    0.8075282   0.02422806   0.54653262 
   40000   0.79435577   0.02597948   0.53402828 
   41000   0.78128288  0.026992705   0.50568823 
   42000   0.79817032  0.026697785   0.53047887 
   43000   0.79843457  0.028515206   0.54653867 
   44000   0.78793684  0.029900362   0.51036231 
   45000   0.79808705  0.030215326   0.56078197 
   46000   0.80285827  0.032927124   0.57620052 
   47000   0.78111873  0.026046393    0.5438926 
   48000   0.79161124  0.028920097   0.54037222 
   49000   0.81040856  0.032907534   0.60498656 
   50000   0.77845942  0.033906107   0.55507232 
Loop time of 5.70292 on 1 procs for 50000 steps with 1331 atoms

Performance: 3030024.419 tau/day, 8767.432 timesteps/s
99.7% CPU use with 1 MPI tasks x no OpenMP threads

MPI task timing breakdown:
Section |  min time  |  avg time  |  max time  |%varavg| %total
---------------------------------------------------------------
Pair    | 3.243      | 3.243      | 3.243      |   0.0 | 56.87
Neigh   | 1.2458     | 1.2458     | 1.2458     |   0.0 | 21.84
Comm    | 0.27312    | 0.27312    | 0.27312    |   0.0 |  4.79
Output  | 0.02264    | 0.02264    | 0.02264    |   0.0 |  0.40
Modify  | 0.83963    | 0.83963    | 0.83963    |   0.0 | 14.72
Other   |            | 0.07876    |            |       |  1.38

Nlocal:    1331 ave 1331 max 1331 min
Histogram: 1 0 0 0 0 0 0 0 0 0
Nghost:    983 ave 983 max 983 min
Histogram: 1 0 0 0 0 0 0 0 0 0
Neighs:    4662 ave 4662 max 4662 min
Histogram: 1 0 0 0 0 0 0 0 0 0

Total # of neighbors = 4662
Ave neighs/atom = 3.50263
Neighbor list builds = 2500
Dangerous builds not checked

write_restart NVT/sim1/T_0.80__v_17.58/end1.restart
Total wall time: 0:00:05
