run 50000
Neighbor list info ...
  update every 20 steps, delay 0 steps, check no
  max neighbors/atom: 2000, page size: 100000
  master list distance cutoff = 2.8
  ghost atom cutoff = 2.8
  binsize = 1.4, bins = 15 15 15
  1 neighbor lists, perpetual/occasional/extra = 1 0 0
  (1) pair lj/cut, perpetual
      attributes: half, newton on
      pair build: half/bin/atomonly/newton
      stencil: half/bin/3d/newton
      bin: standard
Per MPI rank memory allocation (min/avg/max) = 2.75 | 2.75 | 2.75 Mbytes
Step Temp Press TotEng 
       0          0.8    0.0270548   0.91995982 
    1000   0.96213043  0.068516716   0.34101791 
    2000    0.8131176  0.029443478  -0.14474471 
    3000   0.79471015 0.0066335266  -0.40239032 
    4000   0.81927945   0.02789936  -0.55501854 
    5000   0.82420008  0.010939862  -0.75396083 
    6000    0.8027529 0.0083460168  -0.96678602 
    7000   0.79917514  0.014927216   -1.1580669 
    8000   0.79213248 -0.011265842    -1.277754 
    9000   0.81128109  0.017450625   -1.3459632 
   10000   0.82099195  0.015070098   -1.4190843 
   11000   0.79500938  0.010945027   -1.4991247 
   12000   0.80883904  0.019461032   -1.5172977 
   13000   0.82882256 -0.026991182   -1.6166809 
   14000   0.79280783 0.0030262231   -1.7087557 
   15000   0.81299542   0.01747615   -1.7857812 
   16000   0.80473817   -0.0208928   -1.8676808 
   17000   0.80476097 -0.010442018   -1.8939834 
   18000   0.76413418   0.03661602   -1.9900062 
   19000   0.78222247  0.016909347   -2.0064223 
   20000   0.80138998  -0.00585731   -2.0090204 
   21000   0.81409859 -0.0010927209   -1.9690701 
   22000   0.81939253 0.0058742323   -1.9027356 
   23000   0.80392324 0.0069181244   -2.0028628 
   24000    0.8014754  0.022608988   -2.0087451 
   25000   0.82240715  0.018125132   -1.9464173 
   26000   0.82302377  0.032667355   -1.9592713 
   27000   0.78925164  0.039728861   -2.0471092 
   28000   0.79037793 0.0037416454   -2.0216931 
   29000   0.78567709  0.020802963   -1.9823833 
   30000   0.79999802 -0.00060489652   -1.8779573 
   31000   0.82412014 0.0068918966   -1.9157856 
   32000   0.78274499  0.043137938   -1.9717325 
   33000   0.81028089  0.031474424   -1.8948404 
   34000   0.78513692 -0.0023323181   -1.9307673 
   35000   0.81276204  0.026458899   -1.9487086 
   36000   0.81654782 -0.0046310877   -1.8648488 
   37000   0.79184503 -0.0037001691   -1.9175915 
   38000   0.79509413   0.01888911   -1.9597362 
   39000   0.81013534  0.015341311   -1.8978811 
   40000   0.82218641   0.02887825   -1.8443116 
   41000   0.80163148 -0.011030878   -1.9533437 
   42000   0.83199954  0.052729243   -1.9420867 
   43000   0.80486639 0.0097582614   -1.8835555 
   44000   0.81791685  0.015609993    -1.818662 
   45000   0.79392219  0.013652278   -1.9167283 
   46000   0.81498833  0.014993954   -1.9453786 
   47000   0.80530809 -0.011742818   -2.0385833 
   48000   0.81040999 0.0045266608   -2.0030507 
   49000   0.79599091 -0.0030822839    -1.983569 
   50000   0.77232484  0.037448764   -2.0758042 
Loop time of 19.5064 on 1 procs for 50000 steps with 1331 atoms

Performance: 885861.917 tau/day, 2563.258 timesteps/s
99.9% CPU use with 1 MPI tasks x no OpenMP threads

MPI task timing breakdown:
Section |  min time  |  avg time  |  max time  |%varavg| %total
---------------------------------------------------------------
Pair    | 15.383     | 15.383     | 15.383     |   0.0 | 78.86
Neigh   | 2.9664     | 2.9664     | 2.9664     |   0.0 | 15.21
Comm    | 0.21497    | 0.21497    | 0.21497    |   0.0 |  1.10
Output  | 0.023422   | 0.023422   | 0.023422   |   0.0 |  0.12
Modify  | 0.84182    | 0.84182    | 0.84182    |   0.0 |  4.32
Other   |            | 0.07677    |            |       |  0.39

Nlocal:    1331 ave 1331 max 1331 min
Histogram: 1 0 0 0 0 0 0 0 0 0
Nghost:    549 ave 549 max 549 min
Histogram: 1 0 0 0 0 0 0 0 0 0
Neighs:    29462 ave 29462 max 29462 min
Histogram: 1 0 0 0 0 0 0 0 0 0

Total # of neighbors = 29462
Ave neighs/atom = 22.1352
Neighbor list builds = 2500
Dangerous builds not checked

write_restart NVT/sim1/T_0.80__v_5.83/end1.restart
Total wall time: 0:00:19
