run 50000
Neighbor list info ...
  update every 20 steps, delay 0 steps, check no
  max neighbors/atom: 2000, page size: 100000
  master list distance cutoff = 2.8
  ghost atom cutoff = 2.8
  binsize = 1.4, bins = 16 16 16
  1 neighbor lists, perpetual/occasional/extra = 1 0 0
  (1) pair lj/cut, perpetual
      attributes: half, newton on
      pair build: half/bin/atomonly/newton
      stencil: half/bin/3d/newton
      bin: standard
Per MPI rank memory allocation (min/avg/max) = 2.7 | 2.7 | 2.7 Mbytes
Step Temp Press Volume Density PotEng KinEng TotEng 
       0          1.8    0.1794208        10648        0.125  -0.13561964    2.6979715    2.5623518 
    1000    2.1194178   0.30911705    8336.8069   0.15965345  -0.85189311    3.1767382    2.3248451 
    2000    1.9019693   0.33000492    6987.1179   0.19049342   -1.0730058    2.8508105    1.7778047 
    3000    1.8174514    0.3625233    6020.9126   0.22106283   -1.2579738    2.7241288    1.4661551 
    4000    1.8238991   0.40834164    5331.9173   0.24962878   -1.4099708    2.7337932    1.3238223 
    5000    1.8138082   0.47174707    4897.7038      0.27176    -1.502572    2.7186682    1.2160962 
    6000    1.7920242   0.47432267    4597.3013   0.28951768   -1.5924511    2.6860167    1.0935656 
    7000    1.7986193   0.50366816    4377.2628    0.3040713   -1.6675166     2.695902    1.0283855 
    8000    1.7710982   0.55730282    4257.3274   0.31263746   -1.6941237    2.6546514   0.96052763 
    9000      1.81355   0.51063244    4241.2516   0.31382246   -1.7143299    2.7182811    1.0039512 
   10000    1.7599057   0.45922611    4317.3684   0.30828965   -1.6830402    2.6378752   0.95483501 
   11000    1.8828894   0.54917041    4221.6153   0.31528217   -1.7227154    2.8222122    1.0994968 
   12000    1.7437512   0.46713418    4361.0913   0.30519884     -1.68125    2.6136617   0.93241175 
   13000    1.8274093   0.51329531    4250.3831   0.31314824   -1.6981518    2.7390545    1.0409026 
   14000    1.7176381   0.52715869     4286.883     0.310482   -1.6531172    2.5745214   0.92140421 
   15000    1.9146224   0.53825408    4263.8086   0.31216223    -1.759483    2.8697759     1.110293 
   16000    1.7610943   0.47255822    4436.6068   0.30000405   -1.6508198    2.6396567   0.98883685 
   17000     1.831439   0.47008897    4341.3289   0.30658815   -1.6900151    2.7450945    1.0550794 
   18000    1.7855267    0.6099683    4066.5449   0.32730489   -1.7693807    2.6762779   0.90689719 
   19000      1.76402   0.55357211    4092.7447   0.32520963    -1.765204     2.644042   0.87883797 
   20000    1.7790725   0.44874569    4351.1891    0.3058934    -1.677665    2.6666037   0.98893875 
   21000    1.8302763   0.53462309    4373.7932   0.30431251   -1.6454052    2.7433518    1.0979467 
   22000     1.765173    0.4586375    4305.0044   0.30917506   -1.7326036    2.6457701   0.91316657 
   23000    1.8326448   0.55499752    4112.0932   0.32367943   -1.7372472    2.7469018    1.0096547 
   24000    1.7252177   0.48676817    4168.2577   0.31931807   -1.7707061    2.5858823   0.81517626 
   25000    1.8276993   0.47529872    4114.6573   0.32347773   -1.7771701    2.7394892   0.96231903 
   26000    1.7916957   0.49289049    4276.3617   0.31124589   -1.6595029    2.6855243    1.0260214 
   27000    1.8101711   0.43183458    4405.2347   0.30214054   -1.6942037    2.7132166    1.0190129 
   28000    1.8358098   0.58131318    4283.8653   0.31070071   -1.6675443    2.7516459    1.0841016 
   29000     1.739551   0.40179623    4277.4095   0.31116964   -1.7122952    2.6073661   0.89507083 
   30000     1.855181   0.44659539    4204.8627   0.31653828   -1.7615759    2.7806807    1.0191049 
   31000    1.7612445   0.45998423    4330.9314   0.30732419   -1.7289213    2.6398819   0.91096057 
   32000    1.8430899   0.44184471    4234.5761   0.31431717   -1.7388972    2.7625577    1.0236605 
   33000    1.7721739   0.56937592    4239.7476   0.31393378   -1.6947858    2.6562636   0.96147777 
   34000    1.8093552   0.58127678    4155.4314   0.32030369   -1.7394124    2.7119937   0.97258132 
   35000    1.7662415   0.48452126    4349.0013   0.30604728   -1.6614916    2.6473717   0.98588011 
   36000    1.8043976   0.53699101     4311.963   0.30867612   -1.6844539    2.7045629     1.020109 
   37000    1.8027932   0.53840773    4236.5069   0.31417392   -1.7411702    2.7021581   0.96098789 
   38000    1.7877789   0.54269043    4101.3355   0.32452844    -1.784329    2.6796536   0.89532463 
   39000    1.8277093   0.50395715    4167.3147   0.31939033   -1.7759228    2.7395042   0.96358148 
   40000    1.7652623   0.47314675     4258.736   0.31253405   -1.6843198     2.645904   0.96158419 
   41000    1.8007067   0.50471076    4483.0264   0.29689765   -1.6190153    2.6990308    1.0800155 
   42000    1.8335666   0.47941865    4496.4453   0.29601161   -1.6167665    2.7482835    1.1315169 
   43000    1.8206718   0.50874317    4258.1557   0.31257664   -1.7229088    2.7289559    1.0060471 
   44000    1.7670061   0.51893887    4243.4787   0.31365775   -1.7176266    2.6485178   0.93089119 
   45000     1.845298   0.61513366    4229.4158   0.31470068   -1.6796187    2.7658674    1.0862488 
   46000    1.7119099   0.38777877    4368.0473   0.30471282   -1.7013133    2.5659356   0.86462223 
   47000    1.8589749   0.61447434    4149.5399   0.32075845   -1.6853225    2.7863673    1.1010448 
   48000    1.7739116   0.47083171    4342.2899    0.3065203   -1.7230193    2.6588683   0.93584896 
   49000    1.8184897     0.565091    4297.0059   0.30975057   -1.6623893    2.7256851    1.0632958 
   50000    1.7913828   0.45193915    4320.8745    0.3080395   -1.6954742    2.6850553   0.98958114 
Loop time of 22.1704 on 1 procs for 50000 steps with 1331 atoms

Performance: 779416.280 tau/day, 2255.255 timesteps/s
99.8% CPU use with 1 MPI tasks x no OpenMP threads

MPI task timing breakdown:
Section |  min time  |  avg time  |  max time  |%varavg| %total
---------------------------------------------------------------
Pair    | 15.347     | 15.347     | 15.347     |   0.0 | 69.22
Neigh   | 3.5415     | 3.5415     | 3.5415     |   0.0 | 15.97
Comm    | 0.64188    | 0.64188    | 0.64188    |   0.0 |  2.90
Output  | 0.026974   | 0.026974   | 0.026974   |   0.0 |  0.12
Modify  | 2.4669     | 2.4669     | 2.4669     |   0.0 | 11.13
Other   |            | 0.1459     |            |       |  0.66

Nlocal:    1331 ave 1331 max 1331 min
Histogram: 1 0 0 0 0 0 0 0 0 0
Nghost:    1918 ave 1918 max 1918 min
Histogram: 1 0 0 0 0 0 0 0 0 0
Neighs:    18779 ave 18779 max 18779 min
Histogram: 1 0 0 0 0 0 0 0 0 0

Total # of neighbors = 18779
Ave neighs/atom = 14.1089
Neighbor list builds = 2500
Dangerous builds not checked

write_restart lattice_11_11_11__2_2_2/sim1/T_1.80__P_0.50/end1.restart
Total wall time: 0:00:22
