run 50000
Neighbor list info ...
  update every 20 steps, delay 0 steps, check no
  max neighbors/atom: 2000, page size: 100000
  master list distance cutoff = 2.8
  ghost atom cutoff = 2.8
  binsize = 1.4, bins = 13 13 13
  1 neighbor lists, perpetual/occasional/extra = 1 0 0
  (1) pair lj/cut, perpetual
      attributes: half, newton on
      pair build: half/bin/atomonly/newton
      stencil: half/bin/3d/newton
      bin: standard
Per MPI rank memory allocation (min/avg/max) = 2.742 | 2.742 | 2.742 Mbytes
Step Temp Press TotEng 
       0          0.7  -0.17576526    0.4041382 
    1000   0.91700926  0.063306708  -0.21544541 
    2000    0.7921118 -0.013865316  -0.79554135 
    3000   0.77681594 -0.011526111   -1.2376051 
    4000   0.77523653 -0.020063553   -1.6512617 
    5000    0.7107101 -0.068337079   -1.9970897 
    6000   0.69240837  -0.03115251   -2.2272252 
    7000   0.71012139  -0.06080217    -2.363398 
    8000   0.69120878 -0.062868005   -2.5116695 
    9000   0.70552908  0.012526014   -2.6049732 
   10000   0.68142249 -0.0092400628   -2.6800014 
   11000   0.69510448 -0.015071851   -2.7324558 
   12000   0.69467143   0.02460962   -2.7721306 
   13000   0.71244865 -0.040028955   -2.8051992 
   14000   0.68954341 0.0045962214   -2.8694063 
   15000    0.6965746 -0.047087315   -2.8410072 
   16000   0.71180171 0.0028376997    -2.809812 
   17000   0.71931689 0.0018364131   -2.8795096 
   18000   0.69999381 -0.025432395   -2.9225939 
   19000   0.71768044 -0.018033587   -2.8598454 
   20000   0.70873039  -0.02960378   -2.8771537 
   21000   0.68099103  0.038117357   -2.9167127 
   22000   0.70454943 -0.028543576   -2.8337604 
   23000   0.68928717  0.015690458   -2.8701939 
   24000   0.66407308 -0.0031858048   -2.9342982 
   25000   0.72083141 -0.041013748   -2.9061127 
   26000   0.71683205  -0.02504219   -2.8648918 
   27000   0.68908963 -0.014354981   -2.9062344 
   28000   0.68584339 -0.065065556   -2.9633398 
   29000   0.72160166 -0.013597144    -2.866171 
   30000   0.71838999 -0.025353875   -2.8753752 
   31000   0.71032854  -0.03562008   -2.9443333 
   32000   0.69883839 -0.028566907   -2.9475569 
   33000   0.70722139  0.028285519   -2.8531809 
   34000   0.67507446 -0.040208297   -2.9222769 
   35000   0.71864492 0.0049389872   -2.8950621 
   36000   0.72023951 0.0052737744   -2.8296646 
   37000   0.72346917 -0.028579647   -2.7666314 
   38000   0.71569536 -0.022690028   -2.8429273 
   39000   0.72215263 -0.0057228677   -2.8305477 
   40000   0.69921152 -0.025214977   -2.8443859 
   41000   0.70352977 -0.015630548   -2.9065775 
   42000   0.70818563 0.00023431595   -2.9270555 
   43000   0.68194211 -0.0079060252   -2.9567609 
   44000   0.67579454 -0.036851957   -2.9790609 
   45000   0.72808073  0.038134625   -2.8915805 
   46000   0.70004696 -0.0086184034   -2.9184003 
   47000   0.66785333 -0.022927294   -3.0045101 
   48000   0.67580054 -0.013306806   -3.0369108 
   49000   0.68328675  0.021916794   -2.9371033 
   50000   0.71871089 -0.034115737   -2.8689913 
Loop time of 23.9282 on 1 procs for 50000 steps with 1331 atoms

Performance: 722160.531 tau/day, 2089.585 timesteps/s
99.9% CPU use with 1 MPI tasks x no OpenMP threads

MPI task timing breakdown:
Section |  min time  |  avg time  |  max time  |%varavg| %total
---------------------------------------------------------------
Pair    | 19.325     | 19.325     | 19.325     |   0.0 | 80.76
Neigh   | 3.4263     | 3.4263     | 3.4263     |   0.0 | 14.32
Comm    | 0.23066    | 0.23066    | 0.23066    |   0.0 |  0.96
Output  | 0.024322   | 0.024322   | 0.024322   |   0.0 |  0.10
Modify  | 0.844      | 0.844      | 0.844      |   0.0 |  3.53
Other   |            | 0.07813    |            |       |  0.33

Nlocal:    1331 ave 1331 max 1331 min
Histogram: 1 0 0 0 0 0 0 0 0 0
Nghost:    756 ave 756 max 756 min
Histogram: 1 0 0 0 0 0 0 0 0 0
Neighs:    35037 ave 35037 max 35037 min
Histogram: 1 0 0 0 0 0 0 0 0 0

Total # of neighbors = 35037
Ave neighs/atom = 26.3238
Neighbor list builds = 2500
Dangerous builds not checked

write_restart NVT/sim1/T_0.70__v_4.10/end1.restart
Total wall time: 0:00:23
