run 50000
Neighbor list info ...
  update every 20 steps, delay 0 steps, check no
  max neighbors/atom: 2000, page size: 100000
  master list distance cutoff = 2.8
  ghost atom cutoff = 2.8
  binsize = 1.4, bins = 15 15 15
  1 neighbor lists, perpetual/occasional/extra = 1 0 0
  (1) pair lj/cut, perpetual
      attributes: half, newton on
      pair build: half/bin/atomonly/newton
      stencil: half/bin/3d/newton
      bin: standard
Per MPI rank memory allocation (min/avg/max) = 2.75 | 2.75 | 2.75 Mbytes
Step Temp Press TotEng 
       0          0.6 -0.0061952002   0.62018522 
    1000   0.83777263  0.017952217 0.0035701498 
    2000   0.69719551 -0.022075432  -0.58703279 
    3000     0.668984 -0.011309715    -1.049423 
    4000   0.68671737   0.00310292    -1.511745 
    5000   0.68210749 0.0082864861   -1.9334426 
    6000   0.63703176  0.010921917   -2.3192029 
    7000   0.60453873  0.030707587   -2.6118571 
    8000   0.58835331  0.014883578   -2.7835545 
    9000   0.61267163  0.046159036   -2.8776158 
   10000     0.608289 -0.030473008   -3.0064412 
   11000   0.60752602 0.0016448669   -3.1218225 
   12000   0.60531127 -0.018804736   -3.2117826 
   13000   0.61019195 -0.0055352474   -3.1994442 
   14000   0.58686074 0.0062049752    -3.160482 
   15000   0.61803382   0.01437996   -3.1651741 
   16000   0.59020961  0.014533886   -3.2224226 
   17000   0.60338103 -0.026149641    -3.215646 
   18000   0.57787134 -0.0059832615   -3.2192454 
   19000   0.59253804 -0.015300575   -3.2066661 
   20000   0.61862835 -0.037661812   -3.1634169 
   21000   0.60417099 -0.021003405      -3.1868 
   22000    0.5979979 -0.010798308   -3.2533632 
   23000   0.58722156 0.0019888364   -3.2298052 
   24000   0.61391209 -0.022895124   -3.1721305 
   25000   0.60478112  0.001512708   -3.2027552 
   26000   0.60357563  0.032164262   -3.2652684 
   27000   0.59993654 -0.011660088   -3.2343942 
   28000   0.59958395 -0.019626304   -3.1966528 
   29000   0.58884521 -0.0098716505   -3.2193066 
   30000   0.58818848  -0.03394321   -3.3040136 
   31000   0.57691036 -6.8439618e-06   -3.2940531 
   32000   0.62950809  0.021901012    -3.241684 
   33000   0.62797118 -0.013722652   -3.2778507 
   34000   0.60321386 -0.016986531   -3.3381439 
   35000   0.60298433  0.012400246    -3.388177 
   36000   0.59939579 -0.020125435   -3.4144965 
   37000   0.60439879  0.020356098   -3.3980705 
   38000   0.59630137  0.012631177    -3.363376 
   39000   0.61849702 -0.017696279   -3.4261454 
   40000     0.591693 -0.006687899   -3.4297217 
   41000   0.59419364 -0.030049365   -3.4337592 
   42000    0.5792069 -0.0079128956    -3.441297 
   43000   0.60510615  0.013359122   -3.4431759 
   44000    0.6010505 0.0038862043   -3.4685308 
   45000   0.61185174  0.003485545   -3.4868761 
   46000   0.58299253 -0.022427686    -3.518727 
   47000   0.59847357 -0.015214096   -3.4544694 
   48000   0.60498211 -0.0097134514   -3.4031059 
   49000   0.59987236  0.014291262   -3.4166204 
   50000   0.60795269  0.035198506   -3.4869153 
Loop time of 23.6306 on 1 procs for 50000 steps with 1331 atoms

Performance: 731256.306 tau/day, 2115.904 timesteps/s
99.9% CPU use with 1 MPI tasks x no OpenMP threads

MPI task timing breakdown:
Section |  min time  |  avg time  |  max time  |%varavg| %total
---------------------------------------------------------------
Pair    | 19.108     | 19.108     | 19.108     |   0.0 | 80.86
Neigh   | 3.2155     | 3.2155     | 3.2155     |   0.0 | 13.61
Comm    | 0.33988    | 0.33988    | 0.33988    |   0.0 |  1.44
Output  | 0.02359    | 0.02359    | 0.02359    |   0.0 |  0.10
Modify  | 0.84966    | 0.84966    | 0.84966    |   0.0 |  3.60
Other   |            | 0.09437    |            |       |  0.40

Nlocal:    1331 ave 1331 max 1331 min
Histogram: 1 0 0 0 0 0 0 0 0 0
Nghost:    1225 ave 1225 max 1225 min
Histogram: 1 0 0 0 0 0 0 0 0 0
Neighs:    37411 ave 37411 max 37411 min
Histogram: 1 0 0 0 0 0 0 0 0 0

Total # of neighbors = 37411
Ave neighs/atom = 28.1074
Neighbor list builds = 2500
Dangerous builds not checked

write_restart NVT/sim1/T_0.60__v_5.83/end1.restart
Total wall time: 0:00:23
