run 50000
Neighbor list info ...
  update every 20 steps, delay 0 steps, check no
  max neighbors/atom: 2000, page size: 100000
  master list distance cutoff = 2.8
  ghost atom cutoff = 2.8
  binsize = 1.4, bins = 16 16 16
  1 neighbor lists, perpetual/occasional/extra = 1 0 0
  (1) pair lj/cut, perpetual
      attributes: half, newton on
      pair build: half/bin/atomonly/newton
      stencil: half/bin/3d/newton
      bin: standard
Per MPI rank memory allocation (min/avg/max) = 2.7 | 2.7 | 2.7 Mbytes
Step Temp Press Volume Density PotEng KinEng TotEng 
       0          0.5  0.017042887        10648        0.125  -0.13561964   0.74943651   0.61381687 
    1000   0.86697922  0.057669266    6890.6327   0.19316078   -1.2514766    1.2994918   0.04801522 
    2000   0.77743734 -0.0044519785    4880.3582   0.27272588   -2.0719092    1.1652799  -0.90662932 
    3000   0.72398668  -0.06771604      3556.82   0.37421067   -2.9702954    1.0851641   -1.8851313 
    4000   0.70336158 -0.096632034    2681.7629   0.49631532   -3.8799113    1.0542497   -2.8256616 
    5000   0.62111376  -0.12070772    2103.5122   0.63275127   -4.5642409   0.93097066   -3.6332703 
    6000   0.56358597  0.025999227    1739.9029   0.76498522   -5.0999009   0.84474381   -4.2551571 
    7000   0.54027981   0.25074589     1532.835    0.8683257   -5.5225198   0.80981084    -4.712709 
    8000   0.48036898   0.30533701    1483.0576    0.8974702   -5.7482075   0.72001211   -5.0281954 
    9000   0.47640716   0.32590564    1470.2522   0.90528687   -5.8132878   0.71407384    -5.099214 
   10000   0.50025605   0.33027747    1485.4096   0.89604913   -5.7386658   0.74982031   -4.9888455 
   11000   0.52362525   0.26761812    1493.4045   0.89125218   -5.7152451   0.78484776   -4.9303973 
   12000   0.49741015   0.39026172    1483.8944    0.8969641   -5.7329352   0.74555466   -4.9873806 
   13000   0.50079584   0.14686105    1479.5985   0.89956835   -5.7927373   0.75062938    -5.042108 
   14000   0.48183704   0.23861503     1475.986   0.90177007    -5.791564   0.72221255   -5.0693514 
   15000   0.49927112   0.36011656    1476.7777   0.90128664   -5.7779315   0.74834401   -5.0295875 
   16000   0.51692035   0.24354149      1485.58   0.89594634   -5.7581903   0.77479797   -4.9833923 
   17000   0.50824642   0.36536728    1481.9056   0.89816785   -5.7414119   0.76179685   -4.9796151 
   18000   0.49231577   0.23394754    1481.2327   0.89857592   -5.7611559   0.73791883   -5.0232371 
   19000   0.51034639   0.31830388    1479.0764   0.89988589   -5.7803398   0.76494444   -5.0153953 
   20000   0.48944347   0.24045097    1482.4542   0.89783552   -5.7604012   0.73361361   -5.0267876 
   21000   0.48386909   0.10018734    1486.9864   0.89509895   -5.7584106   0.72525834   -5.0331523 
   22000   0.47805265   0.15117174    1488.4346   0.89422804   -5.7414101   0.71654022   -5.0248698 
   23000    0.4980451   0.19489273    1488.7841   0.89401812   -5.7382601   0.74650636   -4.9917537 
   24000   0.50009883   0.24601846    1483.1108   0.89743803   -5.7536767   0.74958465   -5.0040921 
   25000   0.49027643   0.27669354     1477.021   0.90113814    -5.785931   0.73486211   -5.0510689 
   26000    0.5000475    0.2572103     1481.237   0.89857326   -5.7692201   0.74950771   -5.0197124 
   27000    0.5040884   0.27026277     1486.452   0.89542075   -5.7392136   0.75556451   -4.9836491 
   28000   0.50179043   0.41333562    1482.7524    0.8976549   -5.7319441   0.75212014   -4.9798239 
   29000   0.50789115   0.36171049    1477.6783   0.90073732   -5.7730523   0.76126434   -5.0117879 
   30000   0.52061865   0.23889604    1472.9617   0.90362158   -5.8181247   0.78034125   -5.0377834 
   31000   0.51480676   0.21832249    1479.9378   0.89936209    -5.787374   0.77162997    -5.015744 
   32000   0.51496652   0.26514517    1484.6477     0.896509   -5.7588728   0.77186943   -4.9870034 
   33000   0.49794109   0.44192456    1478.7876   0.90006166   -5.7443066   0.74635047   -4.9979561 
   34000   0.50723691     0.333799    1477.0607   0.90111393   -5.7791548   0.76028372    -5.018871 
   35000   0.51725916   0.30194325    1477.6372   0.90076237   -5.7794302    0.7753058   -5.0041243 
   36000   0.50842927   0.37242551     1477.634   0.90076432    -5.769753   0.76207092   -5.0076821 
   37000    0.4919375   0.40551833    1477.6799   0.90073632   -5.7558997   0.73735184   -5.0185479 
   38000   0.50828514   0.27882945    1477.3374   0.90094518   -5.7861747   0.76185488   -5.0243198 
   39000   0.49241582   0.27547142    1475.5223   0.90205346   -5.7900047   0.73806879   -5.0519359 
   40000   0.50913506   0.29286083    1477.5166   0.90083591   -5.7788348   0.76312881    -5.015706 
   41000    0.5136399   0.37338362    1482.3146   0.89792002   -5.7478758   0.76988099   -4.9779948 
   42000    0.5140138   0.54144623    1471.7048    0.9043933   -5.7695883   0.77044142   -4.9991469 
   43000   0.50408112   0.32073767    1472.3849   0.90397557   -5.8008136   0.75555359     -5.04526 
   44000   0.50027459   0.30255319    1475.4576   0.90209303   -5.7948796   0.74984808   -5.0450315 
   45000   0.51518782   0.30918988    1478.1124   0.90047278   -5.7797639   0.77220113   -5.0075628 
   46000   0.49246827   0.45972369    1484.2413   0.89675448    -5.716927   0.73814741   -4.9787796 
   47000   0.50468287   0.41963236    1480.0069   0.89932011   -5.7444243   0.75645554   -4.9879687 
   48000   0.49222659   0.36940734     1477.549   0.90081618   -5.7669076   0.73778517   -5.0291224 
   49000   0.50402782   0.35811822     1483.232   0.89736469   -5.7439881   0.75547371   -4.9885144 
   50000   0.49279701   0.24821512    1492.6378   0.89170995   -5.7052225   0.73864014   -4.9665824 
Loop time of 37.8315 on 1 procs for 50000 steps with 1331 atoms

Performance: 456762.107 tau/day, 1321.650 timesteps/s
99.8% CPU use with 1 MPI tasks x no OpenMP threads

MPI task timing breakdown:
Section |  min time  |  avg time  |  max time  |%varavg| %total
---------------------------------------------------------------
Pair    | 30.539     | 30.539     | 30.539     |   0.0 | 80.72
Neigh   | 4.3876     | 4.3876     | 4.3876     |   0.0 | 11.60
Comm    | 0.70288    | 0.70288    | 0.70288    |   0.0 |  1.86
Output  | 0.024329   | 0.024329   | 0.024329   |   0.0 |  0.06
Modify  | 1.9958     | 1.9958     | 1.9958     |   0.0 |  5.28
Other   |            | 0.1823     |            |       |  0.48

Nlocal:    1331 ave 1331 max 1331 min
Histogram: 1 0 0 0 0 0 0 0 0 0
Nghost:    3076 ave 3076 max 3076 min
Histogram: 1 0 0 0 0 0 0 0 0 0
Neighs:    52497 ave 52497 max 52497 min
Histogram: 1 0 0 0 0 0 0 0 0 0

Total # of neighbors = 52497
Ave neighs/atom = 39.4418
Neighbor list builds = 2500
Dangerous builds not checked

write_restart lattice_11_11_11__2_2_2/sim1/T_0.50__P_0.30/end1.restart
Total wall time: 0:00:37
