run 50000
Neighbor list info ...
  update every 20 steps, delay 0 steps, check no
  max neighbors/atom: 2000, page size: 100000
  master list distance cutoff = 2.8
  ghost atom cutoff = 2.8
  binsize = 1.4, bins = 16 16 16
  1 neighbor lists, perpetual/occasional/extra = 1 0 0
  (1) pair lj/cut, perpetual
      attributes: half, newton on
      pair build: half/bin/atomonly/newton
      stencil: half/bin/3d/newton
      bin: standard
Per MPI rank memory allocation (min/avg/max) = 2.711 | 2.711 | 2.711 Mbytes
Step Temp Press TotEng 
       0          0.5 0.0032409442   0.55465496 
    1000   0.74336364   0.02128885 0.0077755412 
    2000   0.64748324 0.0072785654  -0.56604561 
    3000   0.62324054 -0.0067821144   -1.1137063 
    4000   0.62937106 -0.0056825128   -1.6524502 
    5000   0.58693674  -0.00794124   -2.1515433 
    6000   0.58288516 -0.024301089   -2.6182801 
    7000   0.52914906  -0.01114257   -3.0128045 
    8000   0.52416196 -0.012339317   -3.3311311 
    9000   0.48704043  0.015500244   -3.5641097 
   10000   0.48327706  0.029714982   -3.6754195 
   11000   0.51149343 -0.0063159947   -3.7341648 
   12000   0.49817946 -0.0069585412   -3.7794778 
   13000   0.49620708  0.028007042    -3.817559 
   14000   0.49358325 -0.015249445   -3.8833258 
   15000   0.49490561 -0.011217803   -3.9099541 
   16000   0.50700524 0.0063729129   -3.8553123 
   17000   0.50200902  0.012082987    -3.870976 
   18000   0.51410047 -0.014075279   -3.9377335 
   19000   0.50068754 0.0029485796   -4.0106741 
   20000   0.51075167 -0.016147908   -3.9780083 
   21000   0.50747014 -0.016640783   -3.9595162 
   22000   0.52984716 -0.013960012   -3.9784889 
   23000   0.51155524 0.00012123214   -4.0063003 
   24000   0.51335819  -0.01196529   -3.9762169 
   25000   0.49612953 -0.025332735   -3.9893091 
   26000   0.49551326 0.0056824061   -4.0244231 
   27000   0.48915163 -0.025381902   -3.9984339 
   28000   0.50685805 -0.014379681   -3.9468116 
   29000   0.52202237 0.0054804815   -3.9906011 
   30000   0.48050087  -0.01581978   -4.0183484 
   31000    0.5132483 -0.013908168   -3.9593599 
   32000   0.51083527 -0.0027801684   -3.9648956 
   33000   0.49414931 -0.0028546156   -4.0233132 
   34000   0.49313879  0.013696422   -4.0076105 
   35000   0.51642347  -0.01851804   -3.9594824 
   36000   0.48688003 -0.0024953085   -4.0206478 
   37000   0.50999653 -0.016285076   -4.0251884 
   38000   0.50715951 0.0085764388    -3.977477 
   39000   0.49991373 -0.027146503   -3.9474568 
   40000   0.49397912 -0.020437825   -3.9971429 
   41000   0.50330233 -0.025130687   -4.0452848 
   42000   0.48872217 -0.028829514   -4.0379968 
   43000   0.49264244 -0.010860745   -4.0201889 
   44000   0.50867188 0.0030707194   -4.0279572 
   45000   0.46928378 -0.034668956   -4.0718096 
   46000    0.4989161 -0.044419786   -4.0111231 
   47000   0.49134139 -0.021613064   -3.9924814 
   48000   0.48576949  0.012567603   -4.0113728 
   49000   0.49425285  -0.03305674   -4.0579112 
   50000   0.49996785 0.0045616899    -4.020216 
Loop time of 25.9034 on 1 procs for 50000 steps with 1331 atoms

Performance: 667093.847 tau/day, 1930.248 timesteps/s
99.9% CPU use with 1 MPI tasks x no OpenMP threads

MPI task timing breakdown:
Section |  min time  |  avg time  |  max time  |%varavg| %total
---------------------------------------------------------------
Pair    | 20.918     | 20.918     | 20.918     |   0.0 | 80.75
Neigh   | 3.3964     | 3.3964     | 3.3964     |   0.0 | 13.11
Comm    | 0.59669    | 0.59669    | 0.59669    |   0.0 |  2.30
Output  | 0.024702   | 0.024702   | 0.024702   |   0.0 |  0.10
Modify  | 0.84615    | 0.84615    | 0.84615    |   0.0 |  3.27
Other   |            | 0.122      |            |       |  0.47

Nlocal:    1331 ave 1331 max 1331 min
Histogram: 1 0 0 0 0 0 0 0 0 0
Nghost:    2793 ave 2793 max 2793 min
Histogram: 1 0 0 0 0 0 0 0 0 0
Neighs:    39595 ave 39595 max 39595 min
Histogram: 1 0 0 0 0 0 0 0 0 0

Total # of neighbors = 39595
Ave neighs/atom = 29.7483
Neighbor list builds = 2500
Dangerous builds not checked

write_restart NVT/sim1/T_0.50__v_6.86/end1.restart
Total wall time: 0:00:25
