run 50000
Neighbor list info ...
  update every 20 steps, delay 0 steps, check no
  max neighbors/atom: 2000, page size: 100000
  master list distance cutoff = 2.8
  ghost atom cutoff = 2.8
  binsize = 1.4, bins = 20 20 20
  1 neighbor lists, perpetual/occasional/extra = 1 0 0
  (1) pair lj/cut, perpetual
      attributes: half, newton on
      pair build: half/bin/atomonly/newton
      stencil: half/bin/3d/newton
      bin: standard
Per MPI rank memory allocation (min/avg/max) = 2.724 | 2.724 | 2.724 Mbytes
Step Temp Press TotEng 
       0          1.5  0.099123252    2.2359805 
    1000    1.5511268  0.090685581    1.9237921 
    2000    1.4536755  0.094030879    1.7840129 
    3000    1.5242812  0.090344132    1.8930683 
    4000    1.4610196  0.083944265    1.7574657 
    5000    1.5406458   0.08867129    1.9005583 
    6000    1.4310484  0.081470962     1.719602 
    7000    1.5386117  0.098672641      1.87369 
    8000    1.4468288  0.081543135    1.7514394 
    9000    1.5205737  0.095720286    1.8679531 
   10000    1.4847315  0.094820034    1.8194077 
   11000    1.5475427  0.092962382    1.9164338 
   12000    1.4811039  0.086469098    1.7773703 
   13000    1.5062835  0.092680848    1.8396676 
   14000    1.4869508  0.087507785    1.7959754 
   15000    1.4850381  0.086204923    1.8008556 
   16000    1.5107071  0.092958865    1.8349349 
   17000    1.5016029  0.087753987    1.8274854 
   18000    1.5305345  0.090209416    1.8440805 
   19000    1.4861629  0.090511743    1.8010507 
   20000    1.5538438  0.094097075    1.8967521 
   21000    1.4558829  0.087337751    1.7553854 
   22000    1.5104298  0.095926385     1.865607 
   23000    1.4456387  0.077891492    1.7110448 
   24000    1.5093687   0.10115466    1.8381377 
   25000    1.4745004  0.084873554    1.7740798 
   26000    1.5357279  0.089279639     1.882883 
   27000    1.4866405  0.091753228    1.7946415 
   28000    1.5109011  0.089471226    1.8329861 
   29000    1.4784406  0.090799988    1.7982405 
   30000    1.5273134  0.091046789    1.8431878 
   31000    1.5034289  0.090925773    1.8205328 
   32000    1.4709886   0.08549339    1.7835405 
   33000    1.5346516  0.095002858    1.8835435 
   34000    1.4606519  0.089000892    1.7586129 
   35000    1.5134284   0.08907496    1.8386269 
   36000    1.5237221  0.086809989     1.862234 
   37000    1.4781318  0.099111273    1.7889004 
   38000     1.524893  0.097187829    1.8731866 
   39000    1.4439453  0.084436613    1.7595947 
   40000    1.5102878  0.090938905    1.8503588 
   41000    1.4973106  0.089077902    1.8254509 
   42000    1.4571267  0.084357775    1.7656015 
   43000     1.552253  0.088715906    1.9001095 
   44000     1.461951  0.090152559    1.7840674 
   45000    1.5912516  0.099116394    1.9660077 
   46000     1.494916  0.090067119    1.7968329 
   47000    1.5216378   0.08870646    1.8683121 
   48000    1.5091074  0.094083416    1.8534654 
   49000    1.4864906   0.08459905    1.8119215 
   50000    1.5608693   0.09044293     1.917432 
Loop time of 5.58848 on 1 procs for 50000 steps with 1331 atoms

Performance: 3092073.523 tau/day, 8946.972 timesteps/s
99.7% CPU use with 1 MPI tasks x no OpenMP threads

MPI task timing breakdown:
Section |  min time  |  avg time  |  max time  |%varavg| %total
---------------------------------------------------------------
Pair    | 3.0657     | 3.0657     | 3.0657     |   0.0 | 54.86
Neigh   | 1.295      | 1.295      | 1.295      |   0.0 | 23.17
Comm    | 0.28479    | 0.28479    | 0.28479    |   0.0 |  5.10
Output  | 0.021884   | 0.021884   | 0.021884   |   0.0 |  0.39
Modify  | 0.84049    | 0.84049    | 0.84049    |   0.0 | 15.04
Other   |            | 0.08064    |            |       |  1.44

Nlocal:    1331 ave 1331 max 1331 min
Histogram: 1 0 0 0 0 0 0 0 0 0
Nghost:    1015 ave 1015 max 1015 min
Histogram: 1 0 0 0 0 0 0 0 0 0
Neighs:    4337 ave 4337 max 4337 min
Histogram: 1 0 0 0 0 0 0 0 0 0

Total # of neighbors = 4337
Ave neighs/atom = 3.25845
Neighbor list builds = 2500
Dangerous builds not checked

write_restart NVT/sim1/T_1.50__v_15.62/end1.restart
Total wall time: 0:00:05
