run 50000
Neighbor list info ...
  update every 20 steps, delay 0 steps, check no
  max neighbors/atom: 2000, page size: 100000
  master list distance cutoff = 2.8
  ghost atom cutoff = 2.8
  binsize = 1.4, bins = 9 9 9
  1 neighbor lists, perpetual/occasional/extra = 1 0 0
  (1) pair lj/cut, perpetual
      attributes: half, newton on
      pair build: half/bin/atomonly/newton
      stencil: half/bin/3d/newton
      bin: standard
Per MPI rank memory allocation (min/avg/max) = 2.73 | 2.73 | 2.73 Mbytes
Step Temp Press TotEng 
       0          0.8    12.931379   -1.5199727 
    1000    1.1107653      1.71862   -2.7853665 
    2000   0.79376571   0.40285938   -3.4913778 
    3000   0.76887529  0.079569224   -3.6023654 
    4000   0.86271216   0.35363123   -3.4174733 
    5000   0.78128558   0.36534247   -3.5352715 
    6000   0.77376636   0.32494552   -3.5410255 
    7000   0.83285422   0.46841704   -3.4251114 
    8000   0.76800204   0.23053765   -3.5532135 
    9000   0.80051447   0.32786302   -3.5190917 
   10000   0.80756443   0.56896646   -3.4520905 
   11000   0.77740105   0.24514155   -3.5562041 
   12000   0.80600351   0.31720986   -3.5064453 
   13000   0.81249131   0.43126422   -3.4766989 
   14000   0.75874357   0.31591061    -3.564581 
   15000   0.81361905    0.4395776   -3.4703585 
   16000   0.80332654   0.31369999   -3.5016785 
   17000   0.77844067   0.25589351    -3.541609 
   18000    0.8072152   0.48085419   -3.4636132 
   19000   0.78033377   0.40192745   -3.5175532 
   20000   0.79068318    0.3602348   -3.5270814 
   21000   0.81383052   0.48994913   -3.4625339 
   22000   0.78875738   0.30811946   -3.5295767 
   23000    0.7867626   0.40840855   -3.4968538 
   24000   0.80606121   0.36223955   -3.4761512 
   25000   0.78854924   0.25937693   -3.5539854 
   26000   0.80213855     0.279655   -3.5055881 
   27000   0.80903279   0.36124681   -3.4922694 
   28000   0.77320402   0.24201303   -3.5582758 
   29000   0.80624395   0.37215126   -3.4826541 
   30000    0.7953497   0.33139467   -3.5074103 
   31000   0.80913864    0.2374266    -3.515078 
   32000   0.79620496   0.31598246   -3.5131193 
   33000   0.79157043   0.32619907   -3.5171662 
   34000   0.80102183    0.3740192   -3.4948891 
   35000   0.82094291   0.24744096   -3.4844873 
   36000   0.77490512   0.25758737   -3.5569758 
   37000   0.83862617   0.28027512   -3.4628071 
   38000   0.77940984   0.41700178   -3.5157811 
   39000   0.80376388    0.4657084   -3.4988375 
   40000   0.84742678   0.32350061   -3.4441972 
   41000   0.78304485   0.36630042   -3.5120463 
   42000   0.79539315    0.3146046    -3.514984 
   43000   0.81375448   0.46364163   -3.4550155 
   44000   0.81539613  0.027902184    -3.528686 
   45000   0.81357419   0.42288795   -3.4803689 
   46000   0.81376261   0.34673745   -3.4867936 
   47000   0.78769231   0.20711109   -3.5388164 
   48000   0.81511615   0.40482434   -3.4685308 
   49000   0.80407847   0.27532943   -3.5054854 
   50000   0.79289575   0.34035383   -3.5101309 
Loop time of 33.6151 on 1 procs for 50000 steps with 1331 atoms

Performance: 514054.899 tau/day, 1487.427 timesteps/s
99.9% CPU use with 1 MPI tasks x no OpenMP threads

MPI task timing breakdown:
Section |  min time  |  avg time  |  max time  |%varavg| %total
---------------------------------------------------------------
Pair    | 27.572     | 27.572     | 27.572     |   0.0 | 82.02
Neigh   | 4.3586     | 4.3586     | 4.3586     |   0.0 | 12.97
Comm    | 0.67991    | 0.67991    | 0.67991    |   0.0 |  2.02
Output  | 0.025726   | 0.025726   | 0.025726   |   0.0 |  0.08
Modify  | 0.84629    | 0.84629    | 0.84629    |   0.0 |  2.52
Other   |            | 0.1323     |            |       |  0.39

Nlocal:    1331 ave 1331 max 1331 min
Histogram: 1 0 0 0 0 0 0 0 0 0
Nghost:    2826 ave 2826 max 2826 min
Histogram: 1 0 0 0 0 0 0 0 0 0
Neighs:    45719 ave 45719 max 45719 min
Histogram: 1 0 0 0 0 0 0 0 0 0

Total # of neighbors = 45719
Ave neighs/atom = 34.3494
Neighbor list builds = 2500
Dangerous builds not checked

write_restart NVT/sim1/T_0.80__v_1.00/end1.restart
Total wall time: 0:00:33
