run 50000
Neighbor list info ...
  update every 20 steps, delay 0 steps, check no
  max neighbors/atom: 2000, page size: 100000
  master list distance cutoff = 2.8
  ghost atom cutoff = 2.8
  binsize = 1.4, bins = 19 19 19
  1 neighbor lists, perpetual/occasional/extra = 1 0 0
  (1) pair lj/cut, perpetual
      attributes: half, newton on
      pair build: half/bin/atomonly/newton
      stencil: half/bin/3d/newton
      bin: standard
Per MPI rank memory allocation (min/avg/max) = 2.717 | 2.717 | 2.717 Mbytes
Step Temp Press TotEng 
       0          1.9   0.13271924    2.8232441 
    1000    1.9253713   0.13466943    2.4755016 
    2000    1.8623532   0.14814792    2.3703665 
    3000    1.9417457    0.1452771    2.4901233 
    4000    1.8428152   0.12397544    2.3240622 
    5000    1.9816477   0.13631579    2.5295242 
    6000      1.85484   0.13423346    2.3771833 
    7000    1.9728351   0.13816035    2.5107861 
    8000     1.844303    0.1348479    2.3457701 
    9000    1.9117229   0.13763627    2.4539676 
   10000     1.863911   0.12953135    2.3403741 
   11000    1.8755729   0.12395087    2.3663345 
   12000     1.934047   0.14127081    2.4786291 
   13000    1.8348237   0.13478467     2.331786 
   14000    1.9432676   0.14526351    2.5116773 
   15000    1.8789504   0.13403531    2.3666298 
   16000    1.9883629   0.14554003    2.5389749 
   17000    1.8616529   0.13447414    2.3586552 
   18000    1.9346416   0.14646996    2.4742546 
   19000    1.8326812   0.12717801    2.3267165 
   20000    1.9193891   0.13987016    2.4714283 
   21000     1.886298   0.12824253     2.386034 
   22000    1.9312921   0.13345651    2.4570674 
   23000    1.9246504   0.13913718    2.4362604 
   24000    1.8796788   0.13637936    2.4043264 
   25000    1.9215894   0.14347127    2.4523193 
   26000    1.8368428   0.13863787     2.323962 
   27000    1.9348457   0.14409862    2.4712162 
   28000    1.8658895   0.13362431    2.3727478 
   29000     1.983206   0.13695346    2.5380595 
   30000    1.8595724   0.12637206     2.358332 
   31000     1.931684   0.14561325    2.4771554 
   32000    1.8818856   0.14474889    2.4197378 
   33000    1.9135013   0.13109722    2.4221933 
   34000    1.9302712   0.12478615    2.4397332 
   35000    1.8732789   0.12978339    2.3693272 
   36000    1.9531467    0.1369642    2.4875239 
   37000    1.8497969    0.1320461      2.34727 
   38000    1.9124205    0.1335761    2.4067108 
   39000    1.9171383   0.13128745    2.4419582 
   40000    1.8705809   0.12730959    2.3820181 
   41000    1.9446637   0.13483815    2.5009081 
   42000    1.8166669   0.13872978    2.3162315 
   43000    1.9226261   0.13564144    2.4629922 
   44000    1.8731336   0.14369193    2.3942301 
   45000    1.9212097   0.13736639    2.4605841 
   46000    1.9185559   0.13945272    2.4211891 
   47000    1.8991919   0.13701306    2.4055546 
   48000    1.8844977   0.14122804    2.4048288 
   49000    1.8659164   0.13002977    2.3743504 
   50000    1.9186228   0.13608164    2.4404273 
Loop time of 6.09319 on 1 procs for 50000 steps with 1331 atoms

Performance: 2835951.320 tau/day, 8205.878 timesteps/s
99.7% CPU use with 1 MPI tasks x no OpenMP threads

MPI task timing breakdown:
Section |  min time  |  avg time  |  max time  |%varavg| %total
---------------------------------------------------------------
Pair    | 3.4078     | 3.4078     | 3.4078     |   0.0 | 55.93
Neigh   | 1.4206     | 1.4206     | 1.4206     |   0.0 | 23.32
Comm    | 0.31068    | 0.31068    | 0.31068    |   0.0 |  5.10
Output  | 0.022642   | 0.022642   | 0.022642   |   0.0 |  0.37
Modify  | 0.84567    | 0.84567    | 0.84567    |   0.0 | 13.88
Other   |            | 0.08579    |            |       |  1.41

Nlocal:    1331 ave 1331 max 1331 min
Histogram: 1 0 0 0 0 0 0 0 0 0
Nghost:    1061 ave 1061 max 1061 min
Histogram: 1 0 0 0 0 0 0 0 0 0
Neighs:    4714 ave 4714 max 4714 min
Histogram: 1 0 0 0 0 0 0 0 0 0

Total # of neighbors = 4714
Ave neighs/atom = 3.5417
Neighbor list builds = 2500
Dangerous builds not checked

write_restart NVT/sim1/T_1.90__v_13.82/end1.restart
Total wall time: 0:00:06
