run 50000
Neighbor list info ...
  update every 20 steps, delay 0 steps, check no
  max neighbors/atom: 2000, page size: 100000
  master list distance cutoff = 2.8
  ghost atom cutoff = 2.8
  binsize = 1.4, bins = 16 16 16
  1 neighbor lists, perpetual/occasional/extra = 1 0 0
  (1) pair lj/cut, perpetual
      attributes: half, newton on
      pair build: half/bin/atomonly/newton
      stencil: half/bin/3d/newton
      bin: standard
Per MPI rank memory allocation (min/avg/max) = 2.711 | 2.711 | 2.711 Mbytes
Step Temp Press TotEng 
       0          1.6   0.16121525    2.2034153 
    1000    1.6629011   0.22374547    1.6952754 
    2000    1.5521166   0.17693682    1.4375707 
    3000    1.6341775   0.20946002    1.6248913 
    4000    1.5614244   0.18435938     1.503494 
    5000    1.6309943   0.19141327    1.5455162 
    6000    1.5801048     0.193217    1.5014588 
    7000    1.5880515   0.19957899    1.5427855 
    8000    1.5835382   0.16843907    1.5165831 
    9000    1.5956543   0.20283594     1.553159 
   10000    1.6254078   0.19377774    1.5738393 
   11000    1.5816259   0.18175279    1.5203672 
   12000     1.620166   0.21044776    1.5501385 
   13000    1.5518215   0.18104985    1.4903858 
   14000    1.6053399   0.19692058    1.5783278 
   15000    1.5826993   0.18336246    1.5106136 
   16000    1.6204959   0.19300973    1.5683004 
   17000    1.5874572   0.18854465    1.5181662 
   18000    1.6063893   0.19017188    1.5186069 
   19000    1.5981732   0.19147503    1.5588878 
   20000    1.6270982   0.18145125    1.5626912 
   21000    1.5607936   0.19192131    1.4924317 
   22000    1.6191973   0.20315678    1.5963642 
   23000    1.5962087   0.18635231    1.5480732 
   24000    1.5856586   0.18941686    1.5398546 
   25000    1.5814153    0.1789086    1.4990606 
   26000    1.6134714   0.20350259    1.6054904 
   27000    1.5390115   0.16295983    1.4157451 
   28000    1.6001752   0.19886976    1.5503822 
   29000    1.5826091   0.16833269    1.5243742 
   30000    1.5376355   0.19874229    1.4374446 
   31000    1.6228939   0.20621332    1.5688442 
   32000    1.5872694   0.19114019    1.5145681 
   33000    1.6436099   0.20790406     1.617582 
   34000    1.5871804   0.18643374     1.540481 
   35000    1.6343895   0.20642058    1.5926999 
   36000     1.561429   0.18157886    1.4759108 
   37000    1.6489355   0.21154393    1.6308753 
   38000    1.6014803   0.18003781    1.5419191 
   39000    1.5841469    0.1968402    1.5327515 
   40000    1.6846671   0.19604287    1.6822856 
   41000    1.5872067   0.20267248    1.5080899 
   42000    1.6407678    0.1866549    1.6052942 
   43000    1.5532854   0.20591581    1.4714345 
   44000    1.5865095   0.21348018    1.5472157 
   45000    1.6149801   0.18353018      1.55509 
   46000    1.5544718    0.1838234    1.4827556 
   47000    1.6181805   0.18012029    1.5451495 
   48000    1.6268432   0.21188387    1.5823473 
   49000    1.5958558   0.21245671    1.5407804 
   50000    1.6149659   0.20904486    1.5358209 
Loop time of 9.47941 on 1 procs for 50000 steps with 1331 atoms

Performance: 1822897.626 tau/day, 5274.588 timesteps/s
99.7% CPU use with 1 MPI tasks x no OpenMP threads

MPI task timing breakdown:
Section |  min time  |  avg time  |  max time  |%varavg| %total
---------------------------------------------------------------
Pair    | 6.1066     | 6.1066     | 6.1066     |   0.0 | 64.42
Neigh   | 2.0332     | 2.0332     | 2.0332     |   0.0 | 21.45
Comm    | 0.37805    | 0.37805    | 0.37805    |   0.0 |  3.99
Output  | 0.022984   | 0.022984   | 0.022984   |   0.0 |  0.24
Modify  | 0.84499    | 0.84499    | 0.84499    |   0.0 |  8.91
Other   |            | 0.09358    |            |       |  0.99

Nlocal:    1331 ave 1331 max 1331 min
Histogram: 1 0 0 0 0 0 0 0 0 0
Nghost:    1268 ave 1268 max 1268 min
Histogram: 1 0 0 0 0 0 0 0 0 0
Neighs:    9318 ave 9318 max 9318 min
Histogram: 1 0 0 0 0 0 0 0 0 0

Total # of neighbors = 9318
Ave neighs/atom = 7.00075
Neighbor list builds = 2500
Dangerous builds not checked

write_restart NVT/sim1/T_1.60__v_6.86/end1.restart
Total wall time: 0:00:09
