run 50000
Neighbor list info ...
  update every 20 steps, delay 0 steps, check no
  max neighbors/atom: 2000, page size: 100000
  master list distance cutoff = 2.8
  ghost atom cutoff = 2.8
  binsize = 1.4, bins = 16 16 16
  1 neighbor lists, perpetual/occasional/extra = 1 0 0
  (1) pair lj/cut, perpetual
      attributes: half, newton on
      pair build: half/bin/atomonly/newton
      stencil: half/bin/3d/newton
      bin: standard
Per MPI rank memory allocation (min/avg/max) = 2.7 | 2.7 | 2.7 Mbytes
Step Temp Press Volume Density PotEng KinEng TotEng 
       0          1.4   0.12945836        10648        0.125  -0.13561964    2.0984222    1.9628026 
    1000    1.8484844   0.30058602    7121.9584    0.1868868   -1.0150579    2.7706433    1.7555855 
    2000    1.6026614   0.32934551    5404.2513   0.24628759   -1.3808496     2.402186    1.0213363 
    3000    1.4838621   0.30592653    4288.9389   0.31033317   -1.7830362    2.2241208   0.44108464 
    4000    1.4468392   0.30939457    3543.7339   0.37559254   -2.1435551    2.1686283  0.025073155 
    5000    1.3987334   0.56496598    3027.2539    0.4396724   -2.4320538    2.0965237  -0.33553011 
    6000    1.4206301   0.55915832    2681.1504    0.4964287   -2.7973961    2.1293441  -0.66805195 
    7000     1.385793   0.70313325    2469.5563   0.53896322   -3.0155595    2.0771277  -0.93843182 
    8000    1.4014361   0.68185992    2354.0488   0.56540885   -3.2043744    2.1005747   -1.1037997 
    9000    1.3925478   0.73162417    2297.6012   0.57929984   -3.2589194    2.0872523   -1.1716671 
   10000    1.3836978   0.84208966    2320.2942   0.57363415   -3.2183801    2.0739873   -1.1443928 
   11000    1.3983405   0.92879407    2342.1397   0.56828378   -3.1631021    2.0959349   -1.0671672 
   12000    1.4084686   0.73365442    2329.6781   0.57132358   -3.2319584    2.1111156   -1.1208428 
   13000      1.37388   0.80259994    2322.7437   0.57302921   -3.2137681    2.0592717   -1.1544963 
   14000    1.3983284   0.90300125      2321.99   0.57321521   -3.1911535    2.0959167   -1.0952368 
   15000    1.4378711   0.86555234    2301.9816   0.57819749   -3.2567192    2.1551863    -1.101533 
   16000    1.3964448   0.87960674    2302.7246   0.57801093   -3.2417192    2.0930935   -1.1486257 
   17000    1.3585373    0.6384682    2345.9042   0.56737185   -3.1986361     2.036275   -1.1623611 
   18000    1.3803747    0.7779016    2365.1406   0.56275724   -3.1717511    2.0690065   -1.1027446 
   19000    1.4705597   0.97026189    2334.5766   0.57012479   -3.1771791    2.2041823  -0.97299678 
   20000    1.4198697   0.83300754    2345.3777   0.56749921   -3.2114997    2.1282044   -1.0832953 
   21000    1.3941929   0.84669035    2328.3663   0.57164544   -3.2190311    2.0897181   -1.1293131 
   22000    1.4247879   0.81320837      2323.73     0.572786   -3.2333603    2.1355762   -1.0977842 
   23000    1.4175011   0.64410661     2281.319   0.58343442    -3.346038    2.1246542   -1.2213838 
   24000    1.3575148   0.72671415    2259.5382   0.58905841    -3.351345    2.0347423   -1.3166028 
   25000    1.3798399   0.92985297     2280.742     0.583582   -3.2526281    2.0682048   -1.1844233 
   26000    1.4517976   0.81881333    2332.6824   0.57058776    -3.221642    2.1760602   -1.0455818 
   27000    1.3866525   0.70329561    2347.7825   0.56691794   -3.1957186     2.078416   -1.1173026 
   28000    1.3742649   0.73560007    2279.4712   0.58390735   -3.2898745    2.0598486   -1.2300259 
   29000    1.3836093    0.9641623    2293.6932   0.58028684   -3.2246023    2.0738547   -1.1507476 
   30000    1.4283204   0.69940862    2337.3889   0.56943884   -3.2295947    2.1408709   -1.0887238 
   31000    1.3592107   0.73151092    2367.2703   0.56225096   -3.1484056    2.0372843   -1.1111213 
   32000     1.377486   0.72079578    2344.4118   0.56773303   -3.1955351    2.0646766   -1.1308586 
   33000    1.4705007   0.83946067    2299.0266   0.57894067   -3.2282332    2.2040939   -1.0241394 
   34000    1.4771799   0.69353877    2369.9426   0.56161698    -3.180921    2.2141051  -0.96681583 
   35000    1.3949498   0.66595874    2383.2789   0.55847428   -3.1689032    2.0908527   -1.0780506 
   36000    1.3836781   0.77946787    2338.4434   0.56918205   -3.1843808    2.0739578    -1.110423 
   37000    1.3931151   0.94495673    2298.3223   0.57911809   -3.2371839    2.0881027   -1.1490812 
   38000    1.3789743   0.82938795    2319.1755   0.57391085   -3.2335626    2.0669074   -1.1666552 
   39000    1.4220514   0.74940157    2350.2256   0.56632861   -3.1872933    2.1314745   -1.0558188 
   40000    1.4062469   0.72309052     2362.073   0.56348808   -3.1855705    2.1077856   -1.0777849 
   41000    1.4232698   0.80175331    2297.6096   0.57929771    -3.261211    2.1333006   -1.1279103 
   42000     1.411194   0.93696836    2290.9086    0.5809922   -3.2341129    2.1152007   -1.1189122 
   43000    1.4001724   0.68314361    2383.4928   0.55842417   -3.1741658    2.0986807   -1.0754852 
   44000    1.3865106   0.85360059    2386.1799   0.55779533   -3.1194927    2.0782034   -1.0412892 
   45000    1.4404081     1.042107    2292.2505   0.58065208   -3.2184993    2.1589889   -1.0595104 
   46000    1.3988291   0.75280842    2308.7978   0.57649049   -3.2589064    2.0966672   -1.1622392 
   47000    1.4266233   0.67502062    2343.6019   0.56792923   -3.2153865    2.1383272   -1.0770593 
   48000    1.3992116   0.83338879    2389.8652   0.55693519   -3.1188507    2.0972405   -1.0216103 
   49000    1.3709925   0.92558163     2305.147   0.57740352   -3.2084723    2.0549437   -1.1535286 
   50000    1.3290008   0.83255299    2328.8761   0.57152031   -3.1864333    1.9920035   -1.1944298 
Loop time of 32.0706 on 1 procs for 50000 steps with 1331 atoms

Performance: 538811.280 tau/day, 1559.060 timesteps/s
99.9% CPU use with 1 MPI tasks x no OpenMP threads

MPI task timing breakdown:
Section |  min time  |  avg time  |  max time  |%varavg| %total
---------------------------------------------------------------
Pair    | 24.529     | 24.529     | 24.529     |   0.0 | 76.49
Neigh   | 4.3031     | 4.3031     | 4.3031     |   0.0 | 13.42
Comm    | 0.74506    | 0.74506    | 0.74506    |   0.0 |  2.32
Output  | 0.02702    | 0.02702    | 0.02702    |   0.0 |  0.08
Modify  | 2.3128     | 2.3128     | 2.3128     |   0.0 |  7.21
Other   |            | 0.1534     |            |       |  0.48

Nlocal:    1331 ave 1331 max 1331 min
Histogram: 1 0 0 0 0 0 0 0 0 0
Nghost:    2470 ave 2470 max 2470 min
Histogram: 1 0 0 0 0 0 0 0 0 0
Neighs:    34475 ave 34475 max 34475 min
Histogram: 1 0 0 0 0 0 0 0 0 0

Total # of neighbors = 34475
Ave neighs/atom = 25.9016
Neighbor list builds = 2500
Dangerous builds not checked

write_restart lattice_11_11_11__2_2_2/sim1/T_1.40__P_0.80/end1.restart
Total wall time: 0:00:32
