run 50000
Neighbor list info ...
  update every 20 steps, delay 0 steps, check no
  max neighbors/atom: 2000, page size: 100000
  master list distance cutoff = 2.8
  ghost atom cutoff = 2.8
  binsize = 1.4, bins = 16 16 16
  1 neighbor lists, perpetual/occasional/extra = 1 0 0
  (1) pair lj/cut, perpetual
      attributes: half, newton on
      pair build: half/bin/atomonly/newton
      stencil: half/bin/3d/newton
      bin: standard
Per MPI rank memory allocation (min/avg/max) = 2.7 | 2.7 | 2.7 Mbytes
Step Temp Press Volume Density PotEng KinEng TotEng 
       0          0.3 -0.0079383306        10648        0.125  -0.13561964   0.44966191   0.31404227 
    1000   0.99221862  0.049569588    3520.2323   0.37810005   -2.3090188    1.4872097  -0.82180907 
    2000   0.87694768   0.34249617    1888.0016   0.70497822   -4.2629486    1.3144332   -2.9485154 
    3000   0.63559666    1.5793041    1489.0131   0.89388068   -5.4963345   0.95267869   -4.5436558 
    4000   0.41947504    1.7665545    1386.2432   0.96014896   -6.0670588   0.62873982   -5.4383189 
    5000   0.30639158    1.7895034    1347.5973   0.98768375   -6.3199421   0.45924207      -5.8607 
    6000   0.27572262    1.7830664    1337.0036   0.99550969   -6.3932161    0.4132732   -5.9799429 
    7000   0.31143397    1.7964301    1344.2367     0.990153    -6.340601   0.46679997    -5.873801 
    8000   0.31324151    1.7609927    1345.6141   0.98913943   -6.3359015   0.46950925   -5.8663923 
    9000   0.28054296    1.8459325    1335.7381    0.9964528   -6.3929219   0.42049828   -5.9724236 
   10000   0.29983503    1.8006651    1337.1303   0.99541534   -6.3940772   0.44941463   -5.9446625 
   11000   0.31854322    1.7441385    1342.0164   0.99179117   -6.3673377   0.47745585   -5.8898819 
   12000   0.28807677    1.7645716    1336.4164   0.99594705   -6.4017691    0.4317905   -5.9699786 
   13000   0.29147789    1.7000918    1335.5484   0.99659432   -6.4187957   0.43688835   -5.9819074 
   14000   0.31127934    1.7626545    1339.0425   0.99399383   -6.3826924    0.4665682   -5.9161242 
   15000   0.29141302    1.7535865    1336.2246   0.99609002   -6.4016191   0.43679112    -5.964828 
   16000   0.29077605    1.8164013    1330.7669    1.0001751   -6.4347209   0.43583638   -5.9988845 
   17000   0.30211652    1.9420584    1333.5491   0.99808852   -6.3930332   0.45283431   -5.9401989 
   18000   0.31251584    1.8682003    1332.6348   0.99877328   -6.4116075   0.46842157   -5.9431859 
   19000   0.30200212    1.7101618    1331.5746   0.99956851   -6.4495321   0.45266283   -5.9968693 
   20000   0.30193408    1.5896576    1337.6337   0.99504069   -6.4264386   0.45256084   -5.9738778 
   21000   0.30659486     1.439575    1342.5595   0.99138996   -6.4145685   0.45954677   -5.9550217 
   22000   0.29637908    1.6194475    1333.6862   0.99798588   -6.4482971   0.44423461   -6.0040624 
   23000   0.29857747     1.768695    1330.1028    1.0006745   -6.4512703   0.44752971   -6.0037406 
   24000   0.30539025    1.8660184    1333.1628   0.99837766   -6.4098316   0.45774121   -5.9520904 
   25000   0.30811412    1.8325303    1330.6043    1.0002974   -6.4391224   0.46182394   -5.9772985 
   26000   0.28543217    1.8186732    1329.0778    1.0014463   -6.4451646   0.42782658    -6.017338 
   27000   0.30571037    1.6911033    1333.4644   0.99815185   -6.4369138   0.45822102   -5.9786927 
   28000   0.30561989    1.9034085    1330.9108     1.000067    -6.420824   0.45808541   -5.9627385 
   29000   0.30262816    1.9748901    1324.3305    1.0050362   -6.4591224   0.45360118   -6.0055212 
   30000   0.29068585    1.9703542    1324.2965     1.005062   -6.4541951   0.43570119   -6.0184939 
   31000   0.30796262    1.8188189    1328.3234     1.002015   -6.4550062   0.46159686   -5.9934093 
   32000   0.29524788    1.8389414    1328.8562    1.0016133   -6.4436578   0.44253908   -6.0011187 
   33000   0.29385115    1.6855912    1328.7595    1.0016862   -6.4697899   0.44044557   -6.0293444 
   34000   0.30313078    1.6770937    1329.2922    1.0012847   -6.4722869   0.45435455   -6.0179323 
   35000   0.29591434    1.7588057    1328.9482    1.0015439   -6.4572117   0.44353803   -6.0136737 
   36000   0.29988901    1.6892543      1326.92    1.0030748   -6.4866872   0.44949555   -6.0371916 
   37000   0.30445246    1.8330027    1322.8047    1.0061954   -6.4887002   0.45633557   -6.0323646 
   38000   0.30006979    2.0848985    1317.4298    1.0103005   -6.4898987   0.44976652   -6.0401322 
   39000   0.29478345    1.9794962    1318.3627    1.0095856   -6.5006307   0.44184296   -6.0587877 
   40000   0.29623467    1.7889906    1321.7392    1.0070065   -6.5088073   0.44401815   -6.0647892 
   41000    0.3039284    1.8126774    1321.0145     1.007559   -6.5116317   0.45555007   -6.0560816 
   42000   0.30130477    1.6757401    1321.8735    1.0069042   -6.5311812   0.45161759   -6.0795636 
   43000   0.30106599    1.6334315     1320.641    1.0078439   -6.5483899   0.45125969   -6.0971302 
   44000     0.301685    1.7056001    1318.3559    1.0095908   -6.5519181   0.45218752   -6.0997305 
   45000    0.2934923    1.9551437    1310.5817    1.0155796   -6.5717767   0.43990769    -6.131869 
   46000   0.29785295    1.9503053    1306.9809    1.0183776   -6.6088544   0.44644376   -6.1624107 
   47000   0.31044375    1.9488986     1304.558    1.0202689   -6.6288273   0.46531576   -6.1635116 
   48000   0.30295366    1.7399815    1300.8156    1.0232042   -6.6959814   0.45408906   -6.2418923 
   49000   0.28177259    1.6276295    1298.1671    1.0252918   -6.7359952   0.42234133   -6.3136539 
   50000   0.31093987    1.7322512    1298.6321    1.0249246   -6.7254915   0.46605938   -6.2594321 
Loop time of 44.4391 on 1 procs for 50000 steps with 1331 atoms

Performance: 388846.849 tau/day, 1125.136 timesteps/s
100.0% CPU use with 1 MPI tasks x no OpenMP threads

MPI task timing breakdown:
Section |  min time  |  avg time  |  max time  |%varavg| %total
---------------------------------------------------------------
Pair    | 36.19      | 36.19      | 36.19      |   0.0 | 81.44
Neigh   | 5.17       | 5.17       | 5.17       |   0.0 | 11.63
Comm    | 0.7657     | 0.7657     | 0.7657     |   0.0 |  1.72
Output  | 0.024989   | 0.024989   | 0.024989   |   0.0 |  0.06
Modify  | 2.0577     | 2.0577     | 2.0577     |   0.0 |  4.63
Other   |            | 0.2308     |            |       |  0.52

Nlocal:    1331 ave 1331 max 1331 min
Histogram: 1 0 0 0 0 0 0 0 0 0
Nghost:    3259 ave 3259 max 3259 min
Histogram: 1 0 0 0 0 0 0 0 0 0
Neighs:    59605 ave 59605 max 59605 min
Histogram: 1 0 0 0 0 0 0 0 0 0

Total # of neighbors = 59605
Ave neighs/atom = 44.7821
Neighbor list builds = 2500
Dangerous builds not checked

write_restart lattice_11_11_11__2_2_2/sim1/T_0.30__P_1.80/end1.restart
Total wall time: 0:00:44
