run 50000
Neighbor list info ...
  update every 20 steps, delay 0 steps, check no
  max neighbors/atom: 2000, page size: 100000
  master list distance cutoff = 2.8
  ghost atom cutoff = 2.8
  binsize = 1.4, bins = 17 17 17
  1 neighbor lists, perpetual/occasional/extra = 1 0 0
  (1) pair lj/cut, perpetual
      attributes: half, newton on
      pair build: half/bin/atomonly/newton
      stencil: half/bin/3d/newton
      bin: standard
Per MPI rank memory allocation (min/avg/max) = 2.705 | 2.705 | 2.705 Mbytes
Step Temp Press TotEng 
       0          0.9  0.067588026    1.2554445 
    1000    1.0437027   0.07968821   0.81430583 
    2000   0.88647572  0.053334574   0.44440401 
    3000   0.87305992  0.046911877   0.34113816 
    4000   0.91566672  0.052578055   0.35992546 
    5000   0.89254982  0.049515914   0.32838601 
    6000   0.89355038  0.037487137   0.29610874 
    7000    0.9329494  0.051610756   0.32770357 
    8000   0.87849521  0.052495664   0.27255442 
    9000   0.88883635  0.028567363   0.27407389 
   10000   0.94180546  0.064703108   0.36065479 
   11000   0.88867882  0.038708059    0.2790724 
   12000   0.89307556  0.041615318   0.26825038 
   13000    0.8506268  0.054131359   0.20134229 
   14000   0.88938148  0.042432305   0.28697129 
   15000     0.901444  0.056230808   0.35847974 
   16000   0.87438771  0.041618778   0.28436782 
   17000   0.90483598  0.045650841   0.32373999 
   18000   0.87787757  0.047787235   0.27317334 
   19000   0.92609791  0.040276634   0.27111598 
   20000   0.91285192  0.044794467   0.33647777 
   21000   0.90592457  0.047504598   0.34059068 
   22000   0.90733905  0.035596991   0.27399887 
   23000   0.88309977  0.034100167   0.20713082 
   24000   0.90251911  0.036128722   0.24491999 
   25000   0.91292317  0.035643914   0.28135467 
   26000   0.90799825  0.051162143   0.21284761 
   27000   0.89521936  0.059406309   0.16425369 
   28000   0.89078219  0.046934735   0.17458762 
   29000   0.90124292  0.044508034   0.12875842 
   30000   0.90860846  0.049024703  0.096666201 
   31000   0.91268771  0.049193979   0.17215841 
   32000    0.9459515  0.053688376   0.26150973 
   33000   0.90149796  0.045712439   0.18146713 
   34000   0.89945205  0.037449198   0.12837142 
   35000    0.8904737  0.053944308  0.095221656 
   36000     0.915989  0.043097072   0.16696253 
   37000   0.93498959  0.040674389   0.16130325 
   38000   0.88419387  0.047570634  0.075357805 
   39000    0.9206503  0.053470232  0.098749064 
   40000   0.89157058  0.043027711  0.032818994 
   41000   0.91224281  0.048763087   0.04118956 
   42000   0.89916693  0.050058543  0.022947895 
   43000   0.87080014  0.049173776 -0.0076212348 
   44000   0.91766547  0.067665731  0.089261461 
   45000   0.89786324  0.049616938   0.03093181 
   46000   0.88385882  0.033054769 -0.034828691 
   47000   0.92307813  0.040839833 -0.011999735 
   48000   0.89105077  0.030856656 -0.050623957 
   49000   0.87712669   0.04800323 -0.064418012 
   50000   0.91780187  0.040583118  0.020109792 
Loop time of 9.42278 on 1 procs for 50000 steps with 1331 atoms

Performance: 1833853.903 tau/day, 5306.290 timesteps/s
99.8% CPU use with 1 MPI tasks x no OpenMP threads

MPI task timing breakdown:
Section |  min time  |  avg time  |  max time  |%varavg| %total
---------------------------------------------------------------
Pair    | 6.2295     | 6.2295     | 6.2295     |   0.0 | 66.11
Neigh   | 1.9141     | 1.9141     | 1.9141     |   0.0 | 20.31
Comm    | 0.32892    | 0.32892    | 0.32892    |   0.0 |  3.49
Output  | 0.022891   | 0.022891   | 0.022891   |   0.0 |  0.24
Modify  | 0.83732    | 0.83732    | 0.83732    |   0.0 |  8.89
Other   |            | 0.09011    |            |       |  0.96

Nlocal:    1331 ave 1331 max 1331 min
Histogram: 1 0 0 0 0 0 0 0 0 0
Nghost:    1249 ave 1249 max 1249 min
Histogram: 1 0 0 0 0 0 0 0 0 0
Neighs:    11982 ave 11982 max 11982 min
Histogram: 1 0 0 0 0 0 0 0 0 0

Total # of neighbors = 11982
Ave neighs/atom = 9.00225
Neighbor list builds = 2500
Dangerous builds not checked

write_restart NVT/sim1/T_0.90__v_9.26/end1.restart
Total wall time: 0:00:09
