run 50000
Neighbor list info ...
  update every 20 steps, delay 0 steps, check no
  max neighbors/atom: 2000, page size: 100000
  master list distance cutoff = 2.8
  ghost atom cutoff = 2.8
  binsize = 1.4, bins = 16 16 16
  1 neighbor lists, perpetual/occasional/extra = 1 0 0
  (1) pair lj/cut, perpetual
      attributes: half, newton on
      pair build: half/bin/atomonly/newton
      stencil: half/bin/3d/newton
      bin: standard
Per MPI rank memory allocation (min/avg/max) = 2.7 | 2.7 | 2.7 Mbytes
Step Temp Press Volume Density PotEng KinEng TotEng 
       0          1.1  0.091986538        10648        0.125  -0.13561964    1.6487603    1.5131407 
    1000    1.7265078   0.33941554    5755.2106   0.23126869   -1.2992137    2.5878159    1.2886022 
    2000    1.4761463   0.40814831    3897.0929   0.34153663   -1.9505126    2.2125558   0.26204324 
    3000    1.3160915   0.46139795    2865.9695   0.46441527    -2.633081    1.9726541  -0.66042695 
    4000    1.3021536   0.56746089     2254.627   0.59034156   -3.4129505    1.9517629   -1.4611876 
    5000    1.2122412    1.1358197    1931.8367   0.68898165   -3.9600475    1.8169957   -2.1430519 
    6000    1.0979416    1.4800278    1786.1985   0.74515794   -4.2981324    1.6456751   -2.6524574 
    7000    1.0705229    1.4920106    1729.7285   0.76948493   -4.4864855    1.6045778   -2.8819077 
    8000    1.0700637    1.7121516    1738.2247   0.76572377   -4.4118946    1.6038896   -2.8080051 
    9000    1.1100712     1.615422    1775.9461   0.74945967   -4.3126171    1.6638558   -2.6487613 
   10000    1.1104603    1.4870994     1765.282   0.75398717   -4.3783121     1.664439   -2.7138731 
   11000    1.0830535    1.5185767    1740.3383   0.76479385   -4.4439363    1.6233597   -2.8205766 
   12000    1.0948171     1.499795    1745.6411   0.76247057   -4.4107318    1.6409918     -2.76974 
   13000    1.1244088     1.478135    1763.3109   0.75483002    -4.366957     1.685346   -2.6816111 
   14000    1.1116373    1.5421566    1754.5842   0.75858429    -4.388086    1.6662032   -2.7218828 
   15000    1.0581746    1.5348634    1752.9206   0.75930423   -4.3951684    1.5860694   -2.8090989 
   16000    1.0944713    1.5818365    1753.3484   0.75911896   -4.3948222    1.6404735   -2.7543486 
   17000    1.1168602    1.7132781    1761.9361   0.75541901   -4.3370594    1.6740317   -2.6630278 
   18000    1.0921374    1.5510809     1751.311    0.7600021   -4.3903079    1.6369754   -2.7533325 
   19000    1.0893828    1.2692079    1754.1753    0.7587611   -4.4406805    1.6328465    -2.807834 
   20000    1.0694839    1.3426197    1779.2039   0.74808739   -4.3689681    1.6030205   -2.7659476 
   21000    1.0980204    1.4674687    1770.2524    0.7518702   -4.3533225    1.6457932   -2.7075293 
   22000    1.1156506     1.624284    1749.1503   0.76094089   -4.3944175    1.6722186   -2.7221989 
   23000    1.1129924    1.5531126     1746.912   0.76191589   -4.4115596    1.6682343   -2.7433253 
   24000    1.1308446    1.3115262      1755.27   0.75828789    -4.450037    1.6949924   -2.7550446 
   25000    1.0944381    1.4723701    1756.2475   0.75786586   -4.3991611    1.6404238   -2.7587372 
   26000     1.119692    1.4535617    1748.6767   0.76114699   -4.4442012    1.6782762   -2.7659251 
   27000    1.1198763    1.5289486    1745.3111   0.76261478   -4.4391118    1.6785524   -2.7605593 
   28000    1.1220985    1.6996039    1749.1884   0.76092431   -4.3727394    1.6818831   -2.6908562 
   29000     1.102882    1.3608476    1765.9036   0.75372179   -4.3905549    1.6530801   -2.7374748 
   30000    1.0966716    1.2386244    1757.8319   0.75718274   -4.4416803    1.6437714   -2.7979089 
   31000     1.086246    1.3313268    1760.4365   0.75606248   -4.4035718    1.6281449    -2.775427 
   32000    1.1410584    1.4892471    1762.3789   0.75522918   -4.3889502    1.7103016   -2.6786486 
   33000    1.0518041    1.7740335    1741.9491   0.76408662   -4.3594955    1.5765208   -2.7829747 
   34000    1.0769312    1.4975229      1752.01   0.75969884   -4.3921889    1.6141831   -2.7780059 
   35000    1.1191922    1.4992522    1765.2189   0.75401413   -4.3715386     1.677527   -2.6940117 
   36000    1.1076564     1.521448    1745.6974     0.762446   -4.4199296    1.6602363   -2.7596934 
   37000    1.1126668    1.4048807    1737.9429   0.76584793   -4.4646984    1.6677463   -2.7969521 
   38000    1.1071316     1.780452    1747.8293   0.76151602   -4.3546965    1.6594497   -2.6952468 
   39000    1.1227835    1.5219757    1753.7552   0.75894288   -4.3949044    1.6829099   -2.7119946 
   40000    1.0722857    1.5302603    1745.2818   0.76262755   -4.4273154    1.6072201   -2.8200953 
   41000    1.0827185    1.3745477    1745.6052   0.76248627   -4.4533244    1.6228575   -2.8304669 
   42000    1.1229756    1.6487278    1746.5078   0.76209221   -4.3999799    1.6831978   -2.7167821 
   43000    1.1302766    1.6031826    1747.3642   0.76171869   -4.4009692    1.6941411   -2.7068281 
   44000    1.0888731    1.3491934    1761.7054   0.75551793   -4.3965099    1.6320825   -2.7644274 
   45000    1.0972768    1.4551346    1768.6082   0.75256915   -4.3626457    1.6446786    -2.717967 
   46000    1.1249143    1.1468995    1796.3763   0.74093607   -4.3228684    1.6861037   -2.6367646 
   47000    1.0985214     1.666156    1759.3728   0.75651961   -4.3422309     1.646544   -2.6956868 
   48000    1.0955363    1.4913624    1744.2482   0.76307949   -4.4188746    1.6420698   -2.7768048 
   49000    1.0931824    1.6086617    1738.8822   0.76543427   -4.4327161    1.6385415   -2.7941745 
   50000    1.1138169    1.4820437    1767.5982    0.7529992    -4.359786    1.6694701   -2.6903159 
Loop time of 40.5434 on 1 procs for 50000 steps with 1331 atoms

Performance: 426209.476 tau/day, 1233.245 timesteps/s
99.8% CPU use with 1 MPI tasks x no OpenMP threads

MPI task timing breakdown:
Section |  min time  |  avg time  |  max time  |%varavg| %total
---------------------------------------------------------------
Pair    | 32.057     | 32.057     | 32.057     |   0.0 | 79.07
Neigh   | 5.0912     | 5.0912     | 5.0912     |   0.0 | 12.56
Comm    | 0.81377    | 0.81377    | 0.81377    |   0.0 |  2.01
Output  | 0.02822    | 0.02822    | 0.02822    |   0.0 |  0.07
Modify  | 2.3647     | 2.3647     | 2.3647     |   0.0 |  5.83
Other   |            | 0.1887     |            |       |  0.47

Nlocal:    1331 ave 1331 max 1331 min
Histogram: 1 0 0 0 0 0 0 0 0 0
Nghost:    2782 ave 2782 max 2782 min
Histogram: 1 0 0 0 0 0 0 0 0 0
Neighs:    44919 ave 44919 max 44919 min
Histogram: 1 0 0 0 0 0 0 0 0 0

Total # of neighbors = 44919
Ave neighs/atom = 33.7483
Neighbor list builds = 2500
Dangerous builds not checked

write_restart lattice_11_11_11__2_2_2/sim1/T_1.10__P_1.50/end1.restart
Total wall time: 0:00:40
