run 50000
Neighbor list info ...
  update every 20 steps, delay 0 steps, check no
  max neighbors/atom: 2000, page size: 100000
  master list distance cutoff = 2.8
  ghost atom cutoff = 2.8
  binsize = 1.4, bins = 10 10 10
  1 neighbor lists, perpetual/occasional/extra = 1 0 0
  (1) pair lj/cut, perpetual
      attributes: half, newton on
      pair build: half/bin/atomonly/newton
      stencil: half/bin/3d/newton
      bin: standard
Per MPI rank memory allocation (min/avg/max) = 2.742 | 2.742 | 2.742 Mbytes
Step Temp Press TotEng 
       0          0.6   -1.8475896   -2.3306475 
    1000   0.74020813  -0.17031599   -2.6460163 
    2000   0.69504327  -0.12990043   -3.0867485 
    3000   0.63295138  -0.21104401   -3.4636418 
    4000   0.59852712  -0.15516074   -3.7027174 
    5000   0.60020491  -0.19186116   -3.7852389 
    6000   0.59479028 -0.096716388   -3.7453133 
    7000   0.60463095  -0.14188911   -3.6549275 
    8000   0.60668099  -0.21939476     -3.63984 
    9000   0.60947877  -0.11486661   -3.7155377 
   10000   0.60633877 -0.087615377   -3.7161801 
   11000   0.60934548  -0.16070264   -3.6954838 
   12000   0.59216973  -0.17207656   -3.7006232 
   13000   0.60183343 -0.039191083   -3.7438222 
   14000    0.5903071  -0.14235774    -3.759168 
   15000   0.60986369  -0.11954315     -3.72418 
   16000   0.61747184  -0.19159924   -3.6951711 
   17000   0.61856438  -0.17978807   -3.6529953 
   18000   0.60310521  -0.16464869   -3.7346864 
   19000   0.60230239  -0.14010506   -3.7498588 
   20000    0.5776864  -0.13436403   -3.7977778 
   21000   0.59619703  -0.10961609   -3.7237648 
   22000   0.58923107   -0.1013942   -3.6965636 
   23000   0.59579069  -0.19266264   -3.7305769 
   24000   0.59025229  -0.12891533   -3.7664478 
   25000   0.59142655  -0.18527436   -3.7104278 
   26000   0.62102992 -0.068453388   -3.7069801 
   27000   0.59508812  -0.20205396   -3.7613404 
   28000   0.58973048  -0.12912464   -3.7151438 
   29000   0.59699557  -0.05576808    -3.701659 
   30000   0.60661286  -0.11837428   -3.7171141 
   31000   0.60815204 -0.085535367   -3.6768486 
   32000   0.61831908  -0.10918173    -3.686694 
   33000   0.58008105  -0.16587006    -3.756492 
   34000   0.63397085 -0.032715028   -3.7175436 
   35000   0.61607615  -0.11201672   -3.6768052 
   36000   0.57778134  -0.20483199   -3.7401211 
   37000   0.58022469  -0.10193378   -3.7391108 
   38000    0.6220334  -0.18152594   -3.6858764 
   39000   0.60017112  -0.11730959   -3.7380809 
   40000    0.5983581 -0.033395435   -3.8073004 
   41000   0.56661268  -0.12251789    -3.828442 
   42000   0.60457781  -0.10499786   -3.7581649 
   43000   0.60149798  0.051051898   -3.7315871 
   44000   0.60048001  -0.18954924   -3.8053563 
   45000   0.59844062  -0.13874624   -3.7763553 
   46000   0.59776036  -0.10908453   -3.7535332 
   47000    0.5772034  -0.12292064   -3.6936543 
   48000    0.6170528 -0.081211993   -3.6451062 
   49000   0.61910981 -0.044997788   -3.7138473 
   50000   0.59227122  -0.12828042   -3.7741497 
Loop time of 28.9547 on 1 procs for 50000 steps with 1331 atoms

Performance: 596794.290 tau/day, 1726.835 timesteps/s
99.9% CPU use with 1 MPI tasks x no OpenMP threads

MPI task timing breakdown:
Section |  min time  |  avg time  |  max time  |%varavg| %total
---------------------------------------------------------------
Pair    | 23.949     | 23.949     | 23.949     |   0.0 | 82.71
Neigh   | 3.7359     | 3.7359     | 3.7359     |   0.0 | 12.90
Comm    | 0.31463    | 0.31463    | 0.31463    |   0.0 |  1.09
Output  | 0.024822   | 0.024822   | 0.024822   |   0.0 |  0.09
Modify  | 0.84222    | 0.84222    | 0.84222    |   0.0 |  2.91
Other   |            | 0.08848    |            |       |  0.31

Nlocal:    1331 ave 1331 max 1331 min
Histogram: 1 0 0 0 0 0 0 0 0 0
Nghost:    1260 ave 1260 max 1260 min
Histogram: 1 0 0 0 0 0 0 0 0 0
Neighs:    41368 ave 41368 max 41368 min
Histogram: 1 0 0 0 0 0 0 0 0 0

Total # of neighbors = 41368
Ave neighs/atom = 31.0804
Neighbor list builds = 2500
Dangerous builds not checked

write_restart NVT/sim1/T_0.60__v_1.73/end1.restart
Total wall time: 0:00:28
