run 50000
Neighbor list info ...
  update every 20 steps, delay 0 steps, check no
  max neighbors/atom: 2000, page size: 100000
  master list distance cutoff = 2.8
  ghost atom cutoff = 2.8
  binsize = 1.4, bins = 19 19 19
  1 neighbor lists, perpetual/occasional/extra = 1 0 0
  (1) pair lj/cut, perpetual
      attributes: half, newton on
      pair build: half/bin/atomonly/newton
      stencil: half/bin/3d/newton
      bin: standard
Per MPI rank memory allocation (min/avg/max) = 2.717 | 2.717 | 2.717 Mbytes
Step Temp Press TotEng 
       0          0.9   0.05704787    1.3243711 
    1000   0.99287133  0.049994563   0.98810666 
    2000   0.87602363  0.044274361   0.72795941 
    3000   0.91864459   0.04692312   0.76686618 
    4000   0.88388701  0.044108437    0.7188677 
    5000   0.90257544  0.043195503   0.69137866 
    6000   0.93415955  0.047283572   0.72760169 
    7000   0.90606155  0.044724726   0.65369085 
    8000      0.93683  0.047708077   0.72746958 
    9000   0.87474851  0.044204294   0.65414913 
   10000   0.90551057  0.038362629   0.68433126 
   11000   0.85194782   0.03310935   0.59644943 
   12000     0.916238  0.051105968   0.69834477 
   13000   0.89601088  0.053660934   0.65208866 
   14000   0.92908683  0.044766233    0.6978696 
   15000   0.88756224  0.040614886    0.6680403 
   16000   0.88539122  0.042261289   0.65496291 
   17000   0.90725348  0.044265912   0.66926293 
   18000   0.90977034  0.041084927   0.61060697 
   19000   0.92078725  0.044063316   0.66789613 
   20000   0.89160413  0.040469566   0.62842696 
   21000   0.90268461  0.041969565   0.65867028 
   22000   0.93221804  0.053545396   0.69794618 
   23000   0.91578319  0.042833872   0.66346835 
   24000   0.92345872  0.050667032   0.71517007 
   25000   0.90539413  0.037642877    0.6371634 
   26000   0.88976254  0.041197221   0.63526844 
   27000   0.92918725  0.045952202   0.71557375 
   28000    0.8662517  0.042383336   0.61410947 
   29000   0.89822744  0.039884755   0.64420153 
   30000   0.93348349  0.046055291   0.71991875 
   31000   0.88687671  0.038152435   0.63707059 
   32000   0.90883967  0.037791029   0.68887342 
   33000   0.93210617  0.043161761    0.7213263 
   34000   0.87282898  0.038047026    0.6268698 
   35000   0.91507158  0.044850987   0.69744737 
   36000   0.89627046   0.03759055   0.62626887 
   37000   0.89162529  0.042920224   0.59775055 
   38000   0.89116755  0.041092268   0.65552544 
   39000   0.88847506  0.041235957   0.61449185 
   40000   0.89246197  0.040529223   0.63474221 
   41000   0.91672955  0.045284302   0.69427648 
   42000   0.85547274  0.037854115   0.58734129 
   43000    0.8980273  0.047076314   0.65826476 
   44000   0.88506483  0.042184704   0.64537728 
   45000   0.88007571  0.036113716   0.60258554 
   46000   0.90526889  0.047551484   0.66248567 
   47000   0.89312411  0.039258328   0.61406952 
   48000   0.95062174  0.047467764    0.7310829 
   49000   0.88710104  0.034874538     0.637659 
   50000   0.91540297  0.045968434   0.66545253 
Loop time of 6.47459 on 1 procs for 50000 steps with 1331 atoms

Performance: 2668895.376 tau/day, 7722.498 timesteps/s
99.7% CPU use with 1 MPI tasks x no OpenMP threads

MPI task timing breakdown:
Section |  min time  |  avg time  |  max time  |%varavg| %total
---------------------------------------------------------------
Pair    | 3.7958     | 3.7958     | 3.7958     |   0.0 | 58.63
Neigh   | 1.4397     | 1.4397     | 1.4397     |   0.0 | 22.24
Comm    | 0.29121    | 0.29121    | 0.29121    |   0.0 |  4.50
Output  | 0.022231   | 0.022231   | 0.022231   |   0.0 |  0.34
Modify  | 0.84188    | 0.84188    | 0.84188    |   0.0 | 13.00
Other   |            | 0.08376    |            |       |  1.29

Nlocal:    1331 ave 1331 max 1331 min
Histogram: 1 0 0 0 0 0 0 0 0 0
Nghost:    961 ave 961 max 961 min
Histogram: 1 0 0 0 0 0 0 0 0 0
Neighs:    5797 ave 5797 max 5797 min
Histogram: 1 0 0 0 0 0 0 0 0 0

Total # of neighbors = 5797
Ave neighs/atom = 4.35537
Neighbor list builds = 2500
Dangerous builds not checked

write_restart NVT/sim1/T_0.90__v_13.82/end1.restart
Total wall time: 0:00:06
