run 50000
Neighbor list info ...
  update every 20 steps, delay 0 steps, check no
  max neighbors/atom: 2000, page size: 100000
  master list distance cutoff = 2.8
  ghost atom cutoff = 2.8
  binsize = 1.4, bins = 16 16 16
  1 neighbor lists, perpetual/occasional/extra = 1 0 0
  (1) pair lj/cut, perpetual
      attributes: half, newton on
      pair build: half/bin/atomonly/newton
      stencil: half/bin/3d/newton
      bin: standard
Per MPI rank memory allocation (min/avg/max) = 2.7 | 2.7 | 2.7 Mbytes
Step Temp Press Volume Density PotEng KinEng TotEng 
       0          0.7  0.042024104        10648        0.125  -0.13561964    1.0492111   0.91359148 
    1000    1.1734898   0.18203196    6186.3569   0.21515086   -1.3178597    1.7589123   0.44105256 
    2000   0.99238295    0.1038313    4247.8819   0.31333263   -2.0545605     1.487456  -0.56710451 
    3000   0.89134758  -0.20070109    3063.8634   0.43441885   -2.8298792    1.3360168   -1.4938624 
    4000   0.84019047 -0.086618861    2298.5291   0.57906597   -3.6112225    1.2593388   -2.3518837 
    5000    0.8666195   0.21069702    1832.1837   0.72645552    -4.429821    1.2989526   -3.1308684 
    6000   0.78034246   0.45405937    1662.2166   0.80073799   -4.9350819    1.1696343   -3.7654477 
    7000    0.6891408   0.70585808    1588.3666   0.83796774   -5.1817288    1.0329346   -4.1487942 
    8000   0.66674558   0.76565335    1562.1751   0.85201717   -5.2822611   0.99936696   -4.2828941 
    9000     0.701685   0.70134314    1572.3186   0.84652056   -5.2428183    1.0517367   -4.1910816 
   10000   0.73740359   0.57161676    1593.4742   0.83528178    -5.175067    1.1052744   -4.0697926 
   11000   0.72425494   0.57314211    1584.8508   0.83982667    -5.226686    1.0855662   -4.1411198 
   12000   0.69150261   0.62788956    1572.5825   0.84637851   -5.2658934    1.0364746   -4.2294188 
   13000    0.6921357   0.63834265    1585.0568   0.83971754   -5.2006673    1.0374235   -4.1632438 
   14000   0.71336945   0.69584301    1598.0289   0.83290106   -5.1391739    1.0692502   -4.0699237 
   15000   0.69399022   0.84220853    1585.0996   0.83969486   -5.1666036    1.0402032   -4.1264004 
   16000   0.69542802   0.62722402    1576.4551   0.84429933   -5.2451976    1.0423583   -4.2028393 
   17000    0.6737281   0.82272902     1580.307   0.84224142   -5.1894076    1.0098329   -4.1795747 
   18000   0.69200653   0.58240669    1596.6699      0.83361   -5.1682453    1.0372299   -4.1310154 
   19000    0.7204128   0.82502077    1574.4114   0.84539531   -5.2263647    1.0798073   -4.1465574 
   20000   0.71469149   0.43153181    1579.5965   0.84262023   -5.2717794    1.0712318   -4.2005476 
   21000   0.71448895   0.81130879    1575.5576   0.84478028   -5.2197662    1.0709282   -4.1488379 
   22000   0.69032308   0.74431114    1589.6481   0.83729225   -5.1613851    1.0347066   -4.1266785 
   23000   0.68714637   0.77211804    1585.2551   0.83961249   -5.1707369    1.0299452   -4.1407917 
   24000   0.66295269   0.81843911    1579.2733   0.84279271   -5.1741111   0.99368191   -4.1804292 
   25000   0.68427285   0.67995122    1586.3392   0.83903869   -5.1768512    1.0256381   -4.1512131 
   26000   0.72526116   0.73586336    1583.9803   0.84028824   -5.1911194    1.0870744    -4.104045 
   27000   0.70573969   0.44501731    1591.2221   0.83646398   -5.2068211    1.0578142   -4.1490069 
   28000    0.6994362   0.69875413    1574.1843   0.84551728   -5.2392242    1.0483661   -4.1908582 
   29000   0.69735023   0.56489422    1588.3113   0.83799693   -5.1961438    1.0452395   -4.1509043 
   30000   0.71218105    0.7761864     1585.081   0.83970474   -5.1795687     1.067469   -4.1120998 
   31000   0.69614448   0.66345151    1583.4654   0.84056146   -5.1960641    1.0434322   -4.1526319 
   32000   0.69372733   0.75023563    1577.0876   0.84396074   -5.2203451    1.0398092   -4.1805359 
   33000   0.69188349   0.77670782    1581.4001   0.84165926   -5.1855876    1.0370455   -4.1485421 
   34000   0.70673082    0.5794708    1598.3446   0.83273655   -5.1562642    1.0592998   -4.0969644 
   35000   0.68513772   0.88008522    1585.3731   0.83955001   -5.1526012    1.0269345   -4.1256668 
   36000   0.69092114   0.79359247    1579.3061   0.84277517   -5.2056387    1.0356031   -4.1700357 
   37000    0.6958792   0.49943043    1591.3784   0.83638182   -5.1897835    1.0430346   -4.1467489 
   38000   0.72031288    1.1512035    1569.5559   0.84801055   -5.1865632    1.0796575   -4.1069057 
   39000   0.68610111   0.45860197    1591.3865   0.83637757   -5.2016361    1.0283785   -4.1732577 
   40000   0.68911641   0.72773018    1570.2018   0.84766177   -5.2503957     1.032898   -4.2174976 
   41000   0.70760386   0.59822437    1577.2414   0.84387843   -5.2524768    1.0606083   -4.1918684 
   42000   0.70673636    0.6044918    1590.2814   0.83695877   -5.1870738    1.0593081   -4.1277657 
   43000   0.70537352   0.67838357    1582.6529     0.840993   -5.2207794    1.0572653   -4.1635141 
   44000   0.71341163   0.82086387    1568.2872   0.84869657   -5.2591827    1.0693134   -4.1898693 
   45000   0.70367049   0.48951401    1589.9239   0.83714699   -5.2021322    1.0547127   -4.1474195 
   46000   0.72161826   0.73288086    1578.7693   0.84306174   -5.2231981    1.0816142   -4.1415839 
   47000   0.69417619   0.66838866    1577.6603   0.84365438   -5.2213252     1.040482   -4.1808432 
   48000   0.67928719   0.88302278    1566.1247   0.84986846   -5.2349134    1.0181652   -4.2167481 
   49000   0.70612525   0.56398875    1588.5235   0.83788498   -5.1918131    1.0583921    -4.133421 
   50000   0.70976641   0.69240237    1585.4346   0.83951746   -5.1962392    1.0638497   -4.1323895 
Loop time of 37.4369 on 1 procs for 50000 steps with 1331 atoms

Performance: 461577.179 tau/day, 1335.582 timesteps/s
99.9% CPU use with 1 MPI tasks x no OpenMP threads

MPI task timing breakdown:
Section |  min time  |  avg time  |  max time  |%varavg| %total
---------------------------------------------------------------
Pair    | 30.017     | 30.017     | 30.017     |   0.0 | 80.18
Neigh   | 4.478      | 4.478      | 4.478      |   0.0 | 11.96
Comm    | 0.70415    | 0.70415    | 0.70415    |   0.0 |  1.88
Output  | 0.026441   | 0.026441   | 0.026441   |   0.0 |  0.07
Modify  | 2.0257     | 2.0257     | 2.0257     |   0.0 |  5.41
Other   |            | 0.1852     |            |       |  0.49

Nlocal:    1331 ave 1331 max 1331 min
Histogram: 1 0 0 0 0 0 0 0 0 0
Nghost:    3001 ave 3001 max 3001 min
Histogram: 1 0 0 0 0 0 0 0 0 0
Neighs:    49711 ave 49711 max 49711 min
Histogram: 1 0 0 0 0 0 0 0 0 0

Total # of neighbors = 49711
Ave neighs/atom = 37.3486
Neighbor list builds = 2500
Dangerous builds not checked

write_restart lattice_11_11_11__2_2_2/sim1/T_0.70__P_0.70/end1.restart
Total wall time: 0:00:37
