run 50000
Neighbor list info ...
  update every 20 steps, delay 0 steps, check no
  max neighbors/atom: 2000, page size: 100000
  master list distance cutoff = 2.8
  ghost atom cutoff = 2.8
  binsize = 1.4, bins = 16 16 16
  1 neighbor lists, perpetual/occasional/extra = 1 0 0
  (1) pair lj/cut, perpetual
      attributes: half, newton on
      pair build: half/bin/atomonly/newton
      stencil: half/bin/3d/newton
      bin: standard
Per MPI rank memory allocation (min/avg/max) = 2.7 | 2.7 | 2.7 Mbytes
Step Temp Press Volume Density PotEng KinEng TotEng 
       0          1.5   0.14194897        10648        0.125  -0.13561964    2.2483095    2.1126899 
    1000     2.077536   0.41080473    6476.8649   0.20550066   -1.0870362    3.1139626    2.0269264 
    2000    1.7910355   0.48991662    4686.9625   0.28397923    -1.518845    2.6845348    1.1656897 
    3000    1.6266999   0.58677118    3625.7261   0.36709888   -1.9973696    2.4382166   0.44084704 
    4000    1.5882166   0.62653835    2950.6256   0.45109077    -2.493732    2.3805351  -0.11319689 
    5000    1.5489538   0.79134658    2535.6479   0.52491515   -2.8971022    2.3216851  -0.57541712 
    6000    1.5067871    1.1746083    2275.1502   0.58501631   -3.2134861    2.2584826  -0.95500349 
    7000    1.4858669    1.1108277     2164.361    0.6149621    -3.430689    2.2271258   -1.2035632 
    8000    1.5094129    1.2466343    2130.4564   0.62474876   -3.4877627    2.2624183   -1.2253444 
    9000    1.4680672    1.5578787    2138.3793   0.62243401   -3.3722048    2.2004464   -1.1717584 
   10000    1.5079466     1.241766    2152.0208   0.61848845   -3.4164785    2.2602205   -1.1562579 
   11000    1.5031834    1.1120285    2152.2822   0.61841332   -3.4510522    2.2530811   -1.1979711 
   12000     1.475535    1.0814736    2133.2063   0.62394341   -3.4823133    2.2116396   -1.2706736 
   13000    1.5207933    1.2607125    2137.2174    0.6227724   -3.4595137    2.2794761   -1.1800375 
   14000    1.4970784    1.5467409    2153.0751   0.61818558   -3.3608494    2.2439304    -1.116919 
   15000    1.5248037    1.3619603     2138.853   0.62229615   -3.4382917    2.2854871   -1.1528046 
   16000    1.4928511    1.1598659    2131.7425   0.62437185   -3.4923243    2.2375942   -1.2547301 
   17000    1.4410007    1.1999287    2149.1064   0.61932717    -3.417367    2.1598771   -1.2574899 
   18000    1.4967439    1.1200032    2151.0552   0.61876608   -3.4457129     2.243429   -1.2022839 
   19000    1.5116585    1.3848076    2138.8821    0.6222877   -3.4395814    2.2657842   -1.1737972 
   20000    1.5411171    1.4765675    2114.3636   0.62950385   -3.4650623    2.3099388   -1.1551235 
   21000    1.5143911     1.301923    2116.1955   0.62895891   -3.5071116    2.2698799   -1.2372317 
   22000    1.5240153    1.3442563    2147.8655     0.619685   -3.4119531    2.2843054   -1.1276477 
   23000    1.5064953     1.182908    2164.4882   0.61492598   -3.4313684    2.2580452   -1.1733232 
   24000    1.4630074    1.2565419     2116.927   0.62874156    -3.497444    2.1928623   -1.3045817 
   25000    1.5145096    1.2237833    2130.8931   0.62462074   -3.4733299    2.2700576   -1.2032723 
   26000    1.5825746    1.4382247    2129.9211   0.62490577   -3.4446257    2.3720784   -1.0725473 
   27000    1.5272019    1.3346555     2138.506   0.62239714   -3.4384183    2.2890817   -1.1493366 
   28000     1.472418   0.91923377    2170.1633    0.6133179   -3.4398587    2.2069677   -1.2328911 
   29000    1.4278006    1.2558565    2168.3979   0.61381724    -3.384211    2.1400918   -1.2441193 
   30000    1.4434231    1.3854162    2107.4851   0.63155844   -3.4905426     2.163508   -1.3270346 
   31000    1.4717454    1.3765068    2119.7636   0.62790021   -3.4450854    2.2059596   -1.2391258 
   32000    1.5340898    1.3141299    2148.1357   0.61960704   -3.4417559    2.2994059     -1.14235 
   33000    1.4873576    1.0991335    2168.6032   0.61375913   -3.4305515    2.2293602   -1.2011914 
   34000    1.5201248    1.1431172    2181.6555   0.61008715   -3.4015285    2.2784741   -1.1230544 
   35000    1.5379549    1.4152634    2140.0428   0.62195017   -3.4116648    2.3051991   -1.1064657 
   36000     1.515995    1.3041429    2117.1315   0.62868085    -3.480239    2.2722839   -1.2079551 
   37000    1.4967405     1.225378     2137.506   0.62268832   -3.4693678     2.243424   -1.2259438 
   38000    1.4816125    1.1514574    2194.3905   0.60654656   -3.3611109    2.2207489   -1.1403619 
   39000    1.4665825    1.2312354      2190.37    0.6076599   -3.3467148    2.1982209   -1.1484939 
   40000    1.5410357     1.279485    2127.8386   0.62551736   -3.4850164    2.3098169   -1.1751996 
   41000    1.5256237    1.3974951    2120.7536   0.62760709   -3.4483777    2.2867162   -1.1616615 
   42000    1.5289714    1.5826644    2150.4775   0.61893232   -3.3721994     2.291734   -1.0804653 
   43000    1.5041701    1.2843228     2165.158   0.61473573   -3.4137378      2.25456   -1.1591778 
   44000     1.462799    1.3764456    2122.5266   0.62708284   -3.4764058      2.19255   -1.2838558 
   45000    1.5092896    1.0759764    2140.3964   0.62184742   -3.4802729    2.2622334   -1.2180395 
   46000    1.4736129    1.3015646    2166.6221   0.61432034   -3.3773129    2.2087587   -1.1685542 
   47000    1.5410085    1.2628802    2142.6979   0.62117948   -3.4754155    2.3097761   -1.1656394 
   48000    1.4891784    1.4182439    2093.2759   0.63584546   -3.4946828    2.2320894   -1.2625934 
   49000    1.5031141    1.4243938    2108.1336   0.63136416    -3.490722    2.2529771   -1.2377449 
   50000    1.5229465    1.1469547    2176.7945   0.61144953   -3.4267072    2.2827035   -1.1440037 
Loop time of 34.5499 on 1 procs for 50000 steps with 1331 atoms

Performance: 500146.583 tau/day, 1447.183 timesteps/s
99.8% CPU use with 1 MPI tasks x no OpenMP threads

MPI task timing breakdown:
Section |  min time  |  avg time  |  max time  |%varavg| %total
---------------------------------------------------------------
Pair    | 26.794     | 26.794     | 26.794     |   0.0 | 77.55
Neigh   | 4.4518     | 4.4518     | 4.4518     |   0.0 | 12.89
Comm    | 0.76968    | 0.76968    | 0.76968    |   0.0 |  2.23
Output  | 0.027478   | 0.027478   | 0.027478   |   0.0 |  0.08
Modify  | 2.3452     | 2.3452     | 2.3452     |   0.0 |  6.79
Other   |            | 0.162      |            |       |  0.47

Nlocal:    1331 ave 1331 max 1331 min
Histogram: 1 0 0 0 0 0 0 0 0 0
Nghost:    2609 ave 2609 max 2609 min
Histogram: 1 0 0 0 0 0 0 0 0 0
Neighs:    36704 ave 36704 max 36704 min
Histogram: 1 0 0 0 0 0 0 0 0 0

Total # of neighbors = 36704
Ave neighs/atom = 27.5763
Neighbor list builds = 2500
Dangerous builds not checked

write_restart lattice_11_11_11__2_2_2/sim1/T_1.50__P_1.30/end1.restart
Total wall time: 0:00:34
