run 50000
Neighbor list info ...
  update every 20 steps, delay 0 steps, check no
  max neighbors/atom: 2000, page size: 100000
  master list distance cutoff = 2.8
  ghost atom cutoff = 2.8
  binsize = 1.4, bins = 20 20 20
  1 neighbor lists, perpetual/occasional/extra = 1 0 0
  (1) pair lj/cut, perpetual
      attributes: half, newton on
      pair build: half/bin/atomonly/newton
      stencil: half/bin/3d/newton
      bin: standard
Per MPI rank memory allocation (min/avg/max) = 2.724 | 2.724 | 2.724 Mbytes
Step Temp Press TotEng 
       0          1.6   0.10588035    2.3858678 
    1000    1.6569187   0.10372414    2.0685343 
    2000    1.5644855  0.091604357    1.9329756 
    3000     1.632378    0.1060025    2.0619296 
    4000    1.5361625  0.093882812    1.9142436 
    5000     1.617316   0.09994278    2.0307338 
    6000    1.5682327  0.096455895    1.9550298 
    7000    1.6641402    0.1024716    2.0630111 
    8000    1.5827929   0.10308522    1.9638712 
    9000    1.6087369   0.10016488    1.9989363 
   10000    1.6428686   0.10377996    2.0465331 
   11000    1.5694543  0.096396511    1.9266875 
   12000     1.607558  0.099105464     2.028681 
   13000    1.5959865   0.09487914    1.9861182 
   14000    1.5997648  0.096166874    1.9916584 
   15000     1.588622  0.094236972     1.972669 
   16000     1.605154  0.098403321    2.0006442 
   17000    1.6001703  0.096908828     2.009768 
   18000    1.5923933  0.099597915    1.9721245 
   19000    1.6013683   0.10028376    2.0023343 
   20000    1.5690006  0.091449798    1.9526853 
   21000    1.6699296   0.10311018    2.1027209 
   22000    1.5826741  0.099065028    1.9674617 
   23000    1.6317185  0.098959258    2.0238761 
   24000    1.5543368   0.10240608    1.9193683 
   25000    1.6304563  0.099801156    2.0318275 
   26000     1.580504  0.098370288    1.9749892 
   27000    1.5913268  0.093871273    1.9920063 
   28000    1.6050689  0.098450816    1.9878776 
   29000     1.595869  0.099212391    1.9692983 
   30000    1.6308309   0.10514908    2.0539791 
   31000    1.5528499   0.09193697    1.9091503 
   32000    1.6153094   0.10031102    2.0097635 
   33000    1.5865178   0.10245631    1.9687216 
   34000    1.5803288  0.099325777    1.9598356 
   35000    1.6176852   0.10123366    2.0158077 
   36000    1.5619532  0.094301213    1.9166115 
   37000    1.6453249  0.097919652    2.0639925 
   38000    1.5782539  0.098470536      1.95817 
   39000    1.6525587  0.096835929    2.0600012 
   40000    1.5853501  0.092009188    1.9552272 
   41000    1.6101506  0.097159287    2.0168468 
   42000    1.5887543  0.097670667    1.9908664 
   43000    1.4903069  0.086428353    1.7790879 
   44000    1.5982607   0.10245734     1.984011 
   45000    1.5942181  0.095507676    1.9795417 
   46000    1.6059265  0.097723015    1.9790708 
   47000    1.6221139   0.09679977    2.0259839 
   48000     1.597432  0.097252774    1.9884327 
   49000    1.5767667   0.10051795    1.9861854 
   50000    1.5736718  0.098701612     1.955471 
Loop time of 5.63221 on 1 procs for 50000 steps with 1331 atoms

Performance: 3068066.904 tau/day, 8877.508 timesteps/s
99.7% CPU use with 1 MPI tasks x no OpenMP threads

MPI task timing breakdown:
Section |  min time  |  avg time  |  max time  |%varavg| %total
---------------------------------------------------------------
Pair    | 3.0884     | 3.0884     | 3.0884     |   0.0 | 54.83
Neigh   | 1.2941     | 1.2941     | 1.2941     |   0.0 | 22.98
Comm    | 0.29375    | 0.29375    | 0.29375    |   0.0 |  5.22
Output  | 0.022623   | 0.022623   | 0.022623   |   0.0 |  0.40
Modify  | 0.85108    | 0.85108    | 0.85108    |   0.0 | 15.11
Other   |            | 0.08221    |            |       |  1.46

Nlocal:    1331 ave 1331 max 1331 min
Histogram: 1 0 0 0 0 0 0 0 0 0
Nghost:    1063 ave 1063 max 1063 min
Histogram: 1 0 0 0 0 0 0 0 0 0
Neighs:    4245 ave 4245 max 4245 min
Histogram: 1 0 0 0 0 0 0 0 0 0

Total # of neighbors = 4245
Ave neighs/atom = 3.18933
Neighbor list builds = 2500
Dangerous builds not checked

write_restart NVT/sim1/T_1.60__v_15.62/end1.restart
Total wall time: 0:00:05
