run 50000
Neighbor list info ...
  update every 20 steps, delay 0 steps, check no
  max neighbors/atom: 2000, page size: 100000
  master list distance cutoff = 2.8
  ghost atom cutoff = 2.8
  binsize = 1.4, bins = 16 16 16
  1 neighbor lists, perpetual/occasional/extra = 1 0 0
  (1) pair lj/cut, perpetual
      attributes: half, newton on
      pair build: half/bin/atomonly/newton
      stencil: half/bin/3d/newton
      bin: standard
Per MPI rank memory allocation (min/avg/max) = 2.7 | 2.7 | 2.7 Mbytes
Step Temp Press Volume Density PotEng KinEng TotEng 
       0          0.5  0.017042887        10648        0.125  -0.13561964   0.74943651   0.61381687 
    1000   0.81216002  0.016828871    8489.6894   0.15677841   -1.1247666    1.2173248   0.09255814 
    2000   0.72242299   0.02624461    6712.1551   0.19829697   -1.7461439    1.0828203  -0.66332353 
    3000   0.70906891 -0.012688118    5297.5398    0.2512487   -2.5104276    1.0628043   -1.4476234 
    4000   0.66287675 -0.067847461    4249.6608   0.31320147   -3.2448248   0.99356808   -2.2512567 
    5000   0.61707737 -0.073560533    3459.6622   0.38471964    -3.892286   0.92492063   -2.9673653 
    6000    0.5787718  -0.22663787    2818.1629    0.4722935   -4.4178298   0.86750543   -3.5503244 
    7000   0.55165477 -0.055229828    2323.4291   0.57286018   -4.8516276   0.82686045   -4.0247672 
    8000   0.51012888 -0.096140587    1984.8785   0.67057002   -5.1444451   0.76461842   -4.3798267 
    9000   0.48310152 -0.0067921383    1744.0064   0.76318526   -5.3248646   0.72410785   -4.6007568 
   10000   0.50857388  0.015138967    1568.9828   0.84832032   -5.5306523   0.76228767   -4.7683646 
   11000   0.50030544  0.035874772    1503.1056   0.88549997   -5.6944845   0.74989433   -4.9445902 
   12000   0.49505665 0.00052017797    1489.7321   0.89344921   -5.7653174   0.74202706   -5.0232903 
   13000   0.51613091  0.085212804    1495.5494   0.88997392   -5.7258741    0.7736147   -4.9522594 
   14000   0.51584593   0.16169564    1496.4014   0.88946725   -5.7073922   0.77318755   -4.9342046 
   15000   0.49506456  0.081371769    1495.1168   0.89023146   -5.7261599   0.74203892    -4.984121 
   16000   0.48997938   0.12013976    1493.4307   0.89123656   -5.7212229   0.73441688    -4.986806 
   17000   0.49472431   0.16470783    1498.2056   0.88839609   -5.6934442   0.74152892   -4.9519153 
   18000    0.5055349   0.20620395    1495.6688   0.88990291    -5.698099   0.75773263   -4.9403664 
   19000   0.49559758   0.15936552    1498.3461   0.88831281   -5.6931718   0.74283785    -4.950334 
   20000   0.48617785   0.14433106    1495.0131   0.89029319   -5.7140143   0.72871887   -4.9852954 
   21000   0.49924484   0.10888205    1490.3921   0.89305358   -5.7374962   0.74830463   -4.9891915 
   22000   0.50395324   0.10341587    1492.6158   0.89172313   -5.7347893   0.75536192   -4.9794273 
   23000   0.49934793  0.066271679    1496.3419   0.88950262   -5.7181446   0.74845915   -4.9696854 
   24000    0.4969241 -0.038631508    1501.6155   0.88637868   -5.7094904   0.74482613   -4.9646643 
   25000   0.49794211  0.077039226    1496.5366   0.88938688   -5.7175649     0.746352   -4.9712129 
   26000   0.49131788  0.017386169    1498.9722   0.88794178   -5.7166516   0.73642311   -4.9802285 
   27000   0.49814338   0.16913596    1491.7267   0.89225461   -5.7270715   0.74665367   -4.9804178 
   28000   0.50188858  0.091228525    1500.0783   0.88728699    -5.704798   0.75226726   -4.9525308 
   29000   0.50439753 -0.056549058    1508.6185   0.88226411   -5.6835475   0.75602786   -4.9275197 
   30000   0.48988177 -0.016544707    1504.6502   0.88459098   -5.6904927   0.73427057   -4.9562222 
   31000   0.51759586  0.036106026    1495.3301   0.89010448   -5.7409912   0.77581047   -4.9651808 
   32000   0.49751552   0.20123011    1495.2593   0.89014659   -5.7080062    0.7457126   -4.9622936 
   33000   0.49403635   0.23828475    1490.7893   0.89281561    -5.719315   0.74049776   -4.9788172 
   34000   0.50734513   0.31266822     1487.849   0.89458004    -5.716497   0.76044594    -4.956051 
   35000   0.50262031   0.27606196    1491.6232   0.89231649    -5.707356   0.75336403   -4.9539919 
   36000   0.50199956   0.20625726    1494.5788   0.89055189   -5.6971255    0.7524336   -4.9446919 
   37000   0.50394487 0.0012088249       1502.5   0.88585691   -5.6997044   0.75534938   -4.9443551 
   38000   0.49870033  -0.23857912    1509.0708   0.88199971   -5.7159717   0.74748847   -4.9684833 
   39000   0.49409171  -0.11033094    1501.0394    0.8867189   -5.7232081   0.74058073   -4.9826273 
   40000   0.49404983   0.25917558    1494.0761   0.89085154   -5.7074812   0.74051796   -4.9669632 
   41000   0.50462333  0.081645496    1502.5427   0.88583174   -5.6916121    0.7563663   -4.9352458 
   42000   0.50235126   0.17910495    1500.5591   0.88700271    -5.677853   0.75296076   -4.9248922 
   43000   0.50257113  0.020448614    1495.7154   0.88987519   -5.7316631   0.75329031   -4.9783728 
   44000   0.47765364  0.020996711    1501.8439   0.88624391   -5.6996878   0.71594216   -4.9837457 
   45000   0.49278141  -0.13774519    1514.6362   0.87875887   -5.6577974   0.73861676   -4.9191806 
   46000   0.48665207 -0.042477244    1511.5924   0.88052839   -5.6630038   0.72942967   -4.9335741 
   47000   0.49044633  0.033698132    1503.7052    0.8851469   -5.6955006   0.73511678   -4.9603838 
   48000   0.49140657   0.13980136    1497.4595   0.88883875   -5.6908517   0.73655605   -4.9542957 
   49000   0.49714455  0.089973944    1499.5461   0.88760195   -5.7024653   0.74515655   -4.9573087 
   50000   0.48664493  0.065671761    1502.0195   0.88614028   -5.6858268   0.72941895   -4.9564078 
Loop time of 37.5069 on 1 procs for 50000 steps with 1331 atoms

Performance: 460714.738 tau/day, 1333.087 timesteps/s
99.9% CPU use with 1 MPI tasks x no OpenMP threads

MPI task timing breakdown:
Section |  min time  |  avg time  |  max time  |%varavg| %total
---------------------------------------------------------------
Pair    | 30.141     | 30.141     | 30.141     |   0.0 | 80.36
Neigh   | 4.4122     | 4.4122     | 4.4122     |   0.0 | 11.76
Comm    | 0.69051    | 0.69051    | 0.69051    |   0.0 |  1.84
Output  | 0.027028   | 0.027028   | 0.027028   |   0.0 |  0.07
Modify  | 2.0302     | 2.0302     | 2.0302     |   0.0 |  5.41
Other   |            | 0.2058     |            |       |  0.55

Nlocal:    1331 ave 1331 max 1331 min
Histogram: 1 0 0 0 0 0 0 0 0 0
Nghost:    3058 ave 3058 max 3058 min
Histogram: 1 0 0 0 0 0 0 0 0 0
Neighs:    52042 ave 52042 max 52042 min
Histogram: 1 0 0 0 0 0 0 0 0 0

Total # of neighbors = 52042
Ave neighs/atom = 39.0999
Neighbor list builds = 2500
Dangerous builds not checked

write_restart lattice_11_11_11__2_2_2/sim1/T_0.50__P_0.10/end1.restart
Total wall time: 0:00:37
