run 50000
Neighbor list info ...
  update every 20 steps, delay 0 steps, check no
  max neighbors/atom: 2000, page size: 100000
  master list distance cutoff = 2.8
  ghost atom cutoff = 2.8
  binsize = 1.4, bins = 19 19 19
  1 neighbor lists, perpetual/occasional/extra = 1 0 0
  (1) pair lj/cut, perpetual
      attributes: half, newton on
      pair build: half/bin/atomonly/newton
      stencil: half/bin/3d/newton
      bin: standard
Per MPI rank memory allocation (min/avg/max) = 2.717 | 2.717 | 2.717 Mbytes
Step Temp Press TotEng 
       0          0.7  0.041913596    1.0245965 
    1000   0.81355214  0.037463945     0.693185 
    2000    0.7113426  0.030277807   0.39254859 
    3000   0.67542859  0.025547135   0.24883339 
    4000   0.73965026  0.026177868   0.23341273 
    5000   0.69274933  0.025174382   0.13559949 
    6000    0.7068265  0.022413944    0.1233105 
    7000   0.68114037  0.020528077  0.062087027 
    8000   0.71878568  0.016258587  0.093401507 
    9000   0.69286119  0.013656138  0.026114615 
   10000   0.71523677  0.018548978 -0.011365951 
   11000   0.70903968  0.023468155 -0.054774769 
   12000   0.72201579  0.016232354  -0.12857618 
   13000   0.70950549  0.021275495  -0.17129954 
   14000   0.69028954  0.016891422  -0.24334642 
   15000   0.73190065  0.019155808  -0.22103669 
   16000   0.72722978  0.019249513   -0.3259202 
   17000   0.69931552  0.021430082  -0.41222423 
   18000   0.71313229 0.0068879595  -0.40890919 
   19000   0.69629133  0.021434599  -0.47501235 
   20000   0.70027725  0.014564312  -0.55783202 
   21000   0.71895938 0.0083606469  -0.61790786 
   22000   0.72402859  0.014477829  -0.67207356 
   23000   0.69301879  0.029312595  -0.75497601 
   24000   0.68331192  0.013086435  -0.84928804 
   25000   0.69407627  0.012512355  -0.92301811 
   26000   0.71443864  0.017906055   -1.0027236 
   27000   0.71436192 0.0026917139   -1.0906961 
   28000   0.70384084 -0.0043044368   -1.1564433 
   29000   0.69091133 0.0067879342   -1.1138574 
   30000   0.71864951  0.015495494   -1.0954105 
   31000   0.69153572 -0.0044963756   -1.1443622 
   32000   0.70232516  0.018098864   -1.1859209 
   33000   0.70991098 0.0099062243   -1.2704747 
   34000    0.6950696 0.0096994755   -1.3564536 
   35000   0.68069894 0.0034528162   -1.4198649 
   36000   0.72429981 0.0011587044   -1.4653727 
   37000   0.72240471  0.010369777   -1.5210432 
   38000   0.68697585   0.01058347   -1.6092247 
   39000   0.69628513  -0.00129643   -1.6380809 
   40000   0.71266624 -0.0004702408   -1.6241138 
   41000     0.711084 0.0066854266    -1.709918 
   42000   0.68524149 0.0074357651   -1.7762847 
   43000   0.70279075  0.019096545   -1.8039624 
   44000    0.6864629  0.012477857   -1.8940072 
   45000   0.68570506  0.014287893   -1.9234068 
   46000   0.72049036 0.0057148454   -1.9267148 
   47000   0.68495557 4.5427806e-05    -1.977224 
   48000   0.70189079 -0.0015734454   -2.0217818 
   49000   0.66757608 0.0067725856   -1.9992604 
   50000   0.69703623 0.0013563351   -1.9401514 
Loop time of 12.4698 on 1 procs for 50000 steps with 1331 atoms

Performance: 1385742.645 tau/day, 4009.672 timesteps/s
99.9% CPU use with 1 MPI tasks x no OpenMP threads

MPI task timing breakdown:
Section |  min time  |  avg time  |  max time  |%varavg| %total
---------------------------------------------------------------
Pair    | 9.1373     | 9.1373     | 9.1373     |   0.0 | 73.28
Neigh   | 2.0461     | 2.0461     | 2.0461     |   0.0 | 16.41
Comm    | 0.32564    | 0.32564    | 0.32564    |   0.0 |  2.61
Output  | 0.02264    | 0.02264    | 0.02264    |   0.0 |  0.18
Modify  | 0.84805    | 0.84805    | 0.84805    |   0.0 |  6.80
Other   |            | 0.09012    |            |       |  0.72

Nlocal:    1331 ave 1331 max 1331 min
Histogram: 1 0 0 0 0 0 0 0 0 0
Nghost:    1587 ave 1587 max 1587 min
Histogram: 1 0 0 0 0 0 0 0 0 0
Neighs:    25284 ave 25284 max 25284 min
Histogram: 1 0 0 0 0 0 0 0 0 0

Total # of neighbors = 25284
Ave neighs/atom = 18.9962
Neighbor list builds = 2500
Dangerous builds not checked

write_restart NVT/sim1/T_0.70__v_13.82/end1.restart
Total wall time: 0:00:12
