run 50000
Neighbor list info ...
  update every 20 steps, delay 0 steps, check no
  max neighbors/atom: 2000, page size: 100000
  master list distance cutoff = 2.8
  ghost atom cutoff = 2.8
  binsize = 1.4, bins = 20 20 20
  1 neighbor lists, perpetual/occasional/extra = 1 0 0
  (1) pair lj/cut, perpetual
      attributes: half, newton on
      pair build: half/bin/atomonly/newton
      stencil: half/bin/3d/newton
      bin: standard
Per MPI rank memory allocation (min/avg/max) = 2.748 | 2.748 | 2.748 Mbytes
Step Temp Press TotEng 
       0          0.1 0.0040562577   0.13755824 
    1000   0.24756575 -0.00030426788 -0.075263992 
    2000   0.27125045 -0.0044568374  -0.59373075 
    3000   0.28180826 0.00039304305   -1.2589989 
    4000   0.25715894 0.0025063475   -1.9598456 
    5000   0.21697198 -0.0001630858   -2.5100247 
    6000   0.15987892 -0.0027303815   -2.8908457 
    7000   0.12212706 -0.0026456524   -3.1206849 
    8000   0.10319253 0.0012270342   -3.2456261 
    9000  0.093967422 0.0036746363   -3.3010537 
   10000   0.10689266   0.00689931   -3.3148117 
   11000  0.095350292 0.0026125811   -3.3673153 
   12000  0.095523702 0.0008861703   -3.3841546 
   13000   0.10232972 -0.00069707551   -3.3519446 
   14000  0.098535718 -0.001405099   -3.3899142 
   15000  0.090898407 -0.0068189858   -3.4287494 
   16000  0.098872144 -0.0036611588   -3.4059959 
   17000   0.10460452 -0.0056942295    -3.401593 
   18000  0.097405271 -0.0010249326   -3.4334237 
   19000  0.099095104 0.0027628514   -3.4299982 
   20000   0.10587428 0.0018379158   -3.4163204 
   21000   0.10127707 0.0023355971   -3.4539391 
   22000  0.093596926 -0.0030422374   -3.4642001 
   23000   0.10563933 -0.00028587623   -3.4313563 
   24000    0.1049613 0.0032969143   -3.4373899 
   25000  0.095437562 0.0033601952   -3.4754881 
   26000  0.096043934 0.0015317093   -3.4680556 
   27000   0.10595871 0.00082049141   -3.4441985 
   28000  0.096203723 0.0027518367   -3.4667938 
   29000  0.096915312 -0.00063449041   -3.4755244 
   30000   0.10094404 -0.0046223369   -3.4566851 
   31000  0.099395638 -0.0015089372   -3.4666423 
   32000  0.094276463  0.001948012   -3.4816433 
   33000   0.10009682 -0.0030102789   -3.4684205 
   34000   0.10233002 -0.00037063626   -3.4664439 
   35000  0.097185702 -0.00048046593   -3.4846108 
   36000  0.099445865 0.0014507468   -3.4836669 
   37000   0.10439621 0.00027396337   -3.4943069 
   38000  0.095961945 0.0056347021   -3.5040461 
   39000    0.1016596 -0.0019180017   -3.4809348 
   40000   0.10471727 -0.0019135553   -3.4766304 
   41000  0.090193379 0.0018415366   -3.5040286 
   42000   0.10077784 -0.0030803378    -3.505407 
   43000    0.1013337 -0.0086482118   -3.4861657 
   44000   0.09967475 0.00062644872   -3.5000962 
   45000  0.097104925 0.0014247509   -3.5123979 
   46000   0.10031031 0.0010950922   -3.5010931 
   47000   0.10311169 -0.0014233236   -3.4970726 
   48000  0.097588007 -0.0051283407   -3.5102878 
   49000  0.098374528 -0.0041003264   -3.5182285 
   50000   0.10150959 0.0033082282   -3.5055101 
Loop time of 11.0614 on 1 procs for 50000 steps with 1331 atoms

Performance: 1562189.062 tau/day, 4520.223 timesteps/s
99.8% CPU use with 1 MPI tasks x no OpenMP threads

MPI task timing breakdown:
Section |  min time  |  avg time  |  max time  |%varavg| %total
---------------------------------------------------------------
Pair    | 8.5256     | 8.5256     | 8.5256     |   0.0 | 77.07
Neigh   | 1.2988     | 1.2988     | 1.2988     |   0.0 | 11.74
Comm    | 0.26508    | 0.26508    | 0.26508    |   0.0 |  2.40
Output  | 0.025335   | 0.025335   | 0.025335   |   0.0 |  0.23
Modify  | 0.86331    | 0.86331    | 0.86331    |   0.0 |  7.80
Other   |            | 0.08331    |            |       |  0.75

Nlocal:    1331 ave 1331 max 1331 min
Histogram: 1 0 0 0 0 0 0 0 0 0
Nghost:    986 ave 986 max 986 min
Histogram: 1 0 0 0 0 0 0 0 0 0
Neighs:    16301 ave 16301 max 16301 min
Histogram: 1 0 0 0 0 0 0 0 0 0

Total # of neighbors = 16301
Ave neighs/atom = 12.2472
Neighbor list builds = 2500
Dangerous builds not checked

write_restart NVT/sim1/T_0.10__v_17.58/end1.restart
Total wall time: 0:00:11
