run 50000
Neighbor list info ...
  update every 20 steps, delay 0 steps, check no
  max neighbors/atom: 2000, page size: 100000
  master list distance cutoff = 2.8
  ghost atom cutoff = 2.8
  binsize = 1.4, bins = 9 9 9
  1 neighbor lists, perpetual/occasional/extra = 1 0 0
  (1) pair lj/cut, perpetual
      attributes: half, newton on
      pair build: half/bin/atomonly/newton
      stencil: half/bin/3d/newton
      bin: standard
Per MPI rank memory allocation (min/avg/max) = 2.73 | 2.73 | 2.73 Mbytes
Step Temp Press TotEng 
       0          0.4    12.623509   -2.1195219 
    1000   0.74722786  -0.23768565   -3.6751218 
    2000   0.44688597    -1.429115   -4.3841164 
    3000   0.39503632   -1.3869327   -4.6318163 
    4000   0.40733116  -0.94834959   -4.7879365 
    5000   0.39350414  -0.64853931   -4.9479371 
    6000   0.39469485  -0.68813233   -5.0385679 
    7000   0.39790867  -0.52148461   -5.0312278 
    8000   0.41508771  -0.68973351   -5.0110517 
    9000   0.40495026  -0.55715849   -5.0218026 
   10000   0.39548766  -0.58312011   -5.0704936 
   11000   0.40798615  -0.53889749   -5.0235937 
   12000   0.40881693  -0.46502583   -4.9966088 
   13000    0.3939803   -0.6245514   -5.0381665 
   14000    0.3896534  -0.70488386   -5.0504209 
   15000   0.39321013  -0.74481518   -5.0240912 
   16000   0.39944664  -0.55688933   -5.0089351 
   17000   0.39024208  -0.55072428   -5.0548589 
   18000   0.39405661   -0.5266793   -5.0530025 
   19000   0.38723412   -0.5454469    -5.042508 
   20000   0.40250607  -0.54364003   -5.0259634 
   21000   0.39764007  -0.60475352    -5.010249 
   22000   0.38871829  -0.60245852   -5.0093986 
   23000    0.4073929  -0.42359773   -5.0088564 
   24000    0.4052845  -0.57817854   -5.0088063 
   25000   0.40309438  -0.57852594   -4.9893078 
   26000   0.39652349  -0.70276875   -5.0251204 
   27000   0.38885464  -0.49872264   -5.0376916 
   28000   0.40657711   -0.7383597   -5.0258709 
   29000   0.40625377  -0.67434442   -5.0251734 
   30000   0.40640725  -0.71740134   -5.0121568 
   31000   0.38996739  -0.51039702     -4.99806 
   32000   0.40137639  -0.61964816   -5.0118917 
   33000   0.39309044  -0.51244337   -5.0398011 
   34000   0.40937496  -0.61636268   -5.0083096 
   35000   0.41692482  -0.59733529   -5.0129562 
   36000   0.39480316  -0.50066893   -5.0604384 
   37000   0.40872809  -0.48174425   -5.0147652 
   38000   0.40422903  -0.70815216   -5.0430081 
   39000    0.3916078  -0.52700612   -5.0876681 
   40000   0.39586604   -0.5772027   -5.0578649 
   41000   0.41156174    -0.423522   -5.0187504 
   42000   0.39220721  -0.72431973   -5.0567531 
   43000   0.39168614  -0.52603246   -5.0481338 
   44000   0.41553066  -0.57246998   -5.0270463 
   45000   0.39581824  -0.64698049   -5.0672261 
   46000   0.39739612  -0.59591582   -5.0548387 
   47000   0.40083165  -0.52404391   -5.0256853 
   48000   0.39072844  -0.58844059   -5.0567731 
   49000   0.40148007  -0.48070911   -5.0107462 
   50000   0.41061079  -0.58483508   -5.0145309 
Loop time of 42.09 on 1 procs for 50000 steps with 1331 atoms

Performance: 410548.529 tau/day, 1187.930 timesteps/s
99.9% CPU use with 1 MPI tasks x no OpenMP threads

MPI task timing breakdown:
Section |  min time  |  avg time  |  max time  |%varavg| %total
---------------------------------------------------------------
Pair    | 34.726     | 34.726     | 34.726     |   0.0 | 82.50
Neigh   | 5.3066     | 5.3066     | 5.3066     |   0.0 | 12.61
Comm    | 0.75614    | 0.75614    | 0.75614    |   0.0 |  1.80
Output  | 0.028421   | 0.028421   | 0.028421   |   0.0 |  0.07
Modify  | 1.0811     | 1.0811     | 1.0811     |   0.0 |  2.57
Other   |            | 0.192      |            |       |  0.46

Nlocal:    1331 ave 1331 max 1331 min
Histogram: 1 0 0 0 0 0 0 0 0 0
Nghost:    2481 ave 2481 max 2481 min
Histogram: 1 0 0 0 0 0 0 0 0 0
Neighs:    48919 ave 48919 max 48919 min
Histogram: 1 0 0 0 0 0 0 0 0 0

Total # of neighbors = 48919
Ave neighs/atom = 36.7536
Neighbor list builds = 2500
Dangerous builds not checked

write_restart NVT/sim1/T_0.40__v_1.00/end1.restart
Total wall time: 0:00:42
