run 50000
Neighbor list info ...
  update every 20 steps, delay 0 steps, check no
  max neighbors/atom: 2000, page size: 100000
  master list distance cutoff = 2.8
  ghost atom cutoff = 2.8
  binsize = 1.4, bins = 16 16 16
  1 neighbor lists, perpetual/occasional/extra = 1 0 0
  (1) pair lj/cut, perpetual
      attributes: half, newton on
      pair build: half/bin/atomonly/newton
      stencil: half/bin/3d/newton
      bin: standard
Per MPI rank memory allocation (min/avg/max) = 2.7 | 2.7 | 2.7 Mbytes
Step Temp Press Volume Density PotEng KinEng TotEng 
       0          0.6  0.029533495        10648        0.125  -0.13561964   0.89932382   0.76370418 
    1000   0.94294533  0.062331384    7801.6251   0.17060548   -1.1591322    1.4133553   0.25422311 
    2000   0.80508495 0.0082165308    5961.9701   0.22324835    -1.732553    1.2067201   -0.5258329 
    3000   0.77992544  0.029294921    4634.4106   0.28719941   -2.4826704    1.1690092   -1.3136612 
    4000   0.74089821 -3.930403e-05    3660.5526    0.3636063   -3.1774026    1.1105123   -2.0668902 
    5000   0.71371978  -0.10148432     2939.061   0.45286573   -3.8020154    1.0697753     -2.73224 
    6000   0.64752597  -0.25591975    2392.4965   0.55632266   -4.2583242   0.97055921    -3.287765 
    7000   0.63864163 -0.080382021    1983.8841   0.67090613   -4.6914765   0.95724272   -3.7342338 
    8000   0.62915791  -0.14856462    1727.1687   0.77062537   -5.0512611   0.94302781   -4.1082333 
    9000   0.61308094   0.18751007    1579.4148   0.84271717   -5.3179049   0.91893048   -4.3989744 
   10000   0.60102826  0.098950521    1545.9233   0.86097414   -5.4681697   0.90086504   -4.5673047 
   11000   0.56763574   0.21750524    1554.0324   0.85648149   -5.4027874    0.8508139   -4.5519735 
   12000   0.58266839   0.27624502    1576.7785   0.84412617   -5.2910986   0.87334594   -4.4177527 
   13000   0.64543351  0.061125047    1580.1759    0.8423113   -5.3296686   0.96742287   -4.3622457 
   14000   0.59187472   0.28154313    1557.0906   0.85479936   -5.3921104   0.88714505   -4.5049654 
   15000   0.57498903   0.29151755    1551.0351   0.85813663   -5.4205435   0.86183554   -4.5587079 
   16000   0.61509977  0.040373058    1566.6921   0.84956069   -5.3864891   0.92195646   -4.4645326 
   17000   0.62141163   0.34106705    1569.1824    0.8482124   -5.3296549   0.93141713   -4.3982377 
   18000   0.58227147   0.18669764    1569.2187   0.84819278   -5.3492283   0.87275099   -4.4764773 
   19000   0.58502624  0.016830849    1560.5526   0.85290302   -5.4134383   0.87688005   -4.5365583 
   20000   0.61454823   0.34517803     1554.774   0.85607298   -5.3967639   0.92112977   -4.4756342 
   21000   0.59321789   0.35193715    1572.5108   0.84641709   -5.3102409    0.8891583   -4.4210826 
   22000   0.60542587   0.18069595    1566.5662   0.84962896   -5.3662253    0.9074565   -4.4587688 
   23000   0.57631336   0.26643723     1557.332   0.85466683   -5.3904098   0.86382054   -4.5265893 
   24000   0.61456582   0.23162784    1551.8588   0.85768113   -5.4203716   0.92115613   -4.4992154 
   25000   0.59137293   0.32666008     1571.154   0.84714803   -5.3197183   0.88639294   -4.4333254 
   26000   0.58440503   0.20557172    1576.6428   0.84419885   -5.3005902   0.87594893   -4.4246413 
   27000    0.6067525    0.2145546    1557.8382    0.8543891   -5.3992438   0.90944495   -4.4897989 
   28000   0.59825645   0.23330431    1551.9644   0.85762275   -5.4216071   0.89671046   -4.5248967 
   29000   0.57595728   0.25870299    1571.4738   0.84697562   -5.3183982   0.86328683   -4.4551114 
   30000   0.62324124   0.28485905    1570.4928   0.84750468   -5.3406678   0.93415949   -4.4065083 
   31000   0.59780016   0.14851544    1571.4344   0.84699684   -5.3554291   0.89602653   -4.4594026 
   32000   0.57990196   0.37242437    1550.8384   0.85824543   -5.3934033   0.86919941   -4.5242038 
   33000   0.59075732   0.21564758    1557.5662   0.85453833    -5.394543   0.88547021   -4.5090727 
   34000   0.60578838   0.11037258    1577.2686   0.84386389   -5.3364232   0.90799986   -4.4284233 
   35000   0.61820525   0.25714569    1565.0125   0.85047245   -5.3692627   0.92661117   -4.4426515 
   36000   0.59407688  -0.10391177    1573.7103   0.84577194   -5.3873583   0.89044581   -4.4969125 
   37000   0.60373287    0.1612678    1562.9822   0.85157722   -5.3765769   0.90491892    -4.471658 
   38000   0.60617159   0.25087099    1572.3383   0.84650996    -5.334663   0.90857424   -4.4260887 
   39000   0.58982079   0.23304303     1560.969   0.85267551    -5.379666   0.88406647   -4.4955996 
   40000   0.59750593   0.14673788     1557.445    0.8546048   -5.4111964   0.89558552   -4.5156109 
   41000    0.6101749   0.26052297    1561.5996   0.85233116   -5.3721714    0.9145747   -4.4575967 
   42000   0.59747771    0.1262544    1574.7438   0.84521685   -5.3369214   0.89554323   -4.4413781 
   43000   0.61558763   0.54275836     1556.082   0.85535341   -5.3510147   0.92268769    -4.428327 
   44000   0.58610989   0.21469184    1563.6296   0.85122459   -5.3757043   0.87850431      -4.4972 
   45000   0.60655761 -0.0086360564    1565.1608   0.85039183   -5.4051156   0.90915285   -4.4959628 
   46000   0.61164235    0.4257354     1565.475   0.85022121   -5.3384297   0.91677422   -4.4216555 
   47000   0.58394035   0.13691234    1573.0336   0.84613577   -5.3472225   0.87525244   -4.4719701 
   48000   0.59779759   0.21892856    1558.5693   0.85398832   -5.3994638   0.89602269   -4.5034411 
   49000   0.59235789   0.28985054    1557.9036   0.85435325   -5.3811139   0.88786926   -4.4932446 
   50000   0.61713542   0.26520465    1570.5809   0.84745714   -5.3415209   0.92500764   -4.4165132 
Loop time of 36.7818 on 1 procs for 50000 steps with 1331 atoms

Performance: 469797.376 tau/day, 1359.367 timesteps/s
99.9% CPU use with 1 MPI tasks x no OpenMP threads

MPI task timing breakdown:
Section |  min time  |  avg time  |  max time  |%varavg| %total
---------------------------------------------------------------
Pair    | 29.412     | 29.412     | 29.412     |   0.0 | 79.96
Neigh   | 4.4304     | 4.4304     | 4.4304     |   0.0 | 12.05
Comm    | 0.70424    | 0.70424    | 0.70424    |   0.0 |  1.91
Output  | 0.025242   | 0.025242   | 0.025242   |   0.0 |  0.07
Modify  | 2.0221     | 2.0221     | 2.0221     |   0.0 |  5.50
Other   |            | 0.1874     |            |       |  0.51

Nlocal:    1331 ave 1331 max 1331 min
Histogram: 1 0 0 0 0 0 0 0 0 0
Nghost:    3007 ave 3007 max 3007 min
Histogram: 1 0 0 0 0 0 0 0 0 0
Neighs:    50038 ave 50038 max 50038 min
Histogram: 1 0 0 0 0 0 0 0 0 0

Total # of neighbors = 50038
Ave neighs/atom = 37.5943
Neighbor list builds = 2500
Dangerous builds not checked

write_restart lattice_11_11_11__2_2_2/sim1/T_0.60__P_0.20/end1.restart
Total wall time: 0:00:36
