run 50000
Neighbor list info ...
  update every 20 steps, delay 0 steps, check no
  max neighbors/atom: 2000, page size: 100000
  master list distance cutoff = 2.8
  ghost atom cutoff = 2.8
  binsize = 1.4, bins = 16 16 16
  1 neighbor lists, perpetual/occasional/extra = 1 0 0
  (1) pair lj/cut, perpetual
      attributes: half, newton on
      pair build: half/bin/atomonly/newton
      stencil: half/bin/3d/newton
      bin: standard
Per MPI rank memory allocation (min/avg/max) = 2.7 | 2.7 | 2.7 Mbytes
Step Temp Press Volume Density PotEng KinEng TotEng 
       0          1.1  0.091986538        10648        0.125  -0.13561964    1.6487603    1.5131407 
    1000    1.5667671    0.2456037    6721.7785   0.19801307   -1.1223966     2.348385    1.2259884 
    2000     1.356744    0.2068961    4897.2945   0.27178271   -1.6374465    2.0335869   0.39614044 
    3000    1.2322134   0.18925948     3762.026   0.35379872   -2.1283267    1.8469315  -0.28139526 
    4000    1.1912131   0.21030013    2991.2873   0.44495893   -2.6467492    1.7854771  -0.86127206 
    5000    1.1700227   0.27937419    2481.1593   0.53644279   -3.1366662    1.7537155   -1.3829508 
    6000    1.1785215    0.4526208    2148.3244   0.61955262   -3.6262059    1.7664541   -1.8597518 
    7000     1.087245   0.63231006    1990.8045   0.66857393   -3.8971783    1.6296421   -2.2675361 
    8000    1.0538653   0.78368819     1908.337   0.69746591   -4.0633366    1.5796103   -2.4837264 
    9000    1.0847347   0.87076903    1895.2203   0.70229304   -4.0992718    1.6258795   -2.4733922 
   10000    1.1323764   0.74902073    1928.5385   0.69015994   -4.0504138    1.6972885   -2.3531253 
   11000    1.1130122   0.73660035    1939.6043   0.68622245   -4.0157284    1.6682639   -2.3474645 
   12000    1.1232586   0.66777671    1916.5211   0.69448754    -4.101074     1.683622   -2.4174519 
   13000    1.0959593   0.79471724    1909.6824   0.69697455   -4.0805162    1.6427039   -2.4378124 
   14000    1.1173857   0.77342668    1927.0929   0.69067766   -4.0331377    1.6748193   -2.3583184 
   15000    1.1058412   0.80385687    1931.9127   0.68895453   -4.0135948    1.6575155   -2.3560793 
   16000    1.1098946   0.74106272    1918.8597   0.69364111   -4.0621734    1.6635911   -2.3985823 
   17000    1.0803494   0.79849364    1913.0714   0.69573983   -4.0619589    1.6193066   -2.4426524 
   18000    1.1066029    1.0157247    1906.5864   0.69810632     -4.03329    1.6586572   -2.3746328 
   19000    1.1476236   0.97122788    1918.4685   0.69378256   -4.0065935     1.720142   -2.2864515 
   20000    1.1251632    0.8428667    1925.0149   0.69142323   -4.0116353    1.6864767   -2.3251586 
   21000    1.1302516    1.0074831    1905.3712   0.69855156   -4.0477572    1.6941036   -2.3536537 
   22000     1.126258   0.95598155    1889.7832   0.70431361   -4.0982188    1.6881177   -2.4101011 
   23000    1.1112433   0.94232888    1901.1308   0.70010964   -4.0658089    1.6656125   -2.4001964 
   24000    1.1407246   0.76704273    1934.2543   0.68812046    -4.026421    1.7098014   -2.3166196 
   25000    1.1167812   0.64370392    1925.5794   0.69122053   -4.0523974    1.6739133   -2.3784841 
   26000    1.0970845   0.83987783    1898.1049   0.70122574   -4.0917367    1.6443904   -2.4473464 
   27000    1.1316573   0.88466299     1914.397   0.69525808   -4.0458346    1.6962106    -2.349624 
   28000    1.1333348   0.92589576    1921.7835   0.69258582   -4.0012037     1.698725   -2.3024787 
   29000    1.1354264   0.80232229    1906.3853   0.69817994   -4.0902645      1.70186   -2.3884045 
   30000    1.1241579   0.74412292    1896.1551   0.70194681   -4.1285101      1.68497   -2.4435401 
   31000    1.0956755   0.95526405    1923.9783   0.69179575   -3.9910765    1.6422785   -2.3487981 
   32000    1.1311027    0.9871556    1919.0222   0.69358238   -3.9968649    1.6953794   -2.3014856 
   33000    1.1268257   0.79080123    1923.2582   0.69205475   -4.0498851    1.6889687   -2.3609164 
   34000    1.0687157    0.8139894    1924.9987   0.69142905   -4.0242207    1.6018691   -2.4223516 
   35000    1.1157066   0.72528749    1934.9397   0.68787674   -4.0264562    1.6723025   -2.3541537 
   36000    1.1290857   0.87504994     1932.617   0.68870346   -4.0221722    1.6923561   -2.3298161 
   37000    1.1065242   0.80679013    1898.4905    0.7010833   -4.0943976    1.6585393   -2.4358583 
   38000    1.0717541   0.92807755    1908.3646   0.69745583   -4.0436643    1.6064233    -2.437241 
   39000    1.1015689   0.90837322    1928.3936   0.69021181   -4.0006659    1.6511119   -2.3495541 
   40000    1.1306981   0.73263657    1967.3596   0.67654129   -3.9467008    1.6947729   -2.2519279 
   41000    1.0891094   0.77637712    1942.5217   0.68519181   -3.9868488    1.6324367   -2.3544122 
   42000    1.0807983   0.73637878    1939.0397   0.68642227   -3.9995093    1.6199795   -2.3795298 
   43000    1.1088119   0.79317436    1926.9881   0.69071522   -4.0262603    1.6619683    -2.364292 
   44000    1.0834094    0.7840549    1911.2478   0.69640366   -4.0671023    1.6238932   -2.4432092 
   45000    1.0886948   0.87218108     1909.126   0.69717766   -4.0574596    1.6318153   -2.4256442 
   46000     1.122402   0.84194067     1928.257   0.69026068   -4.0090819     1.682338   -2.3267439 
   47000    1.1213708   0.91066259    1895.9161   0.70203527    -4.089521    1.6807924   -2.4087286 
   48000    1.1454362   0.87302868    1884.7376   0.70619911   -4.1400915    1.7168634   -2.4232281 
   49000    1.0927655      1.21269    1897.0088   0.70163091    -4.020333    1.6379167   -2.3824163 
   50000    1.1502967    0.8316594    1933.0008   0.68856671   -3.9887995    1.7241487   -2.2646507 
Loop time of 35.1415 on 1 procs for 50000 steps with 1331 atoms

Performance: 491725.930 tau/day, 1422.818 timesteps/s
99.5% CPU use with 1 MPI tasks x no OpenMP threads

MPI task timing breakdown:
Section |  min time  |  avg time  |  max time  |%varavg| %total
---------------------------------------------------------------
Pair    | 27.401     | 27.401     | 27.401     |   0.0 | 77.97
Neigh   | 4.6161     | 4.6161     | 4.6161     |   0.0 | 13.14
Comm    | 0.74624    | 0.74624    | 0.74624    |   0.0 |  2.12
Output  | 0.026509   | 0.026509   | 0.026509   |   0.0 |  0.08
Modify  | 2.1974     | 2.1974     | 2.1974     |   0.0 |  6.25
Other   |            | 0.1545     |            |       |  0.44

Nlocal:    1331 ave 1331 max 1331 min
Histogram: 1 0 0 0 0 0 0 0 0 0
Nghost:    2737 ave 2737 max 2737 min
Histogram: 1 0 0 0 0 0 0 0 0 0
Neighs:    41267 ave 41267 max 41267 min
Histogram: 1 0 0 0 0 0 0 0 0 0

Total # of neighbors = 41267
Ave neighs/atom = 31.0045
Neighbor list builds = 2500
Dangerous builds not checked

write_restart lattice_11_11_11__2_2_2/sim1/T_1.10__P_0.80/end1.restart
Total wall time: 0:00:35
