run 50000
Neighbor list info ...
  update every 20 steps, delay 0 steps, check no
  max neighbors/atom: 2000, page size: 100000
  master list distance cutoff = 2.8
  ghost atom cutoff = 2.8
  binsize = 1.4, bins = 16 16 16
  1 neighbor lists, perpetual/occasional/extra = 1 0 0
  (1) pair lj/cut, perpetual
      attributes: half, newton on
      pair build: half/bin/atomonly/newton
      stencil: half/bin/3d/newton
      bin: standard
Per MPI rank memory allocation (min/avg/max) = 2.7 | 2.7 | 2.7 Mbytes
Step Temp Press Volume Density PotEng KinEng TotEng 
       0          1.9   0.19191141        10648        0.125  -0.13561964    2.8478588    2.7122391 
    1000    2.2050372   0.33388371    8447.7258    0.1575572  -0.83387553    3.3050707    2.4711952 
    2000    1.9764169   0.31817093    7135.7129   0.18652656   -1.0016761     2.962398    1.9607219 
    3000    1.9069639   0.37759715    6195.1607   0.21484511   -1.1705327    2.8582967     1.687764 
    4000    1.8811161   0.45175993    5569.6201     0.238975   -1.2709594    2.8195542    1.5485947 
    5000     1.897005   0.43975369    5185.7055    0.2566671   -1.4249281    2.8433696    1.4184415 
    6000    1.8976221    0.4881592     4880.648   0.27270969   -1.4832855    2.8442946    1.3610091 
    7000    1.8727973   0.52446502     4734.863   0.28110634   -1.4901057    2.8070853    1.3169796 
    8000    1.8891176   0.56370393    4670.4167   0.28498528   -1.5193217    2.8315474    1.3122257 
    9000    1.8700333   0.48676183     4633.725    0.2872419   -1.5755822    2.8029425    1.2273603 
   10000    1.9528069   0.55311621    4525.4489   0.29411447   -1.5332732    2.9270096    1.3937364 
   11000    1.7985244   0.47677651    4701.4549   0.28310385   -1.5221255    2.6957596    1.1736342 
   12000    1.9958563   0.54332992    4532.9312   0.29362898   -1.5867466    2.9915352    1.4047886 
   13000    1.8595863   0.47446244    4653.0208   0.28605073   -1.5638588    2.7872837    1.2234249 
   14000    1.9418108   0.49362991    4646.4753   0.28645369   -1.5235684    2.9105278    1.3869594 
   15000    1.8386506   0.49674868    4745.2213   0.28049272   -1.4865065    2.7559037    1.2693973 
   16000    1.9216387   0.52278047    4724.4754    0.2817244   -1.4969678    2.8802924    1.3833246 
   17000    1.9023151   0.49734514    4795.9964   0.27752314   -1.4827359    2.8513288    1.3685929 
   18000     1.880754   0.51748739    4756.1038   0.27985092   -1.5081309    2.8190115    1.3108805 
   19000    1.9318838   0.51129592    4653.2098   0.28603911   -1.5557447    2.8956485    1.3399037 
   20000    1.8620182   0.51356021    4596.2782   0.28958212   -1.5864303    2.7909289    1.2044986 
   21000     1.998174   0.56183348    4577.2676   0.29078483   -1.5814087    2.9950091    1.4136004 
   22000     1.855463   0.47429296    4895.4726   0.27188387   -1.4897211    2.7811034    1.2913823 
   23000    1.9304223   0.48036292    4796.8887   0.27747152   -1.4689595    2.8934579    1.4244984 
   24000      1.93211   0.48773934    4715.3745   0.28226814   -1.5582623    2.8959876    1.3377253 
   25000    1.9098147   0.50228457    4629.9683   0.28747497   -1.5731502    2.8625697    1.2894196 
   26000    1.8549436   0.52888749    4417.4767   0.30130323    -1.649988     2.780325     1.130337 
   27000    1.8970978   0.55434145    4383.5806   0.30363306   -1.6679329    2.8435088    1.1755759 
   28000    1.8721747   0.54946795    4628.8811   0.28754249   -1.5500486    2.8061522    1.2561036 
   29000    1.9212396   0.52358879    4687.7789   0.28392978   -1.5377469    2.8796943    1.3419474 
   30000     1.838214   0.42968246    4686.0385   0.28403522   -1.5565949    2.7552494    1.1986545 
   31000    1.9706763   0.50042099    4466.2582   0.29801233   -1.6518306    2.9537935    1.3019629 
   32000    1.8230757    0.5038421    4613.9642   0.28847211   -1.5790586     2.732559    1.1535004 
   33000    1.9169729   0.57589036     4592.838   0.28979903   -1.5340621    2.8732989    1.3392369 
   34000    1.8890018   0.53772817    4750.2484   0.28019588   -1.4852674    2.8313739    1.3461065 
   35000    1.9090243   0.52413358     4845.856   0.27466768   -1.5021397     2.861385    1.3592453 
   36000    1.9164457   0.54122329    4684.4489   0.28413161   -1.4753829    2.8725087    1.3971258 
   37000    1.8311786   0.45234362    4605.3121   0.28901407    -1.554924    2.7447043    1.1897803 
   38000    1.9233557   0.54982801    4589.5062   0.29000941   -1.5532813     2.882866    1.3295847 
   39000    1.8307599    0.4490648    4755.9919    0.2798575    -1.553373    2.7440766    1.1907036 
   40000     1.949539   0.55373283    4630.8064   0.28742294   -1.5138795    2.9221115     1.408232 
   41000    1.8626114   0.41155589    4694.0617   0.28354974   -1.5535282    2.7918179    1.2382897 
   42000    1.9119792   0.49115218    4634.8403   0.28717279   -1.5484984     2.865814    1.3173156 
   43000    1.8745238   0.46072962    4638.4198   0.28695117   -1.5958967    2.8096731    1.2137765 
   44000    1.9281061   0.52274955     4537.564   0.29332919   -1.6038731    2.8899862     1.286113 
   45000    1.8725092   0.48095991    4705.4668   0.28286248   -1.5298729    2.8066535    1.2767805 
   46000    1.9513628   0.55599225     4773.779   0.27881475   -1.4893003    2.9248451    1.4355448 
   47000    1.8602501   0.43301063    4819.2977   0.27618132    -1.516493    2.7882787    1.2717857 
   48000    2.0030143   0.59896763     4714.511   0.28231984   -1.4790547    3.0022641    1.5232094 
   49000    1.8611618   0.50045133    4850.6449    0.2743965   -1.4899236    2.7896452    1.2997216 
   50000    1.9397685   0.45989259    4656.9514    0.2858093   -1.5517247    2.9074667     1.355742 
Loop time of 20.8111 on 1 procs for 50000 steps with 1331 atoms

Performance: 830327.857 tau/day, 2402.569 timesteps/s
99.3% CPU use with 1 MPI tasks x no OpenMP threads

MPI task timing breakdown:
Section |  min time  |  avg time  |  max time  |%varavg| %total
---------------------------------------------------------------
Pair    | 14.102     | 14.102     | 14.102     |   0.0 | 67.76
Neigh   | 3.4694     | 3.4694     | 3.4694     |   0.0 | 16.67
Comm    | 0.62898    | 0.62898    | 0.62898    |   0.0 |  3.02
Output  | 0.027122   | 0.027122   | 0.027122   |   0.0 |  0.13
Modify  | 2.4424     | 2.4424     | 2.4424     |   0.0 | 11.74
Other   |            | 0.1414     |            |       |  0.68

Nlocal:    1331 ave 1331 max 1331 min
Histogram: 1 0 0 0 0 0 0 0 0 0
Nghost:    1775 ave 1775 max 1775 min
Histogram: 1 0 0 0 0 0 0 0 0 0
Neighs:    17292 ave 17292 max 17292 min
Histogram: 1 0 0 0 0 0 0 0 0 0

Total # of neighbors = 17292
Ave neighs/atom = 12.9917
Neighbor list builds = 2500
Dangerous builds not checked

write_restart lattice_11_11_11__2_2_2/sim1/T_1.90__P_0.50/end1.restart
Total wall time: 0:00:20
