run 50000
Neighbor list info ...
  update every 20 steps, delay 0 steps, check no
  max neighbors/atom: 2000, page size: 100000
  master list distance cutoff = 2.8
  ghost atom cutoff = 2.8
  binsize = 1.4, bins = 16 16 16
  1 neighbor lists, perpetual/occasional/extra = 1 0 0
  (1) pair lj/cut, perpetual
      attributes: half, newton on
      pair build: half/bin/atomonly/newton
      stencil: half/bin/3d/newton
      bin: standard
Per MPI rank memory allocation (min/avg/max) = 2.7 | 2.7 | 2.7 Mbytes
Step Temp Press Volume Density PotEng KinEng TotEng 
       0          1.7   0.16693019        10648        0.125  -0.13561964    2.5480841    2.4124645 
    1000    2.2405965   0.38830329    6952.0721   0.19145371   -1.0233599    3.3583697    2.3350099 
    2000    1.9654516   0.43147936    5231.8273   0.25440442   -1.3848913    2.9459625    1.5610711 
    3000    1.8119429   0.54249181     4165.703    0.3195139   -1.7628029    2.7158723   0.95306939 
    4000    1.7366762   0.62306021    3477.6536   0.38272932   -2.0799019    2.6030571   0.52315524 
    5000    1.7319681    0.7591506    3015.4808   0.44138898   -2.4115278    2.5960003   0.18447248 
    6000    1.7171028   0.81166955     2730.328   0.48748722   -2.6617423    2.5737191 -0.088023191 
    7000    1.7111608   0.93771205    2560.3036   0.51986022   -2.8441478    2.5648127  -0.27933506 
    8000    1.6703432    1.1352206    2487.2894   0.53512068   -2.8956179    2.5036324  -0.39198545 
    9000    1.6791832     1.203585    2495.3942   0.53338265   -2.8788622    2.5168825  -0.36197976 
   10000    1.7411862   0.97314108    2517.4318   0.52871342   -2.8852464     2.609817  -0.27542935 
   11000    1.7294545    1.1635323    2490.3565   0.53446163   -2.9111606    2.5922327  -0.31892791 
   12000    1.6750843   0.94467275    2481.3727   0.53639664   -2.9274115    2.5107386  -0.41667291 
   13000    1.6988928    1.0488655    2511.9793   0.52986106   -2.8750556    2.5464246  -0.32863098 
   14000     1.749771    1.1072035    2527.0964   0.52669142   -2.8727905    2.6226845  -0.25010594 
   15000    1.7114204    1.1782443    2500.2658    0.5323434   -2.8757952    2.5652019  -0.31059332 
   16000     1.678625    1.0143645    2473.1305    0.5381843   -2.9528386    2.5160457  -0.43679289 
   17000    1.6928543     1.233018     2476.686   0.53741169   -2.8636593    2.5373737  -0.32628558 
   18000    1.7733009    1.1026643    2547.1175   0.52255147   -2.8362426    2.6579529  -0.17828968 
   19000    1.6627529    1.1033231     2543.649   0.52326401   -2.8065967    2.4922554  -0.31434121 
   20000    1.7828366   0.87780657    2465.0335   0.53995209   -2.9946858    2.6722457  -0.32244014 
   21000    1.6916855    1.1353208    2456.1536   0.54190421   -2.9539436    2.5356218  -0.41832174 
   22000    1.6798506   0.95028879    2543.4221   0.52331071   -2.8642189    2.5178828  -0.34633612 
   23000    1.6690182    1.1225296    2531.7278   0.52572793   -2.8518002    2.5016463  -0.35015381 
   24000    1.7894895    1.3473399    2447.9275   0.54372525   -2.8894346    2.6822175  -0.20721709 
   25000    1.6740094    1.1728704    2500.3876   0.53231748   -2.9012355    2.5091276  -0.39210789 
   26000    1.6962037    1.0889776    2510.1757   0.53024176   -2.8658634     2.542394  -0.32346938 
   27000    1.7095391    1.0176828    2492.0157   0.53410578   -2.9065999    2.5623821  -0.34421789 
   28000    1.6767628    1.1355926    2521.6264   0.52783395   -2.8534567    2.5132545  -0.34020219 
   29000    1.7198419    1.1301435    2489.4472   0.53465685   -2.8554476    2.5778246   -0.2776229 
   30000     1.686348    1.0403494    2478.3031   0.53706102   -2.9294156    2.5276216  -0.40179402 
   31000     1.602745   0.87366121    2487.8521   0.53499964   -2.9181314    2.4023113  -0.51582004 
   32000    1.7227767    1.2986198    2445.3264   0.54430363   -2.9287708    2.5822236  -0.34654719 
   33000    1.6824113    1.2378791    2512.3908   0.52977427   -2.8147664     2.521721  -0.29304541 
   34000    1.6612814     1.254313    2523.0429   0.52753761   -2.8298972    2.4900499  -0.33984733 
   35000    1.7146217    1.0203334    2446.1487   0.54412065   -2.9892897    2.5700001  -0.41928951 
   36000    1.7092018    1.2017337    2409.2791   0.55244742   -2.9889614    2.5618765  -0.42708496 
   37000    1.7301005   0.99038556    2544.8723    0.5230125   -2.8711878     2.593201  -0.27798678 
   38000    1.6926005    1.2298245    2508.3979   0.53061757   -2.8168285    2.5369933  -0.27983521 
   39000    1.6902217     1.097086    2484.5892   0.53570225   -2.8901711    2.5334277  -0.35674337 
   40000    1.6394532    1.1553131    2504.4069   0.53146317   -2.8522213    2.4573322  -0.39488901 
   41000     1.752424    1.2304845    2447.1469    0.5438987   -2.9303206    2.6266611  -0.30365956 
   42000     1.742554    0.9966736    2520.5866   0.52805168   -2.8912751    2.6118672  -0.27940787 
   43000     1.670036    1.0500222    2553.7331   0.52119777   -2.8449224    2.5031719  -0.34175047 
   44000    1.6724552    1.1748745    2507.0182   0.53090959   -2.8261148    2.5067979  -0.31931689 
   45000    1.7056227    1.2266854    2438.1489   0.54590595   -2.9457961    2.5565119  -0.38928418 
   46000    1.6494237    1.0719874     2501.583   0.53206309   -2.8864808    2.4722768  -0.41420401 
   47000    1.7360183   0.95964888    2534.9467   0.52506036    -2.880865     2.602071  -0.27879403 
   48000    1.7308867    1.1484105    2488.6179   0.53483502   -2.8777038    2.5943794  -0.28332436 
   49000    1.6663644      1.11401    2483.6251   0.53591019   -2.9126872    2.4976686  -0.41501861 
   50000    1.6492068    1.1953024    2507.4507   0.53081802   -2.8255544    2.4719516  -0.35360278 
Loop time of 27.1061 on 1 procs for 50000 steps with 1331 atoms

Performance: 637494.516 tau/day, 1844.602 timesteps/s
99.9% CPU use with 1 MPI tasks x no OpenMP threads

MPI task timing breakdown:
Section |  min time  |  avg time  |  max time  |%varavg| %total
---------------------------------------------------------------
Pair    | 20.51      | 20.51      | 20.51      |   0.0 | 75.66
Neigh   | 3.7842     | 3.7842     | 3.7842     |   0.0 | 13.96
Comm    | 0.63304    | 0.63304    | 0.63304    |   0.0 |  2.34
Output  | 0.024926   | 0.024926   | 0.024926   |   0.0 |  0.09
Modify  | 2.0254     | 2.0254     | 2.0254     |   0.0 |  7.47
Other   |            | 0.129      |            |       |  0.48

Nlocal:    1331 ave 1331 max 1331 min
Histogram: 1 0 0 0 0 0 0 0 0 0
Nghost:    2367 ave 2367 max 2367 min
Histogram: 1 0 0 0 0 0 0 0 0 0
Neighs:    32012 ave 32012 max 32012 min
Histogram: 1 0 0 0 0 0 0 0 0 0

Total # of neighbors = 32012
Ave neighs/atom = 24.0511
Neighbor list builds = 2500
Dangerous builds not checked

write_restart lattice_11_11_11__2_2_2/sim1/T_1.70__P_1.10/end1.restart
Total wall time: 0:00:27
