run 50000
Neighbor list info ...
  update every 20 steps, delay 0 steps, check no
  max neighbors/atom: 2000, page size: 100000
  master list distance cutoff = 2.8
  ghost atom cutoff = 2.8
  binsize = 1.4, bins = 16 16 16
  1 neighbor lists, perpetual/occasional/extra = 1 0 0
  (1) pair lj/cut, perpetual
      attributes: half, newton on
      pair build: half/bin/atomonly/newton
      stencil: half/bin/3d/newton
      bin: standard
Per MPI rank memory allocation (min/avg/max) = 2.7 | 2.7 | 2.7 Mbytes
Step Temp Press Volume Density PotEng KinEng TotEng 
       0          0.5  0.017042887        10648        0.125  -0.13561964   0.74943651   0.61381687 
    1000   0.97242112  0.084808005    6144.3909   0.21662033   -1.4430942    1.4575358  0.014441558 
    2000   0.84038201 0.0095691226    4120.9396    0.3229846   -2.3677653    1.2596259   -1.1081393 
    3000   0.75416522 -0.074909812    2911.2169   0.45719713   -3.3622496    1.1303979   -2.2318517 
    4000   0.71431424 -0.026069725    2192.8219   0.60698043   -4.3232958    1.0706663   -3.2526294 
    5000   0.61497725  0.091127532    1735.6505   0.76685945   -4.9668667   0.92177282   -4.0450939 
    6000   0.56880525   0.42412614     1532.421   0.86856029   -5.4909282   0.85256685   -4.6383614 
    7000   0.50246682   0.48545946    1474.3872   0.90274795   -5.7671857   0.75313396   -5.0140517 
    8000   0.48262627   0.45477817    1453.8606   0.91549355   -5.8852784    0.7233955   -5.1618829 
    9000   0.49376109   0.54532224     1461.156   0.91092256   -5.8262075   0.74008518   -5.0861223 
   10000   0.50570869   0.62689089    1470.2437   0.90529208   -5.7545729   0.75799311   -4.9965798 
   11000   0.49977364   0.41478477    1466.5909   0.90754686   -5.8201666   0.74909723   -5.0710694 
   12000   0.49489525   0.50666348    1460.4731   0.91134851   -5.8402532   0.74178514    -5.098468 
   13000   0.50981889    0.5704387    1466.2141   0.90778013   -5.7996979   0.76415378   -5.0355441 
   14000    0.4935295   0.60654309    1472.5333   0.90388447   -5.7501219   0.73973806   -5.0103839 
   15000   0.50360605   0.61193225    1463.5538   0.90943019   -5.8031317   0.75484153   -5.0482901 
   16000   0.49749965   0.56749766    1463.2915    0.9095932   -5.8083444   0.74568881   -5.0626556 
   17000   0.50835973   0.57154926    1469.4008    0.9058114   -5.7800318   0.76196668   -5.0180652 
   18000   0.53297672   0.59019014    1466.1667   0.90780949   -5.8015266   0.79886443   -5.0026622 
   19000   0.50196047   0.56002872     1460.591   0.91127495   -5.8314239   0.75237501   -5.0790489 
   20000   0.49926629   0.51468594    1458.3225   0.91269246   -5.8516869   0.74833678   -5.1033501 
   21000   0.49259453    0.3310754    1472.4225   0.90395249   -5.8010421   0.73833665   -5.0627054 
   22000   0.48549886   0.42349525    1482.6323   0.89772765   -5.7361471   0.72770115    -5.008446 
   23000   0.50008048   0.32246943    1476.9607   0.90117495   -5.7835112   0.74955714   -5.0339541 
   24000   0.49625958   0.47069169    1468.2062   0.90654844   -5.8015255    0.7438301   -5.0576954 
   25000   0.50329682   0.51837772    1469.1645   0.90595709    -5.792089   0.75437803    -5.037711 
   26000   0.50651375   0.59785843     1467.932   0.90671776    -5.779591   0.75919979   -5.0203912 
   27000   0.50657949   0.65141026     1460.439   0.91136982   -5.8210461   0.75929833   -5.0617478 
   28000   0.48844902   0.77430428    1454.5833   0.91503868   -5.8206301   0.73212306   -5.0885071 
   29000   0.49279291   0.77025022    1462.2866   0.91021826   -5.7753033   0.73863399   -5.0366693 
   30000   0.50953776   0.52694654     1469.494   0.90575397   -5.7832316   0.76373241   -5.0194991 
   31000   0.48820464   0.56487148    1466.5877   0.90754887   -5.7855044   0.73175676   -5.0537476 
   32000   0.49406165   0.54493804    1460.6505   0.91123785   -5.8307499   0.74053569   -5.0902142 
   33000   0.50349397   0.50126672    1466.3215    0.9077136   -5.8187831   0.75467354   -5.0641095 
   34000   0.50712716    0.7090992    1466.7415    0.9074537   -5.7609601   0.76011922   -5.0008408 
   35000   0.51398999    0.5901791    1466.7717     0.907435   -5.7882227   0.77040573    -5.017817 
   36000   0.49085953   0.63854618    1457.0816    0.9134698   -5.8349601   0.73573611    -5.099224 
   37000    0.4858163    0.6013963    1459.6006   0.91189327   -5.8210986   0.72817695   -5.0929217 
   38000   0.50219577    0.4700118    1470.6483   0.90504302   -5.7850699    0.7527277   -5.0323422 
   39000   0.50269483    0.3226885    1472.5197   0.90389284   -5.8054888   0.75347573   -5.0520131 
   40000   0.48615646    0.3987687    1469.9442   0.90547654   -5.8076578    0.7286868    -5.078971 
   41000   0.49524703   0.35646299    1466.9823   0.90730477   -5.8243648   0.74231241   -5.0820524 
   42000   0.49718519   0.52601551    1460.0491   0.91161317   -5.8401093   0.74521746   -5.0948918 
   43000   0.49234691   0.56301914    1460.6254   0.91125352   -5.8256782    0.7379655   -5.0877127 
   44000   0.50845179   0.54261436    1469.7357     0.905605   -5.7794249   0.76210468   -5.0173203 
   45000   0.50984841   0.56386568    1470.6125   0.90506508   -5.7665736   0.76419804   -5.0023756 
   46000   0.49627924   0.57400427    1459.6835   0.91184153   -5.8298322   0.74385957   -5.0859726 
   47000   0.49408066   0.59960324    1458.3835   0.91265432   -5.8329636   0.74056418   -5.0923994 
   48000   0.52399114   0.72985124    1460.0236    0.9116291   -5.8059288   0.78539619   -5.0205326 
   49000    0.4996323   0.75024992    1465.2555   0.90837403   -5.7658651   0.74888538   -5.0169797 
   50000   0.50129079    0.5665355    1465.8847    0.9079841   -5.7976752   0.75137124   -5.0463039 
Loop time of 39.261 on 1 procs for 50000 steps with 1331 atoms

Performance: 440131.030 tau/day, 1273.527 timesteps/s
99.9% CPU use with 1 MPI tasks x no OpenMP threads

MPI task timing breakdown:
Section |  min time  |  avg time  |  max time  |%varavg| %total
---------------------------------------------------------------
Pair    | 31.726     | 31.726     | 31.726     |   0.0 | 80.81
Neigh   | 4.5353     | 4.5353     | 4.5353     |   0.0 | 11.55
Comm    | 0.71936    | 0.71936    | 0.71936    |   0.0 |  1.83
Output  | 0.02444    | 0.02444    | 0.02444    |   0.0 |  0.06
Modify  | 2.0389     | 2.0389     | 2.0389     |   0.0 |  5.19
Other   |            | 0.2174     |            |       |  0.55

Nlocal:    1331 ave 1331 max 1331 min
Histogram: 1 0 0 0 0 0 0 0 0 0
Nghost:    3107 ave 3107 max 3107 min
Histogram: 1 0 0 0 0 0 0 0 0 0
Neighs:    53498 ave 53498 max 53498 min
Histogram: 1 0 0 0 0 0 0 0 0 0

Total # of neighbors = 53498
Ave neighs/atom = 40.1938
Neighbor list builds = 2500
Dangerous builds not checked

write_restart lattice_11_11_11__2_2_2/sim1/T_0.50__P_0.50/end1.restart
Total wall time: 0:00:39
