run 50000
Neighbor list info ...
  update every 20 steps, delay 0 steps, check no
  max neighbors/atom: 2000, page size: 100000
  master list distance cutoff = 2.8
  ghost atom cutoff = 2.8
  binsize = 1.4, bins = 11 11 11
  1 neighbor lists, perpetual/occasional/extra = 1 0 0
  (1) pair lj/cut, perpetual
      attributes: half, newton on
      pair build: half/bin/atomonly/newton
      stencil: half/bin/3d/newton
      bin: standard
Per MPI rank memory allocation (min/avg/max) = 2.735 | 2.735 | 2.735 Mbytes
Step Temp Press TotEng 
       0          0.5   -1.3325812   -1.4774341 
    1000   0.77658383  0.022349814   -2.1175029 
    2000   0.70441641 -0.056196274   -2.8683801 
    3000   0.60548301 -0.059060256   -3.4854026 
    4000   0.53214087 -0.062801547   -3.9137804 
    5000   0.48291301  -0.14313539   -4.1547144 
    6000   0.48861911  0.036316503   -4.1862102 
    7000   0.50935291   -0.0416427   -4.1096268 
    8000   0.50155116 -0.0051206949   -4.0862519 
    9000   0.49659372 -0.079508695   -4.1695587 
   10000   0.48411154 -0.060545669   -4.2082156 
   11000   0.49756325  -0.10457629   -4.1493534 
   12000   0.49923933 -0.035980419   -4.0976033 
   13000   0.50243088  -0.11040625   -4.1213238 
   14000   0.49467461 -0.081064321   -4.1821046 
   15000   0.51099502 -0.079739074   -4.1274594 
   16000   0.51659798  -0.12051371   -4.0929106 
   17000   0.50116596 0.0033105233   -4.1449937 
   18000   0.50081411 -0.044263529   -4.1726311 
   19000   0.50543538  -0.16054376   -4.1617699 
   20000   0.48863928 -0.072675583    -4.156481 
   21000   0.49956809 -0.079549539   -4.1802513 
   22000     0.494315  -0.13075444   -4.1653322 
   23000   0.52797828  -0.06833091   -4.1033618 
   24000   0.49915686  -0.13539719   -4.1458007 
   25000   0.47234365  -0.13256897   -4.1996066 
   26000   0.49017367 -0.026517316   -4.1512003 
   27000   0.50719883 -0.039498459   -4.0880763 
   28000   0.50197573  -0.10956732   -4.1341799 
   29000   0.48642921 -0.060788362   -4.1755484 
   30000   0.48565084 -0.077705277   -4.1858285 
   31000   0.49564445  -0.16194149   -4.1338555 
   32000   0.48755372 -0.071494463    -4.118125 
   33000   0.50084915 -0.066860907   -4.1484456 
   34000   0.48997185  -0.14480836   -4.1501045 
   35000   0.51373232  -0.10143123   -4.1012368 
   36000   0.50248295 -0.095864221   -4.1294939 
   37000   0.47897004 -0.036876573   -4.2024598 
   38000   0.51398754  -0.11237639   -4.1484054 
   39000   0.50718969 -0.081331941    -4.135771 
   40000    0.4835536  -0.12146961   -4.1810009 
   41000   0.49146125  -0.11176971   -4.1800794 
   42000   0.49031725 -0.094348338   -4.1295305 
   43000   0.50280899 -0.097675383   -4.1434651 
   44000   0.50644038  -0.02537333   -4.1712783 
   45000   0.50752985  -0.16330062   -4.1302562 
   46000   0.52097981  -0.11949952   -4.1106051 
   47000   0.49661371  -0.17532137   -4.1691375 
   48000   0.51065001  -0.14817981    -4.154317 
   49000     0.507084 -0.039847298   -4.1184064 
   50000   0.50576045  -0.19038397   -4.0991924 
Loop time of 28.8143 on 1 procs for 50000 steps with 1331 atoms

Performance: 599702.445 tau/day, 1735.250 timesteps/s
99.9% CPU use with 1 MPI tasks x no OpenMP threads

MPI task timing breakdown:
Section |  min time  |  avg time  |  max time  |%varavg| %total
---------------------------------------------------------------
Pair    | 23.896     | 23.896     | 23.896     |   0.0 | 82.93
Neigh   | 3.768      | 3.768      | 3.768      |   0.0 | 13.08
Comm    | 0.20822    | 0.20822    | 0.20822    |   0.0 |  0.72
Output  | 0.023313   | 0.023313   | 0.023313   |   0.0 |  0.08
Modify  | 0.84172    | 0.84172    | 0.84172    |   0.0 |  2.92
Other   |            | 0.07725    |            |       |  0.27

Nlocal:    1331 ave 1331 max 1331 min
Histogram: 1 0 0 0 0 0 0 0 0 0
Nghost:    693 ave 693 max 693 min
Histogram: 1 0 0 0 0 0 0 0 0 0
Neighs:    41064 ave 41064 max 41064 min
Histogram: 1 0 0 0 0 0 0 0 0 0

Total # of neighbors = 41064
Ave neighs/atom = 30.852
Neighbor list builds = 2500
Dangerous builds not checked

write_restart NVT/sim1/T_0.50__v_2.20/end1.restart
Total wall time: 0:00:28
