run 50000
Neighbor list info ...
  update every 20 steps, delay 0 steps, check no
  max neighbors/atom: 2000, page size: 100000
  master list distance cutoff = 2.8
  ghost atom cutoff = 2.8
  binsize = 1.4, bins = 16 16 16
  1 neighbor lists, perpetual/occasional/extra = 1 0 0
  (1) pair lj/cut, perpetual
      attributes: half, newton on
      pair build: half/bin/atomonly/newton
      stencil: half/bin/3d/newton
      bin: standard
Per MPI rank memory allocation (min/avg/max) = 2.7 | 2.7 | 2.7 Mbytes
Step Temp Press Volume Density PotEng KinEng TotEng 
       0          0.5  0.017042887        10648        0.125  -0.13561964   0.74943651   0.61381687 
    1000    1.1562405   0.17533397    4418.1684   0.30125606   -1.8262447    1.7330577 -0.093187058 
    2000   0.97470913  0.065662107    2603.2228   0.51128932   -3.1480953    1.4609652     -1.68713 
    3000   0.89734305   0.65327849    1786.9008   0.74486506   -4.4657909    1.3450033   -3.1207876 
    4000   0.71040763    1.5240364    1533.6611   0.86785798   -5.2789121    1.0648108   -4.2141013 
    5000   0.56530277    1.5318214    1446.1546   0.92037186   -5.7419345   0.84731707   -4.8946174 
    6000   0.46952338    1.6469475    1409.4226   0.94435833    -5.936746   0.70375593     -5.23299 
    7000    0.4849594    1.6093439     1401.042    0.9500072   -6.0006727   0.72689256   -5.2737801 
    8000   0.52842907    1.5704149    1413.2161   0.94182343   -5.9337035   0.79204808   -5.1416554 
    9000   0.51166105    1.6345508    1414.0906   0.94124094   -5.9132729   0.76691495   -5.1463579 
   10000   0.49506936    1.5857254    1401.1519   0.94993268   -6.0056002   0.74204611   -5.2635541 
   11000   0.48485382    1.6497857    1399.0597   0.95135326   -6.0040173   0.72673431    -5.277283 
   12000   0.51379279    1.6940821    1407.4293   0.94569584   -5.9511533   0.77011015   -5.1810432 
   13000   0.50109263    1.6015429    1408.9396   0.94468211   -5.9499234   0.75107423   -5.1988492 
   14000   0.48449045    1.5545935    1399.7007   0.95091761   -6.0142281   0.72618967   -5.2880385 
   15000   0.50042866    1.3562897    1406.7298   0.94616605   -6.0098751   0.75007902    -5.259796 
   16000   0.50838655    1.4716511    1415.5572   0.94026579   -5.9324041   0.76200689   -5.1703972 
   17000   0.49722594     1.667211    1405.9165   0.94671337   -5.9634867   0.74527855   -5.2182082 
   18000    0.4904229    1.8887491    1394.6908    0.9543334   -5.9889314   0.73508166   -5.2538498 
   19000   0.49829466     1.546502    1411.3821   0.94304724   -5.9392761   0.74688043   -5.1923957 
   20000   0.51080456     1.418479    1414.7691   0.94078957   -5.9530597   0.76563118   -5.1874285 
   21000   0.49036141    1.5403305    1401.9599    0.9493852   -6.0070595   0.73498949     -5.27207 
   22000    0.5087242    1.6939801    1395.7174   0.95363146   -6.0170111   0.76251299   -5.2544981 
   23000   0.51257025    1.5414413    1404.1738   0.94788833   -5.9900688   0.76827772   -5.2217911 
   24000   0.50149007    1.5078707    1403.4276   0.94839232    -6.009031   0.75166993   -5.2573611 
   25000   0.47845649    1.7944167    1395.7076   0.95363811   -6.0028355   0.71714553   -5.2856899 
   26000   0.51148464    1.6801264    1401.8901   0.94943247   -5.9839685   0.76665053   -5.2173179 
   27000   0.51560463    1.4662974    1412.0869   0.94257652   -5.9576206   0.77282587   -5.1847948 
   28000   0.47270544    1.4513848    1408.5142   0.94496737   -5.9745867   0.70852543   -5.2660613 
   29000   0.49072343    1.9041879    1395.3312    0.9538954   -5.9856677   0.73553211   -5.2501356 
   30000    0.5147282    1.7743118    1401.7406   0.94953374   -5.9582334   0.77151222   -5.1867212 
   31000   0.52252552    1.4627841     1408.662   0.94486825   -5.9830075    0.7831994   -5.1998081 
   32000   0.49129758    1.3562723    1408.9064   0.94470436   -5.9964167   0.73639269    -5.260024 
   33000   0.49740084    1.5990292    1401.4972   0.94969867   -5.9992335   0.74554071   -5.2536928 
   34000   0.50724262    1.4421181    1411.0127   0.94329412   -5.9651244   0.76029228   -5.2048321 
   35000   0.51473931    1.4973595    1407.6421   0.94555284   -5.9825675   0.77152886   -5.2110387 
   36000   0.48778391     1.634114    1397.7878   0.95221891   -6.0097544   0.73112615   -5.2786282 
   37000   0.51429342     1.688489    1398.8052   0.95152634   -5.9993068   0.77086054   -5.2284463 
   38000   0.52537586    1.7837825    1401.8169   0.94948209   -5.9666557   0.78747171    -5.179184 
   39000   0.49184957    1.3574333    1411.2277   0.94315044   -5.9833239   0.73722006   -5.2461039 
   40000   0.48682975      1.59835    1404.3472   0.94777135   -5.9823387   0.72969598   -5.2526427 
   41000   0.51072689    1.5211638    1406.5491   0.94628762   -5.9781802   0.76551476   -5.2126654 
   42000   0.50511129    1.5769836    1403.3354   0.94845466   -5.9901122   0.75709769   -5.2330145 
   43000   0.50019569    1.5480542    1399.3698   0.95114247   -6.0261156   0.74972983   -5.2763857 
   44000   0.50492381     1.680658    1395.4656   0.95380349    -6.029953   0.75681668   -5.2731363 
   45000   0.51642688    1.7695827    1398.1926   0.95194323   -5.9961882   0.77405832   -5.2221298 
   46000   0.50016504    1.5243835    1402.9192   0.94873605    -6.007599   0.74968389   -5.2579151 
   47000   0.49214106    1.4303712    1398.4064   0.95179772   -6.0478536   0.73765696   -5.3101967 
   48000   0.51759062    1.6183342    1393.6956   0.95501486   -6.0478516   0.77580262    -5.272049 
   49000   0.51701152    1.8718524    1390.0641    0.9575098   -6.0328441   0.77493462   -5.2579095 
   50000   0.48375645    1.5277243    1390.5995   0.95714112    -6.085151    0.7250895   -5.3600615 
Loop time of 41.4028 on 1 procs for 50000 steps with 1331 atoms

Performance: 417363.440 tau/day, 1207.649 timesteps/s
99.8% CPU use with 1 MPI tasks x no OpenMP threads

MPI task timing breakdown:
Section |  min time  |  avg time  |  max time  |%varavg| %total
---------------------------------------------------------------
Pair    | 33.574     | 33.574     | 33.574     |   0.0 | 81.09
Neigh   | 4.8506     | 4.8506     | 4.8506     |   0.0 | 11.72
Comm    | 0.73194    | 0.73194    | 0.73194    |   0.0 |  1.77
Output  | 0.02488    | 0.02488    | 0.02488    |   0.0 |  0.06
Modify  | 2.0137     | 2.0137     | 2.0137     |   0.0 |  4.86
Other   |            | 0.2071     |            |       |  0.50

Nlocal:    1331 ave 1331 max 1331 min
Histogram: 1 0 0 0 0 0 0 0 0 0
Nghost:    3199 ave 3199 max 3199 min
Histogram: 1 0 0 0 0 0 0 0 0 0
Neighs:    56297 ave 56297 max 56297 min
Histogram: 1 0 0 0 0 0 0 0 0 0

Total # of neighbors = 56297
Ave neighs/atom = 42.2968
Neighbor list builds = 2500
Dangerous builds not checked

write_restart lattice_11_11_11__2_2_2/sim1/T_0.50__P_1.60/end1.restart
Total wall time: 0:00:41
