run 50000
Neighbor list info ...
  update every 20 steps, delay 0 steps, check no
  max neighbors/atom: 2000, page size: 100000
  master list distance cutoff = 2.8
  ghost atom cutoff = 2.8
  binsize = 1.4, bins = 13 13 13
  1 neighbor lists, perpetual/occasional/extra = 1 0 0
  (1) pair lj/cut, perpetual
      attributes: half, newton on
      pair build: half/bin/atomonly/newton
      stencil: half/bin/3d/newton
      bin: standard
Per MPI rank memory allocation (min/avg/max) = 2.742 | 2.742 | 2.742 Mbytes
Step Temp Press TotEng 
       0          0.5  -0.41674865  -0.22640321 
    1000   0.77222627 -0.058723696  -0.88926963 
    2000   0.69532099 -0.080102085   -1.6531428 
    3000    0.6997198  0.015333959   -2.4037409 
    4000   0.62038042 0.0035580107   -3.0809735 
    5000    0.5398348 -0.077248007   -3.5526224 
    6000     0.467429 -0.061425477   -3.8537906 
    7000   0.50183157 -0.059198671   -3.9507292 
    8000    0.5072199 -0.063167304   -3.8779574 
    9000    0.5360925 -0.044627686   -3.8539754 
   10000   0.48734388  0.015927128   -3.9758978 
   11000   0.50237903 -0.010066316   -3.9884279 
   12000    0.5121096 -0.064095001    -3.931896 
   13000   0.51338251 -0.039368486   -3.9709263 
   14000   0.49284601 0.0020369523   -4.0493124 
   15000   0.48043991 -0.046350241   -4.0668517 
   16000    0.5157772 -0.017449873   -3.9782908 
   17000    0.5000528  0.004104426   -3.9864978 
   18000   0.50772672  -0.04948666   -4.0544516 
   19000   0.48337271 -0.045321965   -4.0926126 
   20000   0.47500545 -0.031684917    -4.070034 
   21000   0.51293295 -0.025469372   -4.0183578 
   22000   0.49674927  -0.02489123   -4.0634226 
   23000   0.48497319 -0.032901642   -4.0818073 
   24000   0.50576677 -0.051802478   -4.0229704 
   25000   0.51128659 -0.068766941    -3.990074 
   26000   0.49021853 -0.056731311   -4.0639138 
   27000   0.49499658  -0.02492388   -4.1375527 
   28000   0.48521012 -0.022897807   -4.1025754 
   29000   0.50986369 -0.079173922   -4.0307219 
   30000   0.49933133  -0.11546233   -4.0296221 
   31000   0.50234588  -0.10874065    -4.094916 
   32000   0.49037564 -0.067109355    -4.111988 
   33000   0.49209764 -0.034759169   -4.0528537 
   34000   0.49947089 -0.052312499   -4.0109408 
   35000   0.47879148 -0.086318647    -4.041824 
   36000   0.50855476 -0.029778652   -4.0793899 
   37000   0.51064869 -0.025504478   -4.0570874 
   38000   0.49688276  -0.02809456   -4.0539097 
   39000   0.49614437 0.0002574088   -4.1173996 
   40000   0.50759022 -0.090340716   -4.0891435 
   41000    0.4850196 -0.080564071   -4.0733696 
   42000   0.49481986 -0.063069224    -4.045609 
   43000   0.51318716 0.00047634759   -4.0554298 
   44000   0.51288659 -0.024080615   -4.1094993 
   45000   0.49931897 -0.051569428    -4.109776 
   46000    0.5043205 0.0028655375   -4.0496343 
   47000   0.50558885 -0.038588642   -4.0927401 
   48000   0.49319637 -0.081949448   -4.1249417 
   49000   0.48775665 -0.074843189   -4.1057956 
   50000   0.49877377 -0.066515032   -4.0570167 
Loop time of 27.1565 on 1 procs for 50000 steps with 1331 atoms

Performance: 636311.201 tau/day, 1841.178 timesteps/s
99.9% CPU use with 1 MPI tasks x no OpenMP threads

MPI task timing breakdown:
Section |  min time  |  avg time  |  max time  |%varavg| %total
---------------------------------------------------------------
Pair    | 22.572     | 22.572     | 22.572     |   0.0 | 83.12
Neigh   | 3.4571     | 3.4571     | 3.4571     |   0.0 | 12.73
Comm    | 0.18662    | 0.18662    | 0.18662    |   0.0 |  0.69
Output  | 0.024225   | 0.024225   | 0.024225   |   0.0 |  0.09
Modify  | 0.84324    | 0.84324    | 0.84324    |   0.0 |  3.11
Other   |            | 0.07379    |            |       |  0.27

Nlocal:    1331 ave 1331 max 1331 min
Histogram: 1 0 0 0 0 0 0 0 0 0
Nghost:    531 ave 531 max 531 min
Histogram: 1 0 0 0 0 0 0 0 0 0
Neighs:    40241 ave 40241 max 40241 min
Histogram: 1 0 0 0 0 0 0 0 0 0

Total # of neighbors = 40241
Ave neighs/atom = 30.2337
Neighbor list builds = 2500
Dangerous builds not checked

write_restart NVT/sim1/T_0.50__v_3.38/end1.restart
Total wall time: 0:00:27
