run 50000
Neighbor list info ...
  update every 20 steps, delay 0 steps, check no
  max neighbors/atom: 2000, page size: 100000
  master list distance cutoff = 2.8
  ghost atom cutoff = 2.8
  binsize = 1.4, bins = 17 17 17
  1 neighbor lists, perpetual/occasional/extra = 1 0 0
  (1) pair lj/cut, perpetual
      attributes: half, newton on
      pair build: half/bin/atomonly/newton
      stencil: half/bin/3d/newton
      bin: standard
Per MPI rank memory allocation (min/avg/max) = 2.705 | 2.705 | 2.705 Mbytes
Step Temp Press TotEng 
       0          1.1  0.089450441    1.5552191 
    1000    1.1843329   0.10129967    1.1223123 
    2000    1.0483969  0.072456303   0.80657261 
    3000    1.1322678   0.09174063   0.93237285 
    4000    1.0759289  0.079300959   0.83055903 
    5000    1.0625567  0.077440483   0.80019884 
    6000      1.13597   0.10597102    0.8952337 
    7000    1.0724901  0.072762314   0.79963933 
    8000    1.1237882  0.073835516   0.88693458 
    9000    1.0765465  0.076669097   0.79065325 
   10000    1.1094678  0.070561617   0.84992106 
   11000    1.0972348  0.073803722   0.84360027 
   12000    1.0777908  0.069329787   0.72690703 
   13000     1.069868  0.076499904   0.70886598 
   14000    1.1115795  0.078909708   0.81373596 
   15000    1.0987013  0.077808736   0.80327235 
   16000    1.1010959  0.081895072   0.81969916 
   17000    1.1129525  0.087872745    0.8685214 
   18000    1.0488029  0.072616251   0.75602327 
   19000     1.124845  0.078135906   0.84033337 
   20000    1.1035172  0.084967674   0.86830186 
   21000    1.1171745  0.074878076   0.85970367 
   22000    1.0779587  0.061333223   0.77684876 
   23000    1.1322097  0.075693259   0.86041628 
   24000    1.0924684  0.080136666   0.81861334 
   25000    1.1378179  0.076652086   0.91821584 
   26000    1.0733354  0.070150621   0.80419161 
   27000     1.106795  0.081842323   0.85825244 
   28000    1.0895013  0.073325469   0.84453309 
   29000    1.1635949  0.080197852   0.94815945 
   30000    1.0825058  0.080067565   0.79635738 
   31000    1.1225365   0.07831739   0.85292155 
   32000    1.1187252  0.084628684   0.87735862 
   33000    1.0803141  0.078253482   0.79025453 
   34000    1.1217207  0.084955201   0.88488359 
   35000    1.0852212  0.080247671    0.8140249 
   36000    1.0753038  0.075913161   0.78802356 
   37000    1.1168712  0.082725439   0.84455642 
   38000    1.0794361  0.062333671    0.7784168 
   39000    1.1246165   0.08077163   0.89531856 
   40000    1.0904292  0.077164868   0.83263838 
   41000    1.0598042  0.070911093   0.78445708 
   42000    1.1346644  0.083381086   0.88793265 
   43000    1.0872679  0.070262773   0.78343928 
   44000    1.1099695  0.082336564   0.88811554 
   45000    1.0753149  0.070370946   0.84104185 
   46000    1.1035258  0.073315767   0.85117528 
   47000    1.1211071   0.10176121   0.93125375 
   48000    1.0799086   0.07913516   0.81426582 
   49000    1.1318225  0.085342908   0.88706257 
   50000    1.0756858  0.083726371   0.75984459 
Loop time of 8.05661 on 1 procs for 50000 steps with 1331 atoms

Performance: 2144823.557 tau/day, 6206.087 timesteps/s
99.8% CPU use with 1 MPI tasks x no OpenMP threads

MPI task timing breakdown:
Section |  min time  |  avg time  |  max time  |%varavg| %total
---------------------------------------------------------------
Pair    | 4.9901     | 4.9901     | 4.9901     |   0.0 | 61.94
Neigh   | 1.7771     | 1.7771     | 1.7771     |   0.0 | 22.06
Comm    | 0.33751    | 0.33751    | 0.33751    |   0.0 |  4.19
Output  | 0.022403   | 0.022403   | 0.022403   |   0.0 |  0.28
Modify  | 0.8428     | 0.8428     | 0.8428     |   0.0 | 10.46
Other   |            | 0.08668    |            |       |  1.08

Nlocal:    1331 ave 1331 max 1331 min
Histogram: 1 0 0 0 0 0 0 0 0 0
Nghost:    1262 ave 1262 max 1262 min
Histogram: 1 0 0 0 0 0 0 0 0 0
Neighs:    7470 ave 7470 max 7470 min
Histogram: 1 0 0 0 0 0 0 0 0 0

Total # of neighbors = 7470
Ave neighs/atom = 5.61232
Neighbor list builds = 2500
Dangerous builds not checked

write_restart NVT/sim1/T_1.10__v_9.26/end1.restart
Total wall time: 0:00:08
