run 50000
Neighbor list info ...
  update every 20 steps, delay 0 steps, check no
  max neighbors/atom: 2000, page size: 100000
  master list distance cutoff = 2.8
  ghost atom cutoff = 2.8
  binsize = 1.4, bins = 23 23 23
  1 neighbor lists, perpetual/occasional/extra = 1 0 0
  (1) pair lj/cut, perpetual
      attributes: half, newton on
      pair build: half/bin/atomonly/newton
      stencil: half/bin/3d/newton
      bin: standard
Per MPI rank memory allocation (min/avg/max) = 2.748 | 2.748 | 2.748 Mbytes
Step Temp Press TotEng 
       0          1.5   0.06549102    2.2359805 
    1000    1.5155676  0.063453637    2.0221804 
    2000    1.4665425   0.06126029     1.940217 
    3000    1.5439313  0.064759848    2.0497205 
    4000    1.4633537  0.060262616    1.9081777 
    5000    1.5233765  0.063138373    1.9955144 
    6000    1.4248532  0.058306017    1.8408204 
    7000    1.4890689  0.066525446    1.9790435 
    8000    1.5021401  0.064553149    1.9749376 
    9000    1.4954294  0.061185839    1.9490305 
   10000     1.541601  0.060723678    2.0351358 
   11000    1.4427125  0.060950012     1.885338 
   12000     1.522772  0.062506667    1.9911154 
   13000    1.4844249  0.060368771    1.9353592 
   14000    1.5501536  0.062599764    2.0397036 
   15000    1.4971133  0.058543108    1.9691557 
   16000    1.5130666  0.064144337    1.9823626 
   17000    1.4828803  0.058376103    1.9159514 
   18000    1.4842753  0.058851744    1.9501294 
   19000    1.5119754  0.062774802    1.9700482 
   20000     1.495975  0.060057657    1.9605287 
   21000    1.5347151  0.063210664    2.0206934 
   22000    1.4932783  0.062849298    1.9598761 
   23000    1.5245802  0.066411486    2.0016093 
   24000    1.4598317  0.057176637    1.8964092 
   25000    1.5273981  0.062281335    2.0095265 
   26000    1.4851574  0.063001565    1.9459027 
   27000     1.606834  0.067906387     2.122502 
   28000    1.4785972  0.063696787    1.9368687 
   29000    1.5162358  0.062927675    1.9994108 
   30000    1.4831701  0.059241387    1.9141727 
   31000    1.5023369  0.062319674    1.9787541 
   32000    1.5051556  0.062036756    1.9650829 
   33000    1.5030398   0.05941798    1.9280927 
   34000    1.5096062  0.059066985    1.9856484 
   35000    1.4855821   0.05921555    1.9429298 
   36000    1.5558996  0.068361885    2.0674726 
   37000    1.4778631  0.057814039    1.9120818 
   38000    1.5193585  0.060634297    2.0136447 
   39000    1.4099147  0.055053564    1.8456616 
   40000    1.5083881  0.062137508    1.9790647 
   41000    1.4941629  0.059035061     1.953324 
   42000    1.4898717  0.061068122    1.9616552 
   43000    1.5180275  0.062866588    1.9958636 
   44000    1.4886125  0.059075246    1.9545185 
   45000    1.4989583   0.06196721    1.9650844 
   46000    1.4098344  0.057773803    1.8420816 
   47000    1.5265096   0.06935089    2.0176366 
   48000     1.444586  0.060833529    1.9130026 
   49000    1.5586819  0.065656165    2.0690561 
   50000    1.4857027  0.057109078    1.9371026 
Loop time of 4.34652 on 1 procs for 50000 steps with 1331 atoms

Performance: 3975592.264 tau/day, 11503.450 timesteps/s
99.6% CPU use with 1 MPI tasks x no OpenMP threads

MPI task timing breakdown:
Section |  min time  |  avg time  |  max time  |%varavg| %total
---------------------------------------------------------------
Pair    | 2.1138     | 2.1138     | 2.1138     |   0.0 | 48.63
Neigh   | 1.0396     | 1.0396     | 1.0396     |   0.0 | 23.92
Comm    | 0.24998    | 0.24998    | 0.24998    |   0.0 |  5.75
Output  | 0.022028   | 0.022028   | 0.022028   |   0.0 |  0.51
Modify  | 0.84413    | 0.84413    | 0.84413    |   0.0 | 19.42
Other   |            | 0.07698    |            |       |  1.77

Nlocal:    1331 ave 1331 max 1331 min
Histogram: 1 0 0 0 0 0 0 0 0 0
Nghost:    892 ave 892 max 892 min
Histogram: 1 0 0 0 0 0 0 0 0 0
Neighs:    2858 ave 2858 max 2858 min
Histogram: 1 0 0 0 0 0 0 0 0 0

Total # of neighbors = 2858
Ave neighs/atom = 2.14726
Neighbor list builds = 2500
Dangerous builds not checked

write_restart NVT/sim1/T_1.50__v_24.39/end1.restart
Total wall time: 0:00:04
