run 50000
Neighbor list info ...
  update every 20 steps, delay 0 steps, check no
  max neighbors/atom: 2000, page size: 100000
  master list distance cutoff = 2.8
  ghost atom cutoff = 2.8
  binsize = 1.4, bins = 17 17 17
  1 neighbor lists, perpetual/occasional/extra = 1 0 0
  (1) pair lj/cut, perpetual
      attributes: half, newton on
      pair build: half/bin/atomonly/newton
      stencil: half/bin/3d/newton
      bin: standard
Per MPI rank memory allocation (min/avg/max) = 2.705 | 2.705 | 2.705 Mbytes
Step Temp Press TotEng 
       0          0.4  0.012931989   0.50600801 
    1000    0.6326427  0.014656375  0.048815274 
    2000   0.54647432  0.015516267  -0.53183888 
    3000   0.55362939 -0.010142959   -1.0916453 
    4000   0.53432766 -0.00086252561   -1.6872386 
    5000   0.52866224 -0.0070339462   -2.2441926 
    6000   0.48681552 0.0018162755   -2.7474714 
    7000   0.43742383 0.0028884637   -3.1426523 
    8000   0.41636209 0.0088356116   -3.4238779 
    9000   0.40199261 -0.0055787756   -3.6127398 
   10000   0.38775236 -0.0095534846   -3.6989231 
   11000   0.42200499 -0.0072419308    -3.690463 
   12000   0.38977961 -0.031106656   -3.7335985 
   13000   0.39453058 -0.0082662195   -3.8057036 
   14000    0.3964172 -0.0071074079   -3.8826932 
   15000   0.39749074  -0.01214498   -3.9457638 
   16000   0.40489498 0.0060075726   -3.9220341 
   17000   0.42216955 -0.001279377   -3.8975396 
   18000   0.39325929 -0.014749042   -3.9850161 
   19000   0.38454587  0.006160813   -4.0336541 
   20000   0.39489139 -0.0027623771   -3.9875167 
   21000   0.41364373 -0.0040362824   -3.9713858 
   22000    0.3884163 -0.0094833299   -4.0514507 
   23000   0.38696738 -0.016734345   -4.0914045 
   24000   0.40316177 -0.021656254   -4.0605875 
   25000   0.41930502 0.0011127197   -3.9962592 
   26000   0.41054369 0.0061015983   -4.0426521 
   27000   0.38641012 -0.0014855911   -4.1090945 
   28000    0.4060133 0.0030747228   -4.0584594 
   29000   0.40248309 -0.012825434    -4.061722 
   30000   0.38894812 -0.012728201   -4.1005371 
   31000   0.40364841 -0.026569328   -4.0912105 
   32000   0.42291288 0.0050364915   -4.0713049 
   33000   0.39919247 -0.0090528286   -4.1005452 
   34000   0.40299607  0.019591969   -4.0916711 
   35000   0.40376078 -0.0012814247   -4.0812149 
   36000   0.40143034 -0.0001497002   -4.0984771 
   37000   0.40484323 -0.0006212746   -4.1060053 
   38000   0.40951326 0.0055713693   -4.0845607 
   39000   0.41370129 -0.0077476163   -4.0705222 
   40000   0.41223896 0.0063057786   -4.1035418 
   41000   0.38758536 -0.0080033976   -4.1145052 
   42000   0.40412898  0.015578327   -4.0790445 
   43000   0.39434665 0.0080949777   -4.1162803 
   44000   0.38998513 -0.016682722   -4.1326474 
   45000   0.41719541  0.025541392   -4.0779112 
   46000   0.40385984 0.00070898151   -4.1126878 
   47000   0.39738428 -0.013432168   -4.1092492 
   48000   0.41147739 -0.0015364931   -4.0985073 
   49000   0.39362824 -0.0066746361   -4.1199033 
   50000    0.3906366 0.0097171974   -4.1449567 
Loop time of 22.6291 on 1 procs for 50000 steps with 1331 atoms

Performance: 763618.152 tau/day, 2209.543 timesteps/s
99.9% CPU use with 1 MPI tasks x no OpenMP threads

MPI task timing breakdown:
Section |  min time  |  avg time  |  max time  |%varavg| %total
---------------------------------------------------------------
Pair    | 18.333     | 18.333     | 18.333     |   0.0 | 81.02
Neigh   | 2.8722     | 2.8722     | 2.8722     |   0.0 | 12.69
Comm    | 0.44399    | 0.44399    | 0.44399    |   0.0 |  1.96
Output  | 0.023868   | 0.023868   | 0.023868   |   0.0 |  0.11
Modify  | 0.85082    | 0.85082    | 0.85082    |   0.0 |  3.76
Other   |            | 0.105      |            |       |  0.46

Nlocal:    1331 ave 1331 max 1331 min
Histogram: 1 0 0 0 0 0 0 0 0 0
Nghost:    1955 ave 1955 max 1955 min
Histogram: 1 0 0 0 0 0 0 0 0 0
Neighs:    35599 ave 35599 max 35599 min
Histogram: 1 0 0 0 0 0 0 0 0 0

Total # of neighbors = 35599
Ave neighs/atom = 26.7461
Neighbor list builds = 2500
Dangerous builds not checked

write_restart NVT/sim1/T_0.40__v_9.26/end1.restart
Total wall time: 0:00:22
