run 50000
Neighbor list info ...
  update every 20 steps, delay 0 steps, check no
  max neighbors/atom: 2000, page size: 100000
  master list distance cutoff = 2.8
  ghost atom cutoff = 2.8
  binsize = 1.4, bins = 22 22 22
  1 neighbor lists, perpetual/occasional/extra = 1 0 0
  (1) pair lj/cut, perpetual
      attributes: half, newton on
      pair build: half/bin/atomonly/newton
      stencil: half/bin/3d/newton
      bin: standard
Per MPI rank memory allocation (min/avg/max) = 2.739 | 2.739 | 2.739 Mbytes
Step Temp Press TotEng 
       0            1  0.047631221     1.486544 
    1000    1.0335879  0.042119816    1.2572853 
    2000   0.98134595  0.043714284    1.1206956 
    3000   0.99205801  0.043187793    1.1155836 
    4000    1.0011187  0.035775382    1.1221797 
    5000    1.0061412  0.040001414    1.1266075 
    6000    0.9752828  0.038306285    1.0692778 
    7000    1.0205935  0.042845536    1.1326515 
    8000   0.97273634  0.039436237    1.0854364 
    9000    1.0279744  0.044135011    1.1848223 
   10000   0.98387739  0.041629777    1.0711603 
   11000    1.0277832  0.043432923    1.1150764 
   12000    0.9566771  0.039970566    1.0291216 
   13000    1.0276074  0.041522547    1.1339456 
   14000    0.9946757  0.038659799     1.059806 
   15000    1.0382155  0.042476276     1.160071 
   16000    1.0019811  0.037578744    1.0904419 
   17000    1.0146461  0.039731126     1.095589 
   18000   0.98966983  0.039357188    1.0788047 
   19000    1.0293358    0.0411819    1.1552138 
   20000   0.97430001  0.037885444    1.0494904 
   21000    1.0059817  0.039867348    1.0950721 
   22000   0.97292342  0.039539605    1.0587122 
   23000   0.99378505  0.038054088    1.0882771 
   24000   0.99942771  0.037642943    1.0802062 
   25000   0.99836506  0.037476474    1.0937788 
   26000    1.0877789  0.047486691    1.2468741 
   27000   0.99777431  0.037510916    1.0982509 
   28000     1.004325  0.040028664    1.1199886 
   29000   0.98008697  0.037365517    1.0905616 
   30000    1.0158184  0.037316256    1.0959285 
   31000    1.0086472  0.039035774    1.1149151 
   32000   0.99553184  0.041234359    1.0820831 
   33000    1.0328989  0.040738796    1.1587794 
   34000    0.9975046  0.038536391     1.086452 
   35000   0.99688629  0.040902677     1.087676 
   36000   0.97908309  0.040215349    1.0655832 
   37000    1.0009879  0.040774221    1.1138522 
   38000    1.0098986  0.039652594    1.1174554 
   39000   0.99416903  0.037719188    1.0873787 
   40000    1.0054961  0.037594908    1.1191941 
   41000   0.95021964  0.037671037    1.0142757 
   42000    1.0017363  0.037589931    1.1005943 
   43000    1.0065661  0.038537611    1.1021148 
   44000   0.99194998  0.040685148     1.086453 
   45000   0.99758125  0.042167007    1.1028274 
   46000    1.0096014     0.039765    1.1098419 
   47000   0.97014168   0.04279409    1.0650623 
   48000    1.0091654  0.041802451    1.1049061 
   49000   0.99022939  0.041638681    1.0984208 
   50000    1.0508821  0.044775864    1.1808663 
Loop time of 4.77536 on 1 procs for 50000 steps with 1331 atoms

Performance: 3618578.809 tau/day, 10470.425 timesteps/s
99.6% CPU use with 1 MPI tasks x no OpenMP threads

MPI task timing breakdown:
Section |  min time  |  avg time  |  max time  |%varavg| %total
---------------------------------------------------------------
Pair    | 2.4447     | 2.4447     | 2.4447     |   0.0 | 51.19
Neigh   | 1.11       | 1.11       | 1.11       |   0.0 | 23.24
Comm    | 0.2636     | 0.2636     | 0.2636     |   0.0 |  5.52
Output  | 0.022045   | 0.022045   | 0.022045   |   0.0 |  0.46
Modify  | 0.85696    | 0.85696    | 0.85696    |   0.0 | 17.95
Other   |            | 0.07801    |            |       |  1.63

Nlocal:    1331 ave 1331 max 1331 min
Histogram: 1 0 0 0 0 0 0 0 0 0
Nghost:    885 ave 885 max 885 min
Histogram: 1 0 0 0 0 0 0 0 0 0
Neighs:    3381 ave 3381 max 3381 min
Histogram: 1 0 0 0 0 0 0 0 0 0

Total # of neighbors = 3381
Ave neighs/atom = 2.5402
Neighbor list builds = 2500
Dangerous builds not checked

write_restart NVT/sim1/T_1.00__v_21.95/end1.restart
Total wall time: 0:00:04
