run 50000
Neighbor list info ...
  update every 20 steps, delay 0 steps, check no
  max neighbors/atom: 2000, page size: 100000
  master list distance cutoff = 2.8
  ghost atom cutoff = 2.8
  binsize = 1.4, bins = 14 14 14
  1 neighbor lists, perpetual/occasional/extra = 1 0 0
  (1) pair lj/cut, perpetual
      attributes: half, newton on
      pair build: half/bin/atomonly/newton
      stencil: half/bin/3d/newton
      bin: standard
Per MPI rank memory allocation (min/avg/max) = 2.746 | 2.746 | 2.746 Mbytes
Step Temp Press TotEng 
       0          1.9   0.16168914    2.4255247 
    1000    1.9609155   0.33098528    1.8750904 
    2000    1.8682353   0.31538228    1.7004379 
    3000    1.9310211   0.33215594    1.8563184 
    4000    1.8676022   0.29083883    1.6963876 
    5000    1.9414303   0.31845972    1.8332689 
    6000     1.890269   0.34487501    1.7775226 
    7000    1.8995619   0.30840482    1.7618147 
    8000    1.9186425   0.33786113    1.8147753 
    9000    1.8946811   0.30597144    1.6799433 
   10000    1.9161749   0.32744082    1.8375146 
   11000    1.8748732   0.35488565    1.7786311 
   12000    1.9175709   0.36102322    1.8081106 
   13000    1.9176344   0.30286006    1.8069706 
   14000    1.8821119   0.31646782    1.7490074 
   15000    1.9811723   0.36349382    1.9246004 
   16000     1.857326   0.29720746    1.7114132 
   17000    1.9324128   0.34831803     1.837083 
   18000    1.8859638   0.31600629    1.7226484 
   19000    1.8977552   0.30455398    1.7274179 
   20000    1.9301276   0.35006359    1.8131581 
   21000    1.8138166   0.32023953    1.6338449 
   22000    1.9217266   0.35925492      1.80722 
   23000    1.8990996   0.37023645    1.7805806 
   24000    1.9118641   0.30812449    1.7774606 
   25000    1.9155425    0.3279757     1.807707 
   26000    1.9087563    0.3093262    1.7289894 
   27000     1.955751   0.32929358    1.8641347 
   28000    1.9008241   0.33265389    1.7476557 
   29000    1.9313772   0.29357592    1.7897047 
   30000    1.8622727   0.29803198    1.6984289 
   31000    1.9381963   0.37769868    1.8221885 
   32000    1.8630278   0.34980375    1.7283101 
   33000    1.8917076   0.34094335    1.7511002 
   34000    1.9153365     0.344001     1.809193 
   35000    1.8413028   0.31841389    1.6672826 
   36000    1.9402023   0.36385592    1.8595661 
   37000     1.884139   0.29927922    1.7333574 
   38000    1.9130883    0.3559421    1.8218771 
   39000     1.965973   0.33426159    1.8928893 
   40000      1.88092   0.30427797     1.730249 
   41000    1.9487489   0.34993082    1.8729787 
   42000    1.8525428   0.31670442    1.7000065 
   43000    1.8627356   0.34221298    1.7655169 
   44000    1.9405213   0.33445286    1.8157622 
   45000    1.8217169    0.3181068    1.6507791 
   46000    1.8961705   0.34707504    1.7948428 
   47000    1.9182208   0.34649803    1.7775748 
   48000    1.9112366   0.32432628    1.7564891 
   49000     1.916603   0.34616465    1.8372283 
   50000    1.9088828   0.32408906    1.7718995 
Loop time of 11.9772 on 1 procs for 50000 steps with 1331 atoms

Performance: 1442743.235 tau/day, 4174.604 timesteps/s
99.9% CPU use with 1 MPI tasks x no OpenMP threads

MPI task timing breakdown:
Section |  min time  |  avg time  |  max time  |%varavg| %total
---------------------------------------------------------------
Pair    | 8.0543     | 8.0543     | 8.0543     |   0.0 | 67.25
Neigh   | 2.5226     | 2.5226     | 2.5226     |   0.0 | 21.06
Comm    | 0.43057    | 0.43057    | 0.43057    |   0.0 |  3.59
Output  | 0.02318    | 0.02318    | 0.02318    |   0.0 |  0.19
Modify  | 0.84737    | 0.84737    | 0.84737    |   0.0 |  7.07
Other   |            | 0.09914    |            |       |  0.83

Nlocal:    1331 ave 1331 max 1331 min
Histogram: 1 0 0 0 0 0 0 0 0 0
Nghost:    1512 ave 1512 max 1512 min
Histogram: 1 0 0 0 0 0 0 0 0 0
Neighs:    11930 ave 11930 max 11930 min
Histogram: 1 0 0 0 0 0 0 0 0 0

Total # of neighbors = 11930
Ave neighs/atom = 8.96319
Neighbor list builds = 2500
Dangerous builds not checked

write_restart NVT/sim1/T_1.90__v_4.91/end1.restart
Total wall time: 0:00:11
