run 50000
Neighbor list info ...
  update every 20 steps, delay 0 steps, check no
  max neighbors/atom: 2000, page size: 100000
  master list distance cutoff = 2.8
  ghost atom cutoff = 2.8
  binsize = 1.4, bins = 17 17 17
  1 neighbor lists, perpetual/occasional/extra = 1 0 0
  (1) pair lj/cut, perpetual
      attributes: half, newton on
      pair build: half/bin/atomonly/newton
      stencil: half/bin/3d/newton
      bin: standard
Per MPI rank memory allocation (min/avg/max) = 2.705 | 2.705 | 2.705 Mbytes
Step Temp Press TotEng 
       0          0.7  0.045725611   0.95566992 
    1000   0.86925185  0.053323923   0.52151355 
    2000   0.72844958  0.025220793   0.10893997 
    3000   0.69476784  0.014723049  -0.10174103 
    4000   0.70372947  0.025482875  -0.24463538 
    5000   0.71317239 0.0073709167  -0.41458755 
    6000   0.72102918  0.020467337  -0.58237799 
    7000   0.72408466   0.01213379  -0.78540154 
    8000    0.7085858 1.413005e-05  -0.97680729 
    9000   0.70703761 0.0088144277   -1.1368407 
   10000    0.7020485  0.017794399   -1.2559039 
   11000   0.72301047  0.013446214   -1.3458423 
   12000   0.71098871  0.017632682   -1.4542025 
   13000   0.70330126 0.0095696582   -1.5180511 
   14000    0.7128747   0.01333035     -1.61929 
   15000   0.73170235  0.021670953   -1.7040697 
   16000   0.73443692  0.025578104   -1.8068489 
   17000   0.71436398  0.017167125   -1.9002339 
   18000   0.71911345  0.018091493   -1.9692074 
   19000   0.68383484  0.001058295   -2.0474524 
   20000   0.68169191  0.020156314    -2.118466 
   21000   0.69876544 -0.0064798022   -2.1498059 
   22000   0.68737265 -0.011256712   -2.2380299 
   23000   0.70738607  0.029015003    -2.247006 
   24000   0.71578858  0.015171253   -2.3138206 
   25000   0.72287325  0.033168305   -2.3615957 
   26000   0.71096439 0.0085829441   -2.4004536 
   27000   0.71829155  0.023013603   -2.4328451 
   28000   0.68258834 0.0098668402   -2.5336074 
   29000   0.68054511 -0.0035565165   -2.4582616 
   30000   0.70388077 -0.018520236   -2.4323058 
   31000   0.71046757  0.013082811   -2.4986052 
   32000   0.68205501 0.0095791027   -2.5293482 
   33000   0.68527251  0.020539367   -2.4612537 
   34000   0.71822132 -0.0025354096   -2.4245109 
   35000   0.73127433  0.010896775   -2.4880924 
   36000   0.68097146  0.025194402    -2.503649 
   37000   0.69732171  0.023642404   -2.4994965 
   38000   0.72048795 0.0016720906   -2.5181858 
   39000   0.66828026 0.0024280416   -2.5898898 
   40000   0.70287551  0.025701437   -2.5922616 
   41000    0.6932296  0.006780142   -2.5869408 
   42000   0.70801581 -0.016899837   -2.5554663 
   43000   0.70662953 0.0081105737   -2.5007075 
   44000    0.6974609  0.014934858    -2.578642 
   45000   0.70224334  0.011616491   -2.5653589 
   46000   0.71379492  0.013017234   -2.5035099 
   47000   0.70644476 -0.010479387   -2.5278877 
   48000   0.70249357  0.018011022    -2.556478 
   49000   0.71528787  0.030853386   -2.5452707 
   50000   0.71422018 0.0015009399   -2.5374622 
Loop time of 19.0006 on 1 procs for 50000 steps with 1331 atoms

Performance: 909446.401 tau/day, 2631.500 timesteps/s
99.9% CPU use with 1 MPI tasks x no OpenMP threads

MPI task timing breakdown:
Section |  min time  |  avg time  |  max time  |%varavg| %total
---------------------------------------------------------------
Pair    | 15.048     | 15.048     | 15.048     |   0.0 | 79.20
Neigh   | 2.801      | 2.801      | 2.801      |   0.0 | 14.74
Comm    | 0.21694    | 0.21694    | 0.21694    |   0.0 |  1.14
Output  | 0.022855   | 0.022855   | 0.022855   |   0.0 |  0.12
Modify  | 0.83648    | 0.83648    | 0.83648    |   0.0 |  4.40
Other   |            | 0.07492    |            |       |  0.39

Nlocal:    1331 ave 1331 max 1331 min
Histogram: 1 0 0 0 0 0 0 0 0 0
Nghost:    613 ave 613 max 613 min
Histogram: 1 0 0 0 0 0 0 0 0 0
Neighs:    31709 ave 31709 max 31709 min
Histogram: 1 0 0 0 0 0 0 0 0 0

Total # of neighbors = 31709
Ave neighs/atom = 23.8234
Neighbor list builds = 2500
Dangerous builds not checked

write_restart NVT/sim1/T_0.70__v_9.26/end1.restart
Total wall time: 0:00:19
