run 50000
Neighbor list info ...
  update every 20 steps, delay 0 steps, check no
  max neighbors/atom: 2000, page size: 100000
  master list distance cutoff = 2.8
  ghost atom cutoff = 2.8
  binsize = 1.4, bins = 23 23 23
  1 neighbor lists, perpetual/occasional/extra = 1 0 0
  (1) pair lj/cut, perpetual
      attributes: half, newton on
      pair build: half/bin/atomonly/newton
      stencil: half/bin/3d/newton
      bin: standard
Per MPI rank memory allocation (min/avg/max) = 2.748 | 2.748 | 2.748 Mbytes
Step Temp Press TotEng 
       0          1.2  0.052097713    1.7863186 
    1000    1.2248499  0.049187384    1.5783047 
    2000    1.1757476  0.046023407    1.4551722 
    3000    1.2289365   0.04620507    1.5498058 
    4000    1.1824393   0.04624613    1.4372592 
    5000    1.1961598  0.045503206    1.4848663 
    6000    1.1924569  0.044354828    1.4688933 
    7000    1.1398157  0.047840512     1.383115 
    8000    1.2096151  0.048360756    1.4877149 
    9000     1.208528  0.047689271     1.471214 
   10000    1.2081499  0.045226185      1.47513 
   11000     1.204954  0.049192732    1.4954244 
   12000    1.1874876  0.046334119    1.4561842 
   13000    1.2430686  0.049751926    1.5645216 
   14000    1.1793226  0.049905763    1.4610413 
   15000    1.2084269   0.04566285    1.4965472 
   16000    1.2160154   0.04616524    1.4925443 
   17000    1.1808265  0.043955526    1.4502426 
   18000    1.2055434  0.045609944    1.4943525 
   19000    1.1836697  0.048533972     1.458075 
   20000    1.2420159  0.049614717    1.5418024 
   21000    1.1859511   0.04655689    1.4694844 
   22000    1.2199326  0.047687397    1.5090211 
   23000    1.1525806  0.043738864    1.4177083 
   24000    1.2165877  0.051555768    1.4989167 
   25000    1.1753441  0.048701991    1.4291433 
   26000    1.2292676  0.050358977    1.5386629 
   27000    1.1775427  0.044747168    1.4464036 
   28000     1.221684  0.046452161    1.5115528 
   29000    1.1505341  0.045480601    1.4056252 
   30000    1.2102539  0.050078203    1.5003746 
   31000    1.1843801  0.046320387    1.4650627 
   32000    1.1844598  0.048440053    1.4582789 
   33000    1.2242184  0.043841316    1.4874044 
   34000    1.2108227  0.048752601    1.4682313 
   35000    1.2123683  0.047787206    1.4915033 
   36000    1.1885365  0.046663538    1.4540329 
   37000    1.2366961  0.052610013    1.5334232 
   38000     1.156652  0.046013107    1.4301549 
   39000    1.2167639  0.048650156     1.498853 
   40000    1.1777299   0.04249898    1.4390228 
   41000    1.2498572  0.046835185    1.5496481 
   42000     1.189184  0.046713282    1.4662607 
   43000    1.2072902  0.048950613    1.5251013 
   44000    1.2188536  0.047429352    1.5105027 
   45000    1.1857344   0.04366505    1.4724494 
   46000     1.231122  0.048869046    1.5239728 
   47000    1.1725085  0.041889533    1.4176185 
   48000     1.207046  0.046591413    1.4929019 
   49000    1.1926488  0.045115996    1.4663186 
   50000    1.2148685   0.04939299    1.4958202 
Loop time of 4.38138 on 1 procs for 50000 steps with 1331 atoms

Performance: 3943961.929 tau/day, 11411.927 timesteps/s
99.6% CPU use with 1 MPI tasks x no OpenMP threads

MPI task timing breakdown:
Section |  min time  |  avg time  |  max time  |%varavg| %total
---------------------------------------------------------------
Pair    | 2.1546     | 2.1546     | 2.1546     |   0.0 | 49.18
Neigh   | 1.0389     | 1.0389     | 1.0389     |   0.0 | 23.71
Comm    | 0.25339    | 0.25339    | 0.25339    |   0.0 |  5.78
Output  | 0.022152   | 0.022152   | 0.022152   |   0.0 |  0.51
Modify  | 0.83507    | 0.83507    | 0.83507    |   0.0 | 19.06
Other   |            | 0.07732    |            |       |  1.76

Nlocal:    1331 ave 1331 max 1331 min
Histogram: 1 0 0 0 0 0 0 0 0 0
Nghost:    889 ave 889 max 889 min
Histogram: 1 0 0 0 0 0 0 0 0 0
Neighs:    2879 ave 2879 max 2879 min
Histogram: 1 0 0 0 0 0 0 0 0 0

Total # of neighbors = 2879
Ave neighs/atom = 2.16304
Neighbor list builds = 2500
Dangerous builds not checked

write_restart NVT/sim1/T_1.20__v_24.39/end1.restart
Total wall time: 0:00:04
