run 50000
Neighbor list info ...
  update every 20 steps, delay 0 steps, check no
  max neighbors/atom: 2000, page size: 100000
  master list distance cutoff = 2.8
  ghost atom cutoff = 2.8
  binsize = 1.4, bins = 22 22 22
  1 neighbor lists, perpetual/occasional/extra = 1 0 0
  (1) pair lj/cut, perpetual
      attributes: half, newton on
      pair build: half/bin/atomonly/newton
      stencil: half/bin/3d/newton
      bin: standard
Per MPI rank memory allocation (min/avg/max) = 2.739 | 2.739 | 2.739 Mbytes
Step Temp Press TotEng 
       0          1.3  0.062408999    1.9362059 
    1000      1.33223  0.060927206    1.7078939 
    2000     1.265854  0.056792713    1.5864648 
    3000    1.3230127  0.056248677    1.6845027 
    4000    1.2582435  0.059299022    1.5577509 
    5000    1.3112586   0.05751139     1.623083 
    6000    1.3016004  0.059540449    1.6149612 
    7000    1.2275873  0.050565016    1.5166539 
    8000    1.3238805  0.056794047    1.6506835 
    9000    1.2672781  0.054040789     1.559387 
   10000    1.3418319   0.05784581    1.6994787 
   11000    1.2904384  0.052180945    1.6020207 
   12000    1.2997878  0.053701052    1.6111938 
   13000    1.3396636  0.060130542    1.6858308 
   14000     1.267132  0.053811994    1.5742688 
   15000    1.3204302  0.060954162    1.6347191 
   16000    1.2493266   0.05053026    1.5272602 
   17000    1.2978502  0.052717029    1.5873407 
   18000    1.3177562  0.056963927    1.6467284 
   19000    1.2539642  0.054179787    1.5370909 
   20000    1.3332752  0.064105156    1.6670491 
   21000    1.2973803  0.054073812    1.6008245 
   22000    1.3020796  0.053190423    1.6191398 
   23000    1.3307744   0.05831789    1.6686304 
   24000    1.3001418  0.058401015     1.604505 
   25000    1.2942618  0.056684388    1.6154833 
   26000    1.3174743  0.056136574    1.6406082 
   27000    1.2644038  0.056161882    1.5787826 
   28000     1.327156  0.061158838    1.6641881 
   29000    1.3022849  0.056591146     1.592332 
   30000     1.316844  0.058316373    1.6391582 
   31000    1.3156259  0.056987317    1.6681126 
   32000    1.2878425  0.053951396    1.5947869 
   33000    1.3390662  0.060138185    1.6735711 
   34000    1.2466724  0.055844016    1.5410473 
   35000    1.3175949  0.056013527    1.6547703 
   36000     1.260287  0.052581107    1.5664529 
   37000    1.2703529  0.056800191    1.5659126 
   38000     1.324679  0.059544973    1.6439164 
   39000    1.2704459  0.059053378    1.5703435 
   40000    1.3401981  0.061841321    1.6899904 
   41000    1.2894248  0.055765684    1.5999118 
   42000     1.321943  0.060848032    1.6558415 
   43000    1.3073702  0.056020994    1.6144218 
   44000     1.293037  0.057310267     1.599266 
   45000    1.3115713  0.058173915    1.6327718 
   46000    1.2650499  0.056295748     1.554142 
   47000      1.30387  0.058610851    1.6392342 
   48000    1.2823443  0.054328792    1.5784043 
   49000    1.3284639  0.055139643    1.6357039 
   50000     1.280864  0.057581221    1.5956298 
Loop time of 4.70763 on 1 procs for 50000 steps with 1331 atoms

Performance: 3670638.027 tau/day, 10621.059 timesteps/s
99.6% CPU use with 1 MPI tasks x no OpenMP threads

MPI task timing breakdown:
Section |  min time  |  avg time  |  max time  |%varavg| %total
---------------------------------------------------------------
Pair    | 2.3764     | 2.3764     | 2.3764     |   0.0 | 50.48
Neigh   | 1.1146     | 1.1146     | 1.1146     |   0.0 | 23.68
Comm    | 0.2629     | 0.2629     | 0.2629     |   0.0 |  5.58
Output  | 0.022679   | 0.022679   | 0.022679   |   0.0 |  0.48
Modify  | 0.85167    | 0.85167    | 0.85167    |   0.0 | 18.09
Other   |            | 0.07938    |            |       |  1.69

Nlocal:    1331 ave 1331 max 1331 min
Histogram: 1 0 0 0 0 0 0 0 0 0
Nghost:    891 ave 891 max 891 min
Histogram: 1 0 0 0 0 0 0 0 0 0
Neighs:    3185 ave 3185 max 3185 min
Histogram: 1 0 0 0 0 0 0 0 0 0

Total # of neighbors = 3185
Ave neighs/atom = 2.39294
Neighbor list builds = 2500
Dangerous builds not checked

write_restart NVT/sim1/T_1.30__v_21.95/end1.restart
Total wall time: 0:00:04
