run 50000
Neighbor list info ...
  update every 20 steps, delay 0 steps, check no
  max neighbors/atom: 2000, page size: 100000
  master list distance cutoff = 2.8
  ghost atom cutoff = 2.8
  binsize = 1.4, bins = 16 16 16
  1 neighbor lists, perpetual/occasional/extra = 1 0 0
  (1) pair lj/cut, perpetual
      attributes: half, newton on
      pair build: half/bin/atomonly/newton
      stencil: half/bin/3d/newton
      bin: standard
Per MPI rank memory allocation (min/avg/max) = 2.7 | 2.7 | 2.7 Mbytes
Step Temp Press Volume Density PotEng KinEng TotEng 
       0          1.6   0.15443958        10648        0.125  -0.13561964    2.3981968    2.2625772 
    1000    2.3004183   0.52366704    5997.0665   0.22194184   -1.1387268    3.4480349    2.3093081 
    2000    1.9958227   0.63553834    4181.4245   0.31831257   -1.6564666    2.9914848    1.3350183 
    3000    1.8419594   0.72632296    3184.4502   0.41796854   -2.2768585    2.7608633   0.48400477 
    4000    1.7436126    1.0734141    2583.0167   0.51528896   -2.8102861     2.613454  -0.19683211 
    5000    1.6262973     1.583107    2232.5991   0.59616614   -3.1905187    2.4376132  -0.75290549 
    6000    1.6051476    1.6964363    2055.6368   0.64748791   -3.5534954    2.4059125    -1.147583 
    7000     1.552218    2.0150305    1988.5146   0.66934385     -3.63351    2.3265776   -1.3069324 
    8000    1.6102186    1.8686113    2002.0977   0.66480272   -3.6225777    2.4135132   -1.2090645 
    9000    1.6364771    1.7666711    2034.2004   0.65431116    -3.567388    2.4528713   -1.1145167 
   10000    1.6075762    1.7508093    2026.4068   0.65682764   -3.5812705    2.4095525    -1.171718 
   11000    1.5982063    1.9020094    1995.8022   0.66689974   -3.6444929    2.3955084   -1.2489845 
   12000    1.6164869    1.7935812    2015.2614   0.66046022   -3.6435111    2.4229087   -1.2206024 
   13000    1.6205373    1.7464898    2054.8634   0.64773161   -3.5278963    2.4289797   -1.0989166 
   14000    1.6264217    1.9654519    2030.2594   0.65558126   -3.5289967    2.4377995   -1.0911972 
   15000    1.5625454    2.1653678    1988.2967   0.66941721   -3.5844573    2.3420571   -1.2424001 
   16000     1.605222    2.0370807    1976.1542   0.67353042   -3.6601127    2.4060239   -1.2540888 
   17000    1.6707179    2.0383252    2005.3197   0.66373455   -3.6057833     2.504194   -1.1015892 
   18000    1.6581994    2.0448751    2023.2692   0.65784622   -3.5408068    2.4854304   -1.0553764 
   19000    1.5661445    1.9955116    2002.3662   0.66471358   -3.5687147    2.3474517    -1.221263 
   20000    1.5407002    1.9905625    2008.7812   0.66259082   -3.5675881     2.309314    -1.258274 
   21000    1.5648818    1.7709921    2046.4495   0.65039475   -3.5235798    2.3455591   -1.1780207 
   22000    1.5495561    1.9352381    2039.0449   0.65275658   -3.5068183    2.3225879   -1.1842304 
   23000    1.5584049    1.9339899    2009.5965   0.66232201   -3.6130387     2.335851   -1.2771877 
   24000    1.5852049    1.9441012    2023.2688   0.65784636   -3.5632836    2.3760209   -1.1872627 
   25000    1.6516009    2.0849857     2016.722   0.65998188   -3.5476243      2.47554   -1.0720842 
   26000    1.6481735    1.8893234    2014.3208   0.66076865   -3.5995959    2.4704028   -1.1291932 
   27000    1.5594366    1.8671091    2011.3035    0.6617599    -3.608499    2.3373975   -1.2711015 
   28000    1.5156765    1.8044243     2001.067   0.66514513   -3.6411179    2.2718066   -1.3693112 
   29000    1.6045398    1.6024202    2013.4381   0.66105833   -3.6665835    2.4050015   -1.2615821 
   30000    1.6007935    1.8067436    2025.4264   0.65714557   -3.5715875    2.3993862   -1.1722013 
   31000    1.6373433    2.2055496    2004.6108   0.66396928   -3.5412104    2.4541696   -1.0870407 
   32000    1.6360701    1.8768275    1996.2525   0.66674931    -3.633394    2.4522613   -1.1811327 
   33000    1.6121955    1.8575502    1985.0793   0.67050218   -3.7022479    2.4164764   -1.2857715 
   34000    1.6122087    1.7438271    2047.8354   0.64995457   -3.5531465    2.4164961   -1.1366504 
   35000    1.6201761     1.754198    2031.0628   0.65532193   -3.5890972    2.4284382   -1.1606589 
   36000    1.6363594    1.8435872    1997.3393   0.66638652   -3.6581944     2.452695   -1.2054994 
   37000     1.594928    1.8845963    1962.1524   0.67833672   -3.7293578    2.3905946   -1.3387632 
   38000    1.5941219    2.0486139    1981.9219   0.67157035   -3.6540889    2.3893864   -1.2647025 
   39000    1.6570961    1.7528751    2013.8435   0.66092523   -3.6283426    2.4837767    -1.144566 
   40000    1.6255409    2.0012635    2015.3458   0.66043256   -3.5743013    2.4364794   -1.1378219 
   41000    1.5815551    2.0501075    1987.8754   0.66955908   -3.6189831    2.3705503   -1.2484328 
   42000    1.5590284    2.0640156    1997.8085   0.66623001   -3.6032814    2.3367857   -1.2664957 
   43000    1.6057725    1.7502983    2042.1085   0.65177732   -3.5661338     2.406849   -1.1592848 
   44000    1.5594987    1.7731949    2033.9008   0.65440752   -3.5665642    2.3374905   -1.2290737 
   45000    1.5347397    1.8450263     2008.762   0.66259718   -3.5943665      2.30038   -1.2939865 
   46000    1.5967447    1.8803283    2013.0044   0.66120075   -3.5989812    2.3933176   -1.2056636 
   47000    1.5676473    1.9869253    2022.1642   0.65820569   -3.5499613    2.3497043    -1.200257 
   48000    1.6146192    1.9354368     2034.001   0.65437528   -3.5323946    2.4201092   -1.1122854 
   49000    1.5639706     2.042594    2003.0839    0.6644754   -3.5763843    2.3441934   -1.2321909 
   50000    1.5626551    1.7598094    2011.5731   0.66167121   -3.6339346    2.3422216    -1.291713 
Loop time of 34.334 on 1 procs for 50000 steps with 1331 atoms

Performance: 503291.319 tau/day, 1456.283 timesteps/s
99.9% CPU use with 1 MPI tasks x no OpenMP threads

MPI task timing breakdown:
Section |  min time  |  avg time  |  max time  |%varavg| %total
---------------------------------------------------------------
Pair    | 26.865     | 26.865     | 26.865     |   0.0 | 78.24
Neigh   | 4.3537     | 4.3537     | 4.3537     |   0.0 | 12.68
Comm    | 0.7327     | 0.7327     | 0.7327     |   0.0 |  2.13
Output  | 0.026286   | 0.026286   | 0.026286   |   0.0 |  0.08
Modify  | 2.2068     | 2.2068     | 2.2068     |   0.0 |  6.43
Other   |            | 0.1499     |            |       |  0.44

Nlocal:    1331 ave 1331 max 1331 min
Histogram: 1 0 0 0 0 0 0 0 0 0
Nghost:    2698 ave 2698 max 2698 min
Histogram: 1 0 0 0 0 0 0 0 0 0
Neighs:    39677 ave 39677 max 39677 min
Histogram: 1 0 0 0 0 0 0 0 0 0

Total # of neighbors = 39677
Ave neighs/atom = 29.8099
Neighbor list builds = 2500
Dangerous builds not checked

write_restart lattice_11_11_11__2_2_2/sim1/T_1.60__P_1.90/end1.restart
Total wall time: 0:00:34
