run 50000
Neighbor list info ...
  update every 20 steps, delay 0 steps, check no
  max neighbors/atom: 2000, page size: 100000
  master list distance cutoff = 2.8
  ghost atom cutoff = 2.8
  binsize = 1.4, bins = 16 16 16
  1 neighbor lists, perpetual/occasional/extra = 1 0 0
  (1) pair lj/cut, perpetual
      attributes: half, newton on
      pair build: half/bin/atomonly/newton
      stencil: half/bin/3d/newton
      bin: standard
Per MPI rank memory allocation (min/avg/max) = 2.7 | 2.7 | 2.7 Mbytes
Step Temp Press Volume Density PotEng KinEng TotEng 
       0          0.2 -0.020428939        10648        0.125  -0.13561964   0.29977461   0.16415497 
    1000   0.91700973 -0.010621833    2895.4168   0.45969202   -2.8040437    1.3744812   -1.4295626 
    2000   0.76894424    1.3471438    1585.7768   0.83933626     -5.07427    1.1525498   -3.9217203 
    3000   0.42469433    1.8152978    1390.6511   0.95710564   -6.0294371   0.63656288   -5.3928743 
    4000   0.25619702    1.8778002     1333.285   0.99828616   -6.4036349    0.3840068   -6.0196281 
    5000   0.18358116    1.9262889    1314.1272    1.0128396   -6.5347426   0.27516485   -6.2595777 
    6000   0.18348707    1.9116518    1313.3038    1.0134746   -6.5417603   0.27502381   -6.2667365 
    7000   0.21874844    1.9213495    1317.8699    1.0099631   -6.5072495   0.32787614   -6.1793734 
    8000   0.19895463    1.8533802    1313.6171    1.0132329   -6.5478541   0.29820772   -6.2496464 
    9000   0.18072496    1.9482608    1311.2171    1.0150874   -6.5503861   0.27088376   -6.2795023 
   10000   0.20833121    1.9274212    1316.0036    1.0113954    -6.519936   0.31226203    -6.207674 
   11000   0.19812414     1.881404    1315.1968    1.0120158   -6.5306618   0.29696293   -6.2336988 
   12000   0.18182868    1.9407523    1309.6938    1.0162681   -6.5641525   0.27253811   -6.2916144 
   13000   0.20277778    1.9651576    1311.1338    1.0151519    -6.551637   0.30393815   -6.2476988 
   14000    0.2100782    1.9859689    1312.2229    1.0143094   -6.5394575   0.31488054   -6.2245769 
   15000   0.19300375    1.9691991    1308.7754    1.0169813   -6.5687268   0.28928812   -6.2794387 
   16000   0.20360577    1.9016055    1309.7021    1.0162616   -6.5724123    0.3051792   -6.2672331 
   17000   0.20576156    1.9577281    1311.9869    1.0144918   -6.5458311   0.30841045   -6.2374206 
   18000   0.19758049    1.8639166    1309.7326     1.016238   -6.5820388   0.29614807   -6.2858907 
   19000   0.18853905    1.8397407    1310.3893    1.0157287    -6.576429    0.2825961   -6.2938329 
   20000   0.20710824    1.7615799    1314.8139    1.0123105   -6.5575259   0.31042896    -6.247097 
   21000   0.20051129    1.7768041    1312.0798      1.01442    -6.576065   0.30054097   -6.2755241 
   22000    0.1905199    1.8171766    1309.7927    1.0161913   -6.5867299   0.28556513   -6.3011648 
   23000   0.20041093     1.891626    1312.2834    1.0142626   -6.5563702   0.30039053   -6.2559797 
   24000   0.20643485    1.8483104    1311.6024    1.0147892   -6.5708182   0.30941964   -6.2613985 
   25000   0.18974583    1.8715748     1308.757    1.0169955    -6.583019    0.2844049   -6.2986141 
   26000   0.20057594    1.9478984    1309.3608    1.0165265   -6.5673958   0.30063787   -6.2667579 
   27000   0.20059886    2.2032386     1305.906    1.0192158    -6.550938   0.30067223   -6.2502658 
   28000     0.192101    2.0885757    1304.8679    1.0200266   -6.5774149   0.28793501   -6.2894799 
   29000    0.1980921     2.010368    1307.0731    1.0183057   -6.5731545   0.29691491   -6.2762396 
   30000   0.20599126     1.888255    1311.1798    1.0151163   -6.5643543   0.30875475   -6.2555996 
   31000   0.19734452    1.9174027    1308.4823     1.017209    -6.580902   0.29579438   -6.2851076 
   32000   0.19635434    1.8870492    1308.9548    1.0168418   -6.5833368   0.29431023   -6.2890265 
   33000   0.20542584    1.7965412    1312.7003    1.0139405   -6.5684748   0.30790724   -6.2605676 
   34000   0.19818281    1.7752059    1312.2298     1.014304   -6.5751116   0.29705086   -6.2780608 
   35000   0.19562916     1.772113    1310.4737    1.0156633   -6.5898209   0.29322327   -6.2965977 
   36000   0.20538705    1.7843016    1312.0648    1.0144316   -6.5757742   0.30784911    -6.267925 
   37000   0.20195998    1.8305497    1311.7439    1.0146798   -6.5694785   0.30271237   -6.2667662 
   38000   0.19484903    1.8644942    1308.9924    1.0168126   -6.5866725   0.29205396   -6.2946185 
   39000   0.20148218    1.8739878    1309.8542    1.0161436   -6.5774006   0.30199621   -6.2754044 
   40000   0.20444144    1.9127985    1310.4554    1.0156774   -6.5677393   0.30643177   -6.2613075 
   41000   0.19949313    1.9377648    1307.5691    1.0179195   -6.5882327   0.29901487   -6.2892178 
   42000   0.20214495    2.0444228    1305.8937    1.0192254   -6.5788709   0.30298961   -6.2758813 
   43000   0.20347492    2.0799416    1307.6797    1.0178333   -6.5606864   0.30498306   -6.2557034 
   44000   0.19792638    2.1033998    1304.8409    1.0200477   -6.5755929   0.29666651   -6.2789264 
   45000   0.19400968    2.1034369    1305.3466    1.0196525   -6.5732135   0.29079587   -6.2824176 
   46000   0.20626793    1.9559486    1309.3877    1.0165056   -6.5688972   0.30916944   -6.2597277 
   47000   0.20320302    1.9290787    1308.4405    1.0172415   -6.5807289   0.30457553   -6.2761534 
   48000   0.19340065     1.954554     1307.783     1.017753   -6.5799001   0.28988302   -6.2900171 
   49000   0.20548878    1.8781875    1309.9888    1.0160392   -6.5735395   0.30800158    -6.265538 
   50000   0.20028555    1.9764267    1308.8666    1.0169104   -6.5685682   0.30020261   -6.2683656 
Loop time of 45.4264 on 1 procs for 50000 steps with 1331 atoms

Performance: 380395.134 tau/day, 1100.680 timesteps/s
99.9% CPU use with 1 MPI tasks x no OpenMP threads

MPI task timing breakdown:
Section |  min time  |  avg time  |  max time  |%varavg| %total
---------------------------------------------------------------
Pair    | 37.169     | 37.169     | 37.169     |   0.0 | 81.82
Neigh   | 5.1895     | 5.1895     | 5.1895     |   0.0 | 11.42
Comm    | 0.75292    | 0.75292    | 0.75292    |   0.0 |  1.66
Output  | 0.024985   | 0.024985   | 0.024985   |   0.0 |  0.06
Modify  | 2.0538     | 2.0538     | 2.0538     |   0.0 |  4.52
Other   |            | 0.2367     |            |       |  0.52

Nlocal:    1331 ave 1331 max 1331 min
Histogram: 1 0 0 0 0 0 0 0 0 0
Nghost:    3274 ave 3274 max 3274 min
Histogram: 1 0 0 0 0 0 0 0 0 0
Neighs:    60724 ave 60724 max 60724 min
Histogram: 1 0 0 0 0 0 0 0 0 0

Total # of neighbors = 60724
Ave neighs/atom = 45.6228
Neighbor list builds = 2500
Dangerous builds not checked

write_restart lattice_11_11_11__2_2_2/sim1/T_0.20__P_1.90/end1.restart
Total wall time: 0:00:45
