run 50000
Neighbor list info ...
  update every 20 steps, delay 0 steps, check no
  max neighbors/atom: 2000, page size: 100000
  master list distance cutoff = 2.8
  ghost atom cutoff = 2.8
  binsize = 1.4, bins = 9 9 9
  1 neighbor lists, perpetual/occasional/extra = 1 0 0
  (1) pair lj/cut, perpetual
      attributes: half, newton on
      pair build: half/bin/atomonly/newton
      stencil: half/bin/3d/newton
      bin: standard
Per MPI rank memory allocation (min/avg/max) = 2.73 | 2.73 | 2.73 Mbytes
Step Temp Press TotEng 
       0          1.2     13.23925   -0.9204235 
    1000    1.4686716    3.0293926   -2.0110086 
    2000    1.1758271    1.8837307   -2.6591002 
    3000    1.1892125    1.9203465   -2.6301107 
    4000    1.2522491    2.2574141   -2.4813244 
    5000     1.158055    2.0131236   -2.6575985 
    6000    1.2005547    2.1713141    -2.568722 
    7000    1.2204983    2.0935707   -2.5335952 
    8000    1.1625201    2.0010039   -2.6607982 
    9000    1.2243226    2.1634376   -2.5245371 
   10000    1.1899692    2.2528197   -2.5538879 
   11000    1.1707866    1.9060988   -2.6414312 
   12000    1.2096005    2.3041329   -2.5295228 
   13000     1.210653    1.9633391   -2.5880452 
   14000    1.1784548    2.0577042   -2.6156265 
   15000    1.2377639    2.1463726   -2.5234415 
   16000    1.1838107    1.9376381   -2.6511621 
   17000    1.2117744    1.8476059   -2.6051129 
   18000    1.2275215    2.0701875   -2.5569293 
   19000    1.1719765    2.2109332   -2.5920801 
   20000    1.1880067    1.9235412   -2.6415111 
   21000    1.2261269    2.0842878   -2.5310672 
   22000    1.1657989    2.0939387   -2.6199697 
   23000    1.2153853    2.1967373   -2.5378565 
   24000     1.199278    2.2187692   -2.5500216 
   25000    1.2003059    1.8762744   -2.6147571 
   26000    1.2088424    2.0318447   -2.5769555 
   27000    1.2331295    2.0903215   -2.5386487 
   28000    1.1959113    2.1699618    -2.564985 
   29000    1.1586185    2.1300937   -2.6259385 
   30000    1.2784675    1.9041133   -2.5163184 
   31000    1.2040234    1.9855385   -2.5965904 
   32000    1.2056078    2.0812397   -2.5677398 
   33000    1.2445256    2.0824118   -2.5148098 
   34000    1.1827401    2.0925809   -2.5984862 
   35000    1.2231614     2.114093    -2.540424 
   36000    1.2277166      2.20406   -2.5291434 
   37000    1.1905493    2.0571254   -2.5992197 
   38000    1.2173932    2.2399328   -2.5229331 
   39000    1.2075307    2.0840262   -2.5817684 
   40000    1.1653858    2.2106921   -2.6104052 
   41000    1.1979332    2.2917704   -2.5397775 
   42000     1.192882    2.0962263   -2.5833091 
   43000    1.2139815    1.9720775   -2.5985201 
   44000    1.2410176    2.0647491   -2.5257301 
   45000    1.1657858    1.9868662   -2.6344474 
   46000    1.2152118    2.2012024   -2.5364554 
   47000    1.2079626    2.1207265   -2.5622646 
   48000    1.1525307    2.2475463   -2.6165593 
   49000    1.2612408    2.1969842   -2.4939246 
   50000    1.2041411    1.9286101   -2.6205396 
Loop time of 34.0004 on 1 procs for 50000 steps with 1331 atoms

Performance: 508228.614 tau/day, 1470.569 timesteps/s
100.0% CPU use with 1 MPI tasks x no OpenMP threads

MPI task timing breakdown:
Section |  min time  |  avg time  |  max time  |%varavg| %total
---------------------------------------------------------------
Pair    | 27.934     | 27.934     | 27.934     |   0.0 | 82.16
Neigh   | 4.3842     | 4.3842     | 4.3842     |   0.0 | 12.89
Comm    | 0.69293    | 0.69293    | 0.69293    |   0.0 |  2.04
Output  | 0.017955   | 0.017955   | 0.017955   |   0.0 |  0.05
Modify  | 0.83754    | 0.83754    | 0.83754    |   0.0 |  2.46
Other   |            | 0.1341     |            |       |  0.39

Nlocal:    1331 ave 1331 max 1331 min
Histogram: 1 0 0 0 0 0 0 0 0 0
Nghost:    2828 ave 2828 max 2828 min
Histogram: 1 0 0 0 0 0 0 0 0 0
Neighs:    46036 ave 46036 max 46036 min
Histogram: 1 0 0 0 0 0 0 0 0 0

Total # of neighbors = 46036
Ave neighs/atom = 34.5875
Neighbor list builds = 2500
Dangerous builds not checked

write_restart NVT/sim1/T_1.20__v_1.00/end1.restart
Total wall time: 0:00:34
