run 50000
Neighbor list info ...
  update every 20 steps, delay 0 steps, check no
  max neighbors/atom: 2000, page size: 100000
  master list distance cutoff = 2.8
  ghost atom cutoff = 2.8
  binsize = 1.4, bins = 21 21 21
  1 neighbor lists, perpetual/occasional/extra = 1 0 0
  (1) pair lj/cut, perpetual
      attributes: half, newton on
      pair build: half/bin/atomonly/newton
      stencil: half/bin/3d/newton
      bin: standard
Per MPI rank memory allocation (min/avg/max) = 2.731 | 2.731 | 2.731 Mbytes
Step Temp Press TotEng 
       0          1.1  0.058183729    1.6364313 
    1000    1.1502199   0.05422421    1.3844665 
    2000    1.0653511  0.050671178     1.237698 
    3000    1.1384386  0.050466096     1.307542 
    4000    1.0676441  0.046344292    1.2253178 
    5000    1.1510495  0.051551961    1.3244385 
    6000    1.0562346  0.051905468    1.2068292 
    7000    1.1368602  0.050773543    1.2971867 
    8000    1.0747502  0.050725565    1.1946798 
    9000    1.0983101  0.049803039    1.2276872 
   10000    1.1179511  0.053068889    1.2523814 
   11000    1.0718408  0.043852382     1.164267 
   12000    1.1337068  0.052302847    1.2629625 
   13000    1.0846183  0.050218631     1.204024 
   14000      1.09247  0.050377603    1.2123073 
   15000    1.1403299  0.050738476    1.3205577 
   16000    1.0768249  0.049578701    1.2483654 
   17000    1.0897476  0.048497306    1.2335257 
   18000    1.0865795  0.047480487    1.2109753 
   19000    1.1310569  0.051109898    1.3020948 
   20000    1.0683042  0.047253299    1.2229117 
   21000    1.1058799  0.046309587    1.2718729 
   22000    1.0593418  0.049190121     1.178845 
   23000    1.0955454  0.053451501    1.2555407 
   24000    1.0870237  0.048005597    1.2288722 
   25000    1.1259658  0.048929372    1.2781147 
   26000    1.0649062  0.046238412    1.2196149 
   27000    1.0829906  0.048631832    1.2429527 
   28000    1.1047162  0.052241675    1.2550846 
   29000    1.0605568  0.046339718    1.1959421 
   30000    1.1116286  0.049551835    1.2849734 
   31000    1.0875424    0.0507305    1.2222339 
   32000     1.089169  0.050787675    1.2275801 
   33000    1.1152215  0.051582959    1.2502924 
   34000    1.0589447  0.046446098    1.1815129 
   35000      1.08913  0.048445741    1.2363441 
   36000    1.0943109  0.044857971    1.2383672 
   37000    1.1048799   0.04980716    1.2612558 
   38000    1.1253971   0.04771608    1.2567534 
   39000    1.0882138  0.050215556    1.2122321 
   40000    1.1516485  0.051801512    1.3244037 
   41000    1.0872707  0.047942716    1.2193518 
   42000    1.0975869  0.051604318    1.2621288 
   43000    1.0952335  0.050185113    1.2297237 
   44000    1.0841252  0.045867355    1.2102417 
   45000    1.1114454  0.047331083    1.2486771 
   46000    1.0389697  0.041737772    1.1369043 
   47000    1.1114053  0.051491892    1.2323089 
   48000    1.1060632  0.049845201    1.2116876 
   49000    1.0523817  0.048292377    1.1342725 
   50000    1.1095973  0.049072798    1.2523164 
Loop time of 5.00283 on 1 procs for 50000 steps with 1331 atoms

Performance: 3454044.681 tau/day, 9994.342 timesteps/s
99.7% CPU use with 1 MPI tasks x no OpenMP threads

MPI task timing breakdown:
Section |  min time  |  avg time  |  max time  |%varavg| %total
---------------------------------------------------------------
Pair    | 2.6121     | 2.6121     | 2.6121     |   0.0 | 52.21
Neigh   | 1.1858     | 1.1858     | 1.1858     |   0.0 | 23.70
Comm    | 0.26471    | 0.26471    | 0.26471    |   0.0 |  5.29
Output  | 0.021694   | 0.021694   | 0.021694   |   0.0 |  0.43
Modify  | 0.84034    | 0.84034    | 0.84034    |   0.0 | 16.80
Other   |            | 0.07822    |            |       |  1.56

Nlocal:    1331 ave 1331 max 1331 min
Histogram: 1 0 0 0 0 0 0 0 0 0
Nghost:    963 ave 963 max 963 min
Histogram: 1 0 0 0 0 0 0 0 0 0
Neighs:    3689 ave 3689 max 3689 min
Histogram: 1 0 0 0 0 0 0 0 0 0

Total # of neighbors = 3689
Ave neighs/atom = 2.7716
Neighbor list builds = 2500
Dangerous builds not checked

write_restart NVT/sim1/T_1.10__v_19.68/end1.restart
Total wall time: 0:00:05
