run 50000
Neighbor list info ...
  update every 20 steps, delay 0 steps, check no
  max neighbors/atom: 2000, page size: 100000
  master list distance cutoff = 2.8
  ghost atom cutoff = 2.8
  binsize = 1.4, bins = 16 16 16
  1 neighbor lists, perpetual/occasional/extra = 1 0 0
  (1) pair lj/cut, perpetual
      attributes: half, newton on
      pair build: half/bin/atomonly/newton
      stencil: half/bin/3d/newton
      bin: standard
Per MPI rank memory allocation (min/avg/max) = 2.7 | 2.7 | 2.7 Mbytes
Step Temp Press Volume Density PotEng KinEng TotEng 
       0          1.1  0.091986538        10648        0.125  -0.13561964    1.6487603    1.5131407 
    1000    1.4933581    0.1847389    7449.7153   0.17866455   -1.0602921    2.2383541     1.178062 
    2000    1.2717633   0.17292473    5731.3609   0.23223106   -1.4270935    1.9062117    0.4791182 
    3000    1.1756172    0.1521571    4552.8189   0.29234635   -1.8260335     1.762101 -0.063932538 
    4000    1.1390541   0.23238046    3712.7195   0.35849733   -2.2106428    1.7072975  -0.50334526 
    5000    1.1002123  0.070871678    3107.0891   0.42837522   -2.5502088    1.6490786  -0.90113018 
    6000    1.1626174   0.11458671    2656.5469   0.50102635    -2.982504    1.7426159    -1.239888 
    7000    1.1036959   0.40060519    2360.7616    0.5638011   -3.2750082       1.6543   -1.6207081 
    8000    1.1154194    0.3139721    2168.0243     0.613923   -3.6007016     1.671872   -1.9288296 
    9000    1.0703418     0.587318     2059.566   0.64625266    -3.774297    1.6043065   -2.1699905 
   10000    1.0927913   0.50722321     2038.996   0.65277226   -3.8129101    1.6379555   -2.1749546 
   11000    1.1047364   0.43719412    2066.4729   0.64409264   -3.7668717    1.6558596   -2.1110121 
   12000    1.0854022   0.53244977    2063.0995    0.6451458   -3.7516152    1.6268801   -2.1247351 
   13000    1.0723678   0.54089803    2060.8178   0.64586011   -3.7715373    1.6073432   -2.1641941 
   14000    1.0883028    0.4578998    2073.2522   0.64198654   -3.7455914    1.6312277   -2.1143637 
   15000    1.0917508    0.4446387     2064.305   0.64476906   -3.7778402    1.6363958   -2.1414444 
   16000    1.0921925    0.4213868    2046.3584   0.65042371   -3.8158493    1.6370579   -2.1787915 
   17000    1.1435827    0.5626407    2043.9815   0.65118007   -3.7901866    1.7140852   -2.0761014 
   18000     1.123075   0.66017904    2045.5159    0.6506916   -3.7720206    1.6833468   -2.0886738 
   19000    1.1073068   0.49443558    2034.0585   0.65435679   -3.8255387    1.6597122   -2.1658264 
   20000    1.0757603   0.43479861    2039.3719   0.65265194   -3.8573318    1.6124281   -2.2449037 
   21000    1.0910398   0.43349716    2072.3663   0.64226099   -3.7706927    1.6353301   -2.1353626 
   22000    1.1151156    0.5280083    2075.8176   0.64119314   -3.7399888    1.6714167   -2.0685721 
   23000     1.107962    0.4730337    2043.1832   0.65143448   -3.8425951    1.6606943   -2.1819007 
   24000    1.1030353   0.53206682    2041.1444   0.65208516   -3.8244075    1.6533099   -2.1710976 
   25000     1.119612   0.63266974    2069.0999    0.6432749   -3.7230481    1.6781562    -2.044892 
   26000    1.1362306   0.53850057    2078.4879   0.64036937    -3.764447    1.7030653   -2.0613817 
   27000    1.0479077   0.49910482    2070.7083   0.64277523   -3.7389726    1.5706806   -2.1682919 
   28000    1.0329642   0.39442087    2092.0979   0.63620349   -3.7519962    1.5482822    -2.203714 
   29000    1.0939171    0.5366674    2055.9802   0.64737976   -3.7917804    1.6396428   -2.1521376 
   30000    1.1361839   0.44757682    2060.1015   0.64608467   -3.7918563    1.7029954   -2.0888609 
   31000     1.134085   0.55467987    2101.2805   0.63342328   -3.6718022    1.6998494   -1.9719528 
   32000    1.0682139   0.43941115      2106.66    0.6318058   -3.6809244    1.6011171   -2.0798073 
   33000    1.0963976   0.34938022    2064.1057    0.6448313    -3.801945    1.6433608   -2.1585842 
   34000    1.0871999   0.46184956    2044.7533   0.65093428   -3.8253561    1.6295746   -2.1957816 
   35000    1.1141069   0.56201372    2047.7113   0.64999398   -3.7809476    1.6699048   -2.1110429 
   36000    1.1268755   0.67113573    2068.0969   0.64358685   -3.7266482    1.6890432   -2.0376049 
   37000    1.0923974   0.58774414    2053.8544   0.64804984   -3.7852848    1.6373651   -2.1479198 
   38000     1.096013   0.40750715    2041.0742   0.65210759   -3.8574228    1.6427844   -2.2146384 
   39000    1.0611643   0.60334121    2061.4665   0.64565688   -3.7432931    1.5905505   -2.1527426 
   40000    1.0841929   0.51834994    2081.6755    0.6393888    -3.706163    1.6250676   -2.0810954 
   41000    1.0765422   0.51633641    2062.2875   0.64539982   -3.7652615    1.6136001   -2.1516613 
   42000     1.061308   0.29094318    2055.8461     0.647422   -3.8318324     1.590766   -2.2410665 
   43000    1.0612824   0.43330038    2027.2347   0.65655941    -3.845227    1.5907276   -2.2544994 
   44000    1.0881715   0.49832314    2062.5506   0.64531749   -3.7800029    1.6310309    -2.148972 
   45000    1.0792391    0.5795396    2077.4954    0.6406753    -3.722697    1.6176424   -2.1050545 
   46000    1.0754473   0.53416058    2019.1972   0.65917285   -3.8409685    1.6119589   -2.2290095 
   47000    1.0812176   0.44748731     2035.038   0.65404184   -3.8635697    1.6206079   -2.2429617 
   48000    1.0914367   0.38556421    2065.9117   0.64426762   -3.7905033     1.635925   -2.1545782 
   49000    1.1128658   0.33021296    2091.3508   0.63643076   -3.7728894    1.6680446   -2.1048448 
   50000    1.1278386   0.47119853    2114.7827   0.62937909   -3.6917238    1.6904869   -2.0012369 
Loop time of 32.9515 on 1 procs for 50000 steps with 1331 atoms

Performance: 524407.401 tau/day, 1517.383 timesteps/s
99.9% CPU use with 1 MPI tasks x no OpenMP threads

MPI task timing breakdown:
Section |  min time  |  avg time  |  max time  |%varavg| %total
---------------------------------------------------------------
Pair    | 25.619     | 25.619     | 25.619     |   0.0 | 77.75
Neigh   | 4.1883     | 4.1883     | 4.1883     |   0.0 | 12.71
Comm    | 0.73024    | 0.73024    | 0.73024    |   0.0 |  2.22
Output  | 0.027765   | 0.027765   | 0.027765   |   0.0 |  0.08
Modify  | 2.2347     | 2.2347     | 2.2347     |   0.0 |  6.78
Other   |            | 0.1514     |            |       |  0.46

Nlocal:    1331 ave 1331 max 1331 min
Histogram: 1 0 0 0 0 0 0 0 0 0
Nghost:    2581 ave 2581 max 2581 min
Histogram: 1 0 0 0 0 0 0 0 0 0
Neighs:    37821 ave 37821 max 37821 min
Histogram: 1 0 0 0 0 0 0 0 0 0

Total # of neighbors = 37821
Ave neighs/atom = 28.4155
Neighbor list builds = 2500
Dangerous builds not checked

write_restart lattice_11_11_11__2_2_2/sim1/T_1.10__P_0.50/end1.restart
Total wall time: 0:00:32
