run 50000
Neighbor list info ...
  update every 20 steps, delay 0 steps, check no
  max neighbors/atom: 2000, page size: 100000
  master list distance cutoff = 2.8
  ghost atom cutoff = 2.8
  binsize = 1.4, bins = 16 16 16
  1 neighbor lists, perpetual/occasional/extra = 1 0 0
  (1) pair lj/cut, perpetual
      attributes: half, newton on
      pair build: half/bin/atomonly/newton
      stencil: half/bin/3d/newton
      bin: standard
Per MPI rank memory allocation (min/avg/max) = 2.7 | 2.7 | 2.7 Mbytes
Step Temp Press Volume Density PotEng KinEng TotEng 
       0          0.9  0.067005321        10648        0.125  -0.13561964    1.3489857    1.2133661 
    1000    1.4447252   0.26947904    5903.9897   0.22544077   -1.3075684    2.1654597    0.8578913 
    2000    1.2482515   0.19693517    4009.5483   0.33195759   -2.0292599    1.8709704  -0.15828946 
    3000    1.1067108  0.094538184    2926.6514   0.45478597   -2.7479847     1.658819   -1.0891658 
    4000    1.0728395   0.21111221    2254.9865   0.59024743   -3.5235479    1.6080501   -1.9154977 
    5000    1.0369578   0.64360793    1888.8086   0.70467703   -4.1802387    1.5542681   -2.6259706 
    6000    0.9448236   0.91069872    1725.1967   0.77150622   -4.6071611    1.4161706   -3.1909905 
    7000   0.86773394    1.2204655    1659.2085   0.80218971   -4.7993532     1.300623   -3.4987302 
    8000    0.8901291    1.1595192    1655.0536   0.80420358   -4.8176769    1.3341905   -3.4834864 
    9000   0.92390931    1.1698934    1677.1407   0.79361259   -4.7375684    1.3848227   -3.3527457 
   10000     0.915604   0.96344857    1686.6866   0.78912112   -4.7425397    1.3723741   -3.3701656 
   11000    0.8998533    1.2454732    1661.3268   0.80116688   -4.7870291    1.3487658   -3.4382632 
   12000   0.90647591    1.0496538    1673.4686   0.79535401   -4.7736243    1.3586923    -3.414932 
   13000   0.89345197    1.0560674    1685.3793   0.78973321   -4.7177605    1.3391711   -3.3785895 
   14000   0.91574012   0.94183102    1677.8891   0.79325863   -4.7733214    1.3725782   -3.4007433 
   15000   0.89630431    1.1373726    1668.9937   0.79748656   -4.7595817    1.3434464   -3.4161353 
   16000   0.86725831     1.328836    1673.0132   0.79557055   -4.6966364    1.2999101   -3.3967263 
   17000   0.87918198   0.85634374    1693.5587   0.78591901   -4.7305917    1.3177822   -3.4128095 
   18000   0.91827825    1.1824802    1668.8196   0.79756973   -4.7705278    1.3763825   -3.3941453 
   19000   0.91829728    1.1439065    1671.4211   0.79632834    -4.760229     1.376411    -3.383818 
   20000   0.91309957    1.2437727    1669.9788   0.79701612   -4.7354592    1.3686203   -3.3668388 
   21000   0.89363429     1.104173    1678.8173   0.79282004   -4.7357558    1.3394443   -3.3963115 
   22000   0.88501171    1.0612728    1675.7381   0.79427686   -4.7622469    1.3265202   -3.4357267 
   23000   0.90987611    1.2551941    1677.4669    0.7934583   -4.7152467    1.3637888   -3.3514579 
   24000   0.91031458   0.94747969    1686.7401   0.78909606   -4.7406606     1.364446   -3.3762146 
   25000   0.83873456   0.86287769    1690.5429   0.78732103   -4.7403937    1.2571566   -3.4832371 
   26000   0.90444198    1.2671207     1665.163   0.79932117   -4.7677897    1.3556437    -3.412146 
   27000   0.91475738    1.1588007    1681.9863   0.79132632   -4.7143451    1.3711052   -3.3432399 
   28000   0.90243471    1.1198839    1677.0793   0.79364167   -4.7366903     1.352635   -3.3840553 
   29000   0.88294424   0.88493449    1676.4808     0.793925   -4.7918658    1.3234213   -3.4684445 
   30000   0.90143226      1.15799    1676.7292   0.79380736   -4.7508416    1.3511325   -3.3997091 
   31000   0.90919246   0.92798202    1693.4338   0.78597697   -4.7224787    1.3627641   -3.3597147 
   32000   0.91585116    1.0742803    1678.5659   0.79293877   -4.7500282    1.3727446   -3.3772836 
   33000   0.90234801    1.1790681    1665.0396   0.79938036   -4.7799583    1.3525051   -3.4274532 
   34000   0.90355991   0.86743894    1688.4175   0.78831214   -4.7574247    1.3543216   -3.4031031 
   35000   0.92860836    1.0753767    1684.4265   0.79017992   -4.7187937     1.391866   -3.3269277 
   36000   0.88937634     1.368933    1664.3199   0.79972608   -4.7384551    1.3330622   -3.4053929 
   37000   0.87809377    1.0096325    1677.8107   0.79329568   -4.7530077    1.3161511   -3.4368567 
   38000   0.93343959    0.9802199    1680.7291   0.79191822   -4.7650768    1.3991074   -3.3659694 
   39000   0.91733672    1.3353926    1672.0269   0.79603984   -4.7320102    1.3749713   -3.3570389 
   40000   0.88755438   0.87135576    1674.6908    0.7947736   -4.7886404    1.3303313   -3.4583091 
   41000   0.89874513   0.90974293    1679.8534   0.79233103   -4.7735247    1.3471048   -3.4264199 
   42000   0.92838132    1.1062567    1671.3149   0.79637897   -4.7686732    1.3915257   -3.3771475 
   43000   0.94225176    1.1718506    1679.3553   0.79256603   -4.7260006    1.4123157   -3.3136848 
   44000   0.89046411    1.0210477    1702.2175   0.78192124   -4.6600762    1.3346926   -3.3253835 
   45000   0.87715802     1.045706    1681.6793   0.79147077   -4.7390793    1.3147485   -3.4243308 
   46000   0.90910566   0.95551063    1674.5749   0.79482859   -4.7959277     1.362634   -3.4332937 
   47000   0.89904924    1.1536702    1652.3994   0.80549533   -4.8379028    1.3475606   -3.4903421 
   48000   0.90445479    1.1075844    1670.0914   0.79696238    -4.774743    1.3556629   -3.4190801 
   49000   0.88843961    1.1460839    1685.5021   0.78967566   -4.7022098    1.3316582   -3.3705517 
   50000    0.9113411    1.0247723    1686.2379   0.78933109   -4.7277235    1.3659846   -3.3617389 
Loop time of 36.1308 on 1 procs for 50000 steps with 1331 atoms

Performance: 478262.556 tau/day, 1383.862 timesteps/s
99.9% CPU use with 1 MPI tasks x no OpenMP threads

MPI task timing breakdown:
Section |  min time  |  avg time  |  max time  |%varavg| %total
---------------------------------------------------------------
Pair    | 28.791     | 28.791     | 28.791     |   0.0 | 79.69
Neigh   | 4.4529     | 4.4529     | 4.4529     |   0.0 | 12.32
Comm    | 0.70373    | 0.70373    | 0.70373    |   0.0 |  1.95
Output  | 0.024966   | 0.024966   | 0.024966   |   0.0 |  0.07
Modify  | 2.0081     | 2.0081     | 2.0081     |   0.0 |  5.56
Other   |            | 0.15       |            |       |  0.42

Nlocal:    1331 ave 1331 max 1331 min
Histogram: 1 0 0 0 0 0 0 0 0 0
Nghost:    2897 ave 2897 max 2897 min
Histogram: 1 0 0 0 0 0 0 0 0 0
Neighs:    46835 ave 46835 max 46835 min
Histogram: 1 0 0 0 0 0 0 0 0 0

Total # of neighbors = 46835
Ave neighs/atom = 35.1878
Neighbor list builds = 2500
Dangerous builds not checked

write_restart lattice_11_11_11__2_2_2/sim1/T_0.90__P_1.10/end1.restart
Total wall time: 0:00:36
