run 50000
Neighbor list info ...
  update every 20 steps, delay 0 steps, check no
  max neighbors/atom: 2000, page size: 100000
  master list distance cutoff = 2.8
  ghost atom cutoff = 2.8
  binsize = 1.4, bins = 16 16 16
  1 neighbor lists, perpetual/occasional/extra = 1 0 0
  (1) pair lj/cut, perpetual
      attributes: half, newton on
      pair build: half/bin/atomonly/newton
      stencil: half/bin/3d/newton
      bin: standard
Per MPI rank memory allocation (min/avg/max) = 2.7 | 2.7 | 2.7 Mbytes
Step Temp Press Volume Density PotEng KinEng TotEng 
       0          1.7   0.16693019        10648        0.125  -0.13561964    2.5480841    2.4124645 
    1000    2.2601875   0.39852529    6807.2812   0.19552593   -1.0330986    3.3877341    2.3546355 
    2000    1.9721967   0.54710139    5078.5565   0.26208235   -1.4027827    2.9560724    1.5532897 
    3000    1.8347967   0.56963444    4027.9743   0.33043905   -1.8316294    2.7501272   0.91849781 
    4000    1.7337039   0.71023058    3345.4864   0.39784947   -2.1421894     2.598602   0.45641257 
    5000    1.7244734     0.758933    2896.0832   0.45958624   -2.4858196    2.5847666  0.098947004 
    6000    1.7092704   0.85657834    2620.4647   0.50792519   -2.7569596    2.5619793  -0.19498032 
    7000     1.678251    1.2407757    2468.3775   0.53922061   -2.9048702    2.5154852  -0.38938503 
    8000    1.7053856    1.1076417    2414.1559   0.55133142     -3.00644    2.5561565  -0.45028356 
    9000    1.7048133    1.2466485     2411.229   0.55200066   -2.9937455    2.5552987  -0.43844676 
   10000     1.714172    1.3017907    2411.9057   0.55184578   -2.9609395    2.5693261  -0.39161337 
   11000    1.6875743    1.1280358    2416.5724    0.5507801   -2.9989981    2.5294596  -0.46953855 
   12000    1.7100582    1.2919148    2395.9638   0.55551757   -2.9979493    2.5631601  -0.43478924 
   13000    1.7509808    1.0359567    2413.7151   0.55143209     -3.03047    2.6244979  -0.40597216 
   14000    1.7378275    1.0411496     2418.593   0.55031997   -3.0260695    2.6047828  -0.42128671 
   15000    1.6549896    1.1947484    2410.7125   0.55211893    -2.964293    2.4806193  -0.48367368 
   16000    1.6950485    1.1676996    2407.5381    0.5528469   -3.0206336    2.5406624  -0.47997117 
   17000    1.7854048    1.2577385    2391.6809   0.55651236   -3.0130183    2.6760951  -0.33692321 
   18000    1.6996116     1.117372    2422.3672   0.54946252    -2.989664     2.547502  -0.44216199 
   19000    1.5839128    1.0085555     2455.571   0.54203279   -2.9591502    2.3740841  -0.58506609 
   20000    1.7255195    1.1036212    2409.5079   0.55239496   -3.0270032    2.5863346  -0.44066851 
   21000    1.7323316    1.3378688    2441.2099   0.54522145   -2.8981805    2.5965452   -0.3016353 
   22000    1.7164212    1.0778773    2479.1891   0.53686909     -2.91218    2.5726974  -0.33948255 
   23000    1.6778608    1.3022264     2432.861   0.54709249   -2.9264048    2.5149003  -0.41150453 
   24000    1.6981642    1.2130258    2416.2578   0.55085181   -2.9953257    2.5453326  -0.44999318 
   25000    1.7039963    1.0924392    2479.5505   0.53679083   -2.8778788    2.5540741  -0.32380476 
   26000    1.6976514    1.3481344    2410.8012   0.55209861    -2.937167    2.5445639  -0.39260312 
   27000    1.6872664    1.3164029    2397.9177   0.55506491   -2.9808625    2.5289981  -0.45186448 
   28000    1.6180785    1.1728205    2450.1467   0.54323278   -2.9407073    2.4252942  -0.51541306 
   29000     1.774441    1.2942303    2406.4822   0.55308949   -2.9924392    2.6596617  -0.33277752 
   30000    1.7321587    1.4546949    2403.3911   0.55380084   -2.9412408    2.5962859  -0.34495491 
   31000     1.663577    1.1126437     2438.279   0.54587683   -2.9770455    2.4934907  -0.48355485 
   32000    1.7177878    1.1437663    2414.0595   0.55135344   -2.9831698    2.5747458  -0.40842399 
   33000    1.6927345    1.2141328    2422.2356   0.54949238   -2.9833762    2.5371941  -0.44618208 
   34000    1.6702249    1.1211865    2448.3491   0.54363162   -2.9345582     2.503455  -0.43110324 
   35000    1.7319527     1.127808    2460.0658   0.54104244   -2.9571097    2.5959772  -0.36113245 
   36000    1.6824891    1.5078976    2358.6238   0.56431211   -2.9993816    2.5218375  -0.47754409 
   37000    1.7341834    1.2362121    2393.2543   0.55614649   -3.0118391    2.5993207   -0.4125184 
   38000    1.6876561    1.0496488    2461.3127   0.54076835   -2.9487105    2.5295822  -0.41912827 
   39000    1.6458422    1.2552084    2420.0832    0.5499811   -2.9451767    2.4669084  -0.47826829 
   40000    1.7136176    1.3373266    2367.2759   0.56224962   -3.0230751    2.5684952  -0.45457987 
   41000    1.6581067    1.1856963     2407.359   0.55288803   -2.9806753    2.4852913  -0.49538399 
   42000    1.6748108     1.130289    2470.1571   0.53883212   -2.8973988    2.5103288  -0.38707003 
   43000    1.6680268    1.1918575    2442.6121   0.54490847   -2.9325992    2.5001603  -0.43243892 
   44000    1.6860098    1.3383856    2376.1652   0.56014625   -3.0144504    2.5271146  -0.48733578 
   45000    1.7698828    1.2971138    2387.8116   0.55741416   -3.0171448    2.6528296  -0.36431519 
   46000    1.6743099     1.141497    2455.2504   0.54210357   -2.9457793    2.5095779  -0.43620138 
   47000    1.6892988    1.3138812    2455.9033   0.54195944   -2.8879472    2.5320444  -0.35590272 
   48000    1.7264643    1.3162649    2351.8947    0.5659267   -3.0404122    2.5877508  -0.45266142 
   49000    1.7002962     1.175906    2391.1073   0.55664587   -3.0362667    2.5485281  -0.48773861 
   50000    1.6573457     1.173376    2451.0549   0.54303149   -2.9065001    2.4841507  -0.42234933 
Loop time of 28.2979 on 1 procs for 50000 steps with 1331 atoms

Performance: 610646.765 tau/day, 1766.918 timesteps/s
99.9% CPU use with 1 MPI tasks x no OpenMP threads

MPI task timing breakdown:
Section |  min time  |  avg time  |  max time  |%varavg| %total
---------------------------------------------------------------
Pair    | 21.522     | 21.522     | 21.522     |   0.0 | 76.05
Neigh   | 3.8981     | 3.8981     | 3.8981     |   0.0 | 13.78
Comm    | 0.65532    | 0.65532    | 0.65532    |   0.0 |  2.32
Output  | 0.025376   | 0.025376   | 0.025376   |   0.0 |  0.09
Modify  | 2.0651     | 2.0651     | 2.0651     |   0.0 |  7.30
Other   |            | 0.1322     |            |       |  0.47

Nlocal:    1331 ave 1331 max 1331 min
Histogram: 1 0 0 0 0 0 0 0 0 0
Nghost:    2476 ave 2476 max 2476 min
Histogram: 1 0 0 0 0 0 0 0 0 0
Neighs:    32694 ave 32694 max 32694 min
Histogram: 1 0 0 0 0 0 0 0 0 0

Total # of neighbors = 32694
Ave neighs/atom = 24.5635
Neighbor list builds = 2500
Dangerous builds not checked

write_restart lattice_11_11_11__2_2_2/sim1/T_1.70__P_1.20/end1.restart
Total wall time: 0:00:28
