run 50000
Neighbor list info ...
  update every 20 steps, delay 0 steps, check no
  max neighbors/atom: 2000, page size: 100000
  master list distance cutoff = 2.8
  ghost atom cutoff = 2.8
  binsize = 1.4, bins = 10 10 10
  1 neighbor lists, perpetual/occasional/extra = 1 0 0
  (1) pair lj/cut, perpetual
      attributes: half, newton on
      pair build: half/bin/atomonly/newton
      stencil: half/bin/3d/newton
      bin: standard
Per MPI rank memory allocation (min/avg/max) = 2.732 | 2.732 | 2.732 Mbytes
Step Temp Press TotEng 
       0          1.3  -0.34929103   -2.1904175 
    1000    1.1651445   0.52187667   -1.7937991 
    2000    1.3060136   0.97409389   -1.4188178 
    3000    1.3096242     0.758094   -1.4929247 
    4000     1.260531   0.68835496   -1.5628957 
    5000    1.3229198   0.80423651   -1.4256664 
    6000    1.2380727   0.79921518   -1.5554104 
    7000    1.2953106   0.85673729   -1.4760895 
    8000    1.3348248   0.65430329   -1.4891158 
    9000    1.2405571   0.83472001   -1.5575751 
   10000    1.3214455   0.84823345   -1.4587898 
   11000    1.2890218   0.63272526   -1.5316553 
   12000     1.372538   0.78547779   -1.3940873 
   13000    1.2921268   0.70088575   -1.5213309 
   14000    1.3121085   0.81680257   -1.4736412 
   15000    1.3119135   0.78848052   -1.4869012 
   16000    1.2628085   0.66322699   -1.5542978 
   17000    1.3346451   0.80330436   -1.4494982 
   18000    1.2752477   0.75557413   -1.5154534 
   19000    1.3047601   0.89635317   -1.4742258 
   20000       1.2849    1.0210857   -1.4560368 
   21000    1.2757418   0.57869701    -1.549453 
   22000    1.3325208   0.64094236   -1.4712789 
   23000    1.2878865   0.76925673   -1.5249433 
   24000    1.3093097   0.79421482   -1.4562369 
   25000    1.3092973   0.76157644   -1.4862367 
   26000    1.3041894   0.61627226   -1.5161043 
   27000    1.3666534   0.69634215   -1.4160217 
   28000    1.2664699   0.76929664   -1.5605906 
   29000    1.3468097   0.67217381     -1.45535 
   30000     1.296884   0.76389859   -1.4894724 
   31000    1.2986336   0.75971162   -1.4978863 
   32000    1.3299864   0.75169209   -1.4588044 
   33000    1.3177239   0.84303293   -1.4531559 
   34000    1.2790455   0.83609689    -1.552323 
   35000    1.3467636   0.86285458   -1.4075324 
   36000     1.275443   0.69127799   -1.5499552 
   37000    1.3090923   0.84606623   -1.4741768 
   38000    1.3206291   0.74409754   -1.4894815 
   39000    1.2818628   0.78424471   -1.5488193 
   40000    1.3112709    0.8105331   -1.4704727 
   41000    1.2781878   0.62571692   -1.5667967 
   42000    1.3161955   0.82602568   -1.4728165 
   43000    1.2844288   0.88104113   -1.4976169 
   44000    1.2878274   0.80191184   -1.5009253 
   45000    1.3192742   0.88904879    -1.447793 
   46000    1.2879252    0.7730418   -1.5250183 
   47000    1.3118865   0.76156613   -1.4755497 
   48000    1.3256433   0.77238872   -1.4625882 
   49000    1.2829856   0.61296023   -1.5633499 
   50000    1.3389616    0.7729607   -1.4368445 
Loop time of 27.9003 on 1 procs for 50000 steps with 1331 atoms

Performance: 619348.755 tau/day, 1792.097 timesteps/s
99.8% CPU use with 1 MPI tasks x no OpenMP threads

MPI task timing breakdown:
Section |  min time  |  avg time  |  max time  |%varavg| %total
---------------------------------------------------------------
Pair    | 22.472     | 22.472     | 22.472     |   0.0 | 80.54
Neigh   | 3.7921     | 3.7921     | 3.7921     |   0.0 | 13.59
Comm    | 0.63768    | 0.63768    | 0.63768    |   0.0 |  2.29
Output  | 0.025687   | 0.025687   | 0.025687   |   0.0 |  0.09
Modify  | 0.8483     | 0.8483     | 0.8483     |   0.0 |  3.04
Other   |            | 0.1247     |            |       |  0.45

Nlocal:    1331 ave 1331 max 1331 min
Histogram: 1 0 0 0 0 0 0 0 0 0
Nghost:    2628 ave 2628 max 2628 min
Histogram: 1 0 0 0 0 0 0 0 0 0
Neighs:    36497 ave 36497 max 36497 min
Histogram: 1 0 0 0 0 0 0 0 0 0

Total # of neighbors = 36497
Ave neighs/atom = 27.4207
Neighbor list builds = 2500
Dangerous builds not checked

write_restart NVT/sim1/T_1.30__v_1.33/end1.restart
Total wall time: 0:00:27
