run 50000
Neighbor list info ...
  update every 20 steps, delay 0 steps, check no
  max neighbors/atom: 2000, page size: 100000
  master list distance cutoff = 2.8
  ghost atom cutoff = 2.8
  binsize = 1.4, bins = 16 16 16
  1 neighbor lists, perpetual/occasional/extra = 1 0 0
  (1) pair lj/cut, perpetual
      attributes: half, newton on
      pair build: half/bin/atomonly/newton
      stencil: half/bin/3d/newton
      bin: standard
Per MPI rank memory allocation (min/avg/max) = 2.7 | 2.7 | 2.7 Mbytes
Step Temp Press TotEng 
       0          0.6  0.029533495   0.76370418 
    1000   0.78581753  0.056516791   0.26293678 
    2000   0.69097467  0.015451625  -0.23560758 
    3000   0.66245886 0.0078709388  -0.61934619 
    4000   0.65651505  0.015284622  -0.96903821 
    5000   0.64856424 -5.8247553e-05   -1.3487715 
    6000   0.64712692 0.0018692664   -1.7045678 
    7000   0.63392282 0.0045730092    -1.993428 
    8000   0.61475543 -0.0081825377   -2.2372622 
    9000   0.59165763 -0.00058411309   -2.4215525 
   10000   0.58932193 0.0095439536   -2.5478656 
   11000   0.59468002  0.015032382   -2.6348283 
   12000   0.61172502 -0.018665589   -2.7050098 
   13000   0.59752842  0.023517148   -2.8146556 
   14000   0.59507371 -0.014757874    -2.919779 
   15000   0.58349583 -0.014753654   -2.9990999 
   16000   0.58886278 -0.0039472566   -3.0575191 
   17000   0.60134669 0.0056812167    -3.151834 
   18000   0.59282544  0.012336923   -3.2674233 
   19000   0.60254499  0.010465943    -3.314336 
   20000   0.58552769 -0.021031975    -3.282264 
   21000   0.62050057  0.010526263   -3.2931668 
   22000   0.57546529  0.014095914   -3.3610856 
   23000   0.61034122 -0.00089107207   -3.3399637 
   24000   0.60185024 -0.025681195   -3.3646831 
   25000   0.60314897 0.0015836138   -3.4229098 
   26000   0.57979256 -0.017174288   -3.4856525 
   27000   0.57849321 0.0074042341   -3.4706332 
   28000   0.59241196 -0.0054330121   -3.4080592 
   29000   0.60863104 -0.0053641226   -3.3795089 
   30000   0.61214233 -0.0053840082   -3.3223676 
   31000   0.61205863  0.013999746   -3.3860668 
   32000     0.593139 -0.017587276   -3.3933881 
   33000   0.60513906 0.0089868657   -3.3381212 
   34000   0.61478367 -0.0098754128   -3.3386249 
   35000   0.61926337 -0.00062136944   -3.3651484 
   36000   0.59032505 0.0034463694     -3.41337 
   37000    0.5945729 -0.021842586   -3.4157768 
   38000   0.61839625 0.0045854615   -3.3446293 
   39000   0.61226538 0.0040790904   -3.3168141 
   40000   0.63411564  0.030602938   -3.2676932 
   41000   0.61002828 -0.003926469   -3.3543484 
   42000   0.58804784 0.0070014746   -3.4029349 
   43000   0.59486517 -0.00028629625   -3.4330983 
   44000   0.60140861  0.017454599    -3.426451 
   45000   0.60924137  0.012176223   -3.3638567 
   46000   0.60216507 -0.010679104    -3.373683 
   47000   0.58573611 0.0016827728   -3.4037508 
   48000   0.58297492 0.0071939385   -3.4529929 
   49000   0.58875065  0.018444906   -3.3863958 
   50000    0.6021715 -0.0084345259   -3.3496039 
Loop time of 23.4159 on 1 procs for 50000 steps with 1331 atoms

Performance: 737958.788 tau/day, 2135.297 timesteps/s
99.9% CPU use with 1 MPI tasks x no OpenMP threads

MPI task timing breakdown:
Section |  min time  |  avg time  |  max time  |%varavg| %total
---------------------------------------------------------------
Pair    | 18.682     | 18.682     | 18.682     |   0.0 | 79.78
Neigh   | 3.2073     | 3.2073     | 3.2073     |   0.0 | 13.70
Comm    | 0.54415    | 0.54415    | 0.54415    |   0.0 |  2.32
Output  | 0.02519    | 0.02519    | 0.02519    |   0.0 |  0.11
Modify  | 0.84095    | 0.84095    | 0.84095    |   0.0 |  3.59
Other   |            | 0.1162     |            |       |  0.50

Nlocal:    1331 ave 1331 max 1331 min
Histogram: 1 0 0 0 0 0 0 0 0 0
Nghost:    2439 ave 2439 max 2439 min
Histogram: 1 0 0 0 0 0 0 0 0 0
Neighs:    36340 ave 36340 max 36340 min
Histogram: 1 0 0 0 0 0 0 0 0 0

Total # of neighbors = 36340
Ave neighs/atom = 27.3028
Neighbor list builds = 2500
Dangerous builds not checked

write_restart NVT/sim1/T_0.60__v_8.00/end1.restart
Total wall time: 0:00:23
