run 50000
Neighbor list info ...
  update every 20 steps, delay 0 steps, check no
  max neighbors/atom: 2000, page size: 100000
  master list distance cutoff = 2.8
  ghost atom cutoff = 2.8
  binsize = 1.4, bins = 16 16 16
  1 neighbor lists, perpetual/occasional/extra = 1 0 0
  (1) pair lj/cut, perpetual
      attributes: half, newton on
      pair build: half/bin/atomonly/newton
      stencil: half/bin/3d/newton
      bin: standard
Per MPI rank memory allocation (min/avg/max) = 2.7 | 2.7 | 2.7 Mbytes
Step Temp Press Volume Density PotEng KinEng TotEng 
       0          1.8    0.1794208        10648        0.125  -0.13561964    2.6979715    2.5623518 
    1000    2.0718349    0.2957513    8765.6991   0.15184185  -0.82364237    3.1054174    2.2817751 
    2000    1.8469632   0.31775056    7562.8447   0.17599198  -0.97075659    2.7683634    1.7976068 
    3000    1.7815635   0.35885198     6662.907   0.19976266   -1.0990519    2.6703374    1.5712855 
    4000    1.8071083   0.35273827    6057.4105   0.21973086   -1.1986281    2.7086259    1.5099978 
    5000    1.8001333   0.32588746    5637.6678   0.23609053   -1.3215301    2.6981712     1.376641 
    6000    1.7924714   0.37635674    5384.9285   0.24717134   -1.3880607     2.686687    1.2986264 
    7000    1.7815331   0.41446539    5252.6892   0.25339401   -1.3818115     2.670292    1.2884805 
    8000    1.7911283    0.3994499    5190.8504    0.2564127   -1.4204178    2.6846739    1.2642561 
    9000    1.8426063   0.39105934    5174.5374   0.25722106   -1.4281522    2.7618328    1.3336806 
   10000    1.7513397   0.36643315     5388.707   0.24699803   -1.3197068    2.6250358    1.3053291 
   11000    1.8643882   0.43181367     5393.966   0.24675721   -1.3592453    2.7944812    1.4352359 
   12000    1.7723686   0.35318698    5390.2131   0.24692901   -1.3878958    2.6565555    1.2686597 
   13000     1.782615   0.40847043    5044.7445   0.26383893   -1.4781507    2.6719135    1.1937628 
   14000    1.8095096   0.43402798    4926.2749   0.27018387     -1.48869    2.7122252    1.2235352 
   15000    1.7895034   0.37996297    5157.0315   0.25809422   -1.4211453    2.6822384    1.2610931 
   16000    1.8083613    0.4082022    5366.8794   0.24800259   -1.3523474     2.710504    1.3581565 
   17000    1.7555561   0.37344839    5360.2291   0.24831028   -1.3982711    2.6313558    1.2330847 
   18000    1.8114889    0.4266916    5081.2101   0.26194548   -1.4192006    2.7151919    1.2959913 
   19000    1.7224182   0.40089716    5169.2224   0.25748554   -1.4215935    2.5816862    1.1600927 
   20000    1.8646219   0.41053938    5112.7441   0.26032987   -1.4539919    2.7948315    1.3408395 
   21000    1.7789272   0.33449042    5275.4432   0.25230108   -1.4193269     2.666386    1.2470592 
   22000    1.8199817   0.39182544    5249.6282   0.25354177   -1.4037558    2.7279214    1.3241656 
   23000    1.7353519   0.35420393    5229.6666   0.25450953   -1.4430099    2.6010722    1.1580624 
   24000    1.8631237   0.41659098    4881.1377   0.27268233   -1.5229493    2.7925859    1.2696366 
   25000     1.745641   0.39358765    5030.9956   0.26455996   -1.4874787    2.6164941    1.1290155 
   26000    1.8017103   0.38484863    5091.0586   0.26143875   -1.4611016     2.700535    1.2394333 
   27000    1.8623484   0.38727978    5260.5083   0.25301737   -1.4211352    2.7914238    1.3702886 
   28000     1.818588   0.36761478    5431.1884   0.24506607   -1.3734109    2.7258324    1.3524216 
   29000    1.8161825   0.40963731     5297.113   0.25126895   -1.3671277    2.7222269    1.3550992 
   30000    1.7997771   0.39337729    5210.3117   0.25545497   -1.4193201    2.6976374    1.2783173 
   31000    1.8037589   0.41781375    5123.8104   0.25976761   -1.4150921    2.7036056    1.2885135 
   32000    1.7369381   0.38922977    5100.3217   0.26096393   -1.4252205    2.6034496    1.1782291 
   33000    1.8111719   0.48559154    5078.0308   0.26210948   -1.4282373    2.7147167    1.2864793 
   34000    1.7599182   0.39772312    5266.7685   0.25271663   -1.3851798    2.6378939     1.252714 
   35000    1.8210716   0.40428978    5166.0909   0.25764162   -1.4432958    2.7295551    1.2862593 
   36000    1.8212839    0.3598951    5127.5596   0.25957767   -1.4357067    2.7298733    1.2941666 
   37000    1.7314678   0.34209432    5313.1741   0.25050939   -1.4026556    2.5952505    1.1925949 
   38000    1.7913135   0.42042783    5316.2379   0.25036502   -1.3474041    2.6849515    1.3375474 
   39000    1.7856513   0.41737216    5160.4813   0.25792168   -1.4194003    2.6764645    1.2570643 
   40000    1.8062496   0.41643393    5105.5525   0.26069656   -1.4417875    2.7073387    1.2655513 
   41000    1.8465221   0.39119655    5200.5495   0.25593449   -1.3972861    2.7677021     1.370416 
   42000    1.7663757   0.42755204    5376.6329    0.2475527   -1.3478404    2.6475729    1.2997326 
   43000    1.8191121   0.41746502    5317.0278   0.25032782   -1.3430908     2.726618    1.3835272 
   44000     1.765912   0.35015711    5322.9066   0.25005135   -1.4305534    2.6468779    1.2163245 
   45000    1.8667273   0.43871645    5120.2122   0.25995016     -1.42821    2.7979872    1.3697772 
   46000    1.7015497    0.3944882    5196.4893   0.25613447   -1.4122672     2.550407    1.1381398 
   47000      1.82664   0.44638251    5157.4377   0.25807389   -1.3993556    2.7379014    1.3385458 
   48000    1.7562056    0.3327343    5448.3927   0.24429223   -1.3681395    2.6323292    1.2641897 
   49000    1.8300982   0.35517594    5415.8481   0.24576022   -1.3757798    2.7430848     1.367305 
   50000    1.8210407    0.3999765    5226.2612   0.25467537   -1.4291946    2.7295089    1.3003143 
Loop time of 19.2275 on 1 procs for 50000 steps with 1331 atoms

Performance: 898713.855 tau/day, 2600.445 timesteps/s
99.7% CPU use with 1 MPI tasks x no OpenMP threads

MPI task timing breakdown:
Section |  min time  |  avg time  |  max time  |%varavg| %total
---------------------------------------------------------------
Pair    | 12.752     | 12.752     | 12.752     |   0.0 | 66.32
Neigh   | 3.2901     | 3.2901     | 3.2901     |   0.0 | 17.11
Comm    | 0.585      | 0.585      | 0.585      |   0.0 |  3.04
Output  | 0.031011   | 0.031011   | 0.031011   |   0.0 |  0.16
Modify  | 2.432      | 2.432      | 2.432      |   0.0 | 12.65
Other   |            | 0.1372     |            |       |  0.71

Nlocal:    1331 ave 1331 max 1331 min
Histogram: 1 0 0 0 0 0 0 0 0 0
Nghost:    1709 ave 1709 max 1709 min
Histogram: 1 0 0 0 0 0 0 0 0 0
Neighs:    15850 ave 15850 max 15850 min
Histogram: 1 0 0 0 0 0 0 0 0 0

Total # of neighbors = 15850
Ave neighs/atom = 11.9083
Neighbor list builds = 2500
Dangerous builds not checked

write_restart lattice_11_11_11__2_2_2/sim1/T_1.80__P_0.40/end1.restart
Total wall time: 0:00:19
