run 50000
Neighbor list info ...
  update every 20 steps, delay 0 steps, check no
  max neighbors/atom: 2000, page size: 100000
  master list distance cutoff = 2.8
  ghost atom cutoff = 2.8
  binsize = 1.4, bins = 16 16 16
  1 neighbor lists, perpetual/occasional/extra = 1 0 0
  (1) pair lj/cut, perpetual
      attributes: half, newton on
      pair build: half/bin/atomonly/newton
      stencil: half/bin/3d/newton
      bin: standard
Per MPI rank memory allocation (min/avg/max) = 2.7 | 2.7 | 2.7 Mbytes
Step Temp Press Volume Density PotEng KinEng TotEng 
       0          1.2   0.10447715        10648        0.125  -0.13561964    1.7986476     1.663028 
    1000    1.5070393   0.16893658    8434.6699   0.15780108    -0.954318    2.2588605    1.3045425 
    2000    1.2741391   0.16952408    6980.8363   0.19066483   -1.1514728    1.9097728   0.75829993 
    3000    1.2476404   0.15694291    5871.6753   0.22668147   -1.4368786    1.8700545   0.43317595 
    4000    1.2179316   0.16292184    5035.4458   0.26432615   -1.6682394    1.8255248   0.15728534 
    5000    1.2019055   0.23713279    4403.1755   0.30228184   -1.8639911    1.8015037 -0.062487417 
    6000      1.21687   0.19977304    3916.6365    0.3398324   -2.1015812    1.8239336  -0.27764765 
    7000    1.1929185   0.19308896     3532.287    0.3768097   -2.2540139    1.7880334  -0.46598056 
    8000    1.2140219    0.3086947    3205.9839   0.41516116   -2.4541457    1.8196647    -0.634481 
    9000    1.2033067   0.23737061    2983.3395   0.44614433   -2.6423018    1.8036039  -0.83869785 
   10000    1.1966707   0.32700571    2813.4377   0.47308671   -2.7785316    1.7936575  -0.98487416 
   11000    1.2273377   0.25780418     2676.611   0.49727062    -2.893775    1.8396233   -1.0541517 
   12000    1.1750809   0.25742729    2619.5074   0.50811079   -2.9487474    1.7612971   -1.1874503 
   13000    1.2065689   0.24530885    2573.0223   0.51729051   -3.0489539    1.8084936   -1.2404603 
   14000    1.1921671   0.30149651    2531.9856    0.5256744   -3.0367909    1.7869071   -1.2498837 
   15000     1.219561   0.22861888    2550.6893   0.52181973   -3.0707134     1.827967   -1.2427463 
   16000    1.2200039   0.29142019     2607.691   0.51041323   -3.0186463    1.8286309   -1.1900153 
   17000    1.2119421   0.34408544    2678.5687   0.49690717   -2.8989042    1.8165474   -1.0823568 
   18000    1.2326923   0.46577876    2622.3194   0.50756593   -2.9286024    1.8476493   -1.0809532 
   19000    1.2066693   0.29782085    2636.0211   0.50492767   -2.9429819    1.8086441   -1.1343378 
   20000    1.1690885    0.1921007    2644.4071   0.50332644   -2.9523576    1.7523152   -1.2000424 
   21000     1.169919    0.4284678    2498.1888   0.53278599   -3.0410772      1.75356   -1.2875172 
   22000    1.2041998   0.38577543    2485.1959   0.53557145   -3.0822085    1.8049427   -1.2772658 
   23000    1.1950552   0.21556364    2548.8483   0.52219664    -3.076935    1.7912361   -1.2856989 
   24000    1.1952399   0.19612852    2581.0361   0.51568438   -3.0056371    1.7915129   -1.2141243 
   25000    1.2200933   0.28120708    2618.6386   0.50827937   -2.9943479    1.8287649   -1.1655829 
   26000    1.2411532   0.29491184    2586.8504    0.5145253   -2.9991379     1.860331   -1.1388069 
   27000    1.1592006    0.2985517    2603.2753     0.511279   -2.9734559    1.7374946   -1.2359613 
   28000    1.2086434   0.33396632    2584.9229   0.51490898   -3.0000421    1.8116029   -1.1884392 
   29000    1.2001912   0.29854294    2620.4112   0.50793555   -2.9859028    1.7989343   -1.1869685 
   30000    1.2124863    0.3625466    2634.6651   0.50518755   -2.9226328    1.8173629   -1.1052699 
   31000    1.2049309   0.27391597    2578.0093   0.51628984   -3.0266725    1.8060384   -1.2206341 
   32000    1.1503363   0.23518606    2549.5039   0.52206235   -3.0392215     1.724208   -1.3150134 
   33000    1.1991362   0.32418168    2510.8466   0.53010009   -3.0580063     1.797353   -1.2606534 
   34000    1.1967864   0.33096164    2560.4595   0.51982857   -3.0318411    1.7938309   -1.2380102 
   35000    1.1964968   0.28859011     2674.609   0.49764284    -2.912561    1.7933968   -1.1191642 
   36000    1.1910232   0.35409786    2635.6466   0.50499942   -2.9281886    1.7851925   -1.1429961 
   37000    1.2135942   0.33842945    2531.7573   0.52572181   -3.0533666    1.8190237    -1.234343 
   38000    1.1898749   0.24832243    2517.3254   0.52873578   -3.1212994    1.7834713    -1.337828 
   39000    1.1982999   0.23270013    2497.1467   0.53300832   -3.0957353    1.7960994   -1.2996359 
   40000    1.1808945   0.27601684    2576.7996   0.51653221   -2.9892141    1.7700109   -1.2192032 
   41000    1.1965514   0.28949885    2591.0919   0.51368306   -3.0012675    1.7934787   -1.2077888 
   42000    1.2170102   0.29234632    2551.6695   0.52161927   -3.0156697    1.8241437    -1.191526 
   43000    1.1661092   0.11248371    2545.3373   0.52291694   -3.0855871    1.7478496   -1.3377375 
   44000    1.2292702   0.32872588    2494.0063   0.53367949   -3.0964812    1.8425199   -1.2539613 
   45000    1.2152444   0.29312057    2607.0752   0.51053379   -2.9802463     1.821497   -1.1587493 
   46000    1.1745447   0.18431762    2666.7588   0.49910776   -2.9205142    1.7604933   -1.1600208 
   47000    1.2464113   0.40732459    2616.3361   0.50872668   -2.9109954    1.8682123   -1.0427831 
   48000    1.2226908   0.23286184    2597.5667   0.51240263   -2.9912714    1.8326583   -1.1586131 
   49000    1.2052347      0.28524    2508.2693   0.53064477   -3.0850733    1.8064937   -1.2785796 
   50000    1.1483012   0.24153255    2563.2677   0.51925907   -3.0190601    1.7211578   -1.2979024 
Loop time of 30.1897 on 1 procs for 50000 steps with 1331 atoms

Performance: 572380.919 tau/day, 1656.195 timesteps/s
99.5% CPU use with 1 MPI tasks x no OpenMP threads

MPI task timing breakdown:
Section |  min time  |  avg time  |  max time  |%varavg| %total
---------------------------------------------------------------
Pair    | 22.502     | 22.502     | 22.502     |   0.0 | 74.53
Neigh   | 4.2868     | 4.2868     | 4.2868     |   0.0 | 14.20
Comm    | 0.74872    | 0.74872    | 0.74872    |   0.0 |  2.48
Output  | 0.030249   | 0.030249   | 0.030249   |   0.0 |  0.10
Modify  | 2.4667     | 2.4667     | 2.4667     |   0.0 |  8.17
Other   |            | 0.1557     |            |       |  0.52

Nlocal:    1331 ave 1331 max 1331 min
Histogram: 1 0 0 0 0 0 0 0 0 0
Nghost:    2383 ave 2383 max 2383 min
Histogram: 1 0 0 0 0 0 0 0 0 0
Neighs:    31330 ave 31330 max 31330 min
Histogram: 1 0 0 0 0 0 0 0 0 0

Total # of neighbors = 31330
Ave neighs/atom = 23.5387
Neighbor list builds = 2500
Dangerous builds not checked

write_restart lattice_11_11_11__2_2_2/sim1/T_1.20__P_0.30/end1.restart
Total wall time: 0:00:30
