run 50000
Neighbor list info ...
  update every 20 steps, delay 0 steps, check no
  max neighbors/atom: 2000, page size: 100000
  master list distance cutoff = 2.8
  ghost atom cutoff = 2.8
  binsize = 1.4, bins = 18 18 18
  1 neighbor lists, perpetual/occasional/extra = 1 0 0
  (1) pair lj/cut, perpetual
      attributes: half, newton on
      pair build: half/bin/atomonly/newton
      stencil: half/bin/3d/newton
      bin: standard
Per MPI rank memory allocation (min/avg/max) = 2.711 | 2.711 | 2.711 Mbytes
Step Temp Press TotEng 
       0          0.3 0.0074819885   0.38646494 
    1000   0.51536045  0.016350955 -0.022907329 
    2000   0.49891259 -0.0018119135    -0.608589 
    3000   0.49476521 0.0042900816   -1.2690917 
    4000   0.47700295  0.010295681    -1.975359 
    5000   0.43934385 0.0039613998   -2.6054022 
    6000   0.38508716 0.0093036276   -3.1037662 
    7000   0.33218726 -0.0053493562   -3.4758879 
    8000   0.29770544 -0.0063363137   -3.7211385 
    9000    0.2968179 -0.0033001741   -3.8658707 
   10000   0.28435919 -0.013812211   -3.8991875 
   11000   0.31192295 -0.0013840155   -3.8548814 
   12000   0.30497711 0.0074754363   -3.8943568 
   13000   0.29642147 0.0030859634   -3.9608044 
   14000   0.29462046 0.0083083906   -3.9843351 
   15000   0.31068243 -0.011371174    -3.946757 
   16000   0.30842495 -0.0098316179   -3.9685455 
   17000   0.29162229 -0.0046864581   -4.0610881 
   18000   0.28820475 -0.0096764789   -4.0825379 
   19000   0.30684793  0.010209982   -4.0679325 
   20000   0.30794529 0.0093233974   -4.0923195 
   21000   0.29356138 -0.010010337   -4.1534724 
   22000   0.29369884 0.0012830635   -4.1799155 
   23000   0.29962851 -0.0055465003    -4.163167 
   24000    0.3064256 0.0017118702   -4.1597055 
   25000   0.28798818 0.0030300808   -4.2123163 
   26000   0.29775704 -0.0098912249   -4.2301419 
   27000   0.30948924 -0.00090986349   -4.2028404 
   28000   0.30051811 -0.0096887654   -4.1950779 
   29000   0.29655239 0.0028851154   -4.2452249 
   30000   0.28748259 -0.0040041229   -4.2627259 
   31000   0.29905783 0.0042084281   -4.2405522 
   32000    0.3060792 -0.015905886   -4.2370427 
   33000   0.28954837 -0.011696672   -4.2861167 
   34000    0.2991905  0.013466961   -4.2804406 
   35000   0.30388773 0.0081435068   -4.2706784 
   36000    0.2883473 -0.0083817711   -4.3118578 
   37000   0.29289763 -0.021728313   -4.3172569 
   38000   0.31147059 -0.019181643   -4.2792964 
   39000    0.2996304 0.0016858934   -4.3040916 
   40000   0.28709716 0.0084472277   -4.3281766 
   41000    0.3091495 0.0065612019   -4.3087192 
   42000   0.30348045  0.026040541   -4.3313021 
   43000   0.29454066 -0.0096241177   -4.3460494 
   44000   0.29916007 -0.0017472989   -4.3179433 
   45000   0.29813675 -0.0030416259    -4.324213 
   46000   0.29000419 0.00013478917   -4.3527097 
   47000   0.29877632 0.0050969803   -4.3567229 
   48000   0.29861663 -0.014226776   -4.3424686 
   49000   0.29913545 -0.0015239655   -4.3444425 
   50000   0.30230905 0.0093582307   -4.3518159 
Loop time of 24.8575 on 1 procs for 50000 steps with 1331 atoms

Performance: 695162.581 tau/day, 2011.466 timesteps/s
99.9% CPU use with 1 MPI tasks x no OpenMP threads

MPI task timing breakdown:
Section |  min time  |  avg time  |  max time  |%varavg| %total
---------------------------------------------------------------
Pair    | 20.288     | 20.288     | 20.288     |   0.0 | 81.62
Neigh   | 2.9846     | 2.9846     | 2.9846     |   0.0 | 12.01
Comm    | 0.38376    | 0.38376    | 0.38376    |   0.0 |  1.54
Output  | 0.026608   | 0.026608   | 0.026608   |   0.0 |  0.11
Modify  | 1.0658     | 1.0658     | 1.0658     |   0.0 |  4.29
Other   |            | 0.1085     |            |       |  0.44

Nlocal:    1331 ave 1331 max 1331 min
Histogram: 1 0 0 0 0 0 0 0 0 0
Nghost:    1012 ave 1012 max 1012 min
Histogram: 1 0 0 0 0 0 0 0 0 0
Neighs:    32982 ave 32982 max 32982 min
Histogram: 1 0 0 0 0 0 0 0 0 0

Total # of neighbors = 32982
Ave neighs/atom = 24.7799
Neighbor list builds = 2500
Dangerous builds not checked

write_restart NVT/sim1/T_0.30__v_10.65/end1.restart
Total wall time: 0:00:24
