run 50000
Neighbor list info ...
  update every 20 steps, delay 0 steps, check no
  max neighbors/atom: 2000, page size: 100000
  master list distance cutoff = 2.8
  ghost atom cutoff = 2.8
  binsize = 1.4, bins = 16 16 16
  1 neighbor lists, perpetual/occasional/extra = 1 0 0
  (1) pair lj/cut, perpetual
      attributes: half, newton on
      pair build: half/bin/atomonly/newton
      stencil: half/bin/3d/newton
      bin: standard
Per MPI rank memory allocation (min/avg/max) = 2.7 | 2.7 | 2.7 Mbytes
Step Temp Press Volume Density PotEng KinEng TotEng 
       0          1.5   0.14194897        10648        0.125  -0.13561964    2.2483095    2.1126899 
    1000    1.8533945   0.26407963    7997.3974   0.16642914  -0.93006976    2.7780031    1.8479333 
    2000     1.609352   0.24270766    6491.3747   0.20504131   -1.1556965    2.4122143    1.2565178 
    3000    1.5122405    0.3144758    5425.8858   0.24530557    -1.388824    2.2666565   0.87783255 
    4000    1.5674463   0.34283529    4671.0271   0.28494804   -1.7184442     2.349403   0.63095875 
    5000    1.5143716   0.37956467    4128.3016   0.32240861   -1.8533961    2.2698508   0.41645472 
    6000    1.5270715   0.38001444    3762.4224   0.35376145   -2.0280055    2.2888862   0.26088069 
    7000    1.4663504   0.48414706    3499.5652   0.38033296   -2.1459886    2.1978731  0.051884492 
    8000    1.5021032   0.48566229    3287.5404   0.40486195   -2.2775079     2.251462 -0.026045883 
    9000    1.5265494   0.46254275    3173.3073   0.41943621   -2.4028825    2.2881037  -0.11477883 
   10000     1.499013   0.51378663    3107.0358   0.42838258   -2.4038326    2.2468302   -0.1570024 
   11000    1.5157417   0.40814482    3074.3455   0.43293767   -2.4638634    2.2719043  -0.19195911 
   12000    1.4690812   0.50865605    3092.0539   0.43045821   -2.4118307    2.2019663  -0.20986446 
   13000    1.4783195   0.50075501    3163.5829    0.4207255   -2.3412132    2.2158132  -0.12540006 
   14000    1.5531394   0.50500372    3205.4906   0.41522505   -2.3150845    2.3279587  0.012874175 
   15000    1.5052807   0.41352183    3171.6815   0.41965122   -2.3848219    2.2562246  -0.12859731 
   16000    1.4837636    0.4816694    3089.3914   0.43082919   -2.4096806    2.2239733  -0.18570727 
   17000    1.4891777    0.4914469      3097.99   0.42963341   -2.4034977    2.2320882  -0.17140943 
   18000    1.5389563   0.54765628    3097.5912   0.42968872   -2.3643445       2.3067 -0.057644469 
   19000     1.459859   0.42711463    3139.4974   0.42395321   -2.3810428    2.1881433  -0.19289949 
   20000    1.5060102   0.58539701     3118.565   0.42679887   -2.3828003    2.2573181  -0.12548221 
   21000    1.4964015   0.50453345    3094.1382   0.43016824   -2.3933686    2.2429158  -0.15045276 
   22000    1.4634158   0.39212421    3138.3175    0.4241126   -2.3979205    2.1934745  -0.20444598 
   23000      1.55647   0.54912181    3079.9885   0.43214447   -2.3972798    2.3329509 -0.064328909 
   24000    1.4856653   0.49042272    3095.5974   0.42996547   -2.4612289    2.2268237  -0.23440517 
   25000    1.5001097   0.49726713    3075.6215   0.43275807     -2.42368     2.248474  -0.17520596 
   26000    1.4982346   0.58068803    3089.5722   0.43080399   -2.3956224    2.2456634  -0.14995898 
   27000    1.4724249   0.46023541    3173.8793   0.41936062   -2.3311348    2.2069779  -0.12415686 
   28000    1.5543713   0.55468771    3133.6891     0.424739   -2.3417089    2.3298052 -0.011903636 
   29000    1.4522104   0.43251879    3180.4723    0.4184913   -2.3564432    2.1766789  -0.17976423 
   30000    1.4974782   0.54706573    3058.1581    0.4352293   -2.4090515    2.2445297  -0.16452178 
   31000    1.4941102   0.51776963    3047.8738   0.43669787   -2.4686532    2.2394815  -0.22917163 
   32000    1.4425972   0.49186918    3010.9662   0.44205079   -2.4498871      2.16227  -0.28761711 
   33000    1.5058779   0.46756584    3089.0602   0.43087538   -2.4396266    2.2571198  -0.18250681 
   34000    1.4794971   0.44753013    3199.0954   0.41605511   -2.3414861    2.2175784   -0.1239077 
   35000    1.5461003   0.51216535    3153.2975   0.42209781   -2.3582865    2.3174081 -0.040878431 
   36000    1.5330354   0.48071665    3105.6685   0.42857117   -2.4222563    2.2978253  -0.12443095 
   37000    1.4989252   0.45294863    3038.6868   0.43801816   -2.4716556    2.2466985  -0.22495703 
   38000    1.4741256   0.53409166    3052.1914   0.43608012   -2.4635608    2.2095271  -0.25403377 
   39000     1.463641   0.42089433    3157.2256   0.42157266   -2.3920614    2.1938121  -0.19824934 
   40000    1.4906893   0.71087964     3072.342   0.43322001   -2.3672349     2.234354  -0.13288089 
   41000    1.4898172   0.53098969    3107.2494   0.42835313   -2.4040413    2.2330469  -0.17099444 
   42000    1.4945634   0.49038456    3070.5215   0.43347686   -2.4501492    2.2401607  -0.20998846 
   43000     1.539568   0.39969501     3116.697   0.42705467   -2.4368762    2.3076169  -0.12925931 
   44000     1.499302   0.39333675    3124.3371   0.42601037   -2.4515428    2.2472633  -0.20427957 
   45000    1.5524763   0.72991742    2985.7801   0.44577965   -2.4356092    2.3269648  -0.10864433 
   46000     1.441271    0.4418908    3157.0404    0.4215974   -2.4018417    2.1602823  -0.24155942 
   47000    1.5438082    0.5349639    3120.2086   0.42657405   -2.3937449    2.3139725 -0.079772481 
   48000    1.4469481   0.58489363    3100.8867   0.42923207   -2.3578892    2.1687914  -0.18909775 
   49000    1.5061185   0.55513094    3061.0062   0.43482434   -2.4221337    2.2574803  -0.16465334 
   50000    1.5110476    0.4414662    3140.3161   0.42384269   -2.3897451    2.2648684  -0.12487666 
Loop time of 26.2463 on 1 procs for 50000 steps with 1331 atoms

Performance: 658377.654 tau/day, 1905.028 timesteps/s
99.5% CPU use with 1 MPI tasks x no OpenMP threads

MPI task timing breakdown:
Section |  min time  |  avg time  |  max time  |%varavg| %total
---------------------------------------------------------------
Pair    | 19.193     | 19.193     | 19.193     |   0.0 | 73.13
Neigh   | 3.8507     | 3.8507     | 3.8507     |   0.0 | 14.67
Comm    | 0.67395    | 0.67395    | 0.67395    |   0.0 |  2.57
Output  | 0.030037   | 0.030037   | 0.030037   |   0.0 |  0.11
Modify  | 2.3541     | 2.3541     | 2.3541     |   0.0 |  8.97
Other   |            | 0.1449     |            |       |  0.55

Nlocal:    1331 ave 1331 max 1331 min
Histogram: 1 0 0 0 0 0 0 0 0 0
Nghost:    2184 ave 2184 max 2184 min
Histogram: 1 0 0 0 0 0 0 0 0 0
Neighs:    25748 ave 25748 max 25748 min
Histogram: 1 0 0 0 0 0 0 0 0 0

Total # of neighbors = 25748
Ave neighs/atom = 19.3449
Neighbor list builds = 2500
Dangerous builds not checked

write_restart lattice_11_11_11__2_2_2/sim1/T_1.50__P_0.50/end1.restart
Total wall time: 0:00:26
