run 50000
Neighbor list info ...
  update every 20 steps, delay 0 steps, check no
  max neighbors/atom: 2000, page size: 100000
  master list distance cutoff = 2.8
  ghost atom cutoff = 2.8
  binsize = 1.4, bins = 16 16 16
  1 neighbor lists, perpetual/occasional/extra = 1 0 0
  (1) pair lj/cut, perpetual
      attributes: half, newton on
      pair build: half/bin/atomonly/newton
      stencil: half/bin/3d/newton
      bin: standard
Per MPI rank memory allocation (min/avg/max) = 2.7 | 2.7 | 2.7 Mbytes
Step Temp Press Volume Density PotEng KinEng TotEng 
       0          1.6   0.15443958        10648        0.125  -0.13561964    2.3981968    2.2625772 
    1000    2.0392812   0.34182853    7350.4478    0.1810774  -0.95691962    3.0566236     2.099704 
    2000    1.8055994    0.3518953    5702.0853   0.23342338   -1.2971858    2.7063642    1.4091784 
    3000     1.661027   0.40772856    4635.3698   0.28713998   -1.5887077    2.4896686   0.90096085 
    4000    1.6087899   0.47643099    3906.6613   0.34070013     -1.85503    2.4113717   0.55634172 
    5000    1.6280446    0.5876934    3413.2318   0.38995301   -2.1787357    2.4402321   0.26149641 
    6000     1.601949   0.62634435    3061.2946   0.43478337   -2.3972109    2.4011182 0.0039073295 
    7000    1.6105127   0.64058076    2845.7582   0.46771367   -2.5889982    2.4139541  -0.17504406 
    8000    1.5868342   0.75557774    2721.8039   0.48901392   -2.6917541     2.378463  -0.31329109 
    9000     1.585572   0.94833853    2655.0258    0.5013134   -2.7646882    2.3765711  -0.38811709 
   10000    1.6091127   0.85934148    2633.0851    0.5054907   -2.7868032    2.4118557  -0.37494748 
   11000    1.5991567   0.81816709    2668.4634   0.49878892   -2.7243624    2.3969329  -0.32742945 
   12000    1.5835365   0.80171636    2696.9838   0.49351427   -2.7128662    2.3735201  -0.33934605 
   13000    1.5976591   0.74615145    2680.6419   0.49652287   -2.7413142    2.3946881  -0.34662618 
   14000    1.6012898   0.80303762    2679.2313   0.49678429   -2.7276084      2.40013  -0.32747838 
   15000    1.6056817     0.791259    2727.3703   0.48801587   -2.6930653     2.406713  -0.28635228 
   16000    1.5940207   0.85681845    2752.3497    0.4835868   -2.6748087    2.3892347  -0.28557403 
   17000     1.594534    1.0004114    2604.5042   0.51103776   -2.7749695     2.390004  -0.38496542 
   18000    1.5904889   0.85051877    2583.1481   0.51526276   -2.8559363     2.383941  -0.47199535 
   19000    1.5971404   0.69570887    2691.1976   0.49457535   -2.7494897    2.3939106  -0.35557912 
   20000    1.6161574   0.83177554    2696.2496   0.49364866   -2.7377817    2.4224148  -0.31536694 
   21000    1.6449641   0.86901953    2692.5952   0.49431864   -2.7306544    2.4655923   -0.2650621 
   22000    1.6290024   0.74173566    2792.8084   0.47658121   -2.6436828    2.4416678  -0.20201499 
   23000    1.6445083   0.69861462    2751.0507   0.48381515   -2.6809413    2.4649092  -0.21603209 
   24000    1.6031353   0.77351534    2632.5576   0.50559198   -2.7465885    2.4028962  -0.34369228 
   25000    1.5979663   0.82341225    2623.5225   0.50733318   -2.7935099    2.3951485   -0.3983614 
   26000    1.5729723   0.83740285      2759.46   0.48234075   -2.6273683    2.3576857  -0.26968252 
   27000    1.6612062   0.70396122    2787.8564   0.47742775   -2.6294184    2.4899372  -0.13948125 
   28000    1.6091742   0.87390161    2690.1462   0.49476864   -2.7002864    2.4119478  -0.28833853 
   29000    1.5561825   0.95375701    2667.1925   0.49902659   -2.7273165    2.3325199  -0.39479658 
   30000    1.6147474   0.92944626    2692.7175   0.49429619   -2.6798017    2.4203014  -0.25950035 
   31000    1.6180427    0.7315989    2801.0859   0.47517286   -2.6207201    2.4252406  -0.19547944 
   32000    1.5703403   0.74320046    2717.1253   0.48985595   -2.6893295    2.3537407  -0.33558887 
   33000    1.5782403   0.89825355    2658.9659   0.50057054   -2.7460145    2.3655818  -0.38043274 
   34000    1.6682659   0.86392951    2652.7962   0.50173473   -2.7753164    2.5005188  -0.27479759 
   35000    1.5556558   0.85606053    2742.0412   0.48540481   -2.6391236    2.3317305  -0.30739309 
   36000    1.5481461   0.86278201    2782.5764   0.47833368    -2.587972    2.3204744  -0.26749764 
   37000     1.638259   0.84890826    2690.8836   0.49463307   -2.7331767    2.4555422  -0.27763447 
   38000    1.5694178   0.88484417    2618.6066    0.5082856   -2.7378158     2.352358  -0.38545774 
   39000    1.5693167   0.76807348    2658.8274   0.50059661   -2.7951083    2.3522065  -0.44290184 
   40000    1.6449444   0.83858386    2633.1415   0.50547986   -2.7855084    2.4655628  -0.31994561 
   41000    1.6300841   0.89078878    2697.4985    0.4934201   -2.6951349    2.4432891  -0.25184579 
   42000     1.559214   0.77002427    2739.4013   0.48587259   -2.6336495    2.3370638   -0.2965858 
   43000    1.5832245   0.80768016     2595.633   0.51278436   -2.8294232    2.3730526  -0.45637066 
   44000    1.5983553   0.76946487    2630.1728    0.5060504   -2.8005836    2.3957317  -0.40485194 
   45000    1.6033771   0.90891866    2689.8365   0.49482562   -2.7251462    2.4032587  -0.32188746 
   46000     1.700596   0.86081569    2712.1159   0.49076073   -2.6950786    2.5489775  -0.14610112 
   47000    1.5431347   0.90005024    2743.3772   0.48516843   -2.6171017     2.312963  -0.30413873 
   48000     1.619106   0.78791487    2657.0951   0.50092298   -2.7563829    2.4268343  -0.32954854 
   49000    1.6147982   0.82292157    2634.6448   0.50519143   -2.7722194    2.4203774  -0.35184195 
   50000    1.5274099   0.63137943    2718.3614    0.4896332   -2.7255447    2.2893934  -0.43615124 
Loop time of 29.6339 on 1 procs for 50000 steps with 1331 atoms

Performance: 583116.056 tau/day, 1687.257 timesteps/s
99.4% CPU use with 1 MPI tasks x no OpenMP threads

MPI task timing breakdown:
Section |  min time  |  avg time  |  max time  |%varavg| %total
---------------------------------------------------------------
Pair    | 22.1       | 22.1       | 22.1       |   0.0 | 74.58
Neigh   | 4.2383     | 4.2383     | 4.2383     |   0.0 | 14.30
Comm    | 0.73378    | 0.73378    | 0.73378    |   0.0 |  2.48
Output  | 0.031926   | 0.031926   | 0.031926   |   0.0 |  0.11
Modify  | 2.376      | 2.376      | 2.376      |   0.0 |  8.02
Other   |            | 0.1537     |            |       |  0.52

Nlocal:    1331 ave 1331 max 1331 min
Histogram: 1 0 0 0 0 0 0 0 0 0
Nghost:    2326 ave 2326 max 2326 min
Histogram: 1 0 0 0 0 0 0 0 0 0
Neighs:    29444 ave 29444 max 29444 min
Histogram: 1 0 0 0 0 0 0 0 0 0

Total # of neighbors = 29444
Ave neighs/atom = 22.1217
Neighbor list builds = 2500
Dangerous builds not checked

write_restart lattice_11_11_11__2_2_2/sim1/T_1.60__P_0.80/end1.restart
Total wall time: 0:00:29
