run 50000
Neighbor list info ...
  update every 20 steps, delay 0 steps, check no
  max neighbors/atom: 2000, page size: 100000
  master list distance cutoff = 2.8
  ghost atom cutoff = 2.8
  binsize = 1.4, bins = 16 16 16
  1 neighbor lists, perpetual/occasional/extra = 1 0 0
  (1) pair lj/cut, perpetual
      attributes: half, newton on
      pair build: half/bin/atomonly/newton
      stencil: half/bin/3d/newton
      bin: standard
Per MPI rank memory allocation (min/avg/max) = 2.7 | 2.7 | 2.7 Mbytes
Step Temp Press Volume Density PotEng KinEng TotEng 
       0          1.8    0.1794208        10648        0.125  -0.13561964    2.6979715    2.5623518 
    1000     2.247547   0.35611561    7547.3269   0.17635383  -0.94753482    3.3687876    2.4212528 
    2000    1.9686203   0.39574799    5956.4268   0.22345612   -1.1948842    2.9507118    1.7558276 
    3000    1.8737276   0.44516089    4918.5709   0.27060706   -1.5143505    2.8084798    1.2941293 
    4000    1.8636773   0.46898993    4211.1877   0.31606285    -1.770798    2.7934157    1.0226177 
    5000    1.8127741   0.62047644    3730.5416   0.35678465   -1.9326931    2.7171182   0.78442512 
    6000    1.8280667   0.64287533     3411.891   0.39010625    -2.138172    2.7400398   0.60186787 
    7000    1.7583721   0.70674896    3232.4561    0.4117612   -2.2093077    2.6355766   0.42626887 
    8000     1.813284   0.86442576    3087.4581   0.43109897   -2.3281214    2.7178825   0.38976116 
    9000    1.8105946   0.76400738    3064.3528   0.43434946   -2.3799183    2.7138515    0.3339332 
   10000    1.7817588   0.85781024    3075.0808   0.43283415   -2.3011481    2.6706302   0.36948209 
   11000     1.800058   0.86554439    3110.7309   0.42787373   -2.3117826    2.6980584   0.38627577 
   12000    1.8132516   0.75258508    3104.0003   0.42880151   -2.3560543    2.7178339   0.36177963 
   13000    1.8001672   0.82806575    3067.2517   0.43393895   -2.2994167    2.6982221   0.39880536 
   14000    1.8255602   0.77284853    3159.9444   0.42120994   -2.2839646     2.736283    0.4523184 
   15000    1.8184098   0.77141164    3177.3254   0.41890579   -2.2103902    2.7255654   0.51517519 
   16000    1.8259276    0.9044654    3006.9969   0.44263431   -2.3628998    2.7368336    0.3739338 
   17000    1.7509589   0.76204977    3062.1088   0.43466777   -2.3653498     2.624465   0.25911525 
   18000    1.8117564   0.78718455    3114.3184   0.42738084   -2.3204667    2.7155928   0.39512606 
   19000     1.811949   0.91735862    3152.0667   0.42226264    -2.211827    2.7158815   0.50405451 
   20000    1.7662438   0.71603761    3178.4728   0.41875457   -2.2597793    2.6473752   0.38759589 
   21000    1.8852174   0.82485573    3049.2512    0.4365006   -2.3800149    2.8257016   0.44568672 
   22000    1.7695396   0.78745347    3051.6564   0.43615657   -2.3435408    2.6523153   0.30877442 
   23000    1.7931466   0.70046521    3129.9543   0.42524582   -2.3041572    2.6876991   0.38354196 
   24000    1.8448726   0.63139583    3232.3229   0.41177816   -2.2542255    2.7652298    0.5110043 
   25000    1.8368179   0.76581299    3084.7371   0.43147923   -2.3392684    2.7531569   0.41388844 
   26000    1.7635738   0.85824796    3035.3245   0.43850336   -2.3427983    2.6433731   0.30057485 
   27000     1.807813     1.055937    2976.4438   0.44717793   -2.3778737    2.7096822   0.33180852 
   28000    1.7700417   0.79967351    3135.3835   0.42450947   -2.2932371    2.6530677   0.35983062 
   29000    1.8243868   0.73177957    3125.5299   0.42584778   -2.3114069    2.7345241   0.42311723 
   30000    1.8203989    0.8174184    3018.3967   0.44096258    -2.355013    2.7285468   0.37353381 
   31000    1.6957366   0.75874043    3013.4851   0.44168129   -2.3929359    2.5416939   0.14875797 
   32000    1.7972503    0.9113958    3025.1897   0.43997241   -2.3425656    2.6938501   0.35128442 
   33000    1.7997922   0.73107011    3194.2512   0.41668608   -2.2543724      2.69766   0.44328759 
   34000    1.8229487   0.69332118    3140.1009   0.42387172   -2.2836681    2.7323686   0.44870048 
   35000    1.8324945   0.77486003    3036.4324   0.43834337   -2.3758446    2.7466766   0.37083194 
   36000    1.7698266   0.81710818     3090.661   0.43065222    -2.331714    2.6527454   0.32103143 
   37000    1.8325717   0.72015258    3150.5664   0.42246371   -2.3260637    2.7467923   0.42072862 
   38000    1.8539864   0.79416328    3127.7524    0.4255452   -2.2928268    2.7788902   0.48606339 
   39000    1.7698756   0.87143443    3112.8436   0.42758332   -2.3322988    2.6528188   0.32051996 
   40000    1.8636156   0.87869177    3058.3567   0.43520103   -2.3680661    2.7933231   0.42525699 
   41000    1.7046133   0.72752276    3084.2657   0.43154519   -2.3276958    2.5549989   0.22730316 
   42000    1.8202787   0.66400785    3025.6446   0.43990625   -2.4007693    2.7283667   0.32759736 
   43000    1.7971742    0.7913415    3014.8977   0.44147435   -2.3887241     2.693736   0.30501188 
   44000    1.7552749   0.82590049    3062.7598   0.43457538   -2.3326822    2.6309342   0.29825194 
   45000    1.8320987   0.87774024    3122.0581   0.42632135   -2.2918622    2.7460833   0.45422113 
   46000    1.8462494   0.76304631    3127.7147   0.42555032   -2.3277429    2.7672934   0.43955046 
   47000    1.8063947   0.78355038    3075.8356   0.43272794    -2.325779    2.7075563   0.38177725 
   48000    1.7596595   0.80650357    3077.8033   0.43245129    -2.318967    2.6375062   0.31853916 
   49000    1.8264686    0.7485698    3123.1137   0.42617725    -2.291333    2.7376446   0.44631162 
   50000     1.847069   0.72059469    3146.4533   0.42301598   -2.3086517     2.768522   0.45987031 
Loop time of 26.9351 on 1 procs for 50000 steps with 1331 atoms

Performance: 641542.322 tau/day, 1856.315 timesteps/s
99.9% CPU use with 1 MPI tasks x no OpenMP threads

MPI task timing breakdown:
Section |  min time  |  avg time  |  max time  |%varavg| %total
---------------------------------------------------------------
Pair    | 19.726     | 19.726     | 19.726     |   0.0 | 73.23
Neigh   | 3.9359     | 3.9359     | 3.9359     |   0.0 | 14.61
Comm    | 0.70075    | 0.70075    | 0.70075    |   0.0 |  2.60
Output  | 0.024802   | 0.024802   | 0.024802   |   0.0 |  0.09
Modify  | 2.3973     | 2.3973     | 2.3973     |   0.0 |  8.90
Other   |            | 0.1508     |            |       |  0.56

Nlocal:    1331 ave 1331 max 1331 min
Histogram: 1 0 0 0 0 0 0 0 0 0
Nghost:    2179 ave 2179 max 2179 min
Histogram: 1 0 0 0 0 0 0 0 0 0
Neighs:    25531 ave 25531 max 25531 min
Histogram: 1 0 0 0 0 0 0 0 0 0

Total # of neighbors = 25531
Ave neighs/atom = 19.1818
Neighbor list builds = 2500
Dangerous builds not checked

write_restart lattice_11_11_11__2_2_2/sim1/T_1.80__P_0.80/end1.restart
Total wall time: 0:00:26
