run 50000
Neighbor list info ...
  update every 20 steps, delay 0 steps, check no
  max neighbors/atom: 2000, page size: 100000
  master list distance cutoff = 2.8
  ghost atom cutoff = 2.8
  binsize = 1.4, bins = 16 16 16
  1 neighbor lists, perpetual/occasional/extra = 1 0 0
  (1) pair lj/cut, perpetual
      attributes: half, newton on
      pair build: half/bin/atomonly/newton
      stencil: half/bin/3d/newton
      bin: standard
Per MPI rank memory allocation (min/avg/max) = 2.7 | 2.7 | 2.7 Mbytes
Step Temp Press Volume Density PotEng KinEng TotEng 
       0          0.9  0.067005321        10648        0.125  -0.13561964    1.3489857    1.2133661 
    1000    1.5924586   0.32378339    5080.9565   0.26195855   -1.4783196    2.3868933   0.90857368 
    2000    1.3622164    0.4547584    3241.6173   0.41059751   -2.3715334    2.0417894  -0.32974392 
    3000    1.2377299   0.45192114    2310.4299   0.57608326   -3.3272975    1.8551999   -1.4720975 
    4000    1.1416282    1.1568631    1851.1695   0.71900492   -4.1497074    1.7111557   -2.4385517 
    5000    1.0112685    1.4243765    1665.8731   0.79898043   -4.7267961    1.5157631    -3.211033 
    6000   0.85583169    1.9440345    1585.6703   0.83939265   -4.9596735     1.282783   -3.6768904 
    7000   0.84884306    1.8956326    1564.3419   0.85083704   -5.0694146     1.272308   -3.7971066 
    8000   0.90963487    1.9009855    1588.8112   0.83773326   -4.9704194    1.3634272   -3.6069922 
    9000   0.93074398    1.9142299    1602.8574   0.83039204   -4.8935019     1.395067   -3.4984348 
   10000   0.88373845    1.9764123    1582.0424   0.84131755   -4.9713537    1.3246117    -3.646742 
   11000   0.85840555    1.9101741    1573.5292   0.84586927   -5.0111591    1.2866409   -3.7245182 
   12000   0.91106212    1.8806929    1584.8713   0.83981585   -4.9791574    1.3655664   -3.6135909 
   13000   0.92025468    1.9898598    1592.8818   0.83559245   -4.9231863    1.3793449   -3.5438414 
   14000   0.89240502    1.9851122    1585.8987   0.83927177    -4.951557    1.3376018   -3.6139552 
   15000   0.86378544    2.0074202    1577.7164   0.84362435   -4.9826674    1.2947047   -3.6879627 
   16000    0.8847503    1.8785967     1588.124   0.83809579    -4.963248    1.3261284   -3.6371197 
   17000   0.90531132    2.4303229    1579.6457   0.84259399   -4.8990035    1.3569467   -3.5420567 
   18000   0.89004956    1.8124599    1592.5868    0.8357472   -4.9604829    1.3340713   -3.6264116 
   19000   0.88087362    2.0416272    1568.9416   0.84834263    -5.018032    1.3203177   -3.6977143 
   20000   0.90280089    1.8974421     1580.135   0.84233307    -4.989354    1.3531839   -3.6361701 
   21000   0.92267706    1.8250359    1591.9363   0.83608871    -4.960325    1.3829758   -3.5773493 
   22000   0.88575976    2.2573982    1575.3589   0.84488683   -4.9390419    1.3276414   -3.6114005 
   23000   0.84680602    1.8633653    1582.2549   0.84120453   -4.9934571    1.2692547   -3.7242024 
   24000   0.93501902    2.1013315      1571.36   0.84703697   -5.0116444    1.4014748   -3.6101696 
   25000   0.91577129    1.5641087    1605.6111   0.82896787   -4.9432035    1.3726249   -3.5705786 
   26000    0.9151473    1.8790057    1579.8284   0.84249657   -5.0080094    1.3716896   -3.6363198 
   27000   0.89362348    1.7847522    1582.5888   0.84102707   -5.0119097    1.3394281   -3.6724816 
   28000   0.90222222    1.8371185     1587.185   0.83859157   -4.9743321    1.3523165   -3.6220156 
   29000   0.88778565    1.9925081    1589.0941   0.83758413    -4.929598     1.330678     -3.59892 
   30000   0.89192576    1.8897868    1581.7609   0.84146724   -5.0012609    1.3368835   -3.6643775 
   31000   0.88264079    1.8107707    1583.6681   0.84045389   -4.9964562    1.3229665   -3.6734897 
   32000    0.9081848    1.9436611    1586.7939   0.83879827   -4.9595698    1.3612537   -3.5983161 
   33000   0.89268188    1.9225323    1596.2048   0.83385292   -4.9193803    1.3380168   -3.5813635 
   34000   0.90718495    1.9526147    1585.5015   0.83948203   -4.9713286    1.3597551   -3.6115736 
   35000   0.87483121    1.8251544    1587.4809   0.83843529   -4.9858048    1.3112609   -3.6745439 
   36000   0.94355479    1.8860807    1583.9296   0.84031514   -4.9997283    1.4142688   -3.5854595 
   37000   0.90344161    1.8466689    1588.4224   0.83793832     -4.97294    1.3541443   -3.6187957 
   38000   0.90891969    1.9102729     1579.385    0.8427331   -5.0043654    1.3623552   -3.6420102 
   39000   0.94486636    1.5828656    1584.8068   0.83985003   -5.0360066    1.4162347   -3.6197719 
   40000   0.92610389    1.8536336     1578.579   0.84316336   -5.0243301    1.3881121    -3.636218 
   41000   0.91402936    1.7150607    1586.6197   0.83889037   -5.0079285     1.370014   -3.6379145 
   42000   0.92036647    1.7066165    1598.0557   0.83288711   -4.9565463    1.3795125   -3.5770338 
   43000   0.90390289    1.9831065    1587.8933   0.83821752   -4.9475606    1.3548357   -3.5927249 
   44000   0.87997335    1.6532972     1590.925   0.83662019   -5.0001289    1.3189683   -3.6811606 
   45000   0.91148506     2.089344    1579.2349   0.84281319   -4.9648474    1.3662004    -3.598647 
   46000   0.88539683    1.7032424    1606.3631   0.82857978   -4.9124724    1.3270974   -3.5853749 
   47000   0.89785342    2.0966677    1578.9235    0.8429794   -4.9536241    1.3457683   -3.6078558 
   48000   0.85534635    2.1071757    1587.4115   0.83847194    -4.929163    1.2820556   -3.6471074 
   49000   0.93273515    1.7218608    1587.2256   0.83857014   -5.0152035    1.3980516    -3.617152 
   50000   0.91251787    1.9351252    1589.8722   0.83717419   -4.9431943    1.3677484   -3.5754459 
Loop time of 37.9998 on 1 procs for 50000 steps with 1331 atoms

Performance: 454739.661 tau/day, 1315.798 timesteps/s
99.9% CPU use with 1 MPI tasks x no OpenMP threads

MPI task timing breakdown:
Section |  min time  |  avg time  |  max time  |%varavg| %total
---------------------------------------------------------------
Pair    | 30.505     | 30.505     | 30.505     |   0.0 | 80.28
Neigh   | 4.5423     | 4.5423     | 4.5423     |   0.0 | 11.95
Comm    | 0.71862    | 0.71862    | 0.71862    |   0.0 |  1.89
Output  | 0.024863   | 0.024863   | 0.024863   |   0.0 |  0.07
Modify  | 2.0151     | 2.0151     | 2.0151     |   0.0 |  5.30
Other   |            | 0.1937     |            |       |  0.51

Nlocal:    1331 ave 1331 max 1331 min
Histogram: 1 0 0 0 0 0 0 0 0 0
Nghost:    2976 ave 2976 max 2976 min
Histogram: 1 0 0 0 0 0 0 0 0 0
Neighs:    49707 ave 49707 max 49707 min
Histogram: 1 0 0 0 0 0 0 0 0 0

Total # of neighbors = 49707
Ave neighs/atom = 37.3456
Neighbor list builds = 2500
Dangerous builds not checked

write_restart lattice_11_11_11__2_2_2/sim1/T_0.90__P_1.90/end1.restart
Total wall time: 0:00:38
