run 50000
Neighbor list info ...
  update every 20 steps, delay 0 steps, check no
  max neighbors/atom: 2000, page size: 100000
  master list distance cutoff = 2.8
  ghost atom cutoff = 2.8
  binsize = 1.4, bins = 16 16 16
  1 neighbor lists, perpetual/occasional/extra = 1 0 0
  (1) pair lj/cut, perpetual
      attributes: half, newton on
      pair build: half/bin/atomonly/newton
      stencil: half/bin/3d/newton
      bin: standard
Per MPI rank memory allocation (min/avg/max) = 2.7 | 2.7 | 2.7 Mbytes
Step Temp Press Volume Density PotEng KinEng TotEng 
       0          0.7  0.042024104        10648        0.125  -0.13561964    1.0492111   0.91359148 
    1000    1.1526196   0.13864139    6422.1748   0.20725067   -1.2842458    1.7276304   0.44338462 
    2000     1.003937  0.045069378     4468.144   0.29788655   -2.0219669    1.5047741  -0.51719277 
    3000   0.87457267 -0.0032743788    3268.0507   0.40727642   -2.7399926    1.3108734   -1.4291192 
    4000   0.83951723 -0.031152459    2494.9453   0.53347862   -3.5242943    1.2583297   -2.2659645 
    5000   0.80895426  -0.11291872    1956.3701   0.68034161   -4.1892504    1.2125197   -2.9767307 
    6000   0.78565597    0.4106178    1695.3502   0.78508854   -4.7929365    1.1775985    -3.615338 
    7000   0.69338019   0.59122878     1608.311   0.82757624   -5.1145391    1.0392889   -4.0752503 
    8000   0.64668837   0.64070721     1582.444   0.84110403   -5.2086243   0.96930375   -4.2393205 
    9000   0.69442081   0.75171685    1590.4245   0.83688349    -5.169646    1.0408486   -4.1287974 
   10000   0.72443362   0.55539449    1612.2449   0.82555696   -5.0981553     1.085834   -4.0123213 
   11000   0.70122184   0.67215826    1597.0936   0.83338887   -5.1443727    1.0510425   -4.0933302 
   12000   0.69966644   0.38547495    1588.6639   0.83781093   -5.2403499    1.0487111   -4.1916388 
   13000   0.69729318   0.63162511    1592.1382   0.83598271   -5.1683986    1.0451539   -4.1232446 
   14000   0.72302916   0.58541815    1597.2641   0.83329987   -5.1569909    1.0837289    -4.073262 
   15000   0.68929143    0.5934727    1603.5687   0.83002369   -5.1342712    1.0331603   -4.1011108 
   16000   0.71504139    0.7007474    1585.3603   0.83955677   -5.2033765    1.0717563   -4.1316202 
   17000   0.68002349   0.52262829    1599.3253   0.83222592   -5.1638186    1.0192689   -4.1445497 
   18000   0.71482206   0.68096872    1591.6097   0.83626031   -5.1624702    1.0714275   -4.0910427 
   19000   0.72245434   0.47204599    1600.5789   0.83157411   -5.1631224    1.0828673   -4.0802551 
   20000   0.71597144   0.62294466    1584.3519   0.84009114   -5.2066083    1.0731503    -4.133458 
   21000   0.67510066   0.62803189    1594.2002   0.83490141   -5.1678209    1.0118902   -4.1559307 
   22000   0.71254163   0.74259184    1593.5637   0.83523486   -5.1492953    1.0680094   -4.0812859 
   23000   0.67192962   0.44597704    1622.0082    0.8205877   -5.0755919    1.0071372   -4.0684547 
   24000   0.70857623   0.82009206    1582.8591   0.84088346   -5.1809575    1.0620658   -4.1188917 
   25000   0.67104357   0.70957303    1596.8483   0.83351685   -5.1249137    1.0058091   -4.1191046 
   26000   0.70313747   0.60922378    1592.7099   0.83568265   -5.1757509    1.0539138   -4.1218372 
   27000    0.6953755   0.59235935    1592.0224   0.83604349   -5.1830832    1.0422796   -4.1408036 
   28000   0.71703627   0.58626297    1593.2854   0.83538078    -5.185321    1.0747463   -4.1105747 
   29000   0.71078501   0.53570335    1596.6078   0.83364241   -5.1692613    1.0653765   -4.1038848 
   30000   0.70636046   0.60807417    1591.8101   0.83615504   -5.1887256    1.0587446   -4.1299809 
   31000   0.68178849   0.76722708    1596.0821   0.83391702   -5.1214082    1.0219144   -4.0994939 
   32000   0.70802211    0.5288202    1604.5025   0.82954064   -5.1350885    1.0612353   -4.0738532 
   33000    0.7150108   0.63251109    1594.9412   0.83451351   -5.1687845    1.0717104   -4.0970741 
   34000   0.68859429   0.78381662    1581.6663   0.84151758   -5.1947807    1.0321154   -4.1626653 
   35000   0.70338609   0.43202139     1600.389    0.8316728   -5.1768055    1.0542864   -4.1225191 
   36000   0.71750289   0.90104621     1588.934   0.83766851   -5.1424824    1.0754457   -4.0670367 
   37000   0.67583973   0.39503692    1606.4637   0.82852792   -5.1448177    1.0129979   -4.1318198 
   38000   0.71333088   0.54875082    1595.1099   0.83442527   -5.1772678    1.0691924   -4.1080754 
   39000   0.71730814   0.60340178    1606.1408   0.82869445   -5.1172751    1.0751538   -4.0421213 
   40000   0.70973762   0.45293076    1600.8065   0.83145592   -5.1661423    1.0638066   -4.1023358 
   41000   0.71412346   0.67898478    1592.5742   0.83575381   -5.1700668    1.0703804   -4.0996864 
   42000    0.6778489    0.6515287    1606.7079   0.82840196   -5.1066273    1.0160094   -4.0906179 
   43000   0.69708661    0.9077617     1578.742   0.84307632    -5.192794    1.0448443   -4.1479497 
   44000   0.66994215   0.39501841    1600.9546   0.83137898   -5.1849679    1.0041582   -4.1808097 
   45000   0.72931879   0.63349231    1592.5038   0.83579081   -5.1732385    1.0931563   -4.0800822 
   46000   0.71650383    0.6005017    1592.6412   0.83571868   -5.1778008    1.0739483   -4.1038525 
   47000   0.69379357   0.52386874     1593.126   0.83546436   -5.1960314    1.0399085   -4.1561229 
   48000   0.71098852   0.57093872    1591.6835   0.83622153   -5.2002767    1.0656815   -4.1345952 
   49000   0.68733792   0.58886106    1599.6454   0.83205942   -5.1381672    1.0302323   -4.1079349 
   50000   0.71598607    0.6431604    1589.2718   0.83749047   -5.1673012    1.0731722    -4.094129 
Loop time of 36.8062 on 1 procs for 50000 steps with 1331 atoms

Performance: 469485.673 tau/day, 1358.465 timesteps/s
99.9% CPU use with 1 MPI tasks x no OpenMP threads

MPI task timing breakdown:
Section |  min time  |  avg time  |  max time  |%varavg| %total
---------------------------------------------------------------
Pair    | 29.468     | 29.468     | 29.468     |   0.0 | 80.06
Neigh   | 4.4448     | 4.4448     | 4.4448     |   0.0 | 12.08
Comm    | 0.69543    | 0.69543    | 0.69543    |   0.0 |  1.89
Output  | 0.024956   | 0.024956   | 0.024956   |   0.0 |  0.07
Modify  | 2.0038     | 2.0038     | 2.0038     |   0.0 |  5.44
Other   |            | 0.1697     |            |       |  0.46

Nlocal:    1331 ave 1331 max 1331 min
Histogram: 1 0 0 0 0 0 0 0 0 0
Nghost:    2973 ave 2973 max 2973 min
Histogram: 1 0 0 0 0 0 0 0 0 0
Neighs:    49430 ave 49430 max 49430 min
Histogram: 1 0 0 0 0 0 0 0 0 0

Total # of neighbors = 49430
Ave neighs/atom = 37.1375
Neighbor list builds = 2500
Dangerous builds not checked

write_restart lattice_11_11_11__2_2_2/sim1/T_0.70__P_0.60/end1.restart
Total wall time: 0:00:36
