run 50000
Neighbor list info ...
  update every 20 steps, delay 0 steps, check no
  max neighbors/atom: 2000, page size: 100000
  master list distance cutoff = 2.8
  ghost atom cutoff = 2.8
  binsize = 1.4, bins = 19 19 19
  1 neighbor lists, perpetual/occasional/extra = 1 0 0
  (1) pair lj/cut, perpetual
      attributes: half, newton on
      pair build: half/bin/atomonly/newton
      stencil: half/bin/3d/newton
      bin: standard
Per MPI rank memory allocation (min/avg/max) = 2.717 | 2.717 | 2.717 Mbytes
Step Temp Press TotEng 
       0          1.5   0.10245069    2.2236949 
    1000    1.5413635   0.10374784     1.882723 
    2000    1.4683426  0.092678214    1.7196957 
    3000    1.5435553   0.10213043    1.8382458 
    4000    1.4385882  0.097894793    1.7071469 
    5000    1.5408621  0.099123821    1.8276626 
    6000    1.5003563  0.096665908    1.7583504 
    7000    1.5096716   0.10219865    1.7898115 
    8000    1.5091408   0.10327022    1.7903588 
    9000    1.4971234   0.10333899    1.7541712 
   10000    1.5787447   0.10983319    1.8687224 
   11000    1.4644892    0.1006008     1.701403 
   12000    1.5443409   0.10014794    1.8100822 
   13000    1.4417484  0.092085104    1.6642181 
   14000    1.5233812   0.10489466    1.7881754 
   15000    1.5019654  0.093369454    1.7582711 
   16000    1.5777763   0.11078285    1.9016193 
   17000      1.48313  0.095754609    1.7265866 
   18000    1.5248285  0.096841209    1.8022959 
   19000    1.4799107  0.095090308     1.739694 
   20000     1.520096   0.10098707    1.7676173 
   21000    1.5027357  0.094561332    1.7605883 
   22000    1.4192023  0.087393168    1.6147623 
   23000    1.4964057   0.10279588    1.7887256 
   24000    1.5046603   0.10471803    1.7675164 
   25000    1.4838435   0.10069389    1.7219866 
   26000    1.5216623   0.10187278    1.8111647 
   27000    1.4929923   0.10138422    1.7371194 
   28000    1.5800824   0.10487117    1.8956837 
   29000    1.4664418  0.094176482    1.7303751 
   30000    1.5253821   0.10290774    1.8303258 
   31000    1.4438077  0.093592675    1.6816928 
   32000    1.5105749  0.097876305    1.7827663 
   33000    1.5012413   0.09765294    1.7767232 
   34000    1.4316046  0.094649022    1.6688728 
   35000     1.525576   0.10559216     1.810588 
   36000    1.4564912   0.10110199    1.7144274 
   37000    1.5650051   0.10548227    1.8704019 
   38000    1.4896411   0.10171918    1.7580655 
   39000    1.4957425  0.097958747    1.7950491 
   40000    1.5619401   0.11013724    1.8814054 
   41000    1.4541328   0.09998722    1.7219923 
   42000    1.5379396   0.11022321    1.8450075 
   43000    1.4820033  0.099372975    1.7567539 
   44000    1.4989526   0.10731455    1.7867576 
   45000    1.4900617  0.093382835    1.7453045 
   46000    1.4973389   0.10317821    1.7849139 
   47000    1.5151003   0.10657327    1.8177954 
   48000    1.4849853  0.097447928    1.7615316 
   49000    1.5229452   0.10628633    1.8016613 
   50000    1.4280193  0.096816454    1.6812865 
Loop time of 6.09432 on 1 procs for 50000 steps with 1331 atoms

Performance: 2835427.089 tau/day, 8204.361 timesteps/s
99.7% CPU use with 1 MPI tasks x no OpenMP threads

MPI task timing breakdown:
Section |  min time  |  avg time  |  max time  |%varavg| %total
---------------------------------------------------------------
Pair    | 3.4254     | 3.4254     | 3.4254     |   0.0 | 56.21
Neigh   | 1.4154     | 1.4154     | 1.4154     |   0.0 | 23.23
Comm    | 0.30503    | 0.30503    | 0.30503    |   0.0 |  5.01
Output  | 0.022671   | 0.022671   | 0.022671   |   0.0 |  0.37
Modify  | 0.8417     | 0.8417     | 0.8417     |   0.0 | 13.81
Other   |            | 0.08413    |            |       |  1.38

Nlocal:    1331 ave 1331 max 1331 min
Histogram: 1 0 0 0 0 0 0 0 0 0
Nghost:    1083 ave 1083 max 1083 min
Histogram: 1 0 0 0 0 0 0 0 0 0
Neighs:    4883 ave 4883 max 4883 min
Histogram: 1 0 0 0 0 0 0 0 0 0

Total # of neighbors = 4883
Ave neighs/atom = 3.66867
Neighbor list builds = 2500
Dangerous builds not checked

write_restart NVT/sim1/T_1.50__v_13.82/end1.restart
Total wall time: 0:00:06
