run 50000
Neighbor list info ...
  update every 20 steps, delay 0 steps, check no
  max neighbors/atom: 2000, page size: 100000
  master list distance cutoff = 2.8
  ghost atom cutoff = 2.8
  binsize = 1.4, bins = 12 12 12
  1 neighbor lists, perpetual/occasional/extra = 1 0 0
  (1) pair lj/cut, perpetual
      attributes: half, newton on
      pair build: half/bin/atomonly/newton
      stencil: half/bin/3d/newton
      bin: standard
Per MPI rank memory allocation (min/avg/max) = 2.738 | 2.738 | 2.738 Mbytes
Step Temp Press TotEng 
       0          1.7  -0.40723367    1.0686616 
    1000     1.724216   0.49574786   0.78788876 
    2000    1.6797872   0.45847174   0.71870449 
    3000    1.7395591   0.47302352   0.80255957 
    4000     1.691584   0.48840666   0.70457496 
    5000    1.7098174   0.50391543   0.75041035 
    6000    1.6592254   0.48650457   0.73362853 
    7000    1.7433383   0.51219864   0.84839586 
    8000    1.6417386   0.47987369   0.68798347 
    9000    1.7284393   0.52782522   0.77192408 
   10000    1.6732049   0.55511184   0.74843056 
   11000    1.7070729   0.46265941   0.72631941 
   12000    1.6235341    0.4559042   0.63455234 
   13000    1.7270052   0.44592065   0.77424751 
   14000    1.6623687   0.46524804   0.67139239 
   15000    1.7687469   0.49461063   0.84791486 
   16000    1.6845878    0.4112252   0.69140609 
   17000    1.7214829   0.53717143   0.77383152 
   18000    1.7017731   0.45084813   0.75627033 
   19000    1.7099829    0.4709811   0.73040498 
   20000    1.6492665   0.41947838   0.65081243 
   21000    1.7416979   0.47545092   0.82105317 
   22000    1.6650006   0.45189124   0.69784633 
   23000    1.6786232   0.47496731   0.74579265 
   24000    1.6764076   0.53571678    0.7379052 
   25000     1.674147    0.4898811   0.68147836 
   26000    1.7432713   0.51678636   0.82474357 
   27000    1.6417414   0.43926254   0.66358212 
   28000     1.707789   0.41880322   0.73087198 
   29000    1.7054012   0.54968611   0.76350408 
   30000    1.6128205   0.45844239   0.62217158 
   31000    1.7505672   0.48914629   0.82474379 
   32000    1.6726114   0.41680574   0.68676132 
   33000    1.7792961   0.49033125   0.87931064 
   34000    1.7146251   0.40581278   0.76865129 
   35000    1.6988446   0.47706963   0.73435756 
   36000    1.7020524   0.57027491   0.80964732 
   37000    1.6367416   0.47994559   0.67088787 
   38000    1.7304996   0.46405758   0.77788479 
   39000    1.7028169    0.4691003   0.74764616 
   40000    1.7492964   0.48067706   0.83861928 
   41000    1.6649354   0.39461694   0.66789528 
   42000     1.744379   0.48651464   0.82540002 
   43000    1.6554625   0.42169472   0.64565171 
   44000    1.7563487    0.4384673    0.7972991 
   45000    1.6965818   0.39724754   0.70768903 
   46000    1.7686466   0.47668597    0.8342294 
   47000    1.6964902   0.44505196   0.73666467 
   48000    1.6823499   0.47974915   0.75085596 
   49000    1.7535465   0.44405875   0.84838042 
   50000     1.693824   0.49971364   0.74680255 
Loop time of 17.2607 on 1 procs for 50000 steps with 1331 atoms

Performance: 1001119.771 tau/day, 2896.759 timesteps/s
99.9% CPU use with 1 MPI tasks x no OpenMP threads

MPI task timing breakdown:
Section |  min time  |  avg time  |  max time  |%varavg| %total
---------------------------------------------------------------
Pair    | 12.8       | 12.8       | 12.8       |   0.0 | 74.16
Neigh   | 2.963      | 2.963      | 2.963      |   0.0 | 17.17
Comm    | 0.52247    | 0.52247    | 0.52247    |   0.0 |  3.03
Output  | 0.023196   | 0.023196   | 0.023196   |   0.0 |  0.13
Modify  | 0.84293    | 0.84293    | 0.84293    |   0.0 |  4.88
Other   |            | 0.1092     |            |       |  0.63

Nlocal:    1331 ave 1331 max 1331 min
Histogram: 1 0 0 0 0 0 0 0 0 0
Nghost:    1946 ave 1946 max 1946 min
Histogram: 1 0 0 0 0 0 0 0 0 0
Neighs:    19926 ave 19926 max 19926 min
Histogram: 1 0 0 0 0 0 0 0 0 0

Total # of neighbors = 19926
Ave neighs/atom = 14.9707
Neighbor list builds = 2500
Dangerous builds not checked

write_restart NVT/sim1/T_1.70__v_2.74/end1.restart
Total wall time: 0:00:17
