run 50000
Neighbor list info ...
  update every 20 steps, delay 0 steps, check no
  max neighbors/atom: 2000, page size: 100000
  master list distance cutoff = 2.8
  ghost atom cutoff = 2.8
  binsize = 1.4, bins = 16 16 16
  1 neighbor lists, perpetual/occasional/extra = 1 0 0
  (1) pair lj/cut, perpetual
      attributes: half, newton on
      pair build: half/bin/atomonly/newton
      stencil: half/bin/3d/newton
      bin: standard
Per MPI rank memory allocation (min/avg/max) = 2.7 | 2.7 | 2.7 Mbytes
Step Temp Press Volume Density PotEng KinEng TotEng 
       0          0.5  0.017042887        10648        0.125  -0.13561964   0.74943651   0.61381687 
    1000   0.86690989  0.048064157    7487.8498   0.17775463   -1.2285287    1.2993879  0.070859112 
    2000    0.7476273 0.00084522734    5549.2448   0.23985246    -1.929456    1.1205984  -0.80885756 
    3000   0.72667157  -0.05314542    4208.9121   0.31623374   -2.8231904    1.0891884   -1.7340019 
    4000   0.67415704  -0.15005749    3246.5705   0.40997107   -3.6270872    1.0104758   -2.6166114 
    5000   0.62624455 -0.046543315    2574.4287   0.51700792   -4.3092968   0.93866106   -3.3706357 
    6000   0.55662825  -0.11251521    2095.4814   0.63517623   -4.8208818   0.83431507   -3.9865668 
    7000   0.54454593  -0.19588029    1749.3174    0.7608682   -5.2419587    0.8162052   -4.4257535 
    8000   0.51085827  0.085683018    1555.9363   0.85543349   -5.5193333   0.76571169   -4.7536216 
    9000   0.49830767   0.12719499    1493.3864   0.89126297   -5.7348409   0.74689992    -4.987941 
   10000   0.48641922   0.29926132    1477.1965    0.9010311   -5.7906092   0.72908066   -5.0615286 
   11000    0.5076373   0.25131723    1490.5133   0.89298095   -5.7286628   0.76088386    -4.967779 
   12000   0.51886328   0.18153409    1498.2883   0.88834708   -5.7013819   0.77771018   -4.9236717 
   13000   0.50988781   0.10124287    1488.5786   0.89414159   -5.7644003   0.76425708   -5.0001432 
   14000   0.50912782   0.08093279    1492.3964   0.89185423   -5.7493483   0.76311796   -4.9862304 
   15000   0.50159041   0.12126032    1497.3769   0.88888777   -5.7073174   0.75182033   -4.9554971 
   16000   0.49522511     0.143175    1495.3405   0.89009827   -5.7038872   0.74227956   -4.9616076 
   17000   0.49158346  0.048463126    1493.2184   0.89136324   -5.7403124   0.73682119   -5.0034912 
   18000    0.4875369  0.078651435    1494.0383   0.89087411   -5.7281995   0.73075591   -4.9974436 
   19000   0.50956414  0.027481879    1491.2505   0.89253953   -5.7559289   0.76377195   -4.9921569 
   20000   0.48641404   0.14839372    1484.5014   0.89659731   -5.7607738   0.72907289   -5.0317009 
   21000   0.50254144   0.26716879    1478.7627   0.90007677   -5.7804705    0.7532458   -5.0272247 
   22000   0.50744294   0.28260364    1484.7026   0.89647581   -5.7447018   0.76059253   -4.9841092 
   23000   0.49837452   0.30990768    1491.6937   0.89227431   -5.6973328   0.74700012   -4.9503326 
   24000   0.51699744    0.2515795    1484.9704   0.89631418   -5.7502892   0.77491352   -4.9753756 
   25000   0.50095501    0.4846445    1470.2211   0.90530602   -5.7852209   0.75086795   -5.0343529 
   26000   0.49889877   0.31059839     1481.453   0.89844229   -5.7592424   0.74778591   -5.0114564 
   27000   0.50620271   0.28163775    1495.3184   0.89011141   -5.6941174    0.7587336   -4.9353838 
   28000   0.51180936   0.12731635    1495.2988    0.8901231   -5.7223623   0.76713724   -4.9552251 
   29000   0.50161758   0.14309188    1486.7522      0.89524   -5.7637309   0.75186106   -5.0118698 
   30000   0.51028168   0.25333091    1480.6788   0.89891203   -5.7757013   0.76484744   -5.0108539 
   31000   0.50788992    0.3570809    1483.3684   0.89728216   -5.7395261   0.76126251   -4.9782636 
   32000   0.50676239   0.32003173    1486.7433   0.89524531   -5.7279557   0.75957248   -4.9683832 
   33000   0.48853384    0.2236595    1491.8516   0.89217988    -5.721485    0.7322502   -4.9892348 
   34000   0.49675713  0.082547978    1492.3067   0.89190782   -5.7490266   0.74457586   -5.0044508 
   35000   0.49063616   0.15930764    1491.5926   0.89233481   -5.7239519    0.7354013   -4.9885506 
   36000   0.49400311   0.13311016    1493.8197   0.89100446   -5.7186825   0.74044793   -4.9782346 
   37000   0.50338962   0.10933806    1490.0067   0.89328455   -5.7486642   0.75451712    -4.994147 
   38000   0.49270779   0.13997971    1489.5708   0.89354596   -5.7372951   0.73850642   -4.9987887 
   39000   0.49631521   0.23221161    1493.5485   0.89116627   -5.7087203   0.74391348   -4.9648068 
   40000   0.48698562   0.27718446    1491.9857   0.89209973   -5.6960487   0.72992961   -4.9661191 
   41000   0.49471154   0.21072026    1482.0613   0.89807349    -5.762362   0.74150979   -5.0208522 
   42000   0.48821794   0.30815969    1481.0083   0.89871205   -5.7594012   0.73177671   -5.0276245 
   43000   0.51922935   0.31437191    1483.0837   0.89745441   -5.7512207   0.77825886   -4.9729619 
   44000   0.49756804   0.42617308    1483.4344   0.89724223   -5.7282394   0.74579131   -4.9824481 
   45000   0.48481509   0.29023129    1482.2759   0.89794351   -5.7530707   0.72667626   -5.0263945 
   46000   0.48885528   0.16034899    1486.5499   0.89536181    -5.755064   0.73273199    -5.022332 
   47000   0.49992083   0.12540239    1494.0289   0.89087969   -5.7262346   0.74931785   -4.9769168 
   48000   0.51079532  0.047828914    1487.1995   0.89497069    -5.775578   0.76561733   -5.0099607 
   49000   0.48204018   0.20696302    1487.4497   0.89482016   -5.7434223   0.72251702   -5.0209053 
   50000   0.50273646   0.26180647     1489.278   0.89372165   -5.7261522   0.75353812   -4.9726141 
Loop time of 38.3655 on 1 procs for 50000 steps with 1331 atoms

Performance: 450404.584 tau/day, 1303.254 timesteps/s
99.9% CPU use with 1 MPI tasks x no OpenMP threads

MPI task timing breakdown:
Section |  min time  |  avg time  |  max time  |%varavg| %total
---------------------------------------------------------------
Pair    | 30.914     | 30.914     | 30.914     |   0.0 | 80.58
Neigh   | 4.4736     | 4.4736     | 4.4736     |   0.0 | 11.66
Comm    | 0.69363    | 0.69363    | 0.69363    |   0.0 |  1.81
Output  | 0.025805   | 0.025805   | 0.025805   |   0.0 |  0.07
Modify  | 2.0472     | 2.0472     | 2.0472     |   0.0 |  5.34
Other   |            | 0.2111     |            |       |  0.55

Nlocal:    1331 ave 1331 max 1331 min
Histogram: 1 0 0 0 0 0 0 0 0 0
Nghost:    3061 ave 3061 max 3061 min
Histogram: 1 0 0 0 0 0 0 0 0 0
Neighs:    52466 ave 52466 max 52466 min
Histogram: 1 0 0 0 0 0 0 0 0 0

Total # of neighbors = 52466
Ave neighs/atom = 39.4185
Neighbor list builds = 2500
Dangerous builds not checked

write_restart lattice_11_11_11__2_2_2/sim1/T_0.50__P_0.20/end1.restart
Total wall time: 0:00:38
