run 50000
Neighbor list info ...
  update every 20 steps, delay 0 steps, check no
  max neighbors/atom: 2000, page size: 100000
  master list distance cutoff = 2.8
  ghost atom cutoff = 2.8
  binsize = 1.4, bins = 16 16 16
  1 neighbor lists, perpetual/occasional/extra = 1 0 0
  (1) pair lj/cut, perpetual
      attributes: half, newton on
      pair build: half/bin/atomonly/newton
      stencil: half/bin/3d/newton
      bin: standard
Per MPI rank memory allocation (min/avg/max) = 2.7 | 2.7 | 2.7 Mbytes
Step Temp Press Volume Density PotEng KinEng TotEng 
       0          0.8  0.054514712        10648        0.125  -0.13561964    1.1990984    1.0634788 
    1000     1.438784   0.30506701     4972.187   0.26768905   -1.4834015    2.1565545   0.67315305 
    2000    1.2462363   0.28521365    3131.0796   0.42509299   -2.4677349    1.8679499  -0.59978504 
    3000     1.136917   0.43154008    2210.3309   0.60217229   -3.5009156    1.7040942   -1.7968215 
    4000      1.04422    1.3106411    1770.1289   0.75192264   -4.3788607    1.5651531   -2.8137075 
    5000   0.87858581    1.6615259    1610.1219   0.82664549   -4.9109655    1.3168886   -3.5940769 
    6000   0.78163956    1.8016887    1538.0712   0.86536955    -5.212941    1.1715785   -4.0413626 
    7000    0.7493425     1.815964    1523.2435    0.8737933   -5.2825848    1.1231693   -4.1594156 
    8000   0.82686506    1.7958071     1543.091   0.86255444   -5.1929045    1.2393657   -3.9535388 
    9000   0.81601236    1.7803936    1553.6542   0.85668998   -5.1454301    1.2230989   -3.9223312 
   10000   0.79305353    1.6895495    1539.9934   0.86428942   -5.2211317    1.1886866   -4.0324451 
   11000   0.79372881    1.8514691    1534.2884   0.86750311   -5.2214986    1.1896987   -4.0317999 
   12000   0.80265211    1.8526536     1545.638   0.86113306   -5.1665483    1.2030736   -3.9634747 
   13000   0.80146305    1.6787572    1548.7784   0.85938699    -5.184968    1.2012913   -3.9836767 
   14000   0.79421791    1.9757006    1527.8276   0.87117158   -5.2246012    1.1904318   -4.0341694 
   15000   0.79174257    2.0564622    1532.2753   0.86864286   -5.1896953    1.1867216   -4.0029737 
   16000   0.78393504    1.5465056    1557.3126    0.8546775   -5.1516399    1.1750191   -3.9766208 
   17000   0.82577925    1.9930593    1535.4568   0.86684301   -5.2003577    1.2377382   -3.9626195 
   18000   0.77169157    1.8789889     1540.834   0.86381788   -5.1838849    1.1566677   -4.0272172 
   19000   0.81893373    1.7776233    1533.1275   0.86816001   -5.2432468    1.2274777   -4.0157692 
   20000   0.81749899     1.439058    1555.3554   0.85575299   -5.1962478    1.2253272   -3.9709206 
   21000   0.82905975    1.8486754    1541.9026   0.86321924   -5.1874888    1.2426553   -3.9448335 
   22000   0.77861682    1.7831673    1541.9856   0.86317277   -5.1906354    1.1670478   -4.0235877 
   23000    0.7744214    1.9046311    1536.2571   0.86639143    -5.195671    1.1607593   -4.0349116 
   24000   0.80531445    1.7795688     1546.486   0.86066086   -5.1709091    1.2070641    -3.963845 
   25000   0.81389891    1.8321318    1539.9969   0.86428747   -5.1969291    1.2199311    -3.976998 
   26000   0.77640818    1.8321336    1532.0257   0.86878439   -5.2381934    1.1637373   -4.0744561 
   27000   0.80013746    1.7571644    1536.5835   0.86620742   -5.2305296    1.1993045   -4.0312252 
   28000   0.80083657     1.953526    1542.7397   0.86275086   -5.1598443    1.2003523    -3.959492 
   29000   0.79294962    1.7976016    1544.0585   0.86201396   -5.1702061    1.1885308   -3.9816753 
   30000   0.79964515    2.0304379    1533.8363   0.86775883   -5.1944861    1.1985666   -3.9959196 
   31000   0.80901106    1.6897876    1540.5045   0.86400268   -5.2169421    1.2126049   -4.0043372 
   32000   0.77561843     1.712228    1547.7505   0.85995772   -5.1746947    1.1625535   -4.0121412 
   33000     0.799203    2.0836459    1533.2247   0.86810495   -5.1833045    1.1979038   -3.9854007 
   34000   0.81622541    1.6688154    1545.5869   0.86116152   -5.2048571    1.2234182   -3.9814389 
   35000   0.80329592    1.9168361    1534.4009   0.86743952   -5.2077222    1.2040386   -4.0036836 
   36000   0.81145232    1.8817557    1526.6819   0.87182534   -5.2599798     1.216264   -4.0437158 
   37000   0.76129018    1.5085457    1551.7355   0.85774929   -5.1937027    1.1410773   -4.0526254 
   38000   0.81982466    2.0189084    1537.2992   0.86580413   -5.1818906    1.2288131   -3.9530775 
   39000   0.80059093    1.8296423    1543.6575   0.86223789   -5.1855314    1.1999842   -3.9855473 
   40000   0.78719244    1.7535192    1534.0596   0.86763254   -5.2404682    1.1799015   -4.0605667 
   41000   0.80965852    1.8186463    1537.5703   0.86565148   -5.2164176    1.2135753   -4.0028423 
   42000   0.80563066    1.8127747    1551.4492   0.85790755    -5.157142    1.2075381    -3.949604 
   43000   0.81721304    2.0517338    1532.1474   0.86871537   -5.1869388    1.2248986   -3.9620402 
   44000    0.7840899    1.6587507    1541.6704   0.86334926   -5.2196431    1.1752512   -4.0443919 
   45000   0.79306265    1.8592075    1540.5997   0.86394926   -5.1826618    1.1887002   -3.9939616 
   46000   0.81624104     1.883313     1544.779    0.8616119   -5.1629695    1.2234417   -3.9395278 
   47000   0.78732541    1.6701133    1546.5207   0.86064157     -5.19852    1.1801008   -4.0184192 
   48000   0.81559705    1.7438701    1535.2733   0.86694663   -5.2254884    1.2224764   -4.0030119 
   49000   0.80310869    1.6684583    1550.9344   0.85819234   -5.1730732    1.2037579   -3.9693153 
   50000   0.80916319    1.9343581    1540.0967   0.86423144   -5.1759746    1.2128329   -3.9631418 
Loop time of 38.7328 on 1 procs for 50000 steps with 1331 atoms

Performance: 446133.195 tau/day, 1290.895 timesteps/s
99.9% CPU use with 1 MPI tasks x no OpenMP threads

MPI task timing breakdown:
Section |  min time  |  avg time  |  max time  |%varavg| %total
---------------------------------------------------------------
Pair    | 31.19      | 31.19      | 31.19      |   0.0 | 80.53
Neigh   | 4.5468     | 4.5468     | 4.5468     |   0.0 | 11.74
Comm    | 0.7231     | 0.7231     | 0.7231     |   0.0 |  1.87
Output  | 0.02379    | 0.02379    | 0.02379    |   0.0 |  0.06
Modify  | 2.0345     | 2.0345     | 2.0345     |   0.0 |  5.25
Other   |            | 0.2149     |            |       |  0.55

Nlocal:    1331 ave 1331 max 1331 min
Histogram: 1 0 0 0 0 0 0 0 0 0
Nghost:    3045 ave 3045 max 3045 min
Histogram: 1 0 0 0 0 0 0 0 0 0
Neighs:    51302 ave 51302 max 51302 min
Histogram: 1 0 0 0 0 0 0 0 0 0

Total # of neighbors = 51302
Ave neighs/atom = 38.544
Neighbor list builds = 2500
Dangerous builds not checked

write_restart lattice_11_11_11__2_2_2/sim1/T_0.80__P_1.80/end1.restart
Total wall time: 0:00:38
