run 50000
Neighbor list info ...
  update every 20 steps, delay 0 steps, check no
  max neighbors/atom: 2000, page size: 100000
  master list distance cutoff = 2.8
  ghost atom cutoff = 2.8
  binsize = 1.4, bins = 16 16 16
  1 neighbor lists, perpetual/occasional/extra = 1 0 0
  (1) pair lj/cut, perpetual
      attributes: half, newton on
      pair build: half/bin/atomonly/newton
      stencil: half/bin/3d/newton
      bin: standard
Per MPI rank memory allocation (min/avg/max) = 2.7 | 2.7 | 2.7 Mbytes
Step Temp Press Volume Density PotEng KinEng TotEng 
       0          0.4  0.004552278        10648        0.125  -0.13561964   0.59954921   0.46392957 
    1000    1.0615497  0.099234402    4289.4565   0.31029572   -1.9673603    1.5911282  -0.37623219 
    2000   0.89150165   -0.1600656    2464.1075   0.54015501   -3.4302277    1.3362478     -2.09398 
    3000   0.79336457   0.86966289    1673.6156   0.79528419   -4.8078245    1.1891528   -3.6186718 
    4000   0.58743921    1.3498082    1480.3083   0.89913703   -5.5826226   0.88049678   -4.7021258 
    5000   0.45082208     1.362129     1407.009   0.94597828   -6.0058298   0.67572505   -5.3301047 
    6000   0.38007212    1.4036434    1374.6151   0.96827103   -6.1987963   0.56967985   -5.6291165 
    7000    0.3779501    1.3968809    1373.1376    0.9693129   -6.2152664   0.56649922   -5.6487672 
    8000   0.42399108    1.4304709    1381.7104    0.9632988   -6.1535939   0.63550879   -5.5180851 
    9000   0.39509481    1.4574783    1377.0725   0.96654315   -6.1733556   0.59219695   -5.5811586 
   10000   0.38287624    1.4289241    1369.0755    0.9721889   -6.2369754   0.57388286   -5.6630926 
   11000   0.40105398    1.3392396    1376.6432   0.96684455   -6.1989822     0.601129   -5.5978532 
   12000   0.41251663    1.5842188    1373.4865   0.96906669   -6.1811848   0.61831005   -5.5628747 
   13000    0.3851348    1.3269872    1370.5085    0.9711724    -6.240821   0.57726817   -5.6635529 
   14000   0.39473247    1.3877979    1370.1538   0.97142379    -6.241701   0.59165386   -5.6500471 
   15000   0.41855646    1.4633069    1374.2427   0.96853342   -6.2019022   0.62736298   -5.5745392 
   16000   0.40059245    1.3328825    1370.9603   0.97085233   -6.2454854   0.60043721   -5.6450482 
   17000   0.38740286     1.578968    1362.2902    0.9770312   -6.2557833    0.5806677   -5.6751156 
   18000   0.40771811    1.2078593    1377.8523   0.96599612   -6.2194196   0.61111767   -5.6083019 
   19000   0.41565936    1.6149257    1366.7815   0.97382062     -6.22007    0.6230206   -5.5970494 
   20000   0.38190271     1.128291    1375.9793   0.96731106   -6.2435742   0.57242367   -5.6711505 
   21000    0.4112426    1.4806784    1367.2065   0.97351791   -6.2441792   0.61640044   -5.6277787 
   22000   0.41347086    1.2635552    1377.7125   0.96609415   -6.2071156   0.61974031   -5.5873753 
   23000   0.39898295    1.4321856    1369.1644   0.97212579   -6.2373003   0.59802478   -5.6392755 
   24000   0.37594349    1.5046889     1365.899   0.97444979   -6.2415709   0.56349155   -5.6780793 
   25000   0.40012992    1.3765443    1373.6784   0.96893132   -6.2126672   0.59974395   -5.6129233 
   26000   0.40996547    1.3493369    1371.9615   0.97014387   -6.2320036   0.61448618   -5.6175174 
   27000   0.39770005    1.4504174    1362.0949   0.97717128   -6.2809725   0.59610187   -5.6848706 
   28000   0.39223455     1.171896    1374.4377   0.96839602    -6.242344   0.58790978   -5.6544342 
   29000   0.41937394    1.6536351    1364.6467   0.97534402   -6.2233319   0.62858829   -5.5947437 
   30000   0.38544875    1.2246841    1371.0421   0.97079444   -6.2585086   0.57773873   -5.6807699 
   31000   0.39472718    1.5215207    1359.5506   0.97899999   -6.2897649   0.59164593    -5.698119 
   32000   0.40861615    1.4045442    1367.8194   0.97308169   -6.2547273   0.61246372   -5.6422635 
   33000     0.410743    1.3500519    1367.4886   0.97331705   -6.2646567    0.6156516   -5.6490051 
   34000   0.39262649    1.5054477    1358.4959   0.97976007   -6.2965769   0.58849725   -5.7080796 
   35000   0.39577131    1.2623486    1367.0761   0.97361076   -6.2849565   0.59321094   -5.6917456 
   36000   0.41133887    1.5416733    1364.2997    0.9755921   -6.2476711   0.61654474   -5.6311264 
   37000   0.38532291    1.2968076    1367.6971   0.97316867   -6.2699743   0.57755011   -5.6924242 
   38000   0.39110072    1.5719121    1357.2332   0.98067159   -6.2938484   0.58621032   -5.7076381 
   39000   0.39858938     1.272099    1369.7888   0.97168262   -6.2591237   0.59743488   -5.6616888 
   40000   0.40596202    1.5395653    1361.0172     0.977945   -6.2746679   0.60848551   -5.6661823 
   41000   0.39139578    1.3200164    1360.1046   0.97860124   -6.3199845   0.58665258   -5.7333319 
   42000   0.39115984    1.4232236    1362.0787   0.97718291   -6.2824012   0.58629894   -5.6961022 
   43000   0.40622051    1.4941847    1363.7653   0.97597438   -6.2666827   0.60887297   -5.6578097 
   44000   0.39270602    1.3729397    1360.3277    0.9784407   -6.3070461   0.58861646   -5.7184297 
   45000   0.38441363    1.5292904    1358.3907    0.9798359   -6.2892835   0.57618722   -5.7130963 
   46000   0.40965841    1.3375152    1364.6338   0.97535323   -6.2839908   0.61402595   -5.6699649 
   47000   0.39723932    1.5419849    1356.1982   0.98141999   -6.3031622   0.59541131   -5.7077509 
   48000   0.38348673    1.2823734    1361.0868   0.97789502    -6.322317   0.57479791   -5.7475191 
   49000   0.41840223    1.5706529    1354.8354   0.98240715    -6.314518   0.62713182   -5.6873862 
   50000   0.40213021    1.2876312    1362.6137   0.97679925   -6.3037555   0.60274213   -5.7010134 
Loop time of 42.9076 on 1 procs for 50000 steps with 1331 atoms

Performance: 402726.011 tau/day, 1165.295 timesteps/s
100.0% CPU use with 1 MPI tasks x no OpenMP threads

MPI task timing breakdown:
Section |  min time  |  avg time  |  max time  |%varavg| %total
---------------------------------------------------------------
Pair    | 34.755     | 34.755     | 34.755     |   0.0 | 81.00
Neigh   | 5.1045     | 5.1045     | 5.1045     |   0.0 | 11.90
Comm    | 0.74609    | 0.74609    | 0.74609    |   0.0 |  1.74
Output  | 0.02366    | 0.02366    | 0.02366    |   0.0 |  0.06
Modify  | 2.0508     | 2.0508     | 2.0508     |   0.0 |  4.78
Other   |            | 0.2279     |            |       |  0.53

Nlocal:    1331 ave 1331 max 1331 min
Histogram: 1 0 0 0 0 0 0 0 0 0
Nghost:    3156 ave 3156 max 3156 min
Histogram: 1 0 0 0 0 0 0 0 0 0
Neighs:    57649 ave 57649 max 57649 min
Histogram: 1 0 0 0 0 0 0 0 0 0

Total # of neighbors = 57649
Ave neighs/atom = 43.3125
Neighbor list builds = 2500
Dangerous builds not checked

write_restart lattice_11_11_11__2_2_2/sim1/T_0.40__P_1.40/end1.restart
Total wall time: 0:00:42
