run 50000
Neighbor list info ...
  update every 20 steps, delay 0 steps, check no
  max neighbors/atom: 2000, page size: 100000
  master list distance cutoff = 2.8
  ghost atom cutoff = 2.8
  binsize = 1.4, bins = 18 18 18
  1 neighbor lists, perpetual/occasional/extra = 1 0 0
  (1) pair lj/cut, perpetual
      attributes: half, newton on
      pair build: half/bin/atomonly/newton
      stencil: half/bin/3d/newton
      bin: standard
Per MPI rank memory allocation (min/avg/max) = 2.711 | 2.711 | 2.711 Mbytes
Step Temp Press TotEng 
       0          0.2 0.0018255749   0.25875176 
    1000   0.43349546 -0.00083408466  -0.10048569 
    2000   0.40669549 -0.0048490695  -0.76149331 
    3000   0.42476842 -0.0026670218   -1.4946676 
    4000   0.37117646 -0.004587963   -2.2721782 
    5000   0.33591971  0.014900381   -2.9188476 
    6000   0.26067246 0.00092416772   -3.3855808 
    7000    0.2168569 0.00076461483   -3.6888259 
    8000   0.18481191 -0.00072632083   -3.8551284 
    9000   0.19647049 0.0084577218    -3.880865 
   10000   0.20794691 2.6387433e-05   -3.8568245 
   11000   0.19830873 0.0078873871   -3.8985376 
   12000   0.20137421 -0.0043849717   -3.9333715 
   13000   0.19884749 0.0043746623   -3.9584365 
   14000   0.19861902 0.0083858977   -3.9748634 
   15000   0.20684157 -0.0050282973   -4.0044639 
   16000    0.1966317  0.012990832    -4.079851 
   17000   0.19494562  0.001875056   -4.0931178 
   18000   0.20652558 -0.00047449993   -4.0536821 
   19000   0.20807957 0.0036623658   -4.0935853 
   20000   0.20023102 0.0048531625     -4.14937 
   21000   0.20097327 0.0020560872   -4.1255162 
   22000   0.21005936 0.0086812022   -4.1138798 
   23000   0.19196827 0.00042881497   -4.1544369 
   24000   0.19913754 -0.0035058008   -4.1498393 
   25000   0.20736933 0.00090806145   -4.1347348 
   26000   0.19331544  0.003682617   -4.1555594 
   27000    0.1975559 0.0026649182   -4.1841131 
   28000   0.20669688 -0.0010483794   -4.1811639 
   29000   0.20454029 0.0065764097   -4.1711767 
   30000   0.20336194 0.00076951785   -4.1863955 
   31000   0.19467641 9.6071139e-06   -4.1950855 
   32000   0.19836134 -0.0092754484   -4.1857047 
   33000   0.20301164 -0.0070671037   -4.1935594 
   34000   0.20283024 -0.0017518976    -4.206659 
   35000   0.19879494 -0.002037757   -4.1968509 
   36000   0.19754472 -0.0017775591   -4.2024639 
   37000   0.19023418  0.002524985   -4.2221414 
   38000   0.19871289  0.007015917   -4.2131795 
   39000   0.20055334  0.007935366    -4.212831 
   40000   0.19975055  0.012485572   -4.2313114 
   41000   0.20219797 0.0057746599    -4.230603 
   42000   0.19636098 -0.0041262292   -4.2207647 
   43000   0.19745998 -0.0014615547   -4.2304729 
   44000   0.19668625 -0.006444655   -4.2441123 
   45000   0.20092114 0.0019550879   -4.2299525 
   46000   0.20392107 -0.0013543059   -4.2246628 
   47000   0.19814002 -0.0012051649   -4.2444589 
   48000   0.20062371 -0.0012859701   -4.2446688 
   49000   0.20018231 0.0064322302   -4.2466437 
   50000   0.20446984 0.0085209645   -4.2432016 
Loop time of 18.9799 on 1 procs for 50000 steps with 1331 atoms

Performance: 910435.333 tau/day, 2634.361 timesteps/s
99.9% CPU use with 1 MPI tasks x no OpenMP threads

MPI task timing breakdown:
Section |  min time  |  avg time  |  max time  |%varavg| %total
---------------------------------------------------------------
Pair    | 15.321     | 15.321     | 15.321     |   0.0 | 80.72
Neigh   | 2.1819     | 2.1819     | 2.1819     |   0.0 | 11.50
Comm    | 0.41819    | 0.41819    | 0.41819    |   0.0 |  2.20
Output  | 0.02591    | 0.02591    | 0.02591    |   0.0 |  0.14
Modify  | 0.92496    | 0.92496    | 0.92496    |   0.0 |  4.87
Other   |            | 0.1079     |            |       |  0.57

Nlocal:    1331 ave 1331 max 1331 min
Histogram: 1 0 0 0 0 0 0 0 0 0
Nghost:    1618 ave 1618 max 1618 min
Histogram: 1 0 0 0 0 0 0 0 0 0
Neighs:    27725 ave 27725 max 27725 min
Histogram: 1 0 0 0 0 0 0 0 0 0

Total # of neighbors = 27725
Ave neighs/atom = 20.8302
Neighbor list builds = 2500
Dangerous builds not checked

write_restart NVT/sim1/T_0.20__v_12.17/end1.restart
Total wall time: 0:00:18
