run 50000
Neighbor list info ...
  update every 20 steps, delay 0 steps, check no
  max neighbors/atom: 2000, page size: 100000
  master list distance cutoff = 2.8
  ghost atom cutoff = 2.8
  binsize = 1.4, bins = 16 16 16
  1 neighbor lists, perpetual/occasional/extra = 1 0 0
  (1) pair lj/cut, perpetual
      attributes: half, newton on
      pair build: half/bin/atomonly/newton
      stencil: half/bin/3d/newton
      bin: standard
Per MPI rank memory allocation (min/avg/max) = 2.7 | 2.7 | 2.7 Mbytes
Step Temp Press Volume Density PotEng KinEng TotEng 
       0          0.1 -0.032919548        10648        0.125  -0.13561964    0.1498873  0.014267664 
    1000   0.71510867  -0.24639504    2616.8321   0.50863026    -3.282456    1.0718571   -2.2105989 
    2000   0.50989372   0.86784034    1469.6435   0.90566179   -5.7316906   0.76426595   -4.9674247 
    3000   0.21269294    1.1042661    1349.4011   0.98636347   -6.4146252    0.3187997   -6.0958254 
    4000   0.11821863      1.11276    1320.5235    1.0079336   -6.6191191   0.17719472   -6.4419244 
    5000  0.086877057    1.0928475    1312.3939    1.0141772   -6.6796371   0.13021768   -6.5494195 
    6000  0.094683208    1.1553257     1313.126    1.0136118   -6.6684095   0.14191811   -6.5264914 
    7000   0.11258907    1.0428541    1316.2425    1.0112118    -6.662681   0.16875672   -6.4939243 
    8000  0.093951948    1.1253675    1311.2373    1.0150718   -6.6861265   0.14082204   -6.5453045 
    9000   0.09275011    1.1185804    1310.9303    1.0153095    -6.689342   0.13902064   -6.5503213 
   10000   0.10696714     1.105974    1313.6078      1.01324   -6.6707618   0.16033017   -6.5104316 
   11000  0.099104782    1.0974339    1311.5437    1.0148346   -6.6883709   0.14854549   -6.5398254 
   12000  0.093172881    1.1430769    1308.6258    1.0170975   -6.7035632   0.13965432   -6.5639089 
   13000   0.10383111     1.062524    1312.6777     1.013958   -6.6865794   0.15562966   -6.5309498 
   14000   0.10399334    1.1174605    1311.0256    1.0152357   -6.6894928   0.15587282     -6.53362 
   15000  0.092402011      1.01556    1311.5312    1.0148444   -6.7024638   0.13849888   -6.5639649 
   16000   0.10311259    1.1969063    1309.0001    1.0168066   -6.6911627   0.15455268     -6.53661 
   17000   0.10602654    1.0029473    1313.3182    1.0134635    -6.689381   0.15892032   -6.5304607 
   18000  0.096328397    1.1721312    1308.0226    1.0175665   -6.7018202   0.14438404   -6.5574361 
   19000  0.098275618    1.1098224    1310.5658    1.0155919   -6.6927909   0.14730267   -6.5454882 
   20000   0.10727083    1.1177659    1311.2366    1.0150724   -6.6872906   0.16078535   -6.5265052 
   21000  0.095414936    1.1366263    1309.2097    1.0166438   -6.6962933   0.14301487   -6.5532784 
   22000  0.096677889     1.067343    1310.9767    1.0152735   -6.6965106   0.14490788   -6.5516027 
   23000   0.10481478    1.1843728    1310.2035    1.0158727   -6.6842337   0.15710405   -6.5271296 
   24000  0.097791454    1.0013737    1312.4869    1.0141053   -6.6959388   0.14657697   -6.5493619 
   25000  0.098600938    1.1280754    1309.0537     1.016765   -6.7012392   0.14779029    -6.553449 
   26000   0.10327359    1.0650619    1312.1761    1.0143456   -6.6864967   0.15479401   -6.5317027 
   27000  0.098766682    1.1406851    1310.1975    1.0158774   -6.6899923   0.14803872   -6.5419536 
   28000   0.09956299     1.073653    1309.8082    1.0161793   -6.7051485   0.14923228   -6.5559162 
   29000   0.10195534    1.1060589     1310.763    1.0154391   -6.6906741   0.15281811    -6.537856 
   30000    0.1015249    1.1196183    1310.1896    1.0158835   -6.6920254   0.15217294   -6.5398525 
   31000  0.096419298    1.0330464    1311.0181    1.0152415   -6.7028696   0.14452028   -6.5583493 
   32000   0.10255032    1.1614021    1309.1387     1.016699   -6.6955053   0.15370992   -6.5417954 
   33000   0.10271757    1.0851341    1311.1296    1.0151552   -6.6916052    0.1539606   -6.5376446 
   34000  0.096781972    1.0748928    1310.1617    1.0159052   -6.7023327   0.14506389   -6.5572688 
   35000   0.10185846    1.0871874     1310.143    1.0159197   -6.7009432   0.15267289   -6.5482703 
   36000   0.10628362    1.1219815    1309.2871    1.0165838   -6.7015976   0.15930565   -6.5422919 
   37000   0.09639089    1.0997354     1308.088    1.0175156   -6.7153611   0.14447771   -6.5708833 
   38000   0.10007784    1.0853278    1308.4898    1.0172032   -6.7159605   0.15000397   -6.5659566 
   39000   0.10410506    1.0585581    1310.6827    1.0155013   -6.7034662   0.15604026   -6.5474259 
   40000   0.10035016    1.1890343    1306.2752    1.0189277   -6.7155021   0.15041215   -6.5650899 
   41000   0.09764101    1.0157748    1308.9419    1.0168519    -6.723819   0.14635148   -6.5774676 
   42000   0.10287209    1.1057449    1309.1987    1.0166524   -6.7071226    0.1541922   -6.5529304 
   43000    0.1017195    1.1081045    1308.0173    1.0175706   -6.7151919   0.15246462   -6.5627272 
   44000  0.097319446    1.1340948    1305.8169    1.0192853   -6.7276618   0.14586949   -6.5817923 
   45000   0.10123755    1.0066186    1310.2015    1.0158743   -6.7165916   0.15174223   -6.5648494 
   46000   0.10303782    1.2924833     1304.341    1.0204386   -6.7122955   0.15444061   -6.5578548 
   47000  0.094706971   0.94313249    1310.0268    1.0160098   -6.7264482   0.14195372   -6.5844944 
   48000   0.10176967    1.1964218     1305.474    1.0195531   -6.7197952   0.15253982   -6.5672554 
   49000   0.10208437    1.0683582    1309.1458    1.0166935   -6.7128139   0.15301151   -6.5598023 
   50000  0.094379411    1.1163475    1306.7804    1.0185338   -6.7207956   0.14146275   -6.5793328 
Loop time of 45.3394 on 1 procs for 50000 steps with 1331 atoms

Performance: 381125.167 tau/day, 1102.793 timesteps/s
100.0% CPU use with 1 MPI tasks x no OpenMP threads

MPI task timing breakdown:
Section |  min time  |  avg time  |  max time  |%varavg| %total
---------------------------------------------------------------
Pair    | 37.083     | 37.083     | 37.083     |   0.0 | 81.79
Neigh   | 5.1792     | 5.1792     | 5.1792     |   0.0 | 11.42
Comm    | 0.7534     | 0.7534     | 0.7534     |   0.0 |  1.66
Output  | 0.025679   | 0.025679   | 0.025679   |   0.0 |  0.06
Modify  | 2.0654     | 2.0654     | 2.0654     |   0.0 |  4.56
Other   |            | 0.2324     |            |       |  0.51

Nlocal:    1331 ave 1331 max 1331 min
Histogram: 1 0 0 0 0 0 0 0 0 0
Nghost:    3261 ave 3261 max 3261 min
Histogram: 1 0 0 0 0 0 0 0 0 0
Neighs:    60819 ave 60819 max 60819 min
Histogram: 1 0 0 0 0 0 0 0 0 0

Total # of neighbors = 60819
Ave neighs/atom = 45.6942
Neighbor list builds = 2500
Dangerous builds not checked

write_restart lattice_11_11_11__2_2_2/sim1/T_0.10__P_1.10/end1.restart
Total wall time: 0:00:45
