run 50000
Neighbor list info ...
  update every 20 steps, delay 0 steps, check no
  max neighbors/atom: 2000, page size: 100000
  master list distance cutoff = 2.8
  ghost atom cutoff = 2.8
  binsize = 1.4, bins = 16 16 16
  1 neighbor lists, perpetual/occasional/extra = 1 0 0
  (1) pair lj/cut, perpetual
      attributes: half, newton on
      pair build: half/bin/atomonly/newton
      stencil: half/bin/3d/newton
      bin: standard
Per MPI rank memory allocation (min/avg/max) = 2.7 | 2.7 | 2.7 Mbytes
Step Temp Press Volume Density PotEng KinEng TotEng 
       0          1.1  0.091986538        10648        0.125  -0.13561964    1.6487603    1.5131407 
    1000    1.3386024   0.14639161    9060.6007   0.14689975  -0.89574257     2.006395    1.1106524 
    2000    1.1854748   0.12777292    7682.6929   0.17324654   -1.1521495    1.7768762   0.62472668 
    3000    1.1312364   0.11068164    6580.6183   0.20226063   -1.3919869    1.6955797   0.30359275 
    4000    1.1035812   0.13018454    5701.9914   0.23342722   -1.5495364    1.6541281   0.10459175 
    5000    1.1294066  0.090078247    5030.3241   0.26459527   -1.7665167    1.6928371 -0.073679611 
    6000    1.1068329   0.14075611    4490.4063   0.29640971   -1.9434446     1.659002  -0.28444256 
    7000    1.1238533   0.17549696    4047.6598   0.32883199    -2.134891    1.6845135  -0.45037758 
    8000    1.0898639  0.063589367    3672.5896   0.36241458   -2.2747675    1.6335676  -0.64119988 
    9000    1.1164556  0.069225577    3350.3158   0.39727599   -2.4713943    1.6734252  -0.79796901 
   10000     1.130262   0.11469908      3083.64   0.43163275   -2.6707938    1.6941192  -0.97667452 
   11000    1.1034469   0.10263564    2903.2692   0.45844871   -2.8093206    1.6539268   -1.1553938 
   12000    1.0809704   0.15661955    2703.5442   0.49231672   -2.8953859    1.6202374   -1.2751484 
   13000    1.1113438  0.095357501     2591.726   0.51355737   -3.0785114    1.6657633   -1.4127481 
   14000    1.1229633   0.14290104    2492.1876   0.53406894    -3.173533    1.6831794   -1.4903536 
   15000    1.0876383   0.40979666    2417.8885   0.55048031    -3.196398    1.6302318   -1.5661662 
   16000    1.1110374  0.060306487    2425.2806   0.54880248   -3.2619233    1.6653039   -1.5966194 
   17000    1.1091818   0.20757752    2473.4017   0.53812529    -3.149592    1.6625227   -1.4870693 
   18000    1.1421028    0.1986261    2503.8883   0.53157323   -3.1400743    1.7118671   -1.4282072 
   19000    1.0826905   0.26632378    2481.5847   0.53635082   -3.1413065    1.6228156   -1.5184908 
   20000    1.0572936   0.17057409    2429.8738   0.54776507   -3.2170542    1.5847488   -1.6323054 
   21000    1.1106625   0.23555873    2401.5991   0.55421406   -3.2751218     1.664742   -1.6103798 
   22000    1.1263907   0.19691652    2430.4679   0.54763119   -3.2167063    1.6883166   -1.5283897 
   23000     1.102404   0.22932666    2472.8225   0.53825133   -3.1625171    1.6523636   -1.5101534 
   24000    1.1201099    0.1132332    2398.0356   0.55503763   -3.3081015    1.6789025   -1.6291989 
   25000    1.0818031   0.17000677    2354.5134   0.56529727    -3.329333    1.6214855   -1.7078476 
   26000    1.0974557   0.33249201    2368.9573   0.56185057   -3.2774628    1.6449467   -1.6325161 
   27000    1.1207534   0.13996593    2408.6482   0.55259212   -3.2757233    1.6798671   -1.5958562 
   28000    1.0855566   0.16611933    2520.1693   0.52813912   -3.1516266    1.6271115   -1.5245151 
   29000    1.1506192   0.28369392    2487.4466   0.53508685   -3.1341855     1.724632   -1.4095535 
   30000    1.0899371   0.21334611    2519.7868   0.52821929   -3.1318041    1.6336773   -1.4981267 
   31000    1.0719575   0.13001298    2466.5101   0.53962884   -3.1657998    1.6067281   -1.5590717 
   32000     1.067371    0.2756303    2423.2749    0.5492567   -3.2052248    1.5998536   -1.6053712 
   33000    1.0394685   0.11109524    2413.1735   0.55155588   -3.2613351    1.5580313   -1.7033039 
   34000    1.0951219   0.27873733    2389.1871   0.55709324   -3.2789369    1.6414486   -1.6374883 
   35000    1.1191367   0.12816513    2509.1179   0.53046531   -3.1692265    1.6774438   -1.4917827 
   36000    1.1227137   0.20606109    2476.9094   0.53736322   -3.1979786    1.6828053   -1.5151733 
   37000    1.0987347   0.27330041    2410.5176   0.55216358   -3.2310822    1.6468637   -1.5842184 
   38000    1.0930255   0.15075458    2426.1592   0.54860373   -3.2882208    1.6383064   -1.6499144 
   39000    1.1042625   0.39375796    2308.5949   0.57654117   -3.3648772    1.6551493   -1.7097279 
   40000    1.0890742   0.24069783    2337.9557   0.56930078   -3.3391581    1.6323839   -1.7067742 
   41000    1.0835117   0.13225237    2413.0411   0.55158613   -3.2455337    1.6240464   -1.6214873 
   42000    1.1019506   0.19503558    2448.7945   0.54353275   -3.2194321    1.6516841    -1.567748 
   43000      1.11807   0.37345135    2421.6321   0.54962932   -3.1757029    1.6758449   -1.4998579 
   44000    1.0883335   0.14434406    2426.0699   0.54862394   -3.2518111    1.6312737   -1.6205374 
   45000    1.0667108    0.2531541    2388.4328   0.55726919   -3.2544865    1.5988641   -1.6556224 
   46000    1.1070688   0.15329188    2392.9279   0.55622236   -3.2969079    1.6593556   -1.6375523 
   47000    1.1203462   0.25827583    2466.6442   0.53959952   -3.1991774    1.6792567   -1.5199207 
   48000    1.1203024   0.28424173    2450.5976   0.54313283   -3.2154229    1.6791911   -1.5362318 
   49000    1.1375435   0.35012985    2333.9782   0.57027097   -3.3405078    1.7050333   -1.6354745 
   50000    1.0762623   0.17163935    2365.2082   0.56274117   -3.2949522    1.6131805   -1.6817717 
Loop time of 30.9985 on 1 procs for 50000 steps with 1331 atoms

Performance: 557446.909 tau/day, 1612.983 timesteps/s
99.7% CPU use with 1 MPI tasks x no OpenMP threads

MPI task timing breakdown:
Section |  min time  |  avg time  |  max time  |%varavg| %total
---------------------------------------------------------------
Pair    | 23.263     | 23.263     | 23.263     |   0.0 | 75.04
Neigh   | 4.344      | 4.344      | 4.344      |   0.0 | 14.01
Comm    | 0.75534    | 0.75534    | 0.75534    |   0.0 |  2.44
Output  | 0.02756    | 0.02756    | 0.02756    |   0.0 |  0.09
Modify  | 2.4499     | 2.4499     | 2.4499     |   0.0 |  7.90
Other   |            | 0.159      |            |       |  0.51

Nlocal:    1331 ave 1331 max 1331 min
Histogram: 1 0 0 0 0 0 0 0 0 0
Nghost:    2548 ave 2548 max 2548 min
Histogram: 1 0 0 0 0 0 0 0 0 0
Neighs:    33983 ave 33983 max 33983 min
Histogram: 1 0 0 0 0 0 0 0 0 0

Total # of neighbors = 33983
Ave neighs/atom = 25.5319
Neighbor list builds = 2500
Dangerous builds not checked

write_restart lattice_11_11_11__2_2_2/sim1/T_1.10__P_0.20/end1.restart
Total wall time: 0:00:31
