run 50000
Neighbor list info ...
  update every 20 steps, delay 0 steps, check no
  max neighbors/atom: 2000, page size: 100000
  master list distance cutoff = 2.8
  ghost atom cutoff = 2.8
  binsize = 1.4, bins = 16 16 16
  1 neighbor lists, perpetual/occasional/extra = 1 0 0
  (1) pair lj/cut, perpetual
      attributes: half, newton on
      pair build: half/bin/atomonly/newton
      stencil: half/bin/3d/newton
      bin: standard
Per MPI rank memory allocation (min/avg/max) = 2.7 | 2.7 | 2.7 Mbytes
Step Temp Press Volume Density PotEng KinEng TotEng 
       0          1.4   0.12945836        10648        0.125  -0.13561964    2.0984222    1.9628026 
    1000    2.0974404   0.47295293    5782.7304   0.23016809   -1.2136564    3.1437968    1.9301404 
    2000    1.8103869   0.61728096    3954.8922   0.33654521   -1.7926466      2.71354   0.92089348 
    3000    1.6468037   0.66985112    2958.1205   0.44994786   -2.4640128    2.4683496 0.0043367861 
    4000    1.5465756   0.99928281    2381.2512   0.55894985   -3.0589731    2.3181205  -0.74085266 
    5000    1.4698266    1.5298148    2057.8577   0.64678914   -3.5638816    2.2030834   -1.3607981 
    6000    1.4005975    1.6120283    1907.9284   0.69761529   -3.9154171    2.0993178   -1.8160994 
    7000    1.3705562    1.7976655    1852.3414   0.71855004   -4.0266595    2.0542897   -1.9723698 
    8000    1.4086007    1.7976625    1878.0306   0.70872114   -3.9613342    2.1113136   -1.8500206 
    9000    1.4538756    1.8625575    1905.4108   0.69853702   -3.8837435    2.1791749   -1.7045686 
   10000    1.3889657    1.9426073    1882.7472   0.70694569   -3.9112634    2.0818832   -1.8293803 
   11000    1.3952104    1.8765856    1859.7412   0.71569097   -4.0182478    2.0912432   -1.9270046 
   12000    1.4009427    1.9105981    1874.2309   0.71015798   -3.9516575    2.0998353   -1.8518222 
   13000    1.4188396    2.0813106    1884.0969   0.70643925   -3.8844522    2.1266605   -1.7577917 
   14000    1.4133037    1.9813634    1875.7961   0.70956539   -3.9423195    2.1183629   -1.8239566 
   15000    1.3816099    1.9038326    1869.5442   0.71193824   -3.9591604    2.0708578   -1.8883026 
   16000    1.3735734    1.9184419    1890.1036   0.70419419   -3.9075164    2.0588122   -1.8487042 
   17000    1.3847778    1.9415266    1901.0793    0.7001286     -3.87678     2.075606    -1.801174 
   18000    1.3748739    1.9860021    1880.2318   0.70789145   -3.9295985    2.0607614   -1.8688371 
   19000    1.3779863    1.8563268    1877.4894   0.70892543   -3.9505331    2.0654265   -1.8851066 
   20000    1.3964336    1.7881065    1896.9691   0.70164558    -3.921445    2.0930766   -1.8283683 
   21000    1.3871852    1.8597022    1903.2788   0.69931952    -3.877934    2.0792145   -1.7987195 
   22000    1.3940779    1.6217834     1884.146   0.70642085   -3.9858652    2.0895458   -1.8963193 
   23000    1.3529146    1.7414847     1877.675   0.70885535   -3.9539901    2.0278472   -1.9261429 
   24000    1.3773221    1.8497715    1901.3834   0.70001663   -3.8907197     2.064431   -1.8262887 
   25000    1.3939205    1.5215972    1909.7142   0.69696292   -3.9294523    2.0893099   -1.8401424 
   26000    1.3428767    1.6882136    1882.8438    0.7069094   -3.9547467    2.0128016   -1.9419451 
   27000    1.3899294    1.7573847      1893.13   0.70306845   -3.9222694    2.0833277   -1.8389417 
   28000    1.3582551    2.1839436    1894.6628   0.70249967   -3.8350039     2.035852   -1.7991519 
   29000    1.3849263    1.8852312    1878.0278    0.7087222   -3.9475862    2.0758287   -1.8717575 
   30000    1.3373114    1.9991726    1859.4467   0.71580434   -3.9841775      2.00446   -1.9797175 
   31000    1.4336612     1.827887    1874.1509   0.71018827   -3.9790352    2.1488761   -1.8301592 
   32000    1.4099661    1.9443546    1876.1068    0.7094479   -3.9358504    2.1133601   -1.8224904 
   33000    1.4187014    1.8811765    1886.1575   0.70566747   -3.9055225    2.1264533   -1.7790692 
   34000    1.3760681    2.1315381    1870.9638   0.71139804   -3.9171825    2.0625513   -1.8546312 
   35000    1.3661932    1.9138783    1868.0993   0.71248891   -3.9543444    2.0477501   -1.9065942 
   36000     1.424045    1.6988934    1898.4803   0.70108709   -3.9232587    2.1344627    -1.788796 
   37000    1.3691909    1.9184552    1892.1945   0.70341607   -3.8904945    2.0522433   -1.8382512 
   38000    1.3584247     1.842824    1865.5497   0.71346265   -4.0011348    2.0361061   -1.9650287 
   39000    1.3564372    1.8715158    1893.7199   0.70284946   -3.8976986    2.0331271   -1.8645715 
   40000    1.4243228    1.7785208    1905.8567   0.69837361   -3.8896696     2.134879   -1.7547906 
   41000    1.3898416    1.6958843    1882.0451    0.7072094   -3.9658265    2.0831961   -1.8826304 
   42000    1.3631866    1.9465971    1882.3484   0.70709544    -3.912893    2.0432437   -1.8696493 
   43000    1.4231927    1.7074508    1912.6982   0.69587559   -3.8846463    2.1331851   -1.7514612 
   44000    1.3746742    1.8193381    1905.6722   0.69844122   -3.8619103    2.0604621   -1.8014483 
   45000    1.3778746    1.6199613    1886.6896   0.70546845   -3.9548096    2.0652591   -1.8895505 
   46000    1.3633163    1.9379546     1884.686   0.70621845   -3.9160637     2.043438   -1.8726256 
   47000    1.3710635    1.9565975    1888.7256   0.70470798   -3.8934724    2.0550501   -1.8384223 
   48000    1.4123797    2.0220396    1878.3028   0.70861843   -3.9322763    2.1169779   -1.8152984 
   49000    1.3661035    2.0102188    1864.1953     0.713981   -3.9603997    2.0476156   -1.9127841 
   50000    1.3782283    1.7375154    1864.7372    0.7137735   -4.0297046    2.0657893   -1.9639154 
Loop time of 38.5435 on 1 procs for 50000 steps with 1331 atoms

Performance: 448324.551 tau/day, 1297.235 timesteps/s
99.9% CPU use with 1 MPI tasks x no OpenMP threads

MPI task timing breakdown:
Section |  min time  |  avg time  |  max time  |%varavg| %total
---------------------------------------------------------------
Pair    | 30.237     | 30.237     | 30.237     |   0.0 | 78.45
Neigh   | 4.9611     | 4.9611     | 4.9611     |   0.0 | 12.87
Comm    | 0.80701    | 0.80701    | 0.80701    |   0.0 |  2.09
Output  | 0.027005   | 0.027005   | 0.027005   |   0.0 |  0.07
Modify  | 2.3407     | 2.3407     | 2.3407     |   0.0 |  6.07
Other   |            | 0.1708     |            |       |  0.44

Nlocal:    1331 ave 1331 max 1331 min
Histogram: 1 0 0 0 0 0 0 0 0 0
Nghost:    2782 ave 2782 max 2782 min
Histogram: 1 0 0 0 0 0 0 0 0 0
Neighs:    42780 ave 42780 max 42780 min
Histogram: 1 0 0 0 0 0 0 0 0 0

Total # of neighbors = 42780
Ave neighs/atom = 32.1412
Neighbor list builds = 2500
Dangerous builds not checked

write_restart lattice_11_11_11__2_2_2/sim1/T_1.40__P_1.90/end1.restart
Total wall time: 0:00:38
