run 50000
Neighbor list info ...
  update every 20 steps, delay 0 steps, check no
  max neighbors/atom: 2000, page size: 100000
  master list distance cutoff = 2.8
  ghost atom cutoff = 2.8
  binsize = 1.4, bins = 8 8 8
  1 neighbor lists, perpetual/occasional/extra = 1 0 0
  (1) pair lj/cut, perpetual
      attributes: half, newton on
      pair build: half/bin/atomonly/newton
      stencil: half/bin/3d/newton
      bin: standard
Per MPI rank memory allocation (min/avg/max) = 2.797 | 2.797 | 2.797 Mbytes
Step Temp Press TotEng 
       0          1.1    105.87988    14.765652 
    1000    2.7984794    21.537691    1.1223258 
    2000    1.3883676    11.767909    -2.674135 
    3000   0.99232365    8.6104214   -3.8007614 
    4000    1.0650743    9.2685054   -3.5806702 
    5000    1.2307619     10.04391   -3.2103419 
    6000    1.0505336    8.9671704   -3.6585194 
    7000     1.051343    9.4873216   -3.5580997 
    8000     1.173894     10.05536    -3.275995 
    9000    1.0494423    9.3464958   -3.5837118 
   10000    1.0498666    9.3900681   -3.5776579 
   11000    1.1605436    9.7112221   -3.3710475 
   12000    1.0913243    9.2103916   -3.5622803 
   13000     1.058099    9.2912176    -3.586179 
   14000    1.0998613    10.176181   -3.3567314 
   15000    1.0961864    9.4045276    -3.515107 
   16000     1.097118    9.0529362   -3.5779078 
   17000    1.1417318       9.7966   -3.3752269 
   18000    1.0947275    9.6021034   -3.4826678 
   19000    1.0557722    9.2387823   -3.5998627 
   20000    1.1313982     9.666882   -3.4155969 
   21000     1.097267    9.5887977   -3.4690966 
   22000    1.0889998    9.2031999   -3.5589116 
   23000    1.1293249    9.7127375   -3.4115413 
   24000    1.1177166    9.3972323   -3.4885911 
   25000    1.0486729     9.355588   -3.5845332 
   26000    1.1157625     9.648942   -3.4315335 
   27000     1.135362    9.5627653   -3.4235951 
   28000    1.0614533    9.2311795   -3.5931878 
   29000    1.0886112    9.5082235   -3.5007337 
   30000    1.1375039    9.6912103   -3.4035203 
   31000    1.0914268    9.1592095   -3.5605238 
   32000    1.0802685    9.4956781   -3.5155952 
   33000    1.1354954     9.603969   -3.4210384 
   34000    1.0869026    9.3257344   -3.5337491 
   35000    1.0733302    9.3780504   -3.5479829 
   36000    1.1204762    9.6603649   -3.4265902 
   37000    1.1230501    9.4204801   -3.4784599 
   38000    1.1035821    9.1284322   -3.5551843 
   39000    1.1117671    9.6193063   -3.4503786 
   40000    1.1239472    9.4355758   -3.4688879 
   41000    1.0775734     9.351747   -3.5446197 
   42000    1.0966181    9.5707943   -3.4830468 
   43000    1.1494351    9.2819452   -3.4680058 
   44000    1.0760163    9.2626143   -3.5580303 
   45000    1.1136483     9.625513   -3.4576321 
   46000    1.1272725    9.5622736   -3.4452463 
   47000    1.0718951    9.3944775    -3.544368 
   48000    1.0955892    9.5935883   -3.4637871 
   49000    1.1032843    9.6364246   -3.4662473 
   50000    1.1423496    8.9454886   -3.5379651 
Loop time of 43.0048 on 1 procs for 50000 steps with 1331 atoms

Performance: 401815.715 tau/day, 1162.661 timesteps/s
100.0% CPU use with 1 MPI tasks x no OpenMP threads

MPI task timing breakdown:
Section |  min time  |  avg time  |  max time  |%varavg| %total
---------------------------------------------------------------
Pair    | 35.952     | 35.952     | 35.952     |   0.0 | 83.60
Neigh   | 5.1776     | 5.1776     | 5.1776     |   0.0 | 12.04
Comm    | 0.75472    | 0.75472    | 0.75472    |   0.0 |  1.75
Output  | 0.026011   | 0.026011   | 0.026011   |   0.0 |  0.06
Modify  | 0.86056    | 0.86056    | 0.86056    |   0.0 |  2.00
Other   |            | 0.2337     |            |       |  0.54

Nlocal:    1331 ave 1331 max 1331 min
Histogram: 1 0 0 0 0 0 0 0 0 0
Nghost:    3210 ave 3210 max 3210 min
Histogram: 1 0 0 0 0 0 0 0 0 0
Neighs:    59914 ave 59914 max 59914 min
Histogram: 1 0 0 0 0 0 0 0 0 0

Total # of neighbors = 59914
Ave neighs/atom = 45.0143
Neighbor list builds = 2500
Dangerous builds not checked

write_restart NVT/sim1/T_1.10__v_0.73/end1.restart
Total wall time: 0:00:43
