run 50000
Neighbor list info ...
  update every 20 steps, delay 0 steps, check no
  max neighbors/atom: 2000, page size: 100000
  master list distance cutoff = 2.8
  ghost atom cutoff = 2.8
  binsize = 1.4, bins = 22 22 22
  1 neighbor lists, perpetual/occasional/extra = 1 0 0
  (1) pair lj/cut, perpetual
      attributes: half, newton on
      pair build: half/bin/atomonly/newton
      stencil: half/bin/3d/newton
      bin: standard
Per MPI rank memory allocation (min/avg/max) = 2.739 | 2.739 | 2.739 Mbytes
Step Temp Press TotEng 
       0          0.5  0.023001591   0.73710746 
    1000   0.58811648  0.018781282   0.54503723 
    2000   0.52947009  0.012577458   0.31498226 
    3000   0.51159411  0.013756283   0.17565638 
    4000   0.49958457  0.009643356  0.051877813 
    5000   0.50159215 0.0057003953 -0.071760028 
    6000   0.51453304 0.0091833022  -0.19034895 
    7000   0.50753673 0.0044858186  -0.31331479 
    8000   0.52407848 0.0064184354  -0.42876229 
    9000   0.51501202 0.0043830691  -0.54980582 
   10000   0.51313915 0.0061556948  -0.66575711 
   11000   0.53101841 0.0056989086   -0.7901331 
   12000   0.53148112 0.0053447336  -0.93865131 
   13000   0.53426183 0.0046646885   -1.0847647 
   14000   0.52567368  0.005387128   -1.2212072 
   15000   0.52626877 0.0061841692   -1.3566027 
   16000   0.49972108 0.00053917788   -1.4942895 
   17000   0.52437839 -0.001527076   -1.6219323 
   18000   0.53826313 0.0015751866   -1.7564755 
   19000   0.51731488 0.0062556069   -1.8928413 
   20000   0.50657779 -0.007810044   -1.9810216 
   21000   0.51379399 0.0024355011    -2.061916 
   22000   0.50709365 -0.00063484192   -2.1411598 
   23000   0.48987858 0.0060226474   -2.1735924 
   24000   0.50910987 -0.0045523141   -2.2262664 
   25000    0.4964727 -0.0035651307   -2.2715601 
   26000    0.5010753 0.0026032247   -2.3162187 
   27000   0.51368755 -0.0028105076   -2.3872624 
   28000   0.50619053 0.0089213063   -2.4820765 
   29000   0.51778218 0.0034054578   -2.5657524 
   30000   0.49435027 -0.0020292961   -2.6323665 
   31000   0.50242619 0.0035337238   -2.6932282 
   32000   0.49254556 -0.0020163002   -2.7442746 
   33000   0.51365212 0.0050236355    -2.807433 
   34000    0.4793922 -0.0015459553   -2.8492408 
   35000   0.49780225 0.0031335145   -2.8970058 
   36000   0.49612881 -0.00041554245   -2.8978685 
   37000   0.48118359 -0.00027047073   -2.9490878 
   38000   0.49725421 -0.0030190096   -2.9695207 
   39000   0.52267141 0.0038798256   -2.8996622 
   40000   0.49377893 -0.0036266106   -2.9502566 
   41000   0.48670306  0.001893145   -2.9778804 
   42000   0.48977983 0.0086325672   -3.0424612 
   43000   0.49965916 -0.0026998997   -3.0595176 
   44000   0.48346986 0.00021498912   -3.1231997 
   45000   0.50272993 -0.00026532909   -3.1048852 
   46000     0.496229 0.0013630845    -3.117762 
   47000   0.49533273 0.0027075786    -3.088823 
   48000   0.51089696  0.011965001   -3.0636015 
   49000   0.49159812 -0.0033989775   -3.1272711 
   50000   0.48672945 0.00090410776   -3.1461787 
Loop time of 14.3006 on 1 procs for 50000 steps with 1331 atoms

Performance: 1208338.724 tau/day, 3496.350 timesteps/s
99.9% CPU use with 1 MPI tasks x no OpenMP threads

MPI task timing breakdown:
Section |  min time  |  avg time  |  max time  |%varavg| %total
---------------------------------------------------------------
Pair    | 11.013     | 11.013     | 11.013     |   0.0 | 77.01
Neigh   | 2.0027     | 2.0027     | 2.0027     |   0.0 | 14.00
Comm    | 0.32663    | 0.32663    | 0.32663    |   0.0 |  2.28
Output  | 0.023027   | 0.023027   | 0.023027   |   0.0 |  0.16
Modify  | 0.84614    | 0.84614    | 0.84614    |   0.0 |  5.92
Other   |            | 0.08896    |            |       |  0.62

Nlocal:    1331 ave 1331 max 1331 min
Histogram: 1 0 0 0 0 0 0 0 0 0
Nghost:    1533 ave 1533 max 1533 min
Histogram: 1 0 0 0 0 0 0 0 0 0
Neighs:    28974 ave 28974 max 28974 min
Histogram: 1 0 0 0 0 0 0 0 0 0

Total # of neighbors = 28974
Ave neighs/atom = 21.7686
Neighbor list builds = 2500
Dangerous builds not checked

write_restart NVT/sim1/T_0.50__v_21.95/end1.restart
Total wall time: 0:00:14
