run 50000
Neighbor list info ...
  update every 20 steps, delay 0 steps, check no
  max neighbors/atom: 2000, page size: 100000
  master list distance cutoff = 2.8
  ghost atom cutoff = 2.8
  binsize = 1.4, bins = 16 16 16
  1 neighbor lists, perpetual/occasional/extra = 1 0 0
  (1) pair lj/cut, perpetual
      attributes: half, newton on
      pair build: half/bin/atomonly/newton
      stencil: half/bin/3d/newton
      bin: standard
Per MPI rank memory allocation (min/avg/max) = 2.7 | 2.7 | 2.7 Mbytes
Step Temp Press Volume Density PotEng KinEng TotEng 
       0          0.7  0.042024104        10648        0.125  -0.13561964    1.0492111   0.91359148 
    1000    1.1073344   0.12459045    6681.2715   0.19921358   -1.2240736    1.6597536   0.43568006 
    2000   0.94174323  0.017737425    4739.4611   0.28083362    -1.870417    1.4115535  -0.45886352 
    3000   0.89786736 -0.038266292    3511.8871   0.37899851   -2.6396832    1.3457892    -1.293894 
    4000   0.83631756  -0.14877628    2693.6982   0.49411623   -3.3542695    1.2535338   -2.1007357 
    5000   0.80617245   -0.1097757    2129.1314   0.62513757   -4.0325828    1.2083501   -2.8242326 
    6000   0.76653265   0.32516468    1775.6353   0.74959087   -4.5835465    1.1489351   -3.4346114 
    7000   0.73273559    0.4115255    1642.1656   0.81051507   -5.0160062    1.0982776   -3.9177286 
    8000   0.66879005   0.55364608    1592.6036   0.83573841      -5.1761    1.0024314   -4.1736687 
    9000   0.67621033   0.47422068    1591.3593   0.83639188   -5.2021048    1.0135534   -4.1885514 
   10000   0.71385111   0.46798696     1614.807   0.82424713   -5.1096754    1.0699722   -4.0397032 
   11000   0.72266424   0.37047887    1618.1913   0.82252325     -5.10657    1.0831819    -4.023388 
   12000   0.69270718   0.61638445    1594.9726    0.8344971    -5.164264    1.0382801   -4.1259839 
   13000   0.69931341   0.51865341    1588.6784   0.83780328    -5.205534     1.048182    -4.157352 
   14000   0.69587296   0.54384319    1608.9518   0.82724664   -5.1279742    1.0430252    -4.084949 
   15000   0.70486926   0.54295798    1617.6993   0.82277343    -5.086827    1.0565095   -4.0303175 
   16000   0.69906739   0.43125883    1608.2419   0.82761183   -5.1327364    1.0478133   -4.0849231 
   17000   0.68621758    0.4448032    1597.8599   0.83298918   -5.1696789     1.028553   -4.1411259 
   18000   0.68940299   0.48346582    1602.3914   0.83063351   -5.1455816    1.0333276   -4.1122541 
   19000   0.71869363   0.22319792    1622.1833   0.82049913   -5.1281483    1.0772305   -4.0509178 
   20000   0.74179366   0.43739199    1604.6871   0.82944519   -5.1661396    1.1118545   -4.0542851 
   21000   0.67486241   0.27442333    1614.9923   0.82415254   -5.1288437    1.0115331   -4.1173106 
   22000   0.69053794   0.72418447    1593.6466   0.83519143   -5.1501779    1.0350287   -4.1151492 
   23000   0.69642146   0.38750319    1617.2787    0.8229874   -5.1078804    1.0438473   -4.0640331 
   24000   0.71312228   0.48882118    1610.0713   0.82667148   -5.1220855    1.0688798   -4.0532057 
   25000   0.70392924   0.79955248    1586.5402   0.83893242   -5.1618458    1.0551005   -4.1067453 
   26000   0.69186749   0.31677145      1607.03   0.82823595   -5.1599869    1.0370215   -4.1229653 
   27000   0.72579085     0.687021    1594.2414   0.83487985   -5.1574494    1.0878683   -4.0695811 
   28000   0.69074259   0.42374554    1620.1718   0.82151782   -5.0967261    1.0353354   -4.0613907 
   29000   0.70687764   0.59768592    1606.1416   0.82869403    -5.120648    1.0595198   -4.0611282 
   30000    0.6822021   0.50432803    1609.3236   0.82705557   -5.1189132    1.0225343   -4.0963789 
   31000   0.69774674   0.48865435    1607.1597   0.82816909   -5.1314435    1.0458338   -4.0856097 
   32000    0.7168831   0.67218301     1605.652   0.82894674   -5.1056038    1.0745167   -4.0310871 
   33000   0.69627086    0.3000797    1618.2414    0.8224978   -5.1170751    1.0436216   -4.0734535 
   34000    0.7169519   0.73784559    1584.6815   0.83991642   -5.1934802    1.0746199   -4.1188604 
   35000   0.66594227   0.25538533    1616.1448   0.82356483   -5.1265037   0.99816291   -4.1283408 
   36000   0.71310427   0.58763824    1604.6422   0.82946839   -5.1318761    1.0688527   -4.0630233 
   37000    0.6821502   0.66493494    1603.8759    0.8298647   -5.1050065    1.0224565     -4.08255 
   38000   0.69952747   0.34631917    1606.5982   0.82845852     -5.17464    1.0485029   -4.1261372 
   39000    0.6910689   0.53051221    1612.8646   0.82523975    -5.099238    1.0358245   -4.0634135 
   40000   0.70249814   0.46411391    1621.7337   0.82072662    -5.081752    1.0529555   -4.0287965 
   41000    0.7336057   0.60526196    1600.9522   0.83138025    -5.147975    1.0995818   -4.0483932 
   42000   0.67718724   0.28570443    1625.0106   0.81907156   -5.0899555    1.0150177   -4.0749378 
   43000   0.73575943   0.65499911    1615.5743   0.82385562   -5.0699118      1.10281   -3.9671018 
   44000   0.69062192   0.52934624    1622.5174   0.82033019   -5.0559355    1.0351546   -4.0207809 
   45000   0.70799287   0.59797452     1603.292   0.83016691   -5.1410697    1.0611914   -4.0798783 
   46000   0.70012246   0.60446754     1595.601   0.83416843   -5.1590912    1.0493947   -4.1096965 
   47000    0.6759719   0.46340608     1596.035   0.83394162   -5.1878423     1.013196   -4.1746463 
   48000   0.69144152   0.68922531    1595.0067   0.83447925   -5.1507789     1.036383   -4.1143959 
   49000   0.70283509   0.43222049    1609.2977   0.82706884   -5.1391077    1.0534606   -4.0856471 
   50000   0.72375822   0.59457906    1609.4279   0.82700193   -5.1144354    1.0848217   -4.0296137 
Loop time of 36.7444 on 1 procs for 50000 steps with 1331 atoms

Performance: 470275.977 tau/day, 1360.752 timesteps/s
99.9% CPU use with 1 MPI tasks x no OpenMP threads

MPI task timing breakdown:
Section |  min time  |  avg time  |  max time  |%varavg| %total
---------------------------------------------------------------
Pair    | 29.385     | 29.385     | 29.385     |   0.0 | 79.97
Neigh   | 4.4486     | 4.4486     | 4.4486     |   0.0 | 12.11
Comm    | 0.70737    | 0.70737    | 0.70737    |   0.0 |  1.93
Output  | 0.023832   | 0.023832   | 0.023832   |   0.0 |  0.06
Modify  | 2.0099     | 2.0099     | 2.0099     |   0.0 |  5.47
Other   |            | 0.17       |            |       |  0.46

Nlocal:    1331 ave 1331 max 1331 min
Histogram: 1 0 0 0 0 0 0 0 0 0
Nghost:    2946 ave 2946 max 2946 min
Histogram: 1 0 0 0 0 0 0 0 0 0
Neighs:    49023 ave 49023 max 49023 min
Histogram: 1 0 0 0 0 0 0 0 0 0

Total # of neighbors = 49023
Ave neighs/atom = 36.8317
Neighbor list builds = 2500
Dangerous builds not checked

write_restart lattice_11_11_11__2_2_2/sim1/T_0.70__P_0.50/end1.restart
Total wall time: 0:00:36
