run 50000
Neighbor list info ...
  update every 20 steps, delay 0 steps, check no
  max neighbors/atom: 2000, page size: 100000
  master list distance cutoff = 2.8
  ghost atom cutoff = 2.8
  binsize = 1.4, bins = 13 13 13
  1 neighbor lists, perpetual/occasional/extra = 1 0 0
  (1) pair lj/cut, perpetual
      attributes: half, newton on
      pair build: half/bin/atomonly/newton
      stencil: half/bin/3d/newton
      bin: standard
Per MPI rank memory allocation (min/avg/max) = 2.742 | 2.742 | 2.742 Mbytes
Step Temp Press TotEng 
       0          1.5  -0.14603829    1.2724698 
    1000    1.5722718    0.3380114   0.80195931 
    2000    1.4578015   0.21442727   0.57642056 
    3000    1.5530938    0.3606622   0.76178572 
    4000    1.4866533   0.23551343   0.61328954 
    5000    1.5260936   0.29362274   0.70584079 
    6000    1.4854153   0.29010576   0.65063643 
    7000    1.4551022   0.29857028   0.61298562 
    8000    1.4938891   0.33456448   0.67307588 
    9000    1.4811243   0.27866707   0.62605221 
   10000    1.5152661   0.28473749   0.68766132 
   11000    1.4684266   0.22808996   0.60195223 
   12000    1.5211675   0.29847753   0.70590799 
   13000    1.4856742   0.31342365   0.62512382 
   14000    1.4297295   0.19621531   0.53011291 
   15000    1.4986298   0.25892857   0.67166358 
   16000    1.4978025   0.25901397   0.67513203 
   17000    1.4832534   0.26787244   0.63460352 
   18000    1.4910849   0.31123595   0.68763854 
   19000    1.5220041   0.31022624   0.71830486 
   20000    1.5090347   0.28456672   0.62778562 
   21000    1.5398824   0.28623736   0.69455706 
   22000    1.5289376    0.2589087   0.72655815 
   23000    1.4860532   0.26299324   0.60091055 
   24000    1.5690525   0.29703927   0.74466287 
   25000    1.4212293    0.2937253   0.57917548 
   26000    1.5173116   0.29378396   0.71169379 
   27000    1.4797886   0.26781323   0.63719832 
   28000    1.4510192   0.32673092   0.57301894 
   29000    1.5028027    0.3121353   0.67849117 
   30000    1.4884137   0.26927781   0.63059321 
   31000    1.4959595   0.22266788   0.68053459 
   32000    1.5188476   0.23141761   0.67615186 
   33000    1.4700886   0.27601383   0.64172291 
   34000    1.5120353   0.33946318   0.67146152 
   35000    1.4249268   0.27368703   0.52365168 
   36000    1.5005919   0.27664296   0.66119092 
   37000    1.5574265   0.29900542    0.7442273 
   38000    1.4279782   0.29931732   0.58100926 
   39000    1.4992936   0.36707125   0.68781094 
   40000     1.484765   0.30604991   0.66772173 
   41000    1.4807026   0.27461113   0.59613223 
   42000    1.5123034   0.23103243   0.73060857 
   43000    1.4605736   0.28909988   0.57276343 
   44000    1.4651982   0.30372051   0.62258275 
   45000    1.5222091   0.30345103     0.701179 
   46000    1.4282021   0.27355493   0.53905299 
   47000    1.5296279   0.24540145   0.68369306 
   48000     1.443125   0.28513701   0.63539721 
   49000    1.5461115   0.32598132     0.729659 
   50000    1.4730358   0.25204152   0.60521129 
Loop time of 15.218 on 1 procs for 50000 steps with 1331 atoms

Performance: 1135497.601 tau/day, 3285.583 timesteps/s
99.9% CPU use with 1 MPI tasks x no OpenMP threads

MPI task timing breakdown:
Section |  min time  |  avg time  |  max time  |%varavg| %total
---------------------------------------------------------------
Pair    | 10.959     | 10.959     | 10.959     |   0.0 | 72.01
Neigh   | 2.806      | 2.806      | 2.806      |   0.0 | 18.44
Comm    | 0.47618    | 0.47618    | 0.47618    |   0.0 |  3.13
Output  | 0.022838   | 0.022838   | 0.022838   |   0.0 |  0.15
Modify  | 0.85046    | 0.85046    | 0.85046    |   0.0 |  5.59
Other   |            | 0.1037     |            |       |  0.68

Nlocal:    1331 ave 1331 max 1331 min
Histogram: 1 0 0 0 0 0 0 0 0 0
Nghost:    1699 ave 1699 max 1699 min
Histogram: 1 0 0 0 0 0 0 0 0 0
Neighs:    16892 ave 16892 max 16892 min
Histogram: 1 0 0 0 0 0 0 0 0 0

Total # of neighbors = 16892
Ave neighs/atom = 12.6912
Neighbor list builds = 2500
Dangerous builds not checked

write_restart NVT/sim1/T_1.50__v_3.38/end1.restart
Total wall time: 0:00:15
