run 50000
Neighbor list info ...
  update every 20 steps, delay 0 steps, check no
  max neighbors/atom: 2000, page size: 100000
  master list distance cutoff = 2.8
  ghost atom cutoff = 2.8
  binsize = 1.4, bins = 18 18 18
  1 neighbor lists, perpetual/occasional/extra = 1 0 0
  (1) pair lj/cut, perpetual
      attributes: half, newton on
      pair build: half/bin/atomonly/newton
      stencil: half/bin/3d/newton
      bin: standard
Per MPI rank memory allocation (min/avg/max) = 2.711 | 2.711 | 2.711 Mbytes
Step Temp Press TotEng 
       0          0.6  0.035873575   0.85830097 
    1000   0.75048767  0.036330016    0.5033411 
    2000   0.62675456  0.014823971   0.14297056 
    3000   0.61600005  0.015399523 -0.074976409 
    4000   0.62007361 0.0055157223  -0.28869305 
    5000   0.62881383 -0.0022065069  -0.52340578 
    6000   0.61932561  0.019904666  -0.76586614 
    7000   0.62597468 -0.0012147236   -1.0016494 
    8000   0.63386494 0.0011720625   -1.2452423 
    9000   0.63161702 0.0095882164    -1.456261 
   10000   0.60330542 0.0033650346   -1.6549844 
   11000   0.61226367 0.00082190838   -1.8239108 
   12000   0.61073474 -0.0051458307   -1.9608651 
   13000   0.60298142 -0.0056871418   -2.0756397 
   14000   0.59211138 -0.0006593935   -2.1385693 
   15000   0.61008947 -0.0094006379   -2.2118669 
   16000   0.58359551 0.0083971851   -2.3022481 
   17000   0.60592386  0.019174394   -2.3287786 
   18000   0.58918721 0.0053784599   -2.3753581 
   19000   0.59854996 -0.012824888   -2.4296727 
   20000   0.61532137  0.015615255    -2.486448 
   21000   0.62465045  0.010553349   -2.5648932 
   22000   0.61452549  0.015126657    -2.639163 
   23000    0.6037171 -0.0084379693   -2.6622847 
   24000   0.60669859  0.021966655   -2.5853603 
   25000   0.61700655 0.0086555303   -2.5982351 
   26000   0.58289181 -0.0024732407   -2.6430772 
   27000   0.58731894  0.010086212   -2.6934774 
   28000   0.61676329 0.0025048463   -2.7324099 
   29000   0.60405922 -0.0042545811   -2.7718938 
   30000   0.57734709 0.0070722745   -2.8054267 
   31000   0.60627886 -0.017425604   -2.7360857 
   32000   0.61317946 0.0075414426   -2.7136201 
   33000   0.61001861 -0.0053249416   -2.7971348 
   34000   0.61672164  0.018948495   -2.8495712 
   35000   0.61238438  0.011865935   -2.9110088 
   36000   0.61372854 0.0013336062   -2.8745305 
   37000   0.58393008 -0.0053286422   -2.8834598 
   38000   0.60777552  0.024740643   -2.9102218 
   39000   0.62964215 0.0026871071   -2.8328112 
   40000   0.61393426 -0.0017273757   -2.8936083 
   41000   0.59464149 -0.0051033122   -2.9076109 
   42000   0.60355461 -0.0079934322   -2.8474609 
   43000   0.62677256 -0.0018070677   -2.8569317 
   44000   0.59889557 -0.010394671   -2.9218177 
   45000   0.59469872  0.014693504   -2.9279444 
   46000   0.60941771  0.014146241   -2.8889846 
   47000   0.61395686 0.00049442768   -2.9589104 
   48000   0.60477064 0.0059682595   -2.9696502 
   49000   0.61569533  0.010172545   -2.8963037 
   50000   0.61569085 0.0089195394   -2.9138144 
Loop time of 18.3907 on 1 procs for 50000 steps with 1331 atoms

Performance: 939603.342 tau/day, 2718.760 timesteps/s
99.9% CPU use with 1 MPI tasks x no OpenMP threads

MPI task timing breakdown:
Section |  min time  |  avg time  |  max time  |%varavg| %total
---------------------------------------------------------------
Pair    | 14.531     | 14.531     | 14.531     |   0.0 | 79.01
Neigh   | 2.6144     | 2.6144     | 2.6144     |   0.0 | 14.22
Comm    | 0.29481    | 0.29481    | 0.29481    |   0.0 |  1.60
Output  | 0.022828   | 0.022828   | 0.022828   |   0.0 |  0.12
Modify  | 0.84086    | 0.84086    | 0.84086    |   0.0 |  4.57
Other   |            | 0.08656    |            |       |  0.47

Nlocal:    1331 ave 1331 max 1331 min
Histogram: 1 0 0 0 0 0 0 0 0 0
Nghost:    888 ave 888 max 888 min
Histogram: 1 0 0 0 0 0 0 0 0 0
Neighs:    31443 ave 31443 max 31443 min
Histogram: 1 0 0 0 0 0 0 0 0 0

Total # of neighbors = 31443
Ave neighs/atom = 23.6236
Neighbor list builds = 2500
Dangerous builds not checked

write_restart NVT/sim1/T_0.60__v_12.17/end1.restart
Total wall time: 0:00:18
