run 50000
Neighbor list info ...
  update every 20 steps, delay 0 steps, check no
  max neighbors/atom: 2000, page size: 100000
  master list distance cutoff = 2.8
  ghost atom cutoff = 2.8
  binsize = 1.4, bins = 16 16 16
  1 neighbor lists, perpetual/occasional/extra = 1 0 0
  (1) pair lj/cut, perpetual
      attributes: half, newton on
      pair build: half/bin/atomonly/newton
      stencil: half/bin/3d/newton
      bin: standard
Per MPI rank memory allocation (min/avg/max) = 2.7 | 2.7 | 2.7 Mbytes
Step Temp Press Volume Density PotEng KinEng TotEng 
       0          1.4   0.12945836        10648        0.125  -0.13561964    2.0984222    1.9628026 
    1000    1.9560527   0.36886083    6494.6851    0.2049368   -1.1098428    2.9318747    1.8220319 
    2000    1.7055447   0.30755129    4695.9696   0.28343454   -1.5879554    2.5563949   0.96843956 
    3000    1.5295766   0.44958596    3616.7665   0.36800827   -2.0456885     2.292641   0.24695252 
    4000    1.4955438   0.39788941    2935.1065   0.45347588   -2.5667948    2.2416302  -0.32516464 
    5000    1.4721825   0.71310743    2497.3241   0.53297047   -2.9968083    2.2066146  -0.79019362 
    6000    1.4508399   0.79825387    2232.2718   0.59625357   -3.3696431    2.1746248   -1.1950182 
    7000    1.4027738   0.99234895    2100.1687   0.63375862   -3.5972786    2.1025798   -1.4946988 
    8000    1.3897974    1.2450003    2053.0934   0.64829003   -3.6360305    2.0831299   -1.5529006 
    9000    1.3891193    1.2589363    2083.3919   0.63886203   -3.5662737    2.0821134   -1.4841603 
   10000    1.4455181    1.0692191    2110.2496   0.63073108   -3.5690495    2.1666481   -1.4024014 
   11000    1.4170665     1.270787    2080.9984   0.63959684   -3.5880949    2.1240028   -1.4640922 
   12000    1.3762001    1.1518721    2070.6523    0.6427926   -3.5953947    2.0627492   -1.5326454 
   13000    1.4056495    1.1265422    2091.4675   0.63639527   -3.5677172    2.1068901   -1.4608271 
   14000    1.4098706    1.3161314    2100.1867   0.63375318   -3.5371464     2.113217   -1.4239294 
   15000    1.4089023    1.1978208    2086.0644   0.63804357   -3.5924347    2.1117656   -1.4806691 
   16000    1.3820972    1.2118376    2069.0422   0.64329282    -3.625835    2.0715882   -1.5542468 
   17000    1.4393824    1.2788704    2069.9952   0.64299666   -3.5720429    2.1574514   -1.4145915 
   18000    1.4701692    1.3543213    2076.1576   0.64108814   -3.5658297     2.203597   -1.3622327 
   19000    1.4009237    1.2806087    2063.0344   0.64516617   -3.6002397    2.0998068   -1.5004329 
   20000    1.3863827    1.2170417    2051.5443   0.64877956   -3.6498135    2.0780117   -1.5718018 
   21000    1.4136008   0.95698089    2096.0182   0.63501357   -3.6110993    2.1188081   -1.4922912 
   22000    1.4185777   0.94740882    2109.7809   0.63087119   -3.5789805    2.1262678   -1.4527127 
   23000     1.387602    1.1365781      2060.29   0.64602556   -3.6486639    2.0798391   -1.5688248 
   24000    1.4277339    1.0859674    2055.2467   0.64761082   -3.6694724    2.1399918   -1.5294806 
   25000     1.373972    1.2535438    2107.0499   0.63168888   -3.5278657    2.0594096   -1.4684561 
   26000    1.3495334    1.1744685    2106.6949   0.63179534   -3.5072461    2.0227792   -1.4844669 
   27000    1.4729778    1.1876888    2090.1649   0.63679186   -3.5977335    2.2078067   -1.3899267 
   28000    1.4704209     1.279541    2104.4521   0.63246866   -3.5313854    2.2039742   -1.3274112 
   29000    1.4202719    1.3154266    2057.2584   0.64697755   -3.5971134    2.1288073   -1.4683061 
   30000    1.3980663    1.3092136    2064.7503      0.64463   -3.6096268    2.0955238    -1.514103 
   31000    1.3993219    1.0833275    2115.2683   0.62923461    -3.527439    2.0974059   -1.4300331 
   32000    1.3942932   0.93095212    2155.9522   0.61736062   -3.4656339    2.0898685   -1.3757654 
   33000    1.3769073    1.0342121    2107.2854    0.6316183    -3.554777    2.0638092   -1.4909677 
   34000    1.3841327    1.1996686    2079.2677   0.64012922   -3.5751581    2.0746392   -1.5005189 
   35000    1.3973002    1.2508914    2063.7496   0.64494259   -3.6093851    2.0943756   -1.5150095 
   36000    1.4305839    1.1781879    2087.3173   0.63766061   -3.5570673    2.1442636   -1.4128037 
   37000    1.3709008    1.2494037    2089.0783   0.63712307    -3.538944    2.0548062   -1.4841378 
   38000    1.3722065    1.2009723    2057.5132   0.64689744   -3.6159925    2.0567633   -1.5592292 
   39000    1.3654385    1.3037915    2111.2085   0.63044461   -3.4731304    2.0466189   -1.4265114 
   40000    1.4166732    1.2327127    2080.5832   0.63972449   -3.5706042    2.1234133   -1.4471909 
   41000    1.4460384    1.2683452    2055.4263   0.64755424   -3.6059615     2.167428   -1.4385335 
   42000    1.4715428    1.1300065    2069.0132   0.64330183   -3.6303931    2.2056559   -1.4247372 
   43000     1.402271   0.99734298    2135.1364   0.62337938   -3.5187113    2.1018262    -1.416885 
   44000    1.3866784   0.95548094     2124.979   0.62635914   -3.5247739    2.0784549    -1.446319 
   45000    1.3704992    1.1570473    2079.2521   0.64013403   -3.5893213    2.0542043    -1.535117 
   46000    1.3494387    1.3215401    2074.5055   0.64159869   -3.5766126    2.0226372   -1.5539754 
   47000    1.3625099    1.0661421    2119.0652   0.62810714   -3.4894744    2.0422294   -1.4472451 
   48000    1.3869128    1.1365682    2093.5607   0.63575897   -3.5610329    2.0788063   -1.4822266 
   49000    1.4019764    1.2467777    2056.0471    0.6473587   -3.6210028    2.1013846   -1.5196181 
   50000    1.4107513    1.4273769    2087.5584   0.63758695   -3.5187307    2.1145371   -1.4041936 
Loop time of 35.2015 on 1 procs for 50000 steps with 1331 atoms

Performance: 490888.498 tau/day, 1420.395 timesteps/s
99.7% CPU use with 1 MPI tasks x no OpenMP threads

MPI task timing breakdown:
Section |  min time  |  avg time  |  max time  |%varavg| %total
---------------------------------------------------------------
Pair    | 27.427     | 27.427     | 27.427     |   0.0 | 77.91
Neigh   | 4.4475     | 4.4475     | 4.4475     |   0.0 | 12.63
Comm    | 0.78314    | 0.78314    | 0.78314    |   0.0 |  2.22
Output  | 0.028838   | 0.028838   | 0.028838   |   0.0 |  0.08
Modify  | 2.3518     | 2.3518     | 2.3518     |   0.0 |  6.68
Other   |            | 0.1631     |            |       |  0.46

Nlocal:    1331 ave 1331 max 1331 min
Histogram: 1 0 0 0 0 0 0 0 0 0
Nghost:    2655 ave 2655 max 2655 min
Histogram: 1 0 0 0 0 0 0 0 0 0
Neighs:    38355 ave 38355 max 38355 min
Histogram: 1 0 0 0 0 0 0 0 0 0

Total # of neighbors = 38355
Ave neighs/atom = 28.8167
Neighbor list builds = 2500
Dangerous builds not checked

write_restart lattice_11_11_11__2_2_2/sim1/T_1.40__P_1.20/end1.restart
Total wall time: 0:00:35
