run 50000
Neighbor list info ...
  update every 20 steps, delay 0 steps, check no
  max neighbors/atom: 2000, page size: 100000
  master list distance cutoff = 2.8
  ghost atom cutoff = 2.8
  binsize = 1.4, bins = 23 23 23
  1 neighbor lists, perpetual/occasional/extra = 1 0 0
  (1) pair lj/cut, perpetual
      attributes: half, newton on
      pair build: half/bin/atomonly/newton
      stencil: half/bin/3d/newton
      bin: standard
Per MPI rank memory allocation (min/avg/max) = 2.748 | 2.748 | 2.748 Mbytes
Step Temp Press TotEng 
       0          0.8  0.034239971    1.1867694 
    1000   0.84574999  0.032168416    0.9904474 
    2000   0.78674003  0.028279127   0.83262672 
    3000   0.80346017  0.027619109   0.82203336 
    4000   0.79652269  0.026419623    0.7926592 
    5000    0.7713702   0.02646067   0.74377511 
    6000   0.83354596  0.026777834   0.81520812 
    7000   0.79202752  0.025303493   0.73767666 
    8000    0.8099008  0.026706083    0.7544167 
    9000    0.7729778  0.023288343   0.68140135 
   10000   0.80151928  0.027283359   0.73922971 
   11000   0.79936019  0.025162624   0.73242883 
   12000   0.78316299  0.022381319   0.65896017 
   13000    0.8104734  0.024312006   0.72372111 
   14000   0.78223457   0.02662043   0.64093534 
   15000   0.79503857  0.025531185   0.66638353 
   16000   0.80140227  0.024341503   0.67790674 
   17000   0.81486462  0.023138086   0.71152493 
   18000   0.79639376  0.026858664   0.64438043 
   19000   0.80352865  0.026321087   0.72540763 
   20000   0.80304012  0.027103474   0.70920241 
   21000   0.80975521  0.023143776   0.70713328 
   22000   0.81187473  0.026791336   0.76474285 
   23000   0.77358989   0.02556744   0.69395439 
   24000   0.79180189  0.025335299   0.69984313 
   25000   0.82025186  0.026595192   0.73774564 
   26000   0.78658341  0.025269437   0.68267404 
   27000   0.82821808   0.02473616   0.74775588 
   28000   0.80087108  0.022665814   0.71375984 
   29000   0.80576943  0.026625642   0.73085296 
   30000    0.7927882  0.021323411   0.71948067 
   31000   0.78381565  0.022274994   0.67571834 
   32000   0.81962216  0.026848938   0.76558574 
   33000   0.78234833  0.024381538   0.69662379 
   34000   0.79315973  0.027372169    0.7259709 
   35000    0.8223059  0.024118361   0.73241317 
   36000   0.78136381  0.025601174   0.66878425 
   37000   0.79939854  0.025427772   0.72167457 
   38000   0.79650683  0.025087813   0.70786982 
   39000   0.81210683  0.023592128   0.73780836 
   40000   0.81053243   0.02530824    0.7231672 
   41000   0.79681684  0.027540645   0.71225419 
   42000   0.76402495  0.022162574   0.67855734 
   43000   0.82917842  0.026863608   0.76018869 
   44000    0.7945495  0.026736427   0.70043528 
   45000   0.79657853   0.02837209   0.73799216 
   46000   0.79481575  0.025499857   0.71581522 
   47000   0.81052083  0.028740558   0.75859631 
   48000   0.80743238  0.022397566   0.74425947 
   49000   0.81646595  0.024134611   0.71337603 
   50000    0.7986581  0.025962539   0.71353798 
Loop time of 4.72188 on 1 procs for 50000 steps with 1331 atoms

Performance: 3659559.138 tau/day, 10589.002 timesteps/s
99.7% CPU use with 1 MPI tasks x no OpenMP threads

MPI task timing breakdown:
Section |  min time  |  avg time  |  max time  |%varavg| %total
---------------------------------------------------------------
Pair    | 2.4656     | 2.4656     | 2.4656     |   0.0 | 52.22
Neigh   | 1.0711     | 1.0711     | 1.0711     |   0.0 | 22.68
Comm    | 0.24549    | 0.24549    | 0.24549    |   0.0 |  5.20
Output  | 0.022769   | 0.022769   | 0.022769   |   0.0 |  0.48
Modify  | 0.84066    | 0.84066    | 0.84066    |   0.0 | 17.80
Other   |            | 0.07629    |            |       |  1.62

Nlocal:    1331 ave 1331 max 1331 min
Histogram: 1 0 0 0 0 0 0 0 0 0
Nghost:    852 ave 852 max 852 min
Histogram: 1 0 0 0 0 0 0 0 0 0
Neighs:    3452 ave 3452 max 3452 min
Histogram: 1 0 0 0 0 0 0 0 0 0

Total # of neighbors = 3452
Ave neighs/atom = 2.59354
Neighbor list builds = 2500
Dangerous builds not checked

write_restart NVT/sim1/T_0.80__v_24.39/end1.restart
Total wall time: 0:00:04
