run 50000
Neighbor list info ...
  update every 20 steps, delay 0 steps, check no
  max neighbors/atom: 2000, page size: 100000
  master list distance cutoff = 2.8
  ghost atom cutoff = 2.8
  binsize = 1.4, bins = 16 16 16
  1 neighbor lists, perpetual/occasional/extra = 1 0 0
  (1) pair lj/cut, perpetual
      attributes: half, newton on
      pair build: half/bin/atomonly/newton
      stencil: half/bin/3d/newton
      bin: standard
Per MPI rank memory allocation (min/avg/max) = 2.7 | 2.7 | 2.7 Mbytes
Step Temp Press Volume Density PotEng KinEng TotEng 
       0          1.4   0.12945836        10648        0.125  -0.13561964    2.0984222    1.9628026 
    1000    1.6377091    0.2293483     8786.331    0.1514853  -0.84225264    2.4547181    1.6124654 
    2000     1.441734   0.23223066    7476.7793   0.17801783   -1.0419641    2.1609762    1.1190121 
    3000    1.4063403   0.20888719     6480.634   0.20538114   -1.2460959    2.1079255    0.8618296 
    4000    1.4028626   0.21385027    5747.9307    0.2315616   -1.3866733     2.102713   0.71603962 
    5000     1.393108   0.24354688    5205.7948   0.25567662   -1.5289004    2.0880921   0.55919166 
    6000    1.3935792   0.23083093    4799.7805   0.27730435    -1.637605    2.0887983   0.45119335 
    7000     1.398803   0.23770575    4499.3578      0.29582   -1.7681974    2.0966281    0.3284307 
    8000    1.3977843   0.29987355    4288.9707   0.31033087    -1.828436    2.0951011   0.26666518 
    9000    1.3970103   0.31128577    4152.4603   0.32053286   -1.8911019     2.093941   0.20283913 
   10000    1.3944746   0.28197384    4009.6606    0.3319483   -1.9613166    2.0901404   0.12882382 
   11000    1.4340398   0.32604586    3891.3862    0.3420375   -2.0161172    2.1494436   0.13332648 
   12000    1.3787053   0.26106416    3872.7883   0.34368003   -1.9903255    2.0665042  0.076178703 
   13000    1.4243387   0.35566549    3710.9984   0.35866359   -2.0731134    2.1349029  0.061789468 
   14000    1.3943281   0.31355481     3652.777   0.36438031   -2.1266989    2.0899208 -0.036778135 
   15000    1.4097232   0.34500372    3747.2888   0.35519013     -2.03873    2.1129961  0.074266148 
   16000    1.4020608   0.27527551    3978.6728   0.33453366   -1.9489862    2.1015112   0.15252496 
   17000       1.4272   0.24687992    3996.5162   0.33304006   -1.9408453    2.1391916   0.19834632 
   18000      1.39394   0.36276752    4041.2393   0.32935441   -1.9432886    2.0893391   0.14605049 
   19000    1.4487751   0.27228648    3979.9236   0.33442853   -1.9507869    2.1715299   0.22074309 
   20000    1.3935555   0.25465025    3940.9975   0.33773175   -2.0008289    2.0887628  0.087933884 
   21000    1.3741151   0.32760333    3928.2212   0.33883021   -1.9974398     2.059624   0.06218424 
   22000    1.4311307   0.34362232    3937.8228   0.33800404    -1.947939    2.1450832   0.19714426 
   23000    1.3488618   0.25603584    4082.0969   0.32605792   -1.9793255    2.0217725  0.042447014 
   24000    1.5007239   0.33783143    3812.4649   0.34911796   -2.0312376    2.2493946   0.21815701 
   25000    1.4120531   0.26646995    3911.9496   0.34023956   -2.0431623    2.1164883  0.073325983 
   26000    1.4129488   0.31842104    3906.2098   0.34073951   -1.9750141    2.1178309   0.14281678 
   27000    1.4386559   0.35495374    3948.5239   0.33708799   -1.9335242    2.1563625   0.22283821 
   28000    1.3581321   0.31790528    4011.2167   0.33181952   -1.9268308    2.0356676   0.10883675 
   29000    1.4572506   0.31258358     3809.619   0.34937877   -2.0449906    2.1842336   0.13924298 
   30000     1.406031   0.22766586    3761.5782   0.35384084   -2.0994183    2.1074619 0.0080435836 
   31000    1.3859705   0.32003132    3695.2572   0.36019144   -2.0970285    2.0773937 -0.019634774 
   32000    1.4434509   0.36173141    3618.8483   0.36779657   -2.1430767    2.1635496  0.020472962 
   33000    1.3022101   0.29960102    3847.4645   0.34594211   -2.0277488    1.9518476 -0.075901195 
   34000    1.4423232    0.3136316    3769.9918   0.35305117   -2.0777472    2.1618593   0.08411209 
   35000    1.3655903   0.27206746    3851.3092   0.34559677    -2.065475    2.0468465 -0.018628465 
   36000    1.4534987   0.31570446    3853.1753   0.34542939   -2.0260453    2.1786099   0.15256467 
   37000    1.3901727   0.28937635    4050.9121   0.32856798    -1.959282    2.0836924    0.1244104 
   38000    1.4266533   0.29774218    4012.3173    0.3317285   -1.9231752    2.1383722   0.21519692 
   39000    1.3507936    0.3333113    4017.7427   0.33128055   -1.8814867    2.0246681    0.1431814 
   40000    1.3890806    0.2884618    3891.4799   0.34202927    -1.979831    2.0820554   0.10222441 
   41000    1.4397077   0.37213303    3735.5352   0.35630771   -2.0928925    2.1579391  0.065046565 
   42000    1.3694795   0.28390873    3801.9201   0.35008627    -2.100885     2.052676 -0.048209077 
   43000     1.459518   0.29536663    3766.6062   0.35336851   -2.0768806    2.1876322   0.11075161 
   44000     1.373593   0.28725608     3909.796   0.34042697   -2.0142727    2.0588415  0.044568843 
   45000    1.4082266   0.27649239    3945.4886   0.33734732   -1.9904868    2.1107529   0.12026616 
   46000    1.4228847   0.35690146    3897.1675    0.3415301   -2.0099347    2.1327235   0.12278877 
   47000    1.4107633   0.21215828    3728.7787   0.35695333   -2.1189532    2.1145551 -0.0043981101 
   48000    1.3832429   0.27773327    3579.1223   0.37187888    -2.164673    2.0733055 -0.091367502 
   49000    1.4200365   0.34489539      3487.79   0.38161701   -2.2075782    2.1284545 -0.079123692 
   50000    1.3559175   0.37866994    3675.7577   0.36210221    -2.064107    2.0323482 -0.031758817 
Loop time of 22.3357 on 1 procs for 50000 steps with 1331 atoms

Performance: 773649.052 tau/day, 2238.568 timesteps/s
99.8% CPU use with 1 MPI tasks x no OpenMP threads

MPI task timing breakdown:
Section |  min time  |  avg time  |  max time  |%varavg| %total
---------------------------------------------------------------
Pair    | 15.751     | 15.751     | 15.751     |   0.0 | 70.52
Neigh   | 3.4747     | 3.4747     | 3.4747     |   0.0 | 15.56
Comm    | 0.61206    | 0.61206    | 0.61206    |   0.0 |  2.74
Output  | 0.025521   | 0.025521   | 0.025521   |   0.0 |  0.11
Modify  | 2.3366     | 2.3366     | 2.3366     |   0.0 | 10.46
Other   |            | 0.1357     |            |       |  0.61

Nlocal:    1331 ave 1331 max 1331 min
Histogram: 1 0 0 0 0 0 0 0 0 0
Nghost:    2037 ave 2037 max 2037 min
Histogram: 1 0 0 0 0 0 0 0 0 0
Neighs:    22222 ave 22222 max 22222 min
Histogram: 1 0 0 0 0 0 0 0 0 0

Total # of neighbors = 22222
Ave neighs/atom = 16.6957
Neighbor list builds = 2500
Dangerous builds not checked

write_restart lattice_11_11_11__2_2_2/sim1/T_1.40__P_0.30/end1.restart
Total wall time: 0:00:22
