run 50000
Neighbor list info ...
  update every 20 steps, delay 0 steps, check no
  max neighbors/atom: 2000, page size: 100000
  master list distance cutoff = 2.8
  ghost atom cutoff = 2.8
  binsize = 1.4, bins = 16 16 16
  1 neighbor lists, perpetual/occasional/extra = 1 0 0
  (1) pair lj/cut, perpetual
      attributes: half, newton on
      pair build: half/bin/atomonly/newton
      stencil: half/bin/3d/newton
      bin: standard
Per MPI rank memory allocation (min/avg/max) = 2.711 | 2.711 | 2.711 Mbytes
Step Temp Press TotEng 
       0          1.1  0.089408745    1.4539788 
    1000    1.2289097   0.14120511   0.93537694 
    2000    1.0549494  0.094397536   0.58262982 
    3000    1.1027069  0.088722382   0.64744265 
    4000    1.1081415   0.09894095   0.66056812 
    5000    1.0676814  0.092144285   0.58562133 
    6000    1.1308943   0.10159466   0.62970887 
    7000    1.0860469  0.079656461   0.51019303 
    8000     1.103757   0.10076948   0.60433966 
    9000    1.0802321  0.080948467   0.54705871 
   10000    1.1130187   0.08316999   0.62697898 
   11000    1.0955571  0.096798654   0.60058854 
   12000    1.1197082  0.080833084   0.64568014 
   13000    1.1281047  0.089839684   0.61844325 
   14000    1.0754346  0.085450761   0.56498906 
   15000    1.1227327   0.10423595   0.67850332 
   16000    1.0915245  0.088498123   0.58632943 
   17000    1.0915323   0.10055379   0.59470147 
   18000    1.0682211   0.10193714   0.54301542 
   19000    1.1159766   0.10040285    0.6232689 
   20000     1.065746  0.090404193   0.54980288 
   21000    1.1049106  0.086058575    0.5619967 
   22000    1.1058113  0.082566889   0.52771692 
   23000    1.0714745  0.092102757   0.50897475 
   24000    1.0793876  0.085758143   0.59538786 
   25000    1.1203493    0.0785597   0.58950901 
   26000    1.0877777  0.081633208   0.55651265 
   27000    1.1219602  0.079855998   0.59650735 
   28000    1.0919377   0.10463369   0.49896427 
   29000    1.0782041  0.092332728   0.52725383 
   30000    1.1108602  0.096350373   0.58830502 
   31000    1.0919436  0.073883071   0.53052676 
   32000    1.0851818  0.095241303    0.5440804 
   33000    1.1204758  0.095789709   0.58901091 
   34000    1.0749108  0.095412316   0.52149233 
   35000    1.1252137  0.067909006   0.59720358 
   36000    1.1590621   0.09181875   0.69581107 
   37000    1.0811105  0.092947011   0.56229515 
   38000    1.0840612  0.093330624    0.5777452 
   39000    1.1211122  0.088732317    0.6169539 
   40000    1.0718459  0.081403167   0.51644724 
   41000    1.1231659   0.10683345   0.59746502 
   42000    1.0881776  0.081902465   0.57315191 
   43000    1.1142935  0.097259119   0.65197143 
   44000    1.1064305  0.082953662   0.59623037 
   45000    1.1038982   0.09193464   0.57270427 
   46000    1.1229523  0.086912509   0.64222198 
   47000    1.0371167  0.082799458    0.4727312 
   48000    1.1091045  0.083884876   0.56628185 
   49000    1.1188515   0.10542122   0.63134293 
   50000     1.076152  0.080170653   0.55547603 
Loop time of 9.83236 on 1 procs for 50000 steps with 1331 atoms

Performance: 1757461.811 tau/day, 5085.248 timesteps/s
99.8% CPU use with 1 MPI tasks x no OpenMP threads

MPI task timing breakdown:
Section |  min time  |  avg time  |  max time  |%varavg| %total
---------------------------------------------------------------
Pair    | 6.4389     | 6.4389     | 6.4389     |   0.0 | 65.49
Neigh   | 2.052      | 2.052      | 2.052      |   0.0 | 20.87
Comm    | 0.38036    | 0.38036    | 0.38036    |   0.0 |  3.87
Output  | 0.023374   | 0.023374   | 0.023374   |   0.0 |  0.24
Modify  | 0.84335    | 0.84335    | 0.84335    |   0.0 |  8.58
Other   |            | 0.09445    |            |       |  0.96

Nlocal:    1331 ave 1331 max 1331 min
Histogram: 1 0 0 0 0 0 0 0 0 0
Nghost:    1330 ave 1330 max 1330 min
Histogram: 1 0 0 0 0 0 0 0 0 0
Neighs:    9772 ave 9772 max 9772 min
Histogram: 1 0 0 0 0 0 0 0 0 0

Total # of neighbors = 9772
Ave neighs/atom = 7.34185
Neighbor list builds = 2500
Dangerous builds not checked

write_restart NVT/sim1/T_1.10__v_6.86/end1.restart
Total wall time: 0:00:09
