run 50000
Neighbor list info ...
  update every 20 steps, delay 0 steps, check no
  max neighbors/atom: 2000, page size: 100000
  master list distance cutoff = 2.8
  ghost atom cutoff = 2.8
  binsize = 1.4, bins = 16 16 16
  1 neighbor lists, perpetual/occasional/extra = 1 0 0
  (1) pair lj/cut, perpetual
      attributes: half, newton on
      pair build: half/bin/atomonly/newton
      stencil: half/bin/3d/newton
      bin: standard
Per MPI rank memory allocation (min/avg/max) = 2.7 | 2.7 | 2.7 Mbytes
Step Temp Press Volume Density PotEng KinEng TotEng 
       0          0.7  0.042024104        10648        0.125  -0.13561964    1.0492111   0.91359148 
    1000    1.3240964    0.2732872    5046.2001   0.26376283   -1.5453856    1.9846524   0.43926682 
    2000    1.1254599   0.22091655    3161.9785   0.42093898   -2.5308729    1.6869214  -0.84395148 
    3000    1.0060098   0.26418244    2199.1952    0.6052214   -3.5864975     1.507881   -2.0786166 
    4000   0.94411353    1.1180231    1738.2398   0.76571715   -4.5278198    1.4151063   -3.1127135 
    5000   0.79288884    1.3019861    1585.2563   0.83961187   -5.0828203    1.1884397   -3.8943806 
    6000    0.6945082     1.441284    1514.3967   0.87889783   -5.4029722    1.0409796   -4.3619926 
    7000   0.66324983    1.4982617      1493.48   0.89120708    -5.485035   0.99412728   -4.4909077 
    8000   0.70393842     1.496233    1513.5674    0.8793794   -5.3796134    1.0551143   -4.3244991 
    9000   0.72477958    1.5213075     1524.636   0.87299526   -5.3245039    1.0863526   -4.2381513 
   10000   0.71603547    1.2272402    1515.2258   0.87841693   -5.4309837    1.0732462   -4.3577375 
   11000   0.68711626    1.5007706    1502.1759   0.88604801   -5.4455672       1.0299   -4.4156671 
   12000   0.72123259    1.4422064    1504.9233   0.88443048   -5.4385655    1.0810361   -4.3575294 
   13000   0.70749669    1.4948419    1511.0078   0.88086906   -5.3891699    1.0604477   -4.3287222 
   14000   0.70172379    1.4886545    1510.2906   0.88128738   -5.3986831    1.0517949   -4.3468882 
   15000   0.68976736    1.6160751    1502.3308   0.88595669   -5.4171157    1.0338737    -4.383242 
   16000   0.68927432    1.5772015    1508.9746   0.88205591   -5.4009352    1.0331347   -4.3678005 
   17000   0.69990954    1.3583776    1520.6414   0.87528852   -5.3808411    1.0490755   -4.3317655 
   18000   0.72906471    1.5392076    1505.3987   0.88415117   -5.4244171    1.0927754   -4.3316417 
   19000   0.67849597      1.65666     1499.206   0.88780325   -5.4268102    1.0169793   -4.4098309 
   20000   0.69274426    1.3003439    1517.0313   0.87737148   -5.4050186    1.0383357   -4.3666829 
   21000    0.7133249    1.5574523     1514.941   0.87858207   -5.3616722    1.0691835   -4.2924888 
   22000   0.71637407    1.6065845    1506.1683    0.8836994   -5.4014753    1.0737538   -4.3277215 
   23000    0.6725019    1.4586156    1504.7814   0.88451388   -5.4272698     1.007995   -4.4192749 
   24000   0.67664693    1.3717632    1517.1458   0.87730528   -5.3893399    1.0142078    -4.375132 
   25000   0.71480685    1.8013597     1509.384    0.8818167   -5.3442801    1.0714047   -4.2728754 
   26000   0.70993027    1.5717599    1505.2092   0.88426247   -5.4171101    1.0640953   -4.3530148 
   27000   0.67174515    1.6171936    1500.5907   0.88698404   -5.4307661    1.0068607   -4.4239054 
   28000   0.69254752    1.4367178    1509.0211   0.88202874   -5.4260677    1.0380408   -4.3880269 
   29000   0.72093464     1.403994    1513.8374   0.87922256    -5.402391    1.0805895   -4.3218015 
   30000   0.70592354    1.7813725    1502.5866   0.88580585   -5.3853271    1.0580898   -4.3272374 
   31000   0.67740023    1.2784968    1518.0128    0.8768042   -5.3975696    1.0153369   -4.3822327 
   32000   0.72660728    1.4773222    1511.1573   0.88078192   -5.4075635    1.0890921   -4.3184715 
   33000   0.66584145    1.7826092    1505.1914   0.88427295   -5.3684206    0.9980118   -4.3704088 
   34000   0.69551828    1.4732277       1510.6   0.88110684   -5.3954073    1.0424936   -4.3529137 
   35000    0.7123691    1.6917068    1505.2199   0.88425619   -5.4083624    1.0677508   -4.3406116 
   36000    0.7040997    1.4298555    1513.2781   0.87954752   -5.4031754     1.055356   -4.3478194 
   37000   0.71429788    1.2861378    1515.0962   0.87849205   -5.4283024    1.0706418   -4.3576606 
   38000   0.71814212    1.6489333    1501.0486   0.88671345   -5.4263562    1.0764039   -4.3499524 
   39000   0.70657447    1.6899804     1509.307   0.88186167   -5.3832917    1.0590654   -4.3242263 
   40000   0.69676052    1.2285986    1523.6361   0.87356816   -5.3830299    1.0443555   -4.3386743 
   41000   0.68101916    1.7064829    1503.3942   0.88533003   -5.3938329    1.0207613   -4.3730716 
   42000   0.72358061    1.4602631    1503.6329   0.88518946   -5.4573066    1.0845555   -4.3727511 
   43000   0.70443157    1.3332987    1512.6988   0.87988435   -5.4145412    1.0558535   -4.3586877 
   44000   0.68668186    1.5316161     1508.545   0.88230712   -5.4050517    1.0292489   -4.3758028 
   45000   0.69432499    1.5285731    1511.2817   0.88070938   -5.3907893     1.040705   -4.3500843 
   46000     0.725588    1.5208186    1514.1283   0.87905363   -5.3838711    1.0875643   -4.2963068 
   47000   0.69257529    1.4770348    1513.5754   0.87937475   -5.3853383    1.0380824   -4.3472559 
   48000   0.68912044    1.3840028    1510.7811   0.88100125   -5.4159247     1.032904   -4.3830206 
   49000   0.70147991    1.4842268    1519.4315   0.87598554   -5.3598372    1.0514293   -4.3084078 
   50000    0.7194584    1.8687366     1498.367    0.8883004   -5.3939488    1.0783768    -4.315572 
Loop time of 39.1482 on 1 procs for 50000 steps with 1331 atoms

Performance: 441399.879 tau/day, 1277.199 timesteps/s
99.9% CPU use with 1 MPI tasks x no OpenMP threads

MPI task timing breakdown:
Section |  min time  |  avg time  |  max time  |%varavg| %total
---------------------------------------------------------------
Pair    | 31.579     | 31.579     | 31.579     |   0.0 | 80.67
Neigh   | 4.5688     | 4.5688     | 4.5688     |   0.0 | 11.67
Comm    | 0.72013    | 0.72013    | 0.72013    |   0.0 |  1.84
Output  | 0.024043   | 0.024043   | 0.024043   |   0.0 |  0.06
Modify  | 2.0384     | 2.0384     | 2.0384     |   0.0 |  5.21
Other   |            | 0.2175     |            |       |  0.56

Nlocal:    1331 ave 1331 max 1331 min
Histogram: 1 0 0 0 0 0 0 0 0 0
Nghost:    3070 ave 3070 max 3070 min
Histogram: 1 0 0 0 0 0 0 0 0 0
Neighs:    52452 ave 52452 max 52452 min
Histogram: 1 0 0 0 0 0 0 0 0 0

Total # of neighbors = 52452
Ave neighs/atom = 39.408
Neighbor list builds = 2500
Dangerous builds not checked

write_restart lattice_11_11_11__2_2_2/sim1/T_0.70__P_1.50/end1.restart
Total wall time: 0:00:39
