run 50000
Neighbor list info ...
  update every 20 steps, delay 0 steps, check no
  max neighbors/atom: 2000, page size: 100000
  master list distance cutoff = 2.8
  ghost atom cutoff = 2.8
  binsize = 1.4, bins = 12 12 12
  1 neighbor lists, perpetual/occasional/extra = 1 0 0
  (1) pair lj/cut, perpetual
      attributes: half, newton on
      pair build: half/bin/atomonly/newton
      stencil: half/bin/3d/newton
      bin: standard
Per MPI rank memory allocation (min/avg/max) = 2.738 | 2.738 | 2.738 Mbytes
Step Temp Press TotEng 
       0          1.6  -0.43970437   0.91877434 
    1000    1.6221859   0.49554011   0.63202304 
    2000    1.5885081   0.36185484   0.49885591 
    3000    1.6344391   0.47887937   0.62019758 
    4000    1.5529025    0.3942757   0.48045688 
    5000     1.631668   0.41491366   0.60254552 
    6000    1.6095987   0.33306108   0.54490273 
    7000    1.6174393   0.40903961   0.58582928 
    8000    1.6154882   0.38306662   0.57100027 
    9000    1.5986069   0.38862263   0.54590563 
   10000    1.6132584   0.37104557   0.57250333 
   11000    1.5227586   0.33959257   0.42942931 
   12000    1.6326264   0.47337302   0.64329258 
   13000    1.5785773   0.33176677   0.50594617 
   14000    1.6658302   0.42881051    0.6658939 
   15000    1.6075919   0.48833804     0.607475 
   16000    1.6138769   0.35182957   0.57913449 
   17000    1.5617782   0.40905073   0.49845044 
   18000    1.6408304   0.43165743   0.61995761 
   19000    1.5833004   0.46810205   0.56148138 
   20000     1.601218   0.36786359   0.56339583 
   21000    1.6132865   0.43657775   0.58223354 
   22000    1.5191551   0.36922356   0.43255157 
   23000    1.6600385   0.38787623   0.61697403 
   24000    1.5685725   0.41160355   0.49390405 
   25000    1.6571476    0.4253318   0.63646905 
   26000    1.6002308   0.38953776   0.57179743 
   27000    1.5674384   0.36253341   0.53837515 
   28000    1.6574452   0.45220781    0.6598776 
   29000    1.5776922   0.36599341    0.5230454 
   30000    1.6490652   0.42148192   0.64295865 
   31000     1.561743   0.28016894   0.46536578 
   32000    1.5961868   0.45599396   0.60110997 
   33000    1.5841645   0.43627727    0.5144385 
   34000    1.5628445   0.40142333   0.47634253 
   35000     1.583262   0.49340097   0.57601452 
   36000    1.5777678    0.4215157   0.56345452 
   37000    1.6226581   0.43718711   0.62423592 
   38000    1.5567199   0.37605335   0.47717162 
   39000    1.6249897   0.48471813   0.62739587 
   40000     1.573015   0.46821585   0.54743326 
   41000    1.6113659   0.41885144   0.59785202 
   42000    1.6012618   0.40937222   0.60128822 
   43000    1.5941424   0.41054393   0.53743788 
   44000    1.6415029    0.4525265   0.62704383 
   45000    1.6137978   0.38952534   0.56723697 
   46000    1.5574107   0.37293308   0.54162216 
   47000    1.6007553   0.51397112   0.60834623 
   48000    1.5768852   0.42510769   0.55268519 
   49000    1.5950401   0.43033869   0.57044053 
   50000     1.571366   0.42249992    0.5548747 
Loop time of 17.1701 on 1 procs for 50000 steps with 1331 atoms

Performance: 1006403.058 tau/day, 2912.046 timesteps/s
99.9% CPU use with 1 MPI tasks x no OpenMP threads

MPI task timing breakdown:
Section |  min time  |  avg time  |  max time  |%varavg| %total
---------------------------------------------------------------
Pair    | 12.723     | 12.723     | 12.723     |   0.0 | 74.10
Neigh   | 2.9616     | 2.9616     | 2.9616     |   0.0 | 17.25
Comm    | 0.51376    | 0.51376    | 0.51376    |   0.0 |  2.99
Output  | 0.023341   | 0.023341   | 0.023341   |   0.0 |  0.14
Modify  | 0.83856    | 0.83856    | 0.83856    |   0.0 |  4.88
Other   |            | 0.1095     |            |       |  0.64

Nlocal:    1331 ave 1331 max 1331 min
Histogram: 1 0 0 0 0 0 0 0 0 0
Nghost:    1828 ave 1828 max 1828 min
Histogram: 1 0 0 0 0 0 0 0 0 0
Neighs:    19781 ave 19781 max 19781 min
Histogram: 1 0 0 0 0 0 0 0 0 0

Total # of neighbors = 19781
Ave neighs/atom = 14.8618
Neighbor list builds = 2500
Dangerous builds not checked

write_restart NVT/sim1/T_1.60__v_2.74/end1.restart
Total wall time: 0:00:17
