run 50000
Neighbor list info ...
  update every 20 steps, delay 0 steps, check no
  max neighbors/atom: 2000, page size: 100000
  master list distance cutoff = 2.8
  ghost atom cutoff = 2.8
  binsize = 1.4, bins = 19 19 19
  1 neighbor lists, perpetual/occasional/extra = 1 0 0
  (1) pair lj/cut, perpetual
      attributes: half, newton on
      pair build: half/bin/atomonly/newton
      stencil: half/bin/3d/newton
      bin: standard
Per MPI rank memory allocation (min/avg/max) = 2.717 | 2.717 | 2.717 Mbytes
Step Temp Press TotEng 
       0          1.8    0.1251521    2.6733568 
    1000     1.834584    0.1367924    2.3278778 
    2000    1.7848554   0.11952473    2.2023902 
    3000    1.8294081   0.12972906    2.3240129 
    4000    1.7532027   0.12153069    2.1642867 
    5000    1.8723686   0.13832644    2.3638432 
    6000    1.7880452    0.1236811    2.2035791 
    7000    1.8523727   0.12694077    2.3258577 
    8000    1.7944566   0.12683926     2.221589 
    9000     1.808025   0.14123129    2.2899564 
   10000    1.7923627   0.13134048    2.2436895 
   11000     1.788893   0.11982289    2.2359854 
   12000    1.8088762     0.127435    2.2794104 
   13000    1.7642313   0.12040583    2.2094806 
   14000    1.8679827   0.12595895    2.3526313 
   15000    1.7481456   0.12242046    2.1922509 
   16000    1.8155391   0.12338731    2.2646572 
   17000    1.8137323    0.1224311    2.2494755 
   18000     1.720864     0.119755    2.1367875 
   19000    1.8289667   0.12570236    2.3131499 
   20000    1.7479017    0.1218727    2.1818114 
   21000    1.8492161   0.13734291    2.3639443 
   22000    1.7705127    0.1202133    2.2196789 
   23000    1.8008533   0.12494209    2.2628105 
   24000     1.823655    0.1218698    2.2665549 
   25000     1.742241   0.13033015    2.1760538 
   26000    1.8425584   0.13535844    2.3376981 
   27000    1.7530567   0.12420724    2.1874932 
   28000    1.8949438   0.13075381     2.390875 
   29000     1.788884   0.12423687    2.2756847 
   30000    1.7574422   0.13158689    2.2158097 
   31000    1.8676995   0.12880613    2.3607438 
   32000    1.7466579   0.12166944    2.1853248 
   33000    1.8212821   0.13250501    2.2955998 
   34000    1.7279604   0.11560222    2.1310784 
   35000    1.8019322   0.12633216    2.2652395 
   36000    1.8062738   0.12691425    2.2618544 
   37000    1.7831899   0.12687779    2.2305729 
   38000    1.8333321   0.13011424    2.3124601 
   39000    1.7885881   0.12324632    2.2433309 
   40000    1.8391713    0.1208956    2.2896531 
   41000    1.7238105   0.12753297    2.1523357 
   42000     1.816586   0.12194887    2.3036685 
   43000    1.7499569   0.11146985    2.1786505 
   44000    1.8296865   0.12621939     2.319829 
   45000     1.775695   0.11945708    2.2385956 
   46000    1.8345514   0.13495102    2.3278712 
   47000     1.828918   0.12750061    2.3146538 
   48000     1.779125   0.12377414    2.2335106 
   49000     1.842269   0.13257728    2.3493103 
   50000    1.7561835   0.12838289    2.1944159 
Loop time of 6.0896 on 1 procs for 50000 steps with 1331 atoms

Performance: 2837625.002 tau/day, 8210.720 timesteps/s
99.5% CPU use with 1 MPI tasks x no OpenMP threads

MPI task timing breakdown:
Section |  min time  |  avg time  |  max time  |%varavg| %total
---------------------------------------------------------------
Pair    | 3.4202     | 3.4202     | 3.4202     |   0.0 | 56.16
Neigh   | 1.4098     | 1.4098     | 1.4098     |   0.0 | 23.15
Comm    | 0.30593    | 0.30593    | 0.30593    |   0.0 |  5.02
Output  | 0.022313   | 0.022313   | 0.022313   |   0.0 |  0.37
Modify  | 0.84656    | 0.84656    | 0.84656    |   0.0 | 13.90
Other   |            | 0.08482    |            |       |  1.39

Nlocal:    1331 ave 1331 max 1331 min
Histogram: 1 0 0 0 0 0 0 0 0 0
Nghost:    1099 ave 1099 max 1099 min
Histogram: 1 0 0 0 0 0 0 0 0 0
Neighs:    4735 ave 4735 max 4735 min
Histogram: 1 0 0 0 0 0 0 0 0 0

Total # of neighbors = 4735
Ave neighs/atom = 3.55748
Neighbor list builds = 2500
Dangerous builds not checked

write_restart NVT/sim1/T_1.80__v_13.82/end1.restart
Total wall time: 0:00:06
