run 50000
Neighbor list info ...
  update every 20 steps, delay 0 steps, check no
  max neighbors/atom: 2000, page size: 100000
  master list distance cutoff = 2.8
  ghost atom cutoff = 2.8
  binsize = 1.4, bins = 16 16 16
  1 neighbor lists, perpetual/occasional/extra = 1 0 0
  (1) pair lj/cut, perpetual
      attributes: half, newton on
      pair build: half/bin/atomonly/newton
      stencil: half/bin/3d/newton
      bin: standard
Per MPI rank memory allocation (min/avg/max) = 2.7 | 2.7 | 2.7 Mbytes
Step Temp Press Volume Density PotEng KinEng TotEng 
       0          1.9   0.19191141        10648        0.125  -0.13561964    2.8478588    2.7122391 
    1000    2.4920401   0.50672739    6746.4435   0.19728913  -0.99258675    3.7352517    2.7426649 
    2000    2.2106294   0.61596782    5017.8957   0.26525063   -1.3730476    3.3134528    1.9404052 
    3000    2.0628637   0.62264319    3983.6908   0.33411228   -1.8153785    3.0919707    1.2765922 
    4000    1.9555788   0.78291311    3323.0501   0.40053564   -2.1160505    2.9311644   0.81511387 
    5000    1.9495146   0.92692817    2904.1396    0.4583113   -2.4735497    2.9220749   0.44852514 
    6000    1.8784226    1.1943218    2658.2941   0.50069705   -2.6372163    2.8155169   0.17830063 
    7000     1.892471    1.3066422    2534.6934   0.52511283   -2.7931249    2.8365737  0.043448824 
    8000    1.8652471    1.3292525    2510.2816    0.5302194   -2.7983968    2.7957685 -0.0026283022 
    9000    1.9046614    1.3890626    2517.1036   0.52878236   -2.7857407    2.8548455   0.06910478 
   10000    1.9033487    1.3895698    2489.5958   0.53462494   -2.8116218     2.852878  0.041256215 
   11000    1.9093375    1.3652765    2484.5039   0.53572063   -2.8501109    2.8618545  0.011743541 
   12000    1.9037622    1.4016343    2500.1415   0.53236987   -2.8086516    2.8534978  0.044846216 
   13000    1.8988195    1.3986535    2520.8497   0.52799658    -2.794808    2.8460893   0.05128134 
   14000     1.942487    1.2807048    2490.7508   0.53437702   -2.8742021    2.9115414  0.037339263 
   15000    1.8853069    1.5323306    2471.0869   0.53862939     -2.82995    2.8258357 -0.0041142836 
   16000     1.923931    1.3391448    2527.5092   0.52660539   -2.8360998    2.8837283  0.047628528 
   17000    1.9329051    1.4162832    2551.3656   0.52168141   -2.7820329    2.8971792   0.11514635 
   18000    1.9067076    1.5618214    2433.6964   0.54690471   -2.8773428    2.8579126 -0.019430128 
   19000    1.9296034    1.2892951    2476.7166   0.53740504   -2.8815157    2.8922305  0.010714765 
   20000    1.8198549    1.2280023    2535.5545   0.52493448   -2.7931228    2.7277315 -0.065391344 
   21000    1.9678687     1.523755    2470.3778   0.53878398   -2.8543551    2.9495853  0.095230199 
   22000    1.9432888    1.2672016    2499.0186   0.53260908   -2.8248753    2.9127432   0.08786794 
   23000     1.859136    1.3503607    2519.6722   0.52824332   -2.8359711    2.7866088 -0.049362314 
   24000    1.8959707    1.3920131    2441.3336   0.54519383   -2.9089514    2.8418193 -0.067132177 
   25000     1.905019    1.5200185    2472.3458   0.53835511   -2.8377114    2.8553816  0.017670204 
   26000    1.8520626    1.3273115    2547.6406   0.52244417   -2.7465075    2.7760067  0.029499178 
   27000    1.8759002    1.2521591    2554.5265   0.52103589   -2.7439836    2.8117363  0.067752721 
   28000    1.8942715    1.4754831    2431.7264   0.54734775   -2.8821426    2.8392724 -0.042870214 
   29000    1.8717685    1.4498957    2390.7725   0.55672382   -2.9683568    2.8055433  -0.16281351 
   30000     1.871219    1.2463851    2495.8015   0.53329561   -2.8573777    2.8047198 -0.052657944 
   31000     1.892587     1.538948    2513.2631   0.52959039   -2.7667063    2.8367476    0.0700413 
   32000    1.9996965    1.3814923    2495.8502   0.53328522    -2.823747    2.9972911   0.17354417 
   33000    1.8249527    1.4338201    2514.6098   0.52930678   -2.7704169    2.7353723 -0.035044598 
   34000    1.8672653    1.2920291    2506.2824   0.53106545   -2.8197972    2.7987936 -0.021003588 
   35000    1.9217146    1.4906412    2447.5615   0.54380656   -2.8596798    2.8804062  0.020726435 
   36000    1.9173739    1.4509321    2515.4601   0.52912786   -2.7824279    2.8739001  0.091472157 
   37000    1.8796606    1.4693799    2554.2698   0.52108825   -2.7193125    2.8173725  0.098060076 
   38000    1.9141702    1.4058177    2434.9316   0.54662727   -2.9091788    2.8690982  -0.04008066 
   39000    1.8432699    1.4465025    2476.1626   0.53752527   -2.8421097    2.7628275 -0.079282127 
   40000    1.9017383    1.2857088    2530.4621   0.52599089     -2.80857    2.8504642  0.041894231 
   41000    1.8793285     1.512649    2496.2534   0.53319908   -2.8040393    2.8168749  0.012835549 
   42000    1.9520475    1.6342738    2446.6942   0.54399934   -2.8506438    2.9258713  0.075227477 
   43000    1.8392382    1.3589519    2524.6259   0.52720682   -2.7596088    2.7567845 -0.0028242985 
   44000    1.9087436    1.3705987    2501.1247   0.53216058   -2.8176837    2.8609644  0.043280617 
   45000    1.8626784    1.3284902    2470.6195   0.53873127   -2.8618671    2.7919184 -0.069948751 
   46000    1.8961152    1.4444354    2508.2697    0.5306447   -2.8273538    2.8420359  0.014682052 
   47000    1.9427171    1.5514251    2518.3232   0.52852628   -2.7572573    2.9118863     0.154629 
   48000    1.9112781    1.5259409      2469.12   0.53905844   -2.8287967    2.8647633  0.035966523 
   49000    1.8815517    1.1711042    2508.5657   0.53058208    -2.847732    2.8202071 -0.027524842 
   50000    1.8689249    1.3909827     2505.917   0.53114288   -2.7932061    2.8012811 0.0080749948 
Loop time of 32.3906 on 1 procs for 50000 steps with 1331 atoms

Performance: 533488.676 tau/day, 1543.659 timesteps/s
99.9% CPU use with 1 MPI tasks x no OpenMP threads

MPI task timing breakdown:
Section |  min time  |  avg time  |  max time  |%varavg| %total
---------------------------------------------------------------
Pair    | 24.605     | 24.605     | 24.605     |   0.0 | 75.96
Neigh   | 4.4112     | 4.4112     | 4.4112     |   0.0 | 13.62
Comm    | 0.77016    | 0.77016    | 0.77016    |   0.0 |  2.38
Output  | 0.028624   | 0.028624   | 0.028624   |   0.0 |  0.09
Modify  | 2.4139     | 2.4139     | 2.4139     |   0.0 |  7.45
Other   |            | 0.1618     |            |       |  0.50

Nlocal:    1331 ave 1331 max 1331 min
Histogram: 1 0 0 0 0 0 0 0 0 0
Nghost:    2436 ave 2436 max 2436 min
Histogram: 1 0 0 0 0 0 0 0 0 0
Neighs:    31937 ave 31937 max 31937 min
Histogram: 1 0 0 0 0 0 0 0 0 0

Total # of neighbors = 31937
Ave neighs/atom = 23.9947
Neighbor list builds = 2500
Dangerous builds not checked

write_restart lattice_11_11_11__2_2_2/sim1/T_1.90__P_1.40/end1.restart
Total wall time: 0:00:32
