run 50000
Neighbor list info ...
  update every 20 steps, delay 0 steps, check no
  max neighbors/atom: 2000, page size: 100000
  master list distance cutoff = 2.8
  ghost atom cutoff = 2.8
  binsize = 1.4, bins = 18 18 18
  1 neighbor lists, perpetual/occasional/extra = 1 0 0
  (1) pair lj/cut, perpetual
      attributes: half, newton on
      pair build: half/bin/atomonly/newton
      stencil: half/bin/3d/newton
      bin: standard
Per MPI rank memory allocation (min/avg/max) = 2.711 | 2.711 | 2.711 Mbytes
Step Temp Press TotEng 
       0          0.5  0.027361575   0.70841366 
    1000   0.64474983  0.018307952   0.36018762 
    2000   0.56382135 0.0063540404 -0.037019728 
    3000   0.55543429  0.011235975  -0.36777888 
    4000   0.56555848 0.0074992511  -0.69472709 
    5000    0.5829631 -0.0038729755   -1.0356151 
    6000   0.54633206  0.002957194   -1.3884351 
    7000   0.55059908 -0.004013012   -1.7134275 
    8000   0.54290167 -0.0020526807   -2.0413747 
    9000   0.53154137 0.0099264767   -2.3375845 
   10000   0.51157793  0.014403033   -2.5848883 
   11000   0.49766027 0.0034351537   -2.7445119 
   12000   0.48068676 0.0045452837   -2.8489124 
   13000   0.49335476 -0.0031637347   -2.8466386 
   14000   0.53920921  0.012128377    -2.817414 
   15000   0.50334615 -0.009234282   -2.9368624 
   16000   0.49732039 -0.0020713662   -3.0305355 
   17000   0.48367342 -0.013070379   -3.0854951 
   18000   0.48933946 0.0078382888   -3.1272624 
   19000    0.4925957 0.0036953292   -3.1071859 
   20000   0.51238815 0.0064922992   -3.0840303 
   21000   0.49492404 -0.0028065046   -3.1397605 
   22000    0.4868358 0.0030794642   -3.1561846 
   23000    0.5241585  0.007342624   -3.0945783 
   24000   0.49600741  0.005177565   -3.1004821 
   25000   0.49891172 -0.0013767422    -3.135295 
   26000   0.50936947  0.022956065   -3.1512983 
   27000   0.49807145 0.0095745492   -3.1431031 
   28000   0.51111666 0.0045400467   -3.0868695 
   29000    0.4933313  0.017549876   -3.1235523 
   30000   0.52109619  0.020689968   -3.1475722 
   31000    0.4995643 -0.0044647334   -3.1897373 
   32000   0.50221602 0.0035030206   -3.2133466 
   33000   0.50188629 -0.0057850072   -3.2043233 
   34000   0.50775796 0.0016862621   -3.1930021 
   35000   0.48350667 0.0025544756   -3.2100716 
   36000    0.4844332 -0.0073310661   -3.2320794 
   37000   0.49018842  0.010360565   -3.2822246 
   38000   0.50656557  0.013398212   -3.2393541 
   39000   0.52566307 -0.0064770237    -3.218608 
   40000   0.49927392 0.0062708021   -3.2577518 
   41000   0.50867122  0.013726172   -3.2820648 
   42000   0.48864392  0.010766663   -3.2846227 
   43000   0.50652919  0.023535975   -3.2246558 
   44000   0.48896672  0.012699246   -3.2792132 
   45000   0.49021788 -0.0052703446   -3.2757614 
   46000   0.51194374 7.6151606e-07   -3.2207815 
   47000   0.48386744 -0.014784357   -3.2809737 
   48000   0.49496563 0.0077188081   -3.2888607 
   49000   0.52038365 -0.0024496002   -3.2601076 
   50000   0.49995146 0.0065004764   -3.3119331 
Loop time of 18.6072 on 1 procs for 50000 steps with 1331 atoms

Performance: 928672.452 tau/day, 2687.131 timesteps/s
99.9% CPU use with 1 MPI tasks x no OpenMP threads

MPI task timing breakdown:
Section |  min time  |  avg time  |  max time  |%varavg| %total
---------------------------------------------------------------
Pair    | 14.838     | 14.838     | 14.838     |   0.0 | 79.74
Neigh   | 2.4968     | 2.4968     | 2.4968     |   0.0 | 13.42
Comm    | 0.31983    | 0.31983    | 0.31983    |   0.0 |  1.72
Output  | 0.023633   | 0.023633   | 0.023633   |   0.0 |  0.13
Modify  | 0.83968    | 0.83968    | 0.83968    |   0.0 |  4.51
Other   |            | 0.08926    |            |       |  0.48

Nlocal:    1331 ave 1331 max 1331 min
Histogram: 1 0 0 0 0 0 0 0 0 0
Nghost:    1207 ave 1207 max 1207 min
Histogram: 1 0 0 0 0 0 0 0 0 0
Neighs:    30287 ave 30287 max 30287 min
Histogram: 1 0 0 0 0 0 0 0 0 0

Total # of neighbors = 30287
Ave neighs/atom = 22.7551
Neighbor list builds = 2500
Dangerous builds not checked

write_restart NVT/sim1/T_0.50__v_12.17/end1.restart
Total wall time: 0:00:18
