run 50000
Neighbor list info ...
  update every 20 steps, delay 0 steps, check no
  max neighbors/atom: 2000, page size: 100000
  master list distance cutoff = 2.8
  ghost atom cutoff = 2.8
  binsize = 1.4, bins = 15 15 15
  1 neighbor lists, perpetual/occasional/extra = 1 0 0
  (1) pair lj/cut, perpetual
      attributes: half, newton on
      pair build: half/bin/atomonly/newton
      stencil: half/bin/3d/newton
      bin: standard
Per MPI rank memory allocation (min/avg/max) = 2.75 | 2.75 | 2.75 Mbytes
Step Temp Press TotEng 
       0          0.7    0.0104298   0.77007252 
    1000   0.89711529  0.088128957   0.18165178 
    2000   0.76156127  0.014138779  -0.34346718 
    3000   0.72531657 -0.0035745342    -0.687571 
    4000   0.72756176 -0.0032158108  -0.98987563 
    5000   0.74470262  0.032374652    -1.245714 
    6000    0.7201538  0.016276316   -1.5197796 
    7000   0.69264274 -0.0033680897   -1.7630962 
    8000   0.70184937 0.0093872524   -1.9644077 
    9000   0.71323091  0.012894223   -2.1286216 
   10000   0.69802167 -0.012983541   -2.2445592 
   11000   0.69240662 0.0060907269   -2.3258099 
   12000   0.68202585 -0.027694703   -2.3975667 
   13000   0.69464578 0.0097426884   -2.5196906 
   14000   0.72530352 -0.016062142    -2.569861 
   15000   0.70275442 0.0076146532   -2.5882332 
   16000   0.71995801 -0.016704757   -2.5666392 
   17000   0.72170296 -0.025948749   -2.5904959 
   18000   0.71396019  -0.01310561   -2.6513152 
   19000   0.69689062 -0.0070517289   -2.6096344 
   20000    0.6970814 -0.039530261   -2.6102746 
   21000   0.69016747  0.012297625    -2.617816 
   22000   0.70862536 0.00058050751   -2.5540539 
   23000   0.73650619  0.025918127   -2.6440328 
   24000   0.68104781 -0.016257781    -2.721134 
   25000   0.70285569  0.050174272   -2.7633433 
   26000   0.70603617 -0.020790271   -2.7288886 
   27000   0.69274979 -0.0005765302   -2.7193856 
   28000   0.66405432  0.011946185   -2.8086465 
   29000   0.72360393 0.0010480917   -2.7677864 
   30000   0.69487121 0.0093060225   -2.7331036 
   31000   0.69413704  0.011655552   -2.7369254 
   32000   0.68460529  -0.03780409   -2.8305447 
   33000    0.6975469  0.037085786   -2.7646909 
   34000   0.68834324 -0.019344121   -2.7406709 
   35000   0.72491835  0.053958112   -2.7271729 
   36000   0.72506462  0.046193665   -2.7249637 
   37000   0.68830937 -0.00021736263   -2.8048188 
   38000   0.71687899  0.030989883   -2.7901523 
   39000   0.71445773  0.021438853   -2.7054836 
   40000    0.7115451  0.006034733   -2.7762402 
   41000   0.70052593 -0.008880632    -2.799645 
   42000   0.68877636  0.012764801   -2.7746437 
   43000   0.68355643 0.0088046004   -2.7621091 
   44000   0.72760404 -0.002973075   -2.7043156 
   45000   0.70513829 -0.010775508    -2.734408 
   46000   0.69122789 -0.0032662379   -2.7802794 
   47000   0.67795131 -0.0022807115   -2.7572235 
   48000   0.69109954 -0.0078425081   -2.7081678 
   49000    0.6873266  0.031475149   -2.7775929 
   50000     0.693922 -0.0025404841   -2.8045175 
Loop time of 22.5184 on 1 procs for 50000 steps with 1331 atoms

Performance: 767371.397 tau/day, 2220.403 timesteps/s
99.9% CPU use with 1 MPI tasks x no OpenMP threads

MPI task timing breakdown:
Section |  min time  |  avg time  |  max time  |%varavg| %total
---------------------------------------------------------------
Pair    | 17.849     | 17.849     | 17.849     |   0.0 | 79.26
Neigh   | 3.1679     | 3.1679     | 3.1679     |   0.0 | 14.07
Comm    | 0.51593    | 0.51593    | 0.51593    |   0.0 |  2.29
Output  | 0.023418   | 0.023418   | 0.023418   |   0.0 |  0.10
Modify  | 0.85372    | 0.85372    | 0.85372    |   0.0 |  3.79
Other   |            | 0.1089     |            |       |  0.48

Nlocal:    1331 ave 1331 max 1331 min
Histogram: 1 0 0 0 0 0 0 0 0 0
Nghost:    2057 ave 2057 max 2057 min
Histogram: 1 0 0 0 0 0 0 0 0 0
Neighs:    33608 ave 33608 max 33608 min
Histogram: 1 0 0 0 0 0 0 0 0 0

Total # of neighbors = 33608
Ave neighs/atom = 25.2502
Neighbor list builds = 2500
Dangerous builds not checked

write_restart NVT/sim1/T_0.70__v_5.83/end1.restart
Total wall time: 0:00:22
