run 50000
Neighbor list info ...
  update every 20 steps, delay 0 steps, check no
  max neighbors/atom: 2000, page size: 100000
  master list distance cutoff = 2.8
  ghost atom cutoff = 2.8
  binsize = 1.4, bins = 16 16 16
  1 neighbor lists, perpetual/occasional/extra = 1 0 0
  (1) pair lj/cut, perpetual
      attributes: half, newton on
      pair build: half/bin/atomonly/newton
      stencil: half/bin/3d/newton
      bin: standard
Per MPI rank memory allocation (min/avg/max) = 2.7 | 2.7 | 2.7 Mbytes
Step Temp Press Volume Density PotEng KinEng TotEng 
       0          1.9   0.19191141        10648        0.125  -0.13561964    2.8478588    2.7122391 
    1000    2.0429775   0.28007256    9692.7116   0.13731967  -0.71448805    3.0621638    2.3476757 
    2000    1.8964548   0.25604206    8697.6663   0.15302956  -0.82518678     2.842545    2.0173582 
    3000     1.901589   0.27044968    7985.5622    0.1666758  -0.91428995    2.8502404    1.9359505 
    4000    1.8863612   0.28453348    7624.4387   0.17457023   -0.9547826    2.8274159    1.8726333 
    5000    1.8958161   0.31973422    7510.5224   0.17721803   -0.9716566    2.8415876     1.869931 
    6000    1.8568369   0.31640087    7582.0515   0.17554616    -0.951255    2.7831627    1.8319077 
    7000    1.9453814   0.31914403    7565.0404    0.1759409  -0.93250031    2.9158797    1.9833793 
    8000    1.7941348    0.3026488     7854.868   0.16944906    -0.927893    2.6891803    1.7612873 
    9000    1.9793204   0.30554412    7480.9346   0.17791895  -0.97604145      2.96675    1.9907086 
   10000     1.850688   0.29695133    7678.8901   0.17333234  -0.98222167    2.7739464    1.7917247 
   11000     1.940919   0.31083375    7733.6826    0.1721043  -0.95248439    2.9091912    1.9567068 
   12000    1.9008557   0.28271515    7820.1365   0.17020163  -0.95268695    2.8491413    1.8964544 
   13000    1.9176753   0.33782168     7460.363   0.17840955  -0.93777998    2.8743518    1.9365718 
   14000    1.8606905   0.27509156    7460.5167   0.17840587  -0.97996653    2.7889389    1.8089723 
   15000    1.9486913   0.30324228    7642.8212   0.17415035  -0.97873981    2.9208408     1.942101 
   16000    1.9048351   0.28701462    7978.7143   0.16681886  -0.96170244    2.8551059    1.8934035 
   17000    1.9431044   0.28364903    7827.3842   0.17004404  -0.95177333    2.9124667    1.9606934 
   18000     1.848312   0.32255675    7493.9712   0.17760944  -0.96711555    2.7703851    1.8032695 
   19000    1.9420794   0.33847304    7287.7508   0.18263522   -1.0077258    2.9109305    1.9032047 
   20000    1.8393699   0.29563198    7663.8803   0.17367181  -0.95598589     2.756982    1.8009961 
   21000    1.9439997   0.27382148    7803.4769     0.170565  -0.93976609    2.9138087    1.9740426 
   22000    1.8377698   0.31208714    7850.2418   0.16954892  -0.93153989    2.7545836    1.8230437 
   23000    1.9916112   0.33064289    7477.5764   0.17799885  -0.98526266    2.9851724    1.9999097 
   24000    1.8637702   0.28651726    7620.8134   0.17465327    -1.005093    2.7935548    1.7884618 
   25000    1.9267313   0.31442765    7571.9289   0.17578084  -0.93509498    2.8879256    1.9528306 
   26000    1.8489826   0.28298971    7851.9751   0.16951149  -0.97064919    2.7713901     1.800741 
   27000    1.9611767   0.30414332    7632.3963   0.17438822  -0.97340276    2.9395548     1.966152 
   28000    1.8634929   0.29006958    7652.0658   0.17393996  -0.95758943    2.7931393    1.8355499 
   29000    1.9423999   0.30207913    7623.8293   0.17458418  -0.96725995    2.9114107    1.9441508 
   30000    1.8987523   0.27891283    8071.4091   0.16490305  -0.91711035    2.8459886    1.9288783 
   31000    1.9158567   0.30199318    7971.3492   0.16697299  -0.89907193    2.8716259     1.972554 
   32000    1.8838192   0.25892299    7675.8506   0.17340098  -0.99110154    2.8236057    1.8325042 
   33000     1.898528   0.31002771    7345.2444   0.18120568  -0.98422509    2.8456524    1.8614273 
   34000    1.8877738   0.28158673    7386.9349   0.18018299   -1.0293755    2.8295333    1.8001577 
   35000    1.8915506   0.29299606    7691.0288   0.17305877    -0.963344    2.8351942    1.8718502 
   36000    1.9430644   0.29941942    8030.2367   0.16574854  -0.90539187    2.9124069     2.007015 
   37000    1.8895669   0.26717703     7962.288   0.16716301  -0.92829889    2.8322209     1.903922 
   38000    1.9270117   0.32011349    7679.5758   0.17331687  -0.96766529    2.8883459    1.9206806 
   39000    1.7986148   0.29779439    7446.1319   0.17875053  -0.98870062    2.6958951    1.7071945 
   40000    1.9496765   0.30210306    7143.3673   0.18632669   -1.0332676    2.9223175    1.8890499 
   41000     1.786813    0.3025513    7486.2829   0.17779184  -0.99929884    2.6782059     1.678907 
   42000    1.9068304   0.32783127    7496.7457    0.1775437   -0.9515039    2.8580967    1.9065928 
   43000    1.8789529   0.28619439    7707.0119   0.17269988  -0.96483344    2.8163118    1.8514783 
   44000    1.8905613   0.26954539    8001.0144   0.16635391  -0.94653522    2.8337113    1.8871761 
   45000    1.9819283   0.29019814    8091.9419   0.16448462  -0.89676512    2.9706588    2.0738937 
   46000    1.9174514   0.29688533    7742.9813   0.17189761  -0.94766675    2.8740162    1.9263495 
   47000    1.8962449   0.33063336    7286.5893   0.18266434  -0.98736757    2.8422304    1.8548628 
   48000    1.8625096   0.30051507    7280.8419   0.18280853   -1.0262317    2.7916654    1.7654336 
   49000    1.9303818    0.3097158    7497.3608   0.17752914  -0.96167558    2.8933972    1.9317216 
   50000    1.8503748   0.28580639    7743.8389   0.17187858  -0.93993748    2.7734769    1.8335394 
Loop time of 15.2361 on 1 procs for 50000 steps with 1331 atoms

Performance: 1134145.910 tau/day, 3281.672 timesteps/s
99.8% CPU use with 1 MPI tasks x no OpenMP threads

MPI task timing breakdown:
Section |  min time  |  avg time  |  max time  |%varavg| %total
---------------------------------------------------------------
Pair    | 9.2862     | 9.2862     | 9.2862     |   0.0 | 60.95
Neigh   | 2.8403     | 2.8403     | 2.8403     |   0.0 | 18.64
Comm    | 0.52525    | 0.52525    | 0.52525    |   0.0 |  3.45
Output  | 0.02588    | 0.02588    | 0.02588    |   0.0 |  0.17
Modify  | 2.4298     | 2.4298     | 2.4298     |   0.0 | 15.95
Other   |            | 0.1287     |            |       |  0.84

Nlocal:    1331 ave 1331 max 1331 min
Histogram: 1 0 0 0 0 0 0 0 0 0
Nghost:    1566 ave 1566 max 1566 min
Histogram: 1 0 0 0 0 0 0 0 0 0
Neighs:    10509 ave 10509 max 10509 min
Histogram: 1 0 0 0 0 0 0 0 0 0

Total # of neighbors = 10509
Ave neighs/atom = 7.89557
Neighbor list builds = 2500
Dangerous builds not checked

write_restart lattice_11_11_11__2_2_2/sim1/T_1.90__P_0.30/end1.restart
Total wall time: 0:00:15
