run 50000
Neighbor list info ...
  update every 20 steps, delay 0 steps, check no
  max neighbors/atom: 2000, page size: 100000
  master list distance cutoff = 2.8
  ghost atom cutoff = 2.8
  binsize = 1.4, bins = 16 16 16
  1 neighbor lists, perpetual/occasional/extra = 1 0 0
  (1) pair lj/cut, perpetual
      attributes: half, newton on
      pair build: half/bin/atomonly/newton
      stencil: half/bin/3d/newton
      bin: standard
Per MPI rank memory allocation (min/avg/max) = 2.7 | 2.7 | 2.7 Mbytes
Step Temp Press Volume Density PotEng KinEng TotEng 
       0          1.5   0.14194897        10648        0.125  -0.13561964    2.2483095    2.1126899 
    1000    2.1218355   0.48911294    6156.7119   0.21618683   -1.1034822     3.180362    2.0768799 
    2000    1.8955894   0.48458946    4343.7024   0.30642062     -1.68729    2.8412479    1.1539579 
    3000    1.6783172   0.68380508    3311.8456   0.40189072    -2.178958    2.5155843   0.33662638 
    4000    1.6156832   0.92615693    2677.5971   0.49708749   -2.7085567     2.421704  -0.28685269 
    5000     1.577266    1.0163562     2308.084   0.57666879   -3.1966027    2.3641215  -0.83248121 
    6000    1.4985241    1.5129454    2096.7957    0.6347781   -3.4816693    2.2460974   -1.2355719 
    7000    1.4812627    1.6195689    2012.4548   0.66138131   -3.6806777    2.2202247   -1.4604529 
    8000    1.5027162    1.5127617    2019.6405   0.65902817   -3.6434128    2.2523808    -1.391032 
    9000    1.4910875    1.7860292    2036.9557    0.6534261   -3.5322059    2.2349509    -1.297255 
   10000     1.491347    1.6983106    2031.3045   0.65524396   -3.6019163    2.2353398   -1.3665765 
   11000    1.5016874      1.69939    2014.6455   0.66066214   -3.6531321    2.2508387   -1.4022934 
   12000     1.549016    1.7381318    2016.0106   0.66021478   -3.6436172    2.3217783   -1.3218389 
   13000    1.5103232    1.7273781    2024.7862   0.65735334    -3.590884    2.2637827   -1.3271013 
   14000    1.4649988    1.7010009    2025.2511   0.65720247   -3.6025056    2.1958472   -1.4066584 
   15000    1.4541739    1.6029592    2029.6153    0.6557893    -3.594701    2.1796221   -1.4150789 
   16000    1.5122442    1.5031078    2044.2914   0.65108136   -3.6054114     2.266662   -1.3387493 
   17000    1.5379551     1.634513     2025.485   0.65712657   -3.6258538    2.3051993   -1.3206545 
   18000    1.5386809    1.7490038    2003.0378    0.6644907   -3.6392424    2.3062873   -1.3329551 
   19000    1.4958596    1.7901763    2014.8496   0.66059521   -3.6267366    2.2421037    -1.384633 
   20000     1.472702    1.6340714    2034.1773   0.65431859   -3.6066483    2.2073934   -1.3992549 
   21000     1.502637    1.3229965    2057.2026   0.64699508   -3.6151373     2.252262   -1.3628752 
   22000    1.4737405    1.5230838     2066.731   0.64401221   -3.5529909    2.2089499   -1.3440409 
   23000    1.4445695    1.4990644    2036.2392   0.65365602    -3.593281    2.1652262   -1.4280548 
   24000     1.468746    1.6253278    2031.0619   0.65532223    -3.605942    2.2014637   -1.4044782 
   25000      1.53635    1.5140762    2060.7647   0.64587676   -3.5627261    2.3027936   -1.2599325 
   26000    1.5076198     1.525205    2025.9024   0.65699117   -3.6497866    2.2597306    -1.390056 
   27000    1.4942139    1.6670263    2023.0601    0.6579142    -3.620886    2.2396369   -1.3812491 
   28000    1.5249782    1.5893804    2063.2338   0.64510382   -3.5264581    2.2857487   -1.2407094 
   29000     1.539594    1.9056559    1998.2401   0.66608613   -3.6245001    2.3076559   -1.3168442 
   30000    1.5269967    1.8292464    1998.4408   0.66601922   -3.6593012    2.2887742    -1.370527 
   31000    1.5399836    1.6676051    2035.7154   0.65382422    -3.599986    2.3082399   -1.2917461 
   32000    1.5284849    1.4290769    2053.4464   0.64817859   -3.5864574    2.2910048   -1.2954526 
   33000    1.4977861    1.6380537    1996.8976   0.66653392   -3.6930847    2.2449911   -1.4480936 
   34000    1.5119359    1.7738334    2014.1089   0.66083814   -3.6100839    2.2661999    -1.343884 
   35000    1.5407096    1.6735822    2038.9078   0.65280049   -3.5700157     2.309328   -1.2606877 
   36000    1.5207865    1.4956761    2050.0546   0.64925099    -3.606143    2.2794659   -1.3266771 
   37000    1.4788567    1.3893128    2042.9666   0.65150357   -3.6325211    2.2166184   -1.4159027 
   38000    1.4592156    1.3662251     2038.728   0.65285805   -3.6388031    2.1871789   -1.4516242 
   39000    1.4930429    1.7264179     2020.813   0.65864579   -3.6132449    2.2378818   -1.3753632 
   40000     1.549303    1.7958634     2018.167   0.65950936   -3.6159867    2.3222085   -1.2937782 
   41000    1.5143716    1.7927697    2021.3926   0.65845696   -3.6005004    2.2698507   -1.3306496 
   42000    1.4820962    1.7623137    1980.0089   0.67221919   -3.6867867    2.2214741   -1.4653126 
   43000    1.5085588     1.638613    2020.9628   0.65859699   -3.6346272    2.2611381   -1.3734891 
   44000    1.5002144    1.8767587    2015.5607   0.66036214   -3.5723247    2.2486309   -1.3236939 
   45000    1.5064017    1.5856746    2006.6446   0.66329632   -3.6656562    2.2579049   -1.4077512 
   46000    1.4802165    1.6034497    2056.5916   0.64718731   -3.5557029    2.2186565   -1.3370464 
   47000     1.524551    1.4181148    2057.9667   0.64675489   -3.6103476    2.2851084   -1.3252392 
   48000    1.5016044    1.5521011    2014.7499   0.66062791   -3.6811885    2.2507143   -1.4304741 
   49000    1.5184252     1.516829    2014.2186   0.66080216   -3.6710118    2.2759266   -1.3950852 
   50000     1.497333    1.5319474    2047.1325   0.65017776   -3.5948141    2.2443121    -1.350502 
Loop time of 36.3349 on 1 procs for 50000 steps with 1331 atoms

Performance: 475576.199 tau/day, 1376.089 timesteps/s
99.5% CPU use with 1 MPI tasks x no OpenMP threads

MPI task timing breakdown:
Section |  min time  |  avg time  |  max time  |%varavg| %total
---------------------------------------------------------------
Pair    | 28.426     | 28.426     | 28.426     |   0.0 | 78.23
Neigh   | 4.5568     | 4.5568     | 4.5568     |   0.0 | 12.54
Comm    | 0.7929     | 0.7929     | 0.7929     |   0.0 |  2.18
Output  | 0.028746   | 0.028746   | 0.028746   |   0.0 |  0.08
Modify  | 2.3663     | 2.3663     | 2.3663     |   0.0 |  6.51
Other   |            | 0.1644     |            |       |  0.45

Nlocal:    1331 ave 1331 max 1331 min
Histogram: 1 0 0 0 0 0 0 0 0 0
Nghost:    2658 ave 2658 max 2658 min
Histogram: 1 0 0 0 0 0 0 0 0 0
Neighs:    39168 ave 39168 max 39168 min
Histogram: 1 0 0 0 0 0 0 0 0 0

Total # of neighbors = 39168
Ave neighs/atom = 29.4275
Neighbor list builds = 2500
Dangerous builds not checked

write_restart lattice_11_11_11__2_2_2/sim1/T_1.50__P_1.60/end1.restart
Total wall time: 0:00:36
