run 50000
Neighbor list info ...
  update every 20 steps, delay 0 steps, check no
  max neighbors/atom: 2000, page size: 100000
  master list distance cutoff = 2.8
  ghost atom cutoff = 2.8
  binsize = 1.4, bins = 18 18 18
  1 neighbor lists, perpetual/occasional/extra = 1 0 0
  (1) pair lj/cut, perpetual
      attributes: half, newton on
      pair build: half/bin/atomonly/newton
      stencil: half/bin/3d/newton
      bin: standard
Per MPI rank memory allocation (min/avg/max) = 2.711 | 2.711 | 2.711 Mbytes
Step Temp Press TotEng 
       0          0.8  0.052897575    1.1580756 
    1000   0.91254121  0.053139851   0.79194528 
    2000   0.79770498   0.03546616   0.48789013 
    3000   0.79978581  0.035320451   0.37501007 
    4000   0.78674012  0.024881175   0.27963269 
    5000   0.83357091  0.033134147   0.31991979 
    6000   0.79314527  0.031494378   0.22705112 
    7000   0.78462922  0.033685824   0.23629578 
    8000   0.80464678  0.033832113   0.28336114 
    9000    0.8070323  0.034815119   0.20908962 
   10000   0.79795858   0.02384243   0.15368905 
   11000   0.80083404  0.035415648    0.1210497 
   12000   0.80058414  0.030008026  0.042121121 
   13000   0.82502023  0.024449632   0.11805433 
   14000   0.80347935   0.02653341  0.061279942 
   15000   0.79320646  0.040525889  0.043874236 
   16000   0.78674544  0.029887717  0.019550598 
   17000   0.82538298   0.03039187  0.059822395 
   18000   0.77300887  0.035755516 0.0062855162 
   19000   0.82378951  0.026652889 -0.038198728 
   20000   0.81005121  0.031649449 -0.070787355 
   21000   0.78155993  0.032837968  -0.14407584 
   22000   0.82970703  0.043309787  -0.11937826 
   23000   0.79398035  0.022603166  -0.20786673 
   24000   0.77616143  0.023524635  -0.25424961 
   25000   0.75361104  0.035401299  -0.35261969 
   26000   0.79640219  0.012469587  -0.30141795 
   27000   0.80417414  0.031985065  -0.25045917 
   28000   0.82221143  0.027971243  -0.26422659 
   29000   0.82740542  0.022105876  -0.26142883 
   30000   0.79959165  0.020204391  -0.33081816 
   31000   0.77643315  0.013234076  -0.43997843 
   32000   0.79480417  0.035069892  -0.41783175 
   33000   0.79340044  0.036791197  -0.39578626 
   34000   0.77411281  0.013590667  -0.46738472 
   35000   0.80624635  0.026799529  -0.51606893 
   36000   0.76139469  0.015825527  -0.61073536 
   37000   0.81210447  0.024234489  -0.57424066 
   38000     0.799185  0.012257472  -0.60297168 
   39000   0.80199454   0.02844497  -0.65381649 
   40000   0.80121543  0.024662292  -0.66595209 
   41000   0.79153787  0.019497578  -0.60070307 
   42000   0.76772692  0.028456704   -0.6860629 
   43000   0.80688247  0.023623978  -0.65803829 
   44000   0.79971913  0.021869028  -0.60605882 
   45000   0.79138894  0.026994617  -0.72116403 
   46000   0.81622899  0.010540481  -0.68576193 
   47000   0.80857275  0.033555553  -0.66752615 
   48000   0.77893077  0.024960179  -0.77038623 
   49000   0.82589666  0.019242432  -0.72614183 
   50000   0.79431532 5.7308879e-05  -0.81194757 
Loop time of 10.4908 on 1 procs for 50000 steps with 1331 atoms

Performance: 1647153.427 tau/day, 4766.069 timesteps/s
99.8% CPU use with 1 MPI tasks x no OpenMP threads

MPI task timing breakdown:
Section |  min time  |  avg time  |  max time  |%varavg| %total
---------------------------------------------------------------
Pair    | 7.264      | 7.264      | 7.264      |   0.0 | 69.24
Neigh   | 1.9447     | 1.9447     | 1.9447     |   0.0 | 18.54
Comm    | 0.32903    | 0.32903    | 0.32903    |   0.0 |  3.14
Output  | 0.022387   | 0.022387   | 0.022387   |   0.0 |  0.21
Modify  | 0.84044    | 0.84044    | 0.84044    |   0.0 |  8.01
Other   |            | 0.09027    |            |       |  0.86

Nlocal:    1331 ave 1331 max 1331 min
Histogram: 1 0 0 0 0 0 0 0 0 0
Nghost:    1164 ave 1164 max 1164 min
Histogram: 1 0 0 0 0 0 0 0 0 0
Neighs:    16942 ave 16942 max 16942 min
Histogram: 1 0 0 0 0 0 0 0 0 0

Total # of neighbors = 16942
Ave neighs/atom = 12.7288
Neighbor list builds = 2500
Dangerous builds not checked

write_restart NVT/sim1/T_0.80__v_12.17/end1.restart
Total wall time: 0:00:10
