run 50000
Neighbor list info ...
  update every 20 steps, delay 0 steps, check no
  max neighbors/atom: 2000, page size: 100000
  master list distance cutoff = 2.8
  ghost atom cutoff = 2.8
  binsize = 1.4, bins = 20 20 20
  1 neighbor lists, perpetual/occasional/extra = 1 0 0
  (1) pair lj/cut, perpetual
      attributes: half, newton on
      pair build: half/bin/atomonly/newton
      stencil: half/bin/3d/newton
      bin: standard
Per MPI rank memory allocation (min/avg/max) = 2.724 | 2.724 | 2.724 Mbytes
Step Temp Press TotEng 
       0          0.8  0.051823552    1.1867694 
    1000   0.89912157  0.044364122   0.88402219 
    2000   0.78921744  0.035974798    0.6363094 
    3000     0.797798  0.034071838   0.58804851 
    4000   0.79561925  0.034715308   0.60082158 
    5000   0.80596669  0.031400566   0.51307775 
    6000   0.78553699  0.032162121   0.46590116 
    7000   0.81177285   0.03283851   0.48848808 
    8000   0.77924592  0.027257727    0.4414729 
    9000   0.82570326   0.03741582   0.53508499 
   10000   0.79696842  0.029913913   0.47483715 
   11000   0.78938868  0.034321197   0.46560621 
   12000   0.81740236  0.027660122   0.52927637 
   13000   0.79701363  0.030581359   0.45643454 
   14000   0.82681129  0.032999488    0.5277256 
   15000   0.80012592  0.033633446   0.50758275 
   16000   0.80209342  0.031248171   0.43552694 
   17000   0.80351443  0.033421341   0.41893038 
   18000   0.84410218  0.033174284   0.49413662 
   19000   0.80020499  0.026304716   0.41808918 
   20000   0.80181556  0.029243548   0.41829287 
   21000   0.84197477  0.028239808   0.48334308 
   22000   0.77735271  0.029038269   0.39826352 
   23000    0.8092801  0.029586262   0.42951987 
   24000   0.80063006  0.026827547   0.44603814 
   25000   0.79094841  0.029807609   0.38995021 
   26000    0.8208273  0.034750755   0.43689192 
   27000   0.79654479  0.032032868   0.40560376 
   28000   0.83464856  0.034440172   0.46848864 
   29000   0.77573236  0.027312429   0.38165358 
   30000   0.79910415  0.035904658   0.43421315 
   31000   0.79447657   0.02864797   0.45612582 
   32000   0.81652762  0.032182302   0.46839546 
   33000    0.7909918  0.026449855    0.4061932 
   34000   0.81540182  0.031427157   0.48888034 
   35000    0.7892595   0.02819327    0.4475038 
   36000   0.79180464  0.024076195    0.4522282 
   37000   0.80330586   0.02818151    0.4513349 
   38000   0.77640068  0.036969939    0.4055797 
   39000   0.80470863   0.02563998   0.44027475 
   40000   0.78392174  0.026233993   0.37218497 
   41000   0.81593542  0.036630488   0.41590109 
   42000   0.77055071  0.027188419   0.33320245 
   43000   0.80871565  0.026849309   0.40314958 
   44000   0.77723609   0.02746072   0.36341074 
   45000   0.77897028  0.031707608   0.31534966 
   46000   0.81359729  0.037070834   0.34116935 
   47000   0.80337901  0.025181892   0.33679087 
   48000   0.79151779  0.024468141   0.28635209 
   49000   0.80412989  0.030705298   0.33083395 
   50000   0.79213528  0.028144357   0.29687178 
Loop time of 6.52761 on 1 procs for 50000 steps with 1331 atoms

Performance: 2647215.113 tau/day, 7659.766 timesteps/s
99.7% CPU use with 1 MPI tasks x no OpenMP threads

MPI task timing breakdown:
Section |  min time  |  avg time  |  max time  |%varavg| %total
---------------------------------------------------------------
Pair    | 3.8607     | 3.8607     | 3.8607     |   0.0 | 59.14
Neigh   | 1.3869     | 1.3869     | 1.3869     |   0.0 | 21.25
Comm    | 0.31173    | 0.31173    | 0.31173    |   0.0 |  4.78
Output  | 0.024445   | 0.024445   | 0.024445   |   0.0 |  0.37
Modify  | 0.85684    | 0.85684    | 0.85684    |   0.0 | 13.13
Other   |            | 0.087      |            |       |  1.33

Nlocal:    1331 ave 1331 max 1331 min
Histogram: 1 0 0 0 0 0 0 0 0 0
Nghost:    1066 ave 1066 max 1066 min
Histogram: 1 0 0 0 0 0 0 0 0 0
Neighs:    6690 ave 6690 max 6690 min
Histogram: 1 0 0 0 0 0 0 0 0 0

Total # of neighbors = 6690
Ave neighs/atom = 5.0263
Neighbor list builds = 2500
Dangerous builds not checked

write_restart NVT/sim1/T_0.80__v_15.62/end1.restart
Total wall time: 0:00:06
