run 50000
Neighbor list info ...
  update every 20 steps, delay 0 steps, check no
  max neighbors/atom: 2000, page size: 100000
  master list distance cutoff = 2.8
  ghost atom cutoff = 2.8
  binsize = 1.4, bins = 16 16 16
  1 neighbor lists, perpetual/occasional/extra = 1 0 0
  (1) pair lj/cut, perpetual
      attributes: half, newton on
      pair build: half/bin/atomonly/newton
      stencil: half/bin/3d/newton
      bin: standard
Per MPI rank memory allocation (min/avg/max) = 2.711 | 2.711 | 2.711 Mbytes
Step Temp Press TotEng 
       0          1.2   0.10377004    1.6038661 
    1000    1.3057612   0.12877803     1.080303 
    2000    1.1562564   0.11294858   0.76724377 
    3000    1.2346213   0.12765856   0.86866127 
    4000    1.2065676   0.10774248   0.81581035 
    5000    1.1851676   0.10804447   0.79637116 
    6000    1.2368302    0.1264076   0.89168341 
    7000    1.1911997   0.11603992   0.79954039 
    8000    1.2207703   0.11223153   0.86017143 
    9000    1.1733679   0.11445629   0.75674355 
   10000    1.2120365   0.10271156   0.83076561 
   11000    1.1955583   0.12002215    0.7980489 
   12000     1.192771   0.12272677   0.79843724 
   13000    1.1998254   0.11240063   0.81586165 
   14000    1.2378027   0.10475347   0.85234508 
   15000    1.1633009    0.1187037   0.73659814 
   16000    1.2086753    0.1177322   0.83501926 
   17000    1.1813097   0.10023035   0.82345751 
   18000    1.2358096    0.1181378   0.86902292 
   19000    1.1940711   0.10577796    0.8368802 
   20000    1.2065338   0.12769413    0.8092487 
   21000    1.2608915   0.11348495   0.93451177 
   22000    1.1925193   0.10645712   0.78829634 
   23000    1.1884405   0.11566241   0.81574576 
   24000    1.2141532   0.10198691   0.81493715 
   25000    1.1816333    0.1098031   0.74747334 
   26000    1.2060966   0.12105205    0.8220484 
   27000    1.2042952  0.094802963   0.79367669 
   28000    1.1989761   0.13256505   0.77380092 
   29000    1.1369608  0.092980665   0.68758487 
   30000    1.2138591   0.10956938   0.83609673 
   31000    1.1998204   0.10537664     0.838695 
   32000    1.1611338   0.10687644   0.73203022 
   33000    1.2264858   0.12137389   0.85362786 
   34000    1.1823425   0.11480324   0.81030186 
   35000    1.2107362   0.11762934    0.7905689 
   36000    1.1768557   0.10401585   0.77854044 
   37000    1.2032889  0.094602102   0.84655334 
   38000    1.1706741   0.11799729   0.73620188 
   39000    1.1975665  0.097113949   0.81241932 
   40000    1.1902036   0.10714726   0.82802216 
   41000     1.166339   0.10960678   0.72893029 
   42000    1.2422881  0.094937036   0.85328411 
   43000    1.2170607   0.10763096   0.81342623 
   44000    1.1601306   0.14178612   0.80189739 
   45000    1.2155227    0.1225127   0.87738086 
   46000     1.207668   0.12927332   0.82987043 
   47000    1.1950615   0.11851412   0.82534889 
   48000    1.2043424   0.11939152   0.81310387 
   49000    1.2008761   0.11093369   0.80391691 
   50000    1.2388637   0.10056658   0.87143747 
Loop time of 9.69829 on 1 procs for 50000 steps with 1331 atoms

Performance: 1781756.596 tau/day, 5155.546 timesteps/s
99.8% CPU use with 1 MPI tasks x no OpenMP threads

MPI task timing breakdown:
Section |  min time  |  avg time  |  max time  |%varavg| %total
---------------------------------------------------------------
Pair    | 6.298      | 6.298      | 6.298      |   0.0 | 64.94
Neigh   | 2.0506     | 2.0506     | 2.0506     |   0.0 | 21.14
Comm    | 0.38312    | 0.38312    | 0.38312    |   0.0 |  3.95
Output  | 0.023626   | 0.023626   | 0.023626   |   0.0 |  0.24
Modify  | 0.84932    | 0.84932    | 0.84932    |   0.0 |  8.76
Other   |            | 0.09358    |            |       |  0.96

Nlocal:    1331 ave 1331 max 1331 min
Histogram: 1 0 0 0 0 0 0 0 0 0
Nghost:    1330 ave 1330 max 1330 min
Histogram: 1 0 0 0 0 0 0 0 0 0
Neighs:    9473 ave 9473 max 9473 min
Histogram: 1 0 0 0 0 0 0 0 0 0

Total # of neighbors = 9473
Ave neighs/atom = 7.11721
Neighbor list builds = 2500
Dangerous builds not checked

write_restart NVT/sim1/T_1.20__v_6.86/end1.restart
Total wall time: 0:00:09
