run 50000
Neighbor list info ...
  update every 20 steps, delay 0 steps, check no
  max neighbors/atom: 2000, page size: 100000
  master list distance cutoff = 2.8
  ghost atom cutoff = 2.8
  binsize = 1.4, bins = 22 22 22
  1 neighbor lists, perpetual/occasional/extra = 1 0 0
  (1) pair lj/cut, perpetual
      attributes: half, newton on
      pair build: half/bin/atomonly/newton
      stencil: half/bin/3d/newton
      bin: standard
Per MPI rank memory allocation (min/avg/max) = 2.739 | 2.739 | 2.739 Mbytes
Step Temp Press TotEng 
       0          0.8  0.037779369    1.1867694 
    1000    0.8578855  0.031990341   0.97355316 
    2000   0.78342191  0.027787196   0.79736496 
    3000   0.79641598  0.025561976   0.76609102 
    4000   0.80860516  0.025369985     0.721988 
    5000   0.80852948  0.029658471   0.73937497 
    6000   0.79617344  0.025113963   0.71663827 
    7000   0.79765234  0.029940592    0.6786016 
    8000   0.82128137  0.028241437   0.71275698 
    9000   0.78768357  0.025219424   0.65750089 
   10000    0.8055349  0.026385943   0.67892427 
   11000   0.78639213  0.023264873   0.67765807 
   12000   0.80882051  0.024640243   0.69214822 
   13000   0.81542076  0.026870453   0.72479605 
   14000   0.79871208  0.025434945   0.67425298 
   15000   0.80563659  0.027791481   0.72679043 
   16000   0.80172763   0.02815699   0.68995903 
   17000   0.79876981  0.025120968    0.6755718 
   18000    0.8244142  0.031618567   0.73800747 
   19000    0.7890902  0.028251464   0.64430788 
   20000   0.80158786   0.02682555   0.68207285 
   21000   0.81812934  0.029636731   0.69329722 
   22000   0.77566779  0.027385363   0.64120752 
   23000   0.81655591  0.029874508   0.70108214 
   24000   0.75978601  0.025370628   0.60490838 
   25000   0.80037052  0.028346468   0.69688551 
   26000   0.78758667  0.026307021   0.68351793 
   27000   0.79221745  0.025281833   0.66808324 
   28000   0.79906289  0.026016807   0.66332224 
   29000    0.8194606  0.028950868   0.72525536 
   30000   0.78880251  0.024277237    0.6484472 
   31000   0.81603076  0.026653517   0.68837744 
   32000   0.80026489  0.027017076   0.67934836 
   33000   0.77685949  0.028562188   0.63675636 
   34000   0.81123893  0.028095765   0.71682786 
   35000    0.7820129  0.023553497   0.66604811 
   36000   0.79831311  0.025392715   0.68882375 
   37000   0.79265501  0.026384204   0.67152245 
   38000    0.7902598  0.024082026   0.65577982 
   39000   0.77227802  0.023748407   0.59060634 
   40000   0.82548126  0.024223751   0.67748407 
   41000   0.79363123  0.022355515   0.61896546 
   42000   0.79634694  0.025881518   0.63580735 
   43000   0.79070076  0.024234361   0.66144824 
   44000   0.80618208  0.029453039    0.6685228 
   45000   0.83409605  0.026785818   0.73443618 
   46000   0.81254345    0.0255269   0.66941762 
   47000   0.78007884  0.022727358   0.62196517 
   48000   0.82653145  0.026744744   0.70729888 
   49000   0.78894406   0.02448316   0.65972371 
   50000   0.83661583  0.028493516   0.74741524 
Loop time of 5.01974 on 1 procs for 50000 steps with 1331 atoms

Performance: 3442410.318 tau/day, 9960.678 timesteps/s
99.6% CPU use with 1 MPI tasks x no OpenMP threads

MPI task timing breakdown:
Section |  min time  |  avg time  |  max time  |%varavg| %total
---------------------------------------------------------------
Pair    | 2.6526     | 2.6526     | 2.6526     |   0.0 | 52.84
Neigh   | 1.1339     | 1.1339     | 1.1339     |   0.0 | 22.59
Comm    | 0.27114    | 0.27114    | 0.27114    |   0.0 |  5.40
Output  | 0.022173   | 0.022173   | 0.022173   |   0.0 |  0.44
Modify  | 0.86036    | 0.86036    | 0.86036    |   0.0 | 17.14
Other   |            | 0.07959    |            |       |  1.59

Nlocal:    1331 ave 1331 max 1331 min
Histogram: 1 0 0 0 0 0 0 0 0 0
Nghost:    831 ave 831 max 831 min
Histogram: 1 0 0 0 0 0 0 0 0 0
Neighs:    3919 ave 3919 max 3919 min
Histogram: 1 0 0 0 0 0 0 0 0 0

Total # of neighbors = 3919
Ave neighs/atom = 2.9444
Neighbor list builds = 2500
Dangerous builds not checked

write_restart NVT/sim1/T_0.80__v_21.95/end1.restart
Total wall time: 0:00:05
