run 50000
Neighbor list info ...
  update every 20 steps, delay 0 steps, check no
  max neighbors/atom: 2000, page size: 100000
  master list distance cutoff = 2.8
  ghost atom cutoff = 2.8
  binsize = 1.4, bins = 16 16 16
  1 neighbor lists, perpetual/occasional/extra = 1 0 0
  (1) pair lj/cut, perpetual
      attributes: half, newton on
      pair build: half/bin/atomonly/newton
      stencil: half/bin/3d/newton
      bin: standard
Per MPI rank memory allocation (min/avg/max) = 2.7 | 2.7 | 2.7 Mbytes
Step Temp Press Volume Density PotEng KinEng TotEng 
       0          0.4  0.004552278        10648        0.125  -0.13561964   0.59954921   0.46392957 
    1000    1.0038634   0.07287884    4633.7575   0.28723989   -1.8586457    1.5046638  -0.35398188 
    2000   0.83199385  -0.15304823    2713.3291   0.49054131   -3.2094208    1.2470531   -1.9623676 
    3000   0.76816064    0.1284648    1818.5168   0.73191515   -4.5873754    1.1513753   -3.4360001 
    4000   0.61251832    1.0289089    1517.6998   0.87698504   -5.4466896   0.91808719   -4.5286024 
    5000   0.45550259    1.1016399     1430.118   0.93069246   -5.9022677   0.68274055   -5.2195271 
    6000   0.37647152    1.1883044    1390.9007   0.95693386    -6.128884   0.56428301    -5.564601 
    7000   0.37350785    1.1461262    1382.2978   0.96288948   -6.1916819   0.55984084    -5.631841 
    8000   0.42155833    1.0843723     1390.715   0.95706167   -6.1501153   0.63186241   -5.5182529 
    9000   0.41489943    1.0666274    1391.0928   0.95680171   -6.1591854   0.62188156   -5.5373039 
   10000   0.37837005    1.1132543    1382.5932   0.96268377   -6.1976266   0.56712867   -5.6304979 
   11000    0.4044397    1.1181692     1384.476   0.96137457   -6.1909762   0.60620376   -5.5847725 
   12000   0.40986176    1.1306739    1388.7295   0.95842999    -6.158595   0.61433074   -5.5442642 
   13000   0.40446403    1.0645087    1383.3228   0.96217598   -6.2035382   0.60624023    -5.597298 
   14000   0.39114416    1.1140379    1381.5052    0.9634419   -6.2054049   0.58627543   -5.6191295 
   15000   0.40782624    1.1455306    1384.6589   0.96124756   -6.1805376   0.61127975   -5.5692579 
   16000   0.39070196    1.0431253    1389.9898   0.95756098     -6.16156   0.58561264   -5.5759473 
   17000    0.3898531    1.3464352     1373.509   0.96905077   -6.2174007   0.58434029   -5.6330604 
   18000   0.39112636    1.0370098     1382.763   0.96256551   -6.2104738   0.58624876    -5.624225 
   19000   0.42163803    1.0366607    1384.8664   0.96110357   -6.2019791   0.63198186   -5.5699972 
   20000   0.40826767    1.1242803    1377.7853    0.9660431   -6.2321371    0.6119414   -5.6201957 
   21000   0.39058983    1.0194633    1379.3709    0.9649326   -6.2411972   0.58544456   -5.6557526 
   22000   0.42146874    1.1370081     1378.661   0.96542948   -6.2279866   0.63172813   -5.5962585 
   23000   0.39981672    1.0174237     1383.098   0.96233242   -6.2117468    0.5992745   -5.6124723 
   24000   0.39302968     1.231186    1372.4775   0.96977913   -6.2486908   0.58910158   -5.6595892 
   25000    0.3955949    1.1256719    1376.4116   0.96700724   -6.2460001   0.59294653   -5.6530536 
   26000   0.40306784    1.2092354    1375.1433   0.96789912   -6.2332196   0.60414752   -5.6290721 
   27000    0.4001127    1.0644132    1374.9844   0.96801095   -6.2667957   0.59971813   -5.6670776 
   28000   0.39314732    1.2175515    1371.4488   0.97050652   -6.2601193   0.58927791   -5.6708413 
   29000   0.40381532    1.0464991    1377.5006   0.96624275   -6.2477357   0.60526789   -5.6424678 
   30000   0.40228069    1.0732984    1372.8845   0.96949158   -6.2715665   0.60296768   -5.6685988 
   31000   0.39432728     1.087398    1370.0479   0.97149891   -6.2898306   0.59104652   -5.6987841 
   32000   0.41072683    1.0570205    1372.6159   0.96968129   -6.2830402   0.61562737   -5.6674128 
   33000   0.40453587    1.0956897     1372.125   0.97002827   -6.2747113   0.60634791   -5.6683634 
   34000   0.39333552    1.0482676    1369.4122   0.97194988   -6.3007562      0.58956   -5.7111962 
   35000   0.40548311    1.2396664    1362.6273   0.97678947   -6.3200835   0.60776769   -5.7123158 
   36000   0.39064852    1.0218398    1373.0598   0.96936784   -6.2788762   0.58553253   -5.6933436 
   37000    0.4059385    1.3026923    1359.9731   0.97869583   -6.3227621   0.60845027   -5.7143118 
   38000    0.3909136   0.86704027    1367.1649   0.97354753   -6.3528505   0.58592985   -5.7669206 
   39000   0.41162263    1.1589527    1360.8636   0.97805544   -6.3471074   0.61697006   -5.7301373 
   40000   0.40412612   0.98210099    1364.7028   0.97530396   -6.3492478   0.60573373    -5.743514 
   41000   0.39650361    1.2417362    1350.1282   0.98583232   -6.4043697   0.59430856   -5.8100611 
   42000   0.39644665   0.93476269    1351.9057   0.98453616   -6.4495471   0.59422319   -5.8553239 
   43000   0.41498643    1.3612624    1335.7933   0.99641167    -6.493942   0.62201197     -5.87193 
   44000   0.38504156   0.94911113    1335.0534   0.99696385   -6.5703509    0.5771284   -5.9932225 
   45000   0.38244953    1.1940251    1326.6847    1.0032527   -6.5900947   0.57324329   -6.0168515 
   46000   0.43508223     1.020031    1330.2688    1.0005497   -6.6101642   0.65213302   -5.9580312 
   47000    0.4194299   0.98587403    1320.1834    1.0081932   -6.6835661   0.62867216   -6.0548939 
   48000   0.38645366    1.0667959    1311.2904    1.0150307   -6.7343446   0.57924497   -6.1550996 
   49000   0.40209851    1.0277813    1318.1279    1.0097654   -6.6890853    0.6026946   -6.0863907 
   50000   0.41296756    1.1590227    1318.9144    1.0091633   -6.6629793   0.61898594   -6.0439934 
Loop time of 42.5272 on 1 procs for 50000 steps with 1331 atoms

Performance: 406328.087 tau/day, 1175.718 timesteps/s
99.9% CPU use with 1 MPI tasks x no OpenMP threads

MPI task timing breakdown:
Section |  min time  |  avg time  |  max time  |%varavg| %total
---------------------------------------------------------------
Pair    | 34.374     | 34.374     | 34.374     |   0.0 | 80.83
Neigh   | 5.0976     | 5.0976     | 5.0976     |   0.0 | 11.99
Comm    | 0.75274    | 0.75274    | 0.75274    |   0.0 |  1.77
Output  | 0.025195   | 0.025195   | 0.025195   |   0.0 |  0.06
Modify  | 2.0482     | 2.0482     | 2.0482     |   0.0 |  4.82
Other   |            | 0.23       |            |       |  0.54

Nlocal:    1331 ave 1331 max 1331 min
Histogram: 1 0 0 0 0 0 0 0 0 0
Nghost:    3291 ave 3291 max 3291 min
Histogram: 1 0 0 0 0 0 0 0 0 0
Neighs:    57493 ave 57493 max 57493 min
Histogram: 1 0 0 0 0 0 0 0 0 0

Total # of neighbors = 57493
Ave neighs/atom = 43.1953
Neighbor list builds = 2500
Dangerous builds not checked

write_restart lattice_11_11_11__2_2_2/sim1/T_0.40__P_1.10/end1.restart
Total wall time: 0:00:42
