run 50000
Neighbor list info ...
  update every 20 steps, delay 0 steps, check no
  max neighbors/atom: 2000, page size: 100000
  master list distance cutoff = 2.8
  ghost atom cutoff = 2.8
  binsize = 1.4, bins = 16 16 16
  1 neighbor lists, perpetual/occasional/extra = 1 0 0
  (1) pair lj/cut, perpetual
      attributes: half, newton on
      pair build: half/bin/atomonly/newton
      stencil: half/bin/3d/newton
      bin: standard
Per MPI rank memory allocation (min/avg/max) = 2.7 | 2.7 | 2.7 Mbytes
Step Temp Press Volume Density PotEng KinEng TotEng 
       0          1.3   0.11696776        10648        0.125  -0.13561964    1.9485349    1.8129153 
    1000    1.6050685   0.25088205    8106.1244   0.16419684   -0.9067943    2.4057938    1.4989995 
    2000    1.4243774   0.19694686    6597.9394   0.20172965   -1.2255432    2.1349609   0.90941775 
    3000     1.297356   0.19996702    5486.7809   0.24258304   -1.4377419     1.944572   0.50683002 
    4000    1.3317166   0.23111191    4672.6593    0.2848485   -1.7468979    1.9960741   0.24917613 
    5000    1.3118297   0.22442384    4083.2086   0.32596914   -1.9570156    1.9662662 0.0092505785 
    6000     1.319964    0.2374333    3633.1744    0.3663463   -2.1787023    1.9784585   -0.2002438 
    7000    1.2944141   0.27537119    3302.5093   0.40302688   -2.3489654    1.9401624  -0.40880298 
    8000     1.302812   0.24565356    3057.5144   0.43532093   -2.5167398    1.9527498  -0.56398996 
    9000    1.3304129   0.32817441    2872.5379   0.46335332   -2.7108003    1.9941201  -0.71668024 
   10000    1.3031669   0.39298057    2750.0917   0.48398386   -2.8092333    1.9532817  -0.85595158 
   11000    1.2750481   0.34474781    2681.2266   0.49641459   -2.8454661    1.9111352  -0.93433084 
   12000    1.3040999   0.45303477    2630.2912   0.50602763   -2.9044838    1.9546802  -0.94980359 
   13000    1.2966533   0.47542972    2646.3492   0.50295705   -2.8531369    1.9435187  -0.90961823 
   14000    1.2864284   0.36754234    2732.0998   0.48717108   -2.8271891    1.9281928  -0.89899629 
   15000    1.3177116   0.43167835    2751.1538   0.48379701   -2.7453071    1.9750824  -0.77022472 
   16000    1.2965598   0.36959226    2741.7502   0.48545633   -2.8177251    1.9433785  -0.87434657 
   17000    1.3128922   0.45545155    2681.1863   0.49642206   -2.8462138    1.9678587  -0.87835514 
   18000    1.2886482   0.31288017    2641.3556   0.50390792   -2.8991709      1.93152   -0.9676509 
   19000    1.2319089   0.35786757    2619.7179   0.50806997   -2.9161626     1.846475   -1.0696876 
   20000    1.3271574   0.41114624    2595.8369   0.51274408   -2.9351773    1.9892405  -0.94593684 
   21000    1.2971014   0.40049706    2688.9082   0.49499644   -2.8443929    1.9441903  -0.90020255 
   22000    1.3007297   0.37080873    2715.4498    0.4901582   -2.8040569    1.9496287  -0.85442823 
   23000    1.2709419   0.36995175    2708.5412   0.49140844   -2.8430612    1.9049806  -0.93808057 
   24000    1.2824457   0.42325833    2566.6552   0.51857375   -2.9691078    1.9222232   -1.0468846 
   25000    1.2612517   0.56061574    2562.1884   0.51947779    -2.971511    1.8904562   -1.0810548 
   26000    1.3203081   0.33746923    2636.6153   0.50481387   -2.9212158    1.9789743  -0.94224154 
   27000    1.3171057   0.29945758    2648.4413   0.50255976   -2.9015428    1.9741742  -0.92736859 
   28000    1.3428886   0.30954172    2661.6671   0.50006254   -2.9040482    2.0128194  -0.89122879 
   29000    1.2610613   0.39628718    2751.8787   0.48366957   -2.7680505    1.8901708  -0.87787977 
   30000     1.351946   0.49440049    2717.6885   0.48975444   -2.7711127    2.0263954  -0.74471735 
   31000    1.2898787   0.36264761    2783.5864   0.47816012   -2.7760297    1.9333644   -0.8426653 
   32000     1.272378   0.42662407    2719.3635   0.48945278   -2.7828933     1.907133  -0.87576022 
   33000    1.3164165   0.53724265    2636.6055   0.50481576   -2.8320617    1.9731412  -0.85892049 
   34000    1.3029917   0.34921595    2654.3809    0.5014352   -2.8991854    1.9530192  -0.94616624 
   35000     1.290949   0.25758137    2646.2421    0.5029774   -2.8894414    1.9349686  -0.95447282 
   36000    1.2979943   0.45456291    2652.2627   0.50183566   -2.8657873    1.9455286  -0.92025868 
   37000    1.3444147   0.45103325    2722.2385   0.48893585   -2.8163729    2.0151069  -0.80126601 
   38000    1.2985129   0.24166327    2813.3408   0.47310301   -2.7512075    1.9463059  -0.80490162 
   39000    1.2975037   0.39708686    2767.8886   0.48087195   -2.7538642    1.9447932  -0.80907093 
   40000    1.3406797   0.46363373    2667.8958   0.49889504   -2.8601686    2.0095086  -0.85065997 
   41000    1.2857137   0.40232966    2668.0798   0.49886064   -2.8685232    1.9271216  -0.94140168 
   42000    1.2988561   0.45884912    2632.5706   0.50558947   -2.8786846    1.9468204  -0.93186426 
   43000    1.2724244   0.28171019    2654.2874   0.50145286     -2.91151    1.9072026   -1.0043074 
   44000     1.307487   0.18361187    2675.7169   0.49743679   -2.8911929     1.959757  -0.93143587 
   45000    1.3420195    0.4927786    2667.7758   0.49891749   -2.8325933    2.0115169  -0.82107637 
   46000    1.3007726   0.35503395    2735.5691   0.48655323   -2.8003961     1.949693  -0.85070318 
   47000    1.2872421   0.38867044    2693.1328   0.49421997   -2.8314098    1.9294124  -0.90199735 
   48000    1.2829754   0.38371733    2676.6101   0.49727078   -2.8752976    1.9230173  -0.95228035 
   49000    1.3407146   0.22592978    2710.0821   0.49112902   -2.8438625    2.0095609  -0.83430155 
   50000    1.3292544   0.41538773    2809.6987   0.47371628   -2.7201973    1.9923836  -0.72781371 
Loop time of 28.8267 on 1 procs for 50000 steps with 1331 atoms

Performance: 599445.144 tau/day, 1734.506 timesteps/s
99.5% CPU use with 1 MPI tasks x no OpenMP threads

MPI task timing breakdown:
Section |  min time  |  avg time  |  max time  |%varavg| %total
---------------------------------------------------------------
Pair    | 21.457     | 21.457     | 21.457     |   0.0 | 74.44
Neigh   | 4.1538     | 4.1538     | 4.1538     |   0.0 | 14.41
Comm    | 0.7016     | 0.7016     | 0.7016     |   0.0 |  2.43
Output  | 0.02945    | 0.02945    | 0.02945    |   0.0 |  0.10
Modify  | 2.3365     | 2.3365     | 2.3365     |   0.0 |  8.11
Other   |            | 0.1479     |            |       |  0.51

Nlocal:    1331 ave 1331 max 1331 min
Histogram: 1 0 0 0 0 0 0 0 0 0
Nghost:    2341 ave 2341 max 2341 min
Histogram: 1 0 0 0 0 0 0 0 0 0
Neighs:    28562 ave 28562 max 28562 min
Histogram: 1 0 0 0 0 0 0 0 0 0

Total # of neighbors = 28562
Ave neighs/atom = 21.4591
Neighbor list builds = 2500
Dangerous builds not checked

write_restart lattice_11_11_11__2_2_2/sim1/T_1.30__P_0.40/end1.restart
Total wall time: 0:00:28
