run 50000
Neighbor list info ...
  update every 20 steps, delay 0 steps, check no
  max neighbors/atom: 2000, page size: 100000
  master list distance cutoff = 2.8
  ghost atom cutoff = 2.8
  binsize = 1.4, bins = 13 13 13
  1 neighbor lists, perpetual/occasional/extra = 1 0 0
  (1) pair lj/cut, perpetual
      attributes: half, newton on
      pair build: half/bin/atomonly/newton
      stencil: half/bin/3d/newton
      bin: standard
Per MPI rank memory allocation (min/avg/max) = 2.742 | 2.742 | 2.742 Mbytes
Step Temp Press TotEng 
       0          1.8 -0.064825179    1.7221317 
    1000     1.834572   0.46125472    1.2805098 
    2000    1.7452893   0.38434876    1.1263127 
    3000    1.8227987     0.518278    1.2846942 
    4000    1.7361637    0.3837701    1.1174571 
    5000    1.8669906   0.48733934    1.2807288 
    6000    1.7951429   0.41670962    1.2072136 
    7000    1.8061066   0.41507868    1.1931067 
    8000    1.8485433   0.42645173     1.299416 
    9000    1.7883764   0.37884118    1.1301206 
   10000    1.8277864   0.38880927    1.2539747 
   11000    1.7491768   0.42247094    1.1141009 
   12000    1.8328422   0.42468494    1.2495465 
   13000    1.7911891   0.44288976    1.1940349 
   14000    1.7745921   0.39596666    1.1663231 
   15000     1.795313   0.43402838    1.2362756 
   16000    1.7737472    0.4207611    1.1653141 
   17000    1.8285421   0.43536314    1.2915221 
   18000    1.7597288   0.39320284    1.1071492 
   19000    1.8302272    0.4576811    1.2696381 
   20000    1.7788608   0.42572694    1.1680527 
   21000    1.8567402   0.44821381    1.2707132 
   22000    1.7928508   0.38809894    1.2426159 
   23000    1.7715764   0.44059066    1.1649191 
   24000    1.8433851   0.50751003     1.305097 
   25000    1.7544541   0.44818413    1.1192034 
   26000    1.8256209   0.42724753    1.2514443 
   27000    1.8142911   0.45401709    1.2100785 
   28000    1.8025055   0.42888858    1.1922172 
   29000    1.8393895    0.4224088    1.2893397 
   30000    1.7832646   0.50619038    1.1784936 
   31000    1.8291963   0.44231077    1.2628548 
   32000    1.7957863   0.36977245    1.1738732 
   33000    1.7933862   0.43206252    1.1687574 
   34000     1.849474   0.50172865    1.3114509 
   35000    1.7851597   0.37973488    1.1965601 
   36000    1.8510672   0.36325979    1.2694196 
   37000    1.7883814   0.50166701    1.2474333 
   38000    1.7893845   0.45422779    1.1902917 
   39000    1.8178449   0.41871652    1.2553281 
   40000    1.7299502   0.42751241    1.1151789 
   41000    1.8184645   0.37851941    1.2264549 
   42000     1.769273   0.42023731    1.1727894 
   43000    1.8515172   0.42801718    1.3236683 
   44000    1.7749638   0.41657914    1.1646665 
   45000    1.8189456   0.44651824    1.2513211 
   46000    1.8115206   0.41487845    1.1926074 
   47000    1.7920342   0.47203714    1.2105861 
   48000    1.7966202   0.47513886    1.2180363 
   49000    1.7481694   0.42096523     1.134684 
   50000    1.8178784   0.44199199    1.2421133 
Loop time of 15.0147 on 1 procs for 50000 steps with 1331 atoms

Performance: 1150873.409 tau/day, 3330.074 timesteps/s
99.9% CPU use with 1 MPI tasks x no OpenMP threads

MPI task timing breakdown:
Section |  min time  |  avg time  |  max time  |%varavg| %total
---------------------------------------------------------------
Pair    | 10.769     | 10.769     | 10.769     |   0.0 | 71.73
Neigh   | 2.7806     | 2.7806     | 2.7806     |   0.0 | 18.52
Comm    | 0.48544    | 0.48544    | 0.48544    |   0.0 |  3.23
Output  | 0.02343    | 0.02343    | 0.02343    |   0.0 |  0.16
Modify  | 0.85114    | 0.85114    | 0.85114    |   0.0 |  5.67
Other   |            | 0.1047     |            |       |  0.70

Nlocal:    1331 ave 1331 max 1331 min
Histogram: 1 0 0 0 0 0 0 0 0 0
Nghost:    1785 ave 1785 max 1785 min
Histogram: 1 0 0 0 0 0 0 0 0 0
Neighs:    16534 ave 16534 max 16534 min
Histogram: 1 0 0 0 0 0 0 0 0 0

Total # of neighbors = 16534
Ave neighs/atom = 12.4222
Neighbor list builds = 2500
Dangerous builds not checked

write_restart NVT/sim1/T_1.80__v_3.38/end1.restart
Total wall time: 0:00:15
