run 50000
Neighbor list info ...
  update every 20 steps, delay 0 steps, check no
  max neighbors/atom: 2000, page size: 100000
  master list distance cutoff = 2.8
  ghost atom cutoff = 2.8
  binsize = 1.4, bins = 23 23 23
  1 neighbor lists, perpetual/occasional/extra = 1 0 0
  (1) pair lj/cut, perpetual
      attributes: half, newton on
      pair build: half/bin/atomonly/newton
      stencil: half/bin/3d/newton
      bin: standard
Per MPI rank memory allocation (min/avg/max) = 2.748 | 2.748 | 2.748 Mbytes
Step Temp Press TotEng 
       0          0.6    0.0253111   0.88699476 
    1000   0.66519972  0.025855388   0.70218945 
    2000   0.60679189  0.015609656   0.49455785 
    3000   0.59175686  0.015943725   0.39326605 
    4000   0.61631843  0.012772769   0.40904024 
    5000   0.60188386  0.016434075   0.33379555 
    6000   0.60620094  0.013551605   0.27534907 
    7000   0.58679001  0.013993633   0.19265358 
    8000   0.63141312  0.012407257   0.23423025 
    9000   0.59462295  0.010529253   0.17393469 
   10000   0.60223043  0.013500039   0.13162284 
   11000   0.59850914 0.0091731727  0.097605771 
   12000   0.60417843  0.012094751  0.055306708 
   13000   0.60205908  0.014518456 -0.00083280215 
   14000   0.59797742 0.0058657068 -0.052634573 
   15000    0.5992318  0.010521929 -0.089208203 
   16000    0.6119311  0.013352421 -0.089399693 
   17000   0.60392108  0.019698037  -0.17041671 
   18000   0.59535564  0.010659049  -0.19149843 
   19000   0.60383914 0.0084700295  -0.25309655 
   20000   0.60730431   0.01390201  -0.31460576 
   21000   0.60901562 0.0048866197  -0.36328512 
   22000   0.59783036 0.0099208096    -0.409716 
   23000     0.597998 0.0067768641  -0.47382022 
   24000   0.60341745  0.007471522  -0.46212048 
   25000   0.59077684  0.013148817  -0.53496781 
   26000   0.59524784   0.01237083  -0.56351651 
   27000   0.59980905  0.016346147  -0.62038474 
   28000   0.59410758  0.011670198  -0.62327475 
   29000   0.59388286 0.0069752313  -0.61939789 
   30000   0.58488734 0.0040737336  -0.70433769 
   31000   0.59672765 -0.0016509832  -0.77029298 
   32000   0.60833052 0.0068441817  -0.77387564 
   33000   0.58616348 0.0084197177  -0.82716393 
   34000   0.61921678  0.008628356  -0.81127068 
   35000   0.60723644  0.010668968  -0.80738819 
   36000   0.61441235 0.0090043887  -0.85803411 
   37000   0.60788107 0.0098238409  -0.91203977 
   38000   0.61101739 0.0068497925  -0.97308346 
   39000   0.58579085  0.002550139  -0.99974952 
   40000    0.6145232  0.009360932   -1.0819784 
   41000   0.58841969   0.01159154   -1.1439827 
   42000    0.5982023 0.0086509537   -1.1932552 
   43000   0.60583101 0.00088565118   -1.2317247 
   44000     0.621802  0.012749302   -1.2693025 
   45000    0.6180078 -0.00074052704   -1.3172487 
   46000   0.61020223 0.0071790062   -1.3837609 
   47000   0.59980447 0.0062611756   -1.4028619 
   48000   0.63589141 0.0016548635   -1.3815722 
   49000   0.62354931  0.012196464   -1.4758568 
   50000   0.59645286 0.0022824552   -1.5408371 
Loop time of 8.62513 on 1 procs for 50000 steps with 1331 atoms

Performance: 2003447.309 tau/day, 5797.012 timesteps/s
99.8% CPU use with 1 MPI tasks x no OpenMP threads

MPI task timing breakdown:
Section |  min time  |  avg time  |  max time  |%varavg| %total
---------------------------------------------------------------
Pair    | 5.9893     | 5.9893     | 5.9893     |   0.0 | 69.44
Neigh   | 1.4719     | 1.4719     | 1.4719     |   0.0 | 17.06
Comm    | 0.22874    | 0.22874    | 0.22874    |   0.0 |  2.65
Output  | 0.017102   | 0.017102   | 0.017102   |   0.0 |  0.20
Modify  | 0.84245    | 0.84245    | 0.84245    |   0.0 |  9.77
Other   |            | 0.0757     |            |       |  0.88

Nlocal:    1331 ave 1331 max 1331 min
Histogram: 1 0 0 0 0 0 0 0 0 0
Nghost:    866 ave 866 max 866 min
Histogram: 1 0 0 0 0 0 0 0 0 0
Neighs:    18667 ave 18667 max 18667 min
Histogram: 1 0 0 0 0 0 0 0 0 0

Total # of neighbors = 18667
Ave neighs/atom = 14.0248
Neighbor list builds = 2500
Dangerous builds not checked

write_restart NVT/sim1/T_0.60__v_24.39/end1.restart
Total wall time: 0:00:08
