run 50000
Neighbor list info ...
  update every 20 steps, delay 0 steps, check no
  max neighbors/atom: 2000, page size: 100000
  master list distance cutoff = 2.8
  ghost atom cutoff = 2.8
  binsize = 1.4, bins = 16 16 16
  1 neighbor lists, perpetual/occasional/extra = 1 0 0
  (1) pair lj/cut, perpetual
      attributes: half, newton on
      pair build: half/bin/atomonly/newton
      stencil: half/bin/3d/newton
      bin: standard
Per MPI rank memory allocation (min/avg/max) = 2.7 | 2.7 | 2.7 Mbytes
Step Temp Press Volume Density PotEng KinEng TotEng 
       0          1.2   0.10447715        10648        0.125  -0.13561964    1.7986476     1.663028 
    1000    1.7653957   0.38578655    6120.8421   0.21745374   -1.1791891     2.646104     1.466915 
    2000    1.5287563   0.32945503     4271.596   0.31159314   -1.7588199    2.2914115   0.53259164 
    3000    1.3958482   0.38313165    3212.8836    0.4142696    -2.382633    2.0921993  -0.29043374 
    4000      1.33137   0.49899889    2548.6424   0.52223881   -2.9856856    1.9955546  -0.99013094 
    5000    1.2959679   0.76906293    2160.6723   0.61601197    -3.527059    1.9424914   -1.5845676 
    6000    1.2166979    1.1837763    1948.7482   0.68300257   -3.8947679    1.8236756   -2.0710922 
    7000    1.1538941    1.2216399    1866.5913    0.7130645   -4.1071558    1.7295408    -2.377615 
    8000    1.1897892    1.3223882    1852.1078   0.71864069   -4.1501218     1.783343   -2.3667788 
    9000    1.2466833    1.1254816    1883.4498   0.70668196   -4.0857058      1.86862   -2.2170858 
   10000    1.1968059    1.4280937    1878.8198   0.70842346   -4.0285055    1.7938601   -2.2346454 
   11000    1.2012387    1.1935345    1859.1779   0.71590781   -4.1419473    1.8005043    -2.341443 
   12000    1.1909271     1.375441    1862.8158   0.71450972   -4.0950866    1.7850486    -2.310038 
   13000    1.2371591    1.3753695    1873.7226   0.71035061   -4.0632579    1.8543444   -2.2089136 
   14000    1.2165005    1.4681619    1863.3752   0.71429522   -4.0719279    1.8233798   -2.2485481 
   15000    1.2136884    1.3609525    1844.5763   0.72157494   -4.1507571    1.8191648   -2.3315923 
   16000    1.2146183    1.3019058    1850.8909   0.71911314   -4.1351782    1.8205586   -2.3146196 
   17000     1.198395    1.3532309    1882.8256   0.70691625   -4.0356871    1.7962419   -2.2394452 
   18000     1.216726    1.0728148    1895.7252   0.70210599   -4.0401493    1.8237178   -2.2164316 
   19000    1.1626666    1.2285556     1880.812   0.70767308   -4.0518725    1.7426895   -2.3091829 
   20000    1.1693087    1.0567712    1877.7709   0.70881916   -4.0989007    1.7526453   -2.3462554 
   21000    1.1714891    1.1377963    1898.3473   0.70113621   -4.0182814    1.7559134    -2.262368 
   22000     1.208092    1.2072526    1891.5389   0.70365987   -4.0266503    1.8107765   -2.2158738 
   23000    1.1758273    1.3755719    1865.5506   0.71346227   -4.0804394    1.7624158   -2.3180236 
   24000    1.2096552    1.1096898     1865.542   0.71346557    -4.140441    1.8131196   -2.3273213 
   25000    1.2003314    1.2593457    1879.1959   0.70828168   -4.0524288    1.7991443   -2.2532845 
   26000    1.2394776    1.2327424    1870.9299   0.71141095   -4.1074847    1.8578195   -2.2496652 
   27000    1.1745119    1.4441389    1845.1476    0.7213515   -4.1090531    1.7604442   -2.3486089 
   28000    1.2253131      1.34857    1858.6214   0.71612217   -4.0947748    1.8365887   -2.2581861 
   29000     1.261984    1.1643673    1863.8502    0.7141132   -4.1336173    1.8915538   -2.2420635 
   30000    1.1910033    1.2084185    1864.3869   0.71390763   -4.1001631    1.7851627   -2.3150004 
   31000    1.1496786    1.3799607    1842.2479   0.72248692     -4.12844    1.7232222   -2.4052178 
   32000    1.1955061    1.3097567    1862.2811   0.71471486   -4.0998457    1.7919119   -2.3079338 
   33000    1.1747325    1.2351114    1884.9643   0.70611416   -4.0347514    1.7607748   -2.2739765 
   34000    1.1846759    1.1249077    1882.9609   0.70686545   -4.0880573    1.7756787   -2.3123786 
   35000    1.1778532    1.2532436    1863.8967   0.71409537   -4.1095421    1.7654524   -2.3440897 
   36000    1.2037853    1.1544493    1885.3297   0.70597732   -4.0736214    1.8043213   -2.2693001 
   37000    1.2009375    1.2454073    1887.5005   0.70516536    -4.034177    1.8000528   -2.2341241 
   38000    1.2213516    1.2933047    1878.5851   0.70851197   -4.0889524    1.8306509   -2.2583015 
   39000    1.1897781    1.2740252    1874.2422   0.71015369   -4.0795643    1.7833263    -2.296238 
   40000    1.1496679    1.3438395    1845.3044    0.7212902   -4.1539563    1.7232062   -2.4307501 
   41000     1.163048    1.2112147    1868.1767   0.71245936   -4.0898994    1.7432613   -2.3466381 
   42000    1.1964245    1.1979012    1874.1655   0.71018274   -4.0731617    1.7932884   -2.2798733 
   43000    1.1942329    1.4875292    1872.3071   0.71088765   -4.0414672    1.7900035   -2.2514637 
   44000    1.2187015    1.4014557     1866.033   0.71327784   -4.0888158    1.8266788   -2.2621371 
   45000    1.1858504    1.2157943    1858.1317   0.71631089   -4.1162954    1.7774392   -2.3388562 
   46000    1.1888379    1.3193365    1853.8339   0.71797155   -4.1171252    1.7819171   -2.3352081 
   47000    1.2473048    1.2408977    1878.8369     0.708417   -4.0908416    1.8695515     -2.22129 
   48000    1.1987099    1.3077197    1863.2542    0.7143416   -4.0965957     1.796714   -2.2998817 
   49000    1.1602749    1.4222892    1861.0928    0.7151712   -4.0850085    1.7391047   -2.3459038 
   50000     1.169408    1.4052837    1884.8259     0.706166   -4.0119653    1.7527941   -2.2591712 
Loop time of 38.6339 on 1 procs for 50000 steps with 1331 atoms

Performance: 447276.065 tau/day, 1294.202 timesteps/s
99.8% CPU use with 1 MPI tasks x no OpenMP threads

MPI task timing breakdown:
Section |  min time  |  avg time  |  max time  |%varavg| %total
---------------------------------------------------------------
Pair    | 30.284     | 30.284     | 30.284     |   0.0 | 78.39
Neigh   | 4.987      | 4.987      | 4.987      |   0.0 | 12.91
Comm    | 0.80714    | 0.80714    | 0.80714    |   0.0 |  2.09
Output  | 0.027988   | 0.027988   | 0.027988   |   0.0 |  0.07
Modify  | 2.3551     | 2.3551     | 2.3551     |   0.0 |  6.10
Other   |            | 0.1726     |            |       |  0.45

Nlocal:    1331 ave 1331 max 1331 min
Histogram: 1 0 0 0 0 0 0 0 0 0
Nghost:    2755 ave 2755 max 2755 min
Histogram: 1 0 0 0 0 0 0 0 0 0
Neighs:    42157 ave 42157 max 42157 min
Histogram: 1 0 0 0 0 0 0 0 0 0

Total # of neighbors = 42157
Ave neighs/atom = 31.6732
Neighbor list builds = 2500
Dangerous builds not checked

write_restart lattice_11_11_11__2_2_2/sim1/T_1.20__P_1.30/end1.restart
Total wall time: 0:00:38
