run 50000
Neighbor list info ...
  update every 20 steps, delay 0 steps, check no
  max neighbors/atom: 2000, page size: 100000
  master list distance cutoff = 2.8
  ghost atom cutoff = 2.8
  binsize = 1.4, bins = 11 11 11
  1 neighbor lists, perpetual/occasional/extra = 1 0 0
  (1) pair lj/cut, perpetual
      attributes: half, newton on
      pair build: half/bin/atomonly/newton
      stencil: half/bin/3d/newton
      bin: standard
Per MPI rank memory allocation (min/avg/max) = 2.735 | 2.735 | 2.735 Mbytes
Step Temp Press TotEng 
       0          0.6   -1.2931738   -1.3275468 
    1000    0.8134486 -0.052674274   -1.8090745 
    2000   0.76064627 -0.087983503   -2.4132983 
    3000    0.6967079  0.034788828   -2.9718414 
    4000   0.60910013  -0.11360107   -3.3854404 
    5000   0.58795999   0.06737831   -3.6341366 
    6000   0.59414618  -0.09449183   -3.7328784 
    7000   0.60098043  -0.06451265   -3.7149065 
    8000   0.59649648 -0.044285154   -3.6442462 
    9000   0.60547493 -0.046494216   -3.6443293 
   10000   0.61067313 -0.053503819    -3.681662 
   11000    0.5971533  -0.15753804   -3.7440595 
   12000    0.5937679  0.056592794   -3.7554466 
   13000   0.59579342 -0.091416596   -3.6942145 
   14000   0.60314935 -0.046072807   -3.6817207 
   15000   0.58055766 -0.054902606   -3.7468993 
   16000   0.59650959 -0.065811092   -3.7361502 
   17000   0.61216627  -0.10849431   -3.7057082 
   18000   0.62140567 -0.019689596   -3.6990864 
   19000   0.61527533 -0.0087283101   -3.7588766 
   20000   0.58755312 -0.018668164   -3.7783679 
   21000   0.59324213  -0.03709239   -3.6948893 
   22000   0.61652483  0.032743287   -3.6766665 
   23000   0.59939548  -0.14582955    -3.753199 
   24000   0.60549114 -0.093533926   -3.7330493 
   25000   0.60047268 -0.025500521   -3.6668127 
   26000   0.61616551 -0.087616995   -3.6839864 
   27000   0.60478381  -0.13858587   -3.7306199 
   28000   0.60659302 -0.077987904   -3.7562302 
   29000   0.57456375   -0.0482075   -3.8122466 
   30000   0.59612736 -0.009391779   -3.7507396 
   31000   0.61017083  0.010751578   -3.6985937 
   32000   0.58742971 -0.080000177   -3.7137676 
   33000   0.58888165 -0.024369019    -3.770998 
   34000    0.6060307  -0.13788297   -3.7011306 
   35000   0.60695775 -0.031410492   -3.6892314 
   36000   0.59245608 -0.036121847   -3.7460985 
   37000    0.5636891 -0.025827903   -3.7970047 
   38000   0.59744252  -0.11873142   -3.7653444 
   39000    0.5904664  -0.16666521    -3.722133 
   40000   0.61193928  -0.06281861   -3.7090557 
   41000   0.60109851  -0.13959227   -3.6749046 
   42000   0.60049951  -0.15034189   -3.6810861 
   43000   0.57274118 -0.079867229   -3.7582444 
   44000    0.6036499 -0.084470312   -3.7320468 
   45000   0.61965451  -0.10255124   -3.6938811 
   46000   0.59747556 -0.070537988   -3.7525068 
   47000   0.62225728  0.025885247   -3.7341351 
   48000   0.60167028  -0.14269755   -3.7145355 
   49000   0.59829533 -0.053454914   -3.6973219 
   50000   0.60465047 0.0029863189   -3.6941736 
Loop time of 28.5151 on 1 procs for 50000 steps with 1331 atoms

Performance: 605994.749 tau/day, 1753.457 timesteps/s
99.9% CPU use with 1 MPI tasks x no OpenMP threads

MPI task timing breakdown:
Section |  min time  |  avg time  |  max time  |%varavg| %total
---------------------------------------------------------------
Pair    | 23.354     | 23.354     | 23.354     |   0.0 | 81.90
Neigh   | 3.9251     | 3.9251     | 3.9251     |   0.0 | 13.77
Comm    | 0.27639    | 0.27639    | 0.27639    |   0.0 |  0.97
Output  | 0.026374   | 0.026374   | 0.026374   |   0.0 |  0.09
Modify  | 0.84669    | 0.84669    | 0.84669    |   0.0 |  2.97
Other   |            | 0.08629    |            |       |  0.30

Nlocal:    1331 ave 1331 max 1331 min
Histogram: 1 0 0 0 0 0 0 0 0 0
Nghost:    1190 ave 1190 max 1190 min
Histogram: 1 0 0 0 0 0 0 0 0 0
Neighs:    40779 ave 40779 max 40779 min
Histogram: 1 0 0 0 0 0 0 0 0 0

Total # of neighbors = 40779
Ave neighs/atom = 30.6379
Neighbor list builds = 2500
Dangerous builds not checked

write_restart NVT/sim1/T_0.60__v_2.20/end1.restart
Total wall time: 0:00:28
