run 50000
Neighbor list info ...
  update every 20 steps, delay 0 steps, check no
  max neighbors/atom: 2000, page size: 100000
  master list distance cutoff = 2.8
  ghost atom cutoff = 2.8
  binsize = 1.4, bins = 22 22 22
  1 neighbor lists, perpetual/occasional/extra = 1 0 0
  (1) pair lj/cut, perpetual
      attributes: half, newton on
      pair build: half/bin/atomonly/newton
      stencil: half/bin/3d/newton
      bin: standard
Per MPI rank memory allocation (min/avg/max) = 2.739 | 2.739 | 2.739 Mbytes
Step Temp Press TotEng 
       0          0.4  0.018075666   0.58722015 
    1000   0.48989984  0.013887534   0.39510598 
    2000   0.44984276 0.0097416761   0.12897991 
    3000     0.424296 0.0019476633 -0.062490124 
    4000   0.43119867 0.0052095013   -0.2336591 
    5000   0.43266496 0.0041500601  -0.45000416 
    6000    0.4470445 0.0077766993   -0.6575598 
    7000   0.46012515 0.00039588449  -0.92494269 
    8000   0.46722703 0.0022702374   -1.1861126 
    9000   0.43829476 -0.0035158821   -1.4567657 
   10000   0.43749876 0.0021275775   -1.6838232 
   11000   0.42837344 -0.0051284424   -1.8938133 
   12000   0.40779661 -0.0011214983   -2.0745922 
   13000   0.41752916 0.0043962514    -2.228396 
   14000   0.39155869 -0.003460254   -2.3508839 
   15000   0.40895452 -0.0078066753   -2.4454929 
   16000   0.40505426 0.0024363751   -2.5221521 
   17000   0.38945445 -0.00024991834   -2.5543683 
   18000   0.41269962 0.0024870045   -2.5903081 
   19000   0.39438678 0.0043792916   -2.6534264 
   20000   0.39548851 8.651351e-05   -2.6958632 
   21000   0.40116963 -0.00067796045   -2.7391803 
   22000    0.4072261 -0.0015985644   -2.8195634 
   23000   0.40065667 0.0039508588   -2.8672856 
   24000   0.41665849 -0.0062027679   -2.9011396 
   25000   0.42179538 -0.0030477019   -2.9718139 
   26000    0.3986616 0.0034749075   -3.0305299 
   27000   0.41006444 0.0017277579   -3.0626849 
   28000   0.40389729 0.0069626378   -3.1015384 
   29000   0.42436408 0.0014062285   -3.1262503 
   30000   0.41766864 -0.0020031234   -3.1790918 
   31000   0.38344903  0.011413826   -3.2309142 
   32000    0.3947675 -0.0049368019   -3.2368866 
   33000   0.41084836 0.0040767376   -3.2315505 
   34000   0.40276486 0.0024506353    -3.278694 
   35000   0.39932268 0.00084676879   -3.3025578 
   36000   0.39866151 0.0074690195   -3.2621378 
   37000   0.41573762 0.0057721028   -3.2466071 
   38000   0.40998154 -0.0032029769   -3.2938459 
   39000   0.40984469 -6.7181005e-06   -3.3193113 
   40000   0.38480717 0.0038038948   -3.3520568 
   41000   0.38360998 -0.0021267223   -3.3706488 
   42000   0.38232958 -0.0031151703   -3.3372233 
   43000   0.39992915 -0.0056769465   -3.3382051 
   44000   0.38657716 -0.0055278307   -3.3824791 
   45000   0.38451344 0.0027143326   -3.4323753 
   46000   0.40478897 0.0038710958   -3.3955377 
   47000   0.40321483 -1.5658425e-05    -3.382024 
   48000   0.39690407 0.0065844561   -3.4254466 
   49000   0.39975771 0.0011184797   -3.4428297 
   50000    0.3991636 0.0012127428   -3.4226841 
Loop time of 14.3567 on 1 procs for 50000 steps with 1331 atoms

Performance: 1203618.473 tau/day, 3482.692 timesteps/s
99.9% CPU use with 1 MPI tasks x no OpenMP threads

MPI task timing breakdown:
Section |  min time  |  avg time  |  max time  |%varavg| %total
---------------------------------------------------------------
Pair    | 11.344     | 11.344     | 11.344     |   0.0 | 79.02
Neigh   | 1.8595     | 1.8595     | 1.8595     |   0.0 | 12.95
Comm    | 0.20241    | 0.20241    | 0.20241    |   0.0 |  1.41
Output  | 0.023362   | 0.023362   | 0.023362   |   0.0 |  0.16
Modify  | 0.85273    | 0.85273    | 0.85273    |   0.0 |  5.94
Other   |            | 0.07422    |            |       |  0.52

Nlocal:    1331 ave 1331 max 1331 min
Histogram: 1 0 0 0 0 0 0 0 0 0
Nghost:    640 ave 640 max 640 min
Histogram: 1 0 0 0 0 0 0 0 0 0
Neighs:    27005 ave 27005 max 27005 min
Histogram: 1 0 0 0 0 0 0 0 0 0

Total # of neighbors = 27005
Ave neighs/atom = 20.2893
Neighbor list builds = 2500
Dangerous builds not checked

write_restart NVT/sim1/T_0.40__v_21.95/end1.restart
Total wall time: 0:00:14
