run 50000
Neighbor list info ...
  update every 20 steps, delay 0 steps, check no
  max neighbors/atom: 2000, page size: 100000
  master list distance cutoff = 2.8
  ghost atom cutoff = 2.8
  binsize = 1.4, bins = 16 16 16
  1 neighbor lists, perpetual/occasional/extra = 1 0 0
  (1) pair lj/cut, perpetual
      attributes: half, newton on
      pair build: half/bin/atomonly/newton
      stencil: half/bin/3d/newton
      bin: standard
Per MPI rank memory allocation (min/avg/max) = 2.7 | 2.7 | 2.7 Mbytes
Step Temp Press TotEng 
       0          0.9  0.067005321    1.2133661 
    1000    1.0623267  0.081825771   0.73068198 
    2000   0.89129507  0.052768614   0.34533182 
    3000   0.90030553  0.054102774   0.25705386 
    4000   0.90935868  0.047808753   0.23584194 
    5000   0.89544026  0.031027829   0.13671986 
    6000   0.88399599  0.049308078   0.10126551 
    7000   0.92678282   0.04854262   0.19591484 
    8000   0.87819843  0.048754855   0.12889812 
    9000   0.89911885  0.052608586   0.13978844 
   10000   0.91284599  0.071729426   0.16100917 
   11000   0.87895961  0.050324532  0.080485011 
   12000   0.94512973  0.050597864   0.13129594 
   13000   0.90123562  0.043206156  0.045003873 
   14000   0.89875158   0.06342116  0.053057735 
   15000   0.86933679  0.040772379 -0.014023452 
   16000   0.91242727  0.060628011  0.039452586 
   17000   0.94177332  0.038478748  0.034992606 
   18000   0.91560202  0.035243551 -0.075271343 
   19000   0.89708517  0.022516026  -0.12065598 
   20000   0.87664109  0.035051245  -0.21663035 
   21000   0.90472121  0.038033068  -0.15619513 
   22000    0.9137221  0.042119711   -0.1736025 
   23000   0.87109811  0.030911263  -0.25305204 
   24000   0.92573115  0.029795859  -0.13175293 
   25000   0.90084748  0.049272192  -0.19020623 
   26000   0.89941426  0.044095191  -0.19127339 
   27000   0.88008983  0.027898519  -0.21901829 
   28000   0.88858819  0.036238648  -0.26149228 
   29000   0.94642801  0.049844161  -0.17034605 
   30000   0.91582827   0.04103898   -0.2589318 
   31000   0.88516333  0.026742848  -0.30281356 
   32000   0.87342968  0.025491837  -0.35020346 
   33000   0.91034551  0.032338524  -0.26549791 
   34000   0.89152967  0.029830422  -0.33130091 
   35000    0.9077081  0.056465994  -0.27391687 
   36000   0.90749052  0.053989021  -0.25966169 
   37000   0.93092189  0.053385272  -0.23285203 
   38000   0.88977894  0.032001085  -0.29709127 
   39000   0.88659114  0.040153922  -0.26776197 
   40000   0.91346008  0.040276849  -0.22001193 
   41000   0.88656643   0.03205474  -0.31499612 
   42000   0.89793808  0.031914551  -0.34637455 
   43000   0.92869746  0.023397311  -0.24349605 
   44000   0.87958066  0.026126682  -0.28625646 
   45000   0.90328101  0.044193651  -0.23090161 
   46000      0.91208  0.058405225  -0.18535742 
   47000    0.8963011  0.039522036  -0.25665818 
   48000   0.89665329  0.044471673  -0.25127179 
   49000   0.96790073  0.059416218   -0.1685088 
   50000   0.87620088 0.0076303209  -0.28262099 
Loop time of 11.6105 on 1 procs for 50000 steps with 1331 atoms

Performance: 1488307.656 tau/day, 4306.446 timesteps/s
99.9% CPU use with 1 MPI tasks x no OpenMP threads

MPI task timing breakdown:
Section |  min time  |  avg time  |  max time  |%varavg| %total
---------------------------------------------------------------
Pair    | 8.0091     | 8.0091     | 8.0091     |   0.0 | 68.98
Neigh   | 2.2328     | 2.2328     | 2.2328     |   0.0 | 19.23
Comm    | 0.41383    | 0.41383    | 0.41383    |   0.0 |  3.56
Output  | 0.017128   | 0.017128   | 0.017128   |   0.0 |  0.15
Modify  | 0.84187    | 0.84187    | 0.84187    |   0.0 |  7.25
Other   |            | 0.09577    |            |       |  0.82

Nlocal:    1331 ave 1331 max 1331 min
Histogram: 1 0 0 0 0 0 0 0 0 0
Nghost:    1655 ave 1655 max 1655 min
Histogram: 1 0 0 0 0 0 0 0 0 0
Neighs:    14352 ave 14352 max 14352 min
Histogram: 1 0 0 0 0 0 0 0 0 0

Total # of neighbors = 14352
Ave neighs/atom = 10.7829
Neighbor list builds = 2500
Dangerous builds not checked

write_restart NVT/sim1/T_0.90__v_8.00/end1.restart
Total wall time: 0:00:11
