run 50000
Neighbor list info ...
  update every 20 steps, delay 0 steps, check no
  max neighbors/atom: 2000, page size: 100000
  master list distance cutoff = 2.8
  ghost atom cutoff = 2.8
  binsize = 1.4, bins = 13 13 13
  1 neighbor lists, perpetual/occasional/extra = 1 0 0
  (1) pair lj/cut, perpetual
      attributes: half, newton on
      pair build: half/bin/atomonly/newton
      stencil: half/bin/3d/newton
      bin: standard
Per MPI rank memory allocation (min/avg/max) = 2.742 | 2.742 | 2.742 Mbytes
Step Temp Press TotEng 
       0          0.8  -0.33553554    0.2232587 
    1000   0.98400093  0.071875275  -0.35449953 
    2000   0.85124742  0.030229463  -0.88460604 
    3000   0.83783323 -0.0016865969   -1.1801237 
    4000   0.80565206 -0.029145136   -1.4480074 
    5000   0.79807075 -0.017279557   -1.6200501 
    6000   0.79112233 -0.044656291   -1.7392055 
    7000   0.80465209 -0.019559695   -1.8915531 
    8000   0.77280669 -0.016654386   -2.0698395 
    9000   0.76553507 -0.013700771   -2.1597049 
   10000   0.80864948 -0.015152195   -2.1129914 
   11000   0.80760422 -0.011741321   -2.0965162 
   12000   0.79622102 -0.006988106    -2.198687 
   13000   0.79846242 -0.034014132   -2.2435321 
   14000   0.79330292  0.016512317   -2.2800116 
   15000   0.82838587  0.022748943   -2.2168094 
   16000   0.79984166  0.024403946   -2.2485693 
   17000   0.80605304  0.037499551   -2.2835673 
   18000   0.79829061 -0.079239136   -2.2680166 
   19000   0.82322489 0.0058917736   -2.1965162 
   20000   0.79225841 -0.069918104   -2.2556013 
   21000   0.77136009  0.013113523   -2.3636945 
   22000   0.80136375 -0.023463599   -2.3033124 
   23000   0.81884868 0.0039082219   -2.2604612 
   24000   0.77411868  0.026809673   -2.3547645 
   25000   0.80882442  0.064090487   -2.3106016 
   26000   0.76344291 -0.053195237   -2.2808757 
   27000   0.80760835  -0.00953617    -2.172818 
   28000   0.79810131  0.027285916   -2.2356242 
   29000   0.80571561 0.00043399728   -2.2523113 
   30000   0.80053721 -0.027386412   -2.3462114 
   31000   0.78344851 -0.014271287     -2.30408 
   32000   0.80543986 0.0013570511   -2.2477922 
   33000   0.76685146 -0.005931643   -2.3373217 
   34000   0.78199272  0.023933395   -2.3446517 
   35000   0.78632624  0.025936799   -2.2862438 
   36000   0.79292562 -0.008725484   -2.2043221 
   37000   0.79427882 -0.0013141297   -2.2224416 
   38000   0.79522861 -0.033432198   -2.2830813 
   39000   0.75704857 -0.023263854   -2.3792174 
   40000   0.79595121 -0.011270517   -2.3163045 
   41000   0.80167973 -0.020537028   -2.2683139 
   42000   0.81280212  0.029338947   -2.2307771 
   43000   0.77130581 -0.0098877043   -2.3106997 
   44000   0.80982989 0.0093256699   -2.1981134 
   45000   0.80566021 -0.023529632   -2.2312833 
   46000   0.79500153 0.0024642089   -2.3004881 
   47000   0.80159196 -0.029895562    -2.286295 
   48000   0.80098772 -0.0081335069   -2.1800861 
   49000   0.78186439 -0.0053553923   -2.2204973 
   50000   0.81796974 -0.040789591   -2.2519166 
Loop time of 22.4258 on 1 procs for 50000 steps with 1331 atoms

Performance: 770539.974 tau/day, 2229.572 timesteps/s
99.9% CPU use with 1 MPI tasks x no OpenMP threads

MPI task timing breakdown:
Section |  min time  |  avg time  |  max time  |%varavg| %total
---------------------------------------------------------------
Pair    | 17.973     | 17.973     | 17.973     |   0.0 | 80.14
Neigh   | 3.2752     | 3.2752     | 3.2752     |   0.0 | 14.60
Comm    | 0.23926    | 0.23926    | 0.23926    |   0.0 |  1.07
Output  | 0.023274   | 0.023274   | 0.023274   |   0.0 |  0.10
Modify  | 0.83633    | 0.83633    | 0.83633    |   0.0 |  3.73
Other   |            | 0.07913    |            |       |  0.35

Nlocal:    1331 ave 1331 max 1331 min
Histogram: 1 0 0 0 0 0 0 0 0 0
Nghost:    854 ave 854 max 854 min
Histogram: 1 0 0 0 0 0 0 0 0 0
Neighs:    31873 ave 31873 max 31873 min
Histogram: 1 0 0 0 0 0 0 0 0 0

Total # of neighbors = 31873
Ave neighs/atom = 23.9467
Neighbor list builds = 2500
Dangerous builds not checked

write_restart NVT/sim1/T_0.80__v_3.38/end1.restart
Total wall time: 0:00:22
