run 50000
Neighbor list info ...
  update every 20 steps, delay 0 steps, check no
  max neighbors/atom: 2000, page size: 100000
  master list distance cutoff = 2.8
  ghost atom cutoff = 2.8
  binsize = 1.4, bins = 16 16 16
  1 neighbor lists, perpetual/occasional/extra = 1 0 0
  (1) pair lj/cut, perpetual
      attributes: half, newton on
      pair build: half/bin/atomonly/newton
      stencil: half/bin/3d/newton
      bin: standard
Per MPI rank memory allocation (min/avg/max) = 2.7 | 2.7 | 2.7 Mbytes
Step Temp Press Volume Density PotEng KinEng TotEng 
       0            1  0.079495929        10648        0.125  -0.13561964     1.498873    1.3632534 
    1000    1.5396853   0.26143622    6077.4297   0.21900706   -1.2544548    2.3077928    1.0533381 
    2000    1.3270596   0.25771849    4205.2942    0.3165058   -1.9026541    1.9890939  0.086439805 
    3000    1.2050201   0.17980539    3109.0532   0.42810461   -2.5868259    1.8061721  -0.78065381 
    4000    1.1351119   0.28591642    2417.8132   0.55049746     -3.21232    1.7013886   -1.5109314 
    5000    1.1139346   0.69966326    2017.6504   0.65967821   -3.8428886    1.6696466    -2.173242 
    6000    1.0414139   0.92600229    1823.8165   0.72978831   -4.2890119    1.5609472   -2.7280646 
    7000   0.97071233    1.0565214     1743.052   0.76360314   -4.5197861    1.4549745   -3.0648116 
    8000   0.96887111    1.1138304    1733.4275    0.7678429   -4.5339473    1.4522148   -3.0817325 
    9000    1.0077332    1.1201276    1772.1663   0.75105818   -4.4076086    1.5104641   -2.8971445 
   10000    1.0247701   0.82586124    1784.0845   0.74604089   -4.4341004    1.5360002   -2.8981002 
   11000      1.01899    1.0635373     1735.859   0.76676736   -4.5528288    1.5273366   -3.0254922 
   12000   0.95821298    1.3500543    1730.0481   0.76934279   -4.5076291    1.4362396   -3.0713895 
   13000   0.99166199    1.0871549    1763.8905   0.75458199   -4.4388252    1.4863754   -2.9524497 
   14000    1.0255461    1.0319707    1771.0096   0.75154872   -4.4325746    1.5371634   -2.8954112 
   15000   0.99544559    1.1458255    1742.1101     0.764016    -4.502842    1.4920465   -3.0107955 
   16000    0.9878467    1.2881684    1727.3414   0.77054833   -4.5168849    1.4806568   -3.0362281 
   17000    1.0099244    1.0867779    1759.0085   0.75667627     -4.45421    1.5137485   -2.9404615 
   18000    1.0288574    1.0998571    1767.8391   0.75289657   -4.4131735    1.5421266   -2.8710469 
   19000    1.0167458    1.1138289     1739.164   0.76531024   -4.5091019    1.5239729    -2.985129 
   20000   0.99787173    1.0680027       1732.3   0.76834266   -4.5621843     1.495683   -3.0665012 
   21000    1.0004006     1.222426    1752.2164   0.75960939   -4.4592269    1.4994735   -2.9597534 
   22000   0.99111066    1.0097352     1781.147   0.74727127   -4.4126524     1.485549   -2.9271034 
   23000   0.95760158    0.7218496    1773.8768   0.75033398   -4.4663255    1.4353232   -3.0310023 
   24000   0.96384365    1.0920179    1751.8055   0.75978752   -4.4731031    1.4446793   -3.0284239 
   25000    1.0173072    0.9315789    1749.9311   0.76060137    -4.506381    1.5248143   -2.9815667 
   26000    1.0264102    1.0442195    1750.8505   0.76020198   -4.4929107    1.5384586   -2.9544521 
   27000   0.98215458     1.244373    1744.3785   0.76302247    -4.479719     1.472125    -3.007594 
   28000     1.005888    1.0740416    1757.7148   0.75723319   -4.4658826    1.5076984   -2.9581842 
   29000    1.0234986    0.9645329    1769.7118   0.75209986   -4.4432797    1.5340945   -2.9091852 
   30000   0.99084114    1.2372774    1744.1582   0.76311884   -4.4730642    1.4851451   -2.9879192 
   31000   0.99471791    1.1431274    1736.8231    0.7663417   -4.5232553    1.4909558   -3.0322994 
   32000   0.97903695    1.0241197    1778.8241   0.74824712    -4.401433    1.4674521   -2.9339809 
   33000    1.0048179      0.79176    1778.9294   0.74820281   -4.4565675    1.5060944   -2.9504731 
   34000    0.9855953   0.85703695    1761.2885   0.75569676   -4.5084087    1.4772822   -3.0311265 
   35000    1.0088704    1.0730744    1748.5905   0.76118452   -4.4984681    1.5121686   -2.9862995 
   36000    1.0389817    1.3934356    1749.7164   0.76069471   -4.4424136    1.5573017   -2.8851119 
   37000    1.0323687    1.0937664    1745.2904   0.76262381   -4.5017976    1.5473896   -2.9544081 
   38000   0.98458207   0.99405359    1756.5586   0.75773161    -4.485984    1.4757635   -3.0102205 
   39000   0.99786816   0.95545064     1750.956   0.76015618   -4.5143829    1.4956777   -3.0187052 
   40000    1.0071564     1.015037    1745.5251   0.76252125   -4.5204791    1.5095995   -3.0108795 
   41000    1.0336937    1.2229563    1755.2942   0.75827746   -4.4555762    1.5493756   -2.9062006 
   42000    1.0145253     1.262161    1750.4392   0.76038062   -4.4671237    1.5206447   -2.9464791 
   43000   0.99094929    1.1069457    1747.7134   0.76156653   -4.4912626    1.4853072   -3.0059554 
   44000    1.0074441    1.0081933    1757.1129   0.75749261   -4.4796347    1.5100307    -2.969604 
   45000    1.0040603   0.99114397    1785.3337   0.74551888   -4.3917466    1.5049589   -2.8867877 
   46000    1.0138846    0.9029332    1773.1233   0.75065282   -4.4451769    1.5196842   -2.9254927 
   47000    0.9940007    1.2957021    1742.4617   0.76386185   -4.4791964    1.4898808   -2.9893156 
   48000    1.0122763    1.6219477    1726.9501    0.7707229   -4.4682708    1.5172737   -2.9509971 
   49000    1.0524657    1.0693162    1764.5173   0.75431396   -4.4421076    1.5775124   -2.8645952 
   50000    1.0102171    1.2318216    1752.5042   0.75948463   -4.4667787    1.5141871   -2.9525916 
Loop time of 40.4883 on 1 procs for 50000 steps with 1331 atoms

Performance: 426789.720 tau/day, 1234.924 timesteps/s
99.8% CPU use with 1 MPI tasks x no OpenMP threads

MPI task timing breakdown:
Section |  min time  |  avg time  |  max time  |%varavg| %total
---------------------------------------------------------------
Pair    | 32.018     | 32.018     | 32.018     |   0.0 | 79.08
Neigh   | 5.0544     | 5.0544     | 5.0544     |   0.0 | 12.48
Comm    | 0.8195     | 0.8195     | 0.8195     |   0.0 |  2.02
Output  | 0.027125   | 0.027125   | 0.027125   |   0.0 |  0.07
Modify  | 2.3777     | 2.3777     | 2.3777     |   0.0 |  5.87
Other   |            | 0.1916     |            |       |  0.47

Nlocal:    1331 ave 1331 max 1331 min
Histogram: 1 0 0 0 0 0 0 0 0 0
Nghost:    2831 ave 2831 max 2831 min
Histogram: 1 0 0 0 0 0 0 0 0 0
Neighs:    45313 ave 45313 max 45313 min
Histogram: 1 0 0 0 0 0 0 0 0 0

Total # of neighbors = 45313
Ave neighs/atom = 34.0443
Neighbor list builds = 2500
Dangerous builds not checked

write_restart lattice_11_11_11__2_2_2/sim1/T_1.00__P_1.10/end1.restart
Total wall time: 0:00:40
