run 50000
Neighbor list info ...
  update every 20 steps, delay 0 steps, check no
  max neighbors/atom: 2000, page size: 100000
  master list distance cutoff = 2.8
  ghost atom cutoff = 2.8
  binsize = 1.4, bins = 16 16 16
  1 neighbor lists, perpetual/occasional/extra = 1 0 0
  (1) pair lj/cut, perpetual
      attributes: half, newton on
      pair build: half/bin/atomonly/newton
      stencil: half/bin/3d/newton
      bin: standard
Per MPI rank memory allocation (min/avg/max) = 2.7 | 2.7 | 2.7 Mbytes
Step Temp Press Volume Density PotEng KinEng TotEng 
       0          1.5   0.14194897        10648        0.125  -0.13561964    2.2483095    2.1126899 
    1000    2.1370304   0.38341743    6255.3368   0.21277831   -1.1480284    3.2031372    2.0551089 
    2000    1.8469272   0.54100481    4454.5709   0.29879421   -1.6162966    2.7683094    1.1520128 
    3000    1.6981892   0.48883397    3413.8729   0.38987978   -2.1735815      2.54537   0.37178849 
    4000    1.5843035   0.80711653    2763.5148   0.48163303   -2.6126668    2.3746697  -0.23799702 
    5000     1.533296    1.1452226    2372.5293   0.56100467   -3.0702158     2.298216  -0.77199978 
    6000     1.503262    1.3298118    2154.2318   0.61785367   -3.4265808    2.2531988   -1.1733819 
    7000    1.4582759    1.4650782    2051.2683   0.64886684   -3.5758581    2.1857703   -1.3900878 
    8000    1.4862089    1.5417903    2039.6964   0.65254809    -3.612421    2.2276385   -1.3847825 
    9000    1.5354405    1.4276348      2065.67   0.64434299    -3.568473    2.3014303   -1.2670427 
   10000    1.4822224     1.691526    2076.8929   0.64086116   -3.4948903    2.2216632   -1.2732271 
   11000    1.5172697    1.4981711    2056.2127   0.64730659   -3.5779909    2.2741946   -1.3037963 
   12000    1.4870873     1.618295    2052.4294   0.64849976   -3.5626825    2.2289551   -1.3337274 
   13000    1.5247148    1.5493129    2065.9022   0.64427057   -3.5471746    2.2853539   -1.2618207 
   14000    1.4936014    1.5840741     2074.031   0.64174548   -3.5002501    2.2387188   -1.2615313 
   15000    1.4621711    1.3740684    2076.9109   0.64085561   -3.5518391    2.1916088   -1.3602303 
   16000    1.4771403     1.643123    2058.3446   0.64663614    -3.552284    2.2140457   -1.3382383 
   17000    1.5324413    1.4555368    2059.6188   0.64623609   -3.5878601    2.2969349   -1.2909251 
   18000    1.5571375    1.7413349    2043.4081   0.65136278    -3.550925    2.3339515   -1.2169736 
   19000    1.5298064    1.6848169    2036.2289   0.65365931   -3.5726024    2.2929855   -1.2796169 
   20000    1.5075638    1.5717325    2046.4875   0.65038267   -3.5968699    2.2596468   -1.3372232 
   21000    1.4904396    1.6984223     2072.319   0.64227564   -3.4885534    2.2339798   -1.2545736 
   22000    1.4984892    1.5034913    2086.1809   0.63800796   -3.5103817    2.2460451   -1.2643367 
   23000    1.4656448    1.3714536    2064.3957   0.64474075   -3.5878597    2.1968155   -1.3910442 
   24000    1.4930873    1.5987049    2064.1924   0.64480423   -3.5648666    2.2379483   -1.3269183 
   25000    1.5098478    1.3899262    2127.1221   0.62572807   -3.4625983    2.2630701   -1.1995281 
   26000    1.4824622    1.5951566    2071.0617   0.64266556   -3.4937581    2.2220226   -1.2717355 
   27000    1.4802162     1.710118    2047.3561   0.65010675   -3.5386254    2.2186562   -1.3199693 
   28000    1.5380499    1.8121932    2028.0073   0.65630926   -3.5666662    2.3053415   -1.2613247 
   29000    1.5801783    1.5447142    2069.4321   0.64317161   -3.5392333    2.3684866   -1.1707468 
   30000    1.5111786    1.5206018    2074.4096   0.64162833   -3.5392983    2.2650648   -1.2742335 
   31000    1.4766735    1.5569788    2056.5113   0.64721258   -3.5568133    2.2133461   -1.3434671 
   32000    1.5091932    1.4688812    2062.5675   0.64531221   -3.5769531     2.262089   -1.3148641 
   33000    1.4783238    1.4405419    2066.1514   0.64419287   -3.5669365    2.2158197   -1.3511168 
   34000    1.4710925    1.5905803    2019.4085    0.6591039   -3.6576065    2.2049808   -1.4526256 
   35000    1.5145451    1.5305888    2036.6282   0.65353117   -3.6052395    2.2701108   -1.3351287 
   36000    1.5517501    1.6467798    2049.7934   0.64933374   -3.5574904    2.3258763   -1.2316141 
   37000    1.5382692    1.5805603     2061.769   0.64556212   -3.5620313    2.3056701   -1.2563611 
   38000    1.4891244     1.438667    2068.6606   0.64341151   -3.5708467    2.2320084   -1.3388383 
   39000    1.4626883    1.5234094    2047.3809   0.65009885   -3.5820575     2.192384   -1.3896735 
   40000    1.4844272    1.5752571    2063.6838   0.64496316    -3.524508    2.2249678   -1.2995402 
   41000    1.5278588     1.313631    2087.7375   0.63753225   -3.5584787    2.2900663   -1.2684124 
   42000    1.4555045    1.6610713    2030.8792   0.65538117   -3.5905216    2.1816164   -1.4089052 
   43000    1.4954106    1.2738475    2057.4998   0.64690164   -3.6173409    2.2414306   -1.3759103 
   44000     1.499218    1.3682055    2080.1397   0.63986087   -3.5601091    2.2471375   -1.3129716 
   45000    1.5576417    1.5375857    2055.3628   0.64757425   -3.5841612    2.3347072   -1.2494541 
   46000    1.5259415    1.8480223    2004.8915   0.66387634    -3.635316    2.2871925   -1.3481235 
   47000    1.5340596     1.539585    2039.4649   0.65262216   -3.6086282    2.2993605   -1.3092677 
   48000    1.5072044    1.5349473    2070.6706   0.64278693   -3.5489325     2.259108   -1.2898245 
   49000    1.5129858    1.4108914    2086.0087   0.63806063   -3.5273249    2.2677736   -1.2595513 
   50000    1.4557901    1.4413958    2055.2969   0.64759499   -3.5817764    2.1820445   -1.3997319 
Loop time of 35.3403 on 1 procs for 50000 steps with 1331 atoms

Performance: 488960.885 tau/day, 1414.817 timesteps/s
99.9% CPU use with 1 MPI tasks x no OpenMP threads

MPI task timing breakdown:
Section |  min time  |  avg time  |  max time  |%varavg| %total
---------------------------------------------------------------
Pair    | 27.57      | 27.57      | 27.57      |   0.0 | 78.01
Neigh   | 4.4792     | 4.4792     | 4.4792     |   0.0 | 12.67
Comm    | 0.77324    | 0.77324    | 0.77324    |   0.0 |  2.19
Output  | 0.028049   | 0.028049   | 0.028049   |   0.0 |  0.08
Modify  | 2.327      | 2.327      | 2.327      |   0.0 |  6.58
Other   |            | 0.1625     |            |       |  0.46

Nlocal:    1331 ave 1331 max 1331 min
Histogram: 1 0 0 0 0 0 0 0 0 0
Nghost:    2625 ave 2625 max 2625 min
Histogram: 1 0 0 0 0 0 0 0 0 0
Neighs:    38952 ave 38952 max 38952 min
Histogram: 1 0 0 0 0 0 0 0 0 0

Total # of neighbors = 38952
Ave neighs/atom = 29.2652
Neighbor list builds = 2500
Dangerous builds not checked

write_restart lattice_11_11_11__2_2_2/sim1/T_1.50__P_1.50/end1.restart
Total wall time: 0:00:35
