run 50000
Neighbor list info ...
  update every 20 steps, delay 0 steps, check no
  max neighbors/atom: 2000, page size: 100000
  master list distance cutoff = 2.8
  ghost atom cutoff = 2.8
  binsize = 1.4, bins = 18 18 18
  1 neighbor lists, perpetual/occasional/extra = 1 0 0
  (1) pair lj/cut, perpetual
      attributes: half, newton on
      pair build: half/bin/atomonly/newton
      stencil: half/bin/3d/newton
      bin: standard
Per MPI rank memory allocation (min/avg/max) = 2.711 | 2.711 | 2.711 Mbytes
Step Temp Press TotEng 
       0          0.9  0.061409575    1.3079629 
    1000   0.99048113  0.067844669   0.94554854 
    2000   0.89049869  0.041543068   0.65241871 
    3000   0.90998727  0.035632557   0.61392281 
    4000   0.89824935  0.056140028   0.57436499 
    5000   0.89899773  0.046902937    0.5435546 
    6000   0.90057882  0.046394955   0.53231455 
    7000   0.90557819  0.057209655    0.5532669 
    8000   0.89585437  0.052215537   0.55909286 
    9000   0.87359126  0.045414013   0.48177709 
   10000    0.9181564  0.051461866   0.57356602 
   11000   0.88284069  0.038197926   0.53963463 
   12000   0.93390222  0.056611017   0.61759465 
   13000   0.87226958   0.03891138   0.52103637 
   14000   0.90527754  0.032828235   0.56081337 
   15000    0.8921901  0.031698377   0.54403239 
   16000   0.92719527  0.048101809   0.54778496 
   17000   0.89994438  0.045594351   0.53084214 
   18000   0.92031158  0.045188337   0.55040861 
   19000   0.89423932  0.041844476   0.50218288 
   20000   0.89711407  0.052328969   0.51250022 
   21000   0.89502874  0.039312616    0.5680825 
   22000   0.89969948  0.038164999   0.55293424 
   23000   0.89858779  0.046767807   0.50230368 
   24000   0.90486999  0.043801715   0.55577608 
   25000   0.94526815    0.0520862   0.59238427 
   26000   0.91169793  0.037667188   0.54635421 
   27000   0.89946553   0.04074706   0.53478573 
   28000   0.91726463  0.047152183   0.58397106 
   29000   0.88727595  0.032340782   0.54023244 
   30000    0.8797665  0.043366809   0.51115295 
   31000   0.93568021  0.051055013    0.6081296 
   32000   0.90221744  0.044476709   0.53249889 
   33000   0.87759195  0.043795115   0.51701762 
   34000   0.91771172   0.04615448   0.61801586 
   35000   0.88820242  0.037649699   0.52576001 
   36000   0.88613986  0.047407918   0.53692945 
   37000   0.90893679  0.043306209   0.57311763 
   38000   0.89504063  0.039293483   0.52003311 
   39000   0.90514953  0.047086017   0.52476094 
   40000   0.87593043  0.047084953   0.47741787 
   41000   0.89436672  0.042975863   0.51980058 
   42000   0.89366207  0.048846733   0.46931286 
   43000   0.88792636  0.041573547   0.46964982 
   44000    0.8922428   0.03884075   0.50663687 
   45000   0.91733908  0.052969663   0.58274313 
   46000   0.88702592  0.040124458   0.48577998 
   47000   0.91797232  0.042406698   0.49939482 
   48000   0.89628844  0.037345781   0.48804564 
   49000   0.87543495  0.041966931   0.47079636 
   50000   0.91592528  0.042558141    0.5452731 
Loop time of 7.20539 on 1 procs for 50000 steps with 1331 atoms

Performance: 2398206.203 tau/day, 6939.254 timesteps/s
99.8% CPU use with 1 MPI tasks x no OpenMP threads

MPI task timing breakdown:
Section |  min time  |  avg time  |  max time  |%varavg| %total
---------------------------------------------------------------
Pair    | 4.3484     | 4.3484     | 4.3484     |   0.0 | 60.35
Neigh   | 1.6001     | 1.6001     | 1.6001     |   0.0 | 22.21
Comm    | 0.30999    | 0.30999    | 0.30999    |   0.0 |  4.30
Output  | 0.022494   | 0.022494   | 0.022494   |   0.0 |  0.31
Modify  | 0.83874    | 0.83874    | 0.83874    |   0.0 | 11.64
Other   |            | 0.0857     |            |       |  1.19

Nlocal:    1331 ave 1331 max 1331 min
Histogram: 1 0 0 0 0 0 0 0 0 0
Nghost:    1049 ave 1049 max 1049 min
Histogram: 1 0 0 0 0 0 0 0 0 0
Neighs:    6869 ave 6869 max 6869 min
Histogram: 1 0 0 0 0 0 0 0 0 0

Total # of neighbors = 6869
Ave neighs/atom = 5.16078
Neighbor list builds = 2500
Dangerous builds not checked

write_restart NVT/sim1/T_0.90__v_12.17/end1.restart
Total wall time: 0:00:07
