run 50000
Neighbor list info ...
  update every 20 steps, delay 0 steps, check no
  max neighbors/atom: 2000, page size: 100000
  master list distance cutoff = 2.8
  ghost atom cutoff = 2.8
  binsize = 1.4, bins = 16 16 16
  1 neighbor lists, perpetual/occasional/extra = 1 0 0
  (1) pair lj/cut, perpetual
      attributes: half, newton on
      pair build: half/bin/atomonly/newton
      stencil: half/bin/3d/newton
      bin: standard
Per MPI rank memory allocation (min/avg/max) = 2.7 | 2.7 | 2.7 Mbytes
Step Temp Press Volume Density PotEng KinEng TotEng 
       0          1.7   0.16693019        10648        0.125  -0.13561964    2.5480841    2.4124645 
    1000    2.3517508   0.51208027    6262.7293   0.21252715   -1.0802681    3.5249758    2.4447077 
    2000    2.0375683    0.6142773    4474.2095   0.29748271    -1.520582    3.0540561    1.5334742 
    3000    1.8913197   0.73447798    3449.4427   0.38585943   -2.0772517    2.8348481   0.75759634 
    4000    1.7937738    0.9019003    2824.8839   0.47116981    -2.528227    2.6886392   0.16041214 
    5000    1.7420306    1.2153032    2440.7779   0.54531795   -2.9222105    2.6110827  -0.31112778 
    6000    1.7195502     1.410081      2235.04   0.59551506   -3.2477289    2.5773874  -0.67034151 
    7000    1.6598845    1.7424942    2141.1555   0.62162698   -3.3473647    2.4879561  -0.85940863 
    8000    1.6923802    1.7944914    2137.6065   0.62265904    -3.343389    2.5366631  -0.80672593 
    9000    1.6683725    1.8188042    2160.8369   0.61596505   -3.2694152    2.5006785   -0.7687367 
   10000    1.7214313    1.6424634    2162.0943   0.61560682   -3.3178222     2.580207  -0.73761524 
   11000    1.7108019     1.551983    2171.4758   0.61294719   -3.3273009    2.5642749    -0.763026 
   12000    1.6973483    1.6959449    2157.4628   0.61692837   -3.3381943    2.5441096  -0.79408472 
   13000    1.7203797    1.6333316     2150.174   0.61901967   -3.3561805    2.5786307  -0.77754988 
   14000     1.693564    1.7266329    2161.7984   0.61569108   -3.2940161    2.5384375  -0.75557861 
   15000    1.6556988    1.5888997    2167.8789   0.61396419   -3.3094015    2.4816823  -0.82771923 
   16000    1.6569174    1.5806379    2176.9716   0.61139979   -3.3139599    2.4835088  -0.83045115 
   17000    1.6683867    1.5243586    2169.5476   0.61349197   -3.3089244    2.5006998   -0.8082246 
   18000    1.7362239    1.8281409    2143.6171   0.62091313    -3.336944    2.6023792  -0.73456484 
   19000    1.7545611    1.8750574     2139.185   0.62219957   -3.3390826    2.6298643  -0.70921837 
   20000    1.6889023    1.6443245    2152.2161   0.61843233   -3.3582601    2.5314502  -0.82680996 
   21000    1.6588155    1.6448556    2176.5656   0.61151384   -3.2765278    2.4863539  -0.79017395 
   22000    1.7080631    1.5953886    2188.7222   0.60811738   -3.2710558    2.5601698  -0.71088603 
   23000    1.7017587    1.8154445     2104.219   0.63253873   -3.4027931    2.5507203  -0.85207288 
   24000    1.7057378    1.7476722    2134.9646   0.62342954   -3.3638119    2.5566844  -0.80712751 
   25000    1.7554267    1.7632791    2147.7153   0.61972832     -3.35156    2.6311617  -0.72039828 
   26000    1.7146798    1.7804683    2142.9438   0.62110821   -3.3233198    2.5700873  -0.75323254 
   27000    1.6278854    1.6670046    2140.3828   0.62185137   -3.3267808    2.4399935  -0.88678723 
   28000    1.6731735    1.5133025    2188.7732   0.60810321   -3.3045044    2.5078746  -0.79662974 
   29000    1.7692428    1.4694773    2174.4885   0.61209799   -3.3552577    2.6518703  -0.70338737 
   30000    1.7297202    1.7293043    2130.9709   0.62459793   -3.3481721     2.592631  -0.75554107 
   31000    1.7358707    1.8799719    2128.1987   0.62541152   -3.3731484    2.6018497  -0.77129871 
   32000    1.6638483    1.6602925    2164.9619   0.61479142   -3.2930243    2.4938973  -0.79912701 
   33000    1.6721254    1.4947636    2205.0136    0.6036244   -3.2545411    2.5063037  -0.74823738 
   34000    1.6166996    1.8767798    2172.0369   0.61278884   -3.2095167    2.4232274  -0.78628934 
   35000    1.6591882     1.750284    2143.8482   0.62084618   -3.3162785    2.4869125  -0.82936599 
   36000    1.6764035    1.9417867    2112.6162   0.63002452   -3.3485451    2.5127159  -0.83582912 
   37000    1.7087594    1.7495437    2173.0965   0.61249005   -3.2916531    2.5612133  -0.73043974 
   38000     1.708539    1.6482792    2170.0075   0.61336193   -3.3048307    2.5608831  -0.74394758 
   39000    1.6756009    1.8039965    2120.6921    0.6276253   -3.3654696     2.511513  -0.85395655 
   40000    1.6669535    2.0216825    2094.2129   0.63556099    -3.363485    2.4985516  -0.86493334 
   41000    1.7815835    1.6110633    2139.3754    0.6221442   -3.3824749    2.6703675  -0.71210737 
   42000    1.6574238    1.5360772    2165.1732   0.61473142    -3.324738    2.4842678  -0.84047017 
   43000    1.6848124    1.5011557    2181.8685   0.61002761   -3.3201984    2.5253198   -0.7948786 
   44000     1.714628    1.4243689    2154.3429    0.6178218   -3.3915204    2.5700097  -0.82151074 
   45000    1.6747063    1.8267273    2131.9377   0.62431468   -3.3097855    2.5101721  -0.79961336 
   46000    1.7292165    1.6388537    2193.3104   0.60684525   -3.2638678     2.591876  -0.67199175 
   47000    1.6982007    1.7500477    2175.6245   0.61177836   -3.2633448    2.5453872  -0.71795767 
   48000    1.6579587    1.6107263     2183.761   0.60949893   -3.2914751    2.4850696  -0.80640547 
   49000    1.6532931     1.590395    2181.9645   0.61000076   -3.2824263    2.4780764  -0.80434989 
   50000    1.6465501     1.711964    2121.1127   0.62750084   -3.3760943    2.4679696  -0.90812472 
Loop time of 36.4283 on 1 procs for 50000 steps with 1331 atoms

Performance: 474356.383 tau/day, 1372.559 timesteps/s
99.8% CPU use with 1 MPI tasks x no OpenMP threads

MPI task timing breakdown:
Section |  min time  |  avg time  |  max time  |%varavg| %total
---------------------------------------------------------------
Pair    | 28.27      | 28.27      | 28.27      |   0.0 | 77.60
Neigh   | 4.6058     | 4.6058     | 4.6058     |   0.0 | 12.64
Comm    | 0.82847    | 0.82847    | 0.82847    |   0.0 |  2.27
Output  | 0.025284   | 0.025284   | 0.025284   |   0.0 |  0.07
Modify  | 2.5277     | 2.5277     | 2.5277     |   0.0 |  6.94
Other   |            | 0.1715     |            |       |  0.47

Nlocal:    1331 ave 1331 max 1331 min
Histogram: 1 0 0 0 0 0 0 0 0 0
Nghost:    2609 ave 2609 max 2609 min
Histogram: 1 0 0 0 0 0 0 0 0 0
Neighs:    37668 ave 37668 max 37668 min
Histogram: 1 0 0 0 0 0 0 0 0 0

Total # of neighbors = 37668
Ave neighs/atom = 28.3005
Neighbor list builds = 2500
Dangerous builds not checked

write_restart lattice_11_11_11__2_2_2/sim1/T_1.70__P_1.70/end1.restart
Total wall time: 0:00:36
