run 50000
Neighbor list info ...
  update every 20 steps, delay 0 steps, check no
  max neighbors/atom: 2000, page size: 100000
  master list distance cutoff = 2.8
  ghost atom cutoff = 2.8
  binsize = 1.4, bins = 16 16 16
  1 neighbor lists, perpetual/occasional/extra = 1 0 0
  (1) pair lj/cut, perpetual
      attributes: half, newton on
      pair build: half/bin/atomonly/newton
      stencil: half/bin/3d/newton
      bin: standard
Per MPI rank memory allocation (min/avg/max) = 2.7 | 2.7 | 2.7 Mbytes
Step Temp Press Volume Density PotEng KinEng TotEng 
       0          1.6   0.15443958        10648        0.125  -0.13561964    2.3981968    2.2625772 
    1000    1.8226931   0.24943265    9128.2857   0.14581051  -0.81528751    2.7319856    1.9166981 
    2000    1.6306296   0.20638522    7927.4054   0.16789857  -0.96481083    2.4441067    1.4792959 
    3000    1.5918272   0.22958806    7049.2269   0.18881503   -1.1012937    2.3859468    1.2846531 
    4000    1.5945183   0.25680219    6452.8661   0.20626493   -1.1654571    2.3899804    1.2245233 
    5000    1.6011895   0.29049383    6080.9983   0.21887854   -1.2791316    2.3999797    1.1208481 
    6000    1.5899003   0.29138464     5764.859   0.23088162   -1.3273285    2.3830587    1.0557302 
    7000    1.5840277   0.28572368    5589.1787   0.23813874   -1.3736748    2.3742565    1.0005816 
    8000    1.6013268   0.31820294     5512.608   0.24144652   -1.3993488    2.4001855    1.0008367 
    9000    1.5634471   0.25191167    5455.1602   0.24398917   -1.3976194    2.3434086   0.94578928 
   10000    1.5801782    0.3171515    5254.8487   0.25328988   -1.4831947    2.3684865   0.88529187 
   11000    1.5946243   0.32497899    5290.6943   0.25157379   -1.4388107    2.3901393   0.95132866 
   12000    1.5933766   0.28734701    5636.4996   0.23613947   -1.3727881    2.3882692    1.0154811 
   13000    1.6260671   0.28412337    5697.6244   0.23360613   -1.3230758     2.437268    1.1141923 
   14000    1.5962043   0.32212448    5689.6535    0.2339334   -1.3542196    2.3925075    1.0382879 
   15000    1.5951751   0.33531352    5499.8351   0.24200725   -1.3600467    2.3909649    1.0309181 
   16000     1.563597   0.34867228    5259.3612   0.25307256   -1.4344818    2.3436333   0.90915155 
   17000    1.6238111   0.29440146     5215.816   0.25518538   -1.5311126    2.4338866   0.90277398 
   18000    1.5968524   0.24474635     5398.582   0.24654622    -1.457129     2.393479   0.93634994 
   19000    1.6001994   0.31964194     5523.783   0.24095805   -1.3832753    2.3984957    1.0152204 
   20000    1.6464835   0.26465198    5778.9116   0.23032019   -1.3387346    2.4678697    1.1291351 
   21000    1.5991508   0.27536961    5949.2066   0.22372731   -1.3236841    2.3969239    1.0732398 
   22000     1.641751   0.32273846    5628.3399   0.23648181   -1.3426032    2.4607764    1.1181731 
   23000    1.5716688   0.32159469     5564.046   0.23921442   -1.3749401     2.355732   0.98079189 
   24000    1.6308581   0.35451854     5435.233   0.24488371   -1.3672963    2.4444493     1.077153 
   25000    1.5613554   0.31166233    5666.1006   0.23490582   -1.3637091    2.3402734   0.97656436 
   26000    1.5954661   0.31814423    5582.1832   0.23843718   -1.3459173    2.3914011    1.0454838 
   27000    1.5942651   0.26349577    5565.8686   0.23913608   -1.3631918     2.389601    1.0264092 
   28000     1.589828   0.31256651    5516.4997   0.24127619   -1.3593304    2.3829503    1.0236199 
   29000    1.5188502   0.27523561    5516.7027   0.24126731   -1.3602453    2.2765635   0.91631819 
   30000    1.6609836   0.32219432    5223.2984   0.25481983   -1.4507592    2.4896036    1.0388444 
   31000    1.5115182   0.27621742    5518.3335   0.24119601   -1.3999388    2.2655739    0.8656351 
   32000    1.6184385   0.25136593    5657.0137   0.23528315   -1.3622945    2.4258338    1.0635392 
   33000    1.6032584   0.29215735    5606.7976   0.23739041   -1.3650399    2.4030807    1.0380408 
   34000    1.6115787   0.27856076    5522.1475   0.24102942   -1.3887955    2.4155518    1.0267563 
   35000    1.5830339   0.28557253    5495.6129   0.24219319   -1.4038142    2.3727669   0.96895264 
   36000    1.6305993   0.32138944    5422.0005   0.24548135   -1.4488008    2.4440613   0.99526052 
   37000    1.5675325   0.28679952     5370.248   0.24784703   -1.4229877    2.3495321   0.92654446 
   38000    1.6193175    0.2701701    5335.2339    0.2494736   -1.4545978    2.4271514    0.9725536 
   39000    1.5997144    0.3001689    5457.5291   0.24388326   -1.4354826    2.3977688   0.96228617 
   40000    1.6298481   0.30859876    5625.2091   0.23661343   -1.3886048    2.4429353    1.0543305 
   41000    1.5879548   0.27170293    5720.3752   0.23267705     -1.34854    2.3801426    1.0316027 
   42000     1.635033   0.30071681    5694.8828   0.23371859   -1.3169085    2.4507068    1.1337983 
   43000    1.5690327    0.2987719    5770.3607   0.23066149   -1.3236972    2.3517808    1.0280836 
   44000     1.626641   0.33244496    5671.8234    0.2346688   -1.3520614    2.4381283     1.086067 
   45000    1.5834981   0.25861274    5551.8542   0.23973973   -1.4029923    2.3734626   0.97047027 
   46000    1.6140062   0.30549837    5387.9114    0.2470345   -1.4056135    2.4191904    1.0135769 
   47000    1.5396624   0.27808038    5381.8843   0.24731115    -1.415788    2.3077584   0.89197042 
   48000    1.6431921   0.29139659    5252.0048   0.25342703   -1.4549442    2.4629363    1.0079921 
   49000    1.5902468   0.24695072    5351.9341   0.24869514   -1.4591339     2.383578   0.92444413 
   50000    1.6028681   0.31128949    5510.1422   0.24155457   -1.3587444    2.4024958    1.0437514 
Loop time of 18.0492 on 1 procs for 50000 steps with 1331 atoms

Performance: 957383.582 tau/day, 2770.207 timesteps/s
99.7% CPU use with 1 MPI tasks x no OpenMP threads

MPI task timing breakdown:
Section |  min time  |  avg time  |  max time  |%varavg| %total
---------------------------------------------------------------
Pair    | 11.781     | 11.781     | 11.781     |   0.0 | 65.27
Neigh   | 3.1919     | 3.1919     | 3.1919     |   0.0 | 17.68
Comm    | 0.57535    | 0.57535    | 0.57535    |   0.0 |  3.19
Output  | 0.02738    | 0.02738    | 0.02738    |   0.0 |  0.15
Modify  | 2.3432     | 2.3432     | 2.3432     |   0.0 | 12.98
Other   |            | 0.1302     |            |       |  0.72

Nlocal:    1331 ave 1331 max 1331 min
Histogram: 1 0 0 0 0 0 0 0 0 0
Nghost:    1867 ave 1867 max 1867 min
Histogram: 1 0 0 0 0 0 0 0 0 0
Neighs:    14938 ave 14938 max 14938 min
Histogram: 1 0 0 0 0 0 0 0 0 0

Total # of neighbors = 14938
Ave neighs/atom = 11.2231
Neighbor list builds = 2500
Dangerous builds not checked

write_restart lattice_11_11_11__2_2_2/sim1/T_1.60__P_0.30/end1.restart
Total wall time: 0:00:18
