run 50000
Neighbor list info ...
  update every 20 steps, delay 0 steps, check no
  max neighbors/atom: 2000, page size: 100000
  master list distance cutoff = 2.8
  ghost atom cutoff = 2.8
  binsize = 1.4, bins = 17 17 17
  1 neighbor lists, perpetual/occasional/extra = 1 0 0
  (1) pair lj/cut, perpetual
      attributes: half, newton on
      pair build: half/bin/atomonly/newton
      stencil: half/bin/3d/newton
      bin: standard
Per MPI rank memory allocation (min/avg/max) = 2.705 | 2.705 | 2.705 Mbytes
Step Temp Press TotEng 
       0          1.4   0.12224406     2.004881 
    1000    1.4828232   0.13750497    1.5634593 
    2000    1.3612313   0.11197843    1.3383205 
    3000    1.4387188   0.11868868    1.4414422 
    4000    1.3701429   0.12171912    1.3540318 
    5000    1.4158127   0.13661247     1.453529 
    6000    1.3704307    0.1358855    1.3771174 
    7000    1.3963728   0.12175561    1.3774624 
    8000    1.3947468   0.12898228    1.3969914 
    9000    1.4424413   0.14422685    1.4823813 
   10000    1.3760805   0.12647958    1.3481878 
   11000    1.4250022   0.12983044    1.4323422 
   12000    1.3553768   0.14168341    1.3512078 
   13000    1.3762026   0.11311555    1.3272023 
   14000      1.42119    0.1146505    1.4053878 
   15000    1.3984705   0.12874473    1.3729769 
   16000    1.3978705   0.12995291    1.4016796 
   17000    1.4053213    0.1153359    1.4180554 
   18000    1.3949241   0.12313741    1.3838565 
   19000     1.414652   0.12584058    1.4586829 
   20000    1.3548352   0.11010031     1.320805 
   21000    1.4340411   0.12643484    1.4540521 
   22000    1.3876422   0.10912891    1.3870223 
   23000    1.3718019   0.12021725    1.3849751 
   24000    1.4182487   0.13365408    1.4085759 
   25000    1.4067728   0.11771678     1.378702 
   26000    1.3893961   0.11681071    1.3816521 
   27000    1.4102681   0.13444096    1.4255559 
   28000    1.3437148    0.1082846    1.3051664 
   29000    1.4367687   0.14147102     1.477243 
   30000    1.3686546   0.12607412     1.365006 
   31000    1.4528714   0.12823514    1.5006678 
   32000    1.4006071   0.13506626    1.4110281 
   33000    1.4032829    0.1087332    1.3768725 
   34000    1.3728944   0.11744208    1.3552443 
   35000    1.4399001   0.12160068    1.4727263 
   36000    1.3477664   0.12675939    1.3221464 
   37000    1.3772492   0.12034067    1.4127284 
   38000    1.4187846   0.11875315    1.4235307 
   39000    1.3596431   0.11167461    1.3062476 
   40000    1.4188825   0.12524064    1.4129389 
   41000    1.3697173   0.12073629    1.3684915 
   42000    1.3679469   0.12726925    1.3551006 
   43000    1.4091916   0.12196885    1.4262873 
   44000    1.3592192   0.11716495    1.3497685 
   45000    1.4407441   0.12964544    1.4845365 
   46000    1.3847485   0.11510891    1.3642582 
   47000    1.3926441   0.11355289    1.4028263 
   48000    1.3987563   0.12150817     1.403448 
   49000    1.3713229   0.11732374    1.3971164 
   50000    1.4595575   0.13744688    1.5018368 
Loop time of 7.81404 on 1 procs for 50000 steps with 1331 atoms

Performance: 2211402.872 tau/day, 6398.735 timesteps/s
99.8% CPU use with 1 MPI tasks x no OpenMP threads

MPI task timing breakdown:
Section |  min time  |  avg time  |  max time  |%varavg| %total
---------------------------------------------------------------
Pair    | 4.7487     | 4.7487     | 4.7487     |   0.0 | 60.77
Neigh   | 1.7634     | 1.7634     | 1.7634     |   0.0 | 22.57
Comm    | 0.342      | 0.342      | 0.342      |   0.0 |  4.38
Output  | 0.024284   | 0.024284   | 0.024284   |   0.0 |  0.31
Modify  | 0.84756    | 0.84756    | 0.84756    |   0.0 | 10.85
Other   |            | 0.08807    |            |       |  1.13

Nlocal:    1331 ave 1331 max 1331 min
Histogram: 1 0 0 0 0 0 0 0 0 0
Nghost:    1159 ave 1159 max 1159 min
Histogram: 1 0 0 0 0 0 0 0 0 0
Neighs:    7022 ave 7022 max 7022 min
Histogram: 1 0 0 0 0 0 0 0 0 0

Total # of neighbors = 7022
Ave neighs/atom = 5.27573
Neighbor list builds = 2500
Dangerous builds not checked

write_restart NVT/sim1/T_1.40__v_9.26/end1.restart
Total wall time: 0:00:07
