run 50000
Neighbor list info ...
  update every 20 steps, delay 0 steps, check no
  max neighbors/atom: 2000, page size: 100000
  master list distance cutoff = 2.8
  ghost atom cutoff = 2.8
  binsize = 1.4, bins = 14 14 14
  1 neighbor lists, perpetual/occasional/extra = 1 0 0
  (1) pair lj/cut, perpetual
      attributes: half, newton on
      pair build: half/bin/atomonly/newton
      stencil: half/bin/3d/newton
      bin: standard
Per MPI rank memory allocation (min/avg/max) = 2.746 | 2.746 | 2.746 Mbytes
Step Temp Press TotEng 
       0          0.2  -0.16795075  -0.12255941 
    1000   0.58304711 -0.069003247  -0.96037695 
    2000   0.53747922 -0.048684593   -2.1391928 
    3000   0.42903958 -0.043807476   -3.2049102 
    4000   0.33271306 -0.028412045    -3.959653 
    5000   0.24903255 -0.031438188   -4.4159817 
    6000   0.20866022 -0.022713316   -4.6796095 
    7000   0.19516824 -0.0043431863   -4.8305631 
    8000   0.21399293 -0.031364618   -4.9419144 
    9000   0.20360835 -0.043380679   -5.0861675 
   10000   0.19307669 -0.030884597   -5.1551527 
   11000   0.21131013 -0.0068516534   -5.1376217 
   12000     0.207685 -0.055703874   -5.1627041 
   13000   0.19153828 -0.036556693   -5.2360899 
   14000   0.19829648 -0.019664103   -5.2274694 
   15000   0.20784774 -0.028228143   -5.1970414 
   16000   0.19334396 -0.036152195   -5.2497584 
   17000   0.18967404 -0.031848804   -5.2740605 
   18000   0.20719957 -0.019767723   -5.2282109 
   19000   0.20565885  -0.02212303   -5.2535228 
   20000   0.18601728 -0.043112416   -5.2988678 
   21000   0.19729587 -0.038240502   -5.2688564 
   22000   0.20696254 -0.031194418   -5.2618872 
   23000   0.19541676  -0.04655293   -5.3084548 
   24000   0.19746777 -0.027624315   -5.3000619 
   25000   0.20788984 -0.033726733   -5.2639782 
   26000   0.19636867 -0.016881322     -5.30322 
   27000   0.18911813 -0.057095425   -5.3346012 
   28000   0.20878654 -0.052297967   -5.2915046 
   29000    0.2080973 -0.057707365   -5.2995206 
   30000   0.19545377 -0.059713799   -5.3433967 
   31000   0.20289086 -0.0068949019   -5.3224711 
   32000   0.20904384 -0.039948304    -5.316724 
   33000   0.20149682  -0.03153396   -5.3623121 
   34000   0.19626655 -0.043032963   -5.3618105 
   35000   0.20454274 -0.044165278   -5.3390524 
   36000   0.19572359 -0.064148306   -5.3825233 
   37000   0.19650562 -0.013682939   -5.3991777 
   38000   0.20830631 -0.017478188   -5.3715513 
   39000   0.20511556 -0.032373123   -5.3900036 
   40000   0.19184021 -0.060936913   -5.4206416 
   41000   0.20413565 -0.041881201   -5.3978283 
   42000    0.2053394 -0.036230641   -5.3896327 
   43000   0.19633336 -0.044992857   -5.4257584 
   44000   0.19999019 -0.038595625   -5.4269052 
   45000   0.20708717 -0.049451784   -5.4110881 
   46000   0.20166541 -0.046391536    -5.434497 
   47000   0.19633569 -0.055876178   -5.4324473 
   48000   0.20410266 -0.044491389   -5.4132154 
   49000   0.20523998 -0.031890271   -5.4349963 
   50000   0.19527989 -0.022568653   -5.4593198 
Loop time of 32.648 on 1 procs for 50000 steps with 1331 atoms

Performance: 529282.564 tau/day, 1531.489 timesteps/s
99.7% CPU use with 1 MPI tasks x no OpenMP threads

MPI task timing breakdown:
Section |  min time  |  avg time  |  max time  |%varavg| %total
---------------------------------------------------------------
Pair    | 27.294     | 27.294     | 27.294     |   0.0 | 83.60
Neigh   | 3.9184     | 3.9184     | 3.9184     |   0.0 | 12.00
Comm    | 0.28295    | 0.28295    | 0.28295    |   0.0 |  0.87
Output  | 0.029066   | 0.029066   | 0.029066   |   0.0 |  0.09
Modify  | 1.0276     | 1.0276     | 1.0276     |   0.0 |  3.15
Other   |            | 0.09635    |            |       |  0.30

Nlocal:    1331 ave 1331 max 1331 min
Histogram: 1 0 0 0 0 0 0 0 0 0
Nghost:    844 ave 844 max 844 min
Histogram: 1 0 0 0 0 0 0 0 0 0
Neighs:    43672 ave 43672 max 43672 min
Histogram: 1 0 0 0 0 0 0 0 0 0

Total # of neighbors = 43672
Ave neighs/atom = 32.8114
Neighbor list builds = 2500
Dangerous builds not checked

write_restart NVT/sim1/T_0.20__v_4.91/end1.restart
Total wall time: 0:00:32
