run 50000
Neighbor list info ...
  update every 20 steps, delay 0 steps, check no
  max neighbors/atom: 2000, page size: 100000
  master list distance cutoff = 2.8
  ghost atom cutoff = 2.8
  binsize = 1.4, bins = 16 16 16
  1 neighbor lists, perpetual/occasional/extra = 1 0 0
  (1) pair lj/cut, perpetual
      attributes: half, newton on
      pair build: half/bin/atomonly/newton
      stencil: half/bin/3d/newton
      bin: standard
Per MPI rank memory allocation (min/avg/max) = 2.7 | 2.7 | 2.7 Mbytes
Step Temp Press Volume Density PotEng KinEng TotEng 
       0          0.1 -0.032919548        10648        0.125  -0.13561964    0.1498873  0.014267664 
    1000   0.75025439  -0.23948458    2433.0091    0.5470592   -3.4666956    1.1245361   -2.3421595 
    2000   0.48794356    1.0248464    1447.2211    0.9196936   -5.8205107   0.73136543   -5.0891453 
    3000   0.20977273    1.2702899    1340.5212   0.99289741   -6.4483326   0.31442268   -6.1339099 
    4000    0.1171524    1.2571541    1314.8589    1.0122759   -6.6377869   0.17559658   -6.4621903 
    5000  0.086494757    1.2971292    1306.5993     1.018675   -6.6932438   0.12964466   -6.5635992 
    6000  0.098550138    1.2955377    1308.1276    1.0174849   -6.6822218   0.14771414   -6.5345077 
    7000   0.11287327    1.3176055    1309.9671    1.0160561   -6.6668359   0.16918271   -6.4976532 
    8000  0.092654872    1.2846848    1307.4789    1.0179896   -6.6892016   0.13887789   -6.5503237 
    9000  0.094875857    1.2960057    1307.5213    1.0179567   -6.6862005   0.14220686   -6.5439936 
   10000   0.10632506    1.3095401    1310.1402    1.0159218   -6.6641494   0.15936776   -6.5047816 
   11000  0.095527529    1.3496563     1306.932    1.0184156   -6.6815705   0.14318364   -6.5383869 
   12000  0.096379319    1.2902295    1306.4942    1.0187569   -6.6971881   0.14446036   -6.5527278 
   13000   0.10661677    1.2897103    1308.4323    1.0172479   -6.6811048     0.159805   -6.5212998 
   14000    0.1013736    1.2697152    1307.4905    1.0179806   -6.6918917   0.15194616   -6.5399455 
   15000  0.095803899    1.3458118    1304.3525    1.0204297   -6.7050418   0.14359788   -6.5614439 
   16000   0.10385572    1.2988646    1307.7268    1.0177967   -6.6890481   0.15566654   -6.5333816 
   17000    0.1048262    1.3571335    1305.5649    1.0194821   -6.6921533   0.15712117   -6.5350321 
   18000  0.094211242    1.2712789    1305.6107    1.0194463   -6.7054368   0.14121069   -6.5642261 
   19000   0.10074879    1.3554471    1305.0723    1.0198668   -6.6941339   0.15100965   -6.5431243 
   20000   0.10354077    1.2713712    1307.4915    1.0179799   -6.6889621   0.15519447   -6.5337676 
   21000  0.098431634    1.3137431    1304.6116     1.020227   -6.7073892   0.14753652   -6.5598526 
   22000  0.099480715    1.1627694    1308.4291    1.0172504    -6.702861   0.14910896    -6.553752 
   23000   0.10446008    1.4447943     1304.453    1.0203511    -6.686194    0.1565724   -6.5296216 
   24000  0.096543794      1.21817    1307.1516    1.0182445   -6.7014752   0.14470689   -6.5567683 
   25000  0.095819903    1.3519848    1304.2587    1.0205031   -6.7019738   0.14362187   -6.5583519 
   26000   0.10544928    1.2714684    1307.0823    1.0182986   -6.6950529   0.15805508   -6.5369978 
   27000   0.10119417    1.2914888    1305.3572    1.0196442   -6.7058461   0.15167721   -6.5541689 
   28000  0.093711385    1.3482427    1303.4231    1.0211573   -6.7091503   0.14046147   -6.5686888 
   29000   0.10235302     1.161458    1309.1694    1.0166751   -6.6977459   0.15341418   -6.5443317 
   30000   0.10183615    1.4142338    1303.6686     1.020965   -6.6981227   0.15263945   -6.5454832 
   31000  0.094858172    1.2197592    1305.7955     1.019302   -6.7141062   0.14218036   -6.5719259 
   32000   0.10147536    1.3921166      1303.88    1.0207994   -6.6983236   0.15209869   -6.5462249 
   33000   0.10334966    1.2741564    1306.4754    1.0187716   -6.7008618   0.15490802   -6.5459537 
   34000  0.095522781    1.3850207    1302.6146    1.0217911   -6.7128877   0.14317652   -6.5697112 
   35000  0.098868876    1.2926062    1305.3098    1.0196813   -6.7046646   0.14819189   -6.5564727 
   36000  0.099198346    1.3330375    1305.6009    1.0194539    -6.694972   0.14868573   -6.5462863 
   37000  0.096889685    1.3539995    1302.9551     1.021524   -6.7127134   0.14522533   -6.5674881 
   38000  0.097879708    1.2367947    1305.7226    1.0193589   -6.7100501   0.14670925   -6.5633409 
   39000   0.10480601    1.3709974    1303.8325    1.0208366   -6.7053684   0.15709091   -6.5482775 
   40000  0.097406749    1.2996096    1304.0517     1.020665   -6.7125899   0.14600035   -6.5665896 
   41000  0.099112048    1.2394306    1305.3988    1.0196118   -6.7146522   0.14855638   -6.5660958 
   42000   0.10514307    1.3144008    1304.8232    1.0200616   -6.7065454   0.15759611   -6.5489493 
   43000   0.09990058    1.2528138    1305.1488    1.0198071    -6.715374   0.14973829   -6.5656357 
   44000  0.097104195     1.292477    1303.7902    1.0208698     -6.71762   0.14554686   -6.5720732 
   45000   0.10320001    1.2874365    1304.5765    1.0202545   -6.7124555   0.15468371   -6.5577717 
   46000  0.098951358    1.2794725     1303.934    1.0207572   -6.7183215   0.14831552   -6.5700059 
   47000  0.096515104    1.3586043    1301.2007    1.0229014   -6.7252212   0.14466389   -6.5805573 
   48000   0.10359908    1.2559166    1304.2578    1.0205038   -6.7188939   0.15528187   -6.5636121 
   49000   0.10205434    1.3327786    1301.8108     1.022422   -6.7242866    0.1529665   -6.5713201 
   50000  0.094741773     1.232863    1301.9911    1.0222804   -6.7389225   0.14200589   -6.5969166 
Loop time of 45.7443 on 1 procs for 50000 steps with 1331 atoms

Performance: 377752.060 tau/day, 1093.033 timesteps/s
100.0% CPU use with 1 MPI tasks x no OpenMP threads

MPI task timing breakdown:
Section |  min time  |  avg time  |  max time  |%varavg| %total
---------------------------------------------------------------
Pair    | 37.45      | 37.45      | 37.45      |   0.0 | 81.87
Neigh   | 5.2128     | 5.2128     | 5.2128     |   0.0 | 11.40
Comm    | 0.76717    | 0.76717    | 0.76717    |   0.0 |  1.68
Output  | 0.0263     | 0.0263     | 0.0263     |   0.0 |  0.06
Modify  | 2.0564     | 2.0564     | 2.0564     |   0.0 |  4.50
Other   |            | 0.2319     |            |       |  0.51

Nlocal:    1331 ave 1331 max 1331 min
Histogram: 1 0 0 0 0 0 0 0 0 0
Nghost:    3230 ave 3230 max 3230 min
Histogram: 1 0 0 0 0 0 0 0 0 0
Neighs:    61040 ave 61040 max 61040 min
Histogram: 1 0 0 0 0 0 0 0 0 0

Total # of neighbors = 61040
Ave neighs/atom = 45.8603
Neighbor list builds = 2500
Dangerous builds not checked

write_restart lattice_11_11_11__2_2_2/sim1/T_0.10__P_1.30/end1.restart
Total wall time: 0:00:45
