run 50000
Neighbor list info ...
  update every 20 steps, delay 0 steps, check no
  max neighbors/atom: 2000, page size: 100000
  master list distance cutoff = 2.8
  ghost atom cutoff = 2.8
  binsize = 1.4, bins = 16 16 16
  1 neighbor lists, perpetual/occasional/extra = 1 0 0
  (1) pair lj/cut, perpetual
      attributes: half, newton on
      pair build: half/bin/atomonly/newton
      stencil: half/bin/3d/newton
      bin: standard
Per MPI rank memory allocation (min/avg/max) = 2.7 | 2.7 | 2.7 Mbytes
Step Temp Press Volume Density PotEng KinEng TotEng 
       0          0.3 -0.0079383306        10648        0.125  -0.13561964   0.44966191   0.31404227 
    1000   0.74338808   0.02555606    6056.2956   0.21977131   -1.5617577    1.1142443  -0.44751341 
    2000   0.67229096 -0.043207777    3912.3346   0.34020608   -2.8223778    1.0076788    -1.814699 
    3000   0.58920591  -0.17556485    2726.5411   0.48816428   -4.0595302   0.88314484   -3.1763854 
    4000   0.50658353  -0.11431825    1974.8248   0.67398382   -5.0159246   0.75930438   -4.2566202 
    5000   0.43928339 -0.019794249    1566.0457   0.84991133   -5.6948309   0.65843002   -5.0364008 
    6000   0.35771925   0.24130457     1426.377    0.9331334   -6.0861931   0.53617573   -5.5500174 
    7000   0.29004738   0.30883035     1391.924   0.95623039   -6.2704892   0.43474419    -5.835745 
    8000   0.28344265   0.28892654    1386.8983   0.95969544   -6.3093486   0.42484455    -5.884504 
    9000   0.31540121   0.28217752    1393.6376   0.95505462    -6.265831   0.47274637   -5.7930846 
   10000   0.29507469   0.33654705    1386.4348   0.96001629   -6.3041099   0.44227949   -5.8618304 
   11000   0.28178017    0.3859815    1375.9808   0.96731004   -6.3641401    0.4223527   -5.9417874 
   12000    0.3085523   0.26428798    1383.3069   0.96218708   -6.3359065   0.46248072   -5.8734258 
   13000   0.32195906   0.18436368    1387.1913   0.95949275   -6.3290905   0.48257575   -5.8465148 
   14000   0.28276934   0.34474995     1379.367   0.96493537   -6.3423338   0.42383533   -5.9184985 
   15000   0.29418715   0.26123872    1381.9656   0.96312096    -6.347203   0.44094919   -5.9062538 
   16000   0.31134485   0.31527205    1384.0334   0.96168197   -6.3284023   0.46666639   -5.8617359 
   17000   0.29987145   0.37448587    1377.8276   0.96601344    -6.353569   0.44946923   -5.9040998 
   18000   0.28804181   0.45560982     1376.273   0.96710462   -6.3502926    0.4317381   -5.9185545 
   19000   0.29884046   0.13534709    1389.1188   0.95816136   -6.3219829   0.44792391    -5.874059 
   20000   0.29480076   0.17623548    1385.1102   0.96093436   -6.3373245   0.44186891   -5.8954556 
   21000    0.2937773   0.37765956    1373.7505   0.96888045   -6.3779695   0.44033488   -5.9376346 
   22000   0.30719247    0.2972998    1378.4089   0.96560604   -6.3662883    0.4604425   -5.9058458 
   23000   0.30583957   0.24310848    1382.7819   0.96255235   -6.3403953   0.45841468   -5.8819806 
   24000   0.30342697   0.14777855    1380.3147   0.96427286     -6.37697    0.4547985   -5.9221715 
   25000   0.29519354   0.29016396    1377.5123   0.96623458   -6.3719662   0.44245763   -5.9295085 
   26000   0.30090631   0.37729231    1379.5481   0.96480869   -6.3410053   0.45102034   -5.8899849 
   27000   0.30136983   0.29656282    1380.4556   0.96417446    -6.348223   0.45171511   -5.8965078 
   28000   0.29534361   0.16848585    1380.9225   0.96384846   -6.3712732   0.44268256   -5.9285907 
   29000   0.29287476    0.0985813    1387.2474   0.95945395    -6.338841   0.43898207    -5.899859 
   30000   0.30672357   0.44325405    1377.2355   0.96642876   -6.3461934   0.45973969   -5.8864537 
   31000   0.29249324   0.35588166    1376.4841   0.96695633   -6.3686896   0.43841023   -5.9302794 
   32000   0.29986636   0.23052169    1379.2544   0.96501417   -6.3719521   0.44946159   -5.9224905 
   33000   0.30657381   0.28968459    1380.9832   0.96380607   -6.3482812   0.45951521    -5.888766 
   34000   0.30056359   0.35463147    1376.4121   0.96700693    -6.370909   0.45050666   -5.9204024 
   35000   0.29743294   0.33023384    1373.7991   0.96884617   -6.3870552    0.4458142    -5.941241 
   36000   0.29375493   0.41827255    1377.5217     0.966228   -6.3467069   0.44030134   -5.9064056 
   37000   0.30386067    0.1559486    1383.7808   0.96185756   -6.3516611   0.45544857   -5.8962125 
   38000   0.29733292  0.097661518    1381.7427    0.9632763   -6.3745299   0.44566429   -5.9288656 
   39000   0.28837142   0.32833416    1377.7797   0.96604703   -6.3593205   0.43223215   -5.9270884 
   40000   0.30499923   0.41950337    1376.1015   0.96722514   -6.3540547   0.45715511   -5.8968996 
   41000   0.30415231   0.43016242    1373.4024   0.96912603   -6.3758169   0.45588569   -5.9199312 
   42000    0.2935617   0.27643331    1376.3763   0.96703207   -6.3770354   0.44001172   -5.9370236 
   43000   0.29593902   0.26981732    1380.2391   0.96432566   -6.3500331   0.44357501   -5.9064581 
   44000   0.30045769   0.27204811    1380.1891   0.96436063   -6.3545468   0.45034793   -5.9041989 
   45000   0.29298814   0.42802689    1372.3539   0.96986646   -6.3793232   0.43915201   -5.9401712 
   46000   0.30078102    0.5527956    1371.4221   0.97052543   -6.3658547   0.45083256   -5.9150222 
   47000   0.30396349   0.28617581    1380.5663   0.96409715   -6.3492637   0.45560267   -5.8936611 
   48000    0.2879686   0.24288104    1378.4479   0.96557874   -6.3703743   0.43162837   -5.9387459 
   49000   0.29362795   0.25988155    1378.1357   0.96579747   -6.3727905   0.44011101   -5.9326795 
   50000   0.30872606   0.32219283    1378.4293   0.96559178   -6.3588102   0.46274116   -5.8960691 
Loop time of 41.7772 on 1 procs for 50000 steps with 1331 atoms

Performance: 413622.850 tau/day, 1196.825 timesteps/s
100.0% CPU use with 1 MPI tasks x no OpenMP threads

MPI task timing breakdown:
Section |  min time  |  avg time  |  max time  |%varavg| %total
---------------------------------------------------------------
Pair    | 33.748     | 33.748     | 33.748     |   0.0 | 80.78
Neigh   | 5.023      | 5.023      | 5.023      |   0.0 | 12.02
Comm    | 0.72358    | 0.72358    | 0.72358    |   0.0 |  1.73
Output  | 0.018262   | 0.018262   | 0.018262   |   0.0 |  0.04
Modify  | 2.0424     | 2.0424     | 2.0424     |   0.0 |  4.89
Other   |            | 0.2223     |            |       |  0.53

Nlocal:    1331 ave 1331 max 1331 min
Histogram: 1 0 0 0 0 0 0 0 0 0
Nghost:    3217 ave 3217 max 3217 min
Histogram: 1 0 0 0 0 0 0 0 0 0
Neighs:    56904 ave 56904 max 56904 min
Histogram: 1 0 0 0 0 0 0 0 0 0

Total # of neighbors = 56904
Ave neighs/atom = 42.7528
Neighbor list builds = 2500
Dangerous builds not checked

write_restart lattice_11_11_11__2_2_2/sim1/T_0.30__P_0.30/end1.restart
Total wall time: 0:00:41
