run 50000
Neighbor list info ...
  update every 20 steps, delay 0 steps, check no
  max neighbors/atom: 2000, page size: 100000
  master list distance cutoff = 2.8
  ghost atom cutoff = 2.8
  binsize = 1.4, bins = 16 16 16
  1 neighbor lists, perpetual/occasional/extra = 1 0 0
  (1) pair lj/cut, perpetual
      attributes: half, newton on
      pair build: half/bin/atomonly/newton
      stencil: half/bin/3d/newton
      bin: standard
Per MPI rank memory allocation (min/avg/max) = 2.711 | 2.711 | 2.711 Mbytes
Step Temp Press TotEng 
       0          0.7  0.031963544   0.85442956 
    1000   0.87505205   0.05471468   0.32051551 
    2000   0.76719489  0.013369059  -0.15609777 
    3000   0.72440805 -0.0045901578  -0.48068134 
    4000   0.73688375 -0.0024131977  -0.76272725 
    5000    0.7113266  0.011279725   -1.0064082 
    6000   0.72039247 -0.0019434307   -1.2390407 
    7000   0.74069411 -0.019048228   -1.4551565 
    8000   0.72614251  0.010745912   -1.6968672 
    9000   0.71545803 0.0058929113   -1.8956053 
   10000   0.70346433  0.022667082   -2.0756124 
   11000   0.69348183 -0.020108729   -2.2510561 
   12000   0.66154579  0.010673489   -2.3457502 
   13000   0.70917442  0.010339878   -2.3393001 
   14000   0.71774172 0.0093743314   -2.3320915 
   15000   0.70028281 0.0056835198   -2.4160229 
   16000   0.69263592 -0.014356139    -2.494371 
   17000   0.71005974 -0.019095739    -2.476985 
   18000   0.68140348  0.019185616   -2.5182261 
   19000   0.68323949 0.0020019993   -2.5853255 
   20000   0.69045639  0.032643038   -2.6533712 
   21000   0.72118758  0.017518528   -2.5873241 
   22000   0.72192509  0.013495067   -2.5834226 
   23000   0.67802607 -0.0030980832   -2.6629464 
   24000   0.69593426 -0.00033183476   -2.6496952 
   25000   0.72600273 0.0071613091   -2.6175532 
   26000   0.69127321 0.0049482451   -2.7112849 
   27000   0.68746676   -0.0160263   -2.7574215 
   28000   0.68709096   0.01210987   -2.8329067 
   29000   0.70614005 -0.0006270125   -2.7925069 
   30000   0.69758108 -0.0074107415   -2.7453623 
   31000    0.7200334  0.020312834   -2.7050228 
   32000    0.6920584 -0.012851659   -2.7956999 
   33000   0.69298965  0.016947222   -2.7700883 
   34000   0.68920952   0.01091792   -2.7077667 
   35000   0.69470591 -0.0055151351   -2.7434477 
   36000   0.70684904  0.011795323   -2.6863707 
   37000   0.71132139 -0.005926907   -2.6842705 
   38000   0.69387889 0.00011383596    -2.769187 
   39000   0.69230449  -0.02156175   -2.8328831 
   40000   0.69583505  0.023050417   -2.7796236 
   41000   0.69793588 -0.026972305    -2.712098 
   42000   0.69618376 0.0010491189   -2.7092965 
   43000   0.65816385 -0.025009579   -2.7934671 
   44000   0.69358681  0.019355403   -2.7233207 
   45000   0.70886029  0.032946023   -2.6853173 
   46000   0.69128031 -0.021574646   -2.6111227 
   47000   0.71757838  0.032260457     -2.58133 
   48000   0.70233606 0.0039590428   -2.6611523 
   49000   0.68473805 -0.0089422932   -2.6927083 
   50000   0.70515107  0.001647946   -2.7756864 
Loop time of 21.7403 on 1 procs for 50000 steps with 1331 atoms

Performance: 794836.101 tau/day, 2299.873 timesteps/s
99.9% CPU use with 1 MPI tasks x no OpenMP threads

MPI task timing breakdown:
Section |  min time  |  avg time  |  max time  |%varavg| %total
---------------------------------------------------------------
Pair    | 17.334     | 17.334     | 17.334     |   0.0 | 79.73
Neigh   | 3.0393     | 3.0393     | 3.0393     |   0.0 | 13.98
Comm    | 0.40087    | 0.40087    | 0.40087    |   0.0 |  1.84
Output  | 0.023615   | 0.023615   | 0.023615   |   0.0 |  0.11
Modify  | 0.84585    | 0.84585    | 0.84585    |   0.0 |  3.89
Other   |            | 0.09622    |            |       |  0.44

Nlocal:    1331 ave 1331 max 1331 min
Histogram: 1 0 0 0 0 0 0 0 0 0
Nghost:    1619 ave 1619 max 1619 min
Histogram: 1 0 0 0 0 0 0 0 0 0
Neighs:    33304 ave 33304 max 33304 min
Histogram: 1 0 0 0 0 0 0 0 0 0

Total # of neighbors = 33304
Ave neighs/atom = 25.0218
Neighbor list builds = 2500
Dangerous builds not checked

write_restart NVT/sim1/T_0.70__v_6.86/end1.restart
Total wall time: 0:00:21
