run 50000
Neighbor list info ...
  update every 20 steps, delay 0 steps, check no
  max neighbors/atom: 2000, page size: 100000
  master list distance cutoff = 2.8
  ghost atom cutoff = 2.8
  binsize = 1.4, bins = 16 16 16
  1 neighbor lists, perpetual/occasional/extra = 1 0 0
  (1) pair lj/cut, perpetual
      attributes: half, newton on
      pair build: half/bin/atomonly/newton
      stencil: half/bin/3d/newton
      bin: standard
Per MPI rank memory allocation (min/avg/max) = 2.7 | 2.7 | 2.7 Mbytes
Step Temp Press Volume Density PotEng KinEng TotEng 
       0          0.7  0.042024104        10648        0.125  -0.13561964    1.0492111   0.91359148 
    1000    1.0517474  0.072154071    7471.6338   0.17814042    -1.134078    1.5764358   0.44235772 
    2000   0.91473916  0.052568163    5619.8993   0.23683698   -1.7121039    1.3710779  -0.34102601 
    3000   0.82443539 0.00094116239    4335.0687   0.30703089   -2.3123465     1.235724   -1.0766225 
    4000   0.79124475   -0.0650802    3410.2981   0.39028847    -2.948929    1.1859754   -1.7629536 
    5000    0.7941502 -0.062628115    2738.2783   0.48607184   -3.5911646    1.1903303   -2.4008343 
    6000   0.75963047  -0.17897024      2250.79   0.59134793   -4.0813797    1.1385896   -2.9427901 
    7000   0.73559817  0.025608664    1875.8214   0.70955583   -4.5004009    1.1025683   -3.3978326 
    8000   0.72692963   0.20175055    1690.0728   0.78754002   -4.8800798    1.0895752   -3.7905046 
    9000   0.67633978   0.34505766     1624.974      0.81909   -5.0795587    1.0137475   -4.0658113 
   10000   0.66303662   0.40299141    1621.6131   0.82078764   -5.1002618   0.99380771   -4.1064541 
   11000   0.70366843   0.30575604    1645.8284   0.80871126   -5.0152407    1.0547096   -3.9605311 
   12000   0.71814603        0.412    1645.5829   0.80883191    -4.996446    1.0764097   -3.9200363 
   13000   0.70394975   0.24941646    1633.4326   0.81484841   -5.0753037    1.0551313   -4.0201724 
   14000   0.70411823   0.12809029    1632.4884   0.81531972   -5.0938623    1.0553838   -4.0384785 
   15000    0.7240522   0.43143398    1628.2354   0.81744936   -5.0611365    1.0852623   -3.9758742 
   16000   0.70242006  0.048926087     1653.878    0.8047752   -5.0228625    1.0528385   -3.9700241 
   17000   0.70253992   0.40672644    1624.6553   0.81925069   -5.0757449    1.0530181   -4.0227268 
   18000   0.69602306   0.18207902    1626.7111   0.81821535   -5.1032821    1.0432502   -4.0600319 
   19000    0.7036053   0.32621133    1633.7681    0.8146811   -5.0660829     1.054615   -4.0114679 
   20000   0.70633943    0.4377591    1644.7725   0.80923045   -4.9963744    1.0587131   -3.9376612 
   21000   0.74365056    0.1876704    1630.5302   0.81629889   -5.1024178    1.1146378     -3.98778 
   22000   0.66303086   0.31570126    1622.8512   0.82016143    -5.096491   0.99379907    -4.102692 
   23000   0.69265046   0.57571054    1609.5134   0.82695803   -5.1129971    1.0381951    -4.074802 
   24000   0.67801619   0.29475968    1653.4358   0.80499045   -4.9750938    1.0162602   -3.9588337 
   25000   0.70171437   0.39613837    1653.8023   0.80481202   -4.9698931    1.0517807   -3.9181124 
   26000   0.68905426    0.4137357    1629.5501   0.81678988   -5.0488327    1.0328048   -4.0160278 
   27000    0.6967084   0.40226119    1622.7037   0.82023601   -5.0953795    1.0442774   -4.0511021 
   28000   0.67868685   0.30657753    1646.4216    0.8084199   -4.9983297    1.0172654   -3.9810642 
   29000   0.71451846   0.30684039    1651.9039   0.80573694   -4.9914122    1.0709724   -3.9204397 
   30000   0.68788492   0.47925575    1632.9016    0.8151134   -5.0346613    1.0310521   -4.0036091 
   31000   0.69651497   0.26684549    1629.4887   0.81682064   -5.0882626    1.0439875   -4.0442751 
   32000   0.69723326   0.12832301    1654.8963      0.80428   -5.0222477    1.0450641   -3.9771836 
   33000   0.70907132   0.46041743    1635.2897   0.81392308   -5.0236555    1.0628079   -3.9608476 
   34000   0.66912446   0.36647431    1628.9346   0.81709847   -5.0576286    1.0029326    -4.054696 
   35000   0.69968577     0.513905    1627.2008   0.81796913   -5.0510363    1.0487401   -4.0022962 
   36000   0.69743254 -0.0010804318    1651.9812   0.80569923   -5.0419227    1.0453628   -3.9965598 
   37000   0.70784202   0.46178141    1619.4264   0.82189596   -5.0900879    1.0609653   -4.0291226 
   38000   0.67744211   0.22036011    1630.9603   0.81608365   -5.0796185    1.0153997   -4.0642188 
   39000   0.68790988   0.30455913    1637.1401   0.81300314   -5.0438686    1.0310896   -4.0127791 
   40000   0.68345332   0.26536715    1643.9926   0.80961434   -5.0189407    1.0244097    -3.994531 
   41000   0.70296614   0.23693669    1653.3429   0.80503568   -4.9815221     1.053657   -3.9278651 
   42000   0.71684626   0.45135727    1624.9386   0.81910788   -5.0832516    1.0744615   -4.0087901 
   43000   0.67525016   0.27863499     1643.735   0.80974122   -5.0287949    1.0121143   -4.0166806 
   44000    0.7150504   0.32333141    1641.7494   0.81072059   -5.0261285    1.0717698   -3.9543588 
   45000    0.6835324   0.30253687    1631.6528   0.81573729   -5.0587994    1.0245283   -4.0342711 
   46000   0.70482298   0.34398048     1625.643   0.81875297   -5.0866827    1.0564401   -4.0302426 
   47000   0.68836959   0.14201164    1653.9865   0.80472242   -4.9921978    1.0317786   -3.9604192 
   48000   0.69143948   0.48440621    1641.8172   0.81068708   -4.9960826      1.03638   -3.9597026 
   49000   0.70272387   0.22636548    1639.4461   0.81185958   -5.0334754    1.0532939   -3.9801816 
   50000   0.70766999   0.23929392    1641.3378   0.81092389   -5.0421292    1.0607075   -3.9814217 
Loop time of 35.8835 on 1 procs for 50000 steps with 1331 atoms

Performance: 481558.335 tau/day, 1393.398 timesteps/s
99.9% CPU use with 1 MPI tasks x no OpenMP threads

MPI task timing breakdown:
Section |  min time  |  avg time  |  max time  |%varavg| %total
---------------------------------------------------------------
Pair    | 28.581     | 28.581     | 28.581     |   0.0 | 79.65
Neigh   | 4.4046     | 4.4046     | 4.4046     |   0.0 | 12.27
Comm    | 0.69984    | 0.69984    | 0.69984    |   0.0 |  1.95
Output  | 0.021055   | 0.021055   | 0.021055   |   0.0 |  0.06
Modify  | 2.0193     | 2.0193     | 2.0193     |   0.0 |  5.63
Other   |            | 0.1573     |            |       |  0.44

Nlocal:    1331 ave 1331 max 1331 min
Histogram: 1 0 0 0 0 0 0 0 0 0
Nghost:    2929 ave 2929 max 2929 min
Histogram: 1 0 0 0 0 0 0 0 0 0
Neighs:    48017 ave 48017 max 48017 min
Histogram: 1 0 0 0 0 0 0 0 0 0

Total # of neighbors = 48017
Ave neighs/atom = 36.0759
Neighbor list builds = 2500
Dangerous builds not checked

write_restart lattice_11_11_11__2_2_2/sim1/T_0.70__P_0.30/end1.restart
Total wall time: 0:00:35
