run 50000
Neighbor list info ...
  update every 20 steps, delay 0 steps, check no
  max neighbors/atom: 2000, page size: 100000
  master list distance cutoff = 2.8
  ghost atom cutoff = 2.8
  binsize = 1.4, bins = 23 23 23
  1 neighbor lists, perpetual/occasional/extra = 1 0 0
  (1) pair lj/cut, perpetual
      attributes: half, newton on
      pair build: half/bin/atomonly/newton
      stencil: half/bin/3d/newton
      bin: standard
Per MPI rank memory allocation (min/avg/max) = 2.748 | 2.748 | 2.748 Mbytes
Step Temp Press TotEng 
       0          1.6  0.069955455    2.3858678 
    1000    1.6075756  0.070190109    2.1643502 
    2000    1.5705876  0.064727431    2.1009079 
    3000    1.6415359  0.067815405     2.209296 
    4000    1.5563451  0.060707546    2.0513714 
    5000    1.6263205  0.067374035    2.1615797 
    6000    1.5197568  0.064429896    2.0067874 
    7000    1.6194627  0.072114268    2.1827651 
    8000    1.5756859  0.066205564    2.0822251 
    9000     1.640617  0.068873961    2.1817028 
   10000    1.5500272  0.065292133    2.0458416 
   11000     1.609487  0.068809219    2.1486487 
   12000     1.582359  0.065028762    2.0866771 
   13000    1.6059394  0.065341952    2.1262072 
   14000     1.600086  0.064069318    2.1168911 
   15000    1.6007413  0.064741245    2.1113381 
   16000    1.6107743  0.073342965    2.1632277 
   17000    1.5547136  0.064866339    2.0591572 
   18000    1.6221424  0.068766454    2.1683966 
   19000    1.5498917  0.063518866    2.0293687 
   20000    1.6666199  0.070419417        2.206 
   21000    1.5792967   0.06714178    2.0752764 
   22000    1.6526056  0.070104334    2.2113772 
   23000    1.5856566  0.065917232    2.0847583 
   24000    1.6197409  0.067565993    2.1543613 
   25000    1.5789978  0.067914088    2.1010982 
   26000    1.5913064  0.066034155    2.1238018 
   27000    1.6108864  0.067706302    2.1368202 
   28000    1.5664378  0.071411333    2.0811899 
   29000    1.6523837   0.07029047    2.2086799 
   30000    1.5712167  0.068089188    2.0813189 
   31000     1.634074  0.068457618    2.1735702 
   32000    1.5764234  0.061203297    2.0809187 
   33000    1.6022051  0.068195698    2.1359077 
   34000    1.6045105  0.069522587     2.124623 
   35000    1.5916562  0.067401354    2.1181235 
   36000    1.6173115  0.070432954    2.1662007 
   37000    1.5762021  0.066429211    2.0991614 
   38000    1.6141047  0.066048244    2.1430289 
   39000    1.5961734  0.064802224    2.1255404 
   40000    1.5913744  0.068060527    2.1085953 
   41000    1.6219059  0.063307234    2.1480409 
   42000     1.559392  0.065582813    2.0749077 
   43000    1.6546356  0.068750565    2.2191989 
   44000    1.5685804  0.062507237    2.0842491 
   45000    1.6052612  0.068722571    2.1475299 
   46000    1.5753268  0.062804805    2.0868892 
   47000    1.6028833  0.065658783    2.1058621 
   48000    1.5884751  0.067261369     2.118883 
   49000    1.6093551   0.06413401    2.1218607 
   50000     1.628547  0.070433153     2.166797 
Loop time of 4.38577 on 1 procs for 50000 steps with 1331 atoms

Performance: 3940015.851 tau/day, 11400.509 timesteps/s
99.5% CPU use with 1 MPI tasks x no OpenMP threads

MPI task timing breakdown:
Section |  min time  |  avg time  |  max time  |%varavg| %total
---------------------------------------------------------------
Pair    | 2.1521     | 2.1521     | 2.1521     |   0.0 | 49.07
Neigh   | 1.042      | 1.042      | 1.042      |   0.0 | 23.76
Comm    | 0.25       | 0.25       | 0.25       |   0.0 |  5.70
Output  | 0.021972   | 0.021972   | 0.021972   |   0.0 |  0.50
Modify  | 0.84293    | 0.84293    | 0.84293    |   0.0 | 19.22
Other   |            | 0.07673    |            |       |  1.75

Nlocal:    1331 ave 1331 max 1331 min
Histogram: 1 0 0 0 0 0 0 0 0 0
Nghost:    835 ave 835 max 835 min
Histogram: 1 0 0 0 0 0 0 0 0 0
Neighs:    2920 ave 2920 max 2920 min
Histogram: 1 0 0 0 0 0 0 0 0 0

Total # of neighbors = 2920
Ave neighs/atom = 2.19384
Neighbor list builds = 2500
Dangerous builds not checked

write_restart NVT/sim1/T_1.60__v_24.39/end1.restart
Total wall time: 0:00:04
