run 50000
Neighbor list info ...
  update every 20 steps, delay 0 steps, check no
  max neighbors/atom: 2000, page size: 100000
  master list distance cutoff = 2.8
  ghost atom cutoff = 2.8
  binsize = 1.4, bins = 22 22 22
  1 neighbor lists, perpetual/occasional/extra = 1 0 0
  (1) pair lj/cut, perpetual
      attributes: half, newton on
      pair build: half/bin/atomonly/newton
      stencil: half/bin/3d/newton
      bin: standard
Per MPI rank memory allocation (min/avg/max) = 2.739 | 2.739 | 2.739 Mbytes
Step Temp Press TotEng 
       0          0.6  0.027927517   0.88699476 
    1000   0.68456286  0.026959529   0.67659785 
    2000   0.60562367  0.017411971   0.46114257 
    3000   0.59685158  0.017093715    0.3591393 
    4000   0.61454342  0.017357753    0.3189993 
    5000   0.59993306  0.017456291   0.21975836 
    6000   0.59273544  0.012356292    0.1795682 
    7000   0.60923379  0.012592675   0.14875998 
    8000   0.59039621 0.0094130129  0.091429516 
    9000   0.61015245  0.011669971  0.048283695 
   10000   0.60710189 0.0086826955 -0.013253465 
   11000   0.59796686  0.010049667 -0.065635535 
   12000   0.59413276 0.0079294717  -0.13920497 
   13000   0.59324369 0.0077049412  -0.18868177 
   14000   0.62222098  0.011315664   -0.2686415 
   15000   0.60923507  0.016248189  -0.33840115 
   16000   0.61904399 0.0099875687  -0.40452371 
   17000   0.60497903 0.0070150813  -0.45960049 
   18000   0.58161441 0.0081103725  -0.49577702 
   19000   0.60574712 0.0023712595  -0.52547951 
   20000   0.61703939 0.0067767807  -0.56600278 
   21000   0.61460861 0.0092990808  -0.61556092 
   22000   0.62070095  0.010488299  -0.67296846 
   23000   0.60441093 0.0078816226  -0.72153771 
   24000   0.60218292 0.0019617615  -0.78501827 
   25000   0.60172687 0.0045877952  -0.82778228 
   26000   0.60550168 0.0045117147  -0.86593564 
   27000   0.60041354  0.001954252  -0.88942175 
   28000   0.60330227 -0.00024833961  -0.87205003 
   29000   0.58876175  0.004977629  -0.94660693 
   30000   0.61384933 0.0062539996   -1.0037488 
   31000    0.6066998  0.012387352   -1.0377485 
   32000   0.60564382 0.0059224506   -1.0948257 
   33000   0.61642688 0.0067111297   -1.1545263 
   34000   0.59859216 0.0015458741    -1.206557 
   35000   0.61182253 0.00022911688   -1.2157727 
   36000   0.59196426 0.0030518979   -1.2821014 
   37000   0.61273543 0.0054994688   -1.2821288 
   38000   0.60841796 0.0035481567   -1.3027369 
   39000   0.60606701  0.012860705   -1.3741627 
   40000   0.61391654  0.013919526   -1.4202916 
   41000   0.64080889 0.0014991953   -1.4851636 
   42000   0.62574512 0.0093360047   -1.5851939 
   43000    0.6137714 0.0027844549   -1.6736215 
   44000   0.59641496 0.0023837175   -1.7470297 
   45000   0.60775709  0.010933556   -1.7762398 
   46000   0.57710329 0.0018843662   -1.8504816 
   47000    0.6064373 0.0032527319    -1.799146 
   48000   0.60822355 0.00017919861   -1.7868654 
   49000   0.56371697 -0.00014107614   -1.8607855 
   50000   0.60666181 -0.0034563574   -1.8329979 
Loop time of 9.87328 on 1 procs for 50000 steps with 1331 atoms

Performance: 1750178.910 tau/day, 5064.175 timesteps/s
99.8% CPU use with 1 MPI tasks x no OpenMP threads

MPI task timing breakdown:
Section |  min time  |  avg time  |  max time  |%varavg| %total
---------------------------------------------------------------
Pair    | 7.0708     | 7.0708     | 7.0708     |   0.0 | 71.62
Neigh   | 1.6117     | 1.6117     | 1.6117     |   0.0 | 16.32
Comm    | 0.24179    | 0.24179    | 0.24179    |   0.0 |  2.45
Output  | 0.022599   | 0.022599   | 0.022599   |   0.0 |  0.23
Modify  | 0.84808    | 0.84808    | 0.84808    |   0.0 |  8.59
Other   |            | 0.07835    |            |       |  0.79

Nlocal:    1331 ave 1331 max 1331 min
Histogram: 1 0 0 0 0 0 0 0 0 0
Nghost:    508 ave 508 max 508 min
Histogram: 1 0 0 0 0 0 0 0 0 0
Neighs:    21044 ave 21044 max 21044 min
Histogram: 1 0 0 0 0 0 0 0 0 0

Total # of neighbors = 21044
Ave neighs/atom = 15.8107
Neighbor list builds = 2500
Dangerous builds not checked

write_restart NVT/sim1/T_0.60__v_21.95/end1.restart
Total wall time: 0:00:09
