run 50000
Neighbor list info ...
  update every 20 steps, delay 0 steps, check no
  max neighbors/atom: 2000, page size: 100000
  master list distance cutoff = 2.8
  ghost atom cutoff = 2.8
  binsize = 1.4, bins = 16 16 16
  1 neighbor lists, perpetual/occasional/extra = 1 0 0
  (1) pair lj/cut, perpetual
      attributes: half, newton on
      pair build: half/bin/atomonly/newton
      stencil: half/bin/3d/newton
      bin: standard
Per MPI rank memory allocation (min/avg/max) = 2.7 | 2.7 | 2.7 Mbytes
Step Temp Press Volume Density PotEng KinEng TotEng 
       0          1.8    0.1794208        10648        0.125  -0.13561964    2.6979715    2.5623518 
    1000    1.7673404   0.18715524    11531.797      0.11542  -0.62072059    2.6490188    2.0282982 
    2000     1.827136    0.1950406    11077.416   0.12015438  -0.65786118    2.7386449    2.0807837 
    3000    1.7709734   0.21348357    10763.856   0.12365457   -0.6935243    2.6544642    1.9609399 
    4000    1.8354395   0.22287241    10549.171   0.12617105  -0.72409324    2.7510907    2.0269975 
    5000    1.7083763   0.18625988    10796.487   0.12328084   -0.6954031    2.5606392    1.8652361 
    6000    1.8499039   0.19719021    10683.412   0.12458566   -0.7220343    2.7727711    2.0507368 
    7000    1.7458983   0.17395223    10934.485   0.12172498   -0.6940872    2.6168799    1.9227927 
    8000    1.8459239   0.20379811    11083.045   0.12009335  -0.69111367    2.7668056    2.0756919 
    9000    1.7917245   0.20158264    11095.969   0.11995347  -0.68648952    2.6855675     1.999078 
   10000    1.8237348   0.19952068    10604.829   0.12550886  -0.71388056    2.7335469    2.0196664 
   11000    1.8159409   0.21351235    10502.786   0.12672828  -0.75666077    2.7218648    1.9652041 
   12000    1.8062062   0.20679018    10971.143   0.12131826  -0.71418653    2.7072737    1.9930872 
   13000    1.8211979    0.2030935    11530.623   0.11543175   -0.6395984    2.7297445    2.0901461 
   14000    1.7894254   0.19176961    11211.473   0.11871768  -0.67004847    2.6821215     2.012073 
   15000    1.8065375   0.22038606    10533.895   0.12635403  -0.71792964    2.7077703    1.9898406 
   16000     1.777118   0.20952836    10581.967   0.12578002  -0.70431983    2.6636742    1.9593544 
   17000    1.8763181   0.21490639     10745.48   0.12386603  -0.71545639    2.8123626    2.0969062 
   18000    1.7454655    0.1855015    11298.283   0.11780551   -0.6785379    2.6162312    1.9376933 
   19000    1.8829314    0.1971159    10903.789   0.12206765   -0.7002758    2.8222751    2.1219993 
   20000     1.793193   0.20750315    10928.407   0.12179269  -0.69478633    2.6877686    1.9929823 
   21000    1.8137155   0.18795864    10865.873   0.12249361  -0.70422648    2.7185293    2.0143028 
   22000    1.7666416   0.19299889    10785.952   0.12340125  -0.75319154    2.6479715      1.89478 
   23000    1.8438134   0.20914094    10409.587    0.1278629  -0.70743635    2.7636421    2.0562058 
   24000    1.7822731   0.19974659    10320.799   0.12896288  -0.74728549    2.6714011    1.9241157 
   25000    1.7913814   0.19802245    10849.201   0.12268184  -0.71245505    2.6850532    1.9725982 
   26000    1.7914521   0.20178705    10991.575   0.12109274  -0.67808076    2.6851593    2.0070785 
   27000    1.7366527    0.1845422    10653.697   0.12493316  -0.73065889    2.6030218     1.872363 
   28000    1.8574259   0.21985055    9902.5222    0.1344102  -0.74800547    2.7840457    2.0360402 
   29000    1.6997072   0.16667645    10314.793   0.12903797  -0.76208504    2.5476453    1.7855603 
   30000    1.8259068   0.21713485     10326.34   0.12889368  -0.75274321    2.7368025    1.9840593 
   31000    1.7539249   0.19190213    10832.031   0.12287631  -0.66463979    2.6289108     1.964271 
   32000    1.8105982   0.20425367    11263.074   0.11817378  -0.67125082    2.7138567    2.0426059 
   33000    1.8379321   0.19996225    11186.552   0.11898215   -0.6828003    2.7548269    2.0720266 
   34000    1.7889574   0.19587607    10988.295   0.12112889  -0.68453495      2.68142    1.9968851 
   35000    1.8191628   0.21331957    10611.039   0.12543541  -0.72100603     2.726694     2.005688 
   36000    1.7684085   0.19361838    10702.423   0.12436436   -0.7500422    2.6506197    1.9005775 
   37000    1.8113664   0.21510228    10534.525   0.12634646  -0.71800552    2.7150082    1.9970027 
   38000    1.7905265   0.20496302    10696.214   0.12443655  -0.71693324    2.6837719    1.9668387 
   39000    1.7883155   0.20840191    10907.663   0.12202431   -0.6904888    2.6804579    1.9899691 
   40000    1.8237766   0.19397332     10812.65   0.12309656  -0.71519818    2.7336096    2.0184114 
   41000    1.8030583   0.20811631    10218.972   0.13024793  -0.74064381    2.7025554    1.9619116 
   42000    1.7667815    0.2138134      10195.9   0.13054267  -0.77719676    2.6481811    1.8709843 
   43000    1.7846116   0.17776618    10480.523   0.12699748  -0.74393793    2.6749062    1.9309683 
   44000     1.806303   0.20616101    10617.102   0.12536377  -0.70782234    2.7074189    1.9995965 
   45000    1.8227146   0.20074352     11013.88   0.12084751   -0.7177745    2.7320178    2.0142433 
   46000    1.8397089   0.19023028    11040.875   0.12055204  -0.70743758    2.7574901    2.0500525 
   47000    1.7908627    0.1929868    10749.883    0.1238153  -0.73497359    2.6842758    1.9493022 
   48000    1.8221659   0.18415239    10528.148   0.12642299  -0.74939779    2.7311953    1.9817975 
   49000    1.7753358   0.20102469    10372.004   0.12832621  -0.72595099     2.661003     1.935052 
   50000    1.7903254   0.21586062    10437.721   0.12751826  -0.72548847    2.6834704    1.9579819 
Loop time of 12.5125 on 1 procs for 50000 steps with 1331 atoms

Performance: 1381021.117 tau/day, 3996.010 timesteps/s
99.3% CPU use with 1 MPI tasks x no OpenMP threads

MPI task timing breakdown:
Section |  min time  |  avg time  |  max time  |%varavg| %total
---------------------------------------------------------------
Pair    | 7.0577     | 7.0577     | 7.0577     |   0.0 | 56.41
Neigh   | 2.399      | 2.399      | 2.399      |   0.0 | 19.17
Comm    | 0.46125    | 0.46125    | 0.46125    |   0.0 |  3.69
Output  | 0.025658   | 0.025658   | 0.025658   |   0.0 |  0.21
Modify  | 2.4469     | 2.4469     | 2.4469     |   0.0 | 19.56
Other   |            | 0.122      |            |       |  0.98

Nlocal:    1331 ave 1331 max 1331 min
Histogram: 1 0 0 0 0 0 0 0 0 0
Nghost:    1330 ave 1330 max 1330 min
Histogram: 1 0 0 0 0 0 0 0 0 0
Neighs:    7886 ave 7886 max 7886 min
Histogram: 1 0 0 0 0 0 0 0 0 0

Total # of neighbors = 7886
Ave neighs/atom = 5.92487
Neighbor list builds = 2500
Dangerous builds not checked

write_restart lattice_11_11_11__2_2_2/sim1/T_1.80__P_0.20/end1.restart
Total wall time: 0:00:12
