run 50000
Neighbor list info ...
  update every 20 steps, delay 0 steps, check no
  max neighbors/atom: 2000, page size: 100000
  master list distance cutoff = 2.8
  ghost atom cutoff = 2.8
  binsize = 1.4, bins = 16 16 16
  1 neighbor lists, perpetual/occasional/extra = 1 0 0
  (1) pair lj/cut, perpetual
      attributes: half, newton on
      pair build: half/bin/atomonly/newton
      stencil: half/bin/3d/newton
      bin: standard
Per MPI rank memory allocation (min/avg/max) = 2.7 | 2.7 | 2.7 Mbytes
Step Temp Press Volume Density PotEng KinEng TotEng 
       0          0.6  0.029533495        10648        0.125  -0.13561964   0.89932382   0.76370418 
    1000    1.2391354   0.20784229    4896.9698   0.27180074   -1.6737818    1.8573067   0.18352495 
    2000    1.0236309   0.14009551    3013.8655   0.44162554   -2.7287353    1.5342928   -1.1944425 
    3000   0.92851957   0.13708178    2078.0193   0.64051378   -3.8578416    1.3917329   -2.4661087 
    4000   0.84226853    1.1117557    1663.8487   0.79995253   -4.8046081    1.2624536   -3.5421545 
    5000   0.69309919    1.3137965    1530.4592   0.86967363   -5.3408818    1.0388677   -4.3020142 
    6000   0.59454633    1.3967689    1466.6175   0.90753042   -5.6391474   0.89114946   -4.7479979 
    7000   0.56058655    1.3530236    1451.2574   0.91713571   -5.7407751   0.84024805    -4.900527 
    8000   0.59360153    1.5103974    1461.5937   0.91064982   -5.6599399   0.88973332   -4.7702066 
    9000   0.60670081    1.4998316    1472.3383   0.90400418   -5.5951129   0.90936748   -4.6857454 
   10000   0.58279235    1.4448583    1465.4314   0.90826494   -5.6428434   0.87353173   -4.7693116 
   11000   0.60150879    1.3388716    1462.2122   0.91026459    -5.685982    0.9015853   -4.7843967 
   12000   0.60484529    1.4147136    1468.6093   0.90629959   -5.6355904   0.90658628   -4.7290041 
   13000   0.60338766    1.2964752    1468.9039   0.90611785   -5.6609406   0.90440149   -4.7565391 
   14000   0.60147143    1.4991464    1460.6946   0.91121031   -5.6691537   0.90152931   -4.7676244 
   15000   0.60886883    1.4020168    1462.1464   0.91030558   -5.6769487   0.91261707   -4.7643316 
   16000   0.58516039    1.6169395    1465.8184   0.90802515   -5.6143697   0.87708113   -4.7372886 
   17000   0.61278347    1.4631016    1468.7543   0.90621013   -5.6339139   0.91848462   -4.7154293 
   18000   0.61601319    1.3225016    1465.8547   0.90800271   -5.6602228   0.92332555   -4.7368972 
   19000   0.59454154    1.3577576    1463.7555   0.90930488   -5.6776842   0.89114228    -4.786542 
   20000   0.60189338    1.1019038    1474.7584   0.90252073   -5.6661093   0.90216176   -4.7639475 
   21000   0.60805545     1.239587    1474.5136   0.90267055    -5.634945   0.91139791    -4.723547 
   22000   0.60494279    1.2092842    1463.3555   0.90955343    -5.709478   0.90673243   -4.8027456 
   23000   0.58628306    1.3880889    1461.7551   0.91054927   -5.6797187   0.87876386   -4.8009549 
   24000   0.61069547    1.2552827    1471.2146   0.90469465   -5.6489638   0.91535497   -4.7336088 
   25000    0.6027743    1.0787144    1475.3462   0.90216111   -5.6639672   0.90348214    -4.760485 
   26000   0.59825668     1.196859    1471.0479   0.90479716   -5.6682606   0.89671081   -4.7715498 
   27000   0.62713785    1.1918369    1469.6176   0.90567775   -5.6818331   0.94000001   -4.7418331 
   28000   0.60834905    1.2491955    1462.3664   0.91016864   -5.7095247   0.91183798   -4.7976867 
   29000   0.58811847    1.2939325    1461.4829   0.91071884   -5.6865346   0.88151492   -4.8050197 
   30000    0.6111671    1.4278897     1463.566   0.90942259   -5.6648015   0.91606188   -4.7487396 
   31000   0.60543092    1.5509976    1457.6537   0.91311126   -5.6764277   0.90746408   -4.7689636 
   32000   0.61449349    1.6684759    1451.5118   0.91697495   -5.6919578   0.92104772     -4.77091 
   33000   0.59800536    1.6797107    1461.8774   0.91047309   -5.6281156   0.89633411   -4.7317815 
   34000   0.61689222    1.4111927     1468.678   0.90625717   -5.6379841   0.92464311    -4.713341 
   35000   0.59751666    1.3384076    1464.7431   0.90869174   -5.6707852    0.8956016   -4.7751836 
   36000   0.58948792    1.2514908    1464.2701   0.90898529   -5.6904739   0.88356754   -4.8069063 
   37000   0.60516465     1.430773      1467.24   0.90714538   -5.6453759   0.90706497   -4.7383109 
   38000   0.60547944    1.4180721    1465.9079   0.90796973   -5.6568923   0.90753681   -4.7493555 
   39000   0.59521639    1.5921149    1454.1438   0.91531524   -5.6890532   0.89215379   -4.7968994 
   40000    0.5853825    1.6878905    1453.8507   0.91549979   -5.6649233   0.87741404   -4.7875093 
   41000   0.64444438    1.1946384    1467.4154   0.90703694   -5.6864356    0.9659403   -4.7204953 
   42000    0.5865708    1.3882405    1469.9755   0.90545725   -5.6255692   0.87919516   -4.7463741 
   43000   0.58028114    1.2392298    1463.8968   0.90921708   -5.6900187   0.86976775    -4.820251 
   44000   0.59082569    1.1515374    1463.8456   0.90924887   -5.7064465   0.88557269   -4.8208738 
   45000   0.60926435    1.2195573    1473.9282   0.90302909   -5.6517962   0.91320991   -4.7385863 
   46000   0.59811342    1.3233102    1474.8475   0.90246616   -5.6134082   0.89649607   -4.7169121 
   47000    0.5965497    1.1120762    1472.9055    0.9036561    -5.662585   0.89415226   -4.7684327 
   48000   0.58155686    1.0624044    1469.7381   0.90560349   -5.6884003   0.87167989   -4.8167204 
   49000   0.59865504      1.33883    1468.3773   0.90644278   -5.6478135   0.89730789   -4.7505056 
   50000   0.61564468    1.4849254    1466.7996   0.90741776   -5.6423532    0.9227732     -4.71958 
Loop time of 40.0094 on 1 procs for 50000 steps with 1331 atoms

Performance: 431898.055 tau/day, 1249.705 timesteps/s
100.0% CPU use with 1 MPI tasks x no OpenMP threads

MPI task timing breakdown:
Section |  min time  |  avg time  |  max time  |%varavg| %total
---------------------------------------------------------------
Pair    | 32.418     | 32.418     | 32.418     |   0.0 | 81.02
Neigh   | 4.5816     | 4.5816     | 4.5816     |   0.0 | 11.45
Comm    | 0.7259     | 0.7259     | 0.7259     |   0.0 |  1.81
Output  | 0.024545   | 0.024545   | 0.024545   |   0.0 |  0.06
Modify  | 2.0379     | 2.0379     | 2.0379     |   0.0 |  5.09
Other   |            | 0.2219     |            |       |  0.55

Nlocal:    1331 ave 1331 max 1331 min
Histogram: 1 0 0 0 0 0 0 0 0 0
Nghost:    3067 ave 3067 max 3067 min
Histogram: 1 0 0 0 0 0 0 0 0 0
Neighs:    53566 ave 53566 max 53566 min
Histogram: 1 0 0 0 0 0 0 0 0 0

Total # of neighbors = 53566
Ave neighs/atom = 40.2449
Neighbor list builds = 2500
Dangerous builds not checked

write_restart lattice_11_11_11__2_2_2/sim1/T_0.60__P_1.40/end1.restart
Total wall time: 0:00:40
