run 50000
Neighbor list info ...
  update every 20 steps, delay 0 steps, check no
  max neighbors/atom: 2000, page size: 100000
  master list distance cutoff = 2.8
  ghost atom cutoff = 2.8
  binsize = 1.4, bins = 16 16 16
  1 neighbor lists, perpetual/occasional/extra = 1 0 0
  (1) pair lj/cut, perpetual
      attributes: half, newton on
      pair build: half/bin/atomonly/newton
      stencil: half/bin/3d/newton
      bin: standard
Per MPI rank memory allocation (min/avg/max) = 2.7 | 2.7 | 2.7 Mbytes
Step Temp Press Volume Density PotEng KinEng TotEng 
       0            1  0.079495929        10648        0.125  -0.13561964     1.498873    1.3632534 
    1000    1.3240601   0.13958367    8092.1447    0.1644805    -1.015642    1.9845979   0.96895596 
    2000    1.1238618   0.11064237    6479.1663   0.20542766   -1.3213554    1.6845261   0.36317068 
    3000     1.073708   0.10134613    5272.8296   0.25242613   -1.7132786     1.609352  -0.10392653 
    4000    1.0617864  0.063658386    4386.6433   0.30342107   -2.1033502     1.591483  -0.51186718 
    5000    1.0130004  0.041251706    3716.4028   0.35814202   -2.4052344    1.5183589  -0.88687543 
    6000    1.0124212   0.10374427    3161.3368   0.42102443   -2.7156171    1.5174909   -1.1981262 
    7000    1.0178841  0.081157508    2724.8236   0.48847199   -3.0017057    1.5256791   -1.4760266 
    8000    1.0041677   0.10685875    2428.7487   0.54801882   -3.2909082      1.50512   -1.7857883 
    9000    1.0160398   0.19099889    2203.3499   0.60408018   -3.5978036    1.5229146    -2.074889 
   10000   0.99503015   0.26397956    2073.6664    0.6418583   -3.8085963    1.4914238   -2.3171725 
   11000   0.98929612   0.13973667    2012.3568   0.66141351   -3.9543881    1.4828293   -2.4715588 
   12000   0.98751889   0.18606791    1991.3119   0.66840359   -3.9931277    1.4801654   -2.5129623 
   13000    1.0123621   0.30681076    2007.9752    0.6628568   -3.9327396    1.5174022   -2.4153373 
   14000   0.99898923   0.35835875    2018.0547   0.65954606    -3.867988     1.497358     -2.37063 
   15000   0.97608476   0.47903204    2015.9765   0.66022594   -3.8947176    1.4630271   -2.4316905 
   16000    0.9879165   0.42938449    2004.9992   0.66384068   -3.9249842    1.4807614   -2.4442229 
   17000   0.98658839   0.29169114     2013.812   0.66093558   -3.9081071    1.4787707   -2.4293364 
   18000    1.0186585    0.2390552    2013.2959     0.661105   -3.9379263    1.5268398   -2.4110865 
   19000   0.98021748   0.48005984    1982.7579    0.6712872   -3.9651907    1.4692215   -2.4959691 
   20000    1.0163163   0.43161787     1961.867    0.6784354   -4.0120958     1.523329   -2.4887668 
   21000    1.0173471   0.33836719    2023.1398   0.65788831   -3.8813306    1.5248741   -2.3564565 
   22000    1.0177723   0.31229549    2010.6898   0.66196187   -3.9437603    1.5255115   -2.4182488 
   23000   0.98429579    0.4324575    1991.3297    0.6683976   -3.9558942    1.4753344   -2.4805598 
   24000   0.99428333   0.47873327     2032.343   0.65490914   -3.8732654    1.4903045   -2.3829609 
   25000    1.0076264   0.32535094    2047.4091    0.6500899   -3.8466326    1.5103041   -2.3363285 
   26000    1.0052294   0.23451231    2010.6421   0.66197758   -3.9443728    1.5067113   -2.4376615 
   27000    1.0126438   0.38320894    1994.7688   0.66724523   -3.9787317    1.5178245   -2.4609072 
   28000   0.97817101   0.13625687    2008.1478   0.66279981    -3.990698    1.4661541   -2.5245439 
   29000   0.94596614   0.21439179    2035.1169    0.6540165   -3.9106984    1.4178831   -2.4928153 
   30000    0.9969478   0.28786321    2030.1485   0.65561706    -3.889052    1.4942982   -2.3947538 
   31000     1.006497   0.33882247     2002.165   0.66478036   -3.9293247    1.5086111   -2.4207136 
   32000    1.0080738   0.30390277    1980.1226   0.67218062   -4.0146107    1.5109746   -2.5036361 
   33000    1.0315699   0.24780756    2015.7762   0.66029156   -3.9445531    1.5461923   -2.3983608 
   34000    1.0215711   0.18025544    2015.7245    0.6603085   -3.9588489    1.5312053   -2.4276436 
   35000    1.0003646   0.20556403     1997.957    0.6661805   -3.9797628    1.4994195   -2.4803433 
   36000   0.93860921   0.35602725    1985.2261   0.67045259   -3.9779825     1.406856   -2.5711264 
   37000    0.9748412   0.18227458    2036.2858   0.65364104     -3.92355    1.4611632   -2.4623868 
   38000   0.99439323   0.46107706     2002.705   0.66460113   -3.9220038    1.4904692   -2.4315346 
   39000    1.0483244   0.26043516    2003.3884    0.6643744   -3.9760397    1.5713052   -2.4047346 
   40000     1.027785   0.18074008    2065.1675   0.64449978   -3.8336382    1.5405193   -2.2931189 
   41000   0.99656818   0.15202101     2039.192   0.65270951   -3.8949699    1.4937292   -2.4012407 
   42000   0.99547165   0.13200961    2018.7457   0.65932029   -3.9501783    1.4920856   -2.4580927 
   43000   0.99333768    0.3583205    2008.0645   0.66282731   -3.9394994    1.4888871   -2.4506123 
   44000    1.0025753   0.24872154    2039.9853   0.65245569   -3.8693173     1.502733   -2.3665843 
   45000    1.0205753   0.41762093    2039.7057   0.65254512   -3.8403276    1.5297128   -2.3106148 
   46000    1.0483766   0.34584638    2016.3127   0.66011585     -3.91057    1.5713834   -2.3391867 
   47000    1.0026163   0.43232473    2008.6012   0.66265022   -3.9269241    1.5027946   -2.4241295 
   48000    1.0170842   0.59865226    2002.6056   0.66463411   -3.9081304      1.52448   -2.3836503 
   49000   0.99819421   0.40192659    2055.2264   0.64761722   -3.8091558    1.4961664   -2.3129894 
   50000    1.0180649   0.48890823    2010.6382   0.66197888   -3.8821597      1.52595   -2.3562097 
Loop time of 30.4509 on 1 procs for 50000 steps with 1331 atoms

Performance: 567471.006 tau/day, 1641.988 timesteps/s
100.0% CPU use with 1 MPI tasks x no OpenMP threads

MPI task timing breakdown:
Section |  min time  |  avg time  |  max time  |%varavg| %total
---------------------------------------------------------------
Pair    | 23.692     | 23.692     | 23.692     |   0.0 | 77.80
Neigh   | 3.9513     | 3.9513     | 3.9513     |   0.0 | 12.98
Comm    | 0.65084    | 0.65084    | 0.65084    |   0.0 |  2.14
Output  | 0.021714   | 0.021714   | 0.021714   |   0.0 |  0.07
Modify  | 2.0043     | 2.0043     | 2.0043     |   0.0 |  6.58
Other   |            | 0.1312     |            |       |  0.43

Nlocal:    1331 ave 1331 max 1331 min
Histogram: 1 0 0 0 0 0 0 0 0 0
Nghost:    2750 ave 2750 max 2750 min
Histogram: 1 0 0 0 0 0 0 0 0 0
Neighs:    39787 ave 39787 max 39787 min
Histogram: 1 0 0 0 0 0 0 0 0 0

Total # of neighbors = 39787
Ave neighs/atom = 29.8926
Neighbor list builds = 2500
Dangerous builds not checked

write_restart lattice_11_11_11__2_2_2/sim1/T_1.00__P_0.30/end1.restart
Total wall time: 0:00:30
