run 50000
Neighbor list info ...
  update every 20 steps, delay 0 steps, check no
  max neighbors/atom: 2000, page size: 100000
  master list distance cutoff = 2.8
  ghost atom cutoff = 2.8
  binsize = 1.4, bins = 22 22 22
  1 neighbor lists, perpetual/occasional/extra = 1 0 0
  (1) pair lj/cut, perpetual
      attributes: half, newton on
      pair build: half/bin/atomonly/newton
      stencil: half/bin/3d/newton
      bin: standard
Per MPI rank memory allocation (min/avg/max) = 2.739 | 2.739 | 2.739 Mbytes
Step Temp Press TotEng 
       0          1.2  0.057483073    1.7863186 
    1000     1.242584  0.052955654    1.5557852 
    2000    1.1629762  0.052069129    1.4210609 
    3000    1.2395639  0.054407984    1.5152121 
    4000    1.1544801  0.049036091    1.3990987 
    5000    1.2180016  0.051849698    1.4759661 
    6000    1.1878522  0.054504217    1.4403713 
    7000    1.2247366  0.054287108    1.5073719 
    8000    1.2188408  0.052144652    1.4584679 
    9000    1.2023988  0.049273555    1.4449115 
   10000    1.2190535  0.051581317    1.4902348 
   11000    1.1826879  0.050328662    1.4094262 
   12000     1.208318  0.048017862    1.4750199 
   13000    1.1967997  0.046812054    1.4423996 
   14000    1.1758518  0.049300389     1.404155 
   15000    1.2125533  0.053281522    1.4757388 
   16000     1.170618  0.047011747    1.3994859 
   17000    1.2491715  0.051683872    1.5238668 
   18000    1.1821869   0.04754945    1.4416074 
   19000     1.236892  0.055504159    1.5311382 
   20000    1.1618796  0.045909684    1.4122636 
   21000    1.2268445  0.052769784    1.4879795 
   22000    1.1391197  0.049459934    1.3929603 
   23000    1.2054195  0.052441935    1.4757754 
   24000     1.196812  0.053349219    1.4373251 
   25000    1.1779617  0.050438722    1.4376122 
   26000    1.2645496  0.054407872    1.5672183 
   27000    1.1960832  0.051300744    1.4505176 
   28000    1.2049582  0.049835834    1.4721146 
   29000    1.2020801  0.049823098    1.4950703 
   30000     1.188018   0.05224601    1.4224838 
   31000    1.2158651   0.05364607    1.4701553 
   32000    1.1478066  0.045638245    1.3773171 
   33000    1.2314553  0.053754986    1.5040147 
   34000    1.1732675  0.047046768    1.3981441 
   35000    1.1988381  0.054701388    1.4430985 
   36000    1.1842642  0.053465565    1.4288439 
   37000    1.2434759  0.050874557    1.5258456 
   38000    1.1801455  0.049803088    1.4192618 
   39000    1.2008677  0.056351169    1.4831032 
   40000    1.1645808  0.047723054    1.3935804 
   41000    1.1818444  0.050677115    1.4340695 
   42000    1.2189709  0.055685131    1.4750596 
   43000    1.1598805  0.049468565    1.3750541 
   44000    1.2388125  0.052421557    1.5023308 
   45000    1.1884766  0.048030856    1.3999474 
   46000    1.2379711   0.05275431    1.5031178 
   47000    1.1639976  0.049470881    1.3955501 
   48000    1.2219814  0.053798506    1.4649887 
   49000      1.16666  0.047733682    1.3833454 
   50000    1.2149497  0.054164462    1.4627249 
Loop time of 4.64957 on 1 procs for 50000 steps with 1331 atoms

Performance: 3716476.482 tau/day, 10753.694 timesteps/s
99.6% CPU use with 1 MPI tasks x no OpenMP threads

MPI task timing breakdown:
Section |  min time  |  avg time  |  max time  |%varavg| %total
---------------------------------------------------------------
Pair    | 2.336      | 2.336      | 2.336      |   0.0 | 50.24
Neigh   | 1.1056     | 1.1056     | 1.1056     |   0.0 | 23.78
Comm    | 0.26169    | 0.26169    | 0.26169    |   0.0 |  5.63
Output  | 0.022469   | 0.022469   | 0.022469   |   0.0 |  0.48
Modify  | 0.84602    | 0.84602    | 0.84602    |   0.0 | 18.20
Other   |            | 0.07776    |            |       |  1.67

Nlocal:    1331 ave 1331 max 1331 min
Histogram: 1 0 0 0 0 0 0 0 0 0
Nghost:    903 ave 903 max 903 min
Histogram: 1 0 0 0 0 0 0 0 0 0
Neighs:    3240 ave 3240 max 3240 min
Histogram: 1 0 0 0 0 0 0 0 0 0

Total # of neighbors = 3240
Ave neighs/atom = 2.43426
Neighbor list builds = 2500
Dangerous builds not checked

write_restart NVT/sim1/T_1.20__v_21.95/end1.restart
Total wall time: 0:00:04
