run 50000
Neighbor list info ...
  update every 20 steps, delay 0 steps, check no
  max neighbors/atom: 2000, page size: 100000
  master list distance cutoff = 2.8
  ghost atom cutoff = 2.8
  binsize = 1.4, bins = 22 22 22
  1 neighbor lists, perpetual/occasional/extra = 1 0 0
  (1) pair lj/cut, perpetual
      attributes: half, newton on
      pair build: half/bin/atomonly/newton
      stencil: half/bin/3d/newton
      bin: standard
Per MPI rank memory allocation (min/avg/max) = 2.739 | 2.739 | 2.739 Mbytes
Step Temp Press TotEng 
       0          0.9  0.042705295    1.3366567 
    1000   0.94926252  0.035573621    1.1118067 
    2000    0.8822052  0.033019836   0.94441767 
    3000   0.91244301  0.036866756   0.99402806 
    4000   0.88406378  0.032459991   0.92690114 
    5000   0.90045698  0.032386893   0.93368867 
    6000     0.893136  0.032734171   0.93214612 
    7000   0.90117848  0.032584219    0.9210089 
    8000   0.89919502  0.032609339   0.92129256 
    9000   0.92357306  0.036853944   0.95433934 
   10000   0.86453739  0.029129648   0.87227282 
   11000   0.91690348   0.03629756    0.9352965 
   12000   0.89186269  0.032803056   0.90903446 
   13000   0.94222001  0.036303214   0.99574396 
   14000   0.90271193  0.034912094   0.90789266 
   15000   0.89328182  0.033009372    0.9307786 
   16000   0.91552538  0.034322478   0.95306964 
   17000   0.88298124   0.03241267   0.90792784 
   18000   0.90880052  0.036659665    0.9433164 
   19000   0.90864348  0.031916932   0.92254353 
   20000     0.887934  0.031239203   0.87484071 
   21000   0.90270864  0.031589855   0.92982404 
   22000   0.88801502   0.03548524   0.92754848 
   23000   0.90925642  0.030470897   0.91096159 
   24000   0.87357561  0.032038325   0.86210718 
   25000   0.91387438  0.033571813   0.93647287 
   26000    0.8773547  0.031928607   0.83654269 
   27000     0.907758  0.033887804   0.89954158 
   28000   0.90108622  0.035994063   0.88076099 
   29000   0.84135468  0.027863263   0.77721719 
   30000     0.901147  0.031652397   0.90027645 
   31000   0.90254509  0.037184902   0.89747412 
   32000   0.90681797  0.029841162   0.86141533 
   33000   0.95634945  0.033044263   0.97028029 
   34000   0.89967071  0.033334894    0.8991869 
   35000   0.91436407  0.033826766   0.90422679 
   36000   0.87883876  0.031011583   0.86142284 
   37000    0.9158244  0.035235226   0.93072468 
   38000   0.86692129  0.032636417   0.86409543 
   39000   0.90903339  0.037832075   0.95226855 
   40000   0.88570374   0.03284369   0.88229569 
   41000   0.93246046  0.036935559   0.99006312 
   42000   0.89825193   0.03445147   0.93401165 
   43000   0.91115924   0.03417929   0.94220792 
   44000    0.9142724  0.037828377   0.96464433 
   45000      0.88076    0.0299599    0.9214583 
   46000   0.90474092    0.0335347   0.94563741 
   47000   0.90331962  0.031474438   0.94263688 
   48000   0.90753379   0.03265564   0.94317038 
   49000   0.89025251  0.032695979   0.90772597 
   50000   0.93847485  0.036333391   0.99332548 
Loop time of 4.7981 on 1 procs for 50000 steps with 1331 atoms

Performance: 3601426.220 tau/day, 10420.793 timesteps/s
99.5% CPU use with 1 MPI tasks x no OpenMP threads

MPI task timing breakdown:
Section |  min time  |  avg time  |  max time  |%varavg| %total
---------------------------------------------------------------
Pair    | 2.469      | 2.469      | 2.469      |   0.0 | 51.46
Neigh   | 1.1177     | 1.1177     | 1.1177     |   0.0 | 23.29
Comm    | 0.26112    | 0.26112    | 0.26112    |   0.0 |  5.44
Output  | 0.022886   | 0.022886   | 0.022886   |   0.0 |  0.48
Modify  | 0.85019    | 0.85019    | 0.85019    |   0.0 | 17.72
Other   |            | 0.07726    |            |       |  1.61

Nlocal:    1331 ave 1331 max 1331 min
Histogram: 1 0 0 0 0 0 0 0 0 0
Nghost:    903 ave 903 max 903 min
Histogram: 1 0 0 0 0 0 0 0 0 0
Neighs:    3422 ave 3422 max 3422 min
Histogram: 1 0 0 0 0 0 0 0 0 0

Total # of neighbors = 3422
Ave neighs/atom = 2.571
Neighbor list builds = 2500
Dangerous builds not checked

write_restart NVT/sim1/T_0.90__v_21.95/end1.restart
Total wall time: 0:00:04
