run 50000
Neighbor list info ...
  update every 20 steps, delay 0 steps, check no
  max neighbors/atom: 2000, page size: 100000
  master list distance cutoff = 2.8
  ghost atom cutoff = 2.8
  binsize = 1.4, bins = 16 16 16
  1 neighbor lists, perpetual/occasional/extra = 1 0 0
  (1) pair lj/cut, perpetual
      attributes: half, newton on
      pair build: half/bin/atomonly/newton
      stencil: half/bin/3d/newton
      bin: standard
Per MPI rank memory allocation (min/avg/max) = 2.7 | 2.7 | 2.7 Mbytes
Step Temp Press Volume Density PotEng KinEng TotEng 
       0          0.8  0.054514712        10648        0.125  -0.13561964    1.1990984    1.0634788 
    1000    1.3474923   0.24554415    5588.2303   0.23817916   -1.3542623    2.0197199   0.66545757 
    2000    1.1646487   0.15413495    3677.5008   0.36193058   -2.1895095    1.7456605  -0.44384902 
    3000    1.0403148   0.14032633    2618.0779   0.50838823   -3.0423703    1.5592998   -1.4830705 
    4000    1.0051266    0.4064107    2004.6599   0.66395302   -3.9032102    1.5065571   -2.3966531 
    5000   0.91667399   0.93773143    1735.9935   0.76670795   -4.5557902    1.3739779   -3.1818123 
    6000   0.82777395    1.0501324    1625.3889   0.81888093   -4.9654706     1.240728   -3.7247426 
    7000   0.76994111    1.0682729    1580.9634   0.84189171   -5.1311722     1.154044   -3.9771283 
    8000   0.77417405    1.3478403    1580.9641   0.84189135   -5.0876308    1.1603886   -3.9272422 
    9000   0.82009791    1.3544911    1606.5537   0.82848147   -4.9834733    1.2292226   -3.7542507 
   10000   0.83831563     1.036595    1604.8471   0.82936248   -5.0473931    1.2565287   -3.7908644 
   11000   0.77850252    1.2412234     1584.998    0.8397487   -5.1061208    1.1668764   -3.9392444 
   12000   0.78010187     1.240488    1588.9826   0.83764289   -5.0763493    1.1692737   -3.9070757 
   13000   0.82499142    1.2141661    1607.3628   0.82806447   -5.0219925    1.2365574   -3.7854351 
   14000   0.80934783    1.0777906    1609.7642   0.82682918   -5.0221824    1.2131096   -3.8090727 
   15000   0.79631288    1.2938874    1585.1362   0.83967548   -5.0825847    1.1935719   -3.8890128 
   16000    0.7979742    1.2680839     1593.907   0.83505499   -5.0498935     1.196062   -3.8538315 
   17000   0.79487411     1.314368    1599.8584   0.83194864   -5.0156511    1.1914154   -3.8242358 
   18000   0.79430486     1.217189    1594.4425   0.83477454   -5.0627991    1.1905621    -3.872237 
   19000   0.79814207    1.3390843    1585.3447   0.83956507   -5.0711371    1.1963136   -3.8748235 
   20000   0.78815763    1.1068052    1604.0861   0.82975594   -5.0281742    1.1813482    -3.846826 
   21000   0.81733352    1.5129755    1586.0886    0.8391713   -5.0461396    1.2250792   -3.8210604 
   22000   0.76615333   0.95237167    1609.3765   0.82702835   -5.0363396    1.1483666   -3.8879731 
   23000   0.81505189    1.0656956    1588.4209   0.83793909   -5.1156882    1.2216593   -3.8940289 
   24000   0.82867099    1.2637327    1593.8312   0.83509472   -5.0553669    1.2420726   -3.8132943 
   25000   0.80748667    1.2402178    1601.5487   0.83107057     -5.00992      1.21032      -3.7996 
   26000   0.76609468    1.2855847    1593.0848   0.83548595   -5.0447922    1.1482787   -3.8965135 
   27000   0.79463545    1.1669334    1591.9101   0.83610248   -5.0922224    1.1910576   -3.9011648 
   28000   0.81723958    1.2934446    1600.7135   0.83150422   -5.0216689    1.2249384   -3.7967305 
   29000    0.8051214    1.0331086      1610.17   0.82662078   -5.0322789    1.2067748   -3.8255042 
   30000   0.79044672     1.373615    1577.9663   0.84349075   -5.0997809    1.1847793   -3.9150016 
   31000   0.79518144    1.1494181    1587.5391   0.83840455   -5.1132594     1.191876   -3.9213834 
   32000   0.81765424    1.3891349    1595.9284    0.8339973    -5.015035    1.2255599   -3.7894751 
   33000   0.82928446   0.98466359    1613.1504   0.82509353   -5.0315926    1.2429921   -3.7886005 
   34000   0.82459137    1.1410411    1587.9131   0.83820707   -5.1109344    1.2359578   -3.8749766 
   35000   0.78470957    1.1119709    1592.7398   0.83566694   -5.0869271      1.17618   -3.9107471 
   36000    0.8205591    1.2695874    1594.5952   0.83469461   -5.0519025    1.2299139   -3.8219886 
   37000   0.79956703    1.2361569    1610.2235   0.82659335   -4.9756133    1.1984495   -3.7771638 
   38000   0.79675318    1.1703265     1601.657   0.83101438   -5.0440071    1.1942318   -3.8497753 
   39000   0.79268211     1.236575    1586.4808   0.83896381   -5.0879654    1.1881298   -3.8998356 
   40000   0.77572152    1.1061015      1603.49   0.83006443   -5.0409196    1.1627081   -3.8782116 
   41000   0.83587456     1.321469    1593.2546   0.83539694   -5.0586275    1.2528698   -3.8057577 
   42000   0.79551916     1.031039    1595.2191   0.83436813   -5.0882586    1.1923822   -3.8958764 
   43000   0.80557605    1.1579687    1586.6202   0.83889012   -5.1083055    1.2074562   -3.9008492 
   44000   0.77487519    1.2912629    1595.1086   0.83442594   -5.0315625    1.1614395    -3.870123 
   45000    0.8097501    1.1624248    1612.2963   0.82553064   -4.9921521    1.2137126   -3.7784395 
   46000   0.80286638     1.337742    1598.0351   0.83289783   -5.0157513    1.2033948   -3.8123565 
   47000   0.78235624    1.0972814    1599.0849   0.83235106   -5.0585366    1.1726527    -3.885884 
   48000   0.82339572    1.2074552    1596.7767   0.83355427   -5.0567874    1.2341656   -3.8226218 
   49000   0.80600439    1.1674147    1607.9867   0.82774318   -5.0110814    1.2080982   -3.8029832 
   50000   0.81914976    1.2361388    1583.7659     0.840402    -5.108307    1.2278015   -3.8805055 
Loop time of 37.5539 on 1 procs for 50000 steps with 1331 atoms

Performance: 460138.554 tau/day, 1331.419 timesteps/s
99.9% CPU use with 1 MPI tasks x no OpenMP threads

MPI task timing breakdown:
Section |  min time  |  avg time  |  max time  |%varavg| %total
---------------------------------------------------------------
Pair    | 30.085     | 30.085     | 30.085     |   0.0 | 80.11
Neigh   | 4.5077     | 4.5077     | 4.5077     |   0.0 | 12.00
Comm    | 0.72111    | 0.72111    | 0.72111    |   0.0 |  1.92
Output  | 0.025645   | 0.025645   | 0.025645   |   0.0 |  0.07
Modify  | 2.0331     | 2.0331     | 2.0331     |   0.0 |  5.41
Other   |            | 0.181      |            |       |  0.48

Nlocal:    1331 ave 1331 max 1331 min
Histogram: 1 0 0 0 0 0 0 0 0 0
Nghost:    2971 ave 2971 max 2971 min
Histogram: 1 0 0 0 0 0 0 0 0 0
Neighs:    49759 ave 49759 max 49759 min
Histogram: 1 0 0 0 0 0 0 0 0 0

Total # of neighbors = 49759
Ave neighs/atom = 37.3847
Neighbor list builds = 2500
Dangerous builds not checked

write_restart lattice_11_11_11__2_2_2/sim1/T_0.80__P_1.20/end1.restart
Total wall time: 0:00:37
