run 50000
Neighbor list info ...
  update every 20 steps, delay 0 steps, check no
  max neighbors/atom: 2000, page size: 100000
  master list distance cutoff = 2.8
  ghost atom cutoff = 2.8
  binsize = 1.4, bins = 8 8 8
  1 neighbor lists, perpetual/occasional/extra = 1 0 0
  (1) pair lj/cut, perpetual
      attributes: half, newton on
      pair build: half/bin/atomonly/newton
      stencil: half/bin/3d/newton
      bin: standard
Per MPI rank memory allocation (min/avg/max) = 2.797 | 2.797 | 2.797 Mbytes
Step Temp Press TotEng 
       0          1.5    106.27958    15.365201 
    1000    3.4386713    24.999321    2.6432655 
    2000    1.8001058    14.913144   -1.5166763 
    3000    1.3776797    11.374072   -2.7528054 
    4000    1.4466827    12.716269   -2.4086989 
    5000    1.6141933    13.634499   -2.0266442 
    6000    1.4456481    11.972758    -2.555962 
    7000    1.4776152    12.533408   -2.4038166 
    8000    1.5792337    13.345076    -2.108898 
    9000    1.4363231    12.269847   -2.5077596 
   10000    1.5178816    12.317839   -2.3904712 
   11000    1.5714524    13.071632   -2.1770897 
   12000    1.4389983    12.341885   -2.4935198 
   13000    1.5126146    12.465775   -2.3650274 
   14000    1.5277033     13.28867   -2.1911117 
   15000    1.4327783    12.560884   -2.4632433 
   16000    1.4977063    12.564109    -2.375245 
   17000    1.5374468    12.993509   -2.2349805 
   18000    1.4511689    12.680911   -2.4098881 
   19000    1.5175098    12.408412   -2.3837481 
   20000    1.5329951    12.876186    -2.270228 
   21000    1.5133815    12.479267   -2.3698114 
   22000    1.4978881    12.371288   -2.3956079 
   23000    1.5175151    13.095506   -2.2555908 
   24000     1.505674    12.456654   -2.3839373 
   25000    1.4477264    12.716153   -2.4044634 
   26000    1.5450237    13.097856   -2.2146052 
   27000      1.47665    12.486131   -2.4131453 
   28000    1.4887268    12.466445   -2.4040389 
   29000    1.5860983    12.627298   -2.2377404 
   30000     1.490975    12.550343   -2.3853759 
   31000    1.4304247    12.770826   -2.4226605 
   32000    1.5470504    12.893265   -2.2495099 
   33000    1.4850087    12.729764    -2.353625 
   34000    1.4149355    12.822323   -2.4271013 
   35000     1.575556    12.809223   -2.2181394 
   36000    1.5062329    12.549656   -2.3667648 
   37000    1.4664945     12.32102   -2.4603479 
   38000    1.5258844    12.971074   -2.2548374 
   39000    1.4939224    12.792324   -2.3303507 
   40000    1.4334312    12.546462   -2.4561034 
   41000    1.5492496    12.808684   -2.2652398 
   42000    1.5238216    12.665073   -2.3231135 
   43000    1.4618618    12.578783   -2.4097129 
   44000    1.4991032    13.095899   -2.2732795 
   45000    1.4872356     12.95734    -2.307167 
   46000    1.4477115    12.625304   -2.4245076 
   47000    1.5463587    12.628184   -2.2855734 
   48000    1.4735082    12.971254   -2.3204238 
   49000    1.4825168    12.205735   -2.4685066 
   50000    1.4958411     12.96696   -2.2990751 
Loop time of 43.162 on 1 procs for 50000 steps with 1331 atoms

Performance: 400352.283 tau/day, 1158.427 timesteps/s
100.0% CPU use with 1 MPI tasks x no OpenMP threads

MPI task timing breakdown:
Section |  min time  |  avg time  |  max time  |%varavg| %total
---------------------------------------------------------------
Pair    | 36.069     | 36.069     | 36.069     |   0.0 | 83.57
Neigh   | 5.2135     | 5.2135     | 5.2135     |   0.0 | 12.08
Comm    | 0.76286    | 0.76286    | 0.76286    |   0.0 |  1.77
Output  | 0.025943   | 0.025943   | 0.025943   |   0.0 |  0.06
Modify  | 0.85814    | 0.85814    | 0.85814    |   0.0 |  1.99
Other   |            | 0.2324     |            |       |  0.54

Nlocal:    1331 ave 1331 max 1331 min
Histogram: 1 0 0 0 0 0 0 0 0 0
Nghost:    3242 ave 3242 max 3242 min
Histogram: 1 0 0 0 0 0 0 0 0 0
Neighs:    60085 ave 60085 max 60085 min
Histogram: 1 0 0 0 0 0 0 0 0 0

Total # of neighbors = 60085
Ave neighs/atom = 45.1427
Neighbor list builds = 2500
Dangerous builds not checked

write_restart NVT/sim1/T_1.50__v_0.73/end1.restart
Total wall time: 0:00:43
