run 50000
Neighbor list info ...
  update every 20 steps, delay 0 steps, check no
  max neighbors/atom: 2000, page size: 100000
  master list distance cutoff = 2.8
  ghost atom cutoff = 2.8
  binsize = 1.4, bins = 20 20 20
  1 neighbor lists, perpetual/occasional/extra = 1 0 0
  (1) pair lj/cut, perpetual
      attributes: half, newton on
      pair build: half/bin/atomonly/newton
      stencil: half/bin/3d/newton
      bin: standard
Per MPI rank memory allocation (min/avg/max) = 2.748 | 2.748 | 2.748 Mbytes
Step Temp Press TotEng 
       0          1.8   0.10705371    2.6856424 
    1000    1.8191867   0.10511566    2.3919381 
    2000    1.7774661  0.094598564    2.3032126 
    3000    1.8431808   0.10697636     2.406625 
    4000    1.7409998  0.097508489    2.2433301 
    5000    1.8100983   0.10550868    2.3927923 
    6000    1.7785902   0.10026703    2.2920021 
    7000    1.8855369     0.104009    2.4413717 
    8000    1.7654241   0.10376078    2.2906642 
    9000    1.8251958   0.10578419    2.3707107 
   10000    1.7346719   0.10149364    2.2466135 
   11000    1.7948436   0.10835804    2.3553071 
   12000    1.7900546   0.10552835    2.3276451 
   13000    1.8158159   0.10087302    2.3647258 
   14000    1.8165952   0.10204245    2.3720664 
   15000    1.7832414   0.10394754    2.3447826 
   16000    1.7684106   0.10077621    2.3210934 
   17000    1.7540087   0.09844734       2.2766 
   18000    1.8184057  0.099494129    2.3827036 
   19000    1.7658123  0.099966364    2.2893599 
   20000    1.8672209   0.10258529    2.4395426 
   21000    1.8015518   0.10442634    2.3118147 
   22000     1.842672   0.10303116    2.4028009 
   23000    1.8005676   0.10185687     2.347978 
   24000      1.79545   0.09585411    2.3333013 
   25000    1.8044152   0.10043068     2.341777 
   26000    1.7575794  0.099656214    2.2830539 
   27000    1.8225279   0.10303259    2.3779787 
   28000    1.7624679  0.096817757    2.2521056 
   29000    1.8301832   0.11111639    2.4087474 
   30000    1.7866728  0.094419794    2.2974334 
   31000    1.8453413   0.10245114     2.403051 
   32000    1.8057517   0.10091176    2.3413019 
   33000    1.8104266  0.098636481    2.3464817 
   34000    1.8306153   0.10619579    2.3967643 
   35000      1.75766  0.095694071    2.2597239 
   36000    1.8125589   0.10540867    2.3714995 
   37000    1.7853987   0.09746903    2.3133366 
   38000    1.8498603   0.10845687    2.4408434 
   39000    1.7614708   0.10047944    2.2844188 
   40000    1.8156066   0.10884105    2.3747687 
   41000    1.8053857    0.1048934    2.3530171 
   42000    1.7917568  0.095379462    2.3343075 
   43000    1.8969278   0.10920006    2.5060875 
   44000     1.770444   0.10065945     2.300267 
   45000    1.8196793   0.10455367    2.3837419 
   46000    1.7581804   0.10000784    2.2592489 
   47000    1.7955781   0.10835528    2.3504935 
   48000    1.7940855   0.10337041    2.3394232 
   49000    1.8018151   0.10146318    2.3534415 
   50000    1.8141368  0.098425484    2.3571414 
Loop time of 5.21151 on 1 procs for 50000 steps with 1331 atoms

Performance: 3315735.484 tau/day, 9594.142 timesteps/s
99.5% CPU use with 1 MPI tasks x no OpenMP threads

MPI task timing breakdown:
Section |  min time  |  avg time  |  max time  |%varavg| %total
---------------------------------------------------------------
Pair    | 2.7813     | 2.7813     | 2.7813     |   0.0 | 53.37
Neigh   | 1.2054     | 1.2054     | 1.2054     |   0.0 | 23.13
Comm    | 0.27924    | 0.27924    | 0.27924    |   0.0 |  5.36
Output  | 0.022267   | 0.022267   | 0.022267   |   0.0 |  0.43
Modify  | 0.84367    | 0.84367    | 0.84367    |   0.0 | 16.19
Other   |            | 0.07965    |            |       |  1.53

Nlocal:    1331 ave 1331 max 1331 min
Histogram: 1 0 0 0 0 0 0 0 0 0
Nghost:    1012 ave 1012 max 1012 min
Histogram: 1 0 0 0 0 0 0 0 0 0
Neighs:    3758 ave 3758 max 3758 min
Histogram: 1 0 0 0 0 0 0 0 0 0

Total # of neighbors = 3758
Ave neighs/atom = 2.82344
Neighbor list builds = 2500
Dangerous builds not checked

write_restart NVT/sim1/T_1.80__v_17.58/end1.restart
Total wall time: 0:00:05
