run 50000
Neighbor list info ...
  update every 20 steps, delay 0 steps, check no
  max neighbors/atom: 2000, page size: 100000
  master list distance cutoff = 2.8
  ghost atom cutoff = 2.8
  binsize = 1.4, bins = 10 10 10
  1 neighbor lists, perpetual/occasional/extra = 1 0 0
  (1) pair lj/cut, perpetual
      attributes: half, newton on
      pair build: half/bin/atomonly/newton
      stencil: half/bin/3d/newton
      bin: standard
Per MPI rank memory allocation (min/avg/max) = 2.742 | 2.742 | 2.742 Mbytes
Step Temp Press TotEng 
       0            1   -1.6537121   -1.7310983 
    1000    1.0104447 0.0057636107   -1.5999332 
    2000   0.97515549   0.07613694   -1.5946172 
    3000    1.0350192  0.040693152   -1.5297427 
    4000   0.96585615  0.018027089   -1.5976315 
    5000    1.0055278 -0.085010096   -1.6010044 
    6000   0.99944004  0.024377611   -1.5490601 
    7000    1.0249919   0.08111946   -1.4449111 
    8000    1.0017074   0.15038015   -1.4909283 
    9000    0.9675122   0.03833421   -1.5582314 
   10000    1.0010374 -0.045561337   -1.5011919 
   11000    1.0397091 -0.022719878   -1.4036139 
   12000   0.99903492 -0.011459674    -1.485035 
   13000    1.0049137 -0.025986666   -1.5253078 
   14000    1.0659718  0.028298453   -1.4201512 
   15000     0.995887 -0.088521537   -1.5023554 
   16000   0.99818821 -0.043443449   -1.5574533 
   17000    1.0007249  0.050780604   -1.4902498 
   18000    1.0048382  0.047414227   -1.5066726 
   19000   0.99330539  0.029326662   -1.5275496 
   20000      1.04618  0.049619365   -1.4510949 
   21000   0.99887614 0.0018861201   -1.4890836 
   22000    1.0197353   0.10742674   -1.4526797 
   23000   0.99220628 -0.044597363   -1.5498195 
   24000    1.0164048  0.019481124   -1.4644972 
   25000    1.0025737  0.043288146   -1.4857797 
   26000    1.0013935  0.049237281   -1.5064723 
   27000    1.0043943   0.18556415   -1.4858196 
   28000    1.0155209   0.12875879   -1.5891043 
   29000   0.99279331 -0.084605356   -1.5672522 
   30000    1.0140492 0.0058642844   -1.4857933 
   31000   0.99122406  0.040840437   -1.5098341 
   32000   0.98065494  0.062799182   -1.5569481 
   33000    1.0146499   0.08526667    -1.464347 
   34000   0.94719748 -0.040659514    -1.567038 
   35000     1.029214 0.0086694771   -1.5159949 
   36000    1.0013359 -0.0022172731   -1.5032717 
   37000   0.99337092  0.088649136   -1.4794827 
   38000   0.98427826  0.076567466   -1.5554603 
   39000    1.0351478   0.29406362   -1.4522881 
   40000   0.99070577 -0.050191227   -1.5378574 
   41000    0.9935278 0.0098542628   -1.5077053 
   42000    0.9747592   0.10529018   -1.5274374 
   43000   0.99612481 0.0096459904   -1.5056406 
   44000   0.99376922  0.011685185   -1.4326954 
   45000    1.0068729  0.074027805   -1.4702419 
   46000    1.0344592 -0.082215542   -1.5135665 
   47000   0.99799626 -0.0030432195   -1.5943094 
   48000   0.99956492  0.052208318   -1.4718832 
   49000    1.0072971   -0.1177426   -1.4800686 
   50000   0.95238632  0.075496732   -1.5355123 
Loop time of 23.7063 on 1 procs for 50000 steps with 1331 atoms

Performance: 728919.646 tau/day, 2109.142 timesteps/s
99.9% CPU use with 1 MPI tasks x no OpenMP threads

MPI task timing breakdown:
Section |  min time  |  avg time  |  max time  |%varavg| %total
---------------------------------------------------------------
Pair    | 18.688     | 18.688     | 18.688     |   0.0 | 78.83
Neigh   | 3.4444     | 3.4444     | 3.4444     |   0.0 | 14.53
Comm    | 0.58368    | 0.58368    | 0.58368    |   0.0 |  2.46
Output  | 0.023478   | 0.023478   | 0.023478   |   0.0 |  0.10
Modify  | 0.84869    | 0.84869    | 0.84869    |   0.0 |  3.58
Other   |            | 0.1177     |            |       |  0.50

Nlocal:    1331 ave 1331 max 1331 min
Histogram: 1 0 0 0 0 0 0 0 0 0
Nghost:    2385 ave 2385 max 2385 min
Histogram: 1 0 0 0 0 0 0 0 0 0
Neighs:    29855 ave 29855 max 29855 min
Histogram: 1 0 0 0 0 0 0 0 0 0

Total # of neighbors = 29855
Ave neighs/atom = 22.4305
Neighbor list builds = 2500
Dangerous builds not checked

write_restart NVT/sim1/T_1.00__v_1.73/end1.restart
Total wall time: 0:00:23
