run 50000
Neighbor list info ...
  update every 20 steps, delay 0 steps, check no
  max neighbors/atom: 2000, page size: 100000
  master list distance cutoff = 2.8
  ghost atom cutoff = 2.8
  binsize = 1.4, bins = 12 12 12
  1 neighbor lists, perpetual/occasional/extra = 1 0 0
  (1) pair lj/cut, perpetual
      attributes: half, newton on
      pair build: half/bin/atomonly/newton
      stencil: half/bin/3d/newton
      bin: standard
Per MPI rank memory allocation (min/avg/max) = 2.738 | 2.738 | 2.738 Mbytes
Step Temp Press TotEng 
       0          1.3  -0.53711648   0.46911243 
    1000    1.3330995   0.23771454   0.11936969 
    2000    1.2884205   0.19948469 -0.051916062 
    3000    1.3412238   0.35210004  0.050351522 
    4000    1.2517583   0.24332462 -0.038005249 
    5000    1.3457654   0.21332139  0.072281891 
    6000      1.27967   0.19540621 -0.031529848 
    7000    1.2814567   0.22348445 0.0011377421 
    8000    1.3260752   0.24171504  0.024954309 
    9000    1.2727332   0.22872129 -0.058967537 
   10000    1.3222305   0.24762356  0.061928792 
   11000    1.2873548   0.24240704 0.0019083389 
   12000    1.3104638    0.1998355 0.0065013258 
   13000     1.327942   0.19628205   0.02476093 
   14000    1.2757114   0.25582358 -0.064682523 
   15000    1.3173557   0.24157578  0.052374024 
   16000    1.2750886   0.22528276  -0.02295686 
   17000     1.346349   0.23831112  0.053209988 
   18000    1.2769273     0.152968 -0.065211381 
   19000    1.3366375   0.18753255  0.011498637 
   20000    1.2686468   0.25902465 -0.0025916752 
   21000    1.3259232   0.23134683  0.097695308 
   22000    1.2786995   0.21077156 -0.042377374 
   23000    1.3118275   0.21074797  0.037458915 
   24000    1.2915123   0.22941299 -0.032437555 
   25000    1.3012105   0.26904183 -0.042674869 
   26000    1.3066775   0.23721495  0.035072668 
   27000    1.3081468   0.19341535 -0.020577639 
   28000    1.3016327   0.24848962 -0.021207907 
   29000    1.3253033   0.24096092  0.012862443 
   30000    1.3167328   0.24925718 -0.022400824 
   31000    1.3633534   0.28117923  0.079726195 
   32000    1.3085495   0.16441945 -0.0074671595 
   33000    1.3563023   0.26253482   0.10503913 
   34000    1.2646576   0.20803986 -0.056574167 
   35000    1.3042747   0.21295986 0.0063436299 
   36000    1.3245929   0.23634863  0.049179585 
   37000    1.2847164   0.17545399 -0.066361653 
   38000    1.3254878   0.24261045  0.036342842 
   39000     1.284923   0.25432487 -0.013076181 
   40000    1.2914217   0.17358795 -0.043006245 
   41000    1.3381546   0.26421825  0.046193539 
   42000      1.28492   0.19643026 -0.012409058 
   43000    1.3385813    0.1955865 0.0088949365 
   44000    1.2197227   0.21309668  -0.14459181 
   45000    1.3191911   0.22229801 0.0083235595 
   46000    1.2975482   0.19010995 -0.017761823 
   47000    1.2594058   0.28910608 -0.057263391 
   48000    1.3335674   0.28700734  0.049177721 
   49000    1.2700552   0.20565105 -0.048381804 
   50000    1.3146502   0.27576163 0.0025457396 
Loop time of 17.2397 on 1 procs for 50000 steps with 1331 atoms

Performance: 1002338.455 tau/day, 2900.285 timesteps/s
99.9% CPU use with 1 MPI tasks x no OpenMP threads

MPI task timing breakdown:
Section |  min time  |  avg time  |  max time  |%varavg| %total
---------------------------------------------------------------
Pair    | 12.768     | 12.768     | 12.768     |   0.0 | 74.06
Neigh   | 2.9834     | 2.9834     | 2.9834     |   0.0 | 17.31
Comm    | 0.5084     | 0.5084     | 0.5084     |   0.0 |  2.95
Output  | 0.02361    | 0.02361    | 0.02361    |   0.0 |  0.14
Modify  | 0.84755    | 0.84755    | 0.84755    |   0.0 |  4.92
Other   |            | 0.109      |            |       |  0.63

Nlocal:    1331 ave 1331 max 1331 min
Histogram: 1 0 0 0 0 0 0 0 0 0
Nghost:    1833 ave 1833 max 1833 min
Histogram: 1 0 0 0 0 0 0 0 0 0
Neighs:    20235 ave 20235 max 20235 min
Histogram: 1 0 0 0 0 0 0 0 0 0

Total # of neighbors = 20235
Ave neighs/atom = 15.2029
Neighbor list builds = 2500
Dangerous builds not checked

write_restart NVT/sim1/T_1.30__v_2.74/end1.restart
Total wall time: 0:00:17
