run 50000
Neighbor list info ...
  update every 20 steps, delay 0 steps, check no
  max neighbors/atom: 2000, page size: 100000
  master list distance cutoff = 2.8
  ghost atom cutoff = 2.8
  binsize = 1.4, bins = 16 16 16
  1 neighbor lists, perpetual/occasional/extra = 1 0 0
  (1) pair lj/cut, perpetual
      attributes: half, newton on
      pair build: half/bin/atomonly/newton
      stencil: half/bin/3d/newton
      bin: standard
Per MPI rank memory allocation (min/avg/max) = 2.7 | 2.7 | 2.7 Mbytes
Step Temp Press Volume Density PotEng KinEng TotEng 
       0          1.7   0.16693019        10648        0.125  -0.13561964    2.5480841    2.4124645 
    1000    2.0914088   0.37534892    7660.1912   0.17375545   -0.9063565    3.1347562    2.2283997 
    2000    1.8816222   0.34047082    6101.2868    0.2181507   -1.2297289    2.8203128    1.5905839 
    3000    1.7311218   0.40894472    5052.7363   0.26342162   -1.4566811    2.5947318    1.1380508 
    4000    1.7153323   0.45737166    4313.1247   0.30859298   -1.6898419    2.5710653    0.8812234 
    5000    1.6944518   0.54220836    3835.8616   0.34698853   -1.8879736    2.5397681   0.65179447 
    6000      1.70857   0.56229679    3505.7659   0.37966026   -2.0978609    2.5609295   0.46306864 
    7000    1.6876975   0.64649513    3273.0254    0.4066574   -2.2130019    2.5296442   0.31664228 
    8000    1.6729261   0.80388449    3117.6261    0.4269274   -2.2887078    2.5075038   0.21879597 
    9000    1.7009512   0.76493764    3083.2587   0.43168613   -2.3523446    2.5495099   0.19716529 
   10000    1.6893222   0.71645571     3083.539   0.43164689   -2.3507966    2.5320794   0.18128284 
   11000    1.6943612   0.70080274    3080.0647   0.43213378   -2.3218492    2.5396323   0.21778309 
   12000    1.6668003     0.718831    3121.2167   0.42643627   -2.3175726     2.498322   0.18074946 
   13000    1.7630014   0.80298615    3071.1799   0.43338393   -2.3413156    2.6425153   0.30119966 
   14000    1.6760387   0.67919886    3106.2099   0.42849648   -2.3585515    2.5121693   0.15361781 
   15000    1.7128253   0.69870496    3052.3216   0.43606152    -2.364281    2.5673076   0.20302664 
   16000    1.7252405   0.78565189    3058.9426   0.43511767   -2.3854409    2.5859165   0.20047558 
   17000    1.6647661   0.70299107     3118.765   0.42677149   -2.3288948     2.495273   0.16637816 
   18000    1.6814504   0.71787617    3042.1827   0.43751481   -2.3610778    2.5202807   0.15920289 
   19000    1.6342639   0.66301383     3075.258   0.43280921   -2.3603903    2.4495541  0.089163843 
   20000     1.702681   0.84975528    3117.7246   0.42691392   -2.3016804    2.5521026   0.25042222 
   21000    1.7312844   0.70377115    3164.2269   0.42063988   -2.2901249    2.5949755   0.30485063 
   22000    1.6356747    0.6658588    3179.6199   0.41860349    -2.274934    2.4516686   0.17673459 
   23000    1.7763864   0.83236655    3066.7775   0.43400606   -2.3325062    2.6625776   0.33007143 
   24000    1.6462878   0.64600923    3153.7562   0.42203642   -2.3325054    2.4675764   0.13507096 
   25000    1.7510946    0.7870374    3042.7264   0.43743664   -2.3704939    2.6246684   0.25417454 
   26000    1.6893153   0.70037112    3099.6078   0.42940916   -2.3533211    2.5320691   0.17874805 
   27000    1.6805067   0.58802501    3109.7542   0.42800811   -2.3777068    2.5188661   0.14115933 
   28000     1.738326   0.78534295    3011.7991   0.44192855     -2.36624      2.60553   0.23928999 
   29000    1.6538247     0.696379    3131.4992   0.42503604   -2.3231538    2.4788733    0.1557194 
   30000    1.7503722   0.74091909    3108.9144   0.42812373   -2.3232386    2.6235857   0.30034707 
   31000    1.6697221   0.65397283    3124.1574   0.42603487   -2.3258324    2.5027014   0.17686892 
   32000     1.678295   0.78834711    3045.4877   0.43704001   -2.3848932    2.5155512   0.13065797 
   33000    1.7463522   0.73339023    3019.4311   0.44081152   -2.4145386    2.6175602   0.20302158 
   34000    1.6391382   0.60830341    3122.5058   0.42626022   -2.3283328    2.4568601   0.12852732 
   35000    1.7648804   0.66749511    3054.6848   0.43572417   -2.3836758    2.6453316   0.26165579 
   36000    1.6565198   0.57094315    3156.3699   0.42168694   -2.3599751    2.4829128   0.12293769 
   37000    1.7476491   0.65622166    3126.2005   0.42575644   -2.3590743     2.619504   0.26042977 
   38000    1.6794151   0.73898756    3134.8494    0.4245818   -2.3253814      2.51723    0.1918486 
   39000    1.7192399   0.74645558    3125.6337   0.42583364   -2.2816563    2.5769223   0.29526602 
   40000    1.7048713   0.79507344    3105.2768   0.42862524   -2.3125848    2.5553855   0.24280073 
   41000    1.6690839   0.76333554    3034.7736   0.43858296   -2.4107781    2.5017449  0.090966745 
   42000    1.7141817   0.73581951    3040.3338   0.43778088   -2.3750171    2.5693408    0.1943237 
   43000    1.6874821   0.79844979     3154.619     0.421921   -2.2732258    2.5293214   0.25609565 
   44000    1.6987744   0.71850441    3275.6817   0.40632764   -2.1700954    2.5462471   0.37615169 
   45000    1.7040506    0.7988937    3108.0626   0.42824106   -2.3095892    2.5541554   0.24456623 
   46000    1.6498837   0.72328248    3057.6051   0.43530801    -2.366329    2.4729661   0.10663714 
   47000     1.756468    0.7845119    3046.5876   0.43688223   -2.3886144    2.6327226   0.24410818 
   48000    1.7678645   0.62465312    3199.4896   0.41600385   -2.2883924    2.6498044     0.361412 
   49000    1.6934328   0.70465148    3171.2815   0.41970414    -2.309498    2.5382407   0.22874275 
   50000    1.7087502   0.75204009    3033.9169   0.43870681   -2.3836073    2.5611996   0.17759234 
Loop time of 25.696 on 1 procs for 50000 steps with 1331 atoms

Performance: 672477.909 tau/day, 1945.827 timesteps/s
99.8% CPU use with 1 MPI tasks x no OpenMP threads

MPI task timing breakdown:
Section |  min time  |  avg time  |  max time  |%varavg| %total
---------------------------------------------------------------
Pair    | 18.811     | 18.811     | 18.811     |   0.0 | 73.21
Neigh   | 3.7607     | 3.7607     | 3.7607     |   0.0 | 14.64
Comm    | 0.67099    | 0.67099    | 0.67099    |   0.0 |  2.61
Output  | 0.024995   | 0.024995   | 0.024995   |   0.0 |  0.10
Modify  | 2.2836     | 2.2836     | 2.2836     |   0.0 |  8.89
Other   |            | 0.1447     |            |       |  0.56

Nlocal:    1331 ave 1331 max 1331 min
Histogram: 1 0 0 0 0 0 0 0 0 0
Nghost:    2228 ave 2228 max 2228 min
Histogram: 1 0 0 0 0 0 0 0 0 0
Neighs:    26562 ave 26562 max 26562 min
Histogram: 1 0 0 0 0 0 0 0 0 0

Total # of neighbors = 26562
Ave neighs/atom = 19.9564
Neighbor list builds = 2500
Dangerous builds not checked

write_restart lattice_11_11_11__2_2_2/sim1/T_1.70__P_0.70/end1.restart
Total wall time: 0:00:25
