run 50000
Neighbor list info ...
  update every 20 steps, delay 0 steps, check no
  max neighbors/atom: 2000, page size: 100000
  master list distance cutoff = 2.8
  ghost atom cutoff = 2.8
  binsize = 1.4, bins = 16 16 16
  1 neighbor lists, perpetual/occasional/extra = 1 0 0
  (1) pair lj/cut, perpetual
      attributes: half, newton on
      pair build: half/bin/atomonly/newton
      stencil: half/bin/3d/newton
      bin: standard
Per MPI rank memory allocation (min/avg/max) = 2.7 | 2.7 | 2.7 Mbytes
Step Temp Press Volume Density PotEng KinEng TotEng 
       0          1.8    0.1794208        10648        0.125  -0.13561964    2.6979715    2.5623518 
    1000    2.2764247   0.41671143    7357.6809   0.18089939  -0.95998171    3.4120716    2.4520899 
    2000    1.9919949   0.46716096    5726.6513   0.23242205   -1.2266479    2.9857475    1.7590995 
    3000    1.8587735   0.49285587    4678.0472   0.28452043   -1.5367591    2.7860655    1.2493064 
    4000    1.8086159   0.57411793    3975.1315   0.33483169   -1.7810191    2.7108856   0.92986647 
    5000    1.8294218   0.57731958     3519.044   0.37822773   -2.0830908    2.7420709   0.65898009 
    6000    1.7965535   0.70947547    3206.6806   0.41507096   -2.2357603    2.6928056   0.45704528 
    7000    1.7683356   0.84626739    3019.8125   0.44075584   -2.3709311    2.6505105   0.27957943 
    8000    1.7938976   0.90078259    2889.3856   0.46065157   -2.4668583    2.6888247   0.22196637 
    9000    1.8145287   0.95029236    2883.1395   0.46164954   -2.5025991    2.7197482   0.21714908 
   10000    1.7927884   0.96169401     2896.192   0.45956898   -2.4170166    2.6871622    0.2701456 
   11000    1.8039841   0.83476845    2917.3688   0.45623303   -2.4943612    2.7039432   0.20958197 
   12000    1.7837227   0.97851838    2905.4709    0.4581013   -2.4447286    2.6735739   0.22884531 
   13000    1.8200411    1.0017467    2922.7568   0.45539197   -2.4287773    2.7280106    0.2992333 
   14000    1.8013723   0.80433898    2940.3976   0.45265987   -2.4745759    2.7000283   0.22545238 
   15000    1.7525423   0.85232721    2905.7853   0.45805174   -2.4588693    2.6268384   0.16796911 
   16000    1.8333707   0.98324807    2834.0815    0.4696407   -2.5197551      2.74799   0.22823481 
   17000    1.7951758     1.014627    2939.9868   0.45272312   -2.4116016    2.6907406   0.27913897 
   18000     1.834057   0.81169546    2979.0241   0.44679061   -2.4339707    2.7490186   0.31504788 
   19000    1.7902708    1.1227966    2815.4872   0.47274233   -2.4931446    2.6833887   0.19024409 
   20000    1.7654144   0.97887742    2849.6424   0.46707615   -2.5151667     2.646132   0.13096528 
   21000     1.792694   0.85607241    2967.4396   0.44853482   -2.4296488    2.6870207   0.25737191 
   22000    1.8337757   0.96859138    2937.6019   0.45309066   -2.4335936    2.7485969   0.31500325 
   23000    1.7899947    1.0477011    2844.7739    0.4678755    -2.506633    2.6829748   0.17634187 
   24000    1.7521968   0.90735821    2895.1115   0.45974049   -2.4630361    2.6263205   0.16328439 
   25000    1.7958175   0.90720285     2923.943   0.45520724     -2.42211    2.6917024   0.26959243 
   26000    1.8353728   0.97693791    2947.3622   0.45159024   -2.4195319    2.7509907   0.33145884 
   27000    1.7424369   0.73921774    2949.5549   0.45125453   -2.4610526    2.6116916   0.15063904 
   28000    1.8696971    1.0082829    2830.6784    0.4702053   -2.4938877    2.8024385   0.30855084 
   29000    1.7672835   0.85541871    2887.9814   0.46087554   -2.4887533    2.6489335   0.16018018 
   30000    1.7692178   0.87014159    2878.4249   0.46240567   -2.4876043    2.6518328   0.16422857 
   31000    1.8345582   0.94651368    2871.5604   0.46351105    -2.515547    2.7497699   0.23422285 
   32000    1.7311382   0.79867383    2908.1827   0.45767414   -2.4586383    2.5947563   0.13611801 
   33000    1.8598773   0.90267048    2916.4598   0.45637522   -2.4873735    2.7877199   0.30034636 
   34000    1.8494343   0.83606663    2956.3796   0.45021282   -2.4384045    2.7720672   0.33366263 
   35000    1.7849324    0.9427097    2951.5639   0.45094737   -2.4274536    2.6753871   0.24793345 
   36000    1.8531304   0.92976069    2890.4805   0.46047707   -2.4584445    2.7776071   0.31916263 
   37000     1.730728   0.94833257    2887.8456   0.46089722   -2.4566897    2.5941415   0.13745183 
   38000    1.7933182   0.81325607     2863.501   0.46481561   -2.5382972    2.6879563   0.14965912 
   39000    1.8060228   0.96997418    2798.3103   0.47564417    -2.539128    2.7069988   0.16787083 
   40000    1.7442023   0.87003977    2961.3368   0.44945917    -2.418376    2.6143378    0.1959618 
   41000    1.8598122   0.93483808    2926.8206   0.45475968   -2.4570586    2.7876223   0.33056378 
   42000    1.7697574   0.91267322    2915.3149   0.45655445   -2.4278054    2.6526416   0.22483623 
   43000    1.7458065   0.81850752    2885.4977   0.46127224   -2.5057467    2.6167422   0.11099548 
   44000    1.8151755    1.0153012    2791.3396   0.47683198   -2.5503634    2.7207177   0.17035424 
   45000     1.776946    0.9746467    2969.6824   0.44819607   -2.3804462    2.6634165   0.28297021 
   46000    1.8242895   0.92382636    2927.1984   0.45470098   -2.4455514    2.7343783   0.28882695 
   47000    1.7195632   0.84900014    2897.9976   0.45928265   -2.4529275    2.5774069   0.12447939 
   48000    1.8097183    1.0419188    2917.5087   0.45621115   -2.4037987     2.712538   0.30873929 
   49000    1.8440685   0.96150016     2946.229   0.45176393   -2.4116642    2.7640245   0.35236025 
   50000    1.7781217   0.80766511    2909.5796    0.4574544   -2.4886987    2.6651787   0.17648004 
Loop time of 28.0732 on 1 procs for 50000 steps with 1331 atoms

Performance: 615534.600 tau/day, 1781.061 timesteps/s
99.7% CPU use with 1 MPI tasks x no OpenMP threads

MPI task timing breakdown:
Section |  min time  |  avg time  |  max time  |%varavg| %total
---------------------------------------------------------------
Pair    | 20.807     | 20.807     | 20.807     |   0.0 | 74.12
Neigh   | 3.9669     | 3.9669     | 3.9669     |   0.0 | 14.13
Comm    | 0.7224     | 0.7224     | 0.7224     |   0.0 |  2.57
Output  | 0.026634   | 0.026634   | 0.026634   |   0.0 |  0.09
Modify  | 2.3995     | 2.3995     | 2.3995     |   0.0 |  8.55
Other   |            | 0.151      |            |       |  0.54

Nlocal:    1331 ave 1331 max 1331 min
Histogram: 1 0 0 0 0 0 0 0 0 0
Nghost:    2240 ave 2240 max 2240 min
Histogram: 1 0 0 0 0 0 0 0 0 0
Neighs:    27512 ave 27512 max 27512 min
Histogram: 1 0 0 0 0 0 0 0 0 0

Total # of neighbors = 27512
Ave neighs/atom = 20.6702
Neighbor list builds = 2500
Dangerous builds not checked

write_restart lattice_11_11_11__2_2_2/sim1/T_1.80__P_0.90/end1.restart
Total wall time: 0:00:28
