run 50000
Neighbor list info ...
  update every 20 steps, delay 0 steps, check no
  max neighbors/atom: 2000, page size: 100000
  master list distance cutoff = 2.8
  ghost atom cutoff = 2.8
  binsize = 1.4, bins = 18 18 18
  1 neighbor lists, perpetual/occasional/extra = 1 0 0
  (1) pair lj/cut, perpetual
      attributes: half, newton on
      pair build: half/bin/atomonly/newton
      stencil: half/bin/3d/newton
      bin: standard
Per MPI rank memory allocation (min/avg/max) = 2.711 | 2.711 | 2.711 Mbytes
Step Temp Press TotEng 
       0          0.9  0.065207683    1.2857888 
    1000    1.0032445  0.062986199   0.89594023 
    2000   0.90016001  0.053462161    0.5773405 
    3000   0.89663129  0.052615323   0.52925638 
    4000   0.89173703  0.053902697   0.52788425 
    5000   0.90989358  0.045884387   0.51000401 
    6000   0.90174269  0.045655749   0.46063087 
    7000    0.8913005  0.045112217   0.44793559 
    8000   0.91087305  0.046527202    0.4888554 
    9000    0.9011507  0.055169952   0.48534699 
   10000   0.87636414  0.056339914    0.4359015 
   11000   0.92522005  0.055551958   0.50057044 
   12000   0.87882534  0.052102043   0.45786978 
   13000   0.89256754  0.047151639   0.48997459 
   14000   0.89579286  0.061329979   0.45520794 
   15000   0.88086468  0.049594383   0.42622111 
   16000   0.90681632    0.0471207   0.47300563 
   17000    0.8656882  0.033934986    0.4573184 
   18000   0.91714983  0.053227627   0.48951154 
   19000   0.89376555  0.047277673   0.41855314 
   20000   0.89865002  0.053108558   0.43937339 
   21000   0.92215951  0.036272684   0.44200411 
   22000   0.89510059  0.048229298   0.37735112 
   23000   0.92121802  0.046284516   0.47110396 
   24000   0.90633485  0.067070684   0.44108814 
   25000   0.89309415  0.050977398   0.41968875 
   26000    0.8933306  0.045129188   0.41414808 
   27000   0.90155502  0.049080519   0.44113281 
   28000   0.87659506  0.042287387   0.35196797 
   29000   0.89804047  0.050583501   0.41954015 
   30000   0.91413264  0.047110924   0.40348281 
   31000   0.88899672  0.049673282   0.36108771 
   32000   0.90120079  0.049779549   0.42445688 
   33000   0.88822064  0.043822854   0.34378457 
   34000   0.89696912    0.0493373   0.35612448 
   35000     0.923274  0.045715443   0.41531649 
   36000   0.90622412  0.044924492   0.33740833 
   37000   0.88558224  0.029362987   0.32728181 
   38000   0.90949599  0.048422606   0.35822973 
   39000   0.88827444  0.046483829   0.35600886 
   40000   0.89141522  0.051448903   0.41769426 
   41000   0.85795414  0.042522862   0.33916919 
   42000   0.92777536  0.042113403   0.41671966 
   43000   0.89543803  0.040503188   0.36275449 
   44000   0.93069558  0.050354256   0.42000699 
   45000    0.8873247  0.042281354   0.40564059 
   46000   0.89850019  0.039517265   0.41701439 
   47000   0.90349569  0.034390223   0.43412183 
   48000   0.92444811  0.049763548   0.48130352 
   49000   0.86641344  0.043813591   0.41173186 
   50000   0.88298512  0.044109379   0.40267287 
Loop time of 7.88204 on 1 procs for 50000 steps with 1331 atoms

Performance: 2192325.847 tau/day, 6343.535 timesteps/s
99.7% CPU use with 1 MPI tasks x no OpenMP threads

MPI task timing breakdown:
Section |  min time  |  avg time  |  max time  |%varavg| %total
---------------------------------------------------------------
Pair    | 4.9454     | 4.9454     | 4.9454     |   0.0 | 62.74
Neigh   | 1.6534     | 1.6534     | 1.6534     |   0.0 | 20.98
Comm    | 0.3305     | 0.3305     | 0.3305     |   0.0 |  4.19
Output  | 0.022651   | 0.022651   | 0.022651   |   0.0 |  0.29
Modify  | 0.84117    | 0.84117    | 0.84117    |   0.0 | 10.67
Other   |            | 0.08896    |            |       |  1.13

Nlocal:    1331 ave 1331 max 1331 min
Histogram: 1 0 0 0 0 0 0 0 0 0
Nghost:    1228 ave 1228 max 1228 min
Histogram: 1 0 0 0 0 0 0 0 0 0
Neighs:    7584 ave 7584 max 7584 min
Histogram: 1 0 0 0 0 0 0 0 0 0

Total # of neighbors = 7584
Ave neighs/atom = 5.69797
Neighbor list builds = 2500
Dangerous builds not checked

write_restart NVT/sim1/T_0.90__v_10.65/end1.restart
Total wall time: 0:00:07
