run 50000
Neighbor list info ...
  update every 20 steps, delay 0 steps, check no
  max neighbors/atom: 2000, page size: 100000
  master list distance cutoff = 2.8
  ghost atom cutoff = 2.8
  binsize = 1.4, bins = 18 18 18
  1 neighbor lists, perpetual/occasional/extra = 1 0 0
  (1) pair lj/cut, perpetual
      attributes: half, newton on
      pair build: half/bin/atomonly/newton
      stencil: half/bin/3d/newton
      bin: standard
Per MPI rank memory allocation (min/avg/max) = 2.711 | 2.711 | 2.711 Mbytes
Step Temp Press TotEng 
       0          1.3  0.095457575    1.9075121 
    1000    1.3505689  0.096612778    1.5402522 
    2000     1.262466  0.080679975    1.3249199 
    3000    1.3188343  0.087511289    1.4355241 
    4000     1.275714  0.096291254    1.3686459 
    5000    1.2915638  0.099574863    1.3886374 
    6000    1.2915064  0.089119033     1.385899 
    7000    1.2775495  0.074837296    1.3443705 
    8000    1.3230903   0.09311981    1.4160344 
    9000    1.2445583  0.092342418    1.3181005 
   10000    1.3395117   0.08711511    1.4520527 
   11000    1.2669537   0.09706519    1.3602788 
   12000    1.2959307  0.082799838    1.3863256 
   13000    1.2976428  0.089771287    1.3755081 
   14000    1.2889524  0.094077328    1.3638004 
   15000    1.3287502  0.099630869    1.4407614 
   16000    1.3029563  0.092001308    1.3660469 
   17000    1.2844469  0.091469163     1.366897 
   18000    1.3087767  0.084777065    1.3814968 
   19000    1.2975567    0.0843943    1.3798031 
   20000    1.3019386  0.085155427    1.3773216 
   21000    1.3144374  0.096169851    1.4014747 
   22000    1.2691036  0.093580748    1.3477706 
   23000    1.3109406  0.079687768     1.372669 
   24000    1.2629003  0.088051425    1.3424012 
   25000     1.344044  0.093722823    1.4658546 
   26000    1.2811974  0.084530322    1.3638497 
   27000    1.3019249  0.092914069    1.3834502 
   28000    1.2762423  0.085396505    1.3378886 
   29000    1.3508984   0.10150518    1.4313597 
   30000     1.271678  0.076823592    1.2997434 
   31000    1.2963023  0.089043699     1.389234 
   32000    1.2981361  0.081813217    1.3612024 
   33000    1.2522461  0.091545646     1.288634 
   34000     1.315944  0.093309799    1.3833541 
   35000    1.2485354  0.083875178    1.2957269 
   36000    1.3371744   0.09060254    1.4567933 
   37000    1.2804295  0.092597146    1.3496119 
   38000    1.3511736  0.088490287     1.468539 
   39000    1.3181269  0.088520514    1.3944041 
   40000    1.2833275  0.094781651    1.3769402 
   41000    1.3207916  0.096636923     1.452953 
   42000    1.2466385    0.0938924    1.3333085 
   43000    1.3311711   0.10123482    1.4414301 
   44000    1.2538306  0.087315913    1.3375959 
   45000    1.3070348  0.093335578    1.4147577 
   46000    1.2454023  0.080368352    1.3234973 
   47000    1.3684898   0.10078021      1.50571 
   48000    1.2783248  0.085134076    1.3384548 
   49000    1.3304926  0.094964039    1.4243223 
   50000    1.2495418  0.085276043    1.3118961 
Loop time of 6.63044 on 1 procs for 50000 steps with 1331 atoms

Performance: 2606163.034 tau/day, 7540.981 timesteps/s
99.8% CPU use with 1 MPI tasks x no OpenMP threads

MPI task timing breakdown:
Section |  min time  |  avg time  |  max time  |%varavg| %total
---------------------------------------------------------------
Pair    | 3.8064     | 3.8064     | 3.8064     |   0.0 | 57.41
Neigh   | 1.5564     | 1.5564     | 1.5564     |   0.0 | 23.47
Comm    | 0.31478    | 0.31478    | 0.31478    |   0.0 |  4.75
Output  | 0.022275   | 0.022275   | 0.022275   |   0.0 |  0.34
Modify  | 0.84565    | 0.84565    | 0.84565    |   0.0 | 12.75
Other   |            | 0.08487    |            |       |  1.28

Nlocal:    1331 ave 1331 max 1331 min
Histogram: 1 0 0 0 0 0 0 0 0 0
Nghost:    1161 ave 1161 max 1161 min
Histogram: 1 0 0 0 0 0 0 0 0 0
Neighs:    5404 ave 5404 max 5404 min
Histogram: 1 0 0 0 0 0 0 0 0 0

Total # of neighbors = 5404
Ave neighs/atom = 4.06011
Neighbor list builds = 2500
Dangerous builds not checked

write_restart NVT/sim1/T_1.30__v_12.17/end1.restart
Total wall time: 0:00:06
