run 50000
Neighbor list info ...
  update every 20 steps, delay 0 steps, check no
  max neighbors/atom: 2000, page size: 100000
  master list distance cutoff = 2.8
  ghost atom cutoff = 2.8
  binsize = 1.4, bins = 16 16 16
  1 neighbor lists, perpetual/occasional/extra = 1 0 0
  (1) pair lj/cut, perpetual
      attributes: half, newton on
      pair build: half/bin/atomonly/newton
      stencil: half/bin/3d/newton
      bin: standard
Per MPI rank memory allocation (min/avg/max) = 2.7 | 2.7 | 2.7 Mbytes
Step Temp Press Volume Density PotEng KinEng TotEng 
       0          0.6  0.029533495        10648        0.125  -0.13561964   0.89932382   0.76370418 
    1000    1.2867231   0.22170592    4446.9243   0.29930799   -1.7518349    1.9286345   0.17679956 
    2000    1.1100078   0.24034685    2655.5423    0.5012159   -2.9945714    1.6637608   -1.3308107 
    3000    1.0218309   0.78885476    1849.9607   0.71947473   -4.2522907    1.5315948   -2.7206958 
    4000   0.83100795    1.6920812    1576.2699   0.84439852   -5.0614399    1.2455754   -3.8158645 
    5000   0.65463791    1.8362757    1477.0415   0.90112565   -5.5118751    0.9812191    -4.530656 
    6000   0.57403719    1.8667023    1432.3948    0.9292131   -5.7622495   0.86040886   -4.9018407 
    7000   0.58657775    1.8849306    1423.1873   0.93522477   -5.8261314   0.87920557   -4.9469258 
    8000   0.62535791    1.9858437    1436.3814   0.92663412    -5.723215   0.93733211   -4.7858829 
    9000    0.6056174    2.0224617    1442.9586   0.92241041   -5.6789222   0.90774359   -4.7711786 
   10000    0.5920096     1.970611    1430.3684   0.93052952    -5.764407   0.88734722   -4.8770597 
   11000   0.57627745    1.8955462     1430.299   0.93057464   -5.7668544   0.86376673   -4.9030877 
   12000   0.59542012    1.9853453    1442.7015   0.92257476   -5.6737501   0.89245916    -4.781291 
   13000    0.6048223    1.8477929    1445.7463   0.92063176   -5.6870167   0.90655184   -4.7804649 
   14000   0.59341309    2.0308671    1428.4331   0.93179026   -5.7632644   0.88945087   -4.8738135 
   15000   0.58537974    1.9698455    1430.0758   0.93071992   -5.7586853   0.87740991   -4.8812754 
   16000   0.60915478    2.0235976    1437.3208   0.92602849   -5.7097477   0.91304566   -4.7967021 
   17000   0.60265103    1.8389462    1435.3887   0.92727495   -5.7538721   0.90329738   -4.8505747 
   18000   0.58172334    1.7575091    1431.9581   0.92949647   -5.7843987   0.87192943   -4.9124693 
   19000   0.60511534    1.7288839    1438.0999   0.92552678    -5.755452   0.90699106   -4.8484609 
   20000   0.60381957    1.8119551    1446.9152   0.91988808   -5.6804241   0.90504887   -4.7753752 
   21000   0.61245936      1.83858    1438.4488   0.92530231   -5.7398308   0.91799882    -4.821832 
   22000   0.59214864     1.757509    1435.1586   0.92742366   -5.7697398   0.88755563   -4.8821842 
   23000   0.58515492    1.8394004    1438.3153   0.92538822   -5.7299728   0.87707293   -4.8528999 
   24000   0.60404289    1.9068666    1441.7755    0.9231673    -5.706479    0.9053836   -4.8010954 
   25000   0.59198156    1.8178196     1440.007   0.92430107   -5.7318168   0.88730519   -4.8445116 
   26000   0.59316007    1.6745198    1440.2404   0.92415128   -5.7514224   0.88907163   -4.8623508 
   27000   0.59234915    1.6426984    1442.5534    0.9226695    -5.742927   0.88785616   -4.8550708 
   28000    0.5916748    1.8200904     1444.382   0.92150138   -5.6970883    0.8868454   -4.8102429 
   29000   0.59034626    1.7734042     1446.553   0.92011835   -5.7063893   0.88485408   -4.8215352 
   30000   0.60701458    1.7584815    1440.9566   0.92369192   -5.7393328   0.90983777    -4.829495 
   31000   0.59019904     1.923698    1437.7309   0.92576432   -5.7222701   0.88463342   -4.8376367 
   32000   0.60504833    1.6751071    1439.7302   0.92447878   -5.7526216   0.90689062    -4.845731 
   33000   0.58996006    1.8305139    1435.1609   0.92742215   -5.7573782   0.88427522    -4.873103 
   34000   0.61371251    1.8225678    1439.1269   0.92486634   -5.7397234   0.91987713   -4.8198463 
   35000   0.58935863    1.8968722    1443.4226   0.92211384   -5.6946858   0.88337376   -4.8113121 
   36000   0.58802026    1.6555982     1440.571    0.9239392   -5.7555582   0.88136771   -4.8741905 
   37000   0.58165606     1.846479    1438.2474   0.92543186   -5.7351022   0.87182859   -4.8632736 
   38000    0.6010285    1.8899561    1437.9801    0.9256039   -5.7257559    0.9008654   -4.8248905 
   39000   0.59161732    1.7908859    1441.7761   0.92316692   -5.7156429   0.88675924   -4.8288836 
   40000   0.60168993    1.7200487    1443.2169   0.92224528   -5.7316008    0.9018568    -4.829744 
   41000   0.63555638    1.7168392    1440.3079   0.92410795   -5.7454737   0.95261831   -4.7928554 
   42000    0.5813835    1.9969447    1434.3745   0.92793061   -5.7246412   0.87142005   -4.8532212 
   43000   0.59666528    1.9456407    1432.1713   0.92935808   -5.7505289   0.89432549   -4.8562034 
   44000   0.60552463    1.7717822    1444.2391   0.92159253   -5.7112074   0.90760454   -4.8036029 
   45000   0.58755729    1.8453694    1446.8659   0.91991938   -5.6721851   0.88067378   -4.7915113 
   46000   0.57065212    1.7802466    1439.0441   0.92491951   -5.7319752   0.85533506   -4.8766402 
   47000   0.58383745    1.6270802    1442.2852   0.92284106   -5.7484527   0.87509821   -4.8733545 
   48000   0.60938571     1.835761    1442.6975   0.92257733   -5.7084015    0.9133918   -4.7950097 
   49000   0.60634305    1.8835522    1436.0484   0.92684899    -5.746025   0.90883125   -4.8371937 
   50000   0.57596593    1.9416958    1431.6195   0.92971633   -5.7509983   0.86329979   -4.8876985 
Loop time of 40.8186 on 1 procs for 50000 steps with 1331 atoms

Performance: 423336.937 tau/day, 1224.933 timesteps/s
99.9% CPU use with 1 MPI tasks x no OpenMP threads

MPI task timing breakdown:
Section |  min time  |  avg time  |  max time  |%varavg| %total
---------------------------------------------------------------
Pair    | 33.199     | 33.199     | 33.199     |   0.0 | 81.33
Neigh   | 4.5998     | 4.5998     | 4.5998     |   0.0 | 11.27
Comm    | 0.72897    | 0.72897    | 0.72897    |   0.0 |  1.79
Output  | 0.025213   | 0.025213   | 0.025213   |   0.0 |  0.06
Modify  | 2.0435     | 2.0435     | 2.0435     |   0.0 |  5.01
Other   |            | 0.2217     |            |       |  0.54

Nlocal:    1331 ave 1331 max 1331 min
Histogram: 1 0 0 0 0 0 0 0 0 0
Nghost:    3145 ave 3145 max 3145 min
Histogram: 1 0 0 0 0 0 0 0 0 0
Neighs:    54907 ave 54907 max 54907 min
Histogram: 1 0 0 0 0 0 0 0 0 0

Total # of neighbors = 54907
Ave neighs/atom = 41.2524
Neighbor list builds = 2500
Dangerous builds not checked

write_restart lattice_11_11_11__2_2_2/sim1/T_0.60__P_1.90/end1.restart
Total wall time: 0:00:40
