run 50000
Neighbor list info ...
  update every 20 steps, delay 0 steps, check no
  max neighbors/atom: 2000, page size: 100000
  master list distance cutoff = 2.8
  ghost atom cutoff = 2.8
  binsize = 1.4, bins = 16 16 16
  1 neighbor lists, perpetual/occasional/extra = 1 0 0
  (1) pair lj/cut, perpetual
      attributes: half, newton on
      pair build: half/bin/atomonly/newton
      stencil: half/bin/3d/newton
      bin: standard
Per MPI rank memory allocation (min/avg/max) = 2.7 | 2.7 | 2.7 Mbytes
Step Temp Press Volume Density PotEng KinEng TotEng 
       0          1.3   0.11696776        10648        0.125  -0.13561964    1.9485349    1.8129153 
    1000    1.8309235   0.35604915    6514.6208   0.20430966   -1.1048247    2.7443219    1.6394972 
    2000     1.585877   0.40086039    4697.3962   0.28334846   -1.5997149    2.3770283   0.77731345 
    3000    1.4213088   0.45492967    3602.5389   0.36946166   -2.0838993    2.1303615  0.046462167 
    4000    1.4003512     0.438431    2900.9018   0.45882283   -2.6207142    2.0989486  -0.52176562 
    5000    1.3600595   0.76406598    2451.7436   0.54287894   -3.0473871    2.0385565   -1.0088306 
    6000     1.344005   0.85615394    2182.3976   0.60987971   -3.4781583    2.0144928   -1.4636655 
    7000    1.2877993    1.0237908    2045.7547   0.65061565   -3.7032972    1.9302476   -1.7730496 
    8000    1.3240643   0.80133763    1996.5975   0.66663411   -3.8744128    1.9846043   -1.8898085 
    9000    1.3009482    1.2558352    1997.9807   0.66617262   -3.7656274    1.9499562   -1.8156712 
   10000    1.3269408    1.1493691    2025.3117   0.65718278   -3.7194978    1.9889157   -1.7305821 
   11000    1.2663639    1.2958784    2033.4306   0.65455884   -3.6599389    1.8981187   -1.7618202 
   12000    1.3044718     1.069402    2019.3992   0.65910694   -3.7519323    1.9552376   -1.7966947 
   13000    1.2843534    1.2970678     2006.944   0.66319737   -3.7266712    1.9250826   -1.8015886 
   14000    1.3510317    1.1610631    2021.5939   0.65839138   -3.7298667    2.0250249   -1.7048418 
   15000    1.3338817    1.0737665    2038.2141   0.65302265   -3.7225915    1.9993193   -1.7232722 
   16000    1.2497929   0.98593305    2035.1141   0.65401738    -3.715489    1.8732808   -1.8422082 
   17000    1.2616816    0.9609697    2029.3907   0.65586188   -3.7311862    1.8911006   -1.8400856 
   18000     1.297007    1.0117016    2031.5367   0.65516907   -3.7369531    1.9440489   -1.7929042 
   19000    1.3099343    1.1077099    2045.8632   0.65058113   -3.6887333    1.9634252   -1.7253081 
   20000    1.3159355    1.1853976    2039.4988   0.65261133   -3.6841667    1.9724202   -1.7117465 
   21000    1.3211425    1.0407323    2004.9791   0.66384731   -3.7914348    1.9802249     -1.81121 
   22000    1.2953411    1.1630679    1987.2226   0.66977901   -3.8040586    1.9415518   -1.8625068 
   23000    1.3414956    1.1404643     2015.492   0.66038467   -3.7643439    2.0107316   -1.7536123 
   24000    1.3502166    1.0827495    2015.5195   0.66037565   -3.7343053    2.0238032   -1.7105021 
   25000    1.3319125    1.0103584    1999.6012   0.66563274   -3.8252563    1.9963678   -1.8288886 
   26000    1.2555955    1.0737575    2007.5538   0.66299592   -3.7739736    1.8819783   -1.8919953 
   27000    1.2861253   0.91769385    2036.2485   0.65365302   -3.7404715    1.9277386   -1.8127329 
   28000    1.2787565    1.0871288    2045.5077    0.6506942   -3.7006439    1.9166936   -1.7839503 
   29000    1.3405485   0.93974251     2049.906   0.64929805    -3.702216    2.0093119    -1.692904 
   30000    1.2746318    1.0890586    2014.2558   0.66078997   -3.7231054    1.9105112   -1.8125942 
   31000    1.3127798   0.97158059     2001.975   0.66484345   -3.8095731    1.9676902    -1.841883 
   32000    1.2847568    1.3020183    2035.6765    0.6538367    -3.637761    1.9256873   -1.7120737 
   33000    1.3303028    1.1076025    2018.3907   0.65943625   -3.7316603     1.993955   -1.7377053 
   34000    1.2551647    1.0770695    2023.9684   0.65761896    -3.732363    1.8813326   -1.8510305 
   35000    1.2969616     1.088172    2036.3089   0.65363364   -3.7115151    1.9439808   -1.7675343 
   36000    1.3227862    1.1108355    2027.8645   0.65635549   -3.7399519    1.9826886   -1.7572633 
   37000    1.3383297    1.2026482    1976.5605     0.673392   -3.8333848    2.0059862   -1.8273986 
   38000    1.3012612    1.2657647    2005.4545   0.66368995    -3.726423    1.9504253   -1.7759976 
   39000    1.3123358    1.0078197    2034.6488   0.65416696   -3.7051161    1.9670248   -1.7380913 
   40000    1.2576898    1.0505205    2027.4217   0.65649885   -3.7306451    1.8851173   -1.8455277 
   41000    1.2389977   0.92998972    2018.5629   0.65937999   -3.7551211    1.8571003   -1.8980209 
   42000     1.272971    1.0015281    2027.3483    0.6565226   -3.7339562    1.9080219   -1.8259343 
   43000    1.3153072    1.1037662    2030.4764   0.65551118   -3.7212359    1.9714785   -1.7497574 
   44000     1.334337    1.1706131    2014.8545   0.66059361    -3.726701    2.0000017   -1.7266993 
   45000    1.3145206    1.2968092    1991.6129   0.66830255   -3.7783135    1.9702995    -1.808014 
   46000    1.3066197    1.2980781    2000.0804   0.66547325   -3.7458665     1.958457   -1.7874095 
   47000    1.3137302    1.0600249    2055.2247   0.64761776   -3.6597764    1.9691148   -1.6906617 
   48000    1.2964217     1.146037    2047.7504   0.64998157    -3.681248    1.9431715   -1.7380765 
   49000    1.2682921    1.2917092    2015.8139   0.66027919   -3.6964839    1.9010088   -1.7954751 
   50000    1.2756794    1.1062435    1982.9836    0.6712108   -3.8174718    1.9120814   -1.9053904 
Loop time of 35.7294 on 1 procs for 50000 steps with 1331 atoms

Performance: 483634.710 tau/day, 1399.406 timesteps/s
99.7% CPU use with 1 MPI tasks x no OpenMP threads

MPI task timing breakdown:
Section |  min time  |  avg time  |  max time  |%varavg| %total
---------------------------------------------------------------
Pair    | 27.926     | 27.926     | 27.926     |   0.0 | 78.16
Neigh   | 4.4924     | 4.4924     | 4.4924     |   0.0 | 12.57
Comm    | 0.77074    | 0.77074    | 0.77074    |   0.0 |  2.16
Output  | 0.025008   | 0.025008   | 0.025008   |   0.0 |  0.07
Modify  | 2.3538     | 2.3538     | 2.3538     |   0.0 |  6.59
Other   |            | 0.1611     |            |       |  0.45

Nlocal:    1331 ave 1331 max 1331 min
Histogram: 1 0 0 0 0 0 0 0 0 0
Nghost:    2720 ave 2720 max 2720 min
Histogram: 1 0 0 0 0 0 0 0 0 0
Neighs:    40176 ave 40176 max 40176 min
Histogram: 1 0 0 0 0 0 0 0 0 0

Total # of neighbors = 40176
Ave neighs/atom = 30.1848
Neighbor list builds = 2500
Dangerous builds not checked

write_restart lattice_11_11_11__2_2_2/sim1/T_1.30__P_1.10/end1.restart
Total wall time: 0:00:35
