run 50000
Neighbor list info ...
  update every 20 steps, delay 0 steps, check no
  max neighbors/atom: 2000, page size: 100000
  master list distance cutoff = 2.8
  ghost atom cutoff = 2.8
  binsize = 1.4, bins = 16 16 16
  1 neighbor lists, perpetual/occasional/extra = 1 0 0
  (1) pair lj/cut, perpetual
      attributes: half, newton on
      pair build: half/bin/atomonly/newton
      stencil: half/bin/3d/newton
      bin: standard
Per MPI rank memory allocation (min/avg/max) = 2.7 | 2.7 | 2.7 Mbytes
Step Temp Press Volume Density PotEng KinEng TotEng 
       0          0.1 -0.032919548        10648        0.125  -0.13561964    0.1498873  0.014267664 
    1000   0.81127222 -0.048375614    2257.7708   0.58951954   -3.6669054     1.215994   -2.4509113 
    2000   0.46047283    1.4586291     1424.558   0.93432492   -5.8730968   0.69019031   -5.1829065 
    3000   0.19923325    1.5622677    1331.6869   0.99948419   -6.4643445   0.29862534   -6.1657192 
    4000   0.10717573     1.632769    1307.8966    1.0176645   -6.6242576   0.16064282   -6.4636148 
    5000  0.086898806    1.5915522    1302.1881    1.0221257   -6.6763622   0.13025028   -6.5461119 
    6000   0.10002856    1.6186019     1304.378    1.0204097   -6.6574568   0.14993011   -6.5075267 
    7000   0.11124524    1.5850394     1303.646    1.0209827   -6.6695299   0.16674249   -6.5027874 
    8000  0.088590311     1.656977    1299.5717    1.0241836   -6.6881736   0.13278563    -6.555388 
    9000    0.1006291    1.5686075    1302.8959    1.0215705   -6.6782069   0.15083024   -6.5273767 
   10000    0.1091208    1.6160276    1303.4496    1.0211365   -6.6658294   0.16355822   -6.5022711 
   11000  0.090332608    1.6120465    1301.1644    1.0229299   -6.6809273   0.13539711   -6.5455302 
   12000  0.097613128    1.6288439    1301.2633    1.0228522   -6.6798714   0.14630968   -6.5335617 
   13000   0.10952444    1.5790428    1303.6047     1.021015   -6.6688437   0.16416323   -6.5046804 
   14000  0.094432982    1.5575127    1302.5935    1.0218077   -6.6808455   0.14154305   -6.5393024 
   15000  0.096785522    1.6556017    1300.0903     1.023775   -6.6838281   0.14506921   -6.5387589 
   16000   0.10459947    1.5652098     1304.205    1.0205451   -6.6663893   0.15678132    -6.509608 
   17000  0.099034634    1.5570004     1302.891    1.0215744   -6.6791215   0.14844034   -6.5306812 
   18000  0.096722767     1.669204    1299.3919    1.0243253   -6.6879841   0.14497515   -6.5430089 
   19000    0.1056761    1.5445594    1303.1557    1.0213668   -6.6805211   0.15839505   -6.5221261 
   20000   0.10163139    1.5367352    1303.0174    1.0214753   -6.6839014   0.15233254   -6.5315689 
   21000  0.095927149    1.7242135    1298.4079    1.0251016   -6.6868741   0.14378262   -6.5430915 
   22000   0.10041682    1.5743271    1303.0253     1.021469   -6.6777492   0.15051207   -6.5272371 
   23000   0.10391698     1.610716    1301.6249     1.022568    -6.681269   0.15575835   -6.5255107 
   24000  0.093949174     1.599856    1301.2017    1.0229006   -6.6866803   0.14081788   -6.5458624 
   25000   0.10024253    1.5027975    1303.6639    1.0209687   -6.6829659   0.15025083   -6.5327151 
   26000   0.10196466    1.6961556    1300.7054    1.0232909   -6.6732535   0.15283208   -6.5204214 
   27000  0.094731689    1.5780669    1301.5204    1.0226501   -6.6862447   0.14199077   -6.5442539 
   28000  0.099441361    1.5058825    1303.0801    1.0214261    -6.686224   0.14904997   -6.5371741 
   29000   0.10520442    1.6816792    1300.6778    1.0233126   -6.6762538   0.15768807   -6.5185657 
   30000   0.10030468    1.5257415    1302.4899    1.0218889   -6.6915624   0.15034397   -6.5412184 
   31000  0.096923463    1.5799088    1301.8174    1.0224168   -6.6856415   0.14527597   -6.5403655 
   32000   0.10470272    1.7708486    1299.1285     1.024533    -6.674458   0.15693609   -6.5175219 
   33000  0.096869563    1.5253883    1303.2759    1.0212726   -6.6827746   0.14519517   -6.5375794 
   34000   0.09487567     1.676473    1300.0808    1.0237825   -6.6834038   0.14220658   -6.5411972 
   35000   0.10188657    1.5713985    1302.9706    1.0215119   -6.6767586   0.15271503   -6.5240436 
   36000    0.1005269    1.6125807    1301.6939    1.0225138   -6.6816955   0.15067706   -6.5310184 
   37000  0.095183497    1.6033183    1301.1148    1.0229689   -6.6866904   0.14266798   -6.5440224 
   38000    0.1038801    1.6492113    1300.9308    1.0231136   -6.6808376   0.15570308   -6.5251345 
   39000  0.099627608    1.4067043    1306.0346    1.0191154   -6.6816132   0.14932914   -6.5322841 
   40000   0.09607268    1.6726662    1299.6727     1.024104   -6.6854376   0.14400075   -6.5414368 
   41000   0.10118717    1.5653246    1302.3418    1.0220052   -6.6826166   0.15166672   -6.5309499 
   42000    0.1043192     1.552738    1302.8175     1.021632   -6.6824976   0.15636124   -6.5261363 
   43000   0.10040511    1.5991612    1300.6613    1.0233256   -6.6914865   0.15049451    -6.540992 
   44000  0.098529421    1.6699726    1300.4899    1.0234604   -6.6801641   0.14768309    -6.532481 
   45000    0.1018036    1.4434314    1305.5876    1.0194643   -6.6800176   0.15259067   -6.5274269 
   46000  0.097930266     1.742592    1298.4761    1.0250478   -6.6825677   0.14678503   -6.5357826 
   47000  0.096758599    1.5964449    1301.7828     1.022444   -6.6828901   0.14502885   -6.5378613 
   48000   0.10395758    1.6367319    1301.5333      1.02264   -6.6787677   0.15581921   -6.5229484 
   49000  0.098595383    1.6107398    1301.4055    1.0227404   -6.6829811   0.14778196   -6.5351991 
   50000  0.097789598    1.6231825    1301.0249    1.0230396    -6.686436   0.14657419   -6.5398618 
Loop time of 45.8402 on 1 procs for 50000 steps with 1331 atoms

Performance: 376961.329 tau/day, 1090.745 timesteps/s
100.0% CPU use with 1 MPI tasks x no OpenMP threads

MPI task timing breakdown:
Section |  min time  |  avg time  |  max time  |%varavg| %total
---------------------------------------------------------------
Pair    | 37.6       | 37.6       | 37.6       |   0.0 | 82.03
Neigh   | 5.1861     | 5.1861     | 5.1861     |   0.0 | 11.31
Comm    | 0.75282    | 0.75282    | 0.75282    |   0.0 |  1.64
Output  | 0.025754   | 0.025754   | 0.025754   |   0.0 |  0.06
Modify  | 2.0414     | 2.0414     | 2.0414     |   0.0 |  4.45
Other   |            | 0.2337     |            |       |  0.51

Nlocal:    1331 ave 1331 max 1331 min
Histogram: 1 0 0 0 0 0 0 0 0 0
Nghost:    3269 ave 3269 max 3269 min
Histogram: 1 0 0 0 0 0 0 0 0 0
Neighs:    61390 ave 61390 max 61390 min
Histogram: 1 0 0 0 0 0 0 0 0 0

Total # of neighbors = 61390
Ave neighs/atom = 46.1232
Neighbor list builds = 2500
Dangerous builds not checked

write_restart lattice_11_11_11__2_2_2/sim1/T_0.10__P_1.60/end1.restart
Total wall time: 0:00:45
