run 50000
Neighbor list info ...
  update every 20 steps, delay 0 steps, check no
  max neighbors/atom: 2000, page size: 100000
  master list distance cutoff = 2.8
  ghost atom cutoff = 2.8
  binsize = 1.4, bins = 16 16 16
  1 neighbor lists, perpetual/occasional/extra = 1 0 0
  (1) pair lj/cut, perpetual
      attributes: half, newton on
      pair build: half/bin/atomonly/newton
      stencil: half/bin/3d/newton
      bin: standard
Per MPI rank memory allocation (min/avg/max) = 2.7 | 2.7 | 2.7 Mbytes
Step Temp Press Volume Density PotEng KinEng TotEng 
       0          0.5  0.017042887        10648        0.125  -0.13561964   0.74943651   0.61381687 
    1000   0.94944119  0.084456059    6156.0109   0.21621144   -1.4176449    1.4230918 0.0054468987 
    2000   0.81235799 -0.084453968    4121.9216   0.32290764   -2.3258574    1.2176215    -1.108236 
    3000   0.76624175    -0.125972    2920.7558   0.45570397   -3.3726742    1.1484991   -2.2241751 
    4000   0.72177802  -0.12156582    2176.4784   0.61153833   -4.3200083    1.0818536   -3.2381547 
    5000    0.6334376  0.028995718    1729.0864   0.76977069   -5.0023688   0.94944253   -4.0529263 
    6000   0.58130957   0.33885138     1528.292   0.87090685   -5.5297327   0.87130924   -4.6584234 
    7000    0.4755132   0.65501312    1471.4774   0.90453307   -5.7515665   0.71273391   -5.0388326 
    8000    0.4634101   0.58008116    1457.9241   0.91294189   -5.8368001   0.69459289   -5.1422072 
    9000   0.51325069   0.35684272     1471.441   0.90455545   -5.8041442   0.76929761   -5.0348465 
   10000   0.52275253   0.43501676    1475.6663   0.90196545   -5.7719626   0.78353967    -4.988423 
   11000   0.50507901   0.46217057    1464.3986   0.90890556   -5.8260637    0.7570493   -5.0690144 
   12000   0.49592222   0.55098757    1461.2588   0.91085848   -5.8240199   0.74332444   -5.0806954 
   13000   0.51356724   0.57026002    1471.2037   0.90470135   -5.7683977   0.76977208   -4.9986257 
   14000   0.52538563   0.74076738    1466.8364   0.90739499    -5.765965   0.78748636   -4.9784787 
   15000   0.49633065    0.5580705    1462.0435   0.91036966   -5.8136878   0.74393663   -5.0697512 
   16000   0.49538436   0.66144853    1458.2532   0.91273585   -5.8273087   0.74251826   -5.0847905 
   17000   0.50530128   0.67898117    1465.7203   0.90808592   -5.7766226   0.75738246   -5.0192401 
   18000   0.49745181   0.67659646    1468.2776   0.90650435   -5.7604025   0.74561711   -5.0147854 
   19000   0.50411395   0.67769351    1461.5693   0.91066502   -5.8103881    0.7556028   -5.0547853 
   20000   0.50809645   0.69036903    1456.5175   0.91382354   -5.8318961   0.76157206    -5.070324 
   21000   0.50873124   0.71628273    1461.1394   0.91093295   -5.7992773   0.76252353   -5.0367538 
   22000      0.52446   0.57518902    1464.5046   0.90883974   -5.8030534   0.78609894   -5.0169545 
   23000   0.49600133   0.60790319    1462.5828   0.91003395   -5.8092557   0.74344301   -5.0658127 
   24000   0.49843699   0.48108462    1456.0955   0.91408838   -5.8674752   0.74709376   -5.1203814 
   25000   0.49776446   0.46179131    1464.7082   0.90871342   -5.8220674   0.74608572   -5.0759817 
   26000   0.50323967   0.58693747    1477.1032   0.90108803    -5.734995   0.75429236   -4.9807026 
   27000   0.51417475   0.34095505    1475.5039   0.90206468   -5.7890818   0.77068266   -5.0183991 
   28000   0.46372739   0.18375308    1474.4471   0.90271125   -5.8162539   0.69506847   -5.1211854 
   29000   0.50173765   0.20967348    1473.0269   0.90358159   -5.8151333   0.75204103   -5.0630923 
   30000   0.49792519   0.58385706    1476.0765   0.90171476   -5.7350083   0.74632664   -4.9886817 
   31000   0.49230455   0.47121255    1473.3071   0.90340976   -5.7707945   0.73790201   -5.0328925 
   32000   0.48371432   0.54035104    1462.9702   0.90979296   -5.8103498   0.72502634   -5.0853234 
   33000   0.50856899   0.42243859    1465.9707   0.90793086   -5.8227584   0.76228034   -5.0604781 
   34000   0.51512558   0.57338656    1460.0565   0.91160855   -5.8326292   0.77210783   -5.0605213 
   35000   0.51454998   0.42918346    1456.9195   0.91357139   -5.8766241   0.77124508    -5.105379 
   36000     0.496087   0.36784093    1460.7285   0.91118916   -5.8624754   0.74357143    -5.118904 
   37000   0.50800139   0.41797508    1469.2424   0.90590907   -5.8061105   0.76142958   -5.0446809 
   38000   0.51771943   0.52658996    1466.9063   0.90735176   -5.8009651    0.7759957   -5.0249694 
   39000   0.50130614   0.59808289    1460.4423   0.91136775   -5.8207592   0.75139425    -5.069365 
   40000   0.50912716   0.66111883    1456.9425     0.913557   -5.8289178   0.76311696   -5.0658008 
   41000   0.51416651   0.67227365    1461.4932   0.91071239   -5.8032109   0.77067031   -5.0325405 
   42000   0.50518633   0.59532577    1464.2613   0.90899076   -5.7969531   0.75721016   -5.0397429 
   43000   0.49207007   0.62736625    1461.7571   0.91054798   -5.8102311   0.73755056   -5.0726805 
   44000   0.51804861   0.57145671    1458.7948     0.912397   -5.8409979   0.77648909   -5.0645088 
   45000   0.50313408   0.67931361    1462.9048   0.90983363   -5.7979323    0.7541341   -5.0437982 
   46000   0.50438084   0.82050375    1463.6501   0.90937037    -5.758383   0.75600284   -5.0023802 
   47000    0.5176154   0.64584776    1461.4489      0.91074   -5.8069903   0.77583977   -5.0311505 
   48000   0.48272713   0.62869648     1460.492   0.91133674    -5.818076   0.72354668   -5.0945293 
   49000   0.49437905   0.45954472    1463.8716   0.90923278   -5.8266616   0.74101142   -5.0856501 
   50000   0.50535791   0.40215472    1473.3392   0.90339004   -5.7940501   0.75746733   -5.0365828 
Loop time of 38.4104 on 1 procs for 50000 steps with 1331 atoms

Performance: 449877.637 tau/day, 1301.729 timesteps/s
99.8% CPU use with 1 MPI tasks x no OpenMP threads

MPI task timing breakdown:
Section |  min time  |  avg time  |  max time  |%varavg| %total
---------------------------------------------------------------
Pair    | 31.037     | 31.037     | 31.037     |   0.0 | 80.80
Neigh   | 4.4372     | 4.4372     | 4.4372     |   0.0 | 11.55
Comm    | 0.70315    | 0.70315    | 0.70315    |   0.0 |  1.83
Output  | 0.027508   | 0.027508   | 0.027508   |   0.0 |  0.07
Modify  | 1.9941     | 1.9941     | 1.9941     |   0.0 |  5.19
Other   |            | 0.2115     |            |       |  0.55

Nlocal:    1331 ave 1331 max 1331 min
Histogram: 1 0 0 0 0 0 0 0 0 0
Nghost:    3065 ave 3065 max 3065 min
Histogram: 1 0 0 0 0 0 0 0 0 0
Neighs:    53062 ave 53062 max 53062 min
Histogram: 1 0 0 0 0 0 0 0 0 0

Total # of neighbors = 53062
Ave neighs/atom = 39.8663
Neighbor list builds = 2500
Dangerous builds not checked

write_restart lattice_11_11_11__2_2_2/T_0.5__P_0.5/end1.restart
Total wall time: 0:00:38
