run 50000
Neighbor list info ...
  update every 20 steps, delay 0 steps, check no
  max neighbors/atom: 2000, page size: 100000
  master list distance cutoff = 2.8
  ghost atom cutoff = 2.8
  binsize = 1.4, bins = 8 8 8
  1 neighbor lists, perpetual/occasional/extra = 1 0 0
  (1) pair lj/cut, perpetual
      attributes: half, newton on
      pair build: half/bin/atomonly/newton
      stencil: half/bin/3d/newton
      bin: standard
Per MPI rank memory allocation (min/avg/max) = 2.797 | 2.797 | 2.797 Mbytes
Step Temp Press TotEng 
       0          1.9    106.67928     15.96475 
    1000    3.9806832    27.569625    3.8897716 
    2000    2.1941256    17.483061  -0.49399049 
    3000    1.6465066    14.636846    -1.759673 
    4000    1.9316703     15.80073   -1.1605648 
    5000     1.978929    16.404884  -0.99331939 
    6000     1.752374    14.965447   -1.5624077 
    7000    1.9159071    15.921867   -1.1681693 
    8000    1.9735117     16.22649   -1.0379766 
    9000     1.813374    15.022048   -1.4814079 
   10000    1.9120116     15.85806   -1.1824784 
   11000    1.9398927    15.976975   -1.1248425 
   12000    1.8480322    15.095894   -1.4171574 
   13000    1.9656971    15.596911   -1.1600112 
   14000    1.9166171    16.009987   -1.1478414 
   15000     1.800011    15.216804   -1.4459163 
   16000    1.9313852    15.844052   -1.1662549 
   17000    1.9165888    15.956217   -1.1589369 
   18000    1.8358171    15.302041   -1.3835526 
   19000    1.9512505    15.644188   -1.1806582 
   20000    1.8952004     15.76942   -1.2223915 
   21000    1.8481686    15.412794   -1.3648629 
   22000    1.9575511    15.764445    -1.159031 
   23000    1.9061013    15.867337   -1.1999278 
   24000    1.8472514    15.318678   -1.3816925 
   25000     1.926281    16.056436   -1.1277032 
   26000    1.9436521    15.513712   -1.2126611 
   27000    1.8497797    15.195294   -1.3915067 
   28000     1.937641    15.878665   -1.1406625 
   29000    1.8876995    15.750246   -1.2332441 
   30000    1.8989587    15.064146   -1.3447556 
   31000    1.9481435    15.763796   -1.1576417 
   32000    1.8966331    15.616159   -1.2531763 
   33000    1.9133374      15.0396   -1.3446194 
   34000    1.9251091    16.029427   -1.1313317 
   35000      1.88686     15.59862   -1.2669496 
   36000    1.8566754    15.401072   -1.3356199 
   37000    1.9811868    15.501559   -1.1593269 
   38000    1.8747291    15.691426   -1.2577045 
   39000    1.8612861     15.42937   -1.3322634 
   40000    1.9759149     15.48175   -1.1743055 
   41000    1.8742982    15.746693   -1.2508685 
   42000    1.8773998    15.450242   -1.3091697 
   43000    1.9478682    15.555859   -1.1932821 
   44000     1.900324    15.669429   -1.2298589 
   45000    1.8688817    15.449074   -1.3183348 
   46000    1.9052373    15.850154   -1.1921689 
   47000    1.8892156    15.750546   -1.2489644 
   48000     1.921496    14.890472   -1.3594077 
   49000    1.9352401    15.812475    -1.156579 
   50000    1.9025035    15.469102   -1.2684341 
Loop time of 43.5765 on 1 procs for 50000 steps with 1331 atoms

Performance: 396544.227 tau/day, 1147.408 timesteps/s
100.0% CPU use with 1 MPI tasks x no OpenMP threads

MPI task timing breakdown:
Section |  min time  |  avg time  |  max time  |%varavg| %total
---------------------------------------------------------------
Pair    | 36.438     | 36.438     | 36.438     |   0.0 | 83.62
Neigh   | 5.2619     | 5.2619     | 5.2619     |   0.0 | 12.07
Comm    | 0.76465    | 0.76465    | 0.76465    |   0.0 |  1.75
Output  | 0.025703   | 0.025703   | 0.025703   |   0.0 |  0.06
Modify  | 0.85324    | 0.85324    | 0.85324    |   0.0 |  1.96
Other   |            | 0.2334     |            |       |  0.54

Nlocal:    1331 ave 1331 max 1331 min
Histogram: 1 0 0 0 0 0 0 0 0 0
Nghost:    3248 ave 3248 max 3248 min
Histogram: 1 0 0 0 0 0 0 0 0 0
Neighs:    60151 ave 60151 max 60151 min
Histogram: 1 0 0 0 0 0 0 0 0 0

Total # of neighbors = 60151
Ave neighs/atom = 45.1923
Neighbor list builds = 2500
Dangerous builds not checked

write_restart NVT/sim1/T_1.90__v_0.73/end1.restart
Total wall time: 0:00:43
