run 50000
Neighbor list info ...
  update every 20 steps, delay 0 steps, check no
  max neighbors/atom: 2000, page size: 100000
  master list distance cutoff = 2.8
  ghost atom cutoff = 2.8
  binsize = 1.4, bins = 22 22 22
  1 neighbor lists, perpetual/occasional/extra = 1 0 0
  (1) pair lj/cut, perpetual
      attributes: half, newton on
      pair build: half/bin/atomonly/newton
      stencil: half/bin/3d/newton
      bin: standard
Per MPI rank memory allocation (min/avg/max) = 2.739 | 2.739 | 2.739 Mbytes
Step Temp Press TotEng 
       0          1.4  0.067334925    2.0860932 
    1000    1.4232176  0.060552672    1.8523331 
    2000    1.3893883  0.060189537    1.7567363 
    3000     1.421394  0.059995788    1.8406788 
    4000    1.3469891  0.060175215    1.7028723 
    5000    1.4287551  0.065733231    1.8252434 
    6000    1.3687666    0.0588662    1.7279196 
    7000    1.4482931  0.067076795    1.8456532 
    8000    1.3597098  0.060906456     1.731268 
    9000    1.4107394  0.062676422    1.8017233 
   10000    1.3457867  0.061228731    1.7251572 
   11000    1.4432834  0.061353253    1.8277862 
   12000     1.389266  0.062049803    1.7476943 
   13000    1.4306252  0.067696425    1.7940236 
   14000    1.3779329  0.062234565     1.756283 
   15000    1.4119076  0.060860467    1.7762103 
   16000    1.3886331  0.063115016    1.7554114 
   17000    1.3596895  0.062850124    1.7303959 
   18000    1.4162046  0.061389696    1.7860235 
   19000    1.3841386  0.061754086    1.7369694 
   20000    1.4209902  0.060399525    1.8132282 
   21000    1.3553966  0.058371253    1.7172327 
   22000    1.4020038  0.064638256     1.784828 
   23000    1.4090807  0.062230838    1.8012167 
   24000    1.3604904   0.06119837    1.7108661 
   25000    1.4559656  0.063339213    1.8524592 
   26000    1.3888265   0.05914822    1.7412801 
   27000    1.3994809  0.059481453    1.7855992 
   28000    1.4540879  0.064513028    1.8711124 
   29000    1.3765577   0.06269166    1.7178626 
   30000    1.4429287  0.065804874    1.8316016 
   31000    1.3235818  0.064175396    1.6763079 
   32000    1.4070187  0.064500709    1.8044294 
   33000    1.3974531  0.060588566    1.7659352 
   34000    1.3279444  0.057549606    1.6510508 
   35000     1.438623  0.063601125    1.8232544 
   36000    1.3603913   0.05961198    1.7156332 
   37000    1.4641424  0.065837973    1.8734153 
   38000    1.3842813  0.062034315     1.761578 
   39000    1.4363838  0.065914446    1.8584494 
   40000    1.3848595  0.063853612    1.7471709 
   41000    1.4191544  0.063023273    1.8097901 
   42000    1.3842013  0.057430275    1.7417258 
   43000     1.403139   0.06035435    1.7606142 
   44000    1.4781906  0.066268227    1.9029907 
   45000    1.3665808  0.062253728    1.7380959 
   46000    1.4200136   0.06347884    1.8283038 
   47000    1.3670852  0.056533039    1.7328321 
   48000    1.3862007  0.061934055    1.7679592 
   49000    1.4240315  0.062475605    1.8189103 
   50000    1.3433078  0.059423107    1.6698138 
Loop time of 4.66989 on 1 procs for 50000 steps with 1331 atoms

Performance: 3700302.193 tau/day, 10706.893 timesteps/s
99.6% CPU use with 1 MPI tasks x no OpenMP threads

MPI task timing breakdown:
Section |  min time  |  avg time  |  max time  |%varavg| %total
---------------------------------------------------------------
Pair    | 2.3529     | 2.3529     | 2.3529     |   0.0 | 50.38
Neigh   | 1.1133     | 1.1133     | 1.1133     |   0.0 | 23.84
Comm    | 0.26173    | 0.26173    | 0.26173    |   0.0 |  5.60
Output  | 0.022214   | 0.022214   | 0.022214   |   0.0 |  0.48
Modify  | 0.84196    | 0.84196    | 0.84196    |   0.0 | 18.03
Other   |            | 0.07783    |            |       |  1.67

Nlocal:    1331 ave 1331 max 1331 min
Histogram: 1 0 0 0 0 0 0 0 0 0
Nghost:    844 ave 844 max 844 min
Histogram: 1 0 0 0 0 0 0 0 0 0
Neighs:    3283 ave 3283 max 3283 min
Histogram: 1 0 0 0 0 0 0 0 0 0

Total # of neighbors = 3283
Ave neighs/atom = 2.46657
Neighbor list builds = 2500
Dangerous builds not checked

write_restart NVT/sim1/T_1.40__v_21.95/end1.restart
Total wall time: 0:00:04
