run 50000
Neighbor list info ...
  update every 20 steps, delay 0 steps, check no
  max neighbors/atom: 2000, page size: 100000
  master list distance cutoff = 2.8
  ghost atom cutoff = 2.8
  binsize = 1.4, bins = 8 8 8
  1 neighbor lists, perpetual/occasional/extra = 1 0 0
  (1) pair lj/cut, perpetual
      attributes: half, newton on
      pair build: half/bin/atomonly/newton
      stencil: half/bin/3d/newton
      bin: standard
Per MPI rank memory allocation (min/avg/max) = 2.797 | 2.797 | 2.797 Mbytes
Step Temp Press TotEng 
       0          0.9    105.68003    14.465877 
    1000    2.5037177    19.476754   0.29794855 
    2000    1.1590656    10.278067   -3.2656829 
    3000   0.82511458    7.0855244   -4.3157464 
    4000   0.86200942    7.1143959   -4.2562654 
    5000   0.98413111    8.2330134   -3.8768274 
    6000   0.89009511    7.5781637    -4.132326 
    7000   0.85280691    7.2003553   -4.2499448 
    8000    0.9491627    8.0025789   -3.9793842 
    9000   0.89669824     7.775814   -4.0924293 
   10000   0.88088785    7.3473728   -4.2015406 
   11000   0.92999349    7.9971346   -4.0035869 
   12000   0.91008066    7.8631321   -4.0436153 
   13000   0.84390892    7.5886138   -4.1886819 
   14000   0.88855912    7.8007944   -4.0953289 
   15000   0.91447754    8.0563944   -4.0089327 
   16000   0.87556065    7.5383211   -4.1512785 
   17000   0.88126657    7.7277214   -4.1133662 
   18000   0.94962054    7.8895283   -3.9973796 
   19000   0.88142322    7.4971692   -4.1545317 
   20000   0.89281178     7.524445   -4.1371089 
   21000   0.91520386    8.0619594     -4.00375 
   22000   0.90292702    7.4910177   -4.1286046 
   23000     0.892936     7.478016   -4.1532673 
   24000   0.94201191    7.6970476   -4.0391409 
   25000   0.90900378    7.6345733    -4.100941 
   26000   0.86785865    7.7094243   -4.1409992 
   27000   0.92252244    7.7492871   -4.0557503 
   28000   0.90138899    7.7181236   -4.0928303 
   29000    0.9283645    7.4142298   -4.1093242 
   30000    0.9105052    7.6831059   -4.0898454 
   31000   0.90783612    7.7236393    -4.078288 
   32000   0.88944424    7.6882194   -4.1146045 
   33000   0.89964977    7.8640556   -4.0672354 
   34000   0.91986941    7.7298949   -4.0660633 
   35000   0.87735063    7.5531029   -4.1602571 
   36000   0.92991799    7.6343506   -4.0661899 
   37000    0.9158976    7.9167448   -4.0417751 
   38000   0.88424486    7.5266413   -4.1533733 
   39000   0.88407313     7.892725   -4.0767355 
   40000   0.90950525    7.8883226   -4.0494553 
   41000   0.89315068    7.6191714    -4.126282 
   42000   0.93098885    7.3943278   -4.1169206 
   43000   0.89500878    7.7772921   -4.0975424 
   44000   0.89974449    7.7820306    -4.087745 
   45000   0.88322374    7.8180334   -4.1028217 
   46000   0.88970983    7.7897386   -4.0831732 
   47000   0.90284791    7.7249257   -4.0848525 
   48000   0.89791624     7.718888   -4.0915172 
   49000   0.90853265    7.6820974    -4.092499 
   50000   0.88398132    7.7664418   -4.1012555 
Loop time of 42.7887 on 1 procs for 50000 steps with 1331 atoms

Performance: 403844.822 tau/day, 1168.532 timesteps/s
99.9% CPU use with 1 MPI tasks x no OpenMP threads

MPI task timing breakdown:
Section |  min time  |  avg time  |  max time  |%varavg| %total
---------------------------------------------------------------
Pair    | 35.759     | 35.759     | 35.759     |   0.0 | 83.57
Neigh   | 5.1563     | 5.1563     | 5.1563     |   0.0 | 12.05
Comm    | 0.75533    | 0.75533    | 0.75533    |   0.0 |  1.77
Output  | 0.02653    | 0.02653    | 0.02653    |   0.0 |  0.06
Modify  | 0.85792    | 0.85792    | 0.85792    |   0.0 |  2.01
Other   |            | 0.2338     |            |       |  0.55

Nlocal:    1331 ave 1331 max 1331 min
Histogram: 1 0 0 0 0 0 0 0 0 0
Nghost:    3266 ave 3266 max 3266 min
Histogram: 1 0 0 0 0 0 0 0 0 0
Neighs:    59729 ave 59729 max 59729 min
Histogram: 1 0 0 0 0 0 0 0 0 0

Total # of neighbors = 59729
Ave neighs/atom = 44.8753
Neighbor list builds = 2500
Dangerous builds not checked

write_restart NVT/sim1/T_0.90__v_0.73/end1.restart
Total wall time: 0:00:42
