run 50000
Neighbor list info ...
  update every 20 steps, delay 0 steps, check no
  max neighbors/atom: 2000, page size: 100000
  master list distance cutoff = 2.8
  ghost atom cutoff = 2.8
  binsize = 1.4, bins = 16 16 16
  1 neighbor lists, perpetual/occasional/extra = 1 0 0
  (1) pair lj/cut, perpetual
      attributes: half, newton on
      pair build: half/bin/atomonly/newton
      stencil: half/bin/3d/newton
      bin: standard
Per MPI rank memory allocation (min/avg/max) = 2.7 | 2.7 | 2.7 Mbytes
Step Temp Press Volume Density PotEng KinEng TotEng 
       0          0.9  0.067005321        10648        0.125  -0.13561964    1.3489857    1.2133661 
    1000    1.2626511   0.15723432    7468.4304   0.17821683   -1.0811309    1.8925537   0.81142274 
    2000    1.0746353  0.084308772    5682.6302   0.23422253   -1.5210589    1.6107419  0.089682986 
    3000    1.0100912  0.052040541    4441.0024   0.29970711   -2.0391586    1.5139985  -0.52516006 
    4000    0.9489354  0.056617076    3549.7048   0.37496075   -2.4711973    1.4223337   -1.0488636 
    5000   0.95246556  0.058404848    2897.8771   0.45930174   -2.9787398    1.4276249   -1.5511149 
    6000   0.95033754  -0.11944668    2393.7631   0.55602828    -3.429867    1.4244353   -2.0054317 
    7000   0.95116021   0.21858339    2069.0096   0.64330297   -3.8640876    1.4256684   -2.4384192 
    8000   0.92560822   0.38943806    1897.8048   0.70133661   -4.2061702    1.3873692    -2.818801 
    9000   0.88065502   0.37683362    1814.4011   0.73357537   -4.4129965    1.3199901   -3.0930064 
   10000    0.9013352   0.28366167    1790.2427   0.74347461   -4.5111765     1.350987   -3.1601895 
   11000   0.90382525     0.387675    1809.3319   0.73563064   -4.4250747    1.3547193   -3.0703554 
   12000    0.9149665   0.41428547    1837.5057    0.7243515   -4.3466635    1.3714186   -2.9752449 
   13000   0.89555671   0.42528882    1829.0812   0.72768776   -4.3654611    1.3423258   -3.0231353 
   14000   0.89809106   0.34667369    1817.2121   0.73244065   -4.4365721    1.3461245   -3.0904476 
   15000   0.91314569   0.32947672    1833.6351   0.72588051   -4.3947437    1.3686894   -3.0260542 
   16000   0.91852185   0.21453042    1851.1285   0.71902087   -4.3443625    1.3767476   -2.9676148 
   17000   0.89395215   0.42934488    1830.3587   0.72717987   -4.3765213    1.3399208   -3.0366005 
   18000   0.90763466   0.45983168    1801.4324   0.73885647   -4.4666607    1.3604291   -3.1062316 
   19000   0.89789161   0.52176671    1822.4074   0.73035261   -4.3678279    1.3458255   -3.0220024 
   20000   0.94033786   0.34767594    1830.9947   0.72692728   -4.3685372    1.4094471   -2.9590902 
   21000   0.91763316   0.62068624    1800.2462   0.73934332   -4.4260531    1.3754156   -3.0506375 
   22000   0.90450649   0.52119469    1801.5822   0.73879505   -4.4309272    1.3557404   -3.0751868 
   23000   0.91391781   0.49000575    1824.3378   0.72957981   -4.3765521    1.3698468   -3.0067053 
   24000   0.93039378   0.25370769    1821.5212   0.73070795    -4.443355    1.3945421   -3.0488129 
   25000    0.8739508   0.53984923    1804.9998   0.73739621    -4.412129    1.3099413   -3.1021877 
   26000   0.89889009   0.47227838    1826.8597   0.72857263   -4.3599026    1.3473221   -3.0125805 
   27000   0.91059796   0.57306972    1827.1319   0.72846412   -4.3380243    1.3648707   -2.9731536 
   28000   0.90606491   0.45956823    1812.4552     0.734363   -4.4093389    1.3580763   -3.0512626 
   29000   0.93123189   0.34387935    1814.2709   0.73362802   -4.4305846    1.3957984   -3.0347862 
   30000   0.94301473   0.50994741    1829.0364    0.7277056   -4.3500856    1.4134593   -2.9366263 
   31000   0.94562154   0.43149332    1809.3012   0.73564314   -4.4291797    1.4173666   -3.0118131 
   32000   0.94011776   0.33416189    1805.5764   0.73716072   -4.4611502    1.4091172   -3.0520331 
   33000   0.89413797   0.39161532    1793.7226   0.74203224   -4.4832644    1.3401993   -3.1430651 
   34000   0.85882187   0.25371688    1814.3755   0.73358572   -4.4329882    1.2872649   -3.1457232 
   35000   0.88471022   0.42904234    1823.0116   0.73011054    -4.386538    1.3260683   -3.0604697 
   36000   0.92645119    0.2337749    1836.7591   0.72464594   -4.3930479    1.3886327   -3.0044152 
   37000   0.90963901    0.4224202     1865.491   0.71348508   -4.2678054    1.3634334   -2.9043721 
   38000   0.90981922   0.51000009     1843.101   0.72215252   -4.3268504    1.3637035   -2.9631469 
   39000   0.89893387   0.44407857     1818.333   0.73198913    -4.407027    1.3473877   -3.0596392 
   40000   0.87050728   0.56547536    1800.2254   0.73935185   -4.4255352    1.3047799   -3.1207553 
   41000   0.83424564   0.43117121     1820.717   0.73103067   -4.3759377    1.2504283   -3.1255095 
   42000   0.88166697   0.28137917    1844.2905   0.72168675   -4.3553611    1.3215068   -3.0338542 
   43000   0.88669705   0.29472509    1852.7874   0.71837706   -4.3365923    1.3290463    -3.007546 
   44000   0.89661646   0.30539276    1813.3941   0.73398276   -4.4531068    1.3439142   -3.1091926 
   45000   0.89978477   0.47372826    1810.9786   0.73496174   -4.4087552    1.3486631    -3.060092 
   46000   0.91666238   0.42089967    1832.1935   0.72645165   -4.3593097    1.3739605   -2.9853492 
   47000   0.92610472   0.48946718    1824.9111    0.7293506    -4.371834    1.3881134   -2.9837206 
   48000   0.93136824     0.333865    1807.2633   0.73647267   -4.4478406    1.3960027   -3.0518379 
   49000    0.8919611   0.37176131    1812.1595   0.73448281    -4.434988    1.3369364   -3.0980515 
   50000   0.90861208   0.30800818    1836.3933   0.72479029   -4.3653992    1.3618941    -3.003505 
Loop time of 33.3529 on 1 procs for 50000 steps with 1331 atoms

Performance: 518095.611 tau/day, 1499.119 timesteps/s
99.9% CPU use with 1 MPI tasks x no OpenMP threads

MPI task timing breakdown:
Section |  min time  |  avg time  |  max time  |%varavg| %total
---------------------------------------------------------------
Pair    | 26.173     | 26.173     | 26.173     |   0.0 | 78.47
Neigh   | 4.3159     | 4.3159     | 4.3159     |   0.0 | 12.94
Comm    | 0.6787     | 0.6787     | 0.6787     |   0.0 |  2.03
Output  | 0.02517    | 0.02517    | 0.02517    |   0.0 |  0.08
Modify  | 2.0242     | 2.0242     | 2.0242     |   0.0 |  6.07
Other   |            | 0.136      |            |       |  0.41

Nlocal:    1331 ave 1331 max 1331 min
Histogram: 1 0 0 0 0 0 0 0 0 0
Nghost:    2786 ave 2786 max 2786 min
Histogram: 1 0 0 0 0 0 0 0 0 0
Neighs:    43166 ave 43166 max 43166 min
Histogram: 1 0 0 0 0 0 0 0 0 0

Total # of neighbors = 43166
Ave neighs/atom = 32.4313
Neighbor list builds = 2500
Dangerous builds not checked

write_restart lattice_11_11_11__2_2_2/sim1/T_0.90__P_0.40/end1.restart
Total wall time: 0:00:33
