run 50000
Neighbor list info ...
  update every 20 steps, delay 0 steps, check no
  max neighbors/atom: 2000, page size: 100000
  master list distance cutoff = 2.8
  ghost atom cutoff = 2.8
  binsize = 1.4, bins = 16 16 16
  1 neighbor lists, perpetual/occasional/extra = 1 0 0
  (1) pair lj/cut, perpetual
      attributes: half, newton on
      pair build: half/bin/atomonly/newton
      stencil: half/bin/3d/newton
      bin: standard
Per MPI rank memory allocation (min/avg/max) = 2.7 | 2.7 | 2.7 Mbytes
Step Temp Press Volume Density PotEng KinEng TotEng 
       0          1.7   0.16693019        10648        0.125  -0.13561964    2.5480841    2.4124645 
    1000      2.00498   0.30621836    8243.6373   0.16145786   -0.8402902    3.0052104    2.1649202 
    2000    1.8278286   0.28880905    6825.1163   0.19501499   -1.1184576     2.739683    1.6212253 
    3000    1.7079179   0.33510288    5824.5146    0.2285169   -1.2786761    2.5599521     1.281276 
    4000    1.7154313   0.36715539    5118.4369   0.26004032   -1.4735538    2.5712137    1.0976598 
    5000    1.6804076   0.42517183    4623.1395    0.2878996   -1.5653141    2.5187177   0.95340358 
    6000    1.6923279    0.5020408    4291.9872   0.31011276   -1.6947023    2.5365846   0.84188238 
    7000    1.7201926     0.436274    4062.4266   0.32763669   -1.8601799    2.5783503   0.71817033 
    8000    1.6958425   0.52774373       3914.2   0.34004394   -1.8846095    2.5418526   0.65724307 
    9000    1.7061893   0.57098677    3876.9109   0.34331457   -1.9045894    2.5573611   0.65277177 
   10000     1.678104   0.49999881    3889.0101   0.34224648   -1.8741208    2.5152648   0.64114397 
   11000    1.7165558   0.45603753    3917.8867   0.33972396   -1.8643562    2.5728992   0.70854294 
   12000    1.7348594   0.46667466    3939.6007    0.3378515   -1.8995115    2.6003339   0.70082239 
   13000    1.7031241   0.48870481    3858.2209   0.34497765   -1.9010556    2.5527667    0.6517111 
   14000    1.6455161   0.40925156    3738.2723   0.35604683   -1.9496879    2.4664197   0.51673186 
   15000    1.6790672   0.50047057    3772.4121   0.35282465   -1.9392555    2.5167086   0.57745306 
   16000    1.6605856   0.54628023    4032.6523   0.33005573   -1.8204045    2.4890069   0.66860242 
   17000    1.7653617    0.5575969    3937.9364   0.33799428   -1.8367273    2.6460531    0.8093258 
   18000    1.6944181   0.45576688     3914.433    0.3400237   -1.8866174    2.5397176   0.65310027 
   19000    1.7085396   0.55027927    3819.0423   0.34851669   -1.9166518     2.560884   0.64423218 
   20000    1.6767811   0.55695883     3795.609   0.35066837   -1.9157076    2.5132819   0.59757431 
   21000    1.6684852   0.49334119    3829.0816   0.34760293    -1.923565    2.5008475   0.57728243 
   22000    1.7224214   0.56679617    3924.5356   0.33914841   -1.8662027    2.5816911    0.7154883 
   23000    1.6944586   0.46758926    3949.7969   0.33697936   -1.8822863    2.5397783     0.657492 
   24000    1.7129073   0.50493248    3838.6304   0.34673825   -1.9047752    2.5674305   0.66265524 
   25000    1.6573709   0.54450158    3673.0134   0.36237275   -1.9595804    2.4841885   0.52460805 
   26000    1.6828975   0.53837347    3672.3508   0.36243814    -2.031535    2.5224497   0.49091469 
   27000    1.7082033    0.4243668    3917.0915   0.33979293   -1.9091813    2.5603798   0.65119847 
   28000    1.7407493   0.46687725      3990.77    0.3335196   -1.8440265    2.6091622   0.76513572 
   29000    1.6385187   0.46650504    3994.9674   0.33316918   -1.8455875    2.4559315   0.61034398 
   30000    1.6780469   0.60958177    3736.0452   0.35625907   -1.9281663    2.5151793   0.58701293 
   31000    1.6727344   0.50133183    3709.4584   0.35881249   -2.0207493    2.5072165   0.48646716 
   32000    1.7004208   0.53723711    3817.0022   0.34870297   -1.9240182    2.5487148   0.62469662 
   33000    1.6994358   0.39681184    3940.9706   0.33773406   -1.8911545    2.5472385     0.656084 
   34000    1.7081954   0.46012296    3885.4225   0.34256249   -1.9000714     2.560368   0.66029668 
   35000    1.7156765   0.57220817    3838.8934    0.3467145   -1.9181409    2.5715813   0.65344032 
   36000    1.6955232    0.4829383    3809.8511   0.34935749   -1.9560828     2.541374   0.58529118 
   37000    1.7829678   0.60832371    3823.5918   0.34810201   -1.8908402    2.6724423   0.78160212 
   38000     1.649349   0.42065875    4087.1446   0.32565522   -1.8119981    2.4721647   0.66016655 
   39000    1.7248256   0.49336128    4006.4702   0.33221263   -1.8300825    2.5852946   0.75521206 
   40000    1.6813909   0.42762519    3936.8409   0.33808834   -1.8676972    2.5201915    0.6524943 
   41000    1.6325282   0.48813158    3801.6683   0.35010945   -1.9436869    2.4469526   0.50326566 
   42000     1.713763   0.61281065    3696.5851   0.36006205   -1.9547883    2.5687131   0.61392478 
   43000    1.6925759   0.51963032    3880.3025   0.34301449   -1.8767021    2.5369563   0.66025426 
   44000    1.6960923   0.40560937    3982.8116   0.33418603   -1.8590704    2.5422271   0.68315668 
   45000    1.7571957   0.47590305    3892.0194   0.34198185   -1.9292937    2.6338132   0.70451954 
   46000    1.6679959   0.44696878    3878.1435   0.34320545   -1.9293777     2.500114   0.57073636 
   47000    1.7507119   0.52644968    3685.8692   0.36110885   -1.9686038    2.6240949    0.6554911 
   48000    1.6400804   0.46290718     3797.374   0.35050538   -1.9646452    2.4582723   0.49362715 
   49000    1.6973259   0.59929645    3762.9001   0.35371654   -1.9176867     2.544076   0.62638936 
   50000    1.7067462   0.54286269    3927.5437   0.33888865   -1.8564844    2.5581958   0.70171144 
Loop time of 20.6808 on 1 procs for 50000 steps with 1331 atoms

Performance: 835557.056 tau/day, 2417.700 timesteps/s
99.7% CPU use with 1 MPI tasks x no OpenMP threads

MPI task timing breakdown:
Section |  min time  |  avg time  |  max time  |%varavg| %total
---------------------------------------------------------------
Pair    | 14.622     | 14.622     | 14.622     |   0.0 | 70.70
Neigh   | 3.2053     | 3.2053     | 3.2053     |   0.0 | 15.50
Comm    | 0.57126    | 0.57126    | 0.57126    |   0.0 |  2.76
Output  | 0.023906   | 0.023906   | 0.023906   |   0.0 |  0.12
Modify  | 2.1328     | 2.1328     | 2.1328     |   0.0 | 10.31
Other   |            | 0.1257     |            |       |  0.61

Nlocal:    1331 ave 1331 max 1331 min
Histogram: 1 0 0 0 0 0 0 0 0 0
Nghost:    1990 ave 1990 max 1990 min
Histogram: 1 0 0 0 0 0 0 0 0 0
Neighs:    20747 ave 20747 max 20747 min
Histogram: 1 0 0 0 0 0 0 0 0 0

Total # of neighbors = 20747
Ave neighs/atom = 15.5875
Neighbor list builds = 2500
Dangerous builds not checked

write_restart lattice_11_11_11__2_2_2/sim1/T_1.70__P_0.50/end1.restart
Total wall time: 0:00:20
