run 50000
Neighbor list info ...
  update every 20 steps, delay 0 steps, check no
  max neighbors/atom: 2000, page size: 100000
  master list distance cutoff = 2.8
  ghost atom cutoff = 2.8
  binsize = 1.4, bins = 18 18 18
  1 neighbor lists, perpetual/occasional/extra = 1 0 0
  (1) pair lj/cut, perpetual
      attributes: half, newton on
      pair build: half/bin/atomonly/newton
      stencil: half/bin/3d/newton
      bin: standard
Per MPI rank memory allocation (min/avg/max) = 2.711 | 2.711 | 2.711 Mbytes
Step Temp Press TotEng 
       0          0.6  0.036344836   0.83612685 
    1000   0.76381425  0.028455262    0.4358569 
    2000   0.65785397   0.02465098 0.0054671452 
    3000   0.64747699  0.016152299   -0.2901675 
    4000   0.62448999  0.012961719   -0.5550057 
    5000   0.61397384 -0.0094681333  -0.79287485 
    6000   0.62706535 -0.0050000041   -1.0323521 
    7000    0.6530976 -0.0017398136   -1.3002118 
    8000   0.62385072 -0.010065059   -1.5409801 
    9000   0.60998014 -0.0068892255   -1.7467654 
   10000   0.60661514 -0.0060840008    -1.923766 
   11000   0.60933952 0.0040111431    -1.994078 
   12000   0.61012826 -0.00097037442    -2.088293 
   13000    0.6246705 -0.0043297605   -2.2503377 
   14000   0.59037883 0.0081141465   -2.3963203 
   15000   0.60366699 -0.006101576   -2.4728932 
   16000    0.5822504 -0.0048251353   -2.5464147 
   17000   0.60673708 -0.021453381   -2.5514125 
   18000   0.58908022 0.0050336529   -2.5381734 
   19000   0.59381675 -0.0022495007   -2.5315504 
   20000   0.59554592 -0.0011100953   -2.5951835 
   21000   0.59538513  0.014219522   -2.6278733 
   22000   0.60162142 -0.0020000002   -2.5888104 
   23000   0.61845625  0.018211823   -2.5845123 
   24000   0.60339357 -0.003340104   -2.6274949 
   25000   0.61042312 -0.00055482162   -2.6596196 
   26000   0.59561853 -0.0073703593   -2.7205398 
   27000   0.60797681 -0.011434598   -2.7023096 
   28000   0.60476403  0.022720318   -2.6321254 
   29000   0.60790027 -0.0055500162   -2.6861261 
   30000   0.61542809 0.00096906323   -2.7232806 
   31000   0.60355432  0.011536285   -2.7614641 
   32000   0.60476428 0.0032681293   -2.8092961 
   33000   0.60830455 0.0032250415   -2.7899928 
   34000   0.60944185 -0.0017019501   -2.8617085 
   35000   0.60521159  0.022874546   -2.8552869 
   36000   0.59224662 0.0070651026   -2.8475236 
   37000   0.58577467 -0.016822946   -2.8910125 
   38000   0.60586259 -0.010611774   -2.9370166 
   39000   0.61598876 0.0096039262   -2.9788535 
   40000    0.5763873 -0.019695991   -3.0124974 
   41000   0.60155606 -0.029843632   -3.0456782 
   42000   0.60133183 -0.0022644667   -3.0898549 
   43000   0.61971427  0.013680399   -3.0215623 
   44000   0.62939666 0.0069332828   -3.0595943 
   45000   0.58909018  0.010401597   -3.1031281 
   46000   0.59849363 -0.018085784   -3.1486256 
   47000   0.58732182 -0.001580912   -3.2050135 
   48000   0.61179422 -0.0081614083   -3.2431175 
   49000   0.59479495 -0.017587805    -3.299433 
   50000   0.59033578  0.019941053   -3.3136359 
Loop time of 18.9995 on 1 procs for 50000 steps with 1331 atoms

Performance: 909499.152 tau/day, 2631.653 timesteps/s
99.9% CPU use with 1 MPI tasks x no OpenMP threads

MPI task timing breakdown:
Section |  min time  |  avg time  |  max time  |%varavg| %total
---------------------------------------------------------------
Pair    | 15.144     | 15.144     | 15.144     |   0.0 | 79.71
Neigh   | 2.6477     | 2.6477     | 2.6477     |   0.0 | 13.94
Comm    | 0.26347    | 0.26347    | 0.26347    |   0.0 |  1.39
Output  | 0.023041   | 0.023041   | 0.023041   |   0.0 |  0.12
Modify  | 0.83953    | 0.83953    | 0.83953    |   0.0 |  4.42
Other   |            | 0.08198    |            |       |  0.43

Nlocal:    1331 ave 1331 max 1331 min
Histogram: 1 0 0 0 0 0 0 0 0 0
Nghost:    394 ave 394 max 394 min
Histogram: 1 0 0 0 0 0 0 0 0 0
Neighs:    36020 ave 36020 max 36020 min
Histogram: 1 0 0 0 0 0 0 0 0 0

Total # of neighbors = 36020
Ave neighs/atom = 27.0624
Neighbor list builds = 2500
Dangerous builds not checked

write_restart NVT/sim1/T_0.60__v_10.65/end1.restart
Total wall time: 0:00:19
