run 50000
Neighbor list info ...
  update every 20 steps, delay 0 steps, check no
  max neighbors/atom: 2000, page size: 100000
  master list distance cutoff = 2.8
  ghost atom cutoff = 2.8
  binsize = 1.4, bins = 18 18 18
  1 neighbor lists, perpetual/occasional/extra = 1 0 0
  (1) pair lj/cut, perpetual
      attributes: half, newton on
      pair build: half/bin/atomonly/newton
      stencil: half/bin/3d/newton
      bin: standard
Per MPI rank memory allocation (min/avg/max) = 2.711 | 2.711 | 2.711 Mbytes
Step Temp Press TotEng 
       0          1.7   0.14217528    2.4848872 
    1000    1.7597332   0.15323785    2.0790398 
    2000    1.6596183   0.14322581    1.9195432 
    3000    1.7563172   0.14771273    2.0584663 
    4000    1.6595404   0.13413665    1.9113796 
    5000    1.7440682   0.14602025    2.0689682 
    6000    1.6740196   0.13079654    1.9268729 
    7000    1.7153444   0.14573959    2.0132247 
    8000    1.6503725   0.14178118    1.9402505 
    9000    1.7294421    0.1498772    2.0207203 
   10000    1.6887699   0.15437772    1.9767894 
   11000    1.6923028   0.14097758    1.9676918 
   12000     1.730787   0.15230386     2.044666 
   13000    1.7249986   0.13308522    1.9787013 
   14000      1.69312   0.14345183    1.9419717 
   15000     1.717233   0.14536381    2.0036442 
   16000    1.6862346   0.14033603    1.9809133 
   17000    1.6945721   0.14457282    1.9592447 
   18000    1.7149672   0.13696176    1.9798075 
   19000    1.6461753   0.13335881    1.8681866 
   20000    1.7340754   0.14826027    2.0248936 
   21000     1.669105   0.13534044    1.9466912 
   22000    1.7373073   0.16160655    2.0568888 
   23000    1.6946272   0.14567632    1.9883055 
   24000    1.7040098   0.15840259    2.0081866 
   25000    1.7188585   0.15299879    2.0392752 
   26000    1.6596528    0.1378207    1.9292473 
   27000    1.7204657   0.15308934    2.0088806 
   28000    1.6284816   0.13561218    1.8599562 
   29000    1.7294519   0.14775454    2.0119139 
   30000     1.668522   0.14992433    1.9137432 
   31000    1.7528346    0.1465321    2.0449406 
   32000    1.6492734   0.15240678    1.8962714 
   33000    1.7098259   0.14667663    1.9956553 
   34000    1.6798039   0.14136346    1.9277803 
   35000    1.7343965   0.14750261     2.033569 
   36000    1.6613396   0.15000918    1.9247407 
   37000    1.6990268   0.13471762    1.9706901 
   38000    1.7012956   0.14805701    1.9844985 
   39000    1.6397731   0.13846629    1.8788947 
   40000    1.7402934   0.15054752    2.0132892 
   41000    1.6997206    0.1417383    1.9597042 
   42000    1.7497736   0.15078898    2.0988545 
   43000    1.6931069    0.1429294    1.9687066 
   44000    1.7252724   0.14794714     2.010661 
   45000    1.7202221   0.14930713    1.9750868 
   46000    1.6811096   0.14061674    1.9300699 
   47000    1.7144344   0.14444151    1.9937777 
   48000    1.6915656   0.13884662     1.957873 
   49000    1.7175977   0.15382623    2.0258633 
   50000    1.6754185     0.138675    1.9285298 
Loop time of 7.06483 on 1 procs for 50000 steps with 1331 atoms

Performance: 2445920.203 tau/day, 7077.315 timesteps/s
99.7% CPU use with 1 MPI tasks x no OpenMP threads

MPI task timing breakdown:
Section |  min time  |  avg time  |  max time  |%varavg| %total
---------------------------------------------------------------
Pair    | 4.2013     | 4.2013     | 4.2013     |   0.0 | 59.47
Neigh   | 1.588      | 1.588      | 1.588      |   0.0 | 22.48
Comm    | 0.32802    | 0.32802    | 0.32802    |   0.0 |  4.64
Output  | 0.021983   | 0.021983   | 0.021983   |   0.0 |  0.31
Modify  | 0.83834    | 0.83834    | 0.83834    |   0.0 | 11.87
Other   |            | 0.08725    |            |       |  1.24

Nlocal:    1331 ave 1331 max 1331 min
Histogram: 1 0 0 0 0 0 0 0 0 0
Nghost:    1132 ave 1132 max 1132 min
Histogram: 1 0 0 0 0 0 0 0 0 0
Neighs:    6130 ave 6130 max 6130 min
Histogram: 1 0 0 0 0 0 0 0 0 0

Total # of neighbors = 6130
Ave neighs/atom = 4.60556
Neighbor list builds = 2500
Dangerous builds not checked

write_restart NVT/sim1/T_1.70__v_10.65/end1.restart
Total wall time: 0:00:07
