run 50000
Neighbor list info ...
  update every 20 steps, delay 0 steps, check no
  max neighbors/atom: 2000, page size: 100000
  master list distance cutoff = 2.8
  ghost atom cutoff = 2.8
  binsize = 1.4, bins = 16 16 16
  1 neighbor lists, perpetual/occasional/extra = 1 0 0
  (1) pair lj/cut, perpetual
      attributes: half, newton on
      pair build: half/bin/atomonly/newton
      stencil: half/bin/3d/newton
      bin: standard
Per MPI rank memory allocation (min/avg/max) = 2.7 | 2.7 | 2.7 Mbytes
Step Temp Press Volume Density PotEng KinEng TotEng 
       0          1.2   0.10447715        10648        0.125  -0.13561964    1.7986476     1.663028 
    1000    1.8451643   0.40351676    5706.1655   0.23325646   -1.2517402     2.765667    1.5139268 
    2000    1.5943841   0.51648249    3857.9855   0.34499871   -1.8994978    2.3897794   0.49028155 
    3000    1.4476124   0.65537902    2856.7892   0.46590767   -2.6126371    2.1697871  -0.44284998 
    4000    1.3524816   0.93661129    2263.1853   0.58810915   -3.2807098    2.0271983   -1.2535115 
    5000    1.3271716    1.0955217     1948.904   0.68294794   -3.9178522    1.9892617   -1.9285905 
    6000     1.187829    1.5125334    1810.2291   0.73526607   -4.1964414    1.7804048   -2.4160367 
    7000      1.14757    1.7624615    1760.8854   0.75586975   -4.3259116    1.7200617   -2.6058499 
    8000    1.1995113    1.7832271    1779.5495   0.74794211   -4.2571576    1.7979152   -2.4592424 
    9000    1.2174784    1.8034474    1805.0119   0.73739127    -4.175473    1.8248455   -2.3506275 
   10000    1.1830193    1.8738608    1781.6035   0.74707979   -4.2371617    1.7731958   -2.4639659 
   11000    1.1877852    1.7406193     1769.471    0.7522022   -4.2984468    1.7803391   -2.5181077 
   12000    1.2252141    1.5286278    1791.7796    0.7428369   -4.2764099    1.8364404   -2.4399695 
   13000    1.2129787     1.581557     1798.702   0.73997804   -4.2253722    1.8181011   -2.4072712 
   14000    1.1970364    1.7545413    1772.9828    0.7507123   -4.2940097    1.7942055   -2.4998042 
   15000    1.2043617    1.6989275    1775.8137   0.74951554   -4.2857484    1.8051853   -2.4805631 
   16000    1.2392716    1.7318726    1795.8585   0.74114969   -4.2280444    1.8575108   -2.3705336 
   17000     1.218243    1.6022246    1795.1523   0.74144126   -4.2542209    1.8259915   -2.4282294 
   18000    1.1909139    1.5338708    1787.1438    0.7447638   -4.2944411    1.7850288   -2.5094123 
   19000     1.142243    1.6529417    1793.7315   0.74202858   -4.2205524    1.7120772   -2.5084753 
   20000     1.152282    1.6200646    1807.6481   0.73631589   -4.1874392    1.7271243   -2.4603149 
   21000    1.2284208    1.6047464    1800.6638   0.73917184   -4.2515028    1.8412468   -2.4102561 
   22000    1.1580968    1.8724805    1776.4054   0.74926593   -4.2406911      1.73584   -2.5048511 
   23000    1.1652968    1.7566198    1776.8335   0.74908538   -4.2591931    1.7466319   -2.5125612 
   24000    1.2280057    1.7055322    1791.4055   0.74299201   -4.2295447    1.8406247   -2.3889201 
   25000    1.2235568    2.0264555    1781.8673   0.74696922    -4.207537    1.8339563   -2.3735807 
   26000    1.2549923    1.8922415    1765.3918   0.75394027   -4.3059654    1.8810742   -2.4248913 
   27000    1.1621658    1.9937156    1776.2619   0.74932644   -4.2236739     1.741939   -2.4817349 
   28000    1.2414595    1.6112274    1785.7248    0.7453556   -4.2754522    1.8607902    -2.414662 
   29000    1.1803929    1.8657081    1786.8705    0.7448777   -4.2149658    1.7692592   -2.4457067 
   30000    1.1531593    1.8362684     1781.942    0.7469379   -4.2421633    1.7284393    -2.513724 
   31000    1.1969932    1.5878966    1805.8243   0.73705954    -4.223134    1.7941409   -2.4289932 
   32000    1.1967103    1.6021446    1808.3345   0.73603639   -4.2103186    1.7937169   -2.4166018 
   33000    1.1760649    1.6359931     1800.488   0.73924403    -4.217749     1.762772    -2.454977 
   34000    1.1671253    1.5959327    1804.0917   0.73776739   -4.2121157    1.7493726   -2.4627431 
   35000    1.1695276    1.6966008    1799.1539   0.73979217   -4.2284496    1.7529734   -2.4754762 
   36000    1.1795618      1.44091    1791.3788   0.74300312   -4.2781566    1.7680134   -2.5101432 
   37000    1.1914103     1.661206    1791.8751   0.74279729   -4.2506009    1.7857727   -2.4648282 
   38000    1.2149483    1.6383484      1804.48   0.73760864    -4.209758    1.8210533   -2.3887048 
   39000    1.1953823    1.6341502    1782.1848   0.74683612   -4.2691329    1.7917264   -2.4774065 
   40000    1.1757704     1.882943    1769.7627   0.75207821   -4.2621767    1.7623305   -2.4998462 
   41000    1.2096945    1.8192536    1800.5457   0.73922033   -4.1765795    1.8131784   -2.3634011 
   42000    1.2035383    1.6557191    1793.9844   0.74192396   -4.2314147     1.803951   -2.4274637 
   43000    1.1967316    1.7930996    1768.5119   0.75261014   -4.2913054    1.7937487   -2.4975566 
   44000    1.2154046    1.7441368    1771.9489   0.75115034   -4.2892789    1.8217372   -2.4675417 
   45000    1.2375426    1.6853501    1778.4058    0.7484231   -4.2723941    1.8549192   -2.4174749 
   46000    1.2515257     1.795806    1793.5057   0.74212199   -4.2167872    1.8758782    -2.340909 
   47000    1.2310276    1.7111162    1811.6624   0.73468435    -4.189851    1.8451541   -2.3446969 
   48000    1.1908007    1.5968589    1790.3336   0.74343685   -4.2628209     1.784859   -2.4779618 
   49000    1.1822273     1.732557    1786.2404   0.74514046    -4.235662    1.7720086   -2.4636535 
   50000    1.2304283    1.7162966    1802.7382   0.73832128   -4.2018226    1.8442558   -2.3575668 
Loop time of 40.1831 on 1 procs for 50000 steps with 1331 atoms

Performance: 430031.873 tau/day, 1244.305 timesteps/s
99.7% CPU use with 1 MPI tasks x no OpenMP threads

MPI task timing breakdown:
Section |  min time  |  avg time  |  max time  |%varavg| %total
---------------------------------------------------------------
Pair    | 31.734     | 31.734     | 31.734     |   0.0 | 78.97
Neigh   | 5.0636     | 5.0636     | 5.0636     |   0.0 | 12.60
Comm    | 0.81204    | 0.81204    | 0.81204    |   0.0 |  2.02
Output  | 0.028797   | 0.028797   | 0.028797   |   0.0 |  0.07
Modify  | 2.3646     | 2.3646     | 2.3646     |   0.0 |  5.88
Other   |            | 0.1805     |            |       |  0.45

Nlocal:    1331 ave 1331 max 1331 min
Histogram: 1 0 0 0 0 0 0 0 0 0
Nghost:    2885 ave 2885 max 2885 min
Histogram: 1 0 0 0 0 0 0 0 0 0
Neighs:    44157 ave 44157 max 44157 min
Histogram: 1 0 0 0 0 0 0 0 0 0

Total # of neighbors = 44157
Ave neighs/atom = 33.1758
Neighbor list builds = 2500
Dangerous builds not checked

write_restart lattice_11_11_11__2_2_2/sim1/T_1.20__P_1.70/end1.restart
Total wall time: 0:00:40
