run 50000
Neighbor list info ...
  update every 20 steps, delay 0 steps, check no
  max neighbors/atom: 2000, page size: 100000
  master list distance cutoff = 2.8
  ghost atom cutoff = 2.8
  binsize = 1.4, bins = 13 13 13
  1 neighbor lists, perpetual/occasional/extra = 1 0 0
  (1) pair lj/cut, perpetual
      attributes: half, newton on
      pair build: half/bin/atomonly/newton
      stencil: half/bin/3d/newton
      bin: standard
Per MPI rank memory allocation (min/avg/max) = 2.742 | 2.742 | 2.742 Mbytes
Step Temp Press TotEng 
       0          0.3  -0.26698611  -0.19541101 
    1000   0.65488856 -0.047966426   -1.0026587 
    2000   0.62200489  -0.06277076   -2.0473091 
    3000   0.53016853  -0.03173043   -3.0071443 
    4000   0.40825469 -0.075470338   -3.7008087 
    5000   0.34758827 -0.072714076   -4.1392991 
    6000   0.30259874  -0.06046785   -4.4321459 
    7000   0.28721044 -0.056375693   -4.5919097 
    8000   0.29394649 -0.079532654   -4.6153147 
    9000    0.3067705 -0.037894484   -4.6015837 
   10000   0.30690896 -0.057102816   -4.6780839 
   11000   0.28378366 -0.037093379   -4.7813167 
   12000   0.29899277 -0.011901428   -4.8165041 
   13000   0.29823022 -0.078665377   -4.7850954 
   14000   0.29990597 -0.025959131   -4.8063017 
   15000   0.27913917 -0.039453291   -4.8648743 
   16000   0.29520669  -0.05944761   -4.8529762 
   17000   0.30866985 -0.029270919   -4.8527864 
   18000   0.29880207 -0.067684178   -4.8969999 
   19000   0.29779257 -0.028035926   -4.9155386 
   20000   0.30408009 -0.051825234   -4.9153771 
   21000   0.30405472 -0.046344045   -4.9531164 
   22000   0.29982197 -0.016477833   -4.9565244 
   23000   0.30327435 -0.057629724   -4.9245526 
   24000   0.30658091 -0.014431782   -4.9546506 
   25000   0.29438775 -0.017388986   -4.9917633 
   26000   0.30856577 -0.056222174   -4.9533545 
   27000   0.30746599 -0.049317657   -4.9531287 
   28000   0.29549676 -0.00011212909   -4.9971189 
   29000   0.30358527 -0.023060548   -5.0042466 
   30000   0.30077711 -0.028120681   -5.0038964 
   31000    0.2986749 -0.022215512   -5.0146205 
   32000   0.30661656   -0.0399339   -5.0257618 
   33000   0.29892221 -0.016961688   -5.0258956 
   34000   0.30249128 -0.021302402   -5.0301435 
   35000    0.3021192 -0.016115947    -5.056227 
   36000    0.3021544 -0.028502721   -5.0687771 
   37000    0.2975954 0.0049474789   -5.0732002 
   38000   0.29375366 -0.0094725785   -5.0699444 
   39000    0.2979343 -0.012261032   -5.0618172 
   40000   0.29346218 -0.014870269   -5.0888476 
   41000   0.29948582 -0.061975763   -5.1037366 
   42000   0.30430805 -0.012500835   -5.0880307 
   43000   0.30561462 -0.067304608   -5.1144822 
   44000   0.29440913  0.020794162   -5.1369731 
   45000    0.3044907 -0.007111084   -5.1135167 
   46000    0.2975281 -0.088715354   -5.1154061 
   47000   0.29187059 -0.0063337791   -5.1628403 
   48000   0.29478467 -0.040957474   -5.1780164 
   49000   0.31067947 -0.0037670586   -5.1510485 
   50000   0.30323409 -0.070105853   -5.1730589 
Loop time of 34.3816 on 1 procs for 50000 steps with 1331 atoms

Performance: 502594.937 tau/day, 1454.268 timesteps/s
99.8% CPU use with 1 MPI tasks x no OpenMP threads

MPI task timing breakdown:
Section |  min time  |  avg time  |  max time  |%varavg| %total
---------------------------------------------------------------
Pair    | 28.707     | 28.707     | 28.707     |   0.0 | 83.49
Neigh   | 4.2215     | 4.2215     | 4.2215     |   0.0 | 12.28
Comm    | 0.24621    | 0.24621    | 0.24621    |   0.0 |  0.72
Output  | 0.027067   | 0.027067   | 0.027067   |   0.0 |  0.08
Modify  | 1.0874     | 1.0874     | 1.0874     |   0.0 |  3.16
Other   |            | 0.09277    |            |       |  0.27

Nlocal:    1331 ave 1331 max 1331 min
Histogram: 1 0 0 0 0 0 0 0 0 0
Nghost:    457 ave 457 max 457 min
Histogram: 1 0 0 0 0 0 0 0 0 0
Neighs:    43751 ave 43751 max 43751 min
Histogram: 1 0 0 0 0 0 0 0 0 0

Total # of neighbors = 43751
Ave neighs/atom = 32.8708
Neighbor list builds = 2500
Dangerous builds not checked

write_restart NVT/sim1/T_0.30__v_4.10/end1.restart
Total wall time: 0:00:34
