run 50000
Neighbor list info ...
  update every 20 steps, delay 0 steps, check no
  max neighbors/atom: 2000, page size: 100000
  master list distance cutoff = 2.8
  ghost atom cutoff = 2.8
  binsize = 1.4, bins = 16 16 16
  1 neighbor lists, perpetual/occasional/extra = 1 0 0
  (1) pair lj/cut, perpetual
      attributes: half, newton on
      pair build: half/bin/atomonly/newton
      stencil: half/bin/3d/newton
      bin: standard
Per MPI rank memory allocation (min/avg/max) = 2.7 | 2.7 | 2.7 Mbytes
Step Temp Press Volume Density PotEng KinEng TotEng 
       0          0.2 -0.020428939        10648        0.125  -0.13561964   0.29977461   0.16415497 
    1000   0.78150005 -0.051210245    3702.0338    0.3595321   -2.3533191    1.1713693   -1.1819498 
    2000   0.66267145  -0.15900369    1926.6446   0.69083835   -4.4072155   0.99326037   -3.4139551 
    3000   0.50183634   0.82638454    1462.3129   0.91020192   -5.7729696   0.75218895   -5.0207807 
    4000   0.29298536    1.0072232    1373.4179   0.96911511   -6.2742953   0.43914786   -5.8351475 
    5000   0.20369985   0.98098535    1341.4161   0.99223497   -6.4941154   0.30532021   -6.1887952 
    6000   0.17416757    1.0238302    1333.5776   0.99806715   -6.5412877   0.26105508   -6.2802326 
    7000   0.20941913   0.97417473    1339.9905   0.99329064   -6.5075395   0.31389269   -6.1936468 
    8000   0.21005781    1.0353564    1339.1521   0.99391246   -6.5025232   0.31484999   -6.1876732 
    9000    0.1878347   0.99786921    1333.2158   0.99833801   -6.5498731   0.28154036   -6.2683327 
   10000   0.19892187   0.97929993    1335.9164    0.9963198    -6.534429   0.29815862   -6.2362704 
   11000   0.21379798   0.98294556    1339.0904   0.99395829    -6.514439   0.32045602    -6.193983 
   12000   0.19480789   0.93937618    1334.1495    0.9976393   -6.5513291    0.2919923   -6.2593368 
   13000   0.19767724   0.90893317    1334.7896   0.99716093   -6.5549112   0.29629308   -6.2586181 
   14000   0.21386733   0.98288025    1336.9666   0.99553718   -6.5277378   0.32055998   -6.2071778 
   15000   0.20483651    1.0932621    1330.7135    1.0002153   -6.5582635   0.30702391   -6.2512395 
   16000   0.19154327   0.96920983     1332.097   0.99917651   -6.5653861   0.28709904    -6.278287 
   17000   0.20909974   0.86631811    1338.3267   0.99452544   -6.5415625   0.31341396   -6.2281486 
   18000   0.20708551    1.0380203    1332.0584   0.99920543   -6.5544448   0.31039488   -6.2440499 
   19000    0.1961386    1.0854128    1328.0155    1.0022474   -6.5741888   0.29398686   -6.2802019 
   20000   0.20076748   0.82272649    1335.6863   0.99649144   -6.5625421   0.30092496   -6.2616171 
   21000   0.20548899    0.9290373    1333.0939   0.99842933   -6.5677679    0.3080019    -6.259766 
   22000   0.19291268    1.1358146    1327.3984    1.0027133   -6.5689955   0.28915162   -6.2798439 
   23000    0.2030847    0.9492408    1331.9255   0.99930517   -6.5727958   0.30439818   -6.2683976 
   24000   0.19896116    1.0514287    1331.9639   0.99927631   -6.5529242   0.29821752   -6.2547067 
   25000   0.20055461    1.0077425    1329.8332    1.0008774   -6.5765731    0.3006059   -6.2759672 
   26000   0.19561248    1.0904926    1329.0962    1.0014324   -6.5669356   0.29319826   -6.2737373 
   27000   0.20543409    1.0686056    1330.1614    1.0006305   -6.5637111   0.30791962   -6.2557915 
   28000   0.19826327   0.70793568    1336.5256   0.99586567   -6.5746941   0.29717147   -6.2775226 
   29000   0.19566036   0.94871284    1331.5334   0.99959939   -6.5742901   0.29327003   -6.2810201 
   30000   0.20487751    1.0562556    1330.2068    1.0005963   -6.5662404   0.30708537    -6.259155 
   31000   0.20390782     1.062845    1329.2706     1.001301   -6.5722687   0.30563193   -6.2666367 
   32000   0.20215903   0.96399254    1329.2609    1.0013083   -6.5856291   0.30301072   -6.2826183 
   33000   0.20395798   0.95279631    1331.6403   0.99951919   -6.5728068   0.30570711   -6.2670997 
   34000   0.20294449    1.0341191    1330.2124    1.0005921   -6.5677631   0.30418802   -6.2635751 
   35000   0.19431801   0.95263507    1331.5039   0.99962156   -6.5752887   0.29125803   -6.2840307 
   36000   0.20025496   0.87344143    1332.5358   0.99884743   -6.5765268   0.30015676     -6.27637 
   37000   0.19766818    1.1409834    1329.2693     1.001302   -6.5564384   0.29627951   -6.2601589 
   38000   0.19708234    1.1322753    1327.4239     1.002694   -6.5730663   0.29540141   -6.2776649 
   39000   0.19395083   0.88472853      1333.06    0.9984547   -6.5707566   0.29070767   -6.2800489 
   40000   0.19925113   0.94738876    1333.0552   0.99845826   -6.5613042   0.29865215    -6.262652 
   41000   0.19491914     1.094971    1328.9863    1.0015153   -6.5671677   0.29215904   -6.2750086 
   42000   0.19583646    1.1736715    1326.5011    1.0033916    -6.572814   0.29353398     -6.27928 
   43000   0.20272991    1.0574862    1329.7146    1.0009667   -6.5676865    0.3038664   -6.2638201 
   44000    0.1971542   0.97568727    1332.2615   0.99905309   -6.5654154   0.29550911   -6.2699063 
   45000   0.19548752    1.0063418    1330.0588    1.0007076   -6.5761129   0.29301097   -6.2831019 
   46000   0.20697662   0.99988958    1329.6365    1.0010254   -6.5785039   0.31023168   -6.2682722 
   47000   0.20097066   0.96801442    1332.2801   0.99903919   -6.5677301    0.3012295   -6.2665006 
   48000   0.20021146   0.92031549    1330.9516    1.0000363   -6.5832098   0.30009156   -6.2831183 
   49000   0.20678862    1.1131592    1326.9659    1.0030401   -6.5811151   0.30994988   -6.2711652 
   50000   0.20249175    1.1672887    1327.6375    1.0025327   -6.5641757   0.30350942   -6.2606663 
Loop time of 44.4355 on 1 procs for 50000 steps with 1331 atoms

Performance: 388877.898 tau/day, 1125.225 timesteps/s
100.0% CPU use with 1 MPI tasks x no OpenMP threads

MPI task timing breakdown:
Section |  min time  |  avg time  |  max time  |%varavg| %total
---------------------------------------------------------------
Pair    | 36.197     | 36.197     | 36.197     |   0.0 | 81.46
Neigh   | 5.1477     | 5.1477     | 5.1477     |   0.0 | 11.58
Comm    | 0.76381    | 0.76381    | 0.76381    |   0.0 |  1.72
Output  | 0.025541   | 0.025541   | 0.025541   |   0.0 |  0.06
Modify  | 2.0722     | 2.0722     | 2.0722     |   0.0 |  4.66
Other   |            | 0.2296     |            |       |  0.52

Nlocal:    1331 ave 1331 max 1331 min
Histogram: 1 0 0 0 0 0 0 0 0 0
Nghost:    3225 ave 3225 max 3225 min
Histogram: 1 0 0 0 0 0 0 0 0 0
Neighs:    59512 ave 59512 max 59512 min
Histogram: 1 0 0 0 0 0 0 0 0 0

Total # of neighbors = 59512
Ave neighs/atom = 44.7122
Neighbor list builds = 2500
Dangerous builds not checked

write_restart lattice_11_11_11__2_2_2/sim1/T_0.20__P_1.00/end1.restart
Total wall time: 0:00:44
