run 50000
Neighbor list info ...
  update every 20 steps, delay 0 steps, check no
  max neighbors/atom: 2000, page size: 100000
  master list distance cutoff = 2.8
  ghost atom cutoff = 2.8
  binsize = 1.4, bins = 14 14 14
  1 neighbor lists, perpetual/occasional/extra = 1 0 0
  (1) pair lj/cut, perpetual
      attributes: half, newton on
      pair build: half/bin/atomonly/newton
      stencil: half/bin/3d/newton
      bin: standard
Per MPI rank memory allocation (min/avg/max) = 2.746 | 2.746 | 2.746 Mbytes
Step Temp Press TotEng 
       0          0.9 -0.032216679    0.9266517 
    1000    1.0598284  0.087998341   0.33701339 
    2000   0.90329688  0.028297755  -0.11945539 
    3000   0.91124508   0.05047331  -0.31839079 
    4000   0.87688345  0.051535549  -0.39206033 
    5000   0.89957024  0.028639877  -0.35650426 
    6000   0.91057841  0.012407394  -0.40710769 
    7000   0.89927444  0.034665485  -0.51708796 
    8000   0.89641899  0.044937248  -0.57282247 
    9000    0.8916715   0.03669152  -0.58531996 
   10000   0.88985622  0.020311065  -0.64800643 
   11000   0.90174005  0.021556139  -0.64212786 
   12000   0.91220075  0.026183495  -0.67118786 
   13000   0.92530532  0.052243413  -0.75955861 
   14000   0.89137586  0.039811886  -0.81918343 
   15000    0.8825283  0.047879213  -0.87082617 
   16000   0.89461237  0.042205688  -0.91503858 
   17000   0.91147868  0.031908811  -0.85948712 
   18000    0.9270118   0.07805185  -0.94353365 
   19000   0.90958301  0.084117918   -0.9417133 
   20000   0.91367331  0.047679075  -0.91250033 
   21000   0.89936155  0.040532528   -1.0319494 
   22000   0.89477078  0.013849028   -1.0092316 
   23000   0.91624834   0.06393938  -0.94131777 
   24000   0.91066304  0.029746304  -0.89448138 
   25000   0.88088391  0.063070053  -0.96234422 
   26000   0.97069957  0.051173498  -0.88278094 
   27000   0.89052123  0.023561617  -0.94385855 
   28000   0.93769819  0.045872025  -0.93000005 
   29000   0.91604597  0.075229417   -1.0359952 
   30000   0.88969501  0.022929078   -1.0881324 
   31000   0.89199661   0.06133539   -1.1035556 
   32000   0.90080321   0.03644221   -1.0248606 
   33000   0.85518823  0.022697495    -1.149122 
   34000   0.90948817  0.035783273    -1.070555 
   35000   0.90278823  0.063402937   -1.0292443 
   36000   0.85306945  0.023104202   -1.0421409 
   37000   0.90035994 -0.00049949636   -1.0547564 
   38000   0.89714468 -0.008294537    -1.089461 
   39000   0.87619224  0.012469402   -1.1590261 
   40000   0.89199004  0.039331834   -1.1660346 
   41000   0.91579969  0.017004143   -1.1599658 
   42000   0.89621907  0.043869693    -1.215353 
   43000   0.86363757 -0.0044877738   -1.3010902 
   44000    0.8813701  0.041592669   -1.2072592 
   45000   0.90585636  0.025529342   -1.1668867 
   46000   0.92401851  0.051980309   -1.1938884 
   47000   0.89504292  0.065958383   -1.2668493 
   48000    0.8741956 0.0029959242   -1.3263479 
   49000   0.89107547   0.05037641   -1.2485595 
   50000   0.93230351  0.011980123   -1.2056424 
Loop time of 16.7215 on 1 procs for 50000 steps with 1331 atoms

Performance: 1033400.279 tau/day, 2990.163 timesteps/s
99.9% CPU use with 1 MPI tasks x no OpenMP threads

MPI task timing breakdown:
Section |  min time  |  avg time  |  max time  |%varavg| %total
---------------------------------------------------------------
Pair    | 12.538     | 12.538     | 12.538     |   0.0 | 74.98
Neigh   | 2.8386     | 2.8386     | 2.8386     |   0.0 | 16.98
Comm    | 0.38601    | 0.38601    | 0.38601    |   0.0 |  2.31
Output  | 0.022624   | 0.022624   | 0.022624   |   0.0 |  0.14
Modify  | 0.84121    | 0.84121    | 0.84121    |   0.0 |  5.03
Other   |            | 0.09487    |            |       |  0.57

Nlocal:    1331 ave 1331 max 1331 min
Histogram: 1 0 0 0 0 0 0 0 0 0
Nghost:    1312 ave 1312 max 1312 min
Histogram: 1 0 0 0 0 0 0 0 0 0
Neighs:    23738 ave 23738 max 23738 min
Histogram: 1 0 0 0 0 0 0 0 0 0

Total # of neighbors = 23738
Ave neighs/atom = 17.8347
Neighbor list builds = 2500
Dangerous builds not checked

write_restart NVT/sim1/T_0.90__v_4.91/end1.restart
Total wall time: 0:00:16
