run 50000
Neighbor list info ...
  update every 20 steps, delay 0 steps, check no
  max neighbors/atom: 2000, page size: 100000
  master list distance cutoff = 2.8
  ghost atom cutoff = 2.8
  binsize = 1.4, bins = 13 13 13
  1 neighbor lists, perpetual/occasional/extra = 1 0 0
  (1) pair lj/cut, perpetual
      attributes: half, newton on
      pair build: half/bin/atomonly/newton
      stencil: half/bin/3d/newton
      bin: standard
Per MPI rank memory allocation (min/avg/max) = 2.742 | 2.742 | 2.742 Mbytes
Step Temp Press TotEng 
       0            1  -0.10734962   0.85380011 
    1000    1.1375078   0.11881757   0.28717396 
    2000   0.97424538  0.084153024  -0.13940879 
    3000   0.99259775  0.072219868  -0.21592875 
    4000    1.0169345  0.060769288  -0.24852708 
    5000   0.97511938  0.047308154  -0.35408301 
    6000    1.0145424  0.030500132  -0.35872317 
    7000   0.97286268  0.044347006  -0.41876687 
    8000    1.0212862   0.10645089  -0.32282589 
    9000    1.0193234  0.040565152   -0.3778754 
   10000    1.0074526  0.022812359   -0.4344029 
   11000    1.0020987  0.079573869  -0.41832688 
   12000   0.99388264  0.033292658  -0.42255437 
   13000    1.0229241  0.041707239  -0.35826851 
   14000     1.003705   0.11891435  -0.36634875 
   15000   0.98229479  0.072333279  -0.40897125 
   16000    1.0115009  0.080878284   -0.3158222 
   17000   0.98635077  0.060558122  -0.41049571 
   18000    1.0049546   0.10461305  -0.40600284 
   19000    1.0180442   0.10606639  -0.30669022 
   20000    1.0163128  0.062889093  -0.29538816 
   21000   0.97893367  0.070194646  -0.35568041 
   22000   0.98531928  0.087758733   -0.3122829 
   23000   0.99791258  0.066296169  -0.23095317 
   24000   0.99089604  0.055671498  -0.35067198 
   25000   0.99396981  0.065857444  -0.33553863 
   26000    1.0218949  0.062836576  -0.25929236 
   27000    1.0167391  0.064202548  -0.32645629 
   28000    1.0152942     0.100909  -0.33897713 
   29000   0.95736389  0.030392099  -0.47833921 
   30000   0.98871774  0.095683862  -0.35910458 
   31000    1.0366732  0.075911923  -0.31476861 
   32000   0.97621354  0.086656204  -0.43282869 
   33000    1.0119095  0.025395041  -0.43720611 
   34000    1.0219655  0.037427372  -0.41070785 
   35000     1.012148  0.077299391  -0.43525166 
   36000   0.96140737  0.037015327  -0.49524936 
   37000    1.0203254  0.069086771   -0.3929204 
   38000    1.0156882  0.036673506  -0.43830287 
   39000    0.9697579   0.05163672  -0.46597869 
   40000    1.0137172  0.071084231  -0.38206514 
   41000   0.97747385  0.075586801  -0.40977161 
   42000    1.0056209  0.073665944  -0.33097555 
   43000    1.0174585  0.058965606  -0.39120152 
   44000   0.98726382  0.049012032  -0.42222613 
   45000    1.0200143  0.058798936  -0.36707004 
   46000    1.0105335  0.078774652  -0.26956277 
   47000    1.0023726  0.064452338   -0.3459085 
   48000    1.0043032  0.054598136  -0.37125455 
   49000    1.0195426  0.040691885  -0.29551212 
   50000    1.0277888  0.065908353  -0.29651631 
Loop time of 15.007 on 1 procs for 50000 steps with 1331 atoms

Performance: 1151462.578 tau/day, 3331.778 timesteps/s
99.9% CPU use with 1 MPI tasks x no OpenMP threads

MPI task timing breakdown:
Section |  min time  |  avg time  |  max time  |%varavg| %total
---------------------------------------------------------------
Pair    | 10.756     | 10.756     | 10.756     |   0.0 | 71.67
Neigh   | 2.8533     | 2.8533     | 2.8533     |   0.0 | 19.01
Comm    | 0.43699    | 0.43699    | 0.43699    |   0.0 |  2.91
Output  | 0.022532   | 0.022532   | 0.022532   |   0.0 |  0.15
Modify  | 0.83753    | 0.83753    | 0.83753    |   0.0 |  5.58
Other   |            | 0.1012     |            |       |  0.67

Nlocal:    1331 ave 1331 max 1331 min
Histogram: 1 0 0 0 0 0 0 0 0 0
Nghost:    1613 ave 1613 max 1613 min
Histogram: 1 0 0 0 0 0 0 0 0 0
Neighs:    17015 ave 17015 max 17015 min
Histogram: 1 0 0 0 0 0 0 0 0 0

Total # of neighbors = 17015
Ave neighs/atom = 12.7836
Neighbor list builds = 2500
Dangerous builds not checked

write_restart NVT/sim1/T_1.00__v_4.10/end1.restart
Total wall time: 0:00:15
