run 50000
Neighbor list info ...
  update every 20 steps, delay 0 steps, check no
  max neighbors/atom: 2000, page size: 100000
  master list distance cutoff = 2.8
  ghost atom cutoff = 2.8
  binsize = 1.4, bins = 16 16 16
  1 neighbor lists, perpetual/occasional/extra = 1 0 0
  (1) pair lj/cut, perpetual
      attributes: half, newton on
      pair build: half/bin/atomonly/newton
      stencil: half/bin/3d/newton
      bin: standard
Per MPI rank memory allocation (min/avg/max) = 2.7 | 2.7 | 2.7 Mbytes
Step Temp Press Volume Density PotEng KinEng TotEng 
       0          0.7  0.042024104        10648        0.125  -0.13561964    1.0492111   0.91359148 
    1000    1.3723722   0.29247881    4765.9502   0.27927275   -1.6189586    2.0570116   0.43805304 
    2000    1.1814877     0.235368    2929.6519   0.45432019   -2.7168279       1.7709  -0.94592791 
    3000    1.0713622   0.57858359    2046.2123   0.65047013   -3.8161266     1.605836   -2.2102906 
    4000   0.94661597    1.4518382    1677.4887   0.79344797   -4.6936635    1.4188571   -3.2748064 
    5000   0.76065062    1.7466576    1546.3844   0.86071745   -5.1759676    1.1401187   -4.0358489 
    6000   0.67720494    1.7857835    1487.1896   0.89497668   -5.4784163    1.0150442    -4.463372 
    7000   0.68272792     1.779024    1471.3539   0.90460903   -5.5607406    1.0233225   -4.5374182 
    8000   0.71283973    1.8351937    1486.4087   0.89544685   -5.4603013    1.0684562   -4.3918451 
    9000   0.71541852     1.705941    1498.4574    0.8882468   -5.4212812    1.0723215   -4.3489597 
   10000   0.69828252    1.7104052    1489.5843    0.8935379   -5.4718544    1.0466368   -4.4252176 
   11000   0.68164833    1.8508312    1484.3965   0.89666067   -5.4754222    1.0217043   -4.4537179 
   12000   0.71245674    1.7189428     1492.844   0.89158679    -5.464738    1.0678822   -4.3968559 
   13000    0.7122045    1.7069581    1499.4013   0.88768763   -5.4271208    1.0675041   -4.3596167 
   14000   0.69431327    1.8289529    1490.7882   0.89281628   -5.4443526    1.0406874   -4.4036652 
   15000   0.66868307     1.851082     1487.423   0.89483622   -5.4616526     1.002271   -4.4593815 
   16000   0.69935093    1.8273787    1489.9692   0.89330706   -5.4391155    1.0482383   -4.3908773 
   17000   0.70872644    1.6439451    1496.8283   0.88921356   -5.4494606    1.0622909   -4.3871697 
   18000   0.69988414    1.9129826    1483.2438   0.89735753   -5.4655412    1.0490375   -4.4165037 
   19000   0.69908301     1.833431    1488.7509   0.89403808   -5.4582654    1.0478367   -4.4104287 
   20000   0.70602449    1.3524462    1503.4767   0.88528146   -5.4640949    1.0582411   -4.4058538 
   21000   0.71765316    1.7159732    1488.9814   0.89389967   -5.4744822     1.075671   -4.3988112 
   22000   0.68840282     1.923214    1485.8306   0.89579527   -5.4519918    1.0318284   -4.4201633 
   23000   0.73447237    1.5442206    1494.8904    0.8903663   -5.4742731    1.1008808   -4.3733923 
   24000   0.68807383    1.7902438    1493.2621   0.89133718   -5.4406264    1.0313353   -4.4092911 
   25000   0.68189505    1.8791453    1483.1582   0.89740933   -5.4753927    1.0220741   -4.4533186 
   26000   0.73142017    1.8679046    1482.7312   0.89766775   -5.4856683     1.096306   -4.3893624 
   27000   0.70708481     1.884372    1492.4157   0.89184269   -5.4385964    1.0598303   -4.3787661 
   28000   0.70467722    1.7492382    1487.1385   0.89500744   -5.4773364    1.0562217   -4.4211148 
   29000   0.69445769    1.8122913    1486.4239   0.89543771   -5.4804586    1.0409039   -4.4395547 
   30000   0.69657407    1.7879329    1496.4389   0.88944493   -5.4433125    1.0440761   -4.3992364 
   31000   0.69525179    1.7160283    1495.8302   0.88980689   -5.4368943    1.0420942   -4.3948001 
   32000   0.69460382    2.2773652     1475.173   0.90226707   -5.4474976    1.0411229   -4.4063747 
   33000   0.68557224    1.8594831    1487.6175   0.89471922   -5.4556019    1.0275857   -4.4280162 
   34000   0.69495707    1.8168819    1496.1386   0.88962347    -5.421794    1.0416524   -4.3801416 
   35000   0.67852974    1.9789234    1490.7762    0.8928235   -5.4187775    1.0170299   -4.4017475 
   36000   0.71364795    1.8127915    1487.8461   0.89458176   -5.4645531    1.0696677   -4.3948854 
   37000   0.69354634    1.8594461    1492.1969   0.89197344   -5.4370569    1.0395379    -4.397519 
   38000   0.71325431    1.8585013    1488.3531   0.89427705    -5.452405    1.0690776   -4.3833274 
   39000   0.71835916    2.0518977    1485.4644   0.89601606   -5.4309155    1.0767292   -4.3541863 
   40000   0.69005411    1.8808305    1489.4002   0.89364836   -5.4329177    1.0343035   -4.3986142 
   41000   0.65888776    1.7554827    1487.9209    0.8945368   -5.4667938    0.9875891   -4.4792047 
   42000   0.68661684    1.6326092    1488.7244   0.89405397   -5.4925467    1.0291515   -4.4633952 
   43000   0.70532286    1.8367828    1495.4706   0.89002086   -5.4153426    1.0571894   -4.3581532 
   44000   0.71750165    1.8784836    1491.0993   0.89263004    -5.431604    1.0754439   -4.3561602 
   45000   0.70726363    1.7323245    1485.8268   0.89579757   -5.4968226    1.0600984   -4.4367242 
   46000   0.70004164    1.5302028    1490.2892   0.89311526   -5.4990229    1.0492735   -4.4497494 
   47000   0.70787989    1.4941847    1500.1596   0.88723896   -5.4561485    1.0610221   -4.3951264 
   48000   0.70477313    1.8716349    1491.8514   0.89218003   -5.4278299    1.0563654   -4.3714645 
   49000   0.70842725     1.961122    1479.2499   0.89978034   -5.4859178    1.0618425   -4.4240753 
   50000   0.68775277    1.8130769    1486.9634   0.89511281   -5.4665865    1.0308541   -4.4357324 
Loop time of 39.7528 on 1 procs for 50000 steps with 1331 atoms

Performance: 434686.513 tau/day, 1257.773 timesteps/s
99.9% CPU use with 1 MPI tasks x no OpenMP threads

MPI task timing breakdown:
Section |  min time  |  avg time  |  max time  |%varavg| %total
---------------------------------------------------------------
Pair    | 32.149     | 32.149     | 32.149     |   0.0 | 80.87
Neigh   | 4.5827     | 4.5827     | 4.5827     |   0.0 | 11.53
Comm    | 0.73426    | 0.73426    | 0.73426    |   0.0 |  1.85
Output  | 0.024392   | 0.024392   | 0.024392   |   0.0 |  0.06
Modify  | 2.0436     | 2.0436     | 2.0436     |   0.0 |  5.14
Other   |            | 0.219      |            |       |  0.55

Nlocal:    1331 ave 1331 max 1331 min
Histogram: 1 0 0 0 0 0 0 0 0 0
Nghost:    3070 ave 3070 max 3070 min
Histogram: 1 0 0 0 0 0 0 0 0 0
Neighs:    52979 ave 52979 max 52979 min
Histogram: 1 0 0 0 0 0 0 0 0 0

Total # of neighbors = 52979
Ave neighs/atom = 39.8039
Neighbor list builds = 2500
Dangerous builds not checked

write_restart lattice_11_11_11__2_2_2/sim1/T_0.70__P_1.80/end1.restart
Total wall time: 0:00:39
