run 50000
Neighbor list info ...
  update every 20 steps, delay 0 steps, check no
  max neighbors/atom: 2000, page size: 100000
  master list distance cutoff = 2.8
  ghost atom cutoff = 2.8
  binsize = 1.4, bins = 9 9 9
  1 neighbor lists, perpetual/occasional/extra = 1 0 0
  (1) pair lj/cut, perpetual
      attributes: half, newton on
      pair build: half/bin/atomonly/newton
      stencil: half/bin/3d/newton
      bin: standard
Per MPI rank memory allocation (min/avg/max) = 2.73 | 2.73 | 2.73 Mbytes
Step Temp Press TotEng 
       0          0.1    12.392606   -2.5691838 
    1000    0.3201866   -2.2740762    -4.708576 
    2000   0.21052204   -2.0198984    -5.306936 
    3000   0.15778346    -1.276034   -5.7227702 
    4000   0.11551935   -1.0191269   -5.9496007 
    5000  0.095220328   -1.0769964   -6.0569777 
    6000  0.097185075   -1.0754854    -6.074675 
    7000   0.10543557   -1.0362527   -6.0639655 
    8000  0.095970015  -0.92776096   -6.1185034 
    9000  0.095053327   -0.8962049   -6.1319359 
   10000   0.10690467    -0.837516   -6.1006657 
   11000   0.10110492  -0.85860353   -6.1239582 
   12000  0.092376259   -0.8942293   -6.1440596 
   13000   0.10193277  -0.79254948   -6.1208558 
   14000   0.10161487  -0.80795233   -6.1317838 
   15000  0.094792463   -0.8364069   -6.1521181 
   16000   0.10426835  -0.83380061   -6.1372874 
   17000   0.10367851  -0.85232346   -6.1423199 
   18000  0.097121829  -0.82959489   -6.1563606 
   19000   0.10096135  -0.87965231   -6.1439631 
   20000   0.10128313  -0.91474895   -6.1400857 
   21000  0.099324901   -0.9127423   -6.1553917 
   22000    0.1022446  -0.84933409    -6.147393 
   23000   0.10254127  -0.89739554   -6.1387602 
   24000  0.097628566   -0.8594444   -6.1534752 
   25000  0.098268425  -0.83580995   -6.1516378 
   26000   0.10490349  -0.82128317   -6.1414739 
   27000  0.099348153  -0.87766615   -6.1524957 
   28000  0.098544302  -0.79334925   -6.1537062 
   29000   0.10177135  -0.87432102    -6.143978 
   30000   0.10121427  -0.82888209   -6.1530821 
   31000   0.10059915  -0.80556486   -6.1587805 
   32000  0.099159125  -0.84941653   -6.1476857 
   33000  0.099864295  -0.88619631   -6.1521948 
   34000   0.09853996  -0.85426568   -6.1613497 
   35000   0.10117925  -0.83452718   -6.1565412 
   36000   0.10093803  -0.84225067   -6.1568902 
   37000  0.099583652  -0.75746636   -6.1619039 
   38000  0.097758488   -0.7821205   -6.1585278 
   39000   0.10258621   -0.8535302   -6.1578061 
   40000  0.097471024  -0.70776618   -6.1608505 
   41000  0.098794345  -0.81144235   -6.1595678 
   42000  0.098130353    -0.831382   -6.1596827 
   43000  0.097928597  -0.82109663   -6.1639452 
   44000  0.098232084  -0.72431498    -6.160188 
   45000    0.1037909  -0.81580424   -6.1601878 
   46000  0.099451973  -0.89302404   -6.1682368 
   47000   0.10065464  -0.81062094   -6.1620595 
   48000   0.10154665  -0.83159551   -6.1616481 
   49000  0.098589297  -0.85617316   -6.1689648 
   50000  0.097601157  -0.82948518   -6.1640619 
Loop time of 37.4973 on 1 procs for 50000 steps with 1331 atoms

Performance: 460832.637 tau/day, 1333.428 timesteps/s
99.9% CPU use with 1 MPI tasks x no OpenMP threads

MPI task timing breakdown:
Section |  min time  |  avg time  |  max time  |%varavg| %total
---------------------------------------------------------------
Pair    | 31.116     | 31.116     | 31.116     |   0.0 | 82.98
Neigh   | 4.5413     | 4.5413     | 4.5413     |   0.0 | 12.11
Comm    | 0.77156    | 0.77156    | 0.77156    |   0.0 |  2.06
Output  | 0.028459   | 0.028459   | 0.028459   |   0.0 |  0.08
Modify  | 0.87852    | 0.87852    | 0.87852    |   0.0 |  2.34
Other   |            | 0.1617     |            |       |  0.43

Nlocal:    1331 ave 1331 max 1331 min
Histogram: 1 0 0 0 0 0 0 0 0 0
Nghost:    3387 ave 3387 max 3387 min
Histogram: 1 0 0 0 0 0 0 0 0 0
Neighs:    51537 ave 51537 max 51537 min
Histogram: 1 0 0 0 0 0 0 0 0 0

Total # of neighbors = 51537
Ave neighs/atom = 38.7205
Neighbor list builds = 2500
Dangerous builds not checked

write_restart NVT/sim1/T_0.10__v_1.00/end1.restart
Total wall time: 0:00:37
