run 50000
Neighbor list info ...
  update every 20 steps, delay 0 steps, check no
  max neighbors/atom: 2000, page size: 100000
  master list distance cutoff = 2.8
  ghost atom cutoff = 2.8
  binsize = 1.4, bins = 16 16 16
  1 neighbor lists, perpetual/occasional/extra = 1 0 0
  (1) pair lj/cut, perpetual
      attributes: half, newton on
      pair build: half/bin/atomonly/newton
      stencil: half/bin/3d/newton
      bin: standard
Per MPI rank memory allocation (min/avg/max) = 2.7 | 2.7 | 2.7 Mbytes
Step Temp Press Volume Density PotEng KinEng TotEng 
       0          0.5  0.017042887        10648        0.125  -0.13561964   0.74943651   0.61381687 
    1000   0.92152728  0.073636564     6472.886   0.20562698   -1.3562593    1.3812524  0.024993091 
    2000   0.80679277 -0.026440514    4456.0497   0.29869505   -2.2254381    1.2092799   -1.0161582 
    3000   0.75800729  -0.06069746    3214.6001   0.41404839   -3.2086413    1.1361567   -2.0724846 
    4000   0.69673685  -0.23859712    2432.2139   0.54723805   -4.0837121    1.0443201    -3.039392 
    5000   0.63388142  -0.12234991    1882.8969   0.70688949    -4.799568   0.95010776   -3.8494603 
    6000   0.57382521   0.24161854     1594.903   0.83453352   -5.3167148   0.86009112   -4.4566237 
    7000   0.51321319   0.33706426    1496.1289   0.88962922   -5.6722947   0.76924141   -4.9030533 
    8000   0.45916863   0.46178524    1466.4512   0.90763332   -5.8048622   0.68823547   -5.1166267 
    9000   0.48687021   0.52573232    1465.2784   0.90835981   -5.8005095   0.72975662   -5.0707529 
   10000   0.49854682   0.39446079    1486.4367   0.89543002   -5.7153132   0.74725838   -4.9680548 
   11000   0.49183881    0.4384216    1484.9522   0.89632512   -5.7175497   0.73720392   -4.9803458 
   12000   0.49285894   0.31989578    1469.6475   0.90565935   -5.8185685   0.73873297   -5.0798355 
   13000   0.48695702   0.52987167    1465.1992   0.90840892   -5.8058471   0.72988674   -5.0759604 
   14000    0.5021137   0.48385874      1471.36   0.90460528    -5.785317   0.75260468   -5.0327123 
   15000   0.52067113   0.39350421    1473.7076   0.90316424   -5.7865181   0.78041991   -5.0060982 
   16000   0.51437984   0.46676986    1466.6735   0.90749578      -5.8096   0.77099007   -5.0386099 
   17000   0.50335476   0.50835492    1465.8254   0.90802083   -5.8045992   0.75446487   -5.0501344 
   18000   0.50604636   0.53889654    1472.7456    0.9037542   -5.7692354   0.75849924   -5.0107362 
   19000   0.51413432    0.5412136    1472.9256   0.90364373   -5.7719806   0.77062207   -5.0013585 
   20000   0.50017349    0.6175887    1467.0421   0.90726778   -5.7846918   0.74969655   -5.0349952 
   21000    0.5015379   0.50702607    1464.6666   0.90873922   -5.8224252   0.75174164   -5.0706835 
   22000   0.50134366   0.52120528     1471.308   0.90463724   -5.7770987   0.75145049   -5.0256482 
   23000   0.53225567   0.44206138    1477.0169   0.90114069   -5.7580875   0.79778367   -4.9603038 
   24000   0.50152211   0.41624775    1473.6805   0.90318083   -5.7829836   0.75171796   -5.0312656 
   25000   0.49282755   0.51182472    1463.5194   0.90945156   -5.8181167   0.73868592   -5.0794307 
   26000   0.51454286   0.55180793    1466.0919   0.90785577   -5.7948852   0.77123441   -5.0236508 
   27000   0.51385608   0.65898757    1461.1519   0.91092515   -5.8075315   0.77020502   -5.0373265 
   28000   0.51272588   0.64588882    1461.7737   0.91053763   -5.8168432     0.768511   -5.0483322 
   29000   0.51618296   0.36292632    1474.0559   0.90295086   -5.7824815   0.77369272   -5.0087887 
   30000   0.49264449    0.4510693    1471.0241   0.90481184   -5.7880069   0.73841153   -5.0495954 
   31000   0.48365692   0.50148675    1467.5131    0.9069766   -5.7932847    0.7249403   -5.0683444 
   32000   0.49354236    0.5999948      1471.59   0.90446387   -5.7553801   0.73975733   -5.0156227 
   33000   0.52747699   0.52775035    1470.9402   0.90486346   -5.7789254   0.79062103   -4.9883043 
   34000    0.4947225   0.76254417    1462.1632   0.91029511   -5.7780042    0.7415262    -5.036478 
   35000   0.50264259   0.49807495    1461.8202   0.91050872   -5.8346249   0.75339742   -5.0812275 
   36000   0.51595474   0.41012089    1469.3552   0.90583954   -5.8145892   0.77335064   -5.0412386 
   37000   0.51522606    0.3600294    1478.0437   0.90051464   -5.7653165   0.77225844   -4.9930581 
   38000   0.50731507   0.31820677    1477.4087   0.90090169   -5.7778215   0.76040087   -5.0174206 
   39000   0.49180882   0.45484149    1472.8696   0.90367809   -5.7823565   0.73715897   -5.0451975 
   40000   0.50315792    0.3359624    1473.9486   0.90301654   -5.7863926   0.75416983   -5.0322228 
   41000   0.52831427   0.26459018    1474.7876   0.90250285   -5.8055325   0.79187601   -5.0136565 
   42000   0.49267796   0.46869433    1467.2264    0.9071538    -5.799478    0.7384617   -5.0610163 
   43000   0.48823234   0.36603926    1470.2406   0.90529401   -5.8100539   0.73179828   -5.0782556 
   44000   0.50326448   0.30159306    1477.1033   0.90108795    -5.785399   0.75432956   -5.0310694 
   45000   0.49241879   0.47506902    1472.8951   0.90366244   -5.7715482   0.73807324    -5.033475 
   46000   0.49924047   0.37637358    1469.2404    0.9059103   -5.8148702   0.74829807   -5.0665721 
   47000   0.50361114   0.20411133    1473.1384   0.90351322   -5.8201009   0.75484916   -5.0652517 
   48000   0.51078056   0.31905622    1472.0985   0.90415144   -5.8070898    0.7655952   -5.0414946 
   49000   0.50499587   0.30519247    1476.2641    0.9016002   -5.7894654   0.75692469   -5.0325407 
   50000   0.49708141   0.33421858    1474.9567   0.90239939   -5.7914038   0.74506192   -5.0463419 
Loop time of 39.0977 on 1 procs for 50000 steps with 1331 atoms

Performance: 441969.262 tau/day, 1278.846 timesteps/s
99.9% CPU use with 1 MPI tasks x no OpenMP threads

MPI task timing breakdown:
Section |  min time  |  avg time  |  max time  |%varavg| %total
---------------------------------------------------------------
Pair    | 31.569     | 31.569     | 31.569     |   0.0 | 80.75
Neigh   | 4.5225     | 4.5225     | 4.5225     |   0.0 | 11.57
Comm    | 0.70797    | 0.70797    | 0.70797    |   0.0 |  1.81
Output  | 0.02487    | 0.02487    | 0.02487    |   0.0 |  0.06
Modify  | 2.0582     | 2.0582     | 2.0582     |   0.0 |  5.26
Other   |            | 0.2147     |            |       |  0.55

Nlocal:    1331 ave 1331 max 1331 min
Histogram: 1 0 0 0 0 0 0 0 0 0
Nghost:    3068 ave 3068 max 3068 min
Histogram: 1 0 0 0 0 0 0 0 0 0
Neighs:    52891 ave 52891 max 52891 min
Histogram: 1 0 0 0 0 0 0 0 0 0

Total # of neighbors = 52891
Ave neighs/atom = 39.7378
Neighbor list builds = 2500
Dangerous builds not checked

write_restart lattice_11_11_11__2_2_2/sim1/T_0.50__P_0.40/end1.restart
Total wall time: 0:00:39
