run 50000
Neighbor list info ...
  update every 20 steps, delay 0 steps, check no
  max neighbors/atom: 2000, page size: 100000
  master list distance cutoff = 2.8
  ghost atom cutoff = 2.8
  binsize = 1.4, bins = 16 16 16
  1 neighbor lists, perpetual/occasional/extra = 1 0 0
  (1) pair lj/cut, perpetual
      attributes: half, newton on
      pair build: half/bin/atomonly/newton
      stencil: half/bin/3d/newton
      bin: standard
Per MPI rank memory allocation (min/avg/max) = 2.7 | 2.7 | 2.7 Mbytes
Step Temp Press Volume Density PotEng KinEng TotEng 
       0          0.8  0.054514712        10648        0.125  -0.13561964    1.1990984    1.0634788 
    1000    1.5020312   0.27602963    4900.1283   0.27162554   -1.5628862     2.251354   0.68846786 
    2000    1.2771675   0.24236054    3058.6884   0.43515383   -2.5254407    1.9143119  -0.61112878 
    3000    1.1640721   0.51601014     2155.003   0.61763254   -3.5874078    1.7447963   -1.8426115 
    4000    1.0598233    1.4208732    1743.4235   0.76344043   -4.4580292    1.5885406   -2.8694886 
    5000   0.88825177    1.6647285    1594.2125   0.83489497    -4.984674    1.3313766   -3.6532974 
    6000   0.78269283     1.812561    1528.1829   0.87096905   -5.2579789    1.1731572   -4.0848217 
    7000   0.76901955    1.9100346    1515.4815   0.87826871    -5.307733    1.1526627   -4.1550704 
    8000   0.83059523     1.850864    1535.3857   0.86688314   -5.2184282    1.2449568   -3.9734714 
    9000   0.82277766    1.9026117    1544.0864   0.86199839   -5.1576284    1.2332392   -3.9243892 
   10000   0.77669605    1.9051302     1529.964   0.86995514   -5.2310847    1.1641688   -4.0669159 
   11000   0.79954536    1.8824738    1521.5155   0.87478571   -5.2859706     1.198417   -4.0875536 
   12000    0.8110111    1.9077796    1532.4106   0.86856619   -5.2188883    1.2156027   -4.0032857 
   13000   0.80862286    1.7682122    1542.7178   0.86276309   -5.2044907     1.212023   -3.9924677 
   14000   0.82119171    1.9943272    1524.7228   0.87294559   -5.2496491    1.2308621    -4.018787 
   15000   0.75949555    1.8973187    1532.5474   0.86848864   -5.2142651    1.1383874   -4.0758777 
   16000   0.83082314    1.8519207    1528.5139   0.87078046   -5.2553616    1.2452984   -4.0100632 
   17000   0.81295231    1.7999847    1542.8557   0.86268601   -5.1979306    1.2185123   -3.9794183 
   18000   0.80297721    1.9070645    1533.0898   0.86818135   -5.2104286    1.2035609   -4.0068677 
   19000   0.79959939    2.0489844    1520.1217    0.8755878    -5.262038     1.198498   -4.0635401 
   20000   0.78255743    1.7395831    1538.6912   0.86502089   -5.2131045    1.1729542   -4.0401502 
   21000   0.81630913     1.943065    1539.4033   0.86462073   -5.1761416    1.2235437   -3.9525978 
   22000   0.78915049    1.9837051    1531.9936    0.8688026    -5.213393    1.1828364   -4.0305566 
   23000    0.7822263    1.9567372    1521.3824   0.87486224   -5.2554046    1.1724579   -4.0829467 
   24000   0.82521981     1.796366    1534.9674   0.86711939   -5.2336993    1.2368997   -3.9967996 
   25000   0.80753332    1.7767957    1543.1315   0.86253179   -5.1972413    1.2103899   -3.9868514 
   26000   0.81510001    1.9834543    1521.0522   0.87505214   -5.2660194    1.2217314    -4.044288 
   27000   0.76622714    1.8388285    1534.5585   0.86735045   -5.2258631    1.1484772   -4.0773859 
   28000   0.81526917     1.847603    1538.1029   0.86535171   -5.2012736     1.221985   -3.9792886 
   29000   0.80329698    1.8209259    1542.3085   0.86299208   -5.1794429    1.2040402   -3.9754028 
   30000   0.78947552    2.0121172    1525.7104   0.87238051   -5.2325672    1.1833236   -4.0492436 
   31000   0.78843719    1.9287602    1526.6134    0.8718645   -5.2472542    1.1817672    -4.065487 
   32000   0.81456025     1.883783    1534.2996   0.86749682   -5.2161388    1.2209224   -3.9952164 
   33000   0.80643381    1.9238925    1531.5276   0.86906695   -5.2200333    1.2087419   -4.0112914 
   34000   0.77796106    1.7778835    1536.8387   0.86606357   -5.2221242    1.1660649   -4.0560593 
   35000   0.79285267    2.0684744    1532.5284   0.86849941   -5.1939727    1.1883855   -4.0055872 
   36000   0.80822797    1.9263035     1541.025   0.86371082   -5.1777816    1.2114311   -3.9663505 
   37000   0.78309296    2.0144326    1530.3623   0.86972867    -5.207694    1.1737569   -4.0339371 
   38000   0.79679009    1.8470356    1526.9464   0.87167433   -5.2644701    1.1942872   -4.0701829 
   39000   0.77954177    1.7175492    1542.7664   0.86273592   -5.2043157    1.1684341   -4.0358816 
   40000   0.81444771    2.1473665    1533.8644   0.86774295    -5.177285    1.2207537   -3.9565313 
   41000   0.78927682    1.8095898    1542.9341   0.86264216   -5.1893266    1.1830257   -4.0063008 
   42000   0.78912756    1.9890505    1530.9374   0.86940197   -5.2106958     1.182802   -4.0278938 
   43000   0.81672603    1.8355131    1529.9358   0.86997117   -5.2501633    1.2241686   -4.0259947 
   44000   0.80980361    1.8490647    1535.8861    0.8666007   -5.2152966    1.2137928   -4.0015038 
   45000   0.77045011    1.7655161    1541.0747   0.86368298   -5.1940016    1.1548069   -4.0391947 
   46000   0.79873941    2.4276621    1511.8302   0.88038986   -5.2263292     1.197209   -4.0291202 
   47000   0.78504663    1.7416797    1542.9896    0.8626111   -5.1922198    1.1766852   -4.0155346 
   48000   0.81992559     1.928034    1541.0424   0.86370108   -5.1777333    1.2289644   -3.9487689 
   49000   0.80220739    2.0652166    1525.7531    0.8723561   -5.2251608     1.202407   -4.0227538 
   50000   0.78239687    1.7970869    1532.5741   0.86847349   -5.2384466    1.1727136    -4.065733 
Loop time of 38.9963 on 1 procs for 50000 steps with 1331 atoms

Performance: 443118.910 tau/day, 1282.173 timesteps/s
99.9% CPU use with 1 MPI tasks x no OpenMP threads

MPI task timing breakdown:
Section |  min time  |  avg time  |  max time  |%varavg| %total
---------------------------------------------------------------
Pair    | 31.442     | 31.442     | 31.442     |   0.0 | 80.63
Neigh   | 4.5632     | 4.5632     | 4.5632     |   0.0 | 11.70
Comm    | 0.72169    | 0.72169    | 0.72169    |   0.0 |  1.85
Output  | 0.02416    | 0.02416    | 0.02416    |   0.0 |  0.06
Modify  | 2.0271     | 2.0271     | 2.0271     |   0.0 |  5.20
Other   |            | 0.2179     |            |       |  0.56

Nlocal:    1331 ave 1331 max 1331 min
Histogram: 1 0 0 0 0 0 0 0 0 0
Nghost:    3017 ave 3017 max 3017 min
Histogram: 1 0 0 0 0 0 0 0 0 0
Neighs:    51324 ave 51324 max 51324 min
Histogram: 1 0 0 0 0 0 0 0 0 0

Total # of neighbors = 51324
Ave neighs/atom = 38.5605
Neighbor list builds = 2500
Dangerous builds not checked

write_restart lattice_11_11_11__2_2_2/sim1/T_0.80__P_1.90/end1.restart
Total wall time: 0:00:39
