run 50000
Neighbor list info ...
  update every 20 steps, delay 0 steps, check no
  max neighbors/atom: 2000, page size: 100000
  master list distance cutoff = 2.8
  ghost atom cutoff = 2.8
  binsize = 1.4, bins = 16 16 16
  1 neighbor lists, perpetual/occasional/extra = 1 0 0
  (1) pair lj/cut, perpetual
      attributes: half, newton on
      pair build: half/bin/atomonly/newton
      stencil: half/bin/3d/newton
      bin: standard
Per MPI rank memory allocation (min/avg/max) = 2.7 | 2.7 | 2.7 Mbytes
Step Temp Press Volume Density PotEng KinEng TotEng 
       0          1.9   0.19191141        10648        0.125  -0.13561964    2.8478588    2.7122391 
    1000    2.5774971   0.56843078    6351.6382   0.20955224   -1.0371347    3.8633409    2.8262062 
    2000    2.2609524   0.79978279    4589.0101   0.29004076   -1.4510673    3.3888805    1.9378132 
    3000    2.0604968   0.90564758    3572.7455   0.37254262   -1.9364887    3.0884231    1.1519344 
    4000    1.9768484    1.0452582    2937.3965   0.45312235   -2.3857217    2.9630448    0.5773231 
    5000    1.9635224    1.2562482       2560.7   0.51977975   -2.7771736    2.9430708   0.16589716 
    6000    1.8971048     1.611455      2348.96   0.56663374   -2.9932472    2.8435192    -0.149728 
    7000    1.8506101    1.7890527    2257.8067   0.58951015   -3.1039062    2.7738295  -0.33007675 
    8000    1.8796655    1.9244342    2258.4033   0.58935443   -3.0717191      2.81738  -0.25433918 
    9000    1.9244798    1.8556616    2287.8673    0.5817645   -3.0375697    2.8845508  -0.15301885 
   10000    1.8698551    2.0293965    2293.1502   0.58042426   -3.0015137    2.8026754  -0.19883831 
   11000    1.8558234    1.8748203    2276.8029   0.58459167   -3.0499405    2.7816436  -0.26829688 
   12000     1.858987    1.8311506    2266.4676   0.58725745   -3.0590597    2.7863855  -0.27267422 
   13000    1.8998865     2.021546    2265.1419   0.58760117   -3.0369049    2.8476886  -0.18921629 
   14000    1.9204154    1.7723136    2289.4158   0.58137103   -3.0637373    2.8784588  -0.18527843 
   15000     1.840554     1.584537    2300.5834    0.5785489   -3.0647128    2.7587567  -0.30595604 
   16000    1.9187001    1.7499298    2281.6331   0.58335408   -3.1009572    2.8758879  -0.22506934 
   17000    1.9477415    1.8741836    2271.8099   0.58587648   -3.0456191    2.9194172   -0.1262019 
   18000     1.930695    1.7624186    2281.4222   0.58340801   -3.0793124    2.8938667  -0.18544571 
   19000    1.8361835    1.6332116    2293.9216   0.58022907   -3.0708871    2.7522059  -0.31868123 
   20000    1.8535239    1.8144746    2298.7974    0.5789984      -3.0146     2.778197  -0.23640306 
   21000    1.9588175    1.9842426    2297.9002   0.57922446   -2.9978344    2.9360187 -0.061815734 
   22000    1.9213422    1.7432671     2278.074   0.58426547   -3.0706289     2.879848  -0.19078085 
   23000    1.8990374    1.7729899    2288.7363   0.58154361   -3.0910109     2.846416   -0.2445949 
   24000    1.9345353    1.5283969     2352.941   0.56567504   -3.0150093    2.8996228  -0.11538652 
   25000    1.9095256     1.911828     2265.396   0.58753525   -3.0685636    2.8621364   -0.2064272 
   26000    1.8836379    1.7590471    2266.6286   0.58721574   -3.0832478     2.823334  -0.25991375 
   27000    1.9247448    1.9512849    2287.7847   0.58178551   -3.0180415    2.8849481  -0.13309335 
   28000    1.9619601    1.7379705    2282.5331   0.58312407   -3.0910423    2.9407291  -0.15031318 
   29000    1.8352592    1.6513078    2276.4546    0.5846811   -3.0911819    2.7508206  -0.34036128 
   30000    1.8763012    1.5168419    2298.3636   0.57910769   -3.0972656    2.8123373  -0.28492829 
   31000    1.9473404    1.6906876    2316.0895   0.57467556   -3.0429887     2.918816  -0.12417273 
   32000    1.9232162    2.0493053    2260.5519   0.58879426   -3.0621746    2.8826569  -0.17951767 
   33000    1.9093516    1.8768629    2231.8491   0.59636649   -3.1401167    2.8618756   -0.2782411 
   34000    1.8897869    1.6158624    2295.0212   0.57995108   -3.1121448    2.8325506  -0.27959427 
   35000    1.8715768    1.6190423    2316.7089    0.5745219   -3.0317525     2.805256  -0.22649656 
   36000    1.9101702    1.6895959    2278.7717   0.58408659   -3.1393623    2.8631026  -0.27625964 
   37000    1.9414273    1.8262989    2239.5083   0.59432689   -3.1599605     2.909953  -0.25000756 
   38000     1.952253    2.0190912    2302.2272   0.57813582   -2.9857026    2.9261793 -0.059523274 
   39000    1.9251094    1.8674208    2299.5562   0.57880733   -3.0100538    2.8854945  -0.12455934 
   40000    1.8805877    1.6603266     2274.069   0.58529448   -3.1116031    2.8187622  -0.29284088 
   41000    1.8903453    1.7035667    2285.9544   0.58225135   -3.0990239    2.8333875  -0.26563631 
   42000    1.8903309    1.7915249     2317.203   0.57439939   -2.9604577     2.833366  -0.12709169 
   43000    1.9026686    1.9650341    2259.5799   0.58904754   -3.0778876    2.8518586  -0.22602901 
   44000    1.8882151    1.7495707    2256.6098   0.58982285   -3.1555091    2.8301947  -0.32531443 
   45000    1.9297613    2.0226578     2264.599   0.58774202   -3.0522654    2.8924672  -0.15979817 
   46000    1.9569615    1.8188597    2268.7616   0.58666366   -3.1089317    2.9332369  -0.17569481 
   47000    1.8326909    1.6361843    2268.0104   0.58685797   -3.1237579     2.746971   -0.3767869 
   48000    1.8538533    1.4829793    2300.6294   0.57853734   -3.1234404    2.7786908  -0.34474969 
   49000    1.9199181    1.8536059    2288.2799    0.5816596   -3.0248568    2.8777134  -0.14714344 
   50000    1.9102247     1.793172    2266.6588   0.58720793    -3.092636    2.8631842  -0.22945181 
Loop time of 34.6931 on 1 procs for 50000 steps with 1331 atoms

Performance: 498081.263 tau/day, 1441.207 timesteps/s
99.6% CPU use with 1 MPI tasks x no OpenMP threads

MPI task timing breakdown:
Section |  min time  |  avg time  |  max time  |%varavg| %total
---------------------------------------------------------------
Pair    | 26.728     | 26.728     | 26.728     |   0.0 | 77.04
Neigh   | 4.519      | 4.519      | 4.519      |   0.0 | 13.03
Comm    | 0.79622    | 0.79622    | 0.79622    |   0.0 |  2.30
Output  | 0.026517   | 0.026517   | 0.026517   |   0.0 |  0.08
Modify  | 2.4589     | 2.4589     | 2.4589     |   0.0 |  7.09
Other   |            | 0.1643     |            |       |  0.47

Nlocal:    1331 ave 1331 max 1331 min
Histogram: 1 0 0 0 0 0 0 0 0 0
Nghost:    2521 ave 2521 max 2521 min
Histogram: 1 0 0 0 0 0 0 0 0 0
Neighs:    35378 ave 35378 max 35378 min
Histogram: 1 0 0 0 0 0 0 0 0 0

Total # of neighbors = 35378
Ave neighs/atom = 26.58
Neighbor list builds = 2500
Dangerous builds not checked

write_restart lattice_11_11_11__2_2_2/sim1/T_1.90__P_1.80/end1.restart
Total wall time: 0:00:34
