run 50000
Neighbor list info ...
  update every 20 steps, delay 0 steps, check no
  max neighbors/atom: 2000, page size: 100000
  master list distance cutoff = 2.8
  ghost atom cutoff = 2.8
  binsize = 1.4, bins = 16 16 16
  1 neighbor lists, perpetual/occasional/extra = 1 0 0
  (1) pair lj/cut, perpetual
      attributes: half, newton on
      pair build: half/bin/atomonly/newton
      stencil: half/bin/3d/newton
      bin: standard
Per MPI rank memory allocation (min/avg/max) = 2.7 | 2.7 | 2.7 Mbytes
Step Temp Press Volume Density PotEng KinEng TotEng 
       0          0.9  0.067005321        10648        0.125  -0.13561964    1.3489857    1.2133661 
    1000    1.0404229  0.090670035    10906.337   0.12203914  -0.83225967    1.5594618   0.72720211 
    2000   0.94576214  0.056577757    9571.2533   0.13906225   -1.0641736    1.4175774   0.35340373 
    3000     0.927384  0.067911583    8200.1418   0.16231427   -1.2530602    1.3900309   0.13697069 
    4000    0.9158592  0.054005148    7240.7019   0.18382196   -1.4876538    1.3727567  -0.11489718 
    5000   0.90941154  0.044367293    6370.0268   0.20894732   -1.6874615    1.3630924  -0.32436908 
    6000   0.90991727  0.044807618    5654.2893   0.23539652   -1.9062335    1.3638505  -0.54238304 
    7000    0.9236869   0.03765273    5011.2085    0.2656046   -2.1415063    1.3844894  -0.75701692 
    8000   0.88226664 0.0023506568    4483.0488   0.29689617   -2.3360506    1.3224057   -1.0136449 
    9000   0.91861114  0.035297431    3933.2077   0.33840064   -2.5951488    1.3768815   -1.2182674 
   10000   0.92411852  0.026182621    3576.4925   0.37215232   -2.8461547    1.3851363   -1.4610184 
   11000   0.91842426 -0.0080161904      3195.34    0.4165441    -3.049455    1.3766013   -1.6728537 
   12000   0.92269105 -0.085808748     2878.605   0.46237675   -3.2445794    1.3829967   -1.8615827 
   13000   0.88383865   0.05272988    2614.9301   0.50900023   -3.3635669    1.3247619    -2.038805 
   14000   0.91221385  0.046673251    2373.2585   0.56083229   -3.5611142    1.3672927   -2.1938215 
   15000   0.93015432  0.054382598    2193.9634   0.60666464   -3.7535258    1.3941832   -2.3593426 
   16000   0.92985911   0.13768423    2052.5411   0.64846449   -3.9131138    1.3937407    -2.519373 
   17000   0.93102383  0.072947184     1985.519   0.67035369   -4.0556647    1.3954865   -2.6601782 
   18000   0.88328578   0.13841399    1961.5563   0.67854285   -4.0794944    1.3239332   -2.7555612 
   19000   0.88613046    0.2452249     1941.949    0.6853939   -4.1182136     1.328197   -2.7900165 
   20000    0.8862821   0.16914384    1931.1419   0.68922951   -4.1354932    1.3284243   -2.8070689 
   21000   0.89104701   0.11065257    1945.6076   0.68410507   -4.1254434    1.3355663    -2.789877 
   22000   0.92418903  -0.12431195    1982.6595   0.67132052   -4.0809086     1.385242   -2.6956666 
   23000   0.92136427   0.10126158    1979.0896   0.67253145   -4.0526159    1.3810081   -2.6716078 
   24000   0.91076487   0.19920694     1919.122   0.69354631    -4.181361    1.3651209   -2.8162401 
   25000   0.90486739   0.23599162    1916.5283    0.6944849   -4.1748126    1.3562813   -2.8185312 
   26000   0.92385217  0.099647752    1940.2256    0.6860027   -4.1276595    1.3847371   -2.7429225 
   27000   0.88750062   0.19816503    1974.8793   0.67396524   -4.0397272    1.3302507   -2.7094765 
   28000   0.93699296   0.13193907    1982.9992   0.67120552   -4.0249941    1.4044335   -2.6205606 
   29000   0.90896011  0.096276687    1979.5123   0.67238783   -4.0591399    1.3624158   -2.6967241 
   30000   0.89308513   0.12868414    1952.3944   0.68172703   -4.1013612    1.3386212     -2.76274 
   31000   0.89240641    0.1004142    1958.8975   0.67946383   -4.1052837    1.3376039   -2.7676798 
   32000   0.89211865   0.13847898    1976.9312   0.67326572   -4.0383156    1.3371726    -2.701143 
   33000   0.90581571  0.039900161    2008.3909    0.6627196   -4.0017849    1.3577027   -2.6440822 
   34000   0.87996885  0.073240279     1969.625   0.67576315   -4.0724382    1.3189616   -2.7534766 
   35000   0.87970243 -0.013439617    1967.6144   0.67645367   -4.1084197    1.3185622   -2.7898575 
   36000   0.83325016  0.016452717    1952.7072   0.68161782   -4.1331107    1.2489362   -2.8841745 
   37000   0.88260617  -0.01750562    1925.2769   0.69132912   -4.1646269    1.3229146   -2.8417123 
   38000   0.87950902  0.086588538    1942.6733   0.68513836   -4.1130464    1.3182723    -2.794774 
   39000   0.88366521  0.027257761     1997.476   0.66634093   -3.9920395    1.3245019   -2.6675375 
   40000   0.87744512   0.14990804    1988.0561    0.6694982    -3.991982    1.3151788   -2.6768032 
   41000   0.90820809 -0.013287193    1959.8109   0.67914715   -4.1147531    1.3612886   -2.7534644 
   42000   0.90900021  0.018682195    1946.0299   0.68395659   -4.1396041    1.3624759   -2.7771282 
   43000   0.89948896   0.11132581     1942.275   0.68527887   -4.1310058    1.3482197    -2.782786 
   44000   0.94829197  0.058713534    1946.4495   0.68380915   -4.1526587    1.4213693   -2.7312894 
   45000   0.90701214   0.14040974    1987.2896   0.66975644   -4.0453931     1.359496   -2.6858971 
   46000   0.87130365  0.054774435    1980.4478   0.67207023   -4.0604562    1.3059735   -2.7544827 
   47000   0.89998557   0.12175258     1949.315   0.68280395    -4.114839    1.3489641   -2.7658749 
   48000   0.88660338   0.14484018    1933.5458   0.68837264   -4.1456405    1.3289059   -2.8167346 
   49000   0.91975034  0.052293412    1938.9864   0.68644113   -4.1585632     1.378589   -2.7799742 
   50000   0.91210707  0.089485302    1987.0016   0.66985352    -4.065076    1.3671327   -2.6979433 
Loop time of 29.4109 on 1 procs for 50000 steps with 1331 atoms

Performance: 587536.590 tau/day, 1700.048 timesteps/s
99.9% CPU use with 1 MPI tasks x no OpenMP threads

MPI task timing breakdown:
Section |  min time  |  avg time  |  max time  |%varavg| %total
---------------------------------------------------------------
Pair    | 22.599     | 22.599     | 22.599     |   0.0 | 76.84
Neigh   | 4.0112     | 4.0112     | 4.0112     |   0.0 | 13.64
Comm    | 0.63145    | 0.63145    | 0.63145    |   0.0 |  2.15
Output  | 0.024535   | 0.024535   | 0.024535   |   0.0 |  0.08
Modify  | 2.013      | 2.013      | 2.013      |   0.0 |  6.84
Other   |            | 0.1317     |            |       |  0.45

Nlocal:    1331 ave 1331 max 1331 min
Histogram: 1 0 0 0 0 0 0 0 0 0
Nghost:    2760 ave 2760 max 2760 min
Histogram: 1 0 0 0 0 0 0 0 0 0
Neighs:    40137 ave 40137 max 40137 min
Histogram: 1 0 0 0 0 0 0 0 0 0

Total # of neighbors = 40137
Ave neighs/atom = 30.1555
Neighbor list builds = 2500
Dangerous builds not checked

write_restart lattice_11_11_11__2_2_2/sim1/T_0.90__P_0.10/end1.restart
Total wall time: 0:00:29
