run 50000
Neighbor list info ...
  update every 20 steps, delay 0 steps, check no
  max neighbors/atom: 2000, page size: 100000
  master list distance cutoff = 2.8
  ghost atom cutoff = 2.8
  binsize = 1.4, bins = 17 17 17
  1 neighbor lists, perpetual/occasional/extra = 1 0 0
  (1) pair lj/cut, perpetual
      attributes: half, newton on
      pair build: half/bin/atomonly/newton
      stencil: half/bin/3d/newton
      bin: standard
Per MPI rank memory allocation (min/avg/max) = 2.705 | 2.705 | 2.705 Mbytes
Step Temp Press TotEng 
       0          0.2 -0.0089304255   0.20623341 
    1000   0.45757977 -0.0014388566  -0.27882149 
    2000   0.46732436 -0.006007722   -1.0915622 
    3000   0.45798518 0.0097480313   -1.9968785 
    4000    0.3785943 -0.021116748   -2.8320272 
    5000    0.3058362 -0.016091615   -3.4579244 
    6000   0.24900426 -0.0082055739   -3.8712038 
    7000   0.21406649 -0.002412406   -4.1325411 
    8000   0.19509458 3.3571577e-05   -4.2683212 
    9000   0.21156621 -0.0013208685   -4.3074129 
   10000   0.20043116 0.0033974908   -4.3678252 
   11000    0.1989894 0.0065505162   -4.4597753 
   12000   0.19521852  0.014276867    -4.509613 
   13000   0.19805277 -0.019501641    -4.528762 
   14000   0.19287646  -0.01155741   -4.5885679 
   15000   0.20583218 -0.0022958764   -4.6121579 
   16000   0.20548139  -0.01294582   -4.6126777 
   17000   0.20139625  0.005313714   -4.6442419 
   18000   0.19497357 -0.0062547347   -4.6859087 
   19000   0.20388531 -0.0020395006   -4.6926325 
   20000    0.2085907 0.0063600576    -4.713879 
   21000   0.20224373  0.016371286   -4.7576963 
   22000   0.19615916 0.0040594877   -4.7780335 
   23000   0.19933537 -0.0071603493   -4.7931112 
   24000   0.19672435 -0.0042092838    -4.810973 
   25000   0.19523441  0.014947399   -4.8208021 
   26000   0.19926068 -0.0029253352   -4.8211639 
   27000   0.20069641  0.024859078   -4.8224344 
   28000   0.19658141 0.00025070554   -4.8530112 
   29000   0.19815179 0.0017531129   -4.8796459 
   30000   0.19892265 0.00043799076   -4.8897016 
   31000   0.20056647 -0.00065873897   -4.8928145 
   32000   0.20235776 0.0079741456   -4.9061464 
   33000   0.19565665 -0.0044885645   -4.9290123 
   34000   0.19839251 0.0084625049   -4.9309064 
   35000   0.19814307 -0.016923145   -4.9239219 
   36000   0.20162856 0.0089296755   -4.9326881 
   37000   0.20429723 0.0053331015   -4.9424984 
   38000   0.20461226 -0.016941444   -4.9452012 
   39000   0.19559903 -0.008875104   -4.9689994 
   40000   0.20014468 -0.016121201   -4.9704183 
   41000   0.20992706   0.01125848   -4.9541584 
   42000   0.20211528 -0.00094750008   -4.9682609 
   43000   0.19484041 -0.0046999629   -4.9794435 
   44000    0.2027813  0.013893656   -4.9641999 
   45000   0.20047798  0.022545851   -4.9713308 
   46000   0.19799716 0.00032683676   -5.0001408 
   47000    0.2019382 -0.018864044   -4.9910243 
   48000   0.20233999 0.0016434859   -4.9758619 
   49000   0.19502159 -0.0032176306   -4.9963205 
   50000   0.19527623 0.0037152311   -5.0037227 
Loop time of 24.9519 on 1 procs for 50000 steps with 1331 atoms

Performance: 692532.776 tau/day, 2003.856 timesteps/s
99.9% CPU use with 1 MPI tasks x no OpenMP threads

MPI task timing breakdown:
Section |  min time  |  avg time  |  max time  |%varavg| %total
---------------------------------------------------------------
Pair    | 20.56      | 20.56      | 20.56      |   0.0 | 82.40
Neigh   | 2.9984     | 2.9984     | 2.9984     |   0.0 | 12.02
Comm    | 0.33084    | 0.33084    | 0.33084    |   0.0 |  1.33
Output  | 0.028414   | 0.028414   | 0.028414   |   0.0 |  0.11
Modify  | 0.93896    | 0.93896    | 0.93896    |   0.0 |  3.76
Other   |            | 0.09512    |            |       |  0.38

Nlocal:    1331 ave 1331 max 1331 min
Histogram: 1 0 0 0 0 0 0 0 0 0
Nghost:    1132 ave 1132 max 1132 min
Histogram: 1 0 0 0 0 0 0 0 0 0
Neighs:    36737 ave 36737 max 36737 min
Histogram: 1 0 0 0 0 0 0 0 0 0

Total # of neighbors = 36737
Ave neighs/atom = 27.6011
Neighbor list builds = 2500
Dangerous builds not checked

write_restart NVT/sim1/T_0.20__v_9.26/end1.restart
Total wall time: 0:00:24
