run 50000
Neighbor list info ...
  update every 20 steps, delay 0 steps, check no
  max neighbors/atom: 2000, page size: 100000
  master list distance cutoff = 2.8
  ghost atom cutoff = 2.8
  binsize = 1.4, bins = 16 16 16
  1 neighbor lists, perpetual/occasional/extra = 1 0 0
  (1) pair lj/cut, perpetual
      attributes: half, newton on
      pair build: half/bin/atomonly/newton
      stencil: half/bin/3d/newton
      bin: standard
Per MPI rank memory allocation (min/avg/max) = 2.7 | 2.7 | 2.7 Mbytes
Step Temp Press Volume Density PotEng KinEng TotEng 
       0          0.6  0.029533495        10648        0.125  -0.13561964   0.89932382   0.76370418 
    1000    1.1548138   0.16459203    5402.0834   0.24638642   -1.5236287    1.7309193   0.20729059 
    2000   0.94698139  -0.01934767    3458.7496   0.38482115   -2.4399423    1.4194049   -1.0205375 
    3000   0.84746346  -0.12108755    2393.1885   0.55616179   -3.4578159    1.2702401   -2.1875758 
    4000   0.83896623   0.46327744    1797.9442   0.74028995   -4.4792281    1.2575038   -3.2217242 
    5000   0.72676623    0.8478218    1595.5922   0.83417304   -5.1249827    1.0893303   -4.0356524 
    6000   0.63593563   0.82845456    1514.4833   0.87884758   -5.5027025   0.95318677   -4.5495158 
    7000   0.58279004   0.85375097    1478.2358   0.90039761   -5.6814767   0.87352827   -4.8079484 
    8000   0.57793433    1.1179474    1478.6721   0.90013192   -5.6362078   0.86625019   -4.7699577 
    9000   0.61208784    1.1076448    1496.2942   0.88953096   -5.5417628   0.91744195   -4.6243208 
   10000   0.59756958    1.0667351    1499.7276   0.88749452   -5.5300121   0.89568093   -4.6343311 
   11000   0.59615546   0.88976395    1491.8753   0.89216571   -5.6137104   0.89356134   -4.7201491 
   12000   0.59438283   0.91021215    1486.2609    0.8955359   -5.6243398    0.8909044   -4.7334354 
   13000   0.60386407   0.92636587    1490.3911   0.89305417   -5.6051296   0.90511556    -4.700014 
   14000   0.58472378    1.2140442    1491.7013   0.89226979   -5.5483204   0.87642671   -4.6718937 
   15000   0.59942714     1.059383    1488.0247   0.89447438   -5.5945879   0.89846517   -4.6961227 
   16000   0.58495769    1.1485431    1482.4204   0.89785597   -5.6062823   0.87677731    -4.729505 
   17000   0.62404272     1.158222    1479.1993   0.89981115   -5.6195747    0.9353608   -4.6842139 
   18000   0.62556606    1.0926397    1486.9472   0.89512258    -5.600747    0.9376441   -4.6631029 
   19000   0.59013999    0.9294155    1496.6169   0.88933917   -5.5682169   0.88454491    -4.683672 
   20000   0.59212982   0.81552982    1496.7596   0.88925439   -5.5957462   0.88752741   -4.7082187 
   21000   0.60529102    1.0480183    1489.0159   0.89387899   -5.5878934   0.90725438    -4.680639 
   22000   0.60235511    1.0622403    1491.4315   0.89243119   -5.5756847   0.90285382   -4.6728309 
   23000   0.58744778    1.0156444    1494.3001   0.89071802   -5.5689901   0.88050964   -4.6884805 
   24000   0.59658491   0.73131487    1502.4043   0.88591332   -5.5832971   0.89420503   -4.6890921 
   25000   0.60052322    0.9840362    1495.8191   0.88981346   -5.5624731   0.90010805   -4.6623651 
   26000   0.60191296      1.16021    1488.3106    0.8943026   -5.5760353   0.90219111   -4.6738442 
   27000   0.59047033    1.0080408    1495.1351   0.89022059   -5.5615357   0.88504005   -4.6764956 
   28000   0.60304289    0.8805226    1492.2054   0.89196838   -5.5965796   0.90388472   -4.6926949 
   29000    0.5955188    1.0167033    1488.7984   0.89400955   -5.5943979   0.89260707   -4.7017908 
   30000     0.608283    1.0232294    1490.7809   0.89282068   -5.5900874   0.91173899   -4.6783484 
   31000   0.61334746   0.99322493    1492.0018   0.89209005   -5.5790829   0.91932996   -4.6597529 
   32000   0.60328721    1.3243388    1481.4493   0.89844452   -5.5793187   0.90425093   -4.6750678 
   33000   0.59598736    1.2173684    1480.3864   0.89908961   -5.6089093   0.89330937      -4.7156 
   34000   0.61353336   0.86767741    1495.6557   0.88991067   -5.5916622    0.9196086   -4.6720536 
   35000   0.60906566   0.84759708     1500.026   0.88731794    -5.562007   0.91291209   -4.6490949 
   36000   0.59813619    1.0113999    1488.5851   0.89413764   -5.6002093    0.8965302   -4.7036791 
   37000   0.58073538    1.0279959    1486.6014   0.89533079   -5.6062367    0.8704486   -4.7357881 
   38000   0.60148543    1.1428735    1490.2995   0.89310906   -5.5645743   0.90155029    -4.663024 
   39000   0.60073026   0.89067226    1504.4667   0.88469886   -5.5394966   0.90041839   -4.6390782 
   40000   0.60044015   0.90342673    1495.1885   0.89018878   -5.5860614   0.89998355   -4.6860778 
   41000   0.60562549    1.0001277    1485.9334   0.89573327    -5.613202   0.90775571   -4.7054462 
   42000   0.57548596   0.81921472    1505.0709   0.88434374   -5.5498037   0.86258038   -4.6872233 
   43000   0.60529135   0.79802376    1496.2948   0.88953061   -5.5921567   0.90725488   -4.6849018 
   44000   0.60743256    1.1091493    1484.2222   0.89676599   -5.6021337   0.91046428   -4.6916694 
   45000   0.60644442    1.0922259    1484.0474   0.89687164   -5.6036416   0.90898318   -4.6946585 
   46000   0.58460633    1.0602763      1489.73    0.8934505   -5.5854273   0.87625067   -4.7091766 
   47000   0.60513642   0.95667056    1491.3837   0.89245982   -5.6063716   0.90702266   -4.6993489 
   48000   0.60668266   0.87424257    1493.7762   0.89103037    -5.600055   0.90934028   -4.6907147 
   49000   0.58715249   0.88381514    1501.2195   0.88661253   -5.5541452   0.88006704   -4.6740782 
   50000   0.60375553    1.0583401    1486.5881   0.89533881   -5.5995126   0.90495288   -4.6945597 
Loop time of 39.3387 on 1 procs for 50000 steps with 1331 atoms

Performance: 439261.683 tau/day, 1271.012 timesteps/s
100.0% CPU use with 1 MPI tasks x no OpenMP threads

MPI task timing breakdown:
Section |  min time  |  avg time  |  max time  |%varavg| %total
---------------------------------------------------------------
Pair    | 31.777     | 31.777     | 31.777     |   0.0 | 80.78
Neigh   | 4.5614     | 4.5614     | 4.5614     |   0.0 | 11.60
Comm    | 0.72176    | 0.72176    | 0.72176    |   0.0 |  1.83
Output  | 0.023864   | 0.023864   | 0.023864   |   0.0 |  0.06
Modify  | 2.0412     | 2.0412     | 2.0412     |   0.0 |  5.19
Other   |            | 0.2137     |            |       |  0.54

Nlocal:    1331 ave 1331 max 1331 min
Histogram: 1 0 0 0 0 0 0 0 0 0
Nghost:    3074 ave 3074 max 3074 min
Histogram: 1 0 0 0 0 0 0 0 0 0
Neighs:    52860 ave 52860 max 52860 min
Histogram: 1 0 0 0 0 0 0 0 0 0

Total # of neighbors = 52860
Ave neighs/atom = 39.7145
Neighbor list builds = 2500
Dangerous builds not checked

write_restart lattice_11_11_11__2_2_2/sim1/T_0.60__P_1.00/end1.restart
Total wall time: 0:00:39
