run 50000
Neighbor list info ...
  update every 20 steps, delay 0 steps, check no
  max neighbors/atom: 2000, page size: 100000
  master list distance cutoff = 2.8
  ghost atom cutoff = 2.8
  binsize = 1.4, bins = 16 16 16
  1 neighbor lists, perpetual/occasional/extra = 1 0 0
  (1) pair lj/cut, perpetual
      attributes: half, newton on
      pair build: half/bin/atomonly/newton
      stencil: half/bin/3d/newton
      bin: standard
Per MPI rank memory allocation (min/avg/max) = 2.7 | 2.7 | 2.7 Mbytes
Step Temp Press Volume Density PotEng KinEng TotEng 
       0          1.6   0.15443958        10648        0.125  -0.13561964    2.3981968    2.2625772 
    1000    2.0976074   0.36917103    7003.0702    0.1900595  -0.99967406    3.1440472    2.1443731 
    2000    1.8330655   0.42680116    5285.6247   0.25181508   -1.3699378    2.7475324    1.3775946 
    3000    1.6699755   0.39550101    4202.0875   0.31674733   -1.7187536    2.5030812   0.78432758 
    4000    1.6550578   0.59036701    3497.5538   0.38055168   -2.0957303    2.4807215   0.38499122 
    5000    1.6405045   0.55293963    3028.0841   0.43955186   -2.4331821     2.458908  0.025725844 
    6000    1.6187004   0.74264131    2723.1347   0.48877494   -2.7051226    2.4262263  -0.27889625 
    7000    1.6003588   0.82004665    2534.0857   0.52523875   -2.9046619    2.3987347  -0.50592719 
    8000    1.5621605    1.0806908    2440.9357    0.5452827    -2.962248    2.3414802   -0.6207678 
    9000    1.6028975   0.91851643    2428.9198   0.54798022   -3.0455902    2.4025399  -0.64305029 
   10000    1.5817529    1.2191992     2444.999   0.54437651   -2.9210577    2.3708468  -0.55021093 
   11000     1.575287   0.98952112    2476.5385    0.5374437   -2.9259708    2.3611552  -0.56481563 
   12000    1.6015012   0.94848323    2472.8946   0.53823564   -2.9526711     2.400447  -0.55222413 
   13000    1.5642922    1.0527163    2464.8444   0.53999353   -2.9346009    2.3446754  -0.58992552 
   14000    1.6361594    1.0873037    2432.0436   0.54727636   -2.9851953    2.4523952  -0.53280013 
   15000    1.6063557   0.93300242    2446.3687    0.5440717   -3.0005002    2.4077233  -0.59277692 
   16000    1.5416474    1.0294556    2492.4613    0.5340103   -2.9056678    2.3107338  -0.59493403 
   17000    1.5752246   0.79195536    2489.8913    0.5345615    -2.935752    2.3610616  -0.57469037 
   18000    1.6070873     0.999109    2431.1121   0.54748607   -2.9662011    2.4088199  -0.55738119 
   19000    1.5688455    1.0649219     2420.625   0.54985799   -2.9940134    2.3515002  -0.64251325 
   20000    1.5644147    1.1112676    2489.7558   0.53459058   -2.8935052     2.344859   -0.5486462 
   21000    1.5922468     1.026658     2498.751   0.53266611   -2.8627056    2.3865757  -0.47612989 
   22000    1.5880715    1.0849929    2457.1681   0.54168049   -2.9575217    2.3803175  -0.57720422 
   23000    1.6258557    1.0614737    2427.3298   0.54833917   -3.0044379    2.4369513  -0.56748665 
   24000    1.5707197   0.93645035    2415.0767   0.55112121     -3.05887    2.3543094   -0.7045606 
   25000    1.5793903   0.98756566    2479.5889   0.53678252    -2.938181    2.3673055  -0.57087555 
   26000    1.6589216    1.1041755    2499.7785   0.53244717   -2.8877214    2.4865129  -0.40120851 
   27000    1.6171986     1.022957    2455.3578   0.54207985   -2.9956149    2.4239754  -0.57163948 
   28000    1.5585235    1.0637637     2414.408   0.55127385   -2.9757456    2.3360289  -0.63971672 
   29000    1.5391792   0.99537706    2394.3724   0.55588679   -3.0716061    2.3070341  -0.76457192 
   30000    1.5601098    1.0113298    2452.6265   0.54268353   -2.9550631    2.3384064  -0.61665663 
   31000    1.6308116    0.8859681    2471.4753   0.53854473    -2.960764    2.4443795  -0.51638454 
   32000    1.5855483   0.91613072    2460.9567   0.54084657    -2.972737    2.3765356  -0.59620145 
   33000    1.5517432    1.0717183    2386.8352   0.55764219   -3.0592213     2.325866  -0.73335528 
   34000    1.6009023   0.98870005    2425.8699   0.54866917   -3.0168346    2.3995493  -0.61728531 
   35000    1.6111911   0.99875312    2450.7459   0.54309997   -2.9793641    2.4149709  -0.56439323 
   36000    1.6300332   0.96277521    2482.9934   0.53604652   -2.9430464    2.4432128  -0.49983354 
   37000    1.5860026   0.77706155    2534.5798   0.52513636   -2.8904593    2.3772165  -0.51324288 
   38000    1.5704128   0.89530564     2449.762    0.5433181   -2.9916713    2.3538495  -0.63782183 
   39000    1.6180054    1.1311176    2415.7757   0.55096175   -2.9976341    2.4251847   -0.5724494 
   40000    1.6502529     1.115953    2444.0767   0.54458192   -2.9848657    2.4735195  -0.51134614 
   41000    1.5596686   0.92577261    2506.9893    0.5309157   -2.9047186    2.3377452  -0.56697344 
   42000    1.5753784   0.90687767    2451.2727   0.54298324   -3.0190355    2.3612922   -0.6577433 
   43000    1.6358681    1.0075187    2425.0472    0.5488553   -3.0315523    2.4519585  -0.57959376 
   44000    1.6468039    1.0353673     2497.485   0.53293614   -2.8968073    2.4683499  -0.42845739 
   45000    1.6169307   0.99496071    2498.7435   0.53266771     -2.88585    2.4235738  -0.46227626 
   46000    1.5822982   0.84021383    2487.3723   0.53510284   -2.9518088    2.3716641  -0.58014477 
   47000    1.5993483   0.92274231    2469.3924   0.53899898   -2.9562001      2.39722  -0.55898007 
   48000     1.590645    1.0515255    2464.4641   0.54007684   -2.9548509     2.384175  -0.57067595 
   49000    1.5801816   0.93691339    2442.9617   0.54483049   -2.9858241    2.3684915  -0.61733252 
   50000    1.5980376    1.0785691    2408.2539   0.55268258   -3.0105743    2.3952554  -0.61531893 
Loop time of 31.2317 on 1 procs for 50000 steps with 1331 atoms

Performance: 553283.453 tau/day, 1600.936 timesteps/s
99.7% CPU use with 1 MPI tasks x no OpenMP threads

MPI task timing breakdown:
Section |  min time  |  avg time  |  max time  |%varavg| %total
---------------------------------------------------------------
Pair    | 23.649     | 23.649     | 23.649     |   0.0 | 75.72
Neigh   | 4.308      | 4.308      | 4.308      |   0.0 | 13.79
Comm    | 0.7299     | 0.7299     | 0.7299     |   0.0 |  2.34
Output  | 0.027114   | 0.027114   | 0.027114   |   0.0 |  0.09
Modify  | 2.3628     | 2.3628     | 2.3628     |   0.0 |  7.57
Other   |            | 0.1547     |            |       |  0.50

Nlocal:    1331 ave 1331 max 1331 min
Histogram: 1 0 0 0 0 0 0 0 0 0
Nghost:    2445 ave 2445 max 2445 min
Histogram: 1 0 0 0 0 0 0 0 0 0
Neighs:    33285 ave 33285 max 33285 min
Histogram: 1 0 0 0 0 0 0 0 0 0

Total # of neighbors = 33285
Ave neighs/atom = 25.0075
Neighbor list builds = 2500
Dangerous builds not checked

write_restart lattice_11_11_11__2_2_2/sim1/T_1.60__P_1.00/end1.restart
Total wall time: 0:00:31
