run 50000
Neighbor list info ...
  update every 20 steps, delay 0 steps, check no
  max neighbors/atom: 2000, page size: 100000
  master list distance cutoff = 2.8
  ghost atom cutoff = 2.8
  binsize = 1.4, bins = 16 16 16
  1 neighbor lists, perpetual/occasional/extra = 1 0 0
  (1) pair lj/cut, perpetual
      attributes: half, newton on
      pair build: half/bin/atomonly/newton
      stencil: half/bin/3d/newton
      bin: standard
Per MPI rank memory allocation (min/avg/max) = 2.7 | 2.7 | 2.7 Mbytes
Step Temp Press Volume Density PotEng KinEng TotEng 
       0          1.4   0.12945836        10648        0.125  -0.13561964    2.0984222    1.9628026 
    1000    1.8326324   0.30050051    7327.4351    0.1816461   -1.0159493    2.7468833     1.730934 
    2000    1.5706035   0.29094016    5655.9861    0.2353259   -1.3169775    2.3541352    1.0371577 
    3000     1.456967    0.3122382    4547.8787   0.29266392   -1.6685841    2.1838085   0.51522443 
    4000    1.4449168   0.33885783    3780.6988   0.35205132   -2.0464102    2.1657469    0.1193367 
    5000    1.4412964   0.30744032    3253.7157   0.40907077   -2.3891463    2.1603203  -0.22882598 
    6000    1.4135838   0.57073195     2872.947   0.46328734    -2.602193    2.1187827  -0.48341035 
    7000     1.392467   0.58061871    2637.2903   0.50468468   -2.8368276    2.0871312  -0.74969645 
    8000    1.3791055   0.72173891    2484.4936   0.53572284   -3.0082948     2.067104  -0.94119083 
    9000    1.3790497   0.64302145    2412.2485   0.55176737   -3.1095648    2.0670204   -1.0425445 
   10000    1.4136979   0.76188863    2409.9277   0.55229872   -3.1017598    2.1189537  -0.98280611 
   11000    1.3849242    0.7807643    2438.2124   0.54589174   -3.0675527    2.0758255   -0.9917272 
   12000    1.3939422   0.86862319    2408.6348   0.55259519   -3.0508391    2.0893424   -0.9614967 
   13000     1.367382   0.69057387    2430.6769   0.54758409   -3.0694413     2.049532   -1.0199093 
   14000    1.3756494   0.63004073    2434.7784   0.54666166   -3.0960604    2.0619238   -1.0341366 
   15000    1.4172851   0.86253743      2418.87   0.55025693    -3.095206    2.1243304  -0.97087566 
   16000    1.4323442   0.79112152    2418.7916   0.55027478   -3.0698541     2.146902  -0.92295204 
   17000    1.3652448    0.6135508    2466.8681   0.53955053   -3.0726915    2.0463285    -1.026363 
   18000    1.3990196    0.7419427    2443.3444   0.54474515   -3.0359953    2.0969528  -0.93904251 
   19000    1.4317183   0.68218213    2429.9576   0.54774618   -3.0814117     2.145964  -0.93544778 
   20000    1.3716258   0.66773945    2420.2394    0.5499456   -3.1091619    2.0558929    -1.053269 
   21000    1.3948947   0.67638171    2382.0569   0.55876079   -3.1940788    2.0907701   -1.1033087 
   22000      1.41814   0.78847654    2305.5129    0.5773119   -3.2842438    2.1256118    -1.158632 
   23000    1.3855327   0.68863888    2392.8519   0.55624001   -3.1405092    2.0767376   -1.0637716 
   24000    1.4017875   0.64062008    2418.6224   0.55031327   -3.0824242    2.1011015  -0.98132274 
   25000    1.4598347   0.59695852    2435.1302   0.54658268   -3.0992075    2.1881068  -0.91110063 
   26000     1.392561    0.4668514    2514.4535   0.52933968   -3.0174678    2.0872721  -0.93019565 
   27000    1.4263957   0.51316106    2448.8036   0.54353072   -3.0947267    2.1379861  -0.95674062 
   28000    1.3902006   0.80465499    2387.5157   0.55748324   -3.1212594    2.0837342   -1.0375252 
   29000    1.3495156   0.68299627    2394.8323   0.55578004   -3.1101352    2.0227526   -1.0873826 
   30000    1.4094829   0.58351556    2451.4376   0.54294672    -3.093912     2.112636  -0.98127599 
   31000    1.4805874   0.86586833    2437.9725   0.54594546   -3.0544507    2.2192126  -0.83523811 
   32000     1.403672    0.6287401    2454.8881   0.54218357   -3.0655541    2.1039261  -0.96162802 
   33000    1.3438243   0.83055507    2406.8702   0.55300033   -3.0846085    2.0142219   -1.0703866 
   34000     1.408364   0.77129657    2372.0234   0.56112431   -3.1324698    2.1109588    -1.021511 
   35000    1.4180579   0.69296927    2428.0882   0.54816789   -3.0908556    2.1254887  -0.96536691 
   36000    1.3381903   0.57840288    2528.6711   0.52636344   -2.9514798    2.0057773   -0.9457025 
   37000    1.4319765   0.66992037    2453.2904   0.54253666   -3.0789487    2.1463509  -0.93259778 
   38000    1.4177107    0.7856957     2409.485    0.5524002   -3.0746097    2.1249683  -0.94964136 
   39000    1.3680984    0.6481904    2408.2281    0.5526885   -3.1131216    2.0506059   -1.0625158 
   40000    1.4230765    0.6513969    2460.1036   0.54103413   -3.0312212    2.1330109  -0.89821028 
   41000    1.4346808   0.72961897    2455.8282   0.54197601   -3.0466618    2.1504043   -0.8962575 
   42000    1.3856439   0.83750574    2387.4019   0.55750982   -3.1115517    2.0769043   -1.0346473 
   43000    1.3735578   0.67337477    2423.3842   0.54923194   -3.1030217    2.0587887    -1.044233 
   44000    1.4192104   0.54270988    2467.9274   0.53931894   -3.0547399    2.1272162  -0.92752363 
   45000    1.4289433   0.71584138    2435.0107    0.5466095   -3.0862031    2.1418046  -0.94439843 
   46000      1.43936    0.7632914    2350.8469   0.56617893   -3.2126027    2.1574179   -1.0551849 
   47000    1.3859906   0.85623081    2413.7505   0.55142401   -3.1064595     2.077424   -1.0290355 
   48000    1.4026303    0.6235955    2458.9691   0.54128374   -3.0477462    2.1023648  -0.94538141 
   49000     1.334052   0.65247803    2449.0792   0.54346956   -3.0515769    1.9995746   -1.0520023 
   50000    1.3701773   0.72140391    2371.6372   0.56121568   -3.1761265    2.0537218   -1.1224047 
Loop time of 31.6524 on 1 procs for 50000 steps with 1331 atoms

Performance: 545929.942 tau/day, 1579.658 timesteps/s
99.7% CPU use with 1 MPI tasks x no OpenMP threads

MPI task timing breakdown:
Section |  min time  |  avg time  |  max time  |%varavg| %total
---------------------------------------------------------------
Pair    | 24.03      | 24.03      | 24.03      |   0.0 | 75.92
Neigh   | 4.3333     | 4.3333     | 4.3333     |   0.0 | 13.69
Comm    | 0.73666    | 0.73666    | 0.73666    |   0.0 |  2.33
Output  | 0.02811    | 0.02811    | 0.02811    |   0.0 |  0.09
Modify  | 2.3671     | 2.3671     | 2.3671     |   0.0 |  7.48
Other   |            | 0.1571     |            |       |  0.50

Nlocal:    1331 ave 1331 max 1331 min
Histogram: 1 0 0 0 0 0 0 0 0 0
Nghost:    2531 ave 2531 max 2531 min
Histogram: 1 0 0 0 0 0 0 0 0 0
Neighs:    33878 ave 33878 max 33878 min
Histogram: 1 0 0 0 0 0 0 0 0 0

Total # of neighbors = 33878
Ave neighs/atom = 25.453
Neighbor list builds = 2500
Dangerous builds not checked

write_restart lattice_11_11_11__2_2_2/sim1/T_1.40__P_0.70/end1.restart
Total wall time: 0:00:31
