run 50000
Neighbor list info ...
  update every 20 steps, delay 0 steps, check no
  max neighbors/atom: 2000, page size: 100000
  master list distance cutoff = 2.8
  ghost atom cutoff = 2.8
  binsize = 1.4, bins = 8 8 8
  1 neighbor lists, perpetual/occasional/extra = 1 0 0
  (1) pair lj/cut, perpetual
      attributes: half, newton on
      pair build: half/bin/atomonly/newton
      stencil: half/bin/3d/newton
      bin: standard
Per MPI rank memory allocation (min/avg/max) = 2.797 | 2.797 | 2.797 Mbytes
Step Temp Press TotEng 
       0          0.6    105.38025    14.016215 
    1000    1.8828184    15.702045   -1.2456108 
    2000   0.80793619    7.2461242   -4.3046795 
    3000   0.55182329    4.5724866   -5.1469895 
    4000   0.55764088    4.6643347   -5.1216799 
    5000   0.66013915    5.3650822   -4.8507253 
    6000   0.58352627    4.7807926   -5.0695152 
    7000   0.56534463    4.6726592   -5.1063459 
    8000   0.65514407     5.113926   -4.9079545 
    9000   0.58079469    4.6622264   -5.0819184 
   10000   0.56676004    4.6210813   -5.1116614 
   11000   0.63480766    5.1264896   -4.9285896 
   12000   0.58445459    4.7022221   -5.0756975 
   13000    0.5837717    4.4420353    -5.124525 
   14000   0.65202009    4.8433589   -4.9539064 
   15000   0.59384231    4.5439276   -5.0972661 
   16000    0.5818334     4.353188    -5.142965 
   17000   0.63560727    4.8560862   -4.9804025 
   18000   0.60275497    4.4957577   -5.0890706 
   19000   0.57349756    4.2894937   -5.1625297 
   20000   0.62063918     4.745286   -5.0148812 
   21000   0.60355572    4.4819326   -5.0874594 
   22000   0.56741739    4.1604645   -5.1956664 
   23000   0.60301861    4.5567758   -5.0774032 
   24000   0.60970114    4.5091309   -5.0820191 
   25000   0.58390513     3.998247   -5.2046095 
   26000   0.58226899    4.2580304   -5.1545312 
   27000    0.5920294    4.2651944   -5.1425885 
   28000   0.59557843    3.5643754   -5.2725411 
   29000   0.59501832    3.7326347   -5.2359258 
   30000   0.61723279    3.7173473   -5.2125831 
   31000    0.5837587    3.2224296   -5.3449172 
   32000   0.59233172    2.9911226   -5.3751702 
   33000   0.63158086     2.806914   -5.3648212 
   34000   0.59904889    2.3555153   -5.4879269 
   35000    0.5806447    2.4090853   -5.4992058 
   36000   0.61172122     2.592817   -5.4221292 
   37000   0.58554078    2.4444064   -5.4833012 
   38000   0.59378113    2.2301248   -5.5135353 
   39000   0.63141651      2.48736    -5.426274 
   40000   0.59893941    2.3796707    -5.484704 
   41000   0.58254986    2.3413959   -5.5154673 
   42000   0.61193566    2.5363984    -5.439401 
   43000   0.61108106    2.2696876   -5.4871921 
   44000   0.57618811    2.3138672   -5.5228861 
   45000   0.61399343    2.4472104    -5.450352 
   46000   0.59841942    2.2996729   -5.4959388 
   47000   0.58930091    2.1981805   -5.5292754 
   48000   0.61818458     2.362626   -5.4586093 
   49000   0.60987841    2.1814949    -5.499746 
   50000   0.59270704    2.1042784   -5.5401516 
Loop time of 41.8898 on 1 procs for 50000 steps with 1331 atoms

Performance: 412510.504 tau/day, 1193.607 timesteps/s
99.9% CPU use with 1 MPI tasks x no OpenMP threads

MPI task timing breakdown:
Section |  min time  |  avg time  |  max time  |%varavg| %total
---------------------------------------------------------------
Pair    | 34.941     | 34.941     | 34.941     |   0.0 | 83.41
Neigh   | 5.081      | 5.081      | 5.081      |   0.0 | 12.13
Comm    | 0.74802    | 0.74802    | 0.74802    |   0.0 |  1.79
Output  | 0.025877   | 0.025877   | 0.025877   |   0.0 |  0.06
Modify  | 0.86112    | 0.86112    | 0.86112    |   0.0 |  2.06
Other   |            | 0.2324     |            |       |  0.55

Nlocal:    1331 ave 1331 max 1331 min
Histogram: 1 0 0 0 0 0 0 0 0 0
Nghost:    3238 ave 3238 max 3238 min
Histogram: 1 0 0 0 0 0 0 0 0 0
Neighs:    57781 ave 57781 max 57781 min
Histogram: 1 0 0 0 0 0 0 0 0 0

Total # of neighbors = 57781
Ave neighs/atom = 43.4117
Neighbor list builds = 2500
Dangerous builds not checked

write_restart NVT/sim1/T_0.60__v_0.73/end1.restart
Total wall time: 0:00:41
