run 50000
Neighbor list info ...
  update every 20 steps, delay 0 steps, check no
  max neighbors/atom: 2000, page size: 100000
  master list distance cutoff = 2.8
  ghost atom cutoff = 2.8
  binsize = 1.4, bins = 16 16 16
  1 neighbor lists, perpetual/occasional/extra = 1 0 0
  (1) pair lj/cut, perpetual
      attributes: half, newton on
      pair build: half/bin/atomonly/newton
      stencil: half/bin/3d/newton
      bin: standard
Per MPI rank memory allocation (min/avg/max) = 2.7 | 2.7 | 2.7 Mbytes
Step Temp Press Volume Density PotEng KinEng TotEng 
       0          1.4   0.12945836        10648        0.125  -0.13561964    2.0984222    1.9628026 
    1000    1.9192143    0.3306157     6627.073   0.20084282   -1.0711287    2.8766586    1.8055299 
    2000    1.6923776   0.34542415    4845.5301   0.27468615   -1.5502391    2.5366591   0.98641995 
    3000    1.5390236   0.39078336    3759.7172   0.35401599   -2.0158722     2.306801   0.29092879 
    4000    1.4966339   0.45985609    3053.0664   0.43595514   -2.4881265    2.2432642  -0.24486236 
    5000    1.4437688    0.6889398    2595.5288   0.51280495   -2.8665762    2.1640262  -0.70255006 
    6000    1.3955141   0.92087917    2323.8811   0.57274876   -3.1749868    2.0916984   -1.0832883 
    7000     1.365107    1.0162369    2183.2613   0.60963844   -3.4018603     2.046122   -1.3557383 
    8000    1.3850913     1.083417    2117.3707   0.62860983   -3.5465407     2.076076   -1.4704647 
    9000    1.3949147    1.1080074    2119.2815   0.62804305   -3.5149605       2.0908   -1.4241604 
   10000    1.3812794     1.091029    2147.2535   0.61986159   -3.4649774    2.0703624    -1.394615 
   11000    1.4041493    1.0974188    2134.0038   0.62371023   -3.5028092    2.1046416   -1.3981676 
   12000    1.4082877      1.12014    2124.6595   0.62645333    -3.516193    2.1108444   -1.4053486 
   13000     1.382186    1.1904676    2142.7375   0.62116802    -3.469377    2.0717213   -1.3976557 
   14000    1.4088027   0.96939583    2145.1427   0.62047153   -3.4890235    2.1116164   -1.3774071 
   15000    1.3865981    1.1668149    2136.2709   0.62304832   -3.4897838    2.0783344   -1.4114493 
   16000    1.4018899    1.1738663    2149.5609   0.61919622   -3.4863674     2.101255   -1.3851125 
   17000    1.4166893    1.1519156    2135.8323   0.62317627   -3.4646625    2.1234373   -1.3412251 
   18000    1.4440203    1.2549837    2096.3471   0.63491395   -3.5767278     2.164403   -1.4123247 
   19000    1.3633395    1.1339943    2105.4545   0.63216755    -3.541926    2.0434729   -1.4984531 
   20000    1.3697367   0.86347621    2152.4645   0.61836095   -3.4959962    2.0530614   -1.4429348 
   21000    1.3669074   0.83515535    2175.0689   0.61193463   -3.4515584    2.0488206   -1.4027377 
   22000    1.3929867    1.0438667    2143.6024   0.62091739   -3.5003363    2.0879102   -1.4124261 
   23000    1.4621628    1.0944796    2095.6004   0.63514018   -3.5745669    2.1915963   -1.3829706 
   24000    1.3351929    1.2177598    2106.3064   0.63191185   -3.5058597    2.0012846   -1.5045751 
   25000    1.3957582   0.97730681    2102.1022   0.63317569   -3.5687917    2.0920643   -1.4767274 
   26000    1.4297982   0.84350492    2156.5476   0.61719017   -3.5155396     2.143086   -1.3724536 
   27000    1.3835262     1.075213    2151.9117    0.6185198   -3.4603759    2.0737301   -1.3866458 
   28000    1.3993066    1.2373317     2085.708    0.6381526   -3.5725568    2.0973829   -1.4751739 
   29000    1.4194251    1.2467232    2116.5951   0.62884016   -3.4989955     2.127538   -1.3714576 
   30000    1.4343027      1.24462    2124.9479    0.6263683   -3.4904607    2.1498376   -1.3406231 
   31000    1.3837621    1.0538324    2116.7921   0.62878164   -3.5531285    2.0740837   -1.4790449 
   32000    1.2860254     1.040064    2094.7488   0.63539837   -3.5566479    1.9275888   -1.6290591 
   33000    1.3547629    1.0708445    2110.5466   0.63064232   -3.5241976    2.0306175   -1.4935801 
   34000     1.410076    1.1989453    2131.2523   0.62451545   -3.4958619     2.113525    -1.382337 
   35000    1.4492905    1.2708895    2126.3378   0.62595886   -3.4617275    2.1723025    -1.289425 
   36000    1.3996853     1.021788    2132.2861   0.62421266   -3.5030025    2.0979506   -1.4050519 
   37000    1.3513533    1.0826296    2110.9773   0.63051365   -3.5285902    2.0255069   -1.5030832 
   38000    1.3584723    1.0816349    2126.0941   0.62603062   -3.4882685    2.0361775    -1.452091 
   39000    1.4222278   0.97055423    2137.2752   0.62275555   -3.5145109    2.1317388   -1.3827721 
   40000    1.4167753    0.9550351    2140.9065   0.62169926   -3.5193474    2.1235662   -1.3957812 
   41000    1.3602069    1.1260178    2096.5948   0.63483892   -3.5731791    2.0387775   -1.5344017 
   42000    1.3834353    1.1501662    2122.6804   0.62703739   -3.4930842    2.0735938   -1.4194903 
   43000    1.4036899    1.1884894    2132.2961   0.62420975   -3.4740598    2.1039529   -1.3701069 
   44000    1.4457721    1.0477351    2122.8204   0.62699604   -3.5550714    2.1670288   -1.3880427 
   45000    1.3800847     1.049814    2136.7942   0.62289573   -3.4910408    2.0685718   -1.4224691 
   46000    1.3451182   0.83727609    2187.2142   0.60853665   -3.4531957    2.0161615   -1.4370343 
   47000    1.3875635    1.0406933    2170.8918   0.61311209   -3.4495733    2.0797815   -1.3697918 
   48000    1.4099813    1.2098912    2115.1246   0.62927736   -3.5239344     2.113383   -1.4105514 
   49000    1.3881123    1.2649951    2085.4549   0.63823004   -3.5624974    2.0806041   -1.4818933 
   50000    1.4147671    1.0751571    2140.2171   0.62189952   -3.5138811    2.1205563   -1.3933249 
Loop time of 34.8329 on 1 procs for 50000 steps with 1331 atoms

Performance: 496083.102 tau/day, 1435.426 timesteps/s
99.8% CPU use with 1 MPI tasks x no OpenMP threads

MPI task timing breakdown:
Section |  min time  |  avg time  |  max time  |%varavg| %total
---------------------------------------------------------------
Pair    | 27.047     | 27.047     | 27.047     |   0.0 | 77.65
Neigh   | 4.4491     | 4.4491     | 4.4491     |   0.0 | 12.77
Comm    | 0.77366    | 0.77366    | 0.77366    |   0.0 |  2.22
Output  | 0.027096   | 0.027096   | 0.027096   |   0.0 |  0.08
Modify  | 2.3744     | 2.3744     | 2.3744     |   0.0 |  6.82
Other   |            | 0.1613     |            |       |  0.46

Nlocal:    1331 ave 1331 max 1331 min
Histogram: 1 0 0 0 0 0 0 0 0 0
Nghost:    2610 ave 2610 max 2610 min
Histogram: 1 0 0 0 0 0 0 0 0 0
Neighs:    37321 ave 37321 max 37321 min
Histogram: 1 0 0 0 0 0 0 0 0 0

Total # of neighbors = 37321
Ave neighs/atom = 28.0398
Neighbor list builds = 2500
Dangerous builds not checked

write_restart lattice_11_11_11__2_2_2/sim1/T_1.40__P_1.10/end1.restart
Total wall time: 0:00:34
