run 50000
Neighbor list info ...
  update every 20 steps, delay 0 steps, check no
  max neighbors/atom: 2000, page size: 100000
  master list distance cutoff = 2.8
  ghost atom cutoff = 2.8
  binsize = 1.4, bins = 16 16 16
  1 neighbor lists, perpetual/occasional/extra = 1 0 0
  (1) pair lj/cut, perpetual
      attributes: half, newton on
      pair build: half/bin/atomonly/newton
      stencil: half/bin/3d/newton
      bin: standard
Per MPI rank memory allocation (min/avg/max) = 2.7 | 2.7 | 2.7 Mbytes
Step Temp Press Volume Density PotEng KinEng TotEng 
       0          0.8  0.054514712        10648        0.125  -0.13561964    1.1990984    1.0634788 
    1000    1.2157074   0.17742895    6636.2806   0.20056415   -1.2023588    1.8221911   0.61983224 
    2000    1.0656021   0.15204359    4738.5147    0.2808897   -1.8640039    1.5972023   -0.2668016 
    3000   0.96076674 0.0026368213    3529.5084   0.37710634   -2.4965258    1.4400674   -1.0564585 
    4000   0.90515876 -0.012193952    2707.5155   0.49159459   -3.1185629    1.3567181   -1.7618448 
    5000   0.90136855  0.053661035    2150.8341   0.61882968   -3.7698376     1.351037   -2.4188006 
    6000   0.88627371   0.49705067    1837.4425   0.72437642   -4.3543461    1.3284118   -3.0259344 
    7000   0.81882609   0.54487118    1711.9407   0.77748022   -4.7177552    1.2273163   -3.4904389 
    8000   0.78318146   0.37682581    1668.2019   0.79786506    -4.906104    1.1738896   -3.7322145 
    9000   0.79911963   0.69380551    1655.1781   0.80414308   -4.9011875    1.1977789   -3.7034086 
   10000   0.81839581   0.53628486    1681.2367   0.79167914   -4.8421056    1.2266714   -3.6154342 
   11000   0.79060232   0.60687196    1689.2626   0.78791775   -4.7846402    1.1850125   -3.5996277 
   12000   0.80933185   0.63029155    1676.5486   0.79389288   -4.8340354    1.2130857   -3.6209497 
   13000   0.79905055   0.57923907    1672.7397   0.79570059   -4.8536744    1.1976753    -3.655999 
   14000   0.78582286   0.63441354    1673.9934   0.79510468    -4.825604    1.1778487   -3.6477553 
   15000   0.80065531   0.62350259    1677.3119   0.79353158   -4.8456092    1.2000807   -3.6455285 
   16000   0.79525288   0.50791331     1686.117   0.78938769   -4.8320712    1.1919831   -3.6400881 
   17000   0.83372736   0.64281503    1678.3139   0.79305785   -4.8323888    1.2496515   -3.5827373 
   18000   0.79796161     0.651325    1677.5655   0.79341164    -4.818567    1.1960431   -3.6225239 
   19000   0.75377125    0.3469105    1693.1214   0.78612203   -4.8251744    1.1298074    -3.695367 
   20000   0.82435653    0.6747768    1668.8117   0.79757352   -4.8661794    1.2356058   -3.6305737 
   21000   0.79145237   0.66694409    1680.0714   0.79222825   -4.8065947    1.1862866   -3.6203081 
   22000   0.79620378     0.498683    1672.6032   0.79576557   -4.8761956    1.1934084   -3.6827873 
   23000   0.80431974   0.66615742     1664.171   0.79979762   -4.8704481    1.2055732    -3.664875 
   24000   0.77705657   0.56381926    1688.0859   0.78846698   -4.7988984    1.1647091   -3.6341893 
   25000   0.79737276    0.6706298    1690.5542   0.78731577   -4.7824231    1.1951605   -3.5872625 
   26000   0.78663534   0.78618508    1670.2623   0.79688082   -4.8288426    1.1790665   -3.6497761 
   27000   0.77650475   0.35825463    1681.5716   0.79152145   -4.8696706     1.163882   -3.7057885 
   28000   0.79719336   0.62848456    1677.0611   0.79365028   -4.8484581    1.1948916   -3.6535665 
   29000   0.83041876   0.52725685    1685.4955   0.78967876   -4.8257426    1.2446923   -3.5810503 
   30000   0.81935682   0.66131388    1683.5117   0.79060928   -4.8110757    1.2281118   -3.5829639 
   31000    0.7652515    0.6058892    1681.3374   0.79163172   -4.8190524    1.1470148   -3.6720376 
   32000   0.78649171    0.4665105    1677.3455   0.79351569   -4.8591539    1.1788512   -3.6803027 
   33000   0.84673017   0.52313872    1678.1291   0.79314516   -4.8668986     1.269141   -3.5977576 
   34000   0.80074498   0.49660805    1693.8337   0.78579143     -4.79743     1.200215   -3.5972149 
   35000   0.78181511   0.65485178    1665.6514   0.79908677   -4.8613601    1.1718416   -3.6895186 
   36000   0.78702963   0.74968121    1675.6429   0.79432197   -4.8123871    1.1796575   -3.6327296 
   37000   0.80854485   0.56644891    1683.6883   0.79052637   -4.8196945    1.2119061   -3.6077884 
   38000   0.82050157   0.40705375    1680.6619   0.79194987   -4.8799772    1.2298277   -3.6501495 
   39000   0.78188936   0.45003309    1663.1068    0.8003094    -4.910428    1.1719529   -3.7384751 
   40000   0.81163198   0.74111239    1654.5541   0.80444633   -4.9029656    1.2165333   -3.6864324 
   41000   0.78105559   0.49362767    1686.3207   0.78929233   -4.8242246    1.1707032   -3.6535215 
   42000   0.81319088   0.38926727    1680.4961     0.792028   -4.8473572    1.2188699   -3.6284873 
   43000   0.83699786   0.54086228     1674.634   0.79480054    -4.857483    1.2545535   -3.6029295 
   44000   0.79546024   0.70669174    1680.2747   0.79213238   -4.8075919    1.1922939    -3.615298 
   45000   0.81235543   0.41324329     1668.808   0.79757525    -4.910201    1.2176176   -3.6925834 
   46000   0.81395896   0.64705769    1657.5059   0.80301375   -4.9065449    1.2200211   -3.6865238 
   47000   0.79424881   0.58411455    1689.3915   0.78785764    -4.792099    1.1904781   -3.6016209 
   48000   0.79225119   0.65837214    1677.0505    0.7936553    -4.825404    1.1874839   -3.6379201 
   49000   0.78477747   0.50802096    1672.0145   0.79604573   -4.8574946    1.1762818   -3.6812128 
   50000   0.81600636   0.90158027    1664.9615   0.79941786   -4.8248092    1.2230899   -3.6017193 
Loop time of 35.7187 on 1 procs for 50000 steps with 1331 atoms

Performance: 483780.575 tau/day, 1399.828 timesteps/s
99.9% CPU use with 1 MPI tasks x no OpenMP threads

MPI task timing breakdown:
Section |  min time  |  avg time  |  max time  |%varavg| %total
---------------------------------------------------------------
Pair    | 28.41      | 28.41      | 28.41      |   0.0 | 79.54
Neigh   | 4.4221     | 4.4221     | 4.4221     |   0.0 | 12.38
Comm    | 0.69184    | 0.69184    | 0.69184    |   0.0 |  1.94
Output  | 0.024994   | 0.024994   | 0.024994   |   0.0 |  0.07
Modify  | 2.0268     | 2.0268     | 2.0268     |   0.0 |  5.67
Other   |            | 0.1431     |            |       |  0.40

Nlocal:    1331 ave 1331 max 1331 min
Histogram: 1 0 0 0 0 0 0 0 0 0
Nghost:    2891 ave 2891 max 2891 min
Histogram: 1 0 0 0 0 0 0 0 0 0
Neighs:    47517 ave 47517 max 47517 min
Histogram: 1 0 0 0 0 0 0 0 0 0

Total # of neighbors = 47517
Ave neighs/atom = 35.7002
Neighbor list builds = 2500
Dangerous builds not checked

write_restart lattice_11_11_11__2_2_2/sim1/T_0.80__P_0.60/end1.restart
Total wall time: 0:00:35
