run 50000
Neighbor list info ...
  update every 20 steps, delay 0 steps, check no
  max neighbors/atom: 2000, page size: 100000
  master list distance cutoff = 2.8
  ghost atom cutoff = 2.8
  binsize = 1.4, bins = 10 10 10
  1 neighbor lists, perpetual/occasional/extra = 1 0 0
  (1) pair lj/cut, perpetual
      attributes: half, newton on
      pair build: half/bin/atomonly/newton
      stencil: half/bin/3d/newton
      bin: standard
Per MPI rank memory allocation (min/avg/max) = 2.742 | 2.742 | 2.742 Mbytes
Step Temp Press TotEng 
       0          1.9   -1.2174876  -0.38211259 
    1000    1.7696398    1.1759251  0.092638315 
    2000    1.9338082    1.2905327   0.38834637 
    3000    1.8355695    1.0879418   0.17808614 
    4000    1.9335998     1.207727    0.3384888 
    5000    1.8724093    1.1063585   0.25593946 
    6000    1.9010282    1.2181402   0.29205458 
    7000    1.9205967    1.2375184   0.33435258 
    8000    1.8562634     1.188573   0.23418663 
    9000    2.0038815    1.1032826   0.41202465 
   10000    1.8685279    1.1109229   0.21565506 
   11000    1.8788039    1.1928029   0.27611707 
   12000    1.9336314    1.1463783   0.31233977 
   13000    1.8692954    1.0061052   0.19355532 
   14000    1.9041394     1.271031    0.3254366 
   15000    1.8293111    1.0851614   0.12529395 
   16000    1.8969468    1.0963953   0.28526607 
   17000    1.9231237    1.0088037   0.28364623 
   18000    1.8783999    1.0067613     0.223285 
   19000    1.9420426    1.2630283   0.38524578 
   20000    1.8444504    1.0755447   0.17231328 
   21000    1.8682591    1.3282907    0.2820961 
   22000    1.9267308    1.1504819   0.28408859 
   23000    1.8374459     1.001559   0.12134879 
   24000    1.8924941    1.1908899    0.2914841 
   25000    1.9278698    1.1853469   0.30460795 
   26000    1.8614883    1.1008161   0.18852986 
   27000    1.9285363    1.1877774   0.32293425 
   28000    1.8783766    1.1087554   0.22836874 
   29000    1.9755121    1.1940645   0.40806432 
   30000    1.8758445    1.1273185   0.23612462 
   31000    1.9105718    1.0555723   0.28247301 
   32000    1.9473629    1.2834125   0.38481833 
   33000    1.8389743    1.0989603   0.18568408 
   34000     1.943484    1.1339482   0.33594756 
   35000    1.8696777    1.3190929   0.29060626 
   36000    1.8832384    1.1548429   0.25589094 
   37000    1.9548788    1.2516044   0.39513986 
   38000    1.8657398    1.0324613   0.20546067 
   39000    1.8995167    1.1816286   0.30407647 
   40000    1.8534442    1.1806114    0.2075929 
   41000    1.8844369    1.0451303   0.20996324 
   42000    1.9107312      1.20615   0.31721586 
   43000    1.8377474    1.0537785   0.15714977 
   44000    1.9478836    1.0495057   0.33741854 
   45000    1.8754456    1.0796376   0.24129193 
   46000    1.9415567    1.1990111   0.33280428 
   47000    1.9104353    1.1204024   0.30358209 
   48000    1.9029225    1.1442659   0.26228348 
   49000    1.9747308    1.3170747   0.43591309 
   50000    1.8811828    1.1069659   0.21033877 
Loop time of 23.4263 on 1 procs for 50000 steps with 1331 atoms

Performance: 737634.025 tau/day, 2134.358 timesteps/s
99.9% CPU use with 1 MPI tasks x no OpenMP threads

MPI task timing breakdown:
Section |  min time  |  avg time  |  max time  |%varavg| %total
---------------------------------------------------------------
Pair    | 18.454     | 18.454     | 18.454     |   0.0 | 78.77
Neigh   | 3.3901     | 3.3901     | 3.3901     |   0.0 | 14.47
Comm    | 0.60245    | 0.60245    | 0.60245    |   0.0 |  2.57
Output  | 0.022833   | 0.022833   | 0.022833   |   0.0 |  0.10
Modify  | 0.83836    | 0.83836    | 0.83836    |   0.0 |  3.58
Other   |            | 0.1186     |            |       |  0.51

Nlocal:    1331 ave 1331 max 1331 min
Histogram: 1 0 0 0 0 0 0 0 0 0
Nghost:    2417 ave 2417 max 2417 min
Histogram: 1 0 0 0 0 0 0 0 0 0
Neighs:    29353 ave 29353 max 29353 min
Histogram: 1 0 0 0 0 0 0 0 0 0

Total # of neighbors = 29353
Ave neighs/atom = 22.0533
Neighbor list builds = 2500
Dangerous builds not checked

write_restart NVT/sim1/T_1.90__v_1.73/end1.restart
Total wall time: 0:00:23
