run 50000
Neighbor list info ...
  update every 20 steps, delay 0 steps, check no
  max neighbors/atom: 2000, page size: 100000
  master list distance cutoff = 2.8
  ghost atom cutoff = 2.8
  binsize = 1.4, bins = 20 20 20
  1 neighbor lists, perpetual/occasional/extra = 1 0 0
  (1) pair lj/cut, perpetual
      attributes: half, newton on
      pair build: half/bin/atomonly/newton
      stencil: half/bin/3d/newton
      bin: standard
Per MPI rank memory allocation (min/avg/max) = 2.724 | 2.724 | 2.724 Mbytes
Step Temp Press TotEng 
       0          1.2  0.078851952    1.7863186 
    1000    1.2645827  0.074098632    1.4689854 
    2000    1.1595511  0.058283608    1.2864378 
    3000    1.2235463  0.065882518    1.3579816 
    4000    1.1705007  0.066550909     1.261958 
    5000      1.23377  0.065696851    1.3548732 
    6000    1.1471744  0.064030538    1.2386502 
    7000    1.1980361  0.068314614    1.3136537 
    8000     1.203715  0.065575727    1.3284181 
    9000    1.1494803  0.059230928    1.2329101 
   10000    1.2197872  0.073890134    1.3503526 
   11000    1.1719469  0.061007918    1.2728103 
   12000    1.2519165  0.073268315    1.3965668 
   13000    1.1789522  0.064959376    1.2800365 
   14000    1.2243889  0.063092921    1.3733851 
   15000    1.1594014  0.059184179     1.250075 
   16000     1.215435  0.064632527    1.3575923 
   17000    1.1869802  0.065685345    1.2859931 
   18000    1.2148706  0.068302499    1.3565952 
   19000    1.1788797  0.066585252    1.3282065 
   20000     1.209268  0.062094816    1.3203785 
   21000    1.2245227  0.062487299    1.3770182 
   22000     1.177857  0.059974643    1.3038281 
   23000    1.2144316  0.070664797    1.3644869 
   24000    1.1457121  0.066903125    1.2508167 
   25000    1.2020618  0.072226911    1.3387399 
   26000    1.2285808  0.072221633    1.3740227 
   27000    1.2253629  0.071854526    1.3574504 
   28000    1.1849686  0.066795458    1.3138496 
   29000    1.2163345  0.061854689    1.3459054 
   30000     1.161036  0.060375503    1.2664605 
   31000    1.2059755  0.070636708    1.3437958 
   32000    1.2208639  0.066949043    1.3489126 
   33000    1.1563841  0.063088092    1.2659102 
   34000    1.2049697   0.07328414    1.3600257 
   35000    1.1910185  0.069619082    1.3465095 
   36000    1.1812586  0.061016771    1.3012083 
   37000    1.2480844  0.068196474    1.3984318 
   38000    1.1810934  0.065979173    1.2853581 
   39000    1.2258885  0.064268262    1.3177553 
   40000    1.1765429  0.064688002    1.3169475 
   41000    1.2156195  0.063709463    1.3498914 
   42000    1.1972659  0.065165655     1.358645 
   43000    1.1748732  0.060291652    1.2462735 
   44000    1.2076095  0.072867414    1.3647634 
   45000    1.1842737  0.066340326    1.3044478 
   46000    1.2551568  0.073173919    1.3904705 
   47000    1.1738041  0.063822791    1.2771254 
   48000    1.2076582  0.063876946     1.353304 
   49000    1.1942911  0.058689872    1.2854137 
   50000    1.1919996  0.068610668    1.2962799 
Loop time of 5.63652 on 1 procs for 50000 steps with 1331 atoms

Performance: 3065720.341 tau/day, 8870.719 timesteps/s
99.7% CPU use with 1 MPI tasks x no OpenMP threads

MPI task timing breakdown:
Section |  min time  |  avg time  |  max time  |%varavg| %total
---------------------------------------------------------------
Pair    | 3.1019     | 3.1019     | 3.1019     |   0.0 | 55.03
Neigh   | 1.2966     | 1.2966     | 1.2966     |   0.0 | 23.00
Comm    | 0.28925    | 0.28925    | 0.28925    |   0.0 |  5.13
Output  | 0.022701   | 0.022701   | 0.022701   |   0.0 |  0.40
Modify  | 0.84325    | 0.84325    | 0.84325    |   0.0 | 14.96
Other   |            | 0.0828     |            |       |  1.47

Nlocal:    1331 ave 1331 max 1331 min
Histogram: 1 0 0 0 0 0 0 0 0 0
Nghost:    994 ave 994 max 994 min
Histogram: 1 0 0 0 0 0 0 0 0 0
Neighs:    4465 ave 4465 max 4465 min
Histogram: 1 0 0 0 0 0 0 0 0 0

Total # of neighbors = 4465
Ave neighs/atom = 3.35462
Neighbor list builds = 2500
Dangerous builds not checked

write_restart NVT/sim1/T_1.20__v_15.62/end1.restart
Total wall time: 0:00:05
