run 50000
Neighbor list info ...
  update every 20 steps, delay 0 steps, check no
  max neighbors/atom: 2000, page size: 100000
  master list distance cutoff = 2.8
  ghost atom cutoff = 2.8
  binsize = 1.4, bins = 21 21 21
  1 neighbor lists, perpetual/occasional/extra = 1 0 0
  (1) pair lj/cut, perpetual
      attributes: half, newton on
      pair build: half/bin/atomonly/newton
      stencil: half/bin/3d/newton
      bin: standard
Per MPI rank memory allocation (min/avg/max) = 2.731 | 2.731 | 2.731 Mbytes
Step Temp Press TotEng 
       0          0.1 0.0036509479   0.13755824 
    1000   0.23587716 0.0024736307   -0.0386047 
    2000   0.25522031 -0.0025949403  -0.46914599 
    3000   0.26959141 0.0051293892   -1.0333551 
    4000   0.25716752 -0.0066066803   -1.6874864 
    5000   0.21654303 -0.0056271285   -2.2594933 
    6000   0.16336242 -0.0016585667   -2.6559802 
    7000   0.13187324 0.0033362278   -2.9087991 
    8000   0.11051921 0.00092824947   -3.0608199 
    9000  0.094921197 0.00067330157   -3.1491614 
   10000  0.093769265 0.00097069568   -3.1581806 
   11000   0.10561578 -0.0016403594   -3.1175112 
   12000   0.10528704 0.00090285671   -3.1398291 
   13000  0.094444433 0.0023019115   -3.1911419 
   14000  0.099881018 -0.0027035301   -3.1885158 
   15000   0.10267715 0.0010903979   -3.1822801 
   16000   0.10449592 -0.00083308315   -3.2075999 
   17000  0.098014353 0.0004910951   -3.2200033 
   18000  0.099331549 -0.0014645506   -3.2176282 
   19000   0.10152261 -0.0011753204   -3.2229662 
   20000   0.09663624 -0.002407892   -3.2382846 
   21000   0.10318572 -0.0027973679   -3.2235671 
   22000   0.10508395 0.00044809414   -3.2223023 
   23000  0.096642744 -0.0013630583   -3.2555695 
   24000  0.097675208 0.0016852599   -3.2544917 
   25000   0.10544596 -0.00082089397   -3.2395817 
   26000  0.099671977 0.0039359807   -3.2669991 
   27000  0.095433846 -0.00012636968   -3.2791925 
   28000   0.10254059 -0.0023638615   -3.2587646 
   29000    0.1053741 0.0036292236   -3.2620091 
   30000   0.09639716 0.00044036644   -3.2933614 
   31000   0.10337887 0.0029864697   -3.2879529 
   32000   0.10045458 0.0034340319   -3.2781261 
   33000  0.095265041 -0.0045535297   -3.2930873 
   34000   0.09408843 0.0046601551   -3.3019099 
   35000    0.1018215 0.00054315523   -3.2897185 
   36000   0.10018002 -0.0047399346   -3.2847831 
   37000  0.096290585 -0.00042520679   -3.3053243 
   38000  0.098696764 0.0032059724   -3.3024683 
   39000    0.1019224 0.0016741767   -3.2860603 
   40000   0.10225904 0.00014394294   -3.3026524 
   41000  0.094463561 -0.0032594221    -3.332273 
   42000  0.099295972 0.0030841199   -3.3276388 
   43000   0.10343328 0.0022929984   -3.3086002 
   44000   0.10634173 6.4950589e-05    -3.312015 
   45000  0.093057595 -0.0046364657   -3.3328014 
   46000   0.10110314 -0.0031052496   -3.3163791 
   47000   0.10606644 0.0013219214   -3.3073064 
   48000  0.096178804 0.0012760566   -3.3305571 
   49000  0.098536361 -0.0011798539     -3.32787 
   50000   0.10466611 -0.0024327979   -3.3074263 
Loop time of 10.1519 on 1 procs for 50000 steps with 1331 atoms

Performance: 1702149.029 tau/day, 4925.200 timesteps/s
99.7% CPU use with 1 MPI tasks x no OpenMP threads

MPI task timing breakdown:
Section |  min time  |  avg time  |  max time  |%varavg| %total
---------------------------------------------------------------
Pair    | 7.5949     | 7.5949     | 7.5949     |   0.0 | 74.81
Neigh   | 1.2393     | 1.2393     | 1.2393     |   0.0 | 12.21
Comm    | 0.33298    | 0.33298    | 0.33298    |   0.0 |  3.28
Output  | 0.026854   | 0.026854   | 0.026854   |   0.0 |  0.26
Modify  | 0.86471    | 0.86471    | 0.86471    |   0.0 |  8.52
Other   |            | 0.09311    |            |       |  0.92

Nlocal:    1331 ave 1331 max 1331 min
Histogram: 1 0 0 0 0 0 0 0 0 0
Nghost:    1354 ave 1354 max 1354 min
Histogram: 1 0 0 0 0 0 0 0 0 0
Neighs:    14588 ave 14588 max 14588 min
Histogram: 1 0 0 0 0 0 0 0 0 0

Total # of neighbors = 14588
Ave neighs/atom = 10.9602
Neighbor list builds = 2500
Dangerous builds not checked

write_restart NVT/sim1/T_0.10__v_19.68/end1.restart
Total wall time: 0:00:10
