run 50000
Neighbor list info ...
  update every 20 steps, delay 0 steps, check no
  max neighbors/atom: 2000, page size: 100000
  master list distance cutoff = 2.8
  ghost atom cutoff = 2.8
  binsize = 1.4, bins = 16 16 16
  1 neighbor lists, perpetual/occasional/extra = 1 0 0
  (1) pair lj/cut, perpetual
      attributes: half, newton on
      pair build: half/bin/atomonly/newton
      stencil: half/bin/3d/newton
      bin: standard
Per MPI rank memory allocation (min/avg/max) = 2.711 | 2.711 | 2.711 Mbytes
Step Temp Press TotEng 
       0          0.2 -0.039842956   0.10499305 
    1000    0.5097793 -0.0063828518  -0.53761926 
    2000   0.50189874 0.0034238897     -1.51787 
    3000     0.441867 -0.0046752424   -2.5381141 
    4000   0.35270272 -0.025547463   -3.3757203 
    5000   0.28031695 -0.0048749951   -3.9317968 
    6000   0.22805866 -0.010597518   -4.2803891 
    7000   0.20576995 -0.0029675393   -4.4862213 
    8000   0.19254973 0.00080669126   -4.5725199 
    9000   0.20860618 -0.014993549   -4.5876936 
   10000    0.1918076 -0.013084795   -4.7143429 
   11000   0.19158069 0.0022021374   -4.7864703 
   12000   0.19992871 -0.0062351892   -4.7922858 
   13000   0.20078771 0.0087822827   -4.8193544 
   14000   0.19380681 -0.0070669305   -4.8744149 
   15000   0.19439216 -0.00081628792   -4.9016524 
   16000   0.20625723 -0.0097042506   -4.9094218 
   17000   0.19948024 -0.0052339486   -4.9158853 
   18000   0.19846133 0.0038283991   -4.9337088 
   19000   0.20569032 -0.00067509469   -4.9331894 
   20000   0.20535976 -0.0047130339   -4.9396244 
   21000   0.19373082 0.0001993835   -4.9706771 
   22000   0.19965042 0.0056045557   -4.9804661 
   23000   0.20831827 -0.0097010731   -4.9745035 
   24000   0.19606639 -0.0074775167   -5.0262739 
   25000   0.20265834 -0.003181573   -5.0608053 
   26000   0.19963212 -0.020698867   -5.0641664 
   27000   0.20169596 -0.015851674   -5.0830198 
   28000   0.20026614 -0.019117581   -5.0878191 
   29000   0.20392174 -0.0029227982   -5.0824352 
   30000   0.19644146  0.019344428   -5.1093661 
   31000    0.2041093 -0.019780928   -5.1291522 
   32000   0.19984335 0.0060199841   -5.1137595 
   33000   0.20456179 0.0060265762   -5.1131579 
   34000   0.19703774 -0.00028865466   -5.1548059 
   35000   0.20381031 -0.021296604   -5.1612465 
   36000   0.20602053 -0.013243332   -5.1391435 
   37000   0.20187103 -0.0079865559   -5.1530096 
   38000   0.19508355 -0.020794171    -5.179075 
   39000   0.20020196 0.0057062898   -5.1600209 
   40000   0.20382804 0.0087896422    -5.150416 
   41000   0.19893467 -0.0030681941   -5.1822426 
   42000    0.1952251 -0.0099549119    -5.207423 
   43000   0.20862981 -0.00026648993   -5.2107206 
   44000   0.19357441 0.0060103854   -5.2612102 
   45000   0.19328618 -0.0088101778   -5.2941055 
   46000   0.20683021 -0.026993463   -5.2614769 
   47000   0.20857046 -0.015593786   -5.2762831 
   48000   0.19011381 -0.039193204   -5.3295865 
   49000   0.19911381 -0.024651555    -5.311303 
   50000   0.21159337 -0.031875826   -5.2914382 
Loop time of 27.4107 on 1 procs for 50000 steps with 1331 atoms

Performance: 630410.842 tau/day, 1824.105 timesteps/s
99.9% CPU use with 1 MPI tasks x no OpenMP threads

MPI task timing breakdown:
Section |  min time  |  avg time  |  max time  |%varavg| %total
---------------------------------------------------------------
Pair    | 22.846     | 22.846     | 22.846     |   0.0 | 83.35
Neigh   | 3.273      | 3.273      | 3.273      |   0.0 | 11.94
Comm    | 0.24571    | 0.24571    | 0.24571    |   0.0 |  0.90
Output  | 0.026391   | 0.026391   | 0.026391   |   0.0 |  0.10
Modify  | 0.93374    | 0.93374    | 0.93374    |   0.0 |  3.41
Other   |            | 0.08593    |            |       |  0.31

Nlocal:    1331 ave 1331 max 1331 min
Histogram: 1 0 0 0 0 0 0 0 0 0
Nghost:    646 ave 646 max 646 min
Histogram: 1 0 0 0 0 0 0 0 0 0
Neighs:    41083 ave 41083 max 41083 min
Histogram: 1 0 0 0 0 0 0 0 0 0

Total # of neighbors = 41083
Ave neighs/atom = 30.8663
Neighbor list builds = 2500
Dangerous builds not checked

write_restart NVT/sim1/T_0.20__v_6.86/end1.restart
Total wall time: 0:00:27
