run 50000
Neighbor list info ...
  update every 20 steps, delay 0 steps, check no
  max neighbors/atom: 2000, page size: 100000
  master list distance cutoff = 2.8
  ghost atom cutoff = 2.8
  binsize = 1.4, bins = 11 11 11
  1 neighbor lists, perpetual/occasional/extra = 1 0 0
  (1) pair lj/cut, perpetual
      attributes: half, newton on
      pair build: half/bin/atomonly/newton
      stencil: half/bin/3d/newton
      bin: standard
Per MPI rank memory allocation (min/avg/max) = 2.735 | 2.735 | 2.735 Mbytes
Step Temp Press TotEng 
       0          0.2   -1.4508034    -1.927096 
    1000   0.59368604 -0.073673785   -3.2136687 
    2000    0.4094851 -0.015169654   -4.3112947 
    3000   0.28776774 -0.011117764   -4.9569803 
    4000   0.21804487 -0.065681461   -5.2817831 
    5000   0.18449587 -0.012555661    -5.410365 
    6000   0.20164353  -0.04531102   -5.3732657 
    7000   0.21336264  0.017144952   -5.3476484 
    8000   0.19152249  0.037752239   -5.4111446 
    9000   0.19628748 0.0019419222   -5.4074151 
   10000   0.20750873 -0.033742854   -5.3722867 
   11000   0.19908567 -0.016331363    -5.410427 
   12000   0.19244811 -0.020217351   -5.4421392 
   13000   0.20292394  0.038252608   -5.4210187 
   14000   0.20081812 -0.00024667602   -5.4212219 
   15000   0.19086171  -0.00914404   -5.4464464 
   16000   0.19919863  0.011392636   -5.4388694 
   17000   0.20071416 -0.011298036    -5.425612 
   18000   0.19930655 -0.030261843   -5.4405159 
   19000   0.20115419 0.0047995707   -5.4522485 
   20000    0.1993178  0.001584114   -5.4356401 
   21000   0.20197032  0.036287581   -5.4384665 
   22000   0.19452264  0.045391749   -5.4670476 
   23000   0.19724205  0.048253209   -5.4518128 
   24000   0.19975439  0.013718699   -5.4423428 
   25000   0.19495889 -0.061763846   -5.4708717 
   26000    0.1990671  0.011283166    -5.466908 
   27000   0.20437741 -0.029944062   -5.4458164 
   28000   0.20109379  0.047897498   -5.4726164 
   29000   0.19922108 -0.019971265   -5.4856465 
   30000   0.20662603 -0.019129435    -5.459831 
   31000   0.20574012  0.050613876   -5.4661071 
   32000   0.19494265 -0.00086204901   -5.4900899 
   33000   0.20016212  -0.04181141   -5.4836519 
   34000   0.20620049 -0.00049548396   -5.4706949 
   35000    0.1984519 -0.0084287364     -5.49108 
   36000   0.19677557 -0.021359766   -5.4979613 
   37000   0.19860077   0.01709881   -5.4929275 
   38000   0.19663775  0.012830368   -5.4942685 
   39000   0.19831123  0.030600589   -5.4982664 
   40000   0.19992701  0.054949898   -5.4932488 
   41000   0.20011008  0.029995883   -5.4976318 
   42000   0.20200369 -0.029799569   -5.5107295 
   43000   0.20052869 0.0029108794   -5.5200711 
   44000   0.19665655 -0.030600954      -5.5129 
   45000   0.19702867  0.001559969   -5.5129702 
   46000   0.19783054  0.016485733    -5.524026 
   47000   0.20551832 -0.035752123    -5.522334 
   48000    0.2018698 -0.048619266   -5.5222793 
   49000   0.20129566 -0.068792711   -5.5375402 
   50000   0.20398773 -0.012659291   -5.5459956 
Loop time of 30.7067 on 1 procs for 50000 steps with 1331 atoms

Performance: 562744.131 tau/day, 1628.311 timesteps/s
99.9% CPU use with 1 MPI tasks x no OpenMP threads

MPI task timing breakdown:
Section |  min time  |  avg time  |  max time  |%varavg| %total
---------------------------------------------------------------
Pair    | 25.825     | 25.825     | 25.825     |   0.0 | 84.10
Neigh   | 3.7645     | 3.7645     | 3.7645     |   0.0 | 12.26
Comm    | 0.17174    | 0.17174    | 0.17174    |   0.0 |  0.56
Output  | 0.025037   | 0.025037   | 0.025037   |   0.0 |  0.08
Modify  | 0.84849    | 0.84849    | 0.84849    |   0.0 |  2.76
Other   |            | 0.07152    |            |       |  0.23

Nlocal:    1331 ave 1331 max 1331 min
Histogram: 1 0 0 0 0 0 0 0 0 0
Nghost:    525 ave 525 max 525 min
Histogram: 1 0 0 0 0 0 0 0 0 0
Neighs:    45214 ave 45214 max 45214 min
Histogram: 1 0 0 0 0 0 0 0 0 0

Total # of neighbors = 45214
Ave neighs/atom = 33.9699
Neighbor list builds = 2500
Dangerous builds not checked

write_restart NVT/sim1/T_0.20__v_2.20/end1.restart
Total wall time: 0:00:30
