run 50000
Neighbor list info ...
  update every 20 steps, delay 0 steps, check no
  max neighbors/atom: 2000, page size: 100000
  master list distance cutoff = 2.8
  ghost atom cutoff = 2.8
  binsize = 1.4, bins = 16 16 16
  1 neighbor lists, perpetual/occasional/extra = 1 0 0
  (1) pair lj/cut, perpetual
      attributes: half, newton on
      pair build: half/bin/atomonly/newton
      stencil: half/bin/3d/newton
      bin: standard
Per MPI rank memory allocation (min/avg/max) = 2.7 | 2.7 | 2.7 Mbytes
Step Temp Press Volume Density PotEng KinEng TotEng 
       0          1.6   0.15443958        10648        0.125  -0.13561964    2.3981968    2.2625772 
    1000    2.2315915   0.45444692    6261.9604   0.21255324   -1.0981994    3.3448722    2.2466728 
    2000    1.9458826   0.53562638    4458.6671   0.29851971   -1.5720486    2.9166309    1.3445824 
    3000    1.7981681    0.6398902    3431.5947   0.38786632   -2.1198522    2.6952256   0.57537345 
    4000    1.6972946   0.98472114     2797.599   0.47576511   -2.5848525    2.5440291 -0.040823353 
    5000    1.6211491    1.1587196    2415.4746   0.55103042   -2.9634676    2.4298966  -0.53357098 
    6000    1.5829847    1.4366029    2203.9229   0.60392312   -3.2823343    2.3726931  -0.90964123 
    7000     1.556112    1.6989907    2099.4031   0.63398972   -3.4185228    2.3324143   -1.0861085 
    8000     1.599987    1.6147863    2090.6187   0.63665363   -3.4699886    2.3981773   -1.0718113 
    9000    1.6066736    1.7184169    2121.2565   0.62745831    -3.375594    2.4081997  -0.96739428 
   10000    1.6230241    1.4446373    2127.9441   0.62548635   -3.4287466    2.4327071  -0.99603949 
   11000    1.5688308    1.7936621     2101.448   0.63337281   -3.4184282    2.3514782     -1.06695 
   12000    1.5918286    1.7343044    2107.9025   0.63143339   -3.4247195    2.3859489   -1.0387707 
   13000    1.5557658    1.7032513    2125.1981   0.62629454   -3.3555085    2.3318954   -1.0236131 
   14000     1.600281    1.4892617     2112.702   0.62999892   -3.4639929    2.3986181   -1.0653749 
   15000    1.6060838    1.7670782    2090.8754   0.63657547   -3.4417447    2.4073156    -1.034429 
   16000    1.6223184    1.4672171    2120.1263    0.6277928   -3.4628258    2.4316493   -1.0311765 
   17000    1.5867837    1.3597676    2156.8195   0.61711238   -3.4147928    2.3783873   -1.0364055 
   18000    1.5717168    1.3584014    2148.8362   0.61940506   -3.4330159     2.355804   -1.0772119 
   19000    1.5983001    1.4257049    2107.3073   0.63161172   -3.4876275    2.3956489   -1.0919785 
   20000    1.5960007    1.6778886    2096.8017    0.6347763   -3.4388461    2.3922025   -1.0466437 
   21000    1.6193293    1.5833792    2120.9013   0.62756337   -3.4182074     2.427169  -0.99103835 
   22000    1.5479847    1.7929073    2122.2978   0.62715043   -3.3631934    2.3202326   -1.0429608 
   23000    1.5731032    1.4792182    2077.4805    0.6406799   -3.4970996     2.357882   -1.1392176 
   24000    1.6148556    1.7471438    2095.9171   0.63504419   -3.4228239    2.4204635   -1.0023604 
   25000    1.6559173    1.6279721    2123.9853   0.62665217   -3.3862635    2.4820097  -0.90425377 
   26000    1.6125549    1.6469641    2100.8804   0.63354391   -3.4517937     2.417015   -1.0347787 
   27000    1.5929898    1.5355329    2109.1957   0.63104623   -3.4499924    2.3876895    -1.062303 
   28000    1.5574417    1.7132832    2110.8655   0.63054705   -3.4062982    2.3344074   -1.0718908 
   29000    1.6323613    1.4602395    2132.9472   0.62401919   -3.4328456    2.4467023   -0.9861433 
   30000    1.6216756    1.3485532    2139.5291   0.62209951   -3.4362348    2.4306859   -1.0055489 
   31000    1.5542452    1.7445072    2072.7028   0.64215671   -3.4440338    2.3296163   -1.1144176 
   32000    1.6320233    1.7985886    2076.6603   0.64093295   -3.4637275    2.4461958   -1.0175317 
   33000     1.639737    1.6332422    2118.7396   0.62820366    -3.419486    2.4577576  -0.96172844 
   34000    1.5600783    1.4710133    2160.4238   0.61608284   -3.3578311    2.3383593   -1.0194718 
   35000    1.5738738    1.5350524    2138.7552   0.62232461   -3.4197234     2.359037   -1.0606864 
   36000    1.6008575    1.8880358    2101.0717   0.63348624   -3.3927246    2.3994821  -0.99324255 
   37000    1.6288222    1.6093591     2069.742   0.64307531   -3.5481855    2.4413976   -1.1067879 
   38000    1.5430493    1.7699793    2068.0314   0.64360725   -3.4870227     2.312835   -1.1741877 
   39000    1.5568732    1.5951853    2125.0503   0.62633813   -3.3913082    2.3335552    -1.057753 
   40000    1.5682545    1.5568987    2132.3614   0.62419064   -3.3878575    2.3506143   -1.0372431 
   41000    1.6287251    1.6968159    2124.8406   0.62639993   -3.3848463    2.4412521  -0.94359414 
   42000    1.6436286    1.5970677    2120.1325   0.62779096   -3.4138856    2.4635906  -0.95029505 
   43000    1.5933245    1.5262793    2105.3676   0.63219363   -3.4847048    2.3881911   -1.0965137 
   44000    1.6217877    1.6781195    2118.8456   0.62817223   -3.4042221    2.4308539  -0.97336823 
   45000    1.6951418    1.6530173    2156.8265   0.61711037   -3.3393479    2.5408023  -0.79854564 
   46000    1.6597363     1.864149    2113.0418   0.62989763   -3.3797861     2.487734  -0.89205215 
   47000    1.5901925    1.5117965    2123.8832   0.62668228   -3.4241986    2.3834967    -1.040702 
   48000    1.5287851    1.4669359    2129.3177   0.62508287   -3.4490722    2.2914548   -1.1576174 
   49000    1.5888828    1.6615403     2112.018   0.63020295   -3.4073734    2.3815336   -1.0258398 
   50000    1.6536261    1.5334696    2154.8028   0.61768995   -3.3528776    2.4785756  -0.87430196 
Loop time of 34.7513 on 1 procs for 50000 steps with 1331 atoms

Performance: 497248.290 tau/day, 1438.797 timesteps/s
99.8% CPU use with 1 MPI tasks x no OpenMP threads

MPI task timing breakdown:
Section |  min time  |  avg time  |  max time  |%varavg| %total
---------------------------------------------------------------
Pair    | 27.062     | 27.062     | 27.062     |   0.0 | 77.87
Neigh   | 4.3748     | 4.3748     | 4.3748     |   0.0 | 12.59
Comm    | 0.77874    | 0.77874    | 0.77874    |   0.0 |  2.24
Output  | 0.02844    | 0.02844    | 0.02844    |   0.0 |  0.08
Modify  | 2.3491     | 2.3491     | 2.3491     |   0.0 |  6.76
Other   |            | 0.1585     |            |       |  0.46

Nlocal:    1331 ave 1331 max 1331 min
Histogram: 1 0 0 0 0 0 0 0 0 0
Nghost:    2581 ave 2581 max 2581 min
Histogram: 1 0 0 0 0 0 0 0 0 0
Neighs:    37113 ave 37113 max 37113 min
Histogram: 1 0 0 0 0 0 0 0 0 0

Total # of neighbors = 37113
Ave neighs/atom = 27.8835
Neighbor list builds = 2500
Dangerous builds not checked

write_restart lattice_11_11_11__2_2_2/sim1/T_1.60__P_1.60/end1.restart
Total wall time: 0:00:34
