run 50000
Neighbor list info ...
  update every 20 steps, delay 0 steps, check no
  max neighbors/atom: 2000, page size: 100000
  master list distance cutoff = 2.8
  ghost atom cutoff = 2.8
  binsize = 1.4, bins = 13 13 13
  1 neighbor lists, perpetual/occasional/extra = 1 0 0
  (1) pair lj/cut, perpetual
      attributes: half, newton on
      pair build: half/bin/atomonly/newton
      stencil: half/bin/3d/newton
      bin: standard
Per MPI rank memory allocation (min/avg/max) = 2.742 | 2.742 | 2.742 Mbytes
Step Temp Press TotEng 
       0          1.2 -0.061739195    1.1535747 
    1000    1.3199943   0.19917478   0.59680343 
    2000    1.1553671  0.088057715   0.26047022 
    3000    1.2193571   0.14253151   0.34113778 
    4000      1.20021    0.1920611   0.33317339 
    5000    1.1530432   0.13359302   0.24490733 
    6000    1.2361527   0.13231179   0.32054509 
    7000    1.1807969   0.10366794   0.25384645 
    8000    1.2261765   0.16618421   0.35261278 
    9000    1.1604974   0.15026562   0.23911621 
   10000    1.2051487   0.13697077   0.29397928 
   11000    1.2179407   0.15227352   0.34126305 
   12000    1.1363652   0.12982672   0.20989614 
   13000    1.2148914   0.12587191   0.29741443 
   14000    1.1817294    0.1062291   0.25900335 
   15000     1.205648   0.19714859   0.28944693 
   16000     1.219392   0.12559426   0.31953021 
   17000    1.2170516   0.18256345   0.31973122 
   18000    1.1794333   0.12429511   0.31998799 
   19000    1.2330671   0.13542555   0.32819781 
   20000    1.1716811   0.11286408   0.26016669 
   21000    1.1858394   0.15674541   0.26863759 
   22000    1.2246722   0.12647797   0.33387198 
   23000    1.1793819   0.17690236   0.29187633 
   24000    1.2085093   0.14428311   0.31384852 
   25000    1.2493495   0.13774482   0.33308364 
   26000    1.1958766   0.13628963   0.23460668 
   27000    1.1915509   0.14212335   0.22317422 
   28000    1.1955619   0.12391874   0.23166646 
   29000    1.1894622   0.13647364   0.26797522 
   30000    1.2228366   0.15912437    0.3283392 
   31000    1.1928397   0.12384487   0.29300779 
   32000    1.2258545   0.12980796   0.28413275 
   33000    1.1735055   0.12784672   0.27329314 
   34000    1.2145091   0.17899125   0.37206298 
   35000    1.1786791   0.15329701   0.25906279 
   36000    1.2206289   0.15968434   0.38072779 
   37000    1.1982741   0.19398742   0.33700213 
   38000    1.1881334    0.1321187   0.29072048 
   39000    1.2119116   0.14261787   0.33661087 
   40000    1.2175499   0.18973928   0.36659147 
   41000    1.1607438   0.12498555   0.25533873 
   42000    1.2096936    0.1217442    0.3269686 
   43000    1.1849701   0.11987441   0.28701791 
   44000    1.2056676   0.14488081   0.31818394 
   45000    1.1898386   0.14846912   0.31072745 
   46000    1.2143064    0.1731933   0.30874016 
   47000    1.2422244   0.13381668    0.3722522 
   48000    1.1654948   0.15084217   0.21966786 
   49000     1.226338   0.16613685   0.31956239 
   50000    1.1522856   0.13415432   0.21130619 
Loop time of 13.7465 on 1 procs for 50000 steps with 1331 atoms

Performance: 1257046.772 tau/day, 3637.288 timesteps/s
99.9% CPU use with 1 MPI tasks x no OpenMP threads

MPI task timing breakdown:
Section |  min time  |  avg time  |  max time  |%varavg| %total
---------------------------------------------------------------
Pair    | 9.5773     | 9.5773     | 9.5773     |   0.0 | 69.67
Neigh   | 2.7384     | 2.7384     | 2.7384     |   0.0 | 19.92
Comm    | 0.46524    | 0.46524    | 0.46524    |   0.0 |  3.38
Output  | 0.023436   | 0.023436   | 0.023436   |   0.0 |  0.17
Modify  | 0.83905    | 0.83905    | 0.83905    |   0.0 |  6.10
Other   |            | 0.1031     |            |       |  0.75

Nlocal:    1331 ave 1331 max 1331 min
Histogram: 1 0 0 0 0 0 0 0 0 0
Nghost:    1823 ave 1823 max 1823 min
Histogram: 1 0 0 0 0 0 0 0 0 0
Neighs:    14955 ave 14955 max 14955 min
Histogram: 1 0 0 0 0 0 0 0 0 0

Total # of neighbors = 14955
Ave neighs/atom = 11.2359
Neighbor list builds = 2500
Dangerous builds not checked

write_restart NVT/sim1/T_1.20__v_4.10/end1.restart
Total wall time: 0:00:13
