run 50000
Neighbor list info ...
  update every 20 steps, delay 0 steps, check no
  max neighbors/atom: 2000, page size: 100000
  master list distance cutoff = 2.8
  ghost atom cutoff = 2.8
  binsize = 1.4, bins = 23 23 23
  1 neighbor lists, perpetual/occasional/extra = 1 0 0
  (1) pair lj/cut, perpetual
      attributes: half, newton on
      pair build: half/bin/atomonly/newton
      stencil: half/bin/3d/newton
      bin: standard
Per MPI rank memory allocation (min/avg/max) = 2.748 | 2.748 | 2.748 Mbytes
Step Temp Press TotEng 
       0          0.7  0.029775535    1.0368821 
    1000   0.76857646   0.02578994   0.84738407 
    2000   0.69553983  0.023942266   0.66760131 
    3000   0.69844039  0.022260782   0.62540257 
    4000   0.70538732  0.021010458   0.62037074 
    5000   0.69406104  0.020879341   0.54962729 
    6000    0.7003455  0.018591255   0.55399164 
    7000   0.71790826  0.020293697   0.54345087 
    8000   0.69363077   0.01974843   0.50599071 
    9000   0.70393682  0.020135787   0.51415807 
   10000   0.69461236  0.018313409    0.4691983 
   11000   0.72709447  0.025943547   0.54322073 
   12000   0.69509978  0.021973343    0.4908558 
   13000   0.69647575  0.020612949   0.45109659 
   14000   0.69459666  0.018175473   0.41354037 
   15000   0.70830299  0.015627345   0.41310791 
   16000   0.71604524  0.018464425   0.37238428 
   17000   0.72601668  0.019195013   0.44176393 
   18000   0.71227987  0.017810192   0.38808571 
   19000    0.6976447   0.01367775   0.32361927 
   20000   0.69070056  0.017479493   0.36464453 
   21000   0.72073021  0.019843872    0.3925145 
   22000    0.6886175  0.015043764   0.31720403 
   23000   0.70183262  0.015873766   0.36059969 
   24000   0.71514868  0.019434184   0.37918907 
   25000   0.72074696  0.021704959   0.33342117 
   26000   0.69437158   0.01849324   0.29070674 
   27000    0.7027836   0.01647934   0.34096657 
   28000   0.68384387  0.017294957    0.2453115 
   29000   0.70623555  0.015134502   0.27905575 
   30000   0.70410272   0.01225189   0.28512855 
   31000   0.70721613  0.018429631   0.26921792 
   32000    0.6877274  0.014688645   0.24820265 
   33000   0.70970936  0.017157172   0.24392785 
   34000    0.6846426  0.014853162   0.17446239 
   35000   0.71375868  0.018180312   0.19144332 
   36000   0.68938952  0.014000726   0.14249653 
   37000   0.70737792  0.015557351   0.18740828 
   38000   0.70086559  0.013965637    0.1926574 
   39000   0.70973314  0.018117712   0.17829403 
   40000   0.72119918  0.020175059   0.21066087 
   41000   0.66916141  0.015870636   0.15462718 
   42000   0.72031184  0.017187783   0.19290562 
   43000   0.65605602  0.018351706    0.1209481 
   44000   0.70524668  0.014674022   0.15460439 
   45000    0.6926453  0.015993194   0.16459681 
   46000   0.71292265  0.015816461   0.18526835 
   47000   0.68471814  0.014710707   0.12392043 
   48000   0.71736735   0.01816264   0.15050493 
   49000   0.67202477  0.015546165  0.085718592 
   50000   0.68723139  0.018748118   0.11968095 
Loop time of 5.53848 on 1 procs for 50000 steps with 1331 atoms

Performance: 3119988.317 tau/day, 9027.744 timesteps/s
99.6% CPU use with 1 MPI tasks x no OpenMP threads

MPI task timing breakdown:
Section |  min time  |  avg time  |  max time  |%varavg| %total
---------------------------------------------------------------
Pair    | 3.1984     | 3.1984     | 3.1984     |   0.0 | 57.75
Neigh   | 1.1561     | 1.1561     | 1.1561     |   0.0 | 20.87
Comm    | 0.2443     | 0.2443     | 0.2443     |   0.0 |  4.41
Output  | 0.022516   | 0.022516   | 0.022516   |   0.0 |  0.41
Modify  | 0.84146    | 0.84146    | 0.84146    |   0.0 | 15.19
Other   |            | 0.07572    |            |       |  1.37

Nlocal:    1331 ave 1331 max 1331 min
Histogram: 1 0 0 0 0 0 0 0 0 0
Nghost:    830 ave 830 max 830 min
Histogram: 1 0 0 0 0 0 0 0 0 0
Neighs:    6508 ave 6508 max 6508 min
Histogram: 1 0 0 0 0 0 0 0 0 0

Total # of neighbors = 6508
Ave neighs/atom = 4.88956
Neighbor list builds = 2500
Dangerous builds not checked

write_restart NVT/sim1/T_0.70__v_24.39/end1.restart
Total wall time: 0:00:05
