run 50000
Neighbor list info ...
  update every 20 steps, delay 0 steps, check no
  max neighbors/atom: 2000, page size: 100000
  master list distance cutoff = 2.8
  ghost atom cutoff = 2.8
  binsize = 1.4, bins = 16 16 16
  1 neighbor lists, perpetual/occasional/extra = 1 0 0
  (1) pair lj/cut, perpetual
      attributes: half, newton on
      pair build: half/bin/atomonly/newton
      stencil: half/bin/3d/newton
      bin: standard
Per MPI rank memory allocation (min/avg/max) = 2.711 | 2.711 | 2.711 Mbytes
Step Temp Press TotEng 
       0          0.3 -0.025481656   0.25488035 
    1000    0.5936897 -0.020101321  -0.34949708 
    2000   0.55858527 -0.015679224   -1.1725526 
    3000   0.54445305 -0.016364718   -2.0249187 
    4000   0.47493043  -0.01321904   -2.8232611 
    5000   0.40497156 -0.022119062   -3.4469992 
    6000   0.35052591 -0.0048250739   -3.9040325 
    7000   0.29199923 0.0049297531   -4.1943364 
    8000   0.29486169 -0.0077204307   -4.3247001 
    9000    0.3037202 0.0090365723   -4.3834783 
   10000   0.30830645  0.009821587   -4.4675404 
   11000     0.284839 0.0080141673   -4.5547671 
   12000   0.30323162 0.0058302619   -4.5668101 
   13000   0.30116372 0.0069189054   -4.5643999 
   14000   0.30199535  -0.01700793   -4.6004589 
   15000   0.29938403 -0.003295021   -4.6492888 
   16000   0.30300624  -0.01914145   -4.6579623 
   17000   0.30711827  0.015442387   -4.6600859 
   18000   0.30613817 5.4128413e-05   -4.6839709 
   19000   0.29586262 -0.0090757882   -4.7155581 
   20000   0.29206067  0.023425146   -4.7278243 
   21000   0.28843932 -0.00011665526   -4.7407079 
   22000   0.30269399  0.022565755   -4.7594258 
   23000   0.29519589  0.038116726    -4.766917 
   24000   0.30004165 -0.0087926385   -4.7662902 
   25000    0.2991523 -0.00015085534   -4.7909625 
   26000   0.30102862 0.0041097872   -4.8033095 
   27000   0.30556731 -0.0015976767   -4.7947538 
   28000   0.29201619 -0.0027808504   -4.8136079 
   29000   0.29976491  0.023317138   -4.8454461 
   30000   0.31447251 -0.002837349   -4.8373473 
   31000   0.30295257 0.0041317147   -4.8651729 
   32000   0.29487564  0.011388955   -4.8969192 
   33000   0.29982226 -0.015848106   -4.8673569 
   34000   0.30728003  0.016689049   -4.8418995 
   35000    0.2991676 -0.020503644   -4.8896932 
   36000   0.29528678   0.01424952   -4.9124121 
   37000   0.29946524  0.026249629   -4.8882158 
   38000   0.29945187 -0.012410875   -4.9014312 
   39000    0.2894041 0.0072147374   -4.9388521 
   40000   0.28863285 0.0098999829   -4.9186071 
   41000   0.30458727 -0.0060574671   -4.8921599 
   42000   0.30839139 0.0091360377   -4.9220901 
   43000   0.29992689  0.029925499   -4.9615136 
   44000   0.30553494 -0.0042114851   -4.9367883 
   45000   0.30386534 0.0019394518   -4.9128353 
   46000   0.30098757 -0.011122547    -4.952365 
   47000   0.29473503 -0.012340954   -4.9764851 
   48000   0.30164874 0.0052612909   -4.9552913 
   49000    0.3022956 0.00061574738   -4.9523199 
   50000    0.3032436 0.00054856532   -4.9812771 
Loop time of 31.0729 on 1 procs for 50000 steps with 1331 atoms

Performance: 556111.976 tau/day, 1609.120 timesteps/s
99.8% CPU use with 1 MPI tasks x no OpenMP threads

MPI task timing breakdown:
Section |  min time  |  avg time  |  max time  |%varavg| %total
---------------------------------------------------------------
Pair    | 25.649     | 25.649     | 25.649     |   0.0 | 82.55
Neigh   | 3.7429     | 3.7429     | 3.7429     |   0.0 | 12.05
Comm    | 0.46517    | 0.46517    | 0.46517    |   0.0 |  1.50
Output  | 0.028187   | 0.028187   | 0.028187   |   0.0 |  0.09
Modify  | 1.0637     | 1.0637     | 1.0637     |   0.0 |  3.42
Other   |            | 0.1235     |            |       |  0.40

Nlocal:    1331 ave 1331 max 1331 min
Histogram: 1 0 0 0 0 0 0 0 0 0
Nghost:    1639 ave 1639 max 1639 min
Histogram: 1 0 0 0 0 0 0 0 0 0
Neighs:    40380 ave 40380 max 40380 min
Histogram: 1 0 0 0 0 0 0 0 0 0

Total # of neighbors = 40380
Ave neighs/atom = 30.3381
Neighbor list builds = 2500
Dangerous builds not checked

write_restart NVT/sim1/T_0.30__v_6.86/end1.restart
Total wall time: 0:00:31
