run 50000
Neighbor list info ...
  update every 20 steps, delay 0 steps, check no
  max neighbors/atom: 2000, page size: 100000
  master list distance cutoff = 2.8
  ghost atom cutoff = 2.8
  binsize = 1.4, bins = 15 15 15
  1 neighbor lists, perpetual/occasional/extra = 1 0 0
  (1) pair lj/cut, perpetual
      attributes: half, newton on
      pair build: half/bin/atomonly/newton
      stencil: half/bin/3d/newton
      bin: standard
Per MPI rank memory allocation (min/avg/max) = 2.75 | 2.75 | 2.75 Mbytes
Step Temp Press TotEng 
       0          1.7    0.1766798    2.2689455 
    1000    1.7712723   0.28483638    1.7298806 
    2000    1.6403953   0.22924611    1.4881814 
    3000    1.7794007   0.25847998    1.6922032 
    4000     1.654288   0.21791724    1.5119163 
    5000    1.7524383   0.24731547    1.6643949 
    6000    1.6540542   0.23552038     1.538569 
    7000    1.7680831    0.2532878    1.6976486 
    8000    1.6853336   0.24068861    1.5671477 
    9000    1.7155081   0.24120362    1.6292687 
   10000     1.652728   0.22321504    1.5294423 
   11000    1.6872627   0.25152059    1.5680431 
   12000    1.7064018   0.23916969     1.617778 
   13000    1.6128873   0.23347748    1.4465851 
   14000    1.7509183   0.21908042    1.6433005 
   15000    1.6696868   0.21673024    1.5464974 
   16000     1.757843   0.28072381    1.7014357 
   17000     1.657129   0.24503632    1.5362126 
   18000    1.7103229   0.24946199    1.6393047 
   19000    1.6514307   0.19728594    1.4904704 
   20000    1.6974659   0.25969058    1.5811039 
   21000     1.683562   0.25009669    1.5964842 
   22000    1.6458982   0.22080113    1.4992631 
   23000    1.7291036   0.26243804    1.6650874 
   24000    1.6701349   0.22967611    1.5296434 
   25000    1.7127989   0.23673229    1.5886673 
   26000    1.7134723   0.26589612    1.6254172 
   27000    1.6360115    0.2133737    1.5029208 
   28000    1.7451156    0.2616091    1.6760467 
   29000    1.6781622   0.21113259    1.5626823 
   30000    1.7044743   0.24336091    1.6096482 
   31000    1.6947138   0.24092142    1.5615684 
   32000    1.6824433   0.21342266    1.5365921 
   33000    1.7330825   0.24965102    1.6031219 
   34000     1.658225   0.24966499    1.5412036 
   35000    1.7353266    0.2572636     1.621798 
   36000    1.6668217   0.22657245    1.5593611 
   37000    1.7797482   0.24931096    1.7076892 
   38000    1.6598591   0.22500116    1.5374554 
   39000    1.7398932   0.24221412    1.6237827 
   40000    1.6758947   0.21866274    1.5170334 
   41000    1.7085091   0.27457755    1.5922442 
   42000    1.6997947   0.23973926     1.593414 
   43000    1.6330049   0.23149714    1.4843221 
   44000    1.7415588   0.24734257    1.6520541 
   45000    1.6657126   0.21759866    1.5169426 
   46000    1.7343035   0.24912912    1.6474884 
   47000    1.6789591   0.24140821    1.5706863 
   48000    1.6990583   0.24459672    1.6050732 
   49000    1.7335427   0.22973561    1.6479524 
   50000    1.6647896   0.25354575    1.5232375 
Loop time of 10.4905 on 1 procs for 50000 steps with 1331 atoms

Performance: 1647210.329 tau/day, 4766.234 timesteps/s
99.8% CPU use with 1 MPI tasks x no OpenMP threads

MPI task timing breakdown:
Section |  min time  |  avg time  |  max time  |%varavg| %total
---------------------------------------------------------------
Pair    | 6.8589     | 6.8589     | 6.8589     |   0.0 | 65.38
Neigh   | 2.2758     | 2.2758     | 2.2758     |   0.0 | 21.69
Comm    | 0.39664    | 0.39664    | 0.39664    |   0.0 |  3.78
Output  | 0.022939   | 0.022939   | 0.022939   |   0.0 |  0.22
Modify  | 0.84068    | 0.84068    | 0.84068    |   0.0 |  8.01
Other   |            | 0.09553    |            |       |  0.91

Nlocal:    1331 ave 1331 max 1331 min
Histogram: 1 0 0 0 0 0 0 0 0 0
Nghost:    1511 ave 1511 max 1511 min
Histogram: 1 0 0 0 0 0 0 0 0 0
Neighs:    10446 ave 10446 max 10446 min
Histogram: 1 0 0 0 0 0 0 0 0 0

Total # of neighbors = 10446
Ave neighs/atom = 7.84823
Neighbor list builds = 2500
Dangerous builds not checked

write_restart NVT/sim1/T_1.70__v_5.83/end1.restart
Total wall time: 0:00:10
