run 50000
Neighbor list info ...
  update every 20 steps, delay 0 steps, check no
  max neighbors/atom: 2000, page size: 100000
  master list distance cutoff = 2.8
  ghost atom cutoff = 2.8
  binsize = 1.4, bins = 21 21 21
  1 neighbor lists, perpetual/occasional/extra = 1 0 0
  (1) pair lj/cut, perpetual
      attributes: half, newton on
      pair build: half/bin/atomonly/newton
      stencil: half/bin/3d/newton
      bin: standard
Per MPI rank memory allocation (min/avg/max) = 2.731 | 2.731 | 2.731 Mbytes
Step Temp Press TotEng 
       0          0.7  0.036370617    1.0368821 
    1000   0.77112199   0.03200472   0.79673192 
    2000   0.69186447  0.023152903   0.57118833 
    3000   0.68416513  0.022318288   0.50751988 
    4000    0.7175547  0.028093148   0.50654549 
    5000    0.7016654  0.024769371   0.42186987 
    6000    0.6955834  0.023368627   0.39606528 
    7000   0.69244089  0.025501592   0.42057427 
    8000   0.68224903  0.021621487   0.37845432 
    9000   0.72133879   0.02258182   0.35773221 
   10000   0.70237526  0.017931299   0.30800384 
   11000   0.71947838  0.018660388   0.37304072 
   12000   0.69526142   0.01967365   0.29956967 
   13000     0.718212  0.018484364   0.31442386 
   14000   0.66345481  0.024121643   0.25329412 
   15000   0.70566227  0.013739921   0.32424676 
   16000    0.7038702  0.024908623   0.25549517 
   17000   0.68445995  0.025761555    0.2293681 
   18000   0.71456864  0.020108837   0.30194212 
   19000   0.70575504  0.022186972   0.23209798 
   20000   0.66690677  0.016706951   0.17852325 
   21000   0.69598118  0.017007394   0.22446498 
   22000   0.71300538  0.021153553   0.22439176 
   23000    0.6876958  0.016901961   0.16093923 
   24000   0.73118429  0.016953843   0.18919029 
   25000   0.69114625  0.020999912   0.12182328 
   26000    0.6984809  0.019228743   0.11440683 
   27000   0.70356344  0.021321022   0.12113537 
   28000   0.68961195  0.021471006  0.086451682 
   29000   0.70352451  0.014731197 0.0096363399 
   30000   0.70614017  0.013116941 0.0018672175 
   31000   0.70818375  0.016088265 -0.030080547 
   32000   0.69288016  0.016085142 -0.076709254 
   33000   0.70138294  0.012955399 -0.099536147 
   34000   0.70459354  0.020105279  -0.10531333 
   35000   0.68966915  0.016510527  -0.14305487 
   36000   0.72429056  0.014735619   -0.1246298 
   37000   0.70630952  0.019139266  -0.16706443 
   38000   0.71452524  0.014749895  -0.18809938 
   39000   0.70968733  0.006045587  -0.21297338 
   40000   0.70208162  0.014079583  -0.28276764 
   41000   0.71913397  0.013467232  -0.23464423 
   42000   0.69975345  0.016235223  -0.28630003 
   43000   0.70074612  0.021579539  -0.28205987 
   44000   0.72261624  0.020166646  -0.24912046 
   45000   0.71272832  0.017914181  -0.35070149 
   46000   0.69073635   0.01030449  -0.36205363 
   47000   0.73067342  0.016132334  -0.31037324 
   48000   0.69763283  0.017632374  -0.40647621 
   49000   0.69252463 0.0051692285  -0.46831933 
   50000   0.68048883  0.024068521  -0.50823894 
Loop time of 7.25416 on 1 procs for 50000 steps with 1331 atoms

Performance: 2382082.684 tau/day, 6892.600 timesteps/s
99.8% CPU use with 1 MPI tasks x no OpenMP threads

MPI task timing breakdown:
Section |  min time  |  avg time  |  max time  |%varavg| %total
---------------------------------------------------------------
Pair    | 4.5939     | 4.5939     | 4.5939     |   0.0 | 63.33
Neigh   | 1.4279     | 1.4279     | 1.4279     |   0.0 | 19.68
Comm    | 0.26694    | 0.26694    | 0.26694    |   0.0 |  3.68
Output  | 0.021858   | 0.021858   | 0.021858   |   0.0 |  0.30
Modify  | 0.86299    | 0.86299    | 0.86299    |   0.0 | 11.90
Other   |            | 0.08057    |            |       |  1.11

Nlocal:    1331 ave 1331 max 1331 min
Histogram: 1 0 0 0 0 0 0 0 0 0
Nghost:    989 ave 989 max 989 min
Histogram: 1 0 0 0 0 0 0 0 0 0
Neighs:    12247 ave 12247 max 12247 min
Histogram: 1 0 0 0 0 0 0 0 0 0

Total # of neighbors = 12247
Ave neighs/atom = 9.20135
Neighbor list builds = 2500
Dangerous builds not checked

write_restart NVT/sim1/T_0.70__v_19.68/end1.restart
Total wall time: 0:00:07
