run 50000
Neighbor list info ...
  update every 20 steps, delay 0 steps, check no
  max neighbors/atom: 2000, page size: 100000
  master list distance cutoff = 2.8
  ghost atom cutoff = 2.8
  binsize = 1.4, bins = 15 15 15
  1 neighbor lists, perpetual/occasional/extra = 1 0 0
  (1) pair lj/cut, perpetual
      attributes: half, newton on
      pair build: half/bin/atomonly/newton
      stencil: half/bin/3d/newton
      bin: standard
Per MPI rank memory allocation (min/avg/max) = 2.75 | 2.75 | 2.75 Mbytes
Step Temp Press TotEng 
       0          0.3   -0.0560702   0.17052331 
    1000   0.61422343 -0.0034103274  -0.51637673 
    2000   0.56679041 -0.0020596937   -1.4347051 
    3000   0.51690657 -0.030024791   -2.3237181 
    4000   0.45979285 -0.038747846   -3.0767475 
    5000   0.40113614 -0.020120395   -3.6648634 
    6000   0.35105181 -0.0078027841   -4.1018691 
    7000    0.2991257 0.0053503869   -4.3882643 
    8000   0.29351888 0.0056980458   -4.5140104 
    9000   0.30065561 -0.020720834   -4.5430898 
   10000   0.30130316 -0.0098980606   -4.5889938 
   11000   0.30389157 0.0051917115   -4.6396117 
   12000   0.30673688  0.010021468   -4.6829647 
   13000   0.29202245 -0.018226063   -4.7579968 
   14000   0.29607717  0.029934227    -4.786624 
   15000   0.30300021  0.017739813   -4.7917499 
   16000   0.28938597 -0.015560601   -4.8370126 
   17000   0.29795149  0.003690268   -4.8712304 
   18000   0.31779098  0.019961619   -4.8468751 
   19000   0.30032647 -0.014759869   -4.8539614 
   20000   0.29815022 0.0041716408   -4.9131999 
   21000   0.29474288  0.013057333   -4.9311922 
   22000   0.30437482   -0.0119083   -4.9069108 
   23000   0.30073322  0.035280971   -4.9248767 
   24000   0.29198163  0.015492535   -4.9631097 
   25000   0.30643927  0.027792206   -4.9445421 
   26000   0.30854629 -0.058191545   -4.9425291 
   27000   0.29354759 -0.0051663028   -4.9837086 
   28000   0.29373397  0.018114856   -5.0063895 
   29000   0.30773386 -0.022399718   -4.9934062 
   30000   0.30332587 0.0066675139   -4.9955116 
   31000   0.29231519 0.0075102148   -5.0362088 
   32000   0.29512636 0.00047342902   -5.0549412 
   33000    0.3024012 -0.0036705837   -5.0400349 
   34000   0.29844632 0.0095832053   -5.0517722 
   35000   0.29930158 -0.010877131   -5.0691264 
   36000   0.30222087 -0.0084899802    -5.067704 
   37000   0.30279943 0.0093486785   -5.0730821 
   38000   0.28953127 0.0069771641   -5.0793828 
   39000   0.30302206 -0.0021259079   -5.0869672 
   40000   0.28887114 -0.00055519692   -5.1070896 
   41000   0.29346846 -0.010760645   -5.1008758 
   42000   0.30443946 0.0030135556   -5.0806941 
   43000   0.29515617 0.0030270022   -5.1022379 
   44000   0.29752818 -0.00020232327   -5.1224786 
   45000   0.30546479 -0.026674279   -5.0911196 
   46000   0.30408885  0.034525539   -5.0765329 
   47000   0.30287222 -0.027082787   -5.1053494 
   48000   0.30615865  -0.01131066   -5.1161703 
   49000   0.29592585  0.021241296   -5.1009503 
   50000   0.30000634 -0.0089836561   -5.1129422 
Loop time of 33.1345 on 1 procs for 50000 steps with 1331 atoms

Performance: 521510.052 tau/day, 1508.999 timesteps/s
99.9% CPU use with 1 MPI tasks x no OpenMP threads

MPI task timing breakdown:
Section |  min time  |  avg time  |  max time  |%varavg| %total
---------------------------------------------------------------
Pair    | 27.464     | 27.464     | 27.464     |   0.0 | 82.89
Neigh   | 4.0569     | 4.0569     | 4.0569     |   0.0 | 12.24
Comm    | 0.39543    | 0.39543    | 0.39543    |   0.0 |  1.19
Output  | 0.028326   | 0.028326   | 0.028326   |   0.0 |  0.09
Modify  | 1.0807     | 1.0807     | 1.0807     |   0.0 |  3.26
Other   |            | 0.1088     |            |       |  0.33

Nlocal:    1331 ave 1331 max 1331 min
Histogram: 1 0 0 0 0 0 0 0 0 0
Nghost:    1066 ave 1066 max 1066 min
Histogram: 1 0 0 0 0 0 0 0 0 0
Neighs:    42671 ave 42671 max 42671 min
Histogram: 1 0 0 0 0 0 0 0 0 0

Total # of neighbors = 42671
Ave neighs/atom = 32.0594
Neighbor list builds = 2500
Dangerous builds not checked

write_restart NVT/sim1/T_0.30__v_5.83/end1.restart
Total wall time: 0:00:33
