run 50000
Neighbor list info ...
  update every 20 steps, delay 0 steps, check no
  max neighbors/atom: 2000, page size: 100000
  master list distance cutoff = 2.8
  ghost atom cutoff = 2.8
  binsize = 1.4, bins = 16 16 16
  1 neighbor lists, perpetual/occasional/extra = 1 0 0
  (1) pair lj/cut, perpetual
      attributes: half, newton on
      pair build: half/bin/atomonly/newton
      stencil: half/bin/3d/newton
      bin: standard
Per MPI rank memory allocation (min/avg/max) = 2.7 | 2.7 | 2.7 Mbytes
Step Temp Press Volume Density PotEng KinEng TotEng 
       0          1.5   0.14194897        10648        0.125  -0.13561964    2.2483095    2.1126899 
    1000    1.9514332   0.34047963    7240.8877   0.18381724  -0.99454775    2.9249506    1.9304029 
    2000    1.7045963   0.30120994    5537.3229   0.24036886   -1.3397303    2.5549734     1.215243 
    3000    1.5702507   0.41562919     4454.545   0.29879595   -1.6832892    2.3536064    0.6703172 
    4000    1.5301451   0.49208881    3722.3768   0.35756724   -2.0033668    2.2934933   0.29012643 
    5000    1.5229751   0.49379505    3219.2909   0.41344509   -2.3059532    2.2827463 -0.023206844 
    6000    1.5108515   0.56712338    2877.0107   0.46263297   -2.5831563    2.2645745  -0.31858177 
    7000     1.492051   0.55830067    2667.5338   0.49896274   -2.7732928     2.236395   -0.5368978 
    8000    1.4976651   0.74292513    2539.5678   0.52410492   -2.9404142    2.2448099  -0.69560433 
    9000    1.4810043   0.83744386    2470.0632   0.53885261   -2.9573237    2.2198374  -0.73748634 
   10000    1.4987038   0.77081527    2459.0074   0.54127532   -3.0068697    2.2463668  -0.76050293 
   11000    1.4862956   0.82191751    2465.2809    0.5398979   -2.9670593    2.2277684  -0.73929093 
   12000    1.4838066   0.73796904     2492.128   0.53408172   -2.9501921    2.2240377  -0.72615438 
   13000    1.4912496   0.91374634    2471.2096   0.53860264   -2.9445255    2.2351937  -0.70933173 
   14000    1.4863181   0.73939863    2502.8905   0.53178514   -2.9690578     2.227802  -0.74125579 
   15000    1.5281172   0.89510155    2474.1698   0.53795822   -2.9525865    2.2904537  -0.66213279 
   16000    1.4712146   0.72141667    2516.1987   0.52897253   -2.9578314    2.2051638  -0.75266757 
   17000    1.4762064   0.64399946    2545.8979    0.5228018   -2.9503178     2.212646  -0.73767178 
   18000    1.5661642    1.0823356    2495.3737   0.53338705   -2.9348689    2.3474812  -0.58738765 
   19000    1.5078529   0.88927987    2512.3018   0.52979304   -2.9221864      2.26008  -0.66210643 
   20000    1.4462348   0.66158243    2480.5996   0.53656383   -3.0014055    2.1677223  -0.83368318 
   21000    1.4755466   0.90844741    2489.7033   0.53460185   -2.9532307     2.211657  -0.74157375 
   22000     1.510794   0.80413938    2548.6743   0.52223229   -2.8999235    2.2644884  -0.63543508 
   23000    1.5283083   0.91154586    2519.3529   0.52831027   -2.9195977    2.2907401  -0.62885765 
   24000    1.4897771   0.84663423    2489.5601   0.53463261   -2.9593098    2.2329867  -0.72632313 
   25000    1.4780974   0.84953028    2497.6734   0.53289592    -2.966372    2.2154803  -0.75089165 
   26000    1.5439144   0.73533852    2520.1963   0.52813347   -2.9279497    2.3141317  -0.61381801 
   27000    1.5249738   0.83612108    2569.3697   0.51802587   -2.8347548    2.2857421  -0.54901264 
   28000    1.4604181   0.57184268     2625.282   0.50699316   -2.8460715    2.1889813  -0.65709015 
   29000    1.5366981   0.76063842    2505.4347   0.53124514   -2.9814209    2.3033153  -0.67810559 
   30000    1.5249304   0.81547155    2489.4048   0.53466596   -2.9776214     2.285677  -0.69194441 
   31000    1.4755874    0.7743953    2476.0219   0.53755582   -3.0218856    2.2117181  -0.81016743 
   32000    1.4925989    1.0219842    2434.0921    0.5468158   -3.0005962    2.2372162  -0.76338004 
   33000    1.5321275   0.77189776    2526.2084   0.52687656   -2.9447972    2.2964645  -0.64833267 
   34000    1.5054561   0.88650986    2510.4234   0.53018944   -2.9139784    2.2564876  -0.65749078 
   35000    1.4823409   0.95266916     2427.976   0.54819322   -3.0316783    2.2218408  -0.80983753 
   36000    1.4736074   0.82114054    2481.1597    0.5364427   -2.9708668    2.2087504  -0.76211638 
   37000    1.4797473   0.76454072    2536.4614   0.52474679   -2.9030425    2.2179533  -0.68508919 
   38000    1.4558626    0.8023604    2503.6189   0.53163043   -2.9368957    2.1821531  -0.75474252 
   39000    1.5203911   0.82998232    2415.9595   0.55091984   -3.0627193    2.2788733  -0.78384604 
   40000    1.5143698   0.91694364    2465.2256   0.53991002   -2.9592502    2.2698481  -0.68940213 
   41000    1.4875563   0.78203684    2534.5636    0.5251397   -2.9219872    2.2296579  -0.69232921 
   42000     1.508056   0.77149042    2536.3341   0.52477314   -2.9453194    2.2603845  -0.68493491 
   43000    1.4796473   0.77705287    2446.9262   0.54394775   -3.0217736    2.2178034  -0.80397014 
   44000    1.4752007   0.78811421    2495.2366   0.53341634   -2.9576962    2.2111385  -0.74655774 
   45000    1.5021747   0.77333719    2505.8928   0.53114802   -2.9604327    2.2515692  -0.70886356 
   46000    1.5348888   0.90645745    2468.3594   0.53922456   -3.0009536    2.3006035  -0.70035016 
   47000    1.5047282   0.81174786    2431.6138    0.5473731   -3.0607346    2.2553965  -0.80533811 
   48000    1.4533827   0.74127512    2521.7614   0.52780567   -2.9540196    2.1784361  -0.77558352 
   49000    1.5286872   0.81707299    2507.4892   0.53080985   -2.9479633    2.2913081   -0.6566552 
   50000    1.5593155   0.93042651    2447.8361   0.54374555   -3.0101579    2.3372159  -0.67294205 
Loop time of 30.6463 on 1 procs for 50000 steps with 1331 atoms

Performance: 563852.980 tau/day, 1631.519 timesteps/s
99.6% CPU use with 1 MPI tasks x no OpenMP threads

MPI task timing breakdown:
Section |  min time  |  avg time  |  max time  |%varavg| %total
---------------------------------------------------------------
Pair    | 23.132     | 23.132     | 23.132     |   0.0 | 75.48
Neigh   | 4.2808     | 4.2808     | 4.2808     |   0.0 | 13.97
Comm    | 0.72993    | 0.72993    | 0.72993    |   0.0 |  2.38
Output  | 0.025644   | 0.025644   | 0.025644   |   0.0 |  0.08
Modify  | 2.3231     | 2.3231     | 2.3231     |   0.0 |  7.58
Other   |            | 0.1548     |            |       |  0.51

Nlocal:    1331 ave 1331 max 1331 min
Histogram: 1 0 0 0 0 0 0 0 0 0
Nghost:    2468 ave 2468 max 2468 min
Histogram: 1 0 0 0 0 0 0 0 0 0
Neighs:    32696 ave 32696 max 32696 min
Histogram: 1 0 0 0 0 0 0 0 0 0

Total # of neighbors = 32696
Ave neighs/atom = 24.565
Neighbor list builds = 2500
Dangerous builds not checked

write_restart lattice_11_11_11__2_2_2/sim1/T_1.50__P_0.80/end1.restart
Total wall time: 0:00:30
