run 50000
Neighbor list info ...
  update every 20 steps, delay 0 steps, check no
  max neighbors/atom: 2000, page size: 100000
  master list distance cutoff = 2.8
  ghost atom cutoff = 2.8
  binsize = 1.4, bins = 16 16 16
  1 neighbor lists, perpetual/occasional/extra = 1 0 0
  (1) pair lj/cut, perpetual
      attributes: half, newton on
      pair build: half/bin/atomonly/newton
      stencil: half/bin/3d/newton
      bin: standard
Per MPI rank memory allocation (min/avg/max) = 2.7 | 2.7 | 2.7 Mbytes
Step Temp Press Volume Density PotEng KinEng TotEng 
       0          1.1  0.091986538        10648        0.125  -0.13561964    1.6487603    1.5131407 
    1000    1.4608251   0.17768247    7796.4493   0.17071874   -1.0256181    2.1895913    1.1639733 
    2000    1.2576108   0.18023587    6165.9889   0.21586156   -1.3679438    1.8849988   0.51705501 
    3000    1.1690826   0.16937031    5003.2312   0.26602808   -1.7152375    1.7523063  0.037068785 
    4000    1.1190496   0.12990505    4147.7086   0.32090008   -2.0136513    1.6773133  -0.33633794 
    5000    1.1125717    0.1337773    3500.1049   0.38027431   -2.3106152    1.6676037  -0.64301148 
    6000    1.1351344   0.11847093    3009.8736   0.44221126   -2.6645336    1.7014224  -0.96311125 
    7000    1.1263714   0.13145431    2668.1679   0.49884416   -2.9685615    1.6882877   -1.2802738 
    8000    1.1163215    0.3797074    2408.9641   0.55251966   -3.2431475    1.6732242   -1.5699232 
    9000     1.111351    0.3173389    2239.6898   0.59427872   -3.4819308     1.665774   -1.8161568 
   10000    1.0609748   0.46101683    2144.3672   0.62069593   -3.6034879    1.5902665   -2.0132215 
   11000    1.0993432   0.29118118    2101.1347   0.63346723   -3.7287805    1.6477759   -2.0810046 
   12000     1.082953   0.42723643    2113.1401   0.62986831   -3.6748835     1.623209   -2.0516745 
   13000    1.1276907   0.33939511    2146.5132   0.62007538   -3.6397527    1.6902652   -1.9494875 
   14000    1.1288512   0.38884685    2139.7615   0.62203193   -3.6585577    1.6920047    -1.966553 
   15000    1.0949976   0.47844503    2111.5299   0.63034864   -3.6770809    1.6412624   -2.0358185 
   16000    1.0800806   0.39967711    2125.7606   0.62612883   -3.6544566    1.6189037   -2.0355529 
   17000    1.1051319   0.32004356     2149.543   0.61920138   -3.6408795    1.6564524   -1.9844271 
   18000    1.0998339   0.36432628     2144.705   0.62059817   -3.6238973    1.6485114   -1.9753858 
   19000    1.0882461   0.49694267    2095.0451   0.63530852   -3.6914416    1.6311427    -2.060299 
   20000    1.0927431   0.46278443    2083.4619   0.63884056   -3.7549895    1.6378832   -2.1171063 
   21000    1.0711926   0.23400549    2131.6027    0.6244128   -3.6769013    1.6055817   -2.0713196 
   22000    1.0626472   0.23181185    2146.4463   0.62009471   -3.6685463    1.5927733    -2.075773 
   23000    1.0884404   0.50109368     2139.988    0.6219661   -3.6142046    1.6314339   -1.9827707 
   24000    1.1248523   0.40038391    2126.5935   0.62588361   -3.6570893    1.6860107   -1.9710786 
   25000    1.0999012   0.45550032    2135.1141    0.6233859   -3.6487387    1.6486122   -2.0001264 
   26000    1.0958668   0.30419728    2208.2451   0.60274107   -3.5383672    1.6425651   -1.8958021 
   27000    1.1008664   0.31836293    2206.9994   0.60308127    -3.538115    1.6500589    -1.888056 
   28000    1.1223425   0.35327671    2142.6615   0.62119005    -3.657729    1.6822489   -1.9754801 
   29000     1.120373   0.40284335    2110.0825   0.63078101    -3.697204    1.6792968   -2.0179072 
   30000    1.0802929   0.45403244    2108.5922   0.63122685   -3.6866142    1.6192219   -2.0673923 
   31000    1.0683224   0.33718723    2128.3137   0.62537774   -3.6474395    1.6012796   -2.0461599 
   32000    1.1306913   0.35500597    2133.0787   0.62398072   -3.6601365    1.6947628   -1.9653737 
   33000    1.1271074   0.40625571    2164.1063   0.61503448   -3.5754713    1.6893909   -1.8860804 
   34000    1.0745988   0.44119536    2178.0747   0.61109015   -3.5522546    1.6106872   -1.9415674 
   35000    1.0922597   0.34683144    2111.8412   0.63025573    -3.690314    1.6371585   -2.0531555 
   36000    1.0736138   0.45928121    2105.0628   0.63228519   -3.6876257    1.6092108   -2.0784149 
   37000    1.0734896   0.48314814    2138.8348   0.62230144   -3.6213776    1.6090246   -2.0123531 
   38000    1.1129717   0.37585212    2180.4173   0.61043359   -3.5838877    1.6682032   -1.9156845 
   39000     1.082026   0.36249707    2161.0527   0.61590355   -3.6297489    1.6218196   -2.0079293 
   40000    1.0953807   0.38187699     2110.447   0.63067208   -3.6866424    1.6418366   -2.0448057 
   41000    1.1550907   0.42108683    2114.8081   0.62937153    -3.693754    1.7313342   -1.9624198 
   42000    1.0818787   0.38150379     2180.761    0.6103374   -3.5875747    1.6215987   -1.9659759 
   43000    1.0898643   0.23495884    2172.5519    0.6126436   -3.6242012    1.6335681   -1.9906331 
   44000    1.0922133    0.2759091    2137.9134   0.62256965   -3.6668228     1.637089   -2.0297338 
   45000    1.0881135   0.42156583    2148.2709   0.61956803   -3.5917381    1.6309439   -1.9607941 
   46000     1.073216    0.3081001    2156.3695   0.61724116   -3.6357617    1.6086145   -2.0271472 
   47000    1.0602035   0.36582216    2105.8059   0.63206205   -3.7177402    1.5891104   -2.1286298 
   48000    1.0930515   0.32793631    2103.9177    0.6326293   -3.7355881    1.6383454   -2.0972427 
   49000     1.110284   0.32317615    2122.0348   0.62722817   -3.6851583    1.6641748   -2.0209835 
   50000    1.1127922   0.45984978    2159.8479    0.6162471   -3.6032679    1.6679342   -1.9353338 
Loop time of 33.3875 on 1 procs for 50000 steps with 1331 atoms

Performance: 517558.330 tau/day, 1497.565 timesteps/s
99.7% CPU use with 1 MPI tasks x no OpenMP threads

MPI task timing breakdown:
Section |  min time  |  avg time  |  max time  |%varavg| %total
---------------------------------------------------------------
Pair    | 25.829     | 25.829     | 25.829     |   0.0 | 77.36
Neigh   | 4.3242     | 4.3242     | 4.3242     |   0.0 | 12.95
Comm    | 0.74297    | 0.74297    | 0.74297    |   0.0 |  2.23
Output  | 0.027966   | 0.027966   | 0.027966   |   0.0 |  0.08
Modify  | 2.307      | 2.307      | 2.307      |   0.0 |  6.91
Other   |            | 0.1565     |            |       |  0.47

Nlocal:    1331 ave 1331 max 1331 min
Histogram: 1 0 0 0 0 0 0 0 0 0
Nghost:    2510 ave 2510 max 2510 min
Histogram: 1 0 0 0 0 0 0 0 0 0
Neighs:    37117 ave 37117 max 37117 min
Histogram: 1 0 0 0 0 0 0 0 0 0

Total # of neighbors = 37117
Ave neighs/atom = 27.8866
Neighbor list builds = 2500
Dangerous builds not checked

write_restart lattice_11_11_11__2_2_2/sim1/T_1.10__P_0.40/end1.restart
Total wall time: 0:00:33
