run 50000
Neighbor list info ...
  update every 20 steps, delay 0 steps, check no
  max neighbors/atom: 2000, page size: 100000
  master list distance cutoff = 2.8
  ghost atom cutoff = 2.8
  binsize = 1.4, bins = 16 16 16
  1 neighbor lists, perpetual/occasional/extra = 1 0 0
  (1) pair lj/cut, perpetual
      attributes: half, newton on
      pair build: half/bin/atomonly/newton
      stencil: half/bin/3d/newton
      bin: standard
Per MPI rank memory allocation (min/avg/max) = 2.7 | 2.7 | 2.7 Mbytes
Step Temp Press Volume Density PotEng KinEng TotEng 
       0          1.9   0.19191141        10648        0.125  -0.13561964    2.8478588    2.7122391 
    1000    2.5975362   0.57852348    6272.4196   0.21219881   -1.0415184    3.8933769    2.8518585 
    2000    2.3255195   0.69700062    4498.6463   0.29586678   -1.5551054    3.4856584    1.9305531 
    3000    2.0637882   0.96980246    3487.4744   0.38165155   -1.9454525    3.0933565     1.147904 
    4000    1.9888756    1.1942606    2879.1138   0.46229502   -2.4173658    2.9810719   0.56370609 
    5000    1.9227268    1.4546989     2514.454   0.52933956   -2.7726341    2.8819234   0.10928933 
    6000    1.8746806    1.6721358     2320.888   0.57348739   -3.0042648    2.8099082  -0.19435661 
    7000    1.8620865    1.8294329     2234.684   0.59560994   -3.1335894    2.7910312  -0.34255826 
    8000    1.8981314    1.9435625    2221.6218   0.59911187   -3.1501286    2.8450579  -0.30507071 
    9000    1.9343928    1.7796065    2249.6654   0.59164353   -3.1383898    2.8994091  -0.23898072 
   10000    1.8635817    1.8111889    2275.3671   0.58496056   -3.0403723    2.7932723  -0.24709994 
   11000    1.9216485    1.9709494    2238.1307   0.59469272   -3.0955734    2.8803071  -0.21526628 
   12000    1.8721856    2.0925856    2220.9233   0.59930029   -3.1010368    2.8061685  -0.29486829 
   13000    1.8618612    1.6561932    2244.2672   0.59306663   -3.1650602    2.7906936  -0.37436659 
   14000    1.9505357    1.6674142    2259.7031   0.58901544   -3.1370499    2.9236054  -0.21344449 
   15000    1.8858046    2.0637017    2242.2887   0.59358994    -3.090361    2.8265817  -0.26377927 
   16000     1.919942    1.9914993    2204.7648   0.60369251   -3.1723766    2.8777493  -0.29462736 
   17000    1.8967653    2.0172695    2204.5622     0.603748   -3.1452662    2.8430104  -0.30225576 
   18000    1.8583279    1.8142168     2266.906    0.5871439   -3.1074305    2.7853975  -0.32203299 
   19000    1.8206432    1.6245062    2292.3612   0.58062403     -3.07539    2.7289131  -0.34647699 
   20000    1.9430725    1.9027663    2225.8154   0.59798311    -3.168753    2.9124189   -0.2563341 
   21000    1.8867885    2.0408809    2211.0784   0.60196871   -3.0914882    2.8280564  -0.26343181 
   22000    1.9680378    1.8184044    2286.6824   0.58206598   -3.0426552    2.9498388 -0.092816377 
   23000    1.8952434    2.0121547    2275.2436   0.58499231   -3.0072741    2.8407292  -0.16654482 
   24000    1.9067277    1.9151847    2236.3592   0.59516378   -3.1371573    2.8579427  -0.27921457 
   25000    1.8342768    2.1672756    2217.2689   0.60028805   -3.0878582     2.749348  -0.33851019 
   26000    1.9392233    1.9195095    2255.5655   0.59009593   -3.1003121    2.9066494  -0.19366262 
   27000    1.9297868    1.9582024    2226.2839   0.59785725   -3.1636214    2.8925054  -0.27111606 
   28000     1.872294    1.8089005    2223.0649   0.59872296   -3.1516101     2.806331  -0.34527908 
   29000    1.9074319    1.7494341    2265.4859   0.58751194   -3.1235318    2.8589982  -0.26453356 
   30000    1.9221738    1.8915819    2242.0874   0.59364323   -3.1549743    2.8810945  -0.27387977 
   31000    2.0297731     2.024424    2205.5037   0.60349027    -3.180203    3.0423721  -0.13783088 
   32000    1.9260245    1.8860241    2223.8286   0.59851736   -3.1517286    2.8868662  -0.26486248 
   33000    1.8765784    1.7157957    2245.6318   0.59270624   -3.1525161    2.8127528  -0.33976335 
   34000    1.8884984    1.8745749    2242.1346   0.59363073   -3.1139581    2.8306193  -0.28333885 
   35000    1.8804029    1.8619138    2243.5228    0.5932634   -3.1113361    2.8184852  -0.29285089 
   36000    1.9058566    1.8864358    2269.7797   0.58640053   -3.0573715    2.8566371  -0.20073441 
   37000    1.9457787    2.0860032    2240.0218   0.59419065   -3.0718302    2.9164752  -0.15535493 
   38000    1.9133804    2.1217127    2197.4649   0.60569796   -3.1438629    2.8679143  -0.27594854 
   39000    1.8302036    1.9509387    2231.1783   0.59654577   -3.1230185    2.7432428  -0.37977577 
   40000    1.8468204    1.6075021    2285.7287   0.58230884   -3.1257623    2.7681493  -0.35761302 
   41000    1.9048013    1.9087633     2242.351   0.59357345   -3.0960591    2.8550553  -0.24100382 
   42000     1.914885    2.0094901     2233.992   0.59579444   -3.1137472    2.8701694  -0.24357781 
   43000     1.849946    2.0225663    2232.0439   0.59631444   -3.1003406    2.7728342  -0.32750632 
   44000     1.872561    1.8494282    2228.4403   0.59727875    -3.142215    2.8067311  -0.33548385 
   45000    1.8882092    1.8906395    2276.7972   0.58459312   -3.0464184    2.8301858  -0.21623255 
   46000    1.9242536    1.9530784    2267.0971   0.58709439   -3.0629533    2.8842118  -0.17874155 
   47000    1.9191449    2.0635853    2195.0644   0.60636033    -3.185906    2.8765545  -0.30935159 
   48000    1.9423593    1.8573534    2203.9434   0.60391752   -3.1967476    2.9113499  -0.28539765 
   49000    1.9040758    1.7280675     2262.256   0.58835073   -3.1310878    2.8539679  -0.27711987 
   50000    1.8638523      1.70163    2268.8237   0.58664762   -3.0883761    2.7936779  -0.29469817 
Loop time of 34.9489 on 1 procs for 50000 steps with 1331 atoms

Performance: 494436.501 tau/day, 1430.661 timesteps/s
99.7% CPU use with 1 MPI tasks x no OpenMP threads

MPI task timing breakdown:
Section |  min time  |  avg time  |  max time  |%varavg| %total
---------------------------------------------------------------
Pair    | 26.97      | 26.97      | 26.97      |   0.0 | 77.17
Neigh   | 4.5378     | 4.5378     | 4.5378     |   0.0 | 12.98
Comm    | 0.80184    | 0.80184    | 0.80184    |   0.0 |  2.29
Output  | 0.024787   | 0.024787   | 0.024787   |   0.0 |  0.07
Modify  | 2.4498     | 2.4498     | 2.4498     |   0.0 |  7.01
Other   |            | 0.1651     |            |       |  0.47

Nlocal:    1331 ave 1331 max 1331 min
Histogram: 1 0 0 0 0 0 0 0 0 0
Nghost:    2509 ave 2509 max 2509 min
Histogram: 1 0 0 0 0 0 0 0 0 0
Neighs:    35405 ave 35405 max 35405 min
Histogram: 1 0 0 0 0 0 0 0 0 0

Total # of neighbors = 35405
Ave neighs/atom = 26.6003
Neighbor list builds = 2500
Dangerous builds not checked

write_restart lattice_11_11_11__2_2_2/sim1/T_1.90__P_1.90/end1.restart
Total wall time: 0:00:34
