run 50000
Neighbor list info ...
  update every 20 steps, delay 0 steps, check no
  max neighbors/atom: 2000, page size: 100000
  master list distance cutoff = 2.8
  ghost atom cutoff = 2.8
  binsize = 1.4, bins = 19 19 19
  1 neighbor lists, perpetual/occasional/extra = 1 0 0
  (1) pair lj/cut, perpetual
      attributes: half, newton on
      pair build: half/bin/atomonly/newton
      stencil: half/bin/3d/newton
      bin: standard
Per MPI rank memory allocation (min/avg/max) = 2.717 | 2.717 | 2.717 Mbytes
Step Temp Press TotEng 
       0          0.4  0.019212185    0.5749346 
    1000   0.56493066  0.012542792   0.25899919 
    2000   0.49166694 0.0083537721    -0.157006 
    3000   0.49384392 0.0049189281  -0.53273291 
    4000     0.491173 -0.0039868244  -0.92621284 
    5000   0.51684848 -0.0059931236   -1.3580198 
    6000   0.48319403 -0.006217535   -1.8071152 
    7000   0.47876143  0.005696477   -2.1990758 
    8000   0.45103072 0.0011473217   -2.5531055 
    9000   0.42410419 0.0035936879   -2.8413575 
   10000   0.40409961 0.0064417043    -3.063424 
   11000   0.39486678  0.010346256   -3.1944613 
   12000   0.41589234  0.013287689   -3.2478467 
   13000   0.38317949 -0.012762146   -3.2694598 
   14000   0.40314861 -0.0023045864    -3.249751 
   15000   0.40788442 -0.0022877448   -3.2891402 
   16000   0.39850167 0.00019397213   -3.3563809 
   17000   0.40396695 -0.0020373567   -3.3511675 
   18000   0.42112127 0.0010592845   -3.3564987 
   19000   0.41021672  0.024185665   -3.4702512 
   20000   0.38435414 0.00084791465   -3.5513109 
   21000   0.42469949 -0.0061373484   -3.5129587 
   22000   0.39765129 0.00032778404   -3.5195605 
   23000   0.39577179 -0.0022172831   -3.5497552 
   24000    0.4034681 -0.0010633495   -3.5585988 
   25000   0.39134661 0.0076921238   -3.5764209 
   26000   0.41679958 -0.0039804129   -3.5630968 
   27000   0.39420377 -0.0040858827   -3.5745373 
   28000   0.39636588 -0.0074066775   -3.5785923 
   29000   0.39781687   0.00193793   -3.5732812 
   30000   0.41308014 1.141748e-05   -3.6006452 
   31000   0.39487669 -0.0051073337   -3.6232382 
   32000   0.38940143 0.0063793169   -3.5937298 
   33000   0.40247486 -0.0025383152   -3.5745406 
   34000   0.40514973 0.0022390576   -3.6127498 
   35000   0.39639156 -0.0012986436   -3.6154424 
   36000   0.41608987  0.004401037   -3.5664432 
   37000   0.41170787 -0.0011979241   -3.5649321 
   38000   0.40157731 -0.0068138744    -3.621673 
   39000   0.39685721  0.013394195    -3.646238 
   40000    0.3899683 -0.0015312347   -3.6921185 
   41000   0.37893959 -0.0059291162   -3.6746525 
   42000    0.4011685 -0.0049764312   -3.6464901 
   43000   0.39968418 0.00028550044   -3.6772622 
   44000   0.38691193 -0.0046723562   -3.7134914 
   45000   0.39710038 -0.0099958794   -3.7005428 
   46000   0.40515253  0.011058961   -3.6581892 
   47000   0.39998206 -0.00012407836   -3.7109936 
   48000   0.41302147 -0.0027296207   -3.7123207 
   49000   0.39440053 0.0062870856   -3.7354417 
   50000   0.40118788 -0.0021074021   -3.7531797 
Loop time of 18.3241 on 1 procs for 50000 steps with 1331 atoms

Performance: 943021.963 tau/day, 2728.652 timesteps/s
99.9% CPU use with 1 MPI tasks x no OpenMP threads

MPI task timing breakdown:
Section |  min time  |  avg time  |  max time  |%varavg| %total
---------------------------------------------------------------
Pair    | 14.722     | 14.722     | 14.722     |   0.0 | 80.34
Neigh   | 2.3338     | 2.3338     | 2.3338     |   0.0 | 12.74
Comm    | 0.30776    | 0.30776    | 0.30776    |   0.0 |  1.68
Output  | 0.023533   | 0.023533   | 0.023533   |   0.0 |  0.13
Modify  | 0.84818    | 0.84818    | 0.84818    |   0.0 |  4.63
Other   |            | 0.08881    |            |       |  0.48

Nlocal:    1331 ave 1331 max 1331 min
Histogram: 1 0 0 0 0 0 0 0 0 0
Nghost:    1379 ave 1379 max 1379 min
Histogram: 1 0 0 0 0 0 0 0 0 0
Neighs:    31355 ave 31355 max 31355 min
Histogram: 1 0 0 0 0 0 0 0 0 0

Total # of neighbors = 31355
Ave neighs/atom = 23.5575
Neighbor list builds = 2500
Dangerous builds not checked

write_restart NVT/sim1/T_0.40__v_13.82/end1.restart
Total wall time: 0:00:18
