run 50000
Neighbor list info ...
  update every 20 steps, delay 0 steps, check no
  max neighbors/atom: 2000, page size: 100000
  master list distance cutoff = 2.8
  ghost atom cutoff = 2.8
  binsize = 1.4, bins = 16 16 16
  1 neighbor lists, perpetual/occasional/extra = 1 0 0
  (1) pair lj/cut, perpetual
      attributes: half, newton on
      pair build: half/bin/atomonly/newton
      stencil: half/bin/3d/newton
      bin: standard
Per MPI rank memory allocation (min/avg/max) = 2.7 | 2.7 | 2.7 Mbytes
Step Temp Press Volume Density PotEng KinEng TotEng 
       0          1.1  0.091986538        10648        0.125  -0.13561964    1.6487603    1.5131407 
    1000    1.6229712   0.28120319    6381.7926   0.20856209    -1.187168    2.4326277    1.2454598 
    2000    1.3799209   0.26880476    4533.6952   0.29357951   -1.7065069    2.0683262   0.36181936 
    3000    1.2651377   0.27480523    3421.0698   0.38905959   -2.3105377    1.8962808  -0.41425687 
    4000    1.2080986   0.41327413    2710.8181   0.49099568   -2.8818722    1.8107864   -1.0710858 
    5000    1.1866592   0.48572406    2251.1406   0.59125583   -3.4196923    1.7786514   -1.6410409 
    6000    1.1636653   0.65932518     1994.071   0.66747874   -3.9004666    1.7441865   -2.1562801 
    7000    1.0753831   0.91013367     1876.555   0.70927845   -4.1211387    1.6118627   -2.5092759 
    8000    1.0571365    1.1630818    1833.0336    0.7261187   -4.2167351    1.5845134   -2.6322217 
    9000    1.0759563   0.92125854    1860.1424   0.71553661   -4.1514594    1.6127219   -2.5387376 
   10000    1.1140472    0.9646344    1881.6563   0.70735554    -4.113913    1.6698153   -2.4440977 
   11000    1.0892387    1.1130064    1870.4285   0.71160163   -4.1207445    1.6326306   -2.4881139 
   12000     1.078347    1.0688829    1850.9393   0.71909436   -4.1832784    1.6163052   -2.5669732 
   13000    1.0902071    1.1304907    1843.1727    0.7221244   -4.1962792    1.6340821   -2.5621971 
   14000     1.103732   0.98269305    1866.8567   0.71296312   -4.1592739    1.6543541   -2.5049198 
   15000    1.1418656   0.80660543    1876.4477   0.70931901   -4.1651213    1.7115116   -2.4536097 
   16000    1.1127453    1.0645702    1839.8578   0.72342546   -4.2062486    1.6678639   -2.5383846 
   17000    1.0656332    1.2777562    1823.1676   0.73004806   -4.1905596    1.5972488   -2.5933108 
   18000    1.1130861    1.0388599    1842.1646    0.7225196   -4.2007898    1.6683747   -2.5324151 
   19000    1.1279439    1.1477726    1861.2232   0.71512111   -4.1413943    1.6906447   -2.4507496 
   20000    1.1499895    1.0847043    1849.0336   0.71983547   -4.1926206    1.7236882   -2.4689324 
   21000    1.1243496    1.1168562     1836.675   0.72467911   -4.2306235    1.6852573   -2.5453662 
   22000    1.1247792    1.2178803     1841.215   0.72289224   -4.1832882    1.6859013   -2.4973869 
   23000    1.1306465    1.2612352    1858.9865   0.71598154   -4.1142953    1.6946956   -2.4195997 
   24000    1.1182044      1.27586    1846.5772   0.72079306   -4.1510911    1.6760465   -2.4750446 
   25000    1.1190039   0.98976639    1843.9015     0.721839   -4.2268505    1.6772447   -2.5496058 
   26000    1.1173495   0.90134236     1856.406   0.71697679    -4.205852     1.674765   -2.5310871 
   27000    1.1214518     1.058153    1879.3249   0.70823304   -4.1087396    1.6809139   -2.4278257 
   28000    1.1392592    0.9240715    1862.1279   0.71477369    -4.175697    1.7076049   -2.4680921 
   29000    1.0955934    1.0755672    1844.9606   0.72142461   -4.2081056    1.6421554   -2.5659502 
   30000    1.1275093   0.99523471    1864.8975   0.71371216   -4.1642541    1.6899933   -2.4742608 
   31000    1.0979857    1.1650416    1874.4047   0.71009212   -4.0842156    1.6457411   -2.4384745 
   32000    1.0906694   0.96098584    1849.4929   0.71965673   -4.2036918     1.634775   -2.5689168 
   33000    1.1051494   0.96978125    1850.2792   0.71935088   -4.1978109    1.6564786   -2.5413323 
   34000    1.1277294   0.75148116    1894.5935   0.70252539   -4.1374944    1.6903231   -2.4471713 
   35000    1.1188015   0.79336039    1886.7895   0.70543111   -4.1349868    1.6769414   -2.4580454 
   36000    1.1010671     1.089188    1858.7055   0.71608978   -4.1671114    1.6503598   -2.5167516 
   37000    1.0933186   0.91605348    1857.1412   0.71669295   -4.1977714    1.6387458   -2.5590256 
   38000    1.0900016   0.92061059    1870.7381   0.71148389   -4.1529669     1.633774   -2.5191929 
   39000    1.1096667   0.85406648    1869.4364   0.71197931    -4.176254    1.6632495   -2.5130045 
   40000    1.0880198    1.1083588    1864.2824   0.71394762   -4.1511153    1.6308035   -2.5203118 
   41000    1.1024788    0.9277678    1889.7888   0.70431151   -4.0959732    1.6524758   -2.4434974 
   42000    1.1173204   0.90285127    1895.5391    0.7021749   -4.1116264    1.6747214   -2.4369051 
   43000    1.0712248   0.97785226    1863.2147   0.71435675   -4.1678906    1.6056299   -2.5622607 
   44000    1.1040507    0.9556412    1862.9699   0.71445064    -4.180276    1.6548319   -2.5254441 
   45000    1.1393868    1.0165919    1875.0772   0.70983742    -4.121689    1.7077962   -2.4138928 
   46000    1.1654905   0.81383394    1881.3162   0.70748342   -4.1425404    1.7469223   -2.3956181 
   47000    1.1025426    0.9901008    1869.0949   0.71210939   -4.1379073    1.6525713    -2.485336 
   48000    1.0860365    1.0333589    1858.9174   0.71600813   -4.1813586    1.6278309   -2.5535277 
   49000     1.050856    0.8396992    1849.4567    0.7196708   -4.2356044    1.5750997   -2.6605047 
   50000     1.064837   0.92723699    1876.3808   0.70934428   -4.1534563    1.5960555   -2.5574008 
Loop time of 38.5745 on 1 procs for 50000 steps with 1331 atoms

Performance: 447963.829 tau/day, 1296.192 timesteps/s
99.9% CPU use with 1 MPI tasks x no OpenMP threads

MPI task timing breakdown:
Section |  min time  |  avg time  |  max time  |%varavg| %total
---------------------------------------------------------------
Pair    | 30.246     | 30.246     | 30.246     |   0.0 | 78.41
Neigh   | 4.9733     | 4.9733     | 4.9733     |   0.0 | 12.89
Comm    | 0.79167    | 0.79167    | 0.79167    |   0.0 |  2.05
Output  | 0.026222   | 0.026222   | 0.026222   |   0.0 |  0.07
Modify  | 2.3656     | 2.3656     | 2.3656     |   0.0 |  6.13
Other   |            | 0.1714     |            |       |  0.44

Nlocal:    1331 ave 1331 max 1331 min
Histogram: 1 0 0 0 0 0 0 0 0 0
Nghost:    2716 ave 2716 max 2716 min
Histogram: 1 0 0 0 0 0 0 0 0 0
Neighs:    42447 ave 42447 max 42447 min
Histogram: 1 0 0 0 0 0 0 0 0 0

Total # of neighbors = 42447
Ave neighs/atom = 31.8911
Neighbor list builds = 2500
Dangerous builds not checked

write_restart lattice_11_11_11__2_2_2/sim1/T_1.10__P_1.00/end1.restart
Total wall time: 0:00:38
