run 50000
Neighbor list info ...
  update every 20 steps, delay 0 steps, check no
  max neighbors/atom: 2000, page size: 100000
  master list distance cutoff = 2.8
  ghost atom cutoff = 2.8
  binsize = 1.4, bins = 10 10 10
  1 neighbor lists, perpetual/occasional/extra = 1 0 0
  (1) pair lj/cut, perpetual
      attributes: half, newton on
      pair build: half/bin/atomonly/newton
      stencil: half/bin/3d/newton
      bin: standard
Per MPI rank memory allocation (min/avg/max) = 2.732 | 2.732 | 2.732 Mbytes
Step Temp Press TotEng 
       0          0.4   -0.8941249   -3.5394032 
    1000   0.56251325  -0.25546289   -3.8079868 
    2000   0.48622572  -0.21116391   -4.2468089 
    3000   0.43819535  -0.33685874   -4.5940302 
    4000   0.41067087  -0.26550651   -4.8135055 
    5000    0.3821294  -0.24484097   -4.9078082 
    6000   0.40945145  -0.30356623   -4.8477808 
    7000   0.40631001  -0.31096864   -4.8163214 
    8000   0.39436735  -0.25083489   -4.8879018 
    9000   0.38518835  -0.20277727   -4.9002392 
   10000   0.40181959  -0.27195577   -4.8542815 
   11000   0.39559132  -0.18645835    -4.842496 
   12000   0.39740613  -0.23767961   -4.8772698 
   13000   0.40539918  -0.33759578   -4.8608163 
   14000   0.40016478   -0.2779353   -4.8458507 
   15000   0.39492606  -0.20751241    -4.866283 
   16000   0.39864091   -0.1410003    -4.897283 
   17000   0.40079225  -0.21209192   -4.8908093 
   18000   0.40398868  -0.27092777   -4.8638197 
   19000   0.40992712  -0.11383661   -4.8702624 
   20000   0.38006965  -0.25330636   -4.9168667 
   21000   0.38641708  -0.16800122   -4.9251571 
   22000   0.39316129  -0.25381225   -4.8805489 
   23000   0.41003909  -0.38787636   -4.8584936 
   24000   0.39721239  -0.25967487    -4.874839 
   25000   0.38832803  -0.24373853   -4.9077228 
   26000   0.39287676   -0.2473131   -4.9096987 
   27000   0.38914022  -0.21722228   -4.8645332 
   28000    0.3920125   -0.2565227   -4.8904604 
   29000   0.38638154  -0.24221198   -4.9111284 
   30000   0.40067985  -0.24943631   -4.8852394 
   31000   0.40428275  -0.31439288   -4.8401756 
   32000   0.41713498  -0.23207017   -4.8726909 
   33000   0.40149167  -0.24638126    -4.895853 
   34000   0.41462332  -0.24563372   -4.9014566 
   35000   0.38458291  -0.17808927   -4.9240802 
   36000   0.40847596  -0.28371215    -4.894507 
   37000    0.4018346  -0.12751167   -4.8923187 
   38000   0.39698153   -0.1810871   -4.9303925 
   39000   0.37221535  -0.28046409     -4.99082 
   40000   0.38878844  -0.20872801   -4.9426423 
   41000   0.40709153  -0.24094587   -4.8990533 
   42000     0.401685  -0.13778054   -4.8871039 
   43000   0.41073152  -0.19332738   -4.9385191 
   44000   0.40161107  -0.20220309   -4.9185262 
   45000   0.40229214  -0.21335474   -4.8975308 
   46000   0.39375164  -0.22763688   -4.9299369 
   47000   0.39059508  -0.20943708   -4.9352899 
   48000   0.41374529  -0.25570869   -4.9179431 
   49000   0.40073579  -0.18162817   -4.9371257 
   50000   0.38799747  -0.28797434    -4.977952 
Loop time of 39.6509 on 1 procs for 50000 steps with 1331 atoms

Performance: 435803.908 tau/day, 1261.007 timesteps/s
99.8% CPU use with 1 MPI tasks x no OpenMP threads

MPI task timing breakdown:
Section |  min time  |  avg time  |  max time  |%varavg| %total
---------------------------------------------------------------
Pair    | 33.021     | 33.021     | 33.021     |   0.0 | 83.28
Neigh   | 4.9427     | 4.9427     | 4.9427     |   0.0 | 12.47
Comm    | 0.45696    | 0.45696    | 0.45696    |   0.0 |  1.15
Output  | 0.028089   | 0.028089   | 0.028089   |   0.0 |  0.07
Modify  | 1.0777     | 1.0777     | 1.0777     |   0.0 |  2.72
Other   |            | 0.1241     |            |       |  0.31

Nlocal:    1331 ave 1331 max 1331 min
Histogram: 1 0 0 0 0 0 0 0 0 0
Nghost:    1392 ave 1392 max 1392 min
Histogram: 1 0 0 0 0 0 0 0 0 0
Neighs:    46731 ave 46731 max 46731 min
Histogram: 1 0 0 0 0 0 0 0 0 0

Total # of neighbors = 46731
Ave neighs/atom = 35.1097
Neighbor list builds = 2500
Dangerous builds not checked

write_restart NVT/sim1/T_0.40__v_1.33/end1.restart
Total wall time: 0:00:39
