run 50000
Neighbor list info ...
  update every 20 steps, delay 0 steps, check no
  max neighbors/atom: 2000, page size: 100000
  master list distance cutoff = 2.8
  ghost atom cutoff = 2.8
  binsize = 1.4, bins = 16 16 16
  1 neighbor lists, perpetual/occasional/extra = 1 0 0
  (1) pair lj/cut, perpetual
      attributes: half, newton on
      pair build: half/bin/atomonly/newton
      stencil: half/bin/3d/newton
      bin: standard
Per MPI rank memory allocation (min/avg/max) = 2.7 | 2.7 | 2.7 Mbytes
Step Temp Press Volume Density PotEng KinEng TotEng 
       0          1.9   0.19191141        10648        0.125  -0.13561964    2.8478588    2.7122391 
    1000    2.5575171   0.55678848    6442.3177   0.20660266   -1.0286306    3.8333935    2.8047629 
    2000    2.2399644   0.66674823    4682.4211   0.28425465   -1.4259601    3.3574222    1.9314621 
    3000    2.0836338   0.81506895     3657.824   0.36387754   -1.9283385    3.1231025    1.1947641 
    4000    1.9687641    1.0674834    3022.9898   0.44029259   -2.3066357    2.9509274   0.64429164 
    5000    1.9175318    1.2610007    2639.6159   0.50424003   -2.6458988    2.8741368     0.228238 
    6000    1.8676031    1.6065629    2419.7599   0.55005458   -2.8845446    2.7992999 -0.085244735 
    7000    1.9137084    1.5629376    2320.9578   0.57347014   -3.0649737    2.8684058  -0.19656786 
    8000    1.8749147     1.890108    2310.3849   0.57609449   -3.0001091     2.810259  -0.18985012 
    9000     1.930054    1.7246283    2323.1083   0.57293929   -3.0313819    2.8929059  -0.13847594 
   10000    1.9080618    1.5794144    2332.0176    0.5707504    -3.046052    2.8599423  -0.18610965 
   11000    1.9235007    1.6367035    2319.6246   0.57379974   -3.0520069    2.8830832  -0.16892366 
   12000    1.9302647    1.5320281    2312.0969    0.5756679   -3.0993134    2.8932218  -0.20609163 
   13000    1.9159439     1.689106    2310.2844   0.57611955    -3.043012    2.8717566  -0.17125538 
   14000     1.945824    1.6850861    2335.7053   0.56984929    -3.015928    2.9165432 -0.099384788 
   15000    1.9500485    1.6009208      2339.98   0.56880829   -3.0331117    2.9228751   -0.1102366 
   16000    1.8327286    1.7561133     2305.293   0.57736696   -3.0394467    2.7470275  -0.29241917 
   17000    1.9186244    1.9879114    2273.3532   0.58547877   -3.0457031    2.8757744  -0.16992873 
   18000    1.9810387    1.8887192    2314.4195   0.57509021   -2.9955472    2.9693255 -0.026221636 
   19000    1.8458902    1.5922305    2356.1919   0.56489457   -2.9927005    2.7667551  -0.22594542 
   20000    1.8249978    1.8049662    2327.5613   0.57184315   -2.9628686    2.7354399  -0.22742868 
   21000    1.8970644    1.8446696    2257.2867   0.58964598   -3.1164402    2.8434587  -0.27298156 
   22000    1.9389194    1.7155616     2290.049   0.58121027   -3.0716704     2.906194   -0.1654764 
   23000    1.8972077    1.8079908    2342.6269   0.56816558   -2.9703686    2.8436734  -0.12669517 
   24000    1.8758086    1.9282314    2371.6453   0.56121378   -2.8675449    2.8115989 -0.055946015 
   25000    1.9191617    1.7665213    2330.5386   0.57111261   -3.0077612    2.8765797  -0.13118158 
   26000    1.8444298    1.8306209    2297.4327   0.57934232   -3.0395062    2.7645661  -0.27494016 
   27000    1.9574684    1.8224305    2300.2546    0.5786316   -3.0400884    2.9339966  -0.10609183 
   28000    1.9451566    1.6900932    2335.1715   0.56997955   -3.0183188    2.9155427  -0.10277604 
   29000    1.8213717    1.6238868    2340.9171   0.56858059   -2.9719551    2.7300049   -0.2419503 
   30000    1.7804521    1.8622622    2253.7669   0.59056683   -3.0922888    2.6686717  -0.42361714 
   31000    1.8953232    1.7572243    2268.7969   0.58665454   -3.1286789    2.8408489  -0.28782998 
   32000    1.8886422    1.7655151    2335.3491    0.5699362   -2.9761288    2.8308349  -0.14529397 
   33000    1.9792585    1.5008661    2335.9676    0.5697853   -3.0632092    2.9666572 -0.096552016 
   34000    1.8592476    1.9586971    2270.5186    0.5862097   -3.0363156    2.7867761  -0.24953945 
   35000     1.930345    1.6526795    2323.8747   0.57275032   -3.0498624    2.8933421  -0.15652031 
   36000    1.8387735    1.4796044    2371.1938   0.56132064   -2.9908357     2.756088  -0.23474768 
   37000    1.8987764    1.6772954    2330.4548   0.57113316   -3.0146056    2.8460247  -0.16858086 
   38000    1.9663915    1.7385907    2293.9241   0.58022845   -3.0654596    2.9473712  -0.11808846 
   39000    1.8739663    1.7563871    2326.7591   0.57204031   -2.9927114    2.8088375  -0.18387389 
   40000    1.8433447    1.7794225    2365.1069   0.56276527   -2.9045216    2.7629397  -0.14158195 
   41000     1.943359    1.7041397    2315.1417   0.57491081   -3.0120292    2.9128484 -0.099180839 
   42000     1.917074    1.6852168    2293.1525   0.58042368   -3.0598837    2.8734506  -0.18643311 
   43000    1.8635604     1.481807    2334.7229   0.57008906    -3.051197    2.7932403  -0.25795665 
   44000    1.9105958    1.4939466    2362.4964    0.5633871   -3.0037373    2.8637405  -0.13999683 
   45000    1.9687747    1.8072585    2361.9414   0.56351949   -2.9368483    2.9509432  0.014094909 
   46000    1.9302437    1.6011565    2308.7289   0.57650771   -3.0528019    2.8931902  -0.15961169 
   47000    1.9146354    1.5144425    2294.0618    0.5801936    -3.114532    2.8697954  -0.24473659 
   48000    1.9651988    1.6701409    2329.3458   0.57140508   -3.0156362    2.9455835 -0.070052694 
   49000    1.9426187    1.6649474    2345.8196   0.56739232   -2.9936984    2.9117388 -0.081959566 
   50000    1.8394346    1.8458953    2311.5124   0.57581349   -2.9865782    2.7570788  -0.22949935 
Loop time of 33.9095 on 1 procs for 50000 steps with 1331 atoms

Performance: 509590.970 tau/day, 1474.511 timesteps/s
99.9% CPU use with 1 MPI tasks x no OpenMP threads

MPI task timing breakdown:
Section |  min time  |  avg time  |  max time  |%varavg| %total
---------------------------------------------------------------
Pair    | 26.008     | 26.008     | 26.008     |   0.0 | 76.70
Neigh   | 4.4879     | 4.4879     | 4.4879     |   0.0 | 13.23
Comm    | 0.77983    | 0.77983    | 0.77983    |   0.0 |  2.30
Output  | 0.02691    | 0.02691    | 0.02691    |   0.0 |  0.08
Modify  | 2.4451     | 2.4451     | 2.4451     |   0.0 |  7.21
Other   |            | 0.1618     |            |       |  0.48

Nlocal:    1331 ave 1331 max 1331 min
Histogram: 1 0 0 0 0 0 0 0 0 0
Nghost:    2523 ave 2523 max 2523 min
Histogram: 1 0 0 0 0 0 0 0 0 0
Neighs:    34796 ave 34796 max 34796 min
Histogram: 1 0 0 0 0 0 0 0 0 0

Total # of neighbors = 34796
Ave neighs/atom = 26.1427
Neighbor list builds = 2500
Dangerous builds not checked

write_restart lattice_11_11_11__2_2_2/sim1/T_1.90__P_1.70/end1.restart
Total wall time: 0:00:33
