run 50000
Neighbor list info ...
  update every 20 steps, delay 0 steps, check no
  max neighbors/atom: 2000, page size: 100000
  master list distance cutoff = 2.8
  ghost atom cutoff = 2.8
  binsize = 1.4, bins = 16 16 16
  1 neighbor lists, perpetual/occasional/extra = 1 0 0
  (1) pair lj/cut, perpetual
      attributes: half, newton on
      pair build: half/bin/atomonly/newton
      stencil: half/bin/3d/newton
      bin: standard
Per MPI rank memory allocation (min/avg/max) = 2.7 | 2.7 | 2.7 Mbytes
Step Temp Press Volume Density PotEng KinEng TotEng 
       0          0.4  0.004552278        10648        0.125  -0.13561964   0.59954921   0.46392957 
    1000   0.84569111  0.043219716      6114.27   0.21768748   -1.4853574    1.2675836  -0.21777383 
    2000   0.75281746 -0.0058351631     4062.398   0.32763899   -2.5749122    1.1283778   -1.4465344 
    3000   0.68515984  -0.18778271     2835.382   0.46942529   -3.6995657    1.0269676   -2.6725981 
    4000   0.58531196  -0.18760897    2076.7929   0.64089201   -4.6005556   0.87730832   -3.7232473 
    5000   0.52570401  0.046621886    1656.7222   0.80339359    -5.323942   0.78796356   -4.5359784 
    6000   0.46048291   0.44045116    1476.3991   0.90151773   -5.7694326   0.69020541   -5.0792272 
    7000   0.39008404    0.3758936    1432.1518   0.92937073   -6.0201807   0.58468645   -5.4354943 
    8000   0.39189081   0.33310042    1415.1719   0.94052177    -6.126929   0.58739456   -5.5395345 
    9000   0.40473956   0.39847278    1422.5425   0.93564866   -6.0756865    0.6066532   -5.4690333 
   10000   0.40758112   0.44008125    1425.9588   0.93340703   -6.0459754   0.61091234   -5.4350631 
   11000   0.38645044   0.40192256    1417.2839   0.93912022   -6.1025641   0.57924013    -5.523324 
   12000   0.38752494   0.38288649    1417.1029   0.93924022   -6.1053321   0.58085069   -5.5244814 
   13000   0.40193388   0.27128256    1426.3777    0.9331329   -6.0667957   0.60244784   -5.4643478 
   14000   0.39921105   0.51455262    1416.0199   0.93995855   -6.0898064   0.59836667   -5.4914397 
   15000   0.37312758   0.59378557    1412.2084   0.94249549   -6.0974634   0.55927087   -5.5381925 
   16000    0.4081452   0.25964608    1418.5775   0.93826386   -6.1245878   0.61175784   -5.5128299 
   17000   0.40383077   0.30681051     1416.511   0.93963264   -6.1275359   0.60529105   -5.5222448 
   18000   0.39491885   0.52702591    1403.8961   0.94807584    -6.161024   0.59193321   -5.5690908 
   19000   0.39297316   0.39309002    1409.3944   0.94437721   -6.1472254   0.58901686   -5.5582085 
   20000   0.40193831   0.29013125    1414.5661   0.94092458   -6.1405077   0.60245449   -5.5380532 
   21000   0.39665756   0.51922929    1408.5686   0.94493091   -6.1398015   0.59453931   -5.5452621 
   22000    0.4096022    0.4955536    1406.0618   0.94661558   -6.1550636   0.61394168   -5.5411219 
   23000   0.39538603   0.08689626    1420.8241   0.93678027   -6.1356256   0.59263345   -5.5429921 
   24000   0.40106213   0.48359064    1403.7607    0.9481673   -6.1658827   0.60114121   -5.5647415 
   25000   0.41947163   0.32561343    1405.0117   0.94732305   -6.1971429   0.62873471   -5.5684081 
   26000   0.39762342   0.37333304    1405.0697   0.94728399   -6.1793718   0.59598702   -5.5833848 
   27000   0.39477618     0.382435    1404.3512   0.94776865   -6.1838016   0.59171936   -5.5920822 
   28000   0.39752574   0.40852954    1405.3382   0.94710299   -6.1801574   0.59584061   -5.5843168 
   29000   0.40138275   0.46041029     1398.779   0.95154416   -6.2099608   0.60162178    -5.608339 
   30000   0.38552411   0.21251513    1406.7621   0.94614436   -6.2039996   0.57785169    -5.626148 
   31000   0.40306351   0.39659801    1403.6317   0.94825446   -6.1902207   0.60414102   -5.5860797 
   32000   0.41193179    0.5414879    1398.0227   0.95205896   -6.2056326   0.61743345   -5.5881991 
   33000    0.3888109    0.2460988    1401.4882   0.94970476   -6.2296128   0.58277817   -5.6468346 
   34000   0.39137694   0.48875039     1393.477   0.95516467   -6.2464218   0.58662434   -5.6597975 
   35000    0.4093799   0.49230675     1391.892   0.95625238   -6.2526187   0.61360849   -5.6390102 
   36000   0.39978378   0.33838236    1389.9653   0.95757785   -6.2969487   0.59922513   -5.6977236 
   37000   0.40667818   0.60759453    1371.8928   0.97019243   -6.3754002   0.60955895   -5.7658412 
   38000   0.38436725   0.20557469    1380.1575   0.96438266   -6.3859169    0.5761177   -5.8097992 
   39000   0.40616106   0.50697099    1363.5191   0.97615059   -6.4512023   0.60878386   -5.8424185 
   40000   0.39998706   0.33331688    1367.2929   0.97345637   -6.4620151   0.59952981   -5.8624853 
   41000   0.40315382   0.31363409    1368.4237     0.972652   -6.4586575   0.60427639   -5.8543811 
   42000   0.40515187    0.4598013     1358.534   0.97973253   -6.5032972   0.60727121    -5.896026 
   43000   0.38466432   0.40362665    1359.2021   0.97925101   -6.5107995   0.57656297   -5.9342365 
   44000   0.40050932   0.38349048    1359.3418   0.97915032   -6.5103824   0.60031261   -5.9100698 
   45000   0.40981134    0.5419762    1355.4921   0.98193118   -6.5179724   0.61425516   -5.9037173 
   46000    0.3876362   0.19505465    1356.9399   0.98088352   -6.5561061   0.58101744   -5.9750886 
   47000   0.39210334   0.70984573    1338.9527   0.99406053   -6.5967526   0.58771311   -6.0090395 
   48000   0.39782765   0.27534418    1354.1667   0.98289227   -6.5606181   0.59629314    -5.964325 
   49000   0.40612425   0.48638181      1347.42   0.98781375   -6.5709725   0.60872868   -5.9622438 
   50000   0.38754509   0.38752959    1345.9578   0.98888689   -6.5987248   0.58088088   -6.0178439 
Loop time of 41.1429 on 1 procs for 50000 steps with 1331 atoms

Performance: 419999.673 tau/day, 1215.277 timesteps/s
99.9% CPU use with 1 MPI tasks x no OpenMP threads

MPI task timing breakdown:
Section |  min time  |  avg time  |  max time  |%varavg| %total
---------------------------------------------------------------
Pair    | 33.234     | 33.234     | 33.234     |   0.0 | 80.78
Neigh   | 4.8882     | 4.8882     | 4.8882     |   0.0 | 11.88
Comm    | 0.72562    | 0.72562    | 0.72562    |   0.0 |  1.76
Output  | 0.025182   | 0.025182   | 0.025182   |   0.0 |  0.06
Modify  | 2.0497     | 2.0497     | 2.0497     |   0.0 |  4.98
Other   |            | 0.2199     |            |       |  0.53

Nlocal:    1331 ave 1331 max 1331 min
Histogram: 1 0 0 0 0 0 0 0 0 0
Nghost:    3212 ave 3212 max 3212 min
Histogram: 1 0 0 0 0 0 0 0 0 0
Neighs:    57214 ave 57214 max 57214 min
Histogram: 1 0 0 0 0 0 0 0 0 0

Total # of neighbors = 57214
Ave neighs/atom = 42.9857
Neighbor list builds = 2500
Dangerous builds not checked

write_restart lattice_11_11_11__2_2_2/sim1/T_0.40__P_0.40/end1.restart
Total wall time: 0:00:41
