run 50000
Neighbor list info ...
  update every 20 steps, delay 0 steps, check no
  max neighbors/atom: 2000, page size: 100000
  master list distance cutoff = 2.8
  ghost atom cutoff = 2.8
  binsize = 1.4, bins = 16 16 16
  1 neighbor lists, perpetual/occasional/extra = 1 0 0
  (1) pair lj/cut, perpetual
      attributes: half, newton on
      pair build: half/bin/atomonly/newton
      stencil: half/bin/3d/newton
      bin: standard
Per MPI rank memory allocation (min/avg/max) = 2.7 | 2.7 | 2.7 Mbytes
Step Temp Press Volume Density PotEng KinEng TotEng 
       0          0.3 -0.0079383306        10648        0.125  -0.13561964   0.44966191   0.31404227 
    1000   0.97744017  0.059678061    3661.3024   0.36353184   -2.2716387    1.4650587  -0.80657999 
    2000    0.8385348   0.10453036    1983.4058   0.67106792   -4.1210742    1.2568572    -2.864217 
    3000   0.63705828    1.4550154    1508.7846   0.88216699   -5.4133507   0.95486947   -4.4584812 
    4000   0.43350131    1.5602451    1396.9817   0.95276838   -6.0314812   0.64976342   -5.3817177 
    5000   0.31269788    1.6175627     1352.051   0.98443031    -6.314048   0.46869442   -5.8453536 
    6000   0.27377255    1.5676901    1338.9749   0.99404402   -6.4153487    0.4103503   -6.0049984 
    7000   0.30922684    1.5443477    1344.9276   0.98964438   -6.3803093   0.46349177   -5.9168175 
    8000   0.31844658    1.5954933    1347.2348   0.98794954   -6.3565914   0.47731099   -5.8792804 
    9000   0.28823223     1.609829    1338.5212   0.99438095   -6.4114118   0.43202351   -5.9793883 
   10000   0.28831961    1.6520489    1339.9994   0.99328403   -6.3950213   0.43215449   -5.9628668 
   11000   0.31438117    1.5352165    1345.5132   0.98921364   -6.3762771   0.47121746   -5.9050597 
   12000   0.30707832    1.5313102     1338.696   0.99425113   -6.4289492   0.46027142   -5.9686778 
   13000   0.28397434    1.6208093    1337.1018   0.99543657   -6.4219617   0.42564148   -5.9963202 
   14000   0.31789211    1.4854796    1343.0475   0.99102974   -6.4026512   0.47647991   -5.9261713 
   15000    0.3012995    1.6024593    1339.7574   0.99346341   -6.4046535   0.45160969   -5.9530439 
   16000   0.28593972    1.6440488    1335.0512   0.99696552   -6.4326034   0.42858733   -6.0040161 
   17000   0.30428325    1.7476007    1335.6002   0.99655569    -6.412157   0.45608195    -5.956075 
   18000   0.30748659    1.7665395    1335.8602   0.99636172    -6.406601   0.46088336   -5.9457177 
   19000   0.29310558    1.6875797    1333.1262   0.99840513   -6.4403265   0.43932805   -6.0009985 
   20000   0.30571263    1.4517789    1338.0963   0.99469675   -6.4451813   0.45822442   -5.9869569 
   21000   0.31405705    1.4672877    1341.7823   0.99196421    -6.417911   0.47073165   -5.9471794 
   22000   0.29730942    1.4461603    1339.0355   0.99399907   -6.4391098   0.44562907   -5.9934807 
   23000   0.29299139    1.5777908    1334.4647   0.99740367   -6.4544163    0.4391569   -6.0152594 
   24000   0.30452179    1.5926387    1337.4537    0.9951746   -6.4251415   0.45643949    -5.968702 
   25000   0.31078156    1.5527381    1336.4239   0.99594147   -6.4416211    0.4658221    -5.975799 
   26000   0.29198365    1.6430196    1332.0796   0.99918955   -6.4575048   0.43764642   -6.0198584 
   27000   0.30785778    1.6673876    1332.1303   0.99915154   -6.4519054   0.46143973   -5.9904657 
   28000   0.32224924    1.7672229    1330.4714    1.0003973   -6.4499137   0.48301069    -5.966903 
   29000   0.29787608    1.8460415    1327.1588    1.0028943   -6.4564093   0.44647843   -6.0099309 
   30000   0.30485622    1.6819307    1329.7943    1.0009067   -6.4689571   0.45694077   -6.0120164 
   31000   0.30040171    1.7302568     1332.646   0.99876485   -6.4380865   0.45026402   -5.9878225 
   32000   0.30050696    1.5436372    1333.1532   0.99838487   -6.4643545   0.45042178   -6.0139327 
   33000   0.28489193    1.6179556    1332.9264   0.99855475   -6.4553019   0.42701683   -6.0282851 
   34000   0.31141699    1.3746152    1336.5303   0.99586222   -6.4737784   0.46677452   -6.0070039 
   35000   0.29679933    1.5091442     1335.172   0.99687528   -6.4584763   0.44486452   -6.0136118 
   36000   0.29295305    1.5212606    1332.6845   0.99873604   -6.4751303   0.43909942   -6.0360309 
   37000   0.29762889    1.6518952    1329.9366    1.0007996   -6.4730957   0.44610791   -6.0269878 
   38000   0.30200035    1.6604869      1330.12    1.0006616   -6.4728964   0.45266018   -6.0202362 
   39000    0.2976479    1.7507106    1326.3717    1.0034894   -6.4833674   0.44613641    -6.037231 
   40000   0.30294161    1.7336358    1326.3263    1.0035238   -6.4883376   0.45407101   -6.0342666 
   41000   0.30381051     1.738687    1327.1691    1.0028865   -6.4831094   0.45537338    -6.027736 
   42000   0.29130492    1.7185295    1327.2733    1.0028078   -6.4798244   0.43662908   -6.0431954 
   43000   0.30460542    1.5640772    1327.7504    1.0024475   -6.5087201   0.45656485   -6.0521552 
   44000   0.29525941    1.4481109    1331.5261   0.99960491   -6.4942848   0.44255637   -6.0517284 
   45000   0.29619807    1.4282066    1331.4374    0.9996715   -6.5072121    0.4439633   -6.0632488 
   46000   0.29520514    1.5414351    1328.9514    1.0015415    -6.503593   0.44247502    -6.061118 
   47000   0.30444974      1.43713    1330.3298    1.0005038   -6.5147005   0.45633151    -6.058369 
   48000   0.30295136    1.4375946    1330.0505    1.0007139     -6.51951   0.45408563   -6.0654243 
   49000   0.29901903    1.5275219     1327.297    1.0027899    -6.518612   0.44819156   -6.0704204 
   50000   0.30585345    1.6045859    1325.3133    1.0042909   -6.5229435   0.45843548    -6.064508 
Loop time of 44.2244 on 1 procs for 50000 steps with 1331 atoms

Performance: 390734.452 tau/day, 1130.597 timesteps/s
99.9% CPU use with 1 MPI tasks x no OpenMP threads

MPI task timing breakdown:
Section |  min time  |  avg time  |  max time  |%varavg| %total
---------------------------------------------------------------
Pair    | 36.015     | 36.015     | 36.015     |   0.0 | 81.44
Neigh   | 5.149      | 5.149      | 5.149      |   0.0 | 11.64
Comm    | 0.75259    | 0.75259    | 0.75259    |   0.0 |  1.70
Output  | 0.023647   | 0.023647   | 0.023647   |   0.0 |  0.05
Modify  | 2.0531     | 2.0531     | 2.0531     |   0.0 |  4.64
Other   |            | 0.2313     |            |       |  0.52

Nlocal:    1331 ave 1331 max 1331 min
Histogram: 1 0 0 0 0 0 0 0 0 0
Nghost:    3225 ave 3225 max 3225 min
Histogram: 1 0 0 0 0 0 0 0 0 0
Neighs:    59500 ave 59500 max 59500 min
Histogram: 1 0 0 0 0 0 0 0 0 0

Total # of neighbors = 59500
Ave neighs/atom = 44.7032
Neighbor list builds = 2500
Dangerous builds not checked

write_restart lattice_11_11_11__2_2_2/sim1/T_0.30__P_1.60/end1.restart
Total wall time: 0:00:44
