run 50000
Neighbor list info ...
  update every 20 steps, delay 0 steps, check no
  max neighbors/atom: 2000, page size: 100000
  master list distance cutoff = 2.8
  ghost atom cutoff = 2.8
  binsize = 1.4, bins = 16 16 16
  1 neighbor lists, perpetual/occasional/extra = 1 0 0
  (1) pair lj/cut, perpetual
      attributes: half, newton on
      pair build: half/bin/atomonly/newton
      stencil: half/bin/3d/newton
      bin: standard
Per MPI rank memory allocation (min/avg/max) = 2.7 | 2.7 | 2.7 Mbytes
Step Temp Press TotEng 
       0          0.7  0.042024104   0.91359148 
    1000   0.87581324   0.05656032   0.41621018 
    2000   0.73757154  0.011989964 -0.032487625 
    3000       0.6959  0.012610705  -0.29908546 
    4000   0.68139523 0.0070847908   -0.5076947 
    5000   0.72935043  0.018773281  -0.68082704 
    6000   0.69529983 0.0077614841  -0.90209916 
    7000   0.73773363 -0.003003964   -1.1216198 
    8000   0.70952258 -0.0079394368   -1.3284504 
    9000   0.74678203  0.030184946   -1.5547162 
   10000   0.70044741  -0.00938346   -1.7709051 
   11000   0.69388974 -0.010753658   -1.9500195 
   12000   0.70996891  0.033148733   -2.1093945 
   13000   0.71731773  0.001770238   -2.2514394 
   14000   0.68455034 -0.010325932   -2.3615064 
   15000   0.68125205  0.004395347   -2.4344396 
   16000   0.69937783  0.013474393   -2.4162436 
   17000     0.720166  0.023456246   -2.3730747 
   18000   0.69501637 -0.022473303   -2.4355618 
   19000    0.6939963 -0.018846336   -2.4290772 
   20000   0.71298534  0.004020822   -2.3440609 
   21000   0.69550936 0.0072682333   -2.4066024 
   22000   0.69066113 -0.0088078464   -2.4356164 
   23000   0.70312352  0.027555196   -2.5043718 
   24000   0.68691272 -0.0049488873   -2.5277852 
   25000   0.72281996  0.016764941    -2.440782 
   26000   0.67696234  0.026354137   -2.5127027 
   27000   0.70097779   0.02216592   -2.5634317 
   28000   0.70188711  -0.01899199   -2.5928823 
   29000    0.6759032 -0.0069690456   -2.6429081 
   30000   0.68402222 -0.026724116   -2.5834038 
   31000   0.72762421 0.0074043247   -2.5632274 
   32000   0.68640204 -0.024031096   -2.6348286 
   33000   0.70621181  0.016983657   -2.6668326 
   34000   0.73303743 -0.0048751574   -2.6434337 
   35000   0.69351925 -0.00028742991   -2.6067876 
   36000    0.7151431 -0.0080356489    -2.541943 
   37000   0.70368525 -0.004370809   -2.6372754 
   38000   0.67392041  -0.05952101   -2.6700363 
   39000   0.68901158 0.0036208876    -2.631706 
   40000   0.71095877 -0.015881728   -2.5782811 
   41000   0.69688891 -0.019233314   -2.6617727 
   42000   0.70568637 -0.022038738   -2.6421964 
   43000   0.70135063  0.013693878   -2.6880284 
   44000   0.68240701  0.020559087    -2.756202 
   45000   0.70335376 -0.0022302135   -2.6879411 
   46000   0.70232196  0.010182216   -2.6377371 
   47000   0.70018982 -0.014495012   -2.7066392 
   48000   0.68453248 0.0014554402   -2.7114152 
   49000   0.69472883  0.011476198   -2.6968614 
   50000   0.70786483 0.0078864689   -2.7154912 
Loop time of 21.3912 on 1 procs for 50000 steps with 1331 atoms

Performance: 807807.445 tau/day, 2337.406 timesteps/s
99.9% CPU use with 1 MPI tasks x no OpenMP threads

MPI task timing breakdown:
Section |  min time  |  avg time  |  max time  |%varavg| %total
---------------------------------------------------------------
Pair    | 16.742     | 16.742     | 16.742     |   0.0 | 78.26
Neigh   | 3.0839     | 3.0839     | 3.0839     |   0.0 | 14.42
Comm    | 0.56059    | 0.56059    | 0.56059    |   0.0 |  2.62
Output  | 0.024098   | 0.024098   | 0.024098   |   0.0 |  0.11
Modify  | 0.86238    | 0.86238    | 0.86238    |   0.0 |  4.03
Other   |            | 0.1184     |            |       |  0.55

Nlocal:    1331 ave 1331 max 1331 min
Histogram: 1 0 0 0 0 0 0 0 0 0
Nghost:    2766 ave 2766 max 2766 min
Histogram: 1 0 0 0 0 0 0 0 0 0
Neighs:    32971 ave 32971 max 32971 min
Histogram: 1 0 0 0 0 0 0 0 0 0

Total # of neighbors = 32971
Ave neighs/atom = 24.7716
Neighbor list builds = 2500
Dangerous builds not checked

write_restart NVT/sim1/T_0.70__v_8.00/end1.restart
Total wall time: 0:00:21
