run 50000
Neighbor list info ...
  update every 20 steps, delay 0 steps, check no
  max neighbors/atom: 2000, page size: 100000
  master list distance cutoff = 2.8
  ghost atom cutoff = 2.8
  binsize = 1.4, bins = 11 11 11
  1 neighbor lists, perpetual/occasional/extra = 1 0 0
  (1) pair lj/cut, perpetual
      attributes: half, newton on
      pair build: half/bin/atomonly/newton
      stencil: half/bin/3d/newton
      bin: standard
Per MPI rank memory allocation (min/avg/max) = 2.735 | 2.735 | 2.735 Mbytes
Step Temp Press TotEng 
       0            1   -1.1355442  -0.72799755 
    1000     1.048476  0.041019844   -0.9504872 
    2000   0.97815992  0.068529244   -1.1290893 
    3000   0.98782306  0.092206558   -1.1383954 
    4000   0.98909096  0.062041312   -1.1211186 
    5000   0.98378129  0.031507049    -1.188643 
    6000   0.97887585  0.010539515   -1.2039687 
    7000    1.0106675 -0.0076463797   -1.1534259 
    8000   0.99922677  0.029780177   -1.2111894 
    9000   0.97768574 -0.026337275   -1.2248819 
   10000    1.0122853 -0.004041366   -1.1039824 
   11000    1.0133142  0.087079147   -1.1178088 
   12000    1.0040239  0.056904025   -1.1940305 
   13000   0.99176856 -0.027556514   -1.2321319 
   14000    1.0205649  0.018867652   -1.2900797 
   15000   0.99814448  0.078855448   -1.2598339 
   16000    0.9864962   0.18548409   -1.2491541 
   17000   0.97192513 -0.012132709   -1.3177866 
   18000    1.0321378  0.085338587   -1.2708201 
   19000    1.0275379    0.1088818   -1.1790379 
   20000   0.96509194  0.064151348   -1.2622964 
   21000    0.9987181   0.10637133   -1.3130385 
   22000    1.0401517   0.11305511   -1.2259396 
   23000   0.98254366 -0.0066238666   -1.2391271 
   24000    1.0380895  0.016234328   -1.1338113 
   25000    1.0092428   0.05898403   -1.2353375 
   26000     1.004148  0.022094045   -1.2460426 
   27000    1.0237587   0.16251132   -1.1411252 
   28000    1.0202689 0.0071074621   -1.1561679 
   29000   0.98737858 -0.063410737    -1.200315 
   30000    1.0029067  0.072719066   -1.1448032 
   31000   0.99480901 -9.193061e-05   -1.2450846 
   32000    1.0028998   0.14101461   -1.2262122 
   33000   0.98730583  0.080630821   -1.2676493 
   34000   0.97665799 -0.014097833   -1.3013826 
   35000    1.0085111 -0.0050601017    -1.183345 
   36000    1.0324577   0.13865999    -1.116601 
   37000   0.99839368 -0.0030960507   -1.1646625 
   38000   0.99196057 -0.015031418   -1.2269396 
   39000    1.0105394  0.044508477   -1.2122245 
   40000   0.96785564  0.076422482   -1.2542271 
   41000    1.0333379   0.14056206   -1.2096184 
   42000   0.97564459  0.070497206   -1.2684053 
   43000    0.9987476 -0.036972629   -1.2862386 
   44000   0.97796464 -0.00032712391    -1.302753 
   45000    1.0025913  0.042621036   -1.2434158 
   46000   0.99532476  0.079296465   -1.2370656 
   47000    1.0104095  0.040162068   -1.1609971 
   48000   0.98867028  0.077720347   -1.1786791 
   49000   0.98741423  0.076185808   -1.2757195 
   50000    1.0280283  0.060865177    -1.187644 
Loop time of 21.2463 on 1 procs for 50000 steps with 1331 atoms

Performance: 813318.195 tau/day, 2353.351 timesteps/s
99.9% CPU use with 1 MPI tasks x no OpenMP threads

MPI task timing breakdown:
Section |  min time  |  avg time  |  max time  |%varavg| %total
---------------------------------------------------------------
Pair    | 16.322     | 16.322     | 16.322     |   0.0 | 76.82
Neigh   | 3.4251     | 3.4251     | 3.4251     |   0.0 | 16.12
Comm    | 0.52273    | 0.52273    | 0.52273    |   0.0 |  2.46
Output  | 0.023425   | 0.023425   | 0.023425   |   0.0 |  0.11
Modify  | 0.84251    | 0.84251    | 0.84251    |   0.0 |  3.97
Other   |            | 0.1108     |            |       |  0.52

Nlocal:    1331 ave 1331 max 1331 min
Histogram: 1 0 0 0 0 0 0 0 0 0
Nghost:    2097 ave 2097 max 2097 min
Histogram: 1 0 0 0 0 0 0 0 0 0
Neighs:    26475 ave 26475 max 26475 min
Histogram: 1 0 0 0 0 0 0 0 0 0

Total # of neighbors = 26475
Ave neighs/atom = 19.8911
Neighbor list builds = 2500
Dangerous builds not checked

write_restart NVT/sim1/T_1.00__v_2.20/end1.restart
Total wall time: 0:00:21
