run 50000
Neighbor list info ...
  update every 20 steps, delay 0 steps, check no
  max neighbors/atom: 2000, page size: 100000
  master list distance cutoff = 2.8
  ghost atom cutoff = 2.8
  binsize = 1.4, bins = 16 16 16
  1 neighbor lists, perpetual/occasional/extra = 1 0 0
  (1) pair lj/cut, perpetual
      attributes: half, newton on
      pair build: half/bin/atomonly/newton
      stencil: half/bin/3d/newton
      bin: standard
Per MPI rank memory allocation (min/avg/max) = 2.7 | 2.7 | 2.7 Mbytes
Step Temp Press Volume Density PotEng KinEng TotEng 
       0          1.8    0.1794208        10648        0.125  -0.13561964    2.6979715    2.5623518 
    1000    2.3202876    0.4284986    7038.5487   0.18910148  -0.96951554    3.4778165    2.5083009 
    2000    2.0423822   0.52003227    5347.9304   0.24888133   -1.3003704    3.0612716    1.7609012 
    3000    1.9220925   0.51232914    4298.0519   0.30967518   -1.7033138    2.8809726    1.1776588 
    4000    1.8494432   0.68229562    3603.4887   0.36936428   -2.0044019    2.7720805   0.76767854 
    5000    1.8294598   0.71642523    3152.8776   0.42215403   -2.2795619    2.7421279   0.46256599 
    6000    1.8076108   0.85067097    2868.8342   0.46395152   -2.5130442    2.7093791   0.19633493 
    7000    1.7969554    1.0155492     2690.945   0.49462178   -2.6538235    2.6934079    0.0395844 
    8000    1.7669893    1.1262389    2621.1245   0.50779732   -2.7027502    2.6484926 -0.054257604 
    9000    1.8005931    1.1809221    2619.0789   0.50819394    -2.729104    2.6988605 -0.030243501 
   10000    1.8149446    1.1060536    2647.1704   0.50280103   -2.6933435    2.7203715  0.027028034 
   11000    1.7981251    1.1233579     2657.986   0.50075509   -2.6904423    2.6951612 0.0047189144 
   12000    1.8247332   0.99880797     2632.212   0.50565835   -2.7336974    2.7350434 0.0013459287 
   13000    1.7905784    1.0806555    2636.5632   0.50482385   -2.6985742    2.6838497 -0.014724483 
   14000    1.7871108     1.043595     2659.848   0.50040453   -2.6742292    2.6786522 0.0044230208 
   15000     1.839386    1.1275682    2644.1962   0.50336658   -2.6840971     2.757006  0.072908889 
   16000    1.7039143    1.0967905     2675.959   0.49739178   -2.6207019    2.5539511   -0.0667508 
   17000    1.8029104   0.93579293    2652.2087   0.50184588   -2.7240214    2.7023338 -0.021687543 
   18000    1.8595073    1.1936594    2602.5293   0.51142557   -2.7270622    2.7871653  0.060103134 
   19000    1.7575324    1.1091553    2643.9774   0.50340824   -2.6449941    2.6343179  -0.01067613 
   20000    1.7686507   0.92193088    2620.7275   0.50787424   -2.7758022    2.6509828  -0.12481939 
   21000    1.8034366    1.2199273    2551.7775   0.52159721    -2.776114    2.7031225 -0.072991506 
   22000    1.8313104   0.90771965     2684.062   0.49589019   -2.6744101    2.7449018  0.070491666 
   23000    1.8117134    1.0997575    2693.2373   0.49420079   -2.6307101    2.7155284  0.084818315 
   24000    1.7756295    1.1320113    2622.6711   0.50749787   -2.7212777    2.6614432 -0.059834501 
   25000    1.7825738   0.86876024     2597.665   0.51238324   -2.8080204    2.6718518  -0.13616868 
   26000      1.79013    1.2559429    2528.9641   0.52630244   -2.8114249    2.6831776  -0.12824733 
   27000    1.7522791     1.064402    2670.4728   0.49841361   -2.6682773    2.6264439 -0.041833377 
   28000    1.8346081   0.99453391    2668.5793   0.49876726   -2.6830415    2.7498447  0.066803202 
   29000    1.7668606    1.0150229    2635.4364   0.50503971   -2.7032733    2.6482997 -0.054973611 
   30000    1.7723953    1.0415468    2537.5329   0.52452521   -2.8297188    2.6565956  -0.17312324 
   31000    1.7546468    1.2802405    2596.3677   0.51263925   -2.7242571    2.6299928 -0.094264237 
   32000    1.8007576     1.233871    2611.3462   0.50969879   -2.6762778     2.699107  0.022829243 
   33000    1.7610949     1.014717    2676.0807   0.49736916   -2.6999804    2.6396577  -0.06032273 
   34000    1.8443142    1.1393084    2650.7221   0.50212732    -2.671812    2.7643928  0.092580764 
   35000    1.8168886    1.2434247    2618.0314   0.50839727   -2.7189943    2.7232853 0.0042909856 
   36000    1.7206598    1.2216909    2588.8829   0.51412137   -2.7021051    2.5790505   -0.1230546 
   37000    1.8081971    1.0586348    2634.5936   0.50520126    -2.710865    2.7102579 -0.00060704822 
   38000    1.8109617    1.0422184    2686.0854   0.49551663   -2.6625766    2.7144017  0.051825029 
   39000    1.8407207    1.0334834    2633.8714   0.50533979   -2.7270166    2.7590067   0.03199004 
   40000    1.8155748    1.1652624    2580.9375   0.51570409   -2.7529377    2.7213161 -0.031621551 
   41000    1.7315979    1.2277467     2645.457   0.50312668   -2.6946677    2.5954454 -0.099222214 
   42000     1.829246    1.1149919    2642.4024    0.5037083   -2.7100686    2.7418075  0.031738893 
   43000     1.885654     1.095863     2634.904   0.50514175   -2.7014193    2.8263559    0.1249366 
   44000    1.7211862    1.0626058    2668.9497   0.49869804   -2.6696173    2.5798395 -0.089777782 
   45000     1.724578    1.2441669    2621.3659   0.50775055   -2.6877207    2.5849235  -0.10279728 
   46000    1.8308479    1.2007618    2600.5863   0.51180766    -2.736108    2.7442085 0.0081005928 
   47000     1.783545    1.1216128    2625.5953   0.50693265   -2.6965229    2.6733075 -0.023215425 
   48000    1.8069044    1.0653355    2637.6649   0.50461299   -2.6799678    2.7083203  0.028352491 
   49000    1.8276449       1.0684    2670.4045   0.49842635   -2.6711249    2.7394076  0.068282714 
   50000    1.7907509   0.93503685    2618.3914   0.50832737   -2.7615415    2.6841082 -0.077433282 
Loop time of 31.0722 on 1 procs for 50000 steps with 1331 atoms

Performance: 556124.067 tau/day, 1609.155 timesteps/s
99.7% CPU use with 1 MPI tasks x no OpenMP threads

MPI task timing breakdown:
Section |  min time  |  avg time  |  max time  |%varavg| %total
---------------------------------------------------------------
Pair    | 23.326     | 23.326     | 23.326     |   0.0 | 75.07
Neigh   | 4.3734     | 4.3734     | 4.3734     |   0.0 | 14.07
Comm    | 0.75554    | 0.75554    | 0.75554    |   0.0 |  2.43
Output  | 0.026631   | 0.026631   | 0.026631   |   0.0 |  0.09
Modify  | 2.4326     | 2.4326     | 2.4326     |   0.0 |  7.83
Other   |            | 0.1578     |            |       |  0.51

Nlocal:    1331 ave 1331 max 1331 min
Histogram: 1 0 0 0 0 0 0 0 0 0
Nghost:    2366 ave 2366 max 2366 min
Histogram: 1 0 0 0 0 0 0 0 0 0
Neighs:    30624 ave 30624 max 30624 min
Histogram: 1 0 0 0 0 0 0 0 0 0

Total # of neighbors = 30624
Ave neighs/atom = 23.0083
Neighbor list builds = 2500
Dangerous builds not checked

write_restart lattice_11_11_11__2_2_2/sim1/T_1.80__P_1.10/end1.restart
Total wall time: 0:00:31
