run 50000
Neighbor list info ...
  update every 20 steps, delay 0 steps, check no
  max neighbors/atom: 2000, page size: 100000
  master list distance cutoff = 2.8
  ghost atom cutoff = 2.8
  binsize = 1.4, bins = 14 14 14
  1 neighbor lists, perpetual/occasional/extra = 1 0 0
  (1) pair lj/cut, perpetual
      attributes: half, newton on
      pair build: half/bin/atomonly/newton
      stencil: half/bin/3d/newton
      bin: standard
Per MPI rank memory allocation (min/avg/max) = 2.746 | 2.746 | 2.746 Mbytes
Step Temp Press TotEng 
       0          0.6 -0.090388425    0.4769898 
    1000    0.8480498  0.039413332  -0.15638355 
    2000    0.7098623 -0.0085356537  -0.78222399 
    3000      0.70345  0.001814879   -1.3010066 
    4000   0.71284362 -0.0025383548   -1.7748955 
    5000   0.64772997 0.0088106096   -2.2287474 
    6000   0.62986945  0.019989563   -2.6386525 
    7000   0.62126344  0.038819407   -2.9674283 
    8000   0.58437275 -0.025911085   -3.1869867 
    9000   0.60095941  0.016945533   -3.2634225 
   10000   0.59238794  0.030360391    -3.273409 
   11000   0.60554589 -0.0043567671   -3.2998772 
   12000   0.60033432 -0.013402461   -3.3830068 
   13000    0.5973463 0.0087621419   -3.4400536 
   14000   0.59808174 0.0003780347   -3.4169548 
   15000   0.61115428 0.0029333932   -3.3941067 
   16000   0.61478948 -0.0062029099   -3.4552775 
   17000   0.57782306 -0.0012888417   -3.5153315 
   18000   0.61224751 -0.0042366801   -3.4507845 
   19000   0.61058183 -0.026998145   -3.3923487 
   20000   0.60179323  0.015995996   -3.4376583 
   21000   0.60537277  0.031938999   -3.4481513 
   22000   0.61449444 -0.015800506   -3.4172616 
   23000   0.61255213 -0.022993322   -3.4562684 
   24000   0.61512423   0.03197812   -3.4951879 
   25000   0.60162468 0.0093552094   -3.4408559 
   26000   0.58677266 0.0020349714   -3.4024018 
   27000    0.6128585 -0.047019774   -3.4288278 
   28000    0.6014069  0.041687918   -3.4498286 
   29000   0.57632437 0.0045650156    -3.471137 
   30000   0.59579652  0.014972077    -3.425361 
   31000   0.59872806  0.013212602   -3.3804035 
   32000   0.59936057 -0.025937424    -3.412091 
   33000    0.5947247  0.007836441   -3.4117788 
   34000   0.58336152 -0.029630705   -3.4666146 
   35000   0.59859704  0.006080306   -3.4576587 
   36000   0.57417483 -0.0086645427   -3.4191297 
   37000    0.6108232 -0.032125662   -3.3588251 
   38000   0.60276217  0.045752627   -3.4276029 
   39000   0.59117936 -0.041567223   -3.4521799 
   40000   0.61466775  0.029674382    -3.380386 
   41000   0.57524072 -0.048677021   -3.4284108 
   42000   0.59824615 -0.0078565537   -3.4601984 
   43000   0.60380659 -0.0058593076   -3.4614909 
   44000   0.58522955  0.047184336   -3.4975271 
   45000   0.59061947  0.013093496   -3.4828305 
   46000   0.60672063  0.026249059   -3.4267324 
   47000   0.60135878 -0.0088212711    -3.393955 
   48000   0.64146193  0.036689578   -3.3643972 
   49000   0.60259303 0.00020782732   -3.4438339 
   50000   0.58048281  0.037331974   -3.4436258 
Loop time of 24.5883 on 1 procs for 50000 steps with 1331 atoms

Performance: 702772.033 tau/day, 2033.484 timesteps/s
99.9% CPU use with 1 MPI tasks x no OpenMP threads

MPI task timing breakdown:
Section |  min time  |  avg time  |  max time  |%varavg| %total
---------------------------------------------------------------
Pair    | 20.153     | 20.153     | 20.153     |   0.0 | 81.96
Neigh   | 3.3694     | 3.3694     | 3.3694     |   0.0 | 13.70
Comm    | 0.13737    | 0.13737    | 0.13737    |   0.0 |  0.56
Output  | 0.024382   | 0.024382   | 0.024382   |   0.0 |  0.10
Modify  | 0.83712    | 0.83712    | 0.83712    |   0.0 |  3.40
Other   |            | 0.06681    |            |       |  0.27

Nlocal:    1331 ave 1331 max 1331 min
Histogram: 1 0 0 0 0 0 0 0 0 0
Nghost:    202 ave 202 max 202 min
Histogram: 1 0 0 0 0 0 0 0 0 0
Neighs:    37063 ave 37063 max 37063 min
Histogram: 1 0 0 0 0 0 0 0 0 0

Total # of neighbors = 37063
Ave neighs/atom = 27.846
Neighbor list builds = 2500
Dangerous builds not checked

write_restart NVT/sim1/T_0.60__v_4.91/end1.restart
Total wall time: 0:00:24
