run 50000
Neighbor list info ...
  update every 20 steps, delay 0 steps, check no
  max neighbors/atom: 2000, page size: 100000
  master list distance cutoff = 2.8
  ghost atom cutoff = 2.8
  binsize = 1.4, bins = 16 16 16
  1 neighbor lists, perpetual/occasional/extra = 1 0 0
  (1) pair lj/cut, perpetual
      attributes: half, newton on
      pair build: half/bin/atomonly/newton
      stencil: half/bin/3d/newton
      bin: standard
Per MPI rank memory allocation (min/avg/max) = 2.7 | 2.7 | 2.7 Mbytes
Step Temp Press Volume Density PotEng KinEng TotEng 
       0          1.8    0.1794208        10648        0.125  -0.13561964    2.6979715    2.5623518 
    1000    2.4287945   0.51153171    6453.6622   0.20623949     -1.02469    3.6404546    2.6157645 
    2000      2.14051   0.65894671    4683.3363   0.28419911    -1.453047    3.2083527    1.7553057 
    3000    1.9357456    0.7863529    3656.3152    0.3640277   -1.8912625    2.9014369    1.0101744 
    4000    1.8831141   0.88046972    3017.7082   0.44106319   -2.3624491    2.8225489   0.46009981 
    5000    1.8191106    1.1470183    2619.3814   0.50813523   -2.7014275    2.7266159  0.025188319 
    6000    1.8000521    1.3199622    2387.3513   0.55752163   -2.9923406    2.6980495  -0.29429107 
    7000    1.7660228     1.492725    2289.1324     0.581443   -3.1108486    2.6470439  -0.46380468 
    8000    1.7720051    1.6137939    2274.1496   0.58527373    -3.103853    2.6560106  -0.44784243 
    9000    1.7859418    1.6654275    2296.3281   0.57962101   -3.0469809       2.6769   -0.3700809 
   10000    1.7854347     1.695953    2292.1022   0.58068963   -3.0750691    2.6761399  -0.39892917 
   11000    1.7894917    1.6766053    2262.8986   0.58818368   -3.1386985    2.6822208  -0.45647769 
   12000    1.7922918    1.6618797    2264.7414   0.58770506   -3.1321814    2.6864178  -0.44576363 
   13000    1.8386536    1.4403015    2281.3241   0.58343309   -3.1486415    2.7559083  -0.39273321 
   14000    1.8017995    1.4325949      2290.45   0.58110851   -3.1383945    2.7006687  -0.43772579 
   15000    1.7452122    1.7297864    2292.7281   0.58053111   -3.0544098    2.6158515  -0.43855825 
   16000    1.8578274    1.8152436    2268.8437   0.58664244   -3.0901927    2.7846474  -0.30554522 
   17000    1.8029379    1.8611738    2275.6552   0.58488651   -3.0436143     2.702375  -0.34123931 
   18000    1.7418774     1.592584    2289.6047   0.58132305   -3.0904496     2.610853  -0.47959654 
   19000    1.7911421    1.4434869    2291.8508   0.58075334   -3.1560231    2.6846946  -0.47132849 
   20000     1.837481    1.5017336    2283.7239   0.58282002   -3.1365415    2.7541508  -0.38239073 
   21000    1.8175583    1.8339256    2312.1811   0.57564696   -2.9741115    2.7242891  -0.24982247 
   22000     1.837294    1.5298566    2261.7617   0.58847932   -3.1623604    2.7538704     -0.40849 
   23000    1.7867394    1.3606903    2276.4089   0.58469286   -3.1752235    2.6780955  -0.49712804 
   24000    1.7968659    1.5567744    2297.2656   0.57938446   -3.0686441    2.6932738  -0.37537028 
   25000    1.8238638    1.5442426     2348.387     0.566772    -3.015158    2.7337403  -0.28141773 
   26000    1.7931643    1.7274975    2284.8293   0.58253804   -3.0583163    2.6877256   -0.3705907 
   27000    1.8276392    1.4266948    2283.5721   0.58285876   -3.1618292    2.7393991   -0.4224301 
   28000    1.7468624    1.4250308    2301.2551   0.57838004   -3.1226862    2.6183249  -0.50436128 
   29000    1.8208097    1.6818618    2286.1514   0.58220117   -3.0863963    2.7291626  -0.35723372 
   30000    1.9043094    1.6674158    2285.1677   0.58245179   -3.0695003     2.854318  -0.21518231 
   31000    1.7924634    1.6415296    2287.0324   0.58197689   -3.0977587     2.686675  -0.41108367 
   32000    1.7458103    1.4154137    2273.7981    0.5853642   -3.1414381     2.616748   -0.5246901 
   33000    1.8587091    1.5282103    2296.8044   0.57950079   -3.1038686     2.785969  -0.31789968 
   34000    1.8276984    1.6062461    2292.4835   0.58059305   -3.0699957    2.7394878  -0.33050791 
   35000    1.7571738    1.6286215    2277.5366   0.58440333   -3.1068344    2.6337804  -0.47305405 
   36000    1.7869157    1.5834329    2275.1341   0.58502046    -3.126234    2.6783598  -0.44787418 
   37000    1.7882228    1.6641899    2298.7868   0.57900107   -3.0610354    2.6803189  -0.38071655 
   38000    1.7296929    1.6020529    2301.7003   0.57826815   -3.0633756    2.5925901  -0.47078549 
   39000    1.7930376    1.6659342    2211.5531   0.60183949   -3.2322231    2.6875356  -0.54468745 
   40000    1.8305239     1.551969    2263.1753   0.58811176   -3.1716952    2.7437229  -0.42797234 
   41000    1.8388248    1.5728006    2288.0997   0.58170541   -3.1134918     2.756165   -0.3573268 
   42000    1.8190678    1.5161994    2305.9068   0.57721326   -3.1159047    2.7265516  -0.38935304 
   43000    1.7757423    1.5847535    2236.7131   0.59506961   -3.1638883    2.6616123  -0.50227603 
   44000    1.8266717    1.3237397    2275.7364   0.58486563   -3.1977129     2.737949   -0.4597639 
   45000    1.7919609    1.6421282    2301.9526   0.57820479   -3.0631261    2.6859219  -0.37720423 
   46000      1.76578    1.5227743    2250.8957   0.59132015   -3.1599573      2.64668  -0.51327732 
   47000    1.7978495    1.5870534    2254.6225   0.59034274   -3.1728784    2.6947481  -0.47813027 
   48000     1.830126    1.6090593    2277.8328   0.58432734   -3.1250116    2.7431265  -0.38188511 
   49000    1.7215543    1.5107696    2321.1835   0.57341438   -3.0518882    2.5803913  -0.47149694 
   50000    1.7403945    1.4935255    2332.7978   0.57055952   -3.0453409    2.6086303   -0.4367106 
Loop time of 34.7663 on 1 procs for 50000 steps with 1331 atoms

Performance: 497032.935 tau/day, 1438.174 timesteps/s
99.9% CPU use with 1 MPI tasks x no OpenMP threads

MPI task timing breakdown:
Section |  min time  |  avg time  |  max time  |%varavg| %total
---------------------------------------------------------------
Pair    | 26.765     | 26.765     | 26.765     |   0.0 | 76.98
Neigh   | 4.5328     | 4.5328     | 4.5328     |   0.0 | 13.04
Comm    | 0.80095    | 0.80095    | 0.80095    |   0.0 |  2.30
Output  | 0.027374   | 0.027374   | 0.027374   |   0.0 |  0.08
Modify  | 2.4752     | 2.4752     | 2.4752     |   0.0 |  7.12
Other   |            | 0.1655     |            |       |  0.48

Nlocal:    1331 ave 1331 max 1331 min
Histogram: 1 0 0 0 0 0 0 0 0 0
Nghost:    2532 ave 2532 max 2532 min
Histogram: 1 0 0 0 0 0 0 0 0 0
Neighs:    34347 ave 34347 max 34347 min
Histogram: 1 0 0 0 0 0 0 0 0 0

Total # of neighbors = 34347
Ave neighs/atom = 25.8054
Neighbor list builds = 2500
Dangerous builds not checked

write_restart lattice_11_11_11__2_2_2/sim1/T_1.80__P_1.60/end1.restart
Total wall time: 0:00:34
