run 50000
Neighbor list info ...
  update every 20 steps, delay 0 steps, check no
  max neighbors/atom: 2000, page size: 100000
  master list distance cutoff = 2.8
  ghost atom cutoff = 2.8
  binsize = 1.4, bins = 16 16 16
  1 neighbor lists, perpetual/occasional/extra = 1 0 0
  (1) pair lj/cut, perpetual
      attributes: half, newton on
      pair build: half/bin/atomonly/newton
      stencil: half/bin/3d/newton
      bin: standard
Per MPI rank memory allocation (min/avg/max) = 2.7 | 2.7 | 2.7 Mbytes
Step Temp Press Volume Density PotEng KinEng TotEng 
       0          1.8    0.1794208        10648        0.125  -0.13561964    2.6979715    2.5623518 
    1000    2.1524543   0.34618799    8024.0533   0.16587627  -0.86801819    3.2262557    2.3582376 
    2000    1.9238268   0.35904096    6571.4319   0.20254338   -1.1086997    2.8835721    1.7748724 
    3000    1.8320353   0.37636323    5571.7211   0.23888489   -1.3442389    2.7459883    1.4017494 
    4000    1.8079343   0.43082566       4881.9   0.27263975   -1.5156157     2.709864    1.1942483 
    5000    1.8083812    0.4572968    4424.5126    0.3008241   -1.6666042    2.7105338    1.0439296 
    6000    1.7894473   0.50436985      4084.97   0.32582859   -1.7929157    2.6821543   0.88923863 
    7000    1.7750919   0.59338174    3865.8851   0.34429373   -1.8331284    2.6606374   0.82750898 
    8000    1.7771507   0.54853761    3761.5714   0.35384148   -1.9175837    2.6637233   0.74613958 
    9000    1.7691759    0.6488582    3704.0448    0.3593369   -1.9467337    2.6517701   0.70503637 
   10000     1.790769   0.68369614    3665.5853   0.36310709   -1.9469137    2.6841353    0.7372216 
   11000    1.7780872   0.56109303     3738.038   0.35606915   -1.9281663    2.6651269   0.73696065 
   12000    1.8419813   0.62118286    3764.0749   0.35360614   -1.9129788     2.760896   0.84791722 
   13000    1.7460639   0.61520688     3758.868   0.35409597   -1.9048106    2.6171281   0.71231745 
   14000    1.7335362    0.6703598    3590.1213   0.37073956   -1.9618888    2.5983506   0.63646185 
   15000    1.7894384   0.73001389    3566.5142   0.37319352   -1.9803305    2.6821409   0.70181035 
   16000    1.7503299   0.57543545    3757.4992   0.35422496   -1.9113289    2.6235223   0.71219344 
   17000     1.848021   0.63813952    3727.1902   0.35710547   -1.9151719    2.7699488   0.85477685 
   18000     1.769564     0.561793    3682.8293   0.36140692   -1.9538099    2.6523518   0.69854195 
   19000    1.7858695   0.67863614    3598.1443    0.3699129   -1.9671447    2.6767917   0.70964703 
   20000    1.8071505   0.64825141    3649.7241    0.3646851   -1.9796284    2.7086891   0.72906062 
   21000    1.7674357   0.53987823    3821.3229    0.3483087   -1.9123485    2.6491618   0.73681323 
   22000    1.8979796    0.5914888    3815.0918   0.34887758   -1.9056714    2.8448304   0.93915899 
   23000    1.7838347   0.50230968    3848.1526   0.34588026   -1.9007192    2.6737418   0.77302261 
   24000    1.7709412   0.69906534    3626.8134   0.36698882   -1.9375803     2.654416   0.71683565 
   25000    1.7618788    0.4827849    3674.5822   0.36221805      -2.0019    2.6408326   0.63893267 
   26000     1.806067   0.62313374    3715.7539   0.35820456   -1.9315131    2.7070651   0.77555207 
   27000    1.8222675   0.53323197    3734.9568   0.35636289   -1.9551756    2.7313475   0.77617191 
   28000    1.8140369   0.60083342    3707.5926   0.35899305   -1.9652372     2.719011   0.75377381 
   29000    1.7717477   0.50898888     3751.677   0.35477468   -1.9326923    2.6556249   0.72293256 
   30000    1.8549295   0.57206881    3605.2934   0.36917938   -2.0096848    2.7803038   0.77061894 
   31000    1.7951481    0.5408647    3772.2219   0.35284244   -1.9481097     2.690699   0.74258937 
   32000    1.8291949   0.65532182    3709.9496   0.35876498   -1.9463891    2.7417309    0.7953418 
   33000    1.7580068    0.6209162    3699.5375    0.3597747   -1.9321894     2.635029   0.70283958 
   34000    1.8004587   0.62839754    3654.7077   0.36418782   -1.9759479    2.6986589   0.72271101 
   35000    1.8370786   0.57247573    3702.9757   0.35944065   -1.9255833    2.7535475   0.82796424 
   36000    1.7438425   0.58133246    3781.2631   0.35199878   -1.8973608    2.6137985   0.71643766 
   37000    1.8562268   0.67136172    3713.2751   0.35844368   -1.8880269    2.7822482   0.89422131 
   38000     1.748525    0.5586362    3760.4453   0.35394744    -1.885483     2.620817   0.73533398 
   39000    1.8706149   0.63923761    3709.8903   0.35877072   -1.9396204    2.8038143   0.86419385 
   40000    1.7517711   0.58977467    3755.4975   0.35441376   -1.9509815    2.6256825   0.67470097 
   41000    1.8160783   0.79023471    3580.0212   0.37178551   -1.9614249    2.7220708   0.76064597 
   42000    1.7260155   0.54291327    3732.5519    0.3565925   -1.9295663    2.5870781    0.6575118 
   43000    1.8350401   0.57168885    3707.7127   0.35898143   -1.9522946     2.750492   0.79819743 
   44000    1.7917987   0.62640931    3675.6393   0.36211387   -1.9939579    2.6856787   0.69172081 
   45000    1.7911401   0.58382216    3476.8337   0.38281957   -2.0907187    2.6846916   0.59397298 
   46000    1.7126171   0.57070615    3508.8632   0.37932513   -2.0875042    2.5669956   0.47949142 
   47000    1.7866524   0.63704297    3602.6036   0.36945502   -1.9851372    2.6779651   0.69282789 
   48000    1.7858831   0.64113885    3822.6216   0.34819036   -1.8940136    2.6768119   0.78279837 
   49000    1.8059836   0.54551938    3880.6136   0.34298699   -1.8432202    2.7069401   0.86371991 
   50000    1.7939725   0.57415542    3737.4351   0.35612658   -1.9586848     2.688937   0.73025221 
Loop time of 24.1532 on 1 procs for 50000 steps with 1331 atoms

Performance: 715434.550 tau/day, 2070.123 timesteps/s
99.8% CPU use with 1 MPI tasks x no OpenMP threads

MPI task timing breakdown:
Section |  min time  |  avg time  |  max time  |%varavg| %total
---------------------------------------------------------------
Pair    | 17.186     | 17.186     | 17.186     |   0.0 | 71.16
Neigh   | 3.6654     | 3.6654     | 3.6654     |   0.0 | 15.18
Comm    | 0.67136    | 0.67136    | 0.67136    |   0.0 |  2.78
Output  | 0.026973   | 0.026973   | 0.026973   |   0.0 |  0.11
Modify  | 2.4557     | 2.4557     | 2.4557     |   0.0 | 10.17
Other   |            | 0.1474     |            |       |  0.61

Nlocal:    1331 ave 1331 max 1331 min
Histogram: 1 0 0 0 0 0 0 0 0 0
Nghost:    1945 ave 1945 max 1945 min
Histogram: 1 0 0 0 0 0 0 0 0 0
Neighs:    21604 ave 21604 max 21604 min
Histogram: 1 0 0 0 0 0 0 0 0 0

Total # of neighbors = 21604
Ave neighs/atom = 16.2314
Neighbor list builds = 2500
Dangerous builds not checked

write_restart lattice_11_11_11__2_2_2/sim1/T_1.80__P_0.60/end1.restart
Total wall time: 0:00:24
