run 50000
Neighbor list info ...
  update every 20 steps, delay 0 steps, check no
  max neighbors/atom: 2000, page size: 100000
  master list distance cutoff = 2.8
  ghost atom cutoff = 2.8
  binsize = 1.4, bins = 16 16 16
  1 neighbor lists, perpetual/occasional/extra = 1 0 0
  (1) pair lj/cut, perpetual
      attributes: half, newton on
      pair build: half/bin/atomonly/newton
      stencil: half/bin/3d/newton
      bin: standard
Per MPI rank memory allocation (min/avg/max) = 2.7 | 2.7 | 2.7 Mbytes
Step Temp Press Volume Density PotEng KinEng TotEng 
       0            1  0.079495929        10648        0.125  -0.13561964     1.498873    1.3632534 
    1000    1.4519572   0.23525104    6778.2943   0.19636209   -1.1491602    2.1762995    1.0271393 
    2000    1.2332414   0.17553267     4938.602   0.26950947   -1.6525389    1.8484723   0.19593344 
    3000    1.1367881   0.14330926    3761.0372   0.35389174   -2.1962665     1.703901   -0.4923655 
    4000    1.0798248  0.052426928    2973.5449   0.44761388   -2.7084913    1.6185202    -1.089971 
    5000    1.0639987   0.24542087    2429.0561   0.54794947   -3.2214707    1.5947989   -1.6266717 
    6000    1.0790776   0.34875729    2095.3966   0.63520195   -3.7657806    1.6174004   -2.1483802 
    7000    1.0053181   0.64897093    1915.9149   0.69470726   -4.0879513    1.5068442   -2.5811072 
    8000   0.98026047   0.70245203    1837.1592   0.72448812    -4.303885     1.469286    -2.834599 
    9000   0.98756581   0.78157777    1822.1209   0.73046743   -4.3207968    1.4802358    -2.840561 
   10000   0.99863027   0.84799407    1848.6977   0.71996627   -4.2181006      1.49682   -2.7212806 
   11000    1.0275917   0.67692432    1855.9638   0.71714762   -4.2375369    1.5402295   -2.6973074 
   12000   0.99095518   0.76299022    1829.5185   0.72751383   -4.2840822     1.485316   -2.7987663 
   13000   0.99096887   0.78242998    1826.0457   0.72889743   -4.3177196    1.4853365   -2.8323831 
   14000    1.0247425   0.67203907    1841.0848   0.72294336    -4.298499    1.5359589   -2.7625401 
   15000    1.0323191   0.68585452    1855.9711   0.71714477   -4.2451879    1.5473153   -2.6978726 
   16000    1.0300967   0.61219604    1841.8683   0.72263582   -4.3092038    1.5439842   -2.7652196 
   17000   0.98627456   0.72835269    1826.7888   0.72860093   -4.3040601    1.4783003   -2.8257598 
   18000   0.99651559   0.79033348     1822.481   0.73032312   -4.3179638    1.4936503   -2.8243135 
   19000    1.0250905   0.67015398    1841.5132   0.72277515   -4.2904217    1.5364804   -2.7539413 
   20000    1.0172753   0.59983987    1854.5743   0.71768493   -4.2655922    1.5247665   -2.7408257 
   21000   0.99657822   0.66127261    1847.1321   0.72057652     -4.26937    1.4937442   -2.7756258 
   22000    0.9937125   0.65167786     1837.961   0.72417206   -4.2995384    1.4894489   -2.8100896 
   23000    1.0007072   0.59984617    1846.0459   0.72100047   -4.2957486     1.499933   -2.7958156 
   24000   0.97460189   0.61672183    1867.0874   0.71287504   -4.1836654    1.4608045   -2.7228609 
   25000    1.0145188   0.68603007     1872.395   0.71085428   -4.2108721    1.5206349   -2.6902372 
   26000   0.99049045   0.69370591    1845.9472   0.72103905     -4.27952    1.4846194   -2.7949006 
   27000    1.0261727   0.65718358    1832.2986   0.72640998   -4.3409328    1.5381026   -2.8028301 
   28000    1.0110628   0.85093651    1851.2916    0.7189575   -4.2094252    1.5154547   -2.6939705 
   29000    1.0143537   0.78487004    1851.4312   0.71890328   -4.2274107    1.5203873   -2.7070233 
   30000   0.99436959   0.88066871    1830.7086    0.7270409    -4.278734    1.4904338   -2.7883002 
   31000    1.0060972   0.72531479    1844.7729   0.72149802   -4.2749459    1.5080119    -2.766934 
   32000    1.0175179   0.62980989    1860.2154   0.71550854    -4.222686    1.5251301   -2.6975559 
   33000     1.022816    0.6509342    1867.4893   0.71272163   -4.2240284    1.5330713   -2.6909571 
   34000   0.98884116   0.86183152    1828.6307   0.72786704   -4.2692853    1.4821473    -2.787138 
   35000    1.0085974   0.31910265     1856.767   0.71683737   -4.3024522    1.5117594   -2.7906927 
   36000     1.011699   0.59959326    1876.7798   0.70919347    -4.210936    1.5164083   -2.6945277 
   37000   0.98722025   0.68745102    1849.6231   0.71960607   -4.2550264    1.4797178   -2.7753086 
   38000    1.0069679   0.64298333    1843.9852   0.72180622   -4.2912814     1.509317   -2.7819645 
   39000    1.0210895    0.7154249    1882.0144   0.70722093   -4.1823876    1.5304835   -2.6519041 
   40000   0.99479891   0.76198867    1862.8414   0.71449989   -4.2302215    1.4910773   -2.7391442 
   41000    1.0072366   0.57590022    1848.9302   0.71987573   -4.2892882    1.5097197   -2.7795685 
   42000    1.0281816   0.67091651     1852.867   0.71834621   -4.2672029    1.5411137   -2.7260892 
   43000    1.0526711   0.67378603      1844.44   0.72162826    -4.278172    1.5778203   -2.7003517 
   44000    1.0011932   0.78109354    1830.3446   0.72718549   -4.2967991    1.5006616   -2.7961375 
   45000    1.0228282    0.5837108    1846.2442   0.72092306    -4.306834    1.5330896   -2.7737444 
   46000     1.022255   0.70148909    1867.0663   0.71288309   -4.2146811    1.5322304   -2.6824506 
   47000    1.0070859   0.68536004    1845.7033   0.72113431   -4.2684474    1.5094939   -2.7589535 
   48000    1.0150844   0.62011919    1829.5829    0.7274882   -4.3354333    1.5214827   -2.8139506 
   49000    1.0111525   0.72994439    1847.2202   0.72054216   -4.2355001    1.5155892   -2.7199109 
   50000    1.0211065   0.81319825    1857.4677   0.71656698   -4.2162703     1.530509   -2.6857613 
Loop time of 34.6741 on 1 procs for 50000 steps with 1331 atoms

Performance: 498355.030 tau/day, 1442.000 timesteps/s
99.9% CPU use with 1 MPI tasks x no OpenMP threads

MPI task timing breakdown:
Section |  min time  |  avg time  |  max time  |%varavg| %total
---------------------------------------------------------------
Pair    | 27.198     | 27.198     | 27.198     |   0.0 | 78.44
Neigh   | 4.4946     | 4.4946     | 4.4946     |   0.0 | 12.96
Comm    | 0.71008    | 0.71008    | 0.71008    |   0.0 |  2.05
Output  | 0.026329   | 0.026329   | 0.026329   |   0.0 |  0.08
Modify  | 2.1        | 2.1        | 2.1        |   0.0 |  6.06
Other   |            | 0.1455     |            |       |  0.42

Nlocal:    1331 ave 1331 max 1331 min
Histogram: 1 0 0 0 0 0 0 0 0 0
Nghost:    2772 ave 2772 max 2772 min
Histogram: 1 0 0 0 0 0 0 0 0 0
Neighs:    42805 ave 42805 max 42805 min
Histogram: 1 0 0 0 0 0 0 0 0 0

Total # of neighbors = 42805
Ave neighs/atom = 32.16
Neighbor list builds = 2500
Dangerous builds not checked

write_restart lattice_11_11_11__2_2_2/sim1/T_1.00__P_0.70/end1.restart
Total wall time: 0:00:34
