run 50000
Neighbor list info ...
  update every 20 steps, delay 0 steps, check no
  max neighbors/atom: 2000, page size: 100000
  master list distance cutoff = 2.8
  ghost atom cutoff = 2.8
  binsize = 1.4, bins = 22 22 22
  1 neighbor lists, perpetual/occasional/extra = 1 0 0
  (1) pair lj/cut, perpetual
      attributes: half, newton on
      pair build: half/bin/atomonly/newton
      stencil: half/bin/3d/newton
      bin: standard
Per MPI rank memory allocation (min/avg/max) = 2.739 | 2.739 | 2.739 Mbytes
Step Temp Press TotEng 
       0          1.1  0.052557147    1.6364313 
    1000    1.1368642  0.055269727    1.4126766 
    2000    1.0710427  0.048047755    1.2802741 
    3000    1.1359438  0.047112171    1.3595262 
    4000    1.0794135  0.045725069    1.2522547 
    5000    1.1339034  0.047224239    1.3141817 
    6000      1.08867  0.043392892     1.247167 
    7000    1.1105582  0.046006844    1.2816627 
    8000    1.0898835   0.04405802    1.2679025 
    9000    1.0961935  0.045947948    1.2700667 
   10000      1.09958  0.044360099    1.2782846 
   11000    1.0908666  0.041993506    1.2568271 
   12000    1.1254294  0.046838013    1.3030988 
   13000    1.0911903  0.046053525    1.2724711 
   14000    1.1435129   0.04605824    1.3324667 
   15000    1.0734736  0.042170946    1.2267608 
   16000    1.1532312  0.047498196    1.3324548 
   17000    1.0821917  0.046193276    1.2434661 
   18000    1.1201998  0.047462287    1.2986813 
   19000    1.0966336  0.046124003     1.264548 
   20000    1.0982417  0.040413159    1.2714205 
   21000    1.0977899  0.046243623    1.2917485 
   22000    1.0664483   0.04445249    1.2397299 
   23000    1.1331953  0.044369664    1.3207586 
   24000    1.0715798  0.042700059    1.2266797 
   25000    1.1077323  0.048159754     1.314037 
   26000    1.0931413  0.044438971    1.2938376 
   27000    1.0691295  0.043758336    1.2376052 
   28000    1.1085428   0.04379383    1.2981184 
   29000    1.1070723  0.045928642    1.2812399 
   30000    1.0823546  0.049069037    1.2609573 
   31000    1.0972972  0.046757809    1.2755293 
   32000    1.1635673  0.047249041    1.3684332 
   33000    1.0644673  0.043001697    1.2393366 
   34000    1.1262508  0.048217954    1.3125755 
   35000    1.0614603  0.042223239    1.2103707 
   36000    1.1274735  0.045070319    1.3279903 
   37000    1.0640788  0.041074048    1.2350136 
   38000    1.1325112  0.047339687    1.3184455 
   39000    1.0510197  0.042775276     1.202877 
   40000    1.1211967  0.047096159    1.3148722 
   41000    1.0935692  0.043520909    1.2829709 
   42000    1.0782924  0.047200306    1.2354487 
   43000    1.1128288  0.044291475    1.3177908 
   44000    1.0853647   0.04371893    1.2470589 
   45000    1.1031777  0.044973028    1.2816916 
   46000    1.0793521  0.046132464     1.249648 
   47000    1.1186564  0.048162377    1.3055193 
   48000    1.0979722  0.041014874     1.266922 
   49000    1.0949184  0.043453043     1.261391 
   50000    1.1121737  0.048024392     1.312789 
Loop time of 4.68782 on 1 procs for 50000 steps with 1331 atoms

Performance: 3686146.339 tau/day, 10665.933 timesteps/s
99.7% CPU use with 1 MPI tasks x no OpenMP threads

MPI task timing breakdown:
Section |  min time  |  avg time  |  max time  |%varavg| %total
---------------------------------------------------------------
Pair    | 2.3824     | 2.3824     | 2.3824     |   0.0 | 50.82
Neigh   | 1.1093     | 1.1093     | 1.1093     |   0.0 | 23.66
Comm    | 0.25635    | 0.25635    | 0.25635    |   0.0 |  5.47
Output  | 0.021994   | 0.021994   | 0.021994   |   0.0 |  0.47
Modify  | 0.84071    | 0.84071    | 0.84071    |   0.0 | 17.93
Other   |            | 0.07704    |            |       |  1.64

Nlocal:    1331 ave 1331 max 1331 min
Histogram: 1 0 0 0 0 0 0 0 0 0
Nghost:    866 ave 866 max 866 min
Histogram: 1 0 0 0 0 0 0 0 0 0
Neighs:    3333 ave 3333 max 3333 min
Histogram: 1 0 0 0 0 0 0 0 0 0

Total # of neighbors = 3333
Ave neighs/atom = 2.50413
Neighbor list builds = 2500
Dangerous builds not checked

write_restart NVT/sim1/T_1.10__v_21.95/end1.restart
Total wall time: 0:00:04
