run 50000
Neighbor list info ...
  update every 20 steps, delay 0 steps, check no
  max neighbors/atom: 2000, page size: 100000
  master list distance cutoff = 2.8
  ghost atom cutoff = 2.8
  binsize = 1.4, bins = 16 16 16
  1 neighbor lists, perpetual/occasional/extra = 1 0 0
  (1) pair lj/cut, perpetual
      attributes: half, newton on
      pair build: half/bin/atomonly/newton
      stencil: half/bin/3d/newton
      bin: standard
Per MPI rank memory allocation (min/avg/max) = 2.7 | 2.7 | 2.7 Mbytes
Step Temp Press Volume Density PotEng KinEng TotEng 
       0          1.5   0.14194897        10648        0.125  -0.13561964    2.2483095    2.1126899 
    1000    2.1482335   0.47602528    6061.7884   0.21957216   -1.1330666    3.2199292    2.0868626 
    2000    1.8893153   0.54547365    4246.3412   0.31344632   -1.6954198    2.8318438    1.1364239 
    3000    1.7015665   0.67402275    3229.1711   0.41218008   -2.2494388    2.5504321   0.30099329 
    4000    1.6268155   0.89970619    2607.8472   0.51038267    -2.800462    2.4383899  -0.36207211 
    5000    1.5459856    1.2757105    2245.3317   0.59278546   -3.2331265    2.3172362  -0.91589035 
    6000    1.4822434    1.5793093    2057.0372   0.64704712   -3.5585722    2.2216946   -1.3368776 
    7000    1.4663032    1.6850266    1972.5963   0.67474527   -3.7545587    2.1978023   -1.5567565 
    8000    1.5024882    1.6141748     1986.614   0.66998422   -3.7067316     2.252039   -1.4546926 
    9000    1.5356949    1.7892087    2021.2464   0.65850457   -3.6215476    2.3018116    -1.319736 
   10000    1.4835769    1.7052902    2008.6745   0.66262601   -3.6404698    2.2236934   -1.4167764 
   11000    1.4451625    1.7631929    1981.8332   0.67160043    -3.689051    2.1661151    -1.522936 
   12000    1.5171063     1.806507    1984.6077   0.67066153   -3.6967535    2.2739497   -1.4228038 
   13000    1.5551024    1.7396163    2015.0523   0.66052876   -3.6371136     2.330901   -1.3062125 
   14000    1.5158718     1.846535    1993.9127   0.66753172    -3.655573    2.2720994   -1.3834736 
   15000    1.4981385    1.9243809    1968.5057   0.67614738   -3.7050233    2.2455195   -1.4595039 
   16000      1.53454    1.8980823    1973.2277   0.67452935   -3.6905186    2.3000806   -1.3904379 
   17000    1.5318541    1.8768571    2001.5981   0.66496865    -3.630258    2.2960548   -1.3342032 
   18000    1.5554997    1.5683597     2000.773   0.66524289   -3.6948678    2.3314966   -1.3633712 
   19000    1.5273851    1.5673111    1990.9455    0.6685266   -3.7292471    2.2893564   -1.4398907 
   20000    1.5187012    1.5902042    2004.4548   0.66402097   -3.6892948    2.2763402   -1.4129546 
   21000    1.4780972    1.7420475    2016.5413   0.66004103   -3.6213046      2.21548   -1.4058247 
   22000    1.4592214    1.4028314    2032.8675   0.65474017   -3.6459383    2.1871876   -1.4587508 
   23000    1.4971216    1.5001386     2018.358   0.65944694   -3.6796484    2.2439951   -1.4356532 
   24000    1.4820402    1.7006866    1978.0564   0.67288272    -3.711126    2.2213901   -1.4897359 
   25000    1.4975012     1.695869    1981.3564   0.67176205   -3.7038839    2.2445642   -1.4593197 
   26000    1.5386343     1.715967     2007.404    0.6630454   -3.6606555    2.3062175    -1.354438 
   27000    1.4645725    1.6823418    2001.1052   0.66513246   -3.6556368    2.1952083   -1.4604286 
   28000     1.475578    1.7117913    1990.5177   0.66867027    -3.682376     2.211704   -1.4706719 
   29000    1.5083822    1.8793459    1987.6617   0.66963105   -3.6641191    2.2608734   -1.4032457 
   30000    1.5469684    1.9414661    1999.9946    0.6655018   -3.5964102    2.3187093   -1.2777009 
   31000    1.5947639    1.8657813    1979.8412   0.67227615    -3.694916    2.3903486   -1.3045675 
   32000    1.5114685    1.8723116    1984.4077   0.67072911   -3.6583396    2.2654994   -1.3928402 
   33000    1.4957371    1.6341807     1990.208   0.66877431   -3.7107076    2.2419199   -1.4687877 
   34000     1.472626    1.6303471    1986.9203   0.66988093   -3.6994289    2.2072795   -1.4921495 
   35000    1.5006375    1.7405186    2010.4484   0.66204137   -3.6186585     2.249265   -1.3693935 
   36000      1.49162    1.5392081    2005.3917   0.66371073   -3.6828967    2.2357491   -1.4471477 
   37000    1.4545168     1.678938    1980.0216    0.6722149   -3.7056195     2.180136   -1.5254835 
   38000    1.4934845    1.7620664    1994.6511   0.66728461   -3.6590883    2.2385436   -1.4205447 
   39000    1.5255256    1.8044449    1989.3636   0.66905817   -3.6759658    2.2865691   -1.3893967 
   40000    1.5635289    1.8434098    1973.4821   0.67444241   -3.7019043    2.3435313    -1.358373 
   41000    1.5708355    1.7015303    2004.4536   0.66402135   -3.6570552     2.354483   -1.3025722 
   42000    1.4923974    1.6224841    2021.1682   0.65853004   -3.6300177    2.2369142   -1.3931035 
   43000    1.4916599    1.4566532    1989.1767   0.66912105   -3.7603899    2.2358088   -1.5245811 
   44000    1.4682829    1.7304279    1984.8278   0.67058715    -3.711349    2.2007696   -1.5105795 
   45000    1.5192224    1.5310023     2010.721   0.66195161   -3.6925429    2.2771214   -1.4154214 
   46000    1.4852787    1.6081676    2026.0988   0.65692748   -3.6288092    2.2262443   -1.4025649 
   47000    1.4506911     1.707658    2008.9336   0.66254056   -3.6307024    2.1744018   -1.4563005 
   48000    1.4829144    1.4721833    2003.1949   0.66443858   -3.7114694    2.2227005   -1.4887689 
   49000    1.5298509    1.5462163    2012.4088   0.66139643   -3.6825345    2.2930522   -1.3894823 
   50000     1.557528    1.7032587    2029.0554   0.65597025   -3.6083623    2.3345367   -1.2738256 
Loop time of 36.4948 on 1 procs for 50000 steps with 1331 atoms

Performance: 473491.989 tau/day, 1370.058 timesteps/s
99.9% CPU use with 1 MPI tasks x no OpenMP threads

MPI task timing breakdown:
Section |  min time  |  avg time  |  max time  |%varavg| %total
---------------------------------------------------------------
Pair    | 28.488     | 28.488     | 28.488     |   0.0 | 78.06
Neigh   | 4.7015     | 4.7015     | 4.7015     |   0.0 | 12.88
Comm    | 0.77996    | 0.77996    | 0.77996    |   0.0 |  2.14
Output  | 0.028502   | 0.028502   | 0.028502   |   0.0 |  0.08
Modify  | 2.332      | 2.332      | 2.332      |   0.0 |  6.39
Other   |            | 0.1646     |            |       |  0.45

Nlocal:    1331 ave 1331 max 1331 min
Histogram: 1 0 0 0 0 0 0 0 0 0
Nghost:    2677 ave 2677 max 2677 min
Histogram: 1 0 0 0 0 0 0 0 0 0
Neighs:    39469 ave 39469 max 39469 min
Histogram: 1 0 0 0 0 0 0 0 0 0

Total # of neighbors = 39469
Ave neighs/atom = 29.6536
Neighbor list builds = 2500
Dangerous builds not checked

write_restart lattice_11_11_11__2_2_2/sim1/T_1.50__P_1.70/end1.restart
Total wall time: 0:00:36
