run 50000
Neighbor list info ...
  update every 20 steps, delay 0 steps, check no
  max neighbors/atom: 2000, page size: 100000
  master list distance cutoff = 2.8
  ghost atom cutoff = 2.8
  binsize = 1.4, bins = 16 16 16
  1 neighbor lists, perpetual/occasional/extra = 1 0 0
  (1) pair lj/cut, perpetual
      attributes: half, newton on
      pair build: half/bin/atomonly/newton
      stencil: half/bin/3d/newton
      bin: standard
Per MPI rank memory allocation (min/avg/max) = 2.7 | 2.7 | 2.7 Mbytes
Step Temp Press Volume Density PotEng KinEng TotEng 
       0          1.2   0.10447715        10648        0.125  -0.13561964    1.7986476     1.663028 
    1000    1.5450835    0.1897454    7961.6345   0.16717673  -0.98936329    2.3158839    1.3265206 
    2000    1.3287573    0.1619654    6382.2619   0.20854675   -1.2879005    1.9916384   0.70373793 
    3000    1.2553135   0.13503581    5226.8019   0.25464902   -1.5920427    1.8815555   0.28951275 
    4000     1.220792   0.17165953    4404.6305   0.30218199   -1.8730299    1.8298122  -0.04321766 
    5000    1.2213645   0.14436216    3780.9288    0.3520299   -2.1382973    1.8306703  -0.30762695 
    6000    1.2379984    0.1604888    3328.9367   0.39982737   -2.4301303    1.8556024  -0.57452787 
    7000    1.2276641   0.25376399    2974.4006   0.44748512   -2.6823006    1.8401126  -0.84218801 
    8000    1.2074993   0.16058124    2706.6037    0.4917602    -2.865658    1.8098881   -1.0557698 
    9000    1.2298731    0.2832432    2537.3999   0.52455271   -3.0880083    1.8434236   -1.2445847 
   10000    1.1944758   0.41620616    2422.3553   0.54946522   -3.1729513    1.7903675   -1.3825837 
   11000    1.1909058   0.31142964    2359.8188   0.56402636   -3.2882938    1.7850165   -1.5032773 
   12000    1.2024428   0.43735789    2320.9587   0.57346991   -3.3209439    1.8023091   -1.5186348 
   13000    1.1873202   0.40893615    2342.1467   0.56828208   -3.2791343    1.7796422    -1.499492 
   14000    1.1976076   0.38749297    2394.7909   0.55578965    -3.228291    1.7950617   -1.4332293 
   15000    1.2194743    0.4690072    2388.7004   0.55720676   -3.2150969    1.8278371   -1.3872598 
   16000    1.1945917   0.48821286    2386.3201   0.55776255   -3.1871785    1.7905413   -1.3966372 
   17000    1.1868179   0.29310576    2393.4564   0.55609954   -3.2495888    1.7788893   -1.4706995 
   18000    1.1862889    0.3175006    2329.2579   0.57142663   -3.3449577    1.7780965   -1.5668613 
   19000    1.1921732   0.44959739    2321.4086   0.57335878   -3.3098182    1.7869162    -1.522902 
   20000    1.1899529   0.30015393    2377.9387   0.55972848    -3.260184    1.7835883   -1.4765956 
   21000    1.2223582   0.30073981     2349.228    0.5665691   -3.2892794    1.8321597   -1.4571197 
   22000    1.2007036   0.23192055     2348.469    0.5667522   -3.2984924    1.7997023   -1.4987901 
   23000    1.1766255    0.3399748    2309.8151    0.5762366   -3.3608048    1.7636122   -1.5971926 
   24000    1.2348475   0.43108318    2277.0433   0.58452995   -3.3700176    1.8508796    -1.519138 
   25000    1.2018523   0.36687955    2440.2241   0.54544171   -3.1824162     1.801424   -1.3809921 
   26000    1.1902338   0.32249616    2400.5868   0.55444776   -3.2011164    1.7840094    -1.417107 
   27000    1.1651508   0.39262598    2368.8946   0.56186543   -3.2677873    1.7464131   -1.5213742 
   28000    1.2362632   0.27813866    2357.7831   0.56451333   -3.2762126    1.8530016    -1.423211 
   29000    1.1772951   0.45467079    2378.3931   0.55962153   -3.2133856    1.7646158   -1.4487698 
   30000    1.1609526    0.3990034    2360.8157   0.56378819   -3.2564788    1.7401206   -1.5163582 
   31000    1.2431193   0.58776134    2299.6282   0.57878922    -3.330466     1.863278    -1.467188 
   32000    1.1974638   0.28538489    2383.1283   0.55850958   -3.2312232    1.7948462    -1.436377 
   33000    1.1508245   0.46939834    2418.1305   0.55042521   -3.1586493    1.7249398   -1.4337095 
   34000     1.195503   0.38400621    2381.9142   0.55879427   -3.2521215    1.7919072   -1.4602143 
   35000    1.2318079   0.54527465     2326.682   0.57205927    -3.296075    1.8463237   -1.4497513 
   36000    1.1853994   0.38581236     2332.322   0.57067592   -3.3277289    1.7767632   -1.5509657 
   37000    1.2091146    0.3487277    2374.0814    0.5606379   -3.2416601    1.8123093   -1.4293508 
   38000    1.2314779   0.38063262    2441.8086   0.54508776   -3.1307939     1.845829   -1.2849648 
   39000    1.2075837   0.35669266    2449.5741   0.54335975   -3.1555953    1.8100146   -1.3455806 
   40000    1.1772083   0.34199109    2395.7766   0.55556099   -3.2122812    1.7644858   -1.4477954 
   41000    1.1862314   0.45402531    2354.6247   0.56527056   -3.2549788    1.7780102   -1.4769685 
   42000    1.2555645   0.46973556    2336.6026   0.56963046    -3.282014    1.8819317   -1.4000822 
   43000    1.1864077    0.3911117    2408.6358   0.55259496   -3.1973727    1.7782745   -1.4190982 
   44000    1.2002425   0.46025666    2381.5772   0.55887333   -3.2070357    1.7990111   -1.4080246 
   45000    1.2085963   0.40257345    2377.6224   0.55980293   -3.2497994    1.8115323   -1.4382671 
   46000    1.2329844   0.33531464    2341.5883   0.56841761   -3.3037277    1.8480871   -1.4556406 
   47000    1.1874107   0.42306663    2328.6009   0.57158787    -3.297339    1.7797779   -1.5175611 
   48000    1.1794283   0.35284627    2356.0893   0.56491917   -3.2796896    1.7678133   -1.5118764 
   49000    1.2193662   0.51459965    2322.1982   0.57316381   -3.2896647    1.8276751   -1.4619897 
   50000    1.2117982    0.5995571    2330.8023   0.57104801   -3.2229037    1.8163317    -1.406572 
Loop time of 31.0798 on 1 procs for 50000 steps with 1331 atoms

Performance: 555988.173 tau/day, 1608.762 timesteps/s
99.8% CPU use with 1 MPI tasks x no OpenMP threads

MPI task timing breakdown:
Section |  min time  |  avg time  |  max time  |%varavg| %total
---------------------------------------------------------------
Pair    | 23.576     | 23.576     | 23.576     |   0.0 | 75.86
Neigh   | 4.257      | 4.257      | 4.257      |   0.0 | 13.70
Comm    | 0.73887    | 0.73887    | 0.73887    |   0.0 |  2.38
Output  | 0.027412   | 0.027412   | 0.027412   |   0.0 |  0.09
Modify  | 2.3262     | 2.3262     | 2.3262     |   0.0 |  7.48
Other   |            | 0.1546     |            |       |  0.50

Nlocal:    1331 ave 1331 max 1331 min
Histogram: 1 0 0 0 0 0 0 0 0 0
Nghost:    2534 ave 2534 max 2534 min
Histogram: 1 0 0 0 0 0 0 0 0 0
Neighs:    34509 ave 34509 max 34509 min
Histogram: 1 0 0 0 0 0 0 0 0 0

Total # of neighbors = 34509
Ave neighs/atom = 25.9271
Neighbor list builds = 2500
Dangerous builds not checked

write_restart lattice_11_11_11__2_2_2/sim1/T_1.20__P_0.40/end1.restart
Total wall time: 0:00:31
