run 50000
Neighbor list info ...
  update every 20 steps, delay 0 steps, check no
  max neighbors/atom: 2000, page size: 100000
  master list distance cutoff = 2.8
  ghost atom cutoff = 2.8
  binsize = 1.4, bins = 16 16 16
  1 neighbor lists, perpetual/occasional/extra = 1 0 0
  (1) pair lj/cut, perpetual
      attributes: half, newton on
      pair build: half/bin/atomonly/newton
      stencil: half/bin/3d/newton
      bin: standard
Per MPI rank memory allocation (min/avg/max) = 2.7 | 2.7 | 2.7 Mbytes
Step Temp Press Volume Density PotEng KinEng TotEng 
       0          1.9   0.19191141        10648        0.125  -0.13561964    2.8478588    2.7122391 
    1000    2.4780306   0.50495322     6869.212   0.19376313  -0.98196433    3.7142533    2.7322889 
    2000    2.2075147    0.5462089    5161.6697    0.2578623   -1.3706407    3.3087842    1.9381435 
    3000     2.013039   0.65526626    4121.9343   0.32290665   -1.7090665    3.0172898    1.3082233 
    4000    1.9363331   0.83228829    3448.0641    0.3860137   -2.0238987    2.9023174   0.87841872 
    5000    1.9441698   0.88751848    3018.0217   0.44101738   -2.3675197    2.9140636   0.54654395 
    6000    1.8914743    1.1173284    2759.6556   0.48230655   -2.5612303    2.8350799   0.27384959 
    7000    1.9029859    1.1944426    2610.6164   0.50984127   -2.7279074    2.8523342   0.12442676 
    8000    1.8860627    1.1747926    2572.4608   0.51740341   -2.7563957    2.8269685  0.070572792 
    9000    1.9118494    1.2999456    2582.7333   0.51534551   -2.7316015    2.8656195   0.13401805 
   10000    1.8938957    1.3023438    2589.8139   0.51393654   -2.7176853    2.8387092   0.12102394 
   11000    1.9204681    1.2695703    2576.5688   0.51657848   -2.7507438    2.8785378     0.127794 
   12000    1.8759899    1.3151313    2576.7939   0.51653335   -2.7007498    2.8118707    0.1111209 
   13000    1.8702611    1.3141411    2579.3888   0.51601372   -2.7187771    2.8032839  0.084506883 
   14000    1.9323948    1.3323288    2579.7209   0.51594729   -2.7375221    2.8964144   0.15889231 
   15000    1.9114074    1.3918409    2580.2403   0.51584342   -2.6997926     2.864957   0.16516448 
   16000    1.8296876    1.1756861    2611.8232    0.5096057    -2.690534    2.7424694  0.051935392 
   17000     1.903626    1.3574691    2549.1037   0.52214431   -2.7594756    2.8532937   0.09381806 
   18000    1.9886864    1.3643951    2517.1646   0.52876955   -2.8428818    2.9807884   0.13790664 
   19000    1.8941382    1.1224306    2583.3359    0.5152253   -2.7790666    2.8390727  0.060006173 
   20000    1.9641638    1.2809189    2615.8629   0.50881871   -2.6856414    2.9440321   0.25839067 
   21000    1.9370945    1.2403992    2684.7542   0.49576234   -2.6134053    2.9034587    0.2900534 
   22000    1.9314332    1.4044406    2563.2134   0.51927006   -2.7535977    2.8949732   0.14137551 
   23000    1.8831107    1.3034061    2569.6499    0.5179694   -2.7702077    2.8225438  0.052336061 
   24000    1.9311648    1.2927708    2617.8983   0.50842311   -2.6816186    2.8945708   0.21295213 
   25000    1.9620992     1.287537    2631.0512   0.50588145   -2.6528269    2.9409375    0.2881106 
   26000    1.8885312    1.3335822     2557.266   0.52047774   -2.7404831    2.8306685  0.090185398 
   27000      1.82651    1.3754678    2551.8297   0.52158653   -2.7289869    2.7377065 0.0087196164 
   28000    1.8887253    1.2371348    2614.4052   0.50910241   -2.6731092    2.8309593   0.15785018 
   29000    1.9222315    1.4786736      2573.52   0.51719047   -2.6829445     2.881181   0.19823653 
   30000    1.8611509    1.5833083    2511.8915   0.52987957    -2.724846    2.7896288  0.064782763 
   31000    1.8614768    1.3701908    2592.5702   0.51339015   -2.7000978    2.7901174  0.090019531 
   32000    1.8877641    1.2391755    2627.7385   0.50651921   -2.6506337    2.8295186   0.17888497 
   33000    1.9157411    1.2631753    2541.3252   0.52374249   -2.7967703    2.8714527  0.074682351 
   34000    1.8953044    1.3204638    2546.8656   0.52260315   -2.7609943    2.8408206  0.079826261 
   35000     1.870378    1.1296854    2609.8595   0.50998913   -2.7258097    2.8034591  0.077649424 
   36000    1.9395824    1.2888194    2628.6473   0.50634408   -2.6566953    2.9071877   0.25049241 
   37000    1.9480393    1.3184135    2549.0206   0.52216134   -2.7577832    2.9198636   0.16208043 
   38000    1.8538997    1.2743188    2566.7172   0.51856122   -2.7545281    2.7787602  0.024232144 
   39000    1.9631974     1.351609    2555.1666   0.52090537   -2.7363471    2.9425836    0.2062365 
   40000    1.8659307    1.1500085    2641.7591   0.50383096   -2.6923825    2.7967933   0.10441079 
   41000    1.8890521    1.1550902    2612.5906   0.50945601   -2.7329695    2.8314493  0.098479796 
   42000    1.9813952    1.3454206    2560.3327   0.51985431   -2.7430444    2.9698598   0.22681537 
   43000    1.8933625    1.3519213    2547.2757   0.52251901   -2.7646946      2.83791  0.073215376 
   44000    1.8579967    1.1565394    2582.0446   0.51548297   -2.7472823    2.7849012  0.037618916 
   45000    1.9194584    1.2766474    2571.3208   0.51763281   -2.7670377    2.8770245   0.10998679 
   46000    1.9348736    1.3872317    2603.3884   0.51125679   -2.6641688    2.9001299   0.23596116 
   47000    1.9808087    1.3232587    2623.2362   0.50738855   -2.6768648    2.9689807   0.29211593 
   48000    1.8730244    1.4204331    2555.4525   0.52084708   -2.7148714    2.8074257  0.092554305 
   49000    1.9431326    1.1655897    2531.5502   0.52576481   -2.8481655     2.912509  0.064343531 
   50000     1.966215     1.125798    2602.9448   0.51134392   -2.7853274    2.9471066   0.16177929 
Loop time of 30.6459 on 1 procs for 50000 steps with 1331 atoms

Performance: 563859.566 tau/day, 1631.538 timesteps/s
99.9% CPU use with 1 MPI tasks x no OpenMP threads

MPI task timing breakdown:
Section |  min time  |  avg time  |  max time  |%varavg| %total
---------------------------------------------------------------
Pair    | 23.043     | 23.043     | 23.043     |   0.0 | 75.19
Neigh   | 4.3191     | 4.3191     | 4.3191     |   0.0 | 14.09
Comm    | 0.73573    | 0.73573    | 0.73573    |   0.0 |  2.40
Output  | 0.025436   | 0.025436   | 0.025436   |   0.0 |  0.08
Modify  | 2.3681     | 2.3681     | 2.3681     |   0.0 |  7.73
Other   |            | 0.1543     |            |       |  0.50

Nlocal:    1331 ave 1331 max 1331 min
Histogram: 1 0 0 0 0 0 0 0 0 0
Nghost:    2385 ave 2385 max 2385 min
Histogram: 1 0 0 0 0 0 0 0 0 0
Neighs:    30823 ave 30823 max 30823 min
Histogram: 1 0 0 0 0 0 0 0 0 0

Total # of neighbors = 30823
Ave neighs/atom = 23.1578
Neighbor list builds = 2500
Dangerous builds not checked

write_restart lattice_11_11_11__2_2_2/sim1/T_1.90__P_1.30/end1.restart
Total wall time: 0:00:30
