run 50000
Neighbor list info ...
  update every 20 steps, delay 0 steps, check no
  max neighbors/atom: 2000, page size: 100000
  master list distance cutoff = 2.8
  ghost atom cutoff = 2.8
  binsize = 1.4, bins = 18 18 18
  1 neighbor lists, perpetual/occasional/extra = 1 0 0
  (1) pair lj/cut, perpetual
      attributes: half, newton on
      pair build: half/bin/atomonly/newton
      stencil: half/bin/3d/newton
      bin: standard
Per MPI rank memory allocation (min/avg/max) = 2.711 | 2.711 | 2.711 Mbytes
Step Temp Press TotEng 
       0          1.4   0.10396957    2.0573994 
    1000    1.4498615   0.10436748    1.6873413 
    2000    1.3556518  0.092754318    1.5011802 
    3000    1.4389182   0.10881842    1.6298728 
    4000     1.350802  0.091534485    1.4938579 
    5000    1.4358385   0.10273695    1.6135532 
    6000    1.3769011   0.10129195    1.4984592 
    7000    1.4234862   0.10383648    1.5763844 
    8000    1.4258441   0.08997591    1.5763742 
    9000    1.3841356   0.10138343    1.5162281 
   10000    1.4202725   0.10401198    1.5981754 
   11000    1.3962671  0.094142821    1.5453641 
   12000    1.3964734   0.10035532    1.5412802 
   13000    1.4194038  0.096808486    1.5875925 
   14000    1.3666996   0.10091298    1.5123537 
   15000    1.4076235   0.10336062    1.5785219 
   16000    1.3623976  0.096238762    1.4876963 
   17000    1.4255885   0.11141973     1.602171 
   18000    1.3882622   0.10475929    1.5348143 
   19000    1.4759319  0.098183659    1.6574408 
   20000    1.3830298   0.10329649     1.544836 
   21000    1.4020021  0.096500787    1.5539115 
   22000     1.426026   0.10804891    1.6077483 
   23000     1.395471  0.094440129     1.540441 
   24000    1.4303141   0.11380259    1.6329169 
   25000    1.3693882   0.10076429    1.4789971 
   26000    1.4098077   0.10388437    1.5770641 
   27000    1.3731519   0.10258558    1.4938429 
   28000    1.3248605    0.1001683    1.4393467 
   29000    1.4075125  0.098267206    1.5786148 
   30000    1.4023397  0.096357876    1.5191881 
   31000    1.4029477  0.093293221    1.5563826 
   32000    1.4091374  0.092325459    1.5721846 
   33000    1.3840138   0.10456949    1.5392012 
   34000    1.3929643   0.10301842    1.5547678 
   35000    1.3762346  0.092422082    1.4932781 
   36000    1.4238599    0.1004034    1.5969961 
   37000     1.350384  0.092416455    1.4630765 
   38000    1.3880637   0.10204354    1.5263834 
   39000    1.4043229   0.10792116    1.5705338 
   40000    1.3393776  0.098258922    1.4554215 
   41000    1.4237341   0.10174324    1.5942007 
   42000    1.3842284    0.1032423    1.5308102 
   43000    1.4032824   0.10074998    1.5736897 
   44000    1.3962721  0.093991602     1.546794 
   45000    1.3973194   0.10386566    1.5404702 
   46000    1.3901264  0.096103919        1.537 
   47000    1.3875483   0.10006127    1.4970538 
   48000    1.4178942  0.097911421    1.5733078 
   49000    1.3480279   0.10558544    1.4812457 
   50000    1.4325839  0.099399421    1.6025754 
Loop time of 6.62802 on 1 procs for 50000 steps with 1331 atoms

Performance: 2607115.366 tau/day, 7543.737 timesteps/s
99.7% CPU use with 1 MPI tasks x no OpenMP threads

MPI task timing breakdown:
Section |  min time  |  avg time  |  max time  |%varavg| %total
---------------------------------------------------------------
Pair    | 3.8058     | 3.8058     | 3.8058     |   0.0 | 57.42
Neigh   | 1.5489     | 1.5489     | 1.5489     |   0.0 | 23.37
Comm    | 0.31947    | 0.31947    | 0.31947    |   0.0 |  4.82
Output  | 0.022863   | 0.022863   | 0.022863   |   0.0 |  0.34
Modify  | 0.8447     | 0.8447     | 0.8447     |   0.0 | 12.74
Other   |            | 0.08627    |            |       |  1.30

Nlocal:    1331 ave 1331 max 1331 min
Histogram: 1 0 0 0 0 0 0 0 0 0
Nghost:    1018 ave 1018 max 1018 min
Histogram: 1 0 0 0 0 0 0 0 0 0
Neighs:    5387 ave 5387 max 5387 min
Histogram: 1 0 0 0 0 0 0 0 0 0

Total # of neighbors = 5387
Ave neighs/atom = 4.04733
Neighbor list builds = 2500
Dangerous builds not checked

write_restart NVT/sim1/T_1.40__v_12.17/end1.restart
Total wall time: 0:00:06
