run 50000
Neighbor list info ...
  update every 20 steps, delay 0 steps, check no
  max neighbors/atom: 2000, page size: 100000
  master list distance cutoff = 2.8
  ghost atom cutoff = 2.8
  binsize = 1.4, bins = 16 16 16
  1 neighbor lists, perpetual/occasional/extra = 1 0 0
  (1) pair lj/cut, perpetual
      attributes: half, newton on
      pair build: half/bin/atomonly/newton
      stencil: half/bin/3d/newton
      bin: standard
Per MPI rank memory allocation (min/avg/max) = 2.7 | 2.7 | 2.7 Mbytes
Step Temp Press Volume Density PotEng KinEng TotEng 
       0          0.1 -0.032919548        10648        0.125  -0.13561964    0.1498873  0.014267664 
    1000   0.83519038  0.019682553    2146.3561   0.62012077   -3.7972574    1.2518443   -2.5454131 
    2000   0.44361019    1.7017471    1412.2387   0.94247524   -5.9037643   0.66491535   -5.2388489 
    3000   0.19145501    1.7933076    1325.6187    1.0040594   -6.4666102   0.28696676   -6.1796435 
    4000   0.10656132     1.803837    1303.7193    1.0209253    -6.630065   0.15972189   -6.4703431 
    5000  0.087604739    1.7551351    1297.9267    1.0254816    -6.678466   0.13130838   -6.5471576 
    6000   0.10161879    1.8361351    1299.3686    1.0243437   -6.6589975   0.15231367   -6.5066838 
    7000   0.10830553    1.8074184    1300.0641    1.0237957   -6.6587287   0.16233623   -6.4963925 
    8000  0.093274097     1.778192    1296.5407    1.0265779   -6.6907253   0.13980603   -6.5509193 
    9000  0.098885871    1.7740243    1297.7576    1.0256152   -6.6804424   0.14821736    -6.532225 
   10000   0.10954566    1.8109842    1298.9707    1.0246575   -6.6655128   0.16419504   -6.5013178 
   11000  0.097349168    1.8145185    1296.4686     1.026635   -6.6863993   0.14591404   -6.5404853 
   12000  0.097689688    1.7960152     1296.684    1.0264644   -6.6864127   0.14642444   -6.5399883 
   13000   0.10442204    1.8297009    1298.2261    1.0252451   -6.6677516   0.15651538   -6.5112362 
   14000   0.09650872    1.8261384    1296.3231    1.0267502   -6.6854935   0.14465432   -6.5408392 
   15000  0.094221984    1.8088207    1295.5489    1.0273638   -6.6953828   0.14122679    -6.554156 
   16000   0.10576645    1.7394064    1298.6421    1.0249167   -6.6823456   0.15853048   -6.5238151 
   17000   0.10028208    1.8559515    1295.9767    1.0270247   -6.6830495   0.15031011   -6.5327394 
   18000  0.094754298    1.9130799    1293.4593    1.0290235   -6.6939017   0.14202466    -6.551877 
   19000  0.099946637    1.6721571    1300.0976    1.0237693   -6.6825617   0.14980732   -6.5327543 
   20000   0.10036263    1.8207914    1297.2583      1.02601   -6.6784789   0.15043084   -6.5280481 
   21000  0.094744533    1.8020127    1295.4595    1.0274346   -6.6949428   0.14201003   -6.5529327 
   22000    0.1003485    1.7944833    1296.8208    1.0263562   -6.6858212   0.15040966   -6.5354116 
   23000   0.10680113    1.8193929    1297.0866    1.0261458   -6.6834468   0.16008133   -6.5233654 
   24000  0.094514993    1.8364742    1295.3446    1.0275258   -6.6907401   0.14166597   -6.5490741 
   25000  0.096746544    1.6931331    1298.5011     1.025028   -6.6898426   0.14501078   -6.5448318 
   26000   0.10384965    1.9555639    1294.6163    1.0281038   -6.6744943   0.15565744   -6.5188369 
   27000  0.096994287    1.7619662    1296.9829    1.0262279   -6.6910478   0.14538212   -6.5456657 
   28000  0.094914586    1.7415092      1297.36    1.0259296   -6.6906745   0.14226491   -6.5484096 
   29000   0.10424589    1.8858424    1296.0549    1.0269626   -6.6782949   0.15625135   -6.5220435 
   30000  0.099512357    1.8226496    1296.1805    1.0268631     -6.68797   0.14915639   -6.5388136 
   31000  0.095170785    1.6915488    1297.9829    1.0254372   -6.6947795   0.14264892   -6.5521306 
   32000   0.10273809    1.8707174    1295.9862    1.0270171   -6.6790172   0.15399136   -6.5250259 
   33000   0.10079097     1.775041    1297.1783    1.0260733   -6.6851213   0.15107287   -6.5340484 
   34000  0.097285841    1.7543151     1296.449    1.0266505   -6.6977532   0.14581912   -6.5519341 
   35000   0.10323416    1.8448448    1295.9868    1.0270166   -6.6854001    0.1547349   -6.5306652 
   36000   0.10285768    1.7232918    1298.8085    1.0247854   -6.6842859   0.15417061   -6.5301153 
   37000  0.097512059    1.8329857    1294.8154    1.0279457   -6.6948854    0.1461582   -6.5487272 
   38000   0.10204528    1.7948164    1296.5491    1.0265712   -6.6906568   0.15295292   -6.5377039 
   39000   0.10260525    1.7751567    1298.2351     1.025238   -6.6802095   0.15379225   -6.5264173 
   40000  0.098466014    1.9422479    1293.2884    1.0291595   -6.6897461   0.14758805    -6.542158 
   41000  0.094954258    1.8516875    1295.7476    1.0272062   -6.6831843   0.14232438   -6.5408599 
   42000   0.10186182    1.6889915    1299.7161    1.0240698   -6.6808314   0.15267793   -6.5281534 
   43000  0.097674562    1.7927734    1296.4179    1.0266751   -6.6895373   0.14640177   -6.5431355 
   44000  0.096897394    1.7923189     1296.204    1.0268445   -6.6913389   0.14523689    -6.546102 
   45000   0.10409191    1.7858772    1297.5149    1.0258071   -6.6825866   0.15602056    -6.526566 
   46000  0.099005219    1.8127801    1296.2428    1.0268138   -6.6868048   0.14839625   -6.5384085 
   47000  0.096463382    1.8182186    1295.6532    1.0272811   -6.6921718   0.14458636   -6.5475855 
   48000   0.10392673    1.8140114    1296.8131    1.0263623    -6.683551   0.15577297    -6.527778 
   49000   0.10066022    1.6453361    1299.5549    1.0241968   -6.6894098    0.1508769   -6.5385329 
   50000   0.09860631    1.7760366    1296.0431     1.026972   -6.6961644   0.14779834   -6.5483661 
Loop time of 46.1532 on 1 procs for 50000 steps with 1331 atoms

Performance: 374405.188 tau/day, 1083.348 timesteps/s
100.0% CPU use with 1 MPI tasks x no OpenMP threads

MPI task timing breakdown:
Section |  min time  |  avg time  |  max time  |%varavg| %total
---------------------------------------------------------------
Pair    | 37.865     | 37.865     | 37.865     |   0.0 | 82.04
Neigh   | 5.1978     | 5.1978     | 5.1978     |   0.0 | 11.26
Comm    | 0.76609    | 0.76609    | 0.76609    |   0.0 |  1.66
Output  | 0.02708    | 0.02708    | 0.02708    |   0.0 |  0.06
Modify  | 2.0609     | 2.0609     | 2.0609     |   0.0 |  4.47
Other   |            | 0.2366     |            |       |  0.51

Nlocal:    1331 ave 1331 max 1331 min
Histogram: 1 0 0 0 0 0 0 0 0 0
Nghost:    3322 ave 3322 max 3322 min
Histogram: 1 0 0 0 0 0 0 0 0 0
Neighs:    61493 ave 61493 max 61493 min
Histogram: 1 0 0 0 0 0 0 0 0 0

Total # of neighbors = 61493
Ave neighs/atom = 46.2006
Neighbor list builds = 2500
Dangerous builds not checked

write_restart lattice_11_11_11__2_2_2/sim1/T_0.10__P_1.80/end1.restart
Total wall time: 0:00:46
