run 50000
Neighbor list info ...
  update every 20 steps, delay 0 steps, check no
  max neighbors/atom: 2000, page size: 100000
  master list distance cutoff = 2.8
  ghost atom cutoff = 2.8
  binsize = 1.4, bins = 16 16 16
  1 neighbor lists, perpetual/occasional/extra = 1 0 0
  (1) pair lj/cut, perpetual
      attributes: half, newton on
      pair build: half/bin/atomonly/newton
      stencil: half/bin/3d/newton
      bin: standard
Per MPI rank memory allocation (min/avg/max) = 2.7 | 2.7 | 2.7 Mbytes
Step Temp Press Volume Density PotEng KinEng TotEng 
       0          1.6   0.15443958        10648        0.125  -0.13561964    2.3981968    2.2625772 
    1000    2.2705597   0.52331763    6079.4886   0.21893289   -1.1014411    3.4032807    2.3018396 
    2000    2.0403027   0.59919845    4269.6584   0.31173454    -1.712713    3.0581548    1.3454417 
    3000    1.8198553   0.67891613     3262.409   0.40798073   -2.2313767     2.727732   0.49635529 
    4000    1.7466483   0.94353718    2647.0498   0.50282393   -2.7673237    2.6180041  -0.14931968 
    5000    1.6801189    1.3136792    2290.8003   0.58101966   -3.1872135    2.5182849  -0.66892863 
    6000    1.5971462    1.6095236    2108.0849   0.63137874   -3.4514371    2.3939194   -1.0575177 
    7000    1.6004377    1.6271241    2031.4844   0.65518592   -3.6153331     2.398853   -1.2164801 
    8000    1.5713774    1.8855208    2017.4645     0.659739   -3.5914261    2.3552953   -1.2361309 
    9000    1.6365625    1.7582659    2046.1521   0.65048926   -3.5459433    2.4529994   -1.0929438 
   10000     1.608908    1.6173318    2066.5148   0.64407958   -3.5442681    2.4115488   -1.1327193 
   11000    1.5987762    1.8014901    2045.6586   0.65064619   -3.5455571    2.3963626   -1.1491945 
   12000    1.6130255    1.7056288    2036.1015   0.65370022   -3.6004265    2.4177204   -1.1827061 
   13000    1.6245391    1.7118457    2049.9114   0.64929635   -3.5363666    2.4349779   -1.1013887 
   14000    1.6056789    1.8060236    2059.2615   0.64634822   -3.4997571    2.4067088   -1.0930483 
   15000    1.5886674    1.9737095    2036.5258   0.65356401   -3.5371418    2.3812107   -1.1559311 
   16000    1.5515847    1.7541482    2041.7014   0.65190729   -3.5490164    2.3256284    -1.223388 
   17000    1.5017027    1.8302486    2072.3903   0.64225353   -3.4591257    2.2508617    -1.208264 
   18000    1.6113432    1.5775856    2072.6665   0.64216795   -3.5318608    2.4151988    -1.116662 
   19000    1.6355561    1.8805455    2026.4596   0.65681051   -3.5582535    2.4514909   -1.1067626 
   20000    1.5983882    1.9909136    2002.7693   0.66457978   -3.6119079    2.3957809    -1.216127 
   21000    1.6127787    2.0897305    2010.3212   0.66208325   -3.5493123    2.4173505   -1.1319618 
   22000     1.645281    2.0402613    2040.0596   0.65243191   -3.5083847    2.4660673   -1.0423174 
   23000    1.6037329     1.963784    2032.1429   0.65497361   -3.5177192    2.4037919   -1.1139272 
   24000    1.5866167    1.7467719    2022.5277   0.65808741   -3.6039388    2.3781369   -1.2258019 
   25000    1.5817499    1.6573443    2048.0013   0.64990195   -3.5604445    2.3708422   -1.1896023 
   26000    1.6099749    1.7039082    2046.2597   0.65045509    -3.568448     2.413148      -1.1553 
   27000    1.6733053    1.5211535    2072.1788    0.6423191   -3.5446257    2.5080722   -1.0365536 
   28000    1.6122836    2.0111335    2054.7036     0.647782     -3.48099    2.4166084   -1.0643817 
   29000    1.6255805    1.4822103    2042.2832   0.65172155   -3.6223735    2.4365388   -1.1858347 
   30000    1.5929363    1.8082474    2035.0173    0.6540485   -3.5550554    2.3876092   -1.1674461 
   31000     1.625015    2.0353937    2049.3245    0.6494823    -3.495781    2.4356912   -1.0600898 
   32000    1.7173786    1.9586448    2038.9708   0.65278031   -3.5157587    2.5741325  -0.94162618 
   33000    1.6474241    1.9255732    2038.2681   0.65300536   -3.5310778    2.4692795   -1.0617983 
   34000    1.5561702    1.8584584    2042.3159   0.65171112   -3.5285902    2.3325015   -1.1960888 
   35000    1.5666612    1.8400517     2051.365   0.64883628   -3.5209778    2.3482262   -1.1727515 
   36000    1.6099132    1.6726133    2077.1879   0.64077015   -3.4811171    2.4130555   -1.0680615 
   37000    1.6521186    1.5811286    2083.6557   0.63878116   -3.5147451     2.476316   -1.0384291 
   38000    1.5964923    1.7509577     2036.618   0.65353443   -3.5709609    2.3929392   -1.1780217 
   39000    1.5626513    1.8465781    2049.7828   0.64933709   -3.5322322    2.3422159   -1.1900163 
   40000    1.6002833    1.7520645    2076.6021    0.6409509   -3.4892934    2.3986214   -1.0906719 
   41000     1.564306    1.6347999    2052.2849   0.64854545   -3.5309012    2.3446961   -1.1862051 
   42000    1.5738066    1.6983357    2054.4153    0.6478729   -3.5740564    2.3589362   -1.2151202 
   43000    1.6163456    1.8548034    2065.8917   0.64427383   -3.4851108    2.4226968    -1.062414 
   44000    1.6142143    1.8583722    2023.2314   0.65785852   -3.5719436    2.4195022   -1.1524414 
   45000    1.6269215    1.8974374    2012.8462   0.66125271   -3.5880082    2.4385487   -1.1494595 
   46000    1.6846304    1.7939312     2056.799   0.64712204   -3.5208411    2.5250471  -0.99579406 
   47000    1.5947341    1.8445197    2055.9418   0.64739187   -3.4891647    2.3903039   -1.0988608 
   48000    1.5744764    1.7319647    2032.7664   0.65477272   -3.5757115    2.3599403   -1.2157712 
   49000    1.5544474    1.6121389    2059.6702   0.64621998   -3.5559829    2.3299193   -1.2260635 
   50000    1.6023568    1.5380601    2057.1684   0.64700587   -3.5518747    2.4017293   -1.1501454 
Loop time of 33.7702 on 1 procs for 50000 steps with 1331 atoms

Performance: 511694.115 tau/day, 1480.596 timesteps/s
99.9% CPU use with 1 MPI tasks x no OpenMP threads

MPI task timing breakdown:
Section |  min time  |  avg time  |  max time  |%varavg| %total
---------------------------------------------------------------
Pair    | 26.478     | 26.478     | 26.478     |   0.0 | 78.41
Neigh   | 4.2185     | 4.2185     | 4.2185     |   0.0 | 12.49
Comm    | 0.72803    | 0.72803    | 0.72803    |   0.0 |  2.16
Output  | 0.024679   | 0.024679   | 0.024679   |   0.0 |  0.07
Modify  | 2.1726     | 2.1726     | 2.1726     |   0.0 |  6.43
Other   |            | 0.1485     |            |       |  0.44

Nlocal:    1331 ave 1331 max 1331 min
Histogram: 1 0 0 0 0 0 0 0 0 0
Nghost:    2642 ave 2642 max 2642 min
Histogram: 1 0 0 0 0 0 0 0 0 0
Neighs:    38925 ave 38925 max 38925 min
Histogram: 1 0 0 0 0 0 0 0 0 0

Total # of neighbors = 38925
Ave neighs/atom = 29.2449
Neighbor list builds = 2500
Dangerous builds not checked

write_restart lattice_11_11_11__2_2_2/sim1/T_1.60__P_1.80/end1.restart
Total wall time: 0:00:33
