run 50000
Neighbor list info ...
  update every 20 steps, delay 0 steps, check no
  max neighbors/atom: 2000, page size: 100000
  master list distance cutoff = 2.8
  ghost atom cutoff = 2.8
  binsize = 1.4, bins = 16 16 16
  1 neighbor lists, perpetual/occasional/extra = 1 0 0
  (1) pair lj/cut, perpetual
      attributes: half, newton on
      pair build: half/bin/atomonly/newton
      stencil: half/bin/3d/newton
      bin: standard
Per MPI rank memory allocation (min/avg/max) = 2.7 | 2.7 | 2.7 Mbytes
Step Temp Press Volume Density PotEng KinEng TotEng 
       0          1.5   0.14194897        10648        0.125  -0.13561964    2.2483095    2.1126899 
    1000    2.1922699   0.51124108    5885.0486   0.22616636   -1.1777982    3.2859342     2.108136 
    2000    1.9184652   0.63401111    4069.6371   0.32705619   -1.7422623    2.8755358    1.1332734 
    3000    1.7363068   0.70106166    3079.6299    0.4321948   -2.3446086    2.6025034   0.25789474 
    4000     1.648193    1.0045082         2485   0.53561368   -2.9257708     2.470432  -0.45533883 
    5000    1.5777331    1.4806837      2150.94   0.61879921   -3.3956543    2.3648215   -1.0308327 
    6000    1.4857109    1.7864106    1981.7566   0.67162638   -3.6919392     2.226892   -1.4650472 
    7000    1.4318587      2.13032    1922.0496   0.69248992   -3.7661398    2.1461744   -1.6199654 
    8000    1.4878261    2.0381607    1936.7636   0.68722893   -3.7605627    2.2300625   -1.5305003 
    9000     1.545095    1.7354727    1964.7035   0.67745591   -3.7609064    2.3159012   -1.4450053 
   10000    1.5152197    1.9130829    1953.6688   0.68128231   -3.7440728     2.271122   -1.4729508 
   11000    1.4861682    2.1329263    1929.3292   0.68987707   -3.7578284    2.2275775    -1.530251 
   12000    1.4996458    1.9605076    1938.5515   0.68659513   -3.7688824    2.2477786   -1.5211038 
   13000    1.5037507    2.0552577    1963.2899   0.67794369   -3.6944571    2.2539314   -1.4405258 
   14000    1.4962903    1.9237847    1967.1603   0.67660984   -3.6902776    2.2427491   -1.4475285 
   15000    1.4896288    1.9541748    1939.0202   0.68642917   -3.7637687    2.2327644   -1.5310043 
   16000    1.5252397    1.8301176    1934.8484    0.6879092   -3.8256569    2.2861406   -1.5395162 
   17000    1.5006228    1.9565824    1967.1089   0.67662751   -3.7081701    2.2492431   -1.4589269 
   18000    1.4677675    1.7203798    1978.0493   0.67288516   -3.7047402    2.1999971   -1.5047431 
   19000    1.4570045    1.7185231    1953.9481   0.68118494   -3.7709636    2.1838648   -1.5870988 
   20000    1.4932235    1.8154116    1960.0961   0.67904834    -3.742745    2.2381524   -1.5045926 
   21000    1.5232294    1.8015961     1957.741   0.67986523   -3.7776497    2.2831274   -1.4945223 
   22000    1.4774502    1.8632551    1938.3402   0.68666996   -3.7872589    2.2145103   -1.5727487 
   23000    1.4542129    2.0324301    1942.0341   0.68536388    -3.749032    2.1796805   -1.5693515 
   24000    1.5305635    1.9927558    1947.3827   0.68348146   -3.7429444    2.2941204    -1.448824 
   25000    1.5399372    2.0863301    1934.1019   0.68817471   -3.7691058    2.3081703   -1.4609355 
   26000    1.5089889     2.305597    1909.8297   0.69692079    -3.753862    2.2617827   -1.4920792 
   27000    1.5210629    2.1279051    1935.5757   0.68765071    -3.708399    2.2798801   -1.4285188 
   28000    1.4912713    1.8216896    1954.5204   0.68098548   -3.7396467    2.2352264   -1.5044203 
   29000    1.4869254    1.9044764    1914.1528   0.69534678   -3.8471729    2.2287124   -1.6184605 
   30000     1.518227    1.9626486    1942.6514   0.68514608   -3.7669424    2.2756295   -1.4913129 
   31000    1.5129785     1.949357    1955.5786   0.68061698    -3.709497    2.2677626   -1.4417344 
   32000     1.511123    1.9887688    1920.8026   0.69293951    -3.798853    2.2649816   -1.5338715 
   33000    1.4805113    1.8245954    1921.7784   0.69258767   -3.8193491    2.2190985   -1.6002506 
   34000    1.4950406    1.8335434    1952.9528   0.68153208   -3.7542428     2.240876   -1.5133668 
   35000    1.4788926    1.8774087    1963.7716   0.67777738    -3.720995    2.2166723   -1.5043227 
   36000    1.4065966    1.8869852    1951.9385   0.68188625   -3.7294492    2.1083097   -1.6211395 
   37000    1.4380089    1.8365714    1949.1541   0.68286033   -3.7599247    2.1553928   -1.6045319 
   38000    1.5209393     1.659723    1965.3394   0.67723671   -3.7607208    2.2796949   -1.4810258 
   39000     1.485872    1.7051809    1948.3725   0.68313424   -3.8114165    2.2271335    -1.584283 
   40000    1.4836857    1.8198284    1939.7131   0.68618396   -3.7879389    2.2238564   -1.5640825 
   41000    1.4926078    1.9358571    1970.1308   0.67558964   -3.6901705    2.2372296   -1.4529409 
   42000     1.481499    1.7504257    1965.8707   0.67705368    -3.746096     2.220579   -1.5255171 
   43000    1.4408493    1.9645472    1932.3183   0.68880993   -3.7729941    2.1596502   -1.6133439 
   44000    1.4521984     1.740054    1950.7708    0.6822944   -3.7691895     2.176661   -1.5925285 
   45000    1.4905199    1.8123902     1964.353    0.6775768   -3.7440378    2.2341001   -1.5099377 
   46000    1.5149157    1.9775902    1974.1619   0.67421016   -3.6417754    2.2706663   -1.3711091 
   47000    1.5510237    1.9659778    1964.5172   0.67752014   -3.7018282    2.3247876   -1.3770405 
   48000     1.467171    1.9060366    1951.5909   0.68200768   -3.7398878     2.199103   -1.5407847 
   49000    1.4502915    1.5978441    1957.1241   0.68007951     -3.77424    2.1738028   -1.6004372 
   50000     1.474795    1.6332716    1981.2668   0.67179241   -3.7319691    2.2105304   -1.5214386 
Loop time of 37.7585 on 1 procs for 50000 steps with 1331 atoms

Performance: 457644.776 tau/day, 1324.204 timesteps/s
99.9% CPU use with 1 MPI tasks x no OpenMP threads

MPI task timing breakdown:
Section |  min time  |  avg time  |  max time  |%varavg| %total
---------------------------------------------------------------
Pair    | 29.418     | 29.418     | 29.418     |   0.0 | 77.91
Neigh   | 4.9611     | 4.9611     | 4.9611     |   0.0 | 13.14
Comm    | 0.79319    | 0.79319    | 0.79319    |   0.0 |  2.10
Output  | 0.029589   | 0.029589   | 0.029589   |   0.0 |  0.08
Modify  | 2.3886     | 2.3886     | 2.3886     |   0.0 |  6.33
Other   |            | 0.1679     |            |       |  0.44

Nlocal:    1331 ave 1331 max 1331 min
Histogram: 1 0 0 0 0 0 0 0 0 0
Nghost:    2674 ave 2674 max 2674 min
Histogram: 1 0 0 0 0 0 0 0 0 0
Neighs:    40314 ave 40314 max 40314 min
Histogram: 1 0 0 0 0 0 0 0 0 0

Total # of neighbors = 40314
Ave neighs/atom = 30.2885
Neighbor list builds = 2500
Dangerous builds not checked

write_restart lattice_11_11_11__2_2_2/sim1/T_1.50__P_1.90/end1.restart
Total wall time: 0:00:37
