run 50000
Neighbor list info ...
  update every 20 steps, delay 0 steps, check no
  max neighbors/atom: 2000, page size: 100000
  master list distance cutoff = 2.8
  ghost atom cutoff = 2.8
  binsize = 1.4, bins = 16 16 16
  1 neighbor lists, perpetual/occasional/extra = 1 0 0
  (1) pair lj/cut, perpetual
      attributes: half, newton on
      pair build: half/bin/atomonly/newton
      stencil: half/bin/3d/newton
      bin: standard
Per MPI rank memory allocation (min/avg/max) = 2.7 | 2.7 | 2.7 Mbytes
Step Temp Press Volume Density PotEng KinEng TotEng 
       0          1.2   0.10447715        10648        0.125  -0.13561964    1.7986476     1.663028 
    1000     1.858113   0.44801247    5615.4661   0.23702396   -1.2562296    2.7850755    1.5288459 
    2000    1.6172846   0.54192369    3777.6422   0.35233618   -1.9496614    2.4241043   0.47444289 
    3000    1.4518254   0.58061203    2780.4836   0.47869371    -2.667739     2.176102  -0.49163705 
    4000    1.3715085    1.0393596    2207.8132   0.60285897   -3.3665868    2.0557171   -1.3108696 
    5000    1.2885684    1.4113723    1918.3364   0.69383034   -3.9211263    1.9314004   -1.9897258 
    6000    1.1936957    1.6003383    1790.4019    0.7434085   -4.2646148    1.7891983   -2.4754165 
    7000    1.1495658    1.7643848    1747.4093   0.76169904   -4.3721666    1.7230532   -2.6491134 
    8000    1.2134513    1.7372601    1768.0655   0.75280018    -4.290632    1.8188095   -2.4718226 
    9000    1.2243241     1.689626    1794.5891   0.74167396    -4.213131    1.8351063   -2.3780247 
   10000    1.1983832    1.7841482    1772.7869   0.75079527   -4.2790937    1.7962243   -2.4828694 
   11000    1.1935955    1.5674543    1756.8637   0.75760002   -4.3890811    1.7890481    -2.600033 
   12000    1.2033837    1.7616047    1765.2616   0.75399589   -4.3083579    1.8037193   -2.5046386 
   13000    1.2240174    1.9502887    1779.9605   0.74776942   -4.2268812    1.8346467   -2.3922346 
   14000     1.184378    1.8269677    1777.8379   0.74866218   -4.2591085    1.7752323   -2.4838762 
   15000    1.1751156    1.5431085    1762.5858   0.75514052   -4.3620653    1.7613491   -2.6007162 
   16000    1.2072246     1.723186    1767.2997   0.75312636   -4.3155485    1.8094764   -2.5060721 
   17000    1.2578384    1.9308775    1765.5971   0.75385263   -4.2811227    1.8853401   -2.3957826 
   18000    1.2256996     1.936898    1762.3353   0.75524786   -4.3002907     1.837168   -2.4631227 
   19000    1.1889378    1.9108058    1758.9715   0.75669219   -4.3056546    1.7820668   -2.5235878 
   20000    1.2183461    1.8817818    1764.0621   0.75450861   -4.2944541    1.8261461    -2.468308 
   21000    1.1884411    1.9924059    1777.4449   0.74882771   -4.2128122    1.7813223   -2.4314899 
   22000    1.1931383    2.1849139    1765.5478   0.75387369   -4.2344259    1.7883629   -2.4460631 
   23000    1.1906663    1.9566561    1754.8154   0.75848433   -4.3072496    1.7846576    -2.522592 
   24000    1.1934707    1.7516737    1773.2048   0.75061833   -4.2831714    1.7888611   -2.4943104 
   25000     1.244627    1.5283481    1790.4941   0.74337021   -4.3032384    1.8655378   -2.4377005 
   26000    1.1864447    1.7401013    1773.8947   0.75032637   -4.2985162    1.7783299   -2.5201862 
   27000    1.2283027    1.7644334    1753.5924   0.75901331   -4.3823337    1.8410698   -2.5412639 
   28000     1.188281    1.7683006    1780.4396   0.74756817    -4.250693    1.7810824   -2.4696106 
   29000    1.2094261     1.710819    1783.6767   0.74621148   -4.2586672    1.8127761   -2.4458911 
   30000    1.1872251    1.8378065    1760.6894   0.75595388   -4.3027096    1.7794997   -2.5232098 
   31000    1.2117869    2.0232722    1748.5027   0.76122272   -4.3209997    1.8163148   -2.5046849 
   32000     1.227154    2.1325697    1769.9811   0.75198543   -4.2305062     1.839348   -2.3911583 
   33000    1.2434551    1.6794592    1776.7562   0.74911795   -4.2978997    1.8637813   -2.4341184 
   34000    1.1933264    1.6760129     1765.911   0.75371861   -4.3360821    1.7886448   -2.5474373 
   35000    1.2134641    1.6499478    1764.2369   0.75443381   -4.3434279    1.8188286   -2.5245993 
   36000      1.21316    1.8892684    1779.1691   0.74810201   -4.2367234    1.8183728   -2.4183506 
   37000    1.2322498     1.988842    1770.1034   0.75193346   -4.2625084     1.846986   -2.4155224 
   38000    1.2376913    1.8529622    1760.4332    0.7560639   -4.3283703    1.8551421   -2.4732282 
   39000    1.2046623     1.801569    1763.6217     0.754697   -4.3280569    1.8056359   -2.5224211 
   40000    1.1657267    1.7743644    1769.4024   0.75223136    -4.293891    1.7472763   -2.5466147 
   41000     1.198093    1.5760034    1787.4142   0.74465114   -4.2771261    1.7957892   -2.4813369 
   42000     1.186608    1.6634061    1781.7303   0.74702664     -4.29512    1.7785748   -2.5165453 
   43000    1.1318725    1.6771617    1774.4668   0.75008446   -4.2912051    1.6965332   -2.5946719 
   44000    1.1473588    1.7870365    1777.2515   0.74890919   -4.2748196    1.7197452   -2.5550744 
   45000    1.1823174    1.4571457    1797.2893   0.74055968   -4.2609087    1.7721436   -2.4887651 
   46000    1.1728685    1.6593373    1785.2774   0.74554241   -4.2745797    1.7579809   -2.5165987 
   47000    1.1652564    1.8790699    1755.8847   0.75802245   -4.3221723    1.7465713    -2.575601 
   48000     1.190021    1.8332559    1773.0618   0.75067886   -4.2718976    1.7836904   -2.4882073 
   49000    1.2271675    1.6774009    1773.8681   0.75033762   -4.3018892    1.8393683   -2.4625209 
   50000    1.1960095    1.8473082    1766.6734   0.75339336   -4.2920873    1.7926663    -2.499421 
Loop time of 40.3817 on 1 procs for 50000 steps with 1331 atoms

Performance: 427916.764 tau/day, 1238.185 timesteps/s
99.6% CPU use with 1 MPI tasks x no OpenMP threads

MPI task timing breakdown:
Section |  min time  |  avg time  |  max time  |%varavg| %total
---------------------------------------------------------------
Pair    | 31.951     | 31.951     | 31.951     |   0.0 | 79.12
Neigh   | 5.0468     | 5.0468     | 5.0468     |   0.0 | 12.50
Comm    | 0.81469    | 0.81469    | 0.81469    |   0.0 |  2.02
Output  | 0.028042   | 0.028042   | 0.028042   |   0.0 |  0.07
Modify  | 2.355      | 2.355      | 2.355      |   0.0 |  5.83
Other   |            | 0.1862     |            |       |  0.46

Nlocal:    1331 ave 1331 max 1331 min
Histogram: 1 0 0 0 0 0 0 0 0 0
Nghost:    2811 ave 2811 max 2811 min
Histogram: 1 0 0 0 0 0 0 0 0 0
Neighs:    45032 ave 45032 max 45032 min
Histogram: 1 0 0 0 0 0 0 0 0 0

Total # of neighbors = 45032
Ave neighs/atom = 33.8332
Neighbor list builds = 2500
Dangerous builds not checked

write_restart lattice_11_11_11__2_2_2/sim1/T_1.20__P_1.80/end1.restart
Total wall time: 0:00:40
