run 50000
Neighbor list info ...
  update every 20 steps, delay 0 steps, check no
  max neighbors/atom: 2000, page size: 100000
  master list distance cutoff = 2.8
  ghost atom cutoff = 2.8
  binsize = 1.4, bins = 16 16 16
  1 neighbor lists, perpetual/occasional/extra = 1 0 0
  (1) pair lj/cut, perpetual
      attributes: half, newton on
      pair build: half/bin/atomonly/newton
      stencil: half/bin/3d/newton
      bin: standard
Per MPI rank memory allocation (min/avg/max) = 2.7 | 2.7 | 2.7 Mbytes
Step Temp Press Volume Density PotEng KinEng TotEng 
       0          1.9   0.19191141        10648        0.125  -0.13561964    2.8478588    2.7122391 
    1000    2.3623368   0.46789398    7454.0015   0.17856181  -0.92158791    3.5408429     2.619255 
    2000     2.082349   0.45590011    5859.1958   0.22716428   -1.1822204    3.1211768    1.9389564 
    3000     1.980673   0.42797071    4824.0307   0.27591035   -1.5052947    2.9687773    1.4634826 
    4000    1.9102463   0.56009319     4131.244   0.32217898   -1.7001281    2.8632166    1.1630885 
    5000     1.896477   0.75261999    3662.4693   0.36341601   -1.9123096    2.8425783   0.93026864 
    6000    1.9023722   0.76559931    3363.8779   0.39567429   -2.1233604    2.8514143     0.728054 
    7000    1.9154006     0.755889    3169.4239   0.41995014   -2.2792361    2.8709423   0.59170619 
    8000    1.8657808   0.97801471    3077.5105   0.43249243    -2.271383    2.7965685   0.52518556 
    9000    1.8728648   0.97025556    3068.8905   0.43370723   -2.2874758    2.8071865   0.51971068 
   10000    1.8986707   0.92965074    3070.3836   0.43349633    -2.283109    2.8458663   0.56275724 
   11000    1.9496499   0.77602526    3094.6687   0.43009451   -2.3635603    2.9222776   0.55871734 
   12000    1.9123843   0.90820627    3052.2484   0.43607198   -2.3098855    2.8664212   0.55653569 
   13000    1.8380623    0.9136692    3052.3167   0.43606223   -2.3093084     2.755022   0.44571362 
   14000    1.9064429   0.86062586    3118.0483   0.42686959    -2.257122    2.8575159   0.60039389 
   15000    1.9460749   0.96381976     3131.953   0.42497445   -2.2595166    2.9169192   0.65740256 
   16000    1.8706159   0.86673475    3048.9313   0.43654641   -2.3290615    2.8038158   0.47475428 
   17000    1.8550002   0.92870477    2984.5838   0.44595833   -2.3911545    2.7804098   0.38925534 
   18000    1.9076937   0.83769067    3035.9965    0.4384063   -2.3425795    2.8593907   0.51681113 
   19000    1.8863241   0.92163485     3093.552   0.43024976   -2.2857923    2.8273603   0.54156806 
   20000    1.9549336   0.87082386    3121.0846   0.42645432   -2.2600266    2.9301972   0.67017056 
   21000    1.8642607   0.84416525    3077.6676   0.43247035    -2.277367      2.79429   0.51692302 
   22000    1.8357184    0.7686571    3038.4814   0.43804777   -2.3779862    2.7515088   0.37352258 
   23000    1.9604732   0.88133171    3013.9112   0.44161884   -2.3867207    2.9385004   0.55177972 
   24000    1.8541048   0.91563473    3108.2192   0.42821947   -2.2937133    2.7790677   0.48535438 
   25000    1.9261587    0.9872205      3123.25   0.42615865   -2.2424123    2.8870674   0.64465504 
   26000    1.8977608     0.993084    3081.7353   0.43189952   -2.2837176    2.8445024   0.56078486 
   27000    1.8348855   0.86342267    3016.2554   0.44127564   -2.3520866    2.7502604   0.39817381 
   28000     1.927949   0.87756935    3002.3681   0.44331673   -2.3812051    2.8897508   0.50854566 
   29000    1.8830218   0.94441206    3179.1191   0.41866944   -2.1931169    2.8224106   0.62929363 
   30000    1.9081115   0.89172216    3137.9142   0.42416711   -2.2402013    2.8600169   0.61981557 
   31000    1.8585385    1.0576112     3025.834   0.43987872   -2.2805949    2.7857133   0.50511843 
   32000    1.8939972   0.82413567    3058.2085   0.43522213   -2.3463013    2.8388613   0.49256001 
   33000    1.9042885   0.90722785    3054.7927   0.43570879   -2.2965485    2.8542867   0.55773825 
   34000    1.9113495   0.82521108    3065.1923    0.4342305    -2.352288    2.8648703   0.51258227 
   35000    1.9248438    0.7308943    3125.1105   0.42590494    -2.287862    2.8850965    0.5972345 
   36000    1.9871723    1.0053948    3145.4444   0.42315166   -2.2538973    2.9785189   0.72462164 
   37000    1.8874078   0.91694194    3117.1772   0.42698887   -2.2678062    2.8289847   0.56117847 
   38000     1.909041   0.91318255     3061.184   0.43479909   -2.3252043    2.8614101   0.53620575 
   39000    1.9101827   0.91728609    2975.2966   0.44735036   -2.4249954    2.8631213    0.4381259 
   40000    1.8240223   0.85202223    2957.6878   0.45001369   -2.4352693    2.7339778   0.29870849 
   41000    1.8710207   0.81227492    3045.4989    0.4370384   -2.3415188    2.8044224   0.46290359 
   42000    1.9287871   0.89768566      3116.62   0.42706521   -2.2764401     2.891007   0.61456684 
   43000    1.8850054   0.91113333    3099.2796   0.42945464   -2.2875335    2.8253837   0.53785018 
   44000    1.8721432   0.95215108    2934.2148   0.45361368   -2.4070852     2.806105   0.39901985 
   45000    1.8420386    0.8606301    2924.8113   0.45507209   -2.4405903    2.7609819   0.32039164 
   46000    1.8743734   0.85649624    3048.1227   0.43666221    -2.334629    2.8094477   0.47481866 
   47000    1.9251732   0.84999999    3112.1813   0.42767431   -2.3003168    2.8855902   0.58527344 
   48000    1.9442545   0.99368187    3183.9848   0.41802963   -2.1633087    2.9141907     0.750882 
   49000     1.865471     1.020565    3209.4023   0.41471896   -2.1541195    2.7961042   0.64198468 
   50000    1.9191749    1.0854834    3046.4379    0.4369037   -2.2722041    2.8765995   0.60439537 
Loop time of 27.066 on 1 procs for 50000 steps with 1331 atoms

Performance: 638438.301 tau/day, 1847.333 timesteps/s
99.8% CPU use with 1 MPI tasks x no OpenMP threads

MPI task timing breakdown:
Section |  min time  |  avg time  |  max time  |%varavg| %total
---------------------------------------------------------------
Pair    | 19.892     | 19.892     | 19.892     |   0.0 | 73.50
Neigh   | 3.925      | 3.925      | 3.925      |   0.0 | 14.50
Comm    | 0.69906    | 0.69906    | 0.69906    |   0.0 |  2.58
Output  | 0.027105   | 0.027105   | 0.027105   |   0.0 |  0.10
Modify  | 2.3738     | 2.3738     | 2.3738     |   0.0 |  8.77
Other   |            | 0.1487     |            |       |  0.55

Nlocal:    1331 ave 1331 max 1331 min
Histogram: 1 0 0 0 0 0 0 0 0 0
Nghost:    2175 ave 2175 max 2175 min
Histogram: 1 0 0 0 0 0 0 0 0 0
Neighs:    26295 ave 26295 max 26295 min
Histogram: 1 0 0 0 0 0 0 0 0 0

Total # of neighbors = 26295
Ave neighs/atom = 19.7558
Neighbor list builds = 2500
Dangerous builds not checked

write_restart lattice_11_11_11__2_2_2/sim1/T_1.90__P_0.90/end1.restart
Total wall time: 0:00:27
