run 50000
Neighbor list info ...
  update every 20 steps, delay 0 steps, check no
  max neighbors/atom: 2000, page size: 100000
  master list distance cutoff = 2.8
  ghost atom cutoff = 2.8
  binsize = 1.4, bins = 13 13 13
  1 neighbor lists, perpetual/occasional/extra = 1 0 0
  (1) pair lj/cut, perpetual
      attributes: half, newton on
      pair build: half/bin/atomonly/newton
      stencil: half/bin/3d/newton
      bin: standard
Per MPI rank memory allocation (min/avg/max) = 2.742 | 2.742 | 2.742 Mbytes
Step Temp Press TotEng 
       0          1.3  -0.20018036   0.97269521 
    1000    1.3826833   0.22432931   0.49257934 
    2000    1.2677419   0.15665609   0.19537279 
    3000     1.311308   0.27398388   0.30124402 
    4000     1.310773   0.21247567   0.27398067 
    5000    1.2643575   0.17761844    0.2688105 
    6000     1.341483   0.18395301   0.34450394 
    7000    1.2833185    0.1595329    0.2261183 
    8000    1.3244211   0.27144854   0.34759092 
    9000    1.3400159   0.20468667   0.30241505 
   10000    1.2868815   0.18018416   0.22869864 
   11000    1.3254678   0.24091188   0.33465731 
   12000    1.2715999   0.20051927    0.2409224 
   13000    1.3325471   0.21082781   0.29005314 
   14000    1.2884603   0.20126146   0.23921794 
   15000    1.2608054   0.18551681   0.24194226 
   16000    1.3093637   0.18454746   0.30392898 
   17000    1.3370762   0.27451182   0.32585515 
   18000    1.2680671   0.18720003   0.22921326 
   19000    1.3187201   0.24617951   0.29534848 
   20000    1.2583029   0.15220698   0.16547361 
   21000    1.3401775   0.23245554   0.27778894 
   22000    1.2663023    0.2051095   0.23314739 
   23000    1.3327257   0.22039173    0.3528671 
   24000    1.2740854   0.23151414    0.2628241 
   25000     1.393176   0.23222452    0.4273171 
   26000    1.3170017   0.20013108   0.31357941 
   27000    1.2671037   0.20939035   0.21319471 
   28000    1.3161085   0.21517353   0.34559695 
   29000    1.3118245   0.15483293   0.28662065 
   30000    1.2689975   0.21850516   0.27668805 
   31000     1.381946   0.19687519    0.4078998 
   32000    1.2890149    0.1814542   0.22637465 
   33000    1.3097342   0.17922569   0.27649411 
   34000     1.297811   0.22128802   0.28823448 
   35000    1.3055917   0.19422333   0.30758909 
   36000    1.2605749   0.18624193   0.24956061 
   37000    1.2611891   0.18677925   0.25547802 
   38000    1.2858105   0.22445507   0.29149522 
   39000    1.2463428   0.18940228   0.20816644 
   40000     1.319666   0.24942734   0.30234944 
   41000     1.296408   0.22231876   0.26676031 
   42000    1.3328452   0.19188892   0.33829141 
   43000     1.306558   0.18658062   0.29587094 
   44000       1.2871    0.2198582   0.27258486 
   45000    1.3371035   0.24263741   0.36752817 
   46000    1.2785308   0.15035892   0.21775245 
   47000    1.3322997    0.2604727   0.33274658 
   48000    1.2921187   0.16106135   0.25641968 
   49000    1.3245539   0.18480345   0.29108017 
   50000    1.2852784   0.19184644   0.24719219 
Loop time of 15.2901 on 1 procs for 50000 steps with 1331 atoms

Performance: 1130143.657 tau/day, 3270.092 timesteps/s
99.9% CPU use with 1 MPI tasks x no OpenMP threads

MPI task timing breakdown:
Section |  min time  |  avg time  |  max time  |%varavg| %total
---------------------------------------------------------------
Pair    | 11.04      | 11.04      | 11.04      |   0.0 | 72.20
Neigh   | 2.7994     | 2.7994     | 2.7994     |   0.0 | 18.31
Comm    | 0.47694    | 0.47694    | 0.47694    |   0.0 |  3.12
Output  | 0.023038   | 0.023038   | 0.023038   |   0.0 |  0.15
Modify  | 0.84567    | 0.84567    | 0.84567    |   0.0 |  5.53
Other   |            | 0.1052     |            |       |  0.69

Nlocal:    1331 ave 1331 max 1331 min
Histogram: 1 0 0 0 0 0 0 0 0 0
Nghost:    1666 ave 1666 max 1666 min
Histogram: 1 0 0 0 0 0 0 0 0 0
Neighs:    16991 ave 16991 max 16991 min
Histogram: 1 0 0 0 0 0 0 0 0 0

Total # of neighbors = 16991
Ave neighs/atom = 12.7656
Neighbor list builds = 2500
Dangerous builds not checked

write_restart NVT/sim1/T_1.30__v_3.38/end1.restart
Total wall time: 0:00:15
