run 50000
Neighbor list info ...
  update every 20 steps, delay 0 steps, check no
  max neighbors/atom: 2000, page size: 100000
  master list distance cutoff = 2.8
  ghost atom cutoff = 2.8
  binsize = 1.4, bins = 16 16 16
  1 neighbor lists, perpetual/occasional/extra = 1 0 0
  (1) pair lj/cut, perpetual
      attributes: half, newton on
      pair build: half/bin/atomonly/newton
      stencil: half/bin/3d/newton
      bin: standard
Per MPI rank memory allocation (min/avg/max) = 2.7 | 2.7 | 2.7 Mbytes
Step Temp Press Volume Density PotEng KinEng TotEng 
       0          1.7   0.16693019        10648        0.125  -0.13561964    2.5480841    2.4124645 
    1000    1.7115364   0.18215563     11301.18   0.11777531  -0.67604144    2.5653757    1.8893342 
    2000     1.715248   0.17776567    10597.087   0.12560055  -0.72893899     2.570939        1.842 
    3000    1.6859134   0.21079007    9922.9815   0.13413307  -0.77314093    2.5269702    1.7538293 
    4000    1.6953827   0.21586269    9511.2177   0.13994002  -0.82476532    2.5411633     1.716398 
    5000    1.6489183   0.20354026    9417.3514   0.14133486  -0.79385118    2.4715192     1.677668 
    6000     1.745995   0.20020617    9597.4268   0.13868301  -0.81120674    2.6170248    1.8058181 
    7000    1.6583331   0.18745568    10077.977   0.13207015  -0.78243018    2.4856308    1.7032006 
    8000    1.7186124   0.20392018    10011.615   0.13294558  -0.75834358    2.5759818    1.8176382 
    9000    1.6871734    0.1919352    9847.5624   0.13516035  -0.75631853    2.5288586    1.7725401 
   10000    1.6810459   0.19442355    9750.2544   0.13650926  -0.81520027    2.5196744    1.7044741 
   11000    1.6893443   0.20424619    9672.8975   0.13760096  -0.77293827    2.5321126    1.7591743 
   12000    1.6816839   0.20312507    9834.7387   0.13533659   -0.8058562    2.5206307    1.7147745 
   13000    1.7322469   0.18089806    9894.4231   0.13452022  -0.78770997    2.5964182    1.8087082 
   14000    1.6938451   0.20578524    9983.8797   0.13331491  -0.78728111    2.5388587    1.7515776 
   15000    1.7283396   0.22106516    9844.2298   0.13520611  -0.78106929    2.5905617    1.8094924 
   16000    1.7096315   0.22062814    9364.2166   0.14213682  -0.82333956    2.5625206     1.739181 
   17000    1.6713134   0.20496515    9673.7541   0.13758878  -0.79767424    2.5050866    1.7074124 
   18000    1.6844921   0.18271384    10268.244   0.12962294  -0.73799115    2.5248398    1.7868487 
   19000    1.7359032    0.1942431    10408.611   0.12787489  -0.73914945    2.6018985    1.8627491 
   20000    1.6700859   0.20419868    9895.5208    0.1345053  -0.76189341    2.5032467    1.7413533 
   21000    1.6598872    0.1983077    9414.9135   0.14137145   -0.8170724    2.4879602    1.6708878 
   22000    1.6747537   0.17935265    9361.4241   0.14217922  -0.80548745    2.5102431    1.7047557 
   23000     1.714256   0.19907771    9525.9585   0.13972347  -0.83802119     2.569452    1.7314308 
   24000    1.7157329   0.21563259    9925.5375   0.13409853  -0.76277887    2.5716657    1.8088869 
   25000    1.7023051   0.18756928    10385.517   0.12815924  -0.76127134    2.5515392    1.7902679 
   26000    1.7094345   0.19602399    10089.562   0.13191851  -0.74368936    2.5622252    1.8185359 
   27000    1.6420522   0.19831511    9801.9992   0.13578863  -0.77431464    2.4612278    1.6869131 
   28000    1.7447765   0.21475309    9550.5989   0.13936299  -0.80053641    2.6151985    1.8146621 
   29000    1.6721363     0.183978      10038.3   0.13259218   -0.7936349      2.50632    1.7126851 
   30000     1.746115   0.19675493     9864.113   0.13493357  -0.80673809    2.6172046    1.8104665 
   31000    1.6453508   0.19987842    9826.5546   0.13544931  -0.78590132    2.4661719    1.6802706 
   32000    1.7369498   0.20943786    9505.0916   0.14003021  -0.81673249    2.6034671    1.7867347 
   33000    1.6500831   0.17735758    9517.3612   0.13984969  -0.83795031    2.4732651    1.6353148 
   34000    1.7628425   0.21486568    9457.0687   0.14074128  -0.79430136    2.6422771    1.8479758 
   35000     1.642531   0.18744421    10083.821   0.13199362  -0.75267784    2.4619453    1.7092675 
   36000    1.7341557    0.2182106    10062.282   0.13227616  -0.75426308    2.5992792    1.8450161 
   37000    1.7014327   0.20613596    9951.7459   0.13374538  -0.77810713    2.5502316    1.7721245 
   38000    1.6571334   0.19757923    9509.5888   0.13996399   -0.8394947    2.4838326    1.6443379 
   39000     1.733771   0.21461405    9143.5412   0.14556723  -0.84493712    2.5987026    1.7537655 
   40000    1.6526989   0.20116805    9665.1924   0.13771066  -0.79148191    2.4771858    1.6857039 
   41000    1.7372458   0.20913497    9860.8663     0.134978  -0.77284186    2.6039108     1.831069 
   42000    1.6695332    0.1919182    9998.8567   0.13311522   -0.8351475    2.5024183    1.6672708 
   43000    1.7888317   0.22325389    9575.2898   0.13900363  -0.81728398    2.6812317    1.8639477 
   44000    1.6633399   0.21643687    9798.3112   0.13583974  -0.78164522    2.4931354    1.7114902 
   45000    1.7200784   0.19280547    9882.9594   0.13467626  -0.80375002    2.5781791    1.7744291 
   46000    1.6806345   0.19891327    10035.074    0.1326348  -0.78666295    2.5190578    1.7323948 
   47000      1.72834    0.2037543    9701.1967   0.13719957  -0.82203603    2.5905622    1.7685261 
   48000    1.6585032   0.20451681    9572.2167   0.13904825   -0.8175625    2.4858858    1.6683233 
   49000    1.6966233   0.21254198    9346.3856   0.14240799  -0.79890856    2.5430229    1.7441143 
   50000    1.6551046   0.19011921    9507.7172   0.13999154  -0.81530244    2.4807917    1.6654892 
Loop time of 11.1007 on 1 procs for 50000 steps with 1331 atoms

Performance: 1556653.292 tau/day, 4504.205 timesteps/s
99.8% CPU use with 1 MPI tasks x no OpenMP threads

MPI task timing breakdown:
Section |  min time  |  avg time  |  max time  |%varavg| %total
---------------------------------------------------------------
Pair    | 6.4422     | 6.4422     | 6.4422     |   0.0 | 58.03
Neigh   | 2.1103     | 2.1103     | 2.1103     |   0.0 | 19.01
Comm    | 0.39479    | 0.39479    | 0.39479    |   0.0 |  3.56
Output  | 0.024581   | 0.024581   | 0.024581   |   0.0 |  0.22
Modify  | 2.0283     | 2.0283     | 2.0283     |   0.0 | 18.27
Other   |            | 0.1006     |            |       |  0.91

Nlocal:    1331 ave 1331 max 1331 min
Histogram: 1 0 0 0 0 0 0 0 0 0
Nghost:    1407 ave 1407 max 1407 min
Histogram: 1 0 0 0 0 0 0 0 0 0
Neighs:    8662 ave 8662 max 8662 min
Histogram: 1 0 0 0 0 0 0 0 0 0

Total # of neighbors = 8662
Ave neighs/atom = 6.50789
Neighbor list builds = 2500
Dangerous builds not checked

write_restart lattice_11_11_11__2_2_2/sim1/T_1.70__P_0.20/end1.restart
Total wall time: 0:00:11
