run 50000
Neighbor list info ...
  update every 20 steps, delay 0 steps, check no
  max neighbors/atom: 2000, page size: 100000
  master list distance cutoff = 2.8
  ghost atom cutoff = 2.8
  binsize = 1.4, bins = 16 16 16
  1 neighbor lists, perpetual/occasional/extra = 1 0 0
  (1) pair lj/cut, perpetual
      attributes: half, newton on
      pair build: half/bin/atomonly/newton
      stencil: half/bin/3d/newton
      bin: standard
Per MPI rank memory allocation (min/avg/max) = 2.7 | 2.7 | 2.7 Mbytes
Step Temp Press Volume Density PotEng KinEng TotEng 
       0          0.7  0.042024104        10648        0.125  -0.13561964    1.0492111   0.91359148 
    1000    1.4050664   0.27050061    4694.8904   0.28349969   -1.6468825    2.1060162   0.45913369 
    2000    1.1882593   0.19711958    2870.6583   0.46365672   -2.7256064    1.7810499  -0.94455658 
    3000    1.0722445   0.67045474    2003.8988   0.66420521   -3.8589044    1.6071584   -2.2517459 
    4000   0.93971965    1.6642095    1658.4995   0.80253264   -4.7372082    1.4085204   -3.3286877 
    5000   0.77762887    1.7991674    1530.9456   0.86939729   -5.2548592    1.1655669   -4.0892923 
    6000   0.68373274    1.8504945    1474.8765   0.90244843   -5.5187345    1.0248286   -4.4939059 
    7000   0.66324495    2.0082258    1465.8651   0.90799623    -5.542465   0.99411996   -4.5483451 
    8000   0.69971631    2.0283379    1488.8514   0.89397772   -5.4160833    1.0487859   -4.3672974 
    9000   0.70582222    1.9892419    1494.4803    0.8906106   -5.3966789    1.0579379   -4.3387411 
   10000    0.6844533    1.7982529     1477.845   0.90063571   -5.5108762    1.0259086   -4.4849676 
   11000   0.68698877    1.8767209    1473.9293   0.90302837   -5.5239608    1.0297089   -4.4942519 
   12000   0.71080968    1.9810457    1483.9604   0.89692418   -5.4566636    1.0654135   -4.3912502 
   13000    0.7151277    1.9778685    1480.6888   0.89890598   -5.4780293    1.0718856   -4.4061437 
   14000   0.68409869    1.8059214    1480.0596    0.8992881   -5.5061991    1.0253771    -4.480822 
   15000   0.70745157    1.7459333       1484.4   0.89665859   -5.5027235    1.0603801   -4.4423434 
   16000   0.70991513    1.8362413    1491.5359   0.89236871   -5.4347838    1.0640726   -4.3707111 
   17000   0.70887566    1.7496059    1489.2222   0.89375511   -5.4733171    1.0625146   -4.4108025 
   18000   0.68897814    1.8920059    1477.7566   0.90068963   -5.5081253    1.0326908   -4.4754345 
   19000   0.70272196    2.3027221    1471.0354    0.9048049    -5.462241     1.053291     -4.40895 
   20000   0.70162241     1.925544    1486.0212   0.89568035    -5.451737    1.0516429   -4.4000941 
   21000   0.70785828    1.7317588    1482.8653   0.89758661   -5.5108532    1.0609897   -4.4498635 
   22000   0.66943844     1.743233    1484.2267   0.89676328   -5.4859529    1.0034032   -4.4825497 
   23000   0.71048447    1.9602375    1480.9664   0.89873749   -5.4784741     1.064926   -4.4135481 
   24000   0.69870864    1.8168293    1488.4238   0.89423456   -5.4592845    1.0472755    -4.412009 
   25000   0.68702453    2.0156634    1477.2574   0.90099399   -5.4753681    1.0297625   -4.4456056 
   26000   0.70732668    2.0111274    1475.4033   0.90212622   -5.4915778    1.0601929    -4.431385 
   27000   0.70615156    2.1266589    1483.3144   0.89731484   -5.4275774    1.0584315   -4.3691458 
   28000   0.68598351    1.9356646     1486.331   0.89549367   -5.4400486    1.0282022   -4.4118464 
   29000   0.70244186    1.7222603    1481.9871   0.89811847   -5.5244128    1.0528712   -4.4715416 
   30000   0.72375603    1.7570786    1478.5535   0.90020417   -5.5275804    1.0848184    -4.442762 
   31000   0.67886875    1.9240397    1489.9114   0.89334173   -5.4280673    1.0175381   -4.4105293 
   32000   0.70690101    1.6414269    1491.3313   0.89249119   -5.4809884    1.0595549   -4.4214335 
   33000   0.66848074     1.905683    1489.7964   0.89341069   -5.4309243    1.0019677   -4.4289566 
   34000   0.69323253    2.0966711    1478.3045   0.90035578    -5.468154    1.0390675   -4.4290864 
   35000   0.73178013    2.0159343    1473.3108   0.90340751   -5.5200129    1.0968455   -4.4231674 
   36000     0.695278     1.839057    1484.1903   0.89678528   -5.4822912    1.0421334   -4.4401578 
   37000   0.72103981     1.907604    1481.5262   0.89839789   -5.4784202    1.0807471    -4.397673 
   38000   0.71140616    1.9238322    1483.5675   0.89716175   -5.4683224    1.0663075   -4.4020149 
   39000   0.70617728    1.9985231    1477.3764   0.90092137   -5.4837407    1.0584701   -4.4252706 
   40000   0.69551764     1.788896    1486.4704   0.89540971   -5.4701723    1.0424926   -4.4276797 
   41000   0.68058509    1.6130307     1494.169   0.89079617   -5.4580413    1.0201106   -4.4379307 
   42000   0.71158093    1.8014564    1482.0457   0.89808295   -5.5021212    1.0665695   -4.4355517 
   43000    0.6935494    1.9253748      1481.58   0.89836528   -5.4812264    1.0395425   -4.4416839 
   44000   0.71022847     1.932947    1485.7154    0.8958647    -5.465312    1.0645423   -4.4007697 
   45000   0.72845431    1.9598601      1481.41   0.89846836   -5.4816455    1.0918605    -4.389785 
   46000   0.69617582    1.9334815    1479.3315    0.8997307   -5.4904495    1.0434792   -4.4469703 
   47000   0.68959711    1.7434116    1480.6834   0.89890925    -5.513654    1.0336185   -4.4800355 
   48000   0.69111664    2.0452254    1478.8688   0.90001225    -5.463502    1.0358961   -4.4276059 
   49000    0.7308058    2.0288662     1483.187   0.89739192   -5.4567518    1.0953851   -4.3613667 
   50000   0.69752533     1.677347    1491.0553   0.89265636     -5.47315    1.0455019   -4.4276481 
Loop time of 40.0444 on 1 procs for 50000 steps with 1331 atoms

Performance: 431520.617 tau/day, 1248.613 timesteps/s
99.9% CPU use with 1 MPI tasks x no OpenMP threads

MPI task timing breakdown:
Section |  min time  |  avg time  |  max time  |%varavg| %total
---------------------------------------------------------------
Pair    | 32.419     | 32.419     | 32.419     |   0.0 | 80.96
Neigh   | 4.5982     | 4.5982     | 4.5982     |   0.0 | 11.48
Comm    | 0.72761    | 0.72761    | 0.72761    |   0.0 |  1.82
Output  | 0.025845   | 0.025845   | 0.025845   |   0.0 |  0.06
Modify  | 2.0522     | 2.0522     | 2.0522     |   0.0 |  5.12
Other   |            | 0.2213     |            |       |  0.55

Nlocal:    1331 ave 1331 max 1331 min
Histogram: 1 0 0 0 0 0 0 0 0 0
Nghost:    3046 ave 3046 max 3046 min
Histogram: 1 0 0 0 0 0 0 0 0 0
Neighs:    52747 ave 52747 max 52747 min
Histogram: 1 0 0 0 0 0 0 0 0 0

Total # of neighbors = 52747
Ave neighs/atom = 39.6296
Neighbor list builds = 2500
Dangerous builds not checked

write_restart lattice_11_11_11__2_2_2/sim1/T_0.70__P_1.90/end1.restart
Total wall time: 0:00:40
