run 50000
Neighbor list info ...
  update every 20 steps, delay 0 steps, check no
  max neighbors/atom: 2000, page size: 100000
  master list distance cutoff = 2.8
  ghost atom cutoff = 2.8
  binsize = 1.4, bins = 16 16 16
  1 neighbor lists, perpetual/occasional/extra = 1 0 0
  (1) pair lj/cut, perpetual
      attributes: half, newton on
      pair build: half/bin/atomonly/newton
      stencil: half/bin/3d/newton
      bin: standard
Per MPI rank memory allocation (min/avg/max) = 2.7 | 2.7 | 2.7 Mbytes
Step Temp Press Volume Density PotEng KinEng TotEng 
       0          1.3   0.11696776        10648        0.125  -0.13561964    1.9485349    1.8129153 
    1000    1.6564351   0.23091787    7741.0728   0.17193999  -0.96456132    2.4827859    1.5182246 
    2000    1.4398681   0.23741636    6118.6993   0.21752989   -1.2728652    2.1581794   0.88531419 
    3000    1.3390142   0.21492547     5003.945   0.26599014   -1.5800552    2.0070123   0.42695713 
    4000    1.3324858   0.27668518    4214.9746   0.31577889   -1.8881041    1.9972271   0.10912293 
    5000    1.3015185   0.31335601    3628.9184   0.36677595   -2.1087917     1.950811  -0.15798062 
    6000    1.3539807   0.31851879    3210.5541   0.41457018    -2.445919    2.0294451  -0.41647387 
    7000    1.3132046   0.38880469    2907.2527   0.45782054   -2.6439885     1.968327  -0.67566143 
    8000    1.3050447    0.3557357    2683.2696   0.49603663   -2.8463731    1.9560963  -0.89027677 
    9000    1.2854327   0.49291419    2547.4721   0.52247873   -2.9726783    1.9267004    -1.045978 
   10000    1.2993052   0.48280041     2463.017   0.54039415   -3.0904109    1.9474935   -1.1429173 
   11000    1.2861504   0.46179735    2423.1792    0.5492784   -3.1172577    1.9277761   -1.1894816 
   12000    1.2960525   0.61929983     2460.572   0.54093113   -3.0944232    1.9426182   -1.1518051 
   13000    1.3237517   0.51272344    2486.5067   0.53528912   -3.0735532    1.9841357   -1.0894176 
   14000    1.3111841   0.45149227    2478.7936   0.53695476   -3.1020981    1.9652985   -1.1367996 
   15000    1.3090809   0.50047985    2423.7288   0.54915384   -3.1304307    1.9621461   -1.1682846 
   16000    1.2849417   0.45949771    2412.8649    0.5516264   -3.1493806    1.9259644   -1.2234162 
   17000    1.2839751   0.48017701    2525.5042   0.52702348   -3.0320262    1.9245156   -1.1075106 
   18000      1.29206   0.54997443    2527.9857   0.52650615   -2.9874013    1.9366339   -1.0507674 
   19000    1.2869437   0.52460743    2487.4707   0.53508168   -3.0520308    1.9289652   -1.1230656 
   20000    1.2751327   0.63879736    2385.5788   0.55793589   -3.1786699     1.911262    -1.267408 
   21000    1.3086487   0.39476497    2431.5154   0.54739526    -3.136054    1.9614982   -1.1745558 
   22000    1.2601049   0.48535473    2513.1813   0.52960762   -3.0482051    1.8887372   -1.1594679 
   23000    1.3100838    0.6633825    2467.8889   0.53932737   -3.0093086    1.9636493   -1.0456593 
   24000    1.2995297   0.49564986    2487.4025   0.53509636   -3.0681379      1.94783   -1.1203078 
   25000    1.2726538   0.48431559    2453.2909   0.54253657   -3.0903349    1.9075465   -1.1827884 
   26000    1.3104619   0.29807943    2388.2381   0.55731462   -3.2250699     1.964216   -1.2608539 
   27000    1.2743256   0.46591891    2455.7119   0.54200169   -3.1000684    1.9100522   -1.1900161 
   28000    1.3129972   0.28630897    2560.7951   0.51976044   -3.0379575    1.9680161   -1.0699414 
   29000    1.3454639   0.50080721    2534.8794    0.5250743   -3.0200196    2.0166796     -1.00334 
   30000    1.2928592   0.57248414    2475.8305   0.53759738   -3.0621596    1.9378318   -1.1243278 
   31000    1.3337642   0.57429451    2402.2577   0.55406213   -3.1458207    1.9991432   -1.1466775 
   32000    1.2569819   0.52698869    2406.6554   0.55304969   -3.1506031    1.8840563   -1.2665469 
   33000    1.2921303   0.40020675    2467.2154   0.53947459   -3.1080357    1.9367393   -1.1712964 
   34000    1.3244495   0.48989987    2466.9028   0.53954294   -3.1020877    1.9851816   -1.1169061 
   35000    1.3008095   0.42860602    2533.3736   0.52538639    -3.006466    1.9497483   -1.0567177 
   36000    1.2933942   0.50887505    2486.3737   0.53531775    -3.054164    1.9386337   -1.1155303 
   37000    1.3336761   0.52127536    2464.2908   0.54011482   -3.0527877    1.9990112   -1.0537765 
   38000    1.2458153   0.32771168    2550.1711   0.52192576   -3.0001961     1.867319   -1.1328771 
   39000    1.3025381   0.47953973    2486.2012   0.53535491   -3.0516256    1.9523392   -1.0992864 
   40000    1.2939955   0.55153535    2469.5897   0.53895593    -3.071926    1.9395349   -1.1323911 
   41000    1.2384691   0.45564076     2456.198   0.54189442   -3.1004494    1.8563079   -1.2441415 
   42000    1.3136685   0.47838945     2377.271   0.55988568    -3.205131    1.9690223   -1.2361087 
   43000    1.2899799   0.39432856    2437.6305   0.54602204   -3.1341303    1.9335161   -1.2006141 
   44000    1.2874498    0.5822583     2477.428   0.53725072   -3.0546074    1.9297238   -1.1248836 
   45000    1.3734283   0.32057981    2467.1116   0.53949728   -3.1191074    2.0585946   -1.0605128 
   46000    1.3087884   0.45473744    2465.8598   0.53977116   -3.1148423    1.9617077   -1.1531347 
   47000    1.2405296   0.39405325    2471.7392   0.53848722   -3.1150842    1.8593963   -1.2556879 
   48000    1.2988597   0.58016635     2427.808   0.54823115   -3.1313176    1.9468257   -1.1844918 
   49000    1.3052087    0.5352239    2457.6752   0.54156871   -3.1000075    1.9563422   -1.1436653 
   50000    1.2802387   0.44008312    2471.1757   0.53861003   -3.0913976    1.9189153   -1.1724823 
Loop time of 30.9507 on 1 procs for 50000 steps with 1331 atoms

Performance: 558306.842 tau/day, 1615.471 timesteps/s
99.5% CPU use with 1 MPI tasks x no OpenMP threads

MPI task timing breakdown:
Section |  min time  |  avg time  |  max time  |%varavg| %total
---------------------------------------------------------------
Pair    | 23.346     | 23.346     | 23.346     |   0.0 | 75.43
Neigh   | 4.3001     | 4.3001     | 4.3001     |   0.0 | 13.89
Comm    | 0.74186    | 0.74186    | 0.74186    |   0.0 |  2.40
Output  | 0.0285     | 0.0285     | 0.0285     |   0.0 |  0.09
Modify  | 2.3759     | 2.3759     | 2.3759     |   0.0 |  7.68
Other   |            | 0.1579     |            |       |  0.51

Nlocal:    1331 ave 1331 max 1331 min
Histogram: 1 0 0 0 0 0 0 0 0 0
Nghost:    2418 ave 2418 max 2418 min
Histogram: 1 0 0 0 0 0 0 0 0 0
Neighs:    32520 ave 32520 max 32520 min
Histogram: 1 0 0 0 0 0 0 0 0 0

Total # of neighbors = 32520
Ave neighs/atom = 24.4328
Neighbor list builds = 2500
Dangerous builds not checked

write_restart lattice_11_11_11__2_2_2/sim1/T_1.30__P_0.50/end1.restart
Total wall time: 0:00:30
