run 50000
Neighbor list info ...
  update every 20 steps, delay 0 steps, check no
  max neighbors/atom: 2000, page size: 100000
  master list distance cutoff = 2.8
  ghost atom cutoff = 2.8
  binsize = 1.4, bins = 16 16 16
  1 neighbor lists, perpetual/occasional/extra = 1 0 0
  (1) pair lj/cut, perpetual
      attributes: half, newton on
      pair build: half/bin/atomonly/newton
      stencil: half/bin/3d/newton
      bin: standard
Per MPI rank memory allocation (min/avg/max) = 2.7 | 2.7 | 2.7 Mbytes
Step Temp Press Volume Density PotEng KinEng TotEng 
       0            1  0.079495929        10648        0.125  -0.13561964     1.498873    1.3632534 
    1000     1.628122    0.3361593    5506.9243   0.24169571   -1.3426289    2.4403482    1.0977194 
    2000    1.4338427   0.31599297    3639.8595   0.36567346   -2.1524103    2.1491482 -0.0032620526 
    3000    1.2840782   0.38194127    2639.1679   0.50432562   -2.9557967    1.9246701   -1.0311266 
    4000    1.2110658   0.78390672    2075.9238   0.64116033   -3.7074841    1.8152339   -1.8922502 
    5000    1.1047333    1.3253881    1803.1836   0.73813891   -4.2772629     1.655855   -2.6214079 
    6000   0.98902199    1.5638496     1685.339   0.78975211   -4.6248788    1.4824184   -3.1424604 
    7000   0.96092142    1.5483082    1647.6045   0.80783949   -4.7709649    1.4402992   -3.3306657 
    8000    1.0221594    1.5066127    1670.9771   0.79653994    -4.696885    1.5320872   -3.1647978 
    9000    1.0209274    1.6866203    1690.4818    0.7873495   -4.5772356    1.5302406    -3.046995 
   10000   0.99952988    1.5458711    1672.5582   0.79578697   -4.6805639    1.4981684   -3.1823956 
   11000   0.95883789    1.6109897    1659.5662   0.80201681   -4.7245505    1.4371763   -3.2873742 
   12000    1.0205249    1.6270793     1677.886    0.7932601   -4.6694788    1.5296373   -3.1398415 
   13000    1.0196195    1.5809115    1701.8852   0.78207389   -4.5691114    1.5282801   -3.0408313 
   14000     1.005349    1.5231966    1680.1369   0.79219737   -4.6841586    1.5068905   -3.1772681 
   15000   0.96024835    1.6501981    1662.6453   0.80053153   -4.6921685    1.4392904   -3.2528781 
   16000   0.98601825    1.6670835    1672.0321   0.79603735   -4.6494464    1.4779162   -3.1715303 
   17000    1.0372156    1.6592549     1684.763    0.7900221   -4.6133995    1.5546545   -3.0587449 
   18000    1.0487407    1.2616466    1685.7685   0.78955086   -4.7081595    1.5719292   -3.1362304 
   19000   0.95074162    1.3776614    1681.3905   0.79160672    -4.692655     1.425041    -3.267614 
   20000   0.95932837    1.8815862    1658.2869   0.80263555   -4.6614468    1.4379114   -3.2235354 
   21000     1.019776    1.6905842     1679.238   0.79262143   -4.6340104    1.5285147   -3.1054956 
   22000    1.0331677    1.5504988    1688.1087   0.78845635   -4.6321308    1.5485871   -3.0835437 
   23000    1.0080655     1.569463    1667.6297   0.79813883   -4.6936049    1.5109621   -3.1826427 
   24000   0.98870182    1.6251537    1666.5692    0.7986467   -4.6855066    1.4819385   -3.2035681 
   25000   0.97679998     1.792484    1675.8828   0.79420826   -4.6132188    1.4640991   -3.1491196 
   26000   0.99120057    1.5145466    1691.4882   0.78688104     -4.61423    1.4856838   -3.1285462 
   27000   0.96074659     1.390511    1685.1134    0.7898578   -4.6557415    1.4400371   -3.2157043 
   28000   0.99245751    1.5485225    1662.2963   0.80069959   -4.7129963    1.4875678   -3.2254285 
   29000    1.0188931    1.5081667    1674.2326   0.79499111   -4.6758465    1.5271915   -3.1486551 
   30000    1.0318999    1.6138184    1684.3032   0.79023775   -4.6388061    1.5466869   -3.0921193 
   31000   0.99935153    1.4863637    1679.3013   0.79259153   -4.6565273    1.4979011   -3.1586263 
   32000      1.02597    1.6839927    1651.9457   0.80571658   -4.7544554    1.5377987   -3.2166567 
   33000   0.99856406    1.5474559    1675.8072   0.79424412    -4.677419    1.4967207   -3.1806982 
   34000   0.99199394    1.4295714    1696.9244   0.78436022   -4.6220253     1.486873   -3.1351524 
   35000   0.97988605    1.7124929     1672.079   0.79601503   -4.6438762    1.4687248   -3.1751514 
   36000    1.0221893    1.7861087    1648.8181   0.80724488   -4.7255549     1.532132   -3.1934229 
   37000   0.96942862    1.6774876    1675.1347   0.79456295   -4.6436247    1.4530504   -3.1905743 
   38000    1.0103104    1.6573243      1676.38   0.79397271   -4.6548493     1.514327   -3.1405223 
   39000     1.008771    1.6916318    1670.0287    0.7969923   -4.6598542    1.5120197   -3.1478345 
   40000   0.99214345    1.5216411    1664.9592   0.79941899   -4.7127983     1.487097   -3.2257012 
   41000    1.0022533    1.6531743    1679.6153   0.79244337   -4.6337399    1.5022505   -3.1314894 
   42000    1.0019466    1.4705534    1683.8464   0.79045213   -4.6419146    1.5017907    -3.140124 
   43000    1.0085772    1.9201256    1647.9022   0.80769358   -4.7037862    1.5117292    -3.192057 
   44000   0.97901391    1.7070663    1669.2684   0.79735531   -4.6588419    1.4674175   -3.1914243 
   45000    1.0084491    1.5316641    1675.4826   0.79439796   -4.6758479    1.5115371   -3.1643108 
   46000    1.0024792    1.4436061    1680.5056   0.79202353   -4.6660411     1.502589   -3.1634521 
   47000   0.97132214    1.6217387    1679.3404   0.79257308   -4.6479329    1.4558886   -3.1920443 
   48000   0.95692286    1.7525619    1663.2645    0.8002335   -4.6786201    1.4343059   -3.2443142 
   49000    1.0203371    2.0529367    1659.8436   0.80188277   -4.6381102    1.5293557   -3.1087545 
   50000    1.0033618    1.5723478    1682.6487   0.79101478   -4.6353847    1.5039119   -3.1314728 
Loop time of 41.5658 on 1 procs for 50000 steps with 1331 atoms

Performance: 415726.270 tau/day, 1202.912 timesteps/s
99.9% CPU use with 1 MPI tasks x no OpenMP threads

MPI task timing breakdown:
Section |  min time  |  avg time  |  max time  |%varavg| %total
---------------------------------------------------------------
Pair    | 33.089     | 33.089     | 33.089     |   0.0 | 79.61
Neigh   | 5.0635     | 5.0635     | 5.0635     |   0.0 | 12.18
Comm    | 0.82325    | 0.82325    | 0.82325    |   0.0 |  1.98
Output  | 0.02328    | 0.02328    | 0.02328    |   0.0 |  0.06
Modify  | 2.3498     | 2.3498     | 2.3498     |   0.0 |  5.65
Other   |            | 0.2168     |            |       |  0.52

Nlocal:    1331 ave 1331 max 1331 min
Histogram: 1 0 0 0 0 0 0 0 0 0
Nghost:    2899 ave 2899 max 2899 min
Histogram: 1 0 0 0 0 0 0 0 0 0
Neighs:    47057 ave 47057 max 47057 min
Histogram: 1 0 0 0 0 0 0 0 0 0

Total # of neighbors = 47057
Ave neighs/atom = 35.3546
Neighbor list builds = 2500
Dangerous builds not checked

write_restart lattice_11_11_11__2_2_2/sim1/T_1.00__P_1.60/end1.restart
Total wall time: 0:00:41
