run 50000
Neighbor list info ...
  update every 20 steps, delay 0 steps, check no
  max neighbors/atom: 2000, page size: 100000
  master list distance cutoff = 2.8
  ghost atom cutoff = 2.8
  binsize = 1.4, bins = 11 11 11
  1 neighbor lists, perpetual/occasional/extra = 1 0 0
  (1) pair lj/cut, perpetual
      attributes: half, newton on
      pair build: half/bin/atomonly/newton
      stencil: half/bin/3d/newton
      bin: standard
Per MPI rank memory allocation (min/avg/max) = 2.735 | 2.735 | 2.735 Mbytes
Step Temp Press TotEng 
       0          0.1   -1.4902108   -2.0769833 
    1000   0.47438974  -0.10014702   -3.8900413 
    2000   0.24927735  0.043864942   -5.0191121 
    3000     0.144536   0.03592782   -5.4692568 
    4000  0.098297995 -0.0081382119    -5.646769 
    5000   0.08890692 -0.039723604   -5.6927224 
    6000   0.10543201 -0.0034721742   -5.6524487 
    7000   0.10341564 -0.0030895073   -5.6634782 
    8000  0.092441288 -0.021050974   -5.7062402 
    9000   0.10296021  0.020913187    -5.685361 
   10000   0.10659535  0.050409462   -5.6723189 
   11000  0.095617891 -0.011434298   -5.7086268 
   12000   0.10077406  -0.02348187   -5.7029962 
   13000   0.10595777 -0.020883515   -5.6846701 
   14000  0.098670615  0.050505679   -5.7192021 
   15000  0.096172772  -0.01548283   -5.7270405 
   16000   0.10636425  0.020297993   -5.7013909 
   17000   0.10018753 -0.051285513   -5.7227782 
   18000  0.094197983 -0.029259183   -5.7412565 
   19000   0.10402032 0.0049406989   -5.7192199 
   20000   0.10248177  0.009418661   -5.7259573 
   21000  0.096955678 -0.034556585    -5.746823 
   22000   0.10285868  0.011858042   -5.7295961 
   23000      0.10063 -0.0066644362   -5.7231552 
   24000  0.097864518 -0.029487411   -5.7445271 
   25000   0.10283358 -0.014816503   -5.7373392 
   26000   0.10371186    0.0138502   -5.7231881 
   27000   0.09883903 -0.020748273   -5.7407942 
   28000  0.097148953 -0.016834397   -5.7443306 
   29000    0.1018483 -0.0040354177   -5.7275302 
   30000  0.097931075 0.0025573122   -5.7361764 
   31000  0.099193219   0.04607582   -5.7465364 
   32000   0.10191211 0.0031618013   -5.7302836 
   33000   0.10270662 0.0088283369   -5.7311001 
   34000  0.096287066 -0.0033395847   -5.7464836 
   35000   0.10154526 -0.039891315   -5.7352298 
   36000    0.1012054  0.033285626   -5.7279788 
   37000    0.1002006 0.0024954678   -5.7441578 
   38000  0.099706376 -0.045066005   -5.7400622 
   39000   0.10593922 -0.0070754313   -5.7300167 
   40000  0.098951714 -0.021644511   -5.7438892 
   41000  0.095377827 -0.0017402742   -5.7515952 
   42000   0.10326097 0.0044301151   -5.7375197 
   43000  0.099487815  0.039482091     -5.74116 
   44000  0.096815161  0.018995908   -5.7533547 
   45000  0.098905807  0.026173684    -5.741163 
   46000   0.10036388 -0.0079178163   -5.7373183 
   47000  0.099086951  -0.02315724   -5.7527851 
   48000  0.099986146 -0.0090355775   -5.7473563 
   49000   0.10397272 -0.037077568   -5.7394348 
   50000   0.10145616 -0.017156104   -5.7558559 
Loop time of 32.7265 on 1 procs for 50000 steps with 1331 atoms

Performance: 528012.883 tau/day, 1527.815 timesteps/s
99.8% CPU use with 1 MPI tasks x no OpenMP threads

MPI task timing breakdown:
Section |  min time  |  avg time  |  max time  |%varavg| %total
---------------------------------------------------------------
Pair    | 27.682     | 27.682     | 27.682     |   0.0 | 84.59
Neigh   | 3.872      | 3.872      | 3.872      |   0.0 | 11.83
Comm    | 0.18123    | 0.18123    | 0.18123    |   0.0 |  0.55
Output  | 0.029635   | 0.029635   | 0.029635   |   0.0 |  0.09
Modify  | 0.88642    | 0.88642    | 0.88642    |   0.0 |  2.71
Other   |            | 0.07535    |            |       |  0.23

Nlocal:    1331 ave 1331 max 1331 min
Histogram: 1 0 0 0 0 0 0 0 0 0
Nghost:    505 ave 505 max 505 min
Histogram: 1 0 0 0 0 0 0 0 0 0
Neighs:    45563 ave 45563 max 45563 min
Histogram: 1 0 0 0 0 0 0 0 0 0

Total # of neighbors = 45563
Ave neighs/atom = 34.2322
Neighbor list builds = 2500
Dangerous builds not checked

write_restart NVT/sim1/T_0.10__v_2.20/end1.restart
Total wall time: 0:00:32
