run 50000
Neighbor list info ...
  update every 20 steps, delay 0 steps, check no
  max neighbors/atom: 2000, page size: 100000
  master list distance cutoff = 2.8
  ghost atom cutoff = 2.8
  binsize = 1.4, bins = 13 13 13
  1 neighbor lists, perpetual/occasional/extra = 1 0 0
  (1) pair lj/cut, perpetual
      attributes: half, newton on
      pair build: half/bin/atomonly/newton
      stencil: half/bin/3d/newton
      bin: standard
Per MPI rank memory allocation (min/avg/max) = 2.742 | 2.742 | 2.742 Mbytes
Step Temp Press TotEng 
       0          0.9  -0.13015483   0.70391281 
    1000    1.0769946  0.091077387   0.12928671 
    2000   0.91183424  0.036121871  -0.32471515 
    3000   0.87843045  0.019172606  -0.52185556 
    4000   0.91371683  0.051766974  -0.58414404 
    5000   0.88670107  0.043630672  -0.70822845 
    6000   0.92585032  0.013042773  -0.77757697 
    7000   0.90055563  0.025973729   -0.8597246 
    8000   0.93031929  0.039085397  -0.83369054 
    9000   0.91047844  0.027336801  -0.90957989 
   10000   0.89495388  0.024322206   -1.0456831 
   11000   0.92119945  0.029621621    -1.095392 
   12000   0.90086033 -0.0059726046   -1.0457191 
   13000   0.90454545 -0.015186622   -1.0597528 
   14000   0.91222046 -0.017193067   -1.0618921 
   15000   0.89637052  0.061055231   -1.1818389 
   16000   0.91673762  0.034189867   -1.2592413 
   17000   0.86724063  0.030208763   -1.3283784 
   18000    0.8731566  0.016297552   -1.2753225 
   19000   0.89606492  0.032107486   -1.1744639 
   20000   0.90917263 -0.0088493755   -1.1666204 
   21000   0.88329465 -0.002338792     -1.29049 
   22000   0.89958462  0.012514187   -1.2621461 
   23000   0.89943712 0.0089194811    -1.211267 
   24000   0.93961246 -0.0027566944   -1.2363256 
   25000   0.84533463  0.052569696   -1.3276712 
   26000   0.90429156  0.054810993   -1.2451537 
   27000   0.90990062  0.040703014   -1.2365452 
   28000   0.88800827   0.02827374   -1.3003614 
   29000    0.8733466  0.056014618   -1.3355123 
   30000    0.8826083   0.01143903    -1.435054 
   31000   0.94054743 0.0074391879   -1.4267578 
   32000   0.92357778  0.024088196   -1.2898499 
   33000   0.90598678  0.040462941   -1.3414481 
   34000   0.88885591 -0.003619153   -1.4206273 
   35000   0.90507253  0.019363065   -1.4263258 
   36000   0.87431022  0.028986546   -1.4493125 
   37000   0.91637646 -0.0016248175   -1.3624912 
   38000   0.91228753  0.027126287   -1.3466434 
   39000    0.8921628  0.010408173   -1.3772275 
   40000   0.91609244  0.012998713   -1.3163886 
   41000   0.87799552 -0.00052494226   -1.4291604 
   42000   0.87304341  0.038090425   -1.4638876 
   43000   0.88539157  0.029933213    -1.410248 
   44000    0.9135665  0.038187782   -1.3750372 
   45000   0.92436232 0.0091551987   -1.4431398 
   46000   0.90459102  0.033801192   -1.3829243 
   47000   0.90241449  0.050167424   -1.3256342 
   48000   0.90900084  0.048072708    -1.331226 
   49000   0.88332688  0.096640413   -1.3638234 
   50000   0.88439862  0.028223649   -1.4358295 
Loop time of 19.0542 on 1 procs for 50000 steps with 1331 atoms

Performance: 906885.212 tau/day, 2624.089 timesteps/s
99.9% CPU use with 1 MPI tasks x no OpenMP threads

MPI task timing breakdown:
Section |  min time  |  avg time  |  max time  |%varavg| %total
---------------------------------------------------------------
Pair    | 14.447     | 14.447     | 14.447     |   0.0 | 75.82
Neigh   | 3.1144     | 3.1144     | 3.1144     |   0.0 | 16.35
Comm    | 0.5197     | 0.5197     | 0.5197     |   0.0 |  2.73
Output  | 0.017334   | 0.017334   | 0.017334   |   0.0 |  0.09
Modify  | 0.84355    | 0.84355    | 0.84355    |   0.0 |  4.43
Other   |            | 0.112      |            |       |  0.59

Nlocal:    1331 ave 1331 max 1331 min
Histogram: 1 0 0 0 0 0 0 0 0 0
Nghost:    2244 ave 2244 max 2244 min
Histogram: 1 0 0 0 0 0 0 0 0 0
Neighs:    25863 ave 25863 max 25863 min
Histogram: 1 0 0 0 0 0 0 0 0 0

Total # of neighbors = 25863
Ave neighs/atom = 19.4313
Neighbor list builds = 2500
Dangerous builds not checked

write_restart NVT/sim1/T_0.90__v_4.10/end1.restart
Total wall time: 0:00:19
