run 50000
Neighbor list info ...
  update every 20 steps, delay 0 steps, check no
  max neighbors/atom: 2000, page size: 100000
  master list distance cutoff = 2.8
  ghost atom cutoff = 2.8
  binsize = 1.4, bins = 16 16 16
  1 neighbor lists, perpetual/occasional/extra = 1 0 0
  (1) pair lj/cut, perpetual
      attributes: half, newton on
      pair build: half/bin/atomonly/newton
      stencil: half/bin/3d/newton
      bin: standard
Per MPI rank memory allocation (min/avg/max) = 2.7 | 2.7 | 2.7 Mbytes
Step Temp Press Volume Density PotEng KinEng TotEng 
       0          0.3 -0.0079383306        10648        0.125  -0.13561964   0.44966191   0.31404227 
    1000   0.69945366 0.00037820041     7567.681   0.17587951   -1.4164453    1.0483922   -0.3680531 
    2000    0.6173045 -0.084677745    5448.2898   0.24429684   -2.4060315   0.92526107   -1.4807704 
    3000   0.60712574 -0.070658403    4004.9914    0.3323353   -3.5717107    0.9100044   -2.6617063 
    4000   0.49594925    -0.108229    3037.6571   0.43816663   -4.4513589   0.74336495   -3.7079939 
    5000   0.40731266  -0.10296621    2390.2028    0.5568565   -5.0711092   0.61050995   -4.4605993 
    6000   0.34614568 -0.095689818    1998.6049   0.66596453   -5.4630705   0.51882843   -4.9442421 
    7000   0.31629405 -0.020154354    1723.4287    0.7722977   -5.7387687   0.47408462   -5.2646841 
    8000    0.3154093  0.095407497    1538.8737   0.86491831   -5.9454936   0.47275849   -5.4727351 
    9000   0.30669678   0.13330914    1445.1278   0.92102579   -6.1147123   0.45969952   -5.6550128 
   10000    0.2916325  0.074493332    1409.7758   0.94412176   -6.2342507   0.43712009   -5.7971307 
   11000   0.29044654   0.11378772    1394.6052   0.95439197   -6.2902316   0.43534248   -5.8548891 
   12000   0.30470466  0.083240511    1395.2521   0.95394949   -6.2926456   0.45671359    -5.835932 
   13000   0.29745459   0.15951573    1394.7081   0.95432155    -6.285009   0.44584666   -5.8391623 
   14000   0.29862863  0.065822852    1390.0491   0.95752014   -6.3280275    0.4476064   -5.8804211 
   15000   0.29205551  0.086277318    1391.2395   0.95670087   -6.3106146   0.43775413   -5.8728605 
   16000   0.30521124   0.14016009     1390.666   0.95709535   -6.3133545    0.4574729   -5.8558816 
   17000   0.29708667   0.21852439    1386.2066   0.96017436   -6.3287873    0.4452952   -5.8834921 
   18000   0.29136607  0.033306687    1389.7347   0.95773675   -6.3347112   0.43672074   -5.8979905 
   19000   0.30021027  -0.13948659    1396.7309   0.95293943   -6.3198178   0.44997707   -5.8698407 
   20000   0.29581907   0.18592871     1386.962   0.95965139   -6.3245931   0.44339523   -5.8811979 
   21000   0.29768971   0.17879986    1383.2515   0.96222558    -6.354104   0.44619907   -5.9079049 
   22000   0.29944801  0.069503457    1388.1416   0.95883592   -6.3391991   0.44883454   -5.8903646 
   23000   0.29935051  0.041810417    1389.8397    0.9576644    -6.331816    0.4486884   -5.8831276 
   24000   0.29441234  0.018585273    1388.9354   0.95828791   -6.3440268   0.44128672     -5.90274 
   25000   0.30218056   0.18333125    1383.0794   0.96234536   -6.3575758   0.45293028   -5.9046455 
   26000   0.29327599   0.21291447    1386.7353   0.95980826   -6.3254526   0.43958347   -5.8858691 
   27000   0.30038644   0.25698616     1382.497   0.96275074   -6.3448083   0.45024114   -5.8945672 
   28000   0.30622091   0.25920006    1379.3562   0.96494289   -6.3701231   0.45898627   -5.9111369 
   29000   0.30990718  0.065389262    1386.9322   0.95967201   -6.3546628   0.46451152   -5.8901513 
   30000   0.29990438   0.02475828    1390.1044   0.95748203   -6.3338724   0.44951859   -5.8843538 
   31000   0.28926469  0.086705649    1386.0374   0.96029157   -6.3470741   0.43357104   -5.9135031 
   32000   0.29508925   0.20518063    1381.3746   0.96353298   -6.3580018   0.44230131   -5.9157005 
   33000   0.31206159    0.1225554    1383.6344   0.96195934   -6.3622307   0.46774069     -5.89449 
   34000   0.30404911  0.054187336    1385.7104   0.96051815   -6.3606751   0.45573101   -5.9049441 
   35000   0.29109538  0.052412524    1382.3862   0.96282791   -6.3842713   0.43631502   -5.9479563 
   36000   0.29114398  0.059083021    1383.6408   0.96195486   -6.3660337   0.43638785   -5.9296459 
   37000   0.31927034   0.33789589    1377.0523   0.96655734    -6.371411    0.4785457   -5.8928653 
   38000      0.29627     0.151864    1378.2098   0.96574555    -6.392791   0.44407111   -5.9487199 
   39000   0.29392052 -0.054799747    1381.8462   0.96320418   -6.3998477   0.44054954   -5.9592982 
   40000   0.30672104  0.043071089    1384.2487   0.96153243   -6.3708006   0.45973589   -5.9110647 
   41000    0.2980361   0.20527148    1378.0858   0.96583248   -6.3838924   0.44671827   -5.9371741 
   42000   0.29038211   0.21695307    1374.9253   0.96805257   -6.4033822   0.43524591   -5.9681363 
   43000    0.3035319  0.037195607    1382.3658   0.96284209   -6.3872373   0.45495578   -5.9322815 
   44000   0.30230239   0.11823228    1377.1559   0.96648461   -6.4054576    0.4531129   -5.9523447 
   45000    0.2920878  0.073743082     1372.319   0.96989111   -6.4479569   0.43780253   -6.0101544 
   46000   0.31120051  0.011140758    1375.0429   0.96796982   -6.4364651   0.46645005   -5.9700151 
   47000    0.3074481 0.0043320085    1379.1553   0.96508345   -6.4155631   0.46082567   -5.9547375 
   48000   0.30050354  0.041108066    1371.7894   0.97026555    -6.462391   0.45041666   -6.0119744 
   49000   0.29983781    0.3017392     1365.459   0.97476383   -6.4514955    0.4494188   -6.0020767 
   50000   0.31336069   0.23779216    1371.4051   0.97053747   -6.4294436   0.46968789   -5.9597557 
Loop time of 41.0246 on 1 procs for 50000 steps with 1331 atoms

Performance: 421210.922 tau/day, 1218.782 timesteps/s
99.9% CPU use with 1 MPI tasks x no OpenMP threads

MPI task timing breakdown:
Section |  min time  |  avg time  |  max time  |%varavg| %total
---------------------------------------------------------------
Pair    | 33.077     | 33.077     | 33.077     |   0.0 | 80.63
Neigh   | 4.9279     | 4.9279     | 4.9279     |   0.0 | 12.01
Comm    | 0.72617    | 0.72617    | 0.72617    |   0.0 |  1.77
Output  | 0.026989   | 0.026989   | 0.026989   |   0.0 |  0.07
Modify  | 2.0497     | 2.0497     | 2.0497     |   0.0 |  5.00
Other   |            | 0.2169     |            |       |  0.53

Nlocal:    1331 ave 1331 max 1331 min
Histogram: 1 0 0 0 0 0 0 0 0 0
Nghost:    3177 ave 3177 max 3177 min
Histogram: 1 0 0 0 0 0 0 0 0 0
Neighs:    56978 ave 56978 max 56978 min
Histogram: 1 0 0 0 0 0 0 0 0 0

Total # of neighbors = 56978
Ave neighs/atom = 42.8084
Neighbor list builds = 2500
Dangerous builds not checked

write_restart lattice_11_11_11__2_2_2/sim1/T_0.30__P_0.10/end1.restart
Total wall time: 0:00:41
