run 50000
Neighbor list info ...
  update every 20 steps, delay 0 steps, check no
  max neighbors/atom: 2000, page size: 100000
  master list distance cutoff = 2.8
  ghost atom cutoff = 2.8
  binsize = 1.4, bins = 16 16 16
  1 neighbor lists, perpetual/occasional/extra = 1 0 0
  (1) pair lj/cut, perpetual
      attributes: half, newton on
      pair build: half/bin/atomonly/newton
      stencil: half/bin/3d/newton
      bin: standard
Per MPI rank memory allocation (min/avg/max) = 2.7 | 2.7 | 2.7 Mbytes
Step Temp Press Volume Density PotEng KinEng TotEng 
       0          0.6  0.029533495        10648        0.125  -0.13561964   0.89932382   0.76370418 
    1000    1.1119635   0.11291999     5736.493   0.23202329   -1.4469201    1.6666921   0.21977194 
    2000   0.92735689  0.048000626     3773.581   0.35271537   -2.3196733    1.3899902  -0.92968306 
    3000   0.88518608   -0.1029648    2643.5652   0.50348674   -3.3673866    1.3267815    -2.040605 
    4000   0.79633615  0.058407419    1969.5887   0.67577561   -4.2148965    1.1936068   -3.0212898 
    5000   0.76430747   0.42710772    1647.6977   0.80779381   -4.9785554    1.1455998   -3.8329555 
    6000   0.64916438   0.67026514    1543.4007   0.86238138   -5.3892776   0.97301497   -4.4162626 
    7000   0.58101919   0.74571676    1498.7251   0.88808817   -5.5982171     0.870874   -4.7273431 
    8000   0.57441004   0.88771553    1494.3565   0.89068439   -5.5880816   0.86096771   -4.7271139 
    9000    0.6219722   0.83090932    1513.3281   0.87951845   -5.4891529   0.93225736   -4.5568956 
   10000   0.61694212   0.78074008    1513.6642   0.87932318   -5.5139041    0.9247179   -4.5891862 
   11000   0.58511563   0.86345324    1498.2881   0.88834716   -5.5666557   0.87701403   -4.6896417 
   12000   0.57648145   0.85293005    1507.2905   0.88304144   -5.5214875   0.86407249   -4.6574151 
   13000   0.58531929   0.80281762    1515.7487   0.87811388   -5.4915792    0.8773193   -4.6142599 
   14000   0.59471062   0.86883547    1505.9796   0.88381011   -5.5216363   0.89139571   -4.6302406 
   15000   0.62067413   0.67848941    1503.3194   0.88537404    -5.593673   0.93031171   -4.6633613 
   16000   0.59198784   0.73560829    1504.2691   0.88481509   -5.5673626   0.88731461    -4.680048 
   17000   0.61113373    1.0073409    1496.6994   0.88929012   -5.5505346   0.91601186   -4.6345227 
   18000   0.61030197   0.97665743    1499.7903   0.88745742   -5.5487303   0.91476516   -4.6339652 
   19000   0.58675215   0.79514854    1505.3488   0.88418047   -5.5526152   0.87946698   -4.6731482 
   20000   0.60077722   0.85038465    1501.3096    0.8865593   -5.5664059   0.90048877   -4.6659171 
   21000   0.60790976   0.86841396    1505.0593   0.88435055   -5.5393555   0.91117955    -4.628176 
   22000   0.60160411   0.99242709    1504.0849   0.88492344   -5.5089138   0.90172817   -4.6071856 
   23000   0.57780041   0.88588252    1509.6469    0.8816631    -5.516482   0.86604944   -4.6504326 
   24000   0.59792681   0.70743107     1508.154   0.88253585   -5.5523357   0.89621637   -4.6561194 
   25000   0.59298368   0.78567551    1505.2143   0.88425949   -5.5512473   0.88880725     -4.66244 
   26000   0.59722228   0.96461979    1505.4456   0.88412364   -5.5209629   0.89516037   -4.6258026 
   27000   0.58023661   0.59805675    1521.5564   0.87476221   -5.5023397   0.86970101   -4.6326387 
   28000   0.60956811    0.5641806    1512.2015   0.88017372   -5.5548487    0.9136652   -4.6411835 
   29000   0.59541549   0.89691252    1500.3775   0.88711006   -5.5569873   0.89245221   -4.6645351 
   30000   0.59974549   0.87862264    1504.4093   0.88473263   -5.5467417   0.89894234   -4.6477993 
   31000    0.5975415   0.71008574     1507.512   0.88291173   -5.5528256   0.89563884   -4.6571867 
   32000   0.59234309   0.83142166    1503.0191   0.88555095   -5.5540745   0.88784708   -4.6662274 
   33000   0.60793605   0.85586575    1507.5304   0.88290093   -5.5379267   0.91121894   -4.6267078 
   34000   0.61721285   0.77689161    1512.0489   0.88026251   -5.5302276   0.92512369   -4.6051039 
   35000   0.59452331   0.58077426    1514.2725   0.87896996   -5.5431569   0.89111496    -4.652042 
   36000   0.58952717   0.59526877    1510.4464   0.88119644   -5.5551286   0.88362637   -4.6715023 
   37000   0.62104676   0.90034315    1500.8546   0.88682805   -5.5538905   0.93087023   -4.6230202 
   38000   0.61314706   0.76238413    1510.0726   0.88141457   -5.5336569   0.91902958   -4.6146273 
   39000   0.59413773   0.73414222    1507.7324   0.88278265    -5.546124   0.89053702    -4.655587 
   40000   0.59439711   0.82227615    1500.1695    0.8872331   -5.5734189   0.89092579   -4.6824931 
   41000   0.58405732   0.90791232    1512.9507   0.87973784   -5.4892344   0.87542777   -4.6138066 
   42000   0.60325949   0.71512178    1518.0058   0.87680825   -5.4978425   0.90420937   -4.5936331 
   43000   0.59336888   0.93409747     1501.705    0.8863259   -5.5399945   0.88938461   -4.6506098 
   44000    0.6140996   0.92232339    1495.2501   0.89015207   -5.5827809   0.92045733   -4.6623236 
   45000   0.58333939   0.69960419    1511.6224   0.88051091   -5.5313158   0.87435168   -4.6569642 
   46000   0.59306856   0.69627097     1519.154   0.87614554   -5.4994371   0.88893447   -4.6105026 
   47000   0.61300775   0.88213971    1501.2472   0.88659616   -5.5565775   0.91882078   -4.6377567 
   48000   0.58478457   0.78294402    1502.5439   0.88583103   -5.5609607   0.87651782   -4.6844428 
   49000   0.58982207   0.74727338    1511.3496   0.88066985    -5.521196    0.8840684   -4.6371276 
   50000   0.59240393   0.76074761    1515.2613   0.87839632   -5.5045436   0.88793827   -4.6166054 
Loop time of 38.8475 on 1 procs for 50000 steps with 1331 atoms

Performance: 444816.764 tau/day, 1287.086 timesteps/s
99.9% CPU use with 1 MPI tasks x no OpenMP threads

MPI task timing breakdown:
Section |  min time  |  avg time  |  max time  |%varavg| %total
---------------------------------------------------------------
Pair    | 31.319     | 31.319     | 31.319     |   0.0 | 80.62
Neigh   | 4.5368     | 4.5368     | 4.5368     |   0.0 | 11.68
Comm    | 0.72219    | 0.72219    | 0.72219    |   0.0 |  1.86
Output  | 0.025167   | 0.025167   | 0.025167   |   0.0 |  0.06
Modify  | 2.0299     | 2.0299     | 2.0299     |   0.0 |  5.23
Other   |            | 0.2148     |            |       |  0.55

Nlocal:    1331 ave 1331 max 1331 min
Histogram: 1 0 0 0 0 0 0 0 0 0
Nghost:    3025 ave 3025 max 3025 min
Histogram: 1 0 0 0 0 0 0 0 0 0
Neighs:    51835 ave 51835 max 51835 min
Histogram: 1 0 0 0 0 0 0 0 0 0

Total # of neighbors = 51835
Ave neighs/atom = 38.9444
Neighbor list builds = 2500
Dangerous builds not checked

write_restart lattice_11_11_11__2_2_2/sim1/T_0.60__P_0.80/end1.restart
Total wall time: 0:00:38
