run 50000
Neighbor list info ...
  update every 20 steps, delay 0 steps, check no
  max neighbors/atom: 2000, page size: 100000
  master list distance cutoff = 2.8
  ghost atom cutoff = 2.8
  binsize = 1.4, bins = 8 8 8
  1 neighbor lists, perpetual/occasional/extra = 1 0 0
  (1) pair lj/cut, perpetual
      attributes: half, newton on
      pair build: half/bin/atomonly/newton
      stencil: half/bin/3d/newton
      bin: standard
Per MPI rank memory allocation (min/avg/max) = 2.797 | 2.797 | 2.797 Mbytes
Step Temp Press TotEng 
       0          1.2     105.9798    14.915539 
    1000    2.9556943    22.550476    1.5357539 
    2000      1.52429    12.347289   -2.3906947 
    3000    1.0754939    9.4610567   -3.5256858 
    4000     1.185361    10.047645   -3.2669283 
    5000    1.3091529    10.838923   -2.9477107 
    6000     1.116584    10.036444   -3.3571339 
    7000    1.1819698    10.233946   -3.2510633 
    8000    1.2682201    10.854605   -3.0037253 
    9000    1.1794514    9.8554227   -3.3162363 
   10000    1.1768546    10.010272   -3.2880422 
   11000     1.291815    10.541201   -3.0335429 
   12000    1.1487445    10.223617   -3.2787367 
   13000    1.2228978    9.7096957   -3.2767648 
   14000     1.254484    10.465991   -3.0895036 
   15000    1.1880405    10.172234   -3.2319596 
   16000    1.1870258    10.181271   -3.2486898 
   17000    1.2645621    10.296736   -3.1253171 
   18000    1.2000636    10.018155   -3.2563591 
   19000    1.2158535    10.076914   -3.2252304 
   20000    1.2242313    10.662529   -3.1008424 
   21000    1.1956248    9.9695353   -3.2794789 
   22000    1.1679627    10.271736   -3.2486304 
   23000    1.2506605    10.501985     -3.09949 
   24000    1.1782985    10.276037   -3.2435615 
   25000    1.1958023    10.107144   -3.2434399 
   26000    1.2298381    10.558224   -3.1062259 
   27000    1.2417786    9.8640509   -3.2315041 
   28000    1.1310218    10.242423   -3.3051085 
   29000    1.2279706    10.683354   -3.0886049 
   30000    1.2058953    10.363811   -3.1844766 
   31000    1.1728522    9.8497982   -3.3264452 
   32000    1.2350397    10.473243   -3.1270894 
   33000    1.2126291    10.396284   -3.1630777 
   34000    1.1513763    9.9589686   -3.3248507 
   35000    1.1997296    10.669664   -3.1308205 
   36000    1.2206711    10.627063   -3.1068428 
   37000    1.1721009     9.939097   -3.3061758 
   38000    1.2119592    10.310714   -3.1815984 
   39000    1.2315847    10.620471   -3.0976382 
   40000    1.1339157    10.307657   -3.2962792 
   41000    1.1984267    10.386772   -3.1943595 
   42000    1.2230743    10.460373   -3.1557086 
   43000    1.1633621    10.373075   -3.2369627 
   44000    1.2080707    10.312904   -3.1823611 
   45000     1.213613    10.448568   -3.1601491 
   46000    1.1737655    10.282451   -3.2495716 
   47000    1.2041169    10.213637   -3.2110311 
   48000    1.2171989    10.500565   -3.1472065 
   49000    1.1711455    10.135544   -3.2734521 
   50000    1.2186951    10.045435   -3.2191091 
Loop time of 43.04 on 1 procs for 50000 steps with 1331 atoms

Performance: 401487.017 tau/day, 1161.710 timesteps/s
100.0% CPU use with 1 MPI tasks x no OpenMP threads

MPI task timing breakdown:
Section |  min time  |  avg time  |  max time  |%varavg| %total
---------------------------------------------------------------
Pair    | 35.958     | 35.958     | 35.958     |   0.0 | 83.54
Neigh   | 5.2021     | 5.2021     | 5.2021     |   0.0 | 12.09
Comm    | 0.75679    | 0.75679    | 0.75679    |   0.0 |  1.76
Output  | 0.027205   | 0.027205   | 0.027205   |   0.0 |  0.06
Modify  | 0.86305    | 0.86305    | 0.86305    |   0.0 |  2.01
Other   |            | 0.2333     |            |       |  0.54

Nlocal:    1331 ave 1331 max 1331 min
Histogram: 1 0 0 0 0 0 0 0 0 0
Nghost:    3238 ave 3238 max 3238 min
Histogram: 1 0 0 0 0 0 0 0 0 0
Neighs:    59831 ave 59831 max 59831 min
Histogram: 1 0 0 0 0 0 0 0 0 0

Total # of neighbors = 59831
Ave neighs/atom = 44.9519
Neighbor list builds = 2500
Dangerous builds not checked

write_restart NVT/sim1/T_1.20__v_0.73/end1.restart
Total wall time: 0:00:43
