run 50000
Neighbor list info ...
  update every 20 steps, delay 0 steps, check no
  max neighbors/atom: 2000, page size: 100000
  master list distance cutoff = 2.8
  ghost atom cutoff = 2.8
  binsize = 1.4, bins = 16 16 16
  1 neighbor lists, perpetual/occasional/extra = 1 0 0
  (1) pair lj/cut, perpetual
      attributes: half, newton on
      pair build: half/bin/atomonly/newton
      stencil: half/bin/3d/newton
      bin: standard
Per MPI rank memory allocation (min/avg/max) = 2.7 | 2.7 | 2.7 Mbytes
Step Temp Press Volume Density PotEng KinEng TotEng 
       0          1.9   0.19191141        10648        0.125  -0.13561964    2.8478588    2.7122391 
    1000    2.4251903   0.44549227    7135.8243   0.18652365  -0.95516985    3.6350523    2.6798824 
    2000      2.12706   0.50613462    5472.2302   0.24322807   -1.2454859    3.1881928    1.9427069 
    3000    1.9735518     0.581043    4430.0898   0.30044538   -1.5899876    2.9581036    1.3681159 
    4000      1.92622   0.69512901    3744.7573   0.35543024   -1.8768124    2.8871592    1.0103467 
    5000    1.9294725   0.83989077    3288.9017   0.40469437   -2.1790755    2.8920343   0.71295877 
    6000    1.9053129    1.0327048    3013.6582   0.44165592   -2.3543875    2.8558221   0.50143463 
    7000    1.8551007    1.2004729    2838.8654   0.46884928   -2.4188836    2.7805604   0.36167677 
    8000    1.8843543    1.0291746    2775.6561   0.47952626   -2.5572115    2.8244078   0.26719626 
    9000    1.9204341    1.0116494    2761.9173    0.4819116   -2.5840905    2.8784868   0.29439635 
   10000     1.894441    1.0798785    2790.9172   0.47690416   -2.5249492    2.8395265   0.31457734 
   11000    1.9072046     1.035607    2824.7818   0.47118684     -2.51029    2.8586575   0.34836754 
   12000    1.9086617    1.0845778    2809.4296   0.47376164   -2.5182759    2.8608415   0.34256552 
   13000    1.8977017    1.0978352    2766.2544   0.48115603   -2.5417641    2.8444139   0.30264977 
   14000    1.9011632    1.0765779    2754.5248   0.48320495   -2.5765089    2.8496022   0.27309325 
   15000    1.8449662   0.98143056    2803.7147   0.47472733   -2.5290685    2.7653701   0.23630157 
   16000    1.9970942    1.1094793    2758.5739   0.48249569   -2.5565875    2.9933907   0.43680318 
   17000    1.9158676   0.98588845    2814.1432   0.47296811   -2.5573154    2.8716423   0.31432686 
   18000    1.9230894   0.93975825    2774.3126   0.47975849   -2.6055623    2.8824668   0.27690455 
   19000    1.8961078    1.2386114    2764.3614   0.48148553   -2.5189351    2.8420248   0.32308968 
   20000    1.8598577    0.8994512    2817.2983   0.47243844   -2.5792917    2.7876905   0.20839882 
   21000    1.9455468   0.96913566    2808.0977   0.47398636   -2.5235733    2.9161276   0.39255432 
   22000    1.9484417    1.2389866    2795.0247    0.4762033   -2.4865441    2.9204666   0.43392258 
   23000    1.8379778    1.0857071     2821.762    0.4716911   -2.5039167    2.7548953   0.25097868 
   24000    1.9390879    1.0742149    2790.7432   0.47693388   -2.5342644    2.9064465   0.37218207 
   25000    1.8839212   0.98148009    2792.8756   0.47656974   -2.5651322    2.8237587   0.25862646 
   26000    1.8099266    1.0869467      2732.06   0.48717818   -2.5735162    2.7128501   0.13933394 
   27000    1.8727252    1.2128663    2759.5967   0.48231686   -2.5104183    2.8069772   0.29655889 
   28000    1.9263744    1.1470183     2775.041   0.47963256   -2.5075515    2.8873907   0.37983915 
   29000    1.8045271   0.87709584    2816.5712    0.4725604   -2.5252847    2.7047569   0.17947223 
   30000    1.9159742    1.1010048    2735.1744   0.48662345    -2.582949     2.871802   0.28885304 
   31000     1.959832     1.153009    2753.2901   0.48342164   -2.5764114    2.9375393    0.3611279 
   32000    1.9323178    1.1374254    2838.0892   0.46897752   -2.4825823     2.896299   0.41371671 
   33000     1.914614     1.100177    2819.0005   0.47215316    -2.499715    2.8697633   0.37004832 
   34000    1.8721965    1.1465833    2741.2704    0.4855413    -2.557269    2.8061849   0.24891587 
   35000    1.9275283    1.2031013    2763.9056   0.48156493   -2.5201756    2.8891201   0.36894456 
   36000    1.8965529    1.0003526    2903.4642   0.45841792   -2.4442869    2.8426919   0.39840505 
   37000    1.9274429    1.0238995    2800.3953   0.47529005   -2.5352239    2.8889922   0.35376831 
   38000    1.9349801    1.1207705    2771.7235   0.48020663   -2.5599211    2.9002894   0.34036829 
   39000    1.8421208    0.9993076    2766.0035   0.48119968   -2.5975478    2.7611052   0.16355732 
   40000    1.9647163    1.2127177    2726.9511    0.4880909   -2.5795118    2.9448602   0.36534843 
   41000    1.9710951    1.0901811    2858.5407    0.4656222   -2.4653211    2.9544213   0.48910019 
   42000    1.8992574    1.0959957    2847.2516   0.46746835   -2.4828072    2.8467456   0.36393841 
   43000    1.9098672    1.1126197    2771.8102    0.4801916    -2.534312    2.8626484   0.32833643 
   44000      1.90419    1.1011305    2772.7529   0.48002835   -2.5479407    2.8541391   0.30619837 
   45000    1.8737265    1.1283934    2787.3526   0.47751404    -2.523081    2.8084782   0.28539723 
   46000    1.9885844    1.0945408    2796.6559   0.47592555   -2.5690297    2.9806355   0.41160584 
   47000    1.8922456    1.1178132    2853.8931   0.46638047   -2.4741289    2.8362358   0.36210691 
   48000    1.8518763    1.0495107    2834.1839   0.46962372   -2.5093155    2.7757274    0.2664119 
   49000    1.9606648    1.1845345    2742.0544   0.48540247   -2.5769539    2.9387876    0.3618337 
   50000    1.8816193     1.076126    2736.9319   0.48631097   -2.6189477    2.8203084   0.20136071 
Loop time of 29.1564 on 1 procs for 50000 steps with 1331 atoms

Performance: 592665.411 tau/day, 1714.888 timesteps/s
99.8% CPU use with 1 MPI tasks x no OpenMP threads

MPI task timing breakdown:
Section |  min time  |  avg time  |  max time  |%varavg| %total
---------------------------------------------------------------
Pair    | 21.816     | 21.816     | 21.816     |   0.0 | 74.82
Neigh   | 4.034      | 4.034      | 4.034      |   0.0 | 13.84
Comm    | 0.73235    | 0.73235    | 0.73235    |   0.0 |  2.51
Output  | 0.026438   | 0.026438   | 0.026438   |   0.0 |  0.09
Modify  | 2.3935     | 2.3935     | 2.3935     |   0.0 |  8.21
Other   |            | 0.1539     |            |       |  0.53

Nlocal:    1331 ave 1331 max 1331 min
Histogram: 1 0 0 0 0 0 0 0 0 0
Nghost:    2284 ave 2284 max 2284 min
Histogram: 1 0 0 0 0 0 0 0 0 0
Neighs:    29294 ave 29294 max 29294 min
Histogram: 1 0 0 0 0 0 0 0 0 0

Total # of neighbors = 29294
Ave neighs/atom = 22.009
Neighbor list builds = 2500
Dangerous builds not checked

write_restart lattice_11_11_11__2_2_2/sim1/T_1.90__P_1.10/end1.restart
Total wall time: 0:00:29
