run 50000
Neighbor list info ...
  update every 20 steps, delay 0 steps, check no
  max neighbors/atom: 2000, page size: 100000
  master list distance cutoff = 2.8
  ghost atom cutoff = 2.8
  binsize = 1.4, bins = 14 14 14
  1 neighbor lists, perpetual/occasional/extra = 1 0 0
  (1) pair lj/cut, perpetual
      attributes: half, newton on
      pair build: half/bin/atomonly/newton
      stencil: half/bin/3d/newton
      bin: standard
Per MPI rank memory allocation (min/avg/max) = 2.746 | 2.746 | 2.746 Mbytes
Step Temp Press TotEng 
       0          0.7 -0.070997843    0.6268771 
    1000   0.91107336  0.042597932  0.010872311 
    2000   0.77479356  0.045835342   -0.5484558 
    3000   0.72148964 -0.012883206  -0.98300814 
    4000   0.72410021  0.015260751    -1.344471 
    5000   0.71691872 -0.010254406   -1.6419497 
    6000   0.69733742  0.032508464    -1.932098 
    7000   0.71806842 -0.068637941   -2.2249448 
    8000   0.68439287 -0.052378192   -2.4801481 
    9000    0.7107926  0.034423559   -2.6088764 
   10000   0.73213462 -0.014281127   -2.6703232 
   11000   0.69725988 -0.050872751   -2.7423867 
   12000   0.68746858  0.011902094   -2.7802227 
   13000   0.72466987  0.004494316   -2.7629095 
   14000   0.69377087 -0.014901561   -2.7577307 
   15000   0.71495817 -0.011543461   -2.7527381 
   16000   0.69531265   0.01761061   -2.7631832 
   17000   0.71794384    -0.036349    -2.810245 
   18000   0.69073556 -0.027443209   -2.8059942 
   19000   0.72195134 0.0088034677   -2.7196844 
   20000   0.69945408  0.013349639   -2.7309067 
   21000   0.68587976  0.031627357   -2.7924802 
   22000   0.70543402 -0.016714747   -2.7727087 
   23000   0.70599001 -0.00067392861   -2.7014975 
   24000   0.70489147 -0.023191332   -2.7530649 
   25000   0.69521409 -0.0045447123   -2.8240792 
   26000   0.69382307 -0.050721148   -2.8262601 
   27000   0.67996041 -0.010120904   -2.8310676 
   28000   0.69700677 -0.021770903   -2.7974658 
   29000   0.72934794  -0.01298871   -2.7250736 
   30000   0.70845437 0.0095174635   -2.7673745 
   31000   0.70329058 -0.044572539    -2.806245 
   32000   0.71970172  0.012950297   -2.7806452 
   33000   0.69990147 -0.041360431   -2.7751271 
   34000   0.69517134 -0.0063105781   -2.7832768 
   35000   0.72435992 -0.050080272   -2.7157863 
   36000   0.67472829 0.0091538671   -2.7500841 
   37000   0.70054989 -0.032257782   -2.7818017 
   38000   0.70539644 -0.039540298   -2.7458549 
   39000   0.71749309 -0.036057878   -2.7126589 
   40000   0.70806303 -0.016263568   -2.7990227 
   41000   0.68068898  -0.02156372   -2.8441361 
   42000   0.68989146 -0.052001405   -2.8739152 
   43000   0.69810749  0.008672009   -2.7882448 
   44000   0.70726378 -0.034052945   -2.7553741 
   45000    0.7232626 -0.020576644    -2.709586 
   46000   0.69935568  0.026543935   -2.7269077 
   47000   0.72605474 -0.028051915   -2.7732489 
   48000   0.68268697 0.0030554028   -2.8130624 
   49000   0.69244166 -0.011722099   -2.8987417 
   50000   0.68632964 0.00092134812   -2.8316357 
Loop time of 23.0607 on 1 procs for 50000 steps with 1331 atoms

Performance: 749325.379 tau/day, 2168.187 timesteps/s
99.9% CPU use with 1 MPI tasks x no OpenMP threads

MPI task timing breakdown:
Section |  min time  |  avg time  |  max time  |%varavg| %total
---------------------------------------------------------------
Pair    | 18.477     | 18.477     | 18.477     |   0.0 | 80.12
Neigh   | 3.3337     | 3.3337     | 3.3337     |   0.0 | 14.46
Comm    | 0.28097    | 0.28097    | 0.28097    |   0.0 |  1.22
Output  | 0.023376   | 0.023376   | 0.023376   |   0.0 |  0.10
Modify  | 0.85954    | 0.85954    | 0.85954    |   0.0 |  3.73
Other   |            | 0.08625    |            |       |  0.37

Nlocal:    1331 ave 1331 max 1331 min
Histogram: 1 0 0 0 0 0 0 0 0 0
Nghost:    1038 ave 1038 max 1038 min
Histogram: 1 0 0 0 0 0 0 0 0 0
Neighs:    34236 ave 34236 max 34236 min
Histogram: 1 0 0 0 0 0 0 0 0 0

Total # of neighbors = 34236
Ave neighs/atom = 25.722
Neighbor list builds = 2500
Dangerous builds not checked

write_restart NVT/sim1/T_0.70__v_4.91/end1.restart
Total wall time: 0:00:23
