run 50000
Neighbor list info ...
  update every 20 steps, delay 0 steps, check no
  max neighbors/atom: 2000, page size: 100000
  master list distance cutoff = 2.8
  ghost atom cutoff = 2.8
  binsize = 1.4, bins = 13 13 13
  1 neighbor lists, perpetual/occasional/extra = 1 0 0
  (1) pair lj/cut, perpetual
      attributes: half, newton on
      pair build: half/bin/atomonly/newton
      stencil: half/bin/3d/newton
      bin: standard
Per MPI rank memory allocation (min/avg/max) = 2.742 | 2.742 | 2.742 Mbytes
Step Temp Press TotEng 
       0          1.9  0.097897294    2.2027858 
    1000     1.934689   0.42018033    1.6916885 
    2000    1.8666744   0.33928766    1.5462535 
    3000    1.9081263   0.42034456    1.6452795 
    4000    1.8641719   0.37930144    1.5474728 
    5000     1.936455    0.4368897    1.6920773 
    6000    1.8513552   0.35953459    1.5041217 
    7000    1.9059422   0.37880124    1.6211132 
    8000    1.8960689   0.41391072    1.6196902 
    9000    1.8605965   0.38439204    1.5506421 
   10000    1.9169989   0.39606809    1.6456138 
   11000    1.8800321   0.37696132    1.5734794 
   12000    1.8949383   0.37091251    1.6099008 
   13000    1.9076601   0.38298877    1.6227578 
   14000    1.8669528   0.39394251    1.5207027 
   15000    1.9617389    0.4498809    1.7056801 
   16000    1.8732064   0.40043696    1.5585143 
   17000    1.9431987   0.35640929      1.64135 
   18000    1.8867182   0.41790366    1.6014127 
   19000     1.884777   0.39785575    1.5596172 
   20000    1.9270169   0.40634574     1.677954 
   21000    1.9010153   0.37180016    1.5783388 
   22000    1.9340275   0.43750733    1.6521644 
   23000    1.8843509   0.43575668    1.6066744 
   24000    1.8776613   0.38203714     1.567263 
   25000    1.9232571     0.409384    1.6388706 
   26000    1.8428281   0.35545001    1.4671066 
   27000    1.9696019   0.34939494    1.6662619 
   28000     1.832925   0.32319989    1.5077845 
   29000    1.9732461   0.40881917    1.7099141 
   30000    1.8794258   0.37098006    1.5635947 
   31000    1.9450697   0.41267682    1.6250219 
   32000    1.8969574   0.38731233    1.6305386 
   33000    1.8983333   0.35220109     1.592969 
   34000    1.9145642   0.38051942    1.6122096 
   35000    1.8377828   0.42863861    1.5125799 
   36000    1.8896322   0.41692616    1.6084671 
   37000    1.9047085   0.38271813    1.6033323 
   38000    1.8282879   0.43019182    1.5245729 
   39000     1.974323   0.40483934    1.6746546 
   40000    1.8591022   0.37069867    1.5476036 
   41000     1.907168   0.41114691    1.6352427 
   42000    1.8340966   0.33472686     1.462792 
   43000       1.9252   0.34514535    1.6195289 
   44000    1.8975684   0.36466107    1.5892701 
   45000    1.8173615   0.36550363    1.4640808 
   46000    1.9712879   0.39482999    1.6988086 
   47000    1.8530399   0.39512312    1.5208518 
   48000    1.9358284   0.39433214    1.6564423 
   49000    1.9013786   0.38471702     1.611225 
   50000    1.8891328   0.38574781       1.5785 
Loop time of 13.3293 on 1 procs for 50000 steps with 1331 atoms

Performance: 1296388.200 tau/day, 3751.123 timesteps/s
99.8% CPU use with 1 MPI tasks x no OpenMP threads

MPI task timing breakdown:
Section |  min time  |  avg time  |  max time  |%varavg| %total
---------------------------------------------------------------
Pair    | 9.182      | 9.182      | 9.182      |   0.0 | 68.89
Neigh   | 2.7214     | 2.7214     | 2.7214     |   0.0 | 20.42
Comm    | 0.45761    | 0.45761    | 0.45761    |   0.0 |  3.43
Output  | 0.022853   | 0.022853   | 0.022853   |   0.0 |  0.17
Modify  | 0.84383    | 0.84383    | 0.84383    |   0.0 |  6.33
Other   |            | 0.1017     |            |       |  0.76

Nlocal:    1331 ave 1331 max 1331 min
Histogram: 1 0 0 0 0 0 0 0 0 0
Nghost:    1630 ave 1630 max 1630 min
Histogram: 1 0 0 0 0 0 0 0 0 0
Neighs:    13945 ave 13945 max 13945 min
Histogram: 1 0 0 0 0 0 0 0 0 0

Total # of neighbors = 13945
Ave neighs/atom = 10.4771
Neighbor list builds = 2500
Dangerous builds not checked

write_restart NVT/sim1/T_1.90__v_4.10/end1.restart
Total wall time: 0:00:13
