run 50000
Neighbor list info ...
  update every 20 steps, delay 0 steps, check no
  max neighbors/atom: 2000, page size: 100000
  master list distance cutoff = 2.8
  ghost atom cutoff = 2.8
  binsize = 1.4, bins = 16 16 16
  1 neighbor lists, perpetual/occasional/extra = 1 0 0
  (1) pair lj/cut, perpetual
      attributes: half, newton on
      pair build: half/bin/atomonly/newton
      stencil: half/bin/3d/newton
      bin: standard
Per MPI rank memory allocation (min/avg/max) = 2.7 | 2.7 | 2.7 Mbytes
Step Temp Press Volume Density PotEng KinEng TotEng 
       0          0.9  0.067005321        10648        0.125  -0.13561964    1.3489857    1.2133661 
    1000    1.5643611   0.34341575    5161.7359   0.25785899   -1.4293289    2.3447786   0.91544973 
    2000    1.3553331   0.33326042     3310.465   0.40205832   -2.3178522    2.0314722  -0.28637995 
    3000    1.2120015   0.53196385    2363.9054    0.5630513   -3.2333393    1.8166364   -1.4167029 
    4000    1.1372938    1.1683938    1875.1328    0.7098164   -4.0991231    1.7046589   -2.3944642 
    5000   0.98131114    1.6596157     1676.577   0.79387942    -4.642568    1.4708608   -3.1717072 
    6000   0.84943764    2.0027802     1594.822   0.83457591   -4.9114707    1.2731992   -3.6382715 
    7000   0.89531547    1.6487411     1571.447   0.84699004   -5.0892477    1.3419642   -3.7472835 
    8000   0.89735385    1.9010649    1597.4363   0.83321009   -4.9164458    1.3450195   -3.5714263 
    9000    0.9144366    1.9576609    1609.8286   0.82679611   -4.8567136    1.3706244   -3.4860892 
   10000   0.91286807    1.6722975    1594.2002   0.83490139   -4.9840195    1.3682733   -3.6157462 
   11000   0.88677657     1.767828    1582.0493   0.84131385   -5.0191436    1.3291655   -3.6899781 
   12000   0.90237496    1.7849624    1593.9719   0.83502098   -4.9533616    1.3525455   -3.6008161 
   13000      0.93457    1.5956704    1606.9534   0.82827542   -4.9374491    1.4008018   -3.5366473 
   14000   0.91124664    1.7291039    1596.1905   0.83386035   -4.9710467     1.365843   -3.6052037 
   15000   0.90474896    1.8278279    1586.9366   0.83872284   -4.9863062    1.3561038   -3.6302024 
   16000   0.87849619    1.5652418    1606.1802   0.82867414   -4.9441158    1.3167542   -3.6273615 
   17000   0.93199658    2.1041003    1582.2587   0.84120252   -4.9548348    1.3969445   -3.5578903 
   18000   0.89309798     1.523418    1597.5091   0.83317212   -4.9895769    1.3386405   -3.6509364 
   19000    0.8859002    1.8740948    1589.3639   0.83744196   -4.9572792    1.3278519   -3.6294273 
   20000   0.89675459     1.909998    1598.8242   0.83248679   -4.8987496    1.3441213   -3.5546284 
   21000   0.87978659    1.7646319    1608.8761   0.82728561   -4.8872849    1.3186884   -3.5685965 
   22000   0.90022986    1.8651488    1587.2437   0.83856058   -4.9826086    1.3493303   -3.6332783 
   23000   0.90243025    1.8898674    1584.7598    0.8398749   -4.9708494    1.3526284   -3.6182211 
   24000   0.87762043    1.6241232    1609.4621   0.82698436   -4.9160586    1.3154416    -3.600617 
   25000   0.90610411    1.9270824    1597.2322   0.83331653   -4.9241038     1.358135   -3.5659688 
   26000   0.90734759    1.8630435    1589.5745   0.83733101   -4.9656674    1.3599988   -3.6056685 
   27000    0.8721681    1.8412778    1594.8557   0.83455828   -4.9342997    1.3072692   -3.6270304 
   28000   0.90108949    1.8379207    1596.6632   0.83361352   -4.9403908    1.3506187   -3.5897721 
   29000   0.91145175    1.8008208     1586.479   0.83896478   -4.9828889    1.3661504   -3.6167384 
   30000   0.89487582    1.5482175    1599.8309   0.83196292   -4.9835988    1.3413052   -3.6422936 
   31000   0.92981767    1.7872611      1594.24   0.83488058   -4.9503508    1.3936786   -3.5566722 
   32000   0.92175263    1.5971439    1603.6732   0.82996958   -4.9729908    1.3815902   -3.5914007 
   33000   0.90614151    1.7411801    1587.6634   0.83833891   -5.0003512    1.3581911   -3.6421601 
   34000   0.91013887    1.7555644    1584.4831    0.8400216   -4.9995935    1.3641826   -3.6354109 
   35000   0.88193866    1.7305002    1604.3971   0.82959513   -4.9228778    1.3219141   -3.6009638 
   36000   0.95147134    2.0573647    1577.6504   0.84365964   -4.9845776    1.4261347   -3.5584428 
   37000   0.89399168    1.5705535    1600.2392   0.83175068   -4.9711613      1.33998   -3.6311813 
   38000   0.90306676    1.8866231    1589.7391   0.83724429   -4.9666941    1.3535824   -3.6131117 
   39000   0.89178259    1.8234713    1594.6961    0.8346418   -4.9373795    1.3366689   -3.6007106 
   40000   0.89450717    1.8289047    1594.3276   0.83483472   -4.9421522    1.3407527   -3.6013996 
   41000   0.88229939    1.6998561    1593.7213   0.83515231   -4.9713025    1.3224548   -3.6488477 
   42000   0.89996681    1.7723919    1589.8846   0.83716766   -4.9769498     1.348936   -3.6280138 
   43000   0.92591406    1.5626343    1605.5413    0.8290039   -4.9576778    1.3878276   -3.5698501 
   44000   0.89573627    2.0262697    1583.9076   0.84032679   -4.9702672    1.3425949   -3.6276723 
   45000   0.86776083    1.5847656    1595.2636   0.83434487   -4.9865874    1.3006633   -3.6859241 
   46000   0.90215483    1.9320261    1589.3753   0.83743593   -4.9582853    1.3522155   -3.6060697 
   47000    0.8868581     1.738753    1599.6563   0.83205373   -4.9470686    1.3292877   -3.6177809 
   48000   0.90477485    2.0377441    1587.3338   0.83851299   -4.9593061    1.3561426   -3.6031635 
   49000   0.86959446     1.734149    1587.7546   0.83829073   -4.9918921    1.3034117   -3.6884805 
   50000   0.91372921    1.8096865    1585.4199   0.83952521   -4.9931353    1.3695641   -3.6235712 
Loop time of 36.971 on 1 procs for 50000 steps with 1331 atoms

Performance: 467392.972 tau/day, 1352.410 timesteps/s
99.9% CPU use with 1 MPI tasks x no OpenMP threads

MPI task timing breakdown:
Section |  min time  |  avg time  |  max time  |%varavg| %total
---------------------------------------------------------------
Pair    | 29.699     | 29.699     | 29.699     |   0.0 | 80.33
Neigh   | 4.4066     | 4.4066     | 4.4066     |   0.0 | 11.92
Comm    | 0.70267    | 0.70267    | 0.70267    |   0.0 |  1.90
Output  | 0.026005   | 0.026005   | 0.026005   |   0.0 |  0.07
Modify  | 1.98       | 1.98       | 1.98       |   0.0 |  5.36
Other   |            | 0.1563     |            |       |  0.42

Nlocal:    1331 ave 1331 max 1331 min
Histogram: 1 0 0 0 0 0 0 0 0 0
Nghost:    3025 ave 3025 max 3025 min
Histogram: 1 0 0 0 0 0 0 0 0 0
Neighs:    49921 ave 49921 max 49921 min
Histogram: 1 0 0 0 0 0 0 0 0 0

Total # of neighbors = 49921
Ave neighs/atom = 37.5064
Neighbor list builds = 2500
Dangerous builds not checked

write_restart lattice_11_11_11__2_2_2/sim1/T_0.90__P_1.80/end1.restart
Total wall time: 0:00:36
