run 50000
Neighbor list info ...
  update every 20 steps, delay 0 steps, check no
  max neighbors/atom: 2000, page size: 100000
  master list distance cutoff = 2.8
  ghost atom cutoff = 2.8
  binsize = 1.4, bins = 16 16 16
  1 neighbor lists, perpetual/occasional/extra = 1 0 0
  (1) pair lj/cut, perpetual
      attributes: half, newton on
      pair build: half/bin/atomonly/newton
      stencil: half/bin/3d/newton
      bin: standard
Per MPI rank memory allocation (min/avg/max) = 2.7 | 2.7 | 2.7 Mbytes
Step Temp Press Volume Density PotEng KinEng TotEng 
       0          1.9   0.19191141        10648        0.125  -0.13561964    2.8478588    2.7122391 
    1000    2.2802716   0.40899728    7861.5054     0.169306  -0.85807748    3.4178377    2.5597602 
    2000    2.0595817   0.39699715    6373.0023   0.20884976   -1.1369668    3.0870515    1.9500847 
    3000    1.9453389   0.40940876     5360.017   0.24832011   -1.3616396     2.915816    1.5541765 
    4000    1.9559248   0.45911261    4675.3912   0.28468206   -1.5977007    2.9316829    1.3339822 
    5000    1.9107962   0.54689959    4212.4747   0.31596629   -1.7224484    2.8640409    1.1415925 
    6000    1.9027276    0.6304961    3904.3765    0.3408995   -1.8381081    2.8519471     1.013839 
    7000    1.9048342   0.68831921    3698.7809    0.3598483   -1.9529743    2.8551046   0.90213039 
    8000    1.8740468   0.75733209    3605.6605    0.3691418   -1.9265725    2.8089582   0.88238567 
    9000    1.8746878   0.69034586     3573.484   0.37246564   -2.0070678     2.809919    0.8028512 
   10000    1.9154832   0.65157348    3547.5787   0.37518548   -1.9983151    2.8710662   0.87275109 
   11000    1.8927734   0.66152395    3660.1681    0.3636445   -1.9442513     2.837027   0.89277572 
   12000    1.9414002   0.64322746    3661.6785    0.3634945    -1.942712    2.9099124   0.96720047 
   13000    1.8488396   0.80677925    3562.9368   0.37356823   -1.9637092    2.7711758   0.80746662 
   14000    1.8665404   0.65865472    3504.7716   0.37976797   -2.0632439     2.797707   0.73446312 
   15000    1.8704772   0.79121793    3452.4182   0.38552688   -2.0212134    2.8036078   0.78239437 
   16000     1.828521   0.79057013    3541.2164   0.37585955   -1.9923322    2.7407208   0.74838855 
   17000    1.8847617   0.69331905    3669.7764    0.3626924   -1.9169242    2.8250184   0.90809424 
   18000    1.9232589   0.71682518    3634.7526   0.36618724   -1.9555354    2.8827209   0.92718553 
   19000    1.8824212   0.76321626    3477.9789   0.38269352   -2.0338939    2.8215103   0.78761645 
   20000    1.8460674   0.71889798     3487.526    0.3816459   -2.0274001    2.7670206   0.73962055 
   21000     1.870918   0.68023276    3604.5934   0.36925108   -1.9975007    2.8042685   0.80676778 
   22000    1.9443846    0.7238754    3592.5828   0.37048554   -2.0078906    2.9143856   0.90649504 
   23000    1.8907982   0.69860318    3631.6267   0.36650242   -1.9611763    2.8340664   0.87289013 
   24000    1.9091915   0.58101987    3649.7521    0.3646823   -1.9842444    2.8616357   0.87739126 
   25000    1.9466032   0.73733242    3586.0547   0.37115999   -1.9426463     2.917711   0.97506478 
   26000    1.8422101   0.68525327     3604.877   0.36922203    -1.964474    2.7612391   0.79676505 
   27000    1.9134352   0.76711919    3582.4743   0.37153092   -1.9691369    2.8679964   0.89885957 
   28000     1.903032   0.75497826    3656.9547   0.36396404   -1.9196788    2.8524034   0.93272456 
   29000    1.8713975   0.62707799    3726.0489   0.35721485   -1.9071069    2.8049872   0.89788029 
   30000    2.0156035   0.77504847    3609.5588   0.36874312   -1.9511515    3.0211337    1.0699822 
   31000    1.8564245   0.69233711    3662.4528   0.36341765   -1.9721292    2.7825445   0.81041536 
   32000    1.9669823   0.62349189    3593.3517   0.37040627    -2.007471    2.9482568   0.94078578 
   33000    1.8618121   0.63635974    3629.3689   0.36673043   -1.9884347      2.79062   0.80218526 
   34000    1.9403212   0.78068998    3537.5469   0.37624943    -1.981013    2.9082952   0.92728218 
   35000    1.8603446   0.75118012    3596.7555   0.37005574   -1.9917423    2.7884204   0.79667805 
   36000    1.9201304   0.68439284     3599.707   0.36975231   -2.0011598    2.8780316   0.87687186 
   37000    1.9802159   0.62818593    3674.3571   0.36224024   -1.9524987    2.9680922    1.0155935 
   38000    1.8749698   0.55307851     3771.129   0.35294471   -1.9231603    2.8103416   0.88718129 
   39000    1.8859741   0.63684191    3550.8384   0.37484106   -2.0086694    2.8268357   0.81816638 
   40000    1.9148167   0.69603784     3516.463   0.37850533    -2.057032    2.8700671   0.81303503 
   41000    1.9313805   0.71870924    3639.1306    0.3657467   -1.9768099    2.8948942   0.91808435 
   42000    1.9386963   0.73265643    3756.6006   0.35430969   -1.8844815    2.9058595    1.0213781 
   43000    1.8588551   0.70503078    3830.3613    0.3474868   -1.8157614    2.7861878   0.97042644 
   44000    1.9821935   0.67513508    3539.8047   0.37600944   -2.0482722    2.9710563   0.92278412 
   45000    1.8607336   0.65441858    3519.3629   0.37819345    -2.004414    2.7890035   0.78458941 
   46000     1.913315   0.71881901    3579.5322    0.3718363   -1.9650186    2.8678162   0.90279765 
   47000    1.9205919   0.59425293    3665.4425   0.36312124    -1.946075    2.8787234   0.93264837 
   48000    1.8740675   0.76922112    3692.8342   0.36042777   -1.9022328    2.8089892   0.90675635 
   49000    1.9205633   0.83809693    3577.0279   0.37209662   -1.9512227    2.8786805   0.92745776 
   50000     1.838317   0.58914252    3626.0445   0.36706664   -2.0093494    2.7554038   0.74605445 
Loop time of 24.6409 on 1 procs for 50000 steps with 1331 atoms

Performance: 701271.750 tau/day, 2029.143 timesteps/s
99.9% CPU use with 1 MPI tasks x no OpenMP threads

MPI task timing breakdown:
Section |  min time  |  avg time  |  max time  |%varavg| %total
---------------------------------------------------------------
Pair    | 17.586     | 17.586     | 17.586     |   0.0 | 71.37
Neigh   | 3.7766     | 3.7766     | 3.7766     |   0.0 | 15.33
Comm    | 0.66732    | 0.66732    | 0.66732    |   0.0 |  2.71
Output  | 0.027745   | 0.027745   | 0.027745   |   0.0 |  0.11
Modify  | 2.4371     | 2.4371     | 2.4371     |   0.0 |  9.89
Other   |            | 0.1458     |            |       |  0.59

Nlocal:    1331 ave 1331 max 1331 min
Histogram: 1 0 0 0 0 0 0 0 0 0
Nghost:    1955 ave 1955 max 1955 min
Histogram: 1 0 0 0 0 0 0 0 0 0
Neighs:    22412 ave 22412 max 22412 min
Histogram: 1 0 0 0 0 0 0 0 0 0

Total # of neighbors = 22412
Ave neighs/atom = 16.8385
Neighbor list builds = 2500
Dangerous builds not checked

write_restart lattice_11_11_11__2_2_2/sim1/T_1.90__P_0.70/end1.restart
Total wall time: 0:00:24
