run 50000
Neighbor list info ...
  update every 20 steps, delay 0 steps, check no
  max neighbors/atom: 2000, page size: 100000
  master list distance cutoff = 2.8
  ghost atom cutoff = 2.8
  binsize = 1.4, bins = 13 13 13
  1 neighbor lists, perpetual/occasional/extra = 1 0 0
  (1) pair lj/cut, perpetual
      attributes: half, newton on
      pair build: half/bin/atomonly/newton
      stencil: half/bin/3d/newton
      bin: standard
Per MPI rank memory allocation (min/avg/max) = 2.742 | 2.742 | 2.742 Mbytes
Step Temp Press TotEng 
       0          1.3 -0.038933982     1.303462 
    1000    1.4039842   0.23364614   0.75035816 
    2000    1.2655886   0.16719227   0.45236556 
    3000     1.320648   0.18713198   0.48539222 
    4000    1.2819982   0.17434255   0.51734751 
    5000    1.3219445   0.18077148   0.54148551 
    6000    1.2948305    0.1995726   0.52510675 
    7000     1.283762    0.1813103   0.46204748 
    8000    1.2743822   0.18951199   0.48826927 
    9000     1.330902   0.16664038   0.56153402 
   10000     1.297352   0.15590859    0.4959537 
   11000    1.3330346   0.19165756     0.572428 
   12000    1.2776442    0.1666356   0.52791638 
   13000    1.3159477   0.19603226   0.54807486 
   14000    1.2325086   0.16063283   0.42771735 
   15000    1.3027709   0.16337989   0.54257467 
   16000    1.2752941   0.17689687   0.48613735 
   17000    1.3189283   0.20375457   0.53067327 
   18000    1.3117798   0.21079752   0.54433406 
   19000    1.2765744   0.15619453    0.4749436 
   20000    1.3651502   0.18398407   0.61175635 
   21000    1.2977064   0.18573969   0.51632493 
   22000    1.3115127   0.21260858   0.52234449 
   23000    1.3094015   0.16555231   0.51275066 
   24000     1.309184   0.18373354   0.46380266 
   25000    1.3091537   0.18698342   0.54908206 
   26000    1.2979613   0.16057753    0.4993814 
   27000    1.3009489   0.15564956   0.50328763 
   28000    1.3130135   0.17813065   0.54803997 
   29000    1.3148661   0.16570078   0.51022641 
   30000    1.2704241   0.18546932   0.44913752 
   31000    1.3184249   0.17676352   0.55745235 
   32000    1.3205745    0.1550563    0.5034222 
   33000    1.2649661   0.18464329   0.43177625 
   34000    1.3449702   0.21021284   0.56034901 
   35000    1.2497697   0.15539649   0.47861022 
   36000    1.3444706   0.23141937   0.63155244 
   37000    1.2721701   0.21635242   0.48078698 
   38000    1.3146867   0.18385105   0.50600747 
   39000    1.3628593   0.19921467    0.5984141 
   40000     1.310353    0.1301947   0.49886376 
   41000    1.2630203   0.17508967   0.43995063 
   42000    1.3510185   0.17584127   0.56209073 
   43000    1.2872307   0.16301583   0.47039698 
   44000    1.2810472   0.17988963   0.48765795 
   45000    1.3877552   0.16644492   0.62875618 
   46000    1.2764307   0.15831273   0.48390593 
   47000    1.3180722   0.19118812   0.53477488 
   48000    1.2930891   0.14803665   0.49744061 
   49000    1.2917615   0.15266302   0.49573386 
   50000     1.303979   0.22000009   0.53498836 
Loop time of 13.5309 on 1 procs for 50000 steps with 1331 atoms

Performance: 1277080.870 tau/day, 3695.257 timesteps/s
99.9% CPU use with 1 MPI tasks x no OpenMP threads

MPI task timing breakdown:
Section |  min time  |  avg time  |  max time  |%varavg| %total
---------------------------------------------------------------
Pair    | 9.375      | 9.375      | 9.375      |   0.0 | 69.29
Neigh   | 2.7253     | 2.7253     | 2.7253     |   0.0 | 20.14
Comm    | 0.45905    | 0.45905    | 0.45905    |   0.0 |  3.39
Output  | 0.024419   | 0.024419   | 0.024419   |   0.0 |  0.18
Modify  | 0.84375    | 0.84375    | 0.84375    |   0.0 |  6.24
Other   |            | 0.1033     |            |       |  0.76

Nlocal:    1331 ave 1331 max 1331 min
Histogram: 1 0 0 0 0 0 0 0 0 0
Nghost:    1701 ave 1701 max 1701 min
Histogram: 1 0 0 0 0 0 0 0 0 0
Neighs:    14415 ave 14415 max 14415 min
Histogram: 1 0 0 0 0 0 0 0 0 0

Total # of neighbors = 14415
Ave neighs/atom = 10.8302
Neighbor list builds = 2500
Dangerous builds not checked

write_restart NVT/sim1/T_1.30__v_4.10/end1.restart
Total wall time: 0:00:13
