run 50000
Neighbor list info ...
  update every 20 steps, delay 0 steps, check no
  max neighbors/atom: 2000, page size: 100000
  master list distance cutoff = 2.8
  ghost atom cutoff = 2.8
  binsize = 1.4, bins = 16 16 16
  1 neighbor lists, perpetual/occasional/extra = 1 0 0
  (1) pair lj/cut, perpetual
      attributes: half, newton on
      pair build: half/bin/atomonly/newton
      stencil: half/bin/3d/newton
      bin: standard
Per MPI rank memory allocation (min/avg/max) = 2.7 | 2.7 | 2.7 Mbytes
Step Temp Press Volume Density PotEng KinEng TotEng 
       0          0.1 -0.032919548        10648        0.125  -0.13561964    0.1498873  0.014267664 
    1000   0.79219232 -0.029013675    2303.5815   0.57779592   -3.6371993    1.1873957   -2.4498036 
    2000   0.48547318    1.2938165    1427.7697   0.93222316   -5.8893685   0.72766265   -5.1617059 
    3000   0.20080882    1.4520664    1332.8457   0.99861521   -6.4775156   0.30098693   -6.1765286 
    4000   0.10788625    1.5145489    1308.7733    1.0169828   -6.6395756    0.1617078   -6.4778678 
    5000  0.086272151    1.5102693    1303.2859    1.0212648   -6.6815814     0.129311   -6.5522704 
    6000   0.10321873    1.5261068    1305.5652    1.0194818   -6.6619852   0.15471176   -6.5072734 
    7000   0.10783642    1.5295135    1306.0588    1.0190965   -6.6611638   0.16163311   -6.4995307 
    8000  0.093579213    1.4826886    1302.8876     1.021577    -6.689965   0.14026336   -6.5497016 
    9000  0.098854493     1.505175    1303.9132    1.0207734    -6.678866   0.14817033   -6.5306957 
   10000   0.10911448    1.4988779    1305.4674    1.0195582   -6.6706642   0.16354875   -6.5071155 
   11000  0.094315893    1.5188065    1302.2721    1.0220598   -6.6891165   0.14136755    -6.547749 
   12000  0.096342694    1.5392705    1302.1138    1.0221841   -6.6887116   0.14440546   -6.5443061 
   13000   0.10843746    1.4423373    1305.0693    1.0198692    -6.681619   0.16253398    -6.519085 
   14000  0.096843582    1.5788873    1301.1215    1.0229636   -6.6907008   0.14515623   -6.5455446 
   15000  0.097091948    1.4334361    1303.2419    1.0212992   -6.6974146    0.1455285   -6.5518861 
   16000   0.10594554    1.5078147     1304.187    1.0205592   -6.6806633   0.15879891   -6.5218644 
   17000   0.10118366    1.4848888    1302.7859    1.0216568   -6.6920787   0.15166146   -6.5404172 
   18000  0.094719779     1.435486    1303.4397    1.0211443   -6.6970234   0.14197292   -6.5550505 
   19000   0.10292075    1.6272652    1301.4853    1.0226777   -6.6776267   0.15426513   -6.5233616 
   20000  0.097662363    1.4459133    1304.9671    1.0199491   -6.6816515   0.14638348    -6.535268 
   21000   0.09316245     1.581522    1300.7115    1.0232861   -6.6915643   0.13963868   -6.5519256 
   22000   0.10225362    1.5251241     1302.968     1.021514   -6.6841533   0.15326519   -6.5308881 
   23000   0.10592304    1.4480563    1304.2755    1.0204899   -6.6889389   0.15876519   -6.5301738 
   24000  0.095418159    1.5820098    1300.5578     1.023407   -6.6938367   0.14301971    -6.550817 
   25000  0.099925233    1.4873725    1303.5391    1.0210664   -6.6866814   0.14977524   -6.5369062 
   26000     0.101411    1.5077364    1304.1424    1.0205941   -6.6789334   0.15200222   -6.5269312 
   27000  0.096132283    1.5808004    1300.6777    1.0233127   -6.6924041   0.14409009    -6.548314 
   28000  0.098102041    1.3566457    1305.6096    1.0194472   -6.6915391    0.1470425   -6.5444966 
   29000   0.10460101    1.5942556    1302.1456    1.0221592   -6.6798164   0.15678364   -6.5230327 
   30000  0.099899169    1.4394945    1303.4827    1.0211106   -6.6975904   0.14973617   -6.5478542 
   31000  0.096046302    1.4710804    1303.1545    1.0213678   -6.6908489   0.14396121   -6.5468877 
   32000   0.10522366    1.5649779    1302.5939    1.0218073    -6.680759    0.1577169   -6.5230421 
   33000  0.099243814    1.4573753    1303.5376    1.0210676   -6.6898825   0.14875388   -6.5411287 
   34000  0.093564319    1.5178284    1302.3272    1.0220166   -6.6894134   0.14024103   -6.5491724 
   35000   0.10197065    1.6581097    1300.9677    1.0230846   -6.6779832   0.15284106   -6.5251421 
   36000  0.098718651    1.3785569    1305.7526    1.0193355   -6.6868002   0.14796672   -6.5388335 
   37000  0.098651994    1.5946534    1300.1109    1.0237588    -6.697031   0.14786681   -6.5491642 
   38000    0.1015293    1.4294833    1304.1618    1.0205789   -6.6902391   0.15217952   -6.5380596 
   39000  0.099962701    1.4896492    1303.0928    1.0214161   -6.6884087    0.1498314   -6.5385773 
   40000  0.097313382    1.5324225    1301.1982    1.0229034   -6.6974241    0.1458604   -6.5515637 
   41000   0.10200519    1.4331039    1303.8098    1.0208544   -6.6940096   0.15289282   -6.5411168 
   42000   0.09983441    1.5841925    1301.3919    1.0227511   -6.6842066    0.1496391   -6.5345675 
   43000   0.10009526    1.4674915    1302.0222     1.022256   -6.7019406   0.15003009   -6.5519105 
   44000  0.095599915    1.5026077    1302.6476    1.0217652   -6.6874753   0.14329213   -6.5441832 
   45000   0.10535021    1.6761142    1299.2086    1.0244698   -6.6874432   0.15790659   -6.5295366 
   46000  0.097072294    1.3157169    1305.7612    1.0193288   -6.6985043   0.14549904   -6.5530052 
   47000  0.097962432       1.5549    1301.1933    1.0229072   -6.6929649   0.14683325   -6.5461317 
   48000   0.10200292    1.5171001    1302.7492    1.0216855   -6.6863959   0.15288943   -6.5335064 
   49000  0.098946553    1.5034158    1302.1339    1.0221683   -6.6939779   0.14830832   -6.5456696 
   50000  0.094338476     1.529692    1301.7093    1.0225017   -6.6912105    0.1414014   -6.5498091 
Loop time of 45.9401 on 1 procs for 50000 steps with 1331 atoms

Performance: 376142.220 tau/day, 1088.374 timesteps/s
99.9% CPU use with 1 MPI tasks x no OpenMP threads

MPI task timing breakdown:
Section |  min time  |  avg time  |  max time  |%varavg| %total
---------------------------------------------------------------
Pair    | 37.609     | 37.609     | 37.609     |   0.0 | 81.87
Neigh   | 5.2329     | 5.2329     | 5.2329     |   0.0 | 11.39
Comm    | 0.76963    | 0.76963    | 0.76963    |   0.0 |  1.68
Output  | 0.025625   | 0.025625   | 0.025625   |   0.0 |  0.06
Modify  | 2.0667     | 2.0667     | 2.0667     |   0.0 |  4.50
Other   |            | 0.236      |            |       |  0.51

Nlocal:    1331 ave 1331 max 1331 min
Histogram: 1 0 0 0 0 0 0 0 0 0
Nghost:    3291 ave 3291 max 3291 min
Histogram: 1 0 0 0 0 0 0 0 0 0
Neighs:    61279 ave 61279 max 61279 min
Histogram: 1 0 0 0 0 0 0 0 0 0

Total # of neighbors = 61279
Ave neighs/atom = 46.0398
Neighbor list builds = 2500
Dangerous builds not checked

write_restart lattice_11_11_11__2_2_2/sim1/T_0.10__P_1.50/end1.restart
Total wall time: 0:00:45
