run 50000
Neighbor list info ...
  update every 20 steps, delay 0 steps, check no
  max neighbors/atom: 2000, page size: 100000
  master list distance cutoff = 2.8
  ghost atom cutoff = 2.8
  binsize = 1.4, bins = 16 16 16
  1 neighbor lists, perpetual/occasional/extra = 1 0 0
  (1) pair lj/cut, perpetual
      attributes: half, newton on
      pair build: half/bin/atomonly/newton
      stencil: half/bin/3d/newton
      bin: standard
Per MPI rank memory allocation (min/avg/max) = 2.7 | 2.7 | 2.7 Mbytes
Step Temp Press Volume Density PotEng KinEng TotEng 
       0          1.3   0.11696776        10648        0.125  -0.13561964    1.9485349    1.8129153 
    1000    1.9841764   0.47616054    5662.2916   0.23506384   -1.2436732    2.9740284    1.7303553 
    2000    1.7316128   0.50684623    3826.7581   0.34781399   -1.8912573    2.5954677   0.70421042 
    3000    1.5734795    0.5629146    2840.5502   0.46857119   -2.6074751     2.358446  -0.24902912 
    4000    1.4617454    1.2341252    2273.9321   0.58532971   -3.2272228    2.1909708    -1.036252 
    5000    1.3671753    1.4491531    1976.9692   0.67325277   -3.7393708    2.0492222   -1.6901486 
    6000     1.279779    1.7706349    1842.8409   0.72225442   -4.0809888    1.9182263   -2.1627625 
    7000     1.273389    1.7414257    1792.5672    0.7425105   -4.2321987    1.9086484   -2.3235503 
    8000    1.3174208    2.0776764    1806.3826   0.73683174   -4.1387357    1.9746466   -2.1640891 
    9000    1.3557795    1.7941589    1833.8415   0.72579881   -4.0935174    2.0321413   -2.0613761 
   10000    1.3106107    1.8692042    1823.1454   0.73005696   -4.1114735     1.964439   -2.1470345 
   11000    1.2710278    1.8773248    1812.1375   0.73449171     -4.13941    1.9051093   -2.2343008 
   12000    1.3374262    1.8315457    1818.3405   0.73198613   -4.1435229    2.0046321   -2.1388909 
   13000    1.3297845    1.6781773    1826.5788    0.7286847    -4.135366    1.9931781   -2.1421879 
   14000    1.2963576     1.963411    1807.0977   0.73654014   -4.1522613    1.9430755   -2.2091858 
   15000    1.3199923    2.0322224    1795.5421    0.7412803   -4.1868484    1.9785008   -2.2083476 
   16000    1.2921137    2.0534482    1812.5497   0.73432469   -4.1061558    1.9367144   -2.1694414 
   17000    1.3406871    1.8393596    1826.4632   0.72873082   -4.1115496    2.0095197   -2.1020299 
   18000      1.30502    1.9831704    1810.6151   0.73510931   -4.1253376    1.9560593   -2.1692783 
   19000    1.2752604    2.0202701    1797.6915   0.74039398    -4.151002    1.9114534   -2.2395486 
   20000    1.3084537    1.8793955    1810.8122   0.73502927   -4.1392618    1.9612059   -2.1780558 
   21000    1.2684586    2.0866422     1834.863   0.72539475   -4.0230021    1.9012584   -2.1217438 
   22000    1.2967305    1.7079237    1835.2955   0.72522382   -4.1112151    1.9436343   -2.1675808 
   23000    1.2645055     1.676362    1825.3013   0.72919469   -4.1343536    1.8953331   -2.2390205 
   24000    1.2632437    1.8789394    1819.3287   0.73158852   -4.0994346    1.8934419   -2.2059927 
   25000    1.2912119    1.7902496    1828.6471   0.72786052   -4.1059194    1.9353627   -2.1705567 
   26000    1.2915594    1.6891764    1830.9067   0.72696224   -4.1123654    1.9358835   -2.1764819 
   27000    1.2729912    1.9313332    1826.0525    0.7288947   -4.0916762    1.9080522   -2.1836241 
   28000    1.2950999    1.9875059    1813.9601   0.73375375   -4.1126312    1.9411903   -2.1714408 
   29000    1.3012861    1.9243517    1801.8622   0.73868025   -4.1678485    1.9504626   -2.2173859 
   30000     1.286262    2.0352435    1828.7157   0.72783319   -4.0491819    1.9279434   -2.1212385 
   31000    1.3284519     2.114637    1810.8199   0.73502618   -4.0940872    1.9911807   -2.1029065 
   32000    1.3137353     1.909769    1801.2883   0.73891557   -4.1548561    1.9691223   -2.1857338 
   33000    1.3287515    1.9048769    1813.5578   0.73391651   -4.1358118    1.9916299    -2.144182 
   34000    1.3512996    1.8861831     1833.985   0.72574203   -4.0648567    2.0254265   -2.0394302 
   35000    1.3227115     2.141301    1810.5532   0.73513443   -4.1013519    1.9825766   -2.1187753 
   36000    1.2791409    1.9847768    1810.8714   0.73500524   -4.1097936    1.9172698   -2.1925238 
   37000    1.3485569     1.940791    1819.6462   0.73146087   -4.1131138    2.0213155   -2.0917983 
   38000    1.3425627    2.1006245      1821.94   0.73053999   -4.0629558     2.012331   -2.0506248 
   39000    1.3116024    2.1431951    1812.4802   0.73435285    -4.083688    1.9659254   -2.1177626 
   40000    1.2591799    2.0678409    1816.2733   0.73281922   -4.0863147    1.8873507    -2.198964 
   41000    1.2572602    2.1086445    1814.7873    0.7334193   -4.0726706    1.8844733   -2.1881972 
   42000    1.2873236    1.8655538    1837.9437   0.72417886   -4.0551927    1.9295346   -2.1256581 
   43000    1.2711716    1.6168423    1842.2649   0.72248025   -4.0952077    1.9053248   -2.1898829 
   44000    1.2752679    1.7887414    1808.1884   0.73609584   -4.1715573    1.9114647   -2.2600926 
   45000     1.290999    2.0345614    1812.0574   0.73452417   -4.1084096    1.9350435   -2.1733661 
   46000    1.3207919    1.8837053    1830.1559   0.72726043   -4.0745354    1.9796994    -2.094836 
   47000    1.3079948    1.8828929    1812.6893   0.73426815   -4.1633653    1.9605181   -2.2028472 
   48000    1.2913856    1.9271117    1812.1323   0.73449381   -4.1472288     1.935623   -2.2116058 
   49000    1.3212575    2.0315536    1809.2956   0.73564539   -4.1266045    1.9803972   -2.1462073 
   50000    1.3062429     2.085417    1803.2917   0.73809467   -4.1300627    1.9578922   -2.1721705 
Loop time of 39.4785 on 1 procs for 50000 steps with 1331 atoms

Performance: 437706.900 tau/day, 1266.513 timesteps/s
99.4% CPU use with 1 MPI tasks x no OpenMP threads

MPI task timing breakdown:
Section |  min time  |  avg time  |  max time  |%varavg| %total
---------------------------------------------------------------
Pair    | 31.103     | 31.103     | 31.103     |   0.0 | 78.78
Neigh   | 5.0182     | 5.0182     | 5.0182     |   0.0 | 12.71
Comm    | 0.80379    | 0.80379    | 0.80379    |   0.0 |  2.04
Output  | 0.030048   | 0.030048   | 0.030048   |   0.0 |  0.08
Modify  | 2.3504     | 2.3504     | 2.3504     |   0.0 |  5.95
Other   |            | 0.1735     |            |       |  0.44

Nlocal:    1331 ave 1331 max 1331 min
Histogram: 1 0 0 0 0 0 0 0 0 0
Nghost:    2809 ave 2809 max 2809 min
Histogram: 1 0 0 0 0 0 0 0 0 0
Neighs:    44156 ave 44156 max 44156 min
Histogram: 1 0 0 0 0 0 0 0 0 0

Total # of neighbors = 44156
Ave neighs/atom = 33.1751
Neighbor list builds = 2500
Dangerous builds not checked

write_restart lattice_11_11_11__2_2_2/sim1/T_1.30__P_1.90/end1.restart
Total wall time: 0:00:39
