run 50000
Neighbor list info ...
  update every 20 steps, delay 0 steps, check no
  max neighbors/atom: 2000, page size: 100000
  master list distance cutoff = 2.8
  ghost atom cutoff = 2.8
  binsize = 1.4, bins = 16 16 16
  1 neighbor lists, perpetual/occasional/extra = 1 0 0
  (1) pair lj/cut, perpetual
      attributes: half, newton on
      pair build: half/bin/atomonly/newton
      stencil: half/bin/3d/newton
      bin: standard
Per MPI rank memory allocation (min/avg/max) = 2.7 | 2.7 | 2.7 Mbytes
Step Temp Press Volume Density PotEng KinEng TotEng 
       0          0.3 -0.0079383306        10648        0.125  -0.13561964   0.44966191   0.31404227 
    1000   0.93898094  0.031022553     3951.813   0.33680744   -2.1389212    1.4074132  -0.73150805 
    2000   0.78445821 -0.050651022    2170.2433    0.6132953   -3.8759587    1.1758032   -2.7001554 
    3000   0.67104817   0.99430682    1547.7309   0.85996859    -5.305692     1.005816    -4.299876 
    4000   0.44692408    1.1923502    1418.5838   0.93825972   -5.9585057   0.66988245   -5.2886233 
    5000   0.31897311      1.30347    1367.8379   0.97306854   -6.2554806   0.47810019   -5.7773804 
    6000   0.27397414    1.3492401    1349.9636   0.98595252   -6.3764963   0.41065245   -5.9658439 
    7000   0.28950394    1.3949076    1352.3217   0.98423323   -6.3508268   0.43392965   -5.9168972 
    8000   0.31357607    1.3876755    1356.9255   0.98089391   -6.3238915   0.47001071   -5.8538808 
    9000   0.29038984    1.3394245    1348.6053   0.98694558   -6.3832494   0.43525749   -5.9479919 
   10000    0.2906285    1.2728611    1347.7298   0.98758665   -6.4047661   0.43561522   -5.9691509 
   11000   0.31692666    1.2407674    1353.0038    0.9837371   -6.3699865   0.47503283   -5.8949536 
   12000   0.29897794    1.3090483    1349.5624   0.98624564   -6.3827836   0.44812997   -5.9346537 
   13000   0.28220992    1.2939667    1346.0073   0.98885053   -6.4119888   0.42299684    -5.988992 
   14000   0.30792494    1.1631301    1352.6271   0.98401105   -6.3913676   0.46154038   -5.9298272 
   15000   0.30809066    1.2586855     1351.957    0.9844988   -6.3812778   0.46178878    -5.919489 
   16000   0.28752679    1.1305381    1348.4226   0.98707928   -6.4250755   0.43096616   -5.9941094 
   17000   0.29602937    1.1691483    1349.9488   0.98596334   -6.4071575   0.44371044   -5.9634471 
   18000   0.31233941    1.1295665    1353.0015   0.98373875   -6.3939031   0.46815712    -5.925746 
   19000   0.28745788    1.2516846    1347.6839   0.98762031   -6.4120247   0.43086286   -5.9811618 
   20000   0.28768148    1.2296295     1347.075   0.98806672   -6.4180263     0.431198   -5.9868283 
   21000   0.30289687    1.2572199     1350.023   0.98590916   -6.3913934   0.45400394   -5.9373894 
   22000   0.30246025    1.1765099    1345.9902   0.98886305   -6.4388603   0.45334951   -5.9855108 
   23000   0.29411535    1.2567445    1339.4617   0.99368277   -6.4715425   0.44084156   -6.0307009 
   24000   0.31443125    1.3953852    1336.9635    0.9955395   -6.4711069   0.47129252   -5.9998143 
   25000   0.31472847    1.3045422    1332.9266   0.99855464   -6.5182118   0.47173801   -6.0464738 
   26000   0.29598459    1.2729965     1322.049    1.0067706   -6.6131397   0.44364332   -6.1694964 
   27000   0.30551628     1.369622    1308.0428    1.0175508   -6.7094972   0.45793011    -6.251567 
   28000   0.29551701    1.5027095    1299.1139    1.0245445    -6.758546   0.44294248   -6.3156036 
   29000   0.30053802    1.4484314    1298.5364    1.0250001   -6.7690664   0.45046833   -6.3185981 
   30000   0.31271203    1.4135938     1302.829    1.0216229   -6.7456077   0.46871562   -6.2768921 
   31000   0.30027856    1.3490488    1302.1339    1.0221683   -6.7606037   0.45007943   -6.3105242 
   32000    0.2859057    1.3191637    1301.9495    1.0223131   -6.7682253   0.42853634   -6.3396889 
   33000   0.31089689     1.177182    1304.5906    1.0202435   -6.7658169   0.46599496    -6.299822 
   34000   0.30495137    1.0307327    1301.8429    1.0223968   -6.8114523   0.45708338   -6.3543689 
   35000   0.28207141     1.144063     1296.842    1.0263394   -6.8297971   0.42278923   -6.4070079 
   36000   0.30325181    1.2286522     1298.859    1.0247456   -6.8017832   0.45453596   -6.3472472 
   37000   0.31462562    1.2159962    1297.9515    1.0254621   -6.8118104   0.47158386   -6.3402265 
   38000   0.28265942     1.335808    1292.7551    1.0295841   -6.8297689   0.42367059   -6.4060983 
   39000   0.29255002    1.4270634    1292.3159    1.0299339   -6.8124933   0.43849533    -6.373998 
   40000   0.31036375    1.5129304    1292.2409    1.0299937   -6.8011118   0.46519586   -6.3359159 
   41000   0.29791063    1.5220125    1286.9993    1.0341886    -6.841521   0.44653021   -6.3949908 
   42000    0.2865771    1.3994171    1287.8142    1.0335342   -6.8574084   0.42954269   -6.4278657 
   43000    0.3108655    1.1857779    1293.3477    1.0291123   -6.8530945   0.46594791   -6.3871466 
   44000   0.30152274    1.2642899     1293.123    1.0292911   -6.8421263    0.4519443    -6.390182 
   45000   0.27860733    1.3144764    1290.4599    1.0314153   -6.8486505   0.41759701   -6.4310535 
   46000   0.29340348    1.3210897    1291.5483     1.030546   -6.8415828   0.43977456   -6.4018083 
   47000   0.30156919    1.3059519    1293.0836    1.0293225   -6.8322798   0.45201393   -6.3802659 
   48000   0.30163652    1.3183799    1287.8478    1.0335072   -6.8712673   0.45211485   -6.4191524 
   49000   0.29396174    1.5826699    1284.4022    1.0362798    -6.851676   0.44061132   -6.4110647 
   50000   0.31729103    1.5420949    1285.9703    1.0350162   -6.8497168   0.47557897   -6.3741378 
Loop time of 43.5342 on 1 procs for 50000 steps with 1331 atoms

Performance: 396928.934 tau/day, 1148.521 timesteps/s
99.9% CPU use with 1 MPI tasks x no OpenMP threads

MPI task timing breakdown:
Section |  min time  |  avg time  |  max time  |%varavg| %total
---------------------------------------------------------------
Pair    | 35.272     | 35.272     | 35.272     |   0.0 | 81.02
Neigh   | 5.202      | 5.202      | 5.202      |   0.0 | 11.95
Comm    | 0.75315    | 0.75315    | 0.75315    |   0.0 |  1.73
Output  | 0.025157   | 0.025157   | 0.025157   |   0.0 |  0.06
Modify  | 2.0509     | 2.0509     | 2.0509     |   0.0 |  4.71
Other   |            | 0.2312     |            |       |  0.53

Nlocal:    1331 ave 1331 max 1331 min
Histogram: 1 0 0 0 0 0 0 0 0 0
Nghost:    3327 ave 3327 max 3327 min
Histogram: 1 0 0 0 0 0 0 0 0 0
Neighs:    58852 ave 58852 max 58852 min
Histogram: 1 0 0 0 0 0 0 0 0 0

Total # of neighbors = 58852
Ave neighs/atom = 44.2164
Neighbor list builds = 2500
Dangerous builds not checked

write_restart lattice_11_11_11__2_2_2/sim1/T_0.30__P_1.30/end1.restart
Total wall time: 0:00:43
