run 50000
Neighbor list info ...
  update every 20 steps, delay 0 steps, check no
  max neighbors/atom: 2000, page size: 100000
  master list distance cutoff = 2.8
  ghost atom cutoff = 2.8
  binsize = 1.4, bins = 16 16 16
  1 neighbor lists, perpetual/occasional/extra = 1 0 0
  (1) pair lj/cut, perpetual
      attributes: half, newton on
      pair build: half/bin/atomonly/newton
      stencil: half/bin/3d/newton
      bin: standard
Per MPI rank memory allocation (min/avg/max) = 2.7 | 2.7 | 2.7 Mbytes
Step Temp Press Volume Density PotEng KinEng TotEng 
       0          1.6   0.15443958        10648        0.125  -0.13561964    2.3981968    2.2625772 
    1000    1.9751235    0.3073846     7808.739   0.17045006  -0.91965712    2.9604594    2.0408023 
    2000    1.7410604   0.34380179    6274.0253   0.21214451   -1.1737613    2.6096285    1.4358673 
    3000     1.641436   0.29830229    5224.0108   0.25478508    -1.428221    2.4603041    1.0320831 
    4000    1.6160104    0.3394541    4476.7814   0.29731182   -1.6569614    2.4221945   0.76523307 
    5000    1.5730046   0.55203763    3975.9526   0.33476254   -1.8237084    2.3577342   0.53402573 
    6000    1.5767502   0.52889354    3616.7654   0.36800838   -2.0211595    2.3633483   0.34218883 
    7000    1.5950243   0.50851616    3377.6862   0.39405673   -2.2143091    2.3907389    0.1764298 
    8000    1.5879898   0.48594103    3223.0121   0.41296773   -2.2760756    2.3801951   0.10411953 
    9000    1.5813535   0.53900843    3151.7527   0.42230471   -2.3328142    2.3702482  0.037433989 
   10000    1.6259264   0.57995165    3073.9632   0.43299152   -2.4255098    2.4370572  0.011547493 
   11000    1.5842456   0.59157968    3083.4124    0.4316646   -2.3914492     2.374583 -0.016866236 
   12000    1.6336296   0.56619642    3102.3172   0.42903415   -2.4096527    2.4486033   0.03895055 
   13000    1.5805853   0.52151182    3151.8233   0.42229524   -2.3436519    2.3690967  0.025444769 
   14000    1.6239305    0.6205155    3121.8055   0.42635583   -2.3320386    2.4340657   0.10202705 
   15000    1.5730756   0.62614605    3048.8258   0.43656151   -2.4075023    2.3578406 -0.049661698 
   16000    1.5929823   0.59554516    3013.6267   0.44166054   -2.4566822    2.3876782 -0.069004042 
   17000    1.6136441   0.59245067    3022.4395   0.44037275   -2.4504802    2.4186476 -0.031832578 
   18000     1.583622   0.41324195    3135.6446   0.42447412   -2.4268727    2.3736483 -0.053224364 
   19000    1.6068149   0.74981067    3088.4917   0.43095469   -2.3086391    2.4084115  0.099772354 
   20000    1.5704458   0.66664237     3131.395   0.42505018   -2.3234719    2.3538989  0.030426976 
   21000    1.5259364   0.55106917    3083.0687   0.43171272   -2.3753349    2.2871849     -0.08815 
   22000    1.6666685   0.69109544    2970.0617   0.44813884   -2.4868508    2.4981245  0.011273734 
   23000    1.5300875   0.52335109    3049.9304    0.4364034   -2.4300288    2.2934069  -0.13662192 
   24000    1.6029995   0.59697696    3044.8066   0.43713778   -2.4097296    2.4026927 -0.0070368807 
   25000    1.6083967    0.5578907    3151.0646   0.42239693   -2.3462316    2.4107824   0.06455071 
   26000    1.5940336   0.60151717    3142.8136   0.42350586   -2.3326617    2.3892539  0.056592247 
   27000     1.614423   0.60487484    3023.3914    0.4402341   -2.4848897    2.4198151  -0.06507465 
   28000    1.5877886    0.5975826    2961.5674   0.44942418   -2.4920036    2.3798935  -0.11211009 
   29000    1.5777018   0.55444777    3119.0889   0.42672718   -2.3999741    2.3647747 -0.035199465 
   30000    1.6311933   0.57902832     3148.785   0.42270273   -2.3378026    2.4449516     0.107149 
   31000    1.6069482   0.63376614    3069.2212    0.4336605   -2.4253389    2.4086113 -0.016727661 
   32000    1.6004533   0.58536698     3086.974   0.43116658   -2.4243555    2.3988763 -0.025479232 
   33000    1.6192964   0.54148132    3175.3774   0.41916278   -2.3353778    2.4271196  0.091741847 
   34000     1.596175   0.69448374     3158.315   0.42142725   -2.2770389    2.3924636   0.11542474 
   35000    1.5999089   0.65658113    3054.9819   0.43568179   -2.4245493    2.3980603 -0.026489027 
   36000    1.6444793   0.57719304    3022.5537   0.44035612    -2.466881    2.4648657 -0.002015343 
   37000    1.5789133   0.58563414    3139.1563   0.42399928   -2.3482845    2.3665905  0.018306038 
   38000    1.6143104   0.54555299    3228.2018   0.41230384   -2.2804014    2.4196464   0.13924496 
   39000    1.5835091   0.56655861     3122.921   0.42620354   -2.3370343    2.3734791  0.036444804 
   40000    1.5722923    0.6564295    2993.0858   0.44469156   -2.4511244    2.3566665 -0.094457859 
   41000    1.5991812    0.6459592    3026.6131   0.43976549   -2.4078956    2.3969695 -0.010926139 
   42000    1.5832912   0.61336288    3122.9387   0.42620113    -2.379508    2.3731525 -0.0063554634 
   43000    1.6380581   0.66282771    3109.5647   0.42803418   -2.3841983    2.4552411  0.071042799 
   44000    1.6186058    0.5427942    3148.5335   0.42273649    -2.364383    2.4260846  0.061701541 
   45000    1.5536657   0.60885294    3146.5742   0.42299972   -2.3762042    2.3287477 -0.047456503 
   46000    1.6467791   0.70374867    2997.3296   0.44406195   -2.4158392    2.4683128   0.05247364 
   47000    1.5872333   0.47474674     3051.257   0.43621367   -2.4575096    2.3790611 -0.078448451 
   48000     1.573637   0.61171712    3023.4947   0.44021906   -2.3982011     2.358682 -0.039519106 
   49000    1.6359824   0.59161645    3064.1813   0.43437378   -2.4208595    2.4521299  0.031270335 
   50000    1.5917364   0.45056256    3153.0553   0.42213025   -2.3291591    2.3858107  0.056651668 
Loop time of 26.6351 on 1 procs for 50000 steps with 1331 atoms

Performance: 648767.051 tau/day, 1877.219 timesteps/s
99.6% CPU use with 1 MPI tasks x no OpenMP threads

MPI task timing breakdown:
Section |  min time  |  avg time  |  max time  |%varavg| %total
---------------------------------------------------------------
Pair    | 19.58      | 19.58      | 19.58      |   0.0 | 73.51
Neigh   | 3.8582     | 3.8582     | 3.8582     |   0.0 | 14.49
Comm    | 0.68102    | 0.68102    | 0.68102    |   0.0 |  2.56
Output  | 0.027903   | 0.027903   | 0.027903   |   0.0 |  0.10
Modify  | 2.3422     | 2.3422     | 2.3422     |   0.0 |  8.79
Other   |            | 0.1462     |            |       |  0.55

Nlocal:    1331 ave 1331 max 1331 min
Histogram: 1 0 0 0 0 0 0 0 0 0
Nghost:    2240 ave 2240 max 2240 min
Histogram: 1 0 0 0 0 0 0 0 0 0
Neighs:    25509 ave 25509 max 25509 min
Histogram: 1 0 0 0 0 0 0 0 0 0

Total # of neighbors = 25509
Ave neighs/atom = 19.1653
Neighbor list builds = 2500
Dangerous builds not checked

write_restart lattice_11_11_11__2_2_2/sim1/T_1.60__P_0.60/end1.restart
Total wall time: 0:00:26
