run 50000
Neighbor list info ...
  update every 20 steps, delay 0 steps, check no
  max neighbors/atom: 2000, page size: 100000
  master list distance cutoff = 2.8
  ghost atom cutoff = 2.8
  binsize = 1.4, bins = 17 17 17
  1 neighbor lists, perpetual/occasional/extra = 1 0 0
  (1) pair lj/cut, perpetual
      attributes: half, newton on
      pair build: half/bin/atomonly/newton
      stencil: half/bin/3d/newton
      bin: standard
Per MPI rank memory allocation (min/avg/max) = 2.705 | 2.705 | 2.705 Mbytes
Step Temp Press TotEng 
       0          1.6   0.14410648    2.3046556 
    1000    1.6684626   0.17339832    1.8792058 
    2000    1.5764602   0.15450106    1.7075215 
    3000    1.6236938   0.15713729    1.7948603 
    4000    1.5744326   0.14630249      1.69305 
    5000    1.6521099   0.15722344    1.8051852 
    6000    1.5473887   0.13511991    1.6264878 
    7000    1.5994203   0.14384548     1.754265 
    8000    1.5897831   0.15184925     1.723175 
    9000    1.6009904   0.14577454    1.7468581 
   10000    1.6128889   0.14962831    1.7736322 
   11000    1.5790776    0.1445159    1.7285323 
   12000    1.6254658   0.14394921    1.7690382 
   13000    1.6018152   0.15306951    1.7501577 
   14000    1.6147438   0.16042958    1.7694731 
   15000    1.5880833   0.15653576    1.7129211 
   16000    1.6168536   0.15322019    1.7551634 
   17000    1.5908367    0.1571005    1.7147726 
   18000    1.5932343   0.14883702    1.7240774 
   19000    1.5928082   0.15050633    1.7168138 
   20000      1.56774    0.1440877    1.7177772 
   21000    1.6208942   0.14570775    1.7564444 
   22000    1.5845759    0.1277906    1.6870848 
   23000    1.6544815   0.15369961    1.8368112 
   24000    1.5606316   0.15387676    1.6909743 
   25000    1.6445516   0.14781844    1.8055569 
   26000    1.5632362   0.14762501    1.6868645 
   27000    1.6598606   0.15741746     1.842128 
   28000    1.5922861   0.15386721    1.7220136 
   29000    1.6165855   0.15764763    1.7635608 
   30000    1.6452896    0.1393797    1.8111857 
   31000    1.5815697   0.15294026    1.7086148 
   32000    1.6208635   0.15689034    1.7965544 
   33000    1.5591489   0.14836983     1.669886 
   34000    1.6798434   0.14983809    1.8341594 
   35000    1.5640849   0.14821668    1.6810864 
   36000    1.6419544   0.15441459    1.8363691 
   37000    1.6088929   0.15796323    1.7600617 
   38000    1.5792959   0.15253558    1.7472484 
   39000    1.6450571   0.17964199    1.8463763 
   40000    1.5550978   0.14403008    1.6724171 
   41000    1.6368666   0.14832984    1.7937154 
   42000    1.5990349    0.1584448    1.7463296 
   43000    1.5991904   0.15526413    1.7180989 
   44000    1.5911062   0.16914235    1.7403293 
   45000    1.6295055   0.15622606    1.7807944 
   46000    1.5922178   0.13955436    1.7090373 
   47000    1.6037625   0.15040595    1.7367194 
   48000    1.5690653   0.14403927     1.700854 
   49000    1.6574459   0.15011404    1.8197167 
   50000    1.5592902   0.15113459    1.6693874 
Loop time of 7.79244 on 1 procs for 50000 steps with 1331 atoms

Performance: 2217533.415 tau/day, 6416.474 timesteps/s
99.7% CPU use with 1 MPI tasks x no OpenMP threads

MPI task timing breakdown:
Section |  min time  |  avg time  |  max time  |%varavg| %total
---------------------------------------------------------------
Pair    | 4.7239     | 4.7239     | 4.7239     |   0.0 | 60.62
Neigh   | 1.7674     | 1.7674     | 1.7674     |   0.0 | 22.68
Comm    | 0.34499    | 0.34499    | 0.34499    |   0.0 |  4.43
Output  | 0.023451   | 0.023451   | 0.023451   |   0.0 |  0.30
Modify  | 0.84367    | 0.84367    | 0.84367    |   0.0 | 10.83
Other   |            | 0.08907    |            |       |  1.14

Nlocal:    1331 ave 1331 max 1331 min
Histogram: 1 0 0 0 0 0 0 0 0 0
Nghost:    1258 ave 1258 max 1258 min
Histogram: 1 0 0 0 0 0 0 0 0 0
Neighs:    6889 ave 6889 max 6889 min
Histogram: 1 0 0 0 0 0 0 0 0 0

Total # of neighbors = 6889
Ave neighs/atom = 5.17581
Neighbor list builds = 2500
Dangerous builds not checked

write_restart NVT/sim1/T_1.60__v_9.26/end1.restart
Total wall time: 0:00:07
