run 50000
Neighbor list info ...
  update every 20 steps, delay 0 steps, check no
  max neighbors/atom: 2000, page size: 100000
  master list distance cutoff = 2.8
  ghost atom cutoff = 2.8
  binsize = 1.4, bins = 18 18 18
  1 neighbor lists, perpetual/occasional/extra = 1 0 0
  (1) pair lj/cut, perpetual
      attributes: half, newton on
      pair build: half/bin/atomonly/newton
      stencil: half/bin/3d/newton
      bin: standard
Per MPI rank memory allocation (min/avg/max) = 2.711 | 2.711 | 2.711 Mbytes
Step Temp Press TotEng 
       0          1.2   0.09407053    1.7354507 
    1000    1.2971516  0.097970006    1.3292681 
    2000    1.1789168  0.085928963    1.0996398 
    3000    1.2261299  0.090835331    1.1816706 
    4000    1.1825753  0.083460689    1.1202685 
    5000    1.2134577  0.091178124    1.1517237 
    6000    1.2078095  0.079741315    1.1648679 
    7000     1.165226  0.086451091    1.0623931 
    8000    1.2508642  0.086324095    1.1985004 
    9000    1.1689459  0.081643262    1.1095029 
   10000    1.2473073  0.087163686    1.1909279 
   11000    1.1870598  0.077722794    1.0680267 
   12000    1.1999289  0.077900112    1.1432346 
   13000    1.2014559  0.085858666    1.1220619 
   14000     1.165082  0.081751744    1.0668752 
   15000    1.2039318  0.081011635    1.1295491 
   16000    1.1790591  0.084389853    1.0896599 
   17000    1.2069972  0.089494936    1.1562658 
   18000    1.1600147   0.08063904    1.0534089 
   19000    1.2151924  0.085963923    1.1248216 
   20000    1.1962583  0.090201031    1.1123939 
   21000    1.2082617  0.092811678    1.1601336 
   22000     1.144151  0.081317629    1.0645187 
   23000    1.2350608  0.091088288    1.1900861 
   24000    1.1859397  0.080371683    1.1118413 
   25000    1.2281383  0.090047823    1.1659558 
   26000    1.1787967  0.078805946    1.0955807 
   27000     1.221647  0.086891461    1.1951324 
   28000    1.1932376  0.089809938     1.144173 
   29000    1.2023749  0.087905155    1.1449901 
   30000    1.2245353  0.095021265    1.2007583 
   31000     1.184802  0.093104285    1.0999754 
   32000    1.2121251  0.089368085    1.1702273 
   33000    1.1913026   0.08350825    1.1523501 
   34000    1.2026378  0.085033366    1.1255681 
   35000    1.1729034  0.083096386    1.0626861 
   36000    1.1674088  0.092301997    1.0997832 
   37000    1.1988759  0.093761548    1.1544831 
   38000    1.1714565     0.079785    1.0804922 
   39000    1.2354543  0.087400399    1.1993638 
   40000     1.166897  0.085725511    1.1244149 
   41000    1.1963066  0.087086065    1.1471528 
   42000    1.1427999  0.081621571     1.038474 
   43000    1.1936314  0.092942738    1.1247422 
   44000    1.2158973   0.08137637     1.138479 
   45000    1.1791606     0.083393    1.1148256 
   46000    1.2134477  0.080137055     1.172961 
   47000    1.1865476   0.08678206    1.1020136 
   48000    1.2604385  0.087240566    1.2084217 
   49000    1.1806121  0.089434911     1.097064 
   50000    1.1976674  0.089752105    1.1321146 
Loop time of 7.15195 on 1 procs for 50000 steps with 1331 atoms

Performance: 2416124.392 tau/day, 6991.101 timesteps/s
99.8% CPU use with 1 MPI tasks x no OpenMP threads

MPI task timing breakdown:
Section |  min time  |  avg time  |  max time  |%varavg| %total
---------------------------------------------------------------
Pair    | 4.2818     | 4.2818     | 4.2818     |   0.0 | 59.87
Neigh   | 1.5916     | 1.5916     | 1.5916     |   0.0 | 22.25
Comm    | 0.3266     | 0.3266     | 0.3266     |   0.0 |  4.57
Output  | 0.022524   | 0.022524   | 0.022524   |   0.0 |  0.31
Modify  | 0.84302    | 0.84302    | 0.84302    |   0.0 | 11.79
Other   |            | 0.08643    |            |       |  1.21

Nlocal:    1331 ave 1331 max 1331 min
Histogram: 1 0 0 0 0 0 0 0 0 0
Nghost:    1207 ave 1207 max 1207 min
Histogram: 1 0 0 0 0 0 0 0 0 0
Neighs:    6291 ave 6291 max 6291 min
Histogram: 1 0 0 0 0 0 0 0 0 0

Total # of neighbors = 6291
Ave neighs/atom = 4.72652
Neighbor list builds = 2500
Dangerous builds not checked

write_restart NVT/sim1/T_1.20__v_10.65/end1.restart
Total wall time: 0:00:07
