run 50000
Neighbor list info ...
  update every 20 steps, delay 0 steps, check no
  max neighbors/atom: 2000, page size: 100000
  master list distance cutoff = 2.8
  ghost atom cutoff = 2.8
  binsize = 1.4, bins = 12 12 12
  1 neighbor lists, perpetual/occasional/extra = 1 0 0
  (1) pair lj/cut, perpetual
      attributes: half, newton on
      pair build: half/bin/atomonly/newton
      stencil: half/bin/3d/newton
      bin: standard
Per MPI rank memory allocation (min/avg/max) = 2.738 | 2.738 | 2.738 Mbytes
Step Temp Press TotEng 
       0          0.9  -0.66699929  -0.13043678 
    1000   0.98575475    0.0478105  -0.57978028 
    2000   0.92035549 0.0051074053  -0.95855142 
    3000   0.90311355 -0.031905096   -1.1478558 
    4000   0.90699947 -0.057214513   -1.2803177 
    5000   0.92424082 -0.084106663    -1.373699 
    6000   0.87330202  -0.02479035   -1.4260204 
    7000   0.92190701 -0.0086963835   -1.4555888 
    8000   0.89788578  0.020158156    -1.537952 
    9000   0.88594531 -0.024776137   -1.5215115 
   10000   0.92700456  0.010960155    -1.488407 
   11000   0.91643852  0.064374345    -1.558873 
   12000   0.90847375 -0.0081375469    -1.597932 
   13000   0.88016627  0.032735728   -1.7086501 
   14000   0.90945168  0.080979334   -1.6380874 
   15000   0.91679281  0.034455911   -1.5624521 
   16000   0.92058076  0.036925483   -1.6160938 
   17000   0.87330739 -0.042875772   -1.6719305 
   18000   0.89374294 -0.017062684   -1.5537943 
   19000   0.90061887  0.011951174   -1.5677907 
   20000    0.8830269  0.026871905   -1.6346085 
   21000   0.90213939  0.001910856   -1.6631605 
   22000     0.887267  -0.10726726   -1.7360528 
   23000   0.86247656 -0.086548587   -1.8156282 
   24000   0.91896391 -0.016880585   -1.7562777 
   25000   0.86354122 0.00021159804   -1.8498592 
   26000   0.90956208   0.05624255   -1.7604921 
   27000   0.89995019   0.05917043   -1.6850383 
   28000   0.88541136  0.013998195   -1.6785258 
   29000   0.88095818  0.010496838   -1.7568921 
   30000    0.8915218  0.042637168    -1.752778 
   31000   0.90734508   0.04272159   -1.6474121 
   32000   0.90163388  0.059496563   -1.6761299 
   33000    0.9039215  0.024664905   -1.7669021 
   34000   0.89523128 0.0015141744   -1.7498846 
   35000   0.89163737 -0.022440906   -1.6466086 
   36000   0.86914874  0.054351725   -1.6412357 
   37000   0.91197397  0.053472608   -1.5612001 
   38000   0.90046413 0.0083320454    -1.572552 
   39000    0.8789356   0.05281132   -1.6793172 
   40000   0.89417194  0.097651858    -1.658069 
   41000    0.9136822   0.05498813   -1.6236373 
   42000   0.91334917 -0.021173073   -1.5158785 
   43000   0.90917021  0.024169259   -1.6199179 
   44000   0.90142632  0.013604897    -1.653526 
   45000   0.88105169 -0.0010340461   -1.6906786 
   46000   0.88301119 -0.007961514   -1.6945241 
   47000   0.91141303  0.024003645   -1.6638932 
   48000   0.93571675 -0.016179835   -1.6435998 
   49000   0.88166461 0.0002696005   -1.6769829 
   50000   0.90662354   0.04877465   -1.6097076 
Loop time of 21.5195 on 1 procs for 50000 steps with 1331 atoms

Performance: 802993.158 tau/day, 2323.476 timesteps/s
99.9% CPU use with 1 MPI tasks x no OpenMP threads

MPI task timing breakdown:
Section |  min time  |  avg time  |  max time  |%varavg| %total
---------------------------------------------------------------
Pair    | 16.794     | 16.794     | 16.794     |   0.0 | 78.04
Neigh   | 3.3428     | 3.3428     | 3.3428     |   0.0 | 15.53
Comm    | 0.41934    | 0.41934    | 0.41934    |   0.0 |  1.95
Output  | 0.023124   | 0.023124   | 0.023124   |   0.0 |  0.11
Modify  | 0.84083    | 0.84083    | 0.84083    |   0.0 |  3.91
Other   |            | 0.09924    |            |       |  0.46

Nlocal:    1331 ave 1331 max 1331 min
Histogram: 1 0 0 0 0 0 0 0 0 0
Nghost:    2053 ave 2053 max 2053 min
Histogram: 1 0 0 0 0 0 0 0 0 0
Neighs:    28165 ave 28165 max 28165 min
Histogram: 1 0 0 0 0 0 0 0 0 0

Total # of neighbors = 28165
Ave neighs/atom = 21.1608
Neighbor list builds = 2500
Dangerous builds not checked

write_restart NVT/sim1/T_0.90__v_2.74/end1.restart
Total wall time: 0:00:21
