run 50000
Neighbor list info ...
  update every 20 steps, delay 0 steps, check no
  max neighbors/atom: 2000, page size: 100000
  master list distance cutoff = 2.8
  ghost atom cutoff = 2.8
  binsize = 1.4, bins = 16 16 16
  1 neighbor lists, perpetual/occasional/extra = 1 0 0
  (1) pair lj/cut, perpetual
      attributes: half, newton on
      pair build: half/bin/atomonly/newton
      stencil: half/bin/3d/newton
      bin: standard
Per MPI rank memory allocation (min/avg/max) = 2.7 | 2.7 | 2.7 Mbytes
Step Temp Press Volume Density PotEng KinEng TotEng 
       0          0.5  0.017042887        10648        0.125  -0.13561964   0.74943651   0.61381687 
    1000    1.1080619  0.090264833    4845.6335   0.27468029   -1.7233422    1.6608441 -0.062498127 
    2000   0.91327077  0.042409691    2938.6541   0.45292844   -2.8689019    1.3688769    -1.500025 
    3000   0.84283145 -0.0078759696    1976.8448   0.67329514   -4.1302656    1.2632973   -2.8669683 
    4000    0.7370373    1.1027248    1592.7725   0.83564979    -5.080415    1.1047253   -3.9756896 
    5000   0.60407201   0.99775713    1483.7378   0.89705876   -5.6318215   0.90542725   -4.7263943 
    6000   0.52361897   0.99428077    1431.5029   0.92979207   -5.9242396   0.78483835   -5.1394012 
    7000   0.47650306    1.2376989    1415.3865   0.94037919   -5.9717629   0.71421759   -5.2575453 
    8000    0.5087991    1.2423019    1427.3427   0.93250207   -5.9003352   0.76262525     -5.13771 
    9000   0.50181915    1.2366536    1436.3702   0.92664136   -5.8439883   0.75216319   -5.0918252 
   10000    0.4811784    1.2410746    1425.5665   0.93366393   -5.9048737   0.72122533   -5.1836484 
   11000    0.4954327    1.1234155     1425.325    0.9338221   -5.9376737   0.74259072    -5.195083 
   12000    0.5040386    1.1971969    1430.9237   0.93016837   -5.8920465   0.75548986   -5.1365566 
   13000   0.50810403    1.2010126    1424.2757   0.93451008   -5.9401158   0.76158343   -5.1785323 
   14000    0.4992088     1.086701    1421.5612   0.93629454   -5.9676576    0.7482506    -5.219407 
   15000   0.50728022    1.2452026    1425.7184   0.93356447   -5.9062846   0.76034863    -5.145936 
   16000   0.52954046    1.4265105    1426.0027   0.93337831   -5.8837195   0.79371391   -5.0900056 
   17000   0.48990299    1.3322192    1421.8831   0.93608258   -5.9108277   0.73430238   -5.1765253 
   18000   0.49139923    1.0776734    1424.6548    0.9342614    -5.948566   0.73654505   -5.2120209 
   19000   0.50753944    1.0658909    1434.9806   0.92753865   -5.8858485   0.76073718   -5.1251113 
   20000   0.50865085    1.0684229    1431.4514   0.92982547   -5.9028252   0.76240303   -5.1404222 
   21000   0.49658147    1.2184284    1420.6565   0.93689077   -5.9515553   0.74431257   -5.2072427 
   22000   0.49934099    1.2718131    1422.9729   0.93536568   -5.9242713   0.74844874   -5.1758225 
   23000   0.50486709     1.071341    1433.0478   0.92878967    -5.899338   0.75673167   -5.1426064 
   24000   0.50316269   0.87576164     1433.831   0.92828231   -5.9320726   0.75417699   -5.1778956 
   25000   0.47600231    1.2364795     1425.235    0.9338811   -5.9077469   0.71346703   -5.1942799 
   26000   0.50513885    1.1904326    1427.0815   0.93267272   -5.9180201   0.75713899   -5.1608811 
   27000   0.50910736    1.1030608    1426.3568   0.93314663   -5.9343104    0.7630873   -5.1712231 
   28000   0.48443076    1.2585964    1421.8005   0.93613697   -5.9223518    0.7261002   -5.1962516 
   29000    0.5119305    1.2625774    1423.0124   0.93533974   -5.9234993   0.76731882   -5.1561805 
   30000   0.50871897    1.1183765    1428.2058   0.93193852   -5.9189531   0.76250514    -5.156448 
   31000   0.48071501    1.0504627    1428.1401   0.93198142   -5.9275818   0.72053076    -5.207051 
   32000   0.49528661   0.91083154    1432.1169   0.92939341   -5.9302192   0.74237175   -5.1878475 
   33000   0.49671607    1.3338022    1425.8625   0.93347012   -5.8943906   0.74451432   -5.1498763 
   34000   0.48926934    1.2871232    1420.7936   0.93680036     -5.92666   0.73335261   -5.1933074 
   35000   0.50023611    1.1438039    1427.3252   0.93251346   -5.9202151   0.74979041   -5.1704247 
   36000   0.51172853     1.219699    1428.5418    0.9317193   -5.9059041    0.7670161    -5.138888 
   37000   0.48527681    1.0494866    1427.5439   0.93237059   -5.9303762   0.72736832   -5.2030079 
   38000   0.49069261   0.94792634    1432.6172   0.92906887   -5.9283472   0.73548592   -5.1928612 
   39000   0.50514818     1.202074     1431.715   0.92965433   -5.8729214   0.75715299   -5.1157684 
   40000   0.50406646    1.3235101    1426.2279   0.93323096   -5.8972106   0.75553161    -5.141679 
   41000   0.50209108    1.1315198    1424.9646   0.93405832   -5.9378358   0.75257077    -5.185265 
   42000    0.5134565    1.0548288    1429.1204   0.93134213   -5.9266988    0.7696061   -5.1570927 
   43000   0.50474951    1.0978405    1430.4226   0.93049427   -5.9066782   0.75655542   -5.1501228 
   44000   0.49611385    1.4544027    1418.9997   0.93798469   -5.9068396   0.74361166    -5.163228 
   45000   0.51976058    1.2010695    1423.7588   0.93484938   -5.9366634   0.77905511   -5.1576083 
   46000   0.49914547    1.1168284    1426.0888   0.93332199   -5.9263848   0.74815569   -5.1782291 
   47000   0.48923272    0.9983918    1431.4828    0.9298051   -5.9181386   0.73329773   -5.1848409 
   48000   0.49629818    1.1286822    1432.8821   0.92889709   -5.8935242   0.74388795   -5.1496363 
   49000   0.49171732    1.3536413    1424.4668   0.93438472   -5.8942398   0.73702183   -5.1572179 
   50000   0.50474409    1.3495015    1420.6477    0.9368966   -5.9222291   0.75654731   -5.1656818 
Loop time of 40.7886 on 1 procs for 50000 steps with 1331 atoms

Performance: 423647.750 tau/day, 1225.833 timesteps/s
100.0% CPU use with 1 MPI tasks x no OpenMP threads

MPI task timing breakdown:
Section |  min time  |  avg time  |  max time  |%varavg| %total
---------------------------------------------------------------
Pair    | 33.168     | 33.168     | 33.168     |   0.0 | 81.32
Neigh   | 4.6055     | 4.6055     | 4.6055     |   0.0 | 11.29
Comm    | 0.72634    | 0.72634    | 0.72634    |   0.0 |  1.78
Output  | 0.025004   | 0.025004   | 0.025004   |   0.0 |  0.06
Modify  | 2.0414     | 2.0414     | 2.0414     |   0.0 |  5.00
Other   |            | 0.2219     |            |       |  0.54

Nlocal:    1331 ave 1331 max 1331 min
Histogram: 1 0 0 0 0 0 0 0 0 0
Nghost:    3142 ave 3142 max 3142 min
Histogram: 1 0 0 0 0 0 0 0 0 0
Neighs:    55226 ave 55226 max 55226 min
Histogram: 1 0 0 0 0 0 0 0 0 0

Total # of neighbors = 55226
Ave neighs/atom = 41.4921
Neighbor list builds = 2500
Dangerous builds not checked

write_restart lattice_11_11_11__2_2_2/sim1/T_0.50__P_1.20/end1.restart
Total wall time: 0:00:40
