run 50000
Neighbor list info ...
  update every 20 steps, delay 0 steps, check no
  max neighbors/atom: 2000, page size: 100000
  master list distance cutoff = 2.8
  ghost atom cutoff = 2.8
  binsize = 1.4, bins = 16 16 16
  1 neighbor lists, perpetual/occasional/extra = 1 0 0
  (1) pair lj/cut, perpetual
      attributes: half, newton on
      pair build: half/bin/atomonly/newton
      stencil: half/bin/3d/newton
      bin: standard
Per MPI rank memory allocation (min/avg/max) = 2.711 | 2.711 | 2.711 Mbytes
Step Temp Press TotEng 
       0          0.8  0.046324844    1.0043169 
    1000   0.96945748  0.073259931    0.4751177 
    2000   0.82362218 0.0061170723  0.038406059 
    3000   0.78777227  0.012079098  -0.21069992 
    4000   0.82019184  0.022446658  -0.34340607 
    5000   0.83048314  0.011958477  -0.46241813 
    6000     0.789749  0.023010958  -0.60654889 
    7000   0.77326881   0.02947424  -0.69808109 
    8000   0.80931306  0.040915978  -0.72334945 
    9000   0.78830439 0.0090719457  -0.89024063 
   10000   0.80319425 -0.010381761  -0.95984111 
   11000   0.80506019 -0.0032873116   -1.0642697 
   12000   0.78162703 0.0012900219   -1.1679448 
   13000   0.80448972  0.021389469   -1.2704781 
   14000   0.82633351  0.026590662   -1.3527129 
   15000   0.80886353  0.031701501   -1.4329299 
   16000   0.79367467  0.017002151   -1.5098412 
   17000   0.82971943  0.030513701   -1.5170135 
   18000   0.79648583 -0.015476247   -1.5875892 
   19000   0.79560173   0.01366418   -1.5965373 
   20000   0.82968951  0.015643392   -1.5196295 
   21000   0.81614097  0.023359191   -1.5735063 
   22000   0.78444552  0.025877525   -1.6371254 
   23000   0.80966816  0.020740904    -1.659934 
   24000   0.80044268 -0.0073555135   -1.7541184 
   25000   0.79489305  0.034420844   -1.7453889 
   26000   0.82446797  0.021947783   -1.6476364 
   27000   0.78526737   0.03161903   -1.6762344 
   28000   0.78100992 0.0026515207   -1.7355861 
   29000   0.78351351   0.02114691   -1.7833341 
   30000   0.81099832  0.034153069   -1.8105873 
   31000   0.78138371  0.023588339   -1.7193456 
   32000   0.81532086  0.025585834   -1.7146113 
   33000   0.78965942 -0.0089794305   -1.8235916 
   34000   0.77712522 0.0046674942   -1.7934843 
   35000   0.80172082  0.017872303   -1.7401817 
   36000   0.83359094  0.018072281   -1.8026227 
   37000   0.80114086 0.0097773253   -1.7942401 
   38000   0.78389987  0.013309201   -1.8596223 
   39000   0.81023908  0.019382271   -1.8636949 
   40000   0.78960857  0.030697414   -1.8201261 
   41000   0.80416401 0.0099075458   -1.8410502 
   42000   0.81605218  0.021273476   -1.8058947 
   43000   0.79202478  0.024429963   -1.8955922 
   44000    0.7991627  0.005201611   -1.9282431 
   45000   0.78518192  0.018317045   -1.9589103 
   46000   0.78636601  0.019500591   -1.9703726 
   47000    0.8144232  0.029925897   -1.8901259 
   48000   0.82356781  0.032679368   -1.8366179 
   49000   0.79425168  0.015598247   -1.7819652 
   50000   0.80336347  0.023594903   -1.7754058 
Loop time of 18.121 on 1 procs for 50000 steps with 1331 atoms

Performance: 953591.326 tau/day, 2759.234 timesteps/s
99.9% CPU use with 1 MPI tasks x no OpenMP threads

MPI task timing breakdown:
Section |  min time  |  avg time  |  max time  |%varavg| %total
---------------------------------------------------------------
Pair    | 14.08      | 14.08      | 14.08      |   0.0 | 77.70
Neigh   | 2.7698     | 2.7698     | 2.7698     |   0.0 | 15.28
Comm    | 0.30889    | 0.30889    | 0.30889    |   0.0 |  1.70
Output  | 0.022905   | 0.022905   | 0.022905   |   0.0 |  0.13
Modify  | 0.8528     | 0.8528     | 0.8528     |   0.0 |  4.71
Other   |            | 0.08645    |            |       |  0.48

Nlocal:    1331 ave 1331 max 1331 min
Histogram: 1 0 0 0 0 0 0 0 0 0
Nghost:    1115 ave 1115 max 1115 min
Histogram: 1 0 0 0 0 0 0 0 0 0
Neighs:    27078 ave 27078 max 27078 min
Histogram: 1 0 0 0 0 0 0 0 0 0

Total # of neighbors = 27078
Ave neighs/atom = 20.3441
Neighbor list builds = 2500
Dangerous builds not checked

write_restart NVT/sim1/T_0.80__v_6.86/end1.restart
Total wall time: 0:00:18
