run 50000
Neighbor list info ...
  update every 20 steps, delay 0 steps, check no
  max neighbors/atom: 2000, page size: 100000
  master list distance cutoff = 2.8
  ghost atom cutoff = 2.8
  binsize = 1.4, bins = 16 16 16
  1 neighbor lists, perpetual/occasional/extra = 1 0 0
  (1) pair lj/cut, perpetual
      attributes: half, newton on
      pair build: half/bin/atomonly/newton
      stencil: half/bin/3d/newton
      bin: standard
Per MPI rank memory allocation (min/avg/max) = 2.7 | 2.7 | 2.7 Mbytes
Step Temp Press Volume Density PotEng KinEng TotEng 
       0          0.9  0.067005321        10648        0.125  -0.13561964    1.3489857    1.2133661 
    1000    1.4212567   0.21544917    6053.5085   0.21987249   -1.2651086    2.1302834   0.86517475 
    2000    1.2263746   0.16555804    4152.2646   0.32054798   -1.9555156    1.8381797  -0.11733582 
    3000    1.0789403   0.23231042    3041.3702   0.43763169   -2.6405361    1.6171945   -1.0233416 
    4000    1.0408642   0.21840488    2347.0795   0.56708773    -3.359607    1.5601232   -1.7994837 
    5000    1.0234489   0.60503624    1942.3268   0.68526057    -4.041559    1.5340199   -2.5075391 
    6000   0.93001625   0.90515569    1764.1587   0.75446726   -4.4826937    1.3939763   -3.0887174 
    7000   0.86671073   0.98669361    1687.5613   0.78871211   -4.7226875    1.2990893   -3.4235981 
    8000   0.87410836   0.97019971    1672.4641   0.79583171   -4.7759821    1.3101774   -3.4658047 
    9000   0.94005676   0.88523221    1695.9473   0.78481214   -4.7178128    1.4090257   -3.3087871 
   10000   0.92172713    1.0685652    1699.7338    0.7830638   -4.6830457    1.3815519   -3.3014937 
   11000    0.8879602   0.96458557    1685.5891    0.7896349   -4.7425562    1.3309396   -3.4116166 
   12000   0.88793601   0.92934814    1683.5076   0.79061123   -4.7475336    1.3309033   -3.4166303 
   13000   0.91615692   0.93954045    1695.9225   0.78482358    -4.710922    1.3732029   -3.3377191 
   14000   0.90864966    1.0363262    1697.6209    0.7840384    -4.675393    1.3619505   -3.3134425 
   15000   0.92269724    1.0643557    1680.3935   0.79207638   -4.7389963     1.383006   -3.3559903 
   16000   0.92111326   0.99048261    1676.8557   0.79374749    -4.768225    1.3806318   -3.3875931 
   17000   0.88885834    1.1278127    1689.1174    0.7879855   -4.6812264    1.3322858   -3.3489406 
   18000    0.8971729    1.0562586    1690.6461   0.78727298    -4.697792    1.3447483   -3.3530438 
   19000    0.9090794   0.85744469    1688.3893   0.78832531   -4.7514784    1.3625946   -3.3888838 
   20000    0.8825542   0.84121195    1693.9159   0.78575329   -4.7341378    1.3228367   -3.4113011 
   21000    0.9331287    1.1438967     1682.876   0.79090794   -4.7088611    1.3986414   -3.3102196 
   22000    0.9174325    1.3069171    1680.3024    0.7921193   -4.7052149    1.3751148   -3.3301001 
   23000   0.89734477   0.79397491    1701.5586   0.78222401    -4.722071    1.3450059   -3.3770651 
   24000   0.90739422   0.81828336    1694.8436   0.78532319   -4.7293445    1.3600687   -3.3692757 
   25000    0.9246294    1.1536028    1680.5799   0.79198854     -4.73453    1.3859021   -3.3486279 
   26000   0.90757417    1.0028712    1688.8913   0.78809099   -4.7349352    1.3603385   -3.3745967 
   27000   0.90322897    1.0297945     1697.755   0.78397647     -4.68432    1.3538255   -3.3304945 
   28000    0.9038461    1.0988844    1697.9648   0.78387964   -4.6737828    1.3547505   -3.3190322 
   29000   0.88210629    1.1254455    1682.1191   0.79126385   -4.7039064    1.3221653    -3.381741 
   30000   0.86755698   0.82362745    1704.1046   0.78105532   -4.6993862    1.3003578   -3.3990285 
   31000   0.91668211    0.8900029    1702.0857    0.7819818   -4.6948706    1.3739901   -3.3208805 
   32000   0.93196264     1.074077    1688.5384   0.78825568   -4.7103625    1.3968937   -3.3134689 
   33000   0.88161953   0.97818545    1688.8563   0.78810733   -4.7120782    1.3214357   -3.3906425 
   34000   0.85408193   0.97464849    1676.8668   0.79374224   -4.7655465    1.2801604   -3.4853861 
   35000   0.89734873   0.82389989    1699.1619   0.78332734   -4.7142267    1.3450118   -3.3692149 
   36000   0.90042256    1.1164634    1694.1845   0.78562872   -4.6840743    1.3496191   -3.3344552 
   37000   0.86695902    1.0953606    1692.9973   0.78617964   -4.6946827    1.2994615   -3.3952212 
   38000   0.87676932   0.86051508    1692.9522    0.7862006   -4.7092234    1.3141659   -3.3950575 
   39000   0.91710728   0.91504303    1712.3295   0.77730367   -4.6733268    1.3746274   -3.2986994 
   40000   0.90065118   0.81397966    1707.2224   0.77962895   -4.6918546    1.3499618   -3.3418929 
   41000    0.8902472    1.1303316    1682.3856   0.79113849   -4.7050956    1.3343675   -3.3707281 
   42000   0.89508585    1.2220417    1676.5234   0.79390482   -4.7217919      1.34162   -3.3801719 
   43000   0.88464255     1.032335    1698.4329    0.7836636   -4.6692673    1.3259669   -3.3433004 
   44000   0.91585423   0.93158269    1709.0756   0.77878355   -4.6735981    1.3727492   -3.3008489 
   45000   0.90862058   0.93577834    1682.5127   0.79107873   -4.7589684    1.3619069   -3.3970615 
   46000   0.90427154    1.0305837    1689.0026   0.78803903   -4.7044694    1.3553882   -3.3490811 
   47000   0.91703095    1.0655477    1704.6728   0.78079498   -4.6506775     1.374513   -3.2761645 
   48000   0.92917053    1.1210378    1710.7426   0.77802472   -4.6245763    1.3927086   -3.2318677 
   49000   0.87594672    1.0067219    1698.2349   0.78375496   -4.6733169    1.3129329   -3.3603839 
   50000   0.84706604   0.71088938     1711.194   0.77781946   -4.6838174    1.2696444   -3.4141729 
Loop time of 35.8095 on 1 procs for 50000 steps with 1331 atoms

Performance: 482553.439 tau/day, 1396.277 timesteps/s
99.9% CPU use with 1 MPI tasks x no OpenMP threads

MPI task timing breakdown:
Section |  min time  |  avg time  |  max time  |%varavg| %total
---------------------------------------------------------------
Pair    | 28.485     | 28.485     | 28.485     |   0.0 | 79.55
Neigh   | 4.4466     | 4.4466     | 4.4466     |   0.0 | 12.42
Comm    | 0.69747    | 0.69747    | 0.69747    |   0.0 |  1.95
Output  | 0.026253   | 0.026253   | 0.026253   |   0.0 |  0.07
Modify  | 2.0097     | 2.0097     | 2.0097     |   0.0 |  5.61
Other   |            | 0.1446     |            |       |  0.40

Nlocal:    1331 ave 1331 max 1331 min
Histogram: 1 0 0 0 0 0 0 0 0 0
Nghost:    2919 ave 2919 max 2919 min
Histogram: 1 0 0 0 0 0 0 0 0 0
Neighs:    46186 ave 46186 max 46186 min
Histogram: 1 0 0 0 0 0 0 0 0 0

Total # of neighbors = 46186
Ave neighs/atom = 34.7002
Neighbor list builds = 2500
Dangerous builds not checked

write_restart lattice_11_11_11__2_2_2/sim1/T_0.90__P_1.00/end1.restart
Total wall time: 0:00:35
