run 50000
Neighbor list info ...
  update every 20 steps, delay 0 steps, check no
  max neighbors/atom: 2000, page size: 100000
  master list distance cutoff = 2.8
  ghost atom cutoff = 2.8
  binsize = 1.4, bins = 16 16 16
  1 neighbor lists, perpetual/occasional/extra = 1 0 0
  (1) pair lj/cut, perpetual
      attributes: half, newton on
      pair build: half/bin/atomonly/newton
      stencil: half/bin/3d/newton
      bin: standard
Per MPI rank memory allocation (min/avg/max) = 2.7 | 2.7 | 2.7 Mbytes
Step Temp Press Volume Density PotEng KinEng TotEng 
       0            1  0.079495929        10648        0.125  -0.13561964     1.498873    1.3632534 
    1000    1.7008135   0.35016165    5334.3673   0.24951413   -1.4369415    2.5493035     1.112362 
    2000    1.4385884     0.350076    3477.0725   0.38279328   -2.1985657    2.1562613 -0.042304435 
    3000    1.2941925   0.44656628    2509.5677   0.53037022   -3.0441193    1.9398303    -1.104289 
    4000    1.2163159    0.9785895    1983.6516   0.67098476   -3.8385076    1.8231032   -2.0154044 
    5000    1.0976112    1.4881365    1748.9953   0.76100833   -4.4129458    1.6451798    -2.767766 
    6000   0.96485525    1.8781169    1651.2857   0.80603859   -4.6974003    1.4461955   -3.2512048 
    7000   0.96223131    1.7451681    1634.1609   0.81448526   -4.8049507    1.4422626   -3.3626881 
    8000    1.0165245     1.881793    1657.9245   0.80281098   -4.6887971    1.5236411   -3.1651559 
    9000    1.0418446    1.7616373    1661.0167   0.80131643   -4.6889442    1.5615928   -3.1273514 
   10000   0.98560169    1.7437994    1639.8676    0.8116509   -4.7836089    1.4772918   -3.3063171 
   11000   0.98123031    1.9111206    1637.6135    0.8127681   -4.7699332    1.4707396   -3.2991936 
   12000    1.0180928    1.8847011     1661.265    0.8011967   -4.6710557    1.5259918   -3.1450639 
   13000    1.0007975     1.780076    1660.2362   0.80169317    -4.689347    1.5000684   -3.1892786 
   14000   0.97194981    1.8800556    1635.9595   0.81358984   -4.7579169    1.4568294   -3.3010876 
   15000   0.98316646    1.8024917    1644.1362   0.80954363   -4.7425698    1.4736417   -3.2689281 
   16000    1.0289579    1.6471571    1668.4792   0.79773245     -4.68394    1.5422773   -3.1416627 
   17000    1.0005171    1.8990609    1654.5833   0.80443213   -4.6881352    1.4996481   -3.1884871 
   18000     0.963761    1.9308223    1635.5331   0.81380193   -4.7659578    1.4445554   -3.3214025 
   19000   0.97504162     1.680962    1652.1795   0.80560252   -4.7376344    1.4614636   -3.2761708 
   20000    1.0296222    1.7258652    1670.3085   0.79685878   -4.6566954     1.543273   -3.1134224 
   21000    1.0335501    2.1149308    1638.1818   0.81248611   -4.6960996    1.5491603   -3.1469393 
   22000   0.97059522    1.7026996    1642.7725   0.81021567   -4.7742186     1.454799   -3.3194196 
   23000   0.97141162    1.7269218    1649.8701   0.80673017   -4.7345151    1.4560227   -3.2784925 
   24000    1.0054079    1.8395936    1658.9781   0.80230112   -4.6733886    1.5069788   -3.1664099 
   25000    1.0066359    1.7398829    1661.6283    0.8010215   -4.6929147    1.5088193   -3.1840954 
   26000   0.99424281    1.7754587    1643.0812   0.81006343   -4.7487003    1.4902437   -3.2584566 
   27000   0.96148666     1.752372    1657.7175   0.80291123   -4.6947917    1.4411464   -3.2536453 
   28000    1.0160133    1.8686098    1656.8517   0.80333079   -4.6824324     1.522875   -3.1595574 
   29000    1.0295457    1.8901008    1646.2444   0.80850691   -4.7129399    1.5431583   -3.1697816 
   30000    0.9916635    1.4513948    1659.3033    0.8021439   -4.7428212    1.4863777   -3.2564435 
   31000     1.044135    1.7124915    1646.0122     0.808621   -4.7752087    1.5650258   -3.2101829 
   32000   0.98211928    1.9388718    1651.2026   0.80607916   -4.6870732    1.4720721   -3.2150011 
   33000    1.0183382    1.7504354    1644.5407    0.8093445    -4.766273    1.5263596   -3.2399134 
   34000    1.0162431    1.5417351    1657.7367   0.80290195   -4.7482969    1.5232193   -3.2250776 
   35000   0.97930238    2.1547182    1648.6232   0.80734035   -4.6534371    1.4678499   -3.1855872 
   36000    1.0358289     1.730933    1649.1094   0.80710231   -4.7469267     1.552576   -3.1943506 
   37000   0.95641839    1.8718429    1646.1976   0.80852989   -4.7058255    1.4335497   -3.2722758 
   38000    1.0132348    1.7062687    1639.9171   0.81162638   -4.7793881    1.5187102   -3.2606778 
   39000    1.0242685    1.7333234    1657.2107   0.80315677   -4.7061997    1.5352484   -3.1709513 
   40000    1.0212858    2.0419416    1637.4528   0.81284787   -4.7284768    1.5307778    -3.197699 
   41000   0.97307684    1.7447584    1649.9918   0.80667069   -4.7436187    1.4585186   -3.2851001 
   42000   0.96808746    1.4496529    1673.6454   0.79527002   -4.7035087    1.4510402   -3.2524685 
   43000    1.0370812    1.7657245    1655.9071   0.80378904   -4.7224861     1.554453   -3.1680331 
   44000    1.0207164     1.618358     1653.787   0.80481951   -4.7407452    1.5299243   -3.2108209 
   45000   0.97661877    2.0546556    1638.4124   0.81237177   -4.7151489    1.4638275   -3.2513214 
   46000   0.94997619    1.7621158    1638.7685   0.81219525   -4.7781522    1.4238937   -3.3542585 
   47000   0.99493684    1.7239993    1648.2717   0.80751252   -4.7435111     1.491284   -3.2522271 
   48000    1.0191145    1.7771676    1650.5457   0.80639997   -4.7271684    1.5275233   -3.1996451 
   49000    1.0173298    1.7842237    1664.3431   0.79971491   -4.6680006    1.5248482   -3.1431524 
   50000    1.0270179    1.8533791    1663.5255   0.80010795   -4.6502915    1.5393694    -3.110922 
Loop time of 42.3764 on 1 procs for 50000 steps with 1331 atoms

Performance: 407773.730 tau/day, 1179.901 timesteps/s
99.7% CPU use with 1 MPI tasks x no OpenMP threads

MPI task timing breakdown:
Section |  min time  |  avg time  |  max time  |%varavg| %total
---------------------------------------------------------------
Pair    | 33.784     | 33.784     | 33.784     |   0.0 | 79.72
Neigh   | 5.1149     | 5.1149     | 5.1149     |   0.0 | 12.07
Comm    | 0.83695    | 0.83695    | 0.83695    |   0.0 |  1.98
Output  | 0.030155   | 0.030155   | 0.030155   |   0.0 |  0.07
Modify  | 2.3871     | 2.3871     | 2.3871     |   0.0 |  5.63
Other   |            | 0.2233     |            |       |  0.53

Nlocal:    1331 ave 1331 max 1331 min
Histogram: 1 0 0 0 0 0 0 0 0 0
Nghost:    2912 ave 2912 max 2912 min
Histogram: 1 0 0 0 0 0 0 0 0 0
Neighs:    47730 ave 47730 max 47730 min
Histogram: 1 0 0 0 0 0 0 0 0 0

Total # of neighbors = 47730
Ave neighs/atom = 35.8603
Neighbor list builds = 2500
Dangerous builds not checked

write_restart lattice_11_11_11__2_2_2/sim1/T_1.00__P_1.80/end1.restart
Total wall time: 0:00:42
