run 50000
Neighbor list info ...
  update every 20 steps, delay 0 steps, check no
  max neighbors/atom: 2000, page size: 100000
  master list distance cutoff = 2.8
  ghost atom cutoff = 2.8
  binsize = 1.4, bins = 16 16 16
  1 neighbor lists, perpetual/occasional/extra = 1 0 0
  (1) pair lj/cut, perpetual
      attributes: half, newton on
      pair build: half/bin/atomonly/newton
      stencil: half/bin/3d/newton
      bin: standard
Per MPI rank memory allocation (min/avg/max) = 2.7 | 2.7 | 2.7 Mbytes
Step Temp Press Volume Density PotEng KinEng TotEng 
       0          0.8  0.054514712        10648        0.125  -0.13561964    1.1990984    1.0634788 
    1000    1.2509585   0.15255008    6402.0379   0.20790255   -1.2233929    1.8750279   0.65163504 
    2000    1.0954145  0.081709945    4498.7808   0.29585794   -1.9157129    1.6418873  -0.27382565 
    3000   0.96423681  0.010308509    3324.7773   0.40032757   -2.5755499    1.4452686   -1.1302814 
    4000   0.94723944 -0.021436386    2533.0078   0.52546226   -3.2981807    1.4197916   -1.8783891 
    5000   0.91020039   0.29486888    2040.5479    0.6522758   -3.9391505    1.3642748   -2.5748757 
    6000   0.88925305   0.42896919    1779.6587   0.74789623   -4.5144406    1.3328774   -3.1815632 
    7000   0.81747625   0.60940478    1675.8184   0.79423881   -4.8542513    1.2252931   -3.6289582 
    8000    0.7844993   0.72534447     1639.391   0.81188684   -4.9714942    1.1758648   -3.7956293 
    9000   0.79738162   0.58853602     1657.766   0.80288776   -4.9151264    1.1951738   -3.7199526 
   10000   0.82321148   0.55480291    1682.1485   0.79125002   -4.8275955    1.2338895    -3.593706 
   11000   0.81159242    0.5623499     1664.716   0.79953578   -4.8818751     1.216474   -3.6654011 
   12000   0.79969962   0.69639621    1645.1577   0.80904099   -4.9406777    1.1986482   -3.7420295 
   13000    0.7791555   0.68351821    1651.4133   0.80597629   -4.9093502    1.1678552    -3.741495 
   14000    0.8082565   0.63051201    1667.2725   0.79830981   -4.8728136    1.2114739   -3.6613398 
   15000   0.79844617   0.84907275    1666.5986   0.79863263   -4.8285174    1.1967694    -3.631748 
   16000   0.77314032   0.62757308    1661.8391    0.8009199   -4.8810773    1.1588392   -3.7222381 
   17000   0.79330146   0.91862983    1641.5112    0.8108382   -4.9167797    1.1890582   -3.7277215 
   18000   0.79986765   0.63604552    1664.0864   0.79983828   -4.8872093       1.1989   -3.6883092 
   19000   0.82976561   0.84349214    1664.5114   0.79963408   -4.8463006    1.2437133   -3.6025873 
   20000   0.77098916   0.64794114    1676.4018   0.79396239   -4.8315636    1.1556149   -3.6759488 
   21000   0.79439861   0.66141769    1660.2943   0.80166511   -4.8941263    1.1907027   -3.7034237 
   22000   0.81364505   0.86805083    1642.9544   0.81012594   -4.9170368    1.2195506   -3.6974861 
   23000    0.7996225   0.53879976    1660.3167   0.80165429   -4.9140707    1.1985326   -3.7155381 
   24000   0.79099567   0.79323143    1660.7701   0.80143542   -4.8675917    1.1856021   -3.6819896 
   25000   0.86298724   0.72914268    1655.4246   0.80402331   -4.9115788    1.2935083   -3.6180705 
   26000   0.77780947   0.62102244    1670.5263   0.79675488   -4.8634387    1.1658376    -3.697601 
   27000   0.77860758   0.75516116    1650.4144   0.80646413   -4.9070677    1.1670339   -3.7400338 
   28000   0.81779992   0.76457743    1649.4649   0.80692835   -4.9051738    1.2257782   -3.6793955 
   29000    0.8149574   0.61671203     1668.721   0.79761687   -4.8665028    1.2215177   -3.6449851 
   30000   0.79229494   0.60756776    1666.4011   0.79872729   -4.8683398    1.1875495   -3.6807903 
   31000   0.80078695   0.74130371     1653.897   0.80476595   -4.8972535     1.200278   -3.6969755 
   32000   0.77342673   0.61415301    1665.0642   0.79936857   -4.8846652    1.1592685   -3.7253967 
   33000    0.7918558   0.62194926    1669.7678    0.7971168   -4.8667886    1.1868913   -3.6798973 
   34000   0.86605562   0.80173754    1654.7751   0.80433893    -4.894754    1.2981074   -3.5966466 
   35000   0.81912982     0.646874    1670.2588   0.79688251   -4.8572771    1.2277716   -3.6295055 
   36000    0.7910636   0.54645862    1661.6744    0.8009993   -4.9040937    1.1857039   -3.7183898 
   37000   0.80048996   0.72871535    1646.9126   0.80817887   -4.9257581    1.1998328   -3.7259253 
   38000   0.82483764   0.81615032    1661.0575   0.80129675   -4.8674769    1.2363269     -3.63115 
   39000   0.77256173   0.52604383    1675.0749   0.79459136   -4.8464122    1.1579719   -3.6884403 
   40000   0.78623739   0.71700726    1650.0156   0.80665904    -4.924904      1.17847    -3.746434 
   41000   0.78816593   0.84110302    1652.6869   0.80535523   -4.8724748    1.1813607   -3.6911142 
   42000   0.80447393   0.62465118    1670.0857   0.79696509    -4.855008    1.2058043   -3.6492037 
   43000   0.79978277   0.66657405    1653.8102   0.80480819   -4.9130089    1.1987728   -3.7142361 
   44000   0.80097319   0.61002299    1659.4139   0.80209043   -4.9059208    1.2005571   -3.7053636 
   45000   0.82216072   0.53379681    1664.1365   0.79981418   -4.9122327    1.2323145   -3.6799181 
   46000   0.81738474   0.50238567    1666.1622   0.79884181   -4.9024504    1.2251559   -3.6772944 
   47000   0.78539162   0.84873405    1657.2675   0.80312923   -4.8703002    1.1772023   -3.6930979 
   48000   0.81897407   0.67223168    1644.4612   0.80938366   -4.9504226    1.2275381   -3.7228845 
   49000   0.79978446   0.83298946    1654.0282   0.80470213   -4.8801262    1.1987754   -3.6813509 
   50000   0.77454707   0.49363426    1688.8449   0.78811263   -4.8151872    1.1609477   -3.6542395 
Loop time of 36.1912 on 1 procs for 50000 steps with 1331 atoms

Performance: 477464.262 tau/day, 1381.552 timesteps/s
99.9% CPU use with 1 MPI tasks x no OpenMP threads

MPI task timing breakdown:
Section |  min time  |  avg time  |  max time  |%varavg| %total
---------------------------------------------------------------
Pair    | 28.843     | 28.843     | 28.843     |   0.0 | 79.70
Neigh   | 4.4436     | 4.4436     | 4.4436     |   0.0 | 12.28
Comm    | 0.69977    | 0.69977    | 0.69977    |   0.0 |  1.93
Output  | 0.024846   | 0.024846   | 0.024846   |   0.0 |  0.07
Modify  | 2.0261     | 2.0261     | 2.0261     |   0.0 |  5.60
Other   |            | 0.1538     |            |       |  0.43

Nlocal:    1331 ave 1331 max 1331 min
Histogram: 1 0 0 0 0 0 0 0 0 0
Nghost:    2880 ave 2880 max 2880 min
Histogram: 1 0 0 0 0 0 0 0 0 0
Neighs:    46908 ave 46908 max 46908 min
Histogram: 1 0 0 0 0 0 0 0 0 0

Total # of neighbors = 46908
Ave neighs/atom = 35.2427
Neighbor list builds = 2500
Dangerous builds not checked

write_restart lattice_11_11_11__2_2_2/sim1/T_0.80__P_0.70/end1.restart
Total wall time: 0:00:36
