run 50000
Neighbor list info ...
  update every 20 steps, delay 0 steps, check no
  max neighbors/atom: 2000, page size: 100000
  master list distance cutoff = 2.8
  ghost atom cutoff = 2.8
  binsize = 1.4, bins = 16 16 16
  1 neighbor lists, perpetual/occasional/extra = 1 0 0
  (1) pair lj/cut, perpetual
      attributes: half, newton on
      pair build: half/bin/atomonly/newton
      stencil: half/bin/3d/newton
      bin: standard
Per MPI rank memory allocation (min/avg/max) = 2.7 | 2.7 | 2.7 Mbytes
Step Temp Press Volume Density PotEng KinEng TotEng 
       0            1  0.079495929        10648        0.125  -0.13561964     1.498873    1.3632534 
    1000    1.4146125   0.20041432    6999.5593   0.19015483    -1.102135    2.1203246    1.0181896 
    2000    1.2184723   0.18467716    5200.7821   0.25592305   -1.5923785    1.8263353   0.23395682 
    3000    1.0889028  0.050445408    4014.4207   0.33155469    -2.060769    1.6321271  -0.42864191 
    4000    1.0649811   0.10040702    3195.0729   0.41657892   -2.5721715    1.5962714  -0.97590007 
    5000    1.0515723   0.13293776    2626.6883   0.50672171   -3.0569281    1.5761733   -1.4807548 
    6000     1.045559   0.28421826    2232.3853   0.59622324   -3.5225403    1.5671603     -1.95538 
    7000    1.0397904    0.3348391    2003.9194   0.66419837   -3.9402967    1.5585138   -2.3817829 
    8000    1.0024675   0.49305062    1884.8839   0.70614429   -4.1975243    1.5025714   -2.6949529 
    9000   0.94415225   0.66772047     1851.049   0.71905175   -4.2506492    1.4151643   -2.8354848 
   10000    1.0205739    0.6160724    1868.7269   0.71224959   -4.2428427    1.5297107    -2.713132 
   11000    1.0165935   0.60070028    1900.0553   0.70050592   -4.1325882    1.5237446   -2.6088436 
   12000    1.0064115   0.70070458    1895.2795   0.70227109    -4.140109    1.5084831   -2.6316259 
   13000    1.0098012   0.57675356     1860.677   0.71533104   -4.2452675    1.5135638   -2.7317037 
   14000    1.0147555   0.52062814    1859.4169    0.7158158   -4.2750169    1.5209897   -2.7540272 
   15000    1.0046966   0.57540571    1884.9684   0.70611264   -4.1757139    1.5059127   -2.6698012 
   16000   0.98366846   0.56279674    1890.2514   0.70413915   -4.1651117    1.4743941   -2.6907176 
   17000    1.0174338   0.59128222    1861.7523   0.71491787   -4.2699331     1.525004   -2.7449291 
   18000   0.99329566   0.51944322    1865.4096   0.71351622   -4.2302677    1.4888241   -2.7414436 
   19000    1.0064591    0.6915585    1876.1449   0.70943347   -4.1863454    1.5085544    -2.677791 
   20000    1.0154347   0.53379588    1887.0044   0.70535076   -4.1757026    1.5220077   -2.6536948 
   21000    1.0359271   0.44902357     1875.057    0.7098451   -4.2256926    1.5527232   -2.6729694 
   22000     1.006411   0.39987789    1865.2279   0.71358572   -4.2641041    1.5084823   -2.7556218 
   23000   0.99621221   0.56255651    1872.0714   0.71097715   -4.2173537    1.4931956    -2.724158 
   24000    1.0119125   0.67312953    1892.9154   0.70314818   -4.1428304    1.5167283   -2.6261021 
   25000    1.0431485   0.58888604    1885.8939   0.70576612   -4.2023394    1.5635471   -2.6387923 
   26000    1.0243358   0.73790293    1839.5826   0.72353369    -4.283551    1.5353493   -2.7482017 
   27000    1.0027932   0.67665788    1864.5315   0.71385223   -4.2415666    1.5030597   -2.7385069 
   28000    1.0185295   0.53390242    1884.0648   0.70645129   -4.2109987    1.5266464   -2.6843523 
   29000    0.9871828   0.57409163    1876.7191    0.7092164   -4.1965161    1.4796617   -2.7168544 
   30000   0.98997383   0.72109931    1845.0708   0.72138154   -4.2909915    1.4838451   -2.8071464 
   31000   0.97389055   0.63972793    1879.9086   0.70801316   -4.1806198    1.4597383   -2.7208815 
   32000   0.99475018   0.64534012    1882.4298   0.70706488    -4.176711    1.4910042   -2.6857068 
   33000    1.0060188   0.54541094    1867.6445   0.71266241   -4.2389264    1.5078944    -2.731032 
   34000   0.99391299    0.6260803    1854.2503    0.7178103   -4.2773328    1.4897494   -2.7875835 
   35000   0.98640392    0.7313854    1881.4679   0.70742637    -4.159331    1.4784942   -2.6808367 
   36000    1.0154654    0.5394257     1888.869   0.70465448   -4.1809602    1.5220537   -2.6589065 
   37000    0.9835762   0.54458316    1855.6091   0.71728467   -4.2626511    1.4742558   -2.7883952 
   38000   0.97188911   0.49043251    1874.2824   0.71013844   -4.2260956    1.4567384   -2.7693572 
   39000    1.0377486   0.56119152    1877.7353   0.70883259   -4.2228535    1.5554534   -2.6674001 
   40000   0.99232181   0.69860856    1877.3075   0.70899413   -4.1803752    1.4873644   -2.6930108 
   41000   0.99249992   0.87309904    1853.5832   0.71806864   -4.2075376    1.4876314   -2.7199062 
   42000    1.0295014   0.75320678    1830.7431    0.7270272   -4.2933138    1.5430919   -2.7502219 
   43000    1.0211266    0.7197358     1838.363   0.72401371   -4.2821407    1.5305391   -2.7516016 
   44000    1.0294213   0.51284173    1885.9964   0.70572773   -4.1998624    1.5429719   -2.6568905 
   45000    1.0042132   0.66259738    1884.7084   0.70621004   -4.1782534    1.5051881   -2.6730653 
   46000   0.97855761   0.67801606    1855.4629    0.7173412   -4.2432753    1.4667336   -2.7765417 
   47000   0.99134202   0.61801957    1848.1401   0.72018349   -4.2608001    1.4858958   -2.7749043 
   48000    1.0111121   0.56407379    1879.1547   0.70829721    -4.198234    1.5155286   -2.6827054 
   49000   0.99994045   0.65360466    1878.3259   0.70860974   -4.1910171    1.4987838   -2.6922334 
   50000    1.0164093   0.50977858    1876.5569   0.70927771   -4.2367066    1.5234685   -2.7132381 
Loop time of 32.999 on 1 procs for 50000 steps with 1331 atoms

Performance: 523651.561 tau/day, 1515.195 timesteps/s
99.9% CPU use with 1 MPI tasks x no OpenMP threads

MPI task timing breakdown:
Section |  min time  |  avg time  |  max time  |%varavg| %total
---------------------------------------------------------------
Pair    | 25.818     | 25.818     | 25.818     |   0.0 | 78.24
Neigh   | 4.3212     | 4.3212     | 4.3212     |   0.0 | 13.09
Comm    | 0.68158    | 0.68158    | 0.68158    |   0.0 |  2.07
Output  | 0.024466   | 0.024466   | 0.024466   |   0.0 |  0.07
Modify  | 2.0183     | 2.0183     | 2.0183     |   0.0 |  6.12
Other   |            | 0.1358     |            |       |  0.41

Nlocal:    1331 ave 1331 max 1331 min
Histogram: 1 0 0 0 0 0 0 0 0 0
Nghost:    2794 ave 2794 max 2794 min
Histogram: 1 0 0 0 0 0 0 0 0 0
Neighs:    42367 ave 42367 max 42367 min
Histogram: 1 0 0 0 0 0 0 0 0 0

Total # of neighbors = 42367
Ave neighs/atom = 31.831
Neighbor list builds = 2500
Dangerous builds not checked

write_restart lattice_11_11_11__2_2_2/sim1/T_1.00__P_0.60/end1.restart
Total wall time: 0:00:33
