run 50000
Neighbor list info ...
  update every 20 steps, delay 0 steps, check no
  max neighbors/atom: 2000, page size: 100000
  master list distance cutoff = 2.8
  ghost atom cutoff = 2.8
  binsize = 1.4, bins = 17 17 17
  1 neighbor lists, perpetual/occasional/extra = 1 0 0
  (1) pair lj/cut, perpetual
      attributes: half, newton on
      pair build: half/bin/atomonly/newton
      stencil: half/bin/3d/newton
      bin: standard
Per MPI rank memory allocation (min/avg/max) = 2.705 | 2.705 | 2.705 Mbytes
Step Temp Press TotEng 
       0          1.9    0.1769001    2.7543176 
    1000    1.9354643   0.20270788    2.3190349 
    2000    1.8489598   0.17140707    2.1544251 
    3000    1.9516594   0.18573722    2.3154158 
    4000    1.8616534   0.17392334    2.1611493 
    5000    1.9660119   0.19344013    2.3307818 
    6000    1.8716435   0.17764856    2.2139073 
    7000    1.9504063   0.18422395     2.309593 
    8000    1.8614794   0.18607757    2.1691864 
    9000    1.9135314   0.19407987    2.2527139 
   10000    1.8452102   0.18540507    2.1518708 
   11000     1.882037   0.18980084    2.2260109 
   12000    1.9093701   0.19100784    2.2402184 
   13000     1.859772   0.20947437    2.2316888 
   14000    1.9192824   0.18963217     2.252851 
   15000    1.8790009   0.17951534    2.1762671 
   16000    1.9383702   0.19489182    2.2735212 
   17000    1.8312877     0.176358    2.1127258 
   18000    1.9226769    0.2002922    2.3009069 
   19000    1.8751126   0.18044534    2.1815027 
   20000    1.9748714   0.20657916    2.3691864 
   21000    1.9060217   0.19186412    2.2392914 
   22000    1.9123208   0.18344653      2.22624 
   23000    1.9709582   0.18789214    2.3074319 
   24000    1.8462548   0.16987346    2.1494646 
   25000    1.9378647   0.19636236    2.2818179 
   26000    1.9043639   0.18706627    2.2189237 
   27000    1.8902067   0.17850247    2.2028341 
   28000     1.955862   0.19874231    2.3194683 
   29000    1.8505149    0.1734182     2.150026 
   30000    1.9737077    0.2079044    2.3627853 
   31000    1.8664661   0.18922027    2.2070005 
   32000    1.9330777   0.19821405    2.2799079 
   33000    1.9247136   0.18732375    2.2755042 
   34000    1.8961205   0.17900184     2.227558 
   35000    1.9001223   0.18498258    2.2430719 
   36000    1.8804455   0.18029672    2.1789981 
   37000    1.9189497   0.19457944    2.2574549 
   38000    1.8222725     0.187652    2.1163952 
   39000     1.940792    0.1800778     2.294361 
   40000    1.8825278   0.18394995    2.1962339 
   41000    1.9100244    0.2197622    2.2945496 
   42000    1.9291732   0.20079716    2.2930788 
   43000    1.8530323   0.18436538    2.1398569 
   44000     1.959297    0.2042685    2.3171948 
   45000    1.8955361   0.19007656    2.2011132 
   46000    1.9176175   0.19213729    2.2667909 
   47000    1.8492993   0.18534677    2.1703771 
   48000      1.88691   0.18859656    2.2219587 
   49000     1.900112   0.19913517    2.2536453 
   50000    1.8630236    0.2028354    2.1823828 
Loop time of 7.79125 on 1 procs for 50000 steps with 1331 atoms

Performance: 2217874.022 tau/day, 6417.460 timesteps/s
99.8% CPU use with 1 MPI tasks x no OpenMP threads

MPI task timing breakdown:
Section |  min time  |  avg time  |  max time  |%varavg| %total
---------------------------------------------------------------
Pair    | 4.7283     | 4.7283     | 4.7283     |   0.0 | 60.69
Neigh   | 1.7645     | 1.7645     | 1.7645     |   0.0 | 22.65
Comm    | 0.34237    | 0.34237    | 0.34237    |   0.0 |  4.39
Output  | 0.022343   | 0.022343   | 0.022343   |   0.0 |  0.29
Modify  | 0.84475    | 0.84475    | 0.84475    |   0.0 | 10.84
Other   |            | 0.08905    |            |       |  1.14

Nlocal:    1331 ave 1331 max 1331 min
Histogram: 1 0 0 0 0 0 0 0 0 0
Nghost:    1292 ave 1292 max 1292 min
Histogram: 1 0 0 0 0 0 0 0 0 0
Neighs:    6881 ave 6881 max 6881 min
Histogram: 1 0 0 0 0 0 0 0 0 0

Total # of neighbors = 6881
Ave neighs/atom = 5.1698
Neighbor list builds = 2500
Dangerous builds not checked

write_restart NVT/sim1/T_1.90__v_9.26/end1.restart
Total wall time: 0:00:07
