run 50000
Neighbor list info ...
  update every 20 steps, delay 0 steps, check no
  max neighbors/atom: 2000, page size: 100000
  master list distance cutoff = 2.8
  ghost atom cutoff = 2.8
  binsize = 1.4, bins = 20 20 20
  1 neighbor lists, perpetual/occasional/extra = 1 0 0
  (1) pair lj/cut, perpetual
      attributes: half, newton on
      pair build: half/bin/atomonly/newton
      stencil: half/bin/3d/newton
      bin: standard
Per MPI rank memory allocation (min/avg/max) = 2.748 | 2.748 | 2.748 Mbytes
Step Temp Press TotEng 
       0          0.5  0.028290952   0.73710746 
    1000   0.60389566  0.024965756    0.4864545 
    2000   0.53654131  0.011118185   0.18226048 
    3000   0.50602932  0.014453845 -0.026206062 
    4000   0.51842243 0.0087391927  -0.21441476 
    5000   0.54172943 -9.5260062e-05  -0.42321599 
    6000   0.51884801 0.0051847658  -0.66799904 
    7000   0.52092386 0.0024502177   -0.8798018 
    8000   0.52529268 -0.0042345502   -1.1002257 
    9000   0.53630411 0.00036651854   -1.3345348 
   10000   0.52405367 -0.0032702179   -1.5718446 
   11000   0.50420138 0.0010560902   -1.7681591 
   12000   0.52234474  0.014653023   -1.9467552 
   13000   0.51714055  0.011651312   -2.1201399 
   14000   0.49260857 0.0063224681   -2.2582328 
   15000   0.49816014 -0.0039027287   -2.3654265 
   16000   0.49419955 0.0047295937   -2.4225474 
   17000   0.49066273 -0.011371988   -2.4319793 
   18000   0.52949919  0.010978284   -2.4449908 
   19000   0.49953587 0.0035468229    -2.543236 
   20000   0.48952248 0.0048506497   -2.6127515 
   21000   0.50154081 -9.5055885e-05   -2.6428907 
   22000    0.5146306 0.0052049789   -2.6572157 
   23000   0.50679138 0.0065975681   -2.7017805 
   24000   0.51362118 0.0078375871   -2.7520872 
   25000   0.51691098 -0.0051822153   -2.8159435 
   26000   0.50443569 -0.0052167344   -2.8829996 
   27000   0.51415176 0.0012307095   -2.9052505 
   28000   0.50727959 -0.0063651698   -2.9678642 
   29000   0.49359717 0.0060126362   -2.9544823 
   30000   0.50745046 2.4816756e-05   -2.8938645 
   31000   0.51456192 0.0036798823   -2.8796007 
   32000   0.49837879 -0.0030730656   -2.9349001 
   33000   0.48114981 -0.0049365702   -2.9825813 
   34000   0.49288299 0.0025119935   -2.9832021 
   35000   0.50404115 -0.008813312   -2.9406794 
   36000   0.49872486 0.0029163494   -3.0015095 
   37000   0.51280746 -0.00040924755   -3.0235733 
   38000   0.49497893 -0.0001139924   -3.0757005 
   39000   0.49030838 -0.0022719004   -3.0308297 
   40000   0.51484842 0.00026658514   -3.0110635 
   41000    0.4913903 0.0082305603   -3.0668631 
   42000   0.49506157 -0.010501846    -3.076619 
   43000   0.49567362 0.0042100316    -3.142442 
   44000   0.48409449 -0.0068928854    -3.173664 
   45000   0.50056867  0.013270562   -3.1961899 
   46000   0.49898377 -0.009973341   -3.1369665 
   47000   0.50329026 -0.0020194967   -3.1107801 
   48000   0.51084168 -0.0063681311   -3.0590961 
   49000   0.50185389 0.0060562805   -3.1144475 
   50000   0.49112383 0.00066487396   -3.1634621 
Loop time of 16.1002 on 1 procs for 50000 steps with 1331 atoms

Performance: 1073280.755 tau/day, 3105.558 timesteps/s
99.9% CPU use with 1 MPI tasks x no OpenMP threads

MPI task timing breakdown:
Section |  min time  |  avg time  |  max time  |%varavg| %total
---------------------------------------------------------------
Pair    | 12.707     | 12.707     | 12.707     |   0.0 | 78.93
Neigh   | 2.1724     | 2.1724     | 2.1724     |   0.0 | 13.49
Comm    | 0.26017    | 0.26017    | 0.26017    |   0.0 |  1.62
Output  | 0.02402    | 0.02402    | 0.02402    |   0.0 |  0.15
Modify  | 0.85283    | 0.85283    | 0.85283    |   0.0 |  5.30
Other   |            | 0.08346    |            |       |  0.52

Nlocal:    1331 ave 1331 max 1331 min
Histogram: 1 0 0 0 0 0 0 0 0 0
Nghost:    904 ave 904 max 904 min
Histogram: 1 0 0 0 0 0 0 0 0 0
Neighs:    28909 ave 28909 max 28909 min
Histogram: 1 0 0 0 0 0 0 0 0 0

Total # of neighbors = 28909
Ave neighs/atom = 21.7198
Neighbor list builds = 2500
Dangerous builds not checked

write_restart NVT/sim1/T_0.50__v_17.58/end1.restart
Total wall time: 0:00:16
