run 50000
Neighbor list info ...
  update every 20 steps, delay 0 steps, check no
  max neighbors/atom: 2000, page size: 100000
  master list distance cutoff = 2.8
  ghost atom cutoff = 2.8
  binsize = 1.4, bins = 23 23 23
  1 neighbor lists, perpetual/occasional/extra = 1 0 0
  (1) pair lj/cut, perpetual
      attributes: half, newton on
      pair build: half/bin/atomonly/newton
      stencil: half/bin/3d/newton
      bin: standard
Per MPI rank memory allocation (min/avg/max) = 2.748 | 2.748 | 2.748 Mbytes
Step Temp Press TotEng 
       0          0.3  0.011917793   0.43733285 
    1000   0.39368551 0.0076638208    0.2843708 
    2000   0.37025962 0.0071516774  0.028874954 
    3000   0.35175811 0.0051934611  -0.21706588 
    4000   0.38397121 -0.00015151297  -0.49020305 
    5000    0.3894744 -0.0011483932  -0.79214036 
    6000   0.38757224 0.0004496863   -1.1672415 
    7000   0.37263851 -0.0036681925   -1.5229376 
    8000    0.3539344 0.0020835834   -1.8085818 
    9000   0.34678514 0.00019133886   -2.0722713 
   10000   0.32376028 -0.0044130248   -2.3152644 
   11000   0.30071023 0.0035439567    -2.490872 
   12000   0.29487518 -0.0010897939   -2.5917782 
   13000   0.32105695 0.0061762973   -2.6425284 
   14000   0.30172901 -0.0060679066   -2.7194979 
   15000    0.2983914 0.0045997984   -2.7846452 
   16000   0.29629004 0.0034045906   -2.8516315 
   17000   0.30414404 -0.0011562086   -2.8703885 
   18000   0.30671467 -0.0051657374   -2.8736086 
   19000   0.30110331 -0.0025427267   -2.9314494 
   20000    0.3010065 -0.0057026756   -2.9758813 
   21000   0.30199485 -0.00071091624   -2.9383813 
   22000    0.3104594 -0.00086116905   -2.9445622 
   23000     0.296522 -0.00070455152   -3.0224928 
   24000   0.30068999 -0.0024703737   -3.0803067 
   25000   0.29270286 -0.0005398004   -3.1052601 
   26000   0.30195205 -0.012090036   -3.0874073 
   27000   0.30389763 0.00011724499   -3.0943746 
   28000   0.29613333  0.007896217   -3.1533213 
   29000   0.29752928 0.0030880282   -3.1924266 
   30000   0.29924404 -0.0014315116   -3.1794757 
   31000   0.30681831 0.00021310007   -3.1776124 
   32000    0.2941536 0.0043246695   -3.2011521 
   33000   0.29259735 -0.0043013171   -3.2002396 
   34000   0.29110899 0.0005294847   -3.2175532 
   35000   0.29826216 -0.00090332718   -3.2293795 
   36000   0.30592823 -5.0339426e-05   -3.2399457 
   37000   0.29081929 0.0041667449   -3.2629658 
   38000   0.30592856 -0.0030252524   -3.2617585 
   39000   0.30894168 0.0064636202   -3.2310661 
   40000   0.29641499 0.00048304398   -3.2452824 
   41000   0.30043023 -0.0022876436   -3.2629505 
   42000   0.29846662 -0.00081348834   -3.2951265 
   43000   0.31618387 0.0070157917   -3.3193027 
   44000   0.29680874 -0.0020182161   -3.3491169 
   45000    0.2992369 -0.00035017317   -3.3678745 
   46000   0.30406652 -0.0013868268   -3.3960402 
   47000   0.29431619 0.0011656761    -3.385063 
   48000   0.30272214 0.0027612847   -3.4068202 
   49000    0.2937622 0.00051334711   -3.4213801 
   50000   0.30035724 0.0036040215   -3.4163503 
Loop time of 14.9254 on 1 procs for 50000 steps with 1331 atoms

Performance: 1157759.403 tau/day, 3349.998 timesteps/s
98.5% CPU use with 1 MPI tasks x no OpenMP threads

MPI task timing breakdown:
Section |  min time  |  avg time  |  max time  |%varavg| %total
---------------------------------------------------------------
Pair    | 11.663     | 11.663     | 11.663     |   0.0 | 78.14
Neigh   | 1.7998     | 1.7998     | 1.7998     |   0.0 | 12.06
Comm    | 0.28303    | 0.28303    | 0.28303    |   0.0 |  1.90
Output  | 0.027586   | 0.027586   | 0.027586   |   0.0 |  0.18
Modify  | 1.0568     | 1.0568     | 1.0568     |   0.0 |  7.08
Other   |            | 0.09468    |            |       |  0.63

Nlocal:    1331 ave 1331 max 1331 min
Histogram: 1 0 0 0 0 0 0 0 0 0
Nghost:    787 ave 787 max 787 min
Histogram: 1 0 0 0 0 0 0 0 0 0
Neighs:    22210 ave 22210 max 22210 min
Histogram: 1 0 0 0 0 0 0 0 0 0

Total # of neighbors = 22210
Ave neighs/atom = 16.6867
Neighbor list builds = 2500
Dangerous builds not checked

write_restart NVT/sim1/T_0.30__v_24.39/end1.restart
Total wall time: 0:00:14
