run 50000
Neighbor list info ...
  update every 20 steps, delay 0 steps, check no
  max neighbors/atom: 2000, page size: 100000
  master list distance cutoff = 2.8
  ghost atom cutoff = 2.8
  binsize = 1.4, bins = 15 15 15
  1 neighbor lists, perpetual/occasional/extra = 1 0 0
  (1) pair lj/cut, perpetual
      attributes: half, newton on
      pair build: half/bin/atomonly/newton
      stencil: half/bin/3d/newton
      bin: standard
Per MPI rank memory allocation (min/avg/max) = 2.75 | 2.75 | 2.75 Mbytes
Step Temp Press TotEng 
       0          1.2    0.0935548     1.519509 
    1000    1.3173512    0.1581079    0.9702751 
    2000    1.1585633    0.1139649   0.60535206 
    3000    1.2269581   0.11366877    0.7283149 
    4000    1.1871098   0.11650043   0.66537473 
    5000     1.183995   0.10571804   0.65357136 
    6000    1.2141399   0.11678154   0.65792037 
    7000    1.1852372   0.11031167    0.6074363 
    8000    1.2239288   0.11472531   0.69379438 
    9000    1.1461466   0.12218904   0.58182812 
   10000    1.2256164    0.1214436   0.73627248 
   11000    1.1674373    0.1389906   0.65100507 
   12000    1.2351919   0.13256377   0.76924716 
   13000    1.2106206   0.12107413   0.70412374 
   14000    1.1673264   0.11894048   0.62566075 
   15000    1.2138335   0.11153735   0.65350341 
   16000    1.1969315   0.14794973   0.65440687 
   17000    1.1759993   0.08780436   0.65488601 
   18000     1.211086   0.11893352   0.69201459 
   19000    1.1233898   0.12412798   0.58310398 
   20000    1.1913449    0.1048068   0.70051108 
   21000    1.2068308   0.11022247   0.68641361 
   22000    1.1525054   0.11116021   0.62173142 
   23000    1.2236673   0.15808643   0.68764771 
   24000      1.18302   0.12126691   0.58253715 
   25000    1.2412253   0.13819771    0.6894688 
   26000    1.1615161   0.12913174   0.62663335 
   27000    1.2292323   0.11642613   0.71471243 
   28000    1.1620969   0.12113969   0.61405557 
   29000    1.2090546    0.1424777   0.66808992 
   30000    1.2187922   0.11840561   0.70391894 
   31000    1.1591859   0.10120495   0.57067632 
   32000     1.218681   0.13052365   0.69011002 
   33000    1.2043732   0.12828831   0.67505387 
   34000    1.1348996   0.13879433   0.59996158 
   35000    1.2097908   0.15588525   0.72797659 
   36000    1.1946645   0.10424927   0.63579967 
   37000    1.2086903   0.12819479   0.70178912 
   38000    1.1758796   0.12521911   0.66989785 
   39000    1.2259121   0.10675177   0.66585456 
   40000    1.2527938   0.11581781   0.72334147 
   41000    1.1757282  0.085328722   0.62118777 
   42000    1.1797071   0.10831603   0.65804354 
   43000    1.2253748   0.13298473   0.77417024 
   44000    1.1916299   0.11540651   0.67581848 
   45000    1.1843338    0.1346271   0.63882253 
   46000    1.2294078   0.14118623   0.70567957 
   47000    1.1704576   0.10477674   0.63405798 
   48000    1.2192337   0.12910362   0.70739447 
   49000     1.138742   0.10857584   0.56317676 
   50000    1.2024391   0.12051967   0.65003589 
Loop time of 10.8066 on 1 procs for 50000 steps with 1331 atoms

Performance: 1599026.789 tau/day, 4626.814 timesteps/s
99.8% CPU use with 1 MPI tasks x no OpenMP threads

MPI task timing breakdown:
Section |  min time  |  avg time  |  max time  |%varavg| %total
---------------------------------------------------------------
Pair    | 7.1562     | 7.1562     | 7.1562     |   0.0 | 66.22
Neigh   | 2.2823     | 2.2823     | 2.2823     |   0.0 | 21.12
Comm    | 0.4005     | 0.4005     | 0.4005     |   0.0 |  3.71
Output  | 0.02331    | 0.02331    | 0.02331    |   0.0 |  0.22
Modify  | 0.84804    | 0.84804    | 0.84804    |   0.0 |  7.85
Other   |            | 0.09619    |            |       |  0.89

Nlocal:    1331 ave 1331 max 1331 min
Histogram: 1 0 0 0 0 0 0 0 0 0
Nghost:    1511 ave 1511 max 1511 min
Histogram: 1 0 0 0 0 0 0 0 0 0
Neighs:    10994 ave 10994 max 10994 min
Histogram: 1 0 0 0 0 0 0 0 0 0

Total # of neighbors = 10994
Ave neighs/atom = 8.25995
Neighbor list builds = 2500
Dangerous builds not checked

write_restart NVT/sim1/T_1.20__v_5.83/end1.restart
Total wall time: 0:00:10
