run 50000
Neighbor list info ...
  update every 20 steps, delay 0 steps, check no
  max neighbors/atom: 2000, page size: 100000
  master list distance cutoff = 2.8
  ghost atom cutoff = 2.8
  binsize = 1.4, bins = 16 16 16
  1 neighbor lists, perpetual/occasional/extra = 1 0 0
  (1) pair lj/cut, perpetual
      attributes: half, newton on
      pair build: half/bin/atomonly/newton
      stencil: half/bin/3d/newton
      bin: standard
Per MPI rank memory allocation (min/avg/max) = 2.7 | 2.7 | 2.7 Mbytes
Step Temp Press Volume Density PotEng KinEng TotEng 
       0          1.4   0.12945836        10648        0.125  -0.13561964    2.0984222    1.9628026 
    1000     2.034077   0.43448709    6042.1591   0.22028549   -1.1692443    3.0488232    1.8795789 
    2000    1.7828961   0.52168374    4223.3686   0.31515128   -1.7198922    2.6723349   0.95244271 
    3000    1.6396983   0.41933324    3202.1077   0.41566372   -2.3557896    2.4576996   0.10190994 
    4000    1.5461574   0.78750383    2568.6025   0.51818061   -2.8963066    2.3174936  -0.57881299 
    5000    1.4675913    1.1596593    2208.9743   0.60254208   -3.3518712     2.199733   -1.1521381 
    6000    1.3729413     1.545395    2011.5179   0.66168937   -3.6489258    2.0578647   -1.5910611 
    7000    1.3874483    1.4539806    1931.0386   0.68926639   -3.8899499    2.0796089    -1.810341 
    8000    1.3930594    1.6706261     1927.598   0.69049667     -3.84083    2.0880191   -1.7528108 
    9000     1.413105    1.7075706    1966.1109   0.67697095   -3.7550864     2.118065   -1.6370214 
   10000     1.409142    1.5520583    1961.0802    0.6787076   -3.7725175    2.1121249   -1.6603926 
   11000    1.3860323    1.6915507    1941.4532   0.68556894   -3.8313221    2.0774864   -1.7538358 
   12000    1.4124953    1.5863449    1945.6167   0.68410187    -3.837152    2.1171511   -1.7200009 
   13000    1.3463385    1.7885708    1964.4467   0.67754449   -3.6995515    2.0179905    -1.681561 
   14000    1.3681091    1.7082064    1964.3462   0.67757913   -3.7628062    2.0506218   -1.7121844 
   15000    1.3546693    1.5594156    1954.0867   0.68113663   -3.8255759    2.0304773   -1.7950985 
   16000    1.3738562    1.5090388    1966.6779   0.67677579   -3.7818389     2.059236   -1.7226029 
   17000    1.4086696    1.5136904    1972.3697   0.67482279   -3.7428389    2.1114168   -1.6314221 
   18000    1.4118056    1.6291902    1950.3566    0.6824393   -3.7948978    2.1161174   -1.6787804 
   19000    1.3949914    1.5396668    1936.9318   0.68716928   -3.8818993     2.090915   -1.7909843 
   20000    1.4482598    1.6169049    1941.4698   0.68556307   -3.8301708    2.1707576   -1.6594132 
   21000    1.4315671     1.929701    1955.8687   0.68051603   -3.7239991    2.1457373   -1.5782618 
   22000    1.4165372    1.6644067     1938.131   0.68674407   -3.8059039    2.1232094   -1.6826944 
   23000    1.4156308    1.6030082    1924.3987   0.69164463   -3.8804243    2.1218509   -1.7585735 
   24000    1.4448377    1.4908681    1944.0505   0.68465298   -3.8504984    2.1656283   -1.6848701 
   25000    1.4509568    1.5992123    1960.2575   0.67899243   -3.7938825       2.1748   -1.6190825 
   26000    1.3778572    1.5794291    1950.0739   0.68253822   -3.8044303    2.0652331   -1.7391973 
   27000    1.3678168    1.5679527    1942.9669   0.68503483   -3.8433576    2.0501838   -1.7931738 
   28000    1.3718127     1.398661    1960.7037   0.67883789   -3.8067787     2.056173   -1.7506056 
   29000    1.4231495    1.3788535    1965.4069   0.67721346   -3.8274285    2.1331204   -1.6943081 
   30000    1.3428982    1.7868254    1966.1211   0.67696744   -3.7138611    2.0128338   -1.7010273 
   31000    1.3590933    1.5305201    1953.5645   0.68131869   -3.8007299    2.0371083   -1.7636215 
   32000    1.3769676    1.6237441    1945.4318   0.68416689   -3.8169674    2.0638996   -1.7530679 
   33000    1.4135857    1.3961512    1981.8175   0.67160573   -3.7748208    2.1187854   -1.6560354 
   34000    1.4407641    1.4325822    1963.8108   0.67776387   -3.8189055    2.1595224   -1.6593831 
   35000    1.3928207    1.6695246    1931.3749   0.68914638   -3.8374005    2.0876614   -1.7497392 
   36000    1.4180862    1.8218702    1940.2806   0.68598325   -3.7819917    2.1255312   -1.6564605 
   37000    1.3928591    1.6733243    1961.0648   0.67871292   -3.7441014    2.0877189   -1.6563824 
   38000    1.3672531    1.4982547    1954.1967   0.68109827   -3.8097361    2.0493388   -1.7603973 
   39000     1.344905    1.4525189    1939.0262   0.68642703   -3.8651363    2.0158418   -1.8492945 
   40000    1.3693907    1.5134875    1972.0805   0.67492173   -3.7805662    2.0525428   -1.7280235 
   41000     1.371686    1.7112691     1962.197   0.67832128   -3.7419205    2.0559832   -1.6859373 
   42000    1.4003481    1.6165303    1952.6054   0.68165335   -3.7887429    2.0989441   -1.6897989 
   43000    1.4377749    1.5320686    1932.2281   0.68884208   -3.8745328     2.155042   -1.7194908 
   44000    1.3887836    1.8789916    1913.5326   0.69557215   -3.8569696    2.0816102   -1.7753594 
   45000    1.4337463    1.5902537    1956.4613   0.68030989     -3.78962    2.1490037   -1.6406163 
   46000    1.4048037    1.7003604    1945.6134     0.684103   -3.7993783    2.1056224   -1.6937559 
   47000    1.3761808    1.4120685    1941.4184   0.68558121   -3.8663787    2.0627204   -1.8036584 
   48000    1.3564695    1.3999631    1968.2977   0.67621885   -3.7780861    2.0331755   -1.7449106 
   49000    1.3293869    1.4523585    1994.0884   0.66747293   -3.7095741    1.9925821    -1.716992 
   50000    1.3605708    1.5362956    1977.0249    0.6732338   -3.7500019    2.0393229    -1.710679 
Loop time of 37.9846 on 1 procs for 50000 steps with 1331 atoms

Performance: 454921.586 tau/day, 1316.324 timesteps/s
99.7% CPU use with 1 MPI tasks x no OpenMP threads

MPI task timing breakdown:
Section |  min time  |  avg time  |  max time  |%varavg| %total
---------------------------------------------------------------
Pair    | 29.619     | 29.619     | 29.619     |   0.0 | 77.98
Neigh   | 4.9815     | 4.9815     | 4.9815     |   0.0 | 13.11
Comm    | 0.80419    | 0.80419    | 0.80419    |   0.0 |  2.12
Output  | 0.029569   | 0.029569   | 0.029569   |   0.0 |  0.08
Modify  | 2.3814     | 2.3814     | 2.3814     |   0.0 |  6.27
Other   |            | 0.1685     |            |       |  0.44

Nlocal:    1331 ave 1331 max 1331 min
Histogram: 1 0 0 0 0 0 0 0 0 0
Nghost:    2724 ave 2724 max 2724 min
Histogram: 1 0 0 0 0 0 0 0 0 0
Neighs:    40315 ave 40315 max 40315 min
Histogram: 1 0 0 0 0 0 0 0 0 0

Total # of neighbors = 40315
Ave neighs/atom = 30.2893
Neighbor list builds = 2500
Dangerous builds not checked

write_restart lattice_11_11_11__2_2_2/sim1/T_1.40__P_1.60/end1.restart
Total wall time: 0:00:38
