run 50000
Neighbor list info ...
  update every 20 steps, delay 0 steps, check no
  max neighbors/atom: 2000, page size: 100000
  master list distance cutoff = 2.8
  ghost atom cutoff = 2.8
  binsize = 1.4, bins = 16 16 16
  1 neighbor lists, perpetual/occasional/extra = 1 0 0
  (1) pair lj/cut, perpetual
      attributes: half, newton on
      pair build: half/bin/atomonly/newton
      stencil: half/bin/3d/newton
      bin: standard
Per MPI rank memory allocation (min/avg/max) = 2.7 | 2.7 | 2.7 Mbytes
Step Temp Press Volume Density PotEng KinEng TotEng 
       0          1.7   0.16693019        10648        0.125  -0.13561964    2.5480841    2.4124645 
    1000    2.2971669   0.49324652    6459.1971   0.20606276   -1.0280928    3.4431615    2.4150687 
    2000    2.0595676   0.52658438    4689.4713    0.2838273    -1.537166    3.0870303    1.5498643 
    3000    1.8479044   0.71540462    3650.5639   0.36460121   -1.9518875    2.7697741   0.81788655 
    4000    1.7591594   0.85074949    3000.2511   0.44362953   -2.3603317    2.6367566   0.27642485 
    5000    1.7495427    1.0195741    2593.6143   0.51318348   -2.7804862    2.6223423  -0.15814382 
    6000    1.7198939     1.248182    2363.6287   0.56311722   -3.0740021    2.5779026  -0.49609947 
    7000    1.6877401    1.3984016    2245.4706    0.5927488   -3.2192148     2.529708  -0.68950674 
    8000    1.6607826    1.5514387    2217.7024   0.60017071   -3.2175667    2.4893022   -0.7282645 
    9000    1.6755244    1.5657828    2242.5712   0.59351516   -3.1647746    2.5113983  -0.65337636 
   10000    1.7250691    1.3844465    2266.2414   0.58731607   -3.1856766    2.5856595  -0.60001712 
   11000    1.7070429    1.4338313    2255.1144   0.59021396   -3.2042486    2.5586406  -0.64560798 
   12000    1.7056358    1.4419935    2222.8671   0.59877624   -3.2533822    2.5565315  -0.69685072 
   13000    1.6780498    1.5326742    2216.5873   0.60047262    -3.239762    2.5151835   -0.7245785 
   14000    1.7070263    1.4052971    2241.0449   0.59391939   -3.2268831    2.5586157  -0.66826736 
   15000    1.7122205    1.5867345    2267.0149   0.58711569   -3.1381054    2.5664011   -0.5717043 
   16000    1.7185177     1.162773    2272.6459   0.58566096   -3.2295111    2.5758398  -0.65367131 
   17000    1.6425161    1.3373598    2238.8919   0.59449052    -3.237157    2.4619231   -0.7752339 
   18000    1.7269741    1.6918246    2216.3311   0.60054204   -3.2072456    2.5885148  -0.61873082 
   19000    1.7594934    1.6646917    2253.7896   0.59056089   -3.1496552    2.6372571  -0.51239807 
   20000    1.6784824    1.5230511    2259.4063   0.58909282    -3.170092     2.515832     -0.65426 
   21000    1.6287492    1.3700667    2226.1233    0.5979004   -3.2330111    2.4412883   -0.7917228 
   22000    1.7222225     1.514244    2226.8241   0.59771224   -3.2192978    2.5813929  -0.63790491 
   23000    1.7206059    1.5393544    2261.6562   0.58850677   -3.1377641    2.5789697  -0.55879435 
   24000    1.7020391    1.4330281    2235.3852    0.5954231    -3.248173    2.5511405  -0.69703255 
   25000    1.6875214    1.3789241    2228.9329   0.59714674   -3.2485057    2.5293803  -0.71912539 
   26000    1.7003955     1.426867    2236.7031   0.59507227    -3.215077    2.5486769  -0.66640003 
   27000    1.6765126     1.592573    2245.9229   0.59262943   -3.1670142    2.5128795  -0.65413473 
   28000    1.7209304    1.5292845    2266.4181   0.58727029   -3.1148032    2.5794561  -0.53534701 
   29000    1.6635086    1.2870883    2322.2613   0.57314825   -3.1091973    2.4933881  -0.61580913 
   30000    1.6327124    1.6383363    2221.2727   0.59920603   -3.2198169    2.4472286  -0.77258829 
   31000    1.7193635    1.6348929     2226.405   0.59782476   -3.2005257    2.5771076  -0.62341813 
   32000    1.6940787    1.4791004    2267.3948   0.58701732   -3.1603562    2.5392089  -0.62114734 
   33000    1.7353933     1.430392    2276.7407   0.58460764   -3.1522305    2.6011343  -0.55109622 
   34000    1.7094887    1.4944823    2213.1541   0.60140413   -3.2451148    2.5623065  -0.68280834 
   35000    1.6570049    1.4754734    2238.8117   0.59451182    -3.234214      2.48364    -0.750574 
   36000     1.697053    1.1713665    2272.9138   0.58559194   -3.1807777    2.5436669  -0.63711079 
   37000    1.6679676    1.4514197    2240.9463   0.59394552   -3.2056124    2.5000716  -0.70554077 
   38000    1.7127301    1.6310015    2207.0925   0.60305583   -3.2163249    2.5671649  -0.64916002 
   39000    1.8002682    1.5034163    2247.3096   0.59226374   -3.2176986    2.6983734  -0.51932519 
   40000    1.7020484    1.2010061    2278.1475   0.58424663    -3.191344    2.5511545  -0.64018953 
   41000    1.6632254    1.2980451    2245.8828   0.59264001   -3.2654251    2.4929636  -0.77246148 
   42000     1.666619    1.6701944     2223.127   0.59870623   -3.1878125    2.4980502  -0.68976227 
   43000    1.7366947    1.6218689    2254.9958     0.590245   -3.1334061    2.6030849  -0.53032125 
   44000    1.7157138    1.6134378    2248.1582   0.59204019   -3.1440148    2.5716371  -0.57237771 
   45000    1.6600879    1.6109519    2215.7394   0.60070241   -3.2072604     2.488261  -0.71899941 
   46000    1.7156818    1.3121282    2237.2298   0.59493219   -3.2558164    2.5715892  -0.68422718 
   47000    1.7307962    1.2105341     2301.248   0.57838182   -3.1711439    2.5942437  -0.57690017 
   48000    1.7392246    1.3688148    2320.1599   0.57366735   -3.1067527    2.6068768  -0.49987589 
   49000     1.775434    1.6214715    2207.7877   0.60286595   -3.2393773    2.6611501  -0.57822723 
   50000    1.6892017    1.6682158    2226.3631   0.59783599   -3.2030667    2.5318989  -0.67116781 
Loop time of 35.0154 on 1 procs for 50000 steps with 1331 atoms

Performance: 493497.341 tau/day, 1427.944 timesteps/s
99.9% CPU use with 1 MPI tasks x no OpenMP threads

MPI task timing breakdown:
Section |  min time  |  avg time  |  max time  |%varavg| %total
---------------------------------------------------------------
Pair    | 27.021     | 27.021     | 27.021     |   0.0 | 77.17
Neigh   | 4.516      | 4.516      | 4.516      |   0.0 | 12.90
Comm    | 0.79665    | 0.79665    | 0.79665    |   0.0 |  2.28
Output  | 0.026291   | 0.026291   | 0.026291   |   0.0 |  0.08
Modify  | 2.4875     | 2.4875     | 2.4875     |   0.0 |  7.10
Other   |            | 0.1682     |            |       |  0.48

Nlocal:    1331 ave 1331 max 1331 min
Histogram: 1 0 0 0 0 0 0 0 0 0
Nghost:    2566 ave 2566 max 2566 min
Histogram: 1 0 0 0 0 0 0 0 0 0
Neighs:    36068 ave 36068 max 36068 min
Histogram: 1 0 0 0 0 0 0 0 0 0

Total # of neighbors = 36068
Ave neighs/atom = 27.0984
Neighbor list builds = 2500
Dangerous builds not checked

write_restart lattice_11_11_11__2_2_2/sim1/T_1.70__P_1.50/end1.restart
Total wall time: 0:00:35
