run 50000
Neighbor list info ...
  update every 20 steps, delay 0 steps, check no
  max neighbors/atom: 2000, page size: 100000
  master list distance cutoff = 2.8
  ghost atom cutoff = 2.8
  binsize = 1.4, bins = 23 23 23
  1 neighbor lists, perpetual/occasional/extra = 1 0 0
  (1) pair lj/cut, perpetual
      attributes: half, newton on
      pair build: half/bin/atomonly/newton
      stencil: half/bin/3d/newton
      bin: standard
Per MPI rank memory allocation (min/avg/max) = 2.748 | 2.748 | 2.748 Mbytes
Step Temp Press TotEng 
       0          0.2 0.0074533573   0.28744555 
    1000   0.29889335 0.0056868869   0.13780248 
    2000   0.28713671  0.001272296  -0.12736398 
    3000    0.3124243 -0.001694112  -0.43490306 
    4000   0.32544275 -0.0014199226  -0.82493634 
    5000   0.32640064 0.0081413255   -1.2700883 
    6000   0.30463415 0.00020781866   -1.7083154 
    7000   0.27627252 0.0004154917   -2.1016169 
    8000   0.24339465 0.0033106461   -2.4109957 
    9000   0.21179528 0.0047493944   -2.6202097 
   10000   0.19358291 0.0012667151   -2.7392402 
   11000   0.19333826 0.0013898237   -2.7914213 
   12000   0.20732245 -0.0008947784   -2.7861394 
   13000   0.20025765 -0.001557212   -2.8102448 
   14000   0.19827033 -0.00075078348   -2.8232981 
   15000   0.21430676 -0.0029644898   -2.8121421 
   16000   0.20236616 0.0052341079   -2.8452034 
   17000   0.20073609 0.0086344518   -2.8736497 
   18000   0.20177417 -0.0010608144   -2.8763703 
   19000   0.20141221 -0.00082360122    -2.905871 
   20000   0.19664212 -0.0054741474   -2.9185173 
   21000   0.20149695 -0.005876033   -2.9018105 
   22000   0.21137414 -0.0049832549   -2.9061464 
   23000   0.19992027 -0.0029817937   -2.9764591 
   24000   0.20089366 0.00081071221   -2.9967639 
   25000   0.20136157 -0.0031066705   -2.9920977 
   26000   0.20118103 0.00038654346   -3.0244522 
   27000   0.18788193 -0.00075576087   -3.0547571 
   28000   0.20166348 -0.00026300749   -3.0245709 
   29000   0.20015387 -0.00070111818   -3.0013257 
   30000   0.20116737 0.0039371409   -3.0435974 
   31000   0.19294884 -0.0060475856   -3.1028679 
   32000   0.20552707 0.00041162011    -3.089461 
   33000   0.20042148 -0.00051395476   -3.0612813 
   34000   0.20103036 0.00091879245    -3.101588 
   35000     0.192177 -0.0018848822   -3.1378418 
   36000   0.20952426 0.0012559281   -3.1221179 
   37000   0.19530901 0.0038816138   -3.1371837 
   38000   0.19389344 -0.0033218148    -3.146812 
   39000   0.20276535 0.0019722454   -3.1275164 
   40000   0.20300797 -0.0025701276   -3.1322092 
   41000    0.2003468 -6.8147719e-05   -3.1781838 
   42000   0.19144651 -0.0015831612   -3.2001277 
   43000   0.19960831 -0.0030004864   -3.1703541 
   44000   0.20518103 -0.0054931401    -3.178736 
   45000   0.19152574 0.0009152272   -3.2141544 
   46000   0.20423174 -0.0047989563   -3.1984848 
   47000   0.20532601 0.0034533402   -3.1846484 
   48000   0.20420832 0.0029854059   -3.2156594 
   49000   0.20485085 0.0050445901   -3.2209292 
   50000   0.20466242 -0.0027601707   -3.2125726 
Loop time of 12.6569 on 1 procs for 50000 steps with 1331 atoms

Performance: 1365265.089 tau/day, 3950.420 timesteps/s
99.8% CPU use with 1 MPI tasks x no OpenMP threads

MPI task timing breakdown:
Section |  min time  |  avg time  |  max time  |%varavg| %total
---------------------------------------------------------------
Pair    | 9.5708     | 9.5708     | 9.5708     |   0.0 | 75.62
Neigh   | 1.4651     | 1.4651     | 1.4651     |   0.0 | 11.58
Comm    | 0.35638    | 0.35638    | 0.35638    |   0.0 |  2.82
Output  | 0.025881   | 0.025881   | 0.025881   |   0.0 |  0.20
Modify  | 1.1328     | 1.1328     | 1.1328     |   0.0 |  8.95
Other   |            | 0.1059     |            |       |  0.84

Nlocal:    1331 ave 1331 max 1331 min
Histogram: 1 0 0 0 0 0 0 0 0 0
Nghost:    1028 ave 1028 max 1028 min
Histogram: 1 0 0 0 0 0 0 0 0 0
Neighs:    16060 ave 16060 max 16060 min
Histogram: 1 0 0 0 0 0 0 0 0 0

Total # of neighbors = 16060
Ave neighs/atom = 12.0661
Neighbor list builds = 2500
Dangerous builds not checked

write_restart NVT/sim1/T_0.20__v_24.39/end1.restart
Total wall time: 0:00:12
