run 50000
Neighbor list info ...
  update every 20 steps, delay 0 steps, check no
  max neighbors/atom: 2000, page size: 100000
  master list distance cutoff = 2.8
  ghost atom cutoff = 2.8
  binsize = 1.4, bins = 16 16 16
  1 neighbor lists, perpetual/occasional/extra = 1 0 0
  (1) pair lj/cut, perpetual
      attributes: half, newton on
      pair build: half/bin/atomonly/newton
      stencil: half/bin/3d/newton
      bin: standard
Per MPI rank memory allocation (min/avg/max) = 2.7 | 2.7 | 2.7 Mbytes
Step Temp Press TotEng 
       0            1  0.079495929    1.3632534 
    1000    1.1219812  0.089336049   0.88504438 
    2000    0.9662399  0.061634144   0.54259748 
    3000   0.99532894  0.068204465   0.54471722 
    4000    1.0205806  0.094144425   0.56379849 
    5000   0.96729045  0.063330442   0.46485705 
    6000    1.0233006   0.09734773   0.54849548 
    7000   0.99574095  0.057491175     0.463367 
    8000    1.0006989  0.066753224   0.44289585 
    9000   0.99368439  0.063019952    0.4609017 
   10000    1.0072425  0.064821819   0.47649093 
   11000   0.98613802  0.061273473   0.43334967 
   12000   0.99701496  0.068206984   0.44271517 
   13000   0.99731816  0.065825116   0.37985723 
   14000     1.021608  0.069428838   0.47098157 
   15000   0.97457668  0.078127718   0.38684822 
   16000   0.99414836  0.051853866   0.37665795 
   17000   0.97280401  0.068927244   0.32044243 
   18000    1.0017167  0.059744573   0.39382462 
   19000   0.99664329  0.051849075   0.37826308 
   20000   0.96502404  0.053184112   0.29829747 
   21000    1.0193339  0.069780929   0.41609962 
   22000   0.98209627  0.076131611   0.36430288 
   23000   0.96667299  0.061616721    0.3577767 
   24000   0.98662235  0.055435407   0.42415452 
   25000   0.97001158  0.062008083   0.38538118 
   26000    1.0081584   0.05838617   0.50083083 
   27000    0.9862942  0.049563988   0.43042123 
   28000    0.9904201  0.073158187   0.42152856 
   29000    1.0218119  0.073677797   0.45755696 
   30000   0.99488056  0.066386239   0.36334853 
   31000   0.99939349  0.052184229   0.37187282 
   32000    1.0035226  0.057700304   0.40533266 
   33000   0.99999586  0.047888893   0.41985951 
   34000    1.0159236  0.073691504   0.47395089 
   35000   0.98726972  0.055506923   0.39913801 
   36000    1.0151485  0.081688661   0.48187257 
   37000     1.061095  0.092952502   0.56278232 
   38000   0.97860002  0.077771262   0.44069618 
   39000    1.0271754  0.074623033   0.52496579 
   40000   0.96554482  0.065357968    0.4493106 
   41000   0.95693307  0.058446625    0.3424071 
   42000    1.0161345  0.088697484   0.43566595 
   43000   0.98791113  0.056775983    0.3747624 
   44000    1.0013375  0.060076151   0.44432612 
   45000   0.99527612  0.054836196   0.47213657 
   46000   0.97941379  0.059122228   0.40946398 
   47000     1.007872  0.054942338    0.4933234 
   48000   0.98254401  0.072692351   0.44769004 
   49000    1.0456342  0.076050598   0.57561672 
   50000   0.98751619  0.071383942   0.49389255 
Loop time of 9.42935 on 1 procs for 50000 steps with 1331 atoms

Performance: 1832575.401 tau/day, 5302.591 timesteps/s
99.7% CPU use with 1 MPI tasks x no OpenMP threads

MPI task timing breakdown:
Section |  min time  |  avg time  |  max time  |%varavg| %total
---------------------------------------------------------------
Pair    | 6.0559     | 6.0559     | 6.0559     |   0.0 | 64.22
Neigh   | 2.0319     | 2.0319     | 2.0319     |   0.0 | 21.55
Comm    | 0.38536    | 0.38536    | 0.38536    |   0.0 |  4.09
Output  | 0.022142   | 0.022142   | 0.022142   |   0.0 |  0.23
Modify  | 0.8393     | 0.8393     | 0.8393     |   0.0 |  8.90
Other   |            | 0.0947     |            |       |  1.00

Nlocal:    1331 ave 1331 max 1331 min
Histogram: 1 0 0 0 0 0 0 0 0 0
Nghost:    1490 ave 1490 max 1490 min
Histogram: 1 0 0 0 0 0 0 0 0 0
Neighs:    8850 ave 8850 max 8850 min
Histogram: 1 0 0 0 0 0 0 0 0 0

Total # of neighbors = 8850
Ave neighs/atom = 6.64914
Neighbor list builds = 2500
Dangerous builds not checked

write_restart NVT/sim1/T_1.00__v_8.00/end1.restart
Total wall time: 0:00:09
