run 50000
Neighbor list info ...
  update every 20 steps, delay 0 steps, check no
  max neighbors/atom: 2000, page size: 100000
  master list distance cutoff = 2.8
  ghost atom cutoff = 2.8
  binsize = 1.4, bins = 16 16 16
  1 neighbor lists, perpetual/occasional/extra = 1 0 0
  (1) pair lj/cut, perpetual
      attributes: half, newton on
      pair build: half/bin/atomonly/newton
      stencil: half/bin/3d/newton
      bin: standard
Per MPI rank memory allocation (min/avg/max) = 2.7 | 2.7 | 2.7 Mbytes
Step Temp Press Volume Density PotEng KinEng TotEng 
       0          0.6  0.029533495        10648        0.125  -0.13561964   0.89932382   0.76370418 
    1000    1.2573715   0.16111044    4701.9785   0.28307233   -1.6978131    1.8846402   0.18682712 
    2000    1.0623381  0.098156471    2849.8031   0.46704981   -2.8229758      1.59231   -1.2306659 
    3000   0.98985116   0.32489371    1966.9921   0.67666769   -4.0598118    1.4836612   -2.5761506 
    4000   0.84105574    1.3503077       1624.2   0.81948036    -4.919588    1.2606358   -3.6589523 
    5000   0.67595556    1.5652529    1503.8124   0.88508381   -5.4161954    1.0131716   -4.4030239 
    6000    0.6025355    1.4810111    1453.3383   0.91582255   -5.7201313   0.90312421    -4.817007 
    7000   0.55298009    1.6669055    1440.3823   0.92406024   -5.7483211   0.82884694   -4.9194741 
    8000    0.6198852    1.5452732    1453.9207   0.91545569   -5.6878921    0.9291292   -4.7587629 
    9000   0.61303261    1.6225956    1462.8445   0.90987117   -5.6322263   0.91885804   -4.7133683 
   10000   0.58527125      1.66844    1449.0266   0.91854769   -5.6976707   0.87724729   -4.8204234 
   11000    0.5784183    1.6486221    1447.7146   0.91938011   -5.7123952   0.86697559   -4.8454196 
   12000   0.59657876      1.66202    1452.8898   0.91610526   -5.6764152   0.89419582   -4.7822194 
   13000   0.61152485     1.557513    1456.6132   0.91376349   -5.6802157    0.9165981   -4.7636176 
   14000   0.57990356    1.4743203    1454.4999   0.91509113   -5.6968562    0.8692018   -4.8276544 
   15000   0.58862307    1.2191479    1458.1385   0.91280763   -5.7201499   0.88227124   -4.8378786 
   16000    0.5954516    1.5195651    1458.8215   0.91238031   -5.6742471   0.89250634   -4.7817408 
   17000   0.60542602    1.4919895    1453.4034   0.91578154   -5.7032318   0.90745674   -4.7957751 
   18000   0.57224225    1.6250779    1455.1051   0.91471055     -5.67065   0.85771847   -4.8129315 
   19000    0.6037939    1.4355744    1459.2767   0.91209571   -5.6742943   0.90501039   -4.7692839 
   20000   0.61549431    1.6470832    1454.4501   0.91512252   -5.6800512   0.92254781   -4.7575034 
   21000   0.58045395    1.8112797    1449.7031     0.918119   -5.6673557   0.87002677    -4.797329 
   22000   0.60440565    1.6592992    1448.5976   0.91881967   -5.7124697   0.90592733   -4.8065424 
   23000   0.59854139    1.8782474    1440.0178   0.92429411   -5.7112055   0.89713754    -4.814068 
   24000   0.60484384    1.8984907    1438.2235   0.92544723   -5.7256982   0.90658412   -4.8191141 
   25000   0.62884896    1.7887004    1442.0223   0.92300928   -5.7292915   0.94256475   -4.7867268 
   26000   0.59975155    1.7919123    1448.2918    0.9190137   -5.6747513   0.89895142   -4.7757999 
   27000   0.60697068    1.5452261     1455.749   0.91430598   -5.6848064   0.90977199   -4.7750345 
   28000   0.59515984    1.6616226    1449.8695   0.91801368   -5.6980165   0.89206903   -4.8059475 
   29000   0.59688741     1.488411    1450.1868   0.91781281   -5.7240676   0.89465844   -4.8294092 
   30000    0.5902235    1.2805677    1461.5987    0.9106467   -5.6979936   0.88467009   -4.8133236 
   31000   0.58168667    1.3905739    1465.8307   0.90801753   -5.6525913   0.87187446   -4.7807168 
   32000   0.59887624    1.5613322     1459.483    0.9119668   -5.6654729   0.89763945   -4.7678334 
   33000   0.58889867    1.5277524    1454.9505   0.91480775   -5.6930819   0.88268434   -4.8103976 
   34000   0.58684134    1.4812678    1452.4427   0.91638729   -5.7168699   0.87960065   -4.8372693 
   35000   0.59743612    1.5981251    1457.4669   0.91322826   -5.6580806   0.89548089   -4.7625997 
   36000   0.60541192    1.5446987    1458.3036   0.91270433   -5.6691734    0.9074356   -4.7617378 
   37000   0.59032823    1.5415758    1453.9882   0.91541319   -5.6984123   0.88482706   -4.8135852 
   38000   0.61043747    1.5085512    1452.7507   0.91619299   -5.7121936   0.91496826   -4.7972254 
   39000   0.61784342    1.6439303    1453.0634   0.91599581   -5.6853127   0.92606884   -4.7592439 
   40000    0.5913527    1.6689845      1454.57   0.91504708   -5.6711666   0.88636261    -4.784804 
   41000   0.59826973    1.5640341    1452.0709   0.91662194   -5.7015064   0.89673035   -4.8047761 
   42000   0.59477871      1.47443    1455.6982    0.9143379   -5.6961657   0.89149777   -4.8046679 
   43000    0.6134321    1.4324012    1456.9793   0.91353388   -5.7040283   0.91945683   -4.7845714 
   44000   0.59498551    1.5800601    1450.4773   0.91762899   -5.7056493   0.89180773   -4.8138416 
   45000   0.58317319     1.735108    1447.1271   0.91975333   -5.7022737   0.87410257   -4.8281711 
   46000   0.58206081    1.7586903    1453.2616   0.91587091    -5.661516   0.87243525   -4.7890807 
   47000   0.60553264    1.6312455    1455.5646   0.91442182   -5.6712321   0.90761654   -4.7636156 
   48000   0.61806065    1.6181847    1446.3869   0.92022406   -5.7325895   0.92639443    -4.806195 
   49000    0.5999296    1.6024654    1447.2278   0.91968934    -5.726627   0.89921829   -4.8274087 
   50000   0.60287471    1.6060504    1451.1735   0.91718876   -5.6963232   0.90363264   -4.7926906 
Loop time of 40.478 on 1 procs for 50000 steps with 1331 atoms

Performance: 426898.114 tau/day, 1235.238 timesteps/s
100.0% CPU use with 1 MPI tasks x no OpenMP threads

MPI task timing breakdown:
Section |  min time  |  avg time  |  max time  |%varavg| %total
---------------------------------------------------------------
Pair    | 32.866     | 32.866     | 32.866     |   0.0 | 81.19
Neigh   | 4.6074     | 4.6074     | 4.6074     |   0.0 | 11.38
Comm    | 0.72495    | 0.72495    | 0.72495    |   0.0 |  1.79
Output  | 0.02552    | 0.02552    | 0.02552    |   0.0 |  0.06
Modify  | 2.033      | 2.033      | 2.033      |   0.0 |  5.02
Other   |            | 0.2213     |            |       |  0.55

Nlocal:    1331 ave 1331 max 1331 min
Histogram: 1 0 0 0 0 0 0 0 0 0
Nghost:    3112 ave 3112 max 3112 min
Histogram: 1 0 0 0 0 0 0 0 0 0
Neighs:    54075 ave 54075 max 54075 min
Histogram: 1 0 0 0 0 0 0 0 0 0

Total # of neighbors = 54075
Ave neighs/atom = 40.6273
Neighbor list builds = 2500
Dangerous builds not checked

write_restart lattice_11_11_11__2_2_2/sim1/T_0.60__P_1.60/end1.restart
Total wall time: 0:00:40
