run 50000
Neighbor list info ...
  update every 20 steps, delay 0 steps, check no
  max neighbors/atom: 2000, page size: 100000
  master list distance cutoff = 2.8
  ghost atom cutoff = 2.8
  binsize = 1.4, bins = 16 16 16
  1 neighbor lists, perpetual/occasional/extra = 1 0 0
  (1) pair lj/cut, perpetual
      attributes: half, newton on
      pair build: half/bin/atomonly/newton
      stencil: half/bin/3d/newton
      bin: standard
Per MPI rank memory allocation (min/avg/max) = 2.7 | 2.7 | 2.7 Mbytes
Step Temp Press Volume Density PotEng KinEng TotEng 
       0          1.7   0.16693019        10648        0.125  -0.13561964    2.5480841    2.4124645 
    1000    2.3584307   0.48218009    6358.3242   0.20933189   -1.1045798    3.5349882    2.4304084 
    2000    2.0470939   0.57481483    4579.9942   0.29061172   -1.5242482    3.0683338    1.5440857 
    3000    1.8650408   0.62646887    3548.3505   0.37510387   -1.9966298    2.7954593   0.79882949 
    4000    1.7928518   0.82050368    2908.9435   0.45755443   -2.4683621    2.6872572   0.21889502 
    5000    1.7381923    1.1730717    2515.3021    0.5291611   -2.8411351    2.6053295  -0.23580562 
    6000    1.6998604    1.5072526    2294.6586   0.58004272   -3.1256814    2.5478749  -0.57780643 
    7000    1.6824698    1.4063551    2205.7812   0.60341434   -3.2937074    2.5218086  -0.77189876 
    8000    1.7002994    1.6732012    2184.5195   0.60928732   -3.2628046     2.548533  -0.71427162 
    9000    1.7404985    1.4651678    2195.9504   0.60611571    -3.307851    2.6087862  -0.69906482 
   10000     1.690376    1.7688086      2202.29   0.60437092   -3.2341902     2.533659  -0.70053118 
   11000    1.7254943    1.6321941    2194.0553   0.60663922   -3.2677497    2.5862969  -0.68145281 
   12000     1.705689    1.5942588    2197.8424   0.60559393   -3.2723424    2.5566113  -0.71573115 
   13000    1.6625924    1.7147956    2200.2554   0.60492979   -3.2304695    2.4920148  -0.73845467 
   14000    1.6725328    1.6025132    2189.0749   0.60801939   -3.2671957    2.5069143  -0.76028135 
   15000    1.7288266      1.60881      2188.68    0.6081291   -3.2670621    2.5912916  -0.67577048 
   16000    1.7231894    1.5953728    2204.5529   0.60375053   -3.2377124    2.5828422  -0.65487019 
   17000    1.6860494    1.4224179     2206.429   0.60323717   -3.2947163    2.5271739   -0.7675424 
   18000    1.6541514     1.307343    2235.2731   0.59545296   -3.2395667     2.479363  -0.76020375 
   19000    1.7419801    1.6255135    2211.2033   0.60193471   -3.2414486     2.611007  -0.63044158 
   20000    1.7766856    1.7087057    2168.8784   0.61368126   -3.3148393    2.6630261   -0.6518132 
   21000    1.7084319    1.5949791    2179.6974   0.61063523   -3.2824551    2.5607226  -0.72173252 
   22000    1.7152365    1.5787693    2240.6163   0.59403299   -3.1878275    2.5709218   -0.6169057 
   23000    1.7280416    1.4328648    2246.8091   0.59239567   -3.2145423    2.5901149  -0.62442734 
   24000    1.7478401    1.3880301    2197.3311   0.60573484   -3.3192113    2.6197903  -0.69942098 
   25000    1.6688218    1.5843814     2181.555   0.61011526   -3.2799054     2.501352  -0.77855346 
   26000    1.7165424    1.5888128    2227.1898   0.59761409   -3.2244701    2.5728791  -0.65159099 
   27000    1.6953044     1.461758    2233.9907   0.59579479   -3.1912619    2.5410461   -0.6502158 
   28000    1.6964845    1.8456887    2146.1495   0.62018046   -3.3046329    2.5428149  -0.76181799 
   29000    1.6900504    1.4446394     2200.714   0.60480372   -3.2834391     2.533171   -0.7502681 
   30000    1.6208544    1.5836532    2245.3035   0.59279292   -3.1789559     2.429455  -0.74950088 
   31000    1.7154761     1.658646    2225.7752   0.59799389   -3.2046658    2.5712808  -0.63338502 
   32000    1.7080694    1.9327402    2163.4561   0.61521933   -3.2475051    2.5601791    -0.687326 
   33000    1.6933494    1.7471675    2190.8325    0.6075316   -3.2415527    2.5381158  -0.70343686 
   34000    1.6875641     1.587229     2212.498   0.60158246    -3.226182    2.5294443   -0.6967377 
   35000    1.6497742    1.7093157    2173.4578   0.61238823   -3.2808959     2.472802  -0.80809389 
   36000    1.6473254    1.7456407    2165.0101   0.61477773   -3.3011507    2.4691316  -0.83201909 
   37000    1.7354315    1.4474832    2221.5172   0.59914009    -3.259175    2.6011915  -0.65798353 
   38000    1.6863535    1.4162553     2203.503   0.60403821   -3.2861153    2.5276298  -0.75848551 
   39000    1.6678735    1.7600729    2172.7994   0.61257382   -3.2597632    2.4999306  -0.75983259 
   40000     1.754223    1.6571576    2162.0362   0.61562337   -3.3266986    2.6293575  -0.69734107 
   41000    1.6738169    1.6300729    2244.2332   0.59307562   -3.1673499     2.508839   -0.6585109 
   42000    1.6369517    1.5978288    2242.3623   0.59357045   -3.1629172    2.4535827  -0.70933446 
   43000    1.6670261    1.6791999    2210.9318   0.60200861    -3.208032    2.4986604  -0.70937155 
   44000    1.6368294    1.7609361    2164.6644   0.61487591    -3.270801    2.4533994   -0.8174016 
   45000    1.6665109    1.5619568    2179.4581   0.61070226   -3.3116656    2.4978882  -0.81377738 
   46000     1.702476    1.6275648    2199.7518   0.60506827    -3.257801    2.5517953  -0.70600564 
   47000    1.7524774    1.7075697    2208.3019   0.60272556   -3.2234153     2.626741  -0.59667424 
   48000    1.8394017    1.6731178    2225.1238   0.59816896   -3.1976967    2.7570296  -0.44066705 
   49000    1.7021636    1.5944859    2225.6939   0.59801573   -3.1857704    2.5513271   -0.6344433 
   50000    1.6679978    1.4826667    2210.9557   0.60200211   -3.2640784    2.5001169  -0.76396154 
Loop time of 35.8467 on 1 procs for 50000 steps with 1331 atoms

Performance: 482052.465 tau/day, 1394.828 timesteps/s
99.9% CPU use with 1 MPI tasks x no OpenMP threads

MPI task timing breakdown:
Section |  min time  |  avg time  |  max time  |%varavg| %total
---------------------------------------------------------------
Pair    | 27.756     | 27.756     | 27.756     |   0.0 | 77.43
Neigh   | 4.5676     | 4.5676     | 4.5676     |   0.0 | 12.74
Comm    | 0.81938    | 0.81938    | 0.81938    |   0.0 |  2.29
Output  | 0.024841   | 0.024841   | 0.024841   |   0.0 |  0.07
Modify  | 2.5074     | 2.5074     | 2.5074     |   0.0 |  6.99
Other   |            | 0.1719     |            |       |  0.48

Nlocal:    1331 ave 1331 max 1331 min
Histogram: 1 0 0 0 0 0 0 0 0 0
Nghost:    2515 ave 2515 max 2515 min
Histogram: 1 0 0 0 0 0 0 0 0 0
Neighs:    36136 ave 36136 max 36136 min
Histogram: 1 0 0 0 0 0 0 0 0 0

Total # of neighbors = 36136
Ave neighs/atom = 27.1495
Neighbor list builds = 2500
Dangerous builds not checked

write_restart lattice_11_11_11__2_2_2/sim1/T_1.70__P_1.60/end1.restart
Total wall time: 0:00:35
