run 50000
Neighbor list info ...
  update every 20 steps, delay 0 steps, check no
  max neighbors/atom: 2000, page size: 100000
  master list distance cutoff = 2.8
  ghost atom cutoff = 2.8
  binsize = 1.4, bins = 16 16 16
  1 neighbor lists, perpetual/occasional/extra = 1 0 0
  (1) pair lj/cut, perpetual
      attributes: half, newton on
      pair build: half/bin/atomonly/newton
      stencil: half/bin/3d/newton
      bin: standard
Per MPI rank memory allocation (min/avg/max) = 2.7 | 2.7 | 2.7 Mbytes
Step Temp Press Volume Density PotEng KinEng TotEng 
       0          0.7  0.042024104        10648        0.125  -0.13561964    1.0492111   0.91359148 
    1000    1.2838464   0.17761532    5251.5214   0.25345036   -1.4921146    1.9243228   0.43220812 
    2000    1.0851041   0.13596999    3347.4619   0.39761469   -2.4263995    1.6264333  -0.79996614 
    3000   0.97876895  0.091339368    2333.5064   0.57038627   -3.4325626    1.4670504   -1.9655122 
    4000   0.94453486   0.68070611    1809.3873   0.73560813   -4.3807392    1.4157378   -2.9650014 
    5000   0.81972847    1.0750145    1618.3044   0.82246576   -4.9874419    1.2286689    -3.758773 
    6000   0.70025801    1.2878783    1537.9987   0.86541035     -5.30339    1.0495978   -4.2537922 
    7000   0.67947772     1.341357    1507.0166   0.88320192   -5.4533505    1.0184508   -4.4348997 
    8000   0.70480032    1.2768154    1518.1481   0.87672605   -5.4040919    1.0564062   -4.3476858 
    9000   0.71174263     1.339383    1535.7889   0.86665559   -5.2959162    1.0668118   -4.2291044 
   10000     0.720851    1.2412921    1530.4437   0.86968242   -5.3357531    1.0804641   -4.2552889 
   11000   0.67942305    1.2677393     1517.615   0.87703404   -5.3984099    1.0183689    -4.380041 
   12000    0.6925734    1.3079424    1519.1877   0.87612612   -5.3946165    1.0380796   -4.3565369 
   13000    0.7303491     1.273833    1532.9499   0.86826061   -5.3278827    1.0947006   -4.2331822 
   14000   0.69414048    1.2262863    1533.7417   0.86781236   -5.3299345    1.0404284   -4.2895061 
   15000   0.68561494    1.3273654    1519.0696   0.87619419   -5.3876302    1.0276497   -4.3599805 
   16000   0.69426892     1.304295    1524.4285   0.87311408   -5.3607402     1.040621   -4.3201192 
   17000    0.7208009     1.162668    1531.9855    0.8688072   -5.3460367     1.080389   -4.2656477 
   18000   0.70629652    1.3010439    1527.6426   0.87127708   -5.3555524    1.0586488   -4.2969036 
   19000   0.69202538    1.5153903    1510.7334   0.88102906   -5.3889681    1.0372582     -4.35171 
   20000   0.70022837    1.1051951    1533.3822   0.86801584    -5.364338    1.0495534   -4.3147846 
   21000    0.6896803    1.4758699    1530.4544   0.86967634   -5.3033538    1.0337432   -4.2696106 
   22000   0.70601921    1.3218839    1522.5573   0.87418711   -5.3754876    1.0582331   -4.3172544 
   23000   0.67669311    1.2637614    1522.8167   0.87403823   -5.3691787     1.014277   -4.3549017 
   24000   0.71386834    1.3163936    1526.6528   0.87184196   -5.3668814     1.069998   -4.2968834 
   25000   0.71087223    1.3799592      1528.94   0.87053776   -5.3225261    1.0655072   -4.2570189 
   26000   0.68744445      1.20239    1533.5704   0.86790927   -5.3277257     1.030392   -4.2973338 
   27000    0.6876841    1.2391235    1523.9568   0.87338436   -5.3842902    1.0307511   -4.3535391 
   28000   0.71175093    1.4629266    1517.0846   0.87734066   -5.3705867    1.0668243   -4.3037625 
   29000   0.68586077    1.2962489    1536.4009   0.86631033   -5.3052955    1.0280182   -4.2772773 
   30000    0.6887417    1.0677412    1542.3469   0.86297059   -5.3244884    1.0323364    -4.292152 
   31000    0.6987271    1.6277031    1512.0977   0.88023414   -5.3696945    1.0473032   -4.3223913 
   32000   0.67469913    1.3719318    1521.6295   0.87472015   -5.3628005    1.0112883   -4.3515122 
   33000   0.69427061    1.3455784    1531.6791   0.86898095   -5.3155433    1.0406235   -4.2749198 
   34000   0.71606174    1.3694299    1531.5745   0.86904034    -5.321461    1.0732856   -4.2481754 
   35000   0.68682681     1.401366    1522.0848   0.87445852   -5.3603802    1.0294662   -4.3309141 
   36000   0.69703544    1.3307179    1516.8519   0.87747526   -5.3976534    1.0447676   -4.3528858 
   37000    0.6917661    1.2838228    1528.3725   0.87086102   -5.3429042    1.0368695   -4.3060346 
   38000   0.70719713    1.3405427    1526.0162    0.8722057   -5.3564241    1.0599987   -4.2964254 
   39000   0.70176185    1.7097268    1515.0561   0.87851533   -5.3384391    1.0518519   -4.2865872 
   40000   0.69663375    1.2223056    1535.7974   0.86665076   -5.3359455    1.0441655     -4.29178 
   41000   0.69184483    1.2154907    1531.9764   0.86881234   -5.3441568    1.0369876   -4.3071692 
   42000    0.6827193    1.3147384    1531.3715   0.86915551   -5.3358737    1.0233095   -4.3125641 
   43000   0.68871304     1.383939    1528.1681   0.87097749   -5.3150239    1.0322934   -4.2827305 
   44000   0.72708856    1.2169479    1524.9089     0.872839   -5.3921667    1.0898134   -4.3023532 
   45000   0.68773054    1.2508299    1522.6056   0.87415941   -5.3759344    1.0308207   -4.3451136 
   46000   0.72503855    1.2124342    1528.5172   0.87077856   -5.3635094    1.0867407   -4.2767686 
   47000   0.70802098    1.2053189    1534.4661   0.86740267   -5.3448364    1.0612335   -4.2836028 
   48000   0.71499277    1.4476472    1509.3359   0.88184476   -5.4217121    1.0716834   -4.3500287 
   49000   0.70454922    1.4571962     1516.723    0.8775498   -5.3686235    1.0560298   -4.3125937 
   50000   0.71821003     1.149733      1530.63   0.86957661    -5.362173    1.0765056   -4.2856674 
Loop time of 38.8159 on 1 procs for 50000 steps with 1331 atoms

Performance: 445178.609 tau/day, 1288.133 timesteps/s
99.9% CPU use with 1 MPI tasks x no OpenMP threads

MPI task timing breakdown:
Section |  min time  |  avg time  |  max time  |%varavg| %total
---------------------------------------------------------------
Pair    | 31.268     | 31.268     | 31.268     |   0.0 | 80.55
Neigh   | 4.5487     | 4.5487     | 4.5487     |   0.0 | 11.72
Comm    | 0.7179     | 0.7179     | 0.7179     |   0.0 |  1.85
Output  | 0.025027   | 0.025027   | 0.025027   |   0.0 |  0.06
Modify  | 2.0419     | 2.0419     | 2.0419     |   0.0 |  5.26
Other   |            | 0.2142     |            |       |  0.55

Nlocal:    1331 ave 1331 max 1331 min
Histogram: 1 0 0 0 0 0 0 0 0 0
Nghost:    3053 ave 3053 max 3053 min
Histogram: 1 0 0 0 0 0 0 0 0 0
Neighs:    51358 ave 51358 max 51358 min
Histogram: 1 0 0 0 0 0 0 0 0 0

Total # of neighbors = 51358
Ave neighs/atom = 38.586
Neighbor list builds = 2500
Dangerous builds not checked

write_restart lattice_11_11_11__2_2_2/sim1/T_0.70__P_1.30/end1.restart
Total wall time: 0:00:38
