run 50000
Neighbor list info ...
  update every 20 steps, delay 0 steps, check no
  max neighbors/atom: 2000, page size: 100000
  master list distance cutoff = 2.8
  ghost atom cutoff = 2.8
  binsize = 1.4, bins = 12 12 12
  1 neighbor lists, perpetual/occasional/extra = 1 0 0
  (1) pair lj/cut, perpetual
      attributes: half, newton on
      pair build: half/bin/atomonly/newton
      stencil: half/bin/3d/newton
      bin: standard
Per MPI rank memory allocation (min/avg/max) = 2.738 | 2.738 | 2.738 Mbytes
Step Temp Press TotEng 
       0          0.8  -0.69946999  -0.28032408 
    1000    0.9307196  0.036110901  -0.74845092 
    2000   0.86357356  0.010830766   -1.1967544 
    3000   0.83505267 -0.014814299   -1.5728674 
    4000   0.81112747 -0.038401527   -1.8211782 
    5000   0.82580581 -0.032196119   -2.0755475 
    6000   0.80768639  -0.03788742   -2.2982018 
    7000    0.7868592 -0.027471478   -2.3975417 
    8000   0.80592002 -0.021433684   -2.3271682 
    9000   0.81512486 -0.057628418   -2.2967319 
   10000   0.78830628 -0.041578618   -2.3315003 
   11000   0.78853808 -0.047487099   -2.3132549 
   12000    0.8151364  0.012308642   -2.3477406 
   13000   0.76280648  0.022285589   -2.3765695 
   14000   0.79271533 -0.025711701   -2.2999915 
   15000   0.81217612 -0.080573004   -2.3871906 
   16000   0.78847612 -0.041580754    -2.370722 
   17000   0.81686801  0.058087236   -2.3385243 
   18000   0.78687372 -0.033421901   -2.4381079 
   19000   0.79688275  0.018362899   -2.3803962 
   20000    0.8126602  0.004760313   -2.3324197 
   21000   0.81302901 -0.012385733   -2.3827873 
   22000   0.78300584 -0.096272187   -2.4114261 
   23000    0.7732136  -0.02735433   -2.3918872 
   24000   0.81612174 -0.077635671   -2.3016197 
   25000   0.82025523 -0.0061785028   -2.2869155 
   26000   0.80745369 0.0015330551   -2.2440857 
   27000   0.78997501 -0.037237649   -2.2415685 
   28000   0.81600423  0.018120119   -2.2960239 
   29000   0.78014512  0.028227026   -2.3752215 
   30000   0.80061854 -0.046990727    -2.316652 
   31000   0.79981368 -0.064052708   -2.2587048 
   32000   0.81950932  0.018371191   -2.2793698 
   33000   0.80978604 -0.068623983   -2.3654239 
   34000   0.81065345 0.0087528998   -2.3278569 
   35000   0.79848093 -0.011878648   -2.3188732 
   36000   0.81575556 -0.0082973457   -2.2799526 
   37000    0.7834912 -0.011692646   -2.3527386 
   38000   0.77448802 -0.073919864   -2.4085371 
   39000   0.82243416 -0.032237354   -2.3574476 
   40000    0.8158809 -0.035250552   -2.3293104 
   41000   0.78991676 -0.021524255   -2.3317677 
   42000   0.79874919  0.034832059   -2.4169831 
   43000   0.80953177 -0.018762027   -2.3733284 
   44000   0.82609027  0.044577521    -2.331759 
   45000   0.80883676  0.061427311   -2.3906857 
   46000   0.77163237 -0.033730302   -2.4375033 
   47000   0.80781096  0.040145102    -2.429393 
   48000   0.79354978  0.017136326    -2.348514 
   49000   0.80372613 0.0038390013   -2.4209389 
   50000   0.75955814  0.041686806   -2.4281888 
Loop time of 23.6206 on 1 procs for 50000 steps with 1331 atoms

Performance: 731566.019 tau/day, 2116.800 timesteps/s
99.9% CPU use with 1 MPI tasks x no OpenMP threads

MPI task timing breakdown:
Section |  min time  |  avg time  |  max time  |%varavg| %total
---------------------------------------------------------------
Pair    | 18.935     | 18.935     | 18.935     |   0.0 | 80.16
Neigh   | 3.4685     | 3.4685     | 3.4685     |   0.0 | 14.68
Comm    | 0.27317    | 0.27317    | 0.27317    |   0.0 |  1.16
Output  | 0.023958   | 0.023958   | 0.023958   |   0.0 |  0.10
Modify  | 0.83677    | 0.83677    | 0.83677    |   0.0 |  3.54
Other   |            | 0.08331    |            |       |  0.35

Nlocal:    1331 ave 1331 max 1331 min
Histogram: 1 0 0 0 0 0 0 0 0 0
Nghost:    1026 ave 1026 max 1026 min
Histogram: 1 0 0 0 0 0 0 0 0 0
Neighs:    33126 ave 33126 max 33126 min
Histogram: 1 0 0 0 0 0 0 0 0 0

Total # of neighbors = 33126
Ave neighs/atom = 24.8881
Neighbor list builds = 2500
Dangerous builds not checked

write_restart NVT/sim1/T_0.80__v_2.74/end1.restart
Total wall time: 0:00:23
