run 50000
Neighbor list info ...
  update every 20 steps, delay 0 steps, check no
  max neighbors/atom: 2000, page size: 100000
  master list distance cutoff = 2.8
  ghost atom cutoff = 2.8
  binsize = 1.4, bins = 19 19 19
  1 neighbor lists, perpetual/occasional/extra = 1 0 0
  (1) pair lj/cut, perpetual
      attributes: half, newton on
      pair build: half/bin/atomonly/newton
      stencil: half/bin/3d/newton
      bin: standard
Per MPI rank memory allocation (min/avg/max) = 2.717 | 2.717 | 2.717 Mbytes
Step Temp Press TotEng 
       0          1.1  0.072182144    1.6241457 
    1000     1.173832  0.068919472    1.2928262 
    2000    1.0684335  0.063567491    1.0672987 
    3000    1.1244595  0.063868516     1.158783 
    4000    1.0626207   0.05775456    1.0696297 
    5000    1.0980878   0.05929795    1.1049791 
    6000    1.0858457  0.064715348    1.1066739 
    7000    1.0765306  0.058143897    1.0553273 
    8000    1.1153072  0.062670485    1.1220628 
    9000    1.0981835  0.059490262    1.0713411 
   10000    1.0753572  0.062240693    1.0347104 
   11000    1.1007893  0.056164641    1.0780887 
   12000    1.1216203  0.067061751    1.0977036 
   13000    1.0875574  0.057268442     1.064356 
   14000    1.1391412  0.070688512    1.1685911 
   15000    1.1011366  0.062813167    1.0799919 
   16000    1.1210078  0.065670169    1.1204785 
   17000    1.0747109  0.057119439    1.0712862 
   18000    1.1040357  0.062847806    1.0747719 
   19000    1.1343344  0.071886311    1.1531726 
   20000    1.0895368  0.060164564    1.0494588 
   21000    1.0881226  0.060936744    1.0501926 
   22000    1.1426353  0.063529522     1.123662 
   23000     1.084843   0.06516218    1.0552752 
   24000    1.1179358  0.066465771     1.140557 
   25000    1.0667584  0.055614151    1.0358317 
   26000    1.1048804  0.062953612    1.0971972 
   27000    1.0790159  0.069233069    1.0701078 
   28000    1.1326594  0.062789422    1.1234543 
   29000    1.0731789  0.061127807    1.0335958 
   30000    1.1340146  0.069838491    1.1322067 
   31000    1.1126817  0.066747919    1.0828085 
   32000    1.0786604  0.067429987    1.0552059 
   33000     1.127605  0.061156256    1.1683231 
   34000    1.0957517  0.061479887     1.077995 
   35000    1.0796034  0.061825153    1.0715245 
   36000     1.152764  0.060817828    1.1721926 
   37000    1.0725757  0.057370146    1.0577725 
   38000    1.1098176  0.064757051    1.1522762 
   39000    1.0811366  0.061738312    1.0423574 
   40000    1.1015047  0.067898251    1.0942534 
   41000    1.1115408  0.063088493    1.1075353 
   42000      1.04776  0.056566793     1.001107 
   43000    1.1094079  0.061128174    1.0947135 
   44000    1.0822861  0.063095925    1.0350555 
   45000    1.1382105  0.072725165    1.1515763 
   46000    1.0931474  0.055479827     1.058228 
   47000    1.1168264  0.063697936    1.1042969 
   48000    1.0961285  0.063911532    1.0735305 
   49000    1.0949514  0.060541063     1.063199 
   50000    1.1110342   0.06004531    1.0996192 
Loop time of 6.15904 on 1 procs for 50000 steps with 1331 atoms

Performance: 2805634.008 tau/day, 8118.154 timesteps/s
99.7% CPU use with 1 MPI tasks x no OpenMP threads

MPI task timing breakdown:
Section |  min time  |  avg time  |  max time  |%varavg| %total
---------------------------------------------------------------
Pair    | 3.501      | 3.501      | 3.501      |   0.0 | 56.84
Neigh   | 1.4199     | 1.4199     | 1.4199     |   0.0 | 23.05
Comm    | 0.29417    | 0.29417    | 0.29417    |   0.0 |  4.78
Output  | 0.022728   | 0.022728   | 0.022728   |   0.0 |  0.37
Modify  | 0.83781    | 0.83781    | 0.83781    |   0.0 | 13.60
Other   |            | 0.08342    |            |       |  1.35

Nlocal:    1331 ave 1331 max 1331 min
Histogram: 1 0 0 0 0 0 0 0 0 0
Nghost:    947 ave 947 max 947 min
Histogram: 1 0 0 0 0 0 0 0 0 0
Neighs:    5120 ave 5120 max 5120 min
Histogram: 1 0 0 0 0 0 0 0 0 0

Total # of neighbors = 5120
Ave neighs/atom = 3.84673
Neighbor list builds = 2500
Dangerous builds not checked

write_restart NVT/sim1/T_1.10__v_13.82/end1.restart
Total wall time: 0:00:06
