run 50000
Neighbor list info ...
  update every 20 steps, delay 0 steps, check no
  max neighbors/atom: 2000, page size: 100000
  master list distance cutoff = 2.8
  ghost atom cutoff = 2.8
  binsize = 1.4, bins = 16 16 16
  1 neighbor lists, perpetual/occasional/extra = 1 0 0
  (1) pair lj/cut, perpetual
      attributes: half, newton on
      pair build: half/bin/atomonly/newton
      stencil: half/bin/3d/newton
      bin: standard
Per MPI rank memory allocation (min/avg/max) = 2.7 | 2.7 | 2.7 Mbytes
Step Temp Press Volume Density PotEng KinEng TotEng 
       0          1.2   0.10447715        10648        0.125  -0.13561964    1.7986476     1.663028 
    1000    1.7260013   0.33003143     6379.609   0.20863348   -1.1466179    2.5870568    1.4404389 
    2000    1.4952331   0.34286561    4539.0594   0.29323256   -1.6921689    2.2411646   0.54899567 
    3000    1.3514094   0.31813801     3450.521   0.38573884   -2.2457608     2.025591  -0.22016978 
    4000    1.2793957   0.47881685    2749.3518   0.48411411   -2.7552791    1.9176517  -0.83762738 
    5000    1.2696282   0.67781358    2311.7866   0.57574519   -3.2885512    1.9030114   -1.3855398 
    6000    1.2411143    0.9499814    2054.6735   0.64779148    -3.706951    1.8602728   -1.8466782 
    7000    1.1721549   0.99635188    1946.1922   0.68389958   -3.9415194    1.7569114    -2.184608 
    8000     1.175896    1.0994946    1906.5524   0.69811878   -4.0190355    1.7625189   -2.2565167 
    9000    1.2086052    1.0582279    1926.3859   0.69093115   -3.9611499    1.8115457   -2.1496041 
   10000    1.2191741    1.0343437    1942.0389   0.68536217   -3.9440201    1.8273871   -2.1166329 
   11000    1.1629412    1.1862718    1920.7252   0.69296742   -3.9418307    1.7431012   -2.1987295 
   12000    1.2013451    1.1449444    1906.3027   0.69821022   -4.0088166    1.8006637   -2.2081529 
   13000    1.1922755    1.1534629    1928.1491   0.69029931   -3.9581445    1.7870695    -2.171075 
   14000    1.1865633    1.0664138    1942.0162   0.68537018   -3.9114568    1.7785077   -2.1329491 
   15000    1.2180332    1.1172357    1912.6245    0.6959024   -4.0086966    1.8256771   -2.1830195 
   16000    1.1959918    1.1192876    1904.2838   0.69895045   -4.0014199    1.7926398     -2.20878 
   17000    1.2187881    1.1846747    1923.6537   0.69191248   -3.9605636    1.8268086    -2.133755 
   18000    1.2280621    1.1006347    1930.5517   0.68944021   -3.9575752    1.8407091   -2.1168661 
   19000    1.2120119    1.0886789    1914.6969   0.69514919   -3.9987444     1.816652   -2.1820924 
   20000    1.2008502    1.2865494     1899.305   0.70078265   -4.0113779     1.799922   -2.2114559 
   21000    1.2169145    1.1295201    1917.5042   0.69413147   -4.0020491    1.8240004   -2.1780487 
   22000    1.1932223    1.1880532    1933.8162   0.68827637   -3.9282641    1.7884888   -2.1397753 
   23000    1.1877398    1.1158767    1942.2968   0.68527116   -3.9361655    1.7802712   -2.1558943 
   24000     1.177071   0.91147228    1930.5856   0.68942813   -3.9936113      1.76428   -2.2293313 
   25000    1.1445821    1.1600807    1921.7375    0.6926024   -3.9561093    1.7155832    -2.240526 
   26000    1.2186974    1.0408916     1947.147   0.68356421   -3.9487582    1.8266727   -2.1220855 
   27000    1.2061893    1.0070237    1936.8252   0.68720708   -3.9865818    1.8079245   -2.1786572 
   28000    1.1839349    1.0582861    1895.7836   0.70208435   -4.0666863     1.774568   -2.2921183 
   29000     1.188807    1.1795387     1923.407   0.69200123    -3.958261    1.7818708   -2.1763902 
   30000    1.1798455     1.171589    1934.0201   0.68820379   -3.9153426    1.7684386   -2.1469041 
   31000    1.2245371    1.1910648    1932.8328   0.68862655   -3.9490926    1.8354256   -2.1136671 
   32000    1.1803631    1.1366941     1924.776   0.69150905   -3.9583023    1.7692144   -2.1890879 
   33000    1.1527799      1.05562    1911.0495   0.69647596   -4.0052984    1.7278706   -2.2774277 
   34000    1.1899232    1.0481718    1934.8824   0.68789711   -3.9652701    1.7835438   -2.1817263 
   35000    1.2219912    1.0635097    1940.2484   0.68599464   -3.9457866    1.8316097   -2.1141769 
   36000    1.1825642    1.1233878    1904.4246   0.69889878   -4.0059611    1.7725136   -2.2334475 
   37000    1.1942102    1.1737279     1912.463   0.69596119   -4.0038972    1.7899695   -2.2139277 
   38000    1.1882405    1.1409537    1928.7054   0.69010022   -3.9509041    1.7810217   -2.1698825 
   39000    1.2095693   0.94904828    1941.5635      0.68553   -3.9665597    1.8129907    -2.153569 
   40000    1.2160404   0.91378375    1976.1368   0.67353636   -3.8818456    1.8226902   -2.0591554 
   41000    1.2173255    1.0377563    1940.0332   0.68607075   -3.9532246    1.8246164   -2.1286082 
   42000    1.1884236    1.1039189    1928.2702   0.69025596   -3.9601112     1.781296   -2.1788152 
   43000    1.1428963    1.0073179    1925.7985    0.6911419   -3.9918728    1.7130564   -2.2788164 
   44000    1.1805478    1.0420468     1916.983    0.6943202   -3.9992364    1.7694912   -2.2297451 
   45000    1.2089304    1.0127818    1938.2614    0.6866979   -3.9552723    1.8120331   -2.1432391 
   46000    1.1933113    1.1703793     1918.792   0.69366559   -3.9796658    1.7886221   -2.1910437 
   47000    1.1781917    1.3169964    1888.2624   0.70488085   -4.0533715    1.7659598   -2.2874117 
   48000    1.2262871    1.2124015    1900.7971   0.70023255   -4.0178982    1.8380486   -2.1798496 
   49000    1.2468323    1.2314829    1917.7756   0.69403323   -3.9795664    1.8688434   -2.1107231 
   50000    1.2773328     1.214029    1941.7481    0.6854648   -3.8993888    1.9145597   -1.9848291 
Loop time of 37.8157 on 1 procs for 50000 steps with 1331 atoms

Performance: 456953.550 tau/day, 1322.204 timesteps/s
99.4% CPU use with 1 MPI tasks x no OpenMP threads

MPI task timing breakdown:
Section |  min time  |  avg time  |  max time  |%varavg| %total
---------------------------------------------------------------
Pair    | 29.519     | 29.519     | 29.519     |   0.0 | 78.06
Neigh   | 4.9477     | 4.9477     | 4.9477     |   0.0 | 13.08
Comm    | 0.80641    | 0.80641    | 0.80641    |   0.0 |  2.13
Output  | 0.030033   | 0.030033   | 0.030033   |   0.0 |  0.08
Modify  | 2.3455     | 2.3455     | 2.3455     |   0.0 |  6.20
Other   |            | 0.1666     |            |       |  0.44

Nlocal:    1331 ave 1331 max 1331 min
Histogram: 1 0 0 0 0 0 0 0 0 0
Nghost:    2718 ave 2718 max 2718 min
Histogram: 1 0 0 0 0 0 0 0 0 0
Neighs:    41152 ave 41152 max 41152 min
Histogram: 1 0 0 0 0 0 0 0 0 0

Total # of neighbors = 41152
Ave neighs/atom = 30.9181
Neighbor list builds = 2500
Dangerous builds not checked

write_restart lattice_11_11_11__2_2_2/sim1/T_1.20__P_1.10/end1.restart
Total wall time: 0:00:37
