run 50000
Neighbor list info ...
  update every 20 steps, delay 0 steps, check no
  max neighbors/atom: 2000, page size: 100000
  master list distance cutoff = 2.8
  ghost atom cutoff = 2.8
  binsize = 1.4, bins = 21 21 21
  1 neighbor lists, perpetual/occasional/extra = 1 0 0
  (1) pair lj/cut, perpetual
      attributes: half, newton on
      pair build: half/bin/atomonly/newton
      stencil: half/bin/3d/newton
      bin: standard
Per MPI rank memory allocation (min/avg/max) = 2.731 | 2.731 | 2.731 Mbytes
Step Temp Press TotEng 
       0          0.3  0.014557504   0.43733285 
    1000   0.42237362  0.013032805   0.22878433 
    2000   0.39613712 0.0052930655 -0.077301177 
    3000    0.3867958  0.003877126  -0.40320652 
    4000   0.41030278 -0.0059973737   -0.7848353 
    5000   0.40007858 -0.0061147445   -1.1847752 
    6000   0.39482522 -0.00061623792   -1.6050744 
    7000   0.38613731 -0.0010858259   -1.9897468 
    8000   0.35431752 0.0038843904   -2.3253496 
    9000   0.32145789 0.0094388281   -2.5902916 
   10000   0.29928667 -0.0013492376   -2.7653923 
   11000   0.29162508 0.0010839383   -2.8459917 
   12000   0.29641411 -0.00046658884   -2.8617244 
   13000   0.30121478 -0.0012082641   -2.8417463 
   14000   0.30748279 -0.0039395826   -2.8724288 
   15000   0.29456764 0.0024110832   -2.9191851 
   16000   0.29528064 0.0038558931   -2.9097304 
   17000   0.30676047  0.005219109   -2.9067545 
   18000    0.2948077 0.00029455962   -2.9895511 
   19000   0.29531201 -0.0054064831    -3.053409 
   20000   0.30038336 -0.0015987458    -3.075685 
   21000   0.30402174 0.0063560969   -3.0729366 
   22000    0.2944417  -0.00256184   -3.1222455 
   23000   0.29925656 0.0013459805   -3.2108311 
   24000   0.28852369 -0.0012423899   -3.2258057 
   25000   0.31056211 -0.010482282   -3.2237599 
   26000   0.29447911 -0.0047254924   -3.2328175 
   27000   0.30233257 0.0029607287   -3.2229976 
   28000   0.30725105 -0.0052607029   -3.2539619 
   29000   0.28841863 -0.0054727773   -3.3070153 
   30000   0.28332451 -0.00093854078   -3.2976775 
   31000   0.30313449 -0.0019520872    -3.256985 
   32000   0.30194984 -0.0055365126   -3.2782314 
   33000   0.30238513 -0.0040884066   -3.3342627 
   34000   0.29794273 0.0084344079   -3.3672612 
   35000   0.29792923 -0.0015245591   -3.3516214 
   36000   0.31320545 0.0028383327    -3.386439 
   37000   0.29860402 0.0023163077   -3.4509483 
   38000   0.28772166 -0.0016191533    -3.489371 
   39000   0.30507656 0.0031143056    -3.489628 
   40000   0.30435937  0.014693991   -3.4783296 
   41000   0.30212047 3.5205255e-05   -3.4966561 
   42000   0.30103547 0.0013568428   -3.5271527 
   43000   0.29639069 -0.00062064879   -3.5582753 
   44000   0.29843564 0.0080889873   -3.5712436 
   45000   0.29786972 -0.0084593307   -3.5961993 
   46000   0.31067565 0.0036019458   -3.5770839 
   47000   0.29741456 0.0024219505   -3.6053281 
   48000   0.29994739 -0.0020636362   -3.6196113 
   49000   0.29424437 0.0020510195   -3.6489189 
   50000   0.30968911 0.0002899545   -3.6315041 
Loop time of 16.5594 on 1 procs for 50000 steps with 1331 atoms

Performance: 1043515.720 tau/day, 3019.432 timesteps/s
99.6% CPU use with 1 MPI tasks x no OpenMP threads

MPI task timing breakdown:
Section |  min time  |  avg time  |  max time  |%varavg| %total
---------------------------------------------------------------
Pair    | 13.048     | 13.048     | 13.048     |   0.0 | 78.79
Neigh   | 1.9548     | 1.9548     | 1.9548     |   0.0 | 11.80
Comm    | 0.33718    | 0.33718    | 0.33718    |   0.0 |  2.04
Output  | 0.025845   | 0.025845   | 0.025845   |   0.0 |  0.16
Modify  | 1.089      | 1.089      | 1.089      |   0.0 |  6.58
Other   |            | 0.1047     |            |       |  0.63

Nlocal:    1331 ave 1331 max 1331 min
Histogram: 1 0 0 0 0 0 0 0 0 0
Nghost:    973 ave 973 max 973 min
Histogram: 1 0 0 0 0 0 0 0 0 0
Neighs:    24900 ave 24900 max 24900 min
Histogram: 1 0 0 0 0 0 0 0 0 0

Total # of neighbors = 24900
Ave neighs/atom = 18.7077
Neighbor list builds = 2500
Dangerous builds not checked

write_restart NVT/sim1/T_0.30__v_19.68/end1.restart
Total wall time: 0:00:16
