run 50000
Neighbor list info ...
  update every 20 steps, delay 0 steps, check no
  max neighbors/atom: 2000, page size: 100000
  master list distance cutoff = 2.8
  ghost atom cutoff = 2.8
  binsize = 1.4, bins = 16 16 16
  1 neighbor lists, perpetual/occasional/extra = 1 0 0
  (1) pair lj/cut, perpetual
      attributes: half, newton on
      pair build: half/bin/atomonly/newton
      stencil: half/bin/3d/newton
      bin: standard
Per MPI rank memory allocation (min/avg/max) = 2.7 | 2.7 | 2.7 Mbytes
Step Temp Press Volume Density PotEng KinEng TotEng 
       0          0.2 -0.020428939        10648        0.125  -0.13561964   0.29977461   0.16415497 
    1000   0.90934499   0.01501857    2950.8814   0.45105168   -2.7778821    1.3629927   -1.4148894 
    2000   0.76916678    1.1788605    1605.1954   0.82918256   -5.0105809    1.1528833   -3.8576976 
    3000   0.42679313    1.8359401    1394.5877   0.95440396   -5.9965599    0.6397087   -5.3568512 
    4000    0.2529146    1.8482182    1338.0668   0.99471862   -6.3769068   0.37908688     -5.99782 
    5000   0.19135384    1.7709108    1318.4156    1.0095451   -6.5257939   0.28681511   -6.2389788 
    6000   0.18526784    1.8427114    1315.4384      1.01183    -6.533616   0.27769297    -6.255923 
    7000   0.21885255    1.7720615    1321.3861    1.0072756    -6.503783   0.32803218   -6.1757508 
    8000    0.1954144    1.8174018     1316.846    1.0107484   -6.5308937   0.29290138   -6.2379923 
    9000   0.19140619    1.7598969    1313.7107    1.0131607    -6.567218   0.28689357   -6.2803245 
   10000   0.20966334    1.8279281    1316.2861    1.0111783   -6.5328715   0.31425872   -6.2186128 
   11000   0.20618115    1.7739293    1315.1012    1.0120894   -6.5495428   0.30903937   -6.2405035 
   12000   0.18369706     1.778426    1312.2713     1.014272   -6.5727366   0.27533857    -6.297398 
   13000   0.20520264    1.7237619    1314.6058    1.0124708   -6.5672599    0.3075727   -6.2596872 
   14000    0.2052799     1.722997    1315.7054    1.0116246   -6.5566095   0.30768851   -6.2489209 
   15000   0.19091666     1.678041    1313.6204    1.0132303   -6.5794426   0.28615984   -6.2932827 
   16000   0.19742849    1.6368364    1315.4608    1.0118127   -6.5728105   0.29592024   -6.2768902 
   17000   0.20555648    1.6599674    1316.8466     1.010748   -6.5612243   0.30810306   -6.2531212 
   18000   0.19765698    1.6352848    1313.8692    1.0130384   -6.5862169   0.29626272   -6.2899542 
   19000   0.19314058    1.6897752    1312.3368    1.0142213   -6.5868127   0.28949321   -6.2973195 
   20000    0.2062808    1.7238925     1313.373    1.0134212   -6.5763358   0.30918872    -6.267147 
   21000   0.19784421    1.7678529    1310.4778    1.0156601   -6.5907622   0.29654335   -6.2942189 
   22000   0.19739134    1.7530489    1307.9667      1.01761   -6.6139045   0.29586456     -6.31804 
   23000    0.2003998    1.8988543    1307.9252    1.0176423   -6.5881401   0.30037385   -6.2877663 
   24000   0.20288623    1.8894986    1307.0838    1.0182974   -6.5988522    0.3041007   -6.2947515 
   25000    0.1968422    1.8836588    1303.4982    1.0210984    -6.630448   0.29504146   -6.3354066 
   26000   0.21024111    1.8506907    1301.4662    1.0226927   -6.6510999   0.31512473   -6.3359752 
   27000   0.20318432    1.9337506    1300.6167    1.0233607   -6.6463851    0.3045475   -6.3418376 
   28000   0.20074146     1.866848    1297.0127    1.0262043   -6.6887011   0.30088596   -6.3878152 
   29000   0.20254588    1.7851179    1288.9684    1.0326087    -6.776642   0.30359055   -6.4730515 
   30000   0.21267766    1.8512102    1272.4654     1.046001   -6.9036421    0.3187768   -6.5848653 
   31000   0.19229958    1.8174128    1265.2966    1.0519272   -6.9707071   0.28823266   -6.6824745 
   32000   0.19563629    1.8849949    1268.8437    1.0489866   -6.9250201   0.29323395   -6.6317862 
   33000   0.21330368     1.825744    1271.6184    1.0466977   -6.9152275   0.31971514   -6.5955124 
   34000   0.19311292    1.7659503    1267.6592    1.0499667   -6.9546202   0.28945175   -6.6651684 
   35000    0.1965258    1.8368585    1267.7983    1.0498515    -6.943569   0.29456722   -6.6490018 
   36000    0.2192163    1.8109357    1269.6187    1.0483463    -6.933679    0.3285774   -6.6051016 
   37000   0.18593327    1.9136562    1265.4566    1.0517943   -6.9483607   0.27869036   -6.6696703 
   38000   0.19388511    1.8214592    1266.0839    1.0512731   -6.9575551   0.29060917    -6.666946 
   39000   0.21131891    1.8314344    1269.4448    1.0484898   -6.9296013   0.31674022   -6.6128611 
   40000   0.19777467    1.8194382    1267.2675    1.0502913   -6.9506308   0.29643911   -6.6541917 
   41000   0.19128769    1.8287468    1265.8179    1.0514941   -6.9603482   0.28671596   -6.6736322 
   42000   0.20857008    1.8989015    1267.5209    1.0500813   -6.9341143   0.31262006   -6.6214943 
   43000   0.20167305    1.9343311    1266.1708     1.051201   -6.9398386    0.3022823   -6.6375563 
   44000   0.19752974    1.8552936    1264.7324    1.0523965   -6.9681486     0.296072   -6.6720766 
   45000   0.20918954    1.7836144    1268.0954    1.0496056   -6.9483935   0.31354856    -6.634845 
   46000   0.20478793     1.868591    1267.8302    1.0498251   -6.9381729   0.30695111   -6.6312218 
   47000   0.19065116     1.901046    1264.7316    1.0523972   -6.9575629   0.28576188   -6.6718011 
   48000    0.2000717    1.8734807    1266.7106     1.050753   -6.9466933   0.29988207   -6.6468112 
   49000   0.20569118    1.7776699    1269.1251     1.048754   -6.9391783   0.30830496   -6.6308733 
   50000   0.19337584    1.7798643    1266.6195    1.0508286   -6.9599305   0.28984584   -6.6700846 
Loop time of 45.0546 on 1 procs for 50000 steps with 1331 atoms

Performance: 383534.365 tau/day, 1109.764 timesteps/s
100.0% CPU use with 1 MPI tasks x no OpenMP threads

MPI task timing breakdown:
Section |  min time  |  avg time  |  max time  |%varavg| %total
---------------------------------------------------------------
Pair    | 36.749     | 36.749     | 36.749     |   0.0 | 81.56
Neigh   | 5.221      | 5.221      | 5.221      |   0.0 | 11.59
Comm    | 0.76632    | 0.76632    | 0.76632    |   0.0 |  1.70
Output  | 0.024076   | 0.024076   | 0.024076   |   0.0 |  0.05
Modify  | 2.0597     | 2.0597     | 2.0597     |   0.0 |  4.57
Other   |            | 0.2348     |            |       |  0.52

Nlocal:    1331 ave 1331 max 1331 min
Histogram: 1 0 0 0 0 0 0 0 0 0
Nghost:    3327 ave 3327 max 3327 min
Histogram: 1 0 0 0 0 0 0 0 0 0
Neighs:    60828 ave 60828 max 60828 min
Histogram: 1 0 0 0 0 0 0 0 0 0

Total # of neighbors = 60828
Ave neighs/atom = 45.701
Neighbor list builds = 2500
Dangerous builds not checked

write_restart lattice_11_11_11__2_2_2/sim1/T_0.20__P_1.80/end1.restart
Total wall time: 0:00:45
