run 50000
Neighbor list info ...
  update every 20 steps, delay 0 steps, check no
  max neighbors/atom: 2000, page size: 100000
  master list distance cutoff = 2.8
  ghost atom cutoff = 2.8
  binsize = 1.4, bins = 16 16 16
  1 neighbor lists, perpetual/occasional/extra = 1 0 0
  (1) pair lj/cut, perpetual
      attributes: half, newton on
      pair build: half/bin/atomonly/newton
      stencil: half/bin/3d/newton
      bin: standard
Per MPI rank memory allocation (min/avg/max) = 2.7 | 2.7 | 2.7 Mbytes
Step Temp Press Volume Density PotEng KinEng TotEng 
       0          1.6   0.15443958        10648        0.125  -0.13561964    2.3981968    2.2625772 
    1000    2.1187606   0.41599412    6850.1972   0.19430098   -1.0074851    3.1757531     2.168268 
    2000    1.8573776   0.41161186    5105.1203   0.26071863   -1.3977802    2.7839732     1.386193 
    3000    1.6906307   0.50977126    4041.1939   0.32935811   -1.7748652    2.5340407   0.75917554 
    4000    1.6682339   0.51650776    3338.8083   0.39864522   -2.2150134    2.5004708   0.28545736 
    5000    1.6166958   0.80144419      2883.55   0.46158382   -2.5030964    2.4232218 -0.079874639 
    6000    1.5883411   0.96710562    2602.7013   0.51139176   -2.7791988    2.3807216  -0.39847716 
    7000    1.5992755    1.0530563     2435.697    0.5464555    -3.005864    2.3971108  -0.60875319 
    8000    1.5765517    1.1208291    2358.4576    0.5643519   -3.0999364    2.3630508  -0.73688559 
    9000    1.5854446     1.235509    2340.1472   0.56876765   -3.0981881    2.3763801  -0.72180795 
   10000    1.6124137    1.1460169    2370.1728   0.56156242   -3.0735098    2.4168034  -0.65670642 
   11000    1.6066778    0.9283503     2382.795   0.55858771   -3.0752448     2.408206  -0.66703879 
   12000     1.585415    1.0468095    2373.8209   0.56069942   -3.0729458    2.3763358  -0.69660999 
   13000    1.6132392    1.1091246    2351.9712   0.56590828   -3.1046091    2.4180407  -0.68656838 
   14000    1.6040781    1.2275331    2336.6893   0.56960931   -3.0890762    2.4043093   -0.6847669 
   15000    1.5873544     0.965617    2371.1625   0.56132804   -3.0961015    2.3792427  -0.71685876 
   16000    1.5597917    1.1251952    2383.2439   0.55848249   -3.0362111    2.3379297  -0.69828137 
   17000    1.6447189   0.97830528    2369.5259   0.56171574   -3.1143114    2.4652248  -0.64908665 
   18000    1.6360513    1.4487978    2340.8384    0.5685997   -3.0533352    2.4522331  -0.60110205 
   19000    1.5835928   0.92093996    2384.6879   0.55814433    -3.133296    2.3736045  -0.75969148 
   20000     1.510297    1.1071131    2347.3568   0.56702074   -3.1161457    2.2637435  -0.85240222 
   21000    1.6212813    1.2957925    2305.6195   0.57728519   -3.1666835    2.4300947  -0.73658876 
   22000     1.609689    1.1997077    2376.5016   0.56006695   -3.0483158    2.4127194  -0.63559642 
   23000    1.5968733    1.0807716     2396.609   0.55536801   -3.0487755    2.3935103  -0.65526519 
   24000    1.6281691    1.1705418    2390.9874   0.55667378   -3.0749158    2.4404187  -0.63449716 
   25000    1.5830297    1.0706244    2392.7061   0.55627391   -3.0421544    2.3727606  -0.66939383 
   26000    1.5924894     1.163385    2327.2916   0.57190943   -3.1243374    2.3869395  -0.73739789 
   27000    1.6668475    1.1683315    2317.2547   0.57438658   -3.1562034    2.4983928  -0.65781058 
   28000    1.6288379    1.0212792    2417.7772   0.55050565   -3.0269815    2.4414211  -0.58556035 
   29000    1.5793222    1.0607099    2395.8326   0.55554799   -3.0323518    2.3672035  -0.66514832 
   30000    1.5979358    1.0020887     2356.741   0.56476294   -3.1125377    2.3951029  -0.71743482 
   31000    1.6557264     1.139176    2365.9121   0.56257374   -3.0783122    2.4817236  -0.59658862 
   32000    1.5763039    1.0386504    2404.6314    0.5535152   -3.0190202    2.3626794  -0.65634082 
   33000    1.5427643   0.85043565    2366.9919    0.5623171   -3.1039867    2.3124078  -0.79157882 
   34000    1.6214626   0.95493002    2359.5344   0.56409435   -3.1555099    2.4303666  -0.72514329 
   35000    1.6163217   0.99740189    2406.4484   0.55309726   -3.0634144    2.4226611  -0.64075332 
   36000    1.6780572    1.4468555    2418.7225    0.5502905   -2.9405613    2.5151947  -0.42536658 
   37000    1.6542916    1.1834742    2418.9375   0.55024159   -2.9716574    2.4795731  -0.49208431 
   38000    1.5677493    1.2677289    2380.0812   0.55922462   -3.0365311    2.3498572  -0.68667395 
   39000    1.6305666   0.98331402    2374.9166   0.56044073    -3.104652    2.4440124  -0.66063968 
   40000    1.6095109     1.081536    2370.6951   0.56143871   -3.0933291    2.4124524  -0.68087668 
   41000    1.6144234     1.067535    2316.2319   0.57464021   -3.1660698    2.4198158  -0.74625408 
   42000     1.577312     1.144468    2359.7555   0.56404149   -3.1034488    2.3641904   -0.7392584 
   43000    1.6052193    1.0540666    2390.3258   0.55682785   -3.0466351    2.4060199  -0.64061523 
   44000    1.5933054    1.0245304    2363.8569   0.56306285   -3.0802048    2.3881625   -0.6920423 
   45000    1.6374977    1.0704695    2311.2355   0.57588247   -3.1950538    2.4544011  -0.74065261 
   46000    1.5914587     1.054865    2358.3323   0.56438187     -3.09145    2.3853944  -0.70605559 
   47000    1.5558005   0.93285606    2421.1112   0.54974757   -3.0186427    2.3319474  -0.68669529 
   48000    1.6094782    1.0901154    2394.1896   0.55592923   -3.0373732    2.4124035  -0.62496962 
   49000    1.6906662    1.0934842     2320.045   0.57369577   -3.1712616     2.534094  -0.63716762 
   50000    1.6109477    1.1663044     2350.605   0.56623721   -3.1256219    2.4146061  -0.71101577 
Loop time of 31.9957 on 1 procs for 50000 steps with 1331 atoms

Performance: 540071.912 tau/day, 1562.708 timesteps/s
99.8% CPU use with 1 MPI tasks x no OpenMP threads

MPI task timing breakdown:
Section |  min time  |  avg time  |  max time  |%varavg| %total
---------------------------------------------------------------
Pair    | 24.41      | 24.41      | 24.41      |   0.0 | 76.29
Neigh   | 4.3314     | 4.3314     | 4.3314     |   0.0 | 13.54
Comm    | 0.74672    | 0.74672    | 0.74672    |   0.0 |  2.33
Output  | 0.026997   | 0.026997   | 0.026997   |   0.0 |  0.08
Modify  | 2.3255     | 2.3255     | 2.3255     |   0.0 |  7.27
Other   |            | 0.1552     |            |       |  0.49

Nlocal:    1331 ave 1331 max 1331 min
Histogram: 1 0 0 0 0 0 0 0 0 0
Nghost:    2563 ave 2563 max 2563 min
Histogram: 1 0 0 0 0 0 0 0 0 0
Neighs:    33928 ave 33928 max 33928 min
Histogram: 1 0 0 0 0 0 0 0 0 0

Total # of neighbors = 33928
Ave neighs/atom = 25.4906
Neighbor list builds = 2500
Dangerous builds not checked

write_restart lattice_11_11_11__2_2_2/sim1/T_1.60__P_1.10/end1.restart
Total wall time: 0:00:32
