run 50000
Neighbor list info ...
  update every 20 steps, delay 0 steps, check no
  max neighbors/atom: 2000, page size: 100000
  master list distance cutoff = 2.8
  ghost atom cutoff = 2.8
  binsize = 1.4, bins = 16 16 16
  1 neighbor lists, perpetual/occasional/extra = 1 0 0
  (1) pair lj/cut, perpetual
      attributes: half, newton on
      pair build: half/bin/atomonly/newton
      stencil: half/bin/3d/newton
      bin: standard
Per MPI rank memory allocation (min/avg/max) = 2.7 | 2.7 | 2.7 Mbytes
Step Temp Press Volume Density PotEng KinEng TotEng 
       0          1.4   0.12945836        10648        0.125  -0.13561964    2.0984222    1.9628026 
    1000    1.9029468   0.32451939    6942.5518   0.19171625   -1.0754174    2.8522756    1.7768582 
    2000    1.6432257   0.29435726    5192.9986   0.25630663   -1.4555003    2.4629867    1.0074864 
    3000    1.4918463   0.36424238    4092.1962   0.32525322    -1.833109    2.2360882    0.4029792 
    4000    1.4442562   0.42108042    3370.0706   0.39494722   -2.2221042    2.1647567 -0.057347545 
    5000    1.4503215   0.45980138    2874.6089   0.46301951   -2.6189148    2.1738478  -0.44506703 
    6000    1.4549657   0.54710043    2540.3206   0.52394962   -2.9918338    2.1808088    -0.811025 
    7000    1.3882046   0.83339272    2351.0815   0.56612244   -3.1707438    2.0807425   -1.0900013 
    8000    1.3942521   0.77435808    2256.4685   0.58985978   -3.3385363    2.0898068   -1.2487294 
    9000    1.3967095   0.85656844    2228.8675   0.59716426   -3.3849499    2.0934902   -1.2914597 
   10000    1.4059697    0.8444604    2249.1858    0.5917697   -3.3218944    2.1073701   -1.2145243 
   11000    1.4286517   0.91224489     2282.427   0.58315117   -3.2919592    2.1413675   -1.1505917 
   12000     1.413645   0.98831672    2260.1079   0.58890995    -3.297876    2.1188744   -1.1790016 
   13000    1.3739107   0.93297415     2213.506   0.60130852   -3.3778419    2.0593177   -1.3185242 
   14000    1.4057238   0.75734549     2223.321   0.59865399   -3.3973539    2.1070014   -1.2903524 
   15000    1.4287579   0.80836182    2260.9212    0.5886981   -3.3228732    2.1415267   -1.1813464 
   16000    1.4523504    1.0015502    2244.5777    0.5929846   -3.3060707    2.1768889   -1.1291818 
   17000    1.4184863    0.6291279    2253.0216    0.5907622   -3.3793799    2.1261309    -1.253249 
   18000    1.3224907   0.75648049    2270.9903   0.58608794   -3.2938677    1.9822457    -1.311622 
   19000     1.403043   0.80353356    2244.7439   0.59294068   -3.3661483    2.1029833    -1.263165 
   20000    1.4611025    0.9541069    2237.4466   0.59487453   -3.3301168    2.1900072   -1.1401096 
   21000    1.4080681   0.81082751    2251.5068   0.59115967   -3.3235985    2.1105154   -1.2130831 
   22000    1.4061573   0.81735435    2197.4531    0.6057012   -3.4295871    2.1076512   -1.3219359 
   23000     1.407298   0.72621313    2236.3488   0.59516655   -3.3854612     2.109361   -1.2761003 
   24000    1.3893266   0.75889364     2292.638   0.58055393    -3.255939    2.0824242   -1.1735148 
   25000    1.3682296   0.83927865    2269.3358   0.58651522   -3.2891895    2.0508025   -1.2383869 
   26000    1.3797213   0.92209626    2224.8987   0.59822948   -3.3369253    2.0680271   -1.2688983 
   27000    1.4320717   0.95789596    2283.0555   0.58299065   -3.2677137    2.1464936   -1.1212201 
   28000     1.437719   0.95718691    2276.0456   0.58478616   -3.2678872    2.1549582    -1.112929 
   29000    1.4189404   0.97239552    2232.1375   0.59628944   -3.3464225    2.1268115   -1.2196109 
   30000    1.4031961    0.7082163    2249.7753   0.59161463   -3.3751143    2.1032128   -1.2719014 
   31000    1.4002039   0.69976089     2326.855   0.57201673   -3.2124694    2.0987279   -1.1137416 
   32000    1.4322835   0.86047237    2321.1518   0.57342222   -3.2057223    2.1468111   -1.0589112 
   33000    1.4122236   0.94971503    2260.4142   0.58883013   -3.2989643    2.1167439   -1.1822204 
   34000    1.3652246   0.85090309    2237.5485   0.59484744   -3.3730552    2.0462983   -1.3267569 
   35000    1.4157885   0.98721411    2230.7168   0.59666921   -3.3387591    2.1220872   -1.2166719 
   36000    1.4741177   0.94573008    2265.3025    0.5875595   -3.2949372    2.2095153   -1.0854219 
   37000    1.3806584   0.75811482    2312.2658   0.57562587   -3.2427221    2.0694317   -1.1732904 
   38000    1.3972517     0.980599    2219.3044   0.59973748   -3.3520482    2.0943028   -1.2577454 
   39000    1.3859754   0.88863422    2221.9839   0.59901425    -3.381542    2.0774012   -1.3041408 
   40000    1.4311882    1.0503179    2248.1662   0.59203808   -3.3183275    2.1451694   -1.1731582 
   41000    1.4305318    1.0867483    2243.1357   0.59336579   -3.2798865    2.1441855    -1.135701 
   42000    1.3765995   0.94561475    2229.4059   0.59702003   -3.3386076    2.0633479   -1.2752597 
   43000    1.3409804   0.74330705    2243.3103   0.59331962   -3.3393405    2.0099593   -1.3293812 
   44000    1.4012581   0.79037059    2268.5993   0.58670563   -3.3088968     2.100308   -1.2085887 
   45000    1.4812706    1.0423882    2261.1736   0.58863239   -3.2729144    2.2202365   -1.0526779 
   46000    1.4534879   0.80178483    2339.7612   0.56886147   -3.2439287    2.1785938   -1.0653349 
   47000     1.392485    1.0155557    2254.7419   0.59031148   -3.2932958    2.0871582   -1.2061376 
   48000     1.406799   0.93021506    2237.6072   0.59483184   -3.3175606    2.1086131   -1.2089475 
   49000    1.3732049   0.97061804    2234.3747    0.5956924   -3.3344219    2.0582598   -1.2761621 
   50000    1.3647837   0.87713458    2221.3711   0.59917949   -3.3953745    2.0456375    -1.349737 
Loop time of 33.5401 on 1 procs for 50000 steps with 1331 atoms

Performance: 515204.043 tau/day, 1490.752 timesteps/s
99.7% CPU use with 1 MPI tasks x no OpenMP threads

MPI task timing breakdown:
Section |  min time  |  avg time  |  max time  |%varavg| %total
---------------------------------------------------------------
Pair    | 25.831     | 25.831     | 25.831     |   0.0 | 77.01
Neigh   | 4.3847     | 4.3847     | 4.3847     |   0.0 | 13.07
Comm    | 0.77138    | 0.77138    | 0.77138    |   0.0 |  2.30
Output  | 0.027491   | 0.027491   | 0.027491   |   0.0 |  0.08
Modify  | 2.365      | 2.365      | 2.365      |   0.0 |  7.05
Other   |            | 0.1606     |            |       |  0.48

Nlocal:    1331 ave 1331 max 1331 min
Histogram: 1 0 0 0 0 0 0 0 0 0
Nghost:    2531 ave 2531 max 2531 min
Histogram: 1 0 0 0 0 0 0 0 0 0
Neighs:    35965 ave 35965 max 35965 min
Histogram: 1 0 0 0 0 0 0 0 0 0

Total # of neighbors = 35965
Ave neighs/atom = 27.021
Neighbor list builds = 2500
Dangerous builds not checked

write_restart lattice_11_11_11__2_2_2/sim1/T_1.40__P_0.90/end1.restart
Total wall time: 0:00:33
