run 50000
Neighbor list info ...
  update every 20 steps, delay 0 steps, check no
  max neighbors/atom: 2000, page size: 100000
  master list distance cutoff = 2.8
  ghost atom cutoff = 2.8
  binsize = 1.4, bins = 15 15 15
  1 neighbor lists, perpetual/occasional/extra = 1 0 0
  (1) pair lj/cut, perpetual
      attributes: half, newton on
      pair build: half/bin/atomonly/newton
      stencil: half/bin/3d/newton
      bin: standard
Per MPI rank memory allocation (min/avg/max) = 2.75 | 2.75 | 2.75 Mbytes
Step Temp Press TotEng 
       0          0.5   -0.0228202   0.47029792 
    1000   0.76494498  0.017777474  -0.15018171 
    2000   0.65728611  -0.01951022  -0.76760705 
    3000   0.64796339 -0.0028141664   -1.3825834 
    4000   0.63766314 -0.0084020333   -1.9930554 
    5000   0.59312475  0.029599503   -2.5187667 
    6000   0.55053333 -0.018866187   -2.9544689 
    7000   0.52923913 -0.0094237199   -3.2955669 
    8000   0.48943825  0.015625773   -3.5287327 
    9000   0.48828736  -0.05113158   -3.6671088 
   10000   0.50541795  0.016608042   -3.7724952 
   11000   0.51924617 -0.0053594753   -3.8529189 
   12000   0.49565824 -0.0014978118   -3.8684002 
   13000   0.51676241  -0.01204638    -3.835042 
   14000   0.49908896   0.01022768   -3.8526943 
   15000   0.49794401  0.015999274    -3.920836 
   16000   0.51091957  0.017004153   -3.9618374 
   17000   0.50359192  0.016488868   -3.9711266 
   18000   0.47058968  0.005377373   -3.9860556 
   19000   0.51066361  0.029528126   -3.9373094 
   20000   0.49423453 -0.051739018   -3.9467702 
   21000   0.49514612 -0.021392556   -3.9888994 
   22000   0.49484963 -0.012561836   -4.0113328 
   23000   0.50310334 -0.026763358   -4.0108589 
   24000   0.49120866 0.0030313283   -4.0311026 
   25000   0.49807274  0.025488326   -4.0384668 
   26000   0.49160671 -0.019124182   -4.0155713 
   27000   0.49037974 -0.0082206208   -4.0045625 
   28000   0.48877693 -0.032052964   -4.0462097 
   29000   0.50688057  0.010274548   -4.0115561 
   30000   0.49450868 -0.048777896   -4.0090729 
   31000    0.4792769 -0.032112389   -4.0558354 
   32000   0.48554178 -0.010005401    -4.063153 
   33000   0.51285224 -0.016133344   -4.0154304 
   34000   0.51013576  0.015427105   -3.9950132 
   35000   0.49928524 -0.033998743   -4.0391003 
   36000   0.50151091 -0.0047626403   -4.0802525 
   37000   0.50976716  0.010142223    -4.019916 
   38000   0.49355802  0.016302339   -4.0399897 
   39000   0.49397867 -0.051907473   -4.0856728 
   40000   0.49828267 -0.010972406   -4.0262087 
   41000   0.51104004 -0.00030193866   -4.0250805 
   42000   0.50466278 -0.007318166   -4.0775671 
   43000   0.49481475  0.024007338   -4.0618641 
   44000   0.50788521 -0.0060065759   -4.0089716 
   45000   0.48361898 0.0022317772   -4.0504079 
   46000   0.51006477  -0.02790692   -4.0551109 
   47000   0.52587086  0.043982251   -4.0010389 
   48000   0.49628949 -0.0016218414   -4.0549158 
   49000   0.49842754  0.022648109   -4.0493553 
   50000   0.50673188 -0.023675378   -4.0381895 
Loop time of 25.9349 on 1 procs for 50000 steps with 1331 atoms

Performance: 666284.300 tau/day, 1927.906 timesteps/s
99.9% CPU use with 1 MPI tasks x no OpenMP threads

MPI task timing breakdown:
Section |  min time  |  avg time  |  max time  |%varavg| %total
---------------------------------------------------------------
Pair    | 21.347     | 21.347     | 21.347     |   0.0 | 82.31
Neigh   | 3.3207     | 3.3207     | 3.3207     |   0.0 | 12.80
Comm    | 0.31406    | 0.31406    | 0.31406    |   0.0 |  1.21
Output  | 0.025319   | 0.025319   | 0.025319   |   0.0 |  0.10
Modify  | 0.83856    | 0.83856    | 0.83856    |   0.0 |  3.23
Other   |            | 0.08971    |            |       |  0.35

Nlocal:    1331 ave 1331 max 1331 min
Histogram: 1 0 0 0 0 0 0 0 0 0
Nghost:    1426 ave 1426 max 1426 min
Histogram: 1 0 0 0 0 0 0 0 0 0
Neighs:    39878 ave 39878 max 39878 min
Histogram: 1 0 0 0 0 0 0 0 0 0

Total # of neighbors = 39878
Ave neighs/atom = 29.9609
Neighbor list builds = 2500
Dangerous builds not checked

write_restart NVT/sim1/T_0.50__v_5.83/end1.restart
Total wall time: 0:00:25
