run 50000
Neighbor list info ...
  update every 20 steps, delay 0 steps, check no
  max neighbors/atom: 2000, page size: 100000
  master list distance cutoff = 2.8
  ghost atom cutoff = 2.8
  binsize = 1.4, bins = 16 16 16
  1 neighbor lists, perpetual/occasional/extra = 1 0 0
  (1) pair lj/cut, perpetual
      attributes: half, newton on
      pair build: half/bin/atomonly/newton
      stencil: half/bin/3d/newton
      bin: standard
Per MPI rank memory allocation (min/avg/max) = 2.7 | 2.7 | 2.7 Mbytes
Step Temp Press Volume Density PotEng KinEng TotEng 
       0          1.8    0.1794208        10648        0.125  -0.13561964    2.6979715    2.5623518 
    1000    2.1865004   0.38710558     7760.189   0.17151644  -0.88356694    3.2772865    2.3937195 
    2000     1.946162   0.37322998    6241.0097   0.21326677   -1.1401084    2.9170497    1.7769412 
    3000    1.8658385   0.38984409    5214.5937    0.2552452   -1.4297345     2.796655    1.3669205 
    4000    1.8098177   0.55189422    4507.2947   0.29529908   -1.6157379    2.7126869     1.096949 
    5000    1.8249638   0.53366974    4028.6976   0.33037972    -1.834251    2.7353891   0.90113808 
    6000    1.8126727    0.5437957    3707.8348   0.35896961    -1.964975    2.7169662   0.75199125 
    7000     1.789652   0.60912299    3508.0491   0.37941316   -2.0500781    2.6824612   0.63238308 
    8000    1.8158084   0.64774803    3402.7645   0.39115254   -2.1347928    2.7216663   0.58687354 
    9000    1.8076287   0.68006907    3336.8047    0.3988846   -2.1658061    2.7094058   0.54359971 
   10000    1.7865253   0.80921666    3317.8917   0.40115836    -2.166304    2.6777746   0.51147064 
   11000    1.7826603   0.63734315    3323.5135   0.40047979   -2.1661139    2.6719815   0.50586757 
   12000    1.7709571   0.79362146     3296.767   0.40372887   -2.1220803    2.6544398   0.53235944 
   13000    1.7926864   0.66470361     3349.185   0.39741012   -2.1778832    2.6870094   0.50912617 
   14000    1.8495303   0.59466029    3378.4675    0.3939656   -2.1204611    2.7722111   0.65174994 
   15000    1.7913523   0.63961902    3514.9651   0.37866663    -2.033522    2.6850096    0.6514876 
   16000    1.8617764   0.72506602    3533.5016   0.37668018   -2.0392433    2.7905664   0.75132312 
   17000    1.8672914   0.77242525    3302.2187   0.40306234   -2.1822662    2.7988327   0.61656646 
   18000    1.7297528   0.70201976    3325.2378   0.40027213   -2.1438403    2.5926799   0.44883958 
   19000    1.8258801   0.76900493    3319.8517   0.40092153   -2.1439396    2.7367625   0.59282287 
   20000     1.808306    0.7326563    3386.7785   0.39299884   -2.1211309    2.7104211   0.58929018 
   21000    1.7785303   0.62224174     3423.657   0.38876558   -2.1258362     2.665791   0.53995481 
   22000    1.8771435   0.76458102    3311.6706   0.40191195   -2.1711199    2.8135997   0.64247979 
   23000    1.7251909   0.65910648    3335.1926    0.3990774   -2.1416906     2.585842   0.44415145 
   24000     1.767919   0.65712508    3305.4271   0.40267111   -2.1795282    2.6498862   0.47035793 
   25000    1.8873324   0.70237999    3308.8623   0.40225306    -2.186119    2.8288716   0.64275259 
   26000    1.7369224    0.5894267     3426.793    0.3884098   -2.0954889    2.6034261   0.50793729 
   27000    1.8452729   0.70882863    3391.4475   0.39245779   -2.1145093    2.7658298   0.65132057 
   28000    1.7723146   0.71345234    3347.0752   0.39766062   -2.1501907    2.6564745   0.50628387 
   29000    1.7711983   0.67959623    3331.6765   0.39949857   -2.1458323    2.6548013   0.50896903 
   30000    1.8135318   0.83127249    3300.3834   0.40328648   -2.1524033    2.7182539   0.56585066 
   31000    1.8028655   0.56914823    3429.7508   0.38807484   -2.1350056    2.7022665    0.5672609 
   32000    1.8628287   0.65076236    3461.1823   0.38455068   -2.0926171    2.7921437   0.69952664 
   33000    1.8115009   0.67984955    3339.8414   0.39852192   -2.1675595    2.7152098   0.54765029 
   34000    1.7672979   0.69016294    3292.6473     0.404234   -2.1983725    2.6489552   0.45058271 
   35000    1.8603753   0.77774445    3272.2018   0.40675975   -2.1671168    2.7884664   0.62134955 
   36000    1.7751319   0.61596888    3467.9804   0.38379686   -2.1239226    2.6606974   0.53677475 
   37000    1.8353265   0.67708843    3394.1935   0.39214029   -2.0737445    2.7509213   0.67717685 
   38000    1.7951028   0.73734681    3368.8806   0.39508673   -2.1110142    2.6906312   0.57961696 
   39000    1.7812927    0.7622569    3318.5365   0.40108041   -2.1499426    2.6699316   0.51998902 
   40000    1.7208037    0.7020372    3265.1442   0.40763897   -2.2477742    2.5792662   0.33149197 
   41000    1.8386694   0.80757436    3145.8156   0.42310173   -2.2744104     2.755932   0.48152161 
   42000    1.7888542    0.6138449    3346.3186   0.39775053   -2.1951367    2.6812654    0.4861287 
   43000    1.8328083   0.70880165     3384.793   0.39322936   -2.1785784    2.7471469   0.56856848 
   44000    1.8411197   0.76372997     3350.113   0.39730003   -2.1148649    2.7596046   0.64473978 
   45000    1.7916353    0.5271181    3373.8545   0.39450427   -2.1915462    2.6854339   0.49388765 
   46000     1.819805   0.72921108    3333.8793    0.3992346   -2.1428893    2.7276566   0.58476725 
   47000    1.7914577   0.70971827    3380.9265   0.39367907   -2.1405703    2.6851677    0.5445974 
   48000    1.8365824   0.66043849     3330.893   0.39959254   -2.1649151    2.7528039   0.58788878 
   49000    1.7602309     0.638944    3300.8865   0.40322501   -2.2063992    2.6383626   0.43196344 
   50000    1.8597986   0.69778825    3249.0994   0.40965198   -2.2338632    2.7876019   0.55373871 
Loop time of 26.3147 on 1 procs for 50000 steps with 1331 atoms

Performance: 656667.473 tau/day, 1900.079 timesteps/s
99.9% CPU use with 1 MPI tasks x no OpenMP threads

MPI task timing breakdown:
Section |  min time  |  avg time  |  max time  |%varavg| %total
---------------------------------------------------------------
Pair    | 19.028     | 19.028     | 19.028     |   0.0 | 72.31
Neigh   | 3.9361     | 3.9361     | 3.9361     |   0.0 | 14.96
Comm    | 0.70683    | 0.70683    | 0.70683    |   0.0 |  2.69
Output  | 0.02717    | 0.02717    | 0.02717    |   0.0 |  0.10
Modify  | 2.4656     | 2.4656     | 2.4656     |   0.0 |  9.37
Other   |            | 0.151      |            |       |  0.57

Nlocal:    1331 ave 1331 max 1331 min
Histogram: 1 0 0 0 0 0 0 0 0 0
Nghost:    2184 ave 2184 max 2184 min
Histogram: 1 0 0 0 0 0 0 0 0 0
Neighs:    24900 ave 24900 max 24900 min
Histogram: 1 0 0 0 0 0 0 0 0 0

Total # of neighbors = 24900
Ave neighs/atom = 18.7077
Neighbor list builds = 2500
Dangerous builds not checked

write_restart lattice_11_11_11__2_2_2/sim1/T_1.80__P_0.70/end1.restart
Total wall time: 0:00:26
