run 50000
Neighbor list info ...
  update every 20 steps, delay 0 steps, check no
  max neighbors/atom: 2000, page size: 100000
  master list distance cutoff = 2.8
  ghost atom cutoff = 2.8
  binsize = 1.4, bins = 18 18 18
  1 neighbor lists, perpetual/occasional/extra = 1 0 0
  (1) pair lj/cut, perpetual
      attributes: half, newton on
      pair build: half/bin/atomonly/newton
      stencil: half/bin/3d/newton
      bin: standard
Per MPI rank memory allocation (min/avg/max) = 2.711 | 2.711 | 2.711 Mbytes
Step Temp Press TotEng 
       0          1.9   0.16141717    2.7846618 
    1000    1.9037281   0.19002305    2.3814934 
    2000    1.8672054    0.1623738    2.2556325 
    3000    1.9342502   0.16710092    2.3678419 
    4000    1.8422562   0.15803566    2.2198465 
    5000    1.9744206   0.17564276    2.4284614 
    6000    1.9004709    0.1648858    2.2940335 
    7000     1.907067   0.16977654    2.3022116 
    8000    1.9084054   0.16745232    2.3052914 
    9000    1.8588309   0.17656884      2.25133 
   10000    1.9293284    0.1777008    2.3480335 
   11000    1.9008202   0.17110917    2.3012793 
   12000    1.9082431   0.16633322    2.3061484 
   13000    1.9577977   0.17191919    2.3918852 
   14000    1.8677548   0.16934192    2.2408626 
   15000    1.9637623   0.19007692    2.3958903 
   16000     1.876658   0.18158551    2.2515885 
   17000    1.9204034   0.16850459    2.3241831 
   18000     1.867715   0.17219435    2.2585516 
   19000     1.927856   0.16118089    2.3396795 
   20000    1.8883546   0.17288925    2.2753343 
   21000     1.896039   0.15715413    2.2854123 
   22000    1.9136581   0.16218701    2.3162051 
   23000    1.8006156   0.15663525    2.1753487 
   24000     1.909073   0.17170699    2.3452337 
   25000    1.8659231   0.15900747    2.2418756 
   26000    1.9359839   0.16530445    2.3387456 
   27000    1.9033975   0.16760121    2.3098185 
   28000    1.8923691   0.16537501      2.27444 
   29000    1.9130681   0.17701694    2.3059921 
   30000    1.8765125   0.16149831     2.260117 
   31000    1.9446813   0.16606591    2.3623566 
   32000    1.8614679   0.15683632    2.2447044 
   33000    1.8733025   0.17228871    2.2902589 
   34000    1.8980842   0.16550205     2.287048 
   35000    1.8647604    0.1677034    2.2391189 
   36000     1.938886   0.18079516    2.3943422 
   37000     1.839883    0.1516815    2.2267101 
   38000     1.915648    0.1700442    2.3230272 
   39000    1.8947077   0.16832862     2.310668 
   40000     1.877425   0.16962244    2.2792909 
   41000    1.8976335   0.16173483     2.294894 
   42000    1.9145206   0.16932751    2.3347584 
   43000    1.8454068   0.17125733    2.2306543 
   44000    1.9163214   0.17721847    2.3222303 
   45000    1.8267717   0.15488861    2.1634227 
   46000    1.9353798   0.17392669    2.3618515 
   47000    1.8655032   0.16244154    2.2600059 
   48000    1.9750291   0.18743122    2.4489365 
   49000     1.883544   0.17370339    2.2992945 
   50000     1.893596    0.1684657     2.303835 
Loop time of 7.094 on 1 procs for 50000 steps with 1331 atoms

Performance: 2435862.928 tau/day, 7048.214 timesteps/s
99.8% CPU use with 1 MPI tasks x no OpenMP threads

MPI task timing breakdown:
Section |  min time  |  avg time  |  max time  |%varavg| %total
---------------------------------------------------------------
Pair    | 4.2129     | 4.2129     | 4.2129     |   0.0 | 59.39
Neigh   | 1.5908     | 1.5908     | 1.5908     |   0.0 | 22.42
Comm    | 0.32888    | 0.32888    | 0.32888    |   0.0 |  4.64
Output  | 0.022648   | 0.022648   | 0.022648   |   0.0 |  0.32
Modify  | 0.85151    | 0.85151    | 0.85151    |   0.0 | 12.00
Other   |            | 0.08728    |            |       |  1.23

Nlocal:    1331 ave 1331 max 1331 min
Histogram: 1 0 0 0 0 0 0 0 0 0
Nghost:    1214 ave 1214 max 1214 min
Histogram: 1 0 0 0 0 0 0 0 0 0
Neighs:    6022 ave 6022 max 6022 min
Histogram: 1 0 0 0 0 0 0 0 0 0

Total # of neighbors = 6022
Ave neighs/atom = 4.52442
Neighbor list builds = 2500
Dangerous builds not checked

write_restart NVT/sim1/T_1.90__v_10.65/end1.restart
Total wall time: 0:00:07
